epoch,global step,mode,loss,accuracy,mean_length
0,0,train,2.7459,12.5,52.5
0,0,validation,3.3243,12.34,63.292
0,10,train,2.6264,12.5,60.5
0,10,train,2.2603,37.5,64
0,20,train,2.5559,15.1316,63.7632
0,20,train,1.9712,0.0,64
0,30,train,2.1227,11.1842,64
0,30,train,2.0942,12.5,64
0,40,train,2.1097,13.1579,64
0,40,train,2.073,12.5,64
0,50,train,2.116,8.5526,64
0,50,train,2.0878,12.5,64
0,60,train,2.0868,16.4474,64
0,60,train,2.1355,0.0,64
0,70,train,2.0765,13.1579,64
0,70,train,2.1343,12.5,64
0,80,train,2.0789,15.7895,64
0,80,train,1.9915,12.5,64
0,90,train,2.0968,6.5789,64
0,90,train,2.0305,25.0,64
0,100,train,2.0515,15.1316,64
0,100,train,2.1282,0.0,64
0,110,train,2.0496,13.8158,64
0,110,train,1.8853,25.0,64
0,120,train,2.0528,10.5263,64
0,120,train,1.9027,25.0,64
0,130,train,2.0213,15.1316,64
0,130,train,2.1168,0.0,64
0,140,train,2.0712,13.8158,64
0,140,train,2.035,25.0,64
0,150,train,2.0207,12.5,64
0,150,train,2.0,12.5,64
0,160,train,1.9901,17.1053,64
0,160,train,2.0382,25.0,64
0,170,train,2.031,10.5263,64
0,170,train,1.8305,37.5,64
0,180,train,2.0035,11.8421,64
0,180,train,1.9174,25.0,64
0,190,train,2.0203,9.8684,64
0,190,train,2.0288,0.0,64
0,200,train,1.9894,12.5,64
0,200,train,2.1214,0.0,64
0,210,train,1.9978,12.5,64
0,210,train,2.0792,0.0,64
0,220,train,1.9651,15.1316,64
0,220,train,2.0354,12.5,64
0,230,train,2.0223,17.1053,64
0,230,train,2.0693,12.5,64
0,240,train,2.0876,11.8421,64
0,240,train,2.1046,12.5,64
0,250,train,2.0715,15.1316,64
0,250,train,2.0293,12.5,64
0,260,train,2.0669,15.7895,64
0,260,train,2.0645,12.5,64
0,270,train,2.0191,11.8421,64
0,270,train,2.125,0.0,64
0,280,train,2.0057,10.5263,64
0,280,train,1.9356,12.5,64
0,290,train,2.0241,12.5,64
0,290,train,1.9987,25.0,64
0,300,train,2.0112,14.4737,64
0,300,train,1.9388,12.5,64
0,310,train,1.9361,17.1053,64
0,310,train,2.5411,0.0,64
0,320,train,2.0298,17.1053,64
0,320,train,2.0194,50.0,64
0,330,train,2.0552,13.8158,64
0,330,train,2.0801,12.5,64
0,340,train,2.0111,19.0789,64
0,340,train,2.001,12.5,64
0,350,train,1.9763,15.7895,64
0,350,train,2.0364,0.0,64
0,360,train,1.9276,20.3947,64
0,360,train,2.0394,12.5,64
0,370,train,2.0495,10.5263,64
0,370,train,2.0103,25.0,64
0,380,train,1.9766,13.8158,64
0,380,train,1.9469,25.0,64
0,390,train,1.9356,16.4474,64
0,390,train,1.5734,37.5,64
0,400,train,1.9047,17.7632,64
0,400,train,1.6791,25.0,64
0,410,train,1.9037,21.7105,64
0,410,train,1.999,0.0,64
0,420,train,1.9314,20.3947,64
0,420,train,1.9258,25.0,64
0,430,train,1.9189,20.3947,64
0,430,train,2.58,12.5,64
0,440,train,2.0608,17.7632,64
0,440,train,1.7848,37.5,64
0,450,train,1.9925,20.3947,64
0,450,train,2.1583,12.5,64
0,460,train,1.9929,15.1316,64
0,460,train,2.1688,25.0,64
0,470,train,2.1546,15.7895,64
0,470,train,2.0512,37.5,64
0,480,train,2.0513,13.1579,64
0,480,train,2.1156,0.0,64
0,490,train,2.0055,15.1316,64
0,490,train,1.806,37.5,64
0,500,train,1.9984,15.1316,64
0,500,train,2.0087,25.0,64
0,510,train,2.228,17.1053,64
0,510,train,1.9348,12.5,64
0,512,validation,2.0726,13.22,64
0,512,validation,2.0719,13.14,64
0,520,train,2.0824,11.8421,64
0,520,train,2.0357,37.5,64
0,530,train,2.0844,14.4737,64
0,530,train,2.0851,12.5,64
0,540,train,2.0816,9.2105,64
0,540,train,2.0924,12.5,64
0,550,train,2.0799,13.1579,64
0,550,train,2.0965,12.5,64
0,560,train,2.0785,12.5,64
0,560,train,2.1015,25.0,64
0,570,train,2.0793,13.1579,64
0,570,train,2.0754,0.0,64
0,580,train,2.0807,11.8421,64
0,580,train,2.0993,0.0,64
0,590,train,2.081,13.8158,64
0,590,train,2.092,12.5,64
0,600,train,2.0776,14.4737,64
0,600,train,2.1371,0.0,64
0,610,train,2.082,11.1842,64
0,610,train,2.1121,0.0,64
0,620,train,2.082,11.1842,64
0,620,train,2.1099,12.5,64
0,630,train,2.0768,15.1316,64
0,630,train,2.0577,25.0,64
0,640,train,2.0858,11.1842,64
0,640,train,2.0915,12.5,64
0,650,train,2.0802,15.1316,64
0,650,train,2.0787,12.5,64
0,660,train,2.0849,11.1842,64
0,660,train,2.0618,12.5,64
0,670,train,2.0804,12.5,64
0,670,train,2.0939,12.5,64
0,680,train,2.0746,17.7632,64
0,680,train,2.0773,25.0,64
0,690,train,2.0843,10.5263,64
0,690,train,2.0756,12.5,64
0,700,train,2.083,15.7895,64
0,700,train,2.11,12.5,64
0,710,train,2.0905,6.5789,64
0,710,train,2.0642,12.5,64
0,720,train,2.0781,14.4737,64
0,720,train,2.0634,12.5,64
0,730,train,2.0776,17.1053,64
0,730,train,2.0794,25.0,64
0,740,train,2.0934,7.2368,64
0,740,train,2.1156,0.0,64
0,750,train,2.0799,11.1842,64
0,750,train,2.0929,12.5,64
0,760,train,2.0812,15.1316,64
0,760,train,2.0877,12.5,64
0,770,train,2.0803,12.5,64
0,770,train,2.0779,0.0,64
0,780,train,2.0854,8.5526,64
0,780,train,2.09,12.5,64
0,790,train,2.0854,8.5526,64
0,790,train,2.0964,0.0,64
0,800,train,2.0803,14.4737,64
0,800,train,2.065,25.0,64
0,810,train,2.0744,8.5526,64
0,810,train,2.1139,12.5,64
0,820,train,2.0768,14.4737,64
0,820,train,2.049,37.5,64
0,830,train,2.0787,9.2105,64
0,830,train,2.1077,0.0,64
0,840,train,2.0783,13.8158,64
0,840,train,2.1011,0.0,64
0,850,train,2.0796,15.1316,64
0,850,train,2.0861,12.5,64
0,860,train,2.0814,9.8684,64
0,860,train,2.0815,12.5,64
0,870,train,2.0732,13.1579,64
0,870,train,2.0776,12.5,64
0,880,train,2.0725,13.8158,64
0,880,train,2.0887,12.5,64
0,890,train,2.0059,20.3947,64
0,890,train,2.0875,0.0,64
0,900,train,1.9985,17.7632,64
0,900,train,2.0495,37.5,64
0,910,train,1.9036,11.8421,64
0,910,train,2.1912,12.5,64
0,920,train,2.0097,17.7632,64
0,920,train,2.0372,0.0,64
0,930,train,1.9788,21.0526,64
0,930,train,2.0271,25.0,64
0,940,train,2.1068,19.0789,64
0,940,train,2.2516,12.5,64
0,950,train,1.9668,21.7105,64
0,950,train,2.0207,12.5,64
0,960,train,1.9121,27.6316,64
0,960,train,1.8768,12.5,64
0,970,train,1.8754,21.7105,64
0,970,train,2.3175,0.0,64
0,980,train,1.9494,19.7368,64
0,980,train,2.0729,12.5,64
0,990,train,2.006,11.8421,64
0,990,train,2.0299,12.5,64
0,1000,train,2.0516,11.8421,64
0,1000,train,2.0594,37.5,64
0,1010,train,1.9992,17.1053,64
0,1010,train,2.0964,0.0,64
0,1020,train,1.9544,24.3421,64
0,1020,train,1.6522,25.0,64
0,1024,validation,1.938,21.74,64
0,1024,validation,1.9365,21.7,64
0,1030,train,1.9464,21.7105,64
0,1030,train,1.8987,50.0,64
0,1040,train,1.9401,17.1053,64
0,1040,train,1.9084,50.0,64
0,1050,train,1.9025,26.9737,64
0,1050,train,1.8211,12.5,64
0,1060,train,1.9236,22.3684,64
0,1060,train,1.6149,37.5,64
0,1070,train,1.9243,21.7105,64
0,1070,train,1.7604,25.0,64
0,1080,train,1.8749,25.6579,64
0,1080,train,1.782,25.0,64
0,1090,train,1.8739,23.6842,64
0,1090,train,1.6188,50.0,64
0,1100,train,1.8121,22.3684,64
0,1100,train,1.8942,25.0,64
0,1110,train,1.7619,29.6053,64
0,1110,train,1.2747,50.0,64
0,1120,train,1.8963,22.3684,64
0,1120,train,1.9621,25.0,64
0,1130,train,1.961,18.4211,64
0,1130,train,1.6476,37.5,64
0,1140,train,1.9079,19.0789,64
0,1140,train,1.9724,25.0,64
0,1150,train,1.8783,26.3158,64
0,1150,train,1.7346,25.0,64
0,1160,train,1.895,18.4211,64
0,1160,train,1.631,37.5,64
0,1170,train,1.8623,21.7105,64
0,1170,train,1.7157,37.5,64
0,1180,train,1.8,20.3947,64
0,1180,train,1.9668,0.0,64
0,1190,train,1.8204,26.3158,64
0,1190,train,1.7323,0.0,64
0,1200,train,1.7739,31.5789,64
0,1200,train,1.6578,25.0,64
0,1210,train,1.746,25.6579,64
0,1210,train,1.8351,25.0,64
0,1220,train,1.6637,32.8947,64
0,1220,train,1.5202,50.0,64
0,1230,train,1.7699,25.0,64
0,1230,train,1.46,37.5,64
0,1240,train,1.7231,23.6842,64
0,1240,train,1.8021,25.0,64
0,1250,train,1.785,25.0,64
0,1250,train,1.4215,50.0,64
0,1260,train,1.765,29.6053,64
0,1260,train,1.7557,25.0,64
0,1270,train,1.7818,25.6579,64
0,1270,train,2.1598,0.0,64
0,1280,train,1.7139,30.9211,64
0,1280,train,1.7954,37.5,64
0,1290,train,1.7297,30.2632,64
0,1290,train,1.4953,12.5,64
0,1300,train,1.6965,29.6053,64
0,1300,train,1.5543,50.0,64
0,1310,train,1.8053,22.3684,64
0,1310,train,1.6449,50.0,64
0,1320,train,1.6144,33.5526,64
0,1320,train,1.7305,25.0,64
0,1330,train,1.6813,28.9474,64
0,1330,train,1.3686,75.0,64
0,1340,train,1.5601,37.5,64
0,1340,train,1.5018,37.5,64
0,1350,train,1.5464,35.5263,64
0,1350,train,1.7197,12.5,64
0,1360,train,1.7543,28.2895,64
0,1360,train,1.9442,0.0,64
0,1370,train,1.6045,32.2368,64
0,1370,train,1.6227,25.0,64
0,1380,train,1.6829,30.2632,64
0,1380,train,1.8372,12.5,64
0,1390,train,1.7347,25.6579,64
0,1390,train,1.8368,25.0,64
0,1400,train,1.7772,26.9737,64
0,1400,train,1.6568,25.0,64
0,1410,train,1.6574,32.8947,64
0,1410,train,1.8709,25.0,64
0,1420,train,1.6154,32.2368,64
0,1420,train,1.5828,62.5,64
0,1430,train,1.5993,35.5263,64
0,1430,train,1.863,37.5,64
0,1440,train,1.6531,34.2105,64
0,1440,train,1.2155,62.5,64
0,1450,train,1.5961,37.5,64
0,1450,train,1.7214,25.0,64
0,1460,train,1.76,30.9211,64
0,1460,train,1.879,12.5,64
0,1470,train,1.6257,28.9474,64
0,1470,train,1.7828,25.0,64
0,1480,train,1.6683,30.9211,64
0,1480,train,1.5382,37.5,64
0,1490,train,1.6701,28.9474,64
0,1490,train,1.8843,12.5,64
0,1500,train,1.5867,36.8421,64
0,1500,train,1.2736,62.5,64
0,1510,train,1.6806,26.3158,64
0,1510,train,1.7286,37.5,64
0,1520,train,1.5669,37.5,64
0,1520,train,1.8181,12.5,64
0,1530,train,1.5879,33.5526,64
0,1530,train,1.3744,50.0,64
0,1536,validation,1.6003,35.64,64
0,1536,validation,1.5979,35.42,64
0,1540,train,1.4994,37.5,64
0,1540,train,1.4925,25.0,64
0,1550,train,1.617,33.5526,64
0,1550,train,1.9073,25.0,64
0,1560,train,1.5122,42.7632,64
0,1560,train,1.6153,50.0,64
0,1570,train,1.4832,40.7895,64
0,1570,train,1.3012,37.5,64
0,1580,train,1.5611,38.1579,64
0,1580,train,1.1961,37.5,64
0,1590,train,1.4584,49.3421,64
0,1590,train,1.1415,50.0,64
0,1600,train,1.5703,40.1316,64
0,1600,train,1.491,50.0,64
0,1610,train,1.5189,39.4737,64
0,1610,train,1.811,25.0,64
0,1620,train,1.5133,39.4737,64
0,1620,train,1.7559,37.5,64
0,1630,train,1.784,26.3158,64
0,1630,train,1.4055,50.0,64
0,1640,train,1.5936,30.9211,64
0,1640,train,1.5487,37.5,64
0,1650,train,1.5573,38.8158,64
0,1650,train,1.5098,50.0,64
0,1660,train,1.552,35.5263,64
0,1660,train,1.6965,25.0,64
0,1670,train,1.5877,32.8947,64
0,1670,train,1.4672,50.0,64
0,1680,train,1.4745,42.7632,64
0,1680,train,1.4985,37.5,64
0,1690,train,1.5598,34.8684,64
0,1690,train,1.8859,0.0,64
0,1700,train,1.5326,36.1842,64
0,1700,train,1.7132,25.0,64
0,1710,train,1.5556,36.1842,64
0,1710,train,1.2551,62.5,64
0,1720,train,1.6037,34.2105,64
0,1720,train,1.9986,25.0,64
0,1730,train,1.685,29.6053,64
0,1730,train,1.9772,12.5,64
0,1740,train,1.6054,30.9211,64
0,1740,train,1.6288,25.0,64
0,1750,train,1.6785,30.2632,64
0,1750,train,1.47,37.5,64
0,1760,train,1.4535,39.4737,64
0,1760,train,1.7235,25.0,64
0,1770,train,1.4546,40.7895,64
0,1770,train,1.5148,37.5,64
0,1780,train,1.4736,38.1579,64
0,1780,train,1.7691,25.0,64
0,1790,train,1.4883,38.8158,64
0,1790,train,1.5831,50.0,64
0,1800,train,1.4759,42.7632,64
0,1800,train,1.6078,37.5,64
0,1810,train,1.5494,39.4737,64
0,1810,train,2.176,25.0,64
0,1820,train,1.5839,39.4737,64
0,1820,train,1.1821,75.0,64
0,1830,train,1.4472,42.7632,64
0,1830,train,1.4636,37.5,64
0,1840,train,1.5183,44.0789,64
0,1840,train,1.1965,87.5,64
0,1850,train,1.4435,46.0526,64
0,1850,train,0.9688,100.0,64
0,1860,train,1.411,41.4474,64
0,1860,train,2.1306,12.5,64
0,1870,train,1.3489,45.3947,64
0,1870,train,1.3199,37.5,64
0,1880,train,1.3765,42.7632,64
0,1880,train,1.2722,50.0,64
0,1890,train,1.4176,42.1053,64
0,1890,train,0.9437,87.5,64
0,1900,train,1.4194,42.7632,64
0,1900,train,1.0975,50.0,64
0,1910,train,1.3947,46.7105,64
0,1910,train,0.9554,62.5,64
0,1920,train,1.3276,48.6842,64
0,1920,train,1.1899,50.0,64
0,1930,train,1.1286,55.9211,64
0,1930,train,1.4631,25.0,64
0,1940,train,1.3531,46.7105,64
0,1940,train,1.1729,62.5,64
0,1950,train,1.3351,48.6842,64
0,1950,train,1.3278,37.5,64
0,1960,train,1.3701,44.7368,64
0,1960,train,0.8314,87.5,64
0,1970,train,1.2601,53.2895,64
0,1970,train,1.7878,25.0,64
0,1980,train,1.4518,42.7632,64
0,1980,train,1.3296,62.5,64
0,1990,train,1.4687,42.7632,64
0,1990,train,1.2462,75.0,64
0,2000,train,1.2768,49.3421,64
0,2000,train,0.9191,75.0,64
0,2010,train,1.282,49.3421,64
0,2010,train,1.2372,50.0,64
0,2020,train,1.2436,49.3421,64
0,2020,train,1.4113,37.5,64
0,2030,train,1.2584,50.0,64
0,2030,train,1.3326,50.0,64
0,2040,train,1.2918,50.6579,64
0,2040,train,1.4918,25.0,64
0,2048,validation,1.4802,39.12,64
0,2048,validation,1.4927,37.02,64
0,2050,train,1.3979,41.4474,64
0,2050,train,1.2179,62.5,64
0,2060,train,1.2992,49.3421,64
0,2060,train,1.4213,37.5,64
0,2070,train,1.1631,59.8684,64
0,2070,train,1.2329,37.5,64
0,2080,train,1.1831,54.6053,64
0,2080,train,1.4939,37.5,64
0,2090,train,1.2458,47.3684,64
0,2090,train,1.6355,50.0,64
0,2100,train,1.1592,54.6053,64
0,2100,train,0.8022,37.5,64
0,2110,train,1.2567,49.3421,64
0,2110,train,1.1893,62.5,64
0,2120,train,1.1822,56.5789,64
0,2120,train,1.106,62.5,64
0,2130,train,1.3086,50.0,64
0,2130,train,1.1661,62.5,64
0,2140,train,1.139,56.5789,64
0,2140,train,1.3005,50.0,64
0,2150,train,1.2607,50.6579,64
0,2150,train,1.5125,50.0,64
0,2160,train,1.2195,51.3158,64
0,2160,train,0.9318,62.5,64
0,2170,train,1.0074,66.4474,64
0,2170,train,1.2228,50.0,64
0,2180,train,1.1568,50.6579,64
0,2180,train,1.2975,50.0,64
0,2190,train,1.0441,61.1842,64
0,2190,train,0.6473,87.5,64
0,2200,train,1.2023,57.8947,64
0,2200,train,0.6754,87.5,64
0,2210,train,1.1291,59.2105,64
0,2210,train,1.4368,50.0,64
0,2220,train,1.1329,54.6053,64
0,2220,train,2.0484,25.0,64
0,2230,train,1.1813,53.9474,64
0,2230,train,0.8863,75.0,64
0,2240,train,1.1137,57.8947,64
0,2240,train,1.2697,37.5,64
0,2250,train,1.2293,51.3158,64
0,2250,train,1.0962,37.5,64
0,2260,train,1.09,60.5263,64
0,2260,train,1.111,50.0,64
0,2270,train,0.8159,73.6842,64
0,2270,train,0.9435,62.5,64
0,2280,train,1.0329,57.2368,64
0,2280,train,1.1001,62.5,64
0,2290,train,1.0029,62.5,64
0,2290,train,0.9059,62.5,64
0,2300,train,1.0619,59.2105,64
0,2300,train,0.9108,62.5,64
0,2310,train,0.9881,64.4737,64
0,2310,train,1.2792,25.0,64
0,2320,train,0.9952,61.8421,64
0,2320,train,0.9137,50.0,64
0,2330,train,1.1259,57.8947,64
0,2330,train,1.37,50.0,64
0,2340,train,1.0632,55.9211,64
0,2340,train,1.2316,50.0,64
0,2350,train,1.0498,63.8158,64
0,2350,train,0.7636,87.5,64
0,2360,train,0.9562,64.4737,64
0,2360,train,0.5786,75.0,64
0,2370,train,0.9925,66.4474,64
0,2370,train,0.9333,62.5,64
0,2380,train,1.0915,61.8421,64
0,2380,train,0.9023,75.0,64
0,2390,train,0.8876,65.1316,64
0,2390,train,1.1283,37.5,64
0,2400,train,0.9371,63.1579,64
0,2400,train,1.0108,62.5,64
0,2410,train,1.0294,65.7895,64
0,2410,train,1.0509,50.0,64
0,2420,train,0.9348,65.7895,64
0,2420,train,1.0408,75.0,64
0,2430,train,0.9559,68.4211,64
0,2430,train,1.073,50.0,64
0,2440,train,0.8556,69.0789,64
0,2440,train,1.4274,37.5,64
0,2450,train,0.7065,76.9737,64
0,2450,train,0.766,87.5,64
0,2460,train,0.8531,68.4211,64
0,2460,train,1.4337,50.0,64
0,2470,train,0.9516,59.2105,64
0,2470,train,1.2717,50.0,64
0,2480,train,0.9587,62.5,64
0,2480,train,1.1986,75.0,64
0,2490,train,0.928,58.5526,64
0,2490,train,1.4011,37.5,64
0,2500,train,0.8252,68.4211,64
0,2500,train,0.5139,75.0,64
0,2510,train,0.9145,69.7368,64
0,2510,train,0.8608,62.5,64
0,2520,train,0.8635,69.0789,64
0,2520,train,1.4323,50.0,64
0,2530,train,0.8885,67.1053,64
0,2530,train,0.8618,75.0,64
0,2540,train,0.751,73.6842,64
0,2540,train,0.6816,50.0,64
0,2550,train,0.7173,73.6842,64
0,2550,train,0.9633,75.0,64
0,2560,train,0.904,67.7632,64
0,2560,validation,0.8227,68.64,64
0,2560,train,0.338,100.0,64
0,2560,validation,0.8159,68.74,64
0,2570,train,0.7894,73.6842,64
0,2570,train,0.6453,75.0,64
0,2580,train,0.7996,71.0526,64
0,2580,train,0.6526,62.5,64
0,2590,train,0.7973,71.0526,64
0,2590,train,0.5659,100.0,64
0,2600,train,0.8369,63.1579,64
0,2600,train,0.7398,75.0,64
0,2610,train,0.7262,75.6579,64
0,2610,train,1.3251,37.5,64
0,2620,train,0.8254,69.7368,64
0,2620,train,0.4899,75.0,64
0,2630,train,0.9467,63.8158,64
0,2630,train,1.214,50.0,64
0,2640,train,0.8222,69.0789,64
0,2640,train,0.4941,87.5,64
0,2650,train,0.7968,69.7368,64
0,2650,train,0.5096,87.5,64
0,2660,train,0.8025,69.0789,64
0,2660,train,0.5219,62.5,64
0,2670,train,0.8709,65.7895,64
0,2670,train,1.3524,50.0,64
0,2680,train,0.8377,64.4737,64
0,2680,train,0.892,62.5,64
0,2690,train,0.9413,65.1316,64
0,2690,train,1.249,50.0,64
0,2700,train,0.8418,66.4474,64
0,2700,train,0.944,62.5,64
0,2710,train,0.849,65.1316,64
0,2710,train,0.577,75.0,64
0,2720,train,0.8924,65.1316,64
0,2720,train,0.8274,62.5,64
0,2730,train,0.9288,65.1316,64
0,2730,train,1.6621,37.5,64
0,2740,train,0.8035,72.3684,64
0,2740,train,0.7516,62.5,64
0,2750,train,0.7765,65.7895,64
0,2750,train,0.9566,50.0,64
0,2760,train,0.6656,76.9737,64
0,2760,train,0.5717,87.5,64
0,2770,train,0.7403,72.3684,64
0,2770,train,0.9043,62.5,64
0,2780,train,0.8297,69.0789,64
0,2780,train,0.9058,75.0,64
0,2790,train,0.7554,75.6579,64
0,2790,train,0.7224,75.0,64
0,2800,train,0.8238,67.1053,64
0,2800,train,1.1901,37.5,64
0,2810,train,0.6665,76.3158,64
0,2810,train,0.8122,62.5,64
0,2820,train,0.7401,71.7105,64
0,2820,train,1.4054,50.0,64
0,2830,train,0.8301,68.4211,64
0,2830,train,0.8785,62.5,64
0,2840,train,0.7858,72.3684,64
0,2840,train,0.824,62.5,64
0,2850,train,0.6896,75.0,64
0,2850,train,0.3282,100.0,64
0,2860,train,0.6381,78.2895,64
0,2860,train,0.6182,75.0,64
0,2870,train,0.7696,73.6842,64
0,2870,train,0.4177,100.0,64
0,2880,train,0.6509,79.6053,64
0,2880,train,0.6443,87.5,64
0,2890,train,0.7161,69.0789,64
0,2890,train,0.3996,75.0,64
0,2900,train,0.786,63.8158,64
0,2900,train,0.6998,50.0,64
0,2910,train,0.844,70.3947,64
0,2910,train,1.336,62.5,64
0,2920,train,0.8531,67.7632,64
0,2920,train,0.7057,75.0,64
0,2930,train,0.8627,65.7895,64
0,2930,train,0.984,62.5,64
0,2940,train,0.7976,68.4211,64
0,2940,train,0.6349,75.0,64
0,2950,train,0.9713,61.8421,64
0,2950,train,0.6257,75.0,64
0,2960,train,0.8833,61.8421,64
0,2960,train,1.4988,37.5,64
0,2970,train,0.7233,68.4211,64
0,2970,train,0.7523,62.5,64
0,2980,train,0.9086,64.4737,64
0,2980,train,0.921,62.5,64
0,2990,train,0.8701,62.5,64
0,2990,train,0.5229,87.5,64
0,3000,train,0.8026,70.3947,64
0,3000,train,0.7718,75.0,64
0,3010,train,0.7008,69.7368,64
0,3010,train,0.565,75.0,64
0,3020,train,0.6591,78.2895,64
0,3020,train,0.355,87.5,64
0,3030,train,0.6863,76.3158,64
0,3030,train,0.4482,87.5,64
0,3040,train,0.6573,75.0,64
0,3040,train,1.1892,62.5,64
0,3050,train,0.6614,76.3158,64
0,3050,train,0.7437,62.5,64
0,3060,train,0.6425,79.6053,64
0,3060,train,0.5407,87.5,64
0,3070,train,0.639,78.2895,64
0,3070,train,0.7822,62.5,64
0,3072,validation,0.5958,77.48,64
0,3072,validation,0.6022,76.88,64
0,3080,train,0.6183,75.6579,64
0,3080,train,0.278,87.5,64
0,3090,train,0.6538,75.0,64
0,3090,train,0.4101,87.5,64
0,3100,train,0.6001,80.2632,64
0,3100,train,0.6636,75.0,64
0,3110,train,0.5864,78.9474,64
0,3110,train,0.6069,87.5,64
0,3120,train,0.6003,78.9474,64
0,3120,train,0.3698,100.0,64
0,3130,train,0.479,83.5526,64
0,3130,train,0.5512,75.0,64
0,3140,train,0.5272,80.9211,64
0,3140,train,0.5262,87.5,64
0,3150,train,0.5041,83.5526,64
0,3150,train,0.7463,62.5,64
0,3160,train,0.5467,83.5526,64
0,3160,train,0.4941,87.5,64
0,3170,train,0.6751,72.3684,64
0,3170,train,0.3598,87.5,64
0,3180,train,0.5647,79.6053,64
0,3180,train,0.7737,75.0,64
0,3190,train,0.596,82.8947,64
0,3190,train,0.4083,100.0,64
0,3200,train,0.5923,75.0,64
0,3200,train,0.6619,87.5,64
0,3210,train,0.6696,72.3684,64
0,3210,train,0.4845,87.5,64
0,3220,train,0.6495,77.6316,64
0,3220,train,0.2753,87.5,64
0,3230,train,0.5726,80.2632,64
0,3230,train,0.5818,87.5,64
0,3240,train,0.5835,78.9474,64
0,3240,train,0.2059,100.0,64
0,3250,train,0.7993,64.4737,64
0,3250,train,0.8115,50.0,64
0,3260,train,0.5932,76.9737,64
0,3260,train,1.1503,50.0,64
0,3270,train,0.4894,83.5526,64
0,3270,train,0.5669,75.0,64
0,3280,train,0.5189,82.2368,64
0,3280,train,0.3165,100.0,64
0,3290,train,0.5176,82.8947,64
0,3290,train,0.3493,87.5,64
0,3300,train,0.4738,82.2368,64
0,3300,train,0.3515,87.5,64
0,3310,train,0.6499,74.3421,64
0,3310,train,0.5277,75.0,64
0,3320,train,0.558,78.9474,64
0,3320,train,0.3394,87.5,64
0,3330,train,0.4265,84.2105,64
0,3330,train,0.2407,87.5,64
0,3340,train,0.5198,82.8947,64
0,3340,train,0.2539,100.0,64
0,3350,train,0.486,80.2632,64
0,3350,train,0.441,87.5,64
0,3360,train,0.522,80.2632,64
0,3360,train,0.5421,100.0,64
0,3370,train,0.5552,80.2632,64
0,3370,train,0.3964,75.0,64
0,3380,train,0.4714,81.5789,64
0,3380,train,0.7966,75.0,64
0,3390,train,0.4529,90.7895,64
0,3390,train,0.2367,100.0,64
0,3400,train,0.5799,80.9211,64
0,3400,train,0.0877,100.0,64
0,3410,train,0.5961,78.2895,64
0,3410,train,0.4994,87.5,64
0,3420,train,0.5585,82.2368,64
0,3420,train,0.4661,87.5,64
0,3430,train,0.5684,78.9474,64
0,3430,train,0.2812,87.5,64
0,3440,train,0.5106,82.8947,64
0,3440,train,0.5306,75.0,64
0,3450,train,0.4755,82.2368,64
0,3450,train,0.3554,87.5,64
0,3460,train,0.5134,80.2632,64
0,3460,train,0.3127,87.5,64
0,3470,train,0.5152,84.8684,64
0,3470,train,0.3693,87.5,64
0,3480,train,0.4629,83.5526,64
0,3480,train,0.4388,100.0,64
0,3490,train,0.4545,81.5789,64
0,3490,train,0.3487,100.0,64
0,3500,train,0.4682,81.5789,64
0,3500,train,0.3634,87.5,64
0,3510,train,0.4282,82.2368,64
0,3510,train,1.2209,62.5,64
0,3520,train,0.4018,88.1579,64
0,3520,train,0.4235,75.0,64
0,3530,train,0.4319,84.2105,64
0,3530,train,0.2688,87.5,64
0,3540,train,0.4951,84.2105,64
0,3540,train,0.5382,75.0,64
0,3550,train,0.4425,85.5263,64
0,3550,train,0.5312,75.0,64
0,3560,train,0.5076,84.8684,64
0,3560,train,0.2874,100.0,64
0,3570,train,0.5221,78.9474,64
0,3570,train,1.1642,37.5,64
0,3580,train,0.52,82.2368,64
0,3580,train,0.2079,100.0,64
0,3584,validation,0.4792,82.34,64
0,3584,validation,0.4818,82.74,64
0,3590,train,0.4083,86.1842,64
0,3590,train,0.3729,75.0,64
0,3600,train,0.4342,83.5526,64
0,3600,train,0.6105,75.0,64
0,3610,train,0.4674,83.5526,64
0,3610,train,0.4078,87.5,64
0,3620,train,0.3816,88.1579,64
0,3620,train,1.1127,62.5,64
0,3630,train,0.4734,78.2895,64
0,3630,train,0.7935,75.0,64
0,3640,train,0.4142,84.2105,64
0,3640,train,0.278,87.5,64
0,3650,train,0.4477,84.2105,64
0,3650,train,0.8313,75.0,64
0,3660,train,0.4283,84.2105,64
0,3660,train,0.2852,87.5,64
0,3670,train,0.4322,85.5263,64
0,3670,train,0.8004,75.0,64
0,3680,train,0.3883,84.2105,64
0,3680,train,0.4453,87.5,64
0,3690,train,0.523,80.9211,64
0,3690,train,0.2394,100.0,64
0,3700,train,0.4831,86.1842,64
0,3700,train,0.6451,87.5,64
0,3710,train,0.5598,78.9474,64
0,3710,train,0.6045,75.0,64
0,3720,train,0.4785,84.8684,64
0,3720,train,0.6205,87.5,64
0,3730,train,0.4704,80.9211,64
0,3730,train,1.0182,62.5,64
0,3740,train,0.4846,80.9211,64
0,3740,train,0.3924,87.5,64
0,3750,train,0.3703,86.1842,64
0,3750,train,0.2326,100.0,64
0,3760,train,0.5189,80.2632,64
0,3760,train,0.2885,87.5,64
0,3770,train,0.4954,82.8947,64
0,3770,train,0.1488,100.0,64
0,3780,train,0.4175,82.2368,64
0,3780,train,0.3853,87.5,64
0,3790,train,0.4184,87.5,64
0,3790,train,0.3731,87.5,64
0,3800,train,0.3833,86.8421,64
0,3800,train,0.5613,87.5,64
0,3810,train,0.4805,83.5526,64
0,3810,train,0.2565,87.5,64
0,3820,train,0.4008,86.1842,64
0,3820,train,0.2274,87.5,64
0,3830,train,0.442,83.5526,64
0,3830,train,0.7997,75.0,64
0,3840,train,0.4283,82.8947,64
0,3840,train,0.7415,87.5,64
0,3850,train,0.5344,81.5789,64
0,3850,train,1.1076,75.0,64
0,3860,train,0.4565,82.8947,64
0,3860,train,0.6221,75.0,64
0,3870,train,0.4636,83.5526,64
0,3870,train,0.6758,75.0,64
0,3880,train,0.5025,82.2368,64
0,3880,train,0.2754,100.0,64
0,3890,train,0.4117,86.1842,64
0,3890,train,0.2739,87.5,64
0,3900,train,0.5311,82.8947,64
0,3900,train,0.1623,100.0,64
0,3910,train,0.4473,85.5263,64
0,3910,train,0.4172,87.5,64
0,3920,train,0.4618,80.2632,64
0,3920,train,0.5317,75.0,64
0,3930,train,0.3993,86.1842,64
0,3930,train,0.3497,87.5,64
0,3940,train,0.5483,79.6053,64
0,3940,train,0.7634,62.5,64
0,3950,train,0.4485,84.2105,64
0,3950,train,0.1849,87.5,64
0,3960,train,0.5111,81.5789,64
0,3960,train,0.1954,100.0,64
0,3970,train,0.3787,84.8684,64
0,3970,train,0.1441,100.0,64
0,3980,train,0.2696,91.4474,64
0,3980,train,0.4803,75.0,64
0,3990,train,0.4071,82.8947,64
0,3990,train,0.7597,87.5,64
0,4000,train,0.4552,84.2105,64
0,4000,train,0.2912,87.5,64
0,4010,train,0.4887,80.2632,64
0,4010,train,0.3838,75.0,64
0,4020,train,0.4482,84.8684,64
0,4020,train,0.292,87.5,64
0,4030,train,0.3378,89.4737,64
0,4030,train,0.2321,100.0,64
0,4040,train,0.5259,80.2632,64
0,4040,train,0.7777,50.0,64
0,4050,train,0.3508,87.5,64
0,4050,train,0.4079,62.5,64
0,4060,train,0.403,86.1842,64
0,4060,train,0.347,75.0,64
0,4070,train,0.4648,84.2105,64
0,4070,train,0.5659,87.5,64
0,4080,train,0.4041,87.5,64
0,4080,train,0.4483,87.5,64
0,4090,train,0.397,85.5263,64
0,4090,train,0.1413,100.0,64
0,4096,validation,0.4416,84.34,64
0,4096,validation,0.4484,83.56,64
0,4100,train,0.359,87.5,64
0,4100,train,0.4093,87.5,64
0,4110,train,0.278,92.1053,64
0,4110,train,0.2494,87.5,64
0,4120,train,0.3313,89.4737,64
0,4120,train,0.4196,75.0,64
0,4130,train,0.3888,87.5,64
0,4130,train,0.5249,75.0,64
0,4140,train,0.4774,80.2632,64
0,4140,train,0.4731,87.5,64
0,4150,train,0.4383,86.1842,64
0,4150,train,0.1687,100.0,64
0,4160,train,0.3392,89.4737,64
0,4160,train,0.5918,87.5,64
0,4170,train,0.3958,84.2105,64
0,4170,train,0.8486,75.0,64
0,4180,train,0.3976,85.5263,64
0,4180,train,0.5954,75.0,64
0,4190,train,0.404,86.1842,64
0,4190,train,0.2852,100.0,64
0,4200,train,0.353,85.5263,64
0,4200,train,0.1251,100.0,64
0,4210,train,0.3769,87.5,64
0,4210,train,0.189,100.0,64
0,4220,train,0.3717,87.5,64
0,4220,train,0.1723,100.0,64
0,4230,train,0.3411,87.5,64
0,4230,train,0.0978,100.0,64
0,4240,train,0.3251,88.1579,64
0,4240,train,0.0419,100.0,64
0,4250,train,0.3499,87.5,64
0,4250,train,0.2839,87.5,64
0,4260,train,0.3697,86.8421,64
0,4260,train,0.2597,87.5,64
0,4270,train,0.3897,82.8947,64
0,4270,train,0.3769,87.5,64
0,4280,train,0.3493,89.4737,64
0,4280,train,0.209,100.0,64
0,4290,train,0.4301,82.2368,64
0,4290,train,0.2328,100.0,64
0,4300,train,0.3767,87.5,64
0,4300,train,0.3313,87.5,64
0,4310,train,0.4193,86.8421,64
0,4310,train,0.5058,62.5,64
0,4320,train,0.3114,91.4474,64
0,4320,train,0.3372,87.5,64
0,4330,train,0.2786,84.8684,64
0,4330,train,0.1044,100.0,64
0,4340,train,0.2477,93.4211,64
0,4340,train,0.2106,87.5,64
0,4350,train,0.3091,86.1842,64
0,4350,train,0.4197,75.0,64
0,4360,train,0.3593,88.8158,64
0,4360,train,0.3532,87.5,64
0,4370,train,0.394,86.1842,64
0,4370,train,0.3922,87.5,64
0,4380,train,0.4225,84.8684,64
0,4380,train,0.2384,100.0,64
0,4390,train,0.2736,92.1053,64
0,4390,train,0.5044,75.0,64
0,4400,train,0.2962,90.7895,64
0,4400,train,0.2419,100.0,64
0,4410,train,0.253,92.1053,64
0,4410,train,0.4999,87.5,64
0,4420,train,0.2727,88.8158,64
0,4420,train,0.2969,87.5,64
0,4430,train,0.2737,91.4474,64
0,4430,train,0.2141,87.5,64
0,4440,train,0.3139,90.7895,64
0,4440,train,0.2459,87.5,64
0,4450,train,0.3257,87.5,64
0,4450,train,0.2004,100.0,64
0,4460,train,0.3787,87.5,64
0,4460,train,0.1896,87.5,64
0,4470,train,0.3524,84.2105,64
0,4470,train,0.2286,87.5,64
0,4480,train,0.2405,92.1053,64
0,4480,train,0.4503,87.5,64
0,4490,train,0.3423,86.8421,64
0,4490,train,0.524,87.5,64
0,4500,train,0.2945,91.4474,64
0,4500,train,0.2152,87.5,64
0,4510,train,0.3419,86.1842,64
0,4510,train,0.186,87.5,64
0,4520,train,0.4008,84.8684,64
0,4520,train,0.2838,87.5,64
0,4530,train,0.3911,82.8947,64
0,4530,train,0.0751,100.0,64
0,4540,train,0.3471,88.8158,64
0,4540,train,0.7441,62.5,64
0,4550,train,0.3279,86.8421,64
0,4550,train,0.3383,87.5,64
0,4560,train,0.3346,86.8421,64
0,4560,train,0.1227,100.0,64
0,4570,train,0.3985,84.8684,64
0,4570,train,0.2719,100.0,64
0,4580,train,0.3331,89.4737,64
0,4580,train,0.5983,75.0,64
0,4590,train,0.4031,84.2105,64
0,4590,train,0.2539,87.5,64
0,4600,train,0.2865,86.8421,64
0,4600,train,0.5229,75.0,64
0,4608,validation,0.327,88.26,64
0,4608,validation,0.3317,87.92,64
0,4610,train,0.303,90.1316,64
0,4610,train,0.3513,87.5,64
0,4620,train,0.3373,88.1579,64
0,4620,train,0.5218,75.0,64
0,4630,train,0.3101,88.8158,64
0,4630,train,0.1332,100.0,64
0,4640,train,0.3754,86.8421,64
0,4640,train,0.0732,100.0,64
0,4650,train,0.3787,88.1579,64
0,4650,train,0.1631,100.0,64
0,4660,train,0.3792,88.1579,64
0,4660,train,0.1145,100.0,64
0,4670,train,0.2107,93.4211,64
0,4670,train,0.3858,87.5,64
0,4680,train,0.2503,90.7895,64
0,4680,train,0.1037,100.0,64
0,4690,train,0.3112,88.8158,64
0,4690,train,0.9176,75.0,64
0,4700,train,0.2729,92.7632,64
0,4700,train,0.1009,100.0,64
0,4710,train,0.3317,88.8158,64
0,4710,train,0.4106,75.0,64
0,4720,train,0.4002,82.2368,64
0,4720,train,1.1765,75.0,64
0,4730,train,0.3505,84.8684,64
0,4730,train,0.5278,87.5,64
0,4740,train,0.3061,88.8158,64
0,4740,train,0.1961,87.5,64
0,4750,train,0.3459,86.8421,64
0,4750,train,0.4956,75.0,64
0,4760,train,0.2482,92.7632,64
0,4760,train,0.1532,100.0,64
0,4770,train,0.3372,86.8421,64
0,4770,train,0.4513,75.0,64
0,4780,train,0.3501,87.5,64
0,4780,train,0.2013,100.0,64
0,4790,train,0.2978,88.1579,64
0,4790,train,0.7011,87.5,64
0,4800,train,0.2742,93.4211,64
0,4800,train,0.5203,87.5,64
0,4810,train,0.3226,88.1579,64
0,4810,train,0.1054,100.0,64
0,4820,train,0.2864,90.7895,64
0,4820,train,0.2921,75.0,64
0,4830,train,0.2268,90.7895,64
0,4830,train,0.3633,87.5,64
0,4840,train,0.2867,91.4474,64
0,4840,train,0.1069,100.0,64
0,4850,train,0.2493,92.1053,64
0,4850,train,0.0553,100.0,64
0,4860,train,0.3256,87.5,64
0,4860,train,0.222,100.0,64
0,4870,train,0.3216,86.8421,64
0,4870,train,0.562,75.0,64
0,4880,train,0.4007,86.8421,64
0,4880,train,0.2424,87.5,64
0,4890,train,0.29,89.4737,64
0,4890,train,0.7987,75.0,64
0,4900,train,0.3672,86.8421,64
0,4900,train,0.3087,100.0,64
0,4910,train,0.4325,83.5526,64
0,4910,train,0.1575,100.0,64
0,4920,train,0.4522,83.5526,64
0,4920,train,0.144,100.0,64
0,4930,train,0.3791,84.2105,64
0,4930,train,0.154,87.5,64
0,4940,train,0.3106,88.8158,64
0,4940,train,0.3271,87.5,64
0,4950,train,0.4437,82.2368,64
0,4950,train,0.1079,100.0,64
0,4960,train,0.4069,84.2105,64
0,4960,train,0.4333,87.5,64
0,4970,train,0.3849,86.1842,64
0,4970,train,0.2709,87.5,64
0,4980,train,0.345,87.5,64
0,4980,train,0.4953,87.5,64
0,4990,train,0.3585,89.4737,64
0,4990,train,0.2163,100.0,64
0,5000,train,0.2799,91.4474,64
0,5000,train,0.1679,87.5,64
0,5010,train,0.2789,90.7895,64
0,5010,train,0.0208,100.0,64
0,5020,train,0.2696,87.5,64
0,5020,train,0.1967,87.5,64
0,5030,train,0.2597,92.1053,64
0,5030,train,0.1242,100.0,64
0,5040,train,0.263,91.4474,64
0,5040,train,0.2087,100.0,64
0,5050,train,0.3112,88.1579,64
0,5050,train,0.2753,100.0,64
0,5060,train,0.3449,86.8421,64
0,5060,train,0.2228,87.5,64
0,5070,train,0.2468,91.4474,64
0,5070,train,0.2977,87.5,64
0,5080,train,0.2943,91.4474,64
0,5080,train,0.0214,100.0,64
0,5090,train,0.2859,92.1053,64
0,5090,train,0.1949,87.5,64
0,5100,train,0.3105,90.1316,64
0,5100,train,0.0753,100.0,64
0,5110,train,0.3004,92.7632,64
0,5110,train,0.0971,100.0,64
0,5120,train,0.3718,86.8421,64
0,5120,validation,0.4066,85.34,64
0,5120,train,0.1847,100.0,64
0,5120,validation,0.4073,84.94,64
0,5130,train,0.3216,90.1316,64
0,5130,train,0.2479,100.0,64
0,5140,train,0.2321,94.7368,64
0,5140,train,0.687,87.5,64
0,5150,train,0.2333,92.1053,64
0,5150,train,0.1994,87.5,64
0,5160,train,0.2058,91.4474,64
0,5160,train,0.4885,62.5,64
0,5170,train,0.1706,94.0789,64
0,5170,train,0.3708,87.5,64
0,5180,train,0.2103,92.1053,64
0,5180,train,0.3909,87.5,64
0,5190,train,0.213,90.7895,64
0,5190,train,0.1972,87.5,64
0,5200,train,0.3138,86.8421,64
0,5200,train,0.0985,100.0,64
0,5210,train,0.2589,90.7895,64
0,5210,train,0.1393,100.0,64
0,5220,train,0.2703,90.1316,64
0,5220,train,0.2269,100.0,64
0,5230,train,0.2808,88.1579,64
0,5230,train,0.4606,87.5,64
0,5240,train,0.3166,88.8158,64
0,5240,train,0.0481,100.0,64
0,5250,train,0.3136,90.1316,64
0,5250,train,0.4846,87.5,64
0,5260,train,0.2372,94.0789,64
0,5260,train,0.3072,87.5,64
0,5270,train,0.3181,87.5,64
0,5270,train,0.0425,100.0,64
0,5280,train,0.2678,90.1316,64
0,5280,train,0.1058,100.0,64
0,5290,train,0.2788,91.4474,64
0,5290,train,0.1592,100.0,64
0,5300,train,0.247,90.7895,64
0,5300,train,0.5008,75.0,64
0,5310,train,0.3038,90.7895,64
0,5310,train,0.0644,100.0,64
0,5320,train,0.2277,92.1053,64
0,5320,train,0.1727,87.5,64
0,5330,train,0.3194,86.1842,64
0,5330,train,0.2564,100.0,64
0,5340,train,0.2285,94.7368,64
0,5340,train,0.0787,100.0,64
0,5350,train,0.2003,94.7368,64
0,5350,train,0.1436,100.0,64
0,5360,train,0.2535,92.1053,64
0,5360,train,0.1195,100.0,64
0,5370,train,0.3027,89.4737,64
0,5370,train,0.3639,100.0,64
0,5380,train,0.278,89.4737,64
0,5380,train,0.5213,75.0,64
0,5390,train,0.2606,88.1579,64
0,5390,train,0.1657,100.0,64
0,5400,train,0.2089,94.7368,64
0,5400,train,0.1496,100.0,64
0,5410,train,0.3284,91.4474,64
0,5410,train,0.1967,100.0,64
0,5420,train,0.235,90.7895,64
0,5420,train,0.8943,75.0,64
0,5430,train,0.2384,89.4737,64
0,5430,train,0.164,100.0,64
0,5440,train,0.2746,90.1316,64
0,5440,train,0.0795,100.0,64
0,5450,train,0.2609,91.4474,64
0,5450,train,0.147,87.5,64
0,5460,train,0.2275,92.7632,64
0,5460,train,0.1345,100.0,64
0,5470,train,0.2574,92.1053,64
0,5470,train,0.0402,100.0,64
0,5480,train,0.3431,85.5263,64
0,5480,train,0.0617,100.0,64
0,5490,train,0.2814,90.1316,64
0,5490,train,0.1675,100.0,64
0,5500,train,0.2367,92.1053,64
0,5500,train,0.4004,87.5,64
0,5510,train,0.2897,92.7632,64
0,5510,train,0.1402,100.0,64
0,5520,train,0.243,91.4474,64
0,5520,train,0.2446,100.0,64
0,5530,train,0.2762,88.1579,64
0,5530,train,0.8094,62.5,64
0,5540,train,0.2758,90.1316,64
0,5540,train,0.355,87.5,64
0,5550,train,0.432,82.8947,64
0,5550,train,0.0573,100.0,64
0,5560,train,0.2601,90.1316,64
0,5560,train,0.0814,100.0,64
0,5570,train,0.1872,94.7368,64
0,5570,train,0.2379,87.5,64
0,5580,train,0.2753,89.4737,64
0,5580,train,0.4684,87.5,64
0,5590,train,0.1651,94.7368,64
0,5590,train,0.0973,100.0,64
0,5600,train,0.2081,92.1053,64
0,5600,train,0.0954,100.0,64
0,5610,train,0.2039,95.3947,64
0,5610,train,0.0431,100.0,64
0,5620,train,0.2163,90.7895,64
0,5620,train,0.0235,100.0,64
0,5630,train,0.223,91.4474,64
0,5630,train,0.0164,100.0,64
0,5632,validation,0.2854,90.14,64
0,5632,validation,0.2951,89.16,64
0,5640,train,0.3122,86.1842,64
0,5640,train,0.3298,75.0,64
0,5650,train,0.2127,93.4211,64
0,5650,train,0.2549,87.5,64
0,5660,train,0.2217,95.3947,64
0,5660,train,0.0893,100.0,64
0,5670,train,0.2063,95.3947,64
0,5670,train,0.3693,75.0,64
0,5680,train,0.2075,90.7895,64
0,5680,train,0.2737,87.5,64
0,5690,train,0.3072,90.1316,64
0,5690,train,0.2062,87.5,64
0,5700,train,0.3293,86.1842,64
0,5700,train,0.1138,100.0,64
0,5710,train,0.2341,91.4474,64
0,5710,train,0.1284,100.0,64
0,5720,train,0.2636,91.4474,64
0,5720,train,0.4758,87.5,64
0,5730,train,0.3303,85.5263,64
0,5730,train,0.0981,100.0,64
0,5740,train,0.2593,91.4474,64
0,5740,train,0.1271,100.0,64
0,5750,train,0.3387,88.8158,64
0,5750,train,0.096,100.0,64
0,5760,train,0.3164,87.5,64
0,5760,train,0.2893,87.5,64
0,5770,train,0.2566,89.4737,64
0,5770,train,0.0449,100.0,64
0,5780,train,0.2852,92.1053,64
0,5780,train,0.1486,87.5,64
0,5790,train,0.2138,92.1053,64
0,5790,train,0.1501,100.0,64
0,5800,train,0.2283,92.7632,64
0,5800,train,0.3614,87.5,64
0,5810,train,0.1786,94.0789,64
0,5810,train,0.0803,100.0,64
0,5820,train,0.2044,91.4474,64
0,5820,train,0.1049,100.0,64
0,5830,train,0.1998,92.1053,64
0,5830,train,0.1479,87.5,64
0,5840,train,0.1701,95.3947,64
0,5840,train,0.0659,100.0,64
0,5850,train,0.175,94.7368,64
0,5850,train,0.0529,100.0,64
0,5860,train,0.2471,89.4737,64
0,5860,train,0.0523,100.0,64
0,5870,train,0.3299,88.8158,64
0,5870,train,0.2563,87.5,64
0,5880,train,0.2257,90.1316,64
0,5880,train,0.1946,100.0,64
0,5890,train,0.2536,91.4474,64
0,5890,train,0.2707,87.5,64
0,5900,train,0.2428,91.4474,64
0,5900,train,0.0372,100.0,64
0,5910,train,0.2038,92.7632,64
0,5910,train,0.1688,100.0,64
0,5920,train,0.2294,94.0789,64
0,5920,train,0.4164,87.5,64
0,5930,train,0.2759,90.1316,64
0,5930,train,0.4022,87.5,64
0,5940,train,0.1982,94.0789,64
0,5940,train,0.2074,100.0,64
0,5950,train,0.2158,93.4211,64
0,5950,train,0.2511,87.5,64
0,5960,train,0.2913,90.1316,64
0,5960,train,0.1003,100.0,64
0,5970,train,0.2364,90.1316,64
0,5970,train,0.1578,100.0,64
0,5980,train,0.241,90.7895,64
0,5980,train,0.7059,75.0,64
0,5990,train,0.4534,82.8947,64
0,5990,train,1.0754,62.5,64
0,6000,train,0.7769,71.0526,64
0,6000,train,0.1906,100.0,64
0,6010,train,0.5194,79.6053,64
0,6010,train,0.6672,62.5,64
0,6020,train,0.3405,88.8158,64
0,6020,train,0.4285,87.5,64
0,6030,train,0.2738,90.1316,64
0,6030,train,0.5215,75.0,64
0,6040,train,0.2678,92.1053,64
0,6040,train,0.1615,87.5,64
0,6050,train,0.3204,92.1053,64
0,6050,train,0.2671,87.5,64
0,6060,train,0.2944,88.1579,64
0,6060,train,0.2452,100.0,64
0,6070,train,0.2953,87.5,64
0,6070,train,0.3933,62.5,64
0,6080,train,0.2125,91.4474,64
0,6080,train,0.3832,75.0,64
0,6090,train,0.2327,91.4474,64
0,6090,train,0.076,100.0,64
0,6100,train,0.2308,92.7632,64
0,6100,train,0.1043,100.0,64
0,6110,train,0.2243,90.7895,64
0,6110,train,0.1829,100.0,64
0,6120,train,0.222,93.4211,64
0,6120,train,0.2629,87.5,64
0,6130,train,0.2477,92.1053,64
0,6130,train,0.1945,100.0,64
0,6140,train,0.2681,94.0789,64
0,6140,train,0.0893,100.0,64
0,6144,validation,0.4485,83.64,64
0,6144,validation,0.4485,83.6,64
0,6150,train,0.2276,92.7632,64
0,6150,train,0.1847,87.5,64
0,6160,train,0.1743,95.3947,64
0,6160,train,0.7146,62.5,64
0,6170,train,0.2146,92.1053,64
0,6170,train,0.1645,100.0,64
0,6180,train,0.2874,87.5,64
0,6180,train,0.4631,87.5,64
0,6190,train,0.2277,92.7632,64
0,6190,train,0.1162,100.0,64
0,6200,train,0.2795,90.7895,64
0,6200,train,0.1594,100.0,64
0,6210,train,0.2046,92.1053,64
0,6210,train,0.0355,100.0,64
0,6220,train,0.315,87.5,64
0,6220,train,0.2068,87.5,64
0,6230,train,0.1871,93.4211,64
0,6230,train,0.7414,62.5,64
0,6240,train,0.3056,88.8158,64
0,6240,train,0.2258,100.0,64
0,6250,train,0.3231,88.8158,64
0,6250,train,0.075,100.0,64
0,6260,train,0.2362,91.4474,64
0,6260,train,0.2451,87.5,64
0,6270,train,0.2128,94.0789,64
0,6270,train,0.1254,100.0,64
0,6280,train,0.2098,92.7632,64
0,6280,train,0.5546,75.0,64
0,6290,train,0.178,95.3947,64
0,6290,train,0.129,100.0,64
0,6300,train,0.1863,93.4211,64
0,6300,train,0.0663,100.0,64
0,6310,train,0.2693,90.1316,64
0,6310,train,0.4606,87.5,64
0,6320,train,0.1492,93.4211,64
0,6320,train,0.2905,87.5,64
0,6330,train,0.2085,92.7632,64
0,6330,train,0.0949,100.0,64
0,6340,train,0.26,89.4737,64
0,6340,train,0.1071,100.0,64
0,6350,train,0.2617,92.7632,64
0,6350,train,0.2076,87.5,64
0,6360,train,0.2448,90.1316,64
0,6360,train,0.0607,100.0,64
0,6370,train,0.2446,92.1053,64
0,6370,train,0.3875,75.0,64
0,6380,train,0.2467,92.7632,64
0,6380,train,0.2912,87.5,64
0,6390,train,0.1883,93.4211,64
0,6390,train,0.0809,100.0,64
0,6400,train,0.2669,92.7632,64
0,6400,train,0.1945,87.5,64
0,6410,train,0.2176,93.4211,64
0,6410,train,0.0308,100.0,64
0,6420,train,0.224,92.7632,64
0,6420,train,0.5929,75.0,64
0,6430,train,0.166,94.0789,64
0,6430,train,0.0556,100.0,64
0,6440,train,0.1865,93.4211,64
0,6440,train,0.1735,100.0,64
0,6450,train,0.1959,91.4474,64
0,6450,train,0.1815,87.5,64
1,6460,train,0.1682,94.7368,64
1,6460,train,0.013,100.0,64
1,6470,train,0.1977,92.7632,64
1,6470,train,0.2076,100.0,64
1,6480,train,0.2354,90.7895,64
1,6480,train,0.0858,100.0,64
1,6490,train,0.2073,88.8158,64
1,6490,train,0.0353,100.0,64
1,6500,train,0.1924,91.4474,64
1,6500,train,0.2161,87.5,64
1,6510,train,0.106,98.0263,64
1,6510,train,0.1884,100.0,64
1,6520,train,0.1348,95.3947,64
1,6520,train,0.2878,87.5,64
1,6530,train,0.1626,95.3947,64
1,6530,train,0.2154,87.5,64
1,6540,train,0.2037,92.1053,64
1,6540,train,0.0208,100.0,64
1,6550,train,0.2214,91.4474,64
1,6550,train,0.133,100.0,64
1,6560,train,0.137,95.3947,64
1,6560,train,0.2903,75.0,64
1,6570,train,0.2712,90.7895,64
1,6570,train,0.0255,100.0,64
1,6580,train,0.1865,94.0789,64
1,6580,train,0.0954,100.0,64
1,6590,train,0.2602,88.8158,64
1,6590,train,0.0145,100.0,64
1,6600,train,0.1909,94.7368,64
1,6600,train,0.3855,87.5,64
1,6610,train,0.2693,91.4474,64
1,6610,train,0.2704,87.5,64
1,6620,train,0.2375,92.7632,64
1,6620,train,0.2137,100.0,64
1,6630,train,0.2262,92.7632,64
1,6630,train,0.2931,87.5,64
1,6640,train,0.3963,84.2105,64
1,6640,train,0.498,75.0,64
1,6650,train,0.3781,87.5,64
1,6650,train,0.8403,75.0,64
1,6656,validation,0.6013,79.84,64
1,6656,validation,0.6026,79.7,64
1,6660,train,0.3357,86.8421,64
1,6660,train,0.204,87.5,64
1,6670,train,0.3919,86.1842,64
1,6670,train,0.7188,75.0,64
1,6680,train,0.3655,86.1842,64
1,6680,train,0.1887,87.5,64
1,6690,train,0.3072,86.1842,64
1,6690,train,0.3876,75.0,64
1,6700,train,0.3179,86.8421,64
1,6700,train,0.5624,75.0,64
1,6710,train,0.3658,87.5,64
1,6710,train,0.9547,50.0,64
1,6720,train,0.3597,87.5,64
1,6720,train,0.2266,87.5,64
1,6730,train,0.2385,90.7895,64
1,6730,train,0.0476,100.0,64
1,6740,train,0.2464,89.4737,64
1,6740,train,0.238,87.5,64
1,6750,train,0.3228,87.5,64
1,6750,train,0.7414,75.0,64
1,6760,train,0.2293,93.4211,64
1,6760,train,0.4808,87.5,64
1,6770,train,0.2441,91.4474,64
1,6770,train,0.0788,100.0,64
1,6780,train,0.229,91.4474,64
1,6780,train,0.2452,87.5,64
1,6790,train,0.2698,89.4737,64
1,6790,train,0.4324,87.5,64
1,6800,train,0.2685,88.8158,64
1,6800,train,0.2529,87.5,64
1,6810,train,0.2557,90.1316,64
1,6810,train,0.1481,100.0,64
1,6820,train,0.234,92.1053,64
1,6820,train,0.3328,75.0,64
1,6830,train,0.2797,90.7895,64
1,6830,train,0.6026,75.0,64
1,6840,train,0.2351,92.1053,64
1,6840,train,0.0689,100.0,64
1,6850,train,0.4366,85.5263,64
1,6850,train,0.4158,87.5,64
1,6860,train,0.3725,83.5526,64
1,6860,train,0.6645,75.0,64
1,6870,train,0.2683,88.8158,64
1,6870,train,0.1275,87.5,64
1,6880,train,0.2591,90.7895,64
1,6880,train,0.0626,100.0,64
1,6890,train,0.2041,94.7368,64
1,6890,train,0.5784,75.0,64
1,6900,train,0.3325,88.1579,64
1,6900,train,0.142,100.0,64
1,6910,train,0.2745,92.1053,64
1,6910,train,0.1295,100.0,64
1,6920,train,0.2293,92.1053,64
1,6920,train,0.1402,100.0,64
1,6930,train,0.3085,89.4737,64
1,6930,train,0.3986,62.5,64
1,6940,train,0.2587,90.7895,64
1,6940,train,0.0902,100.0,64
1,6950,train,0.2291,90.7895,64
1,6950,train,0.1021,100.0,64
1,6960,train,0.1522,96.0526,64
1,6960,train,0.2591,100.0,64
1,6970,train,0.1677,93.4211,64
1,6970,train,0.2091,100.0,64
1,6980,train,0.1879,94.0789,64
1,6980,train,0.0978,100.0,64
1,6990,train,0.2052,95.3947,64
1,6990,train,0.4361,87.5,64
1,7000,train,0.1956,92.7632,64
1,7000,train,0.6504,75.0,64
1,7010,train,0.2199,91.4474,64
1,7010,train,0.1078,100.0,64
1,7020,train,0.2638,90.1316,64
1,7020,train,0.1483,87.5,64
1,7030,train,0.2717,92.7632,64
1,7030,train,0.1073,100.0,64
1,7040,train,0.2061,93.4211,64
1,7040,train,0.608,75.0,64
1,7050,train,0.2529,91.4474,64
1,7050,train,0.4737,87.5,64
1,7060,train,0.2394,92.7632,64
1,7060,train,0.2821,75.0,64
1,7070,train,0.1719,94.7368,64
1,7070,train,0.4955,75.0,64
1,7080,train,0.2014,94.0789,64
1,7080,train,0.0452,100.0,64
1,7090,train,0.1703,94.7368,64
1,7090,train,0.153,87.5,64
1,7100,train,0.1898,93.4211,64
1,7100,train,0.3738,87.5,64
1,7110,train,0.2681,91.4474,64
1,7110,train,0.1677,100.0,64
1,7120,train,0.21,90.7895,64
1,7120,train,0.0895,100.0,64
1,7130,train,0.1932,92.7632,64
1,7130,train,0.8281,62.5,64
1,7140,train,0.1508,94.0789,64
1,7140,train,0.2231,87.5,64
1,7150,train,0.2189,93.4211,64
1,7150,train,0.4123,75.0,64
1,7160,train,0.1531,94.7368,64
1,7160,train,0.0634,100.0,64
1,7168,validation,0.1703,93.66,64
1,7168,validation,0.1856,93.3,64
1,7170,train,0.1797,93.4211,64
1,7170,train,0.051,100.0,64
1,7180,train,0.1867,94.0789,64
1,7180,train,0.4196,87.5,64
1,7190,train,0.1905,92.7632,64
1,7190,train,0.1131,100.0,64
1,7200,train,0.3037,86.1842,64
1,7200,train,0.0936,100.0,64
1,7210,train,0.1707,95.3947,64
1,7210,train,0.1623,100.0,64
1,7220,train,0.1546,96.0526,64
1,7220,train,0.3477,87.5,64
1,7230,train,0.1947,96.0526,64
1,7230,train,0.2598,87.5,64
1,7240,train,0.2092,92.7632,64
1,7240,train,0.3318,87.5,64
1,7250,train,0.1946,92.7632,64
1,7250,train,0.1491,100.0,64
1,7260,train,0.1397,95.3947,64
1,7260,train,0.1167,100.0,64
1,7270,train,0.1863,93.4211,64
1,7270,train,0.1528,87.5,64
1,7280,train,0.1706,93.4211,64
1,7280,train,0.2487,87.5,64
1,7290,train,0.1751,94.0789,64
1,7290,train,0.0847,100.0,64
1,7300,train,0.177,93.4211,64
1,7300,train,0.0537,100.0,64
1,7310,train,0.2221,91.4474,64
1,7310,train,0.0321,100.0,64
1,7320,train,0.1314,96.0526,64
1,7320,train,0.5008,87.5,64
1,7330,train,0.1499,94.7368,64
1,7330,train,0.0937,100.0,64
1,7340,train,0.1688,94.0789,64
1,7340,train,0.401,87.5,64
1,7350,train,0.1357,96.0526,64
1,7350,train,0.1754,100.0,64
1,7360,train,0.1666,92.1053,64
1,7360,train,0.2406,87.5,64
1,7370,train,0.1797,94.0789,64
1,7370,train,0.1828,87.5,64
1,7380,train,0.1432,95.3947,64
1,7380,train,0.0219,100.0,64
1,7390,train,0.2274,91.4474,64
1,7390,train,0.0621,100.0,64
1,7400,train,0.1985,93.4211,64
1,7400,train,0.0471,100.0,64
1,7410,train,0.1786,94.0789,64
1,7410,train,0.522,87.5,64
1,7420,train,0.0724,99.3421,64
1,7420,train,0.1606,100.0,64
1,7430,train,0.1965,90.7895,64
1,7430,train,0.2453,87.5,64
1,7440,train,0.2598,91.4474,64
1,7440,train,0.022,100.0,64
1,7450,train,0.2359,92.7632,64
1,7450,train,0.1007,100.0,64
1,7460,train,0.2584,91.4474,64
1,7460,train,0.3615,100.0,64
1,7470,train,0.1886,92.1053,64
1,7470,train,0.6711,62.5,64
1,7480,train,0.2516,91.4474,64
1,7480,train,0.0994,100.0,64
1,7490,train,0.2197,92.7632,64
1,7490,train,0.2587,87.5,64
1,7500,train,0.197,92.1053,64
1,7500,train,0.4085,75.0,64
1,7510,train,0.2158,91.4474,64
1,7510,train,0.3814,87.5,64
1,7520,train,0.1609,92.7632,64
1,7520,train,0.1141,100.0,64
1,7530,train,0.2189,92.7632,64
1,7530,train,0.0549,100.0,64
1,7540,train,0.2631,92.1053,64
1,7540,train,0.2811,87.5,64
1,7550,train,0.2182,92.1053,64
1,7550,train,0.1402,100.0,64
1,7560,train,0.2424,92.7632,64
1,7560,train,0.1766,100.0,64
1,7570,train,0.2093,92.1053,64
1,7570,train,0.2378,100.0,64
1,7580,train,0.1512,94.7368,64
1,7580,train,0.0252,100.0,64
1,7590,train,0.225,90.7895,64
1,7590,train,0.2212,87.5,64
1,7600,train,0.1679,93.4211,64
1,7600,train,0.1307,100.0,64
1,7610,train,0.2182,91.4474,64
1,7610,train,0.0335,100.0,64
1,7620,train,0.2974,88.8158,64
1,7620,train,0.2326,87.5,64
1,7630,train,0.2066,91.4474,64
1,7630,train,0.0335,100.0,64
1,7640,train,0.1741,92.1053,64
1,7640,train,0.1758,100.0,64
1,7650,train,0.1072,98.0263,64
1,7650,train,0.1624,87.5,64
1,7660,train,0.1785,92.7632,64
1,7660,train,0.4038,75.0,64
1,7670,train,0.1464,94.0789,64
1,7670,train,0.3411,87.5,64
1,7680,train,0.1513,95.3947,64
1,7680,validation,0.2083,92.52,64
1,7680,train,0.0285,100.0,64
1,7680,validation,0.2177,91.96,64
1,7690,train,0.1436,94.7368,64
1,7690,train,0.2491,87.5,64
1,7700,train,0.1039,96.0526,64
1,7700,train,0.4289,75.0,64
1,7710,train,0.186,93.4211,64
1,7710,train,0.4779,75.0,64
1,7720,train,0.1659,94.0789,64
1,7720,train,0.2286,100.0,64
1,7730,train,0.1226,94.7368,64
1,7730,train,0.0672,100.0,64
1,7740,train,0.1569,93.4211,64
1,7740,train,0.155,87.5,64
1,7750,train,0.1422,94.7368,64
1,7750,train,0.1919,87.5,64
1,7760,train,0.1976,89.4737,64
1,7760,train,0.0507,100.0,64
1,7770,train,0.1341,96.7105,64
1,7770,train,0.114,100.0,64
1,7780,train,0.1464,94.0789,64
1,7780,train,0.0813,100.0,64
1,7790,train,0.1601,95.3947,64
1,7790,train,0.029,100.0,64
1,7800,train,0.1244,96.0526,64
1,7800,train,0.1533,87.5,64
1,7810,train,0.1296,94.7368,64
1,7810,train,0.2127,100.0,64
1,7820,train,0.1546,95.3947,64
1,7820,train,0.1104,100.0,64
1,7830,train,0.0812,98.6842,64
1,7830,train,0.5205,62.5,64
1,7840,train,0.0926,97.3684,64
1,7840,train,0.1485,100.0,64
1,7850,train,0.1182,94.0789,64
1,7850,train,0.0702,100.0,64
1,7860,train,0.1256,95.3947,64
1,7860,train,0.1194,87.5,64
1,7870,train,0.1415,95.3947,64
1,7870,train,0.0417,100.0,64
1,7880,train,0.1335,96.7105,64
1,7880,train,0.0687,100.0,64
1,7890,train,0.1102,95.3947,64
1,7890,train,0.0155,100.0,64
1,7900,train,0.2368,92.7632,64
1,7900,train,0.0534,100.0,64
1,7910,train,0.1221,94.7368,64
1,7910,train,0.0092,100.0,64
1,7920,train,0.207,92.1053,64
1,7920,train,0.0488,100.0,64
1,7930,train,0.11,96.0526,64
1,7930,train,0.5041,87.5,64
1,7940,train,0.1136,96.0526,64
1,7940,train,0.0244,100.0,64
1,7950,train,0.1849,93.4211,64
1,7950,train,0.1782,87.5,64
1,7960,train,0.1739,94.7368,64
1,7960,train,0.0837,100.0,64
1,7970,train,0.1335,96.7105,64
1,7970,train,0.0613,100.0,64
1,7980,train,0.1804,94.7368,64
1,7980,train,0.1601,100.0,64
1,7990,train,0.1464,95.3947,64
1,7990,train,0.1303,100.0,64
1,8000,train,0.1657,94.7368,64
1,8000,train,0.1014,100.0,64
1,8010,train,0.1478,94.0789,64
1,8010,train,0.4849,87.5,64
1,8020,train,0.1464,93.4211,64
1,8020,train,0.3031,87.5,64
1,8030,train,0.1726,95.3947,64
1,8030,train,0.0821,100.0,64
1,8040,train,0.1909,91.4474,64
1,8040,train,0.0734,100.0,64
1,8050,train,0.0974,96.7105,64
1,8050,train,0.0345,100.0,64
1,8060,train,0.1195,95.3947,64
1,8060,train,0.4889,87.5,64
1,8070,train,0.1027,96.7105,64
1,8070,train,0.0348,100.0,64
1,8080,train,0.1733,94.7368,64
1,8080,train,0.0217,100.0,64
1,8090,train,0.112,97.3684,64
1,8090,train,0.011,100.0,64
1,8100,train,0.1386,94.0789,64
1,8100,train,0.0339,100.0,64
1,8110,train,0.1503,95.3947,64
1,8110,train,0.2053,87.5,64
1,8120,train,0.1452,95.3947,64
1,8120,train,0.1561,87.5,64
1,8130,train,0.1098,96.7105,64
1,8130,train,0.0219,100.0,64
1,8140,train,0.1896,94.0789,64
1,8140,train,0.2129,87.5,64
1,8150,train,0.1825,93.4211,64
1,8150,train,0.0988,100.0,64
1,8160,train,0.1597,94.0789,64
1,8160,train,0.1212,87.5,64
1,8170,train,0.1324,96.7105,64
1,8170,train,0.2395,87.5,64
1,8180,train,0.1445,95.3947,64
1,8180,train,0.4575,75.0,64
1,8190,train,0.1264,96.7105,64
1,8190,train,0.1432,100.0,64
1,8192,validation,0.1399,94.72,64
