epoch,global step,mode,loss,accuracy,mean_length
0,0,train,2.743,12.5,36.25
0,0,validation,2.7588,12.7,48.111
0,0,train,2.5809,25.0,36.25
0,0,validation,2.767,12.34,48.0264
0,0,train,3.5135,0.0,40.875
0,0,validation,2.7545,12.8,47.81
0,10,train,2.4486,13.5135,53.723
0,10,train,1.902,12.5,54.875
0,10,train,2.2132,12.5,38
0,10,train,2.0491,25.0,43.875
0,20,train,2.1808,12.5,49.1284
0,20,train,2.0986,12.5,61.5
0,20,train,2.0702,12.5,52.625
0,20,train,2.0095,25.0,62.875
0,30,train,2.1186,10.8108,56.7365
0,30,train,2.1348,0.0,60.5
0,30,train,2.1197,25.0,59.125
0,30,train,1.9627,37.5,53.25
0,40,train,2.0787,17.2297,53.6216
0,40,train,2.0256,12.5,55.875
0,40,train,2.2336,12.5,55.625
0,40,train,2.1999,0.0,43.375
0,50,train,2.0801,14.527,56.5743
0,50,train,2.1182,0.0,60.5
0,50,train,2.1,0.0,60.5
0,50,train,2.1027,12.5,60.5
0,60,train,2.084,12.5,61.6318
0,60,train,2.0773,0.0,62.125
0,60,train,2.0878,0.0,62.875
0,60,train,2.0428,0.0,64
0,70,train,2.0865,13.1757,62.0878
0,70,train,2.0672,25.0,64
0,70,train,2.1238,0.0,64
0,70,train,2.2281,0.0,64
0,80,train,2.0845,13.1757,62.7365
0,80,train,2.0607,25.0,63.5
0,80,train,1.9942,25.0,64
0,80,train,2.0776,12.5,63.125
0,90,train,2.1034,11.4865,62.4392
0,90,train,1.9919,25.0,64
0,90,train,2.1793,0.0,64
0,90,train,2.0923,12.5,57.75
0,100,train,2.0986,7.7703,63.2399
0,100,train,2.1385,12.5,64
0,100,train,2.1153,12.5,62.75
0,100,train,2.0452,12.5,63.875
0,110,train,2.0872,11.8243,63.1385
0,110,train,2.0873,0.0,61.625
0,110,train,2.0415,0.0,63.125
0,110,train,2.1301,12.5,63.875
0,120,train,2.0875,11.8243,59.7027
0,120,train,2.1512,12.5,49.25
0,120,train,1.957,37.5,45.375
0,120,train,2.1015,0.0,54.25
0,130,train,2.0704,13.8514,49.5169
0,130,train,2.0612,12.5,49
0,130,train,1.9812,25.0,41.375
0,130,train,2.0656,12.5,44.25
0,140,train,2.0904,13.1757,42.0236
0,140,train,2.1114,12.5,52.625
0,140,train,2.076,12.5,41.375
0,140,train,2.0798,12.5,46.125
0,150,train,2.0768,12.1622,58.3311
0,150,train,2.0191,25.0,56.375
0,150,train,2.0779,12.5,64
0,150,train,2.0478,0.0,64
0,160,train,2.0718,14.1892,61.3378
0,160,train,1.9555,12.5,61.25
0,160,train,2.0975,0.0,60.375
0,160,train,2.0913,0.0,57.25
0,170,train,2.0356,17.2297,58.8311
0,170,train,2.0072,12.5,53.5
0,170,train,1.9872,12.5,53
0,170,train,1.9815,25.0,51
0,180,train,2.0364,15.2027,58.7973
0,180,train,2.27,0.0,58.5
0,180,train,2.1293,0.0,64
0,180,train,2.1428,0.0,59.875
0,190,train,2.0583,11.1486,56.4932
0,190,train,2.0967,12.5,51.375
0,190,train,1.7968,25.0,53.375
0,190,train,1.8566,50.0,54.5
0,200,train,2.0207,14.8649,60.3784
0,200,train,1.9766,0.0,64
0,200,train,2.0524,12.5,64
0,200,train,1.9684,0.0,64
0,210,train,2.0217,14.527,64
0,210,train,2.0176,12.5,64
0,210,train,2.0402,12.5,64
0,210,train,1.9953,25.0,64
0,220,train,2.0064,13.8514,64
0,220,train,1.7369,12.5,64
0,220,train,1.6839,12.5,64
0,220,train,2.0121,25.0,64
0,230,train,2.0675,11.8243,64
0,230,train,1.9754,12.5,64
0,230,train,2.5128,0.0,64
0,230,train,2.8496,12.5,64
0,240,train,2.1215,11.1486,64
0,240,train,2.3218,0.0,64
0,240,train,1.7546,25.0,64
0,240,train,1.7143,25.0,64
0,250,train,2.0335,9.4595,64
0,250,train,1.7241,25.0,64
0,250,train,2.0586,12.5,64
0,250,train,2.0395,0.0,64
0,260,train,1.991,14.527,64
0,260,train,2.0618,25.0,64
0,260,train,2.0871,12.5,64
0,260,train,1.9592,25.0,64
0,270,train,2.031,13.8514,64
0,270,train,2.0896,0.0,64
0,270,train,2.0851,12.5,64
0,270,train,1.4664,37.5,64
0,280,train,2.0313,11.4865,64
0,280,train,2.0784,12.5,64
0,280,train,1.9278,12.5,64
0,280,train,2.0669,0.0,64
0,290,train,2.0098,13.8514,64
0,290,train,1.8269,25.0,64
0,290,train,2.0585,25.0,64
0,290,train,2.1859,12.5,64
0,300,train,2.0297,11.8243,64
0,300,train,2.1204,0.0,64
0,300,train,2.0787,25.0,64
0,300,train,2.071,25.0,64
0,310,train,2.087,9.4595,64
0,310,train,2.1391,0.0,64
0,310,train,2.1569,0.0,64
0,310,train,1.7889,25.0,64
0,320,train,2.0057,14.1892,64
0,320,train,2.2215,0.0,64
0,320,train,2.1051,0.0,64
0,320,train,2.0936,0.0,64
0,330,train,2.0081,12.1622,64
0,330,train,1.8566,0.0,64
0,330,train,2.3822,12.5,64
0,330,train,2.0704,0.0,64
0,340,train,1.9902,15.8784,64
0,340,train,2.2327,0.0,64
0,340,train,2.0648,12.5,64
0,340,train,2.1232,0.0,64
0,350,train,2.0336,13.5135,64
0,350,train,2.1126,0.0,64
0,350,train,2.2403,0.0,64
0,350,train,1.6421,25.0,64
0,360,train,2.0077,13.8514,64
0,360,train,2.0715,0.0,64
0,360,train,1.8306,25.0,64
0,360,train,1.8617,25.0,64
0,370,train,2.0087,12.5,64
0,370,train,2.1304,12.5,64
0,370,train,2.0386,0.0,64
0,370,train,1.9768,25.0,64
0,380,train,2.6288,15.2027,64
0,380,train,2.7241,12.5,64
0,380,train,2.2257,37.5,64
0,380,train,2.8805,12.5,64
0,390,train,2.7314,10.8108,64
0,390,train,3.3136,0.0,64
0,390,train,2.9798,0.0,64
0,390,train,3.0253,0.0,64
0,400,train,2.5709,10.473,64
0,400,train,2.4379,12.5,64
0,400,train,2.5732,12.5,64
0,400,train,2.2843,12.5,64
0,410,train,2.392,14.8649,64
0,410,train,1.7094,50.0,64
0,410,train,2.677,12.5,64
0,410,train,2.0157,25.0,64
0,420,train,2.3598,11.4865,64
0,420,train,2.1758,12.5,64
0,420,train,2.1789,12.5,64
0,420,train,1.9251,37.5,64
0,430,train,2.3044,13.5135,64
0,430,train,2.5598,12.5,64
0,430,train,2.3554,25.0,64
0,430,train,2.2787,12.5,64
0,440,train,2.3161,8.7838,64
0,440,train,2.2048,12.5,64
0,440,train,2.7717,0.0,64
0,440,train,1.8849,37.5,64
0,450,train,2.2534,14.527,64
0,450,train,2.0607,25.0,64
0,450,train,2.0893,37.5,64
0,450,train,2.0462,25.0,64
0,460,train,2.2704,10.473,64
0,460,train,2.2201,12.5,64
0,460,train,2.2308,0.0,64
0,460,train,2.2049,12.5,64
0,470,train,2.2856,11.8243,64
0,470,train,2.2523,12.5,64
0,470,train,2.1911,12.5,64
0,470,train,2.2176,12.5,64
0,480,train,2.1696,15.5405,64
0,480,train,2.1129,25.0,64
0,480,train,1.9374,25.0,64
0,480,train,2.0194,12.5,64
0,490,train,2.1897,13.8514,64
0,490,train,2.2097,12.5,64
0,490,train,2.073,12.5,64
0,490,train,2.0028,12.5,64
0,500,train,2.2039,12.8378,64
0,500,train,2.0529,37.5,64
0,500,train,2.3884,12.5,64
0,500,train,2.5177,0.0,64
0,510,train,2.1562,15.2027,64
0,510,train,2.0859,12.5,64
0,510,train,2.2747,25.0,64
0,510,train,2.0877,12.5,64
0,512,validation,2.2408,12.06,64
0,512,validation,2.2366,12.44,64
0,512,validation,2.2332,13.14,64
0,512,validation,2.2424,12.02,64
0,520,train,2.2044,13.8514,64
0,520,train,2.2463,0.0,64
0,520,train,1.9204,25.0,64
0,520,train,2.1257,0.0,64
0,530,train,2.1897,15.8784,64
0,530,train,2.038,37.5,64
0,530,train,2.3127,0.0,64
0,530,train,2.2126,12.5,64
0,540,train,2.1745,12.8378,64
0,540,train,2.1552,12.5,64
0,540,train,2.1036,12.5,64
0,540,train,2.4393,12.5,64
0,550,train,2.205,13.8514,64
0,550,train,1.7956,25.0,64
0,550,train,2.157,12.5,64
0,550,train,2.4028,0.0,64
0,560,train,2.1364,15.5405,64
0,560,train,2.1894,0.0,64
0,560,train,2.0296,25.0,64
0,560,train,2.1313,25.0,64
0,570,train,2.1829,12.1622,64
0,570,train,2.3053,0.0,64
0,570,train,2.0177,25.0,64
0,570,train,2.0357,25.0,64
0,580,train,2.2289,9.7973,64
0,580,train,2.0667,0.0,64
0,580,train,2.4376,0.0,64
0,580,train,2.2203,12.5,64
0,590,train,2.1067,14.8649,64
0,590,train,2.0183,37.5,64
0,590,train,2.1212,0.0,64
0,590,train,2.0819,0.0,64
0,600,train,2.1006,11.4865,64
0,600,train,2.132,12.5,64
0,600,train,2.1192,12.5,64
0,600,train,2.2007,0.0,64
0,610,train,2.0755,11.8243,64
0,610,train,2.029,12.5,64
0,610,train,2.1219,12.5,64
0,610,train,2.0778,12.5,64
0,620,train,2.0896,10.8108,64
0,620,train,2.147,0.0,64
0,620,train,2.0787,12.5,64
0,620,train,2.0816,25.0,64
0,630,train,2.0768,14.1892,64
0,630,train,2.0307,12.5,64
0,630,train,2.0751,37.5,64
0,630,train,2.0895,12.5,64
0,640,train,2.0852,11.4865,64
0,640,train,2.0971,12.5,64
0,640,train,2.0638,25.0,64
0,640,train,2.104,12.5,64
0,650,train,2.0779,14.1892,64
0,650,train,2.0842,12.5,64
0,650,train,2.0877,12.5,64
0,650,train,2.1247,0.0,64
0,660,train,2.0966,8.7838,64
0,660,train,2.1321,0.0,64
0,660,train,2.055,25.0,64
0,660,train,1.9843,37.5,64
0,670,train,2.0847,14.1892,64
0,670,train,2.1039,0.0,64
0,670,train,2.1332,12.5,64
0,670,train,2.0108,25.0,64
0,680,train,2.0807,11.1486,64
0,680,train,2.1054,12.5,64
0,680,train,2.103,12.5,64
0,680,train,2.0915,12.5,64
0,690,train,2.0806,11.8243,64
0,690,train,2.092,0.0,64
0,690,train,2.0943,0.0,64
0,690,train,2.1123,12.5,64
0,700,train,2.0847,8.4459,64
0,700,train,2.1177,0.0,64
0,700,train,2.0984,0.0,64
0,700,train,2.0904,12.5,64
0,710,train,2.0758,11.4865,64
0,710,train,2.0194,12.5,64
0,710,train,2.0657,0.0,64
0,710,train,2.088,0.0,64
0,720,train,2.0531,14.8649,64
0,720,train,2.071,25.0,64
0,720,train,2.041,0.0,64
0,720,train,1.9721,12.5,64
0,730,train,2.0437,10.8108,64
0,730,train,2.0911,0.0,64
0,730,train,2.0212,25.0,64
0,730,train,2.0852,37.5,64
0,740,train,2.0228,13.1757,64
0,740,train,1.9724,12.5,64
0,740,train,2.1019,12.5,64
0,740,train,2.0983,12.5,64
0,750,train,2.0539,11.1486,64
0,750,train,2.0719,25.0,64
0,750,train,2.0894,0.0,64
0,750,train,2.0828,12.5,64
0,760,train,2.045,12.5,64
0,760,train,2.0041,12.5,64
0,760,train,2.0733,0.0,64
0,760,train,2.0857,0.0,64
0,770,train,2.0027,15.8784,64
0,770,train,2.0429,0.0,64
0,770,train,2.025,12.5,64
0,770,train,1.9938,25.0,64
0,780,train,2.1741,9.7973,64
0,780,train,2.0942,0.0,64
0,780,train,2.0946,0.0,64
0,780,train,2.1752,12.5,64
0,790,train,2.0866,9.4595,64
0,790,train,2.0197,37.5,64
0,790,train,2.0514,25.0,64
0,790,train,2.0971,12.5,64
0,800,train,2.0839,10.8108,64
0,800,train,2.066,12.5,64
0,800,train,2.0907,0.0,64
0,800,train,2.0918,12.5,64
0,810,train,2.0939,8.4459,64
0,810,train,2.1148,0.0,64
0,810,train,2.1069,0.0,64
0,810,train,2.126,12.5,64
0,820,train,2.0795,11.8243,64
0,820,train,2.1342,0.0,64
0,820,train,2.0943,12.5,64
0,820,train,2.0434,50.0,64
0,830,train,2.0757,14.8649,64
0,830,train,2.0399,25.0,64
0,830,train,2.0419,25.0,64
0,830,train,2.0101,25.0,64
0,840,train,2.0868,10.8108,64
0,840,train,2.1028,25.0,64
0,840,train,2.0529,37.5,64
0,840,train,2.0729,37.5,64
0,850,train,2.0792,13.1757,64
0,850,train,2.0799,0.0,64
0,850,train,2.0619,0.0,64
0,850,train,2.0587,12.5,64
0,860,train,2.0793,16.2162,64
0,860,train,2.0865,12.5,64
0,860,train,2.0648,12.5,64
0,860,train,2.0637,25.0,64
0,870,train,2.0838,12.5,64
0,870,train,2.0625,25.0,64
0,870,train,2.0966,0.0,64
0,870,train,2.0599,25.0,64
0,880,train,2.0795,13.5135,64
0,880,train,2.0844,0.0,64
0,880,train,2.1281,0.0,64
0,880,train,2.0521,37.5,64
0,890,train,2.0755,15.5405,64
0,890,train,2.0794,0.0,64
0,890,train,2.0549,12.5,64
0,890,train,2.0748,25.0,64
0,900,train,2.0878,11.4865,64
0,900,train,2.1215,12.5,64
0,900,train,2.0778,12.5,64
0,900,train,2.0578,0.0,64
0,910,train,2.0796,13.5135,64
0,910,train,2.0725,25.0,64
0,910,train,2.0642,12.5,64
0,910,train,2.1374,0.0,64
0,920,train,2.0839,12.8378,64
0,920,train,2.0611,12.5,64
0,920,train,2.0695,0.0,64
0,920,train,2.068,25.0,64
0,930,train,2.0784,10.473,64
0,930,train,2.0971,0.0,64
0,930,train,2.0758,0.0,64
0,930,train,2.0921,0.0,64
0,940,train,2.0752,14.8649,64
0,940,train,2.0971,12.5,64
0,940,train,2.0804,12.5,64
0,940,train,2.0618,12.5,64
0,950,train,2.079,14.1892,64
0,950,train,2.0595,25.0,64
0,950,train,2.0706,0.0,64
0,950,train,2.1073,0.0,64
0,960,train,2.0765,15.8784,64
0,960,train,2.0735,25.0,64
0,960,train,2.0813,12.5,64
0,960,train,2.0648,12.5,64
0,970,train,2.082,11.4865,64
0,970,train,2.09,12.5,64
0,970,train,2.0973,0.0,64
0,970,train,2.0714,12.5,64
0,980,train,2.0793,13.1757,64
0,980,train,2.0509,37.5,64
0,980,train,2.0502,12.5,64
0,980,train,2.1241,0.0,64
0,990,train,2.0865,8.7838,64
0,990,train,2.0395,25.0,64
0,990,train,2.088,12.5,64
0,990,train,2.0895,0.0,64
0,1000,train,2.0848,10.1351,64
0,1000,train,2.063,37.5,64
0,1000,train,2.1073,0.0,64
0,1000,train,2.0515,25.0,64
0,1010,train,2.0797,13.8514,64
0,1010,train,2.0998,0.0,64
0,1010,train,2.0909,25.0,64
0,1010,train,2.0746,25.0,64
0,1020,train,2.0862,10.1351,64
0,1020,train,2.1093,0.0,64
0,1020,train,2.0906,12.5,64
0,1020,train,2.0867,0.0,64
0,1024,validation,2.0806,13.12,64
0,1024,validation,2.0806,12.64,64
0,1024,validation,2.0808,12.8,64
0,1024,validation,2.0804,12.14,64
0,1030,train,2.0792,12.8378,64
0,1030,train,2.0657,25.0,64
0,1030,train,2.0558,12.5,64
0,1030,train,2.1018,0.0,64
0,1040,train,2.0801,11.4865,64
0,1040,train,2.0562,0.0,64
0,1040,train,2.0777,12.5,64
0,1040,train,2.0556,25.0,64
0,1050,train,2.078,13.1757,64
0,1050,train,2.0675,37.5,64
0,1050,train,2.0666,12.5,64
0,1050,train,2.0705,25.0,64
0,1060,train,2.0822,11.4865,64
0,1060,train,2.1026,12.5,64
0,1060,train,2.1024,0.0,64
0,1060,train,2.0785,25.0,64
0,1070,train,2.082,12.1622,64
0,1070,train,2.0404,37.5,64
0,1070,train,2.0606,25.0,64
0,1070,train,2.0707,0.0,64
0,1080,train,2.0767,13.1757,64
0,1080,train,2.1031,12.5,64
0,1080,train,2.0615,25.0,64
0,1080,train,2.0485,25.0,64
0,1090,train,2.0808,8.4459,64
0,1090,train,2.064,37.5,64
0,1090,train,2.0783,25.0,64
0,1090,train,2.0922,0.0,64
0,1100,train,2.084,10.473,64
0,1100,train,2.0788,0.0,64
0,1100,train,2.0882,0.0,64
0,1100,train,2.0694,12.5,64
0,1110,train,2.0781,14.527,64
0,1110,train,2.093,0.0,64
0,1110,train,2.0481,37.5,64
0,1110,train,2.0767,12.5,64
0,1120,train,2.0759,15.8784,64
0,1120,train,2.0872,0.0,64
0,1120,train,2.0649,0.0,64
0,1120,train,2.0995,12.5,64
0,1130,train,2.0849,10.473,64
0,1130,train,2.0775,12.5,64
0,1130,train,2.0829,12.5,64
0,1130,train,2.0794,0.0,64
0,1140,train,2.0779,10.473,64
0,1140,train,2.0874,0.0,64
0,1140,train,2.0823,25.0,64
0,1140,train,2.0995,0.0,64
0,1150,train,2.0772,13.8514,64
0,1150,train,2.0693,12.5,64
0,1150,train,2.0716,12.5,64
0,1150,train,2.1104,0.0,64
0,1160,train,2.0804,14.1892,64
0,1160,train,2.0753,0.0,64
0,1160,train,2.1023,0.0,64
0,1160,train,2.0893,0.0,64
0,1170,train,2.0807,10.473,64
0,1170,train,2.0639,12.5,64
0,1170,train,2.0666,37.5,64
0,1170,train,2.0995,12.5,64
0,1180,train,2.0805,14.1892,64
0,1180,train,2.088,12.5,64
0,1180,train,2.0902,12.5,64
0,1180,train,2.0986,0.0,64
0,1190,train,2.0776,12.5,64
0,1190,train,2.0643,0.0,64
0,1190,train,2.0633,25.0,64
0,1190,train,2.0601,25.0,64
0,1200,train,2.0823,11.4865,64
0,1200,train,2.1039,0.0,64
0,1200,train,2.0834,12.5,64
0,1200,train,2.0714,25.0,64
0,1210,train,2.0823,12.8378,64
0,1210,train,2.0746,25.0,64
0,1210,train,2.0557,12.5,64
0,1210,train,2.0828,12.5,64
0,1220,train,2.0774,14.527,64
0,1220,train,2.1082,0.0,64
0,1220,train,2.0819,25.0,64
0,1220,train,2.0763,12.5,64
0,1230,train,2.0796,12.8378,64
0,1230,train,2.1036,0.0,64
0,1230,train,2.1037,0.0,64
0,1230,train,2.0972,0.0,64
0,1240,train,2.0802,10.473,64
0,1240,train,2.0464,50.0,64
0,1240,train,2.0861,25.0,64
0,1240,train,2.0886,0.0,64
0,1250,train,2.0779,12.8378,64
0,1250,train,2.0652,25.0,64
0,1250,train,2.0894,12.5,64
0,1250,train,2.0649,12.5,64
0,1260,train,2.0792,12.8378,64
0,1260,train,2.074,0.0,64
0,1260,train,2.1265,0.0,64
0,1260,train,2.086,0.0,64
0,1270,train,2.079,14.1892,64
0,1270,train,2.0755,12.5,64
0,1270,train,2.0775,12.5,64
0,1270,train,2.0856,0.0,64
0,1280,train,2.0787,13.5135,64
0,1280,train,2.0731,25.0,64
0,1280,train,2.108,0.0,64
0,1280,train,2.048,12.5,64
0,1290,train,2.0818,11.1486,64
0,1290,train,2.0631,12.5,64
0,1290,train,2.0791,0.0,64
0,1290,train,2.0898,12.5,64
0,1300,train,2.08,12.8378,64
0,1300,train,2.083,0.0,64
0,1300,train,2.0836,25.0,64
0,1300,train,2.0921,0.0,64
0,1310,train,2.0754,17.5676,64
0,1310,train,2.0633,25.0,64
0,1310,train,2.0818,12.5,64
0,1310,train,2.1284,0.0,64
0,1320,train,2.0804,12.8378,64
0,1320,train,2.1009,0.0,64
0,1320,train,2.0946,12.5,64
0,1320,train,2.0995,0.0,64
0,1330,train,2.0774,11.8243,64
0,1330,train,2.0466,25.0,64
0,1330,train,2.0739,37.5,64
0,1330,train,2.0672,25.0,64
0,1340,train,2.0793,13.1757,64
0,1340,train,2.0844,12.5,64
0,1340,train,2.0592,25.0,64
0,1340,train,2.0703,25.0,64
0,1350,train,2.0817,12.1622,64
0,1350,train,2.0893,25.0,64
0,1350,train,2.1021,12.5,64
0,1350,train,2.0765,12.5,64
0,1360,train,2.0844,11.1486,64
0,1360,train,2.0639,37.5,64
0,1360,train,2.0579,12.5,64
0,1360,train,2.0612,12.5,64
0,1370,train,2.0825,11.4865,64
0,1370,train,2.0675,12.5,64
0,1370,train,2.0736,12.5,64
0,1370,train,2.1174,0.0,64
0,1380,train,2.0821,10.473,64
0,1380,train,2.052,12.5,64
0,1380,train,2.0784,0.0,64
0,1380,train,2.0968,0.0,64
0,1390,train,2.0825,11.4865,64
0,1390,train,2.0483,37.5,64
0,1390,train,2.0716,25.0,64
0,1390,train,2.0466,25.0,64
0,1400,train,2.0792,15.2027,64
0,1400,train,2.0947,12.5,64
0,1400,train,2.1101,0.0,64
0,1400,train,2.0913,25.0,64
0,1410,train,2.0824,12.5,64
0,1410,train,2.0955,0.0,64
0,1410,train,2.0777,12.5,64
0,1410,train,2.0889,12.5,64
0,1420,train,2.0823,10.8108,64
0,1420,train,2.0772,0.0,64
0,1420,train,2.0932,0.0,64
0,1420,train,2.0949,0.0,64
0,1430,train,2.0803,11.4865,64
0,1430,train,2.0534,37.5,64
0,1430,train,2.0704,25.0,64
0,1430,train,2.1067,0.0,64
0,1440,train,2.077,16.5541,64
0,1440,train,2.0872,0.0,64
0,1440,train,2.084,12.5,64
0,1440,train,2.0881,0.0,64
0,1450,train,2.084,12.8378,64
0,1450,train,2.0679,0.0,64
0,1450,train,2.0612,25.0,64
0,1450,train,2.1239,0.0,64
0,1460,train,2.0825,12.8378,64
0,1460,train,2.0824,12.5,64
0,1460,train,2.0649,25.0,64
0,1460,train,2.0789,12.5,64
0,1470,train,2.0784,13.8514,64
0,1470,train,2.0738,12.5,64
0,1470,train,2.069,25.0,64
0,1470,train,2.0859,12.5,64
0,1480,train,2.0834,10.473,64
0,1480,train,2.066,25.0,64
0,1480,train,2.0757,12.5,64
0,1480,train,2.0797,0.0,64
0,1490,train,2.0784,11.8243,64
0,1490,train,2.0937,0.0,64
0,1490,train,2.0582,12.5,64
0,1490,train,2.0643,12.5,64
0,1500,train,2.0809,12.5,64
0,1500,train,2.0885,12.5,64
0,1500,train,2.0598,12.5,64
0,1500,train,2.0978,12.5,64
0,1510,train,2.0828,10.1351,64
0,1510,train,2.0552,50.0,64
0,1510,train,2.0813,0.0,64
0,1510,train,2.0735,25.0,64
0,1520,train,2.0778,12.5,64
0,1520,train,2.1057,0.0,64
0,1520,train,2.0774,12.5,64
0,1520,train,2.0941,0.0,64
0,1530,train,2.0824,11.4865,64
0,1530,train,2.0994,12.5,64
0,1530,train,2.0771,0.0,64
0,1530,train,2.0714,12.5,64
0,1536,validation,2.0801,12.26,64
0,1536,validation,2.0799,12.22,64
0,1536,validation,2.0801,12.36,64
0,1536,validation,2.0801,12.94,64
0,1540,train,2.0777,15.5405,64
0,1540,train,2.0776,12.5,64
0,1540,train,2.0767,25.0,64
0,1540,train,2.0738,12.5,64
0,1550,train,2.079,16.2162,64
0,1550,train,2.0939,0.0,64
0,1550,train,2.0909,12.5,64
0,1550,train,2.0993,0.0,64
0,1560,train,2.0792,13.5135,64
0,1560,train,2.0741,12.5,64
0,1560,train,2.1088,0.0,64
0,1560,train,2.0762,12.5,64
0,1570,train,2.0786,15.8784,64
0,1570,train,2.0591,12.5,64
0,1570,train,2.0687,12.5,64
0,1570,train,2.093,0.0,64
0,1580,train,2.0796,14.1892,64
0,1580,train,2.0798,0.0,64
0,1580,train,2.0704,0.0,64
0,1580,train,2.0897,0.0,64
0,1590,train,2.0824,11.4865,64
0,1590,train,2.1105,0.0,64
0,1590,train,2.0728,0.0,64
0,1590,train,2.0714,12.5,64
0,1600,train,2.0836,12.1622,64
0,1600,train,2.0968,0.0,64
0,1600,train,2.0623,25.0,64
0,1600,train,2.0661,37.5,64
0,1610,train,2.08,11.4865,64
0,1610,train,2.0644,12.5,64
0,1610,train,2.0635,0.0,64
0,1610,train,2.0519,37.5,64
0,1620,train,2.0785,16.2162,64
0,1620,train,2.0681,37.5,64
0,1620,train,2.0784,12.5,64
0,1620,train,2.101,12.5,64
0,1630,train,2.0846,11.8243,64
0,1630,train,2.0752,12.5,64
0,1630,train,2.0662,25.0,64
0,1630,train,2.0467,37.5,64
0,1640,train,2.0777,12.5,64
0,1640,train,2.0593,25.0,64
0,1640,train,2.0808,0.0,64
0,1640,train,2.076,25.0,64
0,1650,train,2.0856,6.4189,64
0,1650,train,2.0893,12.5,64
0,1650,train,2.0943,12.5,64
0,1650,train,2.0877,12.5,64
0,1660,train,2.0863,10.8108,64
0,1660,train,2.0751,0.0,64
0,1660,train,2.0761,12.5,64
0,1660,train,2.1092,0.0,64
0,1670,train,2.0804,10.8108,64
0,1670,train,2.0693,12.5,64
0,1670,train,2.0674,12.5,64
0,1670,train,2.0573,12.5,64
0,1680,train,2.0815,13.1757,64
0,1680,train,2.0828,0.0,64
0,1680,train,2.0833,12.5,64
0,1680,train,2.0598,25.0,64
0,1690,train,2.079,12.5,64
0,1690,train,2.0685,25.0,64
0,1690,train,2.0885,12.5,64
0,1690,train,2.0778,12.5,64
0,1700,train,2.0799,10.473,64
0,1700,train,2.0819,12.5,64
0,1700,train,2.1021,0.0,64
0,1700,train,2.0605,25.0,64
0,1710,train,2.0838,10.473,64
0,1710,train,2.0971,0.0,64
0,1710,train,2.0811,25.0,64
0,1710,train,2.0797,12.5,64
0,1720,train,2.0797,14.1892,64
0,1720,train,2.0823,25.0,64
0,1720,train,2.0769,12.5,64
0,1720,train,2.078,0.0,64
0,1730,train,2.081,13.5135,64
0,1730,train,2.0697,12.5,64
0,1730,train,2.066,25.0,64
0,1730,train,2.0799,12.5,64
0,1740,train,2.083,10.8108,64
0,1740,train,2.0559,12.5,64
0,1740,train,2.0741,25.0,64
0,1740,train,2.0786,12.5,64
0,1750,train,2.0825,10.473,64
0,1750,train,2.0931,0.0,64
0,1750,train,2.0678,25.0,64
0,1750,train,2.0771,12.5,64
0,1760,train,2.081,10.1351,64
0,1760,train,2.0922,0.0,64
0,1760,train,2.0668,25.0,64
0,1760,train,2.0776,25.0,64
0,1770,train,2.0799,12.8378,64
0,1770,train,2.0758,0.0,64
0,1770,train,2.0888,12.5,64
0,1770,train,2.0788,25.0,64
0,1780,train,2.0778,12.1622,64
0,1780,train,2.0798,25.0,64
0,1780,train,2.1014,0.0,64
0,1780,train,2.1035,0.0,64
0,1790,train,2.0834,13.1757,64
0,1790,train,2.0768,0.0,64
0,1790,train,2.0902,0.0,64
0,1790,train,2.078,25.0,64
0,1800,train,2.0787,15.5405,64
0,1800,train,2.0724,12.5,64
0,1800,train,2.085,12.5,64
0,1800,train,2.0876,0.0,64
0,1810,train,2.0764,14.527,64
0,1810,train,2.1,0.0,64
0,1810,train,2.0749,25.0,64
0,1810,train,2.0584,37.5,64
0,1820,train,2.0837,11.8243,64
0,1820,train,2.0968,0.0,64
0,1820,train,2.0729,12.5,64
0,1820,train,2.0925,12.5,64
0,1830,train,2.0791,12.1622,64
0,1830,train,2.0719,0.0,64
0,1830,train,2.086,0.0,64
0,1830,train,2.0601,12.5,64
0,1840,train,2.0784,12.1622,64
0,1840,train,2.0818,0.0,64
0,1840,train,2.0782,0.0,64
0,1840,train,2.0627,12.5,64
0,1850,train,2.0823,11.8243,64
0,1850,train,2.1135,0.0,64
0,1850,train,2.0766,0.0,64
0,1850,train,2.0685,12.5,64
0,1860,train,2.0786,9.4595,64
0,1860,train,2.0715,37.5,64
0,1860,train,2.0702,25.0,64
0,1860,train,2.0765,0.0,64
0,1870,train,2.0834,12.5,64
0,1870,train,2.0789,0.0,64
0,1870,train,2.0762,12.5,64
0,1870,train,2.0785,25.0,64
0,1880,train,2.0818,11.1486,64
0,1880,train,2.0683,12.5,64
0,1880,train,2.092,12.5,64
0,1880,train,2.0707,12.5,64
0,1890,train,2.0789,12.5,64
0,1890,train,2.0922,12.5,64
0,1890,train,2.0832,25.0,64
0,1890,train,2.1059,0.0,64
0,1900,train,2.0811,12.8378,64
0,1900,train,2.0649,12.5,64
0,1900,train,2.0891,0.0,64
0,1900,train,2.0819,12.5,64
0,1910,train,2.0786,13.1757,64
0,1910,train,2.0481,37.5,64
0,1910,train,2.0818,25.0,64
0,1910,train,2.0845,12.5,64
0,1920,train,2.0764,12.8378,64
0,1920,train,2.0675,25.0,64
0,1920,train,2.0948,0.0,64
0,1920,train,2.0874,12.5,64
0,1930,train,2.077,14.1892,64
0,1930,train,2.0548,25.0,64
0,1930,train,2.0732,12.5,64
0,1930,train,2.0968,0.0,64
0,1940,train,2.0781,17.2297,64
0,1940,train,2.1021,0.0,64
0,1940,train,2.0989,0.0,64
0,1940,train,2.0769,25.0,64
0,1950,train,2.0828,13.1757,64
0,1950,train,2.0552,12.5,64
0,1950,train,2.0863,0.0,64
0,1950,train,2.0951,0.0,64
0,1960,train,2.0807,11.1486,64
0,1960,train,2.0856,25.0,64
0,1960,train,2.0914,0.0,64
0,1960,train,2.0786,12.5,64
0,1970,train,2.0817,9.1216,64
0,1970,train,2.0824,0.0,64
0,1970,train,2.0825,0.0,64
0,1970,train,2.0714,12.5,64
0,1980,train,2.0843,13.1757,64
0,1980,train,2.0862,0.0,64
0,1980,train,2.0931,0.0,64
0,1980,train,2.05,25.0,64
0,1990,train,2.0821,9.1216,64
0,1990,train,2.0893,25.0,64
0,1990,train,2.0716,25.0,64
0,1990,train,2.0843,0.0,64
0,2000,train,2.0814,9.1216,64
0,2000,train,2.0709,12.5,64
0,2000,train,2.0943,12.5,64
0,2000,train,2.1036,0.0,64
0,2010,train,2.0769,15.5405,64
0,2010,train,2.101,12.5,64
0,2010,train,2.1039,0.0,64
0,2010,train,2.0778,12.5,64
0,2020,train,2.0821,11.4865,64
0,2020,train,2.0897,12.5,64
0,2020,train,2.0696,37.5,64
0,2020,train,2.0606,37.5,64
0,2030,train,2.0827,11.4865,64
0,2030,train,2.0884,12.5,64
0,2030,train,2.0826,0.0,64
0,2030,train,2.0642,12.5,64
0,2040,train,2.0847,9.4595,64
0,2040,train,2.0842,0.0,64
0,2040,train,2.0764,25.0,64
0,2040,train,2.0687,25.0,64
0,2048,validation,2.0799,12.72,64
0,2048,validation,2.0799,12.6,64
0,2048,validation,2.08,12.04,64
0,2048,validation,2.08,12.48,64
0,2050,train,2.079,11.4865,64
0,2050,train,2.069,37.5,64
0,2050,train,2.0618,25.0,64
0,2050,train,2.0865,12.5,64
0,2060,train,2.077,14.1892,64
0,2060,train,2.0813,12.5,64
0,2060,train,2.0557,37.5,64
0,2060,train,2.0646,12.5,64
0,2070,train,2.0798,13.5135,64
0,2070,train,2.0784,12.5,64
0,2070,train,2.0834,12.5,64
0,2070,train,2.0735,25.0,64
0,2080,train,2.0777,13.8514,64
0,2080,train,2.0626,25.0,64
0,2080,train,2.0996,0.0,64
0,2080,train,2.0816,25.0,64
0,2090,train,2.0806,11.8243,64
0,2090,train,2.0786,12.5,64
0,2090,train,2.0835,12.5,64
0,2090,train,2.0807,12.5,64
0,2100,train,2.0797,12.5,64
0,2100,train,2.0753,12.5,64
0,2100,train,2.0689,25.0,64
0,2100,train,2.0861,25.0,64
0,2110,train,2.0802,10.8108,64
0,2110,train,2.0739,37.5,64
0,2110,train,2.0639,12.5,64
0,2110,train,2.0829,0.0,64
0,2120,train,2.0831,11.8243,64
0,2120,train,2.073,0.0,64
0,2120,train,2.0894,25.0,64
0,2120,train,2.0938,12.5,64
0,2130,train,2.0817,12.1622,64
0,2130,train,2.0848,12.5,64
0,2130,train,2.0843,12.5,64
0,2130,train,2.0649,0.0,64
0,2140,train,2.0798,10.473,64
0,2140,train,2.0966,0.0,64
0,2140,train,2.0815,12.5,64
0,2140,train,2.0834,12.5,64
0,2150,train,2.0773,16.2162,64
0,2150,train,2.0915,25.0,64
0,2150,train,2.0859,12.5,64
0,2150,train,2.0609,25.0,64
0,2160,train,2.079,16.2162,64
0,2160,train,2.0991,0.0,64
0,2160,train,2.099,0.0,64
0,2160,train,2.0425,37.5,64
0,2170,train,2.077,15.8784,64
0,2170,train,2.0708,25.0,64
0,2170,train,2.0745,0.0,64
0,2170,train,2.0978,0.0,64
0,2180,train,2.0803,13.5135,64
0,2180,train,2.0924,0.0,64
0,2180,train,2.0669,50.0,64
0,2180,train,2.0749,12.5,64
0,2190,train,2.0806,12.5,64
0,2190,train,2.0828,0.0,64
0,2190,train,2.0966,12.5,64
0,2190,train,2.0851,12.5,64
0,2200,train,2.0795,17.2297,64
0,2200,train,2.0881,0.0,64
0,2200,train,2.0635,25.0,64
0,2200,train,2.0792,25.0,64
0,2210,train,2.0808,12.8378,64
0,2210,train,2.0849,0.0,64
0,2210,train,2.0943,0.0,64
0,2210,train,2.0907,12.5,64
0,2220,train,2.0786,14.1892,64
0,2220,train,2.0827,12.5,64
0,2220,train,2.0933,0.0,64
0,2220,train,2.0702,12.5,64
0,2230,train,2.0814,14.527,64
0,2230,train,2.0723,0.0,64
0,2230,train,2.1081,0.0,64
0,2230,train,2.099,0.0,64
0,2240,train,2.0814,12.1622,64
0,2240,train,2.0696,0.0,64
0,2240,train,2.086,0.0,64
0,2240,train,2.0745,25.0,64
0,2250,train,2.078,16.5541,64
0,2250,train,2.0801,12.5,64
0,2250,train,2.1175,0.0,64
0,2250,train,2.1068,0.0,64
0,2260,train,2.0783,13.8514,64
0,2260,train,2.096,0.0,64
0,2260,train,2.0965,0.0,64
0,2260,train,2.0675,12.5,64
0,2270,train,2.0787,11.1486,64
0,2270,train,2.0964,25.0,64
0,2270,train,2.1095,0.0,64
0,2270,train,2.0749,0.0,64
0,2280,train,2.0827,9.1216,64
0,2280,train,2.0901,12.5,64
0,2280,train,2.0735,0.0,64
0,2280,train,2.0702,12.5,64
0,2290,train,2.08,14.8649,64
0,2290,train,2.0833,0.0,64
0,2290,train,2.0612,50.0,64
0,2290,train,2.0788,12.5,64
0,2300,train,2.0786,11.8243,64
0,2300,train,2.1003,0.0,64
0,2300,train,2.0799,12.5,64
0,2300,train,2.0689,12.5,64
0,2310,train,2.0808,14.8649,64
0,2310,train,2.091,12.5,64
0,2310,train,2.0805,12.5,64
0,2310,train,2.0803,0.0,64
0,2320,train,2.0784,11.4865,64
0,2320,train,2.0726,25.0,64
0,2320,train,2.062,25.0,64
0,2320,train,2.0659,12.5,64
0,2330,train,2.0832,8.4459,64
0,2330,train,2.0798,12.5,64
0,2330,train,2.0652,12.5,64
0,2330,train,2.0711,25.0,64
0,2340,train,2.0788,12.5,64
0,2340,train,2.075,0.0,64
0,2340,train,2.0615,12.5,64
0,2340,train,2.0776,0.0,64
0,2350,train,2.0778,13.5135,64
0,2350,train,2.0533,25.0,64
0,2350,train,2.0968,0.0,64
0,2350,train,2.0929,0.0,64
0,2360,train,2.0771,12.5,64
0,2360,train,2.1152,12.5,64
0,2360,train,2.0831,12.5,64
0,2360,train,2.0662,25.0,64
0,2370,train,2.0796,10.1351,64
0,2370,train,2.0827,0.0,64
0,2370,train,2.0838,0.0,64
0,2370,train,2.0719,25.0,64
0,2380,train,2.08,12.8378,64
0,2380,train,2.0967,0.0,64
0,2380,train,2.0943,0.0,64
0,2380,train,2.0817,25.0,64
0,2390,train,2.0824,12.5,64
0,2390,train,2.0918,12.5,64
0,2390,train,2.0865,12.5,64
0,2390,train,2.0546,25.0,64
0,2400,train,2.082,12.1622,64
0,2400,train,2.0892,0.0,64
0,2400,train,2.0696,12.5,64
0,2400,train,2.0865,12.5,64
0,2410,train,2.0798,13.5135,64
0,2410,train,2.0692,37.5,64
0,2410,train,2.0707,0.0,64
0,2410,train,2.0949,12.5,64
0,2420,train,2.0774,15.8784,64
0,2420,train,2.0769,25.0,64
0,2420,train,2.0921,12.5,64
0,2420,train,2.1021,0.0,64
0,2430,train,2.0787,11.4865,64
0,2430,train,2.0849,0.0,64
0,2430,train,2.0871,0.0,64
0,2430,train,2.0897,12.5,64
0,2440,train,2.0802,12.5,64
0,2440,train,2.0681,12.5,64
0,2440,train,2.0705,12.5,64
0,2440,train,2.0995,12.5,64
0,2450,train,2.0798,11.4865,64
0,2450,train,2.0789,0.0,64
0,2450,train,2.1039,0.0,64
0,2450,train,2.0777,25.0,64
0,2460,train,2.0779,14.527,64
0,2460,train,2.0618,25.0,64
0,2460,train,2.0698,12.5,64
0,2460,train,2.0852,12.5,64
0,2470,train,2.0817,12.8378,64
0,2470,train,2.0705,25.0,64
0,2470,train,2.0999,0.0,64
0,2470,train,2.0588,25.0,64
0,2480,train,2.0823,10.8108,64
0,2480,train,2.1065,0.0,64
0,2480,train,2.1055,0.0,64
0,2480,train,2.073,12.5,64
0,2490,train,2.0798,15.5405,64
0,2490,train,2.0796,25.0,64
0,2490,train,2.0635,37.5,64
0,2490,train,2.1042,0.0,64
0,2500,train,2.081,10.8108,64
0,2500,train,2.0677,0.0,64
0,2500,train,2.0557,37.5,64
0,2500,train,2.068,25.0,64
0,2510,train,2.0781,13.8514,64
0,2510,train,2.0759,25.0,64
0,2510,train,2.1128,12.5,64
0,2510,train,2.0756,25.0,64
0,2520,train,2.0793,14.8649,64
0,2520,train,2.0919,0.0,64
0,2520,train,2.0743,12.5,64
0,2520,train,2.071,25.0,64
0,2530,train,2.0774,12.1622,64
0,2530,train,2.0856,12.5,64
0,2530,train,2.0863,0.0,64
0,2530,train,2.0716,12.5,64
0,2540,train,2.0809,13.1757,64
0,2540,train,2.0716,12.5,64
0,2540,train,2.0715,12.5,64
0,2540,train,2.0783,12.5,64
0,2550,train,2.0792,12.1622,64
0,2550,train,2.0649,25.0,64
0,2550,train,2.0997,0.0,64
0,2550,train,2.0672,12.5,64
0,2560,train,2.0811,11.1486,64
0,2560,validation,2.0798,12.9,64
0,2560,train,2.0695,25.0,64
0,2560,validation,2.0799,12.66,64
0,2560,train,2.0891,0.0,64
0,2560,validation,2.0797,12.62,64
0,2560,train,2.0927,12.5,64
0,2560,validation,2.0801,12.2,64
0,2570,train,2.0827,11.8243,64
0,2570,train,2.069,37.5,64
0,2570,train,2.0932,0.0,64
0,2570,train,2.0713,12.5,64
0,2580,train,2.0828,11.4865,64
0,2580,train,2.0916,12.5,64
0,2580,train,2.0675,25.0,64
0,2580,train,2.0726,12.5,64
0,2590,train,2.0785,12.5,64
0,2590,train,2.0799,12.5,64
0,2590,train,2.0812,25.0,64
0,2590,train,2.1027,12.5,64
0,2600,train,2.078,14.1892,64
0,2600,train,2.0796,0.0,64
0,2600,train,2.0731,25.0,64
0,2600,train,2.0814,12.5,64
0,2610,train,2.0796,12.5,64
0,2610,train,2.0894,12.5,64
0,2610,train,2.0733,0.0,64
0,2610,train,2.068,12.5,64
0,2620,train,2.0781,17.5676,64
0,2620,train,2.0749,0.0,64
0,2620,train,2.0769,12.5,64
0,2620,train,2.0989,0.0,64
0,2630,train,2.0799,11.8243,64
0,2630,train,2.0925,0.0,64
0,2630,train,2.0821,12.5,64
0,2630,train,2.0685,25.0,64
0,2640,train,2.0817,11.8243,64
0,2640,train,2.0679,25.0,64
0,2640,train,2.0907,0.0,64
0,2640,train,2.0944,12.5,64
0,2650,train,2.0796,12.1622,64
0,2650,train,2.0923,0.0,64
0,2650,train,2.0879,0.0,64
0,2650,train,2.0974,0.0,64
0,2660,train,2.0845,13.1757,64
0,2660,train,2.0887,0.0,64
0,2660,train,2.062,25.0,64
0,2660,train,2.0977,0.0,64
0,2670,train,2.0784,14.8649,64
0,2670,train,2.07,25.0,64
0,2670,train,2.0817,12.5,64
0,2670,train,2.0596,12.5,64
0,2680,train,2.0782,13.1757,64
0,2680,train,2.0732,12.5,64
0,2680,train,2.0814,12.5,64
0,2680,train,2.0756,12.5,64
0,2690,train,2.0807,11.4865,64
0,2690,train,2.0674,25.0,64
0,2690,train,2.092,0.0,64
0,2690,train,2.0749,0.0,64
0,2700,train,2.0814,10.473,64
0,2700,train,2.0825,12.5,64
0,2700,train,2.0801,12.5,64
0,2700,train,2.0781,12.5,64
0,2710,train,2.0786,11.4865,64
0,2710,train,2.0765,12.5,64
0,2710,train,2.082,0.0,64
0,2710,train,2.078,25.0,64
0,2720,train,2.08,13.8514,64
0,2720,train,2.0791,12.5,64
0,2720,train,2.0791,0.0,64
0,2720,train,2.0725,0.0,64
0,2730,train,2.0782,14.527,64
0,2730,train,2.0804,12.5,64
0,2730,train,2.0719,12.5,64
0,2730,train,2.0813,12.5,64
0,2740,train,2.0785,14.527,64
0,2740,train,2.0574,25.0,64
0,2740,train,2.0698,25.0,64
0,2740,train,2.0849,12.5,64
0,2750,train,2.0827,11.4865,64
0,2750,train,2.0843,0.0,64
0,2750,train,2.0878,0.0,64
0,2750,train,2.0693,25.0,64
0,2760,train,2.0782,13.5135,64
0,2760,train,2.1049,0.0,64
0,2760,train,2.0614,37.5,64
0,2760,train,2.0837,12.5,64
0,2770,train,2.0778,13.8514,64
0,2770,train,2.0782,12.5,64
0,2770,train,2.0885,12.5,64
0,2770,train,2.0732,0.0,64
0,2780,train,2.0785,13.1757,64
0,2780,train,2.076,12.5,64
0,2780,train,2.0955,12.5,64
0,2780,train,2.0803,12.5,64
0,2790,train,2.0777,12.5,64
0,2790,train,2.09,0.0,64
0,2790,train,2.0868,0.0,64
0,2790,train,2.0741,0.0,64
0,2800,train,2.0781,12.5,64
0,2800,train,2.0869,12.5,64
0,2800,train,2.0761,37.5,64
0,2800,train,2.0699,12.5,64
0,2810,train,2.0797,11.1486,64
0,2810,train,2.0755,12.5,64
0,2810,train,2.0846,25.0,64
0,2810,train,2.083,0.0,64
0,2820,train,2.0836,9.7973,64
0,2820,train,2.0804,25.0,64
0,2820,train,2.0617,25.0,64
0,2820,train,2.0827,25.0,64
0,2830,train,2.0812,11.8243,64
0,2830,train,2.0846,0.0,64
0,2830,train,2.0834,12.5,64
0,2830,train,2.0897,12.5,64
0,2840,train,2.0797,12.8378,64
0,2840,train,2.0687,25.0,64
0,2840,train,2.0861,12.5,64
0,2840,train,2.0822,12.5,64
0,2850,train,2.0792,15.5405,64
0,2850,train,2.0849,25.0,64
0,2850,train,2.075,12.5,64
0,2850,train,2.0844,0.0,64
0,2860,train,2.0784,13.8514,64
0,2860,train,2.0756,12.5,64
0,2860,train,2.0735,12.5,64
0,2860,train,2.07,12.5,64
0,2870,train,2.0794,13.5135,64
0,2870,train,2.0868,0.0,64
0,2870,train,2.0651,25.0,64
0,2870,train,2.0827,12.5,64
0,2880,train,2.0823,13.1757,64
0,2880,train,2.0753,12.5,64
0,2880,train,2.0707,12.5,64
0,2880,train,2.0715,25.0,64
0,2890,train,2.0812,13.1757,64
0,2890,train,2.0874,0.0,64
0,2890,train,2.0628,25.0,64
0,2890,train,2.0935,0.0,64
0,2900,train,2.0791,13.1757,64
0,2900,train,2.074,12.5,64
0,2900,train,2.0721,25.0,64
0,2900,train,2.0884,12.5,64
0,2910,train,2.0801,12.8378,64
0,2910,train,2.0572,62.5,64
0,2910,train,2.0803,12.5,64
0,2910,train,2.0591,50.0,64
0,2920,train,2.0799,12.1622,64
0,2920,train,2.0665,12.5,64
0,2920,train,2.072,12.5,64
0,2920,train,2.076,25.0,64
0,2930,train,2.0792,14.527,64
0,2930,train,2.078,12.5,64
0,2930,train,2.0901,12.5,64
0,2930,train,2.0848,12.5,64
0,2940,train,2.0818,11.1486,64
0,2940,train,2.0787,0.0,64
0,2940,train,2.0704,25.0,64
0,2940,train,2.0941,0.0,64
0,2950,train,2.0796,12.1622,64
0,2950,train,2.0916,12.5,64
0,2950,train,2.0598,37.5,64
0,2950,train,2.0883,12.5,64
0,2960,train,2.0806,12.8378,64
0,2960,train,2.0793,0.0,64
0,2960,train,2.0906,12.5,64
0,2960,train,2.0588,37.5,64
0,2970,train,2.0832,9.4595,64
0,2970,train,2.0657,37.5,64
0,2970,train,2.0721,37.5,64
0,2970,train,2.0917,0.0,64
0,2980,train,2.0797,11.1486,64
0,2980,train,2.0771,12.5,64
0,2980,train,2.0832,0.0,64
0,2980,train,2.0833,0.0,64
0,2990,train,2.079,13.5135,64
0,2990,train,2.069,37.5,64
0,2990,train,2.0759,25.0,64
0,2990,train,2.0794,0.0,64
0,3000,train,2.0833,8.4459,64
0,3000,train,2.0758,0.0,64
0,3000,train,2.0801,0.0,64
0,3000,train,2.0795,12.5,64
0,3010,train,2.0802,13.5135,64
0,3010,train,2.0875,0.0,64
0,3010,train,2.0705,0.0,64
0,3010,train,2.0723,12.5,64
0,3020,train,2.081,10.473,64
0,3020,train,2.0624,37.5,64
0,3020,train,2.0899,0.0,64
0,3020,train,2.093,0.0,64
0,3030,train,2.0819,9.7973,64
0,3030,train,2.0889,12.5,64
0,3030,train,2.087,12.5,64
0,3030,train,2.0796,12.5,64
0,3040,train,2.0784,13.8514,64
0,3040,train,2.0718,12.5,64
0,3040,train,2.0741,12.5,64
0,3040,train,2.0644,12.5,64
0,3050,train,2.0791,14.1892,64
0,3050,train,2.0694,25.0,64
0,3050,train,2.0902,12.5,64
0,3050,train,2.0787,0.0,64
0,3060,train,2.0782,12.5,64
0,3060,train,2.0778,25.0,64
0,3060,train,2.0847,12.5,64
0,3060,train,2.0657,37.5,64
0,3070,train,2.0825,13.1757,64
0,3070,train,2.0826,0.0,64
0,3070,train,2.0925,0.0,64
0,3070,train,2.0735,12.5,64
0,3072,validation,2.0796,12.46,64
0,3072,validation,2.0799,12.88,64
0,3072,validation,2.0798,12.42,64
0,3072,validation,2.0798,12.32,64
0,3080,train,2.0802,12.5,64
0,3080,train,2.0897,0.0,64
0,3080,train,2.093,0.0,64
0,3080,train,2.0895,0.0,64
0,3090,train,2.079,10.473,64
0,3090,train,2.0821,12.5,64
0,3090,train,2.0794,25.0,64
0,3090,train,2.0787,0.0,64
0,3100,train,2.0812,10.473,64
0,3100,train,2.0899,12.5,64
0,3100,train,2.0903,0.0,64
0,3100,train,2.083,0.0,64
0,3110,train,2.0781,12.8378,64
0,3110,train,2.0679,25.0,64
0,3110,train,2.0859,12.5,64
0,3110,train,2.0725,12.5,64
0,3120,train,2.0801,11.8243,64
0,3120,train,2.0894,25.0,64
0,3120,train,2.0804,0.0,64
0,3120,train,2.0787,25.0,64
0,3130,train,2.0833,9.1216,64
0,3130,train,2.067,37.5,64
0,3130,train,2.0885,0.0,64
0,3130,train,2.0738,25.0,64
0,3140,train,2.0799,9.4595,64
0,3140,train,2.0769,37.5,64
0,3140,train,2.0759,25.0,64
0,3140,train,2.0727,12.5,64
0,3150,train,2.0805,11.8243,64
0,3150,train,2.0819,0.0,64
0,3150,train,2.0649,25.0,64
0,3150,train,2.0752,12.5,64
0,3160,train,2.0786,15.5405,64
0,3160,train,2.0735,12.5,64
0,3160,train,2.0911,12.5,64
0,3160,train,2.0685,25.0,64
0,3170,train,2.0819,8.7838,64
0,3170,train,2.0918,12.5,64
0,3170,train,2.0763,0.0,64
0,3170,train,2.0803,0.0,64
0,3180,train,2.0799,14.527,64
0,3180,train,2.0654,12.5,64
0,3180,train,2.0869,0.0,64
0,3180,train,2.0832,0.0,64
0,3190,train,2.0815,10.8108,64
0,3190,train,2.0764,12.5,64
0,3190,train,2.1067,0.0,64
0,3190,train,2.0905,0.0,64
0,3200,train,2.0791,12.5,64
0,3200,train,2.0719,12.5,64
0,3200,train,2.0822,12.5,64
0,3200,train,2.0853,0.0,64
0,3210,train,2.0799,16.2162,64
0,3210,train,2.0906,0.0,64
0,3210,train,2.0839,12.5,64
0,3210,train,2.083,12.5,64
0,3220,train,2.0833,9.4595,64
0,3220,train,2.0789,0.0,64
0,3220,train,2.0744,12.5,64
0,3220,train,2.0784,0.0,64
1,3230,train,2.0776,14.1892,64
1,3230,train,2.0911,0.0,64
1,3230,train,2.0811,12.5,64
1,3230,train,2.0811,12.5,64
1,3240,train,2.0785,14.527,64
1,3240,train,2.0665,37.5,64
1,3240,train,2.0831,12.5,64
1,3240,train,2.1032,0.0,64
1,3250,train,2.0804,11.1486,64
1,3250,train,2.0759,12.5,64
1,3250,train,2.0829,0.0,64
1,3250,train,2.0879,0.0,64
1,3260,train,2.079,14.527,64
1,3260,train,2.0768,0.0,64
1,3260,train,2.0715,37.5,64
1,3260,train,2.0836,0.0,64
1,3270,train,2.0816,10.1351,64
1,3270,train,2.0649,12.5,64
1,3270,train,2.0975,12.5,64
1,3270,train,2.079,0.0,64
1,3280,train,2.083,11.1486,64
1,3280,train,2.0739,12.5,64
1,3280,train,2.0928,0.0,64
1,3280,train,2.0854,0.0,64
1,3290,train,2.0786,14.1892,64
1,3290,train,2.0844,0.0,64
1,3290,train,2.0852,0.0,64
1,3290,train,2.0955,0.0,64
1,3300,train,2.0818,13.1757,64
1,3300,train,2.0866,0.0,64
1,3300,train,2.0748,12.5,64
1,3300,train,2.101,0.0,64
1,3310,train,2.0782,12.5,64
1,3310,train,2.0831,12.5,64
1,3310,train,2.0757,12.5,64
1,3310,train,2.0827,0.0,64
1,3320,train,2.0826,12.5,64
1,3320,train,2.0755,25.0,64
1,3320,train,2.0724,0.0,64
1,3320,train,2.0985,0.0,64
1,3330,train,2.0799,10.1351,64
1,3330,train,2.0729,25.0,64
1,3330,train,2.0856,0.0,64
1,3330,train,2.0703,37.5,64
1,3340,train,2.0811,11.8243,64
1,3340,train,2.0642,12.5,64
1,3340,train,2.0771,25.0,64
1,3340,train,2.0888,0.0,64
1,3350,train,2.0808,13.1757,64
1,3350,train,2.087,0.0,64
1,3350,train,2.0672,12.5,64
1,3350,train,2.0714,25.0,64
1,3360,train,2.0792,14.1892,64
1,3360,train,2.0688,0.0,64
1,3360,train,2.0803,12.5,64
1,3360,train,2.0872,0.0,64
1,3370,train,2.0809,11.4865,64
1,3370,train,2.0864,12.5,64
1,3370,train,2.0895,0.0,64
1,3370,train,2.0812,0.0,64
1,3380,train,2.0811,14.8649,64
1,3380,train,2.0863,25.0,64
1,3380,train,2.0811,25.0,64
1,3380,train,2.0726,12.5,64
1,3390,train,2.0794,15.2027,64
1,3390,train,2.0752,0.0,64
1,3390,train,2.0767,12.5,64
1,3390,train,2.0767,12.5,64
1,3400,train,2.0804,11.8243,64
1,3400,train,2.0638,37.5,64
1,3400,train,2.0701,25.0,64
1,3400,train,2.0896,0.0,64
1,3410,train,2.0761,17.5676,64
1,3410,train,2.0951,0.0,64
1,3410,train,2.0737,12.5,64
1,3410,train,2.0795,25.0,64
1,3420,train,2.0795,14.8649,64
1,3420,train,2.0827,0.0,64
1,3420,train,2.0947,0.0,64
1,3420,train,2.0734,12.5,64
1,3430,train,2.0775,11.8243,64
1,3430,train,2.0847,0.0,64
1,3430,train,2.0841,12.5,64
1,3430,train,2.088,12.5,64
1,3440,train,2.0826,12.8378,64
1,3440,train,2.0691,25.0,64
1,3440,train,2.0661,12.5,64
1,3440,train,2.0767,0.0,64
1,3450,train,2.0773,14.1892,64
1,3450,train,2.0697,12.5,64
1,3450,train,2.0958,0.0,64
1,3450,train,2.0675,12.5,64
1,3460,train,2.0791,11.4865,64
1,3460,train,2.0837,0.0,64
1,3460,train,2.0842,12.5,64
1,3460,train,2.095,0.0,64
1,3470,train,2.0787,11.8243,64
1,3470,train,2.0785,12.5,64
1,3470,train,2.0786,0.0,64
1,3470,train,2.081,0.0,64
1,3480,train,2.0809,12.8378,64
1,3480,train,2.0848,0.0,64
1,3480,train,2.0826,12.5,64
1,3480,train,2.0816,25.0,64
1,3490,train,2.0805,12.5,64
1,3490,train,2.0789,25.0,64
1,3490,train,2.0718,25.0,64
1,3490,train,2.0908,0.0,64
1,3500,train,2.0783,12.1622,64
1,3500,train,2.0753,0.0,64
1,3500,train,2.0739,25.0,64
1,3500,train,2.0773,25.0,64
1,3510,train,2.0802,9.1216,64
1,3510,train,2.0786,12.5,64
1,3510,train,2.0847,12.5,64
1,3510,train,2.0754,25.0,64
1,3520,train,2.0795,14.8649,64
1,3520,train,2.0738,0.0,64
1,3520,train,2.0678,37.5,64
1,3520,train,2.0929,0.0,64
1,3530,train,2.0779,16.5541,64
1,3530,train,2.0748,12.5,64
1,3530,train,2.093,0.0,64
1,3530,train,2.0832,0.0,64
1,3540,train,2.0778,15.8784,64
1,3540,train,2.0689,0.0,64
1,3540,train,2.0932,0.0,64
1,3540,train,2.0724,12.5,64
1,3550,train,2.077,13.8514,64
1,3550,train,2.0827,12.5,64
1,3550,train,2.0791,12.5,64
1,3550,train,2.0943,0.0,64
1,3560,train,2.0804,12.8378,64
1,3560,train,2.0837,0.0,64
1,3560,train,2.0931,0.0,64
1,3560,train,2.0765,0.0,64
1,3570,train,2.0792,15.5405,64
1,3570,train,2.0883,12.5,64
1,3570,train,2.0736,25.0,64
1,3570,train,2.0894,0.0,64
1,3580,train,2.0793,12.1622,64
1,3580,train,2.078,12.5,64
1,3580,train,2.0972,0.0,64
1,3580,train,2.0871,0.0,64
1,3584,validation,2.0796,12.48,64
1,3584,validation,2.0797,12.82,64
1,3584,validation,2.0798,12.66,64
1,3584,validation,2.0796,12.68,64
1,3590,train,2.0815,7.7703,64
1,3590,train,2.1007,0.0,64
1,3590,train,2.0837,12.5,64
1,3590,train,2.0859,0.0,64
1,3600,train,2.0812,10.473,64
1,3600,train,2.0681,12.5,64
1,3600,train,2.0753,12.5,64
1,3600,train,2.0577,50.0,64
1,3610,train,2.0804,13.5135,64
1,3610,train,2.0945,12.5,64
1,3610,train,2.0842,12.5,64
1,3610,train,2.0601,37.5,64
1,3620,train,2.0807,14.527,64
1,3620,train,2.0805,12.5,64
1,3620,train,2.0974,0.0,64
1,3620,train,2.0694,12.5,64
1,3630,train,2.0791,15.2027,64
1,3630,train,2.0742,0.0,64
1,3630,train,2.0629,25.0,64
1,3630,train,2.0751,25.0,64
1,3640,train,2.0779,12.1622,64
1,3640,train,2.0883,12.5,64
1,3640,train,2.0922,12.5,64
1,3640,train,2.088,0.0,64
1,3650,train,2.0791,14.1892,64
1,3650,train,2.0755,12.5,64
1,3650,train,2.063,25.0,64
1,3650,train,2.0817,12.5,64
1,3660,train,2.0783,11.4865,64
1,3660,train,2.0797,25.0,64
1,3660,train,2.0894,12.5,64
1,3660,train,2.0686,12.5,64
1,3670,train,2.0788,14.8649,64
1,3670,train,2.0753,0.0,64
1,3670,train,2.0943,0.0,64
1,3670,train,2.081,12.5,64
1,3680,train,2.0793,11.8243,64
1,3680,train,2.0786,0.0,64
1,3680,train,2.0694,12.5,64
1,3680,train,2.0792,0.0,64
1,3690,train,2.0804,10.8108,64
1,3690,train,2.0822,0.0,64
1,3690,train,2.0726,0.0,64
1,3690,train,2.0917,0.0,64
1,3700,train,2.0832,10.473,64
1,3700,train,2.0749,25.0,64
1,3700,train,2.0936,0.0,64
1,3700,train,2.0877,12.5,64
1,3710,train,2.0783,11.8243,64
1,3710,train,2.0784,12.5,64
1,3710,train,2.0852,12.5,64
1,3710,train,2.0887,0.0,64
1,3720,train,2.0781,11.4865,64
1,3720,train,2.0919,0.0,64
1,3720,train,2.0653,25.0,64
1,3720,train,2.0881,0.0,64
1,3730,train,2.0808,13.1757,64
1,3730,train,2.0837,12.5,64
1,3730,train,2.0716,25.0,64
1,3730,train,2.0913,12.5,64
1,3740,train,2.0813,12.1622,64
1,3740,train,2.0956,0.0,64
1,3740,train,2.0688,25.0,64
1,3740,train,2.0837,0.0,64
1,3750,train,2.0817,7.7703,64
1,3750,train,2.0806,25.0,64
1,3750,train,2.0879,0.0,64
1,3750,train,2.0814,0.0,64
1,3760,train,2.0799,14.1892,64
1,3760,train,2.0837,0.0,64
1,3760,train,2.0852,0.0,64
1,3760,train,2.0786,12.5,64
1,3770,train,2.0793,12.1622,64
1,3770,train,2.0909,0.0,64
1,3770,train,2.0818,12.5,64
1,3770,train,2.0896,0.0,64
1,3780,train,2.0802,11.1486,64
1,3780,train,2.0754,12.5,64
1,3780,train,2.0643,37.5,64
1,3780,train,2.0713,25.0,64
1,3790,train,2.0805,12.8378,64
1,3790,train,2.0788,0.0,64
1,3790,train,2.0797,25.0,64
1,3790,train,2.0802,0.0,64
1,3800,train,2.0784,13.1757,64
1,3800,train,2.0711,37.5,64
1,3800,train,2.0721,12.5,64
1,3800,train,2.0742,25.0,64
1,3810,train,2.0805,11.8243,64
1,3810,train,2.0807,0.0,64
1,3810,train,2.0861,12.5,64
1,3810,train,2.0819,25.0,64
1,3820,train,2.0786,13.1757,64
1,3820,train,2.0693,12.5,64
1,3820,train,2.0814,0.0,64
1,3820,train,2.0807,12.5,64
1,3830,train,2.0785,12.1622,64
1,3830,train,2.0837,0.0,64
1,3830,train,2.0589,0.0,64
1,3830,train,2.0754,25.0,64
1,3840,train,2.081,10.1351,64
1,3840,train,2.081,0.0,64
1,3840,train,2.0936,0.0,64
1,3840,train,2.0787,12.5,64
1,3850,train,2.0773,14.1892,64
1,3850,train,2.0866,12.5,64
1,3850,train,2.0778,0.0,64
1,3850,train,2.078,12.5,64
1,3860,train,2.0784,12.1622,64
1,3860,train,2.0852,12.5,64
1,3860,train,2.0652,25.0,64
1,3860,train,2.0869,0.0,64
1,3870,train,2.0764,16.5541,64
1,3870,train,2.0988,0.0,64
1,3870,train,2.0878,12.5,64
1,3870,train,2.0806,25.0,64
1,3880,train,2.0804,13.1757,64
1,3880,train,2.0936,25.0,64
1,3880,train,2.0812,12.5,64
1,3880,train,2.0835,0.0,64
1,3890,train,2.0809,11.1486,64
1,3890,train,2.0777,25.0,64
1,3890,train,2.0864,12.5,64
1,3890,train,2.0773,25.0,64
1,3900,train,2.0788,15.2027,64
1,3900,train,2.0789,12.5,64
1,3900,train,2.0886,12.5,64
1,3900,train,2.0816,0.0,64
1,3910,train,2.08,13.1757,64
1,3910,train,2.0837,12.5,64
1,3910,train,2.0799,25.0,64
1,3910,train,2.0617,12.5,64
1,3920,train,2.0813,13.8514,64
1,3920,train,2.0756,25.0,64
1,3920,train,2.0808,12.5,64
1,3920,train,2.0749,25.0,64
1,3930,train,2.0801,10.8108,64
1,3930,train,2.0846,25.0,64
1,3930,train,2.0785,12.5,64
1,3930,train,2.0944,0.0,64
1,3940,train,2.0793,11.1486,64
1,3940,train,2.0841,12.5,64
1,3940,train,2.0708,37.5,64
1,3940,train,2.09,12.5,64
1,3950,train,2.0813,13.8514,64
1,3950,train,2.0635,37.5,64
1,3950,train,2.0775,25.0,64
1,3950,train,2.0707,25.0,64
1,3960,train,2.0801,14.527,64
1,3960,train,2.0744,0.0,64
1,3960,train,2.0716,25.0,64
1,3960,train,2.0758,25.0,64
1,3970,train,2.0815,13.8514,64
1,3970,train,2.0827,12.5,64
1,3970,train,2.0828,0.0,64
1,3970,train,2.0988,0.0,64
1,3980,train,2.0819,11.4865,64
1,3980,train,2.0722,50.0,64
1,3980,train,2.0865,0.0,64
1,3980,train,2.1153,0.0,64
1,3990,train,2.0811,11.1486,64
1,3990,train,2.0828,0.0,64
1,3990,train,2.0802,12.5,64
1,3990,train,2.0759,0.0,64
1,4000,train,2.0782,13.5135,64
1,4000,train,2.0824,12.5,64
1,4000,train,2.0902,0.0,64
1,4000,train,2.0752,0.0,64
1,4010,train,2.0777,14.527,64
1,4010,train,2.0698,12.5,64
1,4010,train,2.0882,12.5,64
1,4010,train,2.0921,0.0,64
1,4020,train,2.0794,11.4865,64
1,4020,train,2.0848,0.0,64
1,4020,train,2.071,25.0,64
1,4020,train,2.0595,50.0,64
1,4030,train,2.0826,9.7973,64
1,4030,train,2.0696,37.5,64
1,4030,train,2.0847,0.0,64
1,4030,train,2.0752,12.5,64
1,4040,train,2.0812,10.1351,64
1,4040,train,2.0846,12.5,64
1,4040,train,2.0778,0.0,64
1,4040,train,2.0773,12.5,64
1,4050,train,2.0818,12.1622,64
1,4050,train,2.08,12.5,64
1,4050,train,2.0962,0.0,64
1,4050,train,2.0731,25.0,64
1,4060,train,2.0786,13.8514,64
1,4060,train,2.0719,25.0,64
1,4060,train,2.0817,12.5,64
1,4060,train,2.0875,12.5,64
1,4070,train,2.0799,12.1622,64
1,4070,train,2.0666,12.5,64
1,4070,train,2.0886,0.0,64
1,4070,train,2.0683,37.5,64
1,4080,train,2.079,11.4865,64
1,4080,train,2.0699,25.0,64
1,4080,train,2.0705,37.5,64
1,4080,train,2.0817,12.5,64
1,4090,train,2.0809,9.4595,64
1,4090,train,2.0788,12.5,64
1,4090,train,2.0796,0.0,64
1,4090,train,2.0763,12.5,64
1,4096,validation,2.0796,13.02,64
1,4096,validation,2.0796,12.3,64
1,4096,validation,2.0795,12.78,64
1,4096,validation,2.0796,12.52,64
1,4100,train,2.0812,11.1486,64
1,4100,train,2.0867,0.0,64
1,4100,train,2.0846,12.5,64
1,4100,train,2.0703,12.5,64
1,4110,train,2.0798,10.8108,64
1,4110,train,2.0771,25.0,64
1,4110,train,2.0804,0.0,64
1,4110,train,2.0771,0.0,64
1,4120,train,2.0793,14.8649,64
1,4120,train,2.0771,25.0,64
1,4120,train,2.0595,25.0,64
1,4120,train,2.0794,12.5,64
1,4130,train,2.0804,8.7838,64
1,4130,train,2.0678,25.0,64
1,4130,train,2.0729,0.0,64
1,4130,train,2.0735,12.5,64
1,4140,train,2.079,13.5135,64
1,4140,train,2.065,25.0,64
1,4140,train,2.0809,0.0,64
1,4140,train,2.0809,12.5,64
1,4150,train,2.0815,10.8108,64
1,4150,train,2.0784,0.0,64
1,4150,train,2.0776,25.0,64
1,4150,train,2.0725,12.5,64
1,4160,train,2.078,14.8649,64
1,4160,train,2.0857,12.5,64
1,4160,train,2.0846,25.0,64
1,4160,train,2.0781,12.5,64
1,4170,train,2.0796,15.2027,64
1,4170,train,2.0758,0.0,64
1,4170,train,2.0906,0.0,64
1,4170,train,2.0656,25.0,64
1,4180,train,2.079,13.8514,64
1,4180,train,2.0816,12.5,64
1,4180,train,2.0897,12.5,64
1,4180,train,2.0865,12.5,64
1,4190,train,2.0799,16.5541,64
1,4190,train,2.0659,12.5,64
1,4190,train,2.0799,12.5,64
1,4190,train,2.0888,0.0,64
1,4200,train,2.0783,14.1892,64
1,4200,train,2.0715,12.5,64
1,4200,train,2.088,0.0,64
1,4200,train,2.0701,12.5,64
1,4210,train,2.0818,12.5,64
1,4210,train,2.0784,12.5,64
1,4210,train,2.0729,12.5,64
1,4210,train,2.0667,37.5,64
1,4220,train,2.0807,15.2027,64
1,4220,train,2.0787,25.0,64
1,4220,train,2.0936,0.0,64
1,4220,train,2.077,0.0,64
1,4230,train,2.0817,9.7973,64
1,4230,train,2.0774,37.5,64
1,4230,train,2.0847,0.0,64
1,4230,train,2.0845,12.5,64
1,4240,train,2.0817,10.8108,64
1,4240,train,2.0941,0.0,64
1,4240,train,2.077,0.0,64
1,4240,train,2.0821,0.0,64
1,4250,train,2.0816,12.8378,64
1,4250,train,2.0668,37.5,64
1,4250,train,2.0717,25.0,64
1,4250,train,2.0776,12.5,64
1,4260,train,2.0805,13.1757,64
1,4260,train,2.0741,12.5,64
1,4260,train,2.0766,12.5,64
1,4260,train,2.0789,25.0,64
1,4270,train,2.0793,12.1622,64
1,4270,train,2.0826,0.0,64
1,4270,train,2.0693,25.0,64
1,4270,train,2.0745,0.0,64
1,4280,train,2.0787,14.1892,64
1,4280,train,2.0798,12.5,64
1,4280,train,2.0678,0.0,64
1,4280,train,2.0776,0.0,64
1,4290,train,2.0829,8.1081,64
1,4290,train,2.0847,25.0,64
1,4290,train,2.066,25.0,64
1,4290,train,2.0755,12.5,64
1,4300,train,2.0799,10.8108,64
1,4300,train,2.0793,0.0,64
1,4300,train,2.0808,12.5,64
1,4300,train,2.0884,0.0,64
1,4310,train,2.0817,9.7973,64
1,4310,train,2.0884,12.5,64
1,4310,train,2.0736,12.5,64
1,4310,train,2.0701,12.5,64
1,4320,train,2.082,10.1351,64
1,4320,train,2.0864,0.0,64
1,4320,train,2.0723,0.0,64
1,4320,train,2.087,0.0,64
1,4330,train,2.0807,10.8108,64
1,4330,train,2.0914,0.0,64
1,4330,train,2.0732,12.5,64
1,4330,train,2.0863,0.0,64
1,4340,train,2.0782,12.1622,64
1,4340,train,2.0827,12.5,64
1,4340,train,2.08,37.5,64
1,4340,train,2.0823,25.0,64
1,4350,train,2.0792,12.5,64
1,4350,train,2.0782,25.0,64
1,4350,train,2.0877,12.5,64
1,4350,train,2.0704,12.5,64
1,4360,train,2.0793,14.1892,64
1,4360,train,2.0811,25.0,64
1,4360,train,2.0723,37.5,64
1,4360,train,2.087,12.5,64
1,4370,train,2.0788,15.8784,64
1,4370,train,2.097,0.0,64
1,4370,train,2.089,12.5,64
1,4370,train,2.0787,12.5,64
1,4380,train,2.0806,12.1622,64
1,4380,train,2.0878,12.5,64
1,4380,train,2.0778,12.5,64
1,4380,train,2.0675,12.5,64
1,4390,train,2.0792,12.1622,64
1,4390,train,2.0822,25.0,64
1,4390,train,2.103,0.0,64
1,4390,train,2.07,25.0,64
1,4400,train,2.0807,9.4595,64
1,4400,train,2.0813,0.0,64
1,4400,train,2.0704,12.5,64
1,4400,train,2.0918,0.0,64
1,4410,train,2.0804,10.473,64
1,4410,train,2.078,0.0,64
1,4410,train,2.0821,0.0,64
1,4410,train,2.0898,25.0,64
1,4420,train,2.0816,10.8108,64
1,4420,train,2.0702,25.0,64
1,4420,train,2.0673,12.5,64
1,4420,train,2.0793,0.0,64
1,4430,train,2.0795,13.1757,64
1,4430,train,2.0718,25.0,64
1,4430,train,2.0741,37.5,64
1,4430,train,2.087,0.0,64
1,4440,train,2.0802,11.4865,64
1,4440,train,2.0771,25.0,64
1,4440,train,2.0842,0.0,64
1,4440,train,2.0734,25.0,64
1,4450,train,2.0817,10.1351,64
1,4450,train,2.0804,12.5,64
1,4450,train,2.0973,0.0,64
1,4450,train,2.0845,0.0,64
1,4460,train,2.0807,10.8108,64
1,4460,train,2.0739,37.5,64
1,4460,train,2.0844,0.0,64
1,4460,train,2.0694,12.5,64
1,4470,train,2.0815,12.1622,64
1,4470,train,2.0865,12.5,64
1,4470,train,2.0718,0.0,64
1,4470,train,2.0843,0.0,64
1,4480,train,2.0795,10.473,64
1,4480,train,2.0737,25.0,64
1,4480,train,2.0774,25.0,64
1,4480,train,2.0856,0.0,64
1,4490,train,2.0793,13.1757,64
1,4490,train,2.0736,25.0,64
1,4490,train,2.0805,0.0,64
1,4490,train,2.0824,0.0,64
1,4500,train,2.0793,12.8378,64
1,4500,train,2.0707,25.0,64
1,4500,train,2.0881,0.0,64
1,4500,train,2.0888,0.0,64
1,4510,train,2.0786,11.8243,64
1,4510,train,2.0733,12.5,64
1,4510,train,2.0716,12.5,64
1,4510,train,2.0857,12.5,64
1,4520,train,2.0781,14.527,64
1,4520,train,2.0754,12.5,64
1,4520,train,2.09,12.5,64
1,4520,train,2.0773,0.0,64
1,4530,train,2.0803,13.1757,64
1,4530,train,2.0718,12.5,64
1,4530,train,2.0843,0.0,64
1,4530,train,2.0852,12.5,64
1,4540,train,2.0819,10.473,64
1,4540,train,2.0832,25.0,64
1,4540,train,2.084,0.0,64
1,4540,train,2.079,12.5,64
1,4550,train,2.0816,12.1622,64
1,4550,train,2.0736,0.0,64
1,4550,train,2.0863,0.0,64
1,4550,train,2.0754,12.5,64
1,4560,train,2.0815,8.4459,64
1,4560,train,2.0774,25.0,64
1,4560,train,2.0623,25.0,64
1,4560,train,2.0809,0.0,64
1,4570,train,2.0796,13.1757,64
1,4570,train,2.0833,25.0,64
1,4570,train,2.0759,37.5,64
1,4570,train,2.0899,0.0,64
1,4580,train,2.0767,15.5405,64
1,4580,train,2.0754,12.5,64
1,4580,train,2.0955,12.5,64
1,4580,train,2.0906,0.0,64
1,4590,train,2.0805,12.5,64
1,4590,train,2.0672,0.0,64
1,4590,train,2.0814,12.5,64
1,4590,train,2.0844,12.5,64
1,4600,train,2.0803,12.5,64
1,4600,train,2.0918,0.0,64
1,4600,train,2.0869,0.0,64
1,4600,train,2.0752,12.5,64
1,4608,validation,2.0797,12.56,64
1,4608,validation,2.0798,12.7,64
1,4608,validation,2.0796,12.74,64
1,4608,validation,2.0796,12.16,64
1,4610,train,2.0817,10.8108,64
1,4610,train,2.0654,25.0,64
1,4610,train,2.0909,0.0,64
1,4610,train,2.0853,12.5,64
1,4620,train,2.0782,14.8649,64
1,4620,train,2.0707,25.0,64
1,4620,train,2.0948,12.5,64
1,4620,train,2.0728,0.0,64
1,4630,train,2.0778,12.8378,64
1,4630,train,2.078,0.0,64
1,4630,train,2.0802,12.5,64
1,4630,train,2.0852,12.5,64
1,4640,train,2.0819,8.7838,64
1,4640,train,2.0676,25.0,64
1,4640,train,2.0769,12.5,64
1,4640,train,2.0732,0.0,64
1,4650,train,2.0802,11.4865,64
1,4650,train,2.089,0.0,64
1,4650,train,2.0764,12.5,64
1,4650,train,2.0752,12.5,64
1,4660,train,2.0786,13.1757,64
1,4660,train,2.0727,12.5,64
1,4660,train,2.0817,25.0,64
1,4660,train,2.1,0.0,64
1,4670,train,2.0779,14.1892,64
1,4670,train,2.0836,12.5,64
1,4670,train,2.0751,25.0,64
1,4670,train,2.0782,25.0,64
1,4680,train,2.0796,11.8243,64
1,4680,train,2.0781,0.0,64
1,4680,train,2.0713,0.0,64
1,4680,train,2.0789,12.5,64
1,4690,train,2.0798,12.1622,64
1,4690,train,2.0796,12.5,64
1,4690,train,2.0676,25.0,64
1,4690,train,2.0806,12.5,64
1,4700,train,2.0793,11.4865,64
1,4700,train,2.0813,12.5,64
1,4700,train,2.0897,0.0,64
1,4700,train,2.0797,25.0,64
1,4710,train,2.0772,16.8919,64
1,4710,train,2.0846,12.5,64
1,4710,train,2.09,0.0,64
1,4710,train,2.0631,25.0,64
1,4720,train,2.0778,14.527,64
1,4720,train,2.0748,25.0,64
1,4720,train,2.0893,12.5,64
1,4720,train,2.0785,25.0,64
1,4730,train,2.0785,14.8649,64
1,4730,train,2.0806,12.5,64
1,4730,train,2.0862,0.0,64
1,4730,train,2.0808,12.5,64
1,4740,train,2.0818,11.8243,64
1,4740,train,2.0643,12.5,64
1,4740,train,2.0786,12.5,64
1,4740,train,2.0922,0.0,64
1,4750,train,2.0774,15.2027,64
1,4750,train,2.0771,0.0,64
1,4750,train,2.0908,12.5,64
1,4750,train,2.0927,0.0,64
1,4760,train,2.0791,13.1757,64
1,4760,train,2.0758,12.5,64
1,4760,train,2.0879,0.0,64
1,4760,train,2.0934,0.0,64
1,4770,train,2.0806,12.1622,64
1,4770,train,2.0904,0.0,64
1,4770,train,2.0902,0.0,64
1,4770,train,2.0735,25.0,64
1,4780,train,2.0777,13.1757,64
1,4780,train,2.0773,12.5,64
1,4780,train,2.0736,0.0,64
1,4780,train,2.093,0.0,64
1,4790,train,2.0807,10.1351,64
1,4790,train,2.0807,12.5,64
1,4790,train,2.0754,12.5,64
1,4790,train,2.0878,25.0,64
1,4800,train,2.0787,14.1892,64
1,4800,train,2.0844,0.0,64
1,4800,train,2.0838,0.0,64
1,4800,train,2.0907,12.5,64
1,4810,train,2.0806,12.8378,64
1,4810,train,2.0887,0.0,64
1,4810,train,2.0816,0.0,64
1,4810,train,2.082,0.0,64
1,4820,train,2.0797,12.8378,64
1,4820,train,2.0826,12.5,64
1,4820,train,2.0815,0.0,64
1,4820,train,2.0634,25.0,64
1,4830,train,2.0791,13.1757,64
1,4830,train,2.0808,0.0,64
1,4830,train,2.0881,25.0,64
1,4830,train,2.0737,25.0,64
1,4840,train,2.0803,10.8108,64
1,4840,train,2.0826,0.0,64
1,4840,train,2.0927,0.0,64
1,4840,train,2.0824,12.5,64
1,4850,train,2.0797,12.1622,64
1,4850,train,2.0812,12.5,64
1,4850,train,2.0775,25.0,64
1,4850,train,2.0589,25.0,64
1,4860,train,2.0773,13.8514,64
1,4860,train,2.075,12.5,64
1,4860,train,2.0847,0.0,64
1,4860,train,2.0771,12.5,64
1,4870,train,2.0778,16.8919,64
1,4870,train,2.0885,0.0,64
1,4870,train,2.058,25.0,64
1,4870,train,2.0874,0.0,64
1,4880,train,2.0781,13.8514,64
1,4880,train,2.0672,25.0,64
1,4880,train,2.0809,0.0,64
1,4880,train,2.0824,12.5,64
1,4890,train,2.0829,10.8108,64
1,4890,train,2.0794,12.5,64
1,4890,train,2.0706,25.0,64
1,4890,train,2.0965,12.5,64
1,4900,train,2.0781,13.1757,64
1,4900,train,2.0892,0.0,64
1,4900,train,2.0846,12.5,64
1,4900,train,2.0812,0.0,64
1,4910,train,2.0783,14.527,64
1,4910,train,2.0825,12.5,64
1,4910,train,2.077,0.0,64
1,4910,train,2.0838,12.5,64
1,4920,train,2.0789,14.8649,64
1,4920,train,2.0843,12.5,64
1,4920,train,2.0882,0.0,64
1,4920,train,2.0797,0.0,64
1,4930,train,2.0781,13.5135,64
1,4930,train,2.085,0.0,64
1,4930,train,2.0758,37.5,64
1,4930,train,2.07,25.0,64
1,4940,train,2.0806,12.1622,64
1,4940,train,2.0805,0.0,64
1,4940,train,2.0867,0.0,64
1,4940,train,2.095,0.0,64
1,4950,train,2.0797,12.8378,64
1,4950,train,2.0826,12.5,64
1,4950,train,2.0709,12.5,64
1,4950,train,2.0779,12.5,64
1,4960,train,2.0777,16.5541,64
1,4960,train,2.0786,25.0,64
1,4960,train,2.0798,12.5,64
1,4960,train,2.0853,12.5,64
1,4970,train,2.0787,14.527,64
1,4970,train,2.0852,0.0,64
1,4970,train,2.0837,0.0,64
1,4970,train,2.0799,12.5,64
1,4980,train,2.0788,12.8378,64
1,4980,train,2.0722,12.5,64
1,4980,train,2.0796,0.0,64
1,4980,train,2.0842,0.0,64
1,4990,train,2.0795,13.1757,64
1,4990,train,2.0879,12.5,64
1,4990,train,2.0878,0.0,64
1,4990,train,2.0739,37.5,64
1,5000,train,2.0773,14.1892,64
1,5000,train,2.0845,12.5,64
1,5000,train,2.0897,0.0,64
1,5000,train,2.0803,0.0,64
1,5010,train,2.0769,15.8784,64
1,5010,train,2.0746,25.0,64
1,5010,train,2.0938,0.0,64
1,5010,train,2.0705,37.5,64
1,5020,train,2.0778,14.1892,64
1,5020,train,2.0826,12.5,64
1,5020,train,2.077,25.0,64
1,5020,train,2.085,25.0,64
1,5030,train,2.0832,9.1216,64
1,5030,train,2.0793,12.5,64
1,5030,train,2.0743,25.0,64
1,5030,train,2.085,12.5,64
1,5040,train,2.0808,10.8108,64
1,5040,train,2.0827,12.5,64
1,5040,train,2.0804,0.0,64
1,5040,train,2.0949,0.0,64
1,5050,train,2.0775,14.8649,64
1,5050,train,2.0893,0.0,64
1,5050,train,2.0764,25.0,64
1,5050,train,2.085,0.0,64
1,5060,train,2.0811,11.1486,64
1,5060,train,2.0955,0.0,64
1,5060,train,2.0979,0.0,64
1,5060,train,2.0666,37.5,64
1,5070,train,2.0802,10.8108,64
1,5070,train,2.0733,12.5,64
1,5070,train,2.0786,0.0,64
1,5070,train,2.0786,0.0,64
1,5080,train,2.0794,13.1757,64
1,5080,train,2.0746,0.0,64
1,5080,train,2.0772,0.0,64
1,5080,train,2.0729,12.5,64
1,5090,train,2.0792,13.1757,64
1,5090,train,2.0868,0.0,64
1,5090,train,2.0796,12.5,64
1,5090,train,2.0868,25.0,64
1,5100,train,2.0804,12.1622,64
1,5100,train,2.0777,12.5,64
1,5100,train,2.0743,25.0,64
1,5100,train,2.0897,0.0,64
1,5110,train,2.0794,11.8243,64
1,5110,train,2.0786,12.5,64
1,5110,train,2.0811,12.5,64
1,5110,train,2.0844,0.0,64
1,5120,train,2.079,9.7973,64
1,5120,validation,2.0796,11.54,64
1,5120,train,2.0713,12.5,64
1,5120,validation,2.0796,12.8,64
1,5120,train,2.0855,12.5,64
1,5120,validation,2.0796,12.68,64
1,5120,train,2.085,0.0,64
1,5120,validation,2.0798,12.16,64
1,5130,train,2.0813,9.1216,64
1,5130,train,2.0705,37.5,64
1,5130,train,2.0717,12.5,64
1,5130,train,2.0835,0.0,64
1,5140,train,2.0787,11.1486,64
1,5140,train,2.0845,0.0,64
1,5140,train,2.0679,37.5,64
1,5140,train,2.0824,0.0,64
1,5150,train,2.0795,12.5,64
1,5150,train,2.0766,12.5,64
1,5150,train,2.0909,0.0,64
1,5150,train,2.089,12.5,64
1,5160,train,2.0796,11.4865,64
1,5160,train,2.0809,0.0,64
1,5160,train,2.0874,12.5,64
1,5160,train,2.0719,25.0,64
1,5170,train,2.0781,14.1892,64
1,5170,train,2.0825,12.5,64
1,5170,train,2.0893,0.0,64
1,5170,train,2.087,0.0,64
1,5180,train,2.0809,11.8243,64
1,5180,train,2.0928,12.5,64
1,5180,train,2.0763,12.5,64
1,5180,train,2.0861,0.0,64
1,5190,train,2.0803,12.8378,64
1,5190,train,2.0881,0.0,64
1,5190,train,2.0863,0.0,64
1,5190,train,2.081,0.0,64
1,5200,train,2.0813,11.1486,64
1,5200,train,2.072,37.5,64
1,5200,train,2.0798,25.0,64
1,5200,train,2.0726,12.5,64
1,5210,train,2.0789,15.2027,64
1,5210,train,2.0822,0.0,64
1,5210,train,2.0764,0.0,64
1,5210,train,2.0744,12.5,64
1,5220,train,2.0787,13.1757,64
1,5220,train,2.0869,25.0,64
1,5220,train,2.0809,0.0,64
1,5220,train,2.0987,0.0,64
1,5230,train,2.0793,11.8243,64
1,5230,train,2.0927,0.0,64
1,5230,train,2.0735,12.5,64
1,5230,train,2.0827,0.0,64
1,5240,train,2.0796,11.1486,64
1,5240,train,2.0818,25.0,64
1,5240,train,2.0874,0.0,64
1,5240,train,2.0894,0.0,64
1,5250,train,2.0797,9.7973,64
1,5250,train,2.0804,0.0,64
1,5250,train,2.0768,25.0,64
1,5250,train,2.0885,0.0,64
1,5260,train,2.0814,6.7568,64
1,5260,train,2.0786,12.5,64
1,5260,train,2.0817,25.0,64
1,5260,train,2.0808,0.0,64
1,5270,train,2.0771,13.8514,64
1,5270,train,2.0766,0.0,64
1,5270,train,2.0951,0.0,64
1,5270,train,2.061,25.0,64
1,5280,train,2.0797,13.8514,64
1,5280,train,2.0872,12.5,64
1,5280,train,2.0902,0.0,64
1,5280,train,2.0941,12.5,64
1,5290,train,2.0813,12.8378,64
1,5290,train,2.0763,12.5,64
1,5290,train,2.0799,0.0,64
1,5290,train,2.0828,12.5,64
1,5300,train,2.0776,16.2162,64
1,5300,train,2.0793,0.0,64
1,5300,train,2.0802,25.0,64
1,5300,train,2.0823,12.5,64
1,5310,train,2.0799,11.4865,64
1,5310,train,2.0717,12.5,64
1,5310,train,2.0792,25.0,64
1,5310,train,2.0822,0.0,64
1,5320,train,2.0792,12.5,64
1,5320,train,2.0827,0.0,64
1,5320,train,2.0697,25.0,64
1,5320,train,2.0814,12.5,64
1,5330,train,2.0787,17.2297,64
1,5330,train,2.0886,0.0,64
1,5330,train,2.0672,50.0,64
1,5330,train,2.0877,12.5,64
1,5340,train,2.0787,11.4865,64
1,5340,train,2.0835,25.0,64
1,5340,train,2.0893,0.0,64
1,5340,train,2.0917,0.0,64
1,5350,train,2.079,12.5,64
1,5350,train,2.0845,12.5,64
1,5350,train,2.0868,25.0,64
1,5350,train,2.073,25.0,64
1,5360,train,2.0802,11.8243,64
1,5360,train,2.0796,12.5,64
1,5360,train,2.0833,12.5,64
1,5360,train,2.0883,0.0,64
1,5370,train,2.0787,12.5,64
1,5370,train,2.0819,0.0,64
1,5370,train,2.0795,12.5,64
1,5370,train,2.0688,25.0,64
1,5380,train,2.0787,15.2027,64
1,5380,train,2.0799,12.5,64
1,5380,train,2.0693,37.5,64
1,5380,train,2.0916,0.0,64
1,5390,train,2.0798,12.5,64
1,5390,train,2.0798,12.5,64
1,5390,train,2.0745,25.0,64
1,5390,train,2.0802,12.5,64
1,5400,train,2.0798,12.8378,64
1,5400,train,2.0784,12.5,64
1,5400,train,2.0851,12.5,64
1,5400,train,2.0894,12.5,64
1,5410,train,2.0798,12.1622,64
1,5410,train,2.085,12.5,64
1,5410,train,2.0689,0.0,64
1,5410,train,2.0733,0.0,64
1,5420,train,2.0775,16.5541,64
1,5420,train,2.0828,12.5,64
1,5420,train,2.0854,12.5,64
1,5420,train,2.0874,0.0,64
1,5430,train,2.0789,13.1757,64
1,5430,train,2.0848,12.5,64
1,5430,train,2.0925,12.5,64
1,5430,train,2.0869,12.5,64
1,5440,train,2.0807,11.1486,64
1,5440,train,2.0701,37.5,64
1,5440,train,2.0828,12.5,64
1,5440,train,2.0812,0.0,64
1,5450,train,2.0795,12.1622,64
1,5450,train,2.0807,0.0,64
1,5450,train,2.0794,0.0,64
1,5450,train,2.0776,12.5,64
1,5460,train,2.0798,11.8243,64
1,5460,train,2.0792,12.5,64
1,5460,train,2.069,25.0,64
1,5460,train,2.0853,12.5,64
1,5470,train,2.0804,13.8514,64
1,5470,train,2.0787,0.0,64
1,5470,train,2.0761,12.5,64
1,5470,train,2.0724,12.5,64
1,5480,train,2.0802,15.2027,64
1,5480,train,2.0729,25.0,64
1,5480,train,2.0916,0.0,64
1,5480,train,2.0849,0.0,64
1,5490,train,2.0801,11.4865,64
1,5490,train,2.0774,12.5,64
1,5490,train,2.0767,12.5,64
1,5490,train,2.0762,25.0,64
1,5500,train,2.079,15.8784,64
1,5500,train,2.0705,25.0,64
1,5500,train,2.0832,12.5,64
1,5500,train,2.0763,0.0,64
1,5510,train,2.079,12.8378,64
1,5510,train,2.0778,0.0,64
1,5510,train,2.0771,12.5,64
1,5510,train,2.0729,25.0,64
1,5520,train,2.0783,16.8919,64
1,5520,train,2.0942,0.0,64
1,5520,train,2.0814,12.5,64
1,5520,train,2.0805,0.0,64
1,5530,train,2.0783,18.5811,64
1,5530,train,2.0825,12.5,64
1,5530,train,2.0754,12.5,64
1,5530,train,2.0882,0.0,64
1,5540,train,2.0794,10.473,64
1,5540,train,2.0809,12.5,64
1,5540,train,2.0696,0.0,64
1,5540,train,2.0872,0.0,64
1,5550,train,2.0803,13.8514,64
1,5550,train,2.0751,25.0,64
1,5550,train,2.0908,0.0,64
1,5550,train,2.0906,12.5,64
1,5560,train,2.0795,11.1486,64
1,5560,train,2.1005,0.0,64
1,5560,train,2.0805,0.0,64
1,5560,train,2.0831,0.0,64
1,5570,train,2.078,13.1757,64
1,5570,train,2.0861,12.5,64
1,5570,train,2.0948,0.0,64
1,5570,train,2.0735,25.0,64
1,5580,train,2.0803,11.4865,64
1,5580,train,2.0711,12.5,64
1,5580,train,2.084,0.0,64
1,5580,train,2.075,12.5,64
1,5590,train,2.0801,12.5,64
1,5590,train,2.0838,0.0,64
1,5590,train,2.076,25.0,64
1,5590,train,2.0897,0.0,64
1,5600,train,2.0805,10.1351,64
1,5600,train,2.0908,0.0,64
1,5600,train,2.0678,0.0,64
1,5600,train,2.0719,37.5,64
1,5610,train,2.0816,9.7973,64
1,5610,train,2.0729,25.0,64
1,5610,train,2.0835,12.5,64
1,5610,train,2.0753,12.5,64
1,5620,train,2.0787,14.1892,64
1,5620,train,2.0865,12.5,64
1,5620,train,2.0871,12.5,64
1,5620,train,2.079,0.0,64
1,5630,train,2.0802,9.4595,64
1,5630,train,2.096,0.0,64
1,5630,train,2.0966,0.0,64
1,5630,train,2.0964,0.0,64
1,5632,validation,2.0796,12.44,64
1,5632,validation,2.0797,12.32,64
1,5632,validation,2.0795,12.0,64
1,5632,validation,2.0796,11.78,64
1,5640,train,2.0787,11.1486,64
1,5640,train,2.0803,12.5,64
1,5640,train,2.0766,12.5,64
1,5640,train,2.0902,12.5,64
1,5650,train,2.0817,11.8243,64
1,5650,train,2.0718,25.0,64
1,5650,train,2.0858,12.5,64
1,5650,train,2.0715,37.5,64
1,5660,train,2.0776,13.1757,64
1,5660,train,2.0878,0.0,64
1,5660,train,2.0786,0.0,64
1,5660,train,2.0875,25.0,64
1,5670,train,2.0806,9.7973,64
1,5670,train,2.0801,12.5,64
1,5670,train,2.0838,0.0,64
1,5670,train,2.0796,25.0,64
1,5680,train,2.0786,15.2027,64
1,5680,train,2.0917,0.0,64
1,5680,train,2.0691,37.5,64
1,5680,train,2.0723,12.5,64
1,5690,train,2.0807,11.4865,64
1,5690,train,2.0741,12.5,64
1,5690,train,2.0764,0.0,64
1,5690,train,2.0792,37.5,64
1,5700,train,2.0783,12.8378,64
1,5700,train,2.0764,12.5,64
1,5700,train,2.0877,0.0,64
1,5700,train,2.0784,25.0,64
1,5710,train,2.0795,9.7973,64
1,5710,train,2.0775,12.5,64
1,5710,train,2.0737,12.5,64
1,5710,train,2.0837,12.5,64
1,5720,train,2.079,13.5135,64
1,5720,train,2.0737,12.5,64
1,5720,train,2.0733,37.5,64
1,5720,train,2.0751,12.5,64
1,5730,train,2.08,14.1892,64
1,5730,train,2.0826,0.0,64
1,5730,train,2.0897,0.0,64
1,5730,train,2.0783,12.5,64
1,5740,train,2.0797,15.2027,64
1,5740,train,2.0649,37.5,64
1,5740,train,2.0875,0.0,64
1,5740,train,2.0782,12.5,64
1,5750,train,2.0797,13.1757,64
1,5750,train,2.0844,12.5,64
1,5750,train,2.0773,0.0,64
1,5750,train,2.0762,12.5,64
1,5760,train,2.0824,7.7703,64
1,5760,train,2.082,0.0,64
1,5760,train,2.0865,12.5,64
1,5760,train,2.0711,12.5,64
1,5770,train,2.0809,9.7973,64
1,5770,train,2.0873,12.5,64
1,5770,train,2.0878,0.0,64
1,5770,train,2.0799,0.0,64
1,5780,train,2.0798,11.8243,64
1,5780,train,2.0942,0.0,64
1,5780,train,2.0842,12.5,64
1,5780,train,2.0842,12.5,64
1,5790,train,2.0791,14.8649,64
1,5790,train,2.0878,0.0,64
1,5790,train,2.0785,25.0,64
1,5790,train,2.0818,0.0,64
1,5800,train,2.0801,9.7973,64
1,5800,train,2.079,12.5,64
1,5800,train,2.0858,0.0,64
1,5800,train,2.0726,37.5,64
1,5810,train,2.0797,13.1757,64
1,5810,train,2.0874,12.5,64
1,5810,train,2.0815,0.0,64
1,5810,train,2.0792,12.5,64
1,5820,train,2.0789,13.8514,64
1,5820,train,2.0897,0.0,64
1,5820,train,2.092,0.0,64
1,5820,train,2.0767,25.0,64
1,5830,train,2.0776,13.5135,64
1,5830,train,2.0835,0.0,64
1,5830,train,2.0814,12.5,64
1,5830,train,2.0777,12.5,64
1,5840,train,2.0795,14.1892,64
1,5840,train,2.0652,37.5,64
1,5840,train,2.0777,12.5,64
1,5840,train,2.0931,12.5,64
1,5850,train,2.0794,12.5,64
1,5850,train,2.082,12.5,64
1,5850,train,2.072,37.5,64
1,5850,train,2.0802,0.0,64
1,5860,train,2.0799,12.5,64
1,5860,train,2.0728,25.0,64
1,5860,train,2.0826,12.5,64
1,5860,train,2.0758,25.0,64
1,5870,train,2.0791,11.1486,64
1,5870,train,2.0864,0.0,64
1,5870,train,2.0882,0.0,64
1,5870,train,2.0837,25.0,64
1,5880,train,2.0807,11.1486,64
1,5880,train,2.0862,12.5,64
1,5880,train,2.0872,12.5,64
1,5880,train,2.0764,12.5,64
1,5890,train,2.0813,11.4865,64
1,5890,train,2.0702,12.5,64
1,5890,train,2.0823,12.5,64
1,5890,train,2.074,0.0,64
1,5900,train,2.0807,10.1351,64
1,5900,train,2.074,37.5,64
1,5900,train,2.078,25.0,64
1,5900,train,2.0763,12.5,64
1,5910,train,2.0811,9.1216,64
1,5910,train,2.0743,12.5,64
1,5910,train,2.0757,25.0,64
1,5910,train,2.0751,12.5,64
1,5920,train,2.0771,12.5,64
1,5920,train,2.0707,12.5,64
1,5920,train,2.0753,25.0,64
1,5920,train,2.0765,12.5,64
1,5930,train,2.0815,10.8108,64
1,5930,train,2.0773,12.5,64
1,5930,train,2.078,12.5,64
1,5930,train,2.0835,0.0,64
1,5940,train,2.0804,10.473,64
1,5940,train,2.0854,0.0,64
1,5940,train,2.0714,25.0,64
1,5940,train,2.0848,12.5,64
1,5950,train,2.0788,15.2027,64
1,5950,train,2.0803,12.5,64
1,5950,train,2.0827,12.5,64
1,5950,train,2.0854,0.0,64
1,5960,train,2.0804,10.8108,64
1,5960,train,2.0737,12.5,64
1,5960,train,2.0894,0.0,64
1,5960,train,2.0789,0.0,64
1,5970,train,2.0794,11.1486,64
1,5970,train,2.0781,12.5,64
1,5970,train,2.0682,50.0,64
1,5970,train,2.075,12.5,64
1,5980,train,2.0782,14.8649,64
1,5980,train,2.0801,12.5,64
1,5980,train,2.081,12.5,64
1,5980,train,2.0818,0.0,64
1,5990,train,2.0787,11.8243,64
1,5990,train,2.0738,0.0,64
1,5990,train,2.0813,0.0,64
1,5990,train,2.0731,37.5,64
1,6000,train,2.0776,15.2027,64
1,6000,train,2.0799,0.0,64
1,6000,train,2.0761,12.5,64
1,6000,train,2.0902,0.0,64
1,6010,train,2.0788,14.527,64
1,6010,train,2.0811,0.0,64
1,6010,train,2.0796,12.5,64
1,6010,train,2.0811,0.0,64
1,6020,train,2.0792,16.5541,64
1,6020,train,2.0733,12.5,64
1,6020,train,2.075,25.0,64
1,6020,train,2.0728,12.5,64
1,6030,train,2.0796,12.5,64
1,6030,train,2.0816,25.0,64
1,6030,train,2.0831,0.0,64
1,6030,train,2.083,12.5,64
1,6040,train,2.083,10.473,64
1,6040,train,2.0698,37.5,64
1,6040,train,2.0822,0.0,64
1,6040,train,2.084,0.0,64
1,6050,train,2.0803,10.473,64
1,6050,train,2.0835,25.0,64
1,6050,train,2.0779,12.5,64
1,6050,train,2.0787,12.5,64
1,6060,train,2.0802,12.1622,64
1,6060,train,2.0815,12.5,64
1,6060,train,2.0666,25.0,64
1,6060,train,2.0932,0.0,64
1,6070,train,2.0804,8.7838,64
1,6070,train,2.0846,12.5,64
1,6070,train,2.0745,25.0,64
1,6070,train,2.093,12.5,64
1,6080,train,2.079,13.8514,64
1,6080,train,2.0808,12.5,64
1,6080,train,2.0821,0.0,64
1,6080,train,2.0755,12.5,64
1,6090,train,2.0798,13.1757,64
1,6090,train,2.0779,37.5,64
1,6090,train,2.0746,12.5,64
1,6090,train,2.0847,12.5,64
1,6100,train,2.0791,17.5676,64
1,6100,train,2.0814,12.5,64
1,6100,train,2.0818,0.0,64
1,6100,train,2.0827,12.5,64
1,6110,train,2.0824,10.473,64
1,6110,train,2.0844,12.5,64
1,6110,train,2.0831,12.5,64
1,6110,train,2.0809,12.5,64
1,6120,train,2.0805,9.7973,64
1,6120,train,2.0752,25.0,64
1,6120,train,2.0707,25.0,64
1,6120,train,2.0681,25.0,64
1,6130,train,2.0809,13.5135,64
1,6130,train,2.0896,0.0,64
1,6130,train,2.0808,12.5,64
1,6130,train,2.0721,0.0,64
1,6140,train,2.0793,13.1757,64
1,6140,train,2.0868,12.5,64
1,6140,train,2.0732,12.5,64
1,6140,train,2.076,12.5,64
1,6144,validation,2.0795,12.88,64
1,6144,validation,2.0796,12.44,64
1,6144,validation,2.0794,12.46,64
1,6144,validation,2.0796,12.48,64
1,6150,train,2.0797,11.4865,64
1,6150,train,2.0776,25.0,64
1,6150,train,2.0819,0.0,64
1,6150,train,2.0765,12.5,64
1,6160,train,2.0807,9.4595,64
1,6160,train,2.0899,0.0,64
1,6160,train,2.0816,0.0,64
1,6160,train,2.0777,0.0,64
1,6170,train,2.0806,12.5,64
1,6170,train,2.0762,25.0,64
1,6170,train,2.0677,25.0,64
1,6170,train,2.0826,12.5,64
1,6180,train,2.0806,10.473,64
1,6180,train,2.0855,0.0,64
1,6180,train,2.0914,0.0,64
1,6180,train,2.0782,25.0,64
1,6190,train,2.0784,16.2162,64
1,6190,train,2.0851,0.0,64
1,6190,train,2.0796,25.0,64
1,6190,train,2.0714,37.5,64
1,6200,train,2.0799,11.8243,64
1,6200,train,2.083,12.5,64
1,6200,train,2.0876,0.0,64
1,6200,train,2.0857,0.0,64
1,6210,train,2.0813,11.4865,64
1,6210,train,2.0787,12.5,64
1,6210,train,2.0846,12.5,64
1,6210,train,2.0743,0.0,64
1,6220,train,2.0801,11.1486,64
1,6220,train,2.0811,0.0,64
1,6220,train,2.086,0.0,64
1,6220,train,2.0882,12.5,64
1,6230,train,2.0793,11.8243,64
1,6230,train,2.0823,12.5,64
1,6230,train,2.0768,12.5,64
1,6230,train,2.0812,25.0,64
1,6240,train,2.0804,13.1757,64
1,6240,train,2.0787,12.5,64
1,6240,train,2.0846,0.0,64
1,6240,train,2.0793,0.0,64
1,6250,train,2.0792,13.1757,64
1,6250,train,2.0768,37.5,64
1,6250,train,2.0837,0.0,64
1,6250,train,2.0733,25.0,64
1,6260,train,2.0787,14.1892,64
1,6260,train,2.0842,0.0,64
1,6260,train,2.0857,25.0,64
1,6260,train,2.0746,12.5,64
1,6270,train,2.08,13.1757,64
1,6270,train,2.0922,0.0,64
1,6270,train,2.0757,12.5,64
1,6270,train,2.0743,12.5,64
1,6280,train,2.0788,18.5811,64
1,6280,train,2.0769,12.5,64
1,6280,train,2.0838,12.5,64
1,6280,train,2.0893,0.0,64
1,6290,train,2.0813,11.8243,64
1,6290,train,2.08,12.5,64
1,6290,train,2.0787,0.0,64
1,6290,train,2.0784,0.0,64
1,6300,train,2.0781,12.1622,64
1,6300,train,2.0823,0.0,64
1,6300,train,2.0694,25.0,64
1,6300,train,2.0823,0.0,64
1,6310,train,2.0803,12.8378,64
1,6310,train,2.0834,12.5,64
1,6310,train,2.0737,25.0,64
1,6310,train,2.0799,12.5,64
1,6320,train,2.0789,16.8919,64
1,6320,train,2.0818,25.0,64
1,6320,train,2.0852,0.0,64
1,6320,train,2.0744,25.0,64
1,6330,train,2.0805,11.4865,64
1,6330,train,2.0919,0.0,64
1,6330,train,2.0756,25.0,64
1,6330,train,2.0703,12.5,64
1,6340,train,2.0792,12.8378,64
1,6340,train,2.0937,0.0,64
1,6340,train,2.0832,0.0,64
1,6340,train,2.0799,37.5,64
1,6350,train,2.0802,11.8243,64
1,6350,train,2.0975,0.0,64
1,6350,train,2.0912,0.0,64
1,6350,train,2.0827,0.0,64
1,6360,train,2.0802,11.8243,64
1,6360,train,2.0684,25.0,64
1,6360,train,2.0788,12.5,64
1,6360,train,2.0842,12.5,64
1,6370,train,2.0787,12.1622,64
1,6370,train,2.075,12.5,64
1,6370,train,2.0725,37.5,64
1,6370,train,2.0871,12.5,64
1,6380,train,2.0802,10.8108,64
1,6380,train,2.0715,37.5,64
1,6380,train,2.0664,50.0,64
1,6380,train,2.0801,0.0,64
1,6390,train,2.0808,10.473,64
1,6390,train,2.0803,12.5,64
1,6390,train,2.0913,0.0,64
1,6390,train,2.0744,12.5,64
1,6400,train,2.0784,11.8243,64
1,6400,train,2.0804,12.5,64
1,6400,train,2.0786,25.0,64
1,6400,train,2.0844,0.0,64
1,6410,train,2.0796,14.527,64
1,6410,train,2.0767,25.0,64
1,6410,train,2.0831,12.5,64
1,6410,train,2.0716,12.5,64
1,6420,train,2.0795,11.1486,64
1,6420,train,2.0806,12.5,64
1,6420,train,2.0781,12.5,64
1,6420,train,2.0861,12.5,64
1,6430,train,2.0811,10.1351,64
1,6430,train,2.0881,0.0,64
1,6430,train,2.0713,25.0,64
1,6430,train,2.0809,25.0,64
1,6440,train,2.0802,10.1351,64
1,6440,train,2.0852,0.0,64
1,6440,train,2.0797,12.5,64
1,6440,train,2.0909,0.0,64
1,6450,train,2.0783,17.9054,64
1,6450,train,2.0859,12.5,64
1,6450,train,2.079,0.0,64
1,6450,train,2.0819,0.0,64
2,6460,train,2.0806,12.1622,64
2,6460,train,2.0824,12.5,64
2,6460,train,2.0788,0.0,64
2,6460,train,2.0727,12.5,64
2,6470,train,2.0791,12.1622,64
2,6470,train,2.0783,12.5,64
2,6470,train,2.0887,12.5,64
2,6470,train,2.0726,12.5,64
2,6480,train,2.0808,11.1486,64
2,6480,train,2.0707,25.0,64
2,6480,train,2.0884,0.0,64
2,6480,train,2.0821,0.0,64
2,6490,train,2.0805,12.5,64
2,6490,train,2.0835,12.5,64
2,6490,train,2.0873,0.0,64
2,6490,train,2.0766,0.0,64
2,6500,train,2.0783,14.1892,64
2,6500,train,2.0746,0.0,64
2,6500,train,2.0832,0.0,64
2,6500,train,2.0862,0.0,64
2,6510,train,2.0784,14.1892,64
2,6510,train,2.0874,0.0,64
2,6510,train,2.0751,25.0,64
2,6510,train,2.0861,12.5,64
2,6520,train,2.0799,11.4865,64
2,6520,train,2.0752,12.5,64
2,6520,train,2.0824,12.5,64
2,6520,train,2.083,0.0,64
2,6530,train,2.0792,14.1892,64
2,6530,train,2.0775,37.5,64
2,6530,train,2.0803,12.5,64
2,6530,train,2.0713,0.0,64
2,6540,train,2.081,10.8108,64
2,6540,train,2.0877,12.5,64
2,6540,train,2.0922,0.0,64
2,6540,train,2.0824,12.5,64
2,6550,train,2.0805,12.8378,64
2,6550,train,2.0764,25.0,64
2,6550,train,2.0691,12.5,64
2,6550,train,2.0746,50.0,64
2,6560,train,2.0772,18.2432,64
2,6560,train,2.0858,0.0,64
2,6560,train,2.0747,25.0,64
2,6560,train,2.0826,0.0,64
2,6570,train,2.0787,14.1892,64
2,6570,train,2.071,25.0,64
2,6570,train,2.076,12.5,64
2,6570,train,2.0904,0.0,64
2,6580,train,2.0798,13.1757,64
2,6580,train,2.0737,37.5,64
2,6580,train,2.0827,12.5,64
2,6580,train,2.0853,0.0,64
2,6590,train,2.0794,11.4865,64
2,6590,train,2.0742,12.5,64
2,6590,train,2.0782,0.0,64
2,6590,train,2.0775,25.0,64
2,6600,train,2.0815,8.4459,64
2,6600,train,2.0764,25.0,64
2,6600,train,2.0832,25.0,64
2,6600,train,2.0859,0.0,64
2,6610,train,2.0782,16.8919,64
2,6610,train,2.0777,0.0,64
2,6610,train,2.0791,25.0,64
2,6610,train,2.0795,12.5,64
2,6620,train,2.0791,12.5,64
2,6620,train,2.0794,0.0,64
2,6620,train,2.0777,12.5,64
2,6620,train,2.0744,12.5,64
2,6630,train,2.0797,11.8243,64
2,6630,train,2.0813,12.5,64
2,6630,train,2.0854,0.0,64
2,6630,train,2.0766,12.5,64
2,6640,train,2.0786,14.1892,64
2,6640,train,2.0739,12.5,64
2,6640,train,2.0781,12.5,64
2,6640,train,2.0934,0.0,64
2,6650,train,2.0803,10.473,64
2,6650,train,2.0832,12.5,64
2,6650,train,2.0788,12.5,64
2,6650,train,2.0848,12.5,64
2,6656,validation,2.0795,12.46,64
2,6656,validation,2.0794,12.72,64
2,6656,validation,2.0796,12.7,64
2,6656,validation,2.0797,12.04,64
2,6660,train,2.0811,9.4595,64
2,6660,train,2.078,12.5,64
2,6660,train,2.0862,12.5,64
2,6660,train,2.0831,12.5,64
2,6670,train,2.0805,11.8243,64
2,6670,train,2.077,0.0,64
2,6670,train,2.0777,37.5,64
2,6670,train,2.0797,12.5,64
2,6680,train,2.0803,11.1486,64
2,6680,train,2.0789,25.0,64
2,6680,train,2.0826,0.0,64
2,6680,train,2.0767,25.0,64
2,6690,train,2.0807,14.1892,64
2,6690,train,2.0726,12.5,64
2,6690,train,2.0794,25.0,64
2,6690,train,2.0816,12.5,64
2,6700,train,2.0789,11.4865,64
2,6700,train,2.0813,25.0,64
2,6700,train,2.0828,0.0,64
2,6700,train,2.0841,0.0,64
2,6710,train,2.0798,12.8378,64
2,6710,train,2.0796,12.5,64
2,6710,train,2.0871,0.0,64
2,6710,train,2.0784,0.0,64
2,6720,train,2.0787,14.8649,64
2,6720,train,2.085,0.0,64
2,6720,train,2.0779,0.0,64
2,6720,train,2.0801,12.5,64
2,6730,train,2.0798,10.8108,64
2,6730,train,2.0805,0.0,64
2,6730,train,2.0828,0.0,64
2,6730,train,2.0764,12.5,64
2,6740,train,2.079,12.8378,64
2,6740,train,2.0784,12.5,64
2,6740,train,2.0835,0.0,64
2,6740,train,2.0789,25.0,64
2,6750,train,2.0797,16.2162,64
2,6750,train,2.0758,12.5,64
2,6750,train,2.0817,0.0,64
2,6750,train,2.0765,12.5,64
2,6760,train,2.0792,13.8514,64
2,6760,train,2.0821,0.0,64
2,6760,train,2.0823,25.0,64
2,6760,train,2.0772,37.5,64
2,6770,train,2.081,9.7973,64
2,6770,train,2.0769,12.5,64
2,6770,train,2.0807,12.5,64
2,6770,train,2.0764,12.5,64
2,6780,train,2.0783,15.2027,64
2,6780,train,2.076,0.0,64
2,6780,train,2.0895,12.5,64
2,6780,train,2.0795,0.0,64
2,6790,train,2.0785,11.4865,64
2,6790,train,2.0804,12.5,64
2,6790,train,2.0824,12.5,64
2,6790,train,2.0724,12.5,64
2,6800,train,2.0802,12.5,64
2,6800,train,2.0783,12.5,64
2,6800,train,2.0861,0.0,64
2,6800,train,2.0871,0.0,64
2,6810,train,2.0792,13.8514,64
2,6810,train,2.079,0.0,64
2,6810,train,2.079,25.0,64
2,6810,train,2.0668,25.0,64
2,6820,train,2.0798,10.8108,64
2,6820,train,2.0802,0.0,64
2,6820,train,2.0823,12.5,64
2,6820,train,2.079,25.0,64
2,6830,train,2.08,9.7973,64
2,6830,train,2.0747,25.0,64
2,6830,train,2.0752,12.5,64
2,6830,train,2.0831,12.5,64
2,6840,train,2.0793,14.527,64
2,6840,train,2.0735,25.0,64
2,6840,train,2.0752,37.5,64
2,6840,train,2.0757,25.0,64
2,6850,train,2.0798,14.1892,64
2,6850,train,2.0742,25.0,64
2,6850,train,2.0816,12.5,64
2,6850,train,2.0772,12.5,64
2,6860,train,2.0792,13.1757,64
2,6860,train,2.0831,25.0,64
2,6860,train,2.0767,12.5,64
2,6860,train,2.0761,12.5,64
2,6870,train,2.0803,11.4865,64
2,6870,train,2.0868,0.0,64
2,6870,train,2.0763,12.5,64
2,6870,train,2.0849,0.0,64
2,6880,train,2.0795,11.8243,64
2,6880,train,2.0785,12.5,64
2,6880,train,2.0786,12.5,64
2,6880,train,2.0721,25.0,64
2,6890,train,2.0793,13.1757,64
2,6890,train,2.0802,0.0,64
2,6890,train,2.0886,12.5,64
2,6890,train,2.0762,12.5,64
2,6900,train,2.0782,14.1892,64
2,6900,train,2.0802,12.5,64
2,6900,train,2.0866,25.0,64
2,6900,train,2.0746,12.5,64
2,6910,train,2.08,10.1351,64
2,6910,train,2.0766,12.5,64
2,6910,train,2.0622,50.0,64
2,6910,train,2.0814,12.5,64
2,6920,train,2.0786,13.8514,64
2,6920,train,2.0799,12.5,64
2,6920,train,2.0809,12.5,64
2,6920,train,2.076,0.0,64
2,6930,train,2.0798,10.473,64
2,6930,train,2.0776,0.0,64
2,6930,train,2.0804,12.5,64
2,6930,train,2.0818,12.5,64
2,6940,train,2.0805,11.8243,64
2,6940,train,2.0903,0.0,64
2,6940,train,2.0804,12.5,64
2,6940,train,2.0778,12.5,64
2,6950,train,2.0812,8.4459,64
2,6950,train,2.0846,0.0,64
2,6950,train,2.0773,25.0,64
2,6950,train,2.0823,0.0,64
2,6960,train,2.0803,12.1622,64
2,6960,train,2.0661,37.5,64
2,6960,train,2.0829,0.0,64
2,6960,train,2.0761,0.0,64
2,6970,train,2.0799,12.5,64
2,6970,train,2.0826,0.0,64
2,6970,train,2.0756,0.0,64
2,6970,train,2.079,12.5,64
2,6980,train,2.0795,10.8108,64
2,6980,train,2.0767,0.0,64
2,6980,train,2.0847,0.0,64
2,6980,train,2.0898,0.0,64
2,6990,train,2.0797,13.5135,64
2,6990,train,2.0771,25.0,64
2,6990,train,2.0861,0.0,64
2,6990,train,2.0809,12.5,64
2,7000,train,2.0801,14.527,64
2,7000,train,2.0754,37.5,64
2,7000,train,2.0774,12.5,64
2,7000,train,2.0949,0.0,64
2,7010,train,2.0801,11.1486,64
2,7010,train,2.0728,37.5,64
2,7010,train,2.0873,0.0,64
2,7010,train,2.0764,12.5,64
2,7020,train,2.0798,10.473,64
2,7020,train,2.0903,0.0,64
2,7020,train,2.0859,0.0,64
2,7020,train,2.076,12.5,64
2,7030,train,2.0794,12.1622,64
2,7030,train,2.0827,0.0,64
2,7030,train,2.0786,12.5,64
2,7030,train,2.0804,25.0,64
2,7040,train,2.0791,12.8378,64
2,7040,train,2.0691,12.5,64
2,7040,train,2.0857,0.0,64
2,7040,train,2.0863,12.5,64
2,7050,train,2.079,12.5,64
2,7050,train,2.0776,25.0,64
2,7050,train,2.0775,12.5,64
2,7050,train,2.0918,0.0,64
2,7060,train,2.0798,12.8378,64
2,7060,train,2.0789,12.5,64
2,7060,train,2.0796,0.0,64
2,7060,train,2.0776,25.0,64
2,7070,train,2.0774,14.527,64
2,7070,train,2.0775,0.0,64
2,7070,train,2.067,50.0,64
2,7070,train,2.0769,0.0,64
2,7080,train,2.0778,13.1757,64
2,7080,train,2.0852,12.5,64
2,7080,train,2.0795,12.5,64
2,7080,train,2.0818,0.0,64
2,7090,train,2.079,12.5,64
2,7090,train,2.077,0.0,64
2,7090,train,2.0672,25.0,64
2,7090,train,2.0756,25.0,64
2,7100,train,2.0799,8.7838,64
2,7100,train,2.083,0.0,64
2,7100,train,2.0818,12.5,64
2,7100,train,2.0689,12.5,64
2,7110,train,2.0805,11.1486,64
2,7110,train,2.0757,37.5,64
2,7110,train,2.0818,25.0,64
2,7110,train,2.0858,0.0,64
2,7120,train,2.0795,13.5135,64
2,7120,train,2.0807,0.0,64
2,7120,train,2.0762,25.0,64
2,7120,train,2.0778,25.0,64
2,7130,train,2.0802,11.4865,64
2,7130,train,2.0867,12.5,64
2,7130,train,2.0733,12.5,64
2,7130,train,2.0896,0.0,64
2,7140,train,2.0784,15.8784,64
2,7140,train,2.0666,37.5,64
2,7140,train,2.085,0.0,64
2,7140,train,2.0784,0.0,64
2,7150,train,2.0796,13.8514,64
2,7150,train,2.0845,12.5,64
2,7150,train,2.0621,12.5,64
2,7150,train,2.0775,12.5,64
2,7160,train,2.0774,17.2297,64
2,7160,train,2.0772,37.5,64
2,7160,train,2.0847,12.5,64
2,7160,train,2.0746,12.5,64
2,7168,validation,2.0796,12.84,64
2,7168,validation,2.0797,12.44,64
2,7168,validation,2.0796,12.36,64
2,7168,validation,2.0794,13.16,64
2,7170,train,2.0808,11.1486,64
2,7170,train,2.075,25.0,64
2,7170,train,2.0806,12.5,64
2,7170,train,2.0901,0.0,64
2,7180,train,2.0781,14.8649,64
2,7180,train,2.072,25.0,64
2,7180,train,2.0733,25.0,64
2,7180,train,2.0718,12.5,64
2,7190,train,2.0808,10.8108,64
2,7190,train,2.0862,0.0,64
2,7190,train,2.0919,12.5,64
2,7190,train,2.0771,25.0,64
2,7200,train,2.0811,10.8108,64
2,7200,train,2.0806,12.5,64
2,7200,train,2.0833,0.0,64
2,7200,train,2.0801,12.5,64
2,7210,train,2.0786,11.1486,64
2,7210,train,2.0661,37.5,64
2,7210,train,2.091,0.0,64
2,7210,train,2.078,12.5,64
2,7220,train,2.0795,14.8649,64
2,7220,train,2.0801,0.0,64
2,7220,train,2.0777,12.5,64
2,7220,train,2.0724,25.0,64
2,7230,train,2.0788,12.1622,64
2,7230,train,2.0782,12.5,64
2,7230,train,2.0866,12.5,64
2,7230,train,2.0703,25.0,64
2,7240,train,2.0796,10.473,64
2,7240,train,2.0852,0.0,64
2,7240,train,2.0761,12.5,64
2,7240,train,2.08,0.0,64
2,7250,train,2.0792,12.8378,64
2,7250,train,2.082,0.0,64
2,7250,train,2.0869,12.5,64
2,7250,train,2.0746,12.5,64
2,7260,train,2.0794,10.1351,64
2,7260,train,2.0885,0.0,64
2,7260,train,2.0693,12.5,64
2,7260,train,2.0734,12.5,64
2,7270,train,2.0812,9.7973,64
2,7270,train,2.0921,0.0,64
2,7270,train,2.0753,25.0,64
2,7270,train,2.0757,12.5,64
2,7280,train,2.0793,12.8378,64
2,7280,train,2.0817,0.0,64
2,7280,train,2.0855,0.0,64
2,7280,train,2.0766,37.5,64
2,7290,train,2.0796,11.4865,64
2,7290,train,2.0771,12.5,64
2,7290,train,2.0813,25.0,64
2,7290,train,2.0687,37.5,64
2,7300,train,2.0787,16.2162,64
2,7300,train,2.0691,37.5,64
2,7300,train,2.0861,12.5,64
2,7300,train,2.0879,0.0,64
2,7310,train,2.081,10.8108,64
2,7310,train,2.0789,12.5,64
2,7310,train,2.0759,0.0,64
2,7310,train,2.0798,12.5,64
2,7320,train,2.0796,12.1622,64
2,7320,train,2.0778,0.0,64
2,7320,train,2.0804,12.5,64
2,7320,train,2.0835,12.5,64
2,7330,train,2.0813,9.1216,64
2,7330,train,2.0851,0.0,64
2,7330,train,2.0779,12.5,64
2,7330,train,2.0691,12.5,64
2,7340,train,2.0792,14.527,64
2,7340,train,2.0759,25.0,64
2,7340,train,2.0893,0.0,64
2,7340,train,2.0748,25.0,64
2,7350,train,2.08,11.4865,64
2,7350,train,2.0752,12.5,64
2,7350,train,2.0784,12.5,64
2,7350,train,2.0818,0.0,64
2,7360,train,2.0782,11.8243,64
2,7360,train,2.0787,12.5,64
2,7360,train,2.0742,12.5,64
2,7360,train,2.0776,0.0,64
2,7370,train,2.079,12.8378,64
2,7370,train,2.0779,12.5,64
2,7370,train,2.0822,0.0,64
2,7370,train,2.083,12.5,64
2,7380,train,2.0798,11.8243,64
2,7380,train,2.0799,12.5,64
2,7380,train,2.076,12.5,64
2,7380,train,2.0781,12.5,64
2,7390,train,2.0791,13.8514,64
2,7390,train,2.0757,12.5,64
2,7390,train,2.0985,0.0,64
2,7390,train,2.0855,0.0,64
2,7400,train,2.0814,11.1486,64
2,7400,train,2.0746,12.5,64
2,7400,train,2.0802,12.5,64
2,7400,train,2.0787,12.5,64
2,7410,train,2.0793,12.5,64
2,7410,train,2.0715,25.0,64
2,7410,train,2.0679,25.0,64
2,7410,train,2.078,25.0,64
2,7420,train,2.0782,15.2027,64
2,7420,train,2.0846,12.5,64
2,7420,train,2.0788,12.5,64
2,7420,train,2.0788,0.0,64
2,7430,train,2.0777,15.5405,64
2,7430,train,2.0813,12.5,64
2,7430,train,2.0813,0.0,64
2,7430,train,2.0768,25.0,64
2,7440,train,2.0796,9.4595,64
2,7440,train,2.0703,25.0,64
2,7440,train,2.0734,25.0,64
2,7440,train,2.0786,37.5,64
2,7450,train,2.0802,12.1622,64
2,7450,train,2.0695,37.5,64
2,7450,train,2.0735,25.0,64
2,7450,train,2.0809,12.5,64
2,7460,train,2.0815,10.473,64
2,7460,train,2.065,12.5,64
2,7460,train,2.0749,12.5,64
2,7460,train,2.0882,0.0,64
2,7470,train,2.0791,11.8243,64
2,7470,train,2.0772,25.0,64
2,7470,train,2.0822,12.5,64
2,7470,train,2.0727,12.5,64
2,7480,train,2.0806,12.5,64
2,7480,train,2.0769,12.5,64
2,7480,train,2.0676,50.0,64
2,7480,train,2.0838,12.5,64
2,7490,train,2.0816,10.473,64
2,7490,train,2.0676,37.5,64
2,7490,train,2.0713,12.5,64
2,7490,train,2.0718,12.5,64
2,7500,train,2.0798,12.8378,64
2,7500,train,2.0823,12.5,64
2,7500,train,2.0793,0.0,64
2,7500,train,2.0819,0.0,64
2,7510,train,2.0802,13.5135,64
2,7510,train,2.0785,12.5,64
2,7510,train,2.0757,25.0,64
2,7510,train,2.0799,0.0,64
2,7520,train,2.0786,13.1757,64
2,7520,train,2.0783,25.0,64
2,7520,train,2.0763,0.0,64
2,7520,train,2.0779,12.5,64
2,7530,train,2.079,12.1622,64
2,7530,train,2.0732,12.5,64
2,7530,train,2.0859,0.0,64
2,7530,train,2.0842,12.5,64
2,7540,train,2.0785,14.8649,64
2,7540,train,2.0763,25.0,64
2,7540,train,2.0774,12.5,64
2,7540,train,2.0795,0.0,64
2,7550,train,2.0783,11.4865,64
2,7550,train,2.0768,0.0,64
2,7550,train,2.0824,12.5,64
2,7550,train,2.0693,25.0,64
2,7560,train,2.0796,11.4865,64
2,7560,train,2.0729,12.5,64
2,7560,train,2.0797,12.5,64
2,7560,train,2.0793,0.0,64
2,7570,train,2.0792,14.8649,64
2,7570,train,2.0844,12.5,64
2,7570,train,2.0741,12.5,64
2,7570,train,2.083,12.5,64
2,7580,train,2.0796,13.5135,64
2,7580,train,2.0723,0.0,64
2,7580,train,2.0759,12.5,64
2,7580,train,2.0879,0.0,64
2,7590,train,2.0813,11.4865,64
2,7590,train,2.0836,12.5,64
2,7590,train,2.0794,25.0,64
2,7590,train,2.0737,12.5,64
2,7600,train,2.0802,8.7838,64
2,7600,train,2.0701,37.5,64
2,7600,train,2.0869,0.0,64
2,7600,train,2.0724,37.5,64
2,7610,train,2.0806,12.1622,64
2,7610,train,2.0856,0.0,64
2,7610,train,2.0757,25.0,64
2,7610,train,2.0787,25.0,64
2,7620,train,2.0801,11.4865,64
2,7620,train,2.0854,0.0,64
2,7620,train,2.0784,0.0,64
2,7620,train,2.0783,12.5,64
2,7630,train,2.0783,14.527,64
2,7630,train,2.0867,0.0,64
2,7630,train,2.0893,0.0,64
2,7630,train,2.0817,0.0,64
2,7640,train,2.0806,11.8243,64
2,7640,train,2.0809,12.5,64
2,7640,train,2.0827,0.0,64
2,7640,train,2.0772,0.0,64
2,7650,train,2.0801,15.2027,64
2,7650,train,2.0771,12.5,64
2,7650,train,2.0789,25.0,64
2,7650,train,2.0788,25.0,64
2,7660,train,2.0781,12.8378,64
2,7660,train,2.0824,0.0,64
2,7660,train,2.0941,0.0,64
2,7660,train,2.0755,25.0,64
2,7670,train,2.0771,15.5405,64
2,7670,train,2.0759,12.5,64
2,7670,train,2.0746,25.0,64
2,7670,train,2.0817,37.5,64
2,7680,train,2.0794,14.527,64
2,7680,validation,2.0796,12.26,64
2,7680,train,2.0925,0.0,64
2,7680,validation,2.0795,13.32,64
2,7680,train,2.0758,12.5,64
2,7680,validation,2.0795,12.9,64
2,7680,train,2.0793,0.0,64
2,7680,validation,2.0798,12.24,64
2,7690,train,2.0802,12.8378,64
2,7690,train,2.0759,12.5,64
2,7690,train,2.0745,12.5,64
2,7690,train,2.0752,25.0,64
2,7700,train,2.0809,9.1216,64
2,7700,train,2.0876,12.5,64
2,7700,train,2.082,12.5,64
2,7700,train,2.0849,12.5,64
2,7710,train,2.0791,13.1757,64
2,7710,train,2.0731,0.0,64
2,7710,train,2.0852,12.5,64
2,7710,train,2.075,0.0,64
2,7720,train,2.0812,10.473,64
2,7720,train,2.0837,0.0,64
2,7720,train,2.0855,0.0,64
2,7720,train,2.0823,0.0,64
2,7730,train,2.0807,11.8243,64
2,7730,train,2.0852,12.5,64
2,7730,train,2.086,0.0,64
2,7730,train,2.0744,25.0,64
2,7740,train,2.0808,11.1486,64
2,7740,train,2.0892,12.5,64
2,7740,train,2.0926,0.0,64
2,7740,train,2.0814,25.0,64
2,7750,train,2.0785,14.8649,64
2,7750,train,2.0779,25.0,64
2,7750,train,2.0797,12.5,64
2,7750,train,2.0826,12.5,64
2,7760,train,2.0791,15.8784,64
2,7760,train,2.0888,12.5,64
2,7760,train,2.0794,12.5,64
2,7760,train,2.0854,12.5,64
2,7770,train,2.0812,12.8378,64
2,7770,train,2.0877,0.0,64
2,7770,train,2.084,12.5,64
2,7770,train,2.0797,0.0,64
2,7780,train,2.0808,11.4865,64
2,7780,train,2.0718,37.5,64
2,7780,train,2.0845,12.5,64
2,7780,train,2.0746,25.0,64
2,7790,train,2.0792,13.1757,64
2,7790,train,2.0756,12.5,64
2,7790,train,2.0754,25.0,64
2,7790,train,2.0724,12.5,64
2,7800,train,2.0782,18.2432,64
2,7800,train,2.0774,12.5,64
2,7800,train,2.0855,0.0,64
2,7800,train,2.083,0.0,64
2,7810,train,2.0789,14.8649,64
2,7810,train,2.0748,12.5,64
2,7810,train,2.0729,25.0,64
2,7810,train,2.0755,37.5,64
2,7820,train,2.0793,14.527,64
2,7820,train,2.0806,0.0,64
2,7820,train,2.0771,12.5,64
2,7820,train,2.0824,0.0,64
2,7830,train,2.0792,12.1622,64
2,7830,train,2.0794,0.0,64
2,7830,train,2.0817,12.5,64
2,7830,train,2.0715,25.0,64
2,7840,train,2.0793,10.473,64
2,7840,train,2.0832,12.5,64
2,7840,train,2.0872,0.0,64
2,7840,train,2.0897,0.0,64
2,7850,train,2.0784,13.8514,64
2,7850,train,2.0826,0.0,64
2,7850,train,2.0733,37.5,64
2,7850,train,2.0877,25.0,64
2,7860,train,2.0805,14.1892,64
2,7860,train,2.0802,12.5,64
2,7860,train,2.0751,37.5,64
2,7860,train,2.0874,0.0,64
2,7870,train,2.079,12.8378,64
2,7870,train,2.0826,25.0,64
2,7870,train,2.0802,25.0,64
2,7870,train,2.0751,37.5,64
2,7880,train,2.0795,11.4865,64
2,7880,train,2.0874,0.0,64
2,7880,train,2.0807,12.5,64
2,7880,train,2.0783,0.0,64
2,7890,train,2.08,12.8378,64
2,7890,train,2.0865,0.0,64
2,7890,train,2.0771,0.0,64
2,7890,train,2.0793,0.0,64
2,7900,train,2.0791,13.1757,64
2,7900,train,2.0749,0.0,64
2,7900,train,2.0868,0.0,64
2,7900,train,2.0716,12.5,64
2,7910,train,2.08,10.473,64
2,7910,train,2.0721,37.5,64
2,7910,train,2.087,0.0,64
2,7910,train,2.0843,12.5,64
2,7920,train,2.0796,13.1757,64
2,7920,train,2.0807,0.0,64
2,7920,train,2.0721,25.0,64
2,7920,train,2.0789,0.0,64
2,7930,train,2.0803,10.1351,64
2,7930,train,2.0815,0.0,64
2,7930,train,2.0863,12.5,64
2,7930,train,2.0767,12.5,64
2,7940,train,2.0806,11.8243,64
2,7940,train,2.0706,50.0,64
2,7940,train,2.0784,0.0,64
2,7940,train,2.0784,0.0,64
2,7950,train,2.0782,13.1757,64
2,7950,train,2.086,12.5,64
2,7950,train,2.0836,12.5,64
2,7950,train,2.0795,37.5,64
2,7960,train,2.08,10.8108,64
2,7960,train,2.0833,0.0,64
2,7960,train,2.0783,0.0,64
2,7960,train,2.0758,12.5,64
2,7970,train,2.0806,11.4865,64
2,7970,train,2.0762,12.5,64
2,7970,train,2.0738,37.5,64
2,7970,train,2.0834,0.0,64
2,7980,train,2.0799,14.1892,64
2,7980,train,2.0753,25.0,64
2,7980,train,2.0778,25.0,64
2,7980,train,2.0792,12.5,64
2,7990,train,2.0804,10.8108,64
2,7990,train,2.0827,0.0,64
2,7990,train,2.0829,25.0,64
2,7990,train,2.0821,12.5,64
2,8000,train,2.0797,13.1757,64
2,8000,train,2.0837,0.0,64
2,8000,train,2.0729,12.5,64
2,8000,train,2.0798,12.5,64
2,8010,train,2.0792,11.4865,64
2,8010,train,2.0781,25.0,64
2,8010,train,2.075,25.0,64
2,8010,train,2.0837,12.5,64
2,8020,train,2.08,11.4865,64
2,8020,train,2.087,0.0,64
2,8020,train,2.0802,0.0,64
2,8020,train,2.0808,25.0,64
2,8030,train,2.079,12.5,64
2,8030,train,2.0819,12.5,64
2,8030,train,2.0862,12.5,64
2,8030,train,2.084,0.0,64
2,8040,train,2.0789,14.527,64
2,8040,train,2.0735,25.0,64
2,8040,train,2.0737,25.0,64
2,8040,train,2.0797,12.5,64
2,8050,train,2.079,14.527,64
2,8050,train,2.0846,0.0,64
2,8050,train,2.0783,12.5,64
2,8050,train,2.082,12.5,64
2,8060,train,2.0793,15.5405,64
2,8060,train,2.0742,25.0,64
2,8060,train,2.0742,12.5,64
2,8060,train,2.0772,0.0,64
2,8070,train,2.0806,9.4595,64
2,8070,train,2.0817,12.5,64
2,8070,train,2.0825,12.5,64
2,8070,train,2.074,25.0,64
2,8080,train,2.0795,12.5,64
2,8080,train,2.0694,37.5,64
2,8080,train,2.0825,12.5,64
2,8080,train,2.0829,0.0,64
2,8090,train,2.0786,12.8378,64
2,8090,train,2.0725,25.0,64
2,8090,train,2.0815,25.0,64
2,8090,train,2.0814,12.5,64
2,8100,train,2.0789,14.1892,64
2,8100,train,2.0723,25.0,64
2,8100,train,2.0754,12.5,64
2,8100,train,2.0829,12.5,64
2,8110,train,2.0783,14.527,64
2,8110,train,2.0861,0.0,64
2,8110,train,2.0822,0.0,64
2,8110,train,2.0814,0.0,64
2,8120,train,2.079,16.5541,64
2,8120,train,2.0858,0.0,64
2,8120,train,2.0823,12.5,64
2,8120,train,2.0896,0.0,64
2,8130,train,2.0791,10.8108,64
2,8130,train,2.0815,0.0,64
2,8130,train,2.0835,0.0,64
2,8130,train,2.0808,12.5,64
2,8140,train,2.0793,13.1757,64
2,8140,train,2.081,12.5,64
2,8140,train,2.0855,0.0,64
2,8140,train,2.0868,0.0,64
2,8150,train,2.0803,10.473,64
2,8150,train,2.0802,12.5,64
2,8150,train,2.0807,0.0,64
2,8150,train,2.0788,12.5,64
2,8160,train,2.0783,15.2027,64
2,8160,train,2.0774,12.5,64
2,8160,train,2.0775,25.0,64
2,8160,train,2.0774,12.5,64
2,8170,train,2.0788,9.4595,64
2,8170,train,2.0831,0.0,64
2,8170,train,2.0819,0.0,64
2,8170,train,2.0761,12.5,64
2,8180,train,2.0799,15.5405,64
2,8180,train,2.0802,25.0,64
2,8180,train,2.0794,12.5,64
2,8180,train,2.0789,0.0,64
2,8190,train,2.0812,9.1216,64
2,8190,train,2.0744,25.0,64
2,8190,train,2.0773,0.0,64
2,8190,train,2.0876,12.5,64
2,8192,validation,2.0794,12.76,64
