epoch,global step,mode,loss,accuracy,mean_length
0,10,train,2.6371,11.25,59.8
0,20,train,2.709,13.75,63.2
0,30,train,2.8621,11.25,63.3875
0,40,train,2.3912,8.75,63.8375
0,50,train,2.2028,21.25,64
0,60,train,2.1502,8.75,64
0,70,train,2.1178,10.0,64
0,80,train,2.124,8.75,63.9375
0,90,train,2.133,10.0,64
0,100,train,2.1213,11.25,64
0,110,train,2.0751,11.25,64
0,120,train,2.0787,18.75,64
0,130,train,2.0362,20.0,63.5
0,140,train,2.083,10.0,64
0,150,train,2.1097,11.25,63.6375
0,160,train,2.0546,18.75,64
0,170,train,2.1341,7.5,63.3
0,180,train,2.0924,15.0,64
0,190,train,2.0552,16.25,63.8375
0,200,train,2.0761,17.5,64
0,210,train,2.094,8.75,64
0,220,train,2.0722,18.75,63.675
0,230,train,2.0806,13.75,64
0,240,train,2.0863,8.75,64
0,250,train,2.0602,21.25,64
0,260,train,2.0923,13.75,64
0,270,train,2.0789,11.25,64
0,280,train,2.0813,15.0,64
0,290,train,2.0959,8.75,64
0,300,train,2.0874,16.25,63.6
0,310,train,2.0856,12.5,64
0,320,train,2.0611,15.0,64
0,330,train,2.0856,13.75,64
0,340,train,2.1139,8.75,64
0,350,train,2.0752,12.5,64
0,360,train,2.0847,15.0,64
0,370,train,2.113,3.75,64
0,380,train,2.0828,20.0,64
0,390,train,2.0926,7.5,64
0,400,train,2.0827,10.0,64
0,410,train,2.1004,12.5,64
0,420,train,2.1058,11.25,64
0,430,train,2.078,8.75,64
0,440,train,2.0862,12.5,64
0,450,train,2.0632,15.0,64
0,460,train,2.0946,7.5,64
0,470,train,2.0967,12.5,64
0,480,train,2.08,8.75,64
0,490,train,2.0785,13.75,64
0,500,train,2.0908,3.75,64
0,510,train,2.0584,12.5,64
0,512,validation,2.0847,12.54,64
0,520,train,2.0995,7.5,64
0,530,train,2.0725,15.0,64
0,540,train,2.1072,3.75,64
0,550,train,2.0864,11.25,64
0,560,train,2.0796,13.75,64
0,570,train,2.0879,7.5,64
0,580,train,2.0822,3.75,64
0,590,train,2.0829,13.75,64
0,600,train,2.087,12.5,64
0,610,train,2.0872,8.75,64
0,620,train,2.0764,18.75,64
0,630,train,2.0999,12.5,64
0,640,train,2.0837,13.75,64
0,650,train,2.0718,12.5,64
0,660,train,2.077,17.5,64
0,670,train,2.0826,13.75,64
0,680,train,2.0713,18.75,64
0,690,train,2.0756,10.0,64
0,700,train,2.0836,10.0,64
0,710,train,2.0766,13.75,64
0,720,train,2.0789,12.5,64
0,730,train,2.0937,10.0,64
0,740,train,2.0745,16.25,64
0,750,train,2.0857,11.25,64
0,760,train,2.0836,11.25,64
0,770,train,2.0762,12.5,64
0,780,train,2.0755,15.0,64
0,790,train,2.0797,11.25,64
0,800,train,2.0777,12.5,64
0,810,train,2.0765,15.0,64
0,820,train,2.0746,13.75,64
0,830,train,2.0829,10.0,64
0,840,train,2.0807,11.25,64
0,850,train,2.0736,15.0,64
0,860,train,2.0732,20.0,64
0,870,train,2.0865,7.5,64
0,880,train,2.0828,8.75,64
0,890,train,2.0792,11.25,64
0,900,train,2.0878,12.5,64
0,910,train,2.0832,10.0,64
0,920,train,2.0791,10.0,64
0,930,train,2.0908,8.75,64
0,940,train,2.0892,8.75,64
0,950,train,2.0812,13.75,64
0,960,train,2.0792,8.75,64
0,970,train,2.0792,16.25,64
0,980,train,2.0816,7.5,64
0,990,train,2.0848,8.75,64
0,1000,train,2.082,16.25,64
0,1010,train,2.0843,10.0,64
0,1020,train,2.0832,13.75,64
0,1024,validation,2.0802,12.5,64
0,1030,train,2.0759,7.5,64
0,1040,train,2.0827,10.0,64
0,1050,train,2.079,12.5,64
0,1060,train,2.0795,8.75,64
0,1070,train,2.0793,7.5,64
0,1080,train,2.0812,15.0,64
0,1090,train,2.0829,10.0,64
0,1100,train,2.0771,15.0,64
0,1110,train,2.0795,22.5,64
0,1120,train,2.0838,10.0,64
0,1130,train,2.0806,12.5,64
0,1140,train,2.0816,11.25,64
0,1150,train,2.074,16.25,64
0,1160,train,2.076,15.0,64
0,1170,train,2.075,16.25,64
0,1180,train,2.0829,12.5,64
0,1190,train,2.0804,11.25,64
0,1200,train,2.0766,11.25,64
0,1210,train,2.0801,11.25,64
0,1220,train,2.0813,10.0,64
0,1230,train,2.0816,8.75,64
0,1240,train,2.0816,12.5,64
0,1250,train,2.0821,15.0,64
0,1260,train,2.0792,13.75,64
0,1270,train,2.08,8.75,64
0,1280,train,2.0843,16.25,64
0,1290,train,2.0823,8.75,64
0,1300,train,2.0799,12.5,64
0,1310,train,2.0747,16.25,64
0,1320,train,2.0722,18.75,64
0,1330,train,2.0793,12.5,64
0,1340,train,2.0773,20.0,64
0,1350,train,2.0762,21.25,64
0,1360,train,2.0839,10.0,64
0,1370,train,2.0776,12.5,64
0,1380,train,2.0908,11.25,64
0,1390,train,2.0808,13.75,64
0,1400,train,2.0824,11.25,64
0,1410,train,2.0834,10.0,64
0,1420,train,2.0784,10.0,64
0,1430,train,2.0741,11.25,64
0,1440,train,2.073,15.0,64
0,1450,train,2.0756,17.5,64
0,1460,train,2.082,13.75,64
0,1470,train,2.0826,10.0,64
0,1480,train,2.0866,8.75,64
0,1490,train,2.0833,10.0,64
0,1500,train,2.081,13.75,64
0,1510,train,2.084,7.5,64
0,1520,train,2.078,12.5,64
0,1530,train,2.084,10.0,64
0,1536,validation,2.0799,12.56,64
0,1540,train,2.0804,12.5,64
0,1550,train,2.0872,7.5,64
0,1560,train,2.0781,16.25,64
0,1570,train,2.0856,10.0,64
0,1580,train,2.0834,10.0,64
0,1590,train,2.0764,12.5,63.75
0,1600,train,2.0767,17.5,64
0,1610,train,2.08,11.25,64
0,1620,train,2.0752,15.0,64
0,1630,train,2.0841,6.25,64
0,1640,train,2.0747,18.75,64
0,1650,train,2.0792,18.75,64
0,1660,train,2.0822,12.5,64
0,1670,train,2.0779,20.0,64
0,1680,train,2.0825,7.5,64
0,1690,train,2.0797,13.75,64
0,1700,train,2.0774,16.25,64
0,1710,train,2.0773,12.5,64
0,1720,train,2.0864,7.5,64
0,1730,train,2.0785,12.5,64
0,1740,train,2.0796,12.5,64
0,1750,train,2.0785,15.0,64
0,1760,train,2.0829,11.25,64
0,1770,train,2.0768,12.5,64
0,1780,train,2.0849,11.25,64
0,1790,train,2.0818,13.75,64
0,1800,train,2.0815,15.0,64
0,1810,train,2.078,11.25,64
0,1820,train,2.0803,10.0,64
0,1830,train,2.0825,7.5,64
0,1840,train,2.0779,12.5,64
0,1850,train,2.0804,13.75,64
0,1860,train,2.0824,11.25,64
0,1870,train,2.0814,10.0,64
0,1880,train,2.0827,11.25,64
0,1890,train,2.0828,11.25,64
0,1900,train,2.0734,22.5,64
0,1910,train,2.0784,12.5,64
0,1920,train,2.0742,20.0,64
0,1930,train,2.0735,13.75,64
0,1940,train,2.0753,20.0,64
0,1950,train,2.0768,12.5,64
0,1960,train,2.0793,12.5,64
0,1970,train,2.0781,13.75,64
0,1980,train,2.0749,13.75,64
0,1990,train,2.083,10.0,64
0,2000,train,2.0726,21.25,64
0,2010,train,2.0744,10.0,64
0,2020,train,2.0787,8.75,63.9
0,2030,train,2.0773,15.0,64
0,2040,train,2.0499,13.75,64
0,2048,validation,2.0805,11.98,64
0,2050,train,2.0479,15.0,64
0,2060,train,2.0815,11.25,64
0,2070,train,2.0793,13.75,64
0,2080,train,2.0834,13.75,64
0,2090,train,2.0711,15.0,64
0,2100,train,2.0817,15.0,64
0,2110,train,2.0746,16.25,64
0,2120,train,2.0802,12.5,64
0,2130,train,2.0824,8.75,64
0,2140,train,2.077,13.75,64
0,2150,train,2.0779,17.5,64
0,2160,train,2.0717,17.5,64
0,2170,train,2.0809,11.25,64
0,2180,train,2.0841,10.0,64
0,2190,train,2.0818,12.5,64
0,2200,train,2.0872,12.5,64
0,2210,train,2.0748,11.25,64
0,2220,train,2.079,13.75,64
0,2230,train,2.0742,16.25,64
0,2240,train,2.0815,7.5,64
0,2250,train,2.0832,8.75,64
0,2260,train,2.079,16.25,64
0,2270,train,2.0825,12.5,64
0,2280,train,2.0839,15.0,64
0,2290,train,2.0803,13.75,64
0,2300,train,2.0849,7.5,64
0,2310,train,2.0847,8.75,64
0,2320,train,2.0825,8.75,64
0,2330,train,2.0815,12.5,64
0,2340,train,2.0757,15.0,64
0,2350,train,2.0781,11.25,64
0,2360,train,2.0774,10.0,64
0,2370,train,2.0816,7.5,64
0,2380,train,2.0816,8.75,64
0,2390,train,2.0828,10.0,64
0,2400,train,2.0742,11.25,64
0,2410,train,2.0824,12.5,64
0,2420,train,2.0788,12.5,64
0,2430,train,2.0758,12.5,64
0,2440,train,2.0794,11.25,64
0,2450,train,2.0831,12.5,64
0,2460,train,2.0788,11.25,64
0,2470,train,2.076,15.0,64
0,2480,train,2.0814,15.0,64
0,2490,train,2.0775,12.5,64
0,2500,train,2.0796,8.75,64
0,2510,train,2.0788,10.0,64
0,2520,train,2.0783,13.75,64
0,2530,train,2.0795,13.75,64
0,2540,train,2.0753,12.5,64
0,2550,train,2.0795,13.75,64
0,2560,train,2.0813,12.5,64
0,2560,validation,2.0795,12.8,64
0,2570,train,2.0785,15.0,64
0,2580,train,2.0775,20.0,64
0,2590,train,2.0782,21.25,64
0,2600,train,2.0793,16.25,64
0,2610,train,2.0827,11.25,64
0,2620,train,2.0907,5.0,64
0,2630,train,2.0755,18.75,64
0,2640,train,2.0839,7.5,64
0,2650,train,2.0744,15.0,64
0,2660,train,2.0855,7.5,64
0,2670,train,2.0776,15.0,64
0,2680,train,2.0799,12.5,64
0,2690,train,2.0787,16.25,64
0,2700,train,2.0778,11.25,64
0,2710,train,2.0799,16.25,64
0,2720,train,2.0833,12.5,64
0,2730,train,2.079,10.0,64
0,2740,train,2.0796,13.75,64
0,2750,train,2.0811,7.5,64
0,2760,train,2.0816,8.75,64
0,2770,train,2.0816,6.25,64
0,2780,train,2.0835,12.5,64
0,2790,train,2.078,13.75,64
0,2800,train,2.0849,10.0,64
0,2810,train,2.0802,7.5,64
0,2820,train,2.0828,8.75,64
0,2830,train,2.0799,10.0,64
0,2840,train,2.0811,10.0,64
0,2850,train,2.0805,15.0,64
0,2860,train,2.0776,15.0,64
0,2870,train,2.0841,13.75,64
0,2880,train,2.0799,13.75,64
0,2890,train,2.0791,11.25,64
0,2900,train,2.0796,11.25,64
0,2910,train,2.0798,8.75,64
0,2920,train,2.0776,16.25,64
0,2930,train,2.0785,12.5,64
0,2940,train,2.0795,12.5,64
0,2950,train,2.0802,12.5,64
0,2960,train,2.0832,11.25,64
0,2970,train,2.0821,6.25,64
0,2980,train,2.0776,13.75,64
0,2990,train,2.0802,11.25,64
0,3000,train,2.0816,11.25,64
0,3010,train,2.0805,5.0,64
0,3020,train,2.0811,10.0,64
0,3030,train,2.0752,20.0,64
0,3040,train,2.0806,11.25,64
0,3050,train,2.0852,7.5,64
0,3060,train,2.0815,12.5,64
0,3070,train,2.0774,17.5,64
0,3072,validation,2.0794,12.96,64
0,3080,train,2.0785,13.75,64
0,3090,train,2.0803,8.75,64
0,3100,train,2.0831,8.75,64
0,3110,train,2.0767,7.5,64
0,3120,train,2.0782,16.25,64
0,3130,train,2.0761,18.75,64
0,3140,train,2.078,16.25,64
0,3150,train,2.0823,13.75,64
0,3160,train,2.0793,13.75,64
0,3170,train,2.0785,13.75,64
0,3180,train,2.0815,8.75,64
0,3190,train,2.0806,8.75,64
0,3200,train,2.0763,17.5,64
0,3210,train,2.08,13.75,64
0,3220,train,2.0843,11.25,64
0,3230,train,2.0803,6.25,64
0,3240,train,2.0831,10.0,64
0,3250,train,2.0806,5.0,64
0,3260,train,2.0792,8.75,64
0,3270,train,2.0806,12.5,64
0,3280,train,2.0783,13.75,64
0,3290,train,2.0794,11.25,64
0,3300,train,2.0765,8.75,64
0,3310,train,2.0805,15.0,64
0,3320,train,2.078,11.25,64
0,3330,train,2.0782,15.0,64
0,3340,train,2.0807,10.0,64
0,3350,train,2.08,5.0,64
0,3360,train,2.0755,13.75,64
0,3370,train,2.0802,16.25,64
0,3380,train,2.0775,11.25,64
0,3390,train,2.0756,16.25,64
0,3400,train,2.0806,16.25,64
0,3410,train,2.0787,12.5,64
0,3420,train,2.0824,6.25,64
0,3430,train,2.0829,8.75,64
0,3440,train,2.0764,17.5,64
0,3450,train,2.0788,16.25,64
0,3460,train,2.0827,7.5,64
0,3470,train,2.0823,12.5,64
0,3480,train,2.0821,11.25,64
0,3490,train,2.0793,10.0,64
0,3500,train,2.0815,11.25,64
0,3510,train,2.0785,13.75,64
0,3520,train,2.0784,20.0,64
0,3530,train,2.0788,13.75,64
0,3540,train,2.0796,8.75,64
0,3550,train,2.0815,7.5,64
0,3560,train,2.0754,15.0,64
0,3570,train,2.0818,7.5,64
0,3580,train,2.0811,17.5,64
0,3584,validation,2.0797,12.44,64
0,3590,train,2.0805,12.5,64
0,3600,train,2.0793,16.25,64
0,3610,train,2.0841,7.5,64
0,3620,train,2.0793,16.25,64
0,3630,train,2.0811,10.0,64
0,3640,train,2.0802,8.75,64
0,3650,train,2.0795,11.25,64
0,3660,train,2.0782,13.75,64
0,3670,train,2.0831,15.0,64
0,3680,train,2.0824,7.5,64
0,3690,train,2.0784,8.75,64
0,3700,train,2.0807,13.75,64
0,3710,train,2.0789,10.0,64
0,3720,train,2.0803,8.75,64
0,3730,train,2.0794,13.75,64
0,3740,train,2.0782,10.0,64
0,3750,train,2.0771,17.5,64
0,3760,train,2.0804,11.25,64
0,3770,train,2.0813,12.5,64
0,3780,train,2.0777,7.5,64
0,3790,train,2.0815,8.75,64
0,3800,train,2.0763,16.25,64
0,3810,train,2.0794,13.75,64
0,3820,train,2.0761,16.25,64
0,3830,train,2.0769,18.75,64
0,3840,train,2.0759,18.75,64
0,3850,train,2.0784,8.75,64
0,3860,train,2.0762,15.0,64
0,3870,train,2.0817,11.25,64
0,3880,train,2.0816,15.0,64
0,3890,train,2.0824,7.5,64
0,3900,train,2.0789,10.0,64
0,3910,train,2.0823,13.75,64
0,3920,train,2.0769,11.25,64
0,3930,train,2.0791,11.25,64
0,3940,train,2.0844,6.25,64
0,3950,train,2.0847,10.0,64
0,3960,train,2.081,10.0,64
0,3970,train,2.0821,7.5,64
0,3980,train,2.0841,7.5,64
0,3990,train,2.078,12.5,64
0,4000,train,2.0794,16.25,64
0,4010,train,2.0775,12.5,64
0,4020,train,2.0795,13.75,64
0,4030,train,2.0809,10.0,64
0,4040,train,2.0787,13.75,64
0,4050,train,2.0823,13.75,64
0,4060,train,2.0809,12.5,64
0,4070,train,2.0822,7.5,64
0,4080,train,2.0822,12.5,64
0,4090,train,2.0847,5.0,64
0,4096,validation,2.0796,12.44,64
0,4100,train,2.0801,16.25,64
0,4110,train,2.0769,13.75,64
0,4120,train,2.0784,15.0,64
0,4130,train,2.0822,15.0,64
0,4140,train,2.0771,12.5,64
0,4150,train,2.0797,6.25,64
0,4160,train,2.0825,10.0,64
0,4170,train,2.0789,8.75,64
0,4180,train,2.0775,13.75,64
0,4190,train,2.0775,13.75,64
0,4200,train,2.08,17.5,64
0,4210,train,2.0793,17.5,64
0,4220,train,2.08,15.0,64
0,4230,train,2.0805,15.0,64
0,4240,train,2.0793,15.0,64
0,4250,train,2.0834,10.0,64
0,4260,train,2.0797,16.25,64
0,4270,train,2.0783,18.75,64
0,4280,train,2.0831,7.5,64
0,4290,train,2.0757,21.25,64
0,4300,train,2.0795,15.0,64
0,4310,train,2.0778,12.5,64
0,4320,train,2.0797,17.5,64
0,4330,train,2.0767,11.25,64
0,4340,train,2.078,18.75,64
0,4350,train,2.0817,12.5,64
0,4360,train,2.0798,11.25,64
0,4370,train,2.0819,10.0,64
0,4380,train,2.0801,10.0,64
0,4390,train,2.0811,12.5,64
0,4400,train,2.0801,7.5,64
0,4410,train,2.0781,7.5,64
0,4420,train,2.0779,13.75,64
0,4430,train,2.0785,17.5,64
0,4440,train,2.0795,18.75,64
0,4450,train,2.0793,13.75,64
0,4460,train,2.0781,17.5,64
0,4470,train,2.0786,8.75,64
0,4480,train,2.0761,18.75,64
0,4490,train,2.0815,12.5,64
0,4500,train,2.0816,18.75,64
0,4510,train,2.0797,10.0,64
0,4520,train,2.083,12.5,64
0,4530,train,2.0776,11.25,64
0,4540,train,2.0806,12.5,64
0,4550,train,2.0792,17.5,64
0,4560,train,2.0797,8.75,64
0,4570,train,2.076,22.5,64
0,4580,train,2.078,15.0,64
0,4590,train,2.0826,10.0,64
0,4600,train,2.0784,10.0,64
0,4608,validation,2.0797,12.74,64
0,4610,train,2.0822,6.25,64
0,4620,train,2.0795,12.5,64
0,4630,train,2.0802,17.5,64
0,4640,train,2.077,13.75,64
0,4650,train,2.0789,6.25,64
0,4660,train,2.0789,18.75,64
0,4670,train,2.0783,12.5,64
0,4680,train,2.0813,7.5,64
0,4690,train,2.0818,11.25,64
0,4700,train,2.079,16.25,64
0,4710,train,2.081,10.0,64
0,4720,train,2.0783,12.5,64
0,4730,train,2.0796,12.5,64
0,4740,train,2.0771,16.25,64
0,4750,train,2.0798,16.25,64
0,4760,train,2.0817,12.5,64
0,4770,train,2.0776,16.25,64
0,4780,train,2.0801,10.0,64
0,4790,train,2.0831,5.0,64
0,4800,train,2.0816,11.25,64
0,4810,train,2.0796,10.0,64
0,4820,train,2.0771,18.75,64
0,4830,train,2.0832,7.5,64
0,4840,train,2.0812,11.25,64
0,4850,train,2.0751,16.25,64
0,4860,train,2.0787,8.75,64
0,4870,train,2.0829,10.0,64
0,4880,train,2.0772,15.0,64
0,4890,train,2.0774,15.0,64
0,4900,train,2.0826,11.25,64
0,4910,train,2.0834,10.0,64
0,4920,train,2.0773,13.75,64
0,4930,train,2.0834,8.75,64
0,4940,train,2.0793,8.75,64
0,4950,train,2.079,10.0,64
0,4960,train,2.0801,8.75,64
0,4970,train,2.0793,11.25,64
0,4980,train,2.0787,8.75,64
0,4990,train,2.0763,15.0,64
0,5000,train,2.079,12.5,64
0,5010,train,2.0814,15.0,64
0,5020,train,2.0808,13.75,64
0,5030,train,2.0782,10.0,64
0,5040,train,2.0753,11.25,64
0,5050,train,2.0809,16.25,64
0,5060,train,2.0816,8.75,64
0,5070,train,2.0796,12.5,64
0,5080,train,2.0797,10.0,64
0,5090,train,2.0784,16.25,64
0,5100,train,2.0833,7.5,64
0,5110,train,2.0799,13.75,64
0,5120,train,2.0786,12.5,64
0,5120,validation,2.0795,12.64,64
0,5130,train,2.0778,15.0,64
0,5140,train,2.077,18.75,64
0,5150,train,2.0802,8.75,64
0,5160,train,2.0804,11.25,64
0,5170,train,2.079,15.0,64
0,5180,train,2.0789,11.25,64
0,5190,train,2.0801,13.75,64
0,5200,train,2.0775,7.5,64
0,5210,train,2.0768,12.5,64
0,5220,train,2.0734,20.0,64
0,5230,train,2.0839,10.0,64
0,5240,train,2.0845,5.0,64
0,5250,train,2.0834,5.0,64
0,5260,train,2.0752,20.0,64
0,5270,train,2.0803,8.75,64
0,5280,train,2.0804,11.25,64
0,5290,train,2.0828,16.25,64
0,5300,train,2.082,10.0,64
0,5310,train,2.0772,15.0,64
0,5320,train,2.0755,18.75,64
0,5330,train,2.0775,16.25,64
0,5340,train,2.0783,13.75,64
0,5350,train,2.0804,7.5,64
0,5360,train,2.0775,20.0,64
0,5370,train,2.079,12.5,64
0,5380,train,2.0829,12.5,64
0,5390,train,2.0804,10.0,64
0,5400,train,2.0773,13.75,64
0,5410,train,2.0806,11.25,64
0,5420,train,2.0805,10.0,64
0,5430,train,2.0821,8.75,64
0,5440,train,2.0794,13.75,64
0,5450,train,2.0792,11.25,64
0,5460,train,2.079,12.5,64
0,5470,train,2.0796,13.75,64
0,5480,train,2.0816,8.75,64
0,5490,train,2.0822,7.5,64
0,5500,train,2.0787,16.25,64
0,5510,train,2.0807,10.0,64
0,5520,train,2.0808,7.5,64
0,5530,train,2.0831,10.0,64
0,5540,train,2.0782,11.25,64
0,5550,train,2.0807,12.5,64
0,5560,train,2.0788,13.75,64
0,5570,train,2.0768,22.5,64
0,5580,train,2.0791,12.5,64
0,5590,train,2.071,11.25,64
0,5600,train,2.0789,8.75,64
0,5610,train,2.0848,8.75,64
0,5620,train,2.076,10.0,64
0,5630,train,2.0805,11.25,64
0,5632,validation,2.0797,12.48,64
0,5640,train,2.0859,7.5,64
0,5650,train,2.0807,7.5,64
0,5660,train,2.0826,10.0,64
0,5670,train,2.079,16.25,64
0,5680,train,2.0793,12.5,64
0,5690,train,2.0802,7.5,64
0,5700,train,2.0804,6.25,64
0,5710,train,2.0774,13.75,64
0,5720,train,2.0783,22.5,64
0,5730,train,2.0789,13.75,64
0,5740,train,2.0783,15.0,64
0,5750,train,2.079,15.0,64
0,5760,train,2.0801,12.5,64
0,5770,train,2.081,13.75,64
0,5780,train,2.0776,18.75,64
0,5790,train,2.0818,10.0,64
0,5800,train,2.0834,8.75,64
0,5810,train,2.0831,10.0,64
0,5820,train,2.0804,11.25,64
0,5830,train,2.0824,12.5,64
0,5840,train,2.081,6.25,64
0,5850,train,2.078,10.0,64
0,5860,train,2.0787,12.5,64
0,5870,train,2.0785,12.5,64
0,5880,train,2.0788,10.0,64
0,5890,train,2.0788,16.25,64
0,5900,train,2.0802,15.0,64
0,5910,train,2.0782,12.5,64
0,5920,train,2.083,8.75,64
0,5930,train,2.0789,10.0,64
0,5940,train,2.0775,15.0,64
0,5950,train,2.0799,11.25,64
0,5960,train,2.0798,5.0,64
0,5970,train,2.0805,11.25,64
0,5980,train,2.0805,7.5,64
0,5990,train,2.0781,12.5,64
0,6000,train,2.0803,5.0,64
0,6010,train,2.0777,17.5,64
0,6020,train,2.0804,11.25,64
0,6030,train,2.0806,10.0,64
0,6040,train,2.0814,8.75,64
0,6050,train,2.078,16.25,64
0,6060,train,2.079,8.75,64
0,6070,train,2.0789,21.25,64
0,6080,train,2.0779,15.0,64
0,6090,train,2.0799,13.75,64
0,6100,train,2.0781,12.5,64
0,6110,train,2.0814,8.75,64
0,6120,train,2.0798,11.25,64
0,6130,train,2.0807,13.75,64
0,6140,train,2.0788,15.0,64
0,6144,validation,2.0795,12.84,64
0,6150,train,2.0782,12.5,64
0,6160,train,2.0783,16.25,64
0,6170,train,2.0807,16.25,64
0,6180,train,2.0805,11.25,64
0,6190,train,2.0797,7.5,64
0,6200,train,2.0805,13.75,64
0,6210,train,2.0811,11.25,64
0,6220,train,2.0796,12.5,64
0,6230,train,2.0795,16.25,64
0,6240,train,2.0788,13.75,64
0,6250,train,2.0796,11.25,64
0,6260,train,2.0792,12.5,64
0,6270,train,2.0766,16.25,64
0,6280,train,2.0811,11.25,64
0,6290,train,2.079,15.0,64
0,6300,train,2.082,13.75,64
0,6310,train,2.079,12.5,64
0,6320,train,2.0793,13.75,64
0,6330,train,2.0798,12.5,64
0,6340,train,2.0782,17.5,64
0,6350,train,2.0793,11.25,64
0,6360,train,2.0808,7.5,64
0,6370,train,2.0811,10.0,64
0,6380,train,2.0802,6.25,64
0,6390,train,2.0785,17.5,64
0,6400,train,2.0807,10.0,64
0,6410,train,2.0783,16.25,64
0,6420,train,2.0799,16.25,64
0,6430,train,2.08,7.5,64
0,6440,train,2.0809,11.25,64
0,6450,train,2.0777,18.75,64
0,6460,train,2.0789,16.25,64
0,6470,train,2.0812,7.5,64
0,6480,train,2.0777,15.0,64
0,6490,train,2.0818,11.25,64
0,6500,train,2.0829,7.5,64
0,6510,train,2.0802,5.0,64
0,6520,train,2.0813,11.25,64
0,6530,train,2.0794,20.0,64
0,6540,train,2.0805,8.75,64
0,6550,train,2.077,13.75,64
0,6560,train,2.0793,12.5,64
0,6570,train,2.0796,8.75,64
0,6580,train,2.0819,7.5,64
0,6590,train,2.0817,13.75,64
0,6600,train,2.0778,20.0,64
0,6610,train,2.08,10.0,64
0,6620,train,2.0828,1.25,64
0,6630,train,2.0813,2.5,64
0,6640,train,2.0804,10.0,64
0,6650,train,2.0797,11.25,64
0,6656,validation,2.0796,11.82,64
0,6660,train,2.0781,13.75,64
0,6670,train,2.0798,10.0,64
0,6680,train,2.0797,16.25,64
0,6690,train,2.0776,21.25,64
0,6700,train,2.0818,8.75,64
0,6710,train,2.0796,16.25,64
0,6720,train,2.0819,8.75,64
0,6730,train,2.078,10.0,64
0,6740,train,2.0773,15.0,64
0,6750,train,2.0796,11.25,64
0,6760,train,2.0813,10.0,64
0,6770,train,2.0782,11.25,64
0,6780,train,2.0802,13.75,64
0,6790,train,2.079,16.25,64
0,6800,train,2.0796,16.25,64
0,6810,train,2.0801,8.75,64
0,6820,train,2.082,8.75,64
0,6830,train,2.082,7.5,64
0,6840,train,2.0804,11.25,64
0,6850,train,2.0808,8.75,64
0,6860,train,2.0787,12.5,64
0,6870,train,2.0789,15.0,64
0,6880,train,2.0808,11.25,64
0,6890,train,2.0802,7.5,64
0,6900,train,2.0794,11.25,64
0,6910,train,2.079,11.25,64
0,6920,train,2.0789,13.75,64
0,6930,train,2.0793,11.25,64
0,6940,train,2.0805,12.5,64
0,6950,train,2.078,13.75,64
0,6960,train,2.0804,8.75,64
0,6970,train,2.0793,10.0,64
0,6980,train,2.0796,11.25,64
0,6990,train,2.0794,11.25,64
0,7000,train,2.081,13.75,64
0,7010,train,2.0798,8.75,64
0,7020,train,2.0795,16.25,64
0,7030,train,2.0787,11.25,64
0,7040,train,2.0809,12.5,64
0,7050,train,2.0792,21.25,64
0,7060,train,2.0791,10.0,64
0,7070,train,2.0787,11.25,64
0,7080,train,2.0808,11.25,64
0,7090,train,2.0789,16.25,64
0,7100,train,2.0785,10.0,64
0,7110,train,2.0786,8.75,64
0,7120,train,2.0772,16.25,64
0,7130,train,2.0786,13.75,64
0,7140,train,2.0805,11.25,64
0,7150,train,2.0813,10.0,64
0,7160,train,2.079,10.0,64
0,7168,validation,2.0795,12.28,64
0,7170,train,2.0798,8.75,64
0,7180,train,2.0785,12.5,64
0,7190,train,2.0793,11.25,64
0,7200,train,2.079,17.5,64
0,7210,train,2.0798,11.25,64
0,7220,train,2.0807,15.0,64
0,7230,train,2.0775,15.0,64
0,7240,train,2.0781,15.0,64
0,7250,train,2.0788,21.25,64
0,7260,train,2.0806,12.5,64
0,7270,train,2.0826,12.5,64
0,7280,train,2.0798,16.25,64
0,7290,train,2.0805,10.0,64
0,7300,train,2.0805,12.5,64
0,7310,train,2.0793,8.75,64
0,7320,train,2.08,11.25,64
0,7330,train,2.079,11.25,64
0,7340,train,2.0789,11.25,64
0,7350,train,2.0786,10.0,64
0,7360,train,2.0794,7.5,64
0,7370,train,2.0794,8.75,64
0,7380,train,2.0807,10.0,64
0,7390,train,2.0806,12.5,64
0,7400,train,2.0804,12.5,64
0,7410,train,2.0795,11.25,64
0,7420,train,2.0798,11.25,64
0,7430,train,2.0801,10.0,64
0,7440,train,2.0795,12.5,64
0,7450,train,2.0796,8.75,64
0,7460,train,2.0806,13.75,64
0,7470,train,2.0809,11.25,64
0,7480,train,2.0781,15.0,64
0,7490,train,2.0781,11.25,64
0,7500,train,2.0786,16.25,64
0,7510,train,2.0795,10.0,64
0,7520,train,2.082,6.25,64
0,7530,train,2.0787,17.5,64
0,7540,train,2.0791,12.5,64
0,7550,train,2.0788,15.0,64
0,7560,train,2.0811,13.75,64
0,7570,train,2.0816,7.5,64
0,7580,train,2.0779,12.5,64
0,7590,train,2.08,16.25,64
0,7600,train,2.0823,6.25,64
0,7610,train,2.0798,10.0,64
0,7620,train,2.0804,12.5,64
0,7630,train,2.0796,10.0,64
0,7640,train,2.08,12.5,64
0,7650,train,2.0801,12.5,64
0,7660,train,2.0784,10.0,64
0,7670,train,2.0784,13.75,64
0,7680,train,2.0797,10.0,64
0,7680,validation,2.0795,12.98,64
0,7690,train,2.0794,8.75,64
0,7700,train,2.078,8.75,64
0,7710,train,2.0811,11.25,64
0,7720,train,2.0793,12.5,64
0,7730,train,2.0785,15.0,64
0,7740,train,2.0782,13.75,64
0,7750,train,2.0815,7.5,64
0,7760,train,2.079,16.25,64
0,7770,train,2.0805,13.75,64
0,7780,train,2.0787,15.0,64
0,7790,train,2.0801,15.0,64
0,7800,train,2.0821,11.25,64
0,7810,train,2.08,13.75,64
0,7820,train,2.0793,18.75,64
0,7830,train,2.0797,12.5,64
0,7840,train,2.0786,10.0,64
0,7850,train,2.0782,11.25,64
0,7860,train,2.0246,16.25,64
0,7870,train,2.0804,8.75,64
0,7880,train,2.079,15.0,64
0,7890,train,2.0788,8.75,64
0,7900,train,2.0785,15.0,64
0,7910,train,2.0809,8.75,64
0,7920,train,2.083,8.75,64
0,7930,train,2.0802,11.25,64
0,7940,train,2.0816,12.5,64
0,7950,train,2.0813,8.75,64
0,7960,train,2.0784,16.25,64
0,7970,train,2.0794,10.0,64
0,7980,train,2.0803,8.75,64
0,7990,train,2.0802,10.0,64
0,8000,train,2.0791,10.0,64
0,8010,train,2.0797,10.0,64
0,8020,train,2.079,16.25,64
0,8030,train,2.0785,15.0,64
0,8040,train,2.0795,10.0,64
0,8050,train,2.0809,11.25,64
0,8060,train,2.0793,10.0,64
0,8070,train,2.0789,11.25,64
0,8080,train,2.0799,8.75,64
0,8090,train,2.0835,10.0,64
0,8100,train,2.08,10.0,64
0,8110,train,2.0794,6.25,64
0,8120,train,2.082,11.25,64
0,8130,train,2.0807,3.75,64
0,8140,train,2.0787,11.25,64
0,8150,train,2.0806,10.0,64
0,8160,train,2.0813,10.0,64
0,8170,train,2.0815,8.75,64
0,8180,train,2.0803,8.75,64
0,8190,train,2.0776,11.25,64
0,8192,validation,2.0794,13.04,64
