epoch,global step,mode,loss,accuracy,mean_length
0,0,train,2.7459,12.5,52.5
0,0,validation,3.3243,12.34,63.292
0,10,train,2.6092,11.8421,56.3355
0,10,train,1.9269,37.5,60.5
0,20,train,2.2974,13.8158,61.3355
0,20,train,1.9724,12.5,64
0,30,train,2.1345,12.5,63.0789
0,30,train,2.0893,0.0,64
0,40,train,2.1234,12.5,64
0,40,train,2.0934,12.5,64
0,50,train,2.123,10.5263,63.6711
0,50,train,2.0889,0.0,64
0,60,train,2.0854,17.1053,64
0,60,train,2.1354,0.0,64
0,70,train,2.0813,13.1579,63.7237
0,70,train,2.1242,25.0,64
0,80,train,2.0851,18.4211,64
0,80,train,1.9907,12.5,64
0,90,train,2.1233,9.2105,62.8618
0,90,train,2.0571,25.0,64
0,100,train,2.0623,15.7895,63.6776
0,100,train,2.1339,0.0,64
0,110,train,2.0726,15.7895,63.75
0,110,train,1.9422,25.0,64
0,120,train,2.0922,11.1842,63.6513
0,120,train,2.0095,25.0,64
0,130,train,2.083,14.4737,63.4539
0,130,train,2.2302,0.0,64
0,140,train,2.0861,13.8158,63.0132
0,140,train,1.9962,25.0,59.25
0,150,train,2.0956,15.7895,63.3618
0,150,train,2.2208,12.5,59
0,160,train,2.0896,15.1316,63.4145
0,160,train,2.089,25.0,64
0,170,train,2.0984,8.5526,63.1776
0,170,train,2.021,37.5,64
0,180,train,2.0916,13.1579,63.375
0,180,train,2.0466,25.0,64
0,190,train,2.0857,10.5263,63.4211
0,190,train,2.0904,0.0,64
0,200,train,2.0918,10.5263,64
0,200,train,2.1416,12.5,64
0,210,train,2.0945,10.5263,63.2763
0,210,train,2.078,0.0,64
0,220,train,2.0723,15.7895,63.0132
0,220,train,2.0448,25.0,64
0,230,train,2.0619,13.1579,63.4737
0,230,train,2.0705,25.0,64
0,240,train,2.0972,13.1579,63.6118
0,240,train,2.0905,25.0,64
0,250,train,2.0855,13.8158,64
0,250,train,2.022,12.5,64
0,260,train,2.0636,19.0789,63.6118
0,260,train,2.0521,12.5,64
0,270,train,2.0886,11.8421,64
0,270,train,2.136,0.0,64
0,280,train,2.0739,12.5,64
0,280,train,2.0792,0.0,64
0,290,train,2.0771,12.5,63.4474
0,290,train,2.1245,12.5,64
0,300,train,2.0756,16.4474,64
0,300,train,2.0231,12.5,64
0,310,train,2.0631,13.8158,63.2961
0,310,train,2.1443,0.0,64
0,320,train,2.0825,17.1053,63.6447
0,320,train,1.9885,37.5,64
0,330,train,2.0865,17.7632,64
0,330,train,2.0881,0.0,64
0,340,train,2.0478,18.4211,64
0,340,train,2.0678,12.5,64
0,350,train,2.0602,17.1053,63.6184
0,350,train,2.0176,12.5,64
0,360,train,1.9805,23.6842,64
0,360,train,2.1872,12.5,64
0,370,train,2.0104,19.0789,64
0,370,train,1.8923,37.5,64
0,380,train,2.0246,16.4474,64
0,380,train,2.0153,25.0,64
0,390,train,2.0039,20.3947,64
0,390,train,2.0418,12.5,64
0,400,train,1.9737,21.7105,63.0066
0,400,train,2.097,12.5,64
0,410,train,1.966,16.4474,62.6053
0,410,train,1.9972,25.0,64
0,420,train,1.935,23.0263,62.1974
0,420,train,1.6423,37.5,59.25
0,430,train,1.8871,28.2895,62.7171
0,430,train,2.0121,12.5,58.875
0,440,train,1.8643,24.3421,62.7632
0,440,train,1.8199,25.0,62.75
0,450,train,1.8982,25.0,62.4145
0,450,train,2.1268,0.0,62.625
0,460,train,1.9056,21.7105,60.625
0,460,train,1.6361,37.5,58.25
0,470,train,1.8472,25.6579,58.8421
0,470,train,2.0581,25.0,64
0,480,train,1.906,18.4211,58.0329
0,480,train,2.4577,12.5,42.375
0,490,train,1.9729,26.3158,42.25
0,490,train,1.5056,37.5,33.875
0,500,train,2.0251,25.0,47.3947
0,500,train,1.8705,50.0,20
0,510,train,1.9179,25.0,41.1053
0,510,train,1.9701,12.5,48.75
0,512,validation,1.9055,24.9,33.395
0,512,validation,1.903,24.84,33.4748
0,520,train,1.8856,23.0263,38.7961
0,520,train,1.92,12.5,18.25
0,530,train,1.8599,30.2632,27.9408
0,530,train,1.4631,50.0,41.5
0,540,train,1.8076,28.9474,28.1579
0,540,train,1.9373,25.0,34.25
0,550,train,1.7579,28.2895,46.4013
0,550,train,1.8561,25.0,64
0,560,train,1.806,29.6053,59.4737
0,560,train,1.9922,0.0,41.625
0,570,train,1.6967,35.5263,60.9145
0,570,train,1.4998,62.5,56.5
0,580,train,1.6709,34.2105,60.1513
0,580,train,1.5336,25.0,64
0,590,train,1.6581,33.5526,60.1842
0,590,train,2.1405,25.0,56.5
0,600,train,1.6004,34.2105,55.625
0,600,train,1.4489,37.5,64
0,610,train,1.4597,45.3947,55.5461
0,610,train,1.4467,37.5,64
0,620,train,1.567,37.5,56.8487
0,620,train,1.7235,50.0,64
0,630,train,1.4163,48.0263,56.1908
0,630,train,1.4404,62.5,56.5
0,640,train,1.5747,38.1579,56.8355
0,640,train,1.628,50.0,64
0,650,train,1.6529,33.5526,56.2434
0,650,train,1.6469,37.5,49.375
0,660,train,1.5376,37.5,61.7368
0,660,train,1.1018,75.0,64
0,670,train,1.4895,41.4474,60.2171
0,670,train,1.0684,87.5,64
0,680,train,1.5836,38.8158,60.5987
0,680,train,1.5407,50.0,56.5
0,690,train,1.5242,41.4474,62.9342
0,690,train,1.4191,62.5,56.5
0,700,train,1.3965,44.0789,61.2763
0,700,train,1.3932,50.0,64
0,710,train,1.3934,42.1053,62.875
0,710,train,1.1147,50.0,64
0,720,train,1.2739,50.0,60.8421
0,720,train,1.096,75.0,64
0,730,train,1.3455,48.0263,59.3421
0,730,train,1.1905,62.5,56.5
0,740,train,1.4981,38.1579,62.1053
0,740,train,1.8626,12.5,57.5
0,750,train,1.3049,47.3684,61.875
0,750,train,1.1398,50.0,64
0,760,train,1.4183,42.1053,61.4342
0,760,train,1.6967,37.5,58.625
0,770,train,1.2944,49.3421,62.1842
0,770,train,1.0518,87.5,64
0,780,train,1.3115,57.8947,63.4079
0,780,train,1.1656,62.5,64
0,790,train,1.2872,54.6053,63.2105
0,790,train,0.8503,87.5,64
0,800,train,1.365,47.3684,60.5
0,800,train,0.8836,50.0,64
0,810,train,1.2408,48.6842,59.5724
0,810,train,2.06,12.5,50.75
0,820,train,1.2976,50.0,60.1974
0,820,train,0.9471,75.0,56.75
0,830,train,1.1904,55.2632,58.375
0,830,train,1.1715,62.5,57.375
0,840,train,1.2876,48.0263,60.7105
0,840,train,0.9335,87.5,64
0,850,train,1.243,54.6053,57.0658
0,850,train,1.7709,25.0,64
0,860,train,1.4412,40.7895,51.4868
0,860,train,0.8163,75.0,64
0,870,train,1.1723,51.3158,57.7237
0,870,train,0.9637,62.5,51.875
0,880,train,1.1947,53.2895,56.4605
0,880,train,1.0042,50.0,64
0,890,train,1.0798,65.1316,59.1776
0,890,train,1.1129,62.5,49.125
0,900,train,1.2313,52.6316,55.7961
0,900,train,1.1783,75.0,49.5
0,910,train,1.1755,59.2105,59.8289
0,910,train,0.6342,75.0,64
0,920,train,1.2093,51.3158,60.2171
0,920,train,1.0398,50.0,57.875
0,930,train,1.0869,61.1842,61.6776
0,930,train,1.2129,50.0,64
0,940,train,1.0552,63.1579,62.0461
0,940,train,1.2346,50.0,64
0,950,train,1.1123,57.2368,60.0395
0,950,train,1.1773,50.0,64
0,960,train,1.0116,61.1842,64
0,960,train,1.0619,62.5,59.125
0,970,train,1.1319,54.6053,64
0,970,train,1.1576,75.0,64
0,980,train,1.2026,54.6053,63.8289
0,980,train,1.2359,37.5,64
0,990,train,1.2267,51.3158,63.5329
0,990,train,1.2341,62.5,64
0,1000,train,1.091,61.1842,61.5329
0,1000,train,1.2567,50.0,58.125
0,1010,train,0.9979,63.8158,61.7895
0,1010,train,0.9879,62.5,63
0,1020,train,1.0397,60.5263,61.7039
0,1020,train,1.3436,37.5,64
0,1024,validation,1.0302,62.04,62.7728
0,1024,validation,1.0272,61.94,62.7544
0,1030,train,1.0005,61.1842,64
0,1030,train,1.0568,50.0,60.25
0,1040,train,0.9668,63.8158,62.4408
0,1040,train,0.408,100.0,64
0,1050,train,1.1241,58.5526,59.6908
0,1050,train,1.6478,25.0,64
0,1060,train,0.9692,60.5263,61.8553
0,1060,train,1.1202,62.5,64
0,1070,train,0.9342,65.7895,60.2697
0,1070,train,1.044,62.5,64
0,1080,train,0.9631,66.4474,61.2763
0,1080,train,0.8076,75.0,59.125
0,1090,train,0.9729,66.4474,61.2697
0,1090,train,0.7302,75.0,64
0,1100,train,0.9663,69.0789,61.1645
0,1100,train,0.6739,87.5,64
0,1110,train,0.8413,67.7632,59.8487
0,1110,train,0.7443,62.5,64
0,1120,train,0.9451,67.1053,61.5263
0,1120,train,1.5164,62.5,64
0,1130,train,0.9423,63.8158,61.7566
0,1130,train,0.4344,87.5,64
0,1140,train,0.9332,66.4474,62.0987
0,1140,train,0.6653,87.5,56.75
0,1150,train,0.8307,67.7632,62.1513
0,1150,train,0.7662,75.0,64
0,1160,train,0.9475,65.1316,63.5987
0,1160,train,0.651,62.5,64
0,1170,train,0.9206,66.4474,63.5987
0,1170,train,0.5361,75.0,64
0,1180,train,0.8345,66.4474,64
0,1180,train,0.6199,75.0,64
0,1190,train,0.853,67.1053,64
0,1190,train,0.6784,87.5,64
0,1200,train,0.8938,65.1316,64
0,1200,train,1.1092,62.5,64
0,1210,train,0.6846,76.3158,63.75
0,1210,train,1.5298,12.5,64
0,1220,train,0.7585,73.0263,64
0,1220,train,0.6301,75.0,64
0,1230,train,0.8186,65.1316,64
0,1230,train,1.2675,37.5,64
0,1240,train,0.7266,71.7105,64
0,1240,train,0.5901,87.5,64
0,1250,train,0.8836,65.1316,64
0,1250,train,0.6074,75.0,64
0,1260,train,0.7658,73.6842,64
0,1260,train,0.7303,62.5,64
0,1270,train,0.8193,70.3947,64
0,1270,train,0.6912,87.5,64
0,1280,train,0.824,70.3947,64
0,1280,train,1.0329,50.0,64
0,1290,train,0.8161,71.7105,64
0,1290,train,0.5559,87.5,64
0,1300,train,0.7636,76.9737,64
0,1300,train,0.5754,75.0,64
0,1310,train,0.8888,65.7895,63.7566
0,1310,train,1.1435,50.0,64
0,1320,train,0.7364,75.0,64
0,1320,train,0.9941,62.5,64
0,1330,train,0.6619,76.3158,64
0,1330,train,0.3765,100.0,64
0,1340,train,0.6907,75.6579,63.9474
0,1340,train,1.1678,62.5,58.625
0,1350,train,0.6911,75.0,64
0,1350,train,0.6271,75.0,64
0,1360,train,0.7673,72.3684,64
0,1360,train,0.6206,87.5,64
0,1370,train,0.7233,73.0263,64
0,1370,train,0.7115,75.0,64
0,1380,train,0.7882,71.7105,63.7237
0,1380,train,0.4347,100.0,64
0,1390,train,0.6695,75.0,64
0,1390,train,1.2912,50.0,64
0,1400,train,0.7229,70.3947,64
0,1400,train,0.9001,62.5,64
0,1410,train,0.7412,75.0,64
0,1410,train,0.606,62.5,64
0,1420,train,0.64,78.9474,64
0,1420,train,0.857,75.0,64
0,1430,train,0.6465,78.2895,64
0,1430,train,0.9578,50.0,64
0,1440,train,0.6745,75.0,64
0,1440,train,0.5899,75.0,64
0,1450,train,0.6537,77.6316,64
0,1450,train,0.725,50.0,64
0,1460,train,0.6988,75.0,64
0,1460,train,1.134,37.5,64
0,1470,train,0.7995,67.7632,64
0,1470,train,0.4417,87.5,64
0,1480,train,0.6539,75.6579,64
0,1480,train,0.3289,100.0,64
0,1490,train,0.6555,78.2895,64
0,1490,train,0.9228,62.5,64
0,1500,train,0.631,78.2895,64
0,1500,train,0.4509,87.5,64
0,1510,train,0.6716,78.9474,64
0,1510,train,0.5668,75.0,64
0,1520,train,0.6717,76.9737,64
0,1520,train,0.456,100.0,64
0,1530,train,0.7802,73.6842,64
0,1530,train,0.9259,75.0,64
0,1536,validation,0.5939,80.22,64
0,1536,validation,0.611,78.48,64
0,1540,train,0.5706,80.2632,64
0,1540,train,0.582,75.0,64
0,1550,train,0.616,78.2895,64
0,1550,train,0.8935,50.0,64
0,1560,train,0.5797,78.9474,64
0,1560,train,0.7308,75.0,64
0,1570,train,0.4713,85.5263,64
0,1570,train,0.329,75.0,64
0,1580,train,0.5391,82.8947,64
0,1580,train,0.5826,75.0,64
0,1590,train,0.5789,78.9474,64
0,1590,train,0.7216,62.5,64
0,1600,train,0.5731,78.9474,64
0,1600,train,1.1442,50.0,64
0,1610,train,0.6606,73.0263,64
0,1610,train,0.7364,75.0,64
0,1620,train,0.6598,69.0789,64
0,1620,train,0.5162,75.0,64
0,1630,train,0.6601,75.6579,64
0,1630,train,0.6072,62.5,64
0,1640,train,0.5704,76.3158,64
0,1640,train,0.527,62.5,64
0,1650,train,0.5788,81.5789,64
0,1650,train,0.9455,62.5,64
0,1660,train,0.6235,73.0263,63.9211
0,1660,train,0.5323,87.5,64
0,1670,train,0.7921,71.7105,63.875
0,1670,train,0.6448,87.5,64
0,1680,train,0.5077,79.6053,63.8487
0,1680,train,0.5764,75.0,64
0,1690,train,0.6077,79.6053,63.8092
0,1690,train,0.3458,100.0,64
0,1700,train,0.7263,78.2895,63.5789
0,1700,train,0.7731,75.0,64
0,1710,train,0.6808,73.6842,63.9605
0,1710,train,0.54,87.5,64
0,1720,train,0.6796,73.6842,63.9342
0,1720,train,0.5605,87.5,64
0,1730,train,0.5822,80.9211,64
0,1730,train,0.981,62.5,64
0,1740,train,0.6267,75.0,64
0,1740,train,0.4406,100.0,64
0,1750,train,0.5401,80.9211,64
0,1750,train,0.3438,87.5,64
0,1760,train,0.475,82.8947,64
0,1760,train,0.6625,87.5,64
0,1770,train,0.5211,80.9211,64
0,1770,train,0.2014,100.0,64
0,1780,train,0.5949,76.9737,64
0,1780,train,0.4645,75.0,64
0,1790,train,0.5668,78.9474,64
0,1790,train,0.5677,75.0,64
0,1800,train,0.5846,82.2368,64
0,1800,train,0.6823,75.0,64
0,1810,train,0.4748,85.5263,64
0,1810,train,1.0101,62.5,64
0,1820,train,0.5756,78.9474,64
0,1820,train,0.4442,87.5,64
0,1830,train,0.4721,83.5526,64
0,1830,train,0.2734,87.5,64
0,1840,train,0.5368,82.8947,64
0,1840,train,0.1914,100.0,64
0,1850,train,0.4033,86.8421,64
0,1850,train,0.1176,100.0,64
0,1860,train,0.4617,84.2105,64
0,1860,train,0.7073,75.0,64
0,1870,train,0.437,88.1579,64
0,1870,train,0.5927,75.0,64
0,1880,train,0.4425,82.8947,63.9539
0,1880,train,0.2103,100.0,64
0,1890,train,0.5383,78.2895,63.6645
0,1890,train,0.2369,87.5,64
0,1900,train,0.4605,84.8684,64
0,1900,train,0.196,100.0,64
0,1910,train,0.4334,85.5263,64
0,1910,train,0.0776,100.0,64
0,1920,train,0.3787,88.1579,64
0,1920,train,0.3528,87.5,64
0,1930,train,0.3978,86.8421,64
0,1930,train,0.2208,100.0,64
0,1940,train,0.5151,82.8947,64
0,1940,train,0.7877,50.0,64
0,1950,train,0.4075,85.5263,64
0,1950,train,0.64,62.5,64
0,1960,train,0.4432,82.8947,64
0,1960,train,0.4011,87.5,64
0,1970,train,0.4346,83.5526,64
0,1970,train,0.055,100.0,64
0,1980,train,0.5083,80.2632,64
0,1980,train,0.2671,87.5,64
0,1990,train,0.5822,80.2632,64
0,1990,train,0.1724,100.0,64
0,2000,train,0.4836,82.8947,64
0,2000,train,0.6026,75.0,64
0,2010,train,0.3896,86.8421,64
0,2010,train,0.728,62.5,64
0,2020,train,0.4079,86.1842,64
0,2020,train,0.4087,87.5,64
0,2030,train,0.5073,78.2895,64
0,2030,train,0.1725,100.0,64
0,2040,train,0.4179,87.5,64
0,2040,train,0.509,87.5,64
0,2048,validation,0.3533,88.04,64
0,2048,validation,0.3422,88.32,64
0,2050,train,0.4329,84.8684,64
0,2050,train,0.1782,100.0,64
0,2060,train,0.4924,82.8947,64
0,2060,train,0.3915,87.5,64
0,2070,train,0.3882,88.8158,64
0,2070,train,0.7543,62.5,64
0,2080,train,0.4276,85.5263,64
0,2080,train,1.1654,75.0,64
0,2090,train,0.4673,87.5,64
0,2090,train,0.8451,62.5,64
0,2100,train,0.4273,85.5263,64
0,2100,train,0.0893,100.0,64
0,2110,train,0.4265,82.8947,64
0,2110,train,0.5686,87.5,64
0,2120,train,0.4752,80.2632,64
0,2120,train,0.1233,100.0,64
0,2130,train,0.438,86.8421,64
0,2130,train,0.287,87.5,64
0,2140,train,0.3868,89.4737,64
0,2140,train,0.2739,100.0,64
0,2150,train,0.4695,84.2105,64
0,2150,train,0.3082,87.5,64
0,2160,train,0.4553,83.5526,64
0,2160,train,0.4634,87.5,64
0,2170,train,0.3804,88.8158,63.7895
0,2170,train,0.4109,87.5,64
0,2180,train,0.3775,87.5,64
0,2180,train,0.4057,87.5,64
0,2190,train,0.3827,90.1316,64
0,2190,train,0.4195,75.0,64
0,2200,train,0.5055,88.1579,64
0,2200,train,0.095,100.0,64
0,2210,train,0.386,88.1579,64
0,2210,train,0.814,62.5,64
0,2220,train,0.3026,91.4474,64
0,2220,train,0.6006,62.5,64
0,2230,train,0.5002,81.5789,63.75
0,2230,train,0.3291,87.5,64
0,2240,train,0.2729,93.4211,64
0,2240,train,0.2845,87.5,64
0,2250,train,0.4686,83.5526,64
0,2250,train,0.3436,87.5,64
0,2260,train,0.4654,84.2105,64
0,2260,train,0.7145,75.0,64
0,2270,train,0.3762,88.1579,64
0,2270,train,0.5027,87.5,64
0,2280,train,0.3249,91.4474,64
0,2280,train,0.1913,100.0,64
0,2290,train,0.3314,86.8421,64
0,2290,train,0.4801,75.0,64
0,2300,train,0.4141,85.5263,64
0,2300,train,0.3603,87.5,64
0,2310,train,0.4587,84.2105,63.8092
0,2310,train,0.7048,75.0,64
0,2320,train,0.4323,84.8684,63.9605
0,2320,train,0.2557,87.5,64
0,2330,train,0.4398,84.2105,64
0,2330,train,0.4627,87.5,64
0,2340,train,0.4036,84.2105,63.8355
0,2340,train,0.4449,75.0,64
0,2350,train,0.3999,86.8421,64
0,2350,train,0.3216,87.5,64
0,2360,train,0.3735,90.1316,64
0,2360,train,0.2734,100.0,64
0,2370,train,0.3226,90.7895,64
0,2370,train,0.3965,87.5,64
0,2380,train,0.3489,89.4737,63.8092
0,2380,train,0.4119,87.5,64
0,2390,train,0.3231,88.1579,63.8618
0,2390,train,0.4845,87.5,64
0,2400,train,0.349,90.1316,63.7632
0,2400,train,0.1719,100.0,64
0,2410,train,0.4224,86.1842,64
0,2410,train,0.3751,87.5,64
0,2420,train,0.3976,86.1842,64
0,2420,train,0.2963,100.0,64
0,2430,train,0.3639,86.8421,64
0,2430,train,0.5851,87.5,64
0,2440,train,0.3687,87.5,63.6776
0,2440,train,0.5435,75.0,64
0,2450,train,0.3288,86.1842,64
0,2450,train,0.2968,87.5,64
0,2460,train,0.3255,90.7895,63.8553
0,2460,train,0.0954,100.0,64
0,2470,train,0.3464,87.5,63.4079
0,2470,train,0.3361,87.5,64
0,2480,train,0.4299,83.5526,63.7237
0,2480,train,0.4644,87.5,64
0,2490,train,0.3463,86.8421,64
0,2490,train,0.5497,75.0,64
0,2500,train,0.2988,90.7895,64
0,2500,train,0.1775,100.0,64
0,2510,train,0.4262,83.5526,64
0,2510,train,0.1906,100.0,64
0,2520,train,0.3475,86.8421,63.8158
0,2520,train,0.2684,100.0,64
0,2530,train,0.3389,87.5,64
0,2530,train,0.5525,87.5,64
0,2540,train,0.3121,89.4737,64
0,2540,train,0.2115,87.5,64
0,2550,train,0.3263,87.5,64
0,2550,train,0.1711,87.5,64
0,2560,train,0.4941,81.5789,63.9342
0,2560,validation,1.1534,73.6,64
0,2560,train,0.4858,75.0,64
0,2560,validation,1.12,75.0,64
0,2570,train,0.4046,87.5,64
0,2570,train,0.3012,87.5,64
0,2580,train,0.2716,94.0789,64
0,2580,train,0.0784,100.0,64
0,2590,train,0.3365,86.8421,64
0,2590,train,0.3813,87.5,64
0,2600,train,0.447,84.8684,63.8421
0,2600,train,0.6064,75.0,64
0,2610,train,0.4198,86.1842,64
0,2610,train,0.581,62.5,56.875
0,2620,train,0.3366,89.4737,63.6711
0,2620,train,0.4128,87.5,64
0,2630,train,0.3418,84.8684,63.7105
0,2630,train,0.7757,62.5,64
0,2640,train,0.3426,87.5,63.375
0,2640,train,0.1338,100.0,64
0,2650,train,0.3723,88.1579,64
0,2650,train,0.2304,87.5,63.25
0,2660,train,0.2999,92.1053,63.6579
0,2660,train,0.1466,87.5,64
0,2670,train,0.3996,87.5,63.6842
0,2670,train,0.804,75.0,64
0,2680,train,0.3368,88.1579,64
0,2680,train,0.0719,100.0,64
0,2690,train,0.3115,88.8158,63.4671
0,2690,train,0.3983,75.0,64
0,2700,train,0.3692,84.8684,63.4868
0,2700,train,0.477,75.0,64
0,2710,train,0.4096,84.2105,64
0,2710,train,0.1958,100.0,64
0,2720,train,0.358,86.8421,64
0,2720,train,0.0916,100.0,64
0,2730,train,0.3584,89.4737,63.6711
0,2730,train,0.2467,87.5,64
0,2740,train,0.391,84.8684,63.8158
0,2740,train,0.5398,75.0,64
0,2750,train,0.4439,82.2368,64
0,2750,train,0.4065,87.5,64
0,2760,train,0.2223,93.4211,64
0,2760,train,0.1493,100.0,64
0,2770,train,0.3232,90.7895,63.8158
0,2770,train,0.2939,87.5,64
0,2780,train,0.2814,90.7895,64
0,2780,train,0.4896,87.5,64
0,2790,train,0.3278,86.1842,64
0,2790,train,0.1477,100.0,64
0,2800,train,0.2746,92.1053,63.8421
0,2800,train,0.2263,87.5,64
0,2810,train,0.3313,88.8158,63.4276
0,2810,train,0.2348,87.5,64
0,2820,train,0.2751,92.7632,64
0,2820,train,0.5192,87.5,64
0,2830,train,0.2939,90.1316,64
0,2830,train,0.0871,100.0,64
0,2840,train,0.3233,86.1842,63.9145
0,2840,train,0.3937,87.5,64
0,2850,train,0.3302,90.1316,64
0,2850,train,0.0785,100.0,64
0,2860,train,0.304,88.8158,63.8487
0,2860,train,0.3009,87.5,64
0,2870,train,0.384,86.8421,63.9408
0,2870,train,0.1374,100.0,64
0,2880,train,0.2676,88.8158,63.6711
0,2880,train,0.3367,75.0,64
0,2890,train,0.3336,90.7895,63.9671
0,2890,train,0.1098,100.0,64
0,2900,train,0.2778,90.7895,63.6908
0,2900,train,0.3613,87.5,64
0,2910,train,0.3279,87.5,64
0,2910,train,0.629,75.0,61.25
0,2920,train,0.2185,92.7632,64
0,2920,train,0.2796,87.5,64
0,2930,train,0.3195,85.5263,63.9868
0,2930,train,0.215,100.0,64
0,2940,train,0.2946,87.5,64
0,2940,train,0.2306,87.5,64
0,2950,train,0.2811,90.7895,63.8026
0,2950,train,0.256,75.0,64
0,2960,train,0.3166,92.7632,64
0,2960,train,0.2455,100.0,64
0,2970,train,0.2505,94.7368,63.8421
0,2970,train,0.1008,100.0,64
0,2980,train,0.2515,88.8158,63.7171
0,2980,train,0.2212,100.0,64
0,2990,train,0.2672,90.1316,64
0,2990,train,0.2878,75.0,64
0,3000,train,0.3235,86.1842,63.6184
0,3000,train,0.1751,100.0,64
0,3010,train,0.2428,90.1316,63.7368
0,3010,train,0.4214,87.5,64
0,3020,train,0.3498,87.5,63.3092
0,3020,train,0.271,87.5,64
0,3030,train,0.3346,88.1579,63.8092
0,3030,train,0.6744,87.5,64
0,3040,train,0.2526,92.1053,63.8553
0,3040,train,0.3009,87.5,64
0,3050,train,0.2806,89.4737,63.3289
0,3050,train,0.2543,87.5,64
0,3060,train,0.299,90.7895,63.7632
0,3060,train,0.265,87.5,64
0,3070,train,0.3349,89.4737,63.9013
0,3070,train,0.0531,100.0,64
0,3072,validation,0.3556,87.78,63.972
0,3072,validation,0.3694,87.34,63.972
0,3080,train,0.7595,76.3158,64
0,3080,train,0.84,62.5,64
0,3090,train,1.2233,53.2895,63.8882
0,3090,train,1.1514,50.0,64
0,3100,train,0.4998,82.8947,64
0,3100,train,0.4628,87.5,64
0,3110,train,0.4415,86.1842,64
0,3110,train,0.3485,100.0,64
0,3120,train,0.3965,88.1579,64
0,3120,train,0.3716,87.5,64
0,3130,train,0.4042,88.8158,64
0,3130,train,0.2177,100.0,64
0,3140,train,0.3731,88.8158,64
0,3140,train,0.1636,100.0,64
0,3150,train,0.2986,93.4211,64
0,3150,train,0.6273,75.0,64
0,3160,train,0.3091,90.1316,64
0,3160,train,0.0984,100.0,64
0,3170,train,0.3419,89.4737,64
0,3170,train,0.0944,100.0,64
0,3180,train,0.3423,86.1842,64
0,3180,train,0.7039,75.0,64
0,3190,train,0.2644,90.1316,64
0,3190,train,0.1064,100.0,64
0,3200,train,0.3218,88.1579,64
0,3200,train,0.6491,75.0,64
0,3210,train,0.3306,90.7895,64
0,3210,train,0.2211,87.5,64
0,3220,train,0.2702,92.1053,64
0,3220,train,0.3627,87.5,64
0,3230,train,0.2299,92.1053,64
0,3230,train,0.2954,87.5,64
0,3240,train,0.3552,88.8158,64
0,3240,train,0.1001,100.0,64
0,3250,train,0.3103,88.1579,64
0,3250,train,0.332,87.5,64
0,3260,train,0.2711,90.7895,63.8618
0,3260,train,0.2416,87.5,64
0,3270,train,0.2542,91.4474,64
0,3270,train,0.2152,100.0,64
0,3280,train,0.2228,94.0789,64
0,3280,train,0.0865,100.0,64
0,3290,train,0.2436,93.4211,64
0,3290,train,0.2984,75.0,64
0,3300,train,0.2067,92.1053,64
0,3300,train,0.2516,87.5,64
0,3310,train,0.3033,89.4737,63.9408
0,3310,train,0.5108,87.5,64
0,3320,train,0.2645,92.1053,64
0,3320,train,0.1406,100.0,64
0,3330,train,0.2188,93.4211,64
0,3330,train,0.1176,100.0,64
0,3340,train,0.26,91.4474,64
0,3340,train,0.3219,87.5,64
0,3350,train,0.2384,93.4211,64
0,3350,train,0.2879,87.5,64
0,3360,train,0.273,92.7632,64
0,3360,train,0.0713,100.0,64
0,3370,train,0.3073,88.8158,64
0,3370,train,0.6668,75.0,64
0,3380,train,0.246,92.7632,64
0,3380,train,0.2151,87.5,64
0,3390,train,0.2422,92.7632,64
0,3390,train,0.0397,100.0,64
0,3400,train,0.2593,92.1053,64
0,3400,train,0.2046,100.0,64
0,3410,train,0.3064,90.7895,64
0,3410,train,0.4059,87.5,64
0,3420,train,0.3079,88.8158,64
0,3420,train,0.0859,100.0,64
0,3430,train,0.2343,94.0789,64
0,3430,train,0.1365,100.0,64
0,3440,train,0.2583,92.7632,64
0,3440,train,0.4197,87.5,64
0,3450,train,0.2291,93.4211,64
0,3450,train,0.1277,100.0,64
0,3460,train,0.2592,90.7895,64
0,3460,train,0.5516,87.5,64
0,3470,train,0.2425,88.8158,64
0,3470,train,0.4267,75.0,64
0,3480,train,0.2664,88.8158,64
0,3480,train,0.1028,100.0,64
0,3490,train,0.2168,94.7368,63.8947
0,3490,train,0.0466,100.0,64
0,3500,train,0.2233,92.7632,64
0,3500,train,0.096,100.0,64
0,3510,train,0.1819,94.7368,64
0,3510,train,0.3046,87.5,64
0,3520,train,0.2565,90.1316,64
0,3520,train,0.2609,87.5,64
0,3530,train,0.2184,92.7632,64
0,3530,train,0.1507,100.0,64
0,3540,train,0.2094,93.4211,64
0,3540,train,0.0299,100.0,64
0,3550,train,0.2633,90.1316,64
0,3550,train,0.1547,100.0,64
0,3560,train,0.301,91.4474,64
0,3560,train,0.0859,100.0,64
0,3570,train,0.3719,86.1842,64
0,3570,train,0.1935,100.0,64
0,3580,train,0.3107,91.4474,64
0,3580,train,0.2622,87.5,64
0,3584,validation,0.178,94.4,64
0,3584,validation,0.1839,93.9,64
0,3590,train,0.232,91.4474,64
0,3590,train,0.1448,100.0,64
0,3600,train,0.2252,93.4211,64
0,3600,train,0.1006,100.0,64
0,3610,train,0.2355,91.4474,64
0,3610,train,0.198,87.5,64
0,3620,train,0.2087,94.0789,64
0,3620,train,0.511,62.5,64
0,3630,train,0.2283,90.7895,64
0,3630,train,0.2817,87.5,64
0,3640,train,0.2578,94.0789,64
0,3640,train,0.0744,100.0,64
0,3650,train,0.2199,90.1316,63.9013
0,3650,train,0.107,100.0,64
0,3660,train,0.1621,94.0789,64
0,3660,train,0.1636,100.0,64
0,3670,train,0.2155,95.3947,64
0,3670,train,0.2727,87.5,64
0,3680,train,0.1813,94.0789,64
0,3680,train,0.139,100.0,64
0,3690,train,0.288,87.5,64
0,3690,train,0.1354,87.5,64
0,3700,train,0.2285,91.4474,64
0,3700,train,0.2791,87.5,64
0,3710,train,0.1731,96.0526,64
0,3710,train,0.0986,100.0,64
0,3720,train,0.2109,93.4211,64
0,3720,train,0.2079,87.5,64
0,3730,train,0.2299,91.4474,64
0,3730,train,0.481,87.5,64
0,3740,train,0.1667,94.7368,63.8092
0,3740,train,0.0496,100.0,64
0,3750,train,0.1918,92.7632,64
0,3750,train,0.536,87.5,64
0,3760,train,0.2657,90.7895,63.6974
0,3760,train,0.2005,100.0,64
0,3770,train,0.2351,91.4474,64
0,3770,train,0.0613,100.0,64
0,3780,train,0.1902,93.4211,64
0,3780,train,0.2765,100.0,64
0,3790,train,0.1888,94.0789,63.9013
0,3790,train,0.3015,75.0,64
0,3800,train,0.2142,91.4474,64
0,3800,train,0.3069,100.0,64
0,3810,train,0.2716,88.8158,64
0,3810,train,0.2699,100.0,64
0,3820,train,0.2813,92.7632,64
0,3820,train,0.0511,100.0,64
0,3830,train,0.1963,93.4211,64
0,3830,train,0.5149,87.5,64
0,3840,train,0.2327,92.1053,64
0,3840,train,0.1411,87.5,64
0,3850,train,0.2823,90.7895,64
0,3850,train,0.5474,87.5,64
0,3860,train,0.1756,92.7632,64
0,3860,train,0.4507,87.5,64
0,3870,train,0.2071,92.1053,64
0,3870,train,0.0511,100.0,64
0,3880,train,0.2432,90.7895,64
0,3880,train,0.0857,100.0,64
0,3890,train,0.2193,93.4211,64
0,3890,train,0.1447,100.0,64
0,3900,train,0.1831,96.0526,64
0,3900,train,0.0297,100.0,64
0,3910,train,0.1974,93.4211,64
0,3910,train,0.3335,75.0,64
0,3920,train,0.2031,91.4474,64
0,3920,train,1.0668,62.5,64
0,3930,train,0.2509,92.7632,64
0,3930,train,0.0692,100.0,64
0,3940,train,0.267,92.7632,64
0,3940,train,0.2425,100.0,64
0,3950,train,0.2289,92.1053,64
0,3950,train,0.0945,100.0,64
0,3960,train,0.2919,90.1316,64
0,3960,train,0.2271,87.5,64
0,3970,train,0.1929,95.3947,64
0,3970,train,0.0787,100.0,64
0,3980,train,0.1638,95.3947,64
0,3980,train,0.1962,100.0,64
0,3990,train,0.1292,96.0526,64
0,3990,train,0.6737,75.0,64
0,4000,train,0.2006,93.4211,64
0,4000,train,0.0434,100.0,64
0,4010,train,0.1717,93.4211,64
0,4010,train,0.0551,100.0,64
0,4020,train,0.1962,95.3947,64
0,4020,train,0.604,75.0,64
0,4030,train,0.1247,96.7105,64
0,4030,train,0.4382,87.5,64
0,4040,train,0.239,91.4474,64
0,4040,train,0.4429,87.5,64
0,4050,train,0.1654,94.7368,64
0,4050,train,0.2837,87.5,64
0,4060,train,0.2233,94.0789,64
0,4060,train,0.3879,75.0,64
0,4070,train,0.1908,94.0789,64
0,4070,train,0.2378,100.0,64
0,4080,train,0.2805,90.1316,64
0,4080,train,0.0841,100.0,64
0,4090,train,0.1512,94.0789,64
0,4090,train,0.0253,100.0,64
0,4096,validation,0.1274,95.98,64
0,4096,validation,0.1261,95.72,64
0,4100,train,0.1322,96.7105,64
0,4100,train,0.07,100.0,64
0,4110,train,0.147,93.4211,64
0,4110,train,0.0735,100.0,64
0,4120,train,0.1504,94.7368,64
0,4120,train,0.0629,100.0,64
0,4130,train,0.2076,93.4211,64
0,4130,train,0.2407,87.5,64
0,4140,train,0.1838,94.0789,64
0,4140,train,0.1584,100.0,64
0,4150,train,0.2418,89.4737,63.8882
0,4150,train,0.0461,100.0,64
0,4160,train,0.1929,95.3947,64
0,4160,train,0.4858,75.0,64
0,4170,train,0.2247,95.3947,64
0,4170,train,0.3715,87.5,64
0,4180,train,0.1662,94.7368,64
0,4180,train,0.3606,87.5,64
0,4190,train,0.164,93.4211,64
0,4190,train,0.0724,100.0,64
0,4200,train,0.223,89.4737,64
0,4200,train,0.1304,100.0,64
0,4210,train,0.1862,96.0526,64
0,4210,train,0.3919,75.0,64
0,4220,train,0.2174,93.4211,64
0,4220,train,0.1176,87.5,64
0,4230,train,0.2612,88.1579,64
0,4230,train,0.0452,100.0,64
0,4240,train,0.1897,92.7632,64
0,4240,train,0.0854,100.0,64
0,4250,train,0.2352,92.1053,64
0,4250,train,0.4513,87.5,64
0,4260,train,0.1881,94.0789,64
0,4260,train,0.1609,100.0,64
0,4270,train,0.1721,94.7368,64
0,4270,train,0.2391,87.5,64
0,4280,train,0.1615,96.0526,64
0,4280,train,0.1692,87.5,64
0,4290,train,0.1465,96.0526,64
0,4290,train,0.3106,75.0,64
0,4300,train,0.1783,94.0789,64
0,4300,train,0.2764,87.5,64
0,4310,train,0.2158,92.7632,64
0,4310,train,0.1938,100.0,64
0,4320,train,0.2559,92.1053,64
0,4320,train,0.3672,87.5,64
0,4330,train,0.2274,91.4474,64
0,4330,train,0.0174,100.0,64
0,4340,train,0.1632,94.0789,64
0,4340,train,0.4086,75.0,64
0,4350,train,0.2274,91.4474,64
0,4350,train,0.0736,100.0,64
0,4360,train,0.1455,96.0526,64
0,4360,train,0.1304,100.0,64
0,4370,train,0.1523,97.3684,64
0,4370,train,0.023,100.0,64
0,4380,train,0.174,96.0526,64
0,4380,train,0.2721,87.5,64
0,4390,train,0.2152,93.4211,64
0,4390,train,0.0548,100.0,64
0,4400,train,0.134,96.7105,64
0,4400,train,0.3816,87.5,64
0,4410,train,0.1653,94.0789,64
0,4410,train,0.2508,87.5,64
0,4420,train,0.2581,90.7895,64
0,4420,train,0.0319,100.0,64
0,4430,train,0.1686,96.0526,64
0,4430,train,0.0427,100.0,64
0,4440,train,0.1849,95.3947,64
0,4440,train,0.1868,87.5,64
0,4450,train,0.1847,91.4474,64
0,4450,train,0.0905,100.0,64
0,4460,train,0.1793,95.3947,64
0,4460,train,0.0686,100.0,64
0,4470,train,0.2068,93.4211,64
0,4470,train,0.5165,87.5,64
0,4480,train,0.1456,96.0526,64
0,4480,train,0.0744,100.0,64
0,4490,train,0.156,96.0526,63.6447
0,4490,train,0.3334,87.5,64
0,4500,train,0.2293,90.7895,64
0,4500,train,0.2414,87.5,64
0,4510,train,0.1781,93.4211,64
0,4510,train,0.1117,100.0,64
0,4520,train,0.179,94.0789,64
0,4520,train,0.2022,100.0,64
0,4530,train,0.155,94.7368,64
0,4530,train,0.0717,100.0,64
0,4540,train,0.1111,98.0263,64
0,4540,train,0.1377,100.0,64
0,4550,train,0.1845,94.0789,64
0,4550,train,0.0495,100.0,64
0,4560,train,0.149,94.7368,64
0,4560,train,0.0535,100.0,64
0,4570,train,0.1844,93.4211,64
0,4570,train,0.0372,100.0,64
0,4580,train,0.1871,95.3947,64
0,4580,train,0.0885,100.0,64
0,4590,train,0.223,92.7632,64
0,4590,train,0.6445,87.5,64
0,4600,train,0.171,93.4211,64
0,4600,train,0.1292,100.0,64
0,4608,validation,0.1479,95.18,64
0,4608,validation,0.1427,95.28,64
0,4610,train,0.1236,98.6842,64
0,4610,train,0.1677,87.5,64
0,4620,train,0.1085,96.7105,64
0,4620,train,0.0845,100.0,64
0,4630,train,0.1264,96.0526,64
0,4630,train,0.0838,100.0,64
0,4640,train,0.2267,92.7632,63.9539
0,4640,train,0.4235,87.5,64
0,4650,train,0.1721,95.3947,64
0,4650,train,0.0604,100.0,64
0,4660,train,0.1748,94.7368,64
0,4660,train,0.0382,100.0,64
0,4670,train,0.1332,96.0526,64
0,4670,train,0.269,87.5,64
0,4680,train,0.1373,94.0789,64
0,4680,train,0.0789,100.0,64
0,4690,train,0.1747,93.4211,64
0,4690,train,0.0178,100.0,64
0,4700,train,0.1953,92.1053,64
0,4700,train,0.1002,100.0,64
0,4710,train,0.1699,92.1053,64
0,4710,train,0.192,87.5,64
0,4720,train,0.1451,94.7368,64
0,4720,train,0.0631,100.0,64
0,4730,train,0.085,96.7105,64
0,4730,train,0.3474,87.5,64
0,4740,train,0.1397,94.7368,64
0,4740,train,0.2096,87.5,64
0,4750,train,0.1578,95.3947,64
0,4750,train,0.388,87.5,64
0,4760,train,0.2207,92.1053,64
0,4760,train,0.2269,87.5,64
0,4770,train,0.0982,97.3684,64
0,4770,train,0.112,100.0,64
0,4780,train,0.1625,94.7368,63.8158
0,4780,train,0.182,100.0,64
0,4790,train,0.1747,95.3947,64
0,4790,train,0.2044,100.0,64
0,4800,train,0.1819,95.3947,64
0,4800,train,0.0608,100.0,64
0,4810,train,0.2643,90.7895,63.8882
0,4810,train,0.152,87.5,64
0,4820,train,0.1333,98.6842,64
0,4820,train,0.083,100.0,64
0,4830,train,0.2138,93.4211,64
0,4830,train,0.1352,100.0,64
0,4840,train,0.206,94.7368,63.7632
0,4840,train,0.1186,100.0,64
0,4850,train,0.195,94.0789,63.8421
0,4850,train,0.0462,100.0,64
0,4860,train,0.1705,96.0526,63.7961
0,4860,train,0.2474,87.5,64
0,4870,train,0.1174,98.6842,64
0,4870,train,0.2835,87.5,64
0,4880,train,0.1265,97.3684,63.9868
0,4880,train,0.1099,100.0,64
0,4890,train,0.1549,96.0526,64
0,4890,train,0.1927,100.0,64
0,4900,train,0.1817,95.3947,64
0,4900,train,0.0182,100.0,64
0,4910,train,0.2044,92.1053,64
0,4910,train,0.0217,100.0,64
0,4920,train,0.152,94.7368,64
0,4920,train,0.031,100.0,64
0,4930,train,0.185,93.4211,64
0,4930,train,0.1349,100.0,64
0,4940,train,0.1707,94.7368,64
0,4940,train,0.1653,100.0,64
0,4950,train,0.2043,90.7895,64
0,4950,train,0.183,100.0,64
0,4960,train,0.1943,92.7632,64
0,4960,train,0.3329,87.5,64
0,4970,train,0.1239,98.0263,64
0,4970,train,0.0573,100.0,64
0,4980,train,0.1902,94.0789,64
0,4980,train,0.2608,87.5,64
0,4990,train,0.1377,96.7105,64
0,4990,train,0.1711,87.5,64
0,5000,train,0.1729,95.3947,64
0,5000,train,0.0909,100.0,64
0,5010,train,0.1213,96.7105,64
0,5010,train,0.0125,100.0,64
0,5020,train,0.1528,93.4211,64
0,5020,train,0.0606,100.0,64
0,5030,train,0.1795,93.4211,64
0,5030,train,0.4239,87.5,64
0,5040,train,0.23,92.1053,64
0,5040,train,0.0848,100.0,64
0,5050,train,0.1698,95.3947,64
0,5050,train,0.1023,100.0,64
0,5060,train,0.1276,96.0526,64
0,5060,train,0.4522,75.0,64
0,5070,train,0.1652,93.4211,64
0,5070,train,0.0808,100.0,64
0,5080,train,0.1394,94.7368,64
0,5080,train,0.0048,100.0,64
0,5090,train,0.1327,94.0789,64
0,5090,train,0.0215,100.0,64
0,5100,train,0.1782,94.0789,64
0,5100,train,0.358,75.0,64
0,5110,train,0.1972,93.4211,63.8421
0,5110,train,0.0481,100.0,64
0,5120,train,0.1788,94.0789,64
0,5120,validation,0.1404,95.36,63.9978
0,5120,train,0.0171,100.0,64
0,5120,validation,0.138,95.8,63.9962
0,5130,train,0.1924,94.7368,64
0,5130,train,0.3788,87.5,64
0,5140,train,0.1149,96.0526,64
0,5140,train,0.1136,100.0,64
0,5150,train,0.1292,96.7105,64
0,5150,train,0.0501,100.0,64
0,5160,train,0.1225,95.3947,63.9079
0,5160,train,0.1165,100.0,64
0,5170,train,0.1901,92.1053,64
0,5170,train,0.1056,100.0,64
0,5180,train,0.1659,94.0789,63.8092
0,5180,train,0.0865,100.0,64
0,5190,train,0.194,93.4211,63.9803
0,5190,train,0.0932,100.0,64
0,5200,train,0.1644,94.7368,63.6974
0,5200,train,0.048,100.0,64
0,5210,train,0.1188,96.7105,63.9671
0,5210,train,0.0663,100.0,64
0,5220,train,0.1368,96.0526,63.9737
0,5220,train,0.2364,87.5,64
0,5230,train,0.1299,96.7105,63.8947
0,5230,train,0.0602,100.0,64
0,5240,train,0.2466,91.4474,63.6447
0,5240,train,0.0794,100.0,64
0,5250,train,0.2062,92.7632,64
0,5250,train,0.1075,100.0,64
0,5260,train,0.1429,97.3684,63.7961
0,5260,train,0.1425,100.0,64
0,5270,train,0.1495,96.0526,63.6711
0,5270,train,0.0919,100.0,64
0,5280,train,0.179,94.7368,63.8355
0,5280,train,0.0314,100.0,64
0,5290,train,0.1201,96.0526,64
0,5290,train,0.0707,100.0,64
0,5300,train,0.1115,96.7105,64
0,5300,train,0.0283,100.0,64
0,5310,train,0.1398,95.3947,63.8618
0,5310,train,0.2,87.5,64
0,5320,train,0.1486,95.3947,64
0,5320,train,0.3239,87.5,64
0,5330,train,0.1166,97.3684,64
0,5330,train,0.1016,100.0,64
0,5340,train,0.1607,93.4211,64
0,5340,train,0.0314,100.0,64
0,5350,train,0.1433,94.0789,63.6184
0,5350,train,0.1471,100.0,64
0,5360,train,0.093,98.0263,63.6447
0,5360,train,0.0497,100.0,64
0,5370,train,0.1482,94.0789,64
0,5370,train,0.2966,87.5,64
0,5380,train,0.1429,95.3947,64
0,5380,train,0.2346,87.5,64
0,5390,train,0.1287,96.0526,64
0,5390,train,0.1389,100.0,64
0,5400,train,0.1249,96.0526,63.4868
0,5400,train,0.0787,100.0,64
0,5410,train,0.163,96.0526,64
0,5410,train,0.3666,75.0,64
0,5420,train,0.107,97.3684,63.5855
0,5420,train,0.1264,100.0,64
0,5430,train,0.1173,96.7105,63.6776
0,5430,train,0.155,87.5,59.25
0,5440,train,0.1101,96.7105,64
0,5440,train,0.1341,100.0,64
0,5450,train,0.1138,95.3947,63.8026
0,5450,train,0.0841,100.0,64
0,5460,train,0.0966,97.3684,63.6382
0,5460,train,0.1804,87.5,64
0,5470,train,0.1093,97.3684,64
0,5470,train,0.0507,100.0,64
0,5480,train,0.1486,94.7368,63.4408
0,5480,train,0.0958,100.0,61
0,5490,train,0.1881,93.4211,63.8224
0,5490,train,0.101,100.0,64
0,5500,train,0.1524,96.7105,64
0,5500,train,0.0827,100.0,64
0,5510,train,0.1487,96.7105,64
0,5510,train,0.029,100.0,64
0,5520,train,0.1619,96.0526,63.6579
0,5520,train,0.0683,100.0,64
0,5530,train,0.1003,98.6842,64
0,5530,train,0.4661,87.5,64
0,5540,train,0.1208,97.3684,63.5132
0,5540,train,0.1166,100.0,64
0,5550,train,0.157,94.0789,64
0,5550,train,0.1052,100.0,64
0,5560,train,0.1357,95.3947,63.7632
0,5560,train,0.0927,100.0,64
0,5570,train,0.4132,86.1842,63.7763
0,5570,train,0.3451,87.5,64
0,5580,train,0.1839,94.0789,63.6382
0,5580,train,0.1495,100.0,64
0,5590,train,0.1788,95.3947,64
0,5590,train,0.0723,100.0,64
0,5600,train,0.158,94.7368,63.6513
0,5600,train,0.0858,100.0,64
0,5610,train,0.2247,92.7632,64
0,5610,train,0.0301,100.0,64
0,5620,train,0.2304,91.4474,63.8487
0,5620,train,0.3154,100.0,64
0,5630,train,0.2269,94.7368,63.7829
0,5630,train,0.1927,100.0,64
0,5632,validation,0.4799,83.88,63.9636
0,5632,validation,0.4964,83.1,63.964
0,5640,train,0.4444,84.8684,64
0,5640,train,1.0576,50.0,64
0,5650,train,0.8147,67.7632,64
0,5650,train,0.745,87.5,64
0,5660,train,0.6337,76.9737,64
0,5660,train,0.2578,87.5,64
0,5670,train,0.3875,89.4737,64
0,5670,train,0.4791,75.0,64
0,5680,train,0.3968,87.5,64
0,5680,train,0.1257,100.0,64
0,5690,train,0.3728,86.8421,64
0,5690,train,0.5527,75.0,64
0,5700,train,0.2443,96.7105,64
0,5700,train,0.3954,87.5,64
0,5710,train,0.3508,87.5,64
0,5710,train,0.1792,100.0,64
0,5720,train,0.2519,92.7632,63.6579
0,5720,train,0.4692,87.5,64
0,5730,train,0.2515,90.7895,64
0,5730,train,0.3049,87.5,64
0,5740,train,0.1652,96.7105,64
0,5740,train,0.1965,100.0,64
0,5750,train,0.2155,94.7368,64
0,5750,train,0.5802,75.0,64
0,5760,train,0.2067,92.7632,64
0,5760,train,0.0821,100.0,64
0,5770,train,0.1644,94.7368,64
0,5770,train,0.0754,100.0,64
0,5780,train,0.2205,92.7632,64
0,5780,train,0.1088,100.0,64
0,5790,train,0.2071,94.7368,64
0,5790,train,0.0521,100.0,64
0,5800,train,0.1667,96.0526,64
0,5800,train,0.1013,100.0,64
0,5810,train,0.1944,94.0789,64
0,5810,train,0.2094,100.0,64
0,5820,train,0.1719,96.0526,64
0,5820,train,0.0746,100.0,64
0,5830,train,0.1727,95.3947,63.7237
0,5830,train,0.0331,100.0,64
0,5840,train,0.1622,93.4211,63.875
0,5840,train,0.0747,100.0,64
0,5850,train,0.1382,96.7105,64
0,5850,train,0.1393,100.0,64
0,5860,train,0.1409,94.7368,64
0,5860,train,0.1038,100.0,64
0,5870,train,0.169,94.7368,64
0,5870,train,0.1563,100.0,64
0,5880,train,0.1233,97.3684,64
0,5880,train,0.4141,75.0,64
0,5890,train,0.1497,95.3947,64
0,5890,train,0.2913,87.5,64
0,5900,train,0.1535,95.3947,63.7039
0,5900,train,0.1601,87.5,64
0,5910,train,0.169,96.7105,63.9079
0,5910,train,0.3647,87.5,64
0,5920,train,0.1891,96.0526,64
0,5920,train,0.1897,87.5,64
0,5930,train,0.1701,94.0789,64
0,5930,train,0.0856,100.0,64
0,5940,train,0.2062,93.4211,64
0,5940,train,0.0271,100.0,64
0,5950,train,0.2052,94.0789,63.8947
0,5950,train,0.2923,75.0,64
0,5960,train,0.1741,96.0526,64
0,5960,train,0.3605,87.5,64
0,5970,train,0.1422,97.3684,64
0,5970,train,0.0621,100.0,64
0,5980,train,0.1454,93.4211,64
0,5980,train,0.2809,87.5,64
0,5990,train,0.0965,98.0263,64
0,5990,train,0.2024,87.5,64
0,6000,train,0.1398,94.7368,64
0,6000,train,0.1179,87.5,64
0,6010,train,0.1175,96.0526,64
0,6010,train,0.1536,100.0,64
0,6020,train,0.2608,90.1316,64
0,6020,train,0.0714,100.0,64
0,6030,train,0.1178,98.0263,64
0,6030,train,0.5416,87.5,64
0,6040,train,0.1228,97.3684,64
0,6040,train,0.0146,100.0,64
0,6050,train,0.2675,90.1316,64
0,6050,train,0.302,87.5,64
0,6060,train,0.2087,94.0789,64
0,6060,train,0.0375,100.0,64
0,6070,train,0.1237,96.7105,64
0,6070,train,0.2587,87.5,64
0,6080,train,0.0875,99.3421,64
0,6080,train,0.0468,100.0,64
0,6090,train,0.1281,96.7105,64
0,6090,train,0.1053,100.0,64
0,6100,train,0.1545,94.7368,64
0,6100,train,0.106,87.5,64
0,6110,train,0.1321,94.7368,64
0,6110,train,0.0696,100.0,64
0,6120,train,0.1497,96.0526,64
0,6120,train,0.0808,100.0,64
0,6130,train,0.1895,95.3947,64
0,6130,train,0.0796,100.0,64
0,6140,train,0.1209,98.0263,64
0,6140,train,0.1166,100.0,64
0,6144,validation,0.1228,95.96,64
0,6144,validation,0.1366,95.58,64
0,6150,train,0.1149,97.3684,64
0,6150,train,0.409,87.5,64
0,6160,train,0.1303,95.3947,64
0,6160,train,0.135,100.0,64
0,6170,train,0.1041,96.0526,64
0,6170,train,0.3613,87.5,64
0,6180,train,0.1352,95.3947,64
0,6180,train,0.0252,100.0,64
0,6190,train,0.2097,92.7632,64
0,6190,train,0.0742,100.0,64
0,6200,train,0.1696,95.3947,64
0,6200,train,0.0208,100.0,64
0,6210,train,0.1475,96.0526,64
0,6210,train,0.0708,100.0,64
0,6220,train,0.1257,96.7105,64
0,6220,train,0.3209,87.5,64
0,6230,train,0.2009,92.7632,64
0,6230,train,0.1023,100.0,64
0,6240,train,0.142,92.7632,64
0,6240,train,0.0896,100.0,64
0,6250,train,0.1159,96.7105,64
0,6250,train,0.0147,100.0,64
0,6260,train,0.0917,97.3684,64
0,6260,train,0.0321,100.0,64
0,6270,train,0.1069,97.3684,64
0,6270,train,0.108,100.0,64
0,6280,train,0.1281,96.0526,64
0,6280,train,0.3371,87.5,64
0,6290,train,0.1148,96.7105,64
0,6290,train,0.0196,100.0,64
0,6300,train,0.1041,96.7105,64
0,6300,train,0.0434,100.0,64
0,6310,train,0.1281,96.7105,64
0,6310,train,0.3087,87.5,64
0,6320,train,0.0821,98.6842,64
0,6320,train,0.0218,100.0,64
0,6330,train,0.1079,96.0526,64
0,6330,train,0.0291,100.0,64
0,6340,train,0.1625,96.0526,64
0,6340,train,0.0827,100.0,64
0,6350,train,0.1042,96.7105,64
0,6350,train,0.0733,100.0,64
0,6360,train,0.1361,96.0526,64
0,6360,train,0.0517,100.0,64
0,6370,train,0.1447,95.3947,64
0,6370,train,0.2937,87.5,64
0,6380,train,0.1446,96.0526,64
0,6380,train,0.175,100.0,64
0,6390,train,0.1286,96.0526,64
0,6390,train,0.0851,100.0,64
0,6400,train,0.1018,97.3684,64
0,6400,train,0.1468,87.5,64
0,6410,train,0.1143,95.3947,64
0,6410,train,0.2628,87.5,64
0,6420,train,0.1497,95.3947,64
0,6420,train,0.4562,87.5,64
0,6430,train,0.1139,97.3684,64
0,6430,train,0.0444,100.0,64
0,6440,train,0.1049,97.3684,64
0,6440,train,0.0087,100.0,64
0,6450,train,0.0472,100.0,64
0,6450,train,0.0697,100.0,64
1,6460,train,0.1579,96.0526,64
1,6460,train,0.0421,100.0,64
1,6470,train,0.1079,96.7105,64
1,6470,train,0.3643,87.5,64
1,6480,train,0.1367,94.7368,64
1,6480,train,0.0587,100.0,64
1,6490,train,0.1319,96.0526,64
1,6490,train,0.0571,100.0,64
1,6500,train,0.116,95.3947,64
1,6500,train,0.1541,100.0,64
1,6510,train,0.1622,93.4211,64
1,6510,train,0.0627,100.0,64
1,6520,train,0.1628,94.7368,64
1,6520,train,0.1243,100.0,64
1,6530,train,0.1149,97.3684,64
1,6530,train,0.0614,100.0,64
1,6540,train,0.1516,94.0789,64
1,6540,train,0.0189,100.0,64
1,6550,train,0.1367,96.0526,64
1,6550,train,0.1902,100.0,64
1,6560,train,0.1991,96.0526,64
1,6560,train,0.0872,100.0,64
1,6570,train,0.1253,96.7105,64
1,6570,train,0.0829,100.0,64
1,6580,train,0.114,95.3947,64
1,6580,train,0.0344,100.0,64
1,6590,train,0.1328,96.0526,64
1,6590,train,0.0389,100.0,64
1,6600,train,0.1047,96.0526,64
1,6600,train,0.0295,100.0,64
1,6610,train,0.0953,96.7105,64
1,6610,train,0.5368,75.0,64
1,6620,train,0.1361,97.3684,64
1,6620,train,0.1713,100.0,64
1,6630,train,0.0989,97.3684,64
1,6630,train,0.0823,100.0,64
1,6640,train,0.1254,94.7368,63.6184
1,6640,train,0.0958,100.0,64
1,6650,train,0.1663,94.7368,64
1,6650,train,0.0675,100.0,64
1,6656,validation,0.087,97.4,64
1,6656,validation,0.0819,97.7,64
1,6660,train,0.1007,96.7105,64
1,6660,train,0.0157,100.0,64
1,6670,train,0.0912,97.3684,64
1,6670,train,0.2502,87.5,64
1,6680,train,0.1397,93.4211,64
1,6680,train,0.0657,100.0,64
1,6690,train,0.1226,95.3947,64
1,6690,train,0.0562,100.0,64
1,6700,train,0.1547,94.0789,64
1,6700,train,0.2573,87.5,64
1,6710,train,0.1418,96.0526,64
1,6710,train,0.0647,100.0,64
1,6720,train,0.1066,96.7105,64
1,6720,train,0.1959,100.0,64
1,6730,train,0.1063,97.3684,64
1,6730,train,0.1584,100.0,64
1,6740,train,0.1451,94.7368,64
1,6740,train,0.161,100.0,64
1,6750,train,0.1004,98.0263,64
1,6750,train,0.2482,87.5,64
1,6760,train,0.1198,96.7105,64
1,6760,train,0.0539,100.0,64
1,6770,train,0.0942,96.0526,64
1,6770,train,0.0215,100.0,64
1,6780,train,0.1126,96.0526,64
1,6780,train,0.1528,87.5,64
1,6790,train,0.1106,96.7105,64
1,6790,train,0.0529,100.0,64
1,6800,train,0.1111,96.0526,63.3684
1,6800,train,0.0289,100.0,64
1,6810,train,0.1201,95.3947,64
1,6810,train,0.0239,100.0,64
1,6820,train,0.1384,96.0526,64
1,6820,train,0.0146,100.0,64
1,6830,train,0.1489,96.0526,64
1,6830,train,0.2148,100.0,64
1,6840,train,0.1291,97.3684,64
1,6840,train,0.1805,87.5,64
1,6850,train,0.2107,92.7632,64
1,6850,train,0.2509,87.5,64
1,6860,train,0.1466,96.0526,64
1,6860,train,0.1797,100.0,64
1,6870,train,0.0935,98.0263,64
1,6870,train,0.1413,87.5,64
1,6880,train,0.0764,98.0263,64
1,6880,train,0.012,100.0,64
1,6890,train,0.1343,96.7105,64
1,6890,train,0.0467,100.0,64
1,6900,train,0.1047,96.0526,64
1,6900,train,0.0193,100.0,64
1,6910,train,0.1001,98.0263,64
1,6910,train,0.0119,100.0,64
1,6920,train,0.1224,95.3947,64
1,6920,train,0.5672,75.0,64
1,6930,train,0.1523,94.0789,64
1,6930,train,0.1086,100.0,64
1,6940,train,0.0737,99.3421,64
1,6940,train,0.0514,100.0,64
1,6950,train,0.1022,97.3684,64
1,6950,train,0.0144,100.0,64
1,6960,train,0.0791,97.3684,64
1,6960,train,0.0391,100.0,64
1,6970,train,0.0978,95.3947,64
1,6970,train,0.0729,100.0,64
1,6980,train,0.0468,99.3421,64
1,6980,train,0.0313,100.0,64
1,6990,train,0.0735,98.0263,64
1,6990,train,0.1801,87.5,64
1,7000,train,0.0626,99.3421,64
1,7000,train,0.031,100.0,64
1,7010,train,0.096,96.7105,63.7961
1,7010,train,0.0439,100.0,64
1,7020,train,0.1311,96.0526,64
1,7020,train,0.0708,100.0,64
1,7030,train,0.0876,97.3684,64
1,7030,train,0.1302,87.5,64
1,7040,train,0.1041,97.3684,64
1,7040,train,0.0637,100.0,64
1,7050,train,0.1009,96.7105,64
1,7050,train,0.0409,100.0,64
1,7060,train,0.078,98.6842,64
1,7060,train,0.245,87.5,64
1,7070,train,0.0758,98.0263,64
1,7070,train,0.0175,100.0,64
1,7080,train,0.1184,96.0526,64
1,7080,train,0.0223,100.0,64
1,7090,train,0.0611,98.0263,64
1,7090,train,0.0229,100.0,64
1,7100,train,0.1217,95.3947,64
1,7100,train,0.0673,100.0,64
1,7110,train,0.074,98.0263,64
1,7110,train,0.0255,100.0,64
1,7120,train,0.1153,95.3947,64
1,7120,train,0.0436,100.0,64
1,7130,train,0.1134,94.0789,64
1,7130,train,0.5009,87.5,64
1,7140,train,0.1126,96.0526,64
1,7140,train,0.0415,100.0,64
1,7150,train,0.1071,96.7105,64
1,7150,train,0.0398,100.0,64
1,7160,train,0.1407,94.7368,64
1,7160,train,0.0217,100.0,64
1,7168,validation,0.0994,96.56,63.9974
1,7168,validation,0.0831,97.54,63.9966
1,7170,train,0.1164,96.0526,64
1,7170,train,0.0704,100.0,64
1,7180,train,0.1014,96.0526,64
1,7180,train,0.467,75.0,64
1,7190,train,0.108,95.3947,64
1,7190,train,0.0554,100.0,64
1,7200,train,0.1195,97.3684,64
1,7200,train,0.0267,100.0,64
1,7210,train,0.0872,96.7105,64
1,7210,train,0.0905,100.0,64
1,7220,train,0.1061,98.0263,64
1,7220,train,0.0795,100.0,64
1,7230,train,0.1082,95.3947,64
1,7230,train,0.0113,100.0,64
1,7240,train,0.1002,98.0263,64
1,7240,train,0.0875,100.0,64
1,7250,train,0.1135,97.3684,64
1,7250,train,0.3633,87.5,64
1,7260,train,0.1302,96.0526,64
1,7260,train,0.2033,87.5,64
1,7270,train,0.0627,98.6842,64
1,7270,train,0.1347,100.0,64
1,7280,train,0.1036,97.3684,64
1,7280,train,0.0532,100.0,64
1,7290,train,0.083,98.6842,64
1,7290,train,0.057,100.0,64
1,7300,train,0.0834,98.0263,64
1,7300,train,0.0297,100.0,64
1,7310,train,0.0978,96.7105,64
1,7310,train,0.0067,100.0,64
1,7320,train,0.1137,96.7105,64
1,7320,train,0.1723,87.5,64
1,7330,train,0.1088,96.0526,64
1,7330,train,0.0132,100.0,64
1,7340,train,0.0927,97.3684,64
1,7340,train,0.103,100.0,64
1,7350,train,0.1118,97.3684,64
1,7350,train,0.1005,100.0,64
1,7360,train,0.0736,98.0263,64
1,7360,train,0.0853,100.0,64
1,7370,train,0.1211,96.0526,64
1,7370,train,0.1448,100.0,64
1,7380,train,0.1459,93.4211,64
1,7380,train,0.5306,87.5,64
1,7390,train,0.0835,98.0263,64
1,7390,train,0.042,100.0,64
1,7400,train,0.116,98.6842,64
1,7400,train,0.0223,100.0,64
1,7410,train,0.1712,92.7632,64
1,7410,train,0.2058,87.5,64
1,7420,train,0.0773,98.6842,64
1,7420,train,0.2288,87.5,64
1,7430,train,0.1177,96.7105,64
1,7430,train,0.0738,100.0,64
1,7440,train,0.0831,97.3684,64
1,7440,train,0.0447,100.0,64
1,7450,train,0.1174,96.0526,64
1,7450,train,0.1555,100.0,64
1,7460,train,0.1219,98.0263,64
1,7460,train,0.0579,100.0,64
1,7470,train,0.1259,95.3947,64
1,7470,train,0.0668,100.0,64
1,7480,train,0.1024,96.7105,64
1,7480,train,0.066,100.0,64
1,7490,train,0.0649,98.6842,63.6447
1,7490,train,0.2461,87.5,64
1,7500,train,0.0981,96.0526,64
1,7500,train,0.133,100.0,64
1,7510,train,0.1055,96.0526,64
1,7510,train,0.1786,100.0,64
1,7520,train,0.0776,97.3684,64
1,7520,train,0.0306,100.0,64
1,7530,train,0.0893,98.0263,64
1,7530,train,0.0231,100.0,64
1,7540,train,0.1565,93.4211,64
1,7540,train,0.0359,100.0,64
1,7550,train,0.1227,97.3684,64
1,7550,train,0.1281,100.0,64
1,7560,train,0.1413,95.3947,64
1,7560,train,0.0444,100.0,64
1,7570,train,0.1459,96.0526,64
1,7570,train,0.1307,100.0,64
1,7580,train,0.1343,96.7105,64
1,7580,train,0.067,100.0,64
1,7590,train,0.0482,100.0,64
1,7590,train,0.1579,100.0,64
1,7600,train,0.1348,96.0526,64
1,7600,train,0.0413,100.0,64
1,7610,train,0.0714,98.0263,64
1,7610,train,0.0784,100.0,64
1,7620,train,0.081,98.0263,64
1,7620,train,0.1934,87.5,64
1,7630,train,0.1093,97.3684,64
1,7630,train,0.0183,100.0,64
1,7640,train,0.0885,96.7105,64
1,7640,train,0.0237,100.0,64
1,7650,train,0.103,96.0526,64
1,7650,train,0.0355,100.0,64
1,7660,train,0.0958,96.0526,64
1,7660,train,0.0866,100.0,64
1,7670,train,0.093,96.7105,63.9605
1,7670,train,0.079,100.0,64
1,7680,train,0.1259,96.0526,64
1,7680,validation,0.0702,97.92,64
1,7680,train,0.0289,100.0,64
1,7680,validation,0.0753,97.74,64
1,7690,train,0.1012,98.0263,64
1,7690,train,0.126,100.0,64
1,7700,train,0.1006,98.0263,64
1,7700,train,0.2299,87.5,64
1,7710,train,0.0963,98.0263,64
1,7710,train,0.0654,100.0,64
1,7720,train,0.0894,97.3684,64
1,7720,train,0.3044,87.5,64
1,7730,train,0.0847,97.3684,64
1,7730,train,0.0211,100.0,64
1,7740,train,0.0752,97.3684,64
1,7740,train,0.042,100.0,64
1,7750,train,0.1086,96.0526,64
1,7750,train,0.0851,100.0,64
1,7760,train,0.1157,96.0526,64
1,7760,train,0.0286,100.0,64
1,7770,train,0.0752,97.3684,64
1,7770,train,0.0196,100.0,64
1,7780,train,0.0594,98.6842,64
1,7780,train,0.0991,100.0,64
1,7790,train,0.0582,97.3684,64
1,7790,train,0.0749,100.0,64
1,7800,train,0.0733,99.3421,64
1,7800,train,0.0049,100.0,64
1,7810,train,0.0729,99.3421,64
1,7810,train,0.0328,100.0,64
1,7820,train,0.0666,98.0263,64
1,7820,train,0.0422,100.0,64
1,7830,train,0.0486,99.3421,64
1,7830,train,0.0165,100.0,64
1,7840,train,0.0585,98.0263,64
1,7840,train,0.1009,100.0,64
1,7850,train,0.0827,96.7105,64
1,7850,train,0.0335,100.0,64
1,7860,train,0.0621,98.0263,64
1,7860,train,0.0068,100.0,64
1,7870,train,0.0951,94.7368,64
1,7870,train,0.026,100.0,64
1,7880,train,0.0709,98.6842,64
1,7880,train,0.0529,100.0,64
1,7890,train,0.0752,98.0263,64
1,7890,train,0.0098,100.0,64
1,7900,train,0.0724,98.0263,64
1,7900,train,0.0176,100.0,64
1,7910,train,0.0942,96.0526,64
1,7910,train,0.0022,100.0,64
1,7920,train,0.0701,98.6842,64
1,7920,train,0.2054,87.5,64
1,7930,train,0.0655,98.0263,64
1,7930,train,0.1433,87.5,64
1,7940,train,0.0938,97.3684,64
1,7940,train,0.0225,100.0,64
1,7950,train,0.0988,96.0526,64
1,7950,train,0.0107,100.0,64
1,7960,train,0.0731,97.3684,64
1,7960,train,0.095,100.0,64
1,7970,train,0.1011,97.3684,64
1,7970,train,0.2394,87.5,64
1,7980,train,0.1722,93.4211,64
1,7980,train,0.02,100.0,64
1,7990,train,0.1,96.0526,64
1,7990,train,0.2892,87.5,64
1,8000,train,0.0551,99.3421,64
1,8000,train,0.0118,100.0,64
1,8010,train,0.0763,99.3421,64
1,8010,train,0.0153,100.0,64
1,8020,train,0.0908,96.7105,64
1,8020,train,0.2171,87.5,64
1,8030,train,0.092,94.7368,64
1,8030,train,0.0263,100.0,64
1,8040,train,0.0677,98.6842,64
1,8040,train,0.059,100.0,64
1,8050,train,0.0872,98.6842,64
1,8050,train,0.1396,100.0,64
1,8060,train,0.1069,94.7368,64
1,8060,train,0.0779,100.0,64
1,8070,train,0.0757,98.6842,64
1,8070,train,0.0465,100.0,64
1,8080,train,0.1182,97.3684,64
1,8080,train,0.0247,100.0,64
1,8090,train,0.056,98.0263,64
1,8090,train,0.2444,87.5,64
1,8100,train,0.0593,97.3684,64
1,8100,train,0.0185,100.0,64
1,8110,train,0.0677,98.0263,64
1,8110,train,0.1009,100.0,64
1,8120,train,0.1418,95.3947,64
1,8120,train,0.1287,87.5,64
1,8130,train,0.1262,94.7368,64
1,8130,train,0.0176,100.0,64
1,8140,train,0.1431,95.3947,64
1,8140,train,0.0412,100.0,64
1,8150,train,0.0833,97.3684,64
1,8150,train,0.0176,100.0,64
1,8160,train,0.1163,96.0526,64
1,8160,train,0.0996,100.0,64
1,8170,train,0.1429,96.0526,64
1,8170,train,0.0436,100.0,64
1,8180,train,0.1253,96.7105,64
1,8180,train,0.3475,87.5,64
1,8190,train,0.0944,97.3684,64
1,8190,train,0.005,100.0,64
1,8192,validation,0.0961,97.08,64
