epoch,global step,mode,loss,accuracy,mean_length
0,0,train,2.743,12.5,36.25
0,0,validation,2.7588,12.7,48.111
0,10,train,2.342,13.1579,48.6118
0,10,train,2.1453,25.0,64
0,20,train,2.1987,10.5263,63.4671
0,20,train,1.911,25.0,64
0,30,train,2.1051,12.5,64
0,30,train,2.1011,0.0,64
0,40,train,2.1013,12.5,64
0,40,train,2.1024,12.5,64
0,50,train,2.0898,8.5526,64
0,50,train,2.0817,12.5,64
0,60,train,2.0815,14.4737,64
0,60,train,2.0953,0.0,64
0,70,train,2.0663,12.5,64
0,70,train,2.1242,12.5,64
0,80,train,2.0563,15.7895,64
0,80,train,2.0201,12.5,64
0,90,train,2.0712,13.1579,64
0,90,train,1.9892,25.0,64
0,100,train,2.0139,17.1053,64
0,100,train,2.1546,0.0,64
0,110,train,1.9538,20.3947,64
0,110,train,1.7207,37.5,64
0,120,train,2.0225,13.1579,64
0,120,train,2.056,25.0,64
0,130,train,2.0787,11.8421,64
0,130,train,2.1229,0.0,64
0,140,train,2.0843,16.4474,64
0,140,train,2.077,12.5,64
0,150,train,2.0918,11.8421,64
0,150,train,2.0794,12.5,64
0,160,train,2.0852,17.7632,64
0,160,train,2.0817,12.5,64
0,170,train,2.0888,13.1579,64
0,170,train,2.0254,50.0,64
0,180,train,2.0878,16.4474,64
0,180,train,2.0597,12.5,64
0,190,train,2.0946,11.8421,64
0,190,train,2.0815,0.0,64
0,200,train,2.0867,10.5263,64
0,200,train,2.143,0.0,64
0,210,train,2.0826,16.4474,64
0,210,train,2.0997,0.0,64
0,220,train,2.0817,11.8421,64
0,220,train,2.0626,12.5,64
0,230,train,2.0764,10.5263,64
0,230,train,2.0797,12.5,64
0,240,train,2.0884,9.2105,64
0,240,train,2.1215,0.0,64
0,250,train,2.0829,9.8684,64
0,250,train,2.0373,25.0,64
0,260,train,2.0788,13.8158,64
0,260,train,2.0573,25.0,64
0,270,train,2.0916,10.5263,64
0,270,train,2.137,0.0,64
0,280,train,2.0811,13.1579,64
0,280,train,2.0921,12.5,64
0,290,train,2.0848,11.8421,64
0,290,train,2.108,12.5,64
0,300,train,2.0845,9.8684,64
0,300,train,2.0541,37.5,64
0,310,train,2.0806,13.8158,64
0,310,train,2.1091,0.0,64
0,320,train,2.0917,10.5263,64
0,320,train,2.0423,25.0,64
0,330,train,2.0795,14.4737,64
0,330,train,2.0717,25.0,64
0,340,train,2.0785,13.1579,64
0,340,train,2.0882,12.5,64
0,350,train,2.0783,12.5,64
0,350,train,2.0889,0.0,64
0,360,train,2.072,18.4211,64
0,360,train,2.1096,0.0,64
0,370,train,2.0845,11.1842,64
0,370,train,2.0465,37.5,64
0,380,train,2.0849,14.4737,64
0,380,train,2.069,12.5,64
0,390,train,2.0747,14.4737,64
0,390,train,2.0992,25.0,64
0,400,train,2.077,9.8684,64
0,400,train,2.0794,25.0,64
0,410,train,2.0747,14.4737,64
0,410,train,2.1245,0.0,64
0,420,train,2.084,13.8158,64
0,420,train,2.0918,12.5,64
0,430,train,2.0736,16.4474,64
0,430,train,2.1135,25.0,64
0,440,train,2.0872,13.1579,64
0,440,train,2.0598,25.0,64
0,450,train,2.0843,14.4737,64
0,450,train,2.1133,0.0,64
0,460,train,2.08,13.1579,64
0,460,train,2.0911,25.0,64
0,470,train,2.0958,11.1842,64
0,470,train,2.055,25.0,64
0,480,train,2.0791,10.5263,64
0,480,train,2.1041,12.5,64
0,490,train,2.0775,17.1053,64
0,490,train,2.0411,25.0,64
0,500,train,2.0824,14.4737,64
0,500,train,2.0845,12.5,64
0,510,train,2.0813,15.1316,64
0,510,train,2.086,12.5,64
0,512,validation,2.0809,12.2,64
0,512,validation,2.0806,12.58,64
0,520,train,2.0812,12.5,64
0,520,train,2.0587,25.0,64
0,530,train,2.0779,15.1316,64
0,530,train,2.0787,12.5,64
0,540,train,2.081,12.5,64
0,540,train,2.0932,12.5,64
0,550,train,2.0823,13.8158,64
0,550,train,2.0939,25.0,64
0,560,train,2.0796,9.8684,64
0,560,train,2.0961,25.0,64
0,570,train,2.0871,11.1842,63.8355
0,570,train,2.0471,50.0,64
0,580,train,2.0804,6.5789,64
0,580,train,2.0864,12.5,64
0,590,train,2.0816,16.4474,64
0,590,train,2.0926,12.5,64
0,600,train,2.0797,7.2368,64
0,600,train,2.1862,0.0,64
0,610,train,2.0559,11.1842,64
0,610,train,2.1078,0.0,64
0,620,train,2.0865,9.8684,64
0,620,train,2.1226,0.0,64
0,630,train,2.0771,17.1053,64
0,630,train,2.0811,37.5,64
0,640,train,2.0835,13.1579,64
0,640,train,2.1031,0.0,64
0,650,train,2.0802,11.8421,64
0,650,train,2.0717,0.0,64
0,660,train,2.0813,8.5526,64
0,660,train,2.06,25.0,64
0,670,train,2.08,15.7895,64
0,670,train,2.0698,12.5,64
0,680,train,2.0756,14.4737,64
0,680,train,2.0777,12.5,64
0,690,train,2.0844,9.2105,64
0,690,train,2.087,25.0,64
0,700,train,2.0838,11.8421,64
0,700,train,2.0951,12.5,64
0,710,train,2.0877,7.8947,64
0,710,train,2.0467,25.0,64
0,720,train,2.0781,10.5263,64
0,720,train,2.0738,12.5,64
0,730,train,2.075,16.4474,64
0,730,train,2.0714,25.0,64
0,740,train,2.0902,10.5263,64
0,740,train,2.1151,12.5,64
0,750,train,2.0779,15.7895,64
0,750,train,2.0725,12.5,64
0,760,train,2.0809,15.1316,64
0,760,train,2.0834,12.5,64
0,770,train,2.0826,12.5,64
0,770,train,2.0774,0.0,64
0,780,train,2.0803,9.8684,64
0,780,train,2.093,12.5,64
0,790,train,2.0849,9.8684,64
0,790,train,2.0888,0.0,64
0,800,train,2.078,13.8158,64
0,800,train,2.0748,12.5,64
0,810,train,2.0784,11.8421,64
0,810,train,2.1058,25.0,64
0,820,train,2.0771,13.8158,64
0,820,train,2.0147,50.0,64
0,830,train,2.0819,9.2105,64
0,830,train,2.1028,0.0,64
0,840,train,2.0742,13.1579,64
0,840,train,2.0645,0.0,64
0,850,train,2.0837,14.4737,64
0,850,train,2.1046,12.5,64
0,860,train,2.0661,13.8158,64
0,860,train,2.0508,12.5,64
0,870,train,2.0756,14.4737,64
0,870,train,2.0064,0.0,64
0,880,train,2.0776,12.5,64
0,880,train,2.0847,25.0,64
0,890,train,2.0707,16.4474,64
0,890,train,2.0997,0.0,64
0,900,train,2.0432,14.4737,64
0,900,train,2.0495,12.5,64
0,910,train,1.9587,12.5,64
0,910,train,2.0878,0.0,64
0,920,train,2.0141,14.4737,64
0,920,train,1.9153,25.0,64
0,930,train,1.9825,15.7895,64
0,930,train,2.0788,0.0,64
0,940,train,2.002,14.4737,64
0,940,train,2.1054,12.5,64
0,950,train,1.9319,19.7368,64
0,950,train,2.0745,37.5,64
0,960,train,1.914,23.0263,64
0,960,train,1.6711,12.5,64
0,970,train,1.9248,20.3947,64
0,970,train,2.1544,0.0,64
0,980,train,1.9354,23.6842,64
0,980,train,2.0237,12.5,64
0,990,train,1.9408,20.3947,64
0,990,train,1.8166,12.5,64
0,1000,train,1.9607,17.7632,64
0,1000,train,1.775,37.5,64
0,1010,train,1.9079,23.0263,64
0,1010,train,2.1034,0.0,64
0,1020,train,1.9714,22.3684,64
0,1020,train,2.0045,12.5,64
0,1024,validation,2.0562,18.46,64
0,1024,validation,2.0495,19.72,64
0,1030,train,1.9667,23.6842,64
0,1030,train,1.9343,50.0,64
0,1040,train,1.9926,20.3947,64
0,1040,train,1.9276,37.5,64
0,1050,train,2.0207,19.7368,64
0,1050,train,2.3525,12.5,64
0,1060,train,2.108,17.1053,64
0,1060,train,2.004,25.0,64
0,1070,train,2.0906,10.5263,64
0,1070,train,2.0253,12.5,64
0,1080,train,2.0653,15.7895,64
0,1080,train,2.024,37.5,64
0,1090,train,2.0876,12.5,64
0,1090,train,2.1218,0.0,64
0,1100,train,2.0629,16.4474,64
0,1100,train,2.0171,25.0,64
0,1110,train,2.0467,17.1053,64
0,1110,train,1.9589,25.0,64
0,1120,train,2.0,26.9737,64
0,1120,train,2.138,0.0,64
0,1130,train,2.0599,21.7105,64
0,1130,train,1.8582,37.5,64
0,1140,train,2.1084,15.7895,64
0,1140,train,2.0515,12.5,64
0,1150,train,2.0484,16.4474,64
0,1150,train,2.0958,12.5,64
0,1160,train,2.0724,13.1579,64
0,1160,train,2.0375,12.5,64
0,1170,train,2.052,17.1053,64
0,1170,train,2.0277,25.0,64
0,1180,train,2.0613,14.4737,64
0,1180,train,2.0704,12.5,64
0,1190,train,2.0542,15.1316,64
0,1190,train,2.0728,12.5,64
0,1200,train,2.033,17.1053,64
0,1200,train,2.1042,0.0,64
0,1210,train,2.0411,14.4737,64
0,1210,train,2.0667,25.0,64
0,1220,train,1.9881,23.0263,64
0,1220,train,1.8503,25.0,64
0,1230,train,2.0266,13.1579,64
0,1230,train,1.8516,50.0,64
0,1240,train,2.0367,19.0789,64
0,1240,train,2.0383,0.0,64
0,1250,train,1.9783,22.3684,64
0,1250,train,1.7101,25.0,64
0,1260,train,2.0277,16.4474,64
0,1260,train,1.9653,37.5,64
0,1270,train,1.9747,16.4474,64
0,1270,train,2.0785,0.0,64
0,1280,train,1.9376,23.0263,64
0,1280,train,2.0888,0.0,64
0,1290,train,1.9847,18.4211,64
0,1290,train,2.0848,12.5,64
0,1300,train,1.9673,19.7368,64
0,1300,train,2.0712,12.5,64
0,1310,train,2.0092,14.4737,64
0,1310,train,2.0324,37.5,64
0,1320,train,1.9653,17.1053,64
0,1320,train,1.9134,12.5,64
0,1330,train,1.9759,13.1579,64
0,1330,train,2.0765,0.0,64
0,1340,train,1.9428,20.3947,64
0,1340,train,2.0734,12.5,64
0,1350,train,2.0081,19.0789,64
0,1350,train,1.8342,12.5,64
0,1360,train,1.9937,17.1053,64
0,1360,train,2.0915,0.0,64
0,1370,train,1.9786,13.8158,64
0,1370,train,2.0745,0.0,64
0,1380,train,2.0512,13.8158,64
0,1380,train,2.0256,25.0,64
0,1390,train,2.012,15.1316,64
0,1390,train,2.0629,25.0,64
0,1400,train,1.9205,22.3684,64
0,1400,train,2.0556,0.0,64
0,1410,train,1.9344,19.7368,64
0,1410,train,2.0476,12.5,64
0,1420,train,1.9236,18.4211,64
0,1420,train,1.8399,12.5,64
0,1430,train,1.9752,22.3684,64
0,1430,train,2.0439,0.0,64
0,1440,train,1.9746,16.4474,64
0,1440,train,1.6252,50.0,64
0,1450,train,1.9725,16.4474,64
0,1450,train,1.9577,12.5,64
0,1460,train,2.0454,11.1842,64
0,1460,train,2.1002,12.5,64
0,1470,train,1.9336,15.7895,64
0,1470,train,2.0449,12.5,64
0,1480,train,1.9978,18.4211,64
0,1480,train,1.8285,25.0,64
0,1490,train,1.9033,21.0526,64
0,1490,train,2.0459,25.0,64
0,1500,train,1.9668,23.6842,64
0,1500,train,1.9679,12.5,64
0,1510,train,2.0181,11.8421,64
0,1510,train,2.0918,0.0,64
0,1520,train,1.8697,23.6842,64
0,1520,train,2.1047,0.0,64
0,1530,train,1.892,19.0789,64
0,1530,train,1.9643,0.0,64
0,1536,validation,1.9458,20.16,64
0,1536,validation,1.9396,19.26,64
0,1540,train,1.9197,16.4474,64
0,1540,train,1.9188,12.5,64
0,1550,train,2.0174,15.1316,64
0,1550,train,1.9985,37.5,64
0,1560,train,1.931,25.0,64
0,1560,train,1.6189,50.0,64
0,1570,train,1.9539,19.7368,64
0,1570,train,2.0445,12.5,64
0,1580,train,1.9766,19.0789,64
0,1580,train,1.8587,12.5,64
0,1590,train,1.904,21.7105,64
0,1590,train,1.7106,25.0,64
0,1600,train,1.9793,15.1316,64
0,1600,train,1.9456,37.5,64
0,1610,train,1.9694,19.7368,64
0,1610,train,2.0641,12.5,64
0,1620,train,2.0211,21.0526,64
0,1620,train,2.0486,25.0,64
0,1630,train,1.9778,22.3684,64
0,1630,train,2.1404,0.0,64
0,1640,train,1.9527,21.0526,64
0,1640,train,1.7871,25.0,64
0,1650,train,1.8962,25.0,64
0,1650,train,2.0386,12.5,64
0,1660,train,1.951,19.0789,64
0,1660,train,1.8743,37.5,64
0,1670,train,1.9671,19.0789,64
0,1670,train,2.0128,25.0,64
0,1680,train,1.9106,21.7105,64
0,1680,train,2.1192,12.5,64
0,1690,train,1.9421,18.4211,64
0,1690,train,1.9991,12.5,64
0,1700,train,1.9347,21.7105,64
0,1700,train,2.0715,0.0,64
0,1710,train,1.9277,23.0263,64
0,1710,train,1.8067,50.0,64
0,1720,train,1.9344,23.0263,64
0,1720,train,2.0544,12.5,64
0,1730,train,2.0008,18.4211,64
0,1730,train,2.1113,12.5,64
0,1740,train,1.9066,17.1053,64
0,1740,train,1.7161,50.0,64
0,1750,train,1.9847,13.1579,64
0,1750,train,2.0925,0.0,64
0,1760,train,1.9239,19.0789,64
0,1760,train,2.0909,12.5,64
0,1770,train,1.9086,23.6842,64
0,1770,train,2.0103,25.0,64
0,1780,train,1.9602,15.7895,64
0,1780,train,1.86,25.0,64
0,1790,train,1.998,17.1053,64
0,1790,train,2.073,12.5,64
0,1800,train,1.951,15.7895,64
0,1800,train,2.1026,0.0,64
0,1810,train,1.949,17.1053,64
0,1810,train,1.8737,25.0,64
0,1820,train,1.9545,16.4474,64
0,1820,train,2.1344,0.0,64
0,1830,train,1.997,17.1053,64
0,1830,train,1.8114,37.5,64
0,1840,train,1.978,19.7368,64
0,1840,train,1.8608,12.5,64
0,1850,train,1.9958,13.1579,64
0,1850,train,1.704,25.0,64
0,1860,train,2.0809,16.4474,64
0,1860,train,2.1039,0.0,64
0,1870,train,2.0278,14.4737,64
0,1870,train,1.9983,25.0,64
0,1880,train,2.087,9.2105,64
0,1880,train,2.0953,0.0,64
0,1890,train,2.0668,15.7895,64
0,1890,train,2.0913,12.5,64
0,1900,train,2.0336,11.8421,64
0,1900,train,2.0844,12.5,64
0,1910,train,2.0824,11.8421,64
0,1910,train,2.0188,25.0,64
0,1920,train,2.0564,15.1316,64
0,1920,train,2.0765,12.5,64
0,1930,train,2.0774,11.8421,64
0,1930,train,2.0593,12.5,64
0,1940,train,2.0507,11.8421,64
0,1940,train,2.0523,50.0,64
0,1950,train,2.0731,11.8421,64
0,1950,train,2.0695,12.5,64
0,1960,train,2.0404,12.5,64
0,1960,train,2.1022,12.5,64
0,1970,train,2.0147,13.1579,64
0,1970,train,2.0747,0.0,64
0,1980,train,2.05,13.1579,64
0,1980,train,2.0695,12.5,64
0,1990,train,2.0638,7.8947,64
0,1990,train,2.075,0.0,64
0,2000,train,2.0439,16.4474,64
0,2000,train,2.1466,0.0,64
0,2010,train,2.05,13.1579,64
0,2010,train,2.07,25.0,64
0,2020,train,2.0358,15.7895,64
0,2020,train,2.09,12.5,64
0,2030,train,2.0148,16.4474,64
0,2030,train,2.0809,0.0,64
0,2040,train,2.002,17.7632,64
0,2040,train,1.9365,25.0,64
0,2048,validation,2.0159,15.9,64
0,2048,validation,2.0142,15.76,64
0,2050,train,2.0609,11.1842,64
0,2050,train,1.7974,25.0,64
0,2060,train,2.0607,11.1842,64
0,2060,train,2.0476,37.5,64
0,2070,train,2.0339,13.1579,64
0,2070,train,2.0909,25.0,64
0,2080,train,2.0574,8.5526,64
0,2080,train,2.0661,0.0,64
0,2090,train,2.0262,17.7632,64
0,2090,train,1.9829,12.5,64
0,2100,train,1.9978,16.4474,64
0,2100,train,1.9215,25.0,64
0,2110,train,1.9524,21.0526,64
0,2110,train,2.0674,25.0,64
0,2120,train,2.0629,10.5263,64
0,2120,train,2.1145,0.0,64
0,2130,train,2.0599,10.5263,64
0,2130,train,2.062,12.5,64
0,2140,train,1.9994,15.1316,64
0,2140,train,2.0435,12.5,64
0,2150,train,2.0549,14.4737,64
0,2150,train,1.817,37.5,64
0,2160,train,1.9922,17.1053,64
0,2160,train,2.0634,12.5,64
0,2170,train,2.0613,9.2105,64
0,2170,train,1.8131,12.5,64
0,2180,train,2.0743,9.2105,64
0,2180,train,1.8235,25.0,64
0,2190,train,2.0349,10.5263,64
0,2190,train,2.0701,25.0,64
0,2200,train,2.0666,11.8421,64
0,2200,train,2.0769,0.0,64
0,2210,train,2.022,13.1579,64
0,2210,train,2.1013,12.5,64
0,2220,train,2.0558,15.7895,64
0,2220,train,2.1042,12.5,64
0,2230,train,1.9947,16.4474,64
0,2230,train,2.0505,25.0,64
0,2240,train,2.0029,14.4737,64
0,2240,train,1.8241,25.0,64
0,2250,train,2.0326,14.4737,64
0,2250,train,2.0829,0.0,64
0,2260,train,2.0173,13.8158,64
0,2260,train,2.065,12.5,64
0,2270,train,2.0393,18.4211,64
0,2270,train,2.0745,12.5,64
0,2280,train,1.9779,16.4474,64
0,2280,train,2.091,0.0,64
0,2290,train,2.0392,13.8158,64
0,2290,train,1.6433,25.0,64
0,2300,train,2.0116,17.1053,64
0,2300,train,2.0696,12.5,64
0,2310,train,2.0364,8.5526,64
0,2310,train,2.0538,12.5,64
0,2320,train,2.0065,17.1053,64
0,2320,train,2.0563,0.0,64
0,2330,train,2.052,16.4474,64
0,2330,train,2.0938,0.0,64
0,2340,train,2.0314,15.1316,64
0,2340,train,2.0817,12.5,64
0,2350,train,2.0275,17.7632,64
0,2350,train,1.949,12.5,64
0,2360,train,2.0294,9.2105,64
0,2360,train,2.0523,12.5,64
0,2370,train,2.0647,15.7895,64
0,2370,train,2.0518,12.5,64
0,2380,train,2.008,15.7895,64
0,2380,train,2.0734,0.0,64
0,2390,train,2.0092,17.1053,64
0,2390,train,2.0848,0.0,64
0,2400,train,1.9937,17.1053,64
0,2400,train,2.0157,25.0,64
0,2410,train,1.9957,22.3684,64
0,2410,train,2.0926,12.5,64
0,2420,train,2.0158,16.4474,64
0,2420,train,2.05,25.0,64
0,2430,train,2.0064,19.0789,64
0,2430,train,2.0631,25.0,64
0,2440,train,2.0047,14.4737,64
0,2440,train,2.0553,12.5,64
0,2450,train,1.9974,19.7368,64
0,2450,train,2.0613,0.0,64
0,2460,train,2.0618,11.1842,64
0,2460,train,2.0947,12.5,64
0,2470,train,2.0263,19.7368,64
0,2470,train,2.0864,0.0,64
0,2480,train,2.0226,13.1579,64
0,2480,train,2.1279,0.0,64
0,2490,train,2.03,10.5263,64
0,2490,train,2.0924,25.0,64
0,2500,train,2.0216,13.1579,64
0,2500,train,2.0665,12.5,64
0,2510,train,2.0502,13.8158,64
0,2510,train,1.8209,12.5,64
0,2520,train,1.986,21.0526,64
0,2520,train,2.0494,25.0,64
0,2530,train,2.0217,15.7895,64
0,2530,train,2.1107,0.0,64
0,2540,train,2.0263,15.1316,64
0,2540,train,2.1089,0.0,64
0,2550,train,1.9719,19.7368,64
0,2550,train,1.8348,25.0,64
0,2560,train,2.0318,14.4737,64
0,2560,validation,2.0013,16.58,64
0,2560,train,2.0863,0.0,64
0,2560,validation,2.0045,16.34,64
0,2570,train,2.0457,18.4211,64
0,2570,train,2.0644,0.0,64
0,2580,train,1.9928,20.3947,64
0,2580,train,1.8447,25.0,64
0,2590,train,2.0209,15.1316,64
0,2590,train,2.078,37.5,64
0,2600,train,2.0289,10.5263,64
0,2600,train,2.0756,0.0,64
0,2610,train,2.0571,9.2105,64
0,2610,train,2.1212,0.0,64
0,2620,train,2.0229,11.8421,64
0,2620,train,2.0927,25.0,64
0,2630,train,2.0466,15.1316,64
0,2630,train,2.084,0.0,64
0,2640,train,2.025,20.3947,64
0,2640,train,2.1099,0.0,64
0,2650,train,2.0531,12.5,64
0,2650,train,1.8553,25.0,64
0,2660,train,2.0352,14.4737,64
0,2660,train,1.821,12.5,64
0,2670,train,2.0467,17.7632,64
0,2670,train,2.0526,25.0,64
0,2680,train,2.0242,12.5,64
0,2680,train,1.817,37.5,64
0,2690,train,2.0374,16.4474,64
0,2690,train,2.0571,12.5,64
0,2700,train,2.0337,15.7895,64
0,2700,train,1.8102,12.5,64
0,2710,train,2.0048,14.4737,64
0,2710,train,1.8554,25.0,64
0,2720,train,1.9891,16.4474,64
0,2720,train,2.1041,0.0,64
0,2730,train,2.051,7.8947,64
0,2730,train,1.8795,25.0,64
0,2740,train,2.0074,18.4211,64
0,2740,train,2.0918,0.0,64
0,2750,train,2.0175,15.1316,64
0,2750,train,1.931,12.5,64
0,2760,train,2.0261,15.1316,64
0,2760,train,2.0948,12.5,64
0,2770,train,2.0478,17.1053,64
0,2770,train,2.122,0.0,64
0,2780,train,1.9651,15.1316,64
0,2780,train,1.9614,12.5,64
0,2790,train,2.0067,15.1316,64
0,2790,train,1.8373,25.0,64
0,2800,train,1.8948,16.4474,64
0,2800,train,2.0504,12.5,64
0,2810,train,2.0022,19.0789,64
0,2810,train,2.0836,0.0,64
0,2820,train,2.0207,15.1316,64
0,2820,train,2.1236,12.5,64
0,2830,train,1.8729,21.0526,64
0,2830,train,2.2566,0.0,64
0,2840,train,2.0228,19.7368,64
0,2840,train,1.96,12.5,64
0,2850,train,1.9923,16.4474,64
0,2850,train,2.1128,12.5,64
0,2860,train,2.0881,9.8684,64
0,2860,train,2.031,12.5,64
0,2870,train,2.0819,10.5263,64
0,2870,train,2.158,0.0,64
0,2880,train,2.0803,15.1316,64
0,2880,train,2.136,0.0,64
0,2890,train,2.0804,7.8947,64
0,2890,train,2.0944,25.0,64
0,2900,train,2.084,11.8421,64
0,2900,train,2.0829,0.0,64
0,2910,train,2.0818,13.8158,64
0,2910,train,2.1053,37.5,64
0,2920,train,2.0804,15.7895,64
0,2920,train,2.0814,25.0,64
0,2930,train,2.0824,10.5263,64
0,2930,train,2.0805,12.5,64
0,2940,train,2.079,11.8421,64
0,2940,train,2.0862,12.5,64
0,2950,train,2.0762,14.4737,64
0,2950,train,2.0784,0.0,64
0,2960,train,2.0879,8.5526,64
0,2960,train,2.1011,12.5,64
0,2970,train,2.0796,15.1316,64
0,2970,train,2.0686,0.0,64
0,2980,train,2.0764,14.4737,64
0,2980,train,2.0923,0.0,64
0,2990,train,2.0774,13.8158,64
0,2990,train,2.0906,12.5,64
0,3000,train,2.079,15.1316,64
0,3000,train,2.0689,37.5,64
0,3010,train,2.0785,12.5,64
0,3010,train,2.1059,0.0,64
0,3020,train,2.0782,8.5526,64
0,3020,train,2.0624,0.0,64
0,3030,train,2.0793,11.8421,64
0,3030,train,2.0586,25.0,64
0,3040,train,2.0833,14.4737,64
0,3040,train,2.0755,12.5,64
0,3050,train,2.0839,10.5263,64
0,3050,train,2.1011,0.0,64
0,3060,train,2.0801,11.1842,64
0,3060,train,2.0984,0.0,64
0,3070,train,2.0818,12.5,64
0,3070,train,2.0868,0.0,64
0,3072,validation,2.0792,12.32,64
0,3072,validation,2.0786,13.22,64
0,3080,train,2.0791,12.5,64
0,3080,train,2.0801,0.0,64
0,3090,train,2.0813,17.7632,64
0,3090,train,2.1087,12.5,64
0,3100,train,2.0825,13.8158,64
0,3100,train,2.0577,37.5,64
0,3110,train,2.0834,6.5789,64
0,3110,train,2.0826,0.0,64
0,3120,train,2.0811,9.2105,64
0,3120,train,2.0524,37.5,64
0,3130,train,2.0789,11.8421,64
0,3130,train,2.0673,12.5,64
0,3140,train,2.071,16.4474,64
0,3140,train,2.057,12.5,64
0,3150,train,2.0789,13.8158,64
0,3150,train,2.0827,12.5,64
0,3160,train,2.0852,11.1842,64
0,3160,train,2.0602,25.0,64
0,3170,train,2.0721,14.4737,64
0,3170,train,2.0754,25.0,64
0,3180,train,2.0583,19.0789,64
0,3180,train,2.11,0.0,64
0,3190,train,2.0802,12.5,64
0,3190,train,1.928,25.0,64
0,3200,train,2.0712,11.8421,64
0,3200,train,1.9279,50.0,64
0,3210,train,2.0543,12.5,64
0,3210,train,2.094,12.5,64
0,3220,train,2.0511,11.8421,64
0,3220,train,1.8526,37.5,64
0,3230,train,2.0453,12.5,64
0,3230,train,2.0768,12.5,64
0,3240,train,1.9997,19.0789,64
0,3240,train,2.0655,12.5,64
0,3250,train,2.0124,15.7895,64
0,3250,train,1.839,12.5,64
0,3260,train,2.0574,11.1842,64
0,3260,train,2.0718,0.0,64
0,3270,train,1.991,17.1053,64
0,3270,train,2.0724,37.5,64
0,3280,train,2.0401,18.4211,64
0,3280,train,2.0673,12.5,64
0,3290,train,2.0178,11.1842,64
0,3290,train,2.0855,12.5,64
0,3300,train,1.9284,20.3947,64
0,3300,train,1.8073,25.0,64
0,3310,train,2.0306,11.1842,64
0,3310,train,2.0836,0.0,64
0,3320,train,1.9718,19.7368,64
0,3320,train,2.0621,12.5,64
0,3330,train,1.9858,16.4474,64
0,3330,train,2.0414,12.5,64
0,3340,train,1.9939,16.4474,64
0,3340,train,2.0509,12.5,64
0,3350,train,1.9521,17.1053,64
0,3350,train,2.0768,25.0,64
0,3360,train,1.9784,10.5263,64
0,3360,train,2.0681,25.0,64
0,3370,train,2.0093,13.8158,64
0,3370,train,1.8205,37.5,64
0,3380,train,2.0737,14.4737,64
0,3380,train,2.0804,25.0,64
0,3390,train,1.9838,21.7105,64
0,3390,train,1.8361,37.5,64
0,3400,train,1.9713,17.1053,64
0,3400,train,2.0595,25.0,64
0,3410,train,2.0025,17.1053,64
0,3410,train,1.8648,12.5,64
0,3420,train,2.0566,14.4737,64
0,3420,train,2.1494,50.0,64
0,3430,train,1.9803,15.1316,64
0,3430,train,1.8993,25.0,64
0,3440,train,2.0018,21.0526,64
0,3440,train,2.0676,12.5,64
0,3450,train,1.9991,19.0789,64
0,3450,train,2.0465,12.5,64
0,3460,train,2.0135,15.1316,64
0,3460,train,2.05,25.0,64
0,3470,train,1.9315,19.0789,64
0,3470,train,2.0363,12.5,64
0,3480,train,1.9553,19.0789,64
0,3480,train,2.02,25.0,64
0,3490,train,1.993,19.0789,64
0,3490,train,2.1068,0.0,64
0,3500,train,1.9549,16.4474,64
0,3500,train,1.8346,37.5,64
0,3510,train,1.9792,17.1053,64
0,3510,train,2.0007,25.0,64
0,3520,train,2.0076,17.1053,64
0,3520,train,2.0366,37.5,64
0,3530,train,2.0168,14.4737,64
0,3530,train,2.0583,12.5,64
0,3540,train,1.9668,17.1053,64
0,3540,train,2.0463,12.5,64
0,3550,train,1.9559,19.7368,64
0,3550,train,2.0691,25.0,64
0,3560,train,2.0019,19.0789,64
0,3560,train,1.8488,25.0,64
0,3570,train,1.9885,17.7632,64
0,3570,train,2.102,0.0,64
0,3580,train,1.9406,14.4737,64
0,3580,train,1.9384,37.5,64
0,3584,validation,1.9069,22.0,64
0,3584,validation,1.9143,20.48,64
0,3590,train,1.8859,23.0263,64
0,3590,train,1.8889,37.5,64
0,3600,train,1.938,21.7105,64
0,3600,train,1.8395,37.5,64
0,3610,train,1.9071,18.4211,64
0,3610,train,1.7898,25.0,64
0,3620,train,1.9268,23.6842,64
0,3620,train,2.1125,25.0,64
0,3630,train,1.8918,23.6842,64
0,3630,train,1.6549,25.0,64
0,3640,train,1.8399,23.6842,64
0,3640,train,2.0243,37.5,64
0,3650,train,1.9029,21.7105,64
0,3650,train,1.8196,12.5,64
0,3660,train,1.8944,21.7105,64
0,3660,train,1.9184,12.5,64
0,3670,train,1.9031,21.7105,64
0,3670,train,1.9409,12.5,64
0,3680,train,1.886,19.0789,64
0,3680,train,2.0888,25.0,64
0,3690,train,1.9281,17.1053,64
0,3690,train,2.0579,12.5,64
0,3700,train,1.9141,23.6842,64
0,3700,train,2.0679,25.0,64
0,3710,train,1.9202,16.4474,64
0,3710,train,1.7522,25.0,64
0,3720,train,1.8868,21.0526,64
0,3720,train,1.8625,25.0,64
0,3730,train,1.9174,20.3947,64
0,3730,train,2.1219,0.0,64
0,3740,train,1.9217,20.3947,64
0,3740,train,1.9729,0.0,64
0,3750,train,1.9023,21.0526,64
0,3750,train,1.6275,25.0,64
0,3760,train,1.9123,21.0526,64
0,3760,train,2.022,37.5,64
0,3770,train,1.9272,21.0526,64
0,3770,train,1.8415,12.5,64
0,3780,train,1.8585,22.3684,64
0,3780,train,2.003,25.0,64
0,3790,train,1.8244,20.3947,64
0,3790,train,1.7373,37.5,64
0,3800,train,1.8812,22.3684,64
0,3800,train,1.8757,0.0,64
0,3810,train,1.8874,21.0526,64
0,3810,train,1.9379,12.5,64
0,3820,train,1.8316,27.6316,64
0,3820,train,1.8541,25.0,64
0,3830,train,1.7975,26.3158,64
0,3830,train,2.0471,25.0,64
0,3840,train,1.9047,25.6579,64
0,3840,train,1.8839,25.0,64
0,3850,train,1.7788,25.0,64
0,3850,train,2.0591,0.0,64
0,3860,train,1.8271,23.6842,64
0,3860,train,1.9367,50.0,64
0,3870,train,1.8673,23.6842,64
0,3870,train,1.7406,37.5,64
0,3880,train,1.9478,20.3947,64
0,3880,train,1.8099,12.5,64
0,3890,train,1.9178,17.1053,64
0,3890,train,1.9681,37.5,64
0,3900,train,1.9298,22.3684,64
0,3900,train,1.3845,37.5,64
0,3910,train,1.8889,22.3684,64
0,3910,train,1.9142,12.5,64
0,3920,train,1.9675,15.7895,64
0,3920,train,1.9238,12.5,64
0,3930,train,1.8938,19.0789,64
0,3930,train,1.8478,25.0,64
0,3940,train,1.8826,20.3947,64
0,3940,train,1.7459,37.5,64
0,3950,train,1.8609,21.7105,64
0,3950,train,1.9877,25.0,64
0,3960,train,1.893,24.3421,64
0,3960,train,2.0734,12.5,64
0,3970,train,1.847,24.3421,64
0,3970,train,1.8032,37.5,64
0,3980,train,1.8903,23.6842,64
0,3980,train,1.982,12.5,64
0,3990,train,1.8584,22.3684,64
0,3990,train,1.9649,12.5,64
0,4000,train,1.9417,14.4737,64
0,4000,train,1.9055,25.0,64
0,4010,train,1.8858,21.0526,64
0,4010,train,1.8011,0.0,64
0,4020,train,1.8941,17.7632,64
0,4020,train,1.9864,12.5,64
0,4030,train,1.907,19.7368,64
0,4030,train,1.5897,50.0,64
0,4040,train,1.8824,19.7368,64
0,4040,train,2.0941,12.5,64
0,4050,train,1.879,17.7632,64
0,4050,train,1.6451,37.5,64
0,4060,train,1.8725,25.6579,64
0,4060,train,1.7745,37.5,64
0,4070,train,1.9229,23.0263,64
0,4070,train,2.0841,37.5,64
0,4080,train,1.906,19.0789,64
0,4080,train,1.8904,25.0,64
0,4090,train,1.8468,24.3421,64
0,4090,train,1.8685,25.0,64
0,4096,validation,1.828,23.46,64
0,4096,validation,1.8311,23.54,64
0,4100,train,1.8938,21.7105,64
0,4100,train,2.0305,25.0,64
0,4110,train,1.8357,25.0,64
0,4110,train,1.9134,0.0,64
0,4120,train,1.841,20.3947,64
0,4120,train,1.947,25.0,64
0,4130,train,1.945,19.7368,64
0,4130,train,1.5589,50.0,64
0,4140,train,1.8228,23.6842,64
0,4140,train,1.9613,0.0,64
0,4150,train,1.8611,23.0263,64
0,4150,train,1.6332,25.0,64
0,4160,train,1.7994,23.0263,64
0,4160,train,1.54,37.5,64
0,4170,train,1.8124,25.6579,64
0,4170,train,1.9281,25.0,64
0,4180,train,1.8542,21.7105,64
0,4180,train,2.0671,0.0,64
0,4190,train,1.9014,24.3421,64
0,4190,train,1.7898,25.0,64
0,4200,train,1.9026,23.0263,64
0,4200,train,1.6839,25.0,64
0,4210,train,1.9076,21.0526,64
0,4210,train,1.9152,25.0,64
0,4220,train,1.8811,21.0526,64
0,4220,train,1.8364,12.5,64
0,4230,train,1.9047,17.1053,64
0,4230,train,1.7195,50.0,64
0,4240,train,1.9093,19.0789,64
0,4240,train,1.8209,25.0,64
0,4250,train,1.8951,17.7632,64
0,4250,train,1.6305,12.5,64
0,4260,train,1.8942,23.0263,64
0,4260,train,2.0183,0.0,64
0,4270,train,1.959,21.7105,64
0,4270,train,1.8794,12.5,64
0,4280,train,1.8521,21.0526,64
0,4280,train,1.8617,25.0,64
0,4290,train,1.8858,25.0,64
0,4290,train,2.1064,0.0,64
0,4300,train,1.8634,23.0263,64
0,4300,train,1.7953,0.0,64
0,4310,train,1.8359,22.3684,64
0,4310,train,1.7528,12.5,64
0,4320,train,1.8278,23.0263,64
0,4320,train,1.9813,25.0,64
0,4330,train,1.8359,24.3421,64
0,4330,train,1.7848,37.5,64
0,4340,train,1.8801,21.0526,64
0,4340,train,1.8798,25.0,64
0,4350,train,1.9322,17.1053,64
0,4350,train,2.1235,0.0,64
0,4360,train,1.8628,22.3684,64
0,4360,train,1.6644,25.0,64
0,4370,train,1.8227,25.0,64
0,4370,train,1.7878,12.5,64
0,4380,train,1.8285,23.0263,64
0,4380,train,1.9355,25.0,64
0,4390,train,1.7488,24.3421,64
0,4390,train,1.9721,37.5,64
0,4400,train,1.8555,30.9211,64
0,4400,train,1.8055,12.5,64
0,4410,train,1.8752,19.7368,64
0,4410,train,1.7815,25.0,64
0,4420,train,1.8363,28.9474,64
0,4420,train,1.9348,12.5,64
0,4430,train,1.8105,26.9737,64
0,4430,train,1.5158,50.0,64
0,4440,train,1.8004,23.0263,64
0,4440,train,1.8005,12.5,64
0,4450,train,1.8142,23.6842,64
0,4450,train,1.9242,25.0,64
0,4460,train,1.8757,17.1053,64
0,4460,train,1.8669,12.5,64
0,4470,train,1.8364,25.6579,64
0,4470,train,1.6716,37.5,64
0,4480,train,1.7344,30.2632,64
0,4480,train,1.9584,0.0,64
0,4490,train,1.7714,29.6053,64
0,4490,train,1.8375,25.0,64
0,4500,train,1.8386,26.3158,64
0,4500,train,1.9483,25.0,64
0,4510,train,1.8765,27.6316,64
0,4510,train,1.8354,25.0,64
0,4520,train,1.9401,21.7105,64
0,4520,train,1.7986,37.5,64
0,4530,train,1.8601,24.3421,64
0,4530,train,1.743,25.0,64
0,4540,train,1.8357,26.9737,64
0,4540,train,1.8244,25.0,64
0,4550,train,1.8861,19.7368,64
0,4550,train,1.8839,25.0,64
0,4560,train,1.8882,18.4211,64
0,4560,train,1.7014,25.0,64
0,4570,train,1.94,16.4474,64
0,4570,train,1.8375,0.0,64
0,4580,train,1.7796,27.6316,64
0,4580,train,2.1363,0.0,64
0,4590,train,1.8134,25.6579,64
0,4590,train,2.0056,12.5,64
0,4600,train,1.8214,25.6579,64
0,4600,train,2.008,12.5,64
0,4608,validation,1.8244,22.78,64
0,4608,validation,1.8297,22.96,64
0,4610,train,1.8642,19.7368,64
0,4610,train,2.0041,12.5,64
0,4620,train,1.8212,23.6842,64
0,4620,train,2.1055,0.0,64
0,4630,train,1.8426,25.0,64
0,4630,train,1.4598,62.5,64
0,4640,train,2.0138,19.0789,64
0,4640,train,1.9409,12.5,64
0,4650,train,1.994,18.4211,64
0,4650,train,1.8908,37.5,64
0,4660,train,1.9861,12.5,64
0,4660,train,1.6883,37.5,64
0,4670,train,1.8698,21.0526,64
0,4670,train,2.056,0.0,64
0,4680,train,1.7405,31.5789,64
0,4680,train,2.0449,12.5,64
0,4690,train,1.9863,17.1053,64
0,4690,train,2.1951,0.0,64
0,4700,train,1.8725,26.3158,64
0,4700,train,2.06,12.5,64
0,4710,train,1.858,23.0263,64
0,4710,train,1.6512,37.5,64
0,4720,train,1.8433,24.3421,64
0,4720,train,1.7634,12.5,64
0,4730,train,1.7765,18.4211,64
0,4730,train,1.6164,37.5,64
0,4740,train,1.7876,25.6579,64
0,4740,train,1.6324,25.0,64
0,4750,train,1.8539,19.7368,64
0,4750,train,1.9864,25.0,64
0,4760,train,1.8228,25.6579,64
0,4760,train,1.7862,12.5,64
0,4770,train,1.7418,32.8947,64
0,4770,train,1.7296,12.5,64
0,4780,train,1.8309,21.0526,64
0,4780,train,1.4605,62.5,64
0,4790,train,1.8188,19.7368,64
0,4790,train,1.9106,25.0,64
0,4800,train,1.701,28.9474,64
0,4800,train,1.8223,25.0,64
0,4810,train,1.8894,18.4211,64
0,4810,train,1.8897,0.0,64
0,4820,train,1.7432,29.6053,64
0,4820,train,1.8788,12.5,64
0,4830,train,1.6766,32.2368,64
0,4830,train,1.6746,37.5,64
0,4840,train,1.7688,24.3421,64
0,4840,train,1.7798,37.5,64
0,4850,train,1.7876,25.0,64
0,4850,train,1.5373,50.0,64
0,4860,train,1.7758,25.6579,64
0,4860,train,1.7664,25.0,64
0,4870,train,1.9504,21.7105,64
0,4870,train,1.8656,25.0,64
0,4880,train,1.81,22.3684,64
0,4880,train,1.7852,0.0,64
0,4890,train,1.7922,25.6579,64
0,4890,train,1.9134,0.0,64
0,4900,train,1.7814,27.6316,64
0,4900,train,1.8283,37.5,64
0,4910,train,1.7241,32.8947,64
0,4910,train,1.614,25.0,64
0,4920,train,1.764,25.6579,64
0,4920,train,1.77,12.5,64
0,4930,train,1.6646,28.2895,64
0,4930,train,1.4774,50.0,64
0,4940,train,1.6113,30.9211,64
0,4940,train,1.4885,37.5,64
0,4950,train,1.7495,26.3158,64
0,4950,train,1.9589,37.5,64
0,4960,train,1.6807,30.2632,64
0,4960,train,1.7228,25.0,64
0,4970,train,1.6144,29.6053,64
0,4970,train,1.8421,12.5,64
0,4980,train,1.5804,32.8947,63.75
0,4980,train,1.626,37.5,64
0,4990,train,1.6208,28.2895,63.7961
0,4990,train,1.7564,25.0,62.875
0,5000,train,1.5871,34.8684,63.2237
0,5000,train,1.174,62.5,63.75
0,5010,train,1.6663,26.3158,63.7632
0,5010,train,1.3308,50.0,64
0,5020,train,1.6919,30.2632,62.3158
0,5020,train,1.6907,25.0,64
0,5030,train,1.6785,29.6053,60.1184
0,5030,train,1.1861,50.0,60
0,5040,train,1.6885,29.6053,62.125
0,5040,train,1.8252,25.0,64
0,5050,train,1.7007,25.6579,63.7237
0,5050,train,1.7992,25.0,64
0,5060,train,1.6398,28.9474,64
0,5060,train,1.8957,12.5,64
0,5070,train,1.6273,24.3421,63.4539
0,5070,train,1.4268,25.0,61.375
0,5080,train,1.5325,42.7632,60.7632
0,5080,train,1.4473,50.0,58.25
0,5090,train,1.5813,39.4737,61.0066
0,5090,train,1.4509,37.5,61.5
0,5100,train,1.6384,32.8947,63.6513
0,5100,train,1.5748,37.5,64
0,5110,train,1.712,30.2632,63.4737
0,5110,train,1.237,75.0,59.375
0,5120,train,1.5187,40.1316,63.1974
0,5120,validation,1.6755,32.04,64
0,5120,train,1.4446,37.5,64
0,5120,validation,1.6694,31.1,64
0,5130,train,1.4793,38.8158,64
0,5130,train,1.6474,25.0,64
0,5140,train,1.6052,30.9211,64
0,5140,train,1.4647,37.5,64
0,5150,train,1.5693,34.8684,64
0,5150,train,1.5827,50.0,64
0,5160,train,1.5456,28.2895,63.9803
0,5160,train,1.6148,12.5,64
0,5170,train,1.5633,33.5526,64
0,5170,train,1.2905,37.5,64
0,5180,train,1.4654,40.1316,64
0,5180,train,1.8539,12.5,63.5
0,5190,train,1.4353,40.1316,64
0,5190,train,1.6131,25.0,64
0,5200,train,1.472,35.5263,64
0,5200,train,1.2065,50.0,64
0,5210,train,1.5429,33.5526,64
0,5210,train,1.3484,50.0,64
0,5220,train,1.3917,42.1053,64
0,5220,train,1.7608,25.0,64
0,5230,train,1.3994,36.8421,64
0,5230,train,1.2138,50.0,64
0,5240,train,1.5444,39.4737,62.9671
0,5240,train,1.8599,25.0,64
0,5250,train,1.516,36.8421,60.6908
0,5250,train,2.5105,0.0,64
0,5260,train,1.509,38.8158,56.9671
0,5260,train,1.1061,62.5,38.75
0,5270,train,1.7363,26.3158,57.9934
0,5270,train,1.6066,0.0,44.25
0,5280,train,1.6058,34.2105,54.7632
0,5280,train,1.2242,37.5,43.125
0,5290,train,1.7246,26.9737,57.7961
0,5290,train,1.3881,50.0,57.875
0,5300,train,1.7245,36.8421,50.6316
0,5300,train,1.488,25.0,58.25
0,5310,train,1.7694,33.5526,51.0066
0,5310,train,1.7023,25.0,43.25
0,5320,train,1.7901,30.2632,52.1382
0,5320,train,1.5016,37.5,59.375
0,5330,train,1.7316,38.1579,45.8092
0,5330,train,1.2817,62.5,60.25
0,5340,train,1.56,38.8158,50.3092
0,5340,train,1.5224,37.5,56.875
0,5350,train,1.5556,37.5,51.2632
0,5350,train,2.1947,0.0,57.5
0,5360,train,1.6767,40.1316,54.6513
0,5360,train,1.3118,25.0,51.625
0,5370,train,1.6662,34.2105,47.6382
0,5370,train,3.0355,0.0,36
0,5380,train,1.6603,36.1842,50.0724
0,5380,train,1.7275,25.0,46
0,5390,train,1.8021,34.8684,46.1842
0,5390,train,1.8239,25.0,38
0,5400,train,1.7566,32.2368,46.4408
0,5400,train,1.7565,25.0,29.375
0,5410,train,1.7905,32.8947,40.0921
0,5410,train,1.8425,37.5,37.75
0,5420,train,1.823,30.2632,35.0921
0,5420,train,2.02,37.5,32.5
0,5430,train,1.662,35.5263,38.7434
0,5430,train,1.1272,62.5,49
0,5440,train,1.6281,32.2368,36.5987
0,5440,train,1.4642,50.0,48
0,5450,train,1.562,35.5263,46.3289
0,5450,train,2.0383,25.0,37.625
0,5460,train,1.7091,38.8158,37.9803
0,5460,train,1.7626,25.0,38.125
0,5470,train,1.7282,34.2105,39.3816
0,5470,train,1.3749,50.0,22.625
0,5480,train,1.7047,30.2632,37.6513
0,5480,train,1.1573,62.5,37.875
0,5490,train,1.7514,29.6053,34.1513
0,5490,train,1.5693,25.0,35.125
0,5500,train,1.7632,35.5263,29.1513
0,5500,train,1.7178,25.0,32.5
0,5510,train,1.6844,38.8158,23.2105
0,5510,train,1.2942,50.0,15.5
0,5520,train,1.6024,36.8421,23.3553
0,5520,train,2.6021,12.5,16.125
0,5530,train,1.6107,36.8421,22.5658
0,5530,train,1.6316,37.5,31.875
0,5540,train,1.4753,40.7895,18.8026
0,5540,train,1.5025,37.5,16.75
0,5550,train,1.6857,30.2632,29.6382
0,5550,train,1.4743,50.0,38.125
0,5560,train,1.7713,23.0263,35.7763
0,5560,train,1.6364,12.5,32.5
0,5570,train,1.4936,35.5263,27.8289
0,5570,train,1.7193,12.5,20.5
0,5580,train,1.5085,36.1842,28.9605
0,5580,train,1.6517,37.5,42.75
0,5590,train,1.7108,25.6579,33.5658
0,5590,train,1.6256,37.5,23.875
0,5600,train,1.4322,42.1053,20.1447
0,5600,train,1.4547,37.5,18.125
0,5610,train,1.5595,32.8947,18.9539
0,5610,train,1.2882,37.5,19.875
0,5620,train,1.4033,40.1316,16.0263
0,5620,train,1.6295,25.0,4.875
0,5630,train,1.4409,40.1316,13.8158
0,5630,train,1.5322,37.5,6.625
0,5632,validation,1.5203,37.86,19.297
0,5632,validation,1.5201,37.66,19.3758
0,5640,train,1.4967,37.5,12.4342
0,5640,train,1.5673,37.5,10.25
0,5650,train,1.439,35.5263,15.8947
0,5650,train,1.4376,37.5,31.25
0,5660,train,1.4304,39.4737,22.2961
0,5660,train,1.5615,50.0,33.125
0,5670,train,1.3585,43.4211,20.3487
0,5670,train,1.4888,62.5,24.875
0,5680,train,1.4221,41.4474,28.3618
0,5680,train,2.2304,0.0,35.375
0,5690,train,1.8886,28.9474,38.1447
0,5690,train,1.4731,37.5,42.875
0,5700,train,1.7901,22.3684,20.9474
0,5700,train,1.5964,25.0,20.5
0,5710,train,1.5755,41.4474,14.8947
0,5710,train,1.7778,12.5,12.25
0,5720,train,1.4766,40.1316,16.8618
0,5720,train,1.3884,37.5,14.125
0,5730,train,1.4431,39.4737,17.7039
0,5730,train,1.2406,62.5,15.375
0,5740,train,1.3882,37.5,20.8487
0,5740,train,1.6917,12.5,22
0,5750,train,1.3535,46.0526,21.0395
0,5750,train,1.5449,37.5,34.125
0,5760,train,1.3928,39.4737,19.2368
0,5760,train,1.677,37.5,4.625
0,5770,train,1.3337,46.7105,16.625
0,5770,train,1.3602,25.0,11.75
0,5780,train,1.5272,40.1316,11.3421
0,5780,train,1.437,25.0,6.5
0,5790,train,1.6631,33.5526,9.0789
0,5790,train,1.2658,50.0,5.875
0,5800,train,1.5553,30.2632,9.6184
0,5800,train,1.2408,50.0,22.5
0,5810,train,1.5769,33.5526,8.0855
0,5810,train,1.4605,50.0,4.375
0,5820,train,1.5475,37.5,9.4013
0,5820,train,1.7135,12.5,11.625
0,5830,train,1.5156,33.5526,10.3224
0,5830,train,1.2669,62.5,5
0,5840,train,1.4544,38.1579,10.0724
0,5840,train,1.5473,37.5,13.5
0,5850,train,1.4529,40.7895,11.8092
0,5850,train,1.5037,50.0,12
0,5860,train,1.3786,40.7895,18.4737
0,5860,train,1.5226,37.5,19.625
0,5870,train,1.3206,46.0526,16.4145
0,5870,train,1.5463,25.0,19.5
0,5880,train,1.2968,43.4211,15.7434
0,5880,train,1.7529,25.0,12.625
0,5890,train,1.3106,42.1053,20.0921
0,5890,train,0.6888,75.0,21.75
0,5900,train,1.2308,44.0789,22.9342
0,5900,train,1.0949,50.0,37.25
0,5910,train,1.3028,42.7632,23.5658
0,5910,train,1.5709,25.0,19.125
0,5920,train,1.3196,42.7632,28.2632
0,5920,train,1.3831,37.5,24.5
0,5930,train,1.3407,44.7368,31.1184
0,5930,train,1.5489,50.0,44.375
0,5940,train,1.2758,43.4211,31.6776
0,5940,train,1.0546,50.0,34.375
0,5950,train,1.2841,42.1053,29.1184
0,5950,train,1.6361,37.5,22
0,5960,train,1.3226,42.7632,26.6513
0,5960,train,1.0206,37.5,16.5
0,5970,train,1.33,44.7368,26.4145
0,5970,train,0.8306,62.5,46.875
0,5980,train,1.3199,42.1053,32.2632
0,5980,train,1.3217,50.0,19.25
0,5990,train,1.2852,45.3947,31.6382
0,5990,train,1.8338,25.0,30.75
0,6000,train,1.2251,48.0263,34.0592
0,6000,train,1.3815,62.5,20.375
0,6010,train,1.3288,38.8158,26.1513
0,6010,train,1.6088,37.5,39.625
0,6020,train,1.229,48.6842,27.75
0,6020,train,0.7741,75.0,22.125
0,6030,train,1.318,38.8158,23.5724
0,6030,train,1.368,50.0,22.75
0,6040,train,1.113,51.9737,25.4211
0,6040,train,0.9739,87.5,31.375
0,6050,train,1.4623,34.8684,23.1908
0,6050,train,1.2011,50.0,16
0,6060,train,1.1868,45.3947,24.1974
0,6060,train,1.4916,50.0,22.625
0,6070,train,1.2498,44.0789,19.5132
0,6070,train,1.3522,37.5,14.625
0,6080,train,1.2556,44.0789,24.5789
0,6080,train,1.636,25.0,12.625
0,6090,train,1.272,44.0789,26.4803
0,6090,train,1.3871,37.5,14.375
0,6100,train,1.2461,48.0263,22.2763
0,6100,train,0.9024,75.0,31.75
0,6110,train,1.3261,35.5263,25.6316
0,6110,train,1.2825,50.0,23.875
0,6120,train,1.2604,43.4211,25.2105
0,6120,train,1.4347,37.5,34.125
0,6130,train,1.1356,51.3158,33.3421
0,6130,train,0.9076,75.0,23
0,6140,train,1.2091,49.3421,31.1053
0,6140,train,1.2195,50.0,40.75
0,6144,validation,1.1987,48.96,28.4472
0,6144,validation,1.1989,49.48,28.505
0,6150,train,1.0927,59.8684,29.5263
0,6150,train,1.3148,25.0,38
0,6160,train,1.2459,44.7368,26.9276
0,6160,train,1.0698,62.5,36.625
0,6170,train,1.2079,49.3421,22.8618
0,6170,train,1.1482,62.5,27.75
0,6180,train,1.2207,50.0,26.0066
0,6180,train,1.3756,50.0,20.875
0,6190,train,1.3275,44.7368,23.8355
0,6190,train,1.0324,62.5,27.25
0,6200,train,1.2802,46.7105,32.9211
0,6200,train,1.1446,37.5,47
0,6210,train,1.2721,42.7632,27.7829
0,6210,train,1.3221,37.5,32
0,6220,train,1.3504,42.7632,26.9342
0,6220,train,1.1615,37.5,19
0,6230,train,1.5139,31.5789,28.2368
0,6230,train,1.3567,37.5,26.5
0,6240,train,1.4495,36.8421,30.4342
0,6240,train,1.7125,37.5,26.375
0,6250,train,1.3644,46.0526,29.9276
0,6250,train,1.6545,25.0,19.125
0,6260,train,1.3582,40.7895,28.5329
0,6260,train,1.2135,50.0,34.5
0,6270,train,1.2642,40.7895,26.2697
0,6270,train,1.3525,50.0,30.625
0,6280,train,1.3744,44.7368,32.7105
0,6280,train,1.4537,25.0,22.625
0,6290,train,1.5316,34.2105,30.6974
0,6290,train,1.2493,62.5,18.375
0,6300,train,1.477,39.4737,37.1776
0,6300,train,2.0037,12.5,48.625
0,6310,train,2.0057,25.0,49.0526
0,6310,train,1.8085,25.0,48.875
0,6320,train,1.8949,25.6579,51.0724
0,6320,train,1.4378,62.5,48.75
0,6330,train,1.89,28.9474,54.1053
0,6330,train,1.8562,25.0,49.375
0,6340,train,1.6657,30.2632,46.8618
0,6340,train,1.5903,25.0,41.25
0,6350,train,1.7221,31.5789,52.3092
0,6350,train,1.592,37.5,56.5
0,6360,train,1.6637,29.6053,50.3947
0,6360,train,1.1522,50.0,37
0,6370,train,1.5543,33.5526,46.6513
0,6370,train,1.5807,37.5,45.75
0,6380,train,1.5466,35.5263,46.4605
0,6380,train,1.6262,50.0,41.5
0,6390,train,1.5047,37.5,43.4605
0,6390,train,1.32,62.5,49.25
0,6400,train,1.4262,42.1053,41.9671
0,6400,train,2.0402,25.0,56.375
0,6410,train,1.4582,34.8684,40.875
0,6410,train,1.4632,25.0,51.25
0,6420,train,1.4906,39.4737,39.4342
0,6420,train,1.7443,25.0,42.625
0,6430,train,1.3023,46.0526,37.8816
0,6430,train,1.243,37.5,26.75
0,6440,train,1.2876,47.3684,39.5197
0,6440,train,1.3769,37.5,48.875
0,6450,train,1.2856,46.0526,40.3882
0,6450,train,1.2835,62.5,44.625
1,6460,train,1.2174,43.4211,41.1645
1,6460,train,1.2118,50.0,31.25
1,6470,train,1.2595,46.7105,44.3618
1,6470,train,1.5427,25.0,46.25
1,6480,train,1.26,48.6842,42.8421
1,6480,train,1.2132,25.0,27.25
1,6490,train,1.1658,54.6053,40.0461
1,6490,train,1.3565,25.0,55.125
1,6500,train,1.3368,38.1579,40.4211
1,6500,train,1.1866,62.5,34.125
1,6510,train,1.2748,46.7105,42.8947
1,6510,train,1.7409,37.5,38.25
1,6520,train,1.385,34.8684,38.3289
1,6520,train,1.4179,37.5,49.625
1,6530,train,1.3534,42.7632,39.9539
1,6530,train,1.2258,37.5,64
1,6540,train,1.2536,47.3684,43.3487
1,6540,train,1.2247,37.5,56.625
1,6550,train,1.3611,38.8158,39.9342
1,6550,train,1.4637,25.0,31
1,6560,train,1.2894,39.4737,40.2105
1,6560,train,1.2822,50.0,49.375
1,6570,train,1.371,40.1316,44.5592
1,6570,train,1.4106,50.0,57.25
1,6580,train,1.3844,39.4737,40.6184
1,6580,train,1.5841,25.0,44.375
1,6590,train,1.2469,44.7368,43.9605
1,6590,train,0.8939,62.5,49.125
1,6600,train,1.1622,44.7368,31.7303
1,6600,train,1.4455,37.5,49
1,6610,train,1.2997,42.7632,37.1513
1,6610,train,1.119,50.0,35.25
1,6620,train,1.2312,43.4211,41.125
1,6620,train,0.9282,87.5,26.625
1,6630,train,1.2387,45.3947,37.2237
1,6630,train,1.4921,25.0,34
1,6640,train,1.1829,48.6842,37.6447
1,6640,train,1.2771,62.5,33.75
1,6650,train,1.1249,53.2895,38.7303
1,6650,train,1.3879,25.0,28.75
1,6656,validation,1.1637,49.42,35.8742
1,6656,validation,1.1702,49.32,36.1374
1,6660,train,1.2251,48.6842,33.5987
1,6660,train,1.1264,62.5,19.75
1,6670,train,1.1629,51.9737,39.625
1,6670,train,1.3195,37.5,33.625
1,6680,train,1.217,50.6579,34.3947
1,6680,train,1.0104,62.5,49.5
1,6690,train,1.1654,48.0263,31.3816
1,6690,train,1.0091,62.5,27.625
1,6700,train,1.1996,46.7105,36.4276
1,6700,train,1.563,12.5,34.25
1,6710,train,1.2659,44.7368,36.2434
1,6710,train,1.8117,25.0,34.25
1,6720,train,1.196,50.0,36.0789
1,6720,train,1.3666,37.5,28.125
1,6730,train,1.2165,46.7105,37.5132
1,6730,train,1.2783,62.5,27.125
1,6740,train,1.1074,55.2632,35.8158
1,6740,train,1.2197,50.0,42.625
1,6750,train,1.1877,47.3684,38.4803
1,6750,train,1.4617,25.0,44.75
1,6760,train,1.3793,38.8158,38.3618
1,6760,train,1.4834,25.0,42.375
1,6770,train,1.3636,36.8421,38.9803
1,6770,train,1.2585,50.0,49.625
1,6780,train,1.2147,51.9737,38.5987
1,6780,train,1.0434,50.0,42.375
1,6790,train,1.1424,51.3158,37.1513
1,6790,train,1.0682,62.5,27.875
1,6800,train,1.2512,46.7105,35.1645
1,6800,train,1.4361,37.5,44.875
1,6810,train,1.1674,50.0,37.7566
1,6810,train,0.842,62.5,45
1,6820,train,1.1912,49.3421,34.8092
1,6820,train,0.9746,50.0,29.25
1,6830,train,1.1403,53.9474,38.7237
1,6830,train,1.607,37.5,38.25
1,6840,train,1.1101,53.9474,37.4868
1,6840,train,1.2744,50.0,35.75
1,6850,train,1.2235,50.6579,37.5987
1,6850,train,1.4032,25.0,21.5
1,6860,train,1.1794,46.7105,34.9145
1,6860,train,1.1539,25.0,27.375
1,6870,train,1.077,52.6316,37.2171
1,6870,train,1.3833,25.0,41.875
1,6880,train,1.1829,51.3158,33.7105
1,6880,train,1.2914,37.5,12.875
1,6890,train,1.1148,53.2895,31.5
1,6890,train,1.178,50.0,25.5
1,6900,train,1.2315,46.7105,31.8618
1,6900,train,1.0351,50.0,21.875
1,6910,train,1.2727,43.4211,32.5461
1,6910,train,1.2424,50.0,18.125
1,6920,train,1.0794,57.2368,30.7434
1,6920,train,0.9329,75.0,35.5
1,6930,train,1.1767,51.3158,25.2763
1,6930,train,1.2699,50.0,26.375
1,6940,train,1.1437,50.6579,32.6184
1,6940,train,1.3101,25.0,18.75
1,6950,train,1.1878,49.3421,36.6776
1,6950,train,1.0164,62.5,24.25
1,6960,train,1.1433,51.3158,34.2961
1,6960,train,0.8588,75.0,42.5
1,6970,train,1.1416,50.0,40.0329
1,6970,train,0.8835,50.0,35.875
1,6980,train,1.1721,49.3421,32.4276
1,6980,train,1.2602,37.5,29.5
1,6990,train,1.1747,51.3158,35.9342
1,6990,train,1.3042,50.0,10.375
1,7000,train,1.2078,48.0263,36.1382
1,7000,train,1.0714,75.0,44.25
1,7010,train,1.2165,46.7105,38.1513
1,7010,train,1.1265,37.5,44
1,7020,train,1.2091,43.4211,40.4868
1,7020,train,0.871,75.0,33.625
1,7030,train,1.2423,44.7368,42.6447
1,7030,train,1.1564,62.5,42.5
1,7040,train,1.211,46.7105,35.4737
1,7040,train,1.1531,62.5,40.375
1,7050,train,1.1194,49.3421,35.6842
1,7050,train,1.3412,50.0,32
1,7060,train,1.1574,50.0,34.9211
1,7060,train,0.8089,62.5,30.875
1,7070,train,1.095,53.9474,31.4934
1,7070,train,1.285,37.5,23.625
1,7080,train,1.0742,57.2368,41.0395
1,7080,train,1.2684,50.0,36.5
1,7090,train,1.1222,54.6053,30.5592
1,7090,train,0.8443,75.0,21.25
1,7100,train,1.2013,51.3158,29.5789
1,7100,train,1.4201,37.5,35.75
1,7110,train,1.0806,51.9737,32.4671
1,7110,train,1.1356,62.5,20.25
1,7120,train,1.2111,48.0263,30.4013
1,7120,train,0.6617,87.5,42.625
1,7130,train,1.1605,48.6842,32.6447
1,7130,train,1.1621,50.0,24
1,7140,train,1.0338,53.9474,31.4211
1,7140,train,0.8303,62.5,26.125
1,7150,train,1.1342,49.3421,34.3092
1,7150,train,1.8899,25.0,31
1,7160,train,1.1122,52.6316,34.8421
1,7160,train,0.7795,62.5,35.875
1,7168,validation,1.1894,48.74,36.3986
1,7168,validation,1.2013,48.7,36.5394
1,7170,train,1.0827,53.2895,38.6447
1,7170,train,1.3645,62.5,37.125
1,7180,train,1.057,54.6053,32.2368
1,7180,train,0.6259,87.5,45.375
1,7190,train,1.092,51.9737,32.9408
1,7190,train,0.8287,50.0,39.125
1,7200,train,1.1105,53.9474,40.4868
1,7200,train,0.7928,75.0,39.625
1,7210,train,1.1614,50.6579,36.9342
1,7210,train,0.8275,75.0,39.625
1,7220,train,1.0211,60.5263,34.7566
1,7220,train,1.5127,37.5,28
1,7230,train,1.1969,44.0789,28.25
1,7230,train,1.4578,37.5,27.375
1,7240,train,1.1111,53.2895,28.5855
1,7240,train,0.9805,50.0,56.625
1,7250,train,1.2385,40.1316,25.4605
1,7250,train,1.6061,25.0,49
1,7260,train,1.21,46.0526,27.7895
1,7260,train,1.1105,75.0,27.25
1,7270,train,1.0393,57.2368,27.7697
1,7270,train,0.9811,62.5,28.5
1,7280,train,1.1868,50.6579,20.3947
1,7280,train,0.8873,62.5,18.125
1,7290,train,1.0826,61.1842,23.0395
1,7290,train,0.8119,75.0,34.5
1,7300,train,1.1408,49.3421,26.5197
1,7300,train,1.2017,25.0,24.125
1,7310,train,1.0899,55.2632,23.6711
1,7310,train,1.4223,25.0,21.25
1,7320,train,1.1805,50.6579,21.5592
1,7320,train,1.3757,25.0,20.125
1,7330,train,1.2294,40.7895,23.6053
1,7330,train,0.7659,75.0,21.375
1,7340,train,1.2098,44.7368,25.7829
1,7340,train,1.3966,25.0,37.5
1,7350,train,1.14,57.2368,26.0724
1,7350,train,1.3345,50.0,35.5
1,7360,train,1.1002,52.6316,24.7763
1,7360,train,0.9059,62.5,38
1,7370,train,1.181,46.0526,30.6711
1,7370,train,1.1903,25.0,12.625
1,7380,train,1.1632,50.6579,25.0132
1,7380,train,0.951,50.0,27.125
1,7390,train,1.06,55.9211,22.2039
1,7390,train,1.4969,37.5,26.25
1,7400,train,1.1977,44.7368,23.6645
1,7400,train,1.5592,37.5,21.25
1,7410,train,1.1585,50.0,24.8487
1,7410,train,1.3328,50.0,13.5
1,7420,train,1.1038,48.6842,31.1513
1,7420,train,0.7252,62.5,35.375
1,7430,train,1.2249,43.4211,25.0329
1,7430,train,1.32,25.0,29.25
1,7440,train,1.1108,52.6316,24.75
1,7440,train,1.1113,62.5,33.75
1,7450,train,1.1519,51.3158,29.25
1,7450,train,1.3524,25.0,19.875
1,7460,train,1.1747,50.0,29.25
1,7460,train,0.8943,50.0,33.75
1,7470,train,1.2407,49.3421,24.8816
1,7470,train,0.7417,75.0,21.5
1,7480,train,1.3231,41.4474,26.2039
1,7480,train,1.0724,62.5,35.5
1,7490,train,1.2598,43.4211,29.6842
1,7490,train,1.2732,37.5,22.875
1,7500,train,1.1619,49.3421,28.9145
1,7500,train,1.2192,37.5,28.25
1,7510,train,1.2185,48.6842,28.3947
1,7510,train,1.7902,25.0,33.75
1,7520,train,1.1985,47.3684,25.5263
1,7520,train,0.9679,50.0,27.25
1,7530,train,1.2535,45.3947,27.3092
1,7530,train,0.968,50.0,5.75
1,7540,train,1.2624,42.7632,28.9539
1,7540,train,1.2041,50.0,43.125
1,7550,train,1.3819,35.5263,34.2237
1,7550,train,0.9076,62.5,35.5
1,7560,train,1.1568,47.3684,30.1974
1,7560,train,1.175,37.5,42
1,7570,train,1.171,50.6579,34.4342
1,7570,train,1.5644,37.5,35.75
1,7580,train,1.3095,44.0789,37.5329
1,7580,train,1.6827,37.5,41.875
1,7590,train,1.3297,42.1053,37.9671
1,7590,train,1.2573,37.5,34.5
1,7600,train,1.3456,41.4474,40.2039
1,7600,train,1.2807,37.5,44.375
1,7610,train,1.2729,47.3684,40.5592
1,7610,train,1.0487,62.5,33.375
1,7620,train,1.4909,36.8421,36.9079
1,7620,train,1.5316,50.0,49
1,7630,train,1.5088,32.2368,37.0987
1,7630,train,1.601,25.0,42.625
1,7640,train,1.5883,32.2368,39.8158
1,7640,train,1.7399,0.0,30.875
1,7650,train,1.4546,37.5,39.7632
1,7650,train,0.7571,87.5,18.75
1,7660,train,1.3831,38.1579,35.8026
1,7660,train,1.2175,62.5,6.875
1,7670,train,1.3126,44.7368,30.8355
1,7670,train,1.3954,25.0,48.75
1,7680,train,1.4049,35.5263,32.5921
1,7680,validation,1.3166,41.72,29.5116
1,7680,train,1.2241,50.0,28.5
1,7680,validation,1.2982,43.3,29.5136
1,7690,train,1.2672,50.0,24.5658
1,7690,train,1.1109,62.5,18.25
1,7700,train,1.3516,35.5263,28.8355
1,7700,train,1.1608,50.0,25.875
1,7710,train,1.361,38.1579,29.0724
1,7710,train,1.458,25.0,33.375
1,7720,train,1.3191,40.7895,26.5066
1,7720,train,1.5,12.5,41.25
1,7730,train,1.304,44.7368,20.2697
1,7730,train,0.9254,75.0,33.75
1,7740,train,1.4104,40.1316,36.1184
1,7740,train,1.3855,50.0,33.5
1,7750,train,1.4204,38.1579,33.9474
1,7750,train,1.0964,75.0,35.125
1,7760,train,1.416,39.4737,33.9474
1,7760,train,1.0728,50.0,43.75
1,7770,train,1.2144,48.6842,37.7697
1,7770,train,1.387,37.5,27.5
1,7780,train,1.1925,48.0263,38.5592
1,7780,train,1.1924,50.0,49.5
1,7790,train,1.1645,46.0526,37.8816
1,7790,train,0.7133,75.0,57.625
1,7800,train,1.1122,55.9211,39.3553
1,7800,train,0.8521,62.5,54.5
1,7810,train,1.2625,47.3684,47.4408
1,7810,train,1.2547,37.5,41.375
1,7820,train,1.0984,53.2895,41.2961
1,7820,train,1.0355,50.0,49.5
1,7830,train,1.1565,50.0,40.5263
1,7830,train,1.3429,50.0,37.375
1,7840,train,0.9567,59.8684,41.2105
1,7840,train,1.1012,37.5,56.625
1,7850,train,1.0756,53.9474,39.7237
1,7850,train,1.0438,50.0,56.75
1,7860,train,1.1153,48.0263,45.1513
1,7860,train,1.2926,50.0,44.75
1,7870,train,1.0557,53.2895,38.6645
1,7870,train,1.2798,37.5,28.625
1,7880,train,1.1159,50.6579,35.5855
1,7880,train,0.8046,75.0,20.375
1,7890,train,1.0555,53.2895,35.5987
1,7890,train,0.723,75.0,38.5
1,7900,train,1.0957,52.6316,39.4276
1,7900,train,0.8097,62.5,43
1,7910,train,1.0576,57.2368,36.7632
1,7910,train,1.0073,37.5,28.5
1,7920,train,1.1693,46.0526,35.0921
1,7920,train,1.2717,37.5,29
1,7930,train,1.0938,51.3158,42.0658
1,7930,train,1.2967,50.0,41.5
1,7940,train,0.9508,57.2368,42.8355
1,7940,train,1.0974,62.5,17.125
1,7950,train,1.0421,53.9474,44.1776
1,7950,train,1.2415,25.0,42.5
1,7960,train,1.1206,51.9737,47.8421
1,7960,train,1.0622,62.5,41
1,7970,train,1.0582,50.0,48.6382
1,7970,train,1.1104,50.0,48.75
1,7980,train,1.089,54.6053,48.8026
1,7980,train,1.0903,37.5,57.625
1,7990,train,1.0873,52.6316,46.8684
1,7990,train,1.2922,62.5,49
1,8000,train,0.9553,61.1842,49.8355
1,8000,train,1.0236,75.0,53.25
1,8010,train,1.0728,53.9474,44.5789
1,8010,train,1.2654,37.5,34.625
1,8020,train,1.0122,57.8947,43.5987
1,8020,train,1.1603,37.5,49.25
1,8030,train,1.1479,46.0526,41.5789
1,8030,train,1.1145,50.0,42.125
1,8040,train,1.0103,61.8421,37.5329
1,8040,train,1.5243,12.5,41.25
1,8050,train,0.9953,57.8947,42.2303
1,8050,train,0.7187,87.5,47.25
1,8060,train,1.0142,59.2105,37.2697
1,8060,train,1.3085,50.0,33.625
1,8070,train,1.1251,54.6053,37.8158
1,8070,train,1.0437,50.0,50.5
1,8080,train,1.2184,47.3684,40.0789
1,8080,train,0.8967,62.5,49.75
1,8090,train,1.1614,50.6579,41.3158
1,8090,train,0.8294,62.5,42.125
1,8100,train,1.138,48.0263,38.4605
1,8100,train,0.8323,75.0,47.75
1,8110,train,1.0754,52.6316,33.6908
1,8110,train,1.506,25.0,33.875
1,8120,train,1.0237,57.8947,36.6053
1,8120,train,1.169,37.5,37
1,8130,train,1.0678,53.9474,41.5789
1,8130,train,1.1984,25.0,29.875
1,8140,train,1.097,51.3158,35.7303
1,8140,train,1.232,37.5,30
1,8150,train,0.9656,55.9211,38.4671
1,8150,train,1.2823,50.0,24.375
1,8160,train,1.1841,48.0263,35.8092
1,8160,train,1.016,62.5,33.625
1,8170,train,1.0209,56.5789,38.0921
1,8170,train,0.9676,50.0,41.125
1,8180,train,1.1532,44.0789,37.1513
1,8180,train,0.9535,62.5,41.5
1,8190,train,1.1566,55.9211,37.9605
1,8190,train,1.1444,37.5,42.125
1,8192,validation,1.0847,53.04,36.9224
