epoch,global step,mode,loss,accuracy,mean_length
0,0,validation,2.3707,12.74,33.7326
0,10,train,2.1776,15.0,43.9719
0,20,train,2.095,15.625,47.0312
0,30,train,2.1038,12.1875,44.9312
0,40,train,2.0922,12.5,50.2781
0,50,train,2.0529,12.1875,50.9969
0,60,train,2.0767,13.125,52.6094
0,70,train,2.0501,13.4375,55.5344
0,80,train,2.0298,16.5625,56.4281
0,90,train,2.0663,11.25,56.3656
0,100,train,2.0388,14.0625,50.8844
0,110,train,2.0453,14.6875,48.2563
0,120,train,2.0656,10.9375,51.6031
0,130,train,2.0117,15.9375,48.425
0,140,train,2.0536,14.6875,43.7031
0,150,train,2.0509,13.125,60.2125
0,160,train,2.0715,13.75,61.5094
0,170,train,2.0643,16.5625,61.6594
0,180,train,2.0595,14.6875,61.225
0,190,train,2.0674,10.9375,60.7812
0,200,train,2.0481,14.6875,59.875
0,210,train,2.0316,17.5,57.7906
0,220,train,2.0446,14.6875,55.7938
0,230,train,2.0366,16.5625,51.5969
0,240,train,2.0131,14.375,54.4781
0,250,train,1.9818,15.3125,50.8937
0,260,train,1.9944,18.4375,50.6906
0,270,train,1.9848,19.0625,50.7531
0,280,train,2.0459,10.3125,61.9031
0,290,train,2.0287,14.375,61.1094
0,300,train,2.0058,13.75,60.1281
0,310,train,2.0102,15.625,56.6313
0,320,train,1.9986,19.0625,39.95
0,330,train,1.9975,13.4375,47.0375
0,340,train,1.9889,18.75,48.5812
0,350,train,1.9931,19.0625,52.9375
0,360,train,1.9539,23.75,47.8219
0,370,train,1.9898,19.6875,43.7625
0,380,train,1.9307,24.375,42.7437
0,390,train,1.9156,23.75,43.275
0,400,train,1.9555,18.75,43.8563
0,410,train,1.9147,24.375,42.1313
0,420,train,1.9483,22.5,51.8781
0,430,train,1.967,22.8125,51.4125
0,440,train,1.9532,21.5625,46.7188
0,450,train,1.9204,22.5,34.925
0,460,train,1.9098,22.5,34.35
0,470,train,1.9549,22.5,23.8562
0,480,train,1.924,23.125,18.1031
0,490,train,1.9104,23.125,19.4875
0,500,train,1.8381,29.0625,22.1156
0,510,train,1.8427,28.125,22.3781
0,512,validation,1.7951,31.18,33.2654
0,520,train,1.8518,25.0,21.1219
0,530,train,1.8635,23.4375,18.9875
0,540,train,1.8055,28.4375,14.8969
0,550,train,1.7652,29.375,17.3969
0,560,train,1.7707,32.8125,19.825
0,570,train,1.7591,32.5,18.6562
0,580,train,1.6241,37.1875,18.375
0,590,train,1.6286,35.3125,20.9
0,600,train,1.6396,39.6875,33.2781
0,610,train,1.6214,37.1875,29.3313
0,620,train,1.5721,37.1875,22.3031
0,630,train,1.6145,36.5625,21.1562
0,640,train,1.5255,41.5625,17.9187
0,650,train,1.5223,43.125,18.9312
0,660,train,1.5336,42.8125,35.8344
0,670,train,1.5266,42.8125,44.8031
0,680,train,1.4141,46.875,49.4
0,690,train,1.5336,42.5,48.2656
0,700,train,1.4929,41.875,56.2563
0,710,train,1.4553,44.6875,59.6469
0,720,train,1.3433,49.6875,53.7969
0,730,train,1.3944,46.5625,42.8719
0,740,train,1.3707,49.375,36.5531
0,750,train,1.3654,45.3125,37.15
0,760,train,1.2639,55.9375,38.6781
0,770,train,2.0632,18.125,59.95
0,780,train,2.1704,13.4375,64
0,790,train,2.1209,14.375,64
0,800,train,2.108,13.125,64
0,810,train,2.089,12.8125,64
0,820,train,2.1011,14.375,64
0,830,train,2.0844,10.625,64
0,840,train,2.0957,11.25,64
0,850,train,2.0769,15.3125,64
0,860,train,2.101,11.875,64
0,870,train,2.0651,13.75,64
0,880,train,2.0583,13.4375,64
0,890,train,2.0656,14.0625,64
0,900,train,2.0566,15.3125,64
0,910,train,2.0533,16.5625,64
0,920,train,2.1099,14.0625,64
0,930,train,2.0804,14.6875,64
0,940,train,2.0853,13.125,64
0,950,train,2.0912,11.5625,64
0,960,train,2.0883,11.5625,64
0,970,train,2.0857,13.75,64
0,980,train,2.0644,14.0625,64
0,990,train,2.0528,14.375,64
0,1000,train,2.0575,14.0625,64
0,1010,train,2.0425,16.875,64
0,1020,train,2.0377,15.3125,64
0,1024,validation,1.9704,22.62,64
0,1030,train,1.9686,20.0,64
0,1040,train,1.9627,22.1875,64
0,1050,train,1.9654,20.625,64
0,1060,train,2.0272,20.0,64
0,1070,train,1.9418,20.9375,64
0,1080,train,1.8988,21.5625,64
0,1090,train,1.8237,21.875,64
0,1100,train,1.7921,27.8125,64
0,1110,train,1.7847,25.3125,64
0,1120,train,1.8172,27.1875,64
0,1130,train,1.7337,30.625,64
0,1140,train,1.7381,27.1875,64
0,1150,train,1.774,25.0,64
0,1160,train,1.7705,25.9375,64
0,1170,train,1.6923,29.375,64
0,1180,train,1.7112,23.75,64
0,1190,train,1.6767,30.625,64
0,1200,train,1.6788,28.75,64
0,1210,train,1.6266,40.0,64
0,1220,train,1.68,31.25,64
0,1230,train,1.6209,34.6875,64
0,1240,train,1.6183,32.1875,64
0,1250,train,1.6041,33.4375,64
0,1260,train,1.6258,28.75,64
0,1270,train,1.579,31.25,64
0,1280,train,1.6155,32.5,64
0,1290,train,1.59,34.6875,64
0,1300,train,1.6228,30.3125,64
0,1310,train,1.5398,38.75,64
0,1320,train,1.5405,36.875,64
0,1330,train,1.6095,30.0,64
0,1340,train,1.5963,33.4375,64
0,1350,train,1.535,36.5625,64
0,1360,train,1.5468,35.0,64
0,1370,train,1.4974,40.0,64
0,1380,train,1.4804,39.375,64
0,1390,train,1.4561,44.375,64
0,1400,train,1.5524,38.75,64
0,1410,train,1.5861,35.625,64
0,1420,train,1.4749,41.875,64
0,1430,train,1.4347,40.9375,64
0,1440,train,1.4785,39.0625,64
0,1450,train,1.4805,36.875,64
0,1460,train,1.6134,36.875,64
0,1470,train,1.8556,27.1875,64
0,1480,train,2.2484,11.25,64
0,1490,train,2.1534,9.6875,64
0,1500,train,2.1057,10.9375,64
0,1510,train,2.1121,12.1875,64
0,1520,train,2.0797,14.6875,64
0,1530,train,2.078,14.0625,64
0,1536,validation,2.0857,12.48,64
0,1540,train,2.0925,12.1875,64
0,1550,train,2.0905,13.125,64
0,1560,train,2.0781,11.25,64
0,1570,train,2.0669,12.8125,64
0,1580,train,2.0829,13.4375,63.8125
0,1590,train,2.0783,12.5,64
0,1600,train,2.0919,12.8125,64
0,1610,train,2.0851,10.625,64
0,1620,train,2.0775,11.5625,64
0,1630,train,2.078,15.0,64
0,1640,train,2.0786,12.8125,64
0,1650,train,2.0804,13.4375,64
0,1660,train,2.0843,12.8125,64
0,1670,train,2.0874,12.5,64
0,1680,train,2.0933,12.5,64
0,1690,train,2.0834,11.875,64
0,1700,train,2.0851,14.375,64
0,1710,train,2.0801,12.1875,64
0,1720,train,2.0863,11.25,64
0,1730,train,2.0863,10.625,64
0,1740,train,2.0808,12.5,64
0,1750,train,2.0723,11.5625,64
0,1760,train,2.076,12.5,64
0,1770,train,2.0832,11.5625,64
0,1780,train,2.08,10.9375,64
0,1790,train,2.0809,11.5625,63.8875
0,1800,train,2.0632,13.75,63.825
0,1810,train,2.0506,15.9375,64
0,1820,train,2.0232,13.75,64
0,1830,train,1.9785,23.125,63.6531
0,1840,train,1.8858,22.8125,64
0,1850,train,1.8038,31.875,63.8188
0,1860,train,1.7826,29.0625,64
0,1870,train,1.6358,33.125,64
0,1880,train,1.5332,37.1875,64
0,1890,train,1.5253,39.375,64
0,1900,train,1.5929,33.125,64
0,1910,train,1.5369,39.0625,63.8125
0,1920,train,1.4953,40.9375,63.6281
0,1930,train,1.4654,38.4375,63.5875
0,1940,train,1.4597,37.1875,63.6437
0,1950,train,1.5171,38.75,63.1156
0,1960,train,1.4334,41.875,61.3531
0,1970,train,1.3546,46.875,63.3031
0,1980,train,1.4007,41.875,64
0,1990,train,1.4016,42.8125,63.625
0,2000,train,1.5206,37.1875,64
0,2010,train,1.3837,45.625,64
0,2020,train,1.4328,39.375,64
0,2030,train,1.4452,39.0625,64
0,2040,train,1.4504,39.6875,64
0,2048,validation,1.4349,41.08,64
0,2050,train,1.4958,37.8125,64
0,2060,train,1.4665,40.0,64
0,2070,train,1.4426,37.5,64
0,2080,train,1.4484,41.5625,64
0,2090,train,1.3351,44.0625,64
0,2100,train,1.3395,48.125,64
0,2110,train,1.4253,43.4375,64
0,2120,train,1.3665,45.625,64
0,2130,train,1.4448,44.0625,64
0,2140,train,1.3365,49.375,64
0,2150,train,1.3201,43.125,64
0,2160,train,1.3519,45.0,64
0,2170,train,1.3231,45.625,64
0,2180,train,1.338,45.9375,64
0,2190,train,1.4098,41.5625,64
0,2200,train,1.3542,41.875,64
0,2210,train,1.2919,45.0,64
0,2220,train,1.4036,40.3125,64
0,2230,train,1.3482,44.6875,64
0,2240,train,1.3535,43.4375,64
0,2250,train,1.2135,51.25,64
0,2260,train,1.3068,43.125,64
0,2270,train,1.3399,45.3125,64
0,2280,train,1.2963,46.5625,64
0,2290,train,1.3336,43.75,64
0,2300,train,1.3015,44.6875,64
0,2310,train,1.2308,51.5625,64
0,2320,train,1.2801,50.3125,64
0,2330,train,1.3004,47.5,64
0,2340,train,1.227,48.4375,64
0,2350,train,1.3436,42.5,64
0,2360,train,1.2881,42.5,64
0,2370,train,1.2662,46.5625,64
0,2380,train,1.3011,46.875,64
0,2390,train,1.2552,51.25,64
0,2400,train,1.2041,52.1875,64
0,2410,train,1.2312,48.4375,64
0,2420,train,1.2493,47.1875,64
0,2430,train,1.2289,47.8125,64
0,2440,train,1.2686,45.625,64
0,2450,train,1.2597,50.0,64
0,2460,train,1.1962,55.0,64
0,2470,train,1.297,41.875,64
0,2480,train,1.1953,50.3125,64
0,2490,train,1.3208,42.1875,64
0,2500,train,1.2933,47.5,64
0,2510,train,1.2423,47.8125,64
0,2520,train,1.2968,46.5625,64
0,2530,train,1.189,48.75,64
0,2540,train,1.2046,49.6875,64
0,2550,train,1.3077,44.375,64
0,2560,train,1.2927,45.625,64
0,2560,validation,1.2143,49.0,64
0,2570,train,1.271,45.9375,64
0,2580,train,1.2501,48.4375,64
0,2590,train,1.2576,47.8125,64
0,2600,train,1.2018,49.375,64
0,2610,train,1.1921,49.375,64
0,2620,train,1.2002,48.4375,64
0,2630,train,1.2542,45.3125,64
0,2640,train,1.2501,46.5625,64
0,2650,train,1.2987,44.6875,64
0,2660,train,1.182,53.4375,64
0,2670,train,1.1637,48.125,64
0,2680,train,1.2645,49.6875,64
0,2690,train,1.1915,51.25,64
0,2700,train,1.273,46.875,64
0,2710,train,1.1858,51.5625,64
0,2720,train,1.1937,51.25,64
0,2730,train,1.3048,42.8125,64
0,2740,train,1.2252,45.625,64
0,2750,train,1.1854,54.375,64
0,2760,train,1.2279,47.1875,64
0,2770,train,1.163,53.75,64
0,2780,train,1.2784,45.9375,64
0,2790,train,1.1839,48.125,64
0,2800,train,1.0714,56.5625,64
0,2810,train,1.1738,51.5625,64
0,2820,train,1.1764,52.5,64
0,2830,train,1.159,51.875,64
0,2840,train,1.1691,50.9375,64
0,2850,train,1.1702,50.0,64
0,2860,train,1.2053,50.0,64
0,2870,train,1.1572,50.625,64
0,2880,train,1.1891,50.0,64
0,2890,train,1.2371,49.0625,64
0,2900,train,1.1602,53.4375,64
0,2910,train,1.1254,50.625,64
0,2920,train,1.0858,56.25,64
0,2930,train,1.104,52.8125,64
0,2940,train,1.063,55.0,64
0,2950,train,1.0799,52.5,64
0,2960,train,1.1359,52.8125,64
0,2970,train,1.0929,58.75,64
0,2980,train,1.1379,55.625,64
0,2990,train,1.0574,55.3125,64
0,3000,train,1.1699,50.3125,64
0,3010,train,1.141,51.25,64
0,3020,train,1.0826,59.375,64
0,3030,train,1.0466,53.75,64
0,3040,train,1.0494,60.0,64
0,3050,train,0.9713,58.4375,64
0,3060,train,1.0247,59.0625,64
0,3070,train,1.0595,57.8125,64
0,3072,validation,1.1851,50.5,64
0,3080,train,1.0341,55.9375,64
0,3090,train,0.9903,64.375,64
0,3100,train,1.0215,57.8125,64
0,3110,train,1.0191,58.4375,64
0,3120,train,1.0116,58.125,64
0,3130,train,0.9261,61.25,64
0,3140,train,1.0825,55.3125,64
0,3150,train,1.0472,56.25,64
0,3160,train,1.0315,56.5625,64
0,3170,train,0.9408,62.8125,64
0,3180,train,0.9834,58.75,64
0,3190,train,0.9348,62.1875,64
0,3200,train,1.0069,60.3125,64
0,3210,train,0.924,60.3125,64
0,3220,train,0.9769,59.0625,64
1,3230,train,1.0081,60.9375,64
1,3240,train,0.9593,58.75,64
1,3250,train,1.0131,56.25,64
1,3260,train,0.9589,60.0,64
1,3270,train,0.9081,62.8125,64
1,3280,train,1.0335,56.5625,64
1,3290,train,0.9927,57.1875,64
1,3300,train,0.9977,60.3125,64
1,3310,train,0.8895,61.25,64
1,3320,train,0.877,63.125,64
1,3330,train,0.9198,61.875,64
1,3340,train,0.9275,60.0,64
1,3350,train,0.9704,60.9375,64
1,3360,train,0.9069,63.75,64
1,3370,train,0.7865,70.0,64
1,3380,train,0.8962,63.75,64
1,3390,train,0.9191,60.9375,64
1,3400,train,0.925,65.3125,64
1,3410,train,0.9392,63.125,64
1,3420,train,0.9176,62.1875,64
1,3430,train,0.9382,61.875,64
1,3440,train,0.8524,64.375,64
1,3450,train,0.8319,64.0625,64
1,3460,train,0.8385,65.625,64
1,3470,train,0.8345,65.0,64
1,3480,train,0.8355,67.8125,64
1,3490,train,0.8761,63.4375,64
1,3500,train,0.9355,61.25,64
1,3510,train,0.8246,65.9375,64
1,3520,train,0.9226,61.5625,64
1,3530,train,0.8721,64.0625,64
1,3540,train,0.7633,68.75,64
1,3550,train,0.7714,70.625,64
1,3560,train,0.8985,62.1875,64
1,3570,train,0.8011,66.25,64
1,3580,train,0.8184,70.0,64
1,3584,validation,0.7929,68.22,64
1,3590,train,0.774,69.6875,64
1,3600,train,0.7849,67.5,64
1,3610,train,0.8755,65.0,64
1,3620,train,0.7776,66.5625,64
1,3630,train,0.8622,63.4375,64
1,3640,train,0.8821,64.6875,64
1,3650,train,0.8356,65.3125,64
1,3660,train,0.7954,68.75,64
1,3670,train,0.8267,67.5,64
1,3680,train,0.7742,67.1875,64
1,3690,train,0.7956,67.5,64
1,3700,train,0.6996,74.375,64
1,3710,train,0.7467,71.25,64
1,3720,train,0.6652,75.3125,64
1,3730,train,0.7383,70.0,64
1,3740,train,0.7359,68.4375,64
1,3750,train,0.7298,70.3125,64
1,3760,train,0.6686,75.625,64
1,3770,train,0.68,73.4375,64
1,3780,train,0.7583,71.25,64
1,3790,train,0.7415,69.375,64
1,3800,train,0.711,71.5625,64
1,3810,train,0.6353,78.75,64
1,3820,train,0.6904,72.1875,64
1,3830,train,0.7358,70.0,64
1,3840,train,0.6925,70.3125,64
1,3850,train,0.6647,76.875,64
1,3860,train,0.658,75.9375,64
1,3870,train,0.6787,76.5625,64
1,3880,train,0.6718,75.3125,64
1,3890,train,0.6586,73.125,64
1,3900,train,0.7272,70.0,64
1,3910,train,0.6953,75.625,64
1,3920,train,0.6573,73.75,64
1,3930,train,0.5957,77.1875,64
1,3940,train,0.7338,73.4375,64
1,3950,train,0.6934,72.5,64
1,3960,train,0.6373,73.125,64
1,3970,train,0.7641,68.125,64
1,3980,train,0.6572,74.0625,64
1,3990,train,0.7254,69.375,64
1,4000,train,0.7384,71.25,64
1,4010,train,0.624,74.6875,64
1,4020,train,0.6965,71.875,64
1,4030,train,0.6997,75.0,64
1,4040,train,0.6947,73.125,64
1,4050,train,0.6605,75.625,64
1,4060,train,0.6862,71.25,64
1,4070,train,0.6172,77.5,64
1,4080,train,0.6506,76.25,64
1,4090,train,0.7767,66.875,64
1,4096,validation,0.6812,73.48,64
1,4100,train,0.698,71.875,64
1,4110,train,0.5787,79.0625,64
1,4120,train,0.6002,75.9375,64
1,4130,train,0.5922,78.125,64
1,4140,train,0.6112,74.0625,64
1,4150,train,0.5597,76.875,64
1,4160,train,0.6257,73.4375,64
1,4170,train,0.5741,75.625,64
1,4180,train,0.6434,75.625,64
1,4190,train,0.584,78.125,64
1,4200,train,0.5528,78.75,64
1,4210,train,0.589,78.125,64
1,4220,train,0.5958,75.625,64
1,4230,train,0.5665,77.8125,64
1,4240,train,0.5455,80.3125,64
1,4250,train,0.5343,77.8125,64
1,4260,train,0.5006,82.5,64
1,4270,train,0.5188,79.6875,64
1,4280,train,0.6383,75.625,64
1,4290,train,0.5882,74.375,64
1,4300,train,0.609,76.875,64
1,4310,train,0.5786,77.8125,64
1,4320,train,0.5697,78.4375,64
1,4330,train,0.5559,78.75,64
1,4340,train,0.5957,75.9375,64
1,4350,train,0.6027,75.9375,64
1,4360,train,0.5521,77.8125,64
1,4370,train,0.5751,78.4375,64
1,4380,train,0.5514,80.0,64
1,4390,train,0.5899,75.9375,64
1,4400,train,0.5345,80.3125,64
1,4410,train,0.5999,75.3125,64
1,4420,train,0.6177,74.375,64
1,4430,train,0.5567,79.375,64
1,4440,train,0.6094,75.9375,64
1,4450,train,0.5744,74.0625,64
1,4460,train,0.6064,75.0,64
1,4470,train,0.5673,79.6875,64
1,4480,train,0.6013,72.1875,64
1,4490,train,0.6967,71.5625,63.3406
1,4500,train,0.8028,69.375,60.5906
1,4510,train,0.7975,65.625,58.0406
1,4520,train,0.7192,72.8125,62.2156
1,4530,train,0.8343,67.1875,61.6594
1,4540,train,0.7615,68.125,62.7812
1,4550,train,0.6131,76.875,63.6031
1,4560,train,0.5601,81.875,63.5219
1,4570,train,0.5384,78.125,63.8375
1,4580,train,0.5929,74.375,63.6063
1,4590,train,0.5621,78.75,63.3969
1,4600,train,0.6641,72.8125,62.9406
1,4608,validation,0.5787,77.68,63.8438
1,4610,train,0.5265,80.625,63.5375
1,4620,train,0.5498,77.8125,63.8219
1,4630,train,0.6373,74.6875,64
1,4640,train,0.6159,75.9375,64
1,4650,train,0.5089,80.0,64
1,4660,train,0.5307,79.0625,63.95
1,4670,train,0.6824,73.125,63.7125
1,4680,train,0.6317,74.0625,64
1,4690,train,0.6448,74.375,63.6562
1,4700,train,0.4916,79.6875,63.8906
1,4710,train,0.7126,68.125,62.6344
1,4720,train,0.8973,61.875,62.225
1,4730,train,0.7699,71.25,62.4375
1,4740,train,0.5973,78.125,62.2062
1,4750,train,0.581,78.4375,62.0781
1,4760,train,0.5799,77.5,62.2031
1,4770,train,0.5296,80.0,62.3219
1,4780,train,0.7559,67.8125,63.2687
1,4790,train,1.1059,55.0,63.4969
1,4800,train,1.2274,52.8125,63.3469
1,4810,train,1.1241,56.875,62.1187
1,4820,train,1.0976,58.75,62.0406
1,4830,train,0.9179,62.8125,64
1,4840,train,0.8745,63.4375,64
1,4850,train,0.9528,60.625,64
1,4860,train,0.9534,58.125,64
1,4870,train,0.9379,62.1875,64
1,4880,train,0.9266,65.625,64
1,4890,train,0.9748,56.875,64
1,4900,train,0.8255,66.25,64
1,4910,train,0.9523,60.3125,64
1,4920,train,1.0602,55.3125,63.8156
1,4930,train,1.0788,58.75,64
1,4940,train,1.2185,55.3125,63.8219
1,4950,train,1.0783,54.375,64
1,4960,train,1.0399,58.125,63.275
1,4970,train,0.9946,57.5,63.35
1,4980,train,0.9553,60.9375,63.3031
1,4990,train,0.7427,69.0625,63.1562
1,5000,train,0.8968,62.1875,63.2031
1,5010,train,0.801,65.9375,61.7375
1,5020,train,0.8196,67.1875,62.9469
1,5030,train,0.8328,65.9375,63.6562
1,5040,train,0.9408,60.9375,63.625
1,5050,train,0.8816,65.3125,63.8219
1,5060,train,0.8073,65.9375,63.6688
1,5070,train,0.796,68.4375,63.1063
1,5080,train,0.7536,68.75,63.275
1,5090,train,0.7475,69.0625,63.2719
1,5100,train,0.8761,63.75,62.9344
1,5110,train,1.0013,56.5625,63.6531
1,5120,train,0.8544,65.3125,63.15
1,5120,validation,0.7685,68.74,63.469
1,5130,train,0.7124,71.875,62.7969
1,5140,train,0.7988,62.5,63.8125
1,5150,train,0.8253,62.1875,63.8219
1,5160,train,0.7203,72.5,63.6688
1,5170,train,0.5963,74.375,64
1,5180,train,0.6463,75.9375,64
1,5190,train,0.7101,71.5625,63.8344
1,5200,train,0.6555,73.125,63.7188
1,5210,train,0.6262,74.6875,64
1,5220,train,0.6637,71.5625,64
1,5230,train,0.6613,74.0625,63.6594
1,5240,train,0.7503,69.375,64
1,5250,train,0.6714,72.1875,64
1,5260,train,0.7267,68.125,64
1,5270,train,0.6571,72.8125,63.8188
1,5280,train,0.7115,70.3125,64
1,5290,train,0.7349,70.3125,64
1,5300,train,0.6396,75.0,63.6469
1,5310,train,0.6031,75.0,64
1,5320,train,0.6903,72.8125,64
1,5330,train,0.7833,71.25,64
1,5340,train,0.6582,72.5,64
1,5350,train,0.6285,77.1875,63.6812
1,5360,train,0.6429,73.125,63.8875
1,5370,train,0.6512,76.25,63.6562
1,5380,train,0.6043,75.3125,63.5
1,5390,train,0.6396,74.375,63.6562
1,5400,train,0.5759,79.0625,63.3906
1,5410,train,0.5894,76.25,63.5187
1,5420,train,0.5648,75.9375,63.1594
1,5430,train,0.5496,78.75,63.8281
1,5440,train,0.6528,74.0625,63.4875
1,5450,train,0.6675,73.75,62.6063
1,5460,train,0.8413,65.9375,63.2125
1,5470,train,0.788,69.0625,62.3781
1,5480,train,0.8068,67.1875,63.3312
1,5490,train,0.765,70.625,62.5844
1,5500,train,0.7526,70.0,62.6
1,5510,train,0.9827,60.0,63.5063
1,5520,train,0.9443,62.5,63.5375
1,5530,train,0.9226,63.4375,63.8312
1,5540,train,0.9225,62.1875,63.6219
1,5550,train,0.8885,63.75,63.525
1,5560,train,0.9577,64.0625,63.6906
1,5570,train,0.8636,65.0,63.6594
1,5580,train,0.8751,66.875,63.7313
1,5590,train,0.7839,68.75,63.5438
1,5600,train,0.8092,65.3125,63.5063
1,5610,train,0.8065,66.5625,63.8344
1,5620,train,0.8211,65.3125,63.8469
1,5630,train,0.8257,67.5,63.825
1,5632,validation,0.8864,64.28,63.6496
1,5640,train,0.8784,65.9375,63.6719
1,5650,train,0.8358,66.25,63.5187
1,5660,train,0.8227,68.75,63.875
1,5670,train,0.8352,65.9375,63.1031
1,5680,train,0.843,64.375,63.5156
1,5690,train,0.8571,65.3125,63.2219
1,5700,train,0.7458,72.5,63.7
1,5710,train,0.7672,68.4375,64
1,5720,train,0.751,69.375,62.9688
1,5730,train,0.8018,66.25,62.825
1,5740,train,0.7837,67.1875,63.3563
1,5750,train,0.7729,70.0,62.2938
1,5760,train,0.7343,72.5,62.5688
1,5770,train,0.8046,66.875,63.825
1,5780,train,0.7871,67.5,63.2188
1,5790,train,0.7844,67.1875,63.1094
1,5800,train,0.7307,72.1875,63.7469
1,5810,train,0.7018,70.0,63.1781
1,5820,train,0.728,71.875,62.9156
1,5830,train,0.6645,76.5625,63.1625
1,5840,train,0.752,70.0,63.7437
1,5850,train,0.6392,74.0625,63.475
1,5860,train,0.6481,74.6875,63.8969
1,5870,train,0.7722,66.875,62.9156
1,5880,train,0.6924,69.6875,63.025
1,5890,train,0.6607,71.5625,61.8781
1,5900,train,0.6176,75.0,61.825
1,5910,train,0.7222,70.9375,62.8188
1,5920,train,0.6174,76.25,62.3188
1,5930,train,0.6716,75.3125,62.1219
1,5940,train,0.6333,73.125,62.6281
1,5950,train,0.657,73.125,62.2313
1,5960,train,0.6513,73.75,61.2094
1,5970,train,0.5751,76.5625,63.2281
1,5980,train,0.6272,73.4375,63.3531
1,5990,train,0.6529,74.375,63.5625
1,6000,train,0.5543,77.8125,63.5594
1,6010,train,0.5568,79.6875,63.7687
1,6020,train,0.5282,81.25,63.5469
1,6030,train,0.5588,75.9375,63.7656
1,6040,train,0.491,79.375,62.8156
1,6050,train,0.614,76.875,62.6
1,6060,train,0.6008,76.875,63.1844
1,6070,train,0.5054,78.125,63.5219
1,6080,train,0.5577,77.5,63.1063
1,6090,train,0.505,81.875,62.6812
1,6100,train,0.4885,80.625,62.1594
1,6110,train,0.5514,75.9375,63.05
1,6120,train,0.5225,81.25,63.0594
1,6130,train,0.4877,82.5,62.6344
1,6140,train,0.4821,79.0625,62.95
1,6144,validation,0.5741,77.44,62.7176
1,6150,train,0.5226,80.0,62.7906
1,6160,train,0.4745,85.0,62.6938
1,6170,train,0.4217,84.0625,63.0281
1,6180,train,0.5075,80.3125,61.3375
1,6190,train,0.5357,79.0625,62.9781
1,6200,train,0.6149,78.125,61.8969
1,6210,train,0.5018,79.0625,61.2625
1,6220,train,0.5527,77.8125,60.1063
1,6230,train,0.4985,82.5,61.5562
1,6240,train,0.505,81.25,61.175
1,6250,train,0.4697,81.875,60.6906
1,6260,train,0.5182,80.625,59.3531
1,6270,train,0.5006,80.9375,60.0688
1,6280,train,0.4429,82.8125,59.4188
1,6290,train,0.4295,84.375,58.85
1,6300,train,0.5395,80.0,55.2969
1,6310,train,0.5162,79.0625,56.4969
1,6320,train,0.504,79.375,57.2656
1,6330,train,0.3869,86.5625,58.4906
1,6340,train,0.4754,81.5625,56.8125
1,6350,train,0.5342,78.4375,54.8875
1,6360,train,0.5368,79.6875,56.3281
1,6370,train,0.5592,77.8125,59.2563
1,6380,train,0.4346,82.5,57.9719
1,6390,train,0.4629,81.5625,60.5219
1,6400,train,0.461,84.6875,59.9594
1,6410,train,0.4553,83.75,59.9656
1,6420,train,0.4168,84.6875,58.25
1,6430,train,0.4435,84.0625,61.0375
1,6440,train,0.4599,81.25,61.8469
1,6450,train,0.5353,79.375,61.5031
2,6460,train,0.4641,82.5,60.3375
2,6470,train,0.5222,77.8125,61.4438
2,6480,train,0.5014,79.375,62.5719
2,6490,train,0.3911,85.9375,63.3062
2,6500,train,0.4305,84.375,63.8531
2,6510,train,0.5054,81.875,63.4937
2,6520,train,0.4972,83.75,63.6375
2,6530,train,0.4723,80.9375,63.4844
2,6540,train,0.5682,79.375,63.8156
2,6550,train,0.555,79.375,63.6437
2,6560,train,0.4799,81.5625,62.9438
2,6570,train,0.506,80.625,63.5219
2,6580,train,0.4876,83.125,63.425
2,6590,train,0.4787,83.125,63.4781
2,6600,train,0.4969,81.5625,63.0906
2,6610,train,0.467,80.3125,62.9781
2,6620,train,0.422,83.125,63.8438
2,6630,train,0.4612,83.125,63.525
2,6640,train,0.5218,80.3125,63.6437
2,6650,train,0.5069,79.6875,62.8531
2,6656,validation,0.4099,84.3,63.5116
2,6660,train,0.4747,84.375,63.4469
2,6670,train,0.4126,83.125,63.7031
2,6680,train,0.4284,82.8125,63.4031
2,6690,train,0.4103,85.0,63.65
2,6700,train,0.4236,83.125,63.675
2,6710,train,0.4315,85.625,62.9438
2,6720,train,0.3993,85.9375,63.2281
2,6730,train,0.371,85.625,62.7938
2,6740,train,0.3892,85.3125,63.3156
2,6750,train,0.4664,79.375,63.5125
2,6760,train,0.4698,81.25,63.15
2,6770,train,0.4016,84.6875,63.6625
2,6780,train,0.41,85.625,63.6531
2,6790,train,0.3883,85.9375,63.3094
2,6800,train,0.3859,85.0,63.6562
2,6810,train,0.4199,83.4375,63.4844
2,6820,train,0.4085,85.0,63.4844
2,6830,train,0.4308,82.8125,63.8188
2,6840,train,0.3556,86.875,63.6625
2,6850,train,0.3617,85.0,63.3
2,6860,train,0.4746,81.875,63.2875
2,6870,train,0.3692,85.3125,63.4594
2,6880,train,0.3895,86.25,63.0969
2,6890,train,0.3145,88.75,63.8406
2,6900,train,0.4036,84.375,63.5094
2,6910,train,0.3772,85.3125,63.4656
2,6920,train,0.4297,83.125,64
2,6930,train,0.4497,82.5,64
2,6940,train,0.4166,82.8125,64
2,6950,train,0.3193,89.375,64
2,6960,train,0.3671,85.9375,64
2,6970,train,0.3671,86.5625,64
2,6980,train,0.4025,84.6875,64
2,6990,train,0.4091,85.0,64
2,7000,train,0.4963,79.6875,64
2,7010,train,0.3773,85.9375,63.65
2,7020,train,0.4426,83.4375,64
2,7030,train,0.4237,85.0,63.8406
2,7040,train,0.4121,84.375,64
2,7050,train,0.4427,83.125,64
2,7060,train,0.3862,84.375,63.8219
2,7070,train,0.427,84.0625,64
2,7080,train,0.3959,85.3125,64
2,7090,train,0.4111,82.8125,63.6531
2,7100,train,0.3257,88.4375,64
2,7110,train,0.4359,82.5,64
2,7120,train,0.4086,85.3125,64
2,7130,train,0.3826,86.5625,63.8188
2,7140,train,0.3518,87.5,64
2,7150,train,0.4761,81.875,63.8312
2,7160,train,0.4165,83.4375,64
2,7168,validation,0.3849,84.74,63.9018
2,7170,train,0.35,85.9375,63.6437
2,7180,train,0.4202,82.5,63.8219
2,7190,train,0.3804,83.125,64
2,7200,train,0.3561,86.875,64
2,7210,train,0.4838,82.1875,64
2,7220,train,0.3643,86.875,64
2,7230,train,0.4457,81.875,63.65
2,7240,train,0.3541,84.6875,63.8344
2,7250,train,0.3333,85.625,63.4688
2,7260,train,0.3377,87.1875,63.8563
2,7270,train,0.4445,85.3125,64
2,7280,train,0.4222,84.375,63.6406
2,7290,train,0.3953,86.5625,63.7
2,7300,train,0.3976,84.0625,63.8188
2,7310,train,0.3841,83.4375,63.8188
2,7320,train,0.3968,86.875,63.8344
2,7330,train,0.378,86.5625,63.825
2,7340,train,0.3701,85.3125,63.4594
2,7350,train,0.2878,91.875,63.6406
2,7360,train,0.3692,85.0,63.3469
2,7370,train,0.348,87.5,63.3281
2,7380,train,0.3534,87.8125,63.6875
2,7390,train,0.3581,84.6875,63.5656
2,7400,train,0.3173,88.4375,63.6406
2,7410,train,0.4161,81.875,63.6281
2,7420,train,0.3939,84.375,63.8469
2,7430,train,0.3438,86.875,63.1906
2,7440,train,0.3695,87.1875,63.6219
2,7450,train,0.3565,86.875,63.5094
2,7460,train,0.4288,83.4375,63.3188
2,7470,train,0.4282,83.125,63.8312
2,7480,train,0.3747,84.0625,63.6469
2,7490,train,0.3458,87.8125,63.6469
2,7500,train,0.3432,87.5,63.6594
2,7510,train,0.3188,88.4375,64
2,7520,train,0.2945,89.375,63.6625
2,7530,train,0.3578,87.8125,63.8188
2,7540,train,0.3419,85.3125,63.6812
2,7550,train,0.2884,87.1875,63.4719
2,7560,train,0.3338,88.125,63.85
2,7570,train,0.3704,85.3125,64
2,7580,train,0.348,86.875,63.825
2,7590,train,0.3809,84.0625,63.1156
2,7600,train,0.2939,87.8125,62.8375
2,7610,train,0.3896,85.0,62.9156
2,7620,train,0.3519,86.25,62.9375
2,7630,train,0.3423,87.8125,62.2594
2,7640,train,0.4317,84.375,61.925
2,7650,train,0.3893,85.9375,62.8687
2,7660,train,0.4119,84.0625,61.7906
2,7670,train,0.3607,86.5625,61.8438
2,7680,train,0.3489,86.5625,63.075
2,7680,validation,0.3774,85.74,63.1276
2,7690,train,0.3749,87.5,62.1844
2,7700,train,0.3625,84.375,62.625
2,7710,train,0.3646,86.5625,62.7219
2,7720,train,0.3502,85.9375,62.5406
2,7730,train,0.2985,89.375,62.5969
2,7740,train,0.3342,88.4375,62.35
2,7750,train,0.3325,87.5,62.275
2,7760,train,0.3866,84.0625,61.6281
2,7770,train,0.36,87.5,62.5031
2,7780,train,0.3253,88.75,62.6906
2,7790,train,0.3447,88.75,62.7687
2,7800,train,0.2913,88.75,62.6938
2,7810,train,0.3104,86.875,62.5094
2,7820,train,0.378,84.375,63.1031
2,7830,train,0.3455,88.125,61.7875
2,7840,train,0.3199,85.0,63.0906
2,7850,train,0.4226,83.4375,62.1906
2,7860,train,0.3299,87.5,61.5688
2,7870,train,0.3705,87.8125,62.6875
2,7880,train,0.3416,84.6875,62.8312
2,7890,train,0.3413,85.625,62.3
2,7900,train,0.277,90.9375,63.1969
2,7910,train,0.3237,88.4375,61.8813
2,7920,train,0.3517,86.5625,62.1625
2,7930,train,0.347,85.0,62.45
2,7940,train,0.2857,89.375,62.8469
2,7950,train,0.3377,85.9375,62.2375
2,7960,train,0.367,85.3125,62.3438
2,7970,train,0.3884,84.6875,62.3844
2,7980,train,0.3559,89.0625,62.8125
2,7990,train,0.3686,87.8125,62.15
2,8000,train,0.3719,88.75,62.1313
2,8010,train,0.384,85.9375,63.1938
2,8020,train,0.4856,81.25,63.7062
2,8030,train,0.3864,86.5625,63.8656
2,8040,train,0.3736,87.1875,63.9031
2,8050,train,0.3602,86.5625,63.7625
2,8060,train,0.4364,83.125,63.8719
2,8070,train,0.4126,83.75,63.6531
2,8080,train,0.3832,83.125,63.7125
2,8090,train,0.3717,85.3125,64
2,8100,train,0.3392,86.875,63.6844
2,8110,train,0.35,86.5625,64
2,8120,train,0.3631,86.875,63.9094
2,8130,train,0.3766,84.375,63.9875
2,8140,train,0.4105,84.6875,64
2,8150,train,0.3376,88.4375,64
2,8160,train,0.3341,87.5,64
2,8170,train,0.3248,88.75,63.9406
2,8180,train,0.4241,83.4375,63.8656
2,8190,train,0.3631,86.25,63.8375
