epoch,global step,mode,loss,accuracy,mean_length
0,0,validation,2.5007,12.38,53.3506
0,10,train,2.4211,17.8125,20.8281
0,20,train,2.4219,16.25,8.1062
0,30,train,2.4239,12.8125,8.0813
0,40,train,2.3075,12.1875,13.5281
0,50,train,2.2265,13.4375,17.0813
0,60,train,2.2491,9.375,8.625
0,70,train,2.2236,12.8125,5.625
0,80,train,2.177,13.125,15.2562
0,90,train,2.2222,11.5625,36.1875
0,100,train,2.1299,12.1875,40.6125
0,110,train,2.1069,12.5,38.0125
0,120,train,2.1414,11.875,34.9344
0,130,train,2.0955,12.8125,34.15
0,140,train,2.0972,12.5,33.3563
0,150,train,2.1123,11.25,35.4688
0,160,train,2.1139,11.875,34.3875
0,170,train,2.0919,13.75,33.8094
0,180,train,2.0823,13.75,35.525
0,190,train,2.098,12.1875,35.7219
0,200,train,2.0904,13.75,35.2188
0,210,train,2.0649,14.375,39.2875
0,220,train,2.0838,12.5,36.6437
0,230,train,2.1051,11.25,40.1688
0,240,train,2.0813,11.875,40.275
0,250,train,2.067,12.8125,40.3062
0,260,train,2.0645,12.5,42.825
0,270,train,2.0725,12.1875,43.05
0,280,train,2.0689,12.1875,44.4375
0,290,train,2.0584,11.25,47.575
0,300,train,2.0829,9.375,48.0094
0,310,train,2.061,11.875,46.7375
0,320,train,2.0355,12.1875,46.8469
0,330,train,2.0604,12.5,47.9469
0,340,train,2.0475,10.9375,46.625
0,350,train,2.0518,12.1875,48.0969
0,360,train,2.069,13.4375,48.7
0,370,train,2.0674,11.5625,50.5406
0,380,train,2.0596,12.1875,50.2031
0,390,train,2.0502,13.4375,49.6562
0,400,train,2.0728,9.0625,50.0125
0,410,train,2.0523,12.5,48.6031
0,420,train,2.0629,11.25,50.4781
0,430,train,2.0484,13.125,50.9469
0,440,train,2.0481,11.875,53.1781
0,450,train,2.0561,10.625,55.4031
0,460,train,2.0613,10.625,59.9469
0,470,train,2.0582,12.8125,60.1406
0,480,train,2.0444,13.4375,58.5719
0,490,train,2.0148,12.5,60.5719
0,500,train,1.9554,17.8125,57.5063
0,510,train,2.0435,13.4375,58.8563
0,512,validation,2.0706,13.28,63.8346
0,520,train,2.0749,9.375,63.5938
0,530,train,2.0825,5.9375,63.9656
0,540,train,2.0771,14.0625,63.6938
0,550,train,2.0662,11.5625,63.1125
0,560,train,2.0435,12.1875,61.65
0,570,train,1.9898,12.8125,57.2687
0,580,train,2.004,14.0625,62.0594
0,590,train,2.0048,12.5,63.4562
0,600,train,2.0196,11.5625,63.9219
0,610,train,2.0513,9.375,63.9906
0,620,train,1.9691,15.625,63.9219
0,630,train,2.0053,12.1875,64
0,640,train,2.0192,12.5,64
0,650,train,2.054,11.25,64
0,660,train,2.0725,11.875,64
0,670,train,2.0685,11.5625,64
0,680,train,2.0702,15.3125,64
0,690,train,2.0819,10.9375,64
0,700,train,2.0776,13.75,64
0,710,train,2.0736,10.625,64
0,720,train,2.0727,10.625,64
0,730,train,1.9944,15.0,63.9094
0,740,train,1.9735,13.75,62.9094
0,750,train,1.9942,12.8125,62.6844
0,760,train,1.9338,14.375,63.9625
0,770,train,1.9634,10.9375,64
0,780,train,1.9233,13.125,64
0,790,train,1.9304,16.25,64
0,800,train,1.8503,19.0625,63.8062
0,810,train,1.9446,12.5,64
0,820,train,1.8863,18.75,63.9219
0,830,train,1.8559,21.25,63.9281
0,840,train,1.9573,19.0625,64
0,850,train,1.9421,20.9375,63.8719
0,860,train,1.9321,17.1875,63.9813
0,870,train,1.8316,21.25,64
0,880,train,1.9095,19.0625,64
0,890,train,1.8559,23.4375,63.8875
0,900,train,1.7762,25.625,63.7906
0,910,train,1.7641,25.625,63.9594
0,920,train,1.8095,26.875,64
0,930,train,1.8443,25.625,63.8219
0,940,train,1.8358,28.4375,63.9188
0,950,train,1.8278,29.375,64
0,960,train,1.7421,33.75,63.5406
0,970,train,1.7223,27.1875,63.7406
0,980,train,1.6153,34.0625,63.8594
0,990,train,1.5568,37.8125,62.4375
0,1000,train,1.6706,35.9375,63.1031
0,1010,train,1.5883,41.5625,64
0,1020,train,1.524,43.125,64
0,1024,validation,1.4888,42.86,63.9936
0,1030,train,1.459,42.5,64
0,1040,train,1.4912,40.625,64
0,1050,train,1.5297,39.375,64
0,1060,train,1.5762,39.375,64
0,1070,train,1.418,44.6875,64
0,1080,train,1.442,45.9375,63.9719
0,1090,train,1.4124,46.25,63.1594
0,1100,train,1.3485,46.5625,63.3344
0,1110,train,1.3321,50.9375,59.6875
0,1120,train,1.4544,40.3125,63.1969
0,1130,train,1.4961,41.875,63.9406
0,1140,train,1.4411,47.1875,62.9937
0,1150,train,1.3616,45.0,61.5187
0,1160,train,1.2467,55.625,61.325
0,1170,train,1.298,53.75,60.5344
0,1180,train,1.3211,48.125,62.3844
0,1190,train,1.3092,48.75,58.9969
0,1200,train,1.2695,50.9375,58.8469
0,1210,train,1.4656,44.0625,55.9688
0,1220,train,1.5802,41.25,47.4625
0,1230,train,1.4151,43.125,54.6
0,1240,train,1.3539,46.5625,55.475
0,1250,train,1.4161,42.1875,49.3906
0,1260,train,1.325,48.4375,50.8062
0,1270,train,1.3493,47.5,51.5156
0,1280,train,1.23,55.3125,54.2281
0,1290,train,1.3845,49.375,53.2
0,1300,train,1.3233,49.0625,59.8281
0,1310,train,1.1318,60.0,62.5938
0,1320,train,1.1469,56.25,61.5406
0,1330,train,1.2272,54.375,62.1875
0,1340,train,1.1513,55.0,63.3531
0,1350,train,1.1706,54.375,63.6531
0,1360,train,1.1875,50.3125,63.4031
0,1370,train,1.1568,57.1875,63.9156
0,1380,train,1.3136,50.625,64
0,1390,train,1.1647,57.1875,63.6375
0,1400,train,1.1052,58.125,62.6938
0,1410,train,1.186,51.5625,62.0656
0,1420,train,1.1207,55.3125,63.1656
0,1430,train,1.0623,59.6875,63.8563
0,1440,train,1.07,59.0625,63.5719
0,1450,train,1.1104,57.5,62.2969
0,1460,train,1.0442,59.6875,62.7719
0,1470,train,1.22,48.125,62.1125
0,1480,train,1.2463,47.5,63.8531
0,1490,train,1.0952,56.875,64
0,1500,train,1.1247,50.9375,63.8625
0,1510,train,1.1246,52.1875,63.4406
0,1520,train,1.1004,56.875,63.025
0,1530,train,1.037,57.1875,62.5063
0,1536,validation,1.0877,58.76,63.4488
0,1540,train,1.0805,58.125,62.4562
0,1550,train,1.0692,57.5,61.7656
0,1560,train,1.0635,59.375,60.9688
0,1570,train,0.9276,62.1875,60.7875
0,1580,train,0.9257,63.125,59.7875
0,1590,train,1.0936,60.9375,59.1812
0,1600,train,1.0399,59.6875,58.7906
0,1610,train,1.0775,58.125,55.5781
0,1620,train,1.0432,60.0,56.2594
0,1630,train,1.1457,56.875,58.2625
0,1640,train,1.0444,59.375,59.2219
0,1650,train,0.9416,64.0625,59.95
0,1660,train,1.0761,57.8125,62.2344
0,1670,train,1.1518,51.25,62.7969
0,1680,train,0.9931,60.0,62.3
0,1690,train,1.1141,53.4375,62.1906
0,1700,train,1.0419,61.875,62.8969
0,1710,train,0.9605,63.75,61.9969
0,1720,train,0.9711,64.0625,62.85
0,1730,train,1.0701,59.0625,63.4406
0,1740,train,1.0184,64.6875,63.6313
0,1750,train,1.0284,58.75,64
0,1760,train,1.1229,59.375,64
0,1770,train,1.1393,55.3125,63.8719
0,1780,train,1.2494,50.625,63.9031
0,1790,train,1.1282,56.5625,63.8469
0,1800,train,1.0624,61.25,63.8813
0,1810,train,0.981,63.125,63.6844
0,1820,train,0.8986,66.875,63.4906
0,1830,train,0.9145,65.0,61.8813
0,1840,train,0.9074,66.25,61.7188
0,1850,train,0.9167,65.625,62.425
0,1860,train,0.9206,65.0,63.9375
0,1870,train,1.0158,59.6875,63.9969
0,1880,train,1.0339,58.75,64
0,1890,train,0.8749,64.6875,64
0,1900,train,0.9655,63.4375,64
0,1910,train,1.0423,59.375,64
0,1920,train,0.9984,64.375,64
0,1930,train,1.0238,57.8125,64
0,1940,train,0.8413,68.4375,64
0,1950,train,0.8456,69.375,64
0,1960,train,0.8159,68.75,64
0,1970,train,0.694,76.875,64
0,1980,train,0.8916,66.25,64
0,1990,train,0.7887,71.25,64
0,2000,train,0.9035,66.5625,64
0,2010,train,0.9147,65.9375,64
0,2020,train,0.9897,61.875,64
0,2030,train,0.8601,64.6875,64
0,2040,train,0.8373,67.1875,64
0,2048,validation,0.8723,66.46,63.991
0,2050,train,0.7458,72.1875,64
0,2060,train,0.765,70.0,64
0,2070,train,0.6976,77.5,64
0,2080,train,0.7701,69.6875,64
0,2090,train,0.7129,76.25,63.8
0,2100,train,0.6326,76.25,64
0,2110,train,0.6723,75.625,64
0,2120,train,0.6086,78.75,63.8875
0,2130,train,0.7136,72.5,64
0,2140,train,0.6071,78.125,64
0,2150,train,0.6166,75.3125,64
0,2160,train,0.7229,76.25,64
0,2170,train,0.615,79.0625,64
0,2180,train,0.6638,75.9375,64
0,2190,train,0.6751,73.125,64
0,2200,train,0.6665,74.375,64
0,2210,train,0.6207,74.6875,63.8875
0,2220,train,0.6526,75.0,63.9562
0,2230,train,0.6528,75.9375,64
0,2240,train,0.5739,78.125,64
0,2250,train,0.5569,80.3125,64
0,2260,train,0.6421,76.25,64
0,2270,train,0.7592,69.6875,64
0,2280,train,0.6096,78.125,64
0,2290,train,0.7188,72.1875,64
0,2300,train,0.5238,82.8125,64
0,2310,train,0.5329,80.3125,64
0,2320,train,0.5532,78.4375,64
0,2330,train,0.5119,81.5625,64
0,2340,train,0.5075,83.125,63.9813
0,2350,train,0.4977,84.6875,64
0,2360,train,0.5755,75.625,64
0,2370,train,0.5258,84.6875,64
0,2380,train,0.6053,75.3125,64
0,2390,train,0.587,77.1875,64
0,2400,train,0.4808,84.6875,64
0,2410,train,0.5467,79.6875,64
0,2420,train,0.5137,79.6875,64
0,2430,train,0.6425,74.6875,64
0,2440,train,0.5895,78.125,63.95
0,2450,train,0.552,79.6875,64
0,2460,train,0.5146,82.1875,64
0,2470,train,0.4759,83.75,64
0,2480,train,0.5536,78.75,63.9875
0,2490,train,0.4929,81.875,64
0,2500,train,0.5496,79.6875,64
0,2510,train,0.5766,79.6875,64
0,2520,train,0.603,78.4375,64
0,2530,train,0.6318,75.3125,64
0,2540,train,0.4851,83.125,64
0,2550,train,0.5409,78.125,64
0,2560,train,0.6104,78.125,64
0,2560,validation,0.6813,75.58,63.997
0,2570,train,0.4829,84.0625,64
0,2580,train,0.576,78.75,63.8156
0,2590,train,0.5448,80.9375,64
0,2600,train,0.4948,81.25,64
0,2610,train,0.4901,82.1875,64
0,2620,train,0.5245,81.875,63.9813
0,2630,train,0.5005,81.25,64
0,2640,train,0.615,77.8125,64
0,2650,train,0.6407,76.875,64
0,2660,train,0.4653,83.75,63.8563
0,2670,train,0.4592,82.5,64
0,2680,train,0.4431,83.125,64
0,2690,train,0.4992,82.8125,64
0,2700,train,0.4934,82.1875,64
0,2710,train,0.4192,84.6875,64
0,2720,train,0.3812,87.5,63.975
0,2730,train,0.4714,83.75,63.875
0,2740,train,0.5108,83.125,64
0,2750,train,0.4419,83.75,64
0,2760,train,0.4666,84.375,64
0,2770,train,0.523,80.0,64
0,2780,train,0.5149,79.0625,64
0,2790,train,0.4487,87.1875,64
0,2800,train,0.4692,82.1875,64
0,2810,train,0.429,85.0,64
0,2820,train,0.3855,89.0625,64
0,2830,train,0.4333,81.875,64
0,2840,train,0.4069,84.375,64
0,2850,train,0.3959,85.3125,64
0,2860,train,0.4398,84.6875,64
0,2870,train,0.3486,87.1875,63.8469
0,2880,train,0.4142,85.625,64
0,2890,train,0.4311,85.625,63.8344
0,2900,train,0.4256,86.25,63.9531
0,2910,train,0.453,82.8125,63.9062
0,2920,train,0.4315,84.6875,64
0,2930,train,0.3926,88.75,64
0,2940,train,0.4482,82.8125,63.9406
0,2950,train,0.4153,85.3125,64
0,2960,train,0.4098,85.3125,64
0,2970,train,0.4687,85.3125,64
0,2980,train,0.3043,90.3125,64
0,2990,train,0.3777,86.875,64
0,3000,train,0.3629,86.875,64
0,3010,train,0.433,85.0,64
0,3020,train,0.4647,83.4375,64
0,3030,train,0.3596,86.25,64
0,3040,train,0.4552,84.6875,64
0,3050,train,0.3089,91.5625,63.9312
0,3060,train,0.404,84.6875,64
0,3070,train,0.3929,85.625,63.8937
0,3072,validation,0.5097,81.7,63.9934
0,3080,train,0.4223,82.8125,63.925
0,3090,train,0.389,84.6875,64
0,3100,train,0.5123,82.1875,64
0,3110,train,0.4013,86.5625,63.8937
0,3120,train,0.4191,85.3125,63.825
0,3130,train,0.4013,85.3125,64
0,3140,train,0.3902,87.8125,64
0,3150,train,0.2992,90.0,64
0,3160,train,0.333,86.5625,63.9344
0,3170,train,0.3717,87.1875,63.8563
0,3180,train,0.3692,86.875,64
0,3190,train,0.3423,88.125,64
0,3200,train,0.4033,84.375,64
0,3210,train,0.3614,85.625,64
0,3220,train,0.374,86.5625,64
1,3230,train,0.3894,85.3125,64
1,3240,train,0.3398,85.9375,64
1,3250,train,0.3824,87.1875,64
1,3260,train,0.3705,88.4375,63.9937
1,3270,train,0.3297,89.6875,63.9594
1,3280,train,0.3892,86.875,64
1,3290,train,0.4208,83.125,63.95
1,3300,train,0.3773,86.875,63.8594
1,3310,train,0.3371,90.0,64
1,3320,train,0.374,86.25,63.7781
1,3330,train,0.3443,87.5,64
1,3340,train,0.3292,87.5,63.275
1,3350,train,0.3566,84.6875,64
1,3360,train,0.2747,91.875,64
1,3370,train,0.3538,86.25,63.9312
1,3380,train,0.418,85.0,64
1,3390,train,0.3785,84.375,64
1,3400,train,0.3723,88.75,64
1,3410,train,0.3669,88.4375,64
1,3420,train,0.3289,88.125,64
1,3430,train,0.3941,87.5,64
1,3440,train,0.3314,89.0625,64
1,3450,train,0.3794,86.25,64
1,3460,train,0.3971,85.9375,64
1,3470,train,0.3511,86.5625,64
1,3480,train,0.365,87.1875,63.9188
1,3490,train,0.3882,84.6875,64
1,3500,train,0.3683,87.8125,63.9281
1,3510,train,0.335,89.375,64
1,3520,train,0.3527,86.25,64
1,3530,train,0.3019,89.375,64
1,3540,train,0.308,89.6875,64
1,3550,train,0.278,90.3125,64
1,3560,train,0.2926,89.6875,64
1,3570,train,0.2594,92.8125,64
1,3580,train,0.2897,89.6875,64
1,3584,validation,0.3343,87.62,64
1,3590,train,0.2316,90.625,64
1,3600,train,0.2737,89.375,64
1,3610,train,0.311,88.125,64
1,3620,train,0.3574,86.875,64
1,3630,train,0.3589,86.875,64
1,3640,train,0.3404,88.75,64
1,3650,train,0.3066,89.375,64
1,3660,train,0.2496,92.8125,64
1,3670,train,0.2918,90.0,64
1,3680,train,0.2849,88.75,64
1,3690,train,0.2496,90.9375,64
1,3700,train,0.2753,90.3125,64
1,3710,train,0.2988,87.5,64
1,3720,train,0.277,88.4375,64
1,3730,train,0.4734,82.1875,64
1,3740,train,0.5231,81.25,64
1,3750,train,0.4119,84.375,64
1,3760,train,0.4423,82.1875,64
1,3770,train,0.2968,89.6875,64
1,3780,train,0.3568,88.75,64
1,3790,train,0.3356,89.0625,64
1,3800,train,0.3919,84.375,64
1,3810,train,0.3381,88.125,64
1,3820,train,0.3019,89.375,64
1,3830,train,0.3218,89.0625,64
1,3840,train,0.3461,87.8125,64
1,3850,train,0.3554,85.3125,64
1,3860,train,0.2823,91.25,64
1,3870,train,0.2852,90.625,64
1,3880,train,0.3087,90.3125,64
1,3890,train,0.2983,87.1875,64
1,3900,train,0.2651,91.5625,64
1,3910,train,0.2508,91.5625,64
1,3920,train,0.2819,87.8125,64
1,3930,train,0.304,87.1875,64
1,3940,train,0.304,88.75,64
1,3950,train,0.3334,90.0,64
1,3960,train,0.4118,84.0625,64
1,3970,train,0.3528,87.8125,64
1,3980,train,0.3662,84.6875,64
1,3990,train,0.3096,88.75,64
1,4000,train,0.3596,86.25,64
1,4010,train,0.3197,89.0625,64
1,4020,train,0.279,91.25,64
1,4030,train,0.2546,91.25,64
1,4040,train,0.2414,90.625,64
1,4050,train,0.2487,91.5625,64
1,4060,train,0.3374,88.125,64
1,4070,train,0.2546,90.9375,63.9406
1,4080,train,0.3948,86.875,64
1,4090,train,0.4323,86.875,63.8156
1,4096,validation,0.665,76.82,63.7646
1,4100,train,0.5298,80.3125,63.3937
1,4110,train,0.6032,77.8125,63.1063
1,4120,train,0.5894,78.125,63.4531
1,4130,train,0.6341,76.875,63.375
1,4140,train,0.7576,72.1875,63.775
1,4150,train,0.6788,73.4375,63.8875
1,4160,train,0.8388,69.375,64
1,4170,train,0.5379,81.25,63.2469
1,4180,train,0.5311,81.25,62.5312
1,4190,train,0.5327,80.625,62.0187
1,4200,train,0.4506,82.8125,62.8125
1,4210,train,0.4335,84.6875,63.2625
1,4220,train,0.3957,85.625,63.8344
1,4230,train,0.4067,83.75,63.8156
1,4240,train,0.3315,85.3125,64
1,4250,train,0.4036,88.125,64
1,4260,train,0.3635,89.375,62.9
1,4270,train,0.4569,85.625,61.4656
1,4280,train,0.5249,81.5625,62.0875
1,4290,train,0.4381,82.1875,61.9
1,4300,train,0.4087,84.6875,61.7031
1,4310,train,0.4201,83.125,62.1812
1,4320,train,0.5136,83.125,62.1094
1,4330,train,0.3406,86.5625,63.1875
1,4340,train,0.3658,87.1875,63.4844
1,4350,train,0.363,86.25,63.1313
1,4360,train,0.3254,86.875,63.4625
1,4370,train,0.3379,88.4375,63.7
1,4380,train,0.361,85.625,63.8406
1,4390,train,0.342,85.9375,63.8094
1,4400,train,0.3331,88.75,64
1,4410,train,0.3678,85.3125,64
1,4420,train,0.419,84.6875,64
1,4430,train,0.4213,86.5625,64
1,4440,train,0.3992,86.5625,64
1,4450,train,0.3715,86.5625,64
1,4460,train,0.2694,92.8125,64
1,4470,train,0.2656,89.375,64
1,4480,train,0.3329,87.1875,64
1,4490,train,0.3127,88.4375,64
1,4500,train,0.3182,89.0625,64
1,4510,train,0.2959,89.0625,64
1,4520,train,0.2817,89.0625,64
1,4530,train,0.3077,89.6875,64
1,4540,train,0.3146,88.125,64
1,4550,train,0.3266,89.375,64
1,4560,train,0.2948,87.1875,64
1,4570,train,0.383,84.6875,64
1,4580,train,0.3553,85.3125,64
1,4590,train,0.3409,86.875,64
1,4600,train,0.2746,88.125,64
1,4608,validation,0.3229,88.3,64
1,4610,train,0.3023,89.375,64
1,4620,train,0.2337,91.5625,64
1,4630,train,0.2771,89.375,64
1,4640,train,0.2616,91.25,64
1,4650,train,0.2734,89.0625,64
1,4660,train,0.2737,90.9375,64
1,4670,train,0.2753,90.3125,64
1,4680,train,0.2768,91.875,64
1,4690,train,0.3876,85.9375,64
1,4700,train,0.3061,89.0625,64
1,4710,train,0.3674,86.25,64
1,4720,train,0.3598,86.5625,64
1,4730,train,0.3106,89.0625,64
1,4740,train,0.2303,91.5625,64
1,4750,train,0.201,93.75,64
1,4760,train,0.1996,91.5625,64
1,4770,train,0.2297,92.1875,64
1,4780,train,0.2802,89.6875,64
1,4790,train,0.3349,89.0625,64
1,4800,train,0.3273,91.5625,64
1,4810,train,0.2659,91.875,64
1,4820,train,0.3078,90.0,64
1,4830,train,0.2742,87.8125,64
1,4840,train,0.2351,91.25,64
1,4850,train,0.3017,88.4375,64
1,4860,train,0.2684,90.3125,64
1,4870,train,0.2543,91.5625,64
1,4880,train,0.2665,90.625,64
1,4890,train,0.3065,89.0625,64
1,4900,train,0.2712,90.3125,64
1,4910,train,0.2956,89.0625,64
1,4920,train,0.288,90.0,64
1,4930,train,0.2087,93.75,64
1,4940,train,0.2356,92.8125,64
1,4950,train,0.2624,88.75,64
1,4960,train,0.2774,91.25,64
1,4970,train,0.3107,89.6875,64
1,4980,train,0.3988,87.1875,64
1,4990,train,0.396,85.0,64
1,5000,train,0.36,86.875,64
1,5010,train,0.438,84.375,64
1,5020,train,0.3239,88.75,64
1,5030,train,0.2448,92.5,64
1,5040,train,0.2998,87.5,64
1,5050,train,0.2703,92.1875,64
1,5060,train,0.2501,91.875,64
1,5070,train,0.2248,93.125,64
1,5080,train,0.2589,92.1875,64
1,5090,train,0.269,90.625,64
1,5100,train,0.2422,91.5625,64
1,5110,train,0.221,93.125,64
1,5120,train,0.2907,90.9375,64
1,5120,validation,0.2973,89.04,63.9758
1,5130,train,0.2664,93.4375,64
1,5140,train,0.2249,91.875,64
1,5150,train,0.2455,90.0,64
1,5160,train,0.218,93.125,64
1,5170,train,0.235,91.25,64
1,5180,train,0.2559,90.3125,64
1,5190,train,0.207,93.125,64
1,5200,train,0.2067,93.125,64
1,5210,train,0.1941,92.5,64
1,5220,train,0.2594,89.6875,64
1,5230,train,0.3067,87.8125,64
1,5240,train,0.2491,90.9375,64
1,5250,train,0.2493,91.875,64
1,5260,train,0.1979,93.4375,64
1,5270,train,0.1934,92.5,64
1,5280,train,0.2221,92.5,64
1,5290,train,0.2203,92.5,64
1,5300,train,0.2068,91.875,64
1,5310,train,0.1892,94.0625,64
1,5320,train,0.1872,94.0625,64
1,5330,train,0.2179,92.1875,64
1,5340,train,0.2805,90.0,64
1,5350,train,0.2006,93.75,64
1,5360,train,0.2869,89.0625,64
1,5370,train,0.2199,92.8125,64
1,5380,train,0.231,92.5,64
1,5390,train,0.2153,92.1875,64
1,5400,train,0.3128,88.4375,64
1,5410,train,0.2087,93.125,64
1,5420,train,0.2153,92.1875,64
1,5430,train,0.1633,93.75,64
1,5440,train,0.2581,90.0,64
1,5450,train,0.1972,94.0625,64
1,5460,train,0.2741,90.3125,64
1,5470,train,0.2261,91.25,64
1,5480,train,0.2107,94.0625,64
1,5490,train,0.2484,90.0,64
1,5500,train,0.3023,89.375,64
1,5510,train,0.252,92.8125,64
1,5520,train,0.2154,92.5,64
1,5530,train,0.2463,91.875,64
1,5540,train,0.2673,91.5625,64
1,5550,train,0.2442,90.3125,64
1,5560,train,0.285,90.0,64
1,5570,train,0.3081,90.0,64
1,5580,train,0.2564,90.625,64
1,5590,train,0.2639,90.0,64
1,5600,train,0.3114,89.375,64
1,5610,train,0.3177,90.625,64
1,5620,train,0.2028,94.0625,64
1,5630,train,0.2203,92.1875,64
1,5632,validation,0.25,90.96,64
1,5640,train,0.2482,90.3125,64
1,5650,train,0.1761,93.4375,64
1,5660,train,0.1571,94.375,64
1,5670,train,0.2442,90.625,64
1,5680,train,0.2135,91.5625,64
1,5690,train,0.2326,92.5,64
1,5700,train,0.2296,92.1875,64
1,5710,train,0.2263,92.8125,64
1,5720,train,0.227,92.8125,64
1,5730,train,0.2415,91.25,64
1,5740,train,0.2573,90.3125,64
1,5750,train,0.2789,91.25,64
1,5760,train,0.2252,91.5625,64
1,5770,train,0.2313,91.875,64
1,5780,train,0.2035,92.5,64
1,5790,train,0.2467,91.25,64
1,5800,train,0.1805,94.375,64
1,5810,train,0.1445,95.625,64
1,5820,train,0.1543,94.375,64
1,5830,train,0.2281,93.4375,64
1,5840,train,0.4001,85.0,64
1,5850,train,0.3098,88.75,63.8062
1,5860,train,0.3074,89.0625,63.8219
1,5870,train,0.2446,91.25,63.6375
1,5880,train,0.248,91.5625,63.4844
1,5890,train,0.2933,88.4375,63.6969
1,5900,train,0.3099,88.75,63.8375
1,5910,train,0.3889,85.625,63.7188
1,5920,train,0.2984,90.3125,64
1,5930,train,0.2459,91.25,63.4719
1,5940,train,0.2519,91.25,64
1,5950,train,0.1923,93.125,63.825
1,5960,train,0.2303,92.5,63.6906
1,5970,train,0.244,91.5625,64
1,5980,train,0.2052,93.4375,63.6531
1,5990,train,0.285,88.4375,63.6688
1,6000,train,0.2304,90.625,64
1,6010,train,0.2519,91.875,63.675
1,6020,train,0.237,91.875,63.6781
1,6030,train,0.3133,90.0,63.6844
1,6040,train,0.3294,88.125,63.3813
1,6050,train,0.2246,92.1875,63.1562
1,6060,train,0.2194,92.1875,63.1
1,6070,train,0.2237,91.25,63.7625
1,6080,train,0.2319,91.25,64
1,6090,train,0.2665,89.6875,64
1,6100,train,0.2088,93.75,64
1,6110,train,0.2606,91.5625,64
1,6120,train,0.2024,93.4375,64
1,6130,train,0.1941,91.5625,64
1,6140,train,0.2218,90.3125,64
1,6144,validation,0.267,90.76,64
1,6150,train,0.2204,90.625,64
1,6160,train,0.191,93.75,64
1,6170,train,0.2148,92.8125,64
1,6180,train,0.2232,91.875,64
1,6190,train,0.1816,93.75,64
1,6200,train,0.189,95.0,64
1,6210,train,0.2299,91.5625,64
1,6220,train,0.2123,92.1875,64
1,6230,train,0.2372,92.1875,64
1,6240,train,0.2069,93.125,64
1,6250,train,0.1529,95.625,64
1,6260,train,0.2105,91.875,64
1,6270,train,0.1665,93.75,64
1,6280,train,0.2158,92.8125,64
1,6290,train,0.1513,94.6875,64
1,6300,train,0.2298,91.25,64
1,6310,train,0.1691,95.9375,64
1,6320,train,0.2006,91.25,64
1,6330,train,0.2087,92.5,64
1,6340,train,0.1884,94.0625,64
1,6350,train,0.1757,94.375,64
1,6360,train,0.1916,91.875,64
1,6370,train,0.2291,92.8125,64
1,6380,train,0.2213,92.5,64
1,6390,train,0.2734,91.25,64
1,6400,train,0.2076,92.1875,64
1,6410,train,0.1477,95.0,64
1,6420,train,0.1623,95.3125,63.8094
1,6430,train,0.1349,95.625,64
1,6440,train,0.1586,94.0625,64
1,6450,train,0.2588,90.625,64
2,6460,train,0.1572,95.0,64
2,6470,train,0.155,94.0625,64
2,6480,train,0.1967,92.8125,64
2,6490,train,0.1617,94.0625,64
2,6500,train,0.1776,92.1875,64
2,6510,train,0.2023,94.375,64
2,6520,train,0.14,95.9375,64
2,6530,train,0.1516,95.625,64
2,6540,train,0.1767,92.1875,64
2,6550,train,0.1728,93.75,64
2,6560,train,0.1656,94.6875,64
2,6570,train,0.1513,96.5625,64
2,6580,train,0.1585,94.0625,64
2,6590,train,0.1923,92.1875,64
2,6600,train,0.146,94.6875,64
2,6610,train,0.1966,92.8125,64
2,6620,train,0.1915,92.1875,64
2,6630,train,0.1712,93.75,64
2,6640,train,0.1418,95.3125,64
2,6650,train,0.1957,91.25,64
2,6656,validation,0.2527,91.0,64
2,6660,train,0.1851,93.75,64
2,6670,train,0.1104,97.1875,64
2,6680,train,0.1666,93.4375,64
2,6690,train,0.2247,93.125,64
2,6700,train,0.2738,90.9375,64
2,6710,train,0.2749,89.375,64
2,6720,train,0.2894,89.6875,64
2,6730,train,0.1834,94.375,64
2,6740,train,0.2304,91.875,64
2,6750,train,0.17,94.375,64
2,6760,train,0.2293,89.6875,64
2,6770,train,0.1994,91.875,64
2,6780,train,0.2122,94.0625,64
2,6790,train,0.2152,91.5625,64
2,6800,train,0.179,94.0625,64
2,6810,train,0.1938,93.4375,64
2,6820,train,0.1932,94.0625,64
2,6830,train,0.245,91.25,64
2,6840,train,0.1542,93.75,64
2,6850,train,0.1806,93.125,64
2,6860,train,0.1865,93.4375,64
2,6870,train,0.1553,95.0,64
2,6880,train,0.1742,95.0,64
2,6890,train,0.1712,93.75,64
2,6900,train,0.2417,93.125,64
2,6910,train,0.1611,94.375,64
2,6920,train,0.1822,94.0625,64
2,6930,train,0.1235,96.25,64
2,6940,train,0.1977,92.1875,64
2,6950,train,0.1594,93.75,64
2,6960,train,0.2112,90.625,64
2,6970,train,0.1595,95.3125,64
2,6980,train,0.1644,95.0,64
2,6990,train,0.1639,94.375,64
2,7000,train,0.1399,95.625,64
2,7010,train,0.1731,93.75,64
2,7020,train,0.1329,95.625,64
2,7030,train,0.1496,95.625,64
2,7040,train,0.2581,90.625,64
2,7050,train,0.1643,93.75,64
2,7060,train,0.139,95.625,64
2,7070,train,0.1806,93.75,64
2,7080,train,0.1736,94.6875,64
2,7090,train,0.1352,95.625,64
2,7100,train,0.1439,94.6875,64
2,7110,train,0.169,93.4375,64
2,7120,train,0.2051,92.5,64
2,7130,train,0.1431,93.75,64
2,7140,train,0.1715,95.0,64
2,7150,train,0.1994,92.1875,64
2,7160,train,0.2144,90.3125,64
2,7168,validation,0.2505,91.24,64
2,7170,train,0.1934,93.75,64
2,7180,train,0.1728,94.375,64
2,7190,train,0.1983,95.3125,64
2,7200,train,0.1687,94.0625,64
2,7210,train,0.1984,94.0625,64
2,7220,train,0.1843,94.0625,64
2,7230,train,0.181,95.0,64
2,7240,train,0.1244,95.625,64
2,7250,train,0.1777,93.4375,64
2,7260,train,0.1798,94.375,64
2,7270,train,0.209,91.875,64
2,7280,train,0.1541,95.0,64
2,7290,train,0.256,92.1875,64
2,7300,train,0.2605,90.9375,64
2,7310,train,0.1892,93.4375,64
2,7320,train,0.1678,94.375,64
2,7330,train,0.1672,95.3125,64
2,7340,train,0.1903,93.125,64
2,7350,train,0.1395,95.625,64
2,7360,train,0.1174,96.875,64
2,7370,train,0.1452,94.375,64
2,7380,train,0.1449,94.6875,64
2,7390,train,0.196,92.1875,64
2,7400,train,0.1041,97.1875,64
2,7410,train,0.1792,93.75,64
2,7420,train,0.1277,96.875,64
2,7430,train,0.1455,94.375,64
2,7440,train,0.1409,94.6875,64
2,7450,train,0.1287,95.3125,64
2,7460,train,0.1447,95.625,64
2,7470,train,0.1539,94.0625,64
2,7480,train,0.1887,93.4375,64
2,7490,train,0.248,91.875,64
2,7500,train,0.2295,90.0,64
2,7510,train,0.2409,89.6875,64
2,7520,train,0.1777,94.375,64
2,7530,train,0.1447,95.9375,64
2,7540,train,0.1153,96.5625,64
2,7550,train,0.1275,97.5,64
2,7560,train,0.0995,96.25,64
2,7570,train,0.1648,93.75,64
2,7580,train,0.1823,92.8125,64
2,7590,train,0.1822,93.125,64
2,7600,train,0.1394,95.625,64
2,7610,train,0.166,93.75,64
2,7620,train,0.2199,91.25,64
2,7630,train,0.1487,95.0,64
2,7640,train,0.1578,95.3125,64
2,7650,train,0.1795,92.8125,64
2,7660,train,0.1511,94.6875,64
2,7670,train,0.1856,94.0625,64
2,7680,train,0.2046,91.875,64
2,7680,validation,0.2304,91.5,64
2,7690,train,0.1642,93.4375,64
2,7700,train,0.1673,93.75,64
2,7710,train,0.2028,91.25,64
2,7720,train,0.1836,92.5,64
2,7730,train,0.1908,93.4375,64
2,7740,train,0.2391,91.5625,64
2,7750,train,0.1982,93.125,64
2,7760,train,0.1628,94.375,64
2,7770,train,0.1353,96.25,64
2,7780,train,0.098,96.25,64
2,7790,train,0.1551,95.0,64
2,7800,train,0.1403,93.75,64
2,7810,train,0.1663,93.125,64
2,7820,train,0.1849,94.0625,64
2,7830,train,0.2383,90.625,64
2,7840,train,0.2171,90.625,64
2,7850,train,0.2093,94.0625,64
2,7860,train,0.2109,93.4375,64
2,7870,train,0.1852,94.375,64
2,7880,train,0.2262,91.25,64
2,7890,train,0.1514,95.3125,64
2,7900,train,0.1439,95.0,64
2,7910,train,0.1707,92.8125,64
2,7920,train,0.1407,96.25,64
2,7930,train,0.1387,95.3125,64
2,7940,train,0.1958,92.8125,64
2,7950,train,0.1399,95.9375,64
2,7960,train,0.1854,94.0625,64
2,7970,train,0.2056,93.125,64
2,7980,train,0.1559,93.4375,64
2,7990,train,0.2129,92.8125,64
2,8000,train,0.2183,90.625,64
2,8010,train,0.173,93.4375,64
2,8020,train,0.2036,91.25,64
2,8030,train,0.1567,95.3125,64
2,8040,train,0.1289,95.3125,64
2,8050,train,0.1329,95.3125,64
2,8060,train,0.1485,95.625,64
2,8070,train,0.1224,94.375,64
2,8080,train,0.123,95.0,64
2,8090,train,0.1273,95.3125,64
2,8100,train,0.1395,94.375,64
2,8110,train,0.1031,96.5625,64
2,8120,train,0.1673,92.8125,64
2,8130,train,0.1569,93.75,64
2,8140,train,0.1898,92.5,64
2,8150,train,0.1048,97.5,64
2,8160,train,0.1488,94.6875,64
2,8170,train,0.2021,92.8125,64
2,8180,train,0.2011,92.5,64
2,8190,train,0.1321,95.625,64
