epoch,global step,mode,loss,accuracy,mean_length
0,0,train,2.743,12.5,36.25
0,0,validation,2.7588,12.7,48.111
0,10,train,2.4623,13.1579,43.0526
0,10,train,2.1683,25.0,52.625
0,20,train,2.2677,10.5263,54.2171
0,20,train,1.8269,25.0,61.875
0,30,train,2.1264,12.5,61.2697
0,30,train,2.131,0.0,59
0,40,train,2.11,13.1579,62.8882
0,40,train,2.1051,12.5,64
0,50,train,2.0979,9.8684,62.9342
0,50,train,2.0824,12.5,64
0,60,train,2.0881,14.4737,63.2303
0,60,train,2.0962,0.0,64
0,70,train,2.0685,13.1579,63.1184
0,70,train,2.138,12.5,64
0,80,train,2.0766,15.1316,62.2303
0,80,train,2.0577,12.5,64
0,90,train,2.0978,13.1579,63.25
0,90,train,2.0295,37.5,64
0,100,train,2.0541,14.4737,63.9934
0,100,train,2.1714,0.0,64
0,110,train,2.0598,17.7632,63.5987
0,110,train,1.9441,37.5,64
0,120,train,2.0808,13.1579,63.8618
0,120,train,2.0076,25.0,64
0,130,train,2.0445,11.8421,63.2895
0,130,train,2.098,12.5,64
0,140,train,2.0352,13.8158,63.3553
0,140,train,2.0248,12.5,64
0,150,train,2.0272,10.5263,63.2829
0,150,train,2.0703,0.0,64
0,160,train,2.0381,15.1316,63.0461
0,160,train,1.9814,12.5,64
0,170,train,2.0605,13.1579,64
0,170,train,1.7949,37.5,60.625
0,180,train,2.028,13.8158,64
0,180,train,1.8939,12.5,64
0,190,train,2.0293,9.8684,64
0,190,train,1.9952,0.0,64
0,200,train,2.019,10.5263,64
0,200,train,2.1304,0.0,64
0,210,train,1.982,13.1579,63.7368
0,210,train,2.167,0.0,64
0,220,train,2.0286,12.5,64
0,220,train,1.926,25.0,64
0,230,train,1.9978,12.5,64
0,230,train,2.0981,12.5,64
0,240,train,2.016,10.5263,64
0,240,train,2.1728,12.5,64
0,250,train,2.012,8.5526,64
0,250,train,1.6664,37.5,64
0,260,train,1.9926,13.8158,64
0,260,train,2.046,25.0,64
0,270,train,1.9912,12.5,63.9079
0,270,train,2.2215,0.0,61.875
0,280,train,1.9835,15.1316,63.7434
0,280,train,1.9565,12.5,64
0,290,train,2.0521,16.4474,63.7303
0,290,train,1.9285,12.5,64
0,300,train,2.0241,13.1579,64
0,300,train,2.0074,37.5,64
0,310,train,2.0157,17.7632,63.9605
0,310,train,2.1083,0.0,64
0,320,train,2.0324,13.8158,64
0,320,train,1.7659,25.0,64
0,330,train,1.9672,16.4474,63.6053
0,330,train,1.8476,25.0,64
0,340,train,1.9322,15.1316,64
0,340,train,1.8032,25.0,64
0,350,train,1.985,11.8421,63.9539
0,350,train,2.087,0.0,64
0,360,train,1.8924,21.0526,63.5921
0,360,train,2.162,12.5,64
0,370,train,1.9707,11.8421,64
0,370,train,1.9507,37.5,62.625
0,380,train,1.9399,15.1316,64
0,380,train,1.844,12.5,64
0,390,train,1.9033,17.7632,63.8289
0,390,train,1.6388,37.5,64
0,400,train,2.0116,11.1842,63.8289
0,400,train,1.9334,0.0,64
0,410,train,1.9599,13.1579,63.875
0,410,train,2.0407,0.0,64
0,420,train,1.9724,15.1316,64
0,420,train,1.9381,25.0,64
0,430,train,1.9013,18.4211,63.8684
0,430,train,2.03,0.0,64
0,440,train,2.0021,15.1316,63.4079
0,440,train,1.8346,25.0,64
0,450,train,2.014,15.7895,64
0,450,train,2.1034,0.0,64
0,460,train,1.9596,18.4211,63.7895
0,460,train,2.0657,12.5,64
0,470,train,1.9838,10.5263,64
0,470,train,1.8604,12.5,64
0,480,train,1.9476,13.1579,64
0,480,train,2.0501,12.5,64
0,490,train,1.9225,16.4474,63.9013
0,490,train,1.6648,50.0,64
0,500,train,1.9595,17.1053,64
0,500,train,1.6873,25.0,64
0,510,train,1.8891,16.4474,64
0,510,train,2.0009,12.5,64
0,512,validation,2.0225,13.74,63.9712
0,512,validation,2.0084,13.62,63.987
0,520,train,1.9683,11.1842,64
0,520,train,2.0492,25.0,64
0,530,train,1.9977,18.4211,64
0,530,train,1.8792,37.5,64
0,540,train,1.9436,16.4474,64
0,540,train,2.0806,12.5,64
0,550,train,1.8883,19.0789,64
0,550,train,1.9849,25.0,64
0,560,train,1.9573,11.8421,63.8553
0,560,train,2.0861,25.0,64
0,570,train,1.9248,14.4737,64
0,570,train,1.4217,62.5,64
0,580,train,1.8716,18.4211,64
0,580,train,1.7356,25.0,64
0,590,train,1.804,25.6579,64
0,590,train,1.6553,37.5,64
0,600,train,1.7966,22.3684,64
0,600,train,2.2276,0.0,64
0,610,train,1.7839,27.6316,64
0,610,train,1.7707,25.0,64
0,620,train,1.9085,17.1053,64
0,620,train,2.1023,0.0,64
0,630,train,1.7395,31.5789,64
0,630,train,1.9343,25.0,64
0,640,train,1.8013,26.9737,64
0,640,train,1.8822,12.5,64
0,650,train,1.7942,27.6316,64
0,650,train,1.6776,12.5,64
0,660,train,1.7831,27.6316,64
0,660,train,1.2902,75.0,64
0,670,train,1.6557,33.5526,64
0,670,train,1.442,50.0,64
0,680,train,1.6765,31.5789,64
0,680,train,1.6232,37.5,64
0,690,train,1.8026,21.0526,64
0,690,train,1.9454,25.0,64
0,700,train,1.723,27.6316,64
0,700,train,1.6577,37.5,64
0,710,train,1.7263,25.0,63.9868
0,710,train,1.3693,50.0,64
0,720,train,1.7399,28.9474,63.8092
0,720,train,1.7635,12.5,64
0,730,train,1.6854,36.8421,63.8947
0,730,train,1.6813,37.5,64
0,740,train,1.7209,23.6842,63.7895
0,740,train,1.7619,12.5,62.5
0,750,train,1.6417,35.5263,63.9276
0,750,train,1.3657,37.5,62.875
0,760,train,1.611,35.5263,63.6711
0,760,train,1.7664,37.5,64
0,770,train,1.6941,28.2895,63.5658
0,770,train,1.7577,37.5,64
0,780,train,1.6021,34.8684,63.7632
0,780,train,1.4965,50.0,64
0,790,train,1.5632,39.4737,64
0,790,train,1.6347,37.5,64
0,800,train,1.6502,28.2895,64
0,800,train,1.832,37.5,56.875
0,810,train,1.4706,44.0789,63.9671
0,810,train,1.973,25.0,64
0,820,train,1.3849,56.5789,62.75
0,820,train,0.7469,75.0,56.25
0,830,train,1.3357,47.3684,63.3553
0,830,train,1.4717,37.5,64
0,840,train,1.439,43.4211,64
0,840,train,1.031,62.5,64
0,850,train,1.4672,42.1053,63.7632
0,850,train,1.4404,25.0,64
0,860,train,1.4757,44.0789,63.4145
0,860,train,1.4513,50.0,64
0,870,train,1.3602,46.7105,63.8882
0,870,train,1.1988,62.5,64
0,880,train,1.2913,46.0526,63.5789
0,880,train,1.2031,37.5,64
0,890,train,1.3856,45.3947,62.7434
0,890,train,1.0099,75.0,62
0,900,train,1.2992,51.3158,63.3355
0,900,train,1.5931,25.0,63.625
0,910,train,1.2629,45.3947,61.7039
0,910,train,0.9685,62.5,59.125
0,920,train,1.3808,44.0789,63.5066
0,920,train,1.09,62.5,63.375
0,930,train,1.201,56.5789,63.6184
0,930,train,1.6907,25.0,63.625
0,940,train,1.2659,51.9737,63.9079
0,940,train,1.6251,12.5,64
0,950,train,1.343,50.0,63.8947
0,950,train,1.7295,25.0,62.375
0,960,train,1.1738,50.0,63.7303
0,960,train,1.2737,50.0,64
0,970,train,1.2465,55.2632,63.9539
0,970,train,1.9756,12.5,64
0,980,train,1.2447,56.5789,63.75
0,980,train,1.1427,37.5,64
0,990,train,1.2593,47.3684,63.7566
0,990,train,0.796,75.0,56.75
0,1000,train,1.2645,55.9211,64
0,1000,train,0.6492,75.0,64
0,1010,train,1.1057,59.2105,63.875
0,1010,train,1.3394,50.0,64
0,1020,train,1.0809,63.1579,63.9408
0,1020,train,1.2722,37.5,64
0,1024,validation,1.1373,57.48,63.9892
0,1024,validation,1.1294,57.8,63.999
0,1030,train,1.1221,59.8684,63.9671
0,1030,train,1.8635,50.0,64
0,1040,train,1.1158,55.2632,63.9211
0,1040,train,0.7797,75.0,64
0,1050,train,1.0644,57.8947,63.75
0,1050,train,1.3112,25.0,64
0,1060,train,1.124,58.5526,63.2368
0,1060,train,0.8573,62.5,64
0,1070,train,1.1991,55.2632,63.5132
0,1070,train,0.9658,62.5,64
0,1080,train,1.1307,57.2368,63.6645
0,1080,train,0.8214,75.0,64
0,1090,train,1.0854,57.2368,63.6184
0,1090,train,0.7244,87.5,64
0,1100,train,0.9729,67.7632,63.9671
0,1100,train,0.9632,50.0,64
0,1110,train,0.9752,62.5,64
0,1110,train,0.9512,75.0,64
0,1120,train,0.9714,64.4737,63.8882
0,1120,train,1.2663,50.0,64
0,1130,train,0.9717,66.4474,64
0,1130,train,0.7353,62.5,64
0,1140,train,1.001,61.1842,64
0,1140,train,0.8644,62.5,64
0,1150,train,0.935,67.1053,64
0,1150,train,0.8589,87.5,64
0,1160,train,1.0557,62.5,64
0,1160,train,0.9425,62.5,64
0,1170,train,0.979,63.1579,64
0,1170,train,0.7745,87.5,64
0,1180,train,0.9546,66.4474,64
0,1180,train,0.903,50.0,64
0,1190,train,0.962,61.8421,64
0,1190,train,1.3523,37.5,64
0,1200,train,1.1099,53.9474,64
0,1200,train,1.0231,75.0,64
0,1210,train,0.9319,65.1316,64
0,1210,train,1.0522,50.0,64
0,1220,train,0.8294,69.7368,64
0,1220,train,0.4723,87.5,64
0,1230,train,1.1562,59.2105,64
0,1230,train,0.6112,87.5,64
0,1240,train,0.9534,62.5,64
0,1240,train,1.5693,50.0,64
0,1250,train,1.055,57.8947,64
0,1250,train,0.7001,75.0,64
0,1260,train,1.0222,57.8947,64
0,1260,train,0.8157,50.0,64
0,1270,train,0.9364,64.4737,64
0,1270,train,1.1957,62.5,64
0,1280,train,0.9704,63.8158,64
0,1280,train,0.7357,87.5,64
0,1290,train,0.9746,60.5263,64
0,1290,train,0.6414,75.0,64
0,1300,train,0.9286,66.4474,64
0,1300,train,0.6241,75.0,64
0,1310,train,1.0367,59.8684,64
0,1310,train,0.6741,87.5,64
0,1320,train,0.941,65.1316,63.7829
0,1320,train,1.2535,50.0,64
0,1330,train,0.8094,71.7105,64
0,1330,train,0.72,87.5,64
0,1340,train,0.7638,67.1053,64
0,1340,train,0.5638,87.5,64
0,1350,train,0.85,67.7632,64
0,1350,train,0.6553,75.0,64
0,1360,train,0.8752,71.0526,64
0,1360,train,0.9701,50.0,64
0,1370,train,0.9271,66.4474,64
0,1370,train,0.6351,87.5,64
0,1380,train,0.8272,70.3947,64
0,1380,train,0.9112,62.5,64
0,1390,train,0.9757,60.5263,64
0,1390,train,0.9741,62.5,64
0,1400,train,0.8656,68.4211,64
0,1400,train,0.7277,87.5,64
0,1410,train,0.9127,65.1316,64
0,1410,train,0.6982,87.5,64
0,1420,train,0.7819,72.3684,64
0,1420,train,0.4697,75.0,64
0,1430,train,0.8108,70.3947,64
0,1430,train,0.7967,75.0,64
0,1440,train,0.7574,73.0263,64
0,1440,train,0.4596,87.5,64
0,1450,train,0.765,70.3947,63.8816
0,1450,train,1.0324,62.5,64
0,1460,train,0.8253,69.7368,64
0,1460,train,1.1153,50.0,64
0,1470,train,0.8493,68.4211,64
0,1470,train,0.4482,87.5,64
0,1480,train,0.7629,71.7105,64
0,1480,train,0.6739,75.0,64
0,1490,train,0.6945,75.6579,64
0,1490,train,0.8753,62.5,64
0,1500,train,0.7658,71.7105,64
0,1500,train,0.2172,100.0,64
0,1510,train,0.7419,70.3947,64
0,1510,train,1.1423,62.5,64
0,1520,train,0.7217,70.3947,64
0,1520,train,0.7278,62.5,64
0,1530,train,0.7373,76.3158,64
0,1530,train,0.4734,75.0,64
0,1536,validation,0.7155,74.4,64
0,1536,validation,0.6997,74.92,64
0,1540,train,0.6935,73.0263,64
0,1540,train,0.67,75.0,64
0,1550,train,0.6849,77.6316,64
0,1550,train,0.7804,75.0,64
0,1560,train,0.6314,77.6316,64
0,1560,train,0.7147,75.0,64
0,1570,train,0.7397,73.0263,64
0,1570,train,1.7024,50.0,64
0,1580,train,1.8793,39.4737,64
0,1580,train,1.9908,37.5,64
0,1590,train,2.1705,13.1579,64
0,1590,train,2.1707,0.0,64
0,1600,train,2.1005,13.8158,64
0,1600,train,1.8482,62.5,64
0,1610,train,2.0988,12.5,64
0,1610,train,2.0827,25.0,64
0,1620,train,2.1099,12.5,64
0,1620,train,2.2319,12.5,64
0,1630,train,2.1156,11.1842,64
0,1630,train,2.0784,12.5,64
0,1640,train,2.1017,11.1842,64
0,1640,train,2.1444,0.0,64
0,1650,train,2.0972,12.5,64
0,1650,train,2.0807,12.5,64
0,1660,train,2.0996,12.5,64
0,1660,train,2.1032,25.0,64
0,1670,train,2.0972,13.1579,64
0,1670,train,2.1069,0.0,64
0,1680,train,2.1099,9.8684,64
0,1680,train,2.1828,12.5,64
0,1690,train,2.0981,12.5,64
0,1690,train,2.0769,25.0,64
0,1700,train,2.099,15.1316,64
0,1700,train,2.0458,25.0,64
0,1710,train,2.0796,13.1579,64
0,1710,train,2.1196,0.0,64
0,1720,train,2.0813,13.1579,64
0,1720,train,2.0119,25.0,64
0,1730,train,2.0882,13.1579,64
0,1730,train,2.054,12.5,64
0,1740,train,2.1066,13.1579,64
0,1740,train,1.9862,37.5,64
0,1750,train,2.0984,11.8421,64
0,1750,train,2.0091,25.0,64
0,1760,train,2.0927,13.8158,64
0,1760,train,2.0614,12.5,64
0,1770,train,2.0814,15.1316,64
0,1770,train,2.0554,12.5,64
0,1780,train,2.084,10.5263,64
0,1780,train,2.0813,12.5,64
0,1790,train,2.0764,13.1579,64
0,1790,train,2.0715,12.5,64
0,1800,train,2.0672,11.8421,64
0,1800,train,2.1574,0.0,64
0,1810,train,2.103,15.7895,64
0,1810,train,2.1407,0.0,64
0,1820,train,2.0872,14.4737,64
0,1820,train,2.0502,12.5,64
0,1830,train,2.0862,12.5,64
0,1830,train,2.0819,12.5,64
0,1840,train,2.0807,12.5,64
0,1840,train,2.0833,12.5,64
0,1850,train,2.0962,9.2105,64
0,1850,train,2.1328,25.0,64
0,1860,train,2.085,11.1842,64
0,1860,train,2.1069,0.0,64
0,1870,train,2.0929,12.5,64
0,1870,train,2.1748,0.0,64
0,1880,train,2.0974,11.1842,64
0,1880,train,2.088,12.5,64
0,1890,train,2.0827,10.5263,64
0,1890,train,2.1372,12.5,64
0,1900,train,2.0751,15.1316,64
0,1900,train,2.0623,0.0,64
0,1910,train,2.0801,15.7895,64
0,1910,train,1.951,25.0,64
0,1920,train,2.0751,13.8158,64
0,1920,train,2.0583,12.5,64
0,1930,train,2.0761,17.1053,64
0,1930,train,2.0391,25.0,64
0,1940,train,2.0846,13.1579,64
0,1940,train,2.0331,12.5,64
0,1950,train,2.0814,12.5,64
0,1950,train,2.1313,0.0,64
0,1960,train,2.0873,11.8421,64
0,1960,train,2.0871,25.0,64
0,1970,train,2.0981,13.1579,64
0,1970,train,2.1024,0.0,64
0,1980,train,2.1006,6.5789,64
0,1980,train,2.0318,0.0,64
0,1990,train,2.0894,13.1579,64
0,1990,train,2.0558,12.5,64
0,2000,train,2.0804,12.5,64
0,2000,train,2.1365,12.5,64
0,2010,train,2.0809,12.5,64
0,2010,train,2.0781,25.0,64
0,2020,train,2.084,15.7895,64
0,2020,train,2.1043,0.0,64
0,2030,train,2.0788,12.5,64
0,2030,train,2.0661,25.0,64
0,2040,train,2.0891,10.5263,64
0,2040,train,2.1114,12.5,64
0,2048,validation,2.0799,13.7,64
0,2048,validation,2.0797,13.16,64
0,2050,train,2.0926,9.8684,64
0,2050,train,2.0923,12.5,64
0,2060,train,2.0849,12.5,64
0,2060,train,2.0656,12.5,64
0,2070,train,2.0743,15.7895,64
0,2070,train,2.0625,25.0,64
0,2080,train,2.0774,9.2105,64
0,2080,train,2.0782,12.5,64
0,2090,train,2.0737,14.4737,64
0,2090,train,2.0858,0.0,64
0,2100,train,2.0783,15.7895,64
0,2100,train,2.0654,25.0,64
0,2110,train,2.092,15.7895,64
0,2110,train,2.1034,0.0,64
0,2120,train,2.0846,13.1579,64
0,2120,train,2.1226,0.0,64
0,2130,train,2.095,14.4737,64
0,2130,train,2.0525,0.0,64
0,2140,train,2.0912,11.8421,64
0,2140,train,2.0019,50.0,64
0,2150,train,2.0794,13.1579,64
0,2150,train,2.0886,12.5,64
0,2160,train,2.0839,13.8158,64
0,2160,train,2.047,25.0,64
0,2170,train,2.0766,15.7895,64
0,2170,train,2.031,25.0,64
0,2180,train,2.0937,9.8684,64
0,2180,train,2.0443,25.0,64
0,2190,train,2.0725,13.8158,64
0,2190,train,2.0798,12.5,64
0,2200,train,2.0261,21.7105,64
0,2200,train,1.8024,25.0,64
0,2210,train,2.0161,19.0789,64
0,2210,train,2.0284,25.0,64
0,2220,train,1.9926,17.7632,64
0,2220,train,1.9851,12.5,64
0,2230,train,2.0232,21.7105,64
0,2230,train,1.6839,50.0,64
0,2240,train,2.0008,17.7632,64
0,2240,train,2.139,12.5,64
0,2250,train,2.0207,17.7632,64
0,2250,train,2.146,12.5,64
0,2260,train,2.0241,17.7632,64
0,2260,train,1.8773,25.0,64
0,2270,train,1.92,24.3421,64
0,2270,train,1.918,37.5,64
0,2280,train,1.905,22.3684,64
0,2280,train,1.9682,12.5,64
0,2290,train,1.7163,34.2105,64
0,2290,train,2.3619,12.5,64
0,2300,train,1.8667,26.9737,64
0,2300,train,2.3417,25.0,64
0,2310,train,2.0355,19.0789,64
0,2310,train,1.7291,12.5,64
0,2320,train,1.9281,21.7105,64
0,2320,train,1.7021,50.0,64
0,2330,train,1.8956,25.6579,64
0,2330,train,1.8791,0.0,64
0,2340,train,1.8168,26.9737,64
0,2340,train,1.7187,37.5,64
0,2350,train,1.8123,29.6053,64
0,2350,train,1.9609,25.0,64
0,2360,train,1.8466,25.0,64
0,2360,train,1.8891,25.0,64
0,2370,train,1.8813,26.3158,64
0,2370,train,1.9989,12.5,64
0,2380,train,1.8801,22.3684,64
0,2380,train,1.7471,25.0,64
0,2390,train,1.8024,28.9474,64
0,2390,train,1.7053,25.0,64
0,2400,train,1.6815,32.8947,64
0,2400,train,1.5633,50.0,64
0,2410,train,1.7054,36.1842,64
0,2410,train,1.6807,25.0,64
0,2420,train,1.7359,26.3158,64
0,2420,train,1.531,25.0,64
0,2430,train,1.75,21.7105,64
0,2430,train,1.7888,25.0,64
0,2440,train,1.6258,35.5263,64
0,2440,train,1.6239,37.5,64
0,2450,train,1.5408,34.8684,64
0,2450,train,1.3761,50.0,64
0,2460,train,1.4651,37.5,64
0,2460,train,1.3901,25.0,64
0,2470,train,1.4132,48.6842,64
0,2470,train,1.3785,37.5,64
0,2480,train,1.1329,55.2632,64
0,2480,train,1.3252,37.5,64
0,2490,train,0.9413,65.1316,64
0,2490,train,1.1387,50.0,64
0,2500,train,0.7882,75.6579,64
0,2500,train,0.6803,87.5,64
0,2510,train,0.9133,65.7895,64
0,2510,train,0.6957,75.0,64
0,2520,train,0.8165,70.3947,64
0,2520,train,0.9117,62.5,64
0,2530,train,1.0526,61.8421,64
0,2530,train,0.4661,100.0,64
0,2540,train,1.0815,58.5526,64
0,2540,train,0.7581,87.5,64
0,2550,train,1.023,65.7895,63.5263
0,2550,train,0.8524,62.5,64
0,2560,train,1.1916,52.6316,63.3947
0,2560,validation,1.2305,52.1,63.8582
0,2560,train,0.8731,75.0,64
0,2560,validation,1.2108,52.7,63.8468
0,2570,train,1.084,61.1842,63.8882
0,2570,train,1.0718,62.5,64
0,2580,train,1.129,63.8158,61.8947
0,2580,train,0.6336,75.0,64
0,2590,train,1.6881,51.9737,45.7237
0,2590,train,1.8522,37.5,27.625
0,2600,train,1.8604,28.2895,26.2237
0,2600,train,1.0968,62.5,40.75
0,2610,train,1.4293,46.7105,29.4145
0,2610,train,1.844,12.5,21.625
0,2620,train,1.4018,44.7368,29.7303
0,2620,train,1.4173,37.5,26.125
0,2630,train,1.5307,38.1579,24.9868
0,2630,train,1.7789,37.5,20.75
0,2640,train,1.3567,51.3158,29.7961
0,2640,train,1.0157,62.5,34.625
0,2650,train,1.3496,44.0789,31.9803
0,2650,train,1.6081,37.5,17.5
0,2660,train,1.2287,51.9737,27.4079
0,2660,train,0.7041,75.0,37.625
0,2670,train,1.3079,48.0263,27.6908
0,2670,train,1.2491,62.5,33.375
0,2680,train,1.2855,49.3421,32.4605
0,2680,train,1.2336,62.5,41.625
0,2690,train,1.3021,48.0263,32.4145
0,2690,train,1.619,0.0,19
0,2700,train,1.2318,51.3158,35.75
0,2700,train,1.1831,50.0,33
0,2710,train,1.3399,44.7368,29.3553
0,2710,train,1.2569,62.5,33
0,2720,train,1.2479,45.3947,35.1513
0,2720,train,1.2114,50.0,40.75
0,2730,train,1.1704,53.2895,34.4671
0,2730,train,1.6724,25.0,36.625
0,2740,train,1.2064,53.9474,36.2039
0,2740,train,1.0668,75.0,47.75
0,2750,train,1.231,51.3158,32.9342
0,2750,train,1.1749,62.5,56.25
0,2760,train,1.1939,53.2895,34.4474
0,2760,train,1.6335,50.0,40.75
0,2770,train,1.3064,49.3421,31.0132
0,2770,train,0.7061,62.5,40.75
0,2780,train,1.1545,57.2368,34.7105
0,2780,train,1.7603,25.0,35.875
0,2790,train,1.1757,58.5526,34.3553
0,2790,train,1.0245,75.0,33
0,2800,train,1.194,51.3158,36.4737
0,2800,train,0.9086,62.5,33
0,2810,train,1.1324,53.2895,34.6184
0,2810,train,1.4148,50.0,40.125
0,2820,train,1.0876,60.5263,40.3421
0,2820,train,1.2432,62.5,40.75
0,2830,train,1.0531,52.6316,42.3947
0,2830,train,1.0987,62.5,47
0,2840,train,1.0898,59.8684,40.1776
0,2840,train,0.9007,62.5,38.25
0,2850,train,1.07,57.2368,41.3618
0,2850,train,0.6337,87.5,48
0,2860,train,0.9764,59.8684,40.3355
0,2860,train,1.2341,62.5,40.75
0,2870,train,1.0457,58.5526,39.9013
0,2870,train,0.9457,62.5,48.5
0,2880,train,0.9282,67.7632,40.5
0,2880,train,0.8551,75.0,25.25
0,2890,train,0.9491,65.1316,42.5132
0,2890,train,0.8418,87.5,40.75
0,2900,train,1.0652,54.6053,41.0263
0,2900,train,0.7444,75.0,34.75
0,2910,train,1.1033,55.9211,43.1645
0,2910,train,0.7174,75.0,56.25
0,2920,train,0.9134,65.1316,47.0526
0,2920,train,1.124,50.0,40.75
0,2930,train,0.9376,59.2105,40.7039
0,2930,train,0.8158,75.0,48.125
0,2940,train,0.7678,69.7368,51.1711
0,2940,train,0.6789,75.0,56.25
0,2950,train,0.8226,71.0526,56.4211
0,2950,train,0.6004,87.5,64
0,2960,train,0.5768,81.5789,59.9276
0,2960,train,0.8624,50.0,56.25
0,2970,train,0.5444,80.2632,63.1842
0,2970,train,0.2753,100.0,64
0,2980,train,0.7457,72.3684,62.3684
0,2980,train,0.5304,75.0,64
0,2990,train,0.6114,76.3158,62.7763
0,2990,train,0.3514,87.5,64
0,3000,train,0.6646,76.9737,62.3684
0,3000,train,0.5848,75.0,56.25
0,3010,train,0.66,81.5789,62.375
0,3010,train,0.6508,87.5,58
0,3020,train,0.5636,80.2632,62.8092
0,3020,train,0.5092,75.0,64
0,3030,train,0.6669,78.9474,61.6316
0,3030,train,0.2913,100.0,64
0,3040,train,0.5861,76.9737,61.3882
0,3040,train,0.6062,87.5,64
0,3050,train,0.6547,76.9737,62.0
0,3050,train,0.4205,87.5,56.25
0,3060,train,0.5583,81.5789,62.4013
0,3060,train,0.2465,100.0,64
0,3070,train,0.6189,77.6316,62.7829
0,3070,train,0.3848,100.0,56.25
0,3072,validation,0.6008,78.96,63.2066
0,3072,validation,0.5785,79.38,63.3628
0,3080,train,0.49,82.8947,62.0526
0,3080,train,0.2375,100.0,64
0,3090,train,0.5748,80.9211,61.9868
0,3090,train,0.4337,87.5,56.625
0,3100,train,0.6262,77.6316,62.2895
0,3100,train,0.4422,100.0,56.25
0,3110,train,0.5541,83.5526,61.5658
0,3110,train,0.4978,87.5,64
0,3120,train,0.5811,80.2632,61.8882
0,3120,train,0.5289,87.5,64
0,3130,train,0.5929,76.3158,62.8487
0,3130,train,0.8495,62.5,64
0,3140,train,0.5404,82.8947,63.2237
0,3140,train,0.4437,100.0,57.25
0,3150,train,0.6169,76.3158,60.5132
0,3150,train,0.7034,75.0,63.375
0,3160,train,0.5904,80.2632,63.0066
0,3160,train,0.6512,75.0,64
0,3170,train,0.6462,78.2895,63.3618
0,3170,train,0.5668,87.5,57
0,3180,train,0.6651,75.0,62.7039
0,3180,train,0.6009,87.5,64
0,3190,train,0.5693,80.9211,62.0461
0,3190,train,0.3706,75.0,64
0,3200,train,0.5051,83.5526,62.6316
0,3200,train,0.7129,62.5,56.625
0,3210,train,0.5796,81.5789,63.0461
0,3210,train,0.6343,62.5,64
0,3220,train,0.6697,77.6316,62.8092
0,3220,train,0.2914,87.5,64
0,3230,train,0.6431,75.0,60.9605
0,3230,train,0.6701,75.0,64
0,3240,train,0.516,80.2632,62.5132
0,3240,train,0.1367,100.0,64
0,3250,train,0.5959,80.9211,62.5329
0,3250,train,0.5004,87.5,64
0,3260,train,0.5402,82.8947,61.0658
0,3260,train,1.1595,62.5,64
0,3270,train,0.6274,78.9474,62.7895
0,3270,train,0.5255,87.5,56.25
0,3280,train,0.5302,82.8947,62.3289
0,3280,train,0.3136,87.5,64
0,3290,train,0.7265,73.6842,60.6974
0,3290,train,0.4598,75.0,56.5
0,3300,train,0.4745,83.5526,63.9013
0,3300,train,0.1566,87.5,56.375
0,3310,train,0.5936,80.9211,62.4211
0,3310,train,0.4378,100.0,56.25
0,3320,train,0.5714,77.6316,61.7566
0,3320,train,0.757,62.5,56.25
0,3330,train,0.5106,83.5526,62.8553
0,3330,train,0.3261,75.0,64
0,3340,train,0.5472,81.5789,63.4474
0,3340,train,0.7781,87.5,64
0,3350,train,0.5068,83.5526,61.9605
0,3350,train,0.6597,62.5,64
0,3360,train,0.5799,77.6316,60.9605
0,3360,train,0.5838,100.0,56.25
0,3370,train,0.519,82.8947,61.1513
0,3370,train,0.8717,62.5,56.25
0,3380,train,0.5695,79.6053,61.1513
0,3380,train,0.7272,62.5,64
0,3390,train,0.5351,82.2368,63.0
0,3390,train,0.3338,87.5,64
0,3400,train,0.5341,80.2632,62.3882
0,3400,train,0.279,100.0,64
0,3410,train,0.4941,80.9211,63.2105
0,3410,train,0.5027,87.5,64
0,3420,train,0.4476,82.8947,61.5461
0,3420,train,0.354,87.5,56.25
0,3430,train,0.4241,86.8421,62.8224
0,3430,train,0.2073,87.5,64
0,3440,train,0.5069,82.8947,62.4079
0,3440,train,0.6223,75.0,64
0,3450,train,0.4471,82.2368,62.6776
0,3450,train,0.2486,100.0,64
0,3460,train,0.4562,84.8684,63.1842
0,3460,train,0.2376,100.0,64
0,3470,train,0.585,80.2632,62.5329
0,3470,train,0.2456,100.0,64
0,3480,train,0.5779,76.9737,62.0789
0,3480,train,0.4028,87.5,64
0,3490,train,0.5654,78.2895,62.7829
0,3490,train,0.4721,87.5,64
0,3500,train,0.4706,81.5789,62.8421
0,3500,train,0.2367,100.0,61.375
0,3510,train,0.5032,83.5526,61.75
0,3510,train,0.216,100.0,64
0,3520,train,0.46,82.2368,63.1974
0,3520,train,0.1695,100.0,64
0,3530,train,0.4506,84.8684,62.4408
0,3530,train,0.3018,87.5,64
0,3540,train,0.5073,78.2895,63.5921
0,3540,train,0.27,87.5,64
0,3550,train,0.4259,83.5526,62.8355
0,3550,train,0.2087,100.0,64
0,3560,train,0.4316,86.1842,62.8224
0,3560,train,0.6865,75.0,56.25
0,3570,train,0.4606,84.2105,62.9737
0,3570,train,1.1525,62.5,64
0,3580,train,0.56,77.6316,63.9934
0,3580,train,0.2669,87.5,64
0,3584,validation,0.535,82.18,63.8878
0,3584,validation,0.5463,81.88,63.8474
0,3590,train,0.4812,80.2632,63.5658
0,3590,train,0.1915,100.0,64
0,3600,train,0.3919,87.5,62.7763
0,3600,train,0.3187,87.5,64
0,3610,train,0.4179,85.5263,62.3816
0,3610,train,1.0591,50.0,64
0,3620,train,0.4887,80.9211,63.0461
0,3620,train,1.233,50.0,64
0,3630,train,0.5258,82.2368,62.7895
0,3630,train,0.4448,75.0,64
0,3640,train,0.4443,84.8684,63.0855
0,3640,train,0.3134,87.5,64
0,3650,train,0.4252,83.5526,64
0,3650,train,0.4367,75.0,64
0,3660,train,0.5238,81.5789,61.7171
0,3660,train,0.8313,62.5,64
0,3670,train,0.4512,84.2105,63.5921
0,3670,train,0.5981,87.5,64
0,3680,train,0.3643,88.8158,64
0,3680,train,0.168,100.0,64
0,3690,train,0.461,84.2105,64
0,3690,train,0.7289,87.5,64
0,3700,train,0.514,81.5789,64
0,3700,train,0.477,87.5,64
0,3710,train,0.3873,87.5,63.5921
0,3710,train,0.533,75.0,64
0,3720,train,0.3373,89.4737,63.5921
0,3720,train,0.7814,62.5,56.25
0,3730,train,0.4917,82.2368,63.9737
0,3730,train,0.3401,100.0,64
0,3740,train,0.3798,87.5,63.9013
0,3740,train,0.5007,87.5,64
0,3750,train,0.3705,89.4737,63.1974
0,3750,train,0.8714,62.5,64
0,3760,train,0.3641,90.1316,63.2171
0,3760,train,0.5238,87.5,64
0,3770,train,0.3794,86.8421,63.625
0,3770,train,0.4059,87.5,64
0,3780,train,0.5059,79.6053,63.5921
0,3780,train,0.536,87.5,62.75
0,3790,train,0.4465,82.8947,63.5921
0,3790,train,0.5356,75.0,64
0,3800,train,0.5076,84.2105,60.3947
0,3800,train,0.6139,75.0,64
0,3810,train,0.4752,84.2105,60.875
0,3810,train,0.5007,75.0,50.75
0,3820,train,0.4942,80.9211,61.4539
0,3820,train,0.4895,87.5,48.75
0,3830,train,0.5085,84.2105,61.3618
0,3830,train,0.5259,87.5,56.25
0,3840,train,0.5848,76.9737,57.75
0,3840,train,0.2344,87.5,57
0,3850,train,0.5255,83.5526,60.0395
0,3850,train,0.8942,75.0,64
0,3860,train,0.3656,90.1316,60.9408
0,3860,train,0.4105,87.5,63
0,3870,train,0.4597,82.2368,61.3026
0,3870,train,0.7135,50.0,64
0,3880,train,0.583,76.9737,61.6447
0,3880,train,0.5973,62.5,56.375
0,3890,train,0.4161,85.5263,60.7961
0,3890,train,0.4038,87.5,56.5
0,3900,train,0.5201,82.2368,60.6447
0,3900,train,0.3877,87.5,64
0,3910,train,0.4601,84.2105,59.2697
0,3910,train,0.2584,87.5,64
0,3920,train,0.4559,81.5789,60.5132
0,3920,train,0.4203,75.0,64
0,3930,train,0.4019,86.1842,62.7961
0,3930,train,0.5186,75.0,56.375
0,3940,train,0.4068,82.8947,61.9934
0,3940,train,0.4699,87.5,56.375
0,3950,train,0.5611,78.9474,62.7961
0,3950,train,0.2143,87.5,64
0,3960,train,0.4202,85.5263,63.5921
0,3960,train,0.3545,87.5,56.75
0,3970,train,0.4096,86.8421,62.4737
0,3970,train,0.3405,100.0,64
0,3980,train,0.362,88.8158,62.5461
0,3980,train,0.752,87.5,64
0,3990,train,0.4584,81.5789,63.3355
0,3990,train,1.0653,62.5,64
0,4000,train,0.4148,85.5263,63.2368
0,4000,train,0.1298,100.0,64
0,4010,train,0.4342,81.5789,61.9145
0,4010,train,0.1826,100.0,64
0,4020,train,0.3489,90.7895,63.7039
0,4020,train,0.2295,100.0,64
0,4030,train,0.2782,90.1316,63.2303
0,4030,train,0.8854,62.5,56.875
0,4040,train,0.4528,83.5526,62.0592
0,4040,train,0.3334,100.0,64
0,4050,train,0.4258,84.8684,63.2105
0,4050,train,0.4953,75.0,64
0,4060,train,0.397,84.8684,63.3816
0,4060,train,0.3537,75.0,64
0,4070,train,0.4324,85.5263,62.3882
0,4070,train,0.3176,87.5,64
0,4080,train,0.5092,80.9211,62.8224
0,4080,train,0.1744,100.0,64
0,4090,train,0.37,89.4737,63.5921
0,4090,train,0.2613,87.5,64
0,4096,validation,0.3583,88.3,63.6226
0,4096,validation,0.3706,88.06,63.7448
0,4100,train,0.4377,87.5,63.1842
0,4100,train,0.4506,87.5,64
0,4110,train,0.3514,87.5,64
0,4110,train,0.3245,87.5,64
0,4120,train,0.3264,88.8158,63.3618
0,4120,train,0.4562,87.5,64
0,4130,train,0.4514,81.5789,62.9803
0,4130,train,0.1315,100.0,64
0,4140,train,0.3618,88.8158,62.6645
0,4140,train,0.5674,75.0,64
0,4150,train,0.429,87.5,64
0,4150,train,0.3555,87.5,64
0,4160,train,0.35,84.2105,63.8816
0,4160,train,0.4148,87.5,64
0,4170,train,0.4128,86.8421,63.5921
0,4170,train,0.3457,75.0,64
0,4180,train,0.3508,89.4737,62.8882
0,4180,train,0.4764,75.0,64
0,4190,train,0.3873,83.5526,62.7895
0,4190,train,0.3145,87.5,64
0,4200,train,0.3831,86.1842,63.1184
0,4200,train,0.1668,87.5,64
0,4210,train,0.4311,85.5263,63.2105
0,4210,train,0.3691,87.5,64
0,4220,train,0.3929,88.8158,62.5526
0,4220,train,0.1561,100.0,56.375
0,4230,train,0.391,86.1842,62.8882
0,4230,train,0.2722,87.5,64
0,4240,train,0.3367,89.4737,63.2697
0,4240,train,0.0809,100.0,64
0,4250,train,0.464,82.2368,63.6053
0,4250,train,0.6314,75.0,57.5
0,4260,train,0.3601,88.1579,63.5921
0,4260,train,0.274,87.5,64
0,4270,train,0.323,89.4737,62.5855
0,4270,train,0.2462,87.5,64
0,4280,train,0.3399,88.1579,63.2434
0,4280,train,0.3205,87.5,64
0,4290,train,0.3137,89.4737,63.5921
0,4290,train,0.2834,87.5,64
0,4300,train,0.3994,84.2105,62.9145
0,4300,train,0.3767,87.5,64
0,4310,train,0.364,90.7895,62.5132
0,4310,train,0.3554,87.5,64
0,4320,train,0.4153,86.1842,63.7171
0,4320,train,0.7352,62.5,64
0,4330,train,0.2875,88.8158,62.8553
0,4330,train,0.1769,100.0,64
0,4340,train,0.3569,89.4737,62.3684
0,4340,train,0.4898,62.5,64
0,4350,train,0.4309,84.2105,62.5461
0,4350,train,0.8102,62.5,64
0,4360,train,0.458,84.2105,62.7697
0,4360,train,0.5005,75.0,58
0,4370,train,0.3805,86.8421,63.6447
0,4370,train,0.2328,100.0,64
0,4380,train,0.3577,86.8421,63.6579
0,4380,train,0.283,87.5,64
0,4390,train,0.3779,88.1579,63.5987
0,4390,train,0.3149,87.5,64
0,4400,train,0.3371,90.7895,63.3158
0,4400,train,0.3421,75.0,64
0,4410,train,0.3495,85.5263,62.4474
0,4410,train,0.185,100.0,64
0,4420,train,0.3695,88.1579,63.9145
0,4420,train,0.3715,87.5,64
0,4430,train,0.3763,84.2105,63.8882
0,4430,train,0.2338,100.0,58.5
0,4440,train,0.4509,82.8947,63.7566
0,4440,train,0.1617,100.0,64
0,4450,train,0.3082,90.1316,62.1382
0,4450,train,0.324,100.0,64
0,4460,train,0.3439,88.8158,64
0,4460,train,0.5189,87.5,64
0,4470,train,0.3463,88.1579,63.6842
0,4470,train,0.2122,87.5,64
0,4480,train,0.3628,88.1579,63.7829
0,4480,train,0.4409,87.5,64
0,4490,train,0.321,89.4737,63.2566
0,4490,train,0.4594,87.5,64
0,4500,train,0.2776,92.1053,64
0,4500,train,0.7638,75.0,64
0,4510,train,0.3354,87.5,63.4211
0,4510,train,0.2684,100.0,64
0,4520,train,0.4328,85.5263,63.0921
0,4520,train,0.4101,87.5,64
0,4530,train,0.4141,90.1316,63.6053
0,4530,train,0.4017,87.5,64
0,4540,train,0.3616,88.1579,63.4013
0,4540,train,0.2019,100.0,64
0,4550,train,0.4575,82.2368,63.7039
0,4550,train,0.2693,87.5,64
0,4560,train,0.391,83.5526,64
0,4560,train,0.1855,100.0,64
0,4570,train,0.3666,86.1842,63.6053
0,4570,train,0.3173,87.5,64
0,4580,train,0.3366,88.1579,62.6711
0,4580,train,0.5982,75.0,64
0,4590,train,0.4122,84.2105,63.7368
0,4590,train,0.1516,100.0,64
0,4600,train,0.2764,89.4737,64
0,4600,train,0.9243,62.5,64
0,4608,validation,0.3552,88.32,63.9076
0,4608,validation,0.3504,87.86,63.9084
0,4610,train,0.2946,89.4737,63.3684
0,4610,train,0.3807,87.5,64
0,4620,train,0.3452,89.4737,63.5921
0,4620,train,0.4499,87.5,64
0,4630,train,0.3551,87.5,64
0,4630,train,0.1311,100.0,63.875
0,4640,train,0.3524,88.8158,64
0,4640,train,0.2553,87.5,64
0,4650,train,0.3467,88.8158,62.8158
0,4650,train,0.5088,87.5,64
0,4660,train,0.3414,88.1579,63.9408
0,4660,train,0.3442,87.5,64
0,4670,train,0.3992,82.8947,63.5921
0,4670,train,0.4204,87.5,64
0,4680,train,0.3138,88.1579,63.8684
0,4680,train,0.453,75.0,64
0,4690,train,0.3221,88.1579,63.9868
0,4690,train,0.3805,87.5,64
0,4700,train,0.347,88.1579,64
0,4700,train,0.2306,100.0,64
0,4710,train,0.3562,89.4737,64
0,4710,train,0.3626,87.5,64
0,4720,train,0.276,93.4211,64
0,4720,train,0.2295,100.0,64
0,4730,train,0.3375,88.1579,64
0,4730,train,0.1444,87.5,64
0,4740,train,0.3419,87.5,64
0,4740,train,0.4753,87.5,64
0,4750,train,0.2935,92.1053,63.9079
0,4750,train,0.3715,87.5,64
0,4760,train,0.2779,90.7895,64
0,4760,train,0.4025,87.5,64
0,4770,train,0.2671,91.4474,64
0,4770,train,0.2579,87.5,64
0,4780,train,0.3767,90.7895,64
0,4780,train,0.6856,75.0,64
0,4790,train,0.3335,86.8421,64
0,4790,train,0.2839,100.0,64
0,4800,train,0.3047,91.4474,64
0,4800,train,0.1765,100.0,64
0,4810,train,0.2625,90.7895,64
0,4810,train,0.1968,87.5,64
0,4820,train,0.3452,88.1579,64
0,4820,train,0.2032,87.5,64
0,4830,train,0.2361,92.7632,64
0,4830,train,0.1294,100.0,64
0,4840,train,0.2531,93.4211,64
0,4840,train,0.3099,87.5,64
0,4850,train,0.3822,86.1842,64
0,4850,train,0.1206,100.0,64
0,4860,train,0.388,86.8421,64
0,4860,train,0.1229,100.0,64
0,4870,train,0.3323,92.1053,63.9605
0,4870,train,0.3532,87.5,64
0,4880,train,0.2879,91.4474,63.0
0,4880,train,0.4962,87.5,64
0,4890,train,0.3766,86.1842,62.5658
0,4890,train,0.2659,87.5,64
0,4900,train,0.3115,88.8158,64
0,4900,train,0.2261,100.0,64
0,4910,train,0.3676,89.4737,64
0,4910,train,0.18,100.0,64
0,4920,train,0.4172,83.5526,63.8947
0,4920,train,0.1979,100.0,64
0,4930,train,0.3992,86.1842,63.8947
0,4930,train,0.2483,87.5,64
0,4940,train,0.346,86.1842,64
0,4940,train,0.2429,87.5,64
0,4950,train,0.3328,89.4737,63.5197
0,4950,train,0.3074,87.5,64
0,4960,train,0.382,84.2105,63.4013
0,4960,train,0.2496,87.5,64
0,4970,train,0.3159,89.4737,64
0,4970,train,0.3051,100.0,64
0,4980,train,0.3668,86.8421,64
0,4980,train,0.8967,75.0,64
0,4990,train,0.3663,88.8158,63.75
0,4990,train,0.7889,62.5,64
0,5000,train,0.25,93.4211,63.8882
0,5000,train,0.2146,87.5,60.375
0,5010,train,0.2485,93.4211,63.9145
0,5010,train,0.0694,100.0,63.375
0,5020,train,0.2255,94.7368,63.7697
0,5020,train,0.113,100.0,64
0,5030,train,0.2347,94.7368,64
0,5030,train,0.1458,100.0,64
0,5040,train,0.3149,86.8421,63.9605
0,5040,train,0.4332,75.0,64
0,5050,train,0.25,91.4474,63.4079
0,5050,train,0.1412,100.0,64
0,5060,train,0.3377,90.1316,63.5197
0,5060,train,0.6554,87.5,64
0,5070,train,0.2939,89.4737,63.8553
0,5070,train,0.0872,100.0,64
0,5080,train,0.3135,88.8158,64
0,5080,train,0.5321,87.5,64
0,5090,train,0.2928,88.8158,63.9539
0,5090,train,0.0682,100.0,64
0,5100,train,0.269,91.4474,63.9868
0,5100,train,0.0829,100.0,64
0,5110,train,0.2473,92.7632,64
0,5110,train,0.1204,100.0,64
0,5120,train,0.2523,90.1316,64
0,5120,validation,0.2679,90.62,63.992
0,5120,train,0.375,75.0,64
0,5120,validation,0.2449,91.66,63.9946
0,5130,train,0.3456,89.4737,64
0,5130,train,0.5298,75.0,64
0,5140,train,0.3179,88.1579,63.8618
0,5140,train,0.1274,100.0,64
0,5150,train,0.2898,88.8158,63.875
0,5150,train,0.1275,100.0,64
0,5160,train,0.2146,94.0789,64
0,5160,train,0.3467,87.5,64
0,5170,train,0.219,91.4474,64
0,5170,train,0.1756,100.0,64
0,5180,train,0.2494,90.7895,63.9539
0,5180,train,0.3146,100.0,64
0,5190,train,0.3005,90.1316,63.9539
0,5190,train,0.6026,87.5,64
0,5200,train,0.2851,91.4474,64
0,5200,train,0.3203,87.5,64
0,5210,train,0.3277,89.4737,64
0,5210,train,0.1083,100.0,64
0,5220,train,0.1925,95.3947,64
0,5220,train,0.4819,87.5,64
0,5230,train,0.318,86.1842,64
0,5230,train,0.3504,75.0,64
0,5240,train,0.2988,91.4474,64
0,5240,train,0.4205,75.0,64
0,5250,train,0.2401,92.7632,64
0,5250,train,0.5625,87.5,64
0,5260,train,0.3358,88.1579,63.9408
0,5260,train,0.1984,87.5,64
0,5270,train,0.2645,91.4474,64
0,5270,train,0.178,100.0,64
0,5280,train,0.2321,92.7632,64
0,5280,train,0.3429,87.5,64
0,5290,train,0.3369,86.8421,64
0,5290,train,0.1027,100.0,64
0,5300,train,0.2429,91.4474,64
0,5300,train,0.1889,87.5,64
0,5310,train,0.3353,88.1579,64
0,5310,train,0.3613,75.0,64
0,5320,train,0.3362,87.5,64
0,5320,train,0.3421,87.5,64
0,5330,train,0.2668,93.4211,64
0,5330,train,0.5829,75.0,64
0,5340,train,0.243,93.4211,64
0,5340,train,0.2049,87.5,64
0,5350,train,0.1918,93.4211,64
0,5350,train,0.1092,100.0,64
0,5360,train,0.2026,95.3947,64
0,5360,train,0.0175,100.0,64
0,5370,train,0.2235,92.7632,63.9013
0,5370,train,0.3117,87.5,64
0,5380,train,0.3023,90.1316,64
0,5380,train,0.2121,100.0,64
0,5390,train,0.2447,93.4211,64
0,5390,train,0.4352,75.0,64
0,5400,train,0.2403,92.7632,63.7763
0,5400,train,0.2953,75.0,64
0,5410,train,0.2691,91.4474,64
0,5410,train,0.2455,87.5,64
0,5420,train,0.255,90.7895,64
0,5420,train,0.0655,100.0,64
0,5430,train,0.2202,93.4211,64
0,5430,train,0.1684,100.0,64
0,5440,train,0.1951,93.4211,64
0,5440,train,0.0743,100.0,64
0,5450,train,0.2501,92.1053,64
0,5450,train,0.1121,100.0,64
0,5460,train,0.2376,93.4211,64
0,5460,train,0.379,75.0,64
0,5470,train,0.2694,91.4474,64
0,5470,train,0.0809,100.0,64
0,5480,train,0.2295,94.7368,64
0,5480,train,0.0923,100.0,64
0,5490,train,0.2648,92.1053,64
0,5490,train,0.1221,100.0,64
0,5500,train,0.3221,88.8158,64
0,5500,train,0.431,75.0,64
0,5510,train,0.1977,95.3947,64
0,5510,train,0.2372,87.5,64
0,5520,train,0.2646,91.4474,64
0,5520,train,0.7859,87.5,64
0,5530,train,0.2699,90.1316,64
0,5530,train,0.1768,100.0,64
0,5540,train,0.2898,89.4737,64
0,5540,train,0.3234,75.0,64
0,5550,train,0.2577,91.4474,64
0,5550,train,0.5627,87.5,64
0,5560,train,0.3022,86.1842,64
0,5560,train,0.2161,100.0,64
0,5570,train,0.268,88.8158,64
0,5570,train,0.3483,100.0,64
0,5580,train,0.2961,89.4737,64
0,5580,train,0.2164,87.5,64
0,5590,train,0.3179,88.1579,64
0,5590,train,0.2705,87.5,64
0,5600,train,0.312,87.5,64
0,5600,train,0.0761,100.0,64
0,5610,train,0.2001,94.7368,64
0,5610,train,0.2811,87.5,64
0,5620,train,0.2692,93.4211,63.9211
0,5620,train,0.2607,75.0,64
0,5630,train,0.2673,92.7632,64
0,5630,train,0.0221,100.0,64
0,5632,validation,0.2909,90.54,64
0,5632,validation,0.2853,90.56,64
0,5640,train,0.2742,90.1316,64
0,5640,train,0.3248,87.5,64
0,5650,train,0.2849,88.8158,64
0,5650,train,0.2729,87.5,64
0,5660,train,0.2413,93.4211,64
0,5660,train,0.1032,100.0,64
0,5670,train,0.2315,91.4474,64
0,5670,train,0.778,75.0,64
0,5680,train,0.1898,92.7632,64
0,5680,train,0.2872,100.0,61.875
0,5690,train,0.277,92.1053,64
0,5690,train,0.3226,100.0,64
0,5700,train,0.2579,93.4211,64
0,5700,train,0.4021,87.5,64
0,5710,train,0.2483,92.1053,64
0,5710,train,0.0664,100.0,64
0,5720,train,0.2321,91.4474,64
0,5720,train,0.6424,75.0,64
0,5730,train,0.2973,88.8158,64
0,5730,train,0.2812,87.5,64
0,5740,train,0.2904,88.1579,64
0,5740,train,0.3296,87.5,64
0,5750,train,0.2867,88.8158,64
0,5750,train,0.2948,75.0,64
0,5760,train,0.2852,89.4737,64
0,5760,train,0.0987,100.0,64
0,5770,train,0.3435,89.4737,64
0,5770,train,0.3818,87.5,64
0,5780,train,0.3403,86.8421,64
0,5780,train,0.1449,100.0,64
0,5790,train,0.2477,90.1316,63.9934
0,5790,train,0.1002,100.0,64
0,5800,train,0.2586,90.7895,64
0,5800,train,0.1676,100.0,62.125
0,5810,train,0.244,92.7632,64
0,5810,train,0.1599,100.0,64
0,5820,train,0.2351,90.7895,64
0,5820,train,0.2881,87.5,64
0,5830,train,0.2043,93.4211,63.9803
0,5830,train,0.1912,100.0,64
0,5840,train,0.2306,93.4211,63.9474
0,5840,train,0.0422,100.0,64
0,5850,train,0.2035,94.0789,64
0,5850,train,0.4231,87.5,64
0,5860,train,0.272,90.7895,64
0,5860,train,0.0909,100.0,64
0,5870,train,0.2946,88.8158,63.8092
0,5870,train,0.4082,75.0,64
0,5880,train,0.1881,94.7368,64
0,5880,train,0.3147,87.5,64
0,5890,train,0.3132,88.8158,64
0,5890,train,0.1059,100.0,63.25
0,5900,train,0.2709,92.1053,64
0,5900,train,0.1514,100.0,64
0,5910,train,0.2686,92.7632,64
0,5910,train,0.3999,87.5,64
0,5920,train,0.249,90.7895,64
0,5920,train,0.0466,100.0,64
0,5930,train,0.2467,92.1053,64
0,5930,train,0.1414,100.0,64
0,5940,train,0.1877,94.0789,64
0,5940,train,0.2498,100.0,64
0,5950,train,0.1868,95.3947,64
0,5950,train,0.15,100.0,64
0,5960,train,0.2682,90.7895,64
0,5960,train,0.055,100.0,64
0,5970,train,0.2578,92.7632,64
0,5970,train,0.1714,100.0,64
0,5980,train,0.2265,92.7632,64
0,5980,train,0.3532,75.0,64
0,5990,train,0.2004,93.4211,64
0,5990,train,0.4294,75.0,64
0,6000,train,0.2485,92.1053,64
0,6000,train,0.3015,87.5,64
0,6010,train,0.232,91.4474,64
0,6010,train,0.2728,87.5,64
0,6020,train,0.2313,92.1053,64
0,6020,train,0.1868,100.0,64
0,6030,train,0.2071,94.7368,64
0,6030,train,0.271,87.5,64
0,6040,train,0.2731,90.7895,64
0,6040,train,0.027,100.0,64
0,6050,train,0.2897,88.1579,63.9934
0,6050,train,0.2657,87.5,64
0,6060,train,0.3099,90.7895,64
0,6060,train,0.1352,100.0,64
0,6070,train,0.2556,89.4737,64
0,6070,train,0.507,75.0,64
0,6080,train,0.1972,95.3947,64
0,6080,train,0.0972,100.0,64
0,6090,train,0.2024,93.4211,64
0,6090,train,0.0901,100.0,64
0,6100,train,0.2105,94.0789,63.8684
0,6100,train,0.0766,100.0,64
0,6110,train,0.2036,94.7368,64
0,6110,train,0.2094,100.0,64
0,6120,train,0.1756,95.3947,64
0,6120,train,0.4977,87.5,64
0,6130,train,0.254,92.1053,64
0,6130,train,0.1437,100.0,64
0,6140,train,0.2079,91.4474,64
0,6140,train,0.1443,100.0,64
0,6144,validation,0.2443,91.84,64
0,6144,validation,0.2549,91.04,64
0,6150,train,0.2779,89.4737,64
0,6150,train,0.2121,87.5,64
0,6160,train,0.235,91.4474,64
0,6160,train,0.4018,75.0,64
0,6170,train,0.2292,89.4737,64
0,6170,train,0.5238,87.5,64
0,6180,train,0.2276,92.1053,64
0,6180,train,0.383,75.0,64
0,6190,train,0.252,94.7368,64
0,6190,train,0.1915,87.5,64
0,6200,train,0.2423,92.7632,64
0,6200,train,0.0686,100.0,64
0,6210,train,0.1959,94.7368,64
0,6210,train,0.0109,100.0,64
0,6220,train,0.3417,86.8421,64
0,6220,train,0.1831,100.0,64
0,6230,train,0.2695,89.4737,64
0,6230,train,0.2914,87.5,64
0,6240,train,0.2165,92.1053,64
0,6240,train,0.0637,100.0,64
0,6250,train,0.3032,86.8421,64
0,6250,train,0.1002,100.0,64
0,6260,train,0.2118,94.7368,64
0,6260,train,0.0822,100.0,64
0,6270,train,0.248,91.4474,64
0,6270,train,0.5365,75.0,64
0,6280,train,0.2245,94.0789,64
0,6280,train,0.3339,87.5,64
0,6290,train,0.2054,92.1053,64
0,6290,train,0.0641,100.0,64
0,6300,train,0.3063,88.8158,64
0,6300,train,0.0656,100.0,64
0,6310,train,0.2128,95.3947,64
0,6310,train,0.073,100.0,64
0,6320,train,0.1614,94.7368,64
0,6320,train,0.2539,87.5,64
0,6330,train,0.1916,92.7632,64
0,6330,train,0.0115,100.0,64
0,6340,train,0.2973,88.1579,64
0,6340,train,0.1405,100.0,64
0,6350,train,0.2749,89.4737,64
0,6350,train,0.3266,75.0,64
0,6360,train,0.1633,94.7368,64
0,6360,train,0.0806,100.0,64
0,6370,train,0.2065,94.7368,64
0,6370,train,0.06,100.0,64
0,6380,train,0.206,94.0789,64
0,6380,train,0.3888,87.5,64
0,6390,train,0.1979,94.7368,64
0,6390,train,0.0639,100.0,64
0,6400,train,0.1585,94.7368,64
0,6400,train,0.0693,100.0,64
0,6410,train,0.231,92.7632,64
0,6410,train,0.6363,75.0,64
0,6420,train,0.1436,96.0526,64
0,6420,train,0.4867,87.5,64
0,6430,train,0.2168,90.1316,64
0,6430,train,0.156,100.0,64
0,6440,train,0.2606,90.1316,64
0,6440,train,0.3583,75.0,64
0,6450,train,0.1692,95.3947,64
0,6450,train,0.2281,87.5,64
1,6460,train,0.2681,92.1053,64
1,6460,train,0.0488,100.0,64
1,6470,train,0.2338,89.4737,64
1,6470,train,0.3282,87.5,64
1,6480,train,0.2657,90.1316,64
1,6480,train,0.0983,100.0,64
1,6490,train,0.1333,97.3684,63.8816
1,6490,train,0.0212,100.0,64
1,6500,train,0.2202,93.4211,64
1,6500,train,0.4416,87.5,64
1,6510,train,0.1811,95.3947,64
1,6510,train,0.2141,100.0,64
1,6520,train,0.1693,96.7105,64
1,6520,train,0.2438,100.0,64
1,6530,train,0.2409,90.7895,64
1,6530,train,0.7196,87.5,64
1,6540,train,0.1694,95.3947,64
1,6540,train,0.0889,100.0,64
1,6550,train,0.221,94.0789,64
1,6550,train,0.1248,87.5,64
1,6560,train,0.2175,94.0789,64
1,6560,train,0.1423,100.0,64
1,6570,train,0.2464,90.7895,64
1,6570,train,0.1564,100.0,64
1,6580,train,0.1891,94.7368,64
1,6580,train,0.0827,100.0,64
1,6590,train,0.1931,95.3947,64
1,6590,train,0.1634,100.0,64
1,6600,train,0.1896,92.1053,64
1,6600,train,0.1104,100.0,64
1,6610,train,0.1951,92.7632,64
1,6610,train,0.3312,75.0,64
1,6620,train,0.2709,91.4474,63.9868
1,6620,train,0.2395,87.5,64
1,6630,train,0.2058,92.1053,64
1,6630,train,0.0921,100.0,64
1,6640,train,0.149,97.3684,64
1,6640,train,0.0369,100.0,64
1,6650,train,0.169,92.7632,64
1,6650,train,0.1551,87.5,64
1,6656,validation,0.2139,93.04,64
1,6656,validation,0.1909,94.2,64
1,6660,train,0.1515,97.3684,64
1,6660,train,0.3927,87.5,64
1,6670,train,0.1764,95.3947,64
1,6670,train,0.1319,100.0,64
1,6680,train,0.1808,95.3947,64
1,6680,train,0.2632,87.5,64
1,6690,train,0.1711,94.0789,64
1,6690,train,0.1879,87.5,64
1,6700,train,0.2276,93.4211,64
1,6700,train,0.4104,75.0,64
1,6710,train,0.1997,94.0789,63.9474
1,6710,train,0.1935,100.0,64
1,6720,train,0.1888,91.4474,64
1,6720,train,0.1822,87.5,64
1,6730,train,0.1609,94.7368,64
1,6730,train,0.2586,87.5,64
1,6740,train,0.2178,91.4474,64
1,6740,train,0.0259,100.0,64
1,6750,train,0.1947,92.7632,64
1,6750,train,0.475,75.0,64
1,6760,train,0.1353,96.0526,64
1,6760,train,0.292,87.5,64
1,6770,train,0.1359,94.7368,64
1,6770,train,0.1558,87.5,64
1,6780,train,0.2277,92.1053,64
1,6780,train,0.1042,100.0,64
1,6790,train,0.2267,90.1316,64
1,6790,train,0.1057,100.0,64
1,6800,train,0.3018,88.1579,64
1,6800,train,0.0336,100.0,64
1,6810,train,0.2474,91.4474,64
1,6810,train,0.0701,100.0,64
1,6820,train,0.1988,94.0789,64
1,6820,train,0.2539,87.5,64
1,6830,train,0.1815,93.4211,64
1,6830,train,0.1425,100.0,64
1,6840,train,0.183,95.3947,64
1,6840,train,0.0709,100.0,64
1,6850,train,0.1954,92.1053,64
1,6850,train,0.2355,87.5,64
1,6860,train,0.2156,92.7632,64
1,6860,train,0.072,100.0,64
1,6870,train,0.1759,96.0526,64
1,6870,train,0.3783,87.5,64
1,6880,train,0.2157,93.4211,64
1,6880,train,0.1779,87.5,64
1,6890,train,0.2388,94.0789,64
1,6890,train,0.0921,100.0,64
1,6900,train,0.2003,91.4474,64
1,6900,train,0.074,100.0,64
1,6910,train,0.1857,94.7368,64
1,6910,train,0.0792,100.0,64
1,6920,train,0.1656,96.0526,64
1,6920,train,0.0545,100.0,64
1,6930,train,0.2266,90.1316,64
1,6930,train,0.1278,87.5,64
1,6940,train,0.1752,96.0526,64
1,6940,train,0.0687,100.0,64
1,6950,train,0.1827,93.4211,64
1,6950,train,0.0207,100.0,64
1,6960,train,0.2103,92.7632,64
1,6960,train,0.5307,87.5,64
1,6970,train,0.2387,92.1053,64
1,6970,train,0.2373,100.0,64
1,6980,train,0.1852,94.7368,64
1,6980,train,0.1185,100.0,64
1,6990,train,0.1865,93.4211,64
1,6990,train,0.2697,100.0,64
1,7000,train,0.1996,91.4474,64
1,7000,train,0.2723,87.5,64
1,7010,train,0.1713,95.3947,64
1,7010,train,0.0449,100.0,64
1,7020,train,0.2245,92.7632,64
1,7020,train,0.0855,100.0,64
1,7030,train,0.2104,94.7368,64
1,7030,train,0.2248,100.0,64
1,7040,train,0.1854,93.4211,64
1,7040,train,0.2162,87.5,64
1,7050,train,0.144,96.0526,64
1,7050,train,0.0564,100.0,64
1,7060,train,0.1444,94.0789,64
1,7060,train,0.5038,75.0,64
1,7070,train,0.1782,94.0789,64
1,7070,train,0.1499,87.5,64
1,7080,train,0.1647,95.3947,64
1,7080,train,0.0543,100.0,64
1,7090,train,0.2122,93.4211,64
1,7090,train,0.1254,100.0,64
1,7100,train,0.2441,91.4474,64
1,7100,train,0.337,87.5,64
1,7110,train,0.1752,93.4211,64
1,7110,train,0.0826,100.0,64
1,7120,train,0.1559,96.0526,64
1,7120,train,0.1315,87.5,64
1,7130,train,0.225,92.1053,64
1,7130,train,0.4547,75.0,64
1,7140,train,0.1621,95.3947,64
1,7140,train,0.4034,87.5,64
1,7150,train,0.2298,93.4211,64
1,7150,train,0.2071,87.5,64
1,7160,train,0.2043,91.4474,64
1,7160,train,0.0382,100.0,64
1,7168,validation,0.1945,93.96,64
1,7168,validation,0.1979,93.54,64
1,7170,train,0.1601,94.0789,64
1,7170,train,0.2636,87.5,64
1,7180,train,0.1974,94.7368,64
1,7180,train,0.0796,100.0,64
1,7190,train,0.1963,93.4211,64
1,7190,train,0.0427,100.0,64
1,7200,train,0.171,94.0789,64
1,7200,train,0.0695,100.0,64
1,7210,train,0.2256,92.7632,64
1,7210,train,0.1256,100.0,64
1,7220,train,0.1702,94.0789,64
1,7220,train,0.0848,100.0,64
1,7230,train,0.2417,94.0789,64
1,7230,train,0.0206,100.0,64
1,7240,train,0.12,96.7105,64
1,7240,train,0.5177,75.0,64
1,7250,train,0.2071,93.4211,64
1,7250,train,0.6273,75.0,64
1,7260,train,0.2138,92.7632,64
1,7260,train,0.3196,87.5,64
1,7270,train,0.203,92.7632,64
1,7270,train,0.2882,87.5,64
1,7280,train,0.1605,94.0789,64
1,7280,train,0.346,87.5,64
1,7290,train,0.2159,92.1053,64
1,7290,train,0.0864,100.0,64
1,7300,train,0.1546,95.3947,64
1,7300,train,0.0954,100.0,64
1,7310,train,0.1449,96.0526,64
1,7310,train,0.0391,100.0,64
1,7320,train,0.1723,94.0789,64
1,7320,train,0.6224,75.0,64
1,7330,train,0.1612,95.3947,64
1,7330,train,0.2328,87.5,64
1,7340,train,0.2472,91.4474,64
1,7340,train,0.4869,75.0,64
1,7350,train,0.1928,94.7368,64
1,7350,train,0.3748,87.5,64
1,7360,train,0.154,95.3947,64
1,7360,train,0.3402,87.5,64
1,7370,train,0.2041,92.1053,64
1,7370,train,0.4509,87.5,64
1,7380,train,0.152,94.7368,64
1,7380,train,0.3895,75.0,64
1,7390,train,0.1675,95.3947,64
1,7390,train,0.0129,100.0,64
1,7400,train,0.2003,92.7632,64
1,7400,train,0.1529,87.5,64
1,7410,train,0.1908,94.7368,64
1,7410,train,0.2516,87.5,64
1,7420,train,0.1232,96.0526,64
1,7420,train,0.0379,100.0,64
1,7430,train,0.1735,94.7368,64
1,7430,train,0.0239,100.0,64
1,7440,train,0.2343,92.1053,64
1,7440,train,0.0374,100.0,64
1,7450,train,0.1975,93.4211,64
1,7450,train,0.4653,87.5,64
1,7460,train,0.236,92.1053,64
1,7460,train,0.2055,87.5,64
1,7470,train,0.191,91.4474,64
1,7470,train,0.0421,100.0,64
1,7480,train,0.227,92.7632,64
1,7480,train,0.0894,100.0,64
1,7490,train,0.2573,92.1053,64
1,7490,train,0.0594,100.0,64
1,7500,train,0.1883,94.0789,64
1,7500,train,0.4063,87.5,64
1,7510,train,0.1465,95.3947,64
1,7510,train,0.3551,87.5,64
1,7520,train,0.1672,94.0789,64
1,7520,train,0.0402,100.0,64
1,7530,train,0.1655,93.4211,64
1,7530,train,0.0076,100.0,64
1,7540,train,0.1214,97.3684,64
1,7540,train,0.0747,100.0,64
1,7550,train,0.1428,96.0526,64
1,7550,train,0.089,100.0,64
1,7560,train,0.1461,95.3947,64
1,7560,train,0.15,100.0,64
1,7570,train,0.1093,98.0263,64
1,7570,train,0.1156,100.0,64
1,7580,train,0.082,98.6842,64
1,7580,train,0.049,100.0,64
1,7590,train,0.1805,95.3947,64
1,7590,train,0.1451,100.0,64
1,7600,train,0.1697,95.3947,64
1,7600,train,0.1719,100.0,64
1,7610,train,0.1611,94.0789,64
1,7610,train,0.091,100.0,64
1,7620,train,0.1722,92.7632,64
1,7620,train,0.0437,100.0,64
1,7630,train,0.2348,93.4211,64
1,7630,train,0.0124,100.0,64
1,7640,train,0.1636,96.7105,64
1,7640,train,0.117,100.0,64
1,7650,train,0.1072,98.6842,64
1,7650,train,0.0424,100.0,64
1,7660,train,0.149,94.7368,64
1,7660,train,0.1581,87.5,64
1,7670,train,0.1423,93.4211,64
1,7670,train,0.2603,87.5,64
1,7680,train,0.2111,92.7632,64
1,7680,validation,0.2348,91.92,64
1,7680,train,0.2287,100.0,64
1,7680,validation,0.2449,91.92,64
1,7690,train,0.1217,96.0526,64
1,7690,train,0.3244,87.5,64
1,7700,train,0.1444,95.3947,64
1,7700,train,0.1182,100.0,64
1,7710,train,0.218,91.4474,64
1,7710,train,0.0249,100.0,64
1,7720,train,0.1958,95.3947,64
1,7720,train,0.437,87.5,64
1,7730,train,0.1709,93.4211,64
1,7730,train,0.0293,100.0,64
1,7740,train,0.1272,96.0526,64
1,7740,train,0.0575,100.0,64
1,7750,train,0.1365,96.7105,64
1,7750,train,0.0544,100.0,64
1,7760,train,0.1643,94.7368,64
1,7760,train,0.0521,100.0,64
1,7770,train,0.2141,93.4211,64
1,7770,train,0.1234,87.5,64
1,7780,train,0.1332,95.3947,64
1,7780,train,0.2697,100.0,64
1,7790,train,0.2188,92.1053,64
1,7790,train,0.0571,100.0,64
1,7800,train,0.16,96.0526,64
1,7800,train,0.0754,100.0,64
1,7810,train,0.1142,98.0263,64
1,7810,train,0.0946,100.0,64
1,7820,train,0.1349,94.7368,64
1,7820,train,0.2891,87.5,64
1,7830,train,0.1464,94.7368,64
1,7830,train,0.3874,87.5,64
1,7840,train,0.1098,98.0263,64
1,7840,train,0.4571,87.5,64
1,7850,train,0.1388,93.4211,64
1,7850,train,0.0489,100.0,64
1,7860,train,0.1522,94.7368,64
1,7860,train,0.0406,100.0,64
1,7870,train,0.134,94.7368,64
1,7870,train,0.5426,87.5,64
1,7880,train,0.2141,92.7632,64
1,7880,train,0.2056,100.0,64
1,7890,train,0.1158,98.0263,64
1,7890,train,0.0427,100.0,64
1,7900,train,0.169,93.4211,64
1,7900,train,0.1041,100.0,64
1,7910,train,0.1598,94.0789,64
1,7910,train,0.1156,100.0,64
1,7920,train,0.1388,94.7368,64
1,7920,train,0.0625,100.0,64
1,7930,train,0.2305,92.7632,64
1,7930,train,0.3881,87.5,64
1,7940,train,0.2164,92.7632,64
1,7940,train,0.0696,100.0,64
1,7950,train,0.2291,92.7632,64
1,7950,train,0.1068,100.0,64
1,7960,train,0.2321,92.1053,64
1,7960,train,0.157,100.0,64
1,7970,train,0.1448,94.0789,64
1,7970,train,0.2954,87.5,64
1,7980,train,0.1914,92.7632,64
1,7980,train,0.0475,100.0,64
1,7990,train,0.1683,92.7632,64
1,7990,train,0.1341,100.0,64
1,8000,train,0.1196,98.6842,64
1,8000,train,0.0923,100.0,64
1,8010,train,0.1725,91.4474,64
1,8010,train,0.3498,87.5,64
1,8020,train,0.1177,97.3684,64
1,8020,train,0.5121,75.0,64
1,8030,train,0.212,90.1316,64
1,8030,train,0.3607,75.0,64
1,8040,train,0.209,92.1053,64
1,8040,train,0.2418,87.5,64
1,8050,train,0.1449,94.7368,64
1,8050,train,0.1139,100.0,64
1,8060,train,0.1768,95.3947,64
1,8060,train,0.4746,75.0,64
1,8070,train,0.1931,93.4211,64
1,8070,train,0.0197,100.0,64
1,8080,train,0.1537,96.7105,64
1,8080,train,0.0469,100.0,64
1,8090,train,0.1643,95.3947,64
1,8090,train,0.2712,87.5,64
1,8100,train,0.1221,96.0526,64
1,8100,train,0.0534,100.0,64
1,8110,train,0.1895,94.0789,64
1,8110,train,0.2993,87.5,64
1,8120,train,0.1937,96.0526,64
1,8120,train,0.1245,100.0,64
1,8130,train,0.1844,93.4211,64
1,8130,train,0.0799,100.0,64
1,8140,train,0.3038,90.7895,64
1,8140,train,0.2808,75.0,64
1,8150,train,0.261,92.1053,64
1,8150,train,0.1574,100.0,64
1,8160,train,0.2278,94.0789,64
1,8160,train,0.285,87.5,64
1,8170,train,0.1573,96.7105,64
1,8170,train,0.0696,100.0,64
1,8180,train,0.1989,93.4211,64
1,8180,train,0.1514,87.5,64
1,8190,train,0.1496,96.7105,64
1,8190,train,0.0101,100.0,64
1,8192,validation,0.1504,95.5,64
