epoch,global step,mode,loss,accuracy,mean_length
0,0,train,2.743,12.5,36.25
0,0,validation,2.7588,12.7,48.111
0,10,train,2.4056,13.1579,49.9737
0,10,train,2.1708,25.0,62
0,20,train,2.2369,10.5263,63.1711
0,20,train,1.8605,25.0,64
0,30,train,2.1203,13.1579,64
0,30,train,2.1296,0.0,64
0,40,train,2.1083,12.5,64
0,40,train,2.1064,12.5,64
0,50,train,2.0955,9.8684,64
0,50,train,2.0805,12.5,64
0,60,train,2.0858,16.4474,64
0,60,train,2.1021,0.0,64
0,70,train,2.071,13.1579,64
0,70,train,2.1371,12.5,64
0,80,train,2.0753,15.1316,64
0,80,train,2.0634,12.5,64
0,90,train,2.1013,13.1579,64
0,90,train,2.0298,37.5,64
0,100,train,2.0597,14.4737,64
0,100,train,2.1678,0.0,64
0,110,train,2.0641,17.7632,64
0,110,train,1.9807,37.5,64
0,120,train,2.0825,13.8158,64
0,120,train,2.0362,25.0,64
0,130,train,2.0444,12.5,64
0,130,train,2.1276,12.5,64
0,140,train,2.0876,13.1579,64
0,140,train,2.0763,12.5,64
0,150,train,2.0951,11.8421,64
0,150,train,2.0862,0.0,64
0,160,train,2.0868,15.1316,64
0,160,train,2.0809,12.5,64
0,170,train,2.093,13.1579,64
0,170,train,2.0044,50.0,64
0,180,train,2.0898,14.4737,64
0,180,train,2.058,12.5,64
0,190,train,2.0992,10.5263,64
0,190,train,2.0859,0.0,64
0,200,train,2.0898,9.8684,64
0,200,train,2.1582,0.0,64
0,210,train,2.0864,13.8158,64
0,210,train,2.1033,0.0,64
0,220,train,2.082,11.8421,64
0,220,train,2.0513,25.0,64
0,230,train,2.0743,14.4737,64
0,230,train,2.0768,12.5,64
0,240,train,2.0902,9.8684,64
0,240,train,2.1307,12.5,64
0,250,train,2.085,7.8947,64
0,250,train,2.0277,37.5,64
0,260,train,2.0769,11.8421,64
0,260,train,2.0583,25.0,64
0,270,train,2.0922,9.8684,64
0,270,train,2.1509,0.0,64
0,280,train,2.082,13.1579,64
0,280,train,2.0932,12.5,64
0,290,train,2.087,13.1579,64
0,290,train,2.1177,12.5,64
0,300,train,2.0863,9.2105,64
0,300,train,2.0596,37.5,64
0,310,train,2.0818,17.1053,64
0,310,train,2.1126,0.0,64
0,320,train,2.0932,12.5,64
0,320,train,2.0387,25.0,64
0,330,train,2.0797,15.1316,64
0,330,train,2.0697,25.0,64
0,340,train,2.0779,16.4474,64
0,340,train,2.0978,12.5,64
0,350,train,2.0803,10.5263,64
0,350,train,2.0926,0.0,64
0,360,train,2.072,17.7632,64
0,360,train,2.115,0.0,64
0,370,train,2.0869,12.5,64
0,370,train,2.0387,25.0,64
0,380,train,2.0871,13.8158,64
0,380,train,2.0721,25.0,64
0,390,train,2.076,14.4737,64
0,390,train,2.0941,37.5,64
0,400,train,2.0765,11.8421,64
0,400,train,2.0751,12.5,64
0,410,train,2.0737,13.1579,64
0,410,train,2.1268,0.0,64
0,420,train,2.0832,15.1316,64
0,420,train,2.0837,12.5,64
0,430,train,2.072,15.7895,64
0,430,train,2.1243,0.0,64
0,440,train,2.0867,9.8684,64
0,440,train,2.0553,25.0,64
0,450,train,2.0837,13.8158,64
0,450,train,2.1126,12.5,64
0,460,train,2.0772,15.1316,64
0,460,train,2.0895,37.5,64
0,470,train,2.0936,10.5263,64
0,470,train,2.0072,25.0,64
0,480,train,2.0977,9.8684,64
0,480,train,2.1087,0.0,64
0,490,train,2.0674,14.4737,64
0,490,train,2.0226,37.5,64
0,500,train,2.0637,13.1579,64
0,500,train,2.0566,25.0,64
0,510,train,2.0497,13.8158,64
0,510,train,2.0639,25.0,64
0,512,validation,2.0509,12.16,64
0,512,validation,2.0494,12.14,64
0,520,train,2.0315,13.1579,64
0,520,train,2.0464,25.0,64
0,530,train,2.0408,15.7895,64
0,530,train,1.9494,12.5,64
0,540,train,2.011,12.5,64
0,540,train,2.082,12.5,64
0,550,train,2.0661,15.7895,64
0,550,train,2.1274,12.5,64
0,560,train,2.0729,10.5263,64
0,560,train,2.1103,25.0,64
0,570,train,2.0819,9.8684,64
0,570,train,2.0183,37.5,64
0,580,train,2.0754,5.2632,64
0,580,train,2.0698,12.5,64
0,590,train,2.0709,16.4474,64
0,590,train,2.0907,25.0,64
0,600,train,2.0623,7.8947,64
0,600,train,2.1466,0.0,64
0,610,train,2.0342,10.5263,64
0,610,train,2.0129,0.0,64
0,620,train,2.0324,10.5263,64
0,620,train,2.124,0.0,64
0,630,train,2.0093,19.0789,64
0,630,train,2.0851,37.5,64
0,640,train,2.0066,12.5,64
0,640,train,2.0402,12.5,64
0,650,train,1.9677,12.5,64
0,650,train,1.8962,0.0,64
0,660,train,1.9449,13.1579,64
0,660,train,1.9617,25.0,64
0,670,train,2.005,16.4474,64
0,670,train,1.6374,25.0,64
0,680,train,1.9738,15.1316,64
0,680,train,1.949,25.0,64
0,690,train,2.0129,8.5526,64
0,690,train,2.0317,25.0,64
0,700,train,1.9966,9.8684,64
0,700,train,2.2105,12.5,64
0,710,train,1.9633,16.4474,64
0,710,train,1.7091,37.5,64
0,720,train,1.9448,15.7895,64
0,720,train,2.0471,0.0,64
0,730,train,1.8928,17.1053,64
0,730,train,1.851,25.0,64
0,740,train,1.9999,13.8158,64
0,740,train,2.044,25.0,64
0,750,train,1.892,21.7105,64
0,750,train,1.6235,37.5,64
0,760,train,1.9649,13.1579,64
0,760,train,2.1819,37.5,64
0,770,train,1.9828,16.4474,64
0,770,train,1.9394,12.5,64
0,780,train,1.9319,16.4474,64
0,780,train,2.0828,12.5,64
0,790,train,2.0005,17.1053,64
0,790,train,1.8572,12.5,64
0,800,train,1.9453,20.3947,64
0,800,train,1.9166,12.5,64
0,810,train,1.8544,23.6842,64
0,810,train,2.1703,12.5,64
0,820,train,1.8227,26.3158,64
0,820,train,1.4094,62.5,64
0,830,train,1.9443,17.1053,64
0,830,train,1.8978,12.5,64
0,840,train,1.91,22.3684,64
0,840,train,1.6803,37.5,64
0,850,train,1.9369,21.0526,64
0,850,train,2.1084,12.5,64
0,860,train,1.9171,24.3421,64
0,860,train,1.9774,12.5,64
0,870,train,1.8343,28.2895,64
0,870,train,1.6667,25.0,64
0,880,train,1.8685,28.9474,64
0,880,train,1.8218,12.5,64
0,890,train,1.8147,21.7105,64
0,890,train,2.0418,25.0,64
0,900,train,1.9185,25.0,64
0,900,train,2.0179,37.5,64
0,910,train,1.8214,23.0263,64
0,910,train,1.8895,25.0,64
0,920,train,1.9801,25.6579,64
0,920,train,2.1116,37.5,64
0,930,train,1.937,21.0526,64
0,930,train,2.0472,12.5,64
0,940,train,1.9515,19.0789,64
0,940,train,2.0357,12.5,64
0,950,train,1.8902,23.0263,64
0,950,train,2.0126,12.5,64
0,960,train,1.8386,25.6579,64
0,960,train,1.8097,0.0,64
0,970,train,1.7519,25.6579,64
0,970,train,1.9806,0.0,64
0,980,train,1.8262,23.6842,64
0,980,train,1.9692,0.0,64
0,990,train,1.8076,27.6316,64
0,990,train,1.7977,25.0,64
0,1000,train,1.8763,19.7368,64
0,1000,train,1.3708,50.0,64
0,1010,train,1.7223,29.6053,64
0,1010,train,2.1001,12.5,64
0,1020,train,1.7755,29.6053,64
0,1020,train,1.9657,25.0,64
0,1024,validation,1.7696,28.22,64
0,1024,validation,1.7653,28.14,64
0,1030,train,1.7545,26.3158,64
0,1030,train,1.6807,37.5,64
0,1040,train,1.8882,23.6842,64
0,1040,train,1.477,50.0,64
0,1050,train,1.7556,22.3684,64
0,1050,train,1.7011,25.0,64
0,1060,train,1.8501,26.3158,64
0,1060,train,1.587,37.5,64
0,1070,train,1.8455,25.0,64
0,1070,train,1.6249,50.0,64
0,1080,train,1.738,30.9211,64
0,1080,train,1.7938,37.5,64
0,1090,train,1.7437,28.9474,64
0,1090,train,1.5784,25.0,64
0,1100,train,1.6902,29.6053,64
0,1100,train,1.6016,25.0,64
0,1110,train,1.6561,32.8947,64
0,1110,train,1.2254,50.0,64
0,1120,train,1.689,32.2368,64
0,1120,train,1.9719,25.0,64
0,1130,train,1.7368,31.5789,64
0,1130,train,1.4356,50.0,64
0,1140,train,1.6614,27.6316,64
0,1140,train,1.9119,25.0,64
0,1150,train,1.6968,28.2895,64
0,1150,train,1.5094,37.5,64
0,1160,train,1.7592,27.6316,64
0,1160,train,1.6445,37.5,64
0,1170,train,1.6738,32.2368,64
0,1170,train,1.3866,75.0,64
0,1180,train,1.6354,32.2368,64
0,1180,train,1.6988,25.0,64
0,1190,train,1.7097,29.6053,64
0,1190,train,1.638,25.0,64
0,1200,train,1.6921,32.8947,64
0,1200,train,1.8854,12.5,64
0,1210,train,1.6395,34.8684,64
0,1210,train,1.6258,50.0,64
0,1220,train,1.5374,38.1579,64
0,1220,train,1.4444,50.0,64
0,1230,train,1.645,36.1842,64
0,1230,train,1.3656,50.0,64
0,1240,train,1.5412,37.5,64
0,1240,train,1.7034,25.0,64
0,1250,train,1.6223,36.1842,64
0,1250,train,1.2953,50.0,64
0,1260,train,1.6194,34.2105,64
0,1260,train,1.6195,50.0,64
0,1270,train,1.5716,34.8684,64
0,1270,train,2.05,25.0,64
0,1280,train,1.5145,36.8421,64
0,1280,train,1.3034,37.5,64
0,1290,train,1.5873,30.9211,64
0,1290,train,1.3276,50.0,64
0,1300,train,1.5129,40.1316,64
0,1300,train,1.6421,50.0,64
0,1310,train,1.6805,26.9737,64
0,1310,train,1.446,37.5,64
0,1320,train,1.5172,35.5263,64
0,1320,train,1.561,37.5,64
0,1330,train,1.5106,40.7895,63.9276
0,1330,train,1.3168,37.5,64
0,1340,train,1.3651,44.7368,64
0,1340,train,1.3979,50.0,64
0,1350,train,1.3372,49.3421,64
0,1350,train,1.278,50.0,64
0,1360,train,1.4821,40.7895,63.9079
0,1360,train,1.6844,37.5,64
0,1370,train,1.467,35.5263,63.9276
0,1370,train,1.4883,37.5,64
0,1380,train,1.4212,42.7632,63.7961
0,1380,train,1.4482,50.0,64
0,1390,train,1.445,44.0789,64
0,1390,train,1.6245,62.5,64
0,1400,train,1.3105,49.3421,64
0,1400,train,1.5321,25.0,64
0,1410,train,1.4075,43.4211,64
0,1410,train,1.3888,50.0,64
0,1420,train,1.3785,49.3421,64
0,1420,train,1.2101,62.5,64
0,1430,train,1.3923,44.0789,63.9408
0,1430,train,1.2019,50.0,64
0,1440,train,1.2776,48.6842,63.9013
0,1440,train,1.0664,50.0,64
0,1450,train,1.3533,51.3158,63.8487
0,1450,train,1.565,25.0,64
0,1460,train,1.39,47.3684,63.4803
0,1460,train,1.7035,37.5,64
0,1470,train,1.3901,44.7368,62.8355
0,1470,train,1.5746,25.0,64
0,1480,train,1.2941,50.0,61.2105
0,1480,train,1.208,50.0,57.5
0,1490,train,1.5092,38.1579,36.0987
0,1490,train,1.4606,50.0,34.75
0,1500,train,1.681,38.1579,19.5789
0,1500,train,1.8723,12.5,13.75
0,1510,train,1.7039,31.5789,18.3092
0,1510,train,1.7608,12.5,17.5
0,1520,train,1.567,34.2105,41.4079
0,1520,train,1.8749,12.5,57.5
0,1530,train,1.6126,35.5263,59.1382
0,1530,train,1.2375,62.5,59.25
0,1536,validation,1.5523,36.82,63.0378
0,1536,validation,1.5519,36.58,63.0442
0,1540,train,1.5626,36.1842,60.6316
0,1540,train,1.5928,25.0,64
0,1550,train,1.5914,32.8947,63.6316
0,1550,train,1.3354,62.5,64
0,1560,train,1.4188,44.0789,61.2632
0,1560,train,1.4084,50.0,60
0,1570,train,1.3324,49.3421,62.1974
0,1570,train,1.279,62.5,60.375
0,1580,train,1.3588,48.0263,63.5855
0,1580,train,1.0608,50.0,64
0,1590,train,1.3434,42.1053,62.0724
0,1590,train,1.0259,62.5,53.5
0,1600,train,1.2931,52.6316,56.4342
0,1600,train,1.3173,50.0,55.625
0,1610,train,1.283,48.0263,56.9934
0,1610,train,1.8748,25.0,60.75
0,1620,train,1.2211,56.5789,60.3487
0,1620,train,1.4718,25.0,59.375
0,1630,train,1.2633,52.6316,59.9868
0,1630,train,1.1189,37.5,64
0,1640,train,1.1482,59.2105,62.8092
0,1640,train,0.759,75.0,60.875
0,1650,train,1.1877,53.2895,62.2105
0,1650,train,0.9208,75.0,61.5
0,1660,train,1.2376,50.6579,59.3289
0,1660,train,1.1198,37.5,64
0,1670,train,1.2052,57.2368,58.4671
0,1670,train,1.2208,62.5,58.375
0,1680,train,1.1299,59.8684,57.3882
0,1680,train,1.2977,37.5,63.625
0,1690,train,1.1784,52.6316,58.6908
0,1690,train,1.0857,75.0,64
0,1700,train,1.0717,57.8947,53.9145
0,1700,train,1.2263,62.5,54.75
0,1710,train,0.9533,64.4737,57.1382
0,1710,train,0.8877,75.0,64
0,1720,train,1.1554,54.6053,57.9539
0,1720,train,0.7694,87.5,48.75
0,1730,train,1.1782,51.3158,49.4013
0,1730,train,1.5555,12.5,44.75
0,1740,train,1.2857,49.3421,55.8026
0,1740,train,1.0288,62.5,52.875
0,1750,train,1.2362,49.3421,54.7434
0,1750,train,1.0202,50.0,46.875
0,1760,train,1.0216,62.5,55.6908
0,1760,train,1.4697,50.0,45.75
0,1770,train,1.06,60.5263,54.8289
0,1770,train,0.7332,75.0,57.25
0,1780,train,1.2444,53.2895,48.3684
0,1780,train,0.9181,62.5,49.875
0,1790,train,1.1263,53.9474,42.6382
0,1790,train,1.2326,37.5,51
0,1800,train,1.1544,57.2368,37.0855
0,1800,train,1.6666,37.5,40.625
0,1810,train,1.2869,49.3421,35.0789
0,1810,train,0.921,62.5,43.625
0,1820,train,1.0647,61.8421,40.3092
0,1820,train,0.9084,62.5,49.25
0,1830,train,1.0394,65.7895,47.8947
0,1830,train,0.6281,87.5,53.125
0,1840,train,1.0453,62.5,43.1513
0,1840,train,1.0995,62.5,38.25
0,1850,train,0.9516,67.7632,45.8224
0,1850,train,0.8396,62.5,58.125
0,1860,train,0.9614,66.4474,42.6908
0,1860,train,1.2918,62.5,50.875
0,1870,train,0.9224,64.4737,43.5263
0,1870,train,1.4746,37.5,38.375
0,1880,train,0.8973,66.4474,43.7763
0,1880,train,1.0811,50.0,43.375
0,1890,train,1.0241,61.8421,40.9737
0,1890,train,0.9178,75.0,35.625
0,1900,train,0.9432,70.3947,41.7895
0,1900,train,0.7112,75.0,40.875
0,1910,train,0.9651,63.8158,42.4539
0,1910,train,0.5686,62.5,38.75
0,1920,train,0.9534,65.7895,46.1382
0,1920,train,1.0404,50.0,40.875
0,1930,train,0.8443,71.7105,47.0724
0,1930,train,0.8815,62.5,36.75
0,1940,train,0.8728,64.4737,47.1645
0,1940,train,0.7149,87.5,48
0,1950,train,0.9325,63.1579,48.1842
0,1950,train,0.4807,87.5,58.125
0,1960,train,0.9017,64.4737,41.3684
0,1960,train,0.976,62.5,43
0,1970,train,0.8482,67.1053,41.2039
0,1970,train,0.9648,50.0,44.125
0,1980,train,0.9924,63.1579,47.0066
0,1980,train,1.1067,50.0,41.5
0,1990,train,1.0467,67.7632,39.5592
0,1990,train,0.5728,75.0,33.625
0,2000,train,0.9916,61.1842,41.625
0,2000,train,0.6509,87.5,64
0,2010,train,0.8423,70.3947,40.7961
0,2010,train,0.9615,62.5,36
0,2020,train,0.756,71.7105,41.7368
0,2020,train,0.671,75.0,37.875
0,2030,train,0.8858,67.1053,35.8224
0,2030,train,0.6893,87.5,48
0,2040,train,0.8728,67.7632,35.9408
0,2040,train,0.5658,100.0,40.125
0,2048,validation,1.2014,54.34,54.0372
0,2048,validation,1.2031,54.18,54.0502
0,2050,train,1.0693,61.1842,41.8355
0,2050,train,0.9301,50.0,47.75
0,2060,train,1.2791,45.3947,57.7237
0,2060,train,0.7256,87.5,50.5
0,2070,train,1.1454,55.2632,57.4803
0,2070,train,1.2163,37.5,64
0,2080,train,1.0666,53.9474,55.6908
0,2080,train,0.8981,75.0,50.25
0,2090,train,0.9826,61.8421,57.7039
0,2090,train,1.246,37.5,57.625
0,2100,train,1.1555,53.9474,61.9342
0,2100,train,1.1142,50.0,64
0,2110,train,1.132,60.5263,64
0,2110,train,1.1548,37.5,64
0,2120,train,1.0437,58.5526,63.9013
0,2120,train,1.1909,50.0,64
0,2130,train,1.1146,53.2895,64
0,2130,train,0.8901,75.0,64
0,2140,train,0.8639,70.3947,64
0,2140,train,1.2071,75.0,64
0,2150,train,1.0048,57.2368,63.8289
0,2150,train,0.7432,75.0,64
0,2160,train,0.9347,63.1579,64
0,2160,train,0.9896,62.5,64
0,2170,train,0.9116,63.1579,64
0,2170,train,0.9579,37.5,64
0,2180,train,0.8994,65.7895,64
0,2180,train,0.5439,87.5,64
0,2190,train,0.9389,61.8421,64
0,2190,train,0.6102,75.0,64
0,2200,train,1.0143,56.5789,63.5395
0,2200,train,0.5977,87.5,64
0,2210,train,0.8941,61.8421,64
0,2210,train,0.8595,75.0,64
0,2220,train,0.8326,66.4474,63.9408
0,2220,train,1.449,12.5,64
0,2230,train,0.9459,62.5,63.8092
0,2230,train,0.7202,75.0,64
0,2240,train,0.8334,69.0789,64
0,2240,train,0.7362,75.0,64
0,2250,train,1.0274,57.8947,64
0,2250,train,0.9506,75.0,64
0,2260,train,0.9517,66.4474,63.7368
0,2260,train,0.6673,62.5,64
0,2270,train,0.8238,71.7105,64
0,2270,train,0.6095,75.0,64
0,2280,train,0.8278,68.4211,64
0,2280,train,0.43,87.5,64
0,2290,train,0.8915,61.1842,64
0,2290,train,0.5377,87.5,64
0,2300,train,0.6938,75.0,63.9013
0,2300,train,0.7677,62.5,64
0,2310,train,0.8544,66.4474,64
0,2310,train,0.9082,75.0,64
0,2320,train,0.7086,75.6579,63.0395
0,2320,train,1.1056,62.5,64
0,2330,train,0.8241,71.7105,63.6776
0,2330,train,0.8967,62.5,64
0,2340,train,0.7825,71.7105,63.3816
0,2340,train,0.9762,62.5,61
0,2350,train,0.8391,68.4211,63.1908
0,2350,train,0.6901,62.5,64
0,2360,train,0.8115,68.4211,62.4342
0,2360,train,0.326,100.0,58.125
0,2370,train,0.7744,70.3947,63.3026
0,2370,train,1.1201,62.5,57.5
0,2380,train,0.8112,67.7632,62.2039
0,2380,train,0.7557,62.5,63.875
0,2390,train,0.6476,78.2895,62.8289
0,2390,train,0.9743,50.0,64
0,2400,train,0.8503,64.4737,62.8158
0,2400,train,0.4459,100.0,64
0,2410,train,0.6014,78.2895,62.4934
0,2410,train,0.5651,87.5,64
0,2420,train,0.8133,71.7105,62.8882
0,2420,train,0.6402,87.5,62.375
0,2430,train,0.6956,76.9737,62.6974
0,2430,train,0.8389,50.0,64
0,2440,train,0.679,78.2895,63.3158
0,2440,train,0.846,75.0,64
0,2450,train,0.6491,75.0,63.8487
0,2450,train,0.8273,75.0,64
0,2460,train,0.7555,67.7632,63.875
0,2460,train,0.6255,75.0,64
0,2470,train,0.647,79.6053,63.4737
0,2470,train,1.0222,62.5,64
0,2480,train,0.7028,73.0263,63.8421
0,2480,train,0.9506,75.0,64
0,2490,train,0.5973,79.6053,63.7895
0,2490,train,1.2721,62.5,64
0,2500,train,0.6777,73.6842,63.3618
0,2500,train,0.8112,50.0,64
0,2510,train,0.7141,70.3947,64
0,2510,train,0.4519,87.5,64
0,2520,train,0.7166,76.3158,63.5526
0,2520,train,0.8494,75.0,64
0,2530,train,0.7776,68.4211,63.8684
0,2530,train,0.4941,87.5,64
0,2540,train,0.6549,71.0526,63.75
0,2540,train,0.4262,75.0,64
0,2550,train,0.7252,73.6842,63.6447
0,2550,train,1.07,62.5,64
0,2560,train,0.6545,73.6842,63.0132
0,2560,validation,0.6758,74.86,63.329
0,2560,train,0.5669,75.0,64
0,2560,validation,0.675,74.84,63.3552
0,2570,train,0.6263,73.0263,63.2632
0,2570,train,0.7681,75.0,64
0,2580,train,0.6552,72.3684,62.9803
0,2580,train,0.2779,100.0,64
0,2590,train,0.642,78.2895,63.6316
0,2590,train,0.6147,75.0,59.375
0,2600,train,0.6298,76.3158,62.1118
0,2600,train,0.383,87.5,64
0,2610,train,0.7003,71.0526,60.6513
0,2610,train,0.9007,50.0,64
0,2620,train,0.5999,78.2895,60.9408
0,2620,train,0.662,75.0,64
0,2630,train,0.6548,78.2895,62.0724
0,2630,train,0.6793,50.0,55.375
0,2640,train,0.6119,79.6053,62.9276
0,2640,train,0.6242,87.5,64
0,2650,train,0.6956,73.0263,63.3882
0,2650,train,0.99,50.0,64
0,2660,train,0.6641,74.3421,63.9013
0,2660,train,0.2675,100.0,64
0,2670,train,0.6211,75.6579,63.6118
0,2670,train,0.9085,62.5,64
0,2680,train,0.6691,75.6579,63.9474
0,2680,train,0.5501,87.5,64
0,2690,train,0.7756,69.0789,64
0,2690,train,0.532,75.0,64
0,2700,train,0.662,75.6579,63.7632
0,2700,train,0.5109,87.5,64
0,2710,train,0.7154,75.6579,63.2895
0,2710,train,0.3607,87.5,64
0,2720,train,0.6972,73.6842,63.8684
0,2720,train,0.3647,87.5,64
0,2730,train,0.7165,74.3421,63.75
0,2730,train,0.5776,87.5,64
0,2740,train,0.6597,72.3684,63.2763
0,2740,train,0.6967,75.0,62.625
0,2750,train,0.561,79.6053,63.4211
0,2750,train,0.6135,62.5,64
0,2760,train,0.6435,73.0263,63.2566
0,2760,train,0.4226,100.0,64
0,2770,train,0.5901,79.6053,62.8684
0,2770,train,0.725,50.0,59.75
0,2780,train,0.5849,82.8947,63.7105
0,2780,train,0.8573,50.0,64
0,2790,train,0.6584,75.6579,62.875
0,2790,train,0.3877,87.5,61.25
0,2800,train,0.5539,81.5789,63.9605
0,2800,train,0.4595,75.0,64
0,2810,train,0.571,80.2632,64
0,2810,train,0.7066,62.5,64
0,2820,train,0.646,74.3421,64
0,2820,train,0.6275,87.5,64
0,2830,train,0.6634,76.3158,63.9408
0,2830,train,0.5303,87.5,64
0,2840,train,0.6385,77.6316,63.8224
0,2840,train,0.3786,87.5,64
0,2850,train,0.5894,78.2895,64
0,2850,train,0.1387,100.0,64
0,2860,train,0.5626,80.2632,64
0,2860,train,0.5071,75.0,64
0,2870,train,0.576,82.8947,63.9934
0,2870,train,0.6283,75.0,64
0,2880,train,0.54,78.2895,64
0,2880,train,1.1652,75.0,64
0,2890,train,0.656,76.3158,63.9079
0,2890,train,0.3955,87.5,64
0,2900,train,0.6116,76.3158,64
0,2900,train,1.0695,62.5,64
0,2910,train,0.6428,77.6316,64
0,2910,train,0.1543,100.0,64
0,2920,train,0.5193,80.9211,64
0,2920,train,1.0898,50.0,64
0,2930,train,0.5092,83.5526,64
0,2930,train,0.8163,37.5,64
0,2940,train,0.5035,83.5526,64
0,2940,train,0.4962,87.5,64
0,2950,train,0.5446,76.9737,64
0,2950,train,0.1439,100.0,64
0,2960,train,0.4965,80.9211,64
0,2960,train,0.5179,87.5,64
0,2970,train,0.6544,78.2895,64
0,2970,train,0.6738,75.0,64
0,2980,train,0.7213,73.6842,64
0,2980,train,0.3218,87.5,64
0,2990,train,0.7024,75.6579,64
0,2990,train,0.6532,62.5,64
0,3000,train,0.7183,73.6842,64
0,3000,train,0.5485,75.0,64
0,3010,train,0.666,72.3684,64
0,3010,train,0.4453,100.0,64
0,3020,train,0.6308,76.9737,64
0,3020,train,1.0546,62.5,64
0,3030,train,0.6262,75.0,64
0,3030,train,0.6978,62.5,64
0,3040,train,0.57,75.0,64
0,3040,train,0.3114,100.0,64
0,3050,train,0.6307,75.6579,64
0,3050,train,0.7464,75.0,64
0,3060,train,0.5215,76.3158,64
0,3060,train,0.737,50.0,64
0,3070,train,0.5159,77.6316,63.8158
0,3070,train,0.384,75.0,64
0,3072,validation,0.5366,79.96,64
0,3072,validation,0.5336,79.38,63.9968
0,3080,train,0.514,81.5789,64
0,3080,train,0.2999,87.5,64
0,3090,train,0.5025,80.2632,64
0,3090,train,0.4474,87.5,64
0,3100,train,0.5678,77.6316,64
0,3100,train,0.9515,75.0,64
0,3110,train,0.4689,83.5526,64
0,3110,train,0.3705,87.5,64
0,3120,train,0.4897,80.9211,64
0,3120,train,0.4499,75.0,64
0,3130,train,0.513,85.5263,64
0,3130,train,0.509,87.5,64
0,3140,train,0.5616,78.9474,63.9605
0,3140,train,0.1719,100.0,64
0,3150,train,0.4942,80.2632,64
0,3150,train,0.7711,50.0,64
0,3160,train,0.5692,76.3158,64
0,3160,train,0.4096,87.5,64
0,3170,train,0.5427,81.5789,64
0,3170,train,0.2572,87.5,64
0,3180,train,0.4157,86.1842,64
0,3180,train,0.7498,75.0,64
0,3190,train,0.5243,80.2632,64
0,3190,train,0.6105,75.0,64
0,3200,train,0.5354,81.5789,64
0,3200,train,0.369,87.5,64
0,3210,train,0.6076,77.6316,64
0,3210,train,0.6667,75.0,64
0,3220,train,0.4819,80.2632,63.6645
0,3220,train,0.3696,75.0,64
0,3230,train,0.5519,77.6316,63.7895
0,3230,train,0.1926,87.5,64
0,3240,train,0.4691,85.5263,63.75
0,3240,train,0.1402,100.0,64
0,3250,train,0.6501,76.9737,63.6908
0,3250,train,0.5631,75.0,64
0,3260,train,0.4645,84.8684,63.75
0,3260,train,0.9965,50.0,64
0,3270,train,0.558,78.2895,63.8355
0,3270,train,0.34,87.5,64
0,3280,train,0.3806,86.8421,63.7368
0,3280,train,0.2678,87.5,64
0,3290,train,0.5102,80.9211,64
0,3290,train,0.1164,100.0,64
0,3300,train,0.4712,78.2895,64
0,3300,train,0.2045,87.5,64
0,3310,train,0.5249,84.2105,64
0,3310,train,0.6971,62.5,64
0,3320,train,0.4984,82.8947,63.6382
0,3320,train,0.4453,87.5,64
0,3330,train,0.4653,82.8947,63.8816
0,3330,train,0.2587,87.5,64
0,3340,train,0.5206,81.5789,64
0,3340,train,0.4039,87.5,64
0,3350,train,0.514,81.5789,64
0,3350,train,0.4502,87.5,64
0,3360,train,0.4769,86.1842,64
0,3360,train,0.6629,75.0,64
0,3370,train,0.4771,85.5263,63.8947
0,3370,train,0.4095,87.5,64
0,3380,train,0.3885,90.1316,64
0,3380,train,0.2439,87.5,64
0,3390,train,0.4396,82.8947,64
0,3390,train,0.0847,100.0,64
0,3400,train,0.439,84.2105,64
0,3400,train,0.3523,100.0,64
0,3410,train,0.5236,84.2105,64
0,3410,train,0.4429,87.5,64
0,3420,train,0.5301,78.9474,64
0,3420,train,0.2338,87.5,64
0,3430,train,0.4504,82.2368,64
0,3430,train,0.1807,100.0,64
0,3440,train,0.4803,80.2632,64
0,3440,train,0.3753,87.5,64
0,3450,train,0.3676,88.8158,64
0,3450,train,0.243,100.0,64
0,3460,train,0.4269,84.2105,64
0,3460,train,0.486,75.0,64
0,3470,train,0.4527,84.2105,63.9013
0,3470,train,0.3103,100.0,64
0,3480,train,0.4152,86.1842,64
0,3480,train,0.8431,87.5,64
0,3490,train,0.4767,80.2632,64
0,3490,train,0.5093,75.0,64
0,3500,train,0.4917,81.5789,64
0,3500,train,0.5273,75.0,64
0,3510,train,0.4756,80.9211,64
0,3510,train,0.5853,87.5,64
0,3520,train,0.5671,78.9474,64
0,3520,train,0.4295,87.5,64
0,3530,train,0.5908,77.6316,64
0,3530,train,0.7439,62.5,64
0,3540,train,0.4439,82.8947,64
0,3540,train,0.3269,87.5,64
0,3550,train,0.479,81.5789,64
0,3550,train,0.5201,75.0,64
0,3560,train,0.4674,83.5526,64
0,3560,train,0.1303,100.0,64
0,3570,train,0.5194,79.6053,64
0,3570,train,1.242,50.0,64
0,3580,train,0.5753,82.8947,64
0,3580,train,0.7366,62.5,64
0,3584,validation,0.4864,82.26,64
0,3584,validation,0.483,82.34,64
0,3590,train,0.5732,77.6316,64
0,3590,train,0.5525,87.5,64
0,3600,train,0.4984,82.8947,64
0,3600,train,0.4513,87.5,64
0,3610,train,0.3864,84.8684,64
0,3610,train,0.5059,75.0,64
0,3620,train,0.4092,86.8421,64
0,3620,train,0.531,87.5,64
0,3630,train,0.4439,82.2368,64
0,3630,train,0.3889,87.5,64
0,3640,train,0.4263,83.5526,64
0,3640,train,0.0756,100.0,64
0,3650,train,0.4902,81.5789,64
0,3650,train,0.1672,100.0,64
0,3660,train,0.3981,86.8421,64
0,3660,train,0.324,87.5,64
0,3670,train,0.4287,83.5526,64
0,3670,train,0.3748,87.5,64
0,3680,train,0.35,88.1579,64
0,3680,train,0.6303,75.0,64
0,3690,train,0.5067,79.6053,64
0,3690,train,0.4972,75.0,64
0,3700,train,0.4519,86.8421,64
0,3700,train,0.8412,75.0,64
0,3710,train,0.3676,88.1579,64
0,3710,train,0.5469,75.0,64
0,3720,train,0.4122,84.8684,64
0,3720,train,0.719,75.0,64
0,3730,train,0.4003,84.8684,64
0,3730,train,0.388,87.5,64
0,3740,train,0.3348,88.8158,64
0,3740,train,0.1717,100.0,64
0,3750,train,0.4391,84.8684,64
0,3750,train,0.6848,87.5,64
0,3760,train,0.4118,88.8158,64
0,3760,train,0.271,100.0,64
0,3770,train,0.4474,85.5263,64
0,3770,train,0.2507,87.5,64
0,3780,train,0.596,76.3158,64
0,3780,train,0.3155,87.5,64
0,3790,train,0.4551,84.8684,64
0,3790,train,0.4226,87.5,64
0,3800,train,0.3093,91.4474,64
0,3800,train,0.2755,100.0,64
0,3810,train,0.4484,83.5526,64
0,3810,train,0.4184,75.0,64
0,3820,train,0.4557,82.8947,64
0,3820,train,0.3315,87.5,64
0,3830,train,0.2763,91.4474,64
0,3830,train,0.754,75.0,64
0,3840,train,0.3307,87.5,64
0,3840,train,0.1339,100.0,64
0,3850,train,0.3986,85.5263,64
0,3850,train,0.7319,75.0,64
0,3860,train,0.3542,88.8158,64
0,3860,train,0.3293,87.5,64
0,3870,train,0.4052,87.5,64
0,3870,train,0.5542,75.0,64
0,3880,train,0.4038,87.5,64
0,3880,train,0.3618,75.0,64
0,3890,train,0.3877,86.1842,64
0,3890,train,0.4017,87.5,64
0,3900,train,0.3724,90.1316,64
0,3900,train,0.3256,87.5,64
0,3910,train,0.3756,84.8684,64
0,3910,train,0.1958,100.0,64
0,3920,train,0.3469,88.8158,64
0,3920,train,0.5769,75.0,64
0,3930,train,0.3571,88.1579,64
0,3930,train,0.118,100.0,64
0,3940,train,0.3793,86.1842,64
0,3940,train,0.5375,75.0,64
0,3950,train,0.4718,81.5789,64
0,3950,train,0.1666,100.0,64
0,3960,train,0.5058,80.2632,64
0,3960,train,0.3852,75.0,64
0,3970,train,0.4877,82.8947,64
0,3970,train,0.6551,87.5,64
0,3980,train,0.3465,88.8158,64
0,3980,train,0.396,87.5,64
0,3990,train,0.338,87.5,64
0,3990,train,0.9953,75.0,64
0,4000,train,0.366,88.1579,64
0,4000,train,0.109,100.0,64
0,4010,train,0.4723,81.5789,64
0,4010,train,0.4602,75.0,64
0,4020,train,0.4395,84.8684,64
0,4020,train,0.1322,100.0,64
0,4030,train,0.318,88.8158,64
0,4030,train,0.6398,87.5,64
0,4040,train,0.5049,81.5789,64
0,4040,train,0.2652,100.0,64
0,4050,train,0.3722,86.8421,64
0,4050,train,0.209,100.0,64
0,4060,train,0.3956,82.2368,64
0,4060,train,0.1889,100.0,64
0,4070,train,0.3642,86.8421,64
0,4070,train,0.3844,87.5,64
0,4080,train,0.3114,90.7895,64
0,4080,train,0.2245,100.0,64
0,4090,train,0.3439,90.1316,64
0,4090,train,0.0692,100.0,64
0,4096,validation,0.3187,88.34,64
0,4096,validation,0.3284,88.08,64
0,4100,train,0.2876,89.4737,64
0,4100,train,0.8771,62.5,64
0,4110,train,0.2892,90.1316,64
0,4110,train,0.2598,87.5,64
0,4120,train,0.3509,87.5,64
0,4120,train,0.0552,100.0,64
0,4130,train,0.4309,82.8947,64
0,4130,train,0.3453,87.5,64
0,4140,train,0.3407,91.4474,64
0,4140,train,0.218,100.0,64
0,4150,train,0.3624,87.5,64
0,4150,train,0.5716,75.0,64
0,4160,train,0.3478,86.1842,64
0,4160,train,0.309,87.5,64
0,4170,train,0.2826,88.1579,64
0,4170,train,0.1371,87.5,64
0,4180,train,0.3282,88.1579,64
0,4180,train,0.2477,100.0,64
0,4190,train,0.3771,87.5,64
0,4190,train,0.5303,75.0,64
0,4200,train,0.2853,88.8158,64
0,4200,train,0.0501,100.0,64
0,4210,train,0.3683,86.1842,64
0,4210,train,0.3009,87.5,64
0,4220,train,0.3352,88.8158,64
0,4220,train,0.1997,100.0,64
0,4230,train,0.3003,90.1316,64
0,4230,train,0.2603,87.5,64
0,4240,train,0.3956,82.8947,64
0,4240,train,0.6816,62.5,64
0,4250,train,0.3065,90.1316,64
0,4250,train,0.374,87.5,64
0,4260,train,0.3025,90.7895,64
0,4260,train,0.3659,87.5,64
0,4270,train,0.2599,91.4474,64
0,4270,train,0.3196,87.5,64
0,4280,train,0.329,86.1842,64
0,4280,train,0.5306,75.0,64
0,4290,train,0.3667,88.1579,64
0,4290,train,0.266,87.5,64
0,4300,train,0.31,87.5,64
0,4300,train,0.2483,100.0,64
0,4310,train,0.3042,89.4737,64
0,4310,train,0.1518,100.0,64
0,4320,train,0.4244,84.8684,64
0,4320,train,0.5904,75.0,64
0,4330,train,0.3087,86.8421,64
0,4330,train,0.0646,100.0,64
0,4340,train,0.2804,89.4737,64
0,4340,train,0.2241,100.0,64
0,4350,train,0.3309,88.1579,64
0,4350,train,0.1391,100.0,64
0,4360,train,0.3292,87.5,64
0,4360,train,0.5025,62.5,64
0,4370,train,0.3438,89.4737,64
0,4370,train,0.561,75.0,64
0,4380,train,0.41,84.2105,64
0,4380,train,0.5622,75.0,64
0,4390,train,0.4072,87.5,64
0,4390,train,0.2053,87.5,64
0,4400,train,0.3709,82.8947,64
0,4400,train,0.2035,100.0,64
0,4410,train,0.3005,91.4474,64
0,4410,train,0.2113,100.0,64
0,4420,train,0.367,85.5263,64
0,4420,train,0.4448,75.0,64
0,4430,train,0.3636,86.8421,64
0,4430,train,0.3814,75.0,64
0,4440,train,0.292,90.7895,64
0,4440,train,0.573,62.5,64
0,4450,train,0.2944,92.7632,64
0,4450,train,0.2492,87.5,64
0,4460,train,0.3325,90.7895,64
0,4460,train,0.4766,87.5,64
0,4470,train,0.3037,90.1316,64
0,4470,train,0.2131,100.0,64
0,4480,train,0.241,91.4474,64
0,4480,train,0.1661,100.0,64
0,4490,train,0.4002,86.1842,64
0,4490,train,0.3917,87.5,64
0,4500,train,0.3504,90.1316,64
0,4500,train,0.4542,87.5,64
0,4510,train,0.3829,86.8421,64
0,4510,train,0.2216,87.5,64
0,4520,train,0.3489,87.5,64
0,4520,train,0.484,75.0,64
0,4530,train,0.3028,86.8421,64
0,4530,train,0.0827,100.0,64
0,4540,train,0.3096,88.8158,64
0,4540,train,0.8147,75.0,64
0,4550,train,0.3387,87.5,64
0,4550,train,0.3342,87.5,64
0,4560,train,0.3884,85.5263,64
0,4560,train,0.1193,100.0,64
0,4570,train,0.3931,84.8684,64
0,4570,train,0.1618,100.0,64
0,4580,train,0.3204,88.1579,64
0,4580,train,0.5033,87.5,64
0,4590,train,0.3004,90.7895,64
0,4590,train,0.2404,87.5,64
0,4600,train,0.2577,90.1316,64
0,4600,train,1.1078,62.5,64
0,4608,validation,0.2659,90.24,64
0,4608,validation,0.2844,89.44,64
0,4610,train,0.3432,88.1579,64
0,4610,train,0.3351,87.5,64
0,4620,train,0.4101,84.2105,64
0,4620,train,0.2556,87.5,64
0,4630,train,0.2686,90.1316,64
0,4630,train,0.1356,100.0,64
0,4640,train,0.3619,87.5,64
0,4640,train,0.6109,75.0,64
0,4650,train,0.3538,86.8421,64
0,4650,train,0.4802,75.0,64
0,4660,train,0.4031,86.8421,64
0,4660,train,0.1364,100.0,64
0,4670,train,0.2166,94.0789,64
0,4670,train,0.3141,87.5,64
0,4680,train,0.2749,91.4474,64
0,4680,train,0.3882,75.0,64
0,4690,train,0.297,89.4737,64
0,4690,train,0.2073,100.0,64
0,4700,train,0.2743,87.5,64
0,4700,train,0.4196,87.5,64
0,4710,train,0.2999,86.8421,64
0,4710,train,0.2812,87.5,64
0,4720,train,0.3255,84.8684,64
0,4720,train,0.2303,87.5,64
0,4730,train,0.334,84.8684,64
0,4730,train,0.8634,75.0,64
0,4740,train,0.3148,89.4737,64
0,4740,train,1.5999,50.0,64
0,4750,train,0.3273,88.1579,64
0,4750,train,0.2597,87.5,64
0,4760,train,0.3809,85.5263,64
0,4760,train,0.4433,75.0,64
0,4770,train,0.3047,90.1316,64
0,4770,train,0.1729,100.0,64
0,4780,train,0.36,85.5263,64
0,4780,train,0.5026,75.0,64
0,4790,train,0.3625,85.5263,64
0,4790,train,0.4361,87.5,64
0,4800,train,0.3207,90.1316,64
0,4800,train,0.2889,87.5,64
0,4810,train,0.3741,86.1842,64
0,4810,train,0.1657,100.0,64
0,4820,train,0.2344,92.7632,64
0,4820,train,0.211,87.5,64
0,4830,train,0.2402,90.1316,64
0,4830,train,0.2098,100.0,64
0,4840,train,0.3118,88.1579,64
0,4840,train,0.1317,100.0,64
0,4850,train,0.3015,92.7632,64
0,4850,train,0.1361,100.0,64
0,4860,train,0.2602,92.1053,64
0,4860,train,0.1223,100.0,64
0,4870,train,0.256,92.1053,64
0,4870,train,0.3438,75.0,64
0,4880,train,0.3404,88.8158,64
0,4880,train,0.1283,100.0,64
0,4890,train,0.3555,89.4737,64
0,4890,train,0.2522,87.5,64
0,4900,train,0.2964,89.4737,64
0,4900,train,0.2239,87.5,64
0,4910,train,0.3053,90.7895,64
0,4910,train,0.452,62.5,64
0,4920,train,0.3686,86.1842,64
0,4920,train,0.0898,100.0,64
0,4930,train,0.247,90.7895,64
0,4930,train,0.1013,100.0,64
0,4940,train,0.2452,92.1053,64
0,4940,train,0.1377,100.0,64
0,4950,train,0.3256,86.1842,64
0,4950,train,0.2945,87.5,64
0,4960,train,0.3349,87.5,64
0,4960,train,0.3071,87.5,64
0,4970,train,0.2392,92.7632,64
0,4970,train,0.498,75.0,64
0,4980,train,0.2756,90.1316,64
0,4980,train,0.4822,87.5,64
0,4990,train,0.2906,89.4737,64
0,4990,train,0.143,100.0,64
0,5000,train,0.1975,94.7368,64
0,5000,train,0.0657,100.0,64
0,5010,train,0.2973,92.1053,64
0,5010,train,0.1955,100.0,64
0,5020,train,0.1915,96.7105,64
0,5020,train,0.4467,87.5,64
0,5030,train,0.2328,90.1316,64
0,5030,train,0.086,100.0,64
0,5040,train,0.3087,90.7895,64
0,5040,train,0.4573,87.5,64
0,5050,train,0.2786,88.1579,64
0,5050,train,0.0814,100.0,64
0,5060,train,0.2819,91.4474,64
0,5060,train,0.1027,100.0,64
0,5070,train,0.3077,88.8158,64
0,5070,train,0.4072,75.0,64
0,5080,train,0.2936,88.1579,64
0,5080,train,0.4335,87.5,64
0,5090,train,0.2245,92.1053,64
0,5090,train,0.2556,87.5,64
0,5100,train,0.3106,88.1579,64
0,5100,train,0.1751,87.5,64
0,5110,train,0.2489,92.1053,64
0,5110,train,0.1607,100.0,64
0,5120,train,0.2193,92.7632,64
0,5120,validation,0.2407,91.48,64
0,5120,train,0.2801,87.5,64
0,5120,validation,0.2605,90.16,64
0,5130,train,0.3014,89.4737,64
0,5130,train,0.9884,62.5,64
0,5140,train,0.4066,86.8421,64
0,5140,train,0.5664,75.0,64
0,5150,train,0.285,92.7632,64
0,5150,train,0.4246,87.5,64
0,5160,train,0.3314,88.8158,64
0,5160,train,0.8916,75.0,64
0,5170,train,0.2639,92.7632,64
0,5170,train,0.3068,87.5,64
0,5180,train,0.2304,91.4474,64
0,5180,train,0.2969,87.5,64
0,5190,train,0.3198,91.4474,64
0,5190,train,0.4436,75.0,64
0,5200,train,0.2878,88.8158,64
0,5200,train,0.1286,100.0,64
0,5210,train,0.3291,87.5,64
0,5210,train,0.3272,75.0,64
0,5220,train,0.3253,88.1579,64
0,5220,train,0.229,100.0,64
0,5230,train,0.2709,90.1316,64
0,5230,train,0.1312,100.0,64
0,5240,train,0.2706,92.1053,64
0,5240,train,0.2581,87.5,64
0,5250,train,0.241,89.4737,64
0,5250,train,0.2409,87.5,64
0,5260,train,0.307,90.1316,64
0,5260,train,0.1414,100.0,64
0,5270,train,0.2423,88.8158,64
0,5270,train,0.0273,100.0,64
0,5280,train,0.2801,90.7895,64
0,5280,train,0.0761,100.0,64
0,5290,train,0.2892,89.4737,64
0,5290,train,0.365,87.5,64
0,5300,train,0.4063,84.2105,64
0,5300,train,0.5258,75.0,64
0,5310,train,0.414,84.8684,64
0,5310,train,0.2025,87.5,64
0,5320,train,0.3132,87.5,64
0,5320,train,0.2081,100.0,64
0,5330,train,0.2419,93.4211,64
0,5330,train,0.5294,87.5,64
0,5340,train,0.2418,91.4474,64
0,5340,train,0.0332,100.0,64
0,5350,train,0.2422,92.1053,64
0,5350,train,0.2488,87.5,64
0,5360,train,0.257,92.1053,64
0,5360,train,0.2708,87.5,64
0,5370,train,0.1973,92.7632,64
0,5370,train,0.1233,100.0,64
0,5380,train,0.224,91.4474,64
0,5380,train,0.2707,87.5,64
0,5390,train,0.3085,88.1579,64
0,5390,train,0.2367,100.0,64
0,5400,train,0.2702,90.7895,64
0,5400,train,0.0483,100.0,64
0,5410,train,0.3163,90.1316,64
0,5410,train,0.0518,100.0,64
0,5420,train,0.2322,90.7895,64
0,5420,train,0.0492,100.0,64
0,5430,train,0.3307,90.1316,64
0,5430,train,0.3825,87.5,64
0,5440,train,0.2722,91.4474,64
0,5440,train,0.1059,100.0,64
0,5450,train,0.2754,92.1053,64
0,5450,train,0.1045,100.0,64
0,5460,train,0.269,92.7632,64
0,5460,train,0.388,87.5,64
0,5470,train,0.2206,92.7632,64
0,5470,train,0.059,100.0,64
0,5480,train,0.3271,88.8158,64
0,5480,train,0.3506,75.0,64
0,5490,train,0.3192,88.1579,64
0,5490,train,0.2675,75.0,64
0,5500,train,0.3824,86.1842,64
0,5500,train,0.6472,75.0,64
0,5510,train,0.2792,91.4474,64
0,5510,train,0.188,100.0,64
0,5520,train,0.2838,88.8158,64
0,5520,train,0.086,100.0,64
0,5530,train,0.2599,88.1579,64
0,5530,train,0.5788,87.5,64
0,5540,train,0.2752,91.4474,64
0,5540,train,0.3466,75.0,64
0,5550,train,0.2687,91.4474,64
0,5550,train,0.6018,87.5,64
0,5560,train,0.2259,91.4474,64
0,5560,train,0.1356,100.0,64
0,5570,train,0.211,92.7632,64
0,5570,train,0.4726,87.5,64
0,5580,train,0.2492,90.7895,64
0,5580,train,0.6272,62.5,64
0,5590,train,0.2441,88.8158,64
0,5590,train,0.345,75.0,64
0,5600,train,0.3045,89.4737,64
0,5600,train,0.3031,87.5,64
0,5610,train,0.2768,92.1053,64
0,5610,train,0.2963,87.5,64
0,5620,train,0.2513,91.4474,64
0,5620,train,0.1459,87.5,64
0,5630,train,0.2357,91.4474,64
0,5630,train,0.1316,100.0,64
0,5632,validation,0.2203,91.74,64
0,5632,validation,0.2261,91.48,64
0,5640,train,0.3354,87.5,64
0,5640,train,0.5636,62.5,64
0,5650,train,0.2469,90.1316,64
0,5650,train,0.7213,62.5,64
0,5660,train,0.1884,93.4211,64
0,5660,train,0.0772,100.0,64
0,5670,train,0.1924,94.7368,64
0,5670,train,0.2688,87.5,64
0,5680,train,0.2169,92.7632,64
0,5680,train,0.0839,100.0,64
0,5690,train,0.2475,90.7895,64
0,5690,train,0.706,62.5,64
0,5700,train,0.1633,95.3947,64
0,5700,train,0.3153,87.5,64
0,5710,train,0.2376,94.0789,64
0,5710,train,0.059,100.0,64
0,5720,train,0.1724,96.7105,64
0,5720,train,0.167,100.0,64
0,5730,train,0.2157,91.4474,64
0,5730,train,0.1594,100.0,64
0,5740,train,0.2261,93.4211,64
0,5740,train,0.2245,87.5,64
0,5750,train,0.3014,88.8158,64
0,5750,train,0.2442,100.0,64
0,5760,train,0.3667,88.8158,64
0,5760,train,0.0762,100.0,64
0,5770,train,0.3414,88.1579,64
0,5770,train,1.0488,75.0,64
0,5780,train,0.3145,88.8158,64
0,5780,train,0.6235,75.0,64
0,5790,train,0.1856,93.4211,64
0,5790,train,0.0899,100.0,64
0,5800,train,0.2788,92.1053,64
0,5800,train,0.0852,100.0,64
0,5810,train,0.2008,94.7368,64
0,5810,train,0.0675,100.0,64
0,5820,train,0.2315,92.1053,64
0,5820,train,0.2087,87.5,64
0,5830,train,0.2253,93.4211,64
0,5830,train,0.0711,100.0,64
0,5840,train,0.2087,93.4211,64
0,5840,train,0.4813,75.0,64
0,5850,train,0.2253,90.7895,64
0,5850,train,0.0952,100.0,64
0,5860,train,0.2186,93.4211,64
0,5860,train,0.2712,87.5,64
0,5870,train,0.2418,92.7632,64
0,5870,train,0.3655,87.5,64
0,5880,train,0.1761,96.0526,64
0,5880,train,0.165,87.5,64
0,5890,train,0.2528,92.7632,64
0,5890,train,0.1555,100.0,64
0,5900,train,0.2133,94.0789,64
0,5900,train,0.085,100.0,64
0,5910,train,0.2367,90.1316,64
0,5910,train,0.4517,87.5,64
0,5920,train,0.2264,91.4474,64
0,5920,train,0.0663,100.0,64
0,5930,train,0.2025,95.3947,64
0,5930,train,0.3605,87.5,64
0,5940,train,0.2465,90.7895,64
0,5940,train,0.149,100.0,64
0,5950,train,0.2498,90.7895,64
0,5950,train,0.5048,87.5,64
0,5960,train,0.232,94.0789,64
0,5960,train,0.1298,100.0,64
0,5970,train,0.233,94.0789,64
0,5970,train,0.1278,100.0,64
0,5980,train,0.2447,92.1053,64
0,5980,train,0.4031,75.0,64
0,5990,train,0.266,86.8421,64
0,5990,train,0.403,87.5,64
0,6000,train,0.1704,94.0789,64
0,6000,train,0.5277,87.5,64
0,6010,train,0.2203,91.4474,64
0,6010,train,0.2608,87.5,64
0,6020,train,0.2566,90.1316,64
0,6020,train,0.1617,100.0,64
0,6030,train,0.3374,88.8158,64
0,6030,train,0.4876,87.5,64
0,6040,train,0.292,87.5,64
0,6040,train,0.2117,87.5,64
0,6050,train,0.1978,94.7368,64
0,6050,train,0.1662,87.5,64
0,6060,train,0.1988,93.4211,64
0,6060,train,0.1196,100.0,64
0,6070,train,0.1908,94.0789,64
0,6070,train,0.445,75.0,64
0,6080,train,0.1915,92.1053,64
0,6080,train,0.09,100.0,64
0,6090,train,0.2456,92.1053,64
0,6090,train,0.3855,87.5,64
0,6100,train,0.2643,88.8158,64
0,6100,train,0.1468,87.5,64
0,6110,train,0.2936,87.5,64
0,6110,train,0.1292,100.0,64
0,6120,train,0.2352,92.1053,64
0,6120,train,0.1055,100.0,64
0,6130,train,0.2387,92.1053,64
0,6130,train,0.0933,100.0,64
0,6140,train,0.2175,92.7632,64
0,6140,train,0.5056,75.0,64
0,6144,validation,0.2273,92.38,64
0,6144,validation,0.2364,91.7,64
0,6150,train,0.2305,91.4474,64
0,6150,train,0.1661,100.0,64
0,6160,train,0.1967,91.4474,64
0,6160,train,0.1283,100.0,64
0,6170,train,0.2545,90.7895,64
0,6170,train,0.6772,87.5,64
0,6180,train,0.2108,91.4474,64
0,6180,train,0.2602,87.5,64
0,6190,train,0.2555,91.4474,64
0,6190,train,0.7924,75.0,64
0,6200,train,0.2508,89.4737,64
0,6200,train,0.0444,100.0,64
0,6210,train,0.179,94.7368,64
0,6210,train,0.0899,100.0,64
0,6220,train,0.1973,95.3947,64
0,6220,train,0.3256,87.5,64
0,6230,train,0.285,90.1316,64
0,6230,train,0.5123,75.0,64
0,6240,train,0.2741,90.1316,64
0,6240,train,0.0504,100.0,64
0,6250,train,0.2402,92.1053,64
0,6250,train,0.0454,100.0,64
0,6260,train,0.1997,93.4211,64
0,6260,train,0.07,100.0,64
0,6270,train,0.2797,88.8158,64
0,6270,train,0.1181,100.0,64
0,6280,train,0.2388,92.1053,64
0,6280,train,0.1274,100.0,64
0,6290,train,0.2295,92.7632,64
0,6290,train,0.2411,87.5,64
0,6300,train,0.2115,93.4211,64
0,6300,train,0.2381,87.5,64
0,6310,train,0.2452,89.4737,64
0,6310,train,0.7126,87.5,64
0,6320,train,0.1986,92.7632,64
0,6320,train,0.1596,87.5,64
0,6330,train,0.226,91.4474,64
0,6330,train,0.0745,100.0,64
0,6340,train,0.2365,92.7632,64
0,6340,train,0.2976,87.5,64
0,6350,train,0.1919,93.4211,64
0,6350,train,0.1021,100.0,64
0,6360,train,0.1824,96.0526,64
0,6360,train,0.0608,100.0,64
0,6370,train,0.225,91.4474,64
0,6370,train,0.2433,87.5,64
0,6380,train,0.124,97.3684,64
0,6380,train,0.3468,87.5,64
0,6390,train,0.2669,88.8158,64
0,6390,train,0.6533,87.5,64
0,6400,train,0.2813,89.4737,64
0,6400,train,0.6423,75.0,64
0,6410,train,0.2522,91.4474,64
0,6410,train,0.231,87.5,64
0,6420,train,0.1976,93.4211,64
0,6420,train,0.455,87.5,64
0,6430,train,0.2069,94.0789,64
0,6430,train,0.0724,100.0,64
0,6440,train,0.2453,90.7895,64
0,6440,train,0.1465,100.0,64
0,6450,train,0.2089,93.4211,64
0,6450,train,0.252,87.5,64
1,6460,train,0.3026,88.1579,64
1,6460,train,0.0149,100.0,64
1,6470,train,0.257,91.4474,64
1,6470,train,0.432,87.5,64
1,6480,train,0.2421,90.1316,64
1,6480,train,0.4327,75.0,64
1,6490,train,0.2628,88.8158,64
1,6490,train,0.0384,100.0,64
1,6500,train,0.1864,91.4474,64
1,6500,train,0.4982,75.0,64
1,6510,train,0.2056,94.7368,64
1,6510,train,0.0461,100.0,64
1,6520,train,0.1646,93.4211,64
1,6520,train,0.3465,75.0,64
1,6530,train,0.1539,93.4211,64
1,6530,train,0.105,87.5,64
1,6540,train,0.2156,94.0789,64
1,6540,train,0.0569,100.0,64
1,6550,train,0.1563,93.4211,64
1,6550,train,0.0876,100.0,64
1,6560,train,0.2171,90.7895,64
1,6560,train,0.0889,100.0,64
1,6570,train,0.1905,92.1053,64
1,6570,train,0.1036,100.0,64
1,6580,train,0.2207,91.4474,64
1,6580,train,0.1014,100.0,64
1,6590,train,0.1558,94.7368,64
1,6590,train,0.3071,75.0,64
1,6600,train,0.2331,91.4474,64
1,6600,train,0.1667,100.0,64
1,6610,train,0.1577,94.7368,64
1,6610,train,0.1792,100.0,64
1,6620,train,0.2149,92.7632,64
1,6620,train,0.1314,100.0,64
1,6630,train,0.3095,86.1842,64
1,6630,train,0.6509,87.5,64
1,6640,train,0.2027,92.7632,64
1,6640,train,0.1301,87.5,64
1,6650,train,0.2515,91.4474,64
1,6650,train,0.3137,87.5,64
1,6656,validation,0.1689,93.98,64
1,6656,validation,0.1761,93.74,64
1,6660,train,0.1634,94.7368,64
1,6660,train,0.074,100.0,64
1,6670,train,0.2389,90.7895,64
1,6670,train,0.0764,100.0,64
1,6680,train,0.2676,88.8158,64
1,6680,train,0.0777,100.0,64
1,6690,train,0.2622,88.8158,64
1,6690,train,0.4929,62.5,64
1,6700,train,0.1972,92.7632,64
1,6700,train,0.428,87.5,64
1,6710,train,0.2309,90.1316,64
1,6710,train,0.0899,100.0,64
1,6720,train,0.1955,93.4211,64
1,6720,train,0.1132,100.0,64
1,6730,train,0.1447,96.0526,64
1,6730,train,0.0824,100.0,64
1,6740,train,0.1665,94.0789,64
1,6740,train,0.0119,100.0,64
1,6750,train,0.231,92.7632,64
1,6750,train,0.0663,100.0,64
1,6760,train,0.1708,96.7105,64
1,6760,train,0.3881,75.0,64
1,6770,train,0.2091,90.1316,64
1,6770,train,0.1783,100.0,64
1,6780,train,0.2112,93.4211,64
1,6780,train,0.129,100.0,64
1,6790,train,0.1611,94.0789,64
1,6790,train,0.031,100.0,64
1,6800,train,0.2854,88.8158,64
1,6800,train,0.6087,87.5,64
1,6810,train,0.2347,91.4474,64
1,6810,train,0.0986,100.0,64
1,6820,train,0.297,88.1579,64
1,6820,train,0.5313,75.0,64
1,6830,train,0.156,96.0526,64
1,6830,train,0.4149,87.5,64
1,6840,train,0.2249,92.7632,64
1,6840,train,0.1567,100.0,64
1,6850,train,0.2193,93.4211,64
1,6850,train,0.0882,100.0,64
1,6860,train,0.2649,92.1053,64
1,6860,train,0.1156,100.0,64
1,6870,train,0.2143,93.4211,64
1,6870,train,0.2547,87.5,64
1,6880,train,0.175,96.0526,64
1,6880,train,0.0569,100.0,64
1,6890,train,0.1677,93.4211,64
1,6890,train,0.4364,87.5,64
1,6900,train,0.147,96.0526,64
1,6900,train,0.0542,100.0,64
1,6910,train,0.1523,94.0789,64
1,6910,train,0.0464,100.0,64
1,6920,train,0.197,91.4474,64
1,6920,train,0.1428,100.0,64
1,6930,train,0.1605,94.0789,64
1,6930,train,0.0147,100.0,64
1,6940,train,0.2018,94.7368,64
1,6940,train,0.0708,100.0,64
1,6950,train,0.1231,98.0263,64
1,6950,train,0.1039,100.0,64
1,6960,train,0.1539,94.7368,64
1,6960,train,0.4956,75.0,64
1,6970,train,0.1734,95.3947,64
1,6970,train,0.0799,100.0,64
1,6980,train,0.1451,95.3947,64
1,6980,train,0.1056,100.0,64
1,6990,train,0.1839,92.1053,64
1,6990,train,0.1875,100.0,64
1,7000,train,0.2084,92.7632,64
1,7000,train,0.0785,100.0,64
1,7010,train,0.1998,94.0789,64
1,7010,train,0.1467,100.0,64
1,7020,train,0.1605,96.7105,64
1,7020,train,0.2185,87.5,64
1,7030,train,0.2668,90.7895,64
1,7030,train,0.1855,87.5,64
1,7040,train,0.1921,92.7632,64
1,7040,train,0.1892,100.0,64
1,7050,train,0.2327,94.0789,64
1,7050,train,0.1302,100.0,64
1,7060,train,0.1082,97.3684,64
1,7060,train,0.1046,100.0,64
1,7070,train,0.1624,95.3947,64
1,7070,train,0.6372,87.5,64
1,7080,train,0.222,94.0789,64
1,7080,train,0.0578,100.0,64
1,7090,train,0.1683,94.0789,64
1,7090,train,0.068,100.0,64
1,7100,train,0.1858,93.4211,64
1,7100,train,0.1907,100.0,64
1,7110,train,0.1655,95.3947,64
1,7110,train,0.1497,87.5,64
1,7120,train,0.1709,94.0789,64
1,7120,train,0.0582,100.0,64
1,7130,train,0.1556,94.0789,64
1,7130,train,0.21,100.0,64
1,7140,train,0.1779,94.0789,64
1,7140,train,0.4136,87.5,64
1,7150,train,0.1563,95.3947,64
1,7150,train,0.2944,87.5,64
1,7160,train,0.2331,92.1053,64
1,7160,train,0.1659,100.0,64
1,7168,validation,0.2043,92.42,64
1,7168,validation,0.2007,92.94,64
1,7170,train,0.1486,95.3947,64
1,7170,train,0.0531,100.0,64
1,7180,train,0.2445,90.1316,64
1,7180,train,0.3793,75.0,64
1,7190,train,0.1739,94.7368,64
1,7190,train,0.076,100.0,64
1,7200,train,0.2458,94.0789,64
1,7200,train,0.0756,100.0,64
1,7210,train,0.1585,96.0526,64
1,7210,train,0.2055,87.5,64
1,7220,train,0.2231,93.4211,64
1,7220,train,0.1422,100.0,64
1,7230,train,0.1956,92.7632,64
1,7230,train,0.0966,100.0,64
1,7240,train,0.1881,93.4211,64
1,7240,train,0.3265,87.5,64
1,7250,train,0.2466,88.8158,64
1,7250,train,0.2744,100.0,64
1,7260,train,0.2612,90.1316,64
1,7260,train,0.0891,100.0,64
1,7270,train,0.1559,94.7368,64
1,7270,train,0.1307,100.0,64
1,7280,train,0.1665,93.4211,64
1,7280,train,0.1197,100.0,64
1,7290,train,0.1574,94.7368,64
1,7290,train,0.0752,100.0,64
1,7300,train,0.1802,96.0526,64
1,7300,train,0.2028,87.5,64
1,7310,train,0.143,95.3947,64
1,7310,train,0.0869,100.0,64
1,7320,train,0.1896,94.0789,64
1,7320,train,0.1856,87.5,64
1,7330,train,0.1896,94.0789,64
1,7330,train,0.1073,87.5,64
1,7340,train,0.1719,92.1053,64
1,7340,train,0.4664,87.5,64
1,7350,train,0.2009,95.3947,64
1,7350,train,0.0391,100.0,64
1,7360,train,0.1652,94.0789,64
1,7360,train,0.1919,100.0,64
1,7370,train,0.2008,92.7632,64
1,7370,train,0.4595,87.5,64
1,7380,train,0.2212,92.7632,64
1,7380,train,0.2877,75.0,64
1,7390,train,0.1897,95.3947,64
1,7390,train,0.3554,87.5,64
1,7400,train,0.2432,93.4211,64
1,7400,train,0.051,100.0,64
1,7410,train,0.1868,94.7368,64
1,7410,train,0.1482,100.0,64
1,7420,train,0.1488,94.7368,64
1,7420,train,0.1552,100.0,64
1,7430,train,0.2279,93.4211,64
1,7430,train,0.2268,87.5,64
1,7440,train,0.1818,92.7632,64
1,7440,train,0.2241,87.5,64
1,7450,train,0.1438,95.3947,64
1,7450,train,0.3432,87.5,64
1,7460,train,0.2728,87.5,64
1,7460,train,0.1496,100.0,64
1,7470,train,0.1614,94.7368,64
1,7470,train,0.1673,100.0,64
1,7480,train,0.1813,95.3947,64
1,7480,train,0.1211,100.0,64
1,7490,train,0.2387,92.1053,64
1,7490,train,0.6594,75.0,64
1,7500,train,0.202,90.7895,64
1,7500,train,0.2268,100.0,64
1,7510,train,0.1499,92.7632,64
1,7510,train,0.3114,87.5,64
1,7520,train,0.1991,93.4211,64
1,7520,train,0.2139,87.5,64
1,7530,train,0.1966,92.1053,64
1,7530,train,0.0779,100.0,64
1,7540,train,0.1785,94.0789,64
1,7540,train,0.3981,75.0,64
1,7550,train,0.1533,95.3947,64
1,7550,train,0.1875,100.0,64
1,7560,train,0.2347,90.7895,64
1,7560,train,1.1592,50.0,64
1,7570,train,0.1571,94.7368,64
1,7570,train,0.3519,87.5,64
1,7580,train,0.255,90.1316,64
1,7580,train,0.0847,100.0,64
1,7590,train,0.1456,94.7368,64
1,7590,train,0.2405,87.5,64
1,7600,train,0.1871,94.0789,64
1,7600,train,0.0965,100.0,64
1,7610,train,0.2035,94.7368,64
1,7610,train,0.0935,100.0,64
1,7620,train,0.1497,96.7105,64
1,7620,train,0.0645,100.0,64
1,7630,train,0.1955,94.7368,64
1,7630,train,0.0601,100.0,64
1,7640,train,0.2032,92.1053,64
1,7640,train,0.248,87.5,64
1,7650,train,0.1886,90.7895,64
1,7650,train,0.0628,100.0,64
1,7660,train,0.1903,93.4211,64
1,7660,train,0.0654,100.0,64
1,7670,train,0.1779,94.0789,64
1,7670,train,0.1325,100.0,64
1,7680,train,0.2094,92.1053,64
1,7680,validation,0.2097,92.34,64
1,7680,train,0.1437,100.0,64
1,7680,validation,0.211,92.6,64
1,7690,train,0.1402,94.7368,64
1,7690,train,0.1491,100.0,64
1,7700,train,0.2037,93.4211,64
1,7700,train,0.1822,100.0,64
1,7710,train,0.2755,90.7895,64
1,7710,train,0.1438,100.0,64
1,7720,train,0.1403,96.7105,64
1,7720,train,0.0895,100.0,64
1,7730,train,0.1314,94.0789,64
1,7730,train,0.0839,100.0,64
1,7740,train,0.1108,97.3684,64
1,7740,train,0.1439,87.5,64
1,7750,train,0.1668,94.7368,64
1,7750,train,0.2262,87.5,64
1,7760,train,0.1466,94.0789,64
1,7760,train,0.0423,100.0,64
1,7770,train,0.1526,96.7105,64
1,7770,train,0.08,100.0,64
1,7780,train,0.1186,97.3684,64
1,7780,train,0.1555,87.5,64
1,7790,train,0.16,94.0789,64
1,7790,train,0.0763,100.0,64
1,7800,train,0.1382,94.7368,64
1,7800,train,0.0524,100.0,64
1,7810,train,0.1613,94.0789,64
1,7810,train,0.1313,100.0,64
1,7820,train,0.0855,96.7105,64
1,7820,train,0.2717,87.5,64
1,7830,train,0.1572,95.3947,64
1,7830,train,0.0291,100.0,64
1,7840,train,0.1332,94.7368,64
1,7840,train,0.1828,100.0,64
1,7850,train,0.1557,94.0789,64
1,7850,train,0.082,100.0,64
1,7860,train,0.2036,91.4474,64
1,7860,train,0.0397,100.0,64
1,7870,train,0.1289,96.7105,64
1,7870,train,0.1265,100.0,64
1,7880,train,0.1332,98.0263,64
1,7880,train,0.1243,100.0,64
1,7890,train,0.1608,93.4211,64
1,7890,train,0.2012,87.5,64
1,7900,train,0.1361,94.7368,64
1,7900,train,0.2197,87.5,64
1,7910,train,0.1192,97.3684,64
1,7910,train,0.0695,100.0,64
1,7920,train,0.1659,92.7632,64
1,7920,train,0.0634,100.0,64
1,7930,train,0.1257,96.7105,64
1,7930,train,0.3296,87.5,64
1,7940,train,0.0918,96.7105,64
1,7940,train,0.2095,87.5,64
1,7950,train,0.1599,94.0789,64
1,7950,train,0.1919,87.5,64
1,7960,train,0.1798,94.0789,64
1,7960,train,0.0883,100.0,64
1,7970,train,0.1481,94.7368,64
1,7970,train,0.9393,75.0,64
1,7980,train,0.2808,90.7895,64
1,7980,train,0.4136,75.0,64
1,7990,train,0.1463,95.3947,64
1,7990,train,0.1974,87.5,64
1,8000,train,0.1944,92.7632,64
1,8000,train,0.0502,100.0,64
1,8010,train,0.2034,92.7632,64
1,8010,train,0.5555,87.5,64
1,8020,train,0.2551,88.8158,64
1,8020,train,0.1051,100.0,64
1,8030,train,0.1893,94.7368,64
1,8030,train,0.0516,100.0,64
1,8040,train,0.158,94.0789,64
1,8040,train,0.8991,62.5,64
1,8050,train,0.1805,93.4211,64
1,8050,train,0.0421,100.0,64
1,8060,train,0.1752,94.0789,64
1,8060,train,0.0861,100.0,64
1,8070,train,0.2302,90.1316,64
1,8070,train,0.0781,100.0,64
1,8080,train,0.2075,93.4211,64
1,8080,train,0.1437,87.5,64
1,8090,train,0.162,94.7368,64
1,8090,train,0.1481,87.5,64
1,8100,train,0.178,93.4211,64
1,8100,train,0.0343,100.0,64
1,8110,train,0.1797,94.7368,64
1,8110,train,0.3535,87.5,64
1,8120,train,0.1768,93.4211,64
1,8120,train,0.1021,100.0,64
1,8130,train,0.2796,90.1316,64
1,8130,train,0.2912,75.0,64
1,8140,train,0.1852,92.1053,64
1,8140,train,0.0392,100.0,64
1,8150,train,0.1902,94.7368,64
1,8150,train,0.1643,100.0,64
1,8160,train,0.1892,94.0789,64
1,8160,train,0.1536,100.0,64
1,8170,train,0.226,94.7368,64
1,8170,train,0.1007,100.0,64
1,8180,train,0.1781,93.4211,64
1,8180,train,0.1023,100.0,64
1,8190,train,0.2331,91.4474,64
1,8190,train,0.0408,100.0,64
1,8192,validation,0.1723,93.92,64
