epoch,global step,mode,loss,accuracy,mean_length
0,0,train,2.7459,12.5,52.5
0,0,validation,3.3243,12.34,63.292
0,10,train,2.8381,12.5,61.0855
0,10,train,2.5667,50.0,64
0,20,train,2.9842,12.5,63.7039
0,20,train,2.0074,12.5,64
0,30,train,2.5806,11.8421,62.6645
0,30,train,2.3059,12.5,64
0,40,train,2.656,14.4737,64
0,40,train,2.3367,12.5,64
0,50,train,2.6257,8.5526,64
0,50,train,2.1859,12.5,64
0,60,train,2.2862,17.7632,63.8618
0,60,train,2.2497,0.0,64
0,70,train,2.1025,12.5,63.7829
0,70,train,2.1705,25.0,64
0,80,train,2.0969,18.4211,64
0,80,train,1.9918,12.5,64
0,90,train,2.1321,8.5526,63.9408
0,90,train,2.0323,25.0,64
0,100,train,2.0688,13.1579,64
0,100,train,2.157,0.0,64
0,110,train,2.0817,17.1053,64
0,110,train,1.9983,25.0,64
0,120,train,2.1015,13.1579,64
0,120,train,2.0844,37.5,64
0,130,train,2.1006,13.8158,64
0,130,train,2.1621,0.0,64
0,140,train,2.1359,13.1579,64
0,140,train,2.0385,25.0,64
0,150,train,2.1108,12.5,63.6447
0,150,train,2.1131,12.5,64
0,160,train,2.0991,15.7895,63.7434
0,160,train,2.0795,25.0,64
0,170,train,2.1091,9.2105,63.8553
0,170,train,1.9984,37.5,64
0,180,train,2.0974,13.8158,63.6842
0,180,train,2.0349,37.5,64
0,190,train,2.0917,8.5526,64
0,190,train,2.0904,0.0,64
0,200,train,2.0991,9.2105,63.8553
0,200,train,2.136,0.0,64
0,210,train,2.0956,11.1842,64
0,210,train,2.082,0.0,64
0,220,train,2.0779,15.1316,64
0,220,train,2.0496,25.0,64
0,230,train,2.0723,14.4737,63.4539
0,230,train,2.0779,12.5,64
0,240,train,2.0946,10.5263,63.7105
0,240,train,2.1092,12.5,64
0,250,train,2.0878,11.8421,64
0,250,train,2.0206,25.0,64
0,260,train,2.0747,16.4474,64
0,260,train,2.0579,25.0,64
0,270,train,2.0918,11.1842,64
0,270,train,2.131,0.0,64
0,280,train,2.0794,9.2105,64
0,280,train,2.0731,12.5,64
0,290,train,2.0834,12.5,64
0,290,train,2.1259,12.5,64
0,300,train,2.0858,12.5,64
0,300,train,2.0583,25.0,64
0,310,train,2.0806,13.8158,64
0,310,train,2.1187,0.0,64
0,320,train,2.0898,12.5,64
0,320,train,2.0512,37.5,64
0,330,train,2.0809,11.1842,64
0,330,train,2.0921,0.0,64
0,340,train,2.075,17.1053,64
0,340,train,2.0855,12.5,64
0,350,train,2.076,11.8421,64
0,350,train,2.0947,0.0,64
0,360,train,2.069,17.1053,63.9342
0,360,train,2.1167,0.0,64
0,370,train,2.0854,7.8947,64
0,370,train,2.0348,37.5,64
0,380,train,2.0772,9.2105,63.7632
0,380,train,2.0757,25.0,64
0,390,train,2.0734,16.4474,64
0,390,train,2.0845,25.0,64
0,400,train,2.0751,12.5,64
0,400,train,2.0658,12.5,64
0,410,train,2.071,14.4737,64
0,410,train,2.1217,0.0,64
0,420,train,2.0817,14.4737,64
0,420,train,2.0709,25.0,64
0,430,train,2.0735,13.8158,64
0,430,train,2.1375,0.0,64
0,440,train,2.0827,13.1579,64
0,440,train,2.0313,50.0,64
0,450,train,2.0794,15.7895,64
0,450,train,2.1153,0.0,64
0,460,train,2.0822,13.8158,64
0,460,train,2.0727,12.5,64
0,470,train,2.0927,7.2368,64
0,470,train,2.0414,37.5,64
0,480,train,2.0768,6.5789,63.8421
0,480,train,2.1548,0.0,64
0,490,train,2.0857,11.8421,64
0,490,train,2.0242,50.0,64
0,500,train,2.0864,9.2105,64
0,500,train,2.119,25.0,64
0,510,train,2.0763,13.1579,63.4737
0,510,train,2.0774,25.0,64
0,512,validation,2.0812,12.44,64
0,512,validation,2.0808,12.26,64
0,520,train,2.0748,11.8421,64
0,520,train,2.0429,37.5,64
0,530,train,2.0802,13.1579,64
0,530,train,2.0305,12.5,64
0,540,train,2.0773,11.8421,64
0,540,train,2.1146,12.5,64
0,550,train,2.0671,15.7895,64
0,550,train,2.1189,25.0,64
0,560,train,2.0872,10.5263,64
0,560,train,2.0861,12.5,64
0,570,train,2.0682,9.8684,64
0,570,train,2.0011,37.5,64
0,580,train,2.0772,9.8684,64
0,580,train,2.0681,12.5,64
0,590,train,2.0756,15.1316,64
0,590,train,2.0603,37.5,64
0,600,train,2.0765,11.8421,64
0,600,train,2.1318,0.0,64
0,610,train,2.0796,9.8684,64
0,610,train,2.0836,12.5,64
0,620,train,2.0811,13.1579,64
0,620,train,2.1281,0.0,64
0,630,train,2.0756,14.4737,64
0,630,train,2.0792,12.5,64
0,640,train,2.0751,15.1316,64
0,640,train,2.0736,25.0,64
0,650,train,2.0647,11.1842,64
0,650,train,2.0454,25.0,64
0,660,train,2.0656,11.8421,63.8421
0,660,train,1.9329,37.5,64
0,670,train,2.0675,10.5263,64
0,670,train,2.088,12.5,64
0,680,train,2.0699,13.8158,64
0,680,train,2.0337,0.0,64
0,690,train,2.0635,7.8947,64
0,690,train,2.0841,25.0,64
0,700,train,2.082,7.8947,63.875
0,700,train,2.1056,12.5,64
0,710,train,2.087,7.2368,64
0,710,train,2.0545,12.5,64
0,720,train,2.0768,9.8684,64
0,720,train,2.0696,12.5,64
0,730,train,2.0772,15.7895,64
0,730,train,2.0667,25.0,64
0,740,train,2.09,7.8947,63.9145
0,740,train,2.1083,0.0,64
0,750,train,2.0794,13.8158,64
0,750,train,2.0767,12.5,64
0,760,train,2.0814,13.1579,64
0,760,train,2.0965,12.5,64
0,770,train,2.0814,12.5,64
0,770,train,2.0919,12.5,64
0,780,train,2.0825,13.1579,64
0,780,train,2.1082,0.0,64
0,790,train,2.0862,8.5526,64
0,790,train,2.0892,0.0,64
0,800,train,2.076,15.7895,64
0,800,train,2.0775,12.5,64
0,810,train,2.0769,11.8421,64
0,810,train,2.1041,25.0,64
0,820,train,2.0775,12.5,64
0,820,train,2.033,50.0,64
0,830,train,2.0814,10.5263,64
0,830,train,2.1035,0.0,64
0,840,train,2.0771,17.1053,64
0,840,train,2.0846,25.0,64
0,850,train,2.0794,14.4737,64
0,850,train,2.0776,12.5,64
0,860,train,2.0835,13.1579,64
0,860,train,2.0914,12.5,64
0,870,train,2.0808,9.2105,64
0,870,train,2.074,0.0,64
0,880,train,2.0862,9.2105,64
0,880,train,2.0842,25.0,64
0,890,train,2.075,17.7632,64
0,890,train,2.099,0.0,64
0,900,train,2.0791,14.4737,64
0,900,train,2.0521,37.5,64
0,910,train,2.077,9.8684,64
0,910,train,2.0975,12.5,64
0,920,train,2.0768,13.1579,64
0,920,train,2.0855,12.5,64
0,930,train,2.0815,11.1842,64
0,930,train,2.0816,0.0,64
0,940,train,2.0744,16.4474,64
0,940,train,2.0574,12.5,64
0,950,train,2.0701,19.7368,64
0,950,train,2.0872,12.5,64
0,960,train,2.0622,16.4474,64
0,960,train,2.0498,25.0,64
0,970,train,2.0358,11.8421,64
0,970,train,2.1025,12.5,64
0,980,train,2.0535,9.2105,64
0,980,train,1.9786,12.5,64
0,990,train,2.05,9.2105,64
0,990,train,2.0828,12.5,64
0,1000,train,2.0768,12.5,64
0,1000,train,2.0472,25.0,64
0,1010,train,2.0766,14.4737,64
0,1010,train,2.0991,0.0,64
0,1020,train,2.0735,18.4211,64
0,1020,train,2.0782,0.0,64
0,1024,validation,2.0806,12.16,64
0,1024,validation,2.0805,12.0,64
0,1030,train,2.0865,11.8421,64
0,1030,train,2.062,25.0,64
0,1040,train,2.0794,13.8158,64
0,1040,train,2.0593,12.5,64
0,1050,train,2.0769,17.1053,64
0,1050,train,2.0849,0.0,64
0,1060,train,2.0801,11.1842,64
0,1060,train,2.0499,25.0,64
0,1070,train,2.0819,9.2105,64
0,1070,train,2.0812,12.5,64
0,1080,train,2.0803,15.7895,64
0,1080,train,2.0845,12.5,64
0,1090,train,2.0838,11.1842,64
0,1090,train,2.07,0.0,64
0,1100,train,2.0827,15.7895,64
0,1100,train,2.0621,0.0,64
0,1110,train,2.0738,14.4737,64
0,1110,train,2.0485,25.0,64
0,1120,train,2.079,10.5263,64
0,1120,train,2.0867,12.5,64
0,1130,train,2.0812,13.1579,64
0,1130,train,2.0608,0.0,64
0,1140,train,2.0857,10.5263,64
0,1140,train,2.0791,12.5,64
0,1150,train,2.0868,7.8947,64
0,1150,train,2.0851,25.0,64
0,1160,train,2.0875,9.8684,64
0,1160,train,2.0797,0.0,64
0,1170,train,2.0802,11.8421,64
0,1170,train,2.0666,0.0,64
0,1180,train,2.0815,13.1579,64
0,1180,train,2.0578,25.0,64
0,1190,train,2.0836,9.8684,64
0,1190,train,2.0859,0.0,64
0,1200,train,2.0777,11.8421,64
0,1200,train,2.0886,12.5,64
0,1210,train,2.0785,11.8421,64
0,1210,train,2.0918,12.5,64
0,1220,train,2.0765,11.8421,64
0,1220,train,2.0633,25.0,64
0,1230,train,2.0832,9.2105,64
0,1230,train,2.0894,12.5,64
0,1240,train,2.0801,14.4737,64
0,1240,train,2.0831,12.5,64
0,1250,train,2.0775,12.5,64
0,1250,train,2.0764,25.0,64
0,1260,train,2.0782,15.7895,64
0,1260,train,2.0599,25.0,64
0,1270,train,2.078,13.1579,64
0,1270,train,2.0865,0.0,64
0,1280,train,2.0802,12.5,64
0,1280,train,2.0875,0.0,64
0,1290,train,2.0776,13.1579,64
0,1290,train,2.0715,37.5,64
0,1300,train,2.0772,17.1053,64
0,1300,train,2.0756,12.5,64
0,1310,train,2.0938,8.5526,64
0,1310,train,2.0942,0.0,64
0,1320,train,2.0824,15.1316,64
0,1320,train,2.0915,12.5,64
0,1330,train,2.0804,11.8421,64
0,1330,train,2.0589,25.0,64
0,1340,train,2.0764,13.8158,64
0,1340,train,2.0652,25.0,64
0,1350,train,2.0803,12.5,64
0,1350,train,2.0858,12.5,64
0,1360,train,2.0817,8.5526,64
0,1360,train,2.0896,25.0,64
0,1370,train,2.0792,12.5,64
0,1370,train,2.1075,0.0,64
0,1380,train,2.0775,12.5,64
0,1380,train,2.0722,0.0,64
0,1390,train,2.0851,9.2105,64
0,1390,train,2.0958,0.0,64
0,1400,train,2.0792,11.8421,64
0,1400,train,2.0922,0.0,64
0,1410,train,2.0736,11.1842,64
0,1410,train,2.0416,12.5,64
0,1420,train,2.0587,13.1579,63.6711
0,1420,train,1.9598,12.5,64
0,1430,train,2.0712,12.5,64
0,1430,train,2.0799,12.5,64
0,1440,train,2.082,11.1842,64
0,1440,train,2.1233,0.0,64
0,1450,train,2.0877,9.2105,64
0,1450,train,2.058,12.5,64
0,1460,train,2.0808,9.8684,64
0,1460,train,2.0972,0.0,64
0,1470,train,2.0749,15.1316,64
0,1470,train,2.0763,12.5,64
0,1480,train,2.0849,9.8684,64
0,1480,train,2.0883,25.0,64
0,1490,train,2.0796,7.8947,64
0,1490,train,2.1007,0.0,64
0,1500,train,2.086,13.8158,64
0,1500,train,2.0641,25.0,64
0,1510,train,2.0808,8.5526,64
0,1510,train,2.0966,12.5,64
0,1520,train,2.0745,11.8421,64
0,1520,train,2.0747,12.5,64
0,1530,train,2.0859,14.4737,64
0,1530,train,2.0465,75.0,64
0,1536,validation,2.0799,12.36,64
0,1536,validation,2.0798,12.18,64
0,1540,train,2.0747,16.4474,64
0,1540,train,2.0899,0.0,64
0,1550,train,2.0829,9.2105,64
0,1550,train,2.1023,12.5,64
0,1560,train,2.0785,11.8421,64
0,1560,train,2.0814,25.0,64
0,1570,train,2.0752,13.8158,64
0,1570,train,2.091,25.0,64
0,1580,train,2.086,9.8684,64
0,1580,train,2.0672,50.0,64
0,1590,train,2.0776,13.8158,64
0,1590,train,2.062,25.0,64
0,1600,train,2.081,9.8684,64
0,1600,train,2.0667,0.0,64
0,1610,train,2.0845,8.5526,64
0,1610,train,2.083,12.5,64
0,1620,train,2.0857,8.5526,64
0,1620,train,2.1079,0.0,64
0,1630,train,2.078,9.2105,64
0,1630,train,2.0514,12.5,64
0,1640,train,2.0815,14.4737,64
0,1640,train,2.0968,12.5,64
0,1650,train,2.0764,13.8158,64
0,1650,train,2.0858,12.5,64
0,1660,train,2.0747,15.7895,64
0,1660,train,2.0763,12.5,64
0,1670,train,2.0824,11.1842,64
0,1670,train,2.0827,12.5,64
0,1680,train,2.0769,13.8158,64
0,1680,train,2.0952,0.0,64
0,1690,train,2.0775,17.1053,64
0,1690,train,2.0781,12.5,64
0,1700,train,2.0796,13.1579,64
0,1700,train,2.074,12.5,64
0,1710,train,2.0775,12.5,63.7434
0,1710,train,2.1063,12.5,64
0,1720,train,2.0795,15.7895,64
0,1720,train,2.0745,25.0,64
0,1730,train,2.0798,11.8421,64
0,1730,train,2.0756,37.5,64
0,1740,train,2.0805,10.5263,64
0,1740,train,2.0736,25.0,64
0,1750,train,2.0848,7.8947,64
0,1750,train,2.0722,12.5,64
0,1760,train,2.0766,14.4737,64
0,1760,train,2.0904,12.5,64
0,1770,train,2.0768,12.5,64
0,1770,train,2.0706,0.0,64
0,1780,train,2.0787,11.1842,64
0,1780,train,2.0754,37.5,64
0,1790,train,2.0833,11.1842,64
0,1790,train,2.0777,25.0,64
0,1800,train,2.0836,9.8684,64
0,1800,train,2.1073,0.0,64
0,1810,train,2.0797,12.5,64
0,1810,train,2.0947,0.0,64
0,1820,train,2.0807,14.4737,64
0,1820,train,2.0746,12.5,64
0,1830,train,2.078,13.1579,64
0,1830,train,2.0735,0.0,64
0,1840,train,2.0857,9.2105,64
0,1840,train,2.0589,12.5,64
0,1850,train,2.0791,13.1579,64
0,1850,train,2.0734,0.0,64
0,1860,train,2.0802,9.8684,64
0,1860,train,2.0858,12.5,64
0,1870,train,2.0748,14.4737,64
0,1870,train,2.0775,12.5,64
0,1880,train,2.0788,14.4737,64
0,1880,train,2.0837,0.0,64
0,1890,train,2.0778,13.1579,64
0,1890,train,2.0889,0.0,64
0,1900,train,2.0777,13.1579,64
0,1900,train,2.0755,12.5,64
0,1910,train,2.0798,10.5263,64
0,1910,train,2.0675,25.0,64
0,1920,train,2.0772,17.7632,64
0,1920,train,2.0835,0.0,64
0,1930,train,2.0766,13.1579,64
0,1930,train,2.0884,12.5,64
0,1940,train,2.0836,15.7895,64
0,1940,train,2.0912,0.0,64
0,1950,train,2.0788,18.4211,64
0,1950,train,2.0748,25.0,64
0,1960,train,2.0797,14.4737,64
0,1960,train,2.0725,12.5,64
0,1970,train,2.0807,13.8158,64
0,1970,train,2.0965,0.0,64
0,1980,train,2.0846,8.5526,64
0,1980,train,2.0571,12.5,64
0,1990,train,2.0861,7.8947,64
0,1990,train,2.0746,0.0,64
0,2000,train,2.0784,16.4474,64
0,2000,train,2.0598,25.0,64
0,2010,train,2.0809,11.1842,64
0,2010,train,2.0946,0.0,64
0,2020,train,2.0763,16.4474,64
0,2020,train,2.0797,12.5,64
0,2030,train,2.0717,11.8421,64
0,2030,train,2.0901,0.0,64
0,2040,train,2.083,13.8158,64
0,2040,train,2.0886,0.0,64
0,2048,validation,2.0798,12.4,64
0,2048,validation,2.0798,12.44,64
0,2050,train,2.0828,11.8421,64
0,2050,train,2.0788,12.5,64
0,2060,train,2.0776,15.7895,64
0,2060,train,2.0746,0.0,64
0,2070,train,2.0771,13.8158,64
0,2070,train,2.0874,0.0,64
0,2080,train,2.0806,10.5263,64
0,2080,train,2.0667,12.5,64
0,2090,train,2.0767,12.5,64
0,2090,train,2.0685,12.5,64
0,2100,train,2.081,11.8421,64
0,2100,train,2.0704,25.0,64
0,2110,train,2.0816,13.1579,64
0,2110,train,2.088,0.0,64
0,2120,train,2.0834,11.8421,64
0,2120,train,2.0909,12.5,64
0,2130,train,2.0817,11.8421,64
0,2130,train,2.0787,0.0,64
0,2140,train,2.0811,11.8421,64
0,2140,train,2.0548,37.5,64
0,2150,train,2.0796,15.7895,64
0,2150,train,2.0836,0.0,64
0,2160,train,2.0784,15.7895,64
0,2160,train,2.0909,0.0,64
0,2170,train,2.0733,17.7632,64
0,2170,train,2.058,50.0,64
0,2180,train,2.0843,8.5526,64
0,2180,train,2.0701,25.0,64
0,2190,train,2.0813,15.1316,64
0,2190,train,2.086,0.0,64
0,2200,train,2.082,12.5,64
0,2200,train,2.0784,12.5,64
0,2210,train,2.0802,9.2105,64
0,2210,train,2.0897,0.0,64
0,2220,train,2.0772,15.1316,64
0,2220,train,2.0871,12.5,64
0,2230,train,2.0744,10.5263,64
0,2230,train,2.0831,12.5,64
0,2240,train,2.0777,17.7632,64
0,2240,train,2.0892,12.5,64
0,2250,train,2.087,11.1842,64
0,2250,train,2.0902,0.0,64
0,2260,train,2.0792,13.1579,64
0,2260,train,2.0709,25.0,64
0,2270,train,2.0694,13.8158,64
0,2270,train,2.087,0.0,64
0,2280,train,2.0414,14.4737,64
0,2280,train,2.0854,0.0,64
0,2290,train,2.0567,18.4211,64
0,2290,train,2.0785,25.0,64
0,2300,train,2.0809,13.1579,64
0,2300,train,2.0849,12.5,64
0,2310,train,2.0838,5.9211,64
0,2310,train,2.0977,0.0,64
0,2320,train,2.0791,13.1579,64
0,2320,train,2.0697,37.5,64
0,2330,train,2.0805,12.5,64
0,2330,train,2.0866,12.5,64
0,2340,train,2.0806,9.2105,64
0,2340,train,2.0695,12.5,64
0,2350,train,2.0801,15.1316,64
0,2350,train,2.0783,12.5,64
0,2360,train,2.0795,12.5,64
0,2360,train,2.0865,12.5,64
0,2370,train,2.0777,14.4737,64
0,2370,train,2.0942,0.0,64
0,2380,train,2.0812,13.1579,64
0,2380,train,2.0696,0.0,64
0,2390,train,2.0801,11.8421,64
0,2390,train,2.0758,12.5,64
0,2400,train,2.0853,11.1842,64
0,2400,train,2.0984,0.0,64
0,2410,train,2.0797,12.5,64
0,2410,train,2.0821,12.5,64
0,2420,train,2.0836,10.5263,64
0,2420,train,2.0801,12.5,64
0,2430,train,2.0768,17.1053,64
0,2430,train,2.1011,12.5,64
0,2440,train,2.0794,15.1316,64
0,2440,train,2.0939,0.0,64
0,2450,train,2.0803,17.1053,64
0,2450,train,2.0847,12.5,64
0,2460,train,2.0783,9.8684,64
0,2460,train,2.0919,0.0,64
0,2470,train,2.0803,13.1579,64
0,2470,train,2.0816,25.0,64
0,2480,train,2.0808,8.5526,64
0,2480,train,2.0692,25.0,64
0,2490,train,2.0778,13.1579,64
0,2490,train,2.0858,0.0,64
0,2500,train,2.0758,13.8158,64
0,2500,train,2.0792,0.0,64
0,2510,train,2.0816,13.1579,64
0,2510,train,2.0868,12.5,64
0,2520,train,2.0776,10.5263,64
0,2520,train,2.0847,12.5,64
0,2530,train,2.0827,11.8421,64
0,2530,train,2.0781,12.5,64
0,2540,train,2.0787,10.5263,64
0,2540,train,2.075,12.5,64
0,2550,train,2.0815,14.4737,64
0,2550,train,2.0876,25.0,64
0,2560,train,2.0792,13.8158,64
0,2560,validation,2.0797,12.86,64
0,2560,train,2.076,0.0,64
0,2560,validation,2.0796,12.98,64
0,2570,train,2.0788,14.4737,64
0,2570,train,2.0869,12.5,64
0,2580,train,2.0808,11.8421,64
0,2580,train,2.074,12.5,64
0,2590,train,2.0789,12.5,64
0,2590,train,2.0769,0.0,64
0,2600,train,2.0812,9.8684,64
0,2600,train,2.0827,12.5,64
0,2610,train,2.0749,16.4474,64
0,2610,train,2.0816,25.0,64
0,2620,train,2.0812,9.2105,64
0,2620,train,2.0714,25.0,64
0,2630,train,2.0751,15.1316,64
0,2630,train,2.0859,12.5,64
0,2640,train,2.0806,13.8158,64
0,2640,train,2.0962,0.0,64
0,2650,train,2.0852,8.5526,64
0,2650,train,2.0635,37.5,64
0,2660,train,2.0759,13.8158,64
0,2660,train,2.0632,37.5,64
0,2670,train,2.0797,12.5,64
0,2670,train,2.0822,12.5,64
0,2680,train,2.0784,13.1579,64
0,2680,train,2.0822,12.5,64
0,2690,train,2.0794,16.4474,64
0,2690,train,2.0824,25.0,64
0,2700,train,2.0811,7.2368,64
0,2700,train,2.0821,12.5,64
0,2710,train,2.0838,8.5526,64
0,2710,train,2.079,25.0,64
0,2720,train,2.0826,11.8421,64
0,2720,train,2.0697,25.0,64
0,2730,train,2.0815,13.1579,64
0,2730,train,2.097,0.0,64
0,2740,train,2.0833,15.1316,64
0,2740,train,2.07,0.0,64
0,2750,train,2.0817,7.8947,64
0,2750,train,2.092,12.5,64
0,2760,train,2.0793,10.5263,64
0,2760,train,2.0559,50.0,64
0,2770,train,2.0855,9.2105,64
0,2770,train,2.0764,12.5,64
0,2780,train,2.0785,14.4737,64
0,2780,train,2.0614,25.0,64
0,2790,train,2.08,13.1579,64
0,2790,train,2.0693,25.0,64
0,2800,train,2.0785,14.4737,64
0,2800,train,2.0842,0.0,64
0,2810,train,2.0795,11.8421,64
0,2810,train,2.0648,25.0,64
0,2820,train,2.086,7.8947,64
0,2820,train,2.0953,12.5,64
0,2830,train,2.0796,11.8421,64
0,2830,train,2.0766,0.0,64
0,2840,train,2.0775,15.7895,64
0,2840,train,2.0722,12.5,64
0,2850,train,2.0805,9.8684,64
0,2850,train,2.0674,37.5,64
0,2860,train,2.0774,13.1579,64
0,2860,train,2.0676,25.0,64
0,2870,train,2.0766,13.1579,64
0,2870,train,2.0803,12.5,64
0,2880,train,2.0796,16.4474,64
0,2880,train,2.0917,0.0,64
0,2890,train,2.0787,15.1316,64
0,2890,train,2.0791,0.0,64
0,2900,train,2.0879,11.8421,64
0,2900,train,2.0804,0.0,64
0,2910,train,2.0824,12.5,64
0,2910,train,2.0899,25.0,64
0,2920,train,2.0788,15.7895,64
0,2920,train,2.0832,0.0,64
0,2930,train,2.0792,12.5,64
0,2930,train,2.0723,12.5,64
0,2940,train,2.0804,12.5,64
0,2940,train,2.0798,12.5,64
0,2950,train,2.0807,15.7895,64
0,2950,train,2.0823,0.0,64
0,2960,train,2.0825,7.8947,64
0,2960,train,2.0825,12.5,64
0,2970,train,2.0786,11.1842,64
0,2970,train,2.0753,0.0,64
0,2980,train,2.0799,13.8158,64
0,2980,train,2.0858,12.5,64
0,2990,train,2.0802,9.2105,64
0,2990,train,2.0628,37.5,64
0,3000,train,2.0791,12.5,64
0,3000,train,2.0801,12.5,64
0,3010,train,2.0782,15.7895,64
0,3010,train,2.0793,12.5,64
0,3020,train,2.0806,7.2368,64
0,3020,train,2.0602,0.0,64
0,3030,train,2.0792,11.8421,64
0,3030,train,2.0731,25.0,64
0,3040,train,2.0776,15.1316,64
0,3040,train,2.0928,12.5,64
0,3050,train,2.0793,13.8158,64
0,3050,train,2.0688,25.0,64
0,3060,train,2.0824,8.5526,64
0,3060,train,2.0849,12.5,64
0,3070,train,2.0821,8.5526,64
0,3070,train,2.0698,12.5,64
0,3072,validation,2.0796,13.1,64
0,3072,validation,2.0796,12.2,64
0,3080,train,2.0757,13.8158,64
0,3080,train,2.0726,12.5,64
0,3090,train,2.0764,14.4737,64
0,3090,train,2.0729,37.5,64
0,3100,train,2.0779,16.4474,64
0,3100,train,2.0626,12.5,64
0,3110,train,2.0757,9.8684,64
0,3110,train,2.0777,12.5,64
0,3120,train,2.0801,13.1579,64
0,3120,train,2.0629,25.0,64
0,3130,train,2.0762,14.4737,64
0,3130,train,2.0686,37.5,64
0,3140,train,2.0795,19.0789,64
0,3140,train,2.0545,12.5,64
0,3150,train,2.0824,17.7632,64
0,3150,train,2.0946,12.5,64
0,3160,train,2.0747,10.5263,64
0,3160,train,2.0839,12.5,64
0,3170,train,2.078,16.4474,64
0,3170,train,2.0651,12.5,64
0,3180,train,2.0841,11.8421,64
0,3180,train,2.0959,0.0,64
0,3190,train,2.078,13.1579,64
0,3190,train,2.0877,0.0,64
0,3200,train,2.0828,15.7895,64
0,3200,train,2.045,12.5,64
0,3210,train,2.0808,11.1842,64
0,3210,train,2.0815,12.5,64
0,3220,train,2.0793,10.5263,64
0,3220,train,2.0652,25.0,64
0,3230,train,2.0771,15.1316,64
0,3230,train,2.0755,0.0,64
0,3240,train,2.0773,13.8158,64
0,3240,train,2.0718,25.0,64
0,3250,train,2.0819,13.1579,64
0,3250,train,2.0614,12.5,64
0,3260,train,2.0841,8.5526,64
0,3260,train,2.0557,12.5,64
0,3270,train,2.0805,9.8684,64
0,3270,train,2.0673,12.5,64
0,3280,train,2.0715,15.1316,64
0,3280,train,2.0236,25.0,64
0,3290,train,2.0862,9.8684,64
0,3290,train,2.0715,0.0,64
0,3300,train,2.0752,14.4737,64
0,3300,train,2.0942,0.0,64
0,3310,train,2.0849,13.8158,64
0,3310,train,2.0792,0.0,64
0,3320,train,2.0847,4.6053,64
0,3320,train,2.0822,0.0,64
0,3330,train,2.0678,11.1842,64
0,3330,train,2.0906,0.0,64
0,3340,train,2.0783,12.5,64
0,3340,train,2.0675,12.5,64
0,3350,train,2.0801,11.8421,64
0,3350,train,2.0695,25.0,64
0,3360,train,2.0808,7.8947,64
0,3360,train,2.0776,0.0,64
0,3370,train,2.0722,14.4737,64
0,3370,train,2.0045,12.5,64
0,3380,train,2.0787,9.2105,64
0,3380,train,2.0618,12.5,64
0,3390,train,2.0831,11.1842,64
0,3390,train,2.0556,37.5,64
0,3400,train,2.0752,12.5,64
0,3400,train,2.0782,12.5,64
0,3410,train,2.0792,11.8421,64
0,3410,train,2.0777,12.5,64
0,3420,train,2.0817,5.2632,64
0,3420,train,2.0924,0.0,64
0,3430,train,2.0618,12.5,64
0,3430,train,2.0599,25.0,64
0,3440,train,2.0807,15.1316,64
0,3440,train,2.1114,12.5,64
0,3450,train,2.077,11.1842,64
0,3450,train,2.0659,12.5,64
0,3460,train,2.0774,13.1579,64
0,3460,train,2.0682,12.5,64
0,3470,train,2.0805,8.5526,64
0,3470,train,2.0756,12.5,64
0,3480,train,2.0785,10.5263,64
0,3480,train,2.0597,37.5,64
0,3490,train,2.0768,9.2105,64
0,3490,train,2.0571,37.5,64
0,3500,train,2.0811,9.2105,64
0,3500,train,2.0826,12.5,64
0,3510,train,2.0719,13.1579,64
0,3510,train,2.0702,12.5,64
0,3520,train,2.079,11.1842,64
0,3520,train,2.1031,0.0,64
0,3530,train,2.0742,13.8158,64
0,3530,train,2.0918,12.5,64
0,3540,train,2.0827,16.4474,64
0,3540,train,2.0941,0.0,64
0,3550,train,2.0787,10.5263,64
0,3550,train,2.0849,25.0,64
0,3560,train,2.0703,13.1579,64
0,3560,train,2.0709,12.5,64
0,3570,train,2.0748,14.4737,64
0,3570,train,2.1539,0.0,64
0,3580,train,2.0816,13.1579,64
0,3580,train,2.0501,0.0,64
0,3584,validation,2.0796,11.72,64
0,3584,validation,2.0797,12.84,64
0,3590,train,2.0736,11.1842,64
0,3590,train,2.0708,0.0,64
0,3600,train,2.0741,15.1316,64
0,3600,train,2.0749,25.0,64
0,3610,train,2.0618,14.4737,64
0,3610,train,2.0563,25.0,64
0,3620,train,2.0633,11.8421,64
0,3620,train,2.1415,12.5,64
0,3630,train,2.0678,13.1579,64
0,3630,train,2.0908,0.0,64
0,3640,train,2.0464,14.4737,64
0,3640,train,2.0242,0.0,64
0,3650,train,2.081,11.8421,64
0,3650,train,2.0665,12.5,64
0,3660,train,2.0741,12.5,64
0,3660,train,2.0785,12.5,64
0,3670,train,2.0601,16.4474,64
0,3670,train,2.0772,12.5,64
0,3680,train,2.0714,12.5,64
0,3680,train,2.0761,0.0,64
0,3690,train,2.082,9.8684,64
0,3690,train,2.0505,25.0,64
0,3700,train,2.0711,15.7895,64
0,3700,train,2.1011,0.0,64
0,3710,train,2.0731,13.1579,64
0,3710,train,2.0805,12.5,64
0,3720,train,2.0691,17.1053,64
0,3720,train,2.0744,0.0,64
0,3730,train,2.0863,7.2368,64
0,3730,train,2.1038,12.5,64
0,3740,train,2.0647,12.5,64
0,3740,train,2.0757,25.0,64
0,3750,train,2.112,7.8947,64
0,3750,train,2.0697,25.0,64
0,3760,train,2.0732,11.1842,64
0,3760,train,2.0368,12.5,64
0,3770,train,2.0658,15.1316,64
0,3770,train,2.084,25.0,64
0,3780,train,2.08,13.1579,64
0,3780,train,2.0883,0.0,64
0,3790,train,2.0785,13.8158,64
0,3790,train,2.045,12.5,64
0,3800,train,2.0817,11.8421,64
0,3800,train,2.0799,12.5,64
0,3810,train,2.0757,12.5,64
0,3810,train,2.0797,25.0,64
0,3820,train,2.0781,11.1842,64
0,3820,train,2.0582,12.5,64
0,3830,train,2.0672,13.8158,64
0,3830,train,2.0775,12.5,64
0,3840,train,2.0726,11.8421,64
0,3840,train,2.0727,25.0,64
0,3850,train,2.0787,14.4737,64
0,3850,train,2.0892,25.0,64
0,3860,train,2.0774,15.7895,64
0,3860,train,2.0547,25.0,64
0,3870,train,2.0782,15.7895,64
0,3870,train,2.0888,0.0,64
0,3880,train,2.0785,13.8158,64
0,3880,train,2.0925,12.5,64
0,3890,train,2.0779,14.4737,64
0,3890,train,2.0638,12.5,64
0,3900,train,2.0813,9.8684,64
0,3900,train,2.0492,50.0,64
0,3910,train,2.0721,11.1842,64
0,3910,train,2.0663,37.5,64
0,3920,train,2.0579,9.2105,64
0,3920,train,2.0554,12.5,64
0,3930,train,2.0627,16.4474,64
0,3930,train,2.0694,25.0,64
0,3940,train,2.0749,10.5263,64
0,3940,train,2.0877,0.0,64
0,3950,train,2.0608,17.1053,64
0,3950,train,2.0894,0.0,64
0,3960,train,2.0642,10.5263,64
0,3960,train,2.0005,25.0,64
0,3970,train,2.0615,9.8684,64
0,3970,train,2.0899,0.0,64
0,3980,train,2.0816,15.1316,64
0,3980,train,2.0858,12.5,64
0,3990,train,2.0789,13.1579,64
0,3990,train,2.0913,25.0,64
0,4000,train,2.0789,13.1579,64
0,4000,train,2.0634,25.0,64
0,4010,train,2.0804,11.1842,64
0,4010,train,2.072,12.5,64
0,4020,train,2.0804,15.7895,64
0,4020,train,2.0878,12.5,64
0,4030,train,2.079,15.1316,64
0,4030,train,2.0932,12.5,64
0,4040,train,2.0848,7.8947,64
0,4040,train,2.0927,0.0,64
0,4050,train,2.0809,12.5,64
0,4050,train,2.0734,25.0,64
0,4060,train,2.0804,11.8421,64
0,4060,train,2.0835,12.5,64
0,4070,train,2.0827,8.5526,64
0,4070,train,2.0834,0.0,64
0,4080,train,2.0814,12.5,64
0,4080,train,2.0827,25.0,64
0,4090,train,2.0807,11.1842,64
0,4090,train,2.066,12.5,64
0,4096,validation,2.0795,12.68,64
0,4096,validation,2.0795,12.4,64
0,4100,train,2.077,15.7895,64
0,4100,train,2.0748,25.0,64
0,4110,train,2.0792,10.5263,64
0,4110,train,2.0654,25.0,64
0,4120,train,2.0786,11.1842,64
0,4120,train,2.0805,0.0,64
0,4130,train,2.0806,9.8684,64
0,4130,train,2.0744,37.5,64
0,4140,train,2.0792,15.1316,64
0,4140,train,2.0878,12.5,64
0,4150,train,2.0793,18.4211,64
0,4150,train,2.0752,12.5,64
0,4160,train,2.0755,16.4474,64
0,4160,train,2.0702,25.0,64
0,4170,train,2.0816,13.1579,64
0,4170,train,2.0748,12.5,64
0,4180,train,2.0791,12.5,64
0,4180,train,2.0797,25.0,64
0,4190,train,2.081,8.5526,64
0,4190,train,2.0859,0.0,64
0,4200,train,2.0772,11.8421,64
0,4200,train,2.0728,25.0,64
0,4210,train,2.079,16.4474,64
0,4210,train,2.0808,25.0,64
0,4220,train,2.0806,13.8158,64
0,4220,train,2.0831,25.0,64
0,4230,train,2.0804,9.8684,64
0,4230,train,2.091,12.5,64
0,4240,train,2.0802,8.5526,64
0,4240,train,2.0747,12.5,64
0,4250,train,2.0814,11.1842,64
0,4250,train,2.0678,25.0,64
0,4260,train,2.0783,14.4737,64
0,4260,train,2.0803,12.5,64
0,4270,train,2.0796,10.5263,64
0,4270,train,2.0755,25.0,64
0,4280,train,2.0776,15.7895,64
0,4280,train,2.0746,0.0,64
0,4290,train,2.0783,14.4737,64
0,4290,train,2.0802,12.5,64
0,4300,train,2.0794,11.8421,64
0,4300,train,2.0824,0.0,64
0,4310,train,2.0766,15.1316,64
0,4310,train,2.0825,12.5,64
0,4320,train,2.0802,12.5,64
0,4320,train,2.0907,12.5,64
0,4330,train,2.0765,15.1316,64
0,4330,train,2.0739,12.5,64
0,4340,train,2.0796,12.5,64
0,4340,train,2.072,25.0,64
0,4350,train,2.0818,8.5526,64
0,4350,train,2.0807,0.0,64
0,4360,train,2.0767,14.4737,64
0,4360,train,2.081,0.0,64
0,4370,train,2.0813,7.8947,64
0,4370,train,2.0756,25.0,64
0,4380,train,2.0799,13.8158,64
0,4380,train,2.076,0.0,64
0,4390,train,2.0791,15.7895,64
0,4390,train,2.0762,0.0,64
0,4400,train,2.0803,14.4737,64
0,4400,train,2.0786,25.0,64
0,4410,train,2.0807,9.8684,64
0,4410,train,2.0772,0.0,64
0,4420,train,2.0814,9.8684,64
0,4420,train,2.0763,12.5,64
0,4430,train,2.079,12.5,64
0,4430,train,2.0678,37.5,64
0,4440,train,2.0815,13.1579,64
0,4440,train,2.0772,12.5,64
0,4450,train,2.0794,10.5263,64
0,4450,train,2.0713,25.0,64
0,4460,train,2.083,11.8421,64
0,4460,train,2.0773,12.5,64
0,4470,train,2.0821,8.5526,64
0,4470,train,2.0818,25.0,64
0,4480,train,2.0788,9.8684,64
0,4480,train,2.0753,12.5,64
0,4490,train,2.0775,15.7895,64
0,4490,train,2.0738,25.0,64
0,4500,train,2.0795,14.4737,64
0,4500,train,2.0827,0.0,64
0,4510,train,2.0797,13.1579,64
0,4510,train,2.0749,12.5,64
0,4520,train,2.0796,16.4474,64
0,4520,train,2.0848,12.5,64
0,4530,train,2.0784,13.1579,64
0,4530,train,2.0732,12.5,64
0,4540,train,2.0807,11.1842,64
0,4540,train,2.0873,0.0,64
0,4550,train,2.0808,8.5526,64
0,4550,train,2.0655,25.0,64
0,4560,train,2.0805,12.5,64
0,4560,train,2.0775,12.5,64
0,4570,train,2.0793,11.1842,64
0,4570,train,2.0784,12.5,64
0,4580,train,2.0795,15.1316,64
0,4580,train,2.0867,0.0,64
0,4590,train,2.079,9.8684,64
0,4590,train,2.077,12.5,64
0,4600,train,2.0786,13.1579,64
0,4600,train,2.0898,0.0,64
0,4608,validation,2.0794,12.38,64
0,4608,validation,2.0796,12.68,64
0,4610,train,2.0806,11.1842,64
0,4610,train,2.0864,0.0,64
0,4620,train,2.079,15.1316,64
0,4620,train,2.0804,0.0,64
0,4630,train,2.0778,13.1579,64
0,4630,train,2.0755,37.5,64
0,4640,train,2.0791,15.7895,64
0,4640,train,2.0781,12.5,64
0,4650,train,2.079,9.8684,64
0,4650,train,2.0768,12.5,64
0,4660,train,2.0812,15.1316,64
0,4660,train,2.0761,0.0,64
0,4670,train,2.0777,14.4737,64
0,4670,train,2.095,0.0,64
0,4680,train,2.0773,13.8158,64
0,4680,train,2.0795,0.0,64
0,4690,train,2.0776,15.7895,64
0,4690,train,2.0859,0.0,64
0,4700,train,2.079,13.1579,64
0,4700,train,2.0691,37.5,64
0,4710,train,2.0787,14.4737,64
0,4710,train,2.0752,12.5,64
0,4720,train,2.0797,12.5,64
0,4720,train,2.0948,12.5,64
0,4730,train,2.0792,16.4474,64
0,4730,train,2.0859,0.0,64
0,4740,train,2.0774,14.4737,64
0,4740,train,2.0842,12.5,64
0,4750,train,2.0809,8.5526,64
0,4750,train,2.0831,12.5,64
0,4760,train,2.0782,10.5263,64
0,4760,train,2.0899,0.0,64
0,4770,train,2.078,17.7632,64
0,4770,train,2.0699,25.0,64
0,4780,train,2.0823,9.8684,64
0,4780,train,2.0738,0.0,64
0,4790,train,2.08,17.1053,64
0,4790,train,2.0768,25.0,64
0,4800,train,2.0798,12.5,64
0,4800,train,2.0859,0.0,64
0,4810,train,2.0792,12.5,64
0,4810,train,2.0829,0.0,64
0,4820,train,2.0785,17.7632,64
0,4820,train,2.0745,25.0,64
0,4830,train,2.0766,17.7632,64
0,4830,train,2.0792,0.0,64
0,4840,train,2.0806,10.5263,64
0,4840,train,2.0752,25.0,64
0,4850,train,2.0804,11.8421,64
0,4850,train,2.086,0.0,64
0,4860,train,2.077,9.8684,64
0,4860,train,2.079,0.0,64
0,4870,train,2.0805,9.8684,64
0,4870,train,2.0721,0.0,64
0,4880,train,2.0798,12.5,64
0,4880,train,2.0713,12.5,64
0,4890,train,2.08,11.8421,64
0,4890,train,2.0838,0.0,64
0,4900,train,2.0808,7.8947,64
0,4900,train,2.0868,0.0,64
0,4910,train,2.0793,18.4211,64
0,4910,train,2.0769,25.0,64
0,4920,train,2.0797,13.1579,64
0,4920,train,2.0717,25.0,64
0,4930,train,2.0803,14.4737,64
0,4930,train,2.0858,0.0,64
0,4940,train,2.0802,10.5263,64
0,4940,train,2.0771,12.5,64
0,4950,train,2.0816,10.5263,64
0,4950,train,2.0773,12.5,64
0,4960,train,2.0808,13.1579,64
0,4960,train,2.0861,0.0,64
0,4970,train,2.0802,14.4737,64
0,4970,train,2.0859,0.0,64
0,4980,train,2.0801,13.1579,64
0,4980,train,2.0806,0.0,64
0,4990,train,2.0802,11.1842,64
0,4990,train,2.0792,0.0,64
0,5000,train,2.08,11.1842,64
0,5000,train,2.075,12.5,64
0,5010,train,2.0755,17.7632,64
0,5010,train,2.0775,12.5,64
0,5020,train,2.0826,9.8684,64
0,5020,train,2.0775,0.0,64
0,5030,train,2.0784,15.7895,64
0,5030,train,2.0723,12.5,64
0,5040,train,2.082,11.1842,64
0,5040,train,2.0837,0.0,64
0,5050,train,2.0801,12.5,64
0,5050,train,2.075,12.5,64
0,5060,train,2.0766,14.4737,64
0,5060,train,2.0872,0.0,64
0,5070,train,2.0787,15.1316,64
0,5070,train,2.0854,0.0,64
0,5080,train,2.0809,13.1579,64
0,5080,train,2.0801,12.5,64
0,5090,train,2.0787,11.1842,64
0,5090,train,2.0733,12.5,64
0,5100,train,2.0791,11.1842,64
0,5100,train,2.0763,12.5,64
0,5110,train,2.0808,11.1842,64
0,5110,train,2.0874,12.5,64
0,5120,train,2.0809,16.4474,64
0,5120,validation,2.0795,12.14,64
0,5120,train,2.0729,25.0,64
0,5120,validation,2.0796,12.58,64
0,5130,train,2.0799,10.5263,64
0,5130,train,2.0865,12.5,64
0,5140,train,2.0826,7.8947,64
0,5140,train,2.0755,25.0,64
0,5150,train,2.0819,11.8421,64
0,5150,train,2.0852,12.5,64
0,5160,train,2.0814,8.5526,64
0,5160,train,2.0838,12.5,64
0,5170,train,2.0793,13.1579,64
0,5170,train,2.0783,12.5,64
0,5180,train,2.0773,17.7632,64
0,5180,train,2.0804,0.0,64
0,5190,train,2.0782,13.8158,64
0,5190,train,2.0937,0.0,64
0,5200,train,2.0795,13.8158,64
0,5200,train,2.0855,25.0,64
0,5210,train,2.0812,11.1842,64
0,5210,train,2.0822,0.0,64
0,5220,train,2.0777,14.4737,64
0,5220,train,2.0819,12.5,64
0,5230,train,2.0782,13.8158,64
0,5230,train,2.0893,0.0,64
0,5240,train,2.0798,10.5263,64
0,5240,train,2.0806,12.5,64
0,5250,train,2.081,9.2105,64
0,5250,train,2.0952,0.0,64
0,5260,train,2.0785,14.4737,64
0,5260,train,2.0822,12.5,64
0,5270,train,2.081,7.8947,64
0,5270,train,2.072,0.0,64
0,5280,train,2.0799,14.4737,64
0,5280,train,2.0708,37.5,64
0,5290,train,2.081,10.5263,64
0,5290,train,2.0734,25.0,64
0,5300,train,2.0779,16.4474,64
0,5300,train,2.0782,12.5,64
0,5310,train,2.083,14.4737,64
0,5310,train,2.0749,12.5,64
0,5320,train,2.0823,7.8947,64
0,5320,train,2.0786,25.0,64
0,5330,train,2.0785,9.8684,64
0,5330,train,2.0713,12.5,64
0,5340,train,2.0777,13.1579,64
0,5340,train,2.0773,25.0,64
0,5350,train,2.0774,15.1316,64
0,5350,train,2.0933,0.0,64
0,5360,train,2.081,12.5,64
0,5360,train,2.0787,12.5,64
0,5370,train,2.0804,13.1579,64
0,5370,train,2.0949,0.0,64
0,5380,train,2.0794,13.1579,64
0,5380,train,2.0698,25.0,64
0,5390,train,2.0809,11.8421,64
0,5390,train,2.0739,0.0,64
0,5400,train,2.0828,10.5263,64
0,5400,train,2.0823,0.0,64
0,5410,train,2.0803,11.8421,64
0,5410,train,2.0837,25.0,64
0,5420,train,2.0784,13.8158,64
0,5420,train,2.0726,25.0,64
0,5430,train,2.0797,11.1842,64
0,5430,train,2.0728,12.5,64
0,5440,train,2.0798,9.8684,64
0,5440,train,2.0728,25.0,64
0,5450,train,2.0785,13.8158,64
0,5450,train,2.0805,25.0,64
0,5460,train,2.079,11.8421,64
0,5460,train,2.0841,25.0,64
0,5470,train,2.0785,9.2105,64
0,5470,train,2.0735,25.0,64
0,5480,train,2.077,10.5263,64
0,5480,train,2.0729,25.0,64
0,5490,train,2.081,11.1842,64
0,5490,train,2.0729,0.0,64
0,5500,train,2.0822,10.5263,64
0,5500,train,2.0764,0.0,64
0,5510,train,2.0794,13.1579,64
0,5510,train,2.0766,12.5,64
0,5520,train,2.0789,12.5,64
0,5520,train,2.0928,0.0,64
0,5530,train,2.0792,12.5,64
0,5530,train,2.08,0.0,64
0,5540,train,2.0786,13.8158,64
0,5540,train,2.0787,0.0,64
0,5550,train,2.0778,12.5,64
0,5550,train,2.0716,12.5,64
0,5560,train,2.0801,13.8158,64
0,5560,train,2.075,0.0,64
0,5570,train,2.0779,14.4737,64
0,5570,train,2.0832,12.5,64
0,5580,train,2.0767,17.1053,64
0,5580,train,2.0789,12.5,64
0,5590,train,2.0777,15.7895,64
0,5590,train,2.0814,12.5,64
0,5600,train,2.0786,13.1579,64
0,5600,train,2.0845,0.0,64
0,5610,train,2.0822,11.1842,64
0,5610,train,2.0764,12.5,64
0,5620,train,2.08,9.8684,64
0,5620,train,2.0779,0.0,64
0,5630,train,2.0795,12.5,64
0,5630,train,2.0669,0.0,64
0,5632,validation,2.0796,12.48,64
0,5632,validation,2.0796,12.84,64
0,5640,train,2.0809,13.8158,64
0,5640,train,2.0793,25.0,64
0,5650,train,2.0798,11.1842,64
0,5650,train,2.081,12.5,64
0,5660,train,2.0774,13.8158,64
0,5660,train,2.0821,0.0,64
0,5670,train,2.0801,13.1579,64
0,5670,train,2.0851,0.0,64
0,5680,train,2.0783,10.5263,64
0,5680,train,2.0818,12.5,64
0,5690,train,2.0781,18.4211,64
0,5690,train,2.0855,12.5,64
0,5700,train,2.0792,11.1842,64
0,5700,train,2.0802,12.5,64
0,5710,train,2.0792,14.4737,64
0,5710,train,2.0811,25.0,64
0,5720,train,2.078,10.5263,64
0,5720,train,2.0732,25.0,64
0,5730,train,2.0796,9.2105,64
0,5730,train,2.0752,25.0,64
0,5740,train,2.0779,9.8684,64
0,5740,train,2.0842,12.5,64
0,5750,train,2.0792,11.8421,64
0,5750,train,2.0946,0.0,64
0,5760,train,2.08,13.1579,64
0,5760,train,2.09,12.5,64
0,5770,train,2.0816,10.5263,64
0,5770,train,2.0726,25.0,64
0,5780,train,2.0803,7.8947,64
0,5780,train,2.0758,0.0,64
0,5790,train,2.0806,11.1842,64
0,5790,train,2.0753,12.5,64
0,5800,train,2.0797,10.5263,64
0,5800,train,2.0812,12.5,64
0,5810,train,2.0809,9.8684,64
0,5810,train,2.0804,0.0,64
0,5820,train,2.0801,9.8684,64
0,5820,train,2.0654,25.0,64
0,5830,train,2.079,15.7895,64
0,5830,train,2.0774,25.0,64
0,5840,train,2.0792,13.8158,64
0,5840,train,2.0753,37.5,64
0,5850,train,2.0791,11.8421,64
0,5850,train,2.0724,37.5,64
0,5860,train,2.0784,11.1842,64
0,5860,train,2.0838,0.0,64
0,5870,train,2.0817,9.2105,64
0,5870,train,2.0796,12.5,64
0,5880,train,2.0788,13.8158,64
0,5880,train,2.0854,0.0,64
0,5890,train,2.0807,6.5789,64
0,5890,train,2.0847,0.0,64
0,5900,train,2.081,11.1842,64
0,5900,train,2.0801,0.0,64
0,5910,train,2.0792,13.8158,64
0,5910,train,2.0869,0.0,64
0,5920,train,2.0807,15.7895,64
0,5920,train,2.0789,12.5,64
0,5930,train,2.0825,9.8684,64
0,5930,train,2.0765,0.0,64
0,5940,train,2.081,11.8421,64
0,5940,train,2.0741,25.0,64
0,5950,train,2.0794,13.8158,64
0,5950,train,2.0795,12.5,64
0,5960,train,2.0797,11.8421,64
0,5960,train,2.0846,0.0,64
0,5970,train,2.0793,13.1579,64
0,5970,train,2.0751,37.5,64
0,5980,train,2.0797,11.8421,64
0,5980,train,2.0783,12.5,64
0,5990,train,2.081,13.1579,64
0,5990,train,2.084,25.0,64
0,6000,train,2.0814,9.2105,64
0,6000,train,2.0789,12.5,64
0,6010,train,2.0787,17.1053,64
0,6010,train,2.0852,12.5,64
0,6020,train,2.0807,9.2105,64
0,6020,train,2.088,0.0,64
0,6030,train,2.081,4.6053,64
0,6030,train,2.0755,37.5,64
0,6040,train,2.0793,11.8421,64
0,6040,train,2.0726,25.0,64
0,6050,train,2.0814,8.5526,64
0,6050,train,2.0761,0.0,64
0,6060,train,2.081,11.8421,64
0,6060,train,2.0758,0.0,64
0,6070,train,2.0793,13.1579,64
0,6070,train,2.0781,25.0,64
0,6080,train,2.0791,12.5,64
0,6080,train,2.0726,12.5,64
0,6090,train,2.0797,7.2368,64
0,6090,train,2.0789,0.0,64
0,6100,train,2.0804,11.8421,64
0,6100,train,2.0796,0.0,64
0,6110,train,2.0794,12.5,64
0,6110,train,2.0835,12.5,64
0,6120,train,2.0797,10.5263,64
0,6120,train,2.076,12.5,64
0,6130,train,2.0803,12.5,64
0,6130,train,2.0784,12.5,64
0,6140,train,2.0802,15.7895,64
0,6140,train,2.0752,37.5,64
0,6144,validation,2.0795,12.94,64
0,6144,validation,2.0796,13.02,64
0,6150,train,2.0798,13.8158,64
0,6150,train,2.0799,0.0,64
0,6160,train,2.0797,12.5,64
0,6160,train,2.0824,0.0,64
0,6170,train,2.079,10.5263,64
0,6170,train,2.0815,0.0,64
0,6180,train,2.0795,12.5,64
0,6180,train,2.0832,0.0,64
0,6190,train,2.08,9.8684,64
0,6190,train,2.0815,12.5,64
0,6200,train,2.0808,11.1842,64
0,6200,train,2.0828,0.0,64
0,6210,train,2.0791,13.8158,64
0,6210,train,2.0689,12.5,64
0,6220,train,2.0784,15.1316,64
0,6220,train,2.0798,12.5,64
0,6230,train,2.0812,11.8421,64
0,6230,train,2.0798,12.5,64
0,6240,train,2.078,14.4737,64
0,6240,train,2.0855,0.0,64
0,6250,train,2.0821,7.2368,64
0,6250,train,2.0779,12.5,64
0,6260,train,2.0798,13.8158,64
0,6260,train,2.0768,0.0,64
0,6270,train,2.081,9.2105,64
0,6270,train,2.084,0.0,64
0,6280,train,2.0797,11.8421,64
0,6280,train,2.0782,12.5,64
0,6290,train,2.0798,17.1053,64
0,6290,train,2.0736,25.0,64
0,6300,train,2.0814,9.8684,64
0,6300,train,2.0781,12.5,64
0,6310,train,2.0808,11.1842,64
0,6310,train,2.0764,0.0,64
0,6320,train,2.0774,15.1316,64
0,6320,train,2.0775,0.0,64
0,6330,train,2.0798,14.4737,64
0,6330,train,2.0836,12.5,64
0,6340,train,2.0817,7.8947,64
0,6340,train,2.0839,0.0,64
0,6350,train,2.0797,8.5526,64
0,6350,train,2.0742,25.0,64
0,6360,train,2.0802,11.8421,64
0,6360,train,2.0765,25.0,64
0,6370,train,2.0793,11.1842,64
0,6370,train,2.0795,12.5,64
0,6380,train,2.0795,13.1579,64
0,6380,train,2.0792,0.0,64
0,6390,train,2.0797,12.5,64
0,6390,train,2.0858,12.5,64
0,6400,train,2.0793,11.1842,64
0,6400,train,2.074,0.0,64
0,6410,train,2.0791,9.8684,64
0,6410,train,2.0813,12.5,64
0,6420,train,2.0802,15.1316,64
0,6420,train,2.0822,12.5,64
0,6430,train,2.081,10.5263,64
0,6430,train,2.0815,12.5,64
0,6440,train,2.0801,14.4737,64
0,6440,train,2.0765,0.0,64
0,6450,train,2.0795,11.1842,64
0,6450,train,2.0773,12.5,64
1,6460,train,2.0798,7.2368,64
1,6460,train,2.07,12.5,64
1,6470,train,2.0791,13.1579,64
1,6470,train,2.0933,12.5,64
1,6480,train,2.078,17.1053,64
1,6480,train,2.0703,25.0,64
1,6490,train,2.0798,15.1316,64
1,6490,train,2.0736,25.0,64
1,6500,train,2.0792,11.8421,64
1,6500,train,2.0832,12.5,64
1,6510,train,2.0795,14.4737,64
1,6510,train,2.0845,12.5,64
1,6520,train,2.0793,13.8158,64
1,6520,train,2.0764,12.5,64
1,6530,train,2.0788,15.7895,64
1,6530,train,2.0722,25.0,64
1,6540,train,2.0781,17.1053,64
1,6540,train,2.0779,0.0,64
1,6550,train,2.0772,17.7632,64
1,6550,train,2.0824,0.0,64
1,6560,train,2.0793,9.2105,64
1,6560,train,2.0697,37.5,64
1,6570,train,2.08,12.5,64
1,6570,train,2.0855,25.0,64
1,6580,train,2.0805,13.8158,64
1,6580,train,2.0827,0.0,64
1,6590,train,2.081,8.5526,64
1,6590,train,2.0762,12.5,64
1,6600,train,2.0789,12.5,64
1,6600,train,2.0804,0.0,64
1,6610,train,2.0787,11.1842,64
1,6610,train,2.0947,0.0,64
1,6620,train,2.0777,10.5263,64
1,6620,train,2.077,37.5,64
1,6630,train,2.0795,12.5,64
1,6630,train,2.0807,12.5,64
1,6640,train,2.0796,17.1053,64
1,6640,train,2.0735,37.5,64
1,6650,train,2.081,7.8947,64
1,6650,train,2.0779,0.0,64
1,6656,validation,2.0796,12.22,64
1,6656,validation,2.0795,12.76,64
1,6660,train,2.0794,13.1579,64
1,6660,train,2.0721,62.5,64
1,6670,train,2.0779,14.4737,64
1,6670,train,2.0756,0.0,64
1,6680,train,2.0803,7.2368,64
1,6680,train,2.0849,12.5,64
1,6690,train,2.0805,10.5263,64
1,6690,train,2.0752,50.0,64
1,6700,train,2.0792,13.1579,64
1,6700,train,2.0876,12.5,64
1,6710,train,2.0792,13.1579,64
1,6710,train,2.0802,12.5,64
1,6720,train,2.0793,9.2105,64
1,6720,train,2.0782,12.5,64
1,6730,train,2.0794,14.4737,64
1,6730,train,2.0845,0.0,64
1,6740,train,2.0774,17.7632,64
1,6740,train,2.0768,0.0,64
1,6750,train,2.0805,9.2105,64
1,6750,train,2.0751,25.0,64
1,6760,train,2.0801,11.1842,64
1,6760,train,2.0777,12.5,64
1,6770,train,2.0807,9.8684,64
1,6770,train,2.0773,25.0,64
1,6780,train,2.0779,18.4211,64
1,6780,train,2.0811,0.0,64
1,6790,train,2.0797,11.8421,64
1,6790,train,2.0807,12.5,64
1,6800,train,2.0797,13.8158,64
1,6800,train,2.0847,0.0,64
1,6810,train,2.0803,13.8158,64
1,6810,train,2.0719,12.5,64
1,6820,train,2.08,9.8684,64
1,6820,train,2.085,0.0,64
1,6830,train,2.0771,21.0526,64
1,6830,train,2.084,0.0,64
1,6840,train,2.078,13.8158,64
1,6840,train,2.0743,0.0,64
1,6850,train,2.0806,13.8158,64
1,6850,train,2.0835,0.0,64
1,6860,train,2.08,12.5,64
1,6860,train,2.0822,12.5,64
1,6870,train,2.0777,18.4211,64
1,6870,train,2.0808,25.0,64
1,6880,train,2.0784,14.4737,64
1,6880,train,2.0795,12.5,64
1,6890,train,2.0804,12.5,64
1,6890,train,2.0788,0.0,64
1,6900,train,2.0795,13.1579,64
1,6900,train,2.0741,25.0,64
1,6910,train,2.0801,7.2368,64
1,6910,train,2.0727,25.0,64
1,6920,train,2.0794,15.1316,64
1,6920,train,2.0775,0.0,64
1,6930,train,2.0784,14.4737,64
1,6930,train,2.0849,12.5,64
1,6940,train,2.0794,12.5,64
1,6940,train,2.0895,12.5,64
1,6950,train,2.0808,8.5526,64
1,6950,train,2.0815,12.5,64
1,6960,train,2.0792,13.1579,64
1,6960,train,2.0811,12.5,64
1,6970,train,2.0769,15.7895,64
1,6970,train,2.0736,25.0,64
1,6980,train,2.0787,14.4737,64
1,6980,train,2.0807,12.5,64
1,6990,train,2.0788,11.8421,64
1,6990,train,2.0825,25.0,64
1,7000,train,2.0784,16.4474,64
1,7000,train,2.0861,0.0,64
1,7010,train,2.0794,11.1842,64
1,7010,train,2.082,0.0,64
1,7020,train,2.0799,9.8684,64
1,7020,train,2.0823,12.5,64
1,7030,train,2.0801,13.1579,64
1,7030,train,2.0835,0.0,64
1,7040,train,2.0806,14.4737,64
1,7040,train,2.0828,0.0,64
1,7050,train,2.0794,12.5,64
1,7050,train,2.0772,12.5,64
1,7060,train,2.0785,16.4474,64
1,7060,train,2.0807,37.5,64
1,7070,train,2.0808,11.8421,64
1,7070,train,2.0831,12.5,64
1,7080,train,2.0792,13.8158,64
1,7080,train,2.0818,0.0,64
1,7090,train,2.0783,13.8158,64
1,7090,train,2.0831,0.0,64
1,7100,train,2.0793,13.1579,64
1,7100,train,2.0799,12.5,64
1,7110,train,2.0772,19.0789,64
1,7110,train,2.0815,12.5,64
1,7120,train,2.0794,13.8158,64
1,7120,train,2.0817,12.5,64
1,7130,train,2.0801,13.1579,64
1,7130,train,2.0816,0.0,64
1,7140,train,2.0793,8.5526,64
1,7140,train,2.09,0.0,64
1,7150,train,2.0799,8.5526,64
1,7150,train,2.075,12.5,64
1,7160,train,2.0817,10.5263,64
1,7160,train,2.0767,12.5,64
1,7168,validation,2.0796,11.86,64
1,7168,validation,2.0795,12.54,64
1,7170,train,2.079,13.1579,64
1,7170,train,2.0812,0.0,64
1,7180,train,2.0781,15.7895,64
1,7180,train,2.0783,0.0,64
1,7190,train,2.0786,11.8421,64
1,7190,train,2.0689,12.5,64
1,7200,train,2.0807,11.1842,64
1,7200,train,2.0754,25.0,64
1,7210,train,2.0802,14.4737,64
1,7210,train,2.0764,0.0,64
1,7220,train,2.0791,9.2105,64
1,7220,train,2.0783,12.5,64
1,7230,train,2.0792,12.5,64
1,7230,train,2.0769,12.5,64
1,7240,train,2.0793,17.7632,64
1,7240,train,2.0744,50.0,64
1,7250,train,2.0819,11.1842,64
1,7250,train,2.0788,0.0,64
1,7260,train,2.0811,13.1579,64
1,7260,train,2.0762,37.5,64
1,7270,train,2.0774,14.4737,64
1,7270,train,2.0745,25.0,64
1,7280,train,2.0809,7.2368,64
1,7280,train,2.075,12.5,64
1,7290,train,2.0813,9.8684,64
1,7290,train,2.0777,0.0,64
1,7300,train,2.0795,11.8421,64
1,7300,train,2.0783,12.5,64
1,7310,train,2.0804,9.8684,64
1,7310,train,2.0851,0.0,64
1,7320,train,2.079,13.1579,64
1,7320,train,2.0785,25.0,64
1,7330,train,2.0793,12.5,64
1,7330,train,2.0766,12.5,64
1,7340,train,2.0798,13.8158,64
1,7340,train,2.0787,12.5,64
1,7350,train,2.08,13.1579,64
1,7350,train,2.0779,12.5,64
1,7360,train,2.0803,10.5263,64
1,7360,train,2.0824,12.5,64
1,7370,train,2.0796,13.1579,64
1,7370,train,2.0841,12.5,64
1,7380,train,2.0804,10.5263,64
1,7380,train,2.074,12.5,64
1,7390,train,2.0796,17.7632,64
1,7390,train,2.0783,0.0,64
1,7400,train,2.0815,9.2105,64
1,7400,train,2.075,25.0,64
1,7410,train,2.0804,8.5526,64
1,7410,train,2.0836,12.5,64
1,7420,train,2.0794,12.5,64
1,7420,train,2.0798,0.0,64
1,7430,train,2.0803,12.5,64
1,7430,train,2.0849,0.0,64
1,7440,train,2.0829,7.8947,64
1,7440,train,2.0817,12.5,64
1,7450,train,2.0799,13.1579,64
1,7450,train,2.0772,25.0,64
1,7460,train,2.0811,7.8947,64
1,7460,train,2.0771,25.0,64
1,7470,train,2.0815,10.5263,64
1,7470,train,2.0774,37.5,64
1,7480,train,2.0782,13.1579,64
1,7480,train,2.084,12.5,64
1,7490,train,2.0793,14.4737,64
1,7490,train,2.08,37.5,64
1,7500,train,2.0813,13.1579,64
1,7500,train,2.0812,12.5,64
1,7510,train,2.0797,9.8684,64
1,7510,train,2.0871,0.0,64
1,7520,train,2.0807,14.4737,64
1,7520,train,2.0755,50.0,64
1,7530,train,2.0789,17.1053,64
1,7530,train,2.0757,0.0,64
1,7540,train,2.0775,17.7632,64
1,7540,train,2.0758,12.5,64
1,7550,train,2.0811,9.8684,64
1,7550,train,2.0833,0.0,64
1,7560,train,2.0808,11.8421,64
1,7560,train,2.0822,0.0,64
1,7570,train,2.0783,18.4211,64
1,7570,train,2.081,0.0,64
1,7580,train,2.0782,7.8947,64
1,7580,train,2.0789,12.5,64
1,7590,train,2.0801,9.2105,64
1,7590,train,2.0806,12.5,64
1,7600,train,2.0795,12.5,64
1,7600,train,2.0739,12.5,64
1,7610,train,2.079,12.5,64
1,7610,train,2.0811,12.5,64
1,7620,train,2.0795,11.1842,64
1,7620,train,2.0771,12.5,64
1,7630,train,2.0791,16.4474,64
1,7630,train,2.0741,25.0,64
1,7640,train,2.0812,12.5,64
1,7640,train,2.0813,0.0,64
1,7650,train,2.0784,15.1316,64
1,7650,train,2.0806,0.0,64
1,7660,train,2.0805,10.5263,64
1,7660,train,2.0768,25.0,64
1,7670,train,2.0799,7.8947,64
1,7670,train,2.0727,50.0,64
1,7680,train,2.0789,13.8158,64
1,7680,validation,2.0794,12.42,64
1,7680,train,2.0777,25.0,64
1,7680,validation,2.0795,12.76,64
1,7690,train,2.0794,11.8421,64
1,7690,train,2.0864,0.0,64
1,7700,train,2.0798,9.8684,64
1,7700,train,2.0798,25.0,64
1,7710,train,2.0803,12.5,64
1,7710,train,2.0808,12.5,64
1,7720,train,2.0791,10.5263,64
1,7720,train,2.0812,12.5,64
1,7730,train,2.0793,9.8684,64
1,7730,train,2.07,25.0,64
1,7740,train,2.0788,13.8158,64
1,7740,train,2.077,25.0,64
1,7750,train,2.0807,9.8684,64
1,7750,train,2.0788,12.5,64
1,7760,train,2.0796,11.1842,64
1,7760,train,2.08,12.5,64
1,7770,train,2.0797,9.8684,64
1,7770,train,2.0817,25.0,64
1,7780,train,2.0792,13.1579,64
1,7780,train,2.0731,37.5,64
1,7790,train,2.0802,13.1579,64
1,7790,train,2.0768,12.5,64
1,7800,train,2.078,12.5,64
1,7800,train,2.079,12.5,64
1,7810,train,2.0808,11.8421,64
1,7810,train,2.089,0.0,64
1,7820,train,2.0794,10.5263,64
1,7820,train,2.0815,0.0,64
1,7830,train,2.0799,15.7895,64
1,7830,train,2.0844,12.5,64
1,7840,train,2.0783,15.7895,64
1,7840,train,2.0865,12.5,64
1,7850,train,2.0794,11.1842,64
1,7850,train,2.0811,12.5,64
1,7860,train,2.0812,12.5,64
1,7860,train,2.0741,25.0,64
1,7870,train,2.0796,11.8421,64
1,7870,train,2.0792,12.5,64
1,7880,train,2.0783,17.7632,64
1,7880,train,2.0751,12.5,64
1,7890,train,2.0766,14.4737,64
1,7890,train,2.074,25.0,64
1,7900,train,2.0794,12.5,64
1,7900,train,2.0823,12.5,64
1,7910,train,2.0808,8.5526,64
1,7910,train,2.0666,25.0,64
1,7920,train,2.0798,13.1579,64
1,7920,train,2.0781,25.0,64
1,7930,train,2.0801,14.4737,64
1,7930,train,2.0846,0.0,64
1,7940,train,2.0793,9.2105,64
1,7940,train,2.0861,12.5,64
1,7950,train,2.0797,14.4737,64
1,7950,train,2.0793,0.0,64
1,7960,train,2.0798,13.1579,64
1,7960,train,2.074,12.5,64
1,7970,train,2.079,13.1579,64
1,7970,train,2.0873,0.0,64
1,7980,train,2.0787,14.4737,64
1,7980,train,2.0793,12.5,64
1,7990,train,2.0782,13.1579,64
1,7990,train,2.0829,0.0,64
1,8000,train,2.0785,11.8421,64
1,8000,train,2.0885,0.0,64
1,8010,train,2.0792,12.5,64
1,8010,train,2.0854,0.0,64
1,8020,train,2.0771,12.5,64
1,8020,train,2.0753,25.0,64
1,8030,train,2.0802,11.8421,64
1,8030,train,2.0674,50.0,64
1,8040,train,2.0787,12.5,64
1,8040,train,2.0845,12.5,64
1,8050,train,2.0804,11.1842,64
1,8050,train,2.0856,12.5,64
1,8060,train,2.0801,9.8684,64
1,8060,train,2.0832,12.5,64
1,8070,train,2.0799,10.5263,64
1,8070,train,2.0734,12.5,64
1,8080,train,2.0801,13.8158,64
1,8080,train,2.0769,12.5,64
1,8090,train,2.0811,14.4737,64
1,8090,train,2.0771,12.5,64
1,8100,train,2.0801,15.7895,64
1,8100,train,2.0756,25.0,64
1,8110,train,2.0788,13.1579,64
1,8110,train,2.0789,37.5,64
1,8120,train,2.081,11.8421,64
1,8120,train,2.0793,12.5,64
1,8130,train,2.0785,14.4737,64
1,8130,train,2.0816,25.0,64
1,8140,train,2.0806,12.5,64
1,8140,train,2.082,0.0,64
1,8150,train,2.079,17.1053,64
1,8150,train,2.0782,0.0,64
1,8160,train,2.0787,16.4474,64
1,8160,train,2.0851,12.5,64
1,8170,train,2.081,8.5526,64
1,8170,train,2.074,0.0,64
1,8180,train,2.0794,9.2105,64
1,8180,train,2.0855,0.0,64
1,8190,train,2.0821,13.8158,64
1,8190,train,2.0713,37.5,64
1,8192,validation,2.0795,12.36,64
