Entering Main
Dataset Loaded
Namespace(D_emb=256, D_hid=512, D_img=2048, ECemb=5000, TransferH=False, alpha=1.0, batch_size=256, beam_width=12, cpu=False, dataset='coco', decode_how='beam', dropout=0.1, fix_bhd=False, fix_spk=False, gpuid=0, grad_clip=1.0, hard=False, l2='jp', len_loss=False, loss_type='xent', lr=0.001, no_share_bhd=False, no_terminal=False, no_write=False, norm_pow=0.0, num_directions=1, num_dist=256, num_dist_=128, num_games=30000, num_layers=1, pretrain_spk=False, print_every=50, re_load=False, sample_how='gumbel', save_every=4000, seq_len=15, stop_after=30, temp=1.0, translate_every=2000, two_fc=False, unit_norm=False, valid_batch_size=128, valid_every=250, vocab_size=4035, which_loss='joint')
fixed_.learned_bhd_lsn_spk.joint_loss/
217_dropout_0.1.alpha_1.0.lr_0.001.temp_1.0.D_hid_512.D_emb_256.num_dist_256.vocab_size_4035_4035.hard_False/
train_img : <class 'torch.Tensor'> torch.Size([50000, 2048])
valid_img : <class 'torch.Tensor'> torch.Size([5000, 2048])
Sharing visual system for each agent.
SingleAgent(
  (beholder): Beholder(
    (img_to_hid): Linear(in_features=2048, out_features=512, bias=True)
    (drop): Dropout(p=0.1, inplace=False)
  )
  (speaker): Speaker(
    (rnn): GRU(256, 512, batch_first=True)
    (emb): Embedding(4035, 256, padding_idx=0)
    (hid_to_voc): Linear(in_features=512, out_features=4035, bias=True)
    (drop): Dropout(p=0.1, inplace=False)
  )
  (listener): RnnListener(
    (rnn): GRU(256, 512, batch_first=True)
    (emb): Embedding(4035, 256, padding_idx=0)
    (hid_to_hid): Linear(in_features=512, out_features=512, bias=True)
    (drop): Dropout(p=0.1, inplace=False)
  )
)
IN    : 7813059 params
OUT   : 0 params
TOTAL : 7813059 params
epoch     0 train | loss 7.3932| prediction accuracy 0.39%| average message length 14.9648 |
epoch     0 valid | loss 4.8837| prediction accuracy 0.93%| average message length 14.9816 |
epoch    50 train | loss 5.5361| prediction accuracy 0.38%| average message length 14.9983 |
epoch   100 train | loss 5.3681| prediction accuracy 1.00%| average message length 15.0000 |
epoch   150 train | loss 4.3270| prediction accuracy 3.70%| average message length 15.0000 |
epoch   200 train | loss 3.9778| prediction accuracy 5.89%| average message length 15.0000 |
epoch   250 train | loss 3.7892| prediction accuracy 7.20%| average message length 15.0000 |
epoch   250 valid | loss 3.7614| prediction accuracy 16.84%| average message length 15.0000 |
epoch   300 train | loss 3.0700| prediction accuracy 17.65%| average message length 15.0000 |
epoch   350 train | loss 2.2629| prediction accuracy 35.78%| average message length 14.9992 |
epoch   400 train | loss 1.4279| prediction accuracy 57.22%| average message length 14.9994 |
epoch   450 train | loss 1.2113| prediction accuracy 63.72%| average message length 15.0000 |
epoch   500 train | loss 1.1084| prediction accuracy 67.19%| average message length 15.0000 |
epoch   500 valid | loss 0.5156| prediction accuracy 83.65%| average message length 15.0000 |
epoch   550 train | loss 1.0405| prediction accuracy 68.57%| average message length 15.0000 |
epoch   600 train | loss 0.9979| prediction accuracy 70.29%| average message length 15.0000 |
epoch   650 train | loss 0.9527| prediction accuracy 71.44%| average message length 14.9990 |
epoch   700 train | loss 0.9663| prediction accuracy 71.80%| average message length 15.0000 |
epoch   750 train | loss 0.8049| prediction accuracy 76.53%| average message length 15.0000 |
epoch   750 valid | loss 0.1998| prediction accuracy 94.07%| average message length 15.0000 |
epoch   800 train | loss 0.5266| prediction accuracy 86.09%| average message length 15.0000 |
epoch   850 train | loss 0.5138| prediction accuracy 86.48%| average message length 15.0000 |
epoch   900 train | loss 0.4335| prediction accuracy 88.53%| average message length 14.9992 |
epoch   950 train | loss 0.4052| prediction accuracy 89.46%| average message length 15.0000 |
epoch  1000 train | loss 0.4110| prediction accuracy 89.41%| average message length 15.0000 |
epoch  1000 valid | loss 0.1572| prediction accuracy 95.68%| average message length 15.0000 |
epoch  1050 train | loss 0.4122| prediction accuracy 89.61%| average message length 15.0000 |
epoch  1100 train | loss 0.4007| prediction accuracy 89.63%| average message length 15.0000 |
epoch  1150 train | loss 0.4016| prediction accuracy 90.02%| average message length 15.0000 |
epoch  1200 train | loss 0.4048| prediction accuracy 89.75%| average message length 15.0000 |
epoch  1250 train | loss 0.3949| prediction accuracy 90.53%| average message length 15.0000 |
epoch  1250 valid | loss 0.1395| prediction accuracy 96.41%| average message length 15.0000 |
epoch  1300 train | loss 0.3587| prediction accuracy 91.27%| average message length 15.0000 |
epoch  1350 train | loss 0.3614| prediction accuracy 91.11%| average message length 15.0000 |
epoch  1400 train | loss 0.2865| prediction accuracy 93.52%| average message length 15.0000 |
epoch  1450 train | loss 0.2400| prediction accuracy 94.54%| average message length 15.0000 |
epoch  1500 train | loss 0.2194| prediction accuracy 95.41%| average message length 15.0000 |
epoch  1500 valid | loss 0.0583| prediction accuracy 98.25%| average message length 15.0000 |
epoch  1550 train | loss 0.2001| prediction accuracy 95.81%| average message length 15.0000 |
epoch  1600 train | loss 0.1991| prediction accuracy 95.46%| average message length 15.0000 |
epoch  1650 train | loss 0.2006| prediction accuracy 95.74%| average message length 15.0000 |
epoch  1700 train | loss 0.2022| prediction accuracy 95.69%| average message length 15.0000 |
epoch  1750 train | loss 0.1762| prediction accuracy 96.35%| average message length 14.9985 |
epoch  1750 valid | loss 0.0484| prediction accuracy 98.62%| average message length 15.0000 |
epoch  1800 train | loss 0.2048| prediction accuracy 95.50%| average message length 14.9998 |
epoch  1850 train | loss 0.2079| prediction accuracy 95.69%| average message length 14.9995 |
epoch  1900 train | loss 0.2163| prediction accuracy 95.69%| average message length 15.0000 |
epoch  1950 train | loss 0.1976| prediction accuracy 95.98%| average message length 15.0000 |
epoch  2000 train | loss 0.1977| prediction accuracy 96.30%| average message length 15.0000 |
epoch  2000 valid | loss 0.0467| prediction accuracy 98.70%| average message length 15.0000 |
epoch  2050 train | loss 0.1995| prediction accuracy 95.72%| average message length 14.9087 |
epoch  2100 train | loss 0.2244| prediction accuracy 95.36%| average message length 14.9159 |
epoch  2150 train | loss 0.1942| prediction accuracy 96.12%| average message length 14.8002 |
epoch  2200 train | loss 0.2143| prediction accuracy 95.47%| average message length 14.8520 |
epoch  2250 train | loss 0.2417| prediction accuracy 95.36%| average message length 14.3855 |
epoch  2250 valid | loss 0.0795| prediction accuracy 97.63%| average message length 14.5673 |
epoch  2300 train | loss 0.2500| prediction accuracy 94.54%| average message length 14.3841 |
epoch  2350 train | loss 0.2034| prediction accuracy 95.86%| average message length 14.6862 |
epoch  2400 train | loss 0.2211| prediction accuracy 95.60%| average message length 14.7795 |
epoch  2450 train | loss 0.2153| prediction accuracy 95.56%| average message length 14.8022 |
epoch  2500 train | loss 0.2534| prediction accuracy 95.16%| average message length 14.7225 |
epoch  2500 valid | loss 0.0444| prediction accuracy 98.63%| average message length 14.6998 |
epoch  2550 train | loss 0.1950| prediction accuracy 96.06%| average message length 14.7347 |
epoch  2600 train | loss 0.2168| prediction accuracy 95.43%| average message length 14.4927 |
epoch  2650 train | loss 0.2738| prediction accuracy 94.34%| average message length 13.9738 |
epoch  2700 train | loss 0.2338| prediction accuracy 95.13%| average message length 14.2526 |
epoch  2750 train | loss 0.2269| prediction accuracy 95.00%| average message length 14.3506 |
epoch  2750 valid | loss 0.0984| prediction accuracy 97.41%| average message length 13.8062 |
epoch  2800 train | loss 0.3270| prediction accuracy 93.25%| average message length 13.6307 |
epoch  2850 train | loss 0.3903| prediction accuracy 91.22%| average message length 12.7824 |
epoch  2900 train | loss 0.3909| prediction accuracy 91.48%| average message length 12.7479 |
epoch  2950 train | loss 0.3279| prediction accuracy 92.79%| average message length 13.0105 |
epoch  3000 train | loss 0.3576| prediction accuracy 92.59%| average message length 12.9163 |
epoch  3000 valid | loss 0.1063| prediction accuracy 97.08%| average message length 12.9267 |
epoch  3050 train | loss 0.4822| prediction accuracy 89.41%| average message length 11.0934 |
epoch  3100 train | loss 0.3665| prediction accuracy 91.51%| average message length 11.3955 |
epoch  3150 train | loss 0.3883| prediction accuracy 91.31%| average message length 11.1967 |
epoch  3200 train | loss 0.3510| prediction accuracy 91.84%| average message length 10.8180 |
epoch  3250 train | loss 0.4541| prediction accuracy 89.73%| average message length 10.3449 |
epoch  3250 valid | loss 0.1314| prediction accuracy 96.81%| average message length 11.4816 |
epoch  3300 train | loss 0.4002| prediction accuracy 90.58%| average message length 10.2685 |
epoch  3350 train | loss 0.3992| prediction accuracy 90.97%| average message length 9.9903 |
epoch  3400 train | loss 0.3690| prediction accuracy 91.31%| average message length 9.3842 |
epoch  3450 train | loss 0.4776| prediction accuracy 89.55%| average message length 8.1520 |
epoch  3500 train | loss 0.5331| prediction accuracy 87.36%| average message length 7.2058 |
epoch  3500 valid | loss 0.6709| prediction accuracy 83.58%| average message length 4.8382 |
epoch  3550 train | loss 0.5971| prediction accuracy 85.58%| average message length 6.5727 |
epoch  3600 train | loss 0.7359| prediction accuracy 81.76%| average message length 5.9286 |
epoch  3650 train | loss 0.5476| prediction accuracy 86.52%| average message length 6.4291 |
epoch  3700 train | loss 0.6189| prediction accuracy 84.89%| average message length 6.0722 |
epoch  3750 train | loss 0.6575| prediction accuracy 83.38%| average message length 5.4504 |
epoch  3750 valid | loss 0.2497| prediction accuracy 93.13%| average message length 6.0788 |
epoch  3800 train | loss 0.7266| prediction accuracy 81.83%| average message length 4.8448 |
epoch  3850 train | loss 0.7087| prediction accuracy 81.94%| average message length 5.0430 |
epoch  3900 train | loss 0.7247| prediction accuracy 81.46%| average message length 4.5476 |
epoch  3950 train | loss 0.7331| prediction accuracy 81.84%| average message length 4.3955 |
epoch  4000 train | loss 0.9681| prediction accuracy 75.15%| average message length 3.5806 |
epoch  4000 valid | loss 0.6213| prediction accuracy 82.90%| average message length 3.2180 |
epoch  4050 train | loss 0.8890| prediction accuracy 77.95%| average message length 3.7912 |
epoch  4100 train | loss 0.7442| prediction accuracy 81.20%| average message length 3.8660 |
epoch  4150 train | loss 0.7801| prediction accuracy 80.56%| average message length 3.7569 |
epoch  4200 train | loss 0.9382| prediction accuracy 75.96%| average message length 3.3341 |
epoch  4250 train | loss 0.8609| prediction accuracy 78.02%| average message length 3.2811 |
epoch  4250 valid | loss 0.4283| prediction accuracy 89.77%| average message length 3.5890 |
epoch  4300 train | loss 0.7286| prediction accuracy 81.56%| average message length 3.5899 |
epoch  4350 train | loss 0.7579| prediction accuracy 80.18%| average message length 3.5451 |
epoch  4400 train | loss 0.8627| prediction accuracy 77.85%| average message length 3.3152 |
epoch  4450 train | loss 0.7676| prediction accuracy 80.20%| average message length 3.4273 |
epoch  4500 train | loss 0.8182| prediction accuracy 79.38%| average message length 3.3818 |
epoch  4500 valid | loss 0.3472| prediction accuracy 90.48%| average message length 3.5350 |
epoch  4550 train | loss 0.8994| prediction accuracy 76.95%| average message length 3.0804 |
epoch  4600 train | loss 0.9202| prediction accuracy 76.37%| average message length 2.9734 |
epoch  4650 train | loss 0.7233| prediction accuracy 81.97%| average message length 3.4783 |
epoch  4700 train | loss 0.8930| prediction accuracy 76.73%| average message length 2.9751 |
epoch  4750 train | loss 0.9380| prediction accuracy 75.83%| average message length 2.8157 |
epoch  4750 valid | loss 0.4620| prediction accuracy 87.70%| average message length 2.9291 |
epoch  4800 train | loss 0.8737| prediction accuracy 77.67%| average message length 2.9471 |
epoch  4850 train | loss 0.8701| prediction accuracy 77.41%| average message length 2.8942 |
epoch  4900 train | loss 0.9193| prediction accuracy 76.12%| average message length 2.8748 |
epoch  4950 train | loss 0.8811| prediction accuracy 77.20%| average message length 2.8037 |
epoch  5000 train | loss 0.9884| prediction accuracy 74.92%| average message length 2.6976 |
epoch  5000 valid | loss 0.4983| prediction accuracy 86.59%| average message length 2.8080 |
epoch  5050 train | loss 0.8355| prediction accuracy 78.23%| average message length 2.8472 |
epoch  5100 train | loss 0.8848| prediction accuracy 77.53%| average message length 2.8935 |
epoch  5150 train | loss 0.9241| prediction accuracy 76.02%| average message length 2.7028 |
epoch  5200 train | loss 0.9539| prediction accuracy 74.26%| average message length 2.6513 |
epoch  5250 train | loss 1.0236| prediction accuracy 72.90%| average message length 2.5617 |
epoch  5250 valid | loss 0.5673| prediction accuracy 83.66%| average message length 2.4395 |
epoch  5300 train | loss 0.9921| prediction accuracy 74.04%| average message length 2.5961 |
epoch  5350 train | loss 0.9156| prediction accuracy 75.98%| average message length 2.7233 |
epoch  5400 train | loss 1.0432| prediction accuracy 73.84%| average message length 2.5597 |
epoch  5450 train | loss 1.0794| prediction accuracy 72.51%| average message length 2.5668 |
epoch  5500 train | loss 1.0111| prediction accuracy 73.86%| average message length 2.4823 |
epoch  5500 valid | loss 0.4103| prediction accuracy 87.53%| average message length 2.6145 |
epoch  5550 train | loss 1.0032| prediction accuracy 73.91%| average message length 2.5291 |
epoch  5600 train | loss 0.9659| prediction accuracy 75.09%| average message length 2.5125 |
epoch  5650 train | loss 0.9765| prediction accuracy 74.14%| average message length 2.5110 |
epoch  5700 train | loss 0.9059| prediction accuracy 76.44%| average message length 2.7207 |
epoch  5750 train | loss 0.8954| prediction accuracy 77.17%| average message length 2.6475 |
epoch  5750 valid | loss 0.4832| prediction accuracy 87.40%| average message length 2.6818 |
epoch  5800 train | loss 0.8868| prediction accuracy 77.51%| average message length 2.6312 |
epoch  5850 train | loss 0.9361| prediction accuracy 75.56%| average message length 2.4859 |
epoch  5900 train | loss 0.9309| prediction accuracy 75.58%| average message length 2.4619 |
epoch  5950 train | loss 0.9452| prediction accuracy 75.86%| average message length 2.5127 |
epoch  6000 train | loss 0.8332| prediction accuracy 78.35%| average message length 2.6234 |
epoch  6000 valid | loss 0.4053| prediction accuracy 88.53%| average message length 2.4958 |
epoch  6050 train | loss 0.9188| prediction accuracy 76.39%| average message length 2.5113 |
epoch  6100 train | loss 0.9773| prediction accuracy 74.40%| average message length 2.4527 |
epoch  6150 train | loss 0.9283| prediction accuracy 75.72%| average message length 2.4095 |
epoch  6200 train | loss 0.9431| prediction accuracy 75.62%| average message length 2.4465 |
epoch  6250 train | loss 0.9826| prediction accuracy 74.30%| average message length 2.3941 |
epoch  6250 valid | loss 0.4927| prediction accuracy 85.20%| average message length 2.3293 |
epoch  6300 train | loss 1.0391| prediction accuracy 72.38%| average message length 2.3365 |
epoch  6350 train | loss 1.0701| prediction accuracy 71.88%| average message length 2.3313 |
epoch  6400 train | loss 0.9815| prediction accuracy 74.32%| average message length 2.4045 |
epoch  6450 train | loss 1.0019| prediction accuracy 73.84%| average message length 2.3406 |
epoch  6500 train | loss 1.0278| prediction accuracy 73.48%| average message length 2.2953 |
epoch  6500 valid | loss 0.4883| prediction accuracy 86.11%| average message length 2.4133 |
epoch  6550 train | loss 0.9874| prediction accuracy 74.45%| average message length 2.3694 |
epoch  6600 train | loss 0.9963| prediction accuracy 73.83%| average message length 2.3069 |
epoch  6650 train | loss 1.0288| prediction accuracy 73.16%| average message length 2.3023 |
epoch  6700 train | loss 1.0036| prediction accuracy 74.29%| average message length 2.3646 |
epoch  6750 train | loss 0.9428| prediction accuracy 75.22%| average message length 2.3561 |
epoch  6750 valid | loss 0.5550| prediction accuracy 84.54%| average message length 2.2873 |
epoch  6800 train | loss 0.9568| prediction accuracy 75.12%| average message length 2.3522 |
epoch  6850 train | loss 1.0202| prediction accuracy 72.82%| average message length 2.2583 |
epoch  6900 train | loss 0.9966| prediction accuracy 73.44%| average message length 2.2702 |
epoch  6950 train | loss 0.9978| prediction accuracy 73.91%| average message length 2.3259 |
epoch  7000 train | loss 0.9533| prediction accuracy 75.34%| average message length 2.3610 |
epoch  7000 valid | loss 0.4930| prediction accuracy 87.25%| average message length 2.3001 |
epoch  7050 train | loss 0.9846| prediction accuracy 74.73%| average message length 2.3091 |
epoch  7100 train | loss 0.9601| prediction accuracy 75.05%| average message length 2.3807 |
epoch  7150 train | loss 1.0249| prediction accuracy 73.21%| average message length 2.2421 |
epoch  7200 train | loss 1.0181| prediction accuracy 73.09%| average message length 2.2112 |
epoch  7250 train | loss 1.0112| prediction accuracy 73.67%| average message length 2.2448 |
epoch  7250 valid | loss 0.4775| prediction accuracy 87.04%| average message length 2.4393 |
epoch  7300 train | loss 0.9945| prediction accuracy 73.94%| average message length 2.2939 |
epoch  7350 train | loss 1.0190| prediction accuracy 73.32%| average message length 2.2106 |
epoch  7400 train | loss 1.0189| prediction accuracy 73.15%| average message length 2.1943 |
epoch  7450 train | loss 1.0018| prediction accuracy 73.48%| average message length 2.1937 |
epoch  7500 train | loss 1.0244| prediction accuracy 72.93%| average message length 2.2307 |
epoch  7500 valid | loss 0.4953| prediction accuracy 86.52%| average message length 2.1666 |
epoch  7550 train | loss 1.0210| prediction accuracy 72.75%| average message length 2.1741 |
epoch  7600 train | loss 1.0520| prediction accuracy 72.61%| average message length 2.1899 |
epoch  7650 train | loss 0.9789| prediction accuracy 74.38%| average message length 2.2132 |
epoch  7700 train | loss 1.0435| prediction accuracy 72.68%| average message length 2.1680 |
epoch  7750 train | loss 1.0295| prediction accuracy 73.09%| average message length 2.1434 |
epoch  7750 valid | loss 0.5292| prediction accuracy 86.00%| average message length 2.2352 |
epoch  7800 train | loss 1.0033| prediction accuracy 73.82%| average message length 2.1829 |
epoch  7850 train | loss 1.0656| prediction accuracy 72.47%| average message length 2.1415 |
epoch  7900 train | loss 1.0400| prediction accuracy 72.66%| average message length 2.1413 |
epoch  7950 train | loss 1.0428| prediction accuracy 72.75%| average message length 2.1294 |
epoch  8000 train | loss 1.0862| prediction accuracy 71.75%| average message length 2.1287 |
epoch  8000 valid | loss 0.5159| prediction accuracy 85.68%| average message length 2.1224 |
epoch  8050 train | loss 1.1070| prediction accuracy 70.91%| average message length 2.1102 |
epoch  8100 train | loss 1.0124| prediction accuracy 73.95%| average message length 2.1380 |
epoch  8150 train | loss 1.0226| prediction accuracy 73.34%| average message length 2.1232 |
epoch  8200 train | loss 1.0447| prediction accuracy 72.69%| average message length 2.0957 |
epoch  8250 train | loss 1.0279| prediction accuracy 72.50%| average message length 2.1074 |
epoch  8250 valid | loss 0.5172| prediction accuracy 85.80%| average message length 2.1001 |
epoch  8300 train | loss 1.0366| prediction accuracy 73.09%| average message length 2.1153 |
epoch  8350 train | loss 1.0539| prediction accuracy 71.73%| average message length 2.1054 |
epoch  8400 train | loss 1.0235| prediction accuracy 73.11%| average message length 2.1409 |
epoch  8450 train | loss 1.0560| prediction accuracy 72.90%| average message length 2.1195 |
epoch  8500 train | loss 1.0305| prediction accuracy 72.94%| average message length 2.1082 |
epoch  8500 valid | loss 0.5167| prediction accuracy 85.20%| average message length 2.0823 |
epoch  8550 train | loss 0.9893| prediction accuracy 74.11%| average message length 2.1248 |
epoch  8600 train | loss 1.0706| prediction accuracy 72.53%| average message length 2.1148 |
epoch  8650 train | loss 1.0506| prediction accuracy 72.82%| average message length 2.1473 |
epoch  8700 train | loss 1.0037| prediction accuracy 73.72%| average message length 2.1115 |
epoch  8750 train | loss 1.0202| prediction accuracy 73.29%| average message length 2.1261 |
epoch  8750 valid | loss 0.5273| prediction accuracy 85.08%| average message length 2.0564 |
epoch  8800 train | loss 1.0718| prediction accuracy 70.93%| average message length 2.0791 |
epoch  8850 train | loss 1.0374| prediction accuracy 72.16%| average message length 2.0793 |
epoch  8900 train | loss 1.0609| prediction accuracy 72.20%| average message length 2.0966 |
epoch  8950 train | loss 1.0428| prediction accuracy 72.49%| average message length 2.1034 |
epoch  9000 train | loss 1.0259| prediction accuracy 73.17%| average message length 2.0888 |
epoch  9000 valid | loss 0.4466| prediction accuracy 86.58%| average message length 2.0988 |
epoch  9050 train | loss 1.0232| prediction accuracy 72.79%| average message length 2.0895 |
epoch  9100 train | loss 1.0570| prediction accuracy 72.36%| average message length 2.0860 |
epoch  9150 train | loss 1.0757| prediction accuracy 72.03%| average message length 2.1095 |
epoch  9200 train | loss 1.0014| prediction accuracy 74.11%| average message length 2.0988 |
epoch  9250 train | loss 0.9990| prediction accuracy 73.73%| average message length 2.1361 |
epoch  9250 valid | loss 0.4825| prediction accuracy 86.73%| average message length 2.0938 |
epoch  9300 train | loss 0.9922| prediction accuracy 74.43%| average message length 2.1068 |
epoch  9350 train | loss 0.9680| prediction accuracy 75.09%| average message length 2.1226 |
epoch  9400 train | loss 1.0229| prediction accuracy 73.20%| average message length 2.1041 |
epoch  9450 train | loss 1.0248| prediction accuracy 73.12%| average message length 2.1076 |
epoch  9500 train | loss 0.9805| prediction accuracy 74.34%| average message length 2.0966 |
epoch  9500 valid | loss 0.5208| prediction accuracy 85.09%| average message length 2.1246 |
epoch  9550 train | loss 1.0281| prediction accuracy 73.58%| average message length 2.1254 |
epoch  9600 train | loss 0.9853| prediction accuracy 74.30%| average message length 2.1207 |
epoch  9650 train | loss 1.0163| prediction accuracy 73.73%| average message length 2.0795 |
epoch  9700 train | loss 1.0052| prediction accuracy 73.53%| average message length 2.0696 |
epoch  9750 train | loss 1.0725| prediction accuracy 71.64%| average message length 2.0700 |
epoch  9750 valid | loss 0.5072| prediction accuracy 85.85%| average message length 2.0840 |
epoch  9800 train | loss 1.0286| prediction accuracy 73.38%| average message length 2.0865 |
epoch  9850 train | loss 1.0229| prediction accuracy 73.34%| average message length 2.0965 |
epoch  9900 train | loss 0.9893| prediction accuracy 73.94%| average message length 2.1027 |
epoch  9950 train | loss 1.0040| prediction accuracy 73.70%| average message length 2.0926 |
epoch 10000 train | loss 0.9443| prediction accuracy 75.12%| average message length 2.0925 |
epoch 10000 valid | loss 0.4075| prediction accuracy 88.36%| average message length 2.1286 |
epoch 10050 train | loss 1.0220| prediction accuracy 73.35%| average message length 2.0916 |
epoch 10100 train | loss 1.0047| prediction accuracy 73.66%| average message length 2.0845 |
epoch 10150 train | loss 1.0127| prediction accuracy 73.97%| average message length 2.0988 |
epoch 10200 train | loss 0.9815| prediction accuracy 75.06%| average message length 2.1005 |
epoch 10250 train | loss 0.9873| prediction accuracy 74.40%| average message length 2.0848 |
epoch 10250 valid | loss 0.3973| prediction accuracy 88.39%| average message length 2.0945 |
epoch 10300 train | loss 1.0100| prediction accuracy 73.95%| average message length 2.0684 |
epoch 10350 train | loss 1.0180| prediction accuracy 73.45%| average message length 2.0645 |
epoch 10400 train | loss 0.9971| prediction accuracy 73.87%| average message length 2.0659 |
epoch 10450 train | loss 0.9628| prediction accuracy 74.53%| average message length 2.0532 |
epoch 10500 train | loss 1.0216| prediction accuracy 73.59%| average message length 2.0646 |
epoch 10500 valid | loss 0.5248| prediction accuracy 87.44%| average message length 2.0459 |
epoch 10550 train | loss 1.0299| prediction accuracy 72.76%| average message length 2.0582 |
epoch 10600 train | loss 0.9908| prediction accuracy 73.98%| average message length 2.0538 |
epoch 10650 train | loss 0.9974| prediction accuracy 73.95%| average message length 2.0449 |
epoch 10700 train | loss 1.0226| prediction accuracy 73.49%| average message length 2.0512 |
epoch 10750 train | loss 1.0112| prediction accuracy 72.97%| average message length 2.0413 |
epoch 10750 valid | loss 0.4305| prediction accuracy 87.06%| average message length 2.0629 |
epoch 10800 train | loss 0.9668| prediction accuracy 75.23%| average message length 2.0755 |
epoch 10850 train | loss 1.0156| prediction accuracy 74.23%| average message length 2.0838 |
epoch 10900 train | loss 0.9688| prediction accuracy 74.62%| average message length 2.0552 |
epoch 10950 train | loss 0.9502| prediction accuracy 75.24%| average message length 2.0534 |
epoch 11000 train | loss 1.0261| prediction accuracy 73.39%| average message length 2.0708 |
epoch 11000 valid | loss 0.4566| prediction accuracy 87.62%| average message length 2.0766 |
epoch 11050 train | loss 1.0019| prediction accuracy 74.12%| average message length 2.0712 |
epoch 11100 train | loss 1.0117| prediction accuracy 73.64%| average message length 2.0714 |
epoch 11150 train | loss 1.0104| prediction accuracy 73.77%| average message length 2.0638 |
epoch 11200 train | loss 0.9664| prediction accuracy 74.49%| average message length 2.0568 |
epoch 11250 train | loss 0.9696| prediction accuracy 74.77%| average message length 2.0552 |
epoch 11250 valid | loss 0.4305| prediction accuracy 87.59%| average message length 2.0424 |
epoch 11300 train | loss 0.9940| prediction accuracy 73.77%| average message length 2.0565 |
epoch 11350 train | loss 0.9522| prediction accuracy 75.13%| average message length 2.0581 |
epoch 11400 train | loss 0.9789| prediction accuracy 74.46%| average message length 2.0543 |
epoch 11450 train | loss 1.0206| prediction accuracy 73.49%| average message length 2.0526 |
epoch 11500 train | loss 1.0375| prediction accuracy 73.23%| average message length 2.0470 |
epoch 11500 valid | loss 0.4233| prediction accuracy 88.40%| average message length 2.0476 |
epoch 11550 train | loss 0.9803| prediction accuracy 74.59%| average message length 2.0579 |
epoch 11600 train | loss 0.9325| prediction accuracy 75.81%| average message length 2.0595 |
epoch 11650 train | loss 0.9526| prediction accuracy 75.12%| average message length 2.0520 |
epoch 11700 train | loss 0.9382| prediction accuracy 75.76%| average message length 2.0638 |
epoch 11750 train | loss 0.9460| prediction accuracy 75.10%| average message length 2.0544 |
epoch 11750 valid | loss 0.4771| prediction accuracy 87.45%| average message length 2.0377 |
epoch 11800 train | loss 0.9803| prediction accuracy 74.58%| average message length 2.0493 |
epoch 11850 train | loss 1.0049| prediction accuracy 73.99%| average message length 2.0529 |
epoch 11900 train | loss 0.9223| prediction accuracy 75.99%| average message length 2.0297 |
epoch 11950 train | loss 0.9579| prediction accuracy 74.92%| average message length 2.0466 |
epoch 12000 train | loss 0.9527| prediction accuracy 75.46%| average message length 2.0484 |
epoch 12000 valid | loss 0.4101| prediction accuracy 88.35%| average message length 2.0674 |
epoch 12050 train | loss 0.9645| prediction accuracy 74.30%| average message length 2.0436 |
epoch 12100 train | loss 0.9621| prediction accuracy 74.89%| average message length 2.0470 |
epoch 12150 train | loss 0.9509| prediction accuracy 74.85%| average message length 2.0353 |
epoch 12200 train | loss 0.9796| prediction accuracy 74.54%| average message length 2.0670 |
epoch 12250 train | loss 0.9367| prediction accuracy 75.94%| average message length 2.0517 |
epoch 12250 valid | loss 0.4653| prediction accuracy 87.77%| average message length 2.0508 |
epoch 12300 train | loss 0.9050| prediction accuracy 75.99%| average message length 2.0483 |
epoch 12350 train | loss 0.9515| prediction accuracy 75.60%| average message length 2.0486 |
epoch 12400 train | loss 1.0054| prediction accuracy 74.34%| average message length 2.0645 |
epoch 12450 train | loss 0.9608| prediction accuracy 75.91%| average message length 2.0478 |
epoch 12500 train | loss 0.9714| prediction accuracy 75.46%| average message length 2.0614 |
epoch 12500 valid | loss 0.4381| prediction accuracy 88.21%| average message length 2.1134 |
epoch 12550 train | loss 0.9550| prediction accuracy 75.61%| average message length 2.0671 |
epoch 12600 train | loss 0.9319| prediction accuracy 76.30%| average message length 2.0691 |
epoch 12650 train | loss 0.9561| prediction accuracy 75.19%| average message length 2.0607 |
epoch 12700 train | loss 0.9597| prediction accuracy 75.08%| average message length 2.0596 |
epoch 12750 train | loss 0.9517| prediction accuracy 74.96%| average message length 2.0514 |
epoch 12750 valid | loss 0.4108| prediction accuracy 88.11%| average message length 2.0609 |
epoch 12800 train | loss 0.9208| prediction accuracy 76.37%| average message length 2.0412 |
epoch 12850 train | loss 0.9099| prediction accuracy 76.27%| average message length 2.0390 |
epoch 12900 train | loss 0.9505| prediction accuracy 75.32%| average message length 2.0560 |
epoch 12950 train | loss 0.9051| prediction accuracy 76.38%| average message length 2.0519 |
epoch 13000 train | loss 0.9230| prediction accuracy 75.91%| average message length 2.0451 |
epoch 13000 valid | loss 0.3931| prediction accuracy 88.41%| average message length 2.0451 |
epoch 13050 train | loss 0.8963| prediction accuracy 76.78%| average message length 2.0591 |
epoch 13100 train | loss 0.8982| prediction accuracy 76.49%| average message length 2.0555 |
epoch 13150 train | loss 0.9362| prediction accuracy 75.88%| average message length 2.0532 |
epoch 13200 train | loss 0.8985| prediction accuracy 76.52%| average message length 2.0630 |
epoch 13250 train | loss 0.9356| prediction accuracy 75.34%| average message length 2.0471 |
epoch 13250 valid | loss 0.4377| prediction accuracy 88.08%| average message length 2.0488 |
epoch 13300 train | loss 0.9283| prediction accuracy 75.99%| average message length 2.0493 |
epoch 13350 train | loss 0.9314| prediction accuracy 76.05%| average message length 2.0532 |
epoch 13400 train | loss 0.9781| prediction accuracy 74.66%| average message length 2.0488 |
epoch 13450 train | loss 0.9475| prediction accuracy 75.39%| average message length 2.0522 |
epoch 13500 train | loss 0.9235| prediction accuracy 75.90%| average message length 2.0445 |
epoch 13500 valid | loss 0.4297| prediction accuracy 87.80%| average message length 2.0549 |
epoch 13550 train | loss 0.9039| prediction accuracy 76.20%| average message length 2.0405 |
epoch 13600 train | loss 0.9405| prediction accuracy 75.52%| average message length 2.0490 |
epoch 13650 train | loss 0.9100| prediction accuracy 76.29%| average message length 2.0573 |
epoch 13700 train | loss 0.9257| prediction accuracy 75.71%| average message length 2.0502 |
epoch 13750 train | loss 0.9348| prediction accuracy 75.97%| average message length 2.0312 |
epoch 13750 valid | loss 0.3716| prediction accuracy 89.70%| average message length 2.0342 |
epoch 13800 train | loss 0.9725| prediction accuracy 75.07%| average message length 2.0479 |
epoch 13850 train | loss 0.8966| prediction accuracy 76.61%| average message length 2.0398 |
epoch 13900 train | loss 0.8881| prediction accuracy 76.93%| average message length 2.0337 |
epoch 13950 train | loss 0.9247| prediction accuracy 76.13%| average message length 2.0403 |
epoch 14000 train | loss 0.9571| prediction accuracy 75.74%| average message length 2.0383 |
epoch 14000 valid | loss 0.3824| prediction accuracy 89.16%| average message length 2.0395 |
epoch 14050 train | loss 0.8959| prediction accuracy 77.00%| average message length 2.0458 |
epoch 14100 train | loss 0.8873| prediction accuracy 76.88%| average message length 2.0485 |
epoch 14150 train | loss 0.9394| prediction accuracy 75.44%| average message length 2.0320 |
epoch 14200 train | loss 0.9114| prediction accuracy 75.99%| average message length 2.0334 |
epoch 14250 train | loss 0.8924| prediction accuracy 76.87%| average message length 2.0390 |
epoch 14250 valid | loss 0.3725| prediction accuracy 89.80%| average message length 2.0338 |
epoch 14300 train | loss 0.9432| prediction accuracy 75.48%| average message length 2.0328 |
epoch 14350 train | loss 0.9191| prediction accuracy 75.99%| average message length 2.0277 |
epoch 14400 train | loss 0.8737| prediction accuracy 77.43%| average message length 2.0398 |
epoch 14450 train | loss 0.8903| prediction accuracy 76.77%| average message length 2.0452 |
epoch 14500 train | loss 0.8809| prediction accuracy 77.01%| average message length 2.0458 |
epoch 14500 valid | loss 0.3522| prediction accuracy 89.96%| average message length 2.0469 |
epoch 14550 train | loss 0.9046| prediction accuracy 77.03%| average message length 2.0720 |
epoch 14600 train | loss 0.9016| prediction accuracy 75.93%| average message length 2.0398 |
epoch 14650 train | loss 0.9244| prediction accuracy 76.17%| average message length 2.0561 |
epoch 14700 train | loss 0.8560| prediction accuracy 77.77%| average message length 2.0545 |
epoch 14750 train | loss 0.8870| prediction accuracy 76.75%| average message length 2.0498 |
epoch 14750 valid | loss 0.3165| prediction accuracy 91.09%| average message length 2.0366 |
epoch 14800 train | loss 0.8633| prediction accuracy 77.41%| average message length 2.0338 |
epoch 14850 train | loss 0.9095| prediction accuracy 76.44%| average message length 2.0420 |
epoch 14900 train | loss 0.9226| prediction accuracy 76.34%| average message length 2.0463 |
epoch 14950 train | loss 0.9465| prediction accuracy 75.92%| average message length 2.0335 |
epoch 15000 train | loss 0.8897| prediction accuracy 76.32%| average message length 2.0340 |
epoch 15000 valid | loss 0.4147| prediction accuracy 87.77%| average message length 2.0471 |
epoch 15050 train | loss 0.9142| prediction accuracy 76.24%| average message length 2.0404 |
epoch 15100 train | loss 0.8829| prediction accuracy 76.98%| average message length 2.0396 |
epoch 15150 train | loss 0.9699| prediction accuracy 75.11%| average message length 2.0404 |
epoch 15200 train | loss 0.8987| prediction accuracy 77.16%| average message length 2.0363 |
epoch 15250 train | loss 0.8781| prediction accuracy 77.27%| average message length 2.0338 |
epoch 15250 valid | loss 0.3762| prediction accuracy 88.94%| average message length 2.0470 |
epoch 15300 train | loss 0.8901| prediction accuracy 77.15%| average message length 2.0298 |
epoch 15350 train | loss 0.8610| prediction accuracy 77.31%| average message length 2.0212 |
epoch 15400 train | loss 0.8900| prediction accuracy 76.80%| average message length 2.0231 |
epoch 15450 train | loss 0.9333| prediction accuracy 75.40%| average message length 2.0306 |
epoch 15500 train | loss 0.8808| prediction accuracy 77.41%| average message length 2.0302 |
epoch 15500 valid | loss 0.4022| prediction accuracy 88.93%| average message length 2.0180 |
epoch 15550 train | loss 0.8563| prediction accuracy 77.99%| average message length 2.0350 |
epoch 15600 train | loss 0.9060| prediction accuracy 76.14%| average message length 2.0330 |
epoch 15650 train | loss 0.8948| prediction accuracy 76.77%| average message length 2.0280 |
epoch 15700 train | loss 0.9107| prediction accuracy 76.52%| average message length 2.0309 |
epoch 15750 train | loss 0.9259| prediction accuracy 76.21%| average message length 2.0327 |
epoch 15750 valid | loss 0.3723| prediction accuracy 89.06%| average message length 2.0417 |
epoch 15800 train | loss 0.8771| prediction accuracy 77.41%| average message length 2.0312 |
epoch 15850 train | loss 0.8720| prediction accuracy 77.33%| average message length 2.0333 |
epoch 15900 train | loss 0.9172| prediction accuracy 76.04%| average message length 2.0373 |
epoch 15950 train | loss 0.8789| prediction accuracy 77.45%| average message length 2.0322 |
epoch 16000 train | loss 0.8858| prediction accuracy 77.67%| average message length 2.0434 |
epoch 16000 valid | loss 0.3618| prediction accuracy 89.69%| average message length 2.0390 |
epoch 16050 train | loss 0.9071| prediction accuracy 76.67%| average message length 2.0335 |
epoch 16100 train | loss 0.8698| prediction accuracy 77.98%| average message length 2.0365 |
epoch 16150 train | loss 0.8289| prediction accuracy 78.41%| average message length 2.0367 |
epoch 16200 train | loss 0.8745| prediction accuracy 77.55%| average message length 2.0393 |
epoch 16250 train | loss 0.8568| prediction accuracy 77.41%| average message length 2.0501 |
epoch 16250 valid | loss 0.3634| prediction accuracy 89.02%| average message length 2.0408 |
epoch 16300 train | loss 0.8978| prediction accuracy 76.57%| average message length 2.0442 |
epoch 16350 train | loss 0.8690| prediction accuracy 77.32%| average message length 2.0311 |
epoch 16400 train | loss 0.8995| prediction accuracy 76.41%| average message length 2.0339 |
epoch 16450 train | loss 0.8852| prediction accuracy 77.42%| average message length 2.0404 |
epoch 16500 train | loss 0.8665| prediction accuracy 77.80%| average message length 2.0351 |
epoch 16500 valid | loss 0.3655| prediction accuracy 90.10%| average message length 2.0277 |
epoch 16550 train | loss 0.8326| prediction accuracy 78.26%| average message length 2.0341 |
epoch 16600 train | loss 0.8957| prediction accuracy 76.55%| average message length 2.0395 |
epoch 16650 train | loss 0.8559| prediction accuracy 77.33%| average message length 2.0273 |
epoch 16700 train | loss 0.8546| prediction accuracy 77.91%| average message length 2.0436 |
epoch 16750 train | loss 0.8570| prediction accuracy 77.25%| average message length 2.0384 |
epoch 16750 valid | loss 0.3810| prediction accuracy 89.58%| average message length 2.0576 |
epoch 16800 train | loss 0.8305| prediction accuracy 78.43%| average message length 2.0481 |
epoch 16850 train | loss 0.8741| prediction accuracy 76.95%| average message length 2.0484 |
epoch 16900 train | loss 0.8805| prediction accuracy 77.56%| average message length 2.0436 |
epoch 16950 train | loss 0.8665| prediction accuracy 77.37%| average message length 2.0453 |
epoch 17000 train | loss 0.8844| prediction accuracy 76.76%| average message length 2.0404 |
epoch 17000 valid | loss 0.3888| prediction accuracy 89.98%| average message length 2.0686 |
epoch 17050 train | loss 0.8206| prediction accuracy 78.59%| average message length 2.0484 |
epoch 17100 train | loss 0.8458| prediction accuracy 77.77%| average message length 2.0477 |
epoch 17150 train | loss 0.8589| prediction accuracy 78.02%| average message length 2.0555 |
epoch 17200 train | loss 0.8536| prediction accuracy 77.87%| average message length 2.0523 |
epoch 17250 train | loss 0.8456| prediction accuracy 77.98%| average message length 2.0505 |
epoch 17250 valid | loss 0.3986| prediction accuracy 89.56%| average message length 2.0923 |
epoch 17300 train | loss 0.8237| prediction accuracy 78.80%| average message length 2.0434 |
epoch 17350 train | loss 0.8260| prediction accuracy 78.80%| average message length 2.0555 |
epoch 17400 train | loss 0.8639| prediction accuracy 77.13%| average message length 2.0607 |
epoch 17450 train | loss 0.8083| prediction accuracy 79.09%| average message length 2.0577 |
epoch 17500 train | loss 0.8476| prediction accuracy 77.70%| average message length 2.0516 |
epoch 17500 valid | loss 0.3641| prediction accuracy 90.00%| average message length 2.0472 |
epoch 17550 train | loss 0.8823| prediction accuracy 77.68%| average message length 2.0552 |
epoch 17600 train | loss 0.8590| prediction accuracy 77.63%| average message length 2.0473 |
epoch 17650 train | loss 0.8488| prediction accuracy 77.59%| average message length 2.0466 |
epoch 17700 train | loss 0.8420| prediction accuracy 78.05%| average message length 2.0397 |
epoch 17750 train | loss 0.8833| prediction accuracy 76.88%| average message length 2.0365 |
epoch 17750 valid | loss 0.4227| prediction accuracy 88.63%| average message length 2.0503 |
epoch 17800 train | loss 0.8334| prediction accuracy 78.16%| average message length 2.0434 |
epoch 17850 train | loss 0.8581| prediction accuracy 77.01%| average message length 2.0395 |
epoch 17900 train | loss 0.8147| prediction accuracy 78.79%| average message length 2.0414 |
epoch 17950 train | loss 0.8627| prediction accuracy 77.54%| average message length 2.0557 |
epoch 18000 train | loss 0.8318| prediction accuracy 78.12%| average message length 2.0450 |
epoch 18000 valid | loss 0.3838| prediction accuracy 89.70%| average message length 2.0522 |
epoch 18050 train | loss 0.7804| prediction accuracy 80.23%| average message length 2.0465 |
epoch 18100 train | loss 0.8444| prediction accuracy 77.80%| average message length 2.0491 |
epoch 18150 train | loss 0.8773| prediction accuracy 77.34%| average message length 2.0434 |
epoch 18200 train | loss 0.8392| prediction accuracy 78.54%| average message length 2.0487 |
epoch 18250 train | loss 0.8423| prediction accuracy 78.08%| average message length 2.0427 |
epoch 18250 valid | loss 0.3239| prediction accuracy 90.37%| average message length 2.0460 |
epoch 18300 train | loss 0.7977| prediction accuracy 79.34%| average message length 2.0505 |
epoch 18350 train | loss 0.8320| prediction accuracy 78.50%| average message length 2.0611 |
epoch 18400 train | loss 0.8337| prediction accuracy 78.27%| average message length 2.0493 |
epoch 18450 train | loss 0.8011| prediction accuracy 79.35%| average message length 2.0465 |
epoch 18500 train | loss 0.8045| prediction accuracy 79.09%| average message length 2.0402 |
epoch 18500 valid | loss 0.3358| prediction accuracy 90.24%| average message length 2.0323 |
epoch 18550 train | loss 0.8427| prediction accuracy 78.34%| average message length 2.0465 |
epoch 18600 train | loss 0.8188| prediction accuracy 78.79%| average message length 2.0551 |
epoch 18650 train | loss 0.7905| prediction accuracy 79.34%| average message length 2.0370 |
epoch 18700 train | loss 0.8519| prediction accuracy 77.82%| average message length 2.0510 |
epoch 18750 train | loss 0.8793| prediction accuracy 77.98%| average message length 2.0577 |
epoch 18750 valid | loss 0.3564| prediction accuracy 89.86%| average message length 2.1007 |
epoch 18800 train | loss 0.8179| prediction accuracy 78.89%| average message length 2.0630 |
epoch 18850 train | loss 0.8128| prediction accuracy 79.25%| average message length 2.0392 |
epoch 18900 train | loss 0.8896| prediction accuracy 77.10%| average message length 2.0523 |
epoch 18950 train | loss 0.8931| prediction accuracy 77.09%| average message length 2.0435 |
epoch 19000 train | loss 0.8490| prediction accuracy 78.30%| average message length 2.0302 |
epoch 19000 valid | loss 0.4521| prediction accuracy 87.31%| average message length 2.0552 |
epoch 19050 train | loss 0.8510| prediction accuracy 78.06%| average message length 2.0416 |
epoch 19100 train | loss 0.8013| prediction accuracy 79.55%| average message length 2.0464 |
epoch 19150 train | loss 0.8024| prediction accuracy 79.31%| average message length 2.0454 |
epoch 19200 train | loss 0.8563| prediction accuracy 77.66%| average message length 2.0567 |
epoch 19250 train | loss 0.8394| prediction accuracy 78.57%| average message length 2.0405 |
epoch 19250 valid | loss 0.3445| prediction accuracy 90.20%| average message length 2.0589 |
epoch 19300 train | loss 0.8431| prediction accuracy 78.35%| average message length 2.0527 |
epoch 19350 train | loss 0.8680| prediction accuracy 77.95%| average message length 2.0429 |
epoch 19400 train | loss 0.8980| prediction accuracy 77.05%| average message length 2.0442 |
epoch 19450 train | loss 0.8190| prediction accuracy 79.54%| average message length 2.0623 |
epoch 19500 train | loss 0.8146| prediction accuracy 78.98%| average message length 2.0389 |
epoch 19500 valid | loss 0.3651| prediction accuracy 91.16%| average message length 2.0641 |
epoch 19550 train | loss 0.8363| prediction accuracy 79.05%| average message length 2.0550 |
epoch 19600 train | loss 0.8216| prediction accuracy 78.85%| average message length 2.0584 |
epoch 19650 train | loss 0.8236| prediction accuracy 79.12%| average message length 2.0567 |
epoch 19700 train | loss 0.8145| prediction accuracy 79.27%| average message length 2.0465 |
epoch 19750 train | loss 0.7915| prediction accuracy 79.73%| average message length 2.0485 |
epoch 19750 valid | loss 0.3031| prediction accuracy 91.07%| average message length 2.0501 |
epoch 19800 train | loss 0.7911| prediction accuracy 79.73%| average message length 2.0466 |
epoch 19850 train | loss 0.8291| prediction accuracy 78.62%| average message length 2.0573 |
epoch 19900 train | loss 0.8275| prediction accuracy 78.72%| average message length 2.0533 |
epoch 19950 train | loss 0.7960| prediction accuracy 79.67%| average message length 2.0446 |
epoch 20000 train | loss 0.8353| prediction accuracy 78.35%| average message length 2.0581 |
epoch 20000 valid | loss 0.3418| prediction accuracy 89.72%| average message length 2.0502 |
epoch 20050 train | loss 0.8277| prediction accuracy 78.72%| average message length 2.0604 |
epoch 20100 train | loss 0.8142| prediction accuracy 78.77%| average message length 2.0559 |
epoch 20150 train | loss 0.8137| prediction accuracy 79.28%| average message length 2.0476 |
epoch 20200 train | loss 0.7753| prediction accuracy 79.97%| average message length 2.0681 |
epoch 20250 train | loss 0.7882| prediction accuracy 79.66%| average message length 2.0578 |
epoch 20250 valid | loss 0.3172| prediction accuracy 90.67%| average message length 2.0532 |
epoch 20300 train | loss 0.7934| prediction accuracy 79.60%| average message length 2.0529 |
epoch 20350 train | loss 0.8395| prediction accuracy 78.84%| average message length 2.0599 |
epoch 20400 train | loss 0.8433| prediction accuracy 78.40%| average message length 2.0546 |
epoch 20450 train | loss 0.9088| prediction accuracy 77.03%| average message length 2.0545 |
epoch 20500 train | loss 0.8666| prediction accuracy 78.29%| average message length 2.0459 |
epoch 20500 valid | loss 0.3286| prediction accuracy 90.57%| average message length 2.0505 |
epoch 20550 train | loss 0.8348| prediction accuracy 78.32%| average message length 2.0390 |
epoch 20600 train | loss 0.8485| prediction accuracy 78.45%| average message length 2.0430 |
epoch 20650 train | loss 0.8350| prediction accuracy 78.02%| average message length 2.0276 |
epoch 20700 train | loss 0.8533| prediction accuracy 78.12%| average message length 2.0274 |
epoch 20750 train | loss 0.8440| prediction accuracy 78.38%| average message length 2.0293 |
epoch 20750 valid | loss 0.3315| prediction accuracy 90.85%| average message length 2.0238 |
epoch 20800 train | loss 0.8536| prediction accuracy 78.34%| average message length 2.0320 |
epoch 20850 train | loss 0.8481| prediction accuracy 78.41%| average message length 2.0412 |
epoch 20900 train | loss 0.8256| prediction accuracy 78.92%| average message length 2.0360 |
epoch 20950 train | loss 0.8125| prediction accuracy 79.08%| average message length 2.0398 |
epoch 21000 train | loss 0.8021| prediction accuracy 79.54%| average message length 2.0519 |
epoch 21000 valid | loss 0.2970| prediction accuracy 90.99%| average message length 2.0415 |
epoch 21050 train | loss 0.7944| prediction accuracy 79.98%| average message length 2.0371 |
epoch 21100 train | loss 0.8302| prediction accuracy 79.44%| average message length 2.0330 |
epoch 21150 train | loss 0.8201| prediction accuracy 78.69%| average message length 2.0347 |
epoch 21200 train | loss 0.7871| prediction accuracy 79.56%| average message length 2.0357 |
epoch 21250 train | loss 0.8094| prediction accuracy 79.66%| average message length 2.0446 |
epoch 21250 valid | loss 0.3188| prediction accuracy 91.13%| average message length 2.0430 |
epoch 21300 train | loss 0.7829| prediction accuracy 79.84%| average message length 2.0409 |
epoch 21350 train | loss 0.7928| prediction accuracy 79.61%| average message length 2.0344 |
epoch 21400 train | loss 0.8390| prediction accuracy 78.69%| average message length 2.0367 |
epoch 21450 train | loss 0.8321| prediction accuracy 78.75%| average message length 2.0458 |
epoch 21500 train | loss 0.8398| prediction accuracy 78.37%| average message length 2.0454 |
epoch 21500 valid | loss 0.3041| prediction accuracy 91.20%| average message length 2.0426 |
epoch 21550 train | loss 0.7812| prediction accuracy 80.36%| average message length 2.0695 |
epoch 21600 train | loss 0.7717| prediction accuracy 80.30%| average message length 2.0578 |
epoch 21650 train | loss 0.7911| prediction accuracy 79.64%| average message length 2.0440 |
epoch 21700 train | loss 0.7880| prediction accuracy 79.49%| average message length 2.0484 |
epoch 21750 train | loss 0.7877| prediction accuracy 79.95%| average message length 2.0589 |
epoch 21750 valid | loss 0.2945| prediction accuracy 91.38%| average message length 2.0623 |
epoch 21800 train | loss 0.7794| prediction accuracy 79.46%| average message length 2.0524 |
epoch 21850 train | loss 0.7661| prediction accuracy 80.39%| average message length 2.0702 |
epoch 21900 train | loss 0.7603| prediction accuracy 81.02%| average message length 2.0778 |
epoch 21950 train | loss 0.7763| prediction accuracy 80.52%| average message length 2.0665 |
epoch 22000 train | loss 0.7813| prediction accuracy 79.80%| average message length 2.0462 |
epoch 22000 valid | loss 0.3317| prediction accuracy 89.91%| average message length 2.0702 |
epoch 22050 train | loss 0.7744| prediction accuracy 80.52%| average message length 2.0665 |
epoch 22100 train | loss 0.7929| prediction accuracy 79.96%| average message length 2.0794 |
epoch 22150 train | loss 0.8068| prediction accuracy 79.40%| average message length 2.0586 |
epoch 22200 train | loss 0.8185| prediction accuracy 79.11%| average message length 2.0519 |
epoch 22250 train | loss 0.7858| prediction accuracy 80.12%| average message length 2.0480 |
epoch 22250 valid | loss 0.3540| prediction accuracy 89.73%| average message length 2.0292 |
epoch 22300 train | loss 0.7709| prediction accuracy 80.63%| average message length 2.0635 |
epoch 22350 train | loss 0.8173| prediction accuracy 78.86%| average message length 2.0442 |
epoch 22400 train | loss 0.8058| prediction accuracy 79.59%| average message length 2.0605 |
epoch 22450 train | loss 0.8062| prediction accuracy 79.48%| average message length 2.0646 |
epoch 22500 train | loss 0.8230| prediction accuracy 79.34%| average message length 2.0730 |
epoch 22500 valid | loss 0.3337| prediction accuracy 90.71%| average message length 2.0980 |
epoch 22550 train | loss 0.7880| prediction accuracy 79.63%| average message length 2.0430 |
epoch 22600 train | loss 0.8079| prediction accuracy 79.25%| average message length 2.0326 |
epoch 22650 train | loss 0.8121| prediction accuracy 78.94%| average message length 2.0329 |
epoch 22700 train | loss 0.8096| prediction accuracy 79.22%| average message length 2.0336 |
epoch 22750 train | loss 0.7838| prediction accuracy 79.40%| average message length 2.0277 |
epoch 22750 valid | loss 0.3355| prediction accuracy 90.45%| average message length 2.0386 |
epoch 22800 train | loss 0.7838| prediction accuracy 79.77%| average message length 2.0367 |
epoch 22850 train | loss 0.8418| prediction accuracy 78.41%| average message length 2.0422 |
epoch 22900 train | loss 0.8073| prediction accuracy 79.41%| average message length 2.0327 |
epoch 22950 train | loss 0.8275| prediction accuracy 78.80%| average message length 2.0245 |
epoch 23000 train | loss 0.8799| prediction accuracy 77.38%| average message length 2.0293 |
epoch 23000 valid | loss 0.3148| prediction accuracy 91.50%| average message length 2.0344 |
epoch 23050 train | loss 0.8333| prediction accuracy 78.37%| average message length 2.0305 |
epoch 23100 train | loss 0.7794| prediction accuracy 79.75%| average message length 2.0317 |
epoch 23150 train | loss 0.7959| prediction accuracy 79.44%| average message length 2.0477 |
epoch 23200 train | loss 0.8479| prediction accuracy 78.35%| average message length 2.0484 |
epoch 23250 train | loss 0.7839| prediction accuracy 79.73%| average message length 2.0296 |
epoch 23250 valid | loss 0.3138| prediction accuracy 91.52%| average message length 2.0250 |
epoch 23300 train | loss 0.8152| prediction accuracy 78.62%| average message length 2.0428 |
epoch 23350 train | loss 0.8131| prediction accuracy 79.48%| average message length 2.0452 |
epoch 23400 train | loss 0.7811| prediction accuracy 80.30%| average message length 2.0331 |
epoch 23450 train | loss 0.7732| prediction accuracy 79.89%| average message length 2.0337 |
epoch 23500 train | loss 0.8169| prediction accuracy 79.33%| average message length 2.0305 |
epoch 23500 valid | loss 0.3004| prediction accuracy 90.92%| average message length 2.0227 |
epoch 23550 train | loss 0.7959| prediction accuracy 80.30%| average message length 2.0371 |
epoch 23600 train | loss 0.7730| prediction accuracy 80.51%| average message length 2.0520 |
epoch 23650 train | loss 0.7675| prediction accuracy 80.17%| average message length 2.0384 |
epoch 23700 train | loss 0.7903| prediction accuracy 79.55%| average message length 2.0364 |
epoch 23750 train | loss 0.7863| prediction accuracy 79.57%| average message length 2.0373 |
epoch 23750 valid | loss 0.3151| prediction accuracy 91.02%| average message length 2.0187 |
epoch 23800 train | loss 0.7945| prediction accuracy 79.75%| average message length 2.0451 |
epoch 23850 train | loss 0.7726| prediction accuracy 80.53%| average message length 2.0316 |
epoch 23900 train | loss 0.8000| prediction accuracy 79.17%| average message length 2.0370 |
epoch 23950 train | loss 0.7911| prediction accuracy 79.63%| average message length 2.0453 |
epoch 24000 train | loss 0.7909| prediction accuracy 79.99%| average message length 2.0462 |
epoch 24000 valid | loss 0.2934| prediction accuracy 91.92%| average message length 2.0305 |
epoch 24050 train | loss 0.7789| prediction accuracy 80.41%| average message length 2.0495 |
epoch 24100 train | loss 0.7895| prediction accuracy 80.02%| average message length 2.0427 |
epoch 24150 train | loss 0.7831| prediction accuracy 79.98%| average message length 2.0361 |
epoch 24200 train | loss 0.7801| prediction accuracy 80.30%| average message length 2.0473 |
epoch 24250 train | loss 0.7714| prediction accuracy 80.38%| average message length 2.0438 |
epoch 24250 valid | loss 0.3258| prediction accuracy 90.73%| average message length 2.0272 |
epoch 24300 train | loss 0.7761| prediction accuracy 80.41%| average message length 2.0369 |
epoch 24350 train | loss 0.7961| prediction accuracy 79.62%| average message length 2.0416 |
epoch 24400 train | loss 0.8116| prediction accuracy 78.99%| average message length 2.0376 |
epoch 24450 train | loss 0.7801| prediction accuracy 80.16%| average message length 2.0338 |
epoch 24500 train | loss 0.8065| prediction accuracy 79.15%| average message length 2.0412 |
epoch 24500 valid | loss 0.3017| prediction accuracy 91.72%| average message length 2.0370 |
epoch 24550 train | loss 0.7916| prediction accuracy 80.14%| average message length 2.0488 |
epoch 24600 train | loss 0.7713| prediction accuracy 80.08%| average message length 2.0351 |
epoch 24650 train | loss 0.7997| prediction accuracy 79.83%| average message length 2.0355 |
epoch 24700 train | loss 0.7972| prediction accuracy 79.66%| average message length 2.0352 |
epoch 24750 train | loss 0.8132| prediction accuracy 79.95%| average message length 2.0405 |
epoch 24750 valid | loss 0.3006| prediction accuracy 91.26%| average message length 2.0255 |
epoch 24800 train | loss 0.7684| prediction accuracy 80.85%| average message length 2.0291 |
epoch 24850 train | loss 0.7858| prediction accuracy 80.09%| average message length 2.0355 |
epoch 24900 train | loss 0.7630| prediction accuracy 80.88%| average message length 2.0384 |
epoch 24950 train | loss 0.7716| prediction accuracy 80.87%| average message length 2.0440 |
epoch 25000 train | loss 0.7903| prediction accuracy 80.20%| average message length 2.0529 |
epoch 25000 valid | loss 0.3382| prediction accuracy 90.73%| average message length 2.0412 |
epoch 25050 train | loss 0.7749| prediction accuracy 79.74%| average message length 2.0417 |
epoch 25100 train | loss 0.8139| prediction accuracy 79.54%| average message length 2.0498 |
epoch 25150 train | loss 0.8102| prediction accuracy 79.43%| average message length 2.0488 |
epoch 25200 train | loss 0.7973| prediction accuracy 79.85%| average message length 2.0413 |
epoch 25250 train | loss 0.7290| prediction accuracy 81.45%| average message length 2.0415 |
epoch 25250 valid | loss 0.3002| prediction accuracy 91.28%| average message length 2.0600 |
epoch 25300 train | loss 0.7631| prediction accuracy 80.83%| average message length 2.0450 |
epoch 25350 train | loss 0.7847| prediction accuracy 80.10%| average message length 2.0422 |
epoch 25400 train | loss 0.8005| prediction accuracy 80.20%| average message length 2.0462 |
epoch 25450 train | loss 0.7532| prediction accuracy 80.83%| average message length 2.0440 |
epoch 25500 train | loss 0.7794| prediction accuracy 80.58%| average message length 2.0487 |
epoch 25500 valid | loss 0.2627| prediction accuracy 92.87%| average message length 2.0529 |
epoch 25550 train | loss 0.7640| prediction accuracy 80.44%| average message length 2.0423 |
epoch 25600 train | loss 0.7126| prediction accuracy 81.36%| average message length 2.0421 |
epoch 25650 train | loss 0.7485| prediction accuracy 80.52%| average message length 2.0428 |
epoch 25700 train | loss 0.7808| prediction accuracy 80.10%| average message length 2.0561 |
epoch 25750 train | loss 0.7553| prediction accuracy 80.59%| average message length 2.0408 |
epoch 25750 valid | loss 0.3379| prediction accuracy 90.03%| average message length 2.0498 |
epoch 25800 train | loss 0.7765| prediction accuracy 79.80%| average message length 2.0548 |
epoch 25850 train | loss 0.7915| prediction accuracy 79.53%| average message length 2.0524 |
epoch 25900 train | loss 0.8232| prediction accuracy 79.35%| average message length 2.0540 |
epoch 25950 train | loss 0.7637| prediction accuracy 80.92%| average message length 2.0497 |
epoch 26000 train | loss 0.7363| prediction accuracy 81.41%| average message length 2.0458 |
epoch 26000 valid | loss 0.3729| prediction accuracy 89.73%| average message length 2.0841 |
epoch 26050 train | loss 0.7749| prediction accuracy 80.79%| average message length 2.0709 |
epoch 26100 train | loss 0.7340| prediction accuracy 81.19%| average message length 2.0541 |
epoch 26150 train | loss 0.8074| prediction accuracy 79.62%| average message length 2.0746 |
epoch 26200 train | loss 0.7749| prediction accuracy 80.55%| average message length 2.0560 |
epoch 26250 train | loss 0.7756| prediction accuracy 80.78%| average message length 2.0522 |
epoch 26250 valid | loss 0.2821| prediction accuracy 91.33%| average message length 2.0295 |
epoch 26300 train | loss 0.7845| prediction accuracy 80.13%| average message length 2.0403 |
epoch 26350 train | loss 0.7792| prediction accuracy 79.81%| average message length 2.0380 |
epoch 26400 train | loss 0.7562| prediction accuracy 80.45%| average message length 2.0406 |
epoch 26450 train | loss 0.8401| prediction accuracy 79.14%| average message length 2.0478 |
epoch 26500 train | loss 0.7656| prediction accuracy 80.95%| average message length 2.0398 |
epoch 26500 valid | loss 0.2936| prediction accuracy 91.87%| average message length 2.0500 |
epoch 26550 train | loss 0.7692| prediction accuracy 80.06%| average message length 2.0505 |
epoch 26600 train | loss 0.7367| prediction accuracy 81.10%| average message length 2.0480 |
epoch 26650 train | loss 0.7927| prediction accuracy 79.94%| average message length 2.0310 |
epoch 26700 train | loss 0.7737| prediction accuracy 80.54%| average message length 2.0448 |
epoch 26750 train | loss 0.7558| prediction accuracy 81.32%| average message length 2.0512 |
epoch 26750 valid | loss 0.2899| prediction accuracy 91.60%| average message length 2.0267 |
epoch 26800 train | loss 0.8178| prediction accuracy 79.04%| average message length 2.0688 |
epoch 26850 train | loss 0.7773| prediction accuracy 80.09%| average message length 2.0352 |
epoch 26900 train | loss 0.7628| prediction accuracy 81.09%| average message length 2.0396 |
epoch 26950 train | loss 0.7749| prediction accuracy 80.44%| average message length 2.0394 |
epoch 27000 train | loss 0.8275| prediction accuracy 78.68%| average message length 2.0423 |
epoch 27000 valid | loss 0.3109| prediction accuracy 90.84%| average message length 2.0305 |
epoch 27050 train | loss 0.7361| prediction accuracy 81.12%| average message length 2.0287 |
epoch 27100 train | loss 0.7734| prediction accuracy 80.45%| average message length 2.0292 |
epoch 27150 train | loss 0.8096| prediction accuracy 79.37%| average message length 2.0278 |
epoch 27200 train | loss 0.7863| prediction accuracy 80.09%| average message length 2.0323 |
epoch 27250 train | loss 0.7604| prediction accuracy 80.35%| average message length 2.0353 |
epoch 27250 valid | loss 0.3254| prediction accuracy 90.87%| average message length 2.0398 |
epoch 27300 train | loss 0.7322| prediction accuracy 81.23%| average message length 2.0369 |
epoch 27350 train | loss 0.7708| prediction accuracy 80.39%| average message length 2.0442 |
epoch 27400 train | loss 0.7970| prediction accuracy 79.48%| average message length 2.0370 |
epoch 27450 train | loss 0.7907| prediction accuracy 79.39%| average message length 2.0309 |
epoch 27500 train | loss 0.8135| prediction accuracy 79.34%| average message length 2.0243 |
epoch 27500 valid | loss 0.2825| prediction accuracy 91.51%| average message length 2.0354 |
epoch 27550 train | loss 0.7374| prediction accuracy 81.28%| average message length 2.0298 |
epoch 27600 train | loss 0.7609| prediction accuracy 80.66%| average message length 2.0267 |
epoch 27650 train | loss 0.7791| prediction accuracy 79.98%| average message length 2.0358 |
epoch 27700 train | loss 0.7746| prediction accuracy 80.24%| average message length 2.0305 |
epoch 27750 train | loss 0.7415| prediction accuracy 80.62%| average message length 2.0237 |
epoch 27750 valid | loss 0.3445| prediction accuracy 90.28%| average message length 2.0538 |
epoch 27800 train | loss 0.7777| prediction accuracy 80.39%| average message length 2.0309 |
epoch 27850 train | loss 0.7981| prediction accuracy 79.16%| average message length 2.0394 |
epoch 27900 train | loss 0.7904| prediction accuracy 80.03%| average message length 2.0472 |
epoch 27950 train | loss 0.7844| prediction accuracy 80.19%| average message length 2.0261 |
epoch 28000 train | loss 0.7561| prediction accuracy 80.62%| average message length 2.0233 |
epoch 28000 valid | loss 0.3061| prediction accuracy 91.42%| average message length 2.0255 |
epoch 28050 train | loss 0.7925| prediction accuracy 79.77%| average message length 2.0255 |
epoch 28100 train | loss 0.7806| prediction accuracy 79.93%| average message length 2.0305 |
epoch 28150 train | loss 0.7939| prediction accuracy 79.80%| average message length 2.0334 |
epoch 28200 train | loss 0.7450| prediction accuracy 80.90%| average message length 2.0196 |
epoch 28250 train | loss 0.7351| prediction accuracy 81.12%| average message length 2.0198 |
epoch 28250 valid | loss 0.3411| prediction accuracy 89.82%| average message length 2.0236 |
epoch 28300 train | loss 0.8098| prediction accuracy 79.17%| average message length 2.0300 |
epoch 28350 train | loss 0.7571| prediction accuracy 80.88%| average message length 2.0285 |
epoch 28400 train | loss 0.8199| prediction accuracy 79.63%| average message length 2.0284 |
epoch 28450 train | loss 0.7941| prediction accuracy 79.86%| average message length 2.0308 |
epoch 28500 train | loss 0.7644| prediction accuracy 80.91%| average message length 2.0300 |
epoch 28500 valid | loss 0.2915| prediction accuracy 92.16%| average message length 2.0503 |
epoch 28550 train | loss 0.8064| prediction accuracy 79.05%| average message length 2.0373 |
epoch 28600 train | loss 0.8000| prediction accuracy 79.79%| average message length 2.0312 |
epoch 28650 train | loss 0.7931| prediction accuracy 80.00%| average message length 2.0366 |
epoch 28700 train | loss 0.7632| prediction accuracy 80.88%| average message length 2.0372 |
epoch 28750 train | loss 0.7502| prediction accuracy 80.58%| average message length 2.0362 |
epoch 28750 valid | loss 0.2868| prediction accuracy 92.39%| average message length 2.0227 |
epoch 28800 train | loss 0.7746| prediction accuracy 80.35%| average message length 2.0306 |
epoch 28850 train | loss 0.7619| prediction accuracy 80.82%| average message length 2.0433 |
epoch 28900 train | loss 0.7699| prediction accuracy 80.61%| average message length 2.0348 |
epoch 28950 train | loss 0.7860| prediction accuracy 80.07%| average message length 2.0293 |
epoch 29000 train | loss 0.7445| prediction accuracy 80.97%| average message length 2.0242 |
epoch 29000 valid | loss 0.2454| prediction accuracy 93.09%| average message length 2.0384 |
epoch 29050 train | loss 0.7586| prediction accuracy 80.81%| average message length 2.0322 |
epoch 29100 train | loss 0.7715| prediction accuracy 80.37%| average message length 2.0311 |
epoch 29150 train | loss 0.7646| prediction accuracy 80.66%| average message length 2.0320 |
epoch 29200 train | loss 0.7740| prediction accuracy 80.38%| average message length 2.0375 |
epoch 29250 train | loss 0.7546| prediction accuracy 81.03%| average message length 2.0283 |
epoch 29250 valid | loss 0.3528| prediction accuracy 89.29%| average message length 2.0435 |
epoch 29300 train | loss 0.8105| prediction accuracy 79.49%| average message length 2.0285 |
epoch 29350 train | loss 0.8253| prediction accuracy 79.31%| average message length 2.0305 |
epoch 29400 train | loss 0.7461| prediction accuracy 80.86%| average message length 2.0224 |
epoch 29450 train | loss 0.7776| prediction accuracy 80.19%| average message length 2.0231 |
epoch 29500 train | loss 0.7818| prediction accuracy 80.08%| average message length 2.0300 |
epoch 29500 valid | loss 0.4446| prediction accuracy 88.27%| average message length 2.0276 |
epoch 29550 train | loss 0.7794| prediction accuracy 80.10%| average message length 2.0278 |
epoch 29600 train | loss 0.7737| prediction accuracy 80.73%| average message length 2.0250 |
epoch 29650 train | loss 0.7595| prediction accuracy 79.91%| average message length 2.0257 |
epoch 29700 train | loss 0.7582| prediction accuracy 81.15%| average message length 2.0255 |
epoch 29750 train | loss 0.7576| prediction accuracy 80.70%| average message length 2.0223 |
epoch 29750 valid | loss 0.3029| prediction accuracy 91.67%| average message length 2.0198 |
epoch 29800 train | loss 0.7809| prediction accuracy 80.41%| average message length 2.0345 |
epoch 29850 train | loss 0.7688| prediction accuracy 80.39%| average message length 2.0310 |
epoch 29900 train | loss 0.7462| prediction accuracy 80.98%| average message length 2.0275 |
epoch 29950 train | loss 0.7405| prediction accuracy 80.91%| average message length 2.0248 |
Total Runtime : 18587.195581436157
