epoch,global step,mode,loss,accuracy,mean_length
0,0,train,1.9006,25.0,48.375
0,0,validation,3.137,12.08,63.6134
0,10,train,2.3955,17.7632,59.0
0,10,train,2.6427,12.5,61.875
0,20,train,2.2394,12.5,62.875
0,20,train,2.3099,0.0,60.625
0,30,train,2.1359,14.4737,63.7961
0,30,train,2.1098,37.5,60.75
0,40,train,2.1035,14.4737,63.6908
0,40,train,2.2257,0.0,64
0,50,train,2.1172,9.2105,63.7566
0,50,train,2.1605,12.5,64
0,60,train,2.0964,8.5526,64
0,60,train,2.0846,25.0,64
0,70,train,2.102,15.7895,64
0,70,train,2.0735,0.0,64
0,80,train,2.126,7.8947,63.8289
0,80,train,2.2045,0.0,64
0,90,train,2.0647,15.1316,64
0,90,train,2.0848,12.5,64
0,100,train,2.0966,13.1579,64
0,100,train,2.0138,25.0,64
0,110,train,2.0792,13.1579,64
0,110,train,2.0817,0.0,64
0,120,train,2.0989,11.8421,64
0,120,train,2.0587,12.5,64
0,130,train,2.0934,12.5,64
0,130,train,2.0966,0.0,64
0,140,train,2.0801,13.1579,64
0,140,train,2.0479,12.5,64
0,150,train,2.0708,13.1579,64
0,150,train,2.2017,0.0,64
0,160,train,2.0847,17.1053,64
0,160,train,2.1976,12.5,64
0,170,train,2.1013,12.5,64
0,170,train,2.121,25.0,64
0,180,train,2.1013,9.2105,63.9408
0,180,train,2.0269,25.0,63.25
0,190,train,2.0881,9.2105,63.7237
0,190,train,2.0863,25.0,64
0,200,train,2.0867,13.8158,63.9013
0,200,train,2.1219,12.5,64
0,210,train,2.0823,10.5263,64
0,210,train,2.0629,37.5,64
0,220,train,2.0744,16.4474,64
0,220,train,2.0957,12.5,64
0,230,train,2.0896,11.8421,63.5592
0,230,train,2.0846,25.0,64
0,240,train,2.0684,11.1842,60.1908
0,240,train,2.2378,12.5,53.75
0,250,train,2.078,14.4737,60.7763
0,250,train,2.0509,12.5,64
0,260,train,2.0961,13.8158,64
0,260,train,2.0692,0.0,64
0,270,train,2.0817,11.8421,63.9934
0,270,train,2.0861,12.5,64
0,280,train,2.0794,13.1579,63.7829
0,280,train,2.1656,12.5,64
0,290,train,2.0857,15.7895,64
0,290,train,2.0916,0.0,64
0,300,train,2.0719,13.1579,64
0,300,train,2.0989,0.0,64
0,310,train,2.0748,13.1579,64
0,310,train,2.2183,0.0,64
0,320,train,2.0801,8.5526,64
0,320,train,2.0426,50.0,64
0,330,train,2.0857,10.5263,64
0,330,train,2.0486,12.5,64
0,340,train,2.0912,14.4737,64
0,340,train,2.0229,25.0,62.75
0,350,train,2.0681,15.7895,64
0,350,train,2.0637,12.5,64
0,360,train,2.0792,11.8421,64
0,360,train,2.0437,12.5,64
0,370,train,2.0755,13.1579,64
0,370,train,2.1274,12.5,64
0,380,train,2.0799,14.4737,64
0,380,train,2.0858,12.5,64
0,390,train,2.0653,12.5,64
0,390,train,2.1046,12.5,64
0,400,train,2.0835,14.4737,64
0,400,train,2.0408,12.5,64
0,410,train,2.0613,14.4737,64
0,410,train,2.043,12.5,64
0,420,train,2.0493,17.7632,64
0,420,train,2.1316,0.0,64
0,430,train,2.0506,15.7895,63.8355
0,430,train,2.0678,12.5,64
0,440,train,2.0378,14.4737,63.9934
0,440,train,1.9567,0.0,64
0,450,train,2.0492,11.1842,63.8487
0,450,train,2.0578,12.5,64
0,460,train,2.0047,12.5,64
0,460,train,2.0459,25.0,64
0,470,train,1.9873,16.4474,64
0,470,train,2.2459,12.5,61.875
0,480,train,2.0638,15.1316,63.7895
0,480,train,2.0601,0.0,64
0,490,train,2.0345,12.5,64
0,490,train,2.0547,12.5,64
0,500,train,1.9559,19.0789,64
0,500,train,1.938,25.0,64
0,510,train,1.9169,17.1053,64
0,510,train,1.8887,25.0,64
0,512,validation,1.8872,23.7,63.9966
0,512,validation,1.8858,24.38,63.9964
0,520,train,1.8802,28.2895,64
0,520,train,1.6471,50.0,64
0,530,train,1.8504,23.0263,64
0,530,train,1.9386,0.0,64
0,540,train,1.8637,23.6842,64
0,540,train,1.6347,62.5,64
0,550,train,1.7445,28.2895,64
0,550,train,1.9981,37.5,64
0,560,train,1.9745,21.0526,63.8158
0,560,train,1.4973,50.0,64
0,570,train,2.02,21.0526,64
0,570,train,1.8687,25.0,64
0,580,train,1.9847,23.0263,64
0,580,train,2.066,12.5,64
0,590,train,2.0468,17.7632,63.8553
0,590,train,2.0683,12.5,64
0,600,train,1.933,25.0,63.9013
0,600,train,1.8879,25.0,64
0,610,train,1.7584,32.8947,64
0,610,train,1.7113,12.5,64
0,620,train,1.7079,36.1842,63.7961
0,620,train,1.6011,37.5,64
0,630,train,1.657,34.2105,63.9605
0,630,train,1.7155,37.5,64
0,640,train,1.7143,31.5789,63.5987
0,640,train,1.8318,37.5,61.875
0,650,train,1.7284,28.9474,63.8092
0,650,train,1.5364,25.0,64
0,660,train,1.6808,35.5263,64
0,660,train,1.5546,37.5,64
0,670,train,1.5802,40.1316,63.5263
0,670,train,1.4528,50.0,64
0,680,train,1.6084,36.8421,63.6118
0,680,train,1.4976,50.0,64
0,690,train,1.6061,42.1053,63.9276
0,690,train,1.4782,25.0,64
0,700,train,1.5409,45.3947,64
0,700,train,1.6056,62.5,64
0,710,train,1.5454,38.1579,63.8684
0,710,train,1.6723,50.0,64
0,720,train,1.5253,43.4211,64
0,720,train,1.9816,25.0,64
0,730,train,1.5467,39.4737,63.7697
0,730,train,0.8865,87.5,64
0,740,train,1.4405,44.0789,64
0,740,train,1.5234,25.0,64
0,750,train,1.5558,44.0789,64
0,750,train,1.5556,25.0,64
0,760,train,1.5537,40.1316,64
0,760,train,1.5334,62.5,64
0,770,train,1.4363,41.4474,64
0,770,train,1.4361,50.0,64
0,780,train,1.3995,45.3947,64
0,780,train,1.1318,62.5,64
0,790,train,1.4863,44.0789,64
0,790,train,1.2889,37.5,64
0,800,train,1.4703,44.7368,64
0,800,train,1.1892,62.5,64
0,810,train,1.4626,41.4474,64
0,810,train,1.7108,37.5,64
0,820,train,1.3651,47.3684,64
0,820,train,1.2207,50.0,64
0,830,train,1.3962,48.6842,64
0,830,train,1.8439,25.0,64
0,840,train,1.4829,45.3947,64
0,840,train,1.0735,50.0,64
0,850,train,1.4662,40.1316,64
0,850,train,1.5119,37.5,64
0,860,train,1.2771,52.6316,64
0,860,train,1.174,50.0,64
0,870,train,1.3068,50.6579,64
0,870,train,1.0324,62.5,64
0,880,train,1.3478,45.3947,64
0,880,train,1.7906,25.0,64
0,890,train,1.2823,46.0526,63.8816
0,890,train,1.5925,37.5,64
0,900,train,1.2369,54.6053,64
0,900,train,1.0736,50.0,64
0,910,train,1.1936,51.9737,64
0,910,train,1.1147,50.0,64
0,920,train,1.3164,49.3421,64
0,920,train,1.2648,50.0,64
0,930,train,1.2589,48.0263,63.8684
0,930,train,1.5088,37.5,64
0,940,train,1.3894,43.4211,64
0,940,train,0.8723,75.0,64
0,950,train,1.1643,55.9211,63.7368
0,950,train,1.4426,50.0,64
0,960,train,1.215,50.0,63.7961
0,960,train,0.801,87.5,64
0,970,train,1.1881,53.9474,63.5789
0,970,train,1.2335,62.5,64
0,980,train,1.1899,55.2632,62.4539
0,980,train,1.4236,62.5,59.25
0,990,train,1.1145,58.5526,63.0066
0,990,train,1.1065,50.0,64
0,1000,train,1.1221,57.8947,63.3092
0,1000,train,0.9173,87.5,63.5
0,1010,train,1.0238,61.1842,63.75
0,1010,train,1.7103,25.0,64
0,1020,train,1.1746,57.8947,63.6316
0,1020,train,1.1293,62.5,64
0,1024,validation,1.0874,58.78,63.9988
0,1024,validation,1.0889,58.78,63.997
0,1030,train,1.1336,62.5,63.8816
0,1030,train,0.7311,75.0,64
0,1040,train,1.0564,61.8421,64
0,1040,train,1.3184,37.5,64
0,1050,train,1.1407,54.6053,64
0,1050,train,1.2113,50.0,64
0,1060,train,1.1524,56.5789,64
0,1060,train,0.8348,75.0,64
0,1070,train,1.1257,57.8947,64
0,1070,train,1.4207,50.0,64
0,1080,train,1.2013,54.6053,63.9474
0,1080,train,0.7338,75.0,64
0,1090,train,1.0241,61.1842,64
0,1090,train,1.1369,62.5,64
0,1100,train,0.921,68.4211,64
0,1100,train,1.3112,50.0,64
0,1110,train,1.0105,59.8684,64
0,1110,train,1.1637,37.5,64
0,1120,train,1.0898,57.2368,64
0,1120,train,1.6448,37.5,64
0,1130,train,1.0371,63.8158,64
0,1130,train,1.4662,37.5,64
0,1140,train,1.0924,63.1579,64
0,1140,train,0.7939,75.0,64
0,1150,train,1.0684,57.2368,64
0,1150,train,1.3784,50.0,64
0,1160,train,0.9297,65.7895,64
0,1160,train,1.0828,50.0,64
0,1170,train,0.9251,66.4474,64
0,1170,train,1.1266,75.0,64
0,1180,train,1.0821,56.5789,64
0,1180,train,1.019,37.5,64
0,1190,train,0.9346,70.3947,64
0,1190,train,0.7312,75.0,64
0,1200,train,0.9806,63.1579,64
0,1200,train,0.7798,62.5,64
0,1210,train,0.9335,63.8158,64
0,1210,train,0.739,62.5,64
0,1220,train,0.9887,64.4737,64
0,1220,train,0.8567,75.0,64
0,1230,train,0.9257,73.0263,64
0,1230,train,0.7662,62.5,64
0,1240,train,0.84,69.0789,64
0,1240,train,1.2523,50.0,64
0,1250,train,1.0335,59.2105,64
0,1250,train,0.9872,62.5,64
0,1260,train,0.8834,70.3947,64
0,1260,train,1.5331,37.5,64
0,1270,train,0.9552,62.5,64
0,1270,train,0.4394,100.0,64
0,1280,train,0.8123,69.7368,64
0,1280,train,0.7948,87.5,64
0,1290,train,0.8929,65.1316,64
0,1290,train,1.5569,50.0,64
0,1300,train,0.807,67.7632,64
0,1300,train,0.5634,87.5,64
0,1310,train,0.9642,65.1316,64
0,1310,train,1.8642,37.5,64
0,1320,train,0.9242,65.7895,64
0,1320,train,0.9936,62.5,64
0,1330,train,0.8687,72.3684,64
0,1330,train,0.3571,100.0,64
0,1340,train,0.905,63.8158,64
0,1340,train,1.1016,62.5,64
0,1350,train,0.9432,63.1579,64
0,1350,train,0.9504,62.5,64
0,1360,train,0.8013,75.0,64
0,1360,train,0.848,62.5,64
0,1370,train,0.8379,67.1053,64
0,1370,train,0.9975,75.0,64
0,1380,train,0.9314,65.1316,64
0,1380,train,0.8962,62.5,64
0,1390,train,0.8666,67.7632,64
0,1390,train,0.4759,87.5,64
0,1400,train,0.8234,71.7105,64
0,1400,train,0.9379,62.5,64
0,1410,train,0.8437,69.0789,64
0,1410,train,0.9362,62.5,64
0,1420,train,0.7667,75.6579,64
0,1420,train,0.9546,62.5,64
0,1430,train,0.7721,73.6842,64
0,1430,train,0.9065,62.5,64
0,1440,train,0.7744,70.3947,64
0,1440,train,0.8587,62.5,64
0,1450,train,0.8752,67.1053,64
0,1450,train,0.3654,100.0,64
0,1460,train,0.8015,67.1053,64
0,1460,train,0.9123,75.0,64
0,1470,train,0.7348,71.7105,64
0,1470,train,1.0621,50.0,64
0,1480,train,0.6719,80.9211,64
0,1480,train,0.3485,87.5,64
0,1490,train,0.8234,71.0526,64
0,1490,train,0.5739,75.0,64
0,1500,train,0.7638,70.3947,64
0,1500,train,0.7735,75.0,64
0,1510,train,0.6942,74.3421,64
0,1510,train,0.6513,62.5,64
0,1520,train,0.7635,71.7105,64
0,1520,train,1.0244,62.5,64
0,1530,train,0.748,72.3684,64
0,1530,train,1.3494,50.0,64
0,1536,validation,0.6588,77.12,64
0,1536,validation,0.6695,75.82,64
0,1540,train,0.7749,73.6842,64
0,1540,train,0.7975,75.0,64
0,1550,train,0.8651,68.4211,64
0,1550,train,0.7343,62.5,64
0,1560,train,0.6846,76.9737,64
0,1560,train,1.0878,62.5,64
0,1570,train,0.7124,72.3684,64
0,1570,train,0.5039,87.5,64
0,1580,train,0.6831,76.3158,64
0,1580,train,0.8165,62.5,64
0,1590,train,0.6754,75.0,64
0,1590,train,0.6387,75.0,64
0,1600,train,0.8853,68.4211,64
0,1600,train,0.3594,100.0,64
0,1610,train,0.7025,73.6842,64
0,1610,train,0.6321,75.0,64
0,1620,train,0.7394,73.6842,64
0,1620,train,0.9542,62.5,64
0,1630,train,0.6561,75.6579,64
0,1630,train,0.4058,87.5,64
0,1640,train,0.788,73.0263,64
0,1640,train,0.5328,75.0,64
0,1650,train,0.7756,71.0526,64
0,1650,train,0.5293,87.5,64
0,1660,train,0.7636,69.0789,64
0,1660,train,0.9175,50.0,64
0,1670,train,0.7399,74.3421,64
0,1670,train,0.3737,87.5,64
0,1680,train,0.7609,67.1053,64
0,1680,train,1.369,62.5,64
0,1690,train,0.6962,71.0526,64
0,1690,train,1.3811,75.0,64
0,1700,train,0.6149,80.2632,64
0,1700,train,0.9299,62.5,64
0,1710,train,0.7767,67.7632,64
0,1710,train,0.651,87.5,64
0,1720,train,0.6743,72.3684,64
0,1720,train,0.5361,75.0,64
0,1730,train,0.6879,71.0526,64
0,1730,train,1.3926,62.5,64
0,1740,train,0.7409,73.0263,64
0,1740,train,0.1422,100.0,64
0,1750,train,0.5942,78.2895,64
0,1750,train,0.8271,62.5,64
0,1760,train,0.6584,76.9737,64
0,1760,train,0.5442,87.5,64
0,1770,train,0.5985,76.3158,64
0,1770,train,1.1058,50.0,64
0,1780,train,0.6065,78.9474,64
0,1780,train,0.4677,75.0,64
0,1790,train,0.6081,80.2632,64
0,1790,train,0.9239,62.5,64
0,1800,train,0.6114,79.6053,64
0,1800,train,0.5721,75.0,64
0,1810,train,0.6851,75.0,64
0,1810,train,0.1876,87.5,64
0,1820,train,0.5479,80.2632,64
0,1820,train,0.7499,75.0,64
0,1830,train,0.6083,73.6842,64
0,1830,train,0.9596,37.5,64
0,1840,train,0.5926,79.6053,64
0,1840,train,0.5479,75.0,64
0,1850,train,0.6744,75.6579,64
0,1850,train,0.4,87.5,64
0,1860,train,0.5874,78.9474,64
0,1860,train,0.6715,75.0,64
0,1870,train,0.5311,80.9211,64
0,1870,train,0.2254,100.0,64
0,1880,train,0.6914,73.0263,64
0,1880,train,0.2846,87.5,64
0,1890,train,0.6437,80.2632,64
0,1890,train,0.2226,100.0,64
0,1900,train,0.6383,76.3158,64
0,1900,train,0.2435,100.0,64
0,1910,train,0.5254,79.6053,64
0,1910,train,0.527,75.0,64
0,1920,train,0.5334,82.2368,64
0,1920,train,0.1849,100.0,64
0,1930,train,0.5956,77.6316,64
0,1930,train,0.3264,100.0,64
0,1940,train,0.5899,78.9474,64
0,1940,train,0.341,87.5,64
0,1950,train,0.5488,82.8947,64
0,1950,train,0.876,62.5,64
0,1960,train,0.5329,81.5789,64
0,1960,train,0.397,87.5,64
0,1970,train,0.5943,78.9474,64
0,1970,train,0.2676,87.5,64
0,1980,train,0.5434,82.8947,64
0,1980,train,0.2739,87.5,64
0,1990,train,0.527,81.5789,64
0,1990,train,0.5585,87.5,64
0,2000,train,0.6028,76.9737,64
0,2000,train,1.1649,62.5,64
0,2010,train,0.5698,75.6579,64
0,2010,train,0.2672,87.5,64
0,2020,train,0.6075,77.6316,64
0,2020,train,0.3106,100.0,64
0,2030,train,0.5739,82.8947,64
0,2030,train,0.7105,75.0,64
0,2040,train,0.5246,79.6053,64
0,2040,train,0.3325,87.5,64
0,2048,validation,0.4381,85.32,64
0,2048,validation,0.4483,85.12,64
0,2050,train,0.5034,84.2105,64
0,2050,train,0.4646,87.5,64
0,2060,train,0.6024,80.2632,64
0,2060,train,0.9379,62.5,64
0,2070,train,0.4843,81.5789,64
0,2070,train,0.6183,75.0,64
0,2080,train,0.5668,80.9211,64
0,2080,train,0.4984,75.0,64
0,2090,train,0.5189,83.5526,64
0,2090,train,0.4379,75.0,64
0,2100,train,0.573,78.2895,64
0,2100,train,0.7238,62.5,64
0,2110,train,0.5362,82.2368,64
0,2110,train,0.311,87.5,64
0,2120,train,0.4824,86.1842,64
0,2120,train,0.26,100.0,64
0,2130,train,0.5633,78.2895,64
0,2130,train,0.4061,87.5,64
0,2140,train,0.4699,80.9211,64
0,2140,train,0.6016,75.0,64
0,2150,train,0.6079,77.6316,64
0,2150,train,0.5668,75.0,64
0,2160,train,0.5504,78.9474,64
0,2160,train,0.8568,75.0,64
0,2170,train,0.4547,85.5263,64
0,2170,train,0.2192,87.5,64
0,2180,train,0.533,83.5526,64
0,2180,train,0.4312,87.5,64
0,2190,train,0.493,79.6053,64
0,2190,train,0.156,100.0,64
0,2200,train,0.4607,84.2105,64
0,2200,train,0.277,87.5,64
0,2210,train,0.4817,87.5,64
0,2210,train,0.2722,100.0,64
0,2220,train,0.4326,87.5,64
0,2220,train,0.2692,87.5,64
0,2230,train,0.6078,75.6579,64
0,2230,train,0.4189,87.5,64
0,2240,train,0.4679,84.2105,64
0,2240,train,0.241,100.0,64
0,2250,train,0.5137,81.5789,64
0,2250,train,0.1564,100.0,64
0,2260,train,0.4181,88.8158,64
0,2260,train,0.5878,75.0,64
0,2270,train,0.4652,84.8684,64
0,2270,train,0.3582,87.5,64
0,2280,train,0.4853,82.8947,64
0,2280,train,0.6567,62.5,64
0,2290,train,0.4262,88.1579,64
0,2290,train,0.3923,62.5,64
0,2300,train,0.493,84.2105,64
0,2300,train,0.3095,87.5,64
0,2310,train,0.439,84.8684,64
0,2310,train,0.9693,62.5,64
0,2320,train,0.4208,84.8684,64
0,2320,train,0.3515,87.5,64
0,2330,train,0.4251,86.1842,64
0,2330,train,0.5277,75.0,64
0,2340,train,0.4592,81.5789,64
0,2340,train,0.3058,87.5,64
0,2350,train,0.4654,82.8947,64
0,2350,train,0.4714,62.5,64
0,2360,train,0.4368,84.2105,64
0,2360,train,0.114,100.0,64
0,2370,train,0.4834,82.2368,64
0,2370,train,0.577,87.5,64
0,2380,train,0.4672,84.2105,64
0,2380,train,0.4489,87.5,64
0,2390,train,0.5226,80.9211,64
0,2390,train,0.393,87.5,64
0,2400,train,0.4401,84.2105,64
0,2400,train,0.0603,100.0,64
0,2410,train,0.4498,85.5263,64
0,2410,train,0.449,87.5,64
0,2420,train,0.513,82.8947,64
0,2420,train,0.3046,87.5,64
0,2430,train,0.4568,84.2105,64
0,2430,train,0.4927,75.0,64
0,2440,train,0.5208,81.5789,64
0,2440,train,0.6424,75.0,64
0,2450,train,0.5054,83.5526,64
0,2450,train,0.3292,87.5,64
0,2460,train,0.405,85.5263,64
0,2460,train,0.3427,87.5,64
0,2470,train,0.3952,87.5,64
0,2470,train,0.1596,100.0,64
0,2480,train,0.4217,85.5263,64
0,2480,train,0.323,87.5,64
0,2490,train,0.4062,85.5263,64
0,2490,train,0.3707,87.5,64
0,2500,train,0.353,84.8684,64
0,2500,train,0.1522,100.0,64
0,2510,train,0.4219,84.2105,64
0,2510,train,0.4741,87.5,64
0,2520,train,0.5034,83.5526,64
0,2520,train,0.3616,87.5,64
0,2530,train,0.3771,87.5,64
0,2530,train,0.335,87.5,64
0,2540,train,0.4506,84.2105,64
0,2540,train,0.1174,100.0,64
0,2550,train,0.3659,88.1579,64
0,2550,train,0.4122,87.5,64
0,2560,train,0.3323,89.4737,64
0,2560,validation,0.3671,87.26,64
0,2560,train,0.3892,75.0,64
0,2560,validation,0.3743,87.32,64
0,2570,train,0.4369,85.5263,64
0,2570,train,0.2686,100.0,64
0,2580,train,0.4787,82.2368,64
0,2580,train,0.5379,62.5,64
0,2590,train,0.4079,85.5263,64
0,2590,train,0.3602,87.5,64
0,2600,train,0.4181,86.1842,64
0,2600,train,0.5834,75.0,64
0,2610,train,0.3798,87.5,64
0,2610,train,0.6143,87.5,64
0,2620,train,0.3865,84.8684,64
0,2620,train,0.3044,87.5,64
0,2630,train,0.4239,87.5,64
0,2630,train,0.2904,100.0,64
0,2640,train,0.3986,88.1579,64
0,2640,train,0.7767,62.5,64
0,2650,train,0.3906,86.1842,64
0,2650,train,0.2954,100.0,64
0,2660,train,0.3983,85.5263,64
0,2660,train,0.283,100.0,64
0,2670,train,0.4289,82.8947,63.875
0,2670,train,0.4256,87.5,64
0,2680,train,0.3903,88.1579,64
0,2680,train,0.2716,87.5,64
0,2690,train,0.396,85.5263,64
0,2690,train,0.7771,75.0,64
0,2700,train,0.3607,90.1316,64
0,2700,train,0.5625,87.5,64
0,2710,train,0.369,86.1842,64
0,2710,train,0.5436,75.0,64
0,2720,train,0.3383,90.7895,64
0,2720,train,0.4711,75.0,64
0,2730,train,0.3507,88.8158,64
0,2730,train,0.2129,87.5,64
0,2740,train,0.2819,90.7895,64
0,2740,train,0.2048,87.5,64
0,2750,train,0.443,86.1842,64
0,2750,train,0.1719,87.5,64
0,2760,train,0.3781,88.1579,64
0,2760,train,0.0705,100.0,64
0,2770,train,0.4274,81.5789,64
0,2770,train,0.3437,87.5,64
0,2780,train,0.4427,84.8684,64
0,2780,train,0.8898,62.5,64
0,2790,train,0.4089,84.2105,64
0,2790,train,0.3968,75.0,64
0,2800,train,0.3765,88.8158,64
0,2800,train,0.4517,100.0,64
0,2810,train,0.4263,88.1579,64
0,2810,train,0.1607,100.0,64
0,2820,train,0.3352,90.7895,64
0,2820,train,0.1487,100.0,64
0,2830,train,0.3237,87.5,64
0,2830,train,0.4594,75.0,64
0,2840,train,0.3648,83.5526,64
0,2840,train,0.1322,100.0,64
0,2850,train,0.2893,91.4474,64
0,2850,train,0.4324,75.0,64
0,2860,train,0.3143,89.4737,64
0,2860,train,0.3711,87.5,64
0,2870,train,0.3595,88.1579,64
0,2870,train,0.5732,75.0,64
0,2880,train,0.3393,88.8158,64
0,2880,train,0.0455,100.0,64
0,2890,train,0.3368,88.8158,64
0,2890,train,0.2607,75.0,64
0,2900,train,0.2973,87.5,64
0,2900,train,0.131,100.0,64
0,2910,train,0.3705,86.8421,64
0,2910,train,0.6041,87.5,64
0,2920,train,0.3419,87.5,64
0,2920,train,0.5032,87.5,64
0,2930,train,0.2953,90.7895,64
0,2930,train,0.1496,87.5,64
0,2940,train,0.3568,86.8421,64
0,2940,train,0.2917,87.5,64
0,2950,train,0.3978,84.2105,64
0,2950,train,0.8423,75.0,64
0,2960,train,0.2762,88.8158,64
0,2960,train,0.4167,87.5,64
0,2970,train,0.4008,85.5263,63.9539
0,2970,train,0.1114,100.0,64
0,2980,train,0.4283,82.8947,64
0,2980,train,0.073,100.0,64
0,2990,train,0.3656,84.8684,64
0,2990,train,0.1721,100.0,64
0,3000,train,0.3023,91.4474,64
0,3000,train,0.1515,100.0,64
0,3010,train,0.4145,88.1579,64
0,3010,train,0.2134,100.0,64
0,3020,train,0.4284,85.5263,64
0,3020,train,0.3321,87.5,64
0,3030,train,0.3556,86.8421,64
0,3030,train,0.4243,100.0,64
0,3040,train,0.2985,90.1316,64
0,3040,train,0.3972,75.0,64
0,3050,train,0.3907,83.5526,64
0,3050,train,0.2406,87.5,64
0,3060,train,0.312,88.1579,64
0,3060,train,1.1015,75.0,64
0,3070,train,0.3941,86.1842,64
0,3070,train,0.7943,75.0,64
0,3072,validation,0.3099,89.26,64
0,3072,validation,0.3136,88.54,64
0,3080,train,0.331,87.5,64
0,3080,train,0.4106,87.5,64
0,3090,train,0.3163,90.1316,64
0,3090,train,0.3905,100.0,64
0,3100,train,0.3737,85.5263,64
0,3100,train,0.3999,75.0,64
0,3110,train,0.3644,90.1316,64
0,3110,train,0.1167,100.0,64
0,3120,train,0.3106,89.4737,64
0,3120,train,0.204,87.5,64
0,3130,train,0.2699,91.4474,64
0,3130,train,0.6844,75.0,64
0,3140,train,0.26,92.1053,64
0,3140,train,0.2846,87.5,64
0,3150,train,0.4163,82.2368,64
0,3150,train,0.2608,87.5,64
0,3160,train,0.3887,85.5263,64
0,3160,train,0.8348,75.0,64
0,3170,train,0.3447,89.4737,64
0,3170,train,0.6523,87.5,64
0,3180,train,0.348,84.2105,64
0,3180,train,0.1612,100.0,64
0,3190,train,0.2467,94.0789,64
0,3190,train,0.1092,100.0,64
0,3200,train,0.2927,87.5,64
0,3200,train,0.9949,62.5,64
0,3210,train,0.3349,88.8158,64
0,3210,train,0.512,87.5,64
0,3220,train,0.3219,88.1579,64
0,3220,train,0.325,87.5,64
0,3230,train,0.419,84.8684,64
0,3230,train,0.3171,87.5,64
0,3240,train,0.2308,91.4474,64
0,3240,train,0.6953,75.0,64
0,3250,train,0.2824,94.7368,64
0,3250,train,0.4368,87.5,59.625
0,3260,train,0.333,88.1579,63.9013
0,3260,train,0.1604,100.0,64
0,3270,train,0.358,90.7895,64
0,3270,train,0.1794,87.5,64
0,3280,train,0.2765,90.1316,63.7895
0,3280,train,0.045,100.0,64
0,3290,train,0.2717,91.4474,64
0,3290,train,0.2668,87.5,64
0,3300,train,0.4032,82.8947,64
0,3300,train,0.2124,87.5,64
0,3310,train,0.3431,88.8158,64
0,3310,train,0.4125,87.5,64
0,3320,train,0.3448,88.1579,64
0,3320,train,0.4304,87.5,64
0,3330,train,0.2446,90.1316,64
0,3330,train,0.1057,100.0,64
0,3340,train,0.3246,89.4737,64
0,3340,train,0.087,100.0,64
0,3350,train,0.3527,89.4737,64
0,3350,train,0.7125,75.0,64
0,3360,train,0.3183,90.1316,64
0,3360,train,0.1751,87.5,64
0,3370,train,0.3541,86.8421,64
0,3370,train,0.2001,100.0,64
0,3380,train,0.3958,86.1842,64
0,3380,train,0.4171,87.5,64
0,3390,train,0.3332,88.8158,64
0,3390,train,0.716,75.0,64
0,3400,train,0.318,87.5,64
0,3400,train,0.1371,100.0,64
0,3410,train,0.3699,86.1842,64
0,3410,train,0.7363,75.0,64
0,3420,train,0.293,92.7632,64
0,3420,train,0.3119,75.0,64
0,3430,train,0.2722,92.7632,64
0,3430,train,0.3313,87.5,64
0,3440,train,0.3348,86.8421,64
0,3440,train,0.1897,100.0,64
0,3450,train,0.3188,88.8158,64
0,3450,train,0.2009,100.0,64
0,3460,train,0.2869,90.1316,64
0,3460,train,0.3555,87.5,64
0,3470,train,0.2779,92.7632,64
0,3470,train,0.1958,87.5,64
0,3480,train,0.3372,88.8158,64
0,3480,train,0.1673,100.0,64
0,3490,train,0.2502,92.7632,64
0,3490,train,0.6195,62.5,64
0,3500,train,0.1937,96.7105,64
0,3500,train,0.2419,100.0,64
0,3510,train,0.2594,92.7632,64
0,3510,train,0.592,75.0,64
0,3520,train,0.2495,92.7632,64
0,3520,train,0.0603,100.0,64
0,3530,train,0.3194,88.8158,64
0,3530,train,0.1615,100.0,64
0,3540,train,0.2412,93.4211,64
0,3540,train,0.1956,100.0,64
0,3550,train,0.259,92.7632,64
0,3550,train,0.2755,87.5,64
0,3560,train,0.3516,82.2368,64
0,3560,train,0.1243,100.0,64
0,3570,train,0.2092,94.7368,64
0,3570,train,0.1748,100.0,64
0,3580,train,0.2832,88.8158,64
0,3580,train,0.2162,100.0,64
0,3584,validation,0.2288,92.38,64
0,3584,validation,0.2178,92.62,64
0,3590,train,0.2193,93.4211,64
0,3590,train,0.0704,100.0,64
0,3600,train,0.2333,90.7895,64
0,3600,train,0.1373,100.0,64
0,3610,train,0.2348,92.7632,64
0,3610,train,0.0483,100.0,64
0,3620,train,0.2926,90.1316,64
0,3620,train,0.4292,87.5,64
0,3630,train,0.2431,92.1053,64
0,3630,train,0.2827,100.0,64
0,3640,train,0.2155,92.7632,64
0,3640,train,0.1395,100.0,64
0,3650,train,0.2304,90.7895,64
0,3650,train,0.2994,75.0,64
0,3660,train,0.2712,91.4474,64
0,3660,train,0.5697,62.5,64
0,3670,train,0.2131,93.4211,64
0,3670,train,0.1949,100.0,64
0,3680,train,0.2881,92.7632,64
0,3680,train,0.0777,100.0,64
0,3690,train,0.2411,93.4211,64
0,3690,train,0.1536,100.0,64
0,3700,train,0.3278,88.8158,64
0,3700,train,0.8822,75.0,64
0,3710,train,0.2177,93.4211,64
0,3710,train,0.0463,100.0,64
0,3720,train,0.242,93.4211,64
0,3720,train,0.2685,100.0,64
0,3730,train,0.2681,92.1053,64
0,3730,train,0.1424,100.0,64
0,3740,train,0.2244,93.4211,64
0,3740,train,0.0682,100.0,64
0,3750,train,0.2293,94.0789,64
0,3750,train,0.1213,100.0,64
0,3760,train,0.2961,90.7895,64
0,3760,train,0.2265,87.5,64
0,3770,train,0.244,92.1053,64
0,3770,train,0.243,100.0,64
0,3780,train,0.2007,93.4211,64
0,3780,train,0.0699,100.0,64
0,3790,train,0.2816,91.4474,64
0,3790,train,0.1119,100.0,64
0,3800,train,0.2229,94.0789,64
0,3800,train,0.2223,87.5,64
0,3810,train,0.2665,90.1316,64
0,3810,train,0.1017,100.0,64
0,3820,train,0.2832,89.4737,64
0,3820,train,0.0675,100.0,64
0,3830,train,0.2451,90.7895,64
0,3830,train,0.0665,100.0,64
0,3840,train,0.2243,91.4474,64
0,3840,train,0.1089,100.0,64
0,3850,train,0.2632,88.8158,64
0,3850,train,0.1302,100.0,64
0,3860,train,0.2575,92.1053,64
0,3860,train,0.4073,87.5,64
0,3870,train,0.2401,92.7632,64
0,3870,train,0.1447,87.5,64
0,3880,train,0.1825,93.4211,64
0,3880,train,0.1268,100.0,64
0,3890,train,0.2535,89.4737,64
0,3890,train,0.1101,100.0,64
0,3900,train,0.263,90.7895,64
0,3900,train,0.1176,100.0,64
0,3910,train,0.2918,89.4737,64
0,3910,train,0.0867,100.0,64
0,3920,train,0.1988,94.0789,64
0,3920,train,0.1641,100.0,64
0,3930,train,0.2342,91.4474,64
0,3930,train,0.3382,87.5,64
0,3940,train,0.149,96.7105,64
0,3940,train,0.3079,87.5,64
0,3950,train,0.2056,94.0789,64
0,3950,train,0.0704,100.0,64
0,3960,train,0.2057,94.7368,64
0,3960,train,0.1463,100.0,64
0,3970,train,0.26,87.5,64
0,3970,train,0.1727,87.5,64
0,3980,train,0.2658,89.4737,64
0,3980,train,0.1334,87.5,64
0,3990,train,0.2354,92.1053,64
0,3990,train,0.1507,100.0,64
0,4000,train,0.2339,88.8158,64
0,4000,train,0.152,100.0,64
0,4010,train,0.2377,88.8158,64
0,4010,train,0.6408,87.5,64
0,4020,train,0.3324,90.1316,64
0,4020,train,0.0698,100.0,64
0,4030,train,0.2833,90.1316,64
0,4030,train,0.0518,100.0,64
0,4040,train,0.2454,92.1053,64
0,4040,train,0.0733,100.0,64
0,4050,train,0.214,93.4211,64
0,4050,train,0.0563,100.0,64
0,4060,train,0.2813,89.4737,64
0,4060,train,0.1072,100.0,64
0,4070,train,0.257,91.4474,64
0,4070,train,0.3025,87.5,64
0,4080,train,0.2249,92.1053,64
0,4080,train,0.1638,100.0,64
0,4090,train,0.2616,90.1316,64
0,4090,train,0.1493,100.0,64
0,4096,validation,0.1938,93.58,64
0,4096,validation,0.2005,93.28,64
0,4100,train,0.1797,94.7368,64
0,4100,train,0.4276,87.5,64
0,4110,train,0.2514,91.4474,64
0,4110,train,0.0444,100.0,64
0,4120,train,0.1764,94.0789,64
0,4120,train,0.0816,100.0,64
0,4130,train,0.2669,89.4737,64
0,4130,train,0.1973,87.5,64
0,4140,train,0.2172,92.1053,64
0,4140,train,0.1902,100.0,64
0,4150,train,0.2097,95.3947,64
0,4150,train,0.6145,87.5,64
0,4160,train,0.2782,89.4737,64
0,4160,train,0.184,87.5,64
0,4170,train,0.1698,96.7105,64
0,4170,train,0.0768,100.0,64
0,4180,train,0.2352,94.0789,64
0,4180,train,0.2798,87.5,64
0,4190,train,0.2234,92.7632,64
0,4190,train,0.2119,100.0,64
0,4200,train,0.2378,92.1053,64
0,4200,train,0.4724,75.0,64
0,4210,train,0.2676,92.1053,64
0,4210,train,0.4386,75.0,64
0,4220,train,0.1988,95.3947,64
0,4220,train,0.3357,87.5,64
0,4230,train,0.1826,93.4211,64
0,4230,train,0.4766,87.5,64
0,4240,train,0.2081,94.0789,64
0,4240,train,0.015,100.0,64
0,4250,train,0.3166,88.1579,64
0,4250,train,0.065,100.0,64
0,4260,train,0.247,90.1316,64
0,4260,train,0.331,87.5,64
0,4270,train,0.1646,96.7105,64
0,4270,train,0.342,87.5,64
0,4280,train,0.2919,88.1579,64
0,4280,train,0.0424,100.0,64
0,4290,train,0.1653,93.4211,64
0,4290,train,0.1886,87.5,64
0,4300,train,0.1843,94.0789,64
0,4300,train,0.1786,87.5,64
0,4310,train,0.2113,92.1053,64
0,4310,train,0.2282,87.5,64
0,4320,train,0.2217,92.7632,64
0,4320,train,0.155,87.5,64
0,4330,train,0.2156,93.4211,64
0,4330,train,0.2565,87.5,64
0,4340,train,0.2253,92.7632,64
0,4340,train,0.0241,100.0,64
0,4350,train,0.2419,92.7632,64
0,4350,train,0.1785,100.0,64
0,4360,train,0.2202,92.1053,64
0,4360,train,0.2073,87.5,64
0,4370,train,0.1681,96.7105,64
0,4370,train,0.196,87.5,64
0,4380,train,0.1948,94.7368,64
0,4380,train,0.0783,100.0,64
0,4390,train,0.1781,94.0789,64
0,4390,train,0.1175,100.0,64
0,4400,train,0.231,90.1316,64
0,4400,train,0.2841,87.5,64
0,4410,train,0.1781,94.0789,64
0,4410,train,0.0869,100.0,64
0,4420,train,0.1893,93.4211,64
0,4420,train,0.6012,75.0,64
0,4430,train,0.3318,87.5,64
0,4430,train,0.1489,100.0,64
0,4440,train,0.1949,93.4211,64
0,4440,train,0.373,75.0,64
0,4450,train,0.2392,90.7895,64
0,4450,train,0.032,100.0,64
0,4460,train,0.2338,94.7368,64
0,4460,train,0.0755,100.0,64
0,4470,train,0.1656,95.3947,63.8618
0,4470,train,0.3795,87.5,64
0,4480,train,0.1682,93.4211,64
0,4480,train,0.3651,87.5,64
0,4490,train,0.2392,90.7895,64
0,4490,train,0.3995,87.5,64
0,4500,train,0.2091,92.7632,64
0,4500,train,0.1378,100.0,64
0,4510,train,0.224,90.1316,64
0,4510,train,0.3579,87.5,64
0,4520,train,0.1677,95.3947,64
0,4520,train,0.0243,100.0,64
0,4530,train,0.1973,94.7368,64
0,4530,train,0.334,87.5,64
0,4540,train,0.241,90.7895,64
0,4540,train,0.2772,87.5,64
0,4550,train,0.272,89.4737,64
0,4550,train,0.1034,100.0,64
0,4560,train,0.1864,94.0789,64
0,4560,train,0.2418,87.5,64
0,4570,train,0.2605,94.0789,64
0,4570,train,0.0921,100.0,64
0,4580,train,0.1932,92.1053,64
0,4580,train,0.2031,100.0,64
0,4590,train,0.5819,78.9474,64
0,4590,train,0.2212,100.0,64
0,4600,train,0.9406,64.4737,64
0,4600,train,0.3269,87.5,64
0,4608,validation,0.6662,74.56,63.9944
0,4608,validation,0.6769,74.2,63.9946
0,4610,train,0.7722,72.3684,64
0,4610,train,1.0828,62.5,64
0,4620,train,0.7439,77.6316,64
0,4620,train,0.5334,75.0,64
0,4630,train,0.6106,78.9474,64
0,4630,train,0.3174,87.5,64
0,4640,train,0.6088,76.9737,64
0,4640,train,0.5357,75.0,64
0,4650,train,0.4631,83.5526,64
0,4650,train,0.2078,100.0,64
0,4660,train,0.3863,88.1579,64
0,4660,train,0.2173,87.5,64
0,4670,train,0.3427,88.8158,64
0,4670,train,0.596,75.0,64
0,4680,train,0.4019,85.5263,64
0,4680,train,0.4692,87.5,64
0,4690,train,0.3391,88.1579,64
0,4690,train,0.3311,87.5,64
0,4700,train,0.2718,92.1053,64
0,4700,train,0.2177,100.0,64
0,4710,train,0.2995,88.8158,64
0,4710,train,0.2722,87.5,64
0,4720,train,0.3561,94.7368,64
0,4720,train,0.4137,87.5,64
0,4730,train,0.4024,89.4737,64
0,4730,train,0.3327,75.0,64
0,4740,train,0.4045,87.5,64
0,4740,train,0.3352,87.5,64
0,4750,train,0.2528,94.7368,64
0,4750,train,0.1531,100.0,64
0,4760,train,0.2603,92.1053,64
0,4760,train,0.1369,100.0,64
0,4770,train,0.2775,91.4474,64
0,4770,train,0.6164,87.5,64
0,4780,train,0.3216,86.8421,64
0,4780,train,0.1433,87.5,64
0,4790,train,0.2891,92.7632,64
0,4790,train,0.1926,100.0,64
0,4800,train,0.2601,88.8158,64
0,4800,train,0.436,87.5,64
0,4810,train,0.2342,92.1053,64
0,4810,train,0.155,87.5,64
0,4820,train,0.163,94.7368,64
0,4820,train,0.3308,87.5,64
0,4830,train,0.2088,94.7368,64
0,4830,train,0.1461,100.0,64
0,4840,train,0.1911,94.7368,64
0,4840,train,0.2256,87.5,64
0,4850,train,0.2021,92.1053,64
0,4850,train,0.1469,100.0,64
0,4860,train,0.2034,91.4474,64
0,4860,train,0.1374,100.0,64
0,4870,train,0.1812,95.3947,64
0,4870,train,0.347,87.5,64
0,4880,train,0.2419,91.4474,64
0,4880,train,0.0698,100.0,64
0,4890,train,0.1743,93.4211,64
0,4890,train,0.0411,100.0,64
0,4900,train,0.1858,94.7368,64
0,4900,train,0.2648,87.5,64
0,4910,train,0.2536,91.4474,64
0,4910,train,0.142,100.0,64
0,4920,train,0.2656,91.4474,64
0,4920,train,0.3205,87.5,64
0,4930,train,0.1263,96.0526,64
0,4930,train,0.1446,100.0,64
0,4940,train,0.241,92.7632,64
0,4940,train,0.4765,75.0,64
0,4950,train,0.1646,97.3684,64
0,4950,train,0.0121,100.0,64
0,4960,train,0.188,93.4211,64
0,4960,train,0.0845,100.0,64
0,4970,train,0.3974,84.8684,64
0,4970,train,0.3082,87.5,64
0,4980,train,0.5605,80.2632,64
0,4980,train,0.6454,75.0,64
0,4990,train,0.4749,82.2368,64
0,4990,train,0.3573,100.0,64
0,5000,train,0.3761,88.1579,64
0,5000,train,0.6083,87.5,64
0,5010,train,0.2881,89.4737,64
0,5010,train,0.6941,62.5,64
0,5020,train,0.2854,89.4737,64
0,5020,train,0.152,100.0,64
0,5030,train,0.2886,88.1579,64
0,5030,train,0.4606,87.5,64
0,5040,train,0.2724,90.1316,64
0,5040,train,0.2748,75.0,64
0,5050,train,0.2946,90.1316,64
0,5050,train,0.4226,75.0,64
0,5060,train,0.2224,93.4211,64
0,5060,train,0.0824,100.0,64
0,5070,train,0.2112,93.4211,64
0,5070,train,0.0972,100.0,64
0,5080,train,0.2188,95.3947,64
0,5080,train,0.4281,87.5,64
0,5090,train,0.2845,88.8158,64
0,5090,train,0.3976,87.5,64
0,5100,train,0.2811,90.7895,64
0,5100,train,0.2614,87.5,64
0,5110,train,0.2989,88.1579,64
0,5110,train,0.0595,100.0,64
0,5120,train,0.3347,86.8421,64
0,5120,validation,0.2074,93.0,64
0,5120,train,0.208,87.5,64
0,5120,validation,0.2049,93.0,64
0,5130,train,0.2855,90.1316,64
0,5130,train,0.1287,100.0,64
0,5140,train,0.196,93.4211,64
0,5140,train,0.3339,87.5,64
0,5150,train,0.2787,90.1316,64
0,5150,train,0.687,62.5,64
0,5160,train,0.3606,88.1579,64
0,5160,train,0.161,100.0,64
0,5170,train,0.3749,87.5,64
0,5170,train,0.1656,100.0,64
0,5180,train,0.213,95.3947,64
0,5180,train,0.364,87.5,64
0,5190,train,0.3226,89.4737,64
0,5190,train,0.184,87.5,64
0,5200,train,0.2318,92.7632,64
0,5200,train,0.2461,87.5,64
0,5210,train,0.1354,97.3684,64
0,5210,train,0.2992,75.0,64
0,5220,train,0.1812,95.3947,64
0,5220,train,0.0374,100.0,64
0,5230,train,0.21,94.0789,64
0,5230,train,0.1999,100.0,64
0,5240,train,0.169,94.7368,64
0,5240,train,0.2984,100.0,64
0,5250,train,0.2189,91.4474,64
0,5250,train,0.6132,75.0,64
0,5260,train,0.2103,91.4474,64
0,5260,train,0.257,100.0,64
0,5270,train,0.1945,95.3947,64
0,5270,train,0.1182,100.0,64
0,5280,train,0.1466,95.3947,64
0,5280,train,0.2425,100.0,64
0,5290,train,0.2075,92.1053,64
0,5290,train,0.1239,100.0,64
0,5300,train,0.2329,91.4474,64
0,5300,train,0.0772,100.0,64
0,5310,train,0.1075,98.0263,64
0,5310,train,0.1481,100.0,64
0,5320,train,0.2148,91.4474,64
0,5320,train,0.3095,87.5,64
0,5330,train,0.1421,96.0526,64
0,5330,train,0.421,87.5,64
0,5340,train,0.2334,90.7895,64
0,5340,train,0.1068,100.0,64
0,5350,train,0.2348,90.7895,64
0,5350,train,0.0668,100.0,64
0,5360,train,0.1529,97.3684,64
0,5360,train,0.2495,87.5,64
0,5370,train,0.1668,94.0789,64
0,5370,train,0.4362,87.5,64
0,5380,train,0.2491,90.1316,64
0,5380,train,0.0912,100.0,64
0,5390,train,0.1774,95.3947,64
0,5390,train,0.1485,87.5,64
0,5400,train,0.2398,89.4737,64
0,5400,train,0.2187,87.5,64
0,5410,train,0.2102,92.7632,64
0,5410,train,0.0376,100.0,64
0,5420,train,0.1738,95.3947,64
0,5420,train,0.0674,100.0,64
0,5430,train,0.2551,91.4474,64
0,5430,train,0.128,100.0,64
0,5440,train,0.2349,91.4474,64
0,5440,train,0.0616,100.0,64
0,5450,train,0.1849,94.0789,64
0,5450,train,0.071,100.0,64
0,5460,train,0.1764,94.7368,64
0,5460,train,0.2053,100.0,64
0,5470,train,0.1947,92.7632,64
0,5470,train,0.033,100.0,64
0,5480,train,0.1927,93.4211,64
0,5480,train,0.4555,75.0,64
0,5490,train,0.1112,98.0263,64
0,5490,train,0.0162,100.0,64
0,5500,train,0.1584,95.3947,64
0,5500,train,0.0344,100.0,64
0,5510,train,0.2189,92.1053,64
0,5510,train,0.1718,100.0,64
0,5520,train,0.2871,88.8158,64
0,5520,train,0.1096,100.0,64
0,5530,train,0.1887,93.4211,64
0,5530,train,0.3612,87.5,64
0,5540,train,0.2662,91.4474,64
0,5540,train,0.1512,100.0,64
0,5550,train,0.1496,96.0526,64
0,5550,train,0.4071,87.5,64
0,5560,train,0.2368,92.7632,64
0,5560,train,0.3505,75.0,64
0,5570,train,0.1798,93.4211,64
0,5570,train,0.0735,100.0,64
0,5580,train,0.1161,98.0263,64
0,5580,train,0.0512,100.0,64
0,5590,train,0.1743,94.0789,64
0,5590,train,0.2466,87.5,64
0,5600,train,0.1229,96.7105,64
0,5600,train,0.2406,87.5,64
0,5610,train,0.1728,94.0789,64
0,5610,train,0.2888,87.5,64
0,5620,train,0.1725,97.3684,64
0,5620,train,0.7386,75.0,64
0,5630,train,0.1736,94.7368,64
0,5630,train,0.0767,100.0,64
0,5632,validation,0.1351,95.84,64
0,5632,validation,0.145,95.22,64
0,5640,train,0.1459,95.3947,64
0,5640,train,0.2005,100.0,64
0,5650,train,0.1621,95.3947,64
0,5650,train,0.1435,100.0,64
0,5660,train,0.1491,95.3947,64
0,5660,train,0.1812,100.0,64
0,5670,train,0.2123,92.1053,64
0,5670,train,0.0791,100.0,64
0,5680,train,0.1717,91.4474,64
0,5680,train,0.0891,100.0,64
0,5690,train,0.181,95.3947,64
0,5690,train,0.1013,100.0,64
0,5700,train,0.189,92.1053,64
0,5700,train,0.1026,100.0,64
0,5710,train,0.1586,93.4211,64
0,5710,train,0.1727,87.5,64
0,5720,train,0.1521,96.7105,64
0,5720,train,0.134,87.5,64
0,5730,train,0.2091,93.4211,64
0,5730,train,0.0889,100.0,64
0,5740,train,0.1578,94.0789,64
0,5740,train,0.0906,100.0,64
0,5750,train,0.132,97.3684,64
0,5750,train,0.091,100.0,64
0,5760,train,0.2087,94.0789,64
0,5760,train,0.2503,75.0,64
0,5770,train,0.1402,95.3947,64
0,5770,train,0.5518,87.5,64
0,5780,train,0.159,96.0526,64
0,5780,train,0.26,87.5,64
0,5790,train,0.1667,94.7368,64
0,5790,train,0.1851,87.5,64
0,5800,train,0.1566,96.0526,64
0,5800,train,0.0655,100.0,64
0,5810,train,0.1468,94.7368,64
0,5810,train,0.1292,100.0,64
0,5820,train,0.1099,96.7105,64
0,5820,train,0.3057,87.5,64
0,5830,train,0.1732,93.4211,64
0,5830,train,0.0225,100.0,64
0,5840,train,0.1862,94.7368,64
0,5840,train,0.1469,100.0,64
0,5850,train,0.1562,97.3684,64
0,5850,train,0.4473,75.0,64
0,5860,train,0.1643,95.3947,64
0,5860,train,0.1722,87.5,64
0,5870,train,0.1692,94.0789,64
0,5870,train,0.3705,75.0,64
0,5880,train,0.2161,92.7632,64
0,5880,train,0.6573,75.0,64
0,5890,train,0.1362,96.0526,64
0,5890,train,0.3923,87.5,64
0,5900,train,0.1332,95.3947,64
0,5900,train,0.0703,100.0,64
0,5910,train,0.1281,96.7105,64
0,5910,train,0.1309,100.0,64
0,5920,train,0.1513,94.7368,64
0,5920,train,0.1903,87.5,64
0,5930,train,0.1856,93.4211,64
0,5930,train,0.1097,100.0,64
0,5940,train,0.1276,95.3947,64
0,5940,train,0.4089,87.5,64
0,5950,train,0.1681,93.4211,64
0,5950,train,0.0384,100.0,64
0,5960,train,0.1623,94.0789,64
0,5960,train,0.5461,75.0,64
0,5970,train,0.1369,96.7105,64
0,5970,train,0.0352,100.0,64
0,5980,train,0.1724,93.4211,64
0,5980,train,0.1125,100.0,64
0,5990,train,0.1069,98.0263,64
0,5990,train,0.0902,100.0,64
0,6000,train,0.1334,97.3684,64
0,6000,train,0.2978,87.5,64
0,6010,train,0.1285,96.7105,64
0,6010,train,0.0807,100.0,64
0,6020,train,0.1755,94.7368,64
0,6020,train,0.0462,100.0,64
0,6030,train,0.1443,96.0526,64
0,6030,train,0.0567,100.0,64
0,6040,train,0.1202,96.7105,64
0,6040,train,0.24,100.0,64
0,6050,train,0.1682,95.3947,64
0,6050,train,0.1594,100.0,64
0,6060,train,0.1287,96.0526,64
0,6060,train,0.389,87.5,64
0,6070,train,0.2131,92.1053,64
0,6070,train,0.013,100.0,64
0,6080,train,0.1281,94.0789,64
0,6080,train,0.0686,100.0,64
0,6090,train,0.1533,97.3684,64
0,6090,train,0.13,100.0,64
0,6100,train,0.0705,98.0263,64
0,6100,train,0.0348,100.0,64
0,6110,train,0.1873,94.7368,64
0,6110,train,0.1036,100.0,64
0,6120,train,0.1124,97.3684,64
0,6120,train,0.1289,100.0,64
0,6130,train,0.1675,95.3947,64
0,6130,train,0.1555,100.0,64
0,6140,train,0.1875,96.7105,64
0,6140,train,0.1394,100.0,64
0,6144,validation,0.1256,95.94,64
0,6144,validation,0.1178,96.3,64
0,6150,train,0.1006,98.6842,64
0,6150,train,0.4869,87.5,64
0,6160,train,0.1928,94.0789,64
0,6160,train,0.0693,100.0,64
0,6170,train,0.1456,95.3947,64
0,6170,train,0.0812,100.0,64
0,6180,train,0.1039,96.0526,64
0,6180,train,0.0847,100.0,64
0,6190,train,0.1364,95.3947,64
0,6190,train,0.3599,87.5,64
0,6200,train,0.1233,96.7105,64
0,6200,train,0.2231,100.0,64
0,6210,train,0.1605,95.3947,64
0,6210,train,0.0567,100.0,64
0,6220,train,0.1335,98.0263,64
0,6220,train,0.1166,100.0,64
0,6230,train,0.1693,94.7368,64
0,6230,train,0.0492,100.0,64
0,6240,train,0.1148,96.0526,64
0,6240,train,0.2536,87.5,64
0,6250,train,0.1583,94.0789,64
0,6250,train,0.0134,100.0,64
0,6260,train,0.1297,96.0526,64
0,6260,train,0.0431,100.0,64
0,6270,train,0.1076,97.3684,64
0,6270,train,0.1004,100.0,64
0,6280,train,0.145,95.3947,64
0,6280,train,0.0932,100.0,64
0,6290,train,0.1893,93.4211,64
0,6290,train,0.0706,100.0,64
0,6300,train,0.1815,94.0789,64
0,6300,train,0.0463,100.0,64
0,6310,train,0.1419,96.0526,64
0,6310,train,0.0542,100.0,64
0,6320,train,0.2109,94.7368,64
0,6320,train,0.8244,75.0,64
0,6330,train,0.1872,92.7632,64
0,6330,train,0.1098,100.0,64
0,6340,train,0.2072,92.1053,64
0,6340,train,0.0158,100.0,64
0,6350,train,0.1276,97.3684,64
0,6350,train,0.1487,100.0,64
0,6360,train,0.1621,94.7368,64
0,6360,train,0.0659,100.0,64
0,6370,train,0.1447,94.7368,64
0,6370,train,0.0407,100.0,64
0,6380,train,0.1379,96.0526,64
0,6380,train,0.2535,87.5,64
0,6390,train,0.1215,96.7105,64
0,6390,train,0.1778,87.5,64
0,6400,train,0.2393,92.1053,64
0,6400,train,0.0422,100.0,64
0,6410,train,0.1168,97.3684,64
0,6410,train,0.1061,100.0,64
0,6420,train,0.1931,94.0789,64
0,6420,train,0.016,100.0,64
0,6430,train,0.1551,95.3947,64
0,6430,train,0.1758,87.5,64
0,6440,train,0.1132,98.0263,64
0,6440,train,0.1374,87.5,64
0,6450,train,0.1604,95.3947,64
0,6450,train,0.1365,100.0,64
1,6460,train,0.1235,96.7105,64
1,6460,train,0.0735,100.0,64
1,6470,train,0.1489,96.0526,64
1,6470,train,0.4611,87.5,64
1,6480,train,0.1452,94.0789,64
1,6480,train,0.3281,87.5,64
1,6490,train,0.1609,95.3947,64
1,6490,train,0.0641,100.0,64
1,6500,train,0.1214,96.7105,64
1,6500,train,0.0429,100.0,64
1,6510,train,0.1351,95.3947,64
1,6510,train,0.6963,75.0,64
1,6520,train,0.1256,96.7105,64
1,6520,train,0.5481,75.0,64
1,6530,train,0.1425,96.0526,64
1,6530,train,0.0952,100.0,64
1,6540,train,0.1284,97.3684,64
1,6540,train,0.0895,100.0,64
1,6550,train,0.1071,96.7105,64
1,6550,train,0.0678,100.0,64
1,6560,train,0.1788,93.4211,64
1,6560,train,0.1164,100.0,64
1,6570,train,0.1277,95.3947,64
1,6570,train,0.2064,87.5,64
1,6580,train,0.1373,96.0526,64
1,6580,train,0.1368,100.0,64
1,6590,train,0.1796,96.0526,64
1,6590,train,0.0873,100.0,64
1,6600,train,0.1343,95.3947,64
1,6600,train,0.2239,87.5,64
1,6610,train,0.0938,98.0263,64
1,6610,train,0.1309,100.0,64
1,6620,train,0.1207,96.7105,64
1,6620,train,0.075,100.0,64
1,6630,train,0.1496,95.3947,64
1,6630,train,0.0602,100.0,64
1,6640,train,0.1049,96.7105,64
1,6640,train,0.0625,100.0,64
1,6650,train,0.0982,97.3684,64
1,6650,train,0.0414,100.0,64
1,6656,validation,0.1108,96.34,64
1,6656,validation,0.1052,96.48,64
1,6660,train,0.1021,96.7105,64
1,6660,train,0.044,100.0,64
1,6670,train,0.1551,95.3947,64
1,6670,train,0.5184,87.5,64
1,6680,train,0.1508,94.0789,64
1,6680,train,0.0704,100.0,64
1,6690,train,0.1393,93.4211,64
1,6690,train,0.2944,87.5,64
1,6700,train,0.1194,94.7368,64
1,6700,train,0.1877,87.5,64
1,6710,train,0.1439,95.3947,64
1,6710,train,0.1011,100.0,64
1,6720,train,0.176,95.3947,64
1,6720,train,0.0853,100.0,64
1,6730,train,0.2011,93.4211,64
1,6730,train,0.0093,100.0,64
1,6740,train,0.1948,90.1316,64
1,6740,train,0.0307,100.0,64
1,6750,train,0.1453,94.7368,64
1,6750,train,0.2636,87.5,64
1,6760,train,0.189,94.0789,64
1,6760,train,0.0339,100.0,64
1,6770,train,0.1385,96.0526,64
1,6770,train,0.1144,100.0,64
1,6780,train,0.1719,95.3947,64
1,6780,train,0.0251,100.0,64
1,6790,train,0.2222,92.7632,64
1,6790,train,0.0472,100.0,64
1,6800,train,0.1138,96.7105,64
1,6800,train,0.0423,100.0,64
1,6810,train,0.1814,94.7368,64
1,6810,train,0.0992,100.0,64
1,6820,train,0.1138,96.0526,64
1,6820,train,0.1316,100.0,64
1,6830,train,0.1611,94.0789,64
1,6830,train,0.0738,100.0,64
1,6840,train,0.1607,93.4211,64
1,6840,train,0.0812,100.0,64
1,6850,train,0.1902,91.4474,64
1,6850,train,0.0633,100.0,64
1,6860,train,0.1418,95.3947,64
1,6860,train,0.0807,100.0,64
1,6870,train,0.099,98.6842,64
1,6870,train,0.0421,100.0,64
1,6880,train,0.1626,94.7368,64
1,6880,train,0.0617,100.0,64
1,6890,train,0.1259,96.0526,64
1,6890,train,0.2888,87.5,64
1,6900,train,0.1695,94.7368,64
1,6900,train,0.044,100.0,64
1,6910,train,0.1513,94.0789,64
1,6910,train,0.033,100.0,64
1,6920,train,0.1958,94.0789,64
1,6920,train,0.014,100.0,64
1,6930,train,0.1135,95.3947,64
1,6930,train,0.0404,100.0,64
1,6940,train,0.1202,97.3684,64
1,6940,train,0.2363,87.5,64
1,6950,train,0.162,94.7368,64
1,6950,train,0.0193,100.0,64
1,6960,train,0.2002,92.7632,64
1,6960,train,0.38,87.5,64
1,6970,train,0.1216,96.0526,64
1,6970,train,0.0647,100.0,64
1,6980,train,0.1362,95.3947,64
1,6980,train,0.0528,100.0,64
1,6990,train,0.1019,97.3684,64
1,6990,train,0.0202,100.0,64
1,7000,train,0.1723,94.0789,64
1,7000,train,0.0995,100.0,64
1,7010,train,0.1314,94.7368,64
1,7010,train,0.1729,100.0,64
1,7020,train,0.1278,95.3947,64
1,7020,train,0.009,100.0,64
1,7030,train,0.1197,98.0263,64
1,7030,train,0.0192,100.0,64
1,7040,train,0.1355,96.7105,64
1,7040,train,0.2453,87.5,64
1,7050,train,0.1435,95.3947,64
1,7050,train,0.7395,87.5,64
1,7060,train,0.1089,96.7105,64
1,7060,train,0.3349,87.5,64
1,7070,train,0.1245,94.7368,64
1,7070,train,0.0551,100.0,64
1,7080,train,0.1023,96.0526,64
1,7080,train,0.0236,100.0,64
1,7090,train,0.1321,97.3684,64
1,7090,train,0.0691,100.0,64
1,7100,train,0.0837,97.3684,64
1,7100,train,0.0483,100.0,64
1,7110,train,0.1347,95.3947,64
1,7110,train,0.0971,100.0,64
1,7120,train,0.0983,96.0526,64
1,7120,train,0.2786,87.5,64
1,7130,train,0.0749,98.0263,64
1,7130,train,0.1027,100.0,64
1,7140,train,0.1374,93.4211,64
1,7140,train,0.0462,100.0,64
1,7150,train,0.0933,96.7105,64
1,7150,train,0.0723,100.0,64
1,7160,train,0.1231,95.3947,64
1,7160,train,0.0701,100.0,64
1,7168,validation,0.1115,96.64,64
1,7168,validation,0.1048,96.56,64
1,7170,train,0.0976,96.7105,64
1,7170,train,0.0361,100.0,64
1,7180,train,0.0837,98.6842,64
1,7180,train,0.2,87.5,64
1,7190,train,0.0756,98.0263,64
1,7190,train,0.0824,100.0,64
1,7200,train,0.098,98.6842,64
1,7200,train,0.0746,100.0,64
1,7210,train,0.155,95.3947,64
1,7210,train,0.1369,100.0,64
1,7220,train,0.108,96.7105,64
1,7220,train,0.0404,100.0,64
1,7230,train,0.1451,94.7368,64
1,7230,train,0.1945,87.5,64
1,7240,train,0.1079,95.3947,64
1,7240,train,0.0486,100.0,64
1,7250,train,0.0911,96.7105,64
1,7250,train,0.0772,100.0,64
1,7260,train,0.1136,96.7105,64
1,7260,train,0.0603,100.0,64
1,7270,train,0.1173,97.3684,64
1,7270,train,0.4601,87.5,64
1,7280,train,0.0867,98.0263,64
1,7280,train,0.0446,100.0,64
1,7290,train,0.1495,94.7368,64
1,7290,train,0.0992,100.0,64
1,7300,train,0.1161,98.6842,64
1,7300,train,0.5619,87.5,64
1,7310,train,0.1382,96.0526,64
1,7310,train,0.4669,87.5,64
1,7320,train,0.1528,95.3947,64
1,7320,train,0.301,87.5,64
1,7330,train,0.1486,96.0526,64
1,7330,train,0.0569,100.0,64
1,7340,train,0.1364,96.7105,64
1,7340,train,0.0223,100.0,64
1,7350,train,0.1188,94.7368,64
1,7350,train,0.293,87.5,64
1,7360,train,0.1419,95.3947,64
1,7360,train,0.2512,87.5,64
1,7370,train,0.1876,93.4211,64
1,7370,train,0.0747,100.0,64
1,7380,train,0.164,94.7368,64
1,7380,train,0.1702,87.5,64
1,7390,train,0.0862,97.3684,64
1,7390,train,0.1202,100.0,64
1,7400,train,0.0998,98.6842,64
1,7400,train,0.0791,100.0,64
1,7410,train,0.1098,95.3947,64
1,7410,train,0.2085,87.5,64
1,7420,train,0.1595,96.0526,64
1,7420,train,0.2933,87.5,64
1,7430,train,0.1621,94.7368,64
1,7430,train,0.0699,100.0,64
1,7440,train,0.1318,94.7368,64
1,7440,train,0.0264,100.0,64
1,7450,train,0.0943,98.0263,64
1,7450,train,0.0733,100.0,64
1,7460,train,0.1209,96.0526,64
1,7460,train,0.3497,87.5,64
1,7470,train,0.117,96.0526,64
1,7470,train,0.0771,100.0,64
1,7480,train,0.0891,97.3684,64
1,7480,train,0.0544,100.0,64
1,7490,train,0.2009,92.7632,64
1,7490,train,0.6217,87.5,64
1,7500,train,0.1016,96.7105,64
1,7500,train,0.1106,100.0,64
1,7510,train,0.108,97.3684,64
1,7510,train,0.0388,100.0,64
1,7520,train,0.1424,97.3684,64
1,7520,train,0.0492,100.0,64
1,7530,train,0.1585,93.4211,64
1,7530,train,0.101,100.0,64
1,7540,train,0.0929,98.6842,64
1,7540,train,0.2944,87.5,64
1,7550,train,0.0886,98.0263,64
1,7550,train,0.0633,100.0,64
1,7560,train,0.0809,98.0263,64
1,7560,train,0.2943,87.5,64
1,7570,train,0.08,98.6842,64
1,7570,train,0.1708,87.5,64
1,7580,train,0.0721,99.3421,64
1,7580,train,0.234,87.5,64
1,7590,train,0.096,95.3947,64
1,7590,train,0.0327,100.0,64
1,7600,train,0.2702,92.1053,64
1,7600,train,0.554,62.5,64
1,7610,train,0.554,80.2632,64
1,7610,train,1.1632,75.0,64
1,7620,train,0.5456,82.2368,64
1,7620,train,0.5316,87.5,64
1,7630,train,0.5035,82.2368,64
1,7630,train,0.4957,87.5,64
1,7640,train,0.2953,90.7895,64
1,7640,train,0.1547,100.0,64
1,7650,train,0.2874,92.1053,64
1,7650,train,0.1372,100.0,64
1,7660,train,0.2539,90.1316,64
1,7660,train,0.7663,75.0,64
1,7670,train,0.2328,91.4474,64
1,7670,train,0.0465,100.0,64
1,7680,train,0.2539,92.7632,64
1,7680,validation,0.2401,92.44,64
1,7680,train,0.0293,100.0,64
1,7680,validation,0.2507,92.0,64
1,7690,train,0.2495,90.1316,64
1,7690,train,0.2351,100.0,64
1,7700,train,0.2439,93.4211,64
1,7700,train,0.3209,87.5,64
1,7710,train,0.2387,92.7632,64
1,7710,train,0.0695,100.0,64
1,7720,train,0.2177,92.7632,64
1,7720,train,0.1546,87.5,64
1,7730,train,0.1871,94.7368,64
1,7730,train,0.5887,75.0,64
1,7740,train,0.1419,95.3947,64
1,7740,train,0.2247,87.5,64
1,7750,train,0.21,94.7368,64
1,7750,train,0.248,87.5,64
1,7760,train,0.2139,91.4474,64
1,7760,train,0.018,100.0,64
1,7770,train,0.132,97.3684,64
1,7770,train,0.081,100.0,64
1,7780,train,0.1614,94.0789,64
1,7780,train,0.0639,100.0,64
1,7790,train,0.2156,93.4211,64
1,7790,train,0.3204,87.5,64
1,7800,train,0.158,94.7368,64
1,7800,train,0.1972,100.0,64
1,7810,train,0.1313,97.3684,64
1,7810,train,0.1335,100.0,64
1,7820,train,0.1596,95.3947,64
1,7820,train,0.1533,100.0,64
1,7830,train,0.1414,96.7105,64
1,7830,train,0.2315,87.5,64
1,7840,train,0.177,94.7368,64
1,7840,train,0.3112,87.5,64
1,7850,train,0.1911,94.0789,64
1,7850,train,0.3084,87.5,64
1,7860,train,0.1414,96.0526,64
1,7860,train,0.2625,87.5,64
1,7870,train,0.1145,97.3684,64
1,7870,train,0.3054,87.5,64
1,7880,train,0.1102,96.0526,64
1,7880,train,0.3181,87.5,64
1,7890,train,0.1088,97.3684,64
1,7890,train,0.0494,100.0,64
1,7900,train,0.1576,95.3947,64
1,7900,train,0.2367,87.5,64
1,7910,train,0.1391,96.0526,64
1,7910,train,0.2104,87.5,64
1,7920,train,0.1509,95.3947,64
1,7920,train,0.0138,100.0,64
1,7930,train,0.1057,97.3684,64
1,7930,train,0.0206,100.0,64
1,7940,train,0.1038,97.3684,64
1,7940,train,0.0685,100.0,64
1,7950,train,0.1124,96.7105,64
1,7950,train,0.1995,87.5,64
1,7960,train,0.1308,94.7368,64
1,7960,train,0.0654,100.0,64
1,7970,train,0.1196,96.7105,64
1,7970,train,0.1972,87.5,64
1,7980,train,0.1438,94.7368,64
1,7980,train,0.129,100.0,64
1,7990,train,0.0761,98.0263,64
1,7990,train,0.0464,100.0,64
1,8000,train,0.1197,96.0526,64
1,8000,train,0.0281,100.0,64
1,8010,train,0.1444,96.0526,64
1,8010,train,0.0778,100.0,64
1,8020,train,0.0888,98.6842,64
1,8020,train,0.1735,87.5,64
1,8030,train,0.1389,95.3947,64
1,8030,train,0.0267,100.0,64
1,8040,train,0.1561,94.0789,64
1,8040,train,0.0323,100.0,64
1,8050,train,0.218,92.1053,64
1,8050,train,0.0042,100.0,64
1,8060,train,0.2065,92.1053,64
1,8060,train,0.1709,100.0,64
1,8070,train,0.2606,88.8158,64
1,8070,train,0.0279,100.0,64
1,8080,train,0.1444,96.0526,64
1,8080,train,0.0404,100.0,64
1,8090,train,0.1377,94.7368,64
1,8090,train,0.2408,87.5,64
1,8100,train,0.1486,94.7368,64
1,8100,train,0.2656,87.5,64
1,8110,train,0.1065,97.3684,64
1,8110,train,0.0478,100.0,64
1,8120,train,0.173,94.0789,64
1,8120,train,0.2078,100.0,64
1,8130,train,0.1208,96.0526,64
1,8130,train,0.065,100.0,64
1,8140,train,0.0821,98.6842,64
1,8140,train,0.1702,100.0,64
1,8150,train,0.1711,94.7368,64
1,8150,train,0.0296,100.0,64
1,8160,train,0.1155,95.3947,64
1,8160,train,0.0164,100.0,64
1,8170,train,0.176,94.7368,64
1,8170,train,0.0655,100.0,64
1,8180,train,0.1405,96.7105,64
1,8180,train,0.1171,100.0,64
1,8190,train,0.1608,94.0789,64
1,8190,train,0.1506,87.5,64
1,8192,validation,0.1316,96.16,64
