epoch,global step,mode,loss,accuracy,mean_length
0,0,validation,3.1148,12.42,63.6134
0,10,train,2.38,17.1875,57.9125
0,20,train,2.2835,14.0625,55.175
0,30,train,2.1715,13.4375,55.3438
0,40,train,2.5479,10.9375,39.7906
0,50,train,2.5164,13.75,46.3531
0,60,train,2.4673,12.8125,48.2156
0,70,train,2.4266,12.5,52.4594
0,80,train,2.2349,11.25,55.8188
0,90,train,2.1473,10.625,57.0844
0,100,train,2.11,13.125,60.2437
0,110,train,2.0834,13.75,61.6938
0,120,train,2.1056,11.25,63.2094
0,130,train,2.0859,14.0625,62.7437
0,140,train,2.0921,13.125,64
0,150,train,2.1006,10.9375,64
0,160,train,2.0974,11.5625,64
0,170,train,2.0922,14.0625,64
0,180,train,2.0879,11.875,64
0,190,train,2.0943,12.1875,64
0,200,train,2.0932,11.25,64
0,210,train,2.0849,12.1875,64
0,220,train,2.0892,8.75,64
0,230,train,2.0899,8.125,64
0,240,train,2.0858,13.4375,64
0,250,train,2.0896,11.25,64
0,260,train,2.0918,11.875,64
0,270,train,2.0869,10.9375,64
0,280,train,2.0884,11.5625,64
0,290,train,2.0825,12.8125,64
0,300,train,2.106,8.125,64
0,310,train,2.0858,11.5625,64
0,320,train,2.0729,15.625,64
0,330,train,2.0833,11.875,64
0,340,train,2.0792,11.875,64
0,350,train,2.0852,13.4375,64
0,360,train,2.0852,10.625,64
0,370,train,2.0825,12.1875,64
0,380,train,2.0776,15.0,64
0,390,train,2.0809,14.0625,64
0,400,train,2.0937,9.6875,64
0,410,train,2.0774,13.75,64
0,420,train,2.0866,12.1875,64
0,430,train,2.0754,14.6875,64
0,440,train,2.0808,15.0,64
0,450,train,2.0841,11.875,64
0,460,train,2.0823,11.875,64
0,470,train,2.0812,13.125,64
0,480,train,2.0833,9.6875,64
0,490,train,2.0769,12.5,64
0,500,train,2.0744,13.125,64
0,510,train,2.0837,11.25,64
0,512,validation,2.0805,12.74,64
0,520,train,2.0854,11.25,64
0,530,train,2.0849,10.9375,64
0,540,train,2.0801,10.9375,64
0,550,train,2.0798,12.8125,64
0,560,train,2.0805,14.375,64
0,570,train,2.0853,12.8125,64
0,580,train,2.0798,10.0,64
0,590,train,2.0771,11.5625,64
0,600,train,2.0838,14.375,64
0,610,train,2.0877,8.75,64
0,620,train,2.0804,11.875,64
0,630,train,2.0793,15.9375,64
0,640,train,2.0776,11.5625,64
0,650,train,2.0767,10.625,64
0,660,train,2.0854,12.1875,64
0,670,train,2.0766,13.75,64
0,680,train,2.0703,13.4375,64
0,690,train,2.0807,12.1875,64
0,700,train,2.0681,12.8125,64
0,710,train,2.0752,10.3125,64
0,720,train,2.0588,11.875,64
0,730,train,2.1514,13.125,64
0,740,train,2.078,15.9375,64
0,750,train,2.0867,13.4375,64
0,760,train,2.0765,12.5,64
0,770,train,2.0862,10.625,64
0,780,train,2.0829,15.625,64
0,790,train,2.0835,11.25,64
0,800,train,2.0799,11.875,64
0,810,train,2.0831,11.875,64
0,820,train,2.087,13.125,64
0,830,train,2.0837,13.125,64
0,840,train,2.0753,14.375,64
0,850,train,2.0753,13.75,64
0,860,train,2.0867,13.125,64
0,870,train,2.0749,14.6875,64
0,880,train,2.0778,11.25,64
0,890,train,2.0799,12.1875,64
0,900,train,2.0685,14.375,64
0,910,train,2.0812,12.5,64
0,920,train,2.0858,11.5625,64
0,930,train,2.0825,12.1875,64
0,940,train,2.0724,15.0,64
0,950,train,2.0774,13.75,64
0,960,train,2.0743,11.5625,64
0,970,train,2.0817,11.25,64
0,980,train,2.0763,12.5,64
0,990,train,2.0736,15.3125,64
0,1000,train,2.0617,14.375,64
0,1010,train,2.0686,13.125,64
0,1020,train,2.079,12.5,64
0,1024,validation,2.0811,11.94,64
0,1030,train,2.0847,10.9375,64
0,1040,train,2.0795,15.0,64
0,1050,train,2.0813,11.875,64
0,1060,train,2.082,10.625,64
0,1070,train,2.0768,14.0625,64
0,1080,train,2.0825,8.75,64
0,1090,train,2.0814,11.875,64
0,1100,train,2.0779,10.3125,64
0,1110,train,2.0809,9.0625,64
0,1120,train,2.084,10.0,64
0,1130,train,2.0778,14.0625,64
0,1140,train,2.0794,14.0625,64
0,1150,train,2.0778,13.125,64
0,1160,train,2.0822,10.3125,64
0,1170,train,2.0763,12.5,64
0,1180,train,2.0812,15.3125,64
0,1190,train,2.0817,10.9375,64
0,1200,train,2.077,13.4375,63.8781
0,1210,train,2.0807,13.75,63.8156
0,1220,train,2.0849,10.9375,60.0281
0,1230,train,2.0803,12.8125,51.7906
0,1240,train,2.0808,11.5625,61.2375
0,1250,train,2.0812,10.0,63.5562
0,1260,train,2.0745,13.4375,63.1406
0,1270,train,2.0703,11.5625,62.5312
0,1280,train,2.0744,12.5,63.075
0,1290,train,2.0796,9.0625,64
0,1300,train,2.0701,14.375,64
0,1310,train,2.0686,13.75,63.9719
0,1320,train,2.0817,13.4375,64
0,1330,train,2.0816,11.25,64
0,1340,train,2.0899,11.25,64
0,1350,train,2.0806,16.875,64
0,1360,train,2.0821,11.875,64
0,1370,train,2.0859,11.5625,64
0,1380,train,2.0804,13.75,64
0,1390,train,2.0802,11.25,64
0,1400,train,2.0812,12.8125,64
0,1410,train,2.0854,11.875,64
0,1420,train,2.0756,15.9375,64
0,1430,train,2.0794,14.0625,64
0,1440,train,2.0803,12.5,64
0,1450,train,2.0838,10.9375,64
0,1460,train,2.0879,10.0,64
0,1470,train,2.0771,11.875,64
0,1480,train,2.0812,10.0,64
0,1490,train,2.0844,12.1875,64
0,1500,train,2.0832,10.0,64
0,1510,train,2.0772,11.5625,64
0,1520,train,2.0843,10.9375,64
0,1530,train,2.0741,16.25,64
0,1536,validation,2.0803,12.82,64
0,1540,train,2.0828,10.9375,64
0,1550,train,2.0815,12.1875,64
0,1560,train,2.0805,10.9375,64
0,1570,train,2.0761,14.0625,64
0,1580,train,2.0693,12.8125,64
0,1590,train,2.0651,11.5625,64
0,1600,train,2.0634,12.5,64
0,1610,train,2.0702,13.4375,64
0,1620,train,2.0662,11.5625,64
0,1630,train,2.0681,10.0,64
0,1640,train,2.0653,13.75,64
0,1650,train,2.0667,16.25,64
0,1660,train,2.0553,12.8125,64
0,1670,train,2.0472,12.1875,64
0,1680,train,2.0599,13.4375,64
0,1690,train,2.0679,9.0625,64
0,1700,train,2.0593,12.8125,64
0,1710,train,2.0475,11.25,64
0,1720,train,2.0583,10.9375,64
0,1730,train,2.0887,11.5625,64
0,1740,train,2.082,10.3125,64
0,1750,train,2.0769,15.0,64
0,1760,train,2.0778,13.4375,64
0,1770,train,2.0772,10.9375,64
0,1780,train,2.0853,12.5,64
0,1790,train,2.0798,9.375,64
0,1800,train,2.0826,12.8125,64
0,1810,train,2.0792,11.875,64
0,1820,train,2.0821,8.4375,64
0,1830,train,2.0754,13.4375,64
0,1840,train,2.0753,15.0,64
0,1850,train,2.0807,11.875,64
0,1860,train,2.082,12.8125,64
0,1870,train,2.0812,11.25,64
0,1880,train,2.0801,12.8125,64
0,1890,train,2.0724,13.4375,64
0,1900,train,2.0816,13.75,64
0,1910,train,2.0794,14.0625,64
0,1920,train,2.0831,9.375,64
0,1930,train,2.0793,10.625,64
0,1940,train,2.0641,14.375,64
0,1950,train,2.049,10.3125,64
0,1960,train,2.0362,12.1875,64
0,1970,train,2.0236,14.0625,64
0,1980,train,2.0819,10.625,64
0,1990,train,2.0747,16.25,64
0,2000,train,2.0811,11.25,64
0,2010,train,2.0774,12.5,64
0,2020,train,2.0831,10.9375,64
0,2030,train,2.0832,10.3125,64
0,2040,train,2.0813,13.75,64
0,2048,validation,2.0804,12.14,64
0,2050,train,2.0815,14.0625,64
0,2060,train,2.0802,16.25,64
0,2070,train,2.0799,13.4375,64
0,2080,train,2.0806,13.125,64
0,2090,train,2.078,13.125,64
0,2100,train,2.0831,12.1875,64
0,2110,train,2.0779,11.875,64
0,2120,train,2.0807,9.6875,64
0,2130,train,2.0804,12.8125,64
0,2140,train,2.0813,14.0625,64
0,2150,train,2.0817,10.3125,64
0,2160,train,2.0836,10.9375,64
0,2170,train,2.079,13.125,64
0,2180,train,2.0802,14.0625,64
0,2190,train,2.0814,10.0,64
0,2200,train,2.0819,10.3125,64
0,2210,train,2.0832,11.5625,64
0,2220,train,2.0816,10.0,64
0,2230,train,2.0832,12.5,64
0,2240,train,2.0804,11.25,64
0,2250,train,2.0788,15.3125,64
0,2260,train,2.0817,12.5,64
0,2270,train,2.0802,13.75,64
0,2280,train,2.0795,11.5625,64
0,2290,train,2.0796,12.5,64
0,2300,train,2.0778,15.9375,64
0,2310,train,2.078,15.3125,64
0,2320,train,2.0784,11.25,64
0,2330,train,2.0832,7.8125,64
0,2340,train,2.0823,11.25,64
0,2350,train,2.0829,11.875,64
0,2360,train,2.0825,12.1875,64
0,2370,train,2.0801,10.9375,64
0,2380,train,2.0801,13.75,64
0,2390,train,2.0828,15.0,64
0,2400,train,2.0786,10.3125,64
0,2410,train,2.0784,10.3125,64
0,2420,train,2.0752,12.5,64
0,2430,train,2.0778,11.875,64
0,2440,train,2.077,14.6875,64
0,2450,train,2.0781,13.4375,64
0,2460,train,2.0826,12.1875,64
0,2470,train,2.079,12.5,64
0,2480,train,2.0799,10.3125,64
0,2490,train,2.0799,12.1875,64
0,2500,train,2.0783,12.5,64
0,2510,train,2.0725,13.75,64
0,2520,train,2.0801,11.5625,64
0,2530,train,2.0747,11.875,64
0,2540,train,2.077,14.0625,64
0,2550,train,2.0738,14.6875,64
0,2560,train,2.0757,12.8125,64
0,2560,validation,2.08,12.8,64
0,2570,train,2.0783,15.0,64
0,2580,train,2.0758,13.4375,64
0,2590,train,2.0808,11.5625,64
0,2600,train,2.0801,10.3125,64
0,2610,train,2.0789,15.0,64
0,2620,train,2.0813,9.6875,64
0,2630,train,2.0799,13.75,64
0,2640,train,2.0852,8.125,64
0,2650,train,2.0813,10.625,64
0,2660,train,2.0818,12.5,64
0,2670,train,2.0835,10.625,64
0,2680,train,2.0763,14.6875,64
0,2690,train,2.0816,14.6875,64
0,2700,train,2.0839,9.375,64
0,2710,train,2.0783,15.9375,64
0,2720,train,2.079,11.5625,64
0,2730,train,2.0783,14.0625,64
0,2740,train,2.0804,11.25,64
0,2750,train,2.0786,15.625,64
0,2760,train,2.0766,10.625,64
0,2770,train,2.074,12.5,64
0,2780,train,2.073,12.1875,64
0,2790,train,2.0903,11.875,64
0,2800,train,2.0715,12.5,64
0,2810,train,2.0722,11.875,64
0,2820,train,2.0683,10.9375,64
0,2830,train,2.049,13.75,64
0,2840,train,2.0538,14.6875,64
0,2850,train,2.0702,10.9375,64
0,2860,train,2.0522,17.1875,64
0,2870,train,2.0782,9.0625,64
0,2880,train,2.0659,10.3125,64
0,2890,train,2.0618,14.6875,64
0,2900,train,2.0471,14.0625,64
0,2910,train,2.0327,15.0,64
0,2920,train,2.0651,12.5,64
0,2930,train,2.0645,12.5,64
0,2940,train,2.0558,11.25,64
0,2950,train,2.0711,9.375,64
0,2960,train,2.0451,13.125,64
0,2970,train,2.0687,10.3125,64
0,2980,train,2.0566,16.5625,64
0,2990,train,2.0739,15.0,64
0,3000,train,2.0777,9.6875,64
0,3010,train,2.0786,12.1875,64
0,3020,train,2.0733,9.6875,64
0,3030,train,2.054,14.6875,64
0,3040,train,2.0637,9.6875,64
0,3050,train,2.0307,15.9375,64
0,3060,train,2.0621,10.9375,64
0,3070,train,2.0508,12.8125,64
0,3072,validation,2.0798,12.4,64
0,3080,train,2.0587,12.5,64
0,3090,train,2.0299,17.1875,64
0,3100,train,2.0649,12.5,64
0,3110,train,2.0496,12.8125,64
0,3120,train,2.0681,14.6875,64
0,3130,train,2.0745,14.0625,64
0,3140,train,2.0816,11.5625,64
0,3150,train,2.0791,10.625,64
0,3160,train,2.0806,8.75,64
0,3170,train,2.0795,11.25,64
0,3180,train,2.0798,13.125,64
0,3190,train,2.0792,11.5625,64
0,3200,train,2.0814,11.5625,64
0,3210,train,2.0782,12.5,64
0,3220,train,2.0789,11.5625,64
1,3230,train,2.0794,13.75,64
1,3240,train,2.0769,14.6875,64
1,3250,train,2.0805,13.75,64
1,3260,train,2.0773,13.125,64
1,3270,train,2.0794,14.6875,64
1,3280,train,2.0784,12.8125,64
1,3290,train,2.0798,13.125,64
1,3300,train,2.0804,11.5625,64
1,3310,train,2.0771,13.4375,64
1,3320,train,2.0808,11.875,64
1,3330,train,2.0791,15.3125,64
1,3340,train,2.0788,12.8125,64
1,3350,train,2.0777,15.625,64
1,3360,train,2.0786,14.0625,64
1,3370,train,2.0804,12.5,64
1,3380,train,2.0816,9.375,64
1,3390,train,2.0815,9.375,64
1,3400,train,2.0805,12.1875,64
1,3410,train,2.0817,14.0625,64
1,3420,train,2.082,10.625,64
1,3430,train,2.0832,6.25,64
1,3440,train,2.0772,15.0,64
1,3450,train,2.0747,9.0625,64
1,3460,train,2.0799,15.0,64
1,3470,train,2.0799,11.25,64
1,3480,train,2.0786,14.6875,64
1,3490,train,2.08,7.8125,64
1,3500,train,2.082,10.9375,64
1,3510,train,2.0809,10.0,64
1,3520,train,2.0814,9.375,64
1,3530,train,2.0799,10.9375,64
1,3540,train,2.0779,13.75,64
1,3550,train,2.0811,10.625,64
1,3560,train,2.0802,12.5,64
1,3570,train,2.079,13.4375,64
1,3580,train,2.0806,11.5625,64
1,3584,validation,2.0798,12.56,64
1,3590,train,2.0789,13.4375,64
1,3600,train,2.0781,15.3125,64
1,3610,train,2.0775,13.125,64
1,3620,train,2.0796,13.4375,64
1,3630,train,2.0748,13.125,64
1,3640,train,2.0796,13.75,64
1,3650,train,2.0815,13.4375,64
1,3660,train,2.0808,12.5,64
1,3670,train,2.0811,11.875,64
1,3680,train,2.0789,13.75,64
1,3690,train,2.0777,15.3125,64
1,3700,train,2.0803,11.5625,64
1,3710,train,2.0785,11.5625,64
1,3720,train,2.0781,12.8125,64
1,3730,train,2.0793,14.375,64
1,3740,train,2.0802,13.125,64
1,3750,train,2.0807,9.6875,64
1,3760,train,2.0817,10.3125,64
1,3770,train,2.0806,13.75,64
1,3780,train,2.0815,10.0,64
1,3790,train,2.0795,14.0625,64
1,3800,train,2.0807,10.9375,64
1,3810,train,2.0787,12.8125,64
1,3820,train,2.0792,15.625,64
1,3830,train,2.0804,13.75,64
1,3840,train,2.0796,13.4375,64
1,3850,train,2.081,11.25,64
1,3860,train,2.0806,10.9375,64
1,3870,train,2.0784,12.5,64
1,3880,train,2.0812,10.3125,64
1,3890,train,2.0789,16.5625,64
1,3900,train,2.079,13.75,64
1,3910,train,2.0813,10.9375,64
1,3920,train,2.0772,13.125,64
1,3930,train,2.0789,11.5625,64
1,3940,train,2.0815,11.5625,64
1,3950,train,2.0799,11.25,64
1,3960,train,2.0799,10.3125,64
1,3970,train,2.0769,14.0625,64
1,3980,train,2.0802,11.25,64
1,3990,train,2.0772,9.6875,64
1,4000,train,2.0783,10.625,64
1,4010,train,2.0796,14.6875,64
1,4020,train,2.0819,10.9375,64
1,4030,train,2.0785,13.75,64
1,4040,train,2.0757,13.125,64
1,4050,train,2.0746,11.25,64
1,4060,train,2.0814,14.0625,64
1,4070,train,2.0783,15.0,64
1,4080,train,2.0784,11.5625,64
1,4090,train,2.0753,12.8125,64
1,4096,validation,2.0797,11.82,64
1,4100,train,2.0797,14.6875,64
1,4110,train,2.0797,11.25,64
1,4120,train,2.0811,12.5,64
1,4130,train,2.0801,12.8125,64
1,4140,train,2.0773,10.3125,64
1,4150,train,2.0802,11.875,64
1,4160,train,2.076,15.0,64
1,4170,train,2.0775,13.75,64
1,4180,train,2.0769,11.5625,64
1,4190,train,2.0804,11.875,64
1,4200,train,2.0787,13.4375,64
1,4210,train,2.0795,13.125,64
1,4220,train,2.0798,13.75,64
1,4230,train,2.0797,11.875,64
1,4240,train,2.0736,11.25,64
1,4250,train,2.0786,12.5,64
1,4260,train,2.08,13.75,64
1,4270,train,2.08,11.875,64
1,4280,train,2.0798,11.5625,64
1,4290,train,2.0791,14.6875,64
1,4300,train,2.08,11.5625,64
1,4310,train,2.0796,11.25,64
1,4320,train,2.0783,12.8125,64
1,4330,train,2.0743,11.25,64
1,4340,train,2.0802,13.4375,64
1,4350,train,2.0794,14.6875,64
1,4360,train,2.0798,9.6875,64
1,4370,train,2.0808,10.9375,64
1,4380,train,2.0795,11.875,64
1,4390,train,2.0785,10.9375,64
1,4400,train,2.0738,15.3125,64
1,4410,train,2.0791,10.625,64
1,4420,train,2.0799,12.1875,64
1,4430,train,2.0801,11.25,64
1,4440,train,2.077,12.8125,64
1,4450,train,2.0805,13.75,64
1,4460,train,2.0791,15.3125,64
1,4470,train,2.078,12.5,64
1,4480,train,2.0719,11.5625,64
1,4490,train,2.0798,9.6875,64
1,4500,train,2.0787,14.0625,64
1,4510,train,2.0779,12.1875,64
1,4520,train,2.0737,10.3125,64
1,4530,train,2.0741,13.75,64
1,4540,train,2.0807,10.3125,64
1,4550,train,2.0676,13.4375,64
1,4560,train,2.0736,13.125,64
1,4570,train,2.074,11.25,64
1,4580,train,2.0804,13.75,64
1,4590,train,2.0789,15.3125,64
1,4600,train,2.0765,14.6875,64
1,4608,validation,2.0795,12.6,64
1,4610,train,2.0751,9.375,64
1,4620,train,2.0794,11.875,64
1,4630,train,2.0791,11.875,64
1,4640,train,2.0728,13.75,64
1,4650,train,2.0817,10.0,64
1,4660,train,2.0778,16.25,64
1,4670,train,2.081,13.125,64
1,4680,train,2.0788,13.75,64
1,4690,train,2.0838,10.3125,64
1,4700,train,2.0798,12.1875,64
1,4710,train,2.0688,12.1875,64
1,4720,train,2.0808,12.1875,64
1,4730,train,2.0742,10.0,64
1,4740,train,2.0769,14.0625,64
1,4750,train,2.0799,10.0,64
1,4760,train,2.0764,16.875,64
1,4770,train,2.0787,13.125,64
1,4780,train,2.081,12.5,64
1,4790,train,2.0762,11.875,64
1,4800,train,2.0725,16.5625,64
1,4810,train,2.0776,12.1875,64
1,4820,train,2.0764,10.0,64
1,4830,train,2.0753,12.8125,64
1,4840,train,2.0795,10.625,64
1,4850,train,2.0814,10.0,64
1,4860,train,2.0757,10.3125,64
1,4870,train,2.0812,10.625,64
1,4880,train,2.0798,14.0625,64
1,4890,train,2.0752,10.9375,64
1,4900,train,2.0794,12.5,64
1,4910,train,2.073,13.75,64
1,4920,train,2.0794,10.0,64
1,4930,train,2.0669,13.75,64
1,4940,train,2.0809,11.875,64
1,4950,train,2.0804,13.125,64
1,4960,train,2.0792,12.5,64
1,4970,train,2.0683,12.1875,64
1,4980,train,2.08,14.375,64
1,4990,train,2.0783,13.125,64
1,5000,train,2.0749,7.5,64
1,5010,train,2.0803,13.75,64
1,5020,train,2.0749,11.25,64
1,5030,train,2.0626,14.0625,64
1,5040,train,2.0784,11.25,64
1,5050,train,2.0796,10.3125,64
1,5060,train,2.0806,12.5,64
1,5070,train,2.0787,13.125,64
1,5080,train,2.0717,12.8125,64
1,5090,train,2.0785,16.5625,64
1,5100,train,2.0792,11.5625,64
1,5110,train,2.08,10.9375,64
1,5120,train,2.0794,11.875,64
1,5120,validation,2.0795,12.66,64
1,5130,train,2.0722,11.875,64
1,5140,train,2.0836,14.6875,64
1,5150,train,2.073,14.6875,64
1,5160,train,2.0816,5.625,64
1,5170,train,2.072,17.5,64
1,5180,train,2.0796,14.375,64
1,5190,train,2.082,11.25,64
1,5200,train,2.0742,10.9375,64
1,5210,train,2.0761,11.5625,64
1,5220,train,2.0705,10.625,64
1,5230,train,2.0783,14.375,64
1,5240,train,2.0793,12.5,64
1,5250,train,2.0675,14.0625,64
1,5260,train,2.0792,13.4375,64
1,5270,train,2.0802,11.25,64
1,5280,train,2.0798,13.125,64
1,5290,train,2.0802,14.375,64
1,5300,train,2.0795,12.1875,64
1,5310,train,2.0773,10.9375,64
1,5320,train,2.0784,11.5625,64
1,5330,train,2.0768,9.6875,64
1,5340,train,2.0722,12.8125,64
1,5350,train,2.0772,11.875,64
1,5360,train,2.0782,15.0,64
1,5370,train,2.0753,11.25,64
1,5380,train,2.0803,15.0,64
1,5390,train,2.0795,10.9375,64
1,5400,train,2.0793,10.9375,64
1,5410,train,2.0785,14.375,64
1,5420,train,2.0756,13.125,64
1,5430,train,2.0798,11.25,64
1,5440,train,2.0746,15.625,64
1,5450,train,2.0783,16.25,64
1,5460,train,2.0806,11.25,64
1,5470,train,2.0738,13.125,64
1,5480,train,2.0818,11.5625,64
1,5490,train,2.078,13.75,64
1,5500,train,2.0798,13.4375,64
1,5510,train,2.0819,10.3125,64
1,5520,train,2.0802,15.9375,64
1,5530,train,2.0778,12.5,64
1,5540,train,2.0814,8.75,64
1,5550,train,2.0809,10.625,64
1,5560,train,2.0733,12.1875,64
1,5570,train,2.0723,13.125,64
1,5580,train,2.0798,9.0625,64
1,5590,train,2.0764,14.6875,64
1,5600,train,2.0894,14.375,64
1,5610,train,2.0754,7.8125,64
1,5620,train,2.0814,14.0625,64
1,5630,train,2.079,14.375,64
1,5632,validation,2.0797,12.26,64
1,5640,train,2.0797,14.0625,64
1,5650,train,2.0791,14.0625,64
1,5660,train,2.0698,15.3125,64
1,5670,train,2.0799,14.0625,64
1,5680,train,2.0815,11.25,64
1,5690,train,2.0745,11.875,64
1,5700,train,2.0797,10.0,64
1,5710,train,2.0733,13.75,64
1,5720,train,2.0778,11.25,64
1,5730,train,2.0799,12.8125,64
1,5740,train,2.0804,11.25,64
1,5750,train,2.0752,10.3125,64
1,5760,train,2.0881,15.9375,64
1,5770,train,2.0786,14.375,64
1,5780,train,2.0778,15.9375,64
1,5790,train,2.0788,11.25,64
1,5800,train,2.0813,11.875,64
1,5810,train,2.079,13.75,64
1,5820,train,2.0735,13.75,64
1,5830,train,2.08,9.375,64
1,5840,train,2.0796,14.0625,64
1,5850,train,2.0744,10.0,64
1,5860,train,2.0791,15.3125,64
1,5870,train,2.0781,14.375,64
1,5880,train,2.0793,11.5625,64
1,5890,train,2.079,12.5,64
1,5900,train,2.0712,16.25,64
1,5910,train,2.0799,10.0,64
1,5920,train,2.0803,11.25,64
1,5930,train,2.0796,15.625,64
1,5940,train,2.0743,13.4375,64
1,5950,train,2.0828,10.9375,64
1,5960,train,2.0745,9.375,64
1,5970,train,2.0728,14.6875,64
1,5980,train,2.0797,15.0,64
1,5990,train,2.0733,11.25,64
1,6000,train,2.0678,13.75,64
1,6010,train,2.079,10.3125,64
1,6020,train,2.0774,13.75,64
1,6030,train,2.0802,11.5625,64
1,6040,train,2.0752,14.6875,64
1,6050,train,2.0709,14.375,64
1,6060,train,2.0734,12.1875,64
1,6070,train,2.0789,12.5,64
1,6080,train,2.0712,16.875,64
1,6090,train,2.0613,12.1875,64
1,6100,train,2.0794,10.625,64
1,6110,train,2.0778,9.6875,64
1,6120,train,2.0795,14.375,64
1,6130,train,2.081,10.9375,64
1,6140,train,2.0735,10.9375,64
1,6144,validation,2.0795,12.76,64
1,6150,train,2.0799,10.625,64
1,6160,train,2.0791,13.125,64
1,6170,train,2.0804,11.875,64
1,6180,train,2.0784,13.4375,64
1,6190,train,2.0789,14.0625,64
1,6200,train,2.08,12.5,64
1,6210,train,2.0734,11.25,64
1,6220,train,2.08,13.4375,64
1,6230,train,2.0689,13.125,64
1,6240,train,2.0757,8.4375,64
1,6250,train,2.0793,15.3125,64
1,6260,train,2.0682,12.1875,64
1,6270,train,2.0779,14.6875,64
1,6280,train,2.0737,12.1875,64
1,6290,train,2.0731,12.5,64
1,6300,train,2.0797,9.375,64
1,6310,train,2.079,12.8125,64
1,6320,train,2.0799,12.5,64
1,6330,train,2.0815,9.375,64
1,6340,train,2.087,10.9375,64
1,6350,train,2.0814,10.3125,64
1,6360,train,2.0798,12.5,64
1,6370,train,2.08,13.125,64
1,6380,train,2.0696,15.3125,64
1,6390,train,2.0688,10.9375,64
1,6400,train,2.0724,12.8125,64
1,6410,train,2.0801,11.875,64
1,6420,train,2.0807,12.5,64
1,6430,train,2.0718,13.75,64
1,6440,train,2.0805,11.875,64
1,6450,train,2.0814,10.9375,64
2,6460,train,2.0802,12.8125,64
2,6470,train,2.0789,12.5,64
2,6480,train,2.0797,10.0,64
2,6490,train,2.0802,12.1875,64
2,6500,train,2.0799,10.625,64
2,6510,train,2.0811,11.25,64
2,6520,train,2.0779,16.25,64
2,6530,train,2.079,13.125,64
2,6540,train,2.0799,13.4375,64
2,6550,train,2.0745,11.25,64
2,6560,train,2.0732,15.625,64
2,6570,train,2.072,12.8125,64
2,6580,train,2.0798,9.6875,64
2,6590,train,2.0793,11.875,64
2,6600,train,2.0782,14.375,64
2,6610,train,2.0795,15.0,64
2,6620,train,2.0783,10.625,64
2,6630,train,2.0885,9.0625,64
2,6640,train,2.0784,11.875,64
2,6650,train,2.0792,13.75,64
2,6656,validation,2.0795,13.12,64
2,6660,train,2.0796,15.3125,64
2,6670,train,2.0777,15.625,64
2,6680,train,2.0753,15.625,64
2,6690,train,2.0689,14.375,64
2,6700,train,2.075,11.5625,64
2,6710,train,2.0815,11.875,64
2,6720,train,2.0744,15.9375,64
2,6730,train,2.0868,10.625,64
2,6740,train,2.23,10.625,64
2,6750,train,2.0692,16.25,64
2,6760,train,2.0791,16.25,64
2,6770,train,2.0856,12.1875,64
2,6780,train,2.0802,14.0625,64
2,6790,train,2.0811,13.4375,64
2,6800,train,2.0871,8.125,64
2,6810,train,2.0787,13.4375,64
2,6820,train,2.0838,11.5625,64
2,6830,train,2.0815,11.25,64
2,6840,train,2.0824,13.4375,64
2,6850,train,2.076,14.0625,64
2,6860,train,2.0829,10.0,64
2,6870,train,2.0768,12.8125,64
2,6880,train,2.0804,14.375,64
2,6890,train,2.0752,15.9375,64
2,6900,train,2.0775,13.4375,64
2,6910,train,2.0794,14.6875,64
2,6920,train,2.0799,11.5625,64
2,6930,train,2.0812,13.125,64
2,6940,train,2.0785,12.5,64
2,6950,train,2.0783,13.75,64
2,6960,train,2.0811,10.9375,64
2,6970,train,2.0807,12.5,64
2,6980,train,2.0788,14.375,64
2,6990,train,2.0804,11.875,64
2,7000,train,2.0754,17.1875,64
2,7010,train,2.083,10.9375,64
2,7020,train,2.0814,14.0625,64
2,7030,train,2.079,12.8125,64
2,7040,train,2.0837,10.3125,64
2,7050,train,2.0803,9.0625,64
2,7060,train,2.0838,7.8125,64
2,7070,train,2.0769,15.625,64
2,7080,train,2.0752,16.875,64
2,7090,train,2.0798,13.75,64
2,7100,train,2.0797,11.875,64
2,7110,train,2.0799,13.125,64
2,7120,train,2.0817,7.1875,64
2,7130,train,2.0796,12.5,64
2,7140,train,2.0824,10.625,64
2,7150,train,2.0782,14.0625,64
2,7160,train,2.0843,10.625,64
2,7168,validation,2.0798,12.04,64
2,7170,train,2.0821,11.875,64
2,7180,train,2.0804,10.9375,64
2,7190,train,2.0785,14.6875,64
2,7200,train,2.081,15.0,64
2,7210,train,2.0827,11.5625,64
2,7220,train,2.0829,10.9375,64
2,7230,train,2.0774,15.0,64
2,7240,train,2.0762,15.3125,64
2,7250,train,2.0806,11.875,64
2,7260,train,2.0836,9.0625,64
2,7270,train,2.0818,7.8125,64
2,7280,train,2.0794,12.8125,64
2,7290,train,2.0812,10.0,64
2,7300,train,2.0779,14.375,64
2,7310,train,2.0796,16.25,64
2,7320,train,2.0797,12.8125,64
2,7330,train,2.0816,11.25,64
2,7340,train,2.0814,14.0625,64
2,7350,train,2.0778,11.25,64
2,7360,train,2.0811,10.3125,64
2,7370,train,2.0803,14.0625,64
2,7380,train,2.0768,15.9375,64
2,7390,train,2.08,14.375,64
2,7400,train,2.0804,10.0,64
2,7410,train,2.0778,11.875,64
2,7420,train,2.0786,13.125,64
2,7430,train,2.0803,14.0625,64
2,7440,train,2.077,18.125,64
2,7450,train,2.0765,13.75,64
2,7460,train,2.08,13.125,64
2,7470,train,2.078,11.875,64
2,7480,train,2.0801,11.875,64
2,7490,train,2.0806,14.0625,64
2,7500,train,2.0796,11.25,64
2,7510,train,2.0786,13.75,64
2,7520,train,2.083,10.625,64
2,7530,train,2.0831,12.5,64
2,7540,train,2.0804,10.9375,64
2,7550,train,2.0812,13.4375,64
2,7560,train,2.0802,15.0,64
2,7570,train,2.0802,14.0625,64
2,7580,train,2.0799,11.25,64
2,7590,train,2.0793,15.625,64
2,7600,train,2.0782,12.1875,64
2,7610,train,2.0789,15.0,64
2,7620,train,2.0811,10.625,64
2,7630,train,2.0793,14.6875,64
2,7640,train,2.0829,8.75,64
2,7650,train,2.0799,15.0,64
2,7660,train,2.0776,11.5625,64
2,7670,train,2.0784,12.5,64
2,7680,train,2.0805,12.8125,64
2,7680,validation,2.0792,13.3,64
2,7690,train,2.0818,10.3125,64
2,7700,train,2.0799,11.875,64
2,7710,train,2.0787,13.75,64
2,7720,train,2.0812,10.3125,64
2,7730,train,2.082,10.0,64
2,7740,train,2.0795,12.8125,64
2,7750,train,2.0789,14.375,64
2,7760,train,2.0785,13.4375,64
2,7770,train,2.0796,13.125,64
2,7780,train,2.0754,16.25,64
2,7790,train,2.0838,10.0,64
2,7800,train,2.0801,11.5625,64
2,7810,train,2.0812,10.3125,64
2,7820,train,2.0774,14.0625,64
2,7830,train,2.0785,13.4375,64
2,7840,train,2.0806,10.9375,64
2,7850,train,2.0797,10.3125,64
2,7860,train,2.0829,8.4375,64
2,7870,train,2.0792,13.125,64
2,7880,train,2.0806,10.0,64
2,7890,train,2.0787,13.75,64
2,7900,train,2.0777,13.4375,64
2,7910,train,2.0821,6.875,64
2,7920,train,2.0779,14.6875,64
2,7930,train,2.0777,11.875,64
2,7940,train,2.0812,11.5625,64
2,7950,train,2.0799,12.8125,64
2,7960,train,2.0809,13.125,64
2,7970,train,2.081,11.25,64
2,7980,train,2.0791,13.125,64
2,7990,train,2.0786,14.0625,64
2,8000,train,2.0824,7.8125,64
2,8010,train,2.0773,14.0625,64
2,8020,train,2.0796,12.5,64
2,8030,train,2.0777,13.4375,64
2,8040,train,2.0802,10.625,64
2,8050,train,2.079,10.625,64
2,8060,train,2.0813,10.3125,64
2,8070,train,2.0781,13.125,64
2,8080,train,2.0803,12.5,64
2,8090,train,2.078,12.8125,64
2,8100,train,2.0782,12.8125,64
2,8110,train,2.0788,15.625,64
2,8120,train,2.0827,10.625,64
2,8130,train,2.0791,13.4375,64
2,8140,train,2.0798,13.75,64
2,8150,train,2.0822,12.8125,64
2,8160,train,2.079,10.3125,64
2,8170,train,2.0772,15.3125,64
2,8180,train,2.0809,14.375,64
2,8190,train,2.0812,10.9375,64
