03-10-21 21:54:54 - Dataset Loaded
03-10-21 21:54:54 - Configuration:
Namespace(TransferH=False, alpha=1.0, batch_size=64, beam_width=12, bidirectional=False, coco_path='./UMT_data/coco_new', config='Configs/mbart_wcons.yml', cpu=False, dataset='coco', decode_how='beam', device=device(type='cuda'), do_eval=True, do_train=True, dropout=0.1, embedding_dim=1024, eval_mode=False, fix_bhd=False, fix_spk=False, grad_clip=1.0, hard=True, has_vocab_constraint=True, hidden_dim=512, image_dim=2048, l2='jp', loss_type='xent', lr=5e-07, max_global_step=30000, model_name='mbart', n_gpu=1, no_share_bhd=False, no_terminal=False, no_write=False, norm_pow=0.0, num_distractors_train=3, num_distractors_valid=3, num_games=30000, num_layers=1, output_dir='mbart_wcons', pretrain_spk=False, print_every=50, re_load=False, sample_how='gumbel', save_every=4000, save_pretrain_seperately=True, seed=42, seq_len=15, source_lang='en_XX', source_lang_vocab_constrain_file='./UMT_data/cc/en_europarl_count_dict.json', stop_after=30, target_acc=85.0, target_lang='ja_XX', target_lang_vocab_constrain_file='./UMT_data/cc/ja_smaller_count_dict.json', temp=1.0, temperature=1.0, translate_every=2000, two_ffwd=False, unit_norm=False, valid_batch_size=128, valid_every=500, vocab_size=4035)
Sharing visual system for each agent.
03-10-21 21:55:21 - IN    : 612951040 params
03-10-21 21:55:21 - OUT   : 0 params
03-10-21 21:55:21 - TOTAL : 612951040 params
03-10-21 21:56:33 - epoch     0 train | loss 1.6765| prediction accuracy 26.03%| average message length 15.0000 |
03-10-21 21:57:44 - epoch     0 train | loss 1.5669| prediction accuracy 24.66%| average message length 15.0000 |
03-10-21 21:58:55 - epoch     0 train | loss 1.4684| prediction accuracy 26.28%| average message length 15.0000 |
03-10-21 22:00:06 - epoch     0 train | loss 1.4468| prediction accuracy 24.47%| average message length 15.0000 |
03-10-21 22:01:17 - epoch     0 train | loss 1.4268| prediction accuracy 25.59%| average message length 15.0000 |
03-10-21 22:02:27 - epoch     0 train | loss 1.4105| prediction accuracy 24.97%| average message length 15.0000 |
03-10-21 22:03:38 - epoch     0 train | loss 1.4076| prediction accuracy 24.84%| average message length 15.0000 |
03-10-21 22:04:47 - epoch     0 train | loss 1.3993| prediction accuracy 26.09%| average message length 15.0000 |
03-10-21 22:05:57 - epoch     0 train | loss 1.3998| prediction accuracy 25.25%| average message length 15.0000 |
03-10-21 22:07:07 - epoch     0 train | loss 1.3958| prediction accuracy 25.31%| average message length 15.0000 |
03-10-21 22:08:30 - epoch   500 valid | loss 1.3902| prediction accuracy 25.48%| average message length 15.0000 |
03-10-21 22:09:40 - epoch     0 train | loss 1.3943| prediction accuracy 25.91%| average message length 15.0000 |
03-10-21 22:10:50 - epoch     0 train | loss 1.3892| prediction accuracy 25.94%| average message length 15.0000 |
03-10-21 22:12:00 - epoch     0 train | loss 1.3782| prediction accuracy 26.75%| average message length 15.0000 |
03-10-21 22:13:10 - epoch     0 train | loss 1.3669| prediction accuracy 26.81%| average message length 15.0000 |
03-10-21 22:14:21 - epoch     0 train | loss 1.3675| prediction accuracy 25.59%| average message length 15.0000 |
03-10-21 22:15:31 - epoch     1 train | loss 1.3510| prediction accuracy 26.72%| average message length 15.0000 |
03-10-21 22:16:42 - epoch     1 train | loss 1.3540| prediction accuracy 26.34%| average message length 15.0000 |
03-10-21 22:17:52 - epoch     1 train | loss 1.3506| prediction accuracy 27.53%| average message length 15.0000 |
03-10-21 22:19:02 - epoch     1 train | loss 1.3392| prediction accuracy 26.72%| average message length 15.0000 |
03-10-21 22:20:13 - epoch     1 train | loss 1.3396| prediction accuracy 27.03%| average message length 15.0000 |
03-10-21 22:21:37 - epoch  1000 valid | loss 1.3106| prediction accuracy 29.79%| average message length 15.0000 |
03-10-21 22:22:47 - epoch     1 train | loss 1.3223| prediction accuracy 30.25%| average message length 15.0000 |
03-10-21 22:23:58 - epoch     1 train | loss 1.3199| prediction accuracy 29.94%| average message length 15.0000 |
03-10-21 22:25:08 - epoch     1 train | loss 1.3161| prediction accuracy 31.09%| average message length 15.0000 |
03-10-21 22:26:19 - epoch     1 train | loss 1.3130| prediction accuracy 28.84%| average message length 15.0000 |
03-10-21 22:27:29 - epoch     1 train | loss 1.2985| prediction accuracy 32.41%| average message length 15.0000 |
03-10-21 22:28:40 - epoch     1 train | loss 1.2916| prediction accuracy 31.38%| average message length 15.0000 |
03-10-21 22:29:50 - epoch     1 train | loss 1.3111| prediction accuracy 30.28%| average message length 15.0000 |
03-10-21 22:31:00 - epoch     1 train | loss 1.3012| prediction accuracy 32.44%| average message length 15.0000 |
03-10-21 22:32:11 - epoch     1 train | loss 1.2774| prediction accuracy 34.72%| average message length 15.0000 |
03-10-21 22:33:21 - epoch     1 train | loss 1.2724| prediction accuracy 34.59%| average message length 15.0000 |
03-10-21 22:34:45 - epoch  1500 valid | loss 1.2700| prediction accuracy 37.21%| average message length 15.0000 |
03-10-21 22:35:56 - epoch     1 train | loss 1.2746| prediction accuracy 35.28%| average message length 15.0000 |
03-10-21 22:37:07 - epoch     2 train | loss 1.2794| prediction accuracy 36.31%| average message length 15.0000 |
03-10-21 22:38:18 - epoch     2 train | loss 1.2715| prediction accuracy 37.38%| average message length 15.0000 |
03-10-21 22:39:28 - epoch     2 train | loss 1.2634| prediction accuracy 38.84%| average message length 15.0000 |
03-10-21 22:40:40 - epoch     2 train | loss 1.2440| prediction accuracy 39.84%| average message length 15.0000 |
03-10-21 22:41:54 - epoch     2 train | loss 1.2400| prediction accuracy 41.31%| average message length 15.0000 |
03-10-21 22:43:09 - epoch     2 train | loss 1.2169| prediction accuracy 43.22%| average message length 15.0000 |
03-10-21 22:44:21 - epoch     2 train | loss 1.2001| prediction accuracy 43.91%| average message length 15.0000 |
03-10-21 22:45:32 - epoch     2 train | loss 1.1617| prediction accuracy 48.62%| average message length 15.0000 |
03-10-21 22:46:42 - epoch     2 train | loss 1.1378| prediction accuracy 50.03%| average message length 15.0000 |
03-10-21 22:48:05 - epoch  2000 valid | loss 1.0869| prediction accuracy 52.99%| average message length 15.0000 |
03-10-21 22:49:15 - epoch     2 train | loss 1.1200| prediction accuracy 50.69%| average message length 15.0000 |
03-10-21 22:50:26 - epoch     2 train | loss 1.0592| prediction accuracy 54.06%| average message length 15.0000 |
03-10-21 22:51:36 - epoch     2 train | loss 1.0457| prediction accuracy 56.00%| average message length 15.0000 |
03-10-21 22:52:46 - epoch     2 train | loss 1.0268| prediction accuracy 55.75%| average message length 15.0000 |
03-10-21 22:53:56 - epoch     2 train | loss 0.9801| prediction accuracy 58.09%| average message length 15.0000 |
03-10-21 22:55:06 - epoch     2 train | loss 0.9685| prediction accuracy 58.69%| average message length 15.0000 |
03-10-21 22:56:17 - epoch     3 train | loss 0.9385| prediction accuracy 60.38%| average message length 15.0000 |
03-10-21 22:57:27 - epoch     3 train | loss 0.9280| prediction accuracy 61.38%| average message length 15.0000 |
03-10-21 22:58:37 - epoch     3 train | loss 0.8791| prediction accuracy 63.38%| average message length 15.0000 |
03-10-21 22:59:47 - epoch     3 train | loss 0.8832| prediction accuracy 63.03%| average message length 15.0000 |
03-10-21 23:01:10 - epoch  2500 valid | loss 0.8296| prediction accuracy 66.27%| average message length 15.0000 |
03-10-21 23:02:20 - epoch     3 train | loss 0.8579| prediction accuracy 64.44%| average message length 15.0000 |
03-10-21 23:03:30 - epoch     3 train | loss 0.8511| prediction accuracy 63.91%| average message length 15.0000 |
03-10-21 23:04:40 - epoch     3 train | loss 0.8404| prediction accuracy 64.47%| average message length 15.0000 |
03-10-21 23:05:50 - epoch     3 train | loss 0.8255| prediction accuracy 65.91%| average message length 15.0000 |
03-10-21 23:07:00 - epoch     3 train | loss 0.8044| prediction accuracy 65.59%| average message length 15.0000 |
03-10-21 23:08:10 - epoch     3 train | loss 0.7864| prediction accuracy 67.88%| average message length 15.0000 |
03-10-21 23:09:20 - epoch     3 train | loss 0.7996| prediction accuracy 67.81%| average message length 15.0000 |
03-10-21 23:10:30 - epoch     3 train | loss 0.7814| prediction accuracy 68.22%| average message length 15.0000 |
03-10-21 23:11:40 - epoch     3 train | loss 0.7677| prediction accuracy 67.75%| average message length 15.0000 |
03-10-21 23:12:51 - epoch     3 train | loss 0.7625| prediction accuracy 67.84%| average message length 15.0000 |
03-10-21 23:14:14 - epoch  3000 valid | loss 0.7076| prediction accuracy 71.92%| average message length 15.0000 |
03-10-21 23:15:24 - epoch     3 train | loss 0.7460| prediction accuracy 69.44%| average message length 15.0000 |
03-10-21 23:16:34 - epoch     3 train | loss 0.7306| prediction accuracy 70.28%| average message length 15.0000 |
03-10-21 23:17:44 - epoch     4 train | loss 0.7435| prediction accuracy 69.88%| average message length 15.0000 |
03-10-21 23:18:55 - epoch     4 train | loss 0.7240| prediction accuracy 70.50%| average message length 15.0000 |
03-10-21 23:20:05 - epoch     4 train | loss 0.7322| prediction accuracy 70.62%| average message length 15.0000 |
03-10-21 23:21:16 - epoch     4 train | loss 0.7005| prediction accuracy 71.59%| average message length 15.0000 |
03-10-21 23:22:26 - epoch     4 train | loss 0.7057| prediction accuracy 72.03%| average message length 15.0000 |
03-10-21 23:23:36 - epoch     4 train | loss 0.6801| prediction accuracy 72.31%| average message length 15.0000 |
03-10-21 23:24:47 - epoch     4 train | loss 0.6659| prediction accuracy 73.25%| average message length 15.0000 |
03-10-21 23:25:57 - epoch     4 train | loss 0.6440| prediction accuracy 75.09%| average message length 15.0000 |
03-10-21 23:27:20 - epoch  3500 valid | loss 0.6158| prediction accuracy 75.95%| average message length 15.0000 |
03-10-21 23:28:30 - epoch     4 train | loss 0.6571| prediction accuracy 75.12%| average message length 15.0000 |
03-10-21 23:29:41 - epoch     4 train | loss 0.6456| prediction accuracy 74.91%| average message length 15.0000 |
03-10-21 23:30:51 - epoch     4 train | loss 0.6581| prediction accuracy 73.28%| average message length 15.0000 |
03-10-21 23:32:01 - epoch     4 train | loss 0.6624| prediction accuracy 74.25%| average message length 15.0000 |
03-10-21 23:33:11 - epoch     4 train | loss 0.6204| prediction accuracy 75.34%| average message length 15.0000 |
03-10-21 23:34:22 - epoch     4 train | loss 0.6201| prediction accuracy 75.94%| average message length 15.0000 |
03-10-21 23:35:32 - epoch     4 train | loss 0.6110| prediction accuracy 75.66%| average message length 15.0000 |
03-10-21 23:36:42 - epoch     4 train | loss 0.6040| prediction accuracy 75.75%| average message length 15.0000 |
03-10-21 23:37:53 - epoch     5 train | loss 0.5659| prediction accuracy 78.31%| average message length 15.0000 |
03-10-21 23:39:03 - epoch     5 train | loss 0.5785| prediction accuracy 77.59%| average message length 15.0000 |
03-10-21 23:40:26 - epoch  4000 valid | loss 0.5448| prediction accuracy 79.66%| average message length 15.0000 |
03-10-21 23:41:36 - epoch     5 train | loss 0.5682| prediction accuracy 79.06%| average message length 15.0000 |
03-10-21 23:42:46 - epoch     5 train | loss 0.5895| prediction accuracy 75.34%| average message length 15.0000 |
03-10-21 23:43:56 - epoch     5 train | loss 0.5805| prediction accuracy 77.50%| average message length 15.0000 |
03-10-21 23:45:06 - epoch     5 train | loss 0.5778| prediction accuracy 77.81%| average message length 15.0000 |
03-10-21 23:46:16 - epoch     5 train | loss 0.5671| prediction accuracy 78.53%| average message length 15.0000 |
03-10-21 23:47:26 - epoch     5 train | loss 0.5453| prediction accuracy 78.91%| average message length 15.0000 |
03-10-21 23:48:36 - epoch     5 train | loss 0.5513| prediction accuracy 78.31%| average message length 15.0000 |
03-10-21 23:49:47 - epoch     5 train | loss 0.5476| prediction accuracy 78.69%| average message length 15.0000 |
03-10-21 23:50:57 - epoch     5 train | loss 0.5697| prediction accuracy 77.44%| average message length 15.0000 |
03-10-21 23:52:07 - epoch     5 train | loss 0.5274| prediction accuracy 79.97%| average message length 15.0000 |
03-10-21 23:53:30 - epoch  4500 valid | loss 0.4967| prediction accuracy 81.07%| average message length 15.0000 |
03-10-21 23:54:40 - epoch     5 train | loss 0.5175| prediction accuracy 80.59%| average message length 15.0000 |
03-10-21 23:55:50 - epoch     5 train | loss 0.5265| prediction accuracy 80.06%| average message length 15.0000 |
03-10-21 23:57:00 - epoch     5 train | loss 0.5067| prediction accuracy 80.88%| average message length 15.0000 |
03-10-21 23:58:10 - epoch     6 train | loss 0.5078| prediction accuracy 81.12%| average message length 15.0000 |
03-10-21 23:59:20 - epoch     6 train | loss 0.5148| prediction accuracy 80.25%| average message length 15.0000 |
03-11-21 00:00:30 - epoch     6 train | loss 0.5048| prediction accuracy 80.19%| average message length 15.0000 |
03-11-21 00:01:40 - epoch     6 train | loss 0.5050| prediction accuracy 80.62%| average message length 15.0000 |
03-11-21 00:02:50 - epoch     6 train | loss 0.4902| prediction accuracy 81.41%| average message length 15.0000 |
03-11-21 00:04:00 - epoch     6 train | loss 0.4803| prediction accuracy 81.12%| average message length 15.0000 |
03-11-21 00:05:10 - epoch     6 train | loss 0.4835| prediction accuracy 81.34%| average message length 15.0000 |
03-11-21 00:06:33 - epoch  5000 valid | loss 0.4466| prediction accuracy 83.63%| average message length 15.0000 |
03-11-21 00:07:43 - epoch     6 train | loss 0.4978| prediction accuracy 81.12%| average message length 15.0000 |
03-11-21 00:08:53 - epoch     6 train | loss 0.4544| prediction accuracy 83.09%| average message length 15.0000 |
03-11-21 00:10:03 - epoch     6 train | loss 0.4734| prediction accuracy 81.84%| average message length 15.0000 |
03-11-21 00:11:13 - epoch     6 train | loss 0.4650| prediction accuracy 82.69%| average message length 15.0000 |
03-11-21 00:12:23 - epoch     6 train | loss 0.4654| prediction accuracy 82.62%| average message length 15.0000 |
03-11-21 00:13:33 - epoch     6 train | loss 0.4503| prediction accuracy 83.22%| average message length 15.0000 |
03-11-21 00:14:43 - epoch     6 train | loss 0.4408| prediction accuracy 83.53%| average message length 15.0000 |
03-11-21 00:15:53 - epoch     6 train | loss 0.4431| prediction accuracy 83.41%| average message length 15.0000 |
03-11-21 00:17:03 - epoch     6 train | loss 0.4574| prediction accuracy 82.53%| average message length 15.0000 |
03-11-21 00:18:13 - epoch     7 train | loss 0.4436| prediction accuracy 83.25%| average message length 15.0000 |
03-11-21 00:19:36 - epoch  5500 valid | loss 0.4100| prediction accuracy 85.20%| average message length 15.0000 |
03-11-21 00:19:36 - Saving model to mbart_wcons
Epoch : 7 Prediction Accuracy = 85.20103503184713 Saved to Path : mbart_wcons
03-11-21 00:21:49 - epoch     7 train | loss 0.4357| prediction accuracy 83.66%| average message length 15.0000 |
03-11-21 00:22:59 - epoch     7 train | loss 0.4446| prediction accuracy 83.12%| average message length 15.0000 |
03-11-21 00:24:09 - epoch     7 train | loss 0.4402| prediction accuracy 83.47%| average message length 15.0000 |
03-11-21 00:25:19 - epoch     7 train | loss 0.4355| prediction accuracy 84.03%| average message length 15.0000 |
03-11-21 00:26:29 - epoch     7 train | loss 0.4148| prediction accuracy 84.44%| average message length 15.0000 |
03-11-21 00:27:39 - epoch     7 train | loss 0.4291| prediction accuracy 83.56%| average message length 15.0000 |
03-11-21 00:28:50 - epoch     7 train | loss 0.4408| prediction accuracy 83.47%| average message length 15.0000 |
03-11-21 00:30:00 - epoch     7 train | loss 0.4111| prediction accuracy 84.78%| average message length 15.0000 |
03-11-21 00:31:10 - epoch     7 train | loss 0.4033| prediction accuracy 85.31%| average message length 15.0000 |
03-11-21 00:32:20 - epoch     7 train | loss 0.4019| prediction accuracy 84.94%| average message length 15.0000 |
03-11-21 00:33:43 - epoch  6000 valid | loss 0.3808| prediction accuracy 86.57%| average message length 15.0000 |
03-11-21 00:33:43 - Saving model to mbart_wcons
Epoch : 7 Prediction Accuracy = 86.57444267515923 Saved to Path : mbart_wcons
03-11-21 00:35:58 - epoch     7 train | loss 0.4056| prediction accuracy 84.66%| average message length 15.0000 |
03-11-21 00:37:13 - epoch     7 train | loss 0.4269| prediction accuracy 83.84%| average message length 15.0000 |
03-11-21 00:38:28 - epoch     7 train | loss 0.4047| prediction accuracy 85.31%| average message length 15.0000 |
03-11-21 00:39:42 - epoch     7 train | loss 0.3904| prediction accuracy 85.31%| average message length 15.0000 |
03-11-21 00:40:57 - epoch     8 train | loss 0.4176| prediction accuracy 84.41%| average message length 15.0000 |
03-11-21 00:42:12 - epoch     8 train | loss 0.3925| prediction accuracy 85.06%| average message length 15.0000 |
03-11-21 00:43:27 - epoch     8 train | loss 0.3904| prediction accuracy 85.25%| average message length 15.0000 |
03-11-21 00:44:42 - epoch     8 train | loss 0.4155| prediction accuracy 84.03%| average message length 15.0000 |
03-11-21 00:45:56 - epoch     8 train | loss 0.3913| prediction accuracy 85.81%| average message length 15.0000 |
03-11-21 00:47:11 - epoch     8 train | loss 0.3966| prediction accuracy 85.06%| average message length 15.0000 |
03-11-21 00:48:42 - epoch  6500 valid | loss 0.3616| prediction accuracy 87.05%| average message length 15.0000 |
03-11-21 00:48:42 - Saving model to mbart_wcons
Epoch : 8 Prediction Accuracy = 87.05214968152866 Saved to Path : mbart_wcons
03-11-21 00:50:59 - epoch     8 train | loss 0.3921| prediction accuracy 84.81%| average message length 15.0000 |
03-11-21 00:52:09 - epoch     8 train | loss 0.3869| prediction accuracy 85.72%| average message length 15.0000 |
03-11-21 00:53:19 - epoch     8 train | loss 0.3780| prediction accuracy 86.91%| average message length 15.0000 |
03-11-21 00:54:29 - epoch     8 train | loss 0.3694| prediction accuracy 85.84%| average message length 15.0000 |
03-11-21 00:55:39 - epoch     8 train | loss 0.3769| prediction accuracy 85.78%| average message length 15.0000 |
03-11-21 00:56:50 - epoch     8 train | loss 0.3728| prediction accuracy 86.53%| average message length 15.0000 |
03-11-21 00:58:00 - epoch     8 train | loss 0.3688| prediction accuracy 86.41%| average message length 15.0000 |
03-11-21 00:59:10 - epoch     8 train | loss 0.3794| prediction accuracy 85.94%| average message length 15.0000 |
03-11-21 01:00:20 - epoch     8 train | loss 0.3827| prediction accuracy 85.50%| average message length 15.0000 |
03-11-21 01:01:30 - epoch     8 train | loss 0.3728| prediction accuracy 85.66%| average message length 15.0000 |
03-11-21 01:02:53 - epoch  7000 valid | loss 0.3333| prediction accuracy 88.29%| average message length 15.0000 |
03-11-21 01:02:53 - Saving model to mbart_wcons
Epoch : 8 Prediction Accuracy = 88.28622611464968 Saved to Path : mbart_wcons
03-11-21 01:05:18 - epoch     9 train | loss 0.3352| prediction accuracy 88.06%| average message length 15.0000 |
03-11-21 01:06:33 - epoch     9 train | loss 0.3661| prediction accuracy 86.25%| average message length 15.0000 |
03-11-21 01:07:47 - epoch     9 train | loss 0.3819| prediction accuracy 85.12%| average message length 15.0000 |
03-11-21 01:09:02 - epoch     9 train | loss 0.3523| prediction accuracy 86.53%| average message length 15.0000 |
03-11-21 01:10:17 - epoch     9 train | loss 0.3604| prediction accuracy 86.16%| average message length 15.0000 |
03-11-21 01:11:32 - epoch     9 train | loss 0.3565| prediction accuracy 86.59%| average message length 15.0000 |
03-11-21 01:12:47 - epoch     9 train | loss 0.3559| prediction accuracy 86.69%| average message length 15.0000 |
03-11-21 01:14:02 - epoch     9 train | loss 0.3351| prediction accuracy 87.50%| average message length 15.0000 |
03-11-21 01:15:16 - epoch     9 train | loss 0.3292| prediction accuracy 87.81%| average message length 15.0000 |
03-11-21 01:16:31 - epoch     9 train | loss 0.3406| prediction accuracy 86.56%| average message length 15.0000 |
03-11-21 01:18:02 - epoch  7500 valid | loss 0.3207| prediction accuracy 88.98%| average message length 15.0000 |
03-11-21 01:18:02 - Saving model to mbart_wcons
Epoch : 9 Prediction Accuracy = 88.98288216560509 Saved to Path : mbart_wcons
03-11-21 01:20:20 - epoch     9 train | loss 0.3686| prediction accuracy 85.81%| average message length 15.0000 |
03-11-21 01:21:30 - epoch     9 train | loss 0.3382| prediction accuracy 87.09%| average message length 15.0000 |
03-11-21 01:22:40 - epoch     9 train | loss 0.3344| prediction accuracy 87.72%| average message length 15.0000 |
03-11-21 01:23:50 - epoch     9 train | loss 0.3466| prediction accuracy 87.59%| average message length 15.0000 |
03-11-21 01:25:00 - epoch     9 train | loss 0.3304| prediction accuracy 87.91%| average message length 15.0000 |
03-11-21 01:26:10 - epoch     9 train | loss 0.3269| prediction accuracy 87.91%| average message length 15.0000 |
03-11-21 01:27:20 - epoch    10 train | loss 0.3570| prediction accuracy 86.59%| average message length 15.0000 |
03-11-21 01:28:31 - epoch    10 train | loss 0.3153| prediction accuracy 88.31%| average message length 15.0000 |
03-11-21 01:29:41 - epoch    10 train | loss 0.3233| prediction accuracy 88.03%| average message length 15.0000 |
03-11-21 01:30:51 - epoch    10 train | loss 0.3421| prediction accuracy 86.50%| average message length 15.0000 |
03-11-21 01:32:14 - epoch  8000 valid | loss 0.3028| prediction accuracy 89.21%| average message length 15.0000 |
03-11-21 01:32:14 - Saving model to mbart_wcons
Epoch : 10 Prediction Accuracy = 89.21178343949045 Saved to Path : mbart_wcons
03-11-21 01:34:38 - epoch    10 train | loss 0.3254| prediction accuracy 88.19%| average message length 15.0000 |
03-11-21 01:35:53 - epoch    10 train | loss 0.3387| prediction accuracy 87.38%| average message length 15.0000 |
03-11-21 01:37:08 - epoch    10 train | loss 0.3049| prediction accuracy 88.97%| average message length 15.0000 |
03-11-21 01:38:23 - epoch    10 train | loss 0.3103| prediction accuracy 88.84%| average message length 15.0000 |
03-11-21 01:39:37 - epoch    10 train | loss 0.3192| prediction accuracy 88.03%| average message length 15.0000 |
03-11-21 01:40:52 - epoch    10 train | loss 0.3224| prediction accuracy 88.03%| average message length 15.0000 |
03-11-21 01:42:07 - epoch    10 train | loss 0.2994| prediction accuracy 89.00%| average message length 15.0000 |
03-11-21 01:43:22 - epoch    10 train | loss 0.3003| prediction accuracy 89.28%| average message length 15.0000 |
03-11-21 01:44:36 - epoch    10 train | loss 0.3053| prediction accuracy 88.69%| average message length 15.0000 |
03-11-21 01:45:51 - epoch    10 train | loss 0.3176| prediction accuracy 88.38%| average message length 15.0000 |
03-11-21 01:47:22 - epoch  8500 valid | loss 0.2847| prediction accuracy 89.85%| average message length 15.0000 |
03-11-21 01:47:22 - Saving model to mbart_wcons
Epoch : 10 Prediction Accuracy = 89.84872611464968 Saved to Path : mbart_wcons
03-11-21 01:49:38 - epoch    10 train | loss 0.3047| prediction accuracy 88.62%| average message length 15.0000 |
03-11-21 01:50:48 - epoch    11 train | loss 0.2940| prediction accuracy 89.25%| average message length 15.0000 |
03-11-21 01:51:58 - epoch    11 train | loss 0.3088| prediction accuracy 88.72%| average message length 15.0000 |
03-11-21 01:53:08 - epoch    11 train | loss 0.2934| prediction accuracy 89.50%| average message length 15.0000 |
03-11-21 01:54:18 - epoch    11 train | loss 0.3105| prediction accuracy 88.78%| average message length 15.0000 |
03-11-21 01:55:28 - epoch    11 train | loss 0.2861| prediction accuracy 89.91%| average message length 15.0000 |
03-11-21 01:56:38 - epoch    11 train | loss 0.3068| prediction accuracy 88.59%| average message length 15.0000 |
03-11-21 01:57:48 - epoch    11 train | loss 0.3026| prediction accuracy 88.56%| average message length 15.0000 |
03-11-21 01:58:58 - epoch    11 train | loss 0.2858| prediction accuracy 89.50%| average message length 15.0000 |
03-11-21 02:00:08 - epoch    11 train | loss 0.3221| prediction accuracy 87.66%| average message length 15.0000 |
03-11-21 02:01:31 - epoch  9000 valid | loss 0.2647| prediction accuracy 90.73%| average message length 15.0000 |
03-11-21 02:01:31 - Saving model to mbart_wcons
Epoch : 11 Prediction Accuracy = 90.734474522293 Saved to Path : mbart_wcons
03-11-21 02:03:53 - epoch    11 train | loss 0.2780| prediction accuracy 88.94%| average message length 15.0000 |
03-11-21 02:05:03 - epoch    11 train | loss 0.2931| prediction accuracy 89.56%| average message length 15.0000 |
03-11-21 02:06:13 - epoch    11 train | loss 0.2879| prediction accuracy 89.03%| average message length 15.0000 |
03-11-21 02:07:23 - epoch    11 train | loss 0.2800| prediction accuracy 89.66%| average message length 15.0000 |
03-11-21 02:08:33 - epoch    11 train | loss 0.2910| prediction accuracy 89.38%| average message length 15.0000 |
03-11-21 02:09:43 - epoch    11 train | loss 0.2654| prediction accuracy 90.53%| average message length 15.0000 |
03-11-21 02:10:53 - epoch    11 train | loss 0.2740| prediction accuracy 89.81%| average message length 15.0000 |
03-11-21 02:12:03 - epoch    12 train | loss 0.2914| prediction accuracy 89.25%| average message length 15.0000 |
03-11-21 02:13:13 - epoch    12 train | loss 0.2729| prediction accuracy 89.84%| average message length 15.0000 |
03-11-21 02:14:23 - epoch    12 train | loss 0.2670| prediction accuracy 90.12%| average message length 15.0000 |
03-11-21 02:15:46 - epoch  9500 valid | loss 0.2629| prediction accuracy 90.68%| average message length 15.0000 |
03-11-21 02:16:56 - epoch    12 train | loss 0.2851| prediction accuracy 89.19%| average message length 15.0000 |
03-11-21 02:18:06 - epoch    12 train | loss 0.2952| prediction accuracy 88.97%| average message length 15.0000 |
03-11-21 02:19:16 - epoch    12 train | loss 0.2800| prediction accuracy 89.62%| average message length 15.0000 |
03-11-21 02:20:26 - epoch    12 train | loss 0.2848| prediction accuracy 89.91%| average message length 15.0000 |
03-11-21 02:21:36 - epoch    12 train | loss 0.2781| prediction accuracy 89.69%| average message length 15.0000 |
03-11-21 02:22:46 - epoch    12 train | loss 0.2676| prediction accuracy 90.38%| average message length 15.0000 |
03-11-21 02:23:56 - epoch    12 train | loss 0.2695| prediction accuracy 90.00%| average message length 15.0000 |
03-11-21 02:25:06 - epoch    12 train | loss 0.2813| prediction accuracy 89.88%| average message length 15.0000 |
03-11-21 02:26:16 - epoch    12 train | loss 0.2799| prediction accuracy 88.75%| average message length 15.0000 |
03-11-21 02:27:26 - epoch    12 train | loss 0.2619| prediction accuracy 90.72%| average message length 15.0000 |
03-11-21 02:28:49 - epoch 10000 valid | loss 0.2401| prediction accuracy 91.48%| average message length 15.0000 |
03-11-21 02:28:49 - Saving model to mbart_wcons
Epoch : 12 Prediction Accuracy = 91.48089171974522 Saved to Path : mbart_wcons
03-11-21 02:30:59 - epoch    12 train | loss 0.2550| prediction accuracy 90.34%| average message length 15.0000 |
03-11-21 02:32:09 - epoch    12 train | loss 0.2815| prediction accuracy 89.69%| average message length 15.0000 |
03-11-21 02:33:19 - epoch    12 train | loss 0.2746| prediction accuracy 89.69%| average message length 15.0000 |
03-11-21 02:34:29 - epoch    13 train | loss 0.2748| prediction accuracy 89.84%| average message length 15.0000 |
03-11-21 02:35:39 - epoch    13 train | loss 0.2677| prediction accuracy 90.09%| average message length 15.0000 |
03-11-21 02:36:49 - epoch    13 train | loss 0.2552| prediction accuracy 90.59%| average message length 15.0000 |
03-11-21 02:37:59 - epoch    13 train | loss 0.2632| prediction accuracy 89.94%| average message length 15.0000 |
03-11-21 02:39:09 - epoch    13 train | loss 0.2487| prediction accuracy 91.16%| average message length 15.0000 |
03-11-21 02:40:19 - epoch    13 train | loss 0.2548| prediction accuracy 90.94%| average message length 15.0000 |
03-11-21 02:41:29 - epoch    13 train | loss 0.2669| prediction accuracy 90.06%| average message length 15.0000 |
03-11-21 02:42:52 - epoch 10500 valid | loss 0.2355| prediction accuracy 91.83%| average message length 15.0000 |
03-11-21 02:42:52 - Saving model to mbart_wcons
Epoch : 13 Prediction Accuracy = 91.82921974522293 Saved to Path : mbart_wcons
03-11-21 02:45:10 - epoch    13 train | loss 0.2509| prediction accuracy 90.94%| average message length 15.0000 |
03-11-21 02:46:19 - epoch    13 train | loss 0.2607| prediction accuracy 90.62%| average message length 15.0000 |
03-11-21 02:47:29 - epoch    13 train | loss 0.2620| prediction accuracy 90.59%| average message length 15.0000 |
03-11-21 02:48:39 - epoch    13 train | loss 0.2579| prediction accuracy 90.03%| average message length 15.0000 |
03-11-21 02:49:49 - epoch    13 train | loss 0.2516| prediction accuracy 90.84%| average message length 15.0000 |
03-11-21 02:50:59 - epoch    13 train | loss 0.2624| prediction accuracy 90.75%| average message length 15.0000 |
03-11-21 02:52:09 - epoch    13 train | loss 0.2557| prediction accuracy 90.69%| average message length 15.0000 |
03-11-21 02:53:19 - epoch    13 train | loss 0.2508| prediction accuracy 90.81%| average message length 15.0000 |
03-11-21 02:54:29 - epoch    14 train | loss 0.2482| prediction accuracy 91.31%| average message length 15.0000 |
03-11-21 02:55:39 - epoch    14 train | loss 0.2561| prediction accuracy 90.22%| average message length 15.0000 |
03-11-21 02:57:02 - epoch 11000 valid | loss 0.2219| prediction accuracy 92.30%| average message length 15.0000 |
03-11-21 02:57:02 - Saving model to mbart_wcons
Epoch : 14 Prediction Accuracy = 92.296974522293 Saved to Path : mbart_wcons
03-11-21 02:59:24 - epoch    14 train | loss 0.2468| prediction accuracy 91.09%| average message length 15.0000 |
03-11-21 03:00:39 - epoch    14 train | loss 0.2501| prediction accuracy 91.38%| average message length 15.0000 |
03-11-21 03:01:53 - epoch    14 train | loss 0.2577| prediction accuracy 90.66%| average message length 15.0000 |
03-11-21 03:03:08 - epoch    14 train | loss 0.2244| prediction accuracy 92.16%| average message length 15.0000 |
03-11-21 03:04:23 - epoch    14 train | loss 0.2474| prediction accuracy 90.56%| average message length 15.0000 |
03-11-21 03:05:38 - epoch    14 train | loss 0.2305| prediction accuracy 91.53%| average message length 15.0000 |
03-11-21 03:06:52 - epoch    14 train | loss 0.2394| prediction accuracy 91.38%| average message length 15.0000 |
03-11-21 03:08:07 - epoch    14 train | loss 0.2475| prediction accuracy 90.25%| average message length 15.0000 |
03-11-21 03:09:20 - epoch    14 train | loss 0.2406| prediction accuracy 91.28%| average message length 15.0000 |
03-11-21 03:10:30 - epoch    14 train | loss 0.2347| prediction accuracy 91.47%| average message length 15.0000 |
03-11-21 03:11:53 - epoch 11500 valid | loss 0.2182| prediction accuracy 92.52%| average message length 15.0000 |
03-11-21 03:11:53 - Saving model to mbart_wcons
Epoch : 14 Prediction Accuracy = 92.51592356687898 Saved to Path : mbart_wcons
03-11-21 03:14:04 - epoch    14 train | loss 0.2335| prediction accuracy 91.59%| average message length 15.0000 |
03-11-21 03:15:14 - epoch    14 train | loss 0.2360| prediction accuracy 91.00%| average message length 15.0000 |
03-11-21 03:16:24 - epoch    14 train | loss 0.2556| prediction accuracy 89.81%| average message length 15.0000 |
03-11-21 03:17:34 - epoch    14 train | loss 0.2418| prediction accuracy 91.00%| average message length 15.0000 |
03-11-21 03:18:44 - epoch    15 train | loss 0.2380| prediction accuracy 90.53%| average message length 15.0000 |
03-11-21 03:19:54 - epoch    15 train | loss 0.2377| prediction accuracy 91.50%| average message length 15.0000 |
03-11-21 03:21:04 - epoch    15 train | loss 0.2410| prediction accuracy 90.88%| average message length 15.0000 |
03-11-21 03:22:14 - epoch    15 train | loss 0.2266| prediction accuracy 92.09%| average message length 15.0000 |
03-11-21 03:23:24 - epoch    15 train | loss 0.2264| prediction accuracy 91.56%| average message length 15.0000 |
03-11-21 03:24:34 - epoch    15 train | loss 0.2170| prediction accuracy 92.31%| average message length 15.0000 |
03-11-21 03:25:56 - epoch 12000 valid | loss 0.2165| prediction accuracy 92.28%| average message length 15.0000 |
03-11-21 03:27:06 - epoch    15 train | loss 0.2422| prediction accuracy 91.09%| average message length 15.0000 |
03-11-21 03:28:16 - epoch    15 train | loss 0.2338| prediction accuracy 91.41%| average message length 15.0000 |
03-11-21 03:29:26 - epoch    15 train | loss 0.2156| prediction accuracy 91.91%| average message length 15.0000 |
03-11-21 03:30:36 - epoch    15 train | loss 0.2387| prediction accuracy 91.16%| average message length 15.0000 |
03-11-21 03:31:46 - epoch    15 train | loss 0.2227| prediction accuracy 92.00%| average message length 15.0000 |
03-11-21 03:32:56 - epoch    15 train | loss 0.2266| prediction accuracy 91.44%| average message length 15.0000 |
03-11-21 03:34:06 - epoch    15 train | loss 0.2209| prediction accuracy 91.94%| average message length 15.0000 |
03-11-21 03:35:16 - epoch    15 train | loss 0.2203| prediction accuracy 91.97%| average message length 15.0000 |
03-11-21 03:36:26 - epoch    15 train | loss 0.2289| prediction accuracy 91.56%| average message length 15.0000 |
03-11-21 03:37:36 - epoch    16 train | loss 0.2194| prediction accuracy 92.28%| average message length 15.0000 |
03-11-21 03:38:58 - epoch 12500 valid | loss 0.2062| prediction accuracy 92.64%| average message length 15.0000 |
03-11-21 03:38:58 - Saving model to mbart_wcons
Epoch : 16 Prediction Accuracy = 92.63535031847134 Saved to Path : mbart_wcons
03-11-21 03:41:15 - epoch    16 train | loss 0.2232| prediction accuracy 92.38%| average message length 15.0000 |
03-11-21 03:42:30 - epoch    16 train | loss 0.2163| prediction accuracy 92.44%| average message length 15.0000 |
03-11-21 03:43:44 - epoch    16 train | loss 0.2263| prediction accuracy 91.03%| average message length 15.0000 |
03-11-21 03:44:59 - epoch    16 train | loss 0.2085| prediction accuracy 92.84%| average message length 15.0000 |
03-11-21 03:46:14 - epoch    16 train | loss 0.2194| prediction accuracy 92.25%| average message length 15.0000 |
03-11-21 03:47:29 - epoch    16 train | loss 0.2095| prediction accuracy 92.50%| average message length 15.0000 |
03-11-21 03:48:43 - epoch    16 train | loss 0.2066| prediction accuracy 93.00%| average message length 15.0000 |
03-11-21 03:49:58 - epoch    16 train | loss 0.2076| prediction accuracy 92.62%| average message length 15.0000 |
03-11-21 03:51:13 - epoch    16 train | loss 0.2122| prediction accuracy 92.56%| average message length 15.0000 |
03-11-21 03:52:28 - epoch    16 train | loss 0.2163| prediction accuracy 92.53%| average message length 15.0000 |
03-11-21 03:53:58 - epoch 13000 valid | loss 0.1899| prediction accuracy 93.31%| average message length 15.0000 |
03-11-21 03:53:58 - Saving model to mbart_wcons
Epoch : 16 Prediction Accuracy = 93.31210191082802 Saved to Path : mbart_wcons
03-11-21 03:56:19 - epoch    16 train | loss 0.2092| prediction accuracy 92.28%| average message length 15.0000 |
03-11-21 03:57:34 - epoch    16 train | loss 0.2195| prediction accuracy 91.59%| average message length 15.0000 |
03-11-21 03:58:49 - epoch    16 train | loss 0.2069| prediction accuracy 92.50%| average message length 15.0000 |
03-11-21 04:00:04 - epoch    16 train | loss 0.2160| prediction accuracy 91.97%| average message length 15.0000 |
03-11-21 04:01:18 - epoch    16 train | loss 0.2170| prediction accuracy 91.28%| average message length 15.0000 |
03-11-21 04:02:33 - epoch    17 train | loss 0.2190| prediction accuracy 91.88%| average message length 15.0000 |
03-11-21 04:03:48 - epoch    17 train | loss 0.2021| prediction accuracy 92.91%| average message length 15.0000 |
03-11-21 04:05:02 - epoch    17 train | loss 0.2213| prediction accuracy 92.34%| average message length 15.0000 |
03-11-21 04:06:17 - epoch    17 train | loss 0.2047| prediction accuracy 92.78%| average message length 15.0000 |
03-11-21 04:07:32 - epoch    17 train | loss 0.2082| prediction accuracy 92.25%| average message length 15.0000 |
03-11-21 04:09:02 - epoch 13500 valid | loss 0.1946| prediction accuracy 93.20%| average message length 15.0000 |
03-11-21 04:10:17 - epoch    17 train | loss 0.2111| prediction accuracy 92.47%| average message length 15.0000 |
03-11-21 04:11:32 - epoch    17 train | loss 0.2013| prediction accuracy 92.47%| average message length 15.0000 |
03-11-21 04:12:46 - epoch    17 train | loss 0.1985| prediction accuracy 92.47%| average message length 15.0000 |
03-11-21 04:14:01 - epoch    17 train | loss 0.2078| prediction accuracy 92.56%| average message length 15.0000 |
03-11-21 04:15:16 - epoch    17 train | loss 0.1905| prediction accuracy 93.16%| average message length 15.0000 |
03-11-21 04:16:31 - epoch    17 train | loss 0.1929| prediction accuracy 92.91%| average message length 15.0000 |
03-11-21 04:17:45 - epoch    17 train | loss 0.2135| prediction accuracy 92.16%| average message length 15.0000 |
03-11-21 04:19:00 - epoch    17 train | loss 0.2134| prediction accuracy 91.91%| average message length 15.0000 |
03-11-21 04:20:15 - epoch    17 train | loss 0.2095| prediction accuracy 92.06%| average message length 15.0000 |
03-11-21 04:21:29 - epoch    17 train | loss 0.1955| prediction accuracy 93.16%| average message length 15.0000 |
03-11-21 04:23:00 - epoch 14000 valid | loss 0.1928| prediction accuracy 93.22%| average message length 15.0000 |
03-11-21 04:24:15 - epoch    17 train | loss 0.2028| prediction accuracy 92.66%| average message length 15.0000 |
03-11-21 04:25:29 - epoch    18 train | loss 0.1990| prediction accuracy 93.09%| average message length 15.0000 |
03-11-21 04:26:44 - epoch    18 train | loss 0.2022| prediction accuracy 92.69%| average message length 15.0000 |
03-11-21 04:27:59 - epoch    18 train | loss 0.2021| prediction accuracy 92.69%| average message length 15.0000 |
03-11-21 04:29:14 - epoch    18 train | loss 0.2013| prediction accuracy 92.34%| average message length 15.0000 |
03-11-21 04:30:28 - epoch    18 train | loss 0.2045| prediction accuracy 92.28%| average message length 15.0000 |
03-11-21 04:31:43 - epoch    18 train | loss 0.1923| prediction accuracy 93.25%| average message length 15.0000 |
03-11-21 04:32:58 - epoch    18 train | loss 0.1879| prediction accuracy 92.91%| average message length 15.0000 |
03-11-21 04:34:12 - epoch    18 train | loss 0.2040| prediction accuracy 92.56%| average message length 15.0000 |
03-11-21 04:35:27 - epoch    18 train | loss 0.1869| prediction accuracy 93.56%| average message length 15.0000 |
03-11-21 04:36:58 - epoch 14500 valid | loss 0.1795| prediction accuracy 93.94%| average message length 15.0000 |
03-11-21 04:36:58 - Saving model to mbart_wcons
Epoch : 18 Prediction Accuracy = 93.9390923566879 Saved to Path : mbart_wcons
03-11-21 04:39:13 - epoch    18 train | loss 0.1913| prediction accuracy 93.16%| average message length 15.0000 |
03-11-21 04:40:23 - epoch    18 train | loss 0.1919| prediction accuracy 93.75%| average message length 15.0000 |
03-11-21 04:41:33 - epoch    18 train | loss 0.1939| prediction accuracy 93.03%| average message length 15.0000 |
03-11-21 04:42:43 - epoch    18 train | loss 0.1996| prediction accuracy 92.78%| average message length 15.0000 |
03-11-21 04:43:54 - epoch    18 train | loss 0.1904| prediction accuracy 92.97%| average message length 15.0000 |
03-11-21 04:45:04 - epoch    18 train | loss 0.2083| prediction accuracy 92.09%| average message length 15.0000 |
03-11-21 04:46:14 - epoch    19 train | loss 0.1859| prediction accuracy 93.34%| average message length 15.0000 |
03-11-21 04:47:25 - epoch    19 train | loss 0.1803| prediction accuracy 93.31%| average message length 15.0000 |
03-11-21 04:48:35 - epoch    19 train | loss 0.1670| prediction accuracy 94.06%| average message length 15.0000 |
03-11-21 04:49:45 - epoch    19 train | loss 0.1986| prediction accuracy 92.69%| average message length 15.0000 |
03-11-21 04:51:08 - epoch 15000 valid | loss 0.1722| prediction accuracy 93.96%| average message length 15.0000 |
03-11-21 04:51:08 - Saving model to mbart_wcons
Epoch : 19 Prediction Accuracy = 93.95899681528662 Saved to Path : mbart_wcons
03-11-21 04:53:27 - epoch    19 train | loss 0.1967| prediction accuracy 92.69%| average message length 15.0000 |
03-11-21 04:54:42 - epoch    19 train | loss 0.1899| prediction accuracy 92.81%| average message length 15.0000 |
03-11-21 04:55:57 - epoch    19 train | loss 0.1826| prediction accuracy 93.69%| average message length 15.0000 |
03-11-21 04:57:11 - epoch    19 train | loss 0.1887| prediction accuracy 93.09%| average message length 15.0000 |
03-11-21 04:58:26 - epoch    19 train | loss 0.1823| prediction accuracy 93.38%| average message length 15.0000 |
03-11-21 04:59:41 - epoch    19 train | loss 0.1917| prediction accuracy 93.16%| average message length 15.0000 |
03-11-21 05:00:56 - epoch    19 train | loss 0.1822| prediction accuracy 93.09%| average message length 15.0000 |
03-11-21 05:02:10 - epoch    19 train | loss 0.1855| prediction accuracy 93.19%| average message length 15.0000 |
03-11-21 05:03:25 - epoch    19 train | loss 0.1781| prediction accuracy 94.28%| average message length 15.0000 |
03-11-21 05:04:40 - epoch    19 train | loss 0.1886| prediction accuracy 92.94%| average message length 15.0000 |
03-11-21 05:06:10 - epoch 15500 valid | loss 0.1735| prediction accuracy 93.81%| average message length 15.0000 |
03-11-21 05:07:25 - epoch    19 train | loss 0.1971| prediction accuracy 92.75%| average message length 15.0000 |
03-11-21 05:08:40 - epoch    19 train | loss 0.1767| prediction accuracy 93.56%| average message length 15.0000 |
03-11-21 05:09:54 - epoch    20 train | loss 0.1750| prediction accuracy 93.75%| average message length 15.0000 |
03-11-21 05:11:09 - epoch    20 train | loss 0.1882| prediction accuracy 92.94%| average message length 15.0000 |
03-11-21 05:12:24 - epoch    20 train | loss 0.1879| prediction accuracy 93.16%| average message length 15.0000 |
03-11-21 05:13:38 - epoch    20 train | loss 0.2011| prediction accuracy 92.62%| average message length 15.0000 |
03-11-21 05:14:53 - epoch    20 train | loss 0.1801| prediction accuracy 93.75%| average message length 15.0000 |
03-11-21 05:16:08 - epoch    20 train | loss 0.1826| prediction accuracy 93.62%| average message length 15.0000 |
03-11-21 05:17:22 - epoch    20 train | loss 0.1849| prediction accuracy 93.38%| average message length 15.0000 |
03-11-21 05:18:37 - epoch    20 train | loss 0.1866| prediction accuracy 93.53%| average message length 15.0000 |
03-11-21 05:20:08 - epoch 16000 valid | loss 0.1735| prediction accuracy 93.51%| average message length 15.0000 |
03-11-21 05:21:22 - epoch    20 train | loss 0.1754| prediction accuracy 93.62%| average message length 15.0000 |
03-11-21 05:22:37 - epoch    20 train | loss 0.1757| prediction accuracy 93.56%| average message length 15.0000 |
03-11-21 05:23:52 - epoch    20 train | loss 0.1688| prediction accuracy 93.84%| average message length 15.0000 |
03-11-21 05:25:06 - epoch    20 train | loss 0.1771| prediction accuracy 93.31%| average message length 15.0000 |
03-11-21 05:26:17 - epoch    20 train | loss 0.1896| prediction accuracy 92.66%| average message length 15.0000 |
03-11-21 05:27:25 - epoch    20 train | loss 0.1910| prediction accuracy 92.84%| average message length 15.0000 |
03-11-21 05:28:34 - epoch    20 train | loss 0.1828| prediction accuracy 93.25%| average message length 15.0000 |
03-11-21 05:29:42 - epoch    20 train | loss 0.1929| prediction accuracy 92.78%| average message length 15.0000 |
03-11-21 05:30:51 - epoch    21 train | loss 0.1752| prediction accuracy 93.66%| average message length 15.0000 |
03-11-21 05:31:59 - epoch    21 train | loss 0.1828| prediction accuracy 93.28%| average message length 15.0000 |
03-11-21 05:33:22 - epoch 16500 valid | loss 0.1535| prediction accuracy 94.75%| average message length 15.0000 |
03-11-21 05:33:22 - Saving model to mbart_wcons
Epoch : 21 Prediction Accuracy = 94.7452229299363 Saved to Path : mbart_wcons
03-11-21 05:35:41 - epoch    21 train | loss 0.1841| prediction accuracy 93.25%| average message length 15.0000 |
03-11-21 05:36:56 - epoch    21 train | loss 0.1709| prediction accuracy 93.84%| average message length 15.0000 |
03-11-21 05:38:11 - epoch    21 train | loss 0.1738| prediction accuracy 93.16%| average message length 15.0000 |
03-11-21 05:39:25 - epoch    21 train | loss 0.1700| prediction accuracy 94.16%| average message length 15.0000 |
03-11-21 05:40:40 - epoch    21 train | loss 0.1667| prediction accuracy 94.16%| average message length 15.0000 |
03-11-21 05:41:55 - epoch    21 train | loss 0.1780| prediction accuracy 93.00%| average message length 15.0000 |
03-11-21 05:43:07 - epoch    21 train | loss 0.1787| prediction accuracy 93.59%| average message length 15.0000 |
03-11-21 05:44:17 - epoch    21 train | loss 0.1745| prediction accuracy 93.56%| average message length 15.0000 |
03-11-21 05:45:27 - epoch    21 train | loss 0.1754| prediction accuracy 93.91%| average message length 15.0000 |
03-11-21 05:46:37 - epoch    21 train | loss 0.1587| prediction accuracy 94.31%| average message length 15.0000 |
03-11-21 05:47:59 - epoch 17000 valid | loss 0.1646| prediction accuracy 94.15%| average message length 15.0000 |
03-11-21 05:49:09 - epoch    21 train | loss 0.1730| prediction accuracy 93.72%| average message length 15.0000 |
03-11-21 05:50:19 - epoch    21 train | loss 0.1602| prediction accuracy 94.06%| average message length 15.0000 |
03-11-21 05:51:29 - epoch    21 train | loss 0.1793| prediction accuracy 93.28%| average message length 15.0000 |
03-11-21 05:52:39 - epoch    22 train | loss 0.1684| prediction accuracy 93.66%| average message length 15.0000 |
03-11-21 05:53:49 - epoch    22 train | loss 0.1704| prediction accuracy 94.09%| average message length 15.0000 |
03-11-21 05:54:59 - epoch    22 train | loss 0.1818| prediction accuracy 93.72%| average message length 15.0000 |
03-11-21 05:56:09 - epoch    22 train | loss 0.1655| prediction accuracy 93.91%| average message length 15.0000 |
03-11-21 05:57:19 - epoch    22 train | loss 0.1710| prediction accuracy 93.88%| average message length 15.0000 |
03-11-21 05:58:29 - epoch    22 train | loss 0.1668| prediction accuracy 93.88%| average message length 15.0000 |
03-11-21 05:59:39 - epoch    22 train | loss 0.1672| prediction accuracy 93.97%| average message length 15.0000 |
03-11-21 06:01:02 - epoch 17500 valid | loss 0.1724| prediction accuracy 93.83%| average message length 15.0000 |
03-11-21 06:02:12 - epoch    22 train | loss 0.1607| prediction accuracy 94.22%| average message length 15.0000 |
03-11-21 06:03:22 - epoch    22 train | loss 0.1747| prediction accuracy 93.81%| average message length 15.0000 |
03-11-21 06:04:32 - epoch    22 train | loss 0.1618| prediction accuracy 94.09%| average message length 15.0000 |
03-11-21 06:05:42 - epoch    22 train | loss 0.1668| prediction accuracy 93.50%| average message length 15.0000 |
03-11-21 06:06:52 - epoch    22 train | loss 0.1735| prediction accuracy 93.88%| average message length 15.0000 |
03-11-21 06:08:02 - epoch    22 train | loss 0.1681| prediction accuracy 93.97%| average message length 15.0000 |
03-11-21 06:09:12 - epoch    22 train | loss 0.1684| prediction accuracy 94.19%| average message length 15.0000 |
03-11-21 06:10:22 - epoch    22 train | loss 0.1791| prediction accuracy 93.44%| average message length 15.0000 |
03-11-21 06:11:32 - epoch    22 train | loss 0.1704| prediction accuracy 93.91%| average message length 15.0000 |
03-11-21 06:12:42 - epoch    23 train | loss 0.1722| prediction accuracy 93.81%| average message length 15.0000 |
03-11-21 06:14:05 - epoch 18000 valid | loss 0.1533| prediction accuracy 94.52%| average message length 15.0000 |
03-11-21 06:15:15 - epoch    23 train | loss 0.1592| prediction accuracy 94.03%| average message length 15.0000 |
03-11-21 06:16:25 - epoch    23 train | loss 0.1733| prediction accuracy 93.59%| average message length 15.0000 |
03-11-21 06:17:35 - epoch    23 train | loss 0.1737| prediction accuracy 93.78%| average message length 15.0000 |
03-11-21 06:18:45 - epoch    23 train | loss 0.1731| prediction accuracy 93.44%| average message length 15.0000 |
03-11-21 06:19:56 - epoch    23 train | loss 0.1779| prediction accuracy 93.81%| average message length 15.0000 |
03-11-21 06:21:06 - epoch    23 train | loss 0.1654| prediction accuracy 94.16%| average message length 15.0000 |
03-11-21 06:22:16 - epoch    23 train | loss 0.1660| prediction accuracy 93.53%| average message length 15.0000 |
03-11-21 06:23:26 - epoch    23 train | loss 0.1697| prediction accuracy 93.62%| average message length 15.0000 |
03-11-21 06:24:36 - epoch    23 train | loss 0.1658| prediction accuracy 94.22%| average message length 15.0000 |
03-11-21 06:25:46 - epoch    23 train | loss 0.1711| prediction accuracy 93.91%| average message length 15.0000 |
03-11-21 06:27:09 - epoch 18500 valid | loss 0.1500| prediction accuracy 94.68%| average message length 15.0000 |
03-11-21 06:28:19 - epoch    23 train | loss 0.1719| prediction accuracy 93.94%| average message length 15.0000 |
03-11-21 06:29:29 - epoch    23 train | loss 0.1717| prediction accuracy 93.69%| average message length 15.0000 |
03-11-21 06:30:39 - epoch    23 train | loss 0.1746| prediction accuracy 93.84%| average message length 15.0000 |
03-11-21 06:31:49 - epoch    23 train | loss 0.1694| prediction accuracy 93.66%| average message length 15.0000 |
03-11-21 06:32:59 - epoch    24 train | loss 0.1660| prediction accuracy 93.62%| average message length 15.0000 |
03-11-21 06:34:09 - epoch    24 train | loss 0.1637| prediction accuracy 93.88%| average message length 15.0000 |
03-11-21 06:35:20 - epoch    24 train | loss 0.1689| prediction accuracy 93.97%| average message length 15.0000 |
03-11-21 06:36:30 - epoch    24 train | loss 0.1531| prediction accuracy 94.38%| average message length 15.0000 |
03-11-21 06:37:40 - epoch    24 train | loss 0.1525| prediction accuracy 94.28%| average message length 15.0000 |
03-11-21 06:38:50 - epoch    24 train | loss 0.1680| prediction accuracy 93.59%| average message length 15.0000 |
03-11-21 06:40:13 - epoch 19000 valid | loss 0.1395| prediction accuracy 95.19%| average message length 15.0000 |
03-11-21 06:40:13 - Saving model to mbart_wcons
Epoch : 24 Prediction Accuracy = 95.19307324840764 Saved to Path : mbart_wcons
03-11-21 06:42:36 - epoch    24 train | loss 0.1636| prediction accuracy 94.31%| average message length 15.0000 |
03-11-21 06:43:51 - epoch    24 train | loss 0.1620| prediction accuracy 94.22%| average message length 15.0000 |
03-11-21 06:45:05 - epoch    24 train | loss 0.1544| prediction accuracy 94.00%| average message length 15.0000 |
03-11-21 06:46:20 - epoch    24 train | loss 0.1570| prediction accuracy 94.31%| average message length 15.0000 |
03-11-21 06:47:35 - epoch    24 train | loss 0.1478| prediction accuracy 94.62%| average message length 15.0000 |
03-11-21 06:48:49 - epoch    24 train | loss 0.1774| prediction accuracy 93.38%| average message length 15.0000 |
03-11-21 06:50:04 - epoch    24 train | loss 0.1524| prediction accuracy 94.47%| average message length 15.0000 |
03-11-21 06:51:19 - epoch    24 train | loss 0.1555| prediction accuracy 94.09%| average message length 15.0000 |
03-11-21 06:52:33 - epoch    24 train | loss 0.1646| prediction accuracy 94.41%| average message length 15.0000 |
03-11-21 06:53:48 - epoch    24 train | loss 0.1466| prediction accuracy 95.12%| average message length 15.0000 |
03-11-21 06:55:19 - epoch 19500 valid | loss 0.1464| prediction accuracy 94.98%| average message length 15.0000 |
03-11-21 06:56:33 - epoch    25 train | loss 0.1694| prediction accuracy 93.69%| average message length 15.0000 |
03-11-21 06:57:48 - epoch    25 train | loss 0.1614| prediction accuracy 94.84%| average message length 15.0000 |
03-11-21 06:59:03 - epoch    25 train | loss 0.1511| prediction accuracy 94.62%| average message length 15.0000 |
03-11-21 07:00:17 - epoch    25 train | loss 0.1543| prediction accuracy 94.34%| average message length 15.0000 |
03-11-21 07:01:32 - epoch    25 train | loss 0.1419| prediction accuracy 94.81%| average message length 15.0000 |
03-11-21 07:02:47 - epoch    25 train | loss 0.1564| prediction accuracy 94.06%| average message length 15.0000 |
03-11-21 07:04:01 - epoch    25 train | loss 0.1628| prediction accuracy 94.09%| average message length 15.0000 |
03-11-21 07:05:16 - epoch    25 train | loss 0.1684| prediction accuracy 93.88%| average message length 15.0000 |
03-11-21 07:06:31 - epoch    25 train | loss 0.1429| prediction accuracy 94.75%| average message length 15.0000 |
03-11-21 07:07:45 - epoch    25 train | loss 0.1512| prediction accuracy 94.28%| average message length 15.0000 |
03-11-21 07:09:16 - epoch 20000 valid | loss 0.1401| prediction accuracy 94.92%| average message length 15.0000 |
03-11-21 07:10:31 - epoch    25 train | loss 0.1505| prediction accuracy 94.56%| average message length 15.0000 |
03-11-21 07:11:45 - epoch    25 train | loss 0.1538| prediction accuracy 94.47%| average message length 15.0000 |
03-11-21 07:13:00 - epoch    25 train | loss 0.1539| prediction accuracy 94.69%| average message length 15.0000 |
03-11-21 07:14:15 - epoch    25 train | loss 0.1472| prediction accuracy 94.75%| average message length 15.0000 |
03-11-21 07:15:29 - epoch    25 train | loss 0.1428| prediction accuracy 94.66%| average message length 15.0000 |
03-11-21 07:16:44 - epoch    25 train | loss 0.1455| prediction accuracy 94.78%| average message length 15.0000 |
03-11-21 07:17:59 - epoch    26 train | loss 0.1437| prediction accuracy 95.06%| average message length 15.0000 |
03-11-21 07:19:14 - epoch    26 train | loss 0.1427| prediction accuracy 94.84%| average message length 15.0000 |
03-11-21 07:20:28 - epoch    26 train | loss 0.1452| prediction accuracy 94.59%| average message length 15.0000 |
03-11-21 07:21:43 - epoch    26 train | loss 0.1357| prediction accuracy 95.25%| average message length 15.0000 |
03-11-21 07:23:14 - epoch 20500 valid | loss 0.1391| prediction accuracy 95.05%| average message length 15.0000 |
03-11-21 07:24:28 - epoch    26 train | loss 0.1472| prediction accuracy 94.50%| average message length 15.0000 |
03-11-21 07:25:43 - epoch    26 train | loss 0.1658| prediction accuracy 93.94%| average message length 15.0000 |
03-11-21 07:26:58 - epoch    26 train | loss 0.1467| prediction accuracy 94.44%| average message length 15.0000 |
03-11-21 07:28:12 - epoch    26 train | loss 0.1505| prediction accuracy 94.28%| average message length 15.0000 |
03-11-21 07:29:27 - epoch    26 train | loss 0.1504| prediction accuracy 94.56%| average message length 15.0000 |
03-11-21 07:30:42 - epoch    26 train | loss 0.1383| prediction accuracy 94.94%| average message length 15.0000 |
03-11-21 07:31:56 - epoch    26 train | loss 0.1475| prediction accuracy 94.47%| average message length 15.0000 |
03-11-21 07:33:11 - epoch    26 train | loss 0.1587| prediction accuracy 94.22%| average message length 15.0000 |
03-11-21 07:34:26 - epoch    26 train | loss 0.1482| prediction accuracy 94.72%| average message length 15.0000 |
03-11-21 07:35:40 - epoch    26 train | loss 0.1440| prediction accuracy 94.41%| average message length 15.0000 |
03-11-21 07:37:11 - epoch 21000 valid | loss 0.1360| prediction accuracy 95.34%| average message length 15.0000 |
03-11-21 07:37:11 - Saving model to mbart_wcons
Epoch : 26 Prediction Accuracy = 95.34235668789809 Saved to Path : mbart_wcons
03-11-21 07:39:28 - epoch    26 train | loss 0.1387| prediction accuracy 94.94%| average message length 15.0000 |
03-11-21 07:40:38 - epoch    27 train | loss 0.1407| prediction accuracy 94.97%| average message length 15.0000 |
03-11-21 07:41:48 - epoch    27 train | loss 0.1568| prediction accuracy 94.12%| average message length 15.0000 |
03-11-21 07:42:58 - epoch    27 train | loss 0.1389| prediction accuracy 95.09%| average message length 15.0000 |
03-11-21 07:44:08 - epoch    27 train | loss 0.1433| prediction accuracy 95.19%| average message length 15.0000 |
03-11-21 07:45:18 - epoch    27 train | loss 0.1371| prediction accuracy 95.09%| average message length 15.0000 |
03-11-21 07:46:28 - epoch    27 train | loss 0.1446| prediction accuracy 94.56%| average message length 15.0000 |
03-11-21 07:47:38 - epoch    27 train | loss 0.1372| prediction accuracy 95.28%| average message length 15.0000 |
03-11-21 07:48:48 - epoch    27 train | loss 0.1383| prediction accuracy 95.16%| average message length 15.0000 |
03-11-21 07:49:58 - epoch    27 train | loss 0.1631| prediction accuracy 94.19%| average message length 15.0000 |
03-11-21 07:51:20 - epoch 21500 valid | loss 0.1378| prediction accuracy 95.07%| average message length 15.0000 |
03-11-21 07:52:30 - epoch    27 train | loss 0.1366| prediction accuracy 95.19%| average message length 15.0000 |
03-11-21 07:53:40 - epoch    27 train | loss 0.1515| prediction accuracy 94.34%| average message length 15.0000 |
03-11-21 07:54:50 - epoch    27 train | loss 0.1437| prediction accuracy 94.62%| average message length 15.0000 |
03-11-21 07:56:00 - epoch    27 train | loss 0.1420| prediction accuracy 94.97%| average message length 15.0000 |
03-11-21 07:57:10 - epoch    27 train | loss 0.1327| prediction accuracy 95.12%| average message length 15.0000 |
03-11-21 07:58:20 - epoch    27 train | loss 0.1273| prediction accuracy 95.53%| average message length 15.0000 |
03-11-21 07:59:30 - epoch    27 train | loss 0.1429| prediction accuracy 94.81%| average message length 15.0000 |
03-11-21 08:00:40 - epoch    28 train | loss 0.1333| prediction accuracy 95.31%| average message length 15.0000 |
03-11-21 08:01:50 - epoch    28 train | loss 0.1420| prediction accuracy 94.97%| average message length 15.0000 |
03-11-21 08:03:00 - epoch    28 train | loss 0.1337| prediction accuracy 95.31%| average message length 15.0000 |
03-11-21 08:04:22 - epoch 22000 valid | loss 0.1260| prediction accuracy 95.62%| average message length 15.0000 |
03-11-21 08:04:22 - Saving model to mbart_wcons
Epoch : 28 Prediction Accuracy = 95.62101910828025 Saved to Path : mbart_wcons
03-11-21 08:06:43 - epoch    28 train | loss 0.1411| prediction accuracy 94.97%| average message length 15.0000 |
03-11-21 08:07:57 - epoch    28 train | loss 0.1338| prediction accuracy 95.22%| average message length 15.0000 |
03-11-21 08:09:12 - epoch    28 train | loss 0.1413| prediction accuracy 95.06%| average message length 15.0000 |
03-11-21 08:10:27 - epoch    28 train | loss 0.1485| prediction accuracy 94.22%| average message length 15.0000 |
03-11-21 08:11:42 - epoch    28 train | loss 0.1400| prediction accuracy 94.97%| average message length 15.0000 |
03-11-21 08:12:56 - epoch    28 train | loss 0.1381| prediction accuracy 94.59%| average message length 15.0000 |
03-11-21 08:14:11 - epoch    28 train | loss 0.1412| prediction accuracy 94.62%| average message length 15.0000 |
03-11-21 08:15:26 - epoch    28 train | loss 0.1496| prediction accuracy 94.44%| average message length 15.0000 |
03-11-21 08:16:40 - epoch    28 train | loss 0.1345| prediction accuracy 94.78%| average message length 15.0000 |
03-11-21 08:17:55 - epoch    28 train | loss 0.1377| prediction accuracy 95.00%| average message length 15.0000 |
03-11-21 08:19:26 - epoch 22500 valid | loss 0.1309| prediction accuracy 95.33%| average message length 15.0000 |
03-11-21 08:20:40 - epoch    28 train | loss 0.1241| prediction accuracy 95.22%| average message length 15.0000 |
03-11-21 08:21:55 - epoch    28 train | loss 0.1450| prediction accuracy 94.50%| average message length 15.0000 |
03-11-21 08:23:10 - epoch    29 train | loss 0.1345| prediction accuracy 95.09%| average message length 15.0000 |
03-11-21 08:24:25 - epoch    29 train | loss 0.1358| prediction accuracy 95.16%| average message length 15.0000 |
03-11-21 08:25:39 - epoch    29 train | loss 0.1192| prediction accuracy 96.03%| average message length 15.0000 |
03-11-21 08:26:54 - epoch    29 train | loss 0.1367| prediction accuracy 95.22%| average message length 15.0000 |
03-11-21 08:28:09 - epoch    29 train | loss 0.1416| prediction accuracy 94.62%| average message length 15.0000 |
03-11-21 08:29:24 - epoch    29 train | loss 0.1380| prediction accuracy 94.97%| average message length 15.0000 |
03-11-21 08:30:38 - epoch    29 train | loss 0.1393| prediction accuracy 95.06%| average message length 15.0000 |
03-11-21 08:31:53 - epoch    29 train | loss 0.1498| prediction accuracy 94.16%| average message length 15.0000 |
03-11-21 08:33:24 - epoch 23000 valid | loss 0.1261| prediction accuracy 95.52%| average message length 15.0000 |
03-11-21 08:34:38 - epoch    29 train | loss 0.1419| prediction accuracy 95.03%| average message length 15.0000 |
03-11-21 08:35:53 - epoch    29 train | loss 0.1425| prediction accuracy 94.78%| average message length 15.0000 |
03-11-21 08:37:08 - epoch    29 train | loss 0.1305| prediction accuracy 95.53%| average message length 15.0000 |
03-11-21 08:38:23 - epoch    29 train | loss 0.1275| prediction accuracy 95.56%| average message length 15.0000 |
03-11-21 08:39:38 - epoch    29 train | loss 0.1363| prediction accuracy 94.44%| average message length 15.0000 |
03-11-21 08:40:52 - epoch    29 train | loss 0.1448| prediction accuracy 95.03%| average message length 15.0000 |
03-11-21 08:42:07 - epoch    29 train | loss 0.1411| prediction accuracy 94.84%| average message length 15.0000 |
03-11-21 08:43:22 - epoch    29 train | loss 0.1359| prediction accuracy 94.88%| average message length 15.0000 |
03-11-21 08:44:37 - epoch    30 train | loss 0.1253| prediction accuracy 95.59%| average message length 15.0000 |
03-11-21 08:45:52 - epoch    30 train | loss 0.1423| prediction accuracy 94.62%| average message length 15.0000 |
03-11-21 08:47:22 - epoch 23500 valid | loss 0.1213| prediction accuracy 95.75%| average message length 15.0000 |
03-11-21 08:47:22 - Saving model to mbart_wcons
Epoch : 30 Prediction Accuracy = 95.75039808917198 Saved to Path : mbart_wcons
03-11-21 08:49:37 - epoch    30 train | loss 0.1209| prediction accuracy 95.62%| average message length 15.0000 |
03-11-21 08:50:46 - epoch    30 train | loss 0.1212| prediction accuracy 95.72%| average message length 15.0000 |
03-11-21 08:51:54 - epoch    30 train | loss 0.1194| prediction accuracy 95.59%| average message length 15.0000 |
03-11-21 08:53:02 - epoch    30 train | loss 0.1295| prediction accuracy 95.22%| average message length 15.0000 |
03-11-21 08:54:11 - epoch    30 train | loss 0.1352| prediction accuracy 95.28%| average message length 15.0000 |
03-11-21 08:55:19 - epoch    30 train | loss 0.1202| prediction accuracy 95.66%| average message length 15.0000 |
03-11-21 08:56:28 - epoch    30 train | loss 0.1257| prediction accuracy 95.62%| average message length 15.0000 |
03-11-21 08:57:36 - epoch    30 train | loss 0.1262| prediction accuracy 95.38%| average message length 15.0000 |
03-11-21 08:58:45 - epoch    30 train | loss 0.1293| prediction accuracy 95.53%| average message length 15.0000 |
03-11-21 08:59:53 - epoch    30 train | loss 0.1321| prediction accuracy 94.81%| average message length 15.0000 |
03-11-21 09:01:16 - epoch 24000 valid | loss 0.1166| prediction accuracy 95.93%| average message length 15.0000 |
03-11-21 09:01:16 - Saving model to mbart_wcons
Epoch : 30 Prediction Accuracy = 95.92953821656052 Saved to Path : mbart_wcons
03-11-21 09:03:30 - epoch    30 train | loss 0.1380| prediction accuracy 94.69%| average message length 15.0000 |
03-11-21 09:04:40 - epoch    30 train | loss 0.1175| prediction accuracy 96.03%| average message length 15.0000 |
03-11-21 09:05:50 - epoch    30 train | loss 0.1201| prediction accuracy 95.84%| average message length 15.0000 |
03-11-21 09:07:00 - epoch    30 train | loss 0.1257| prediction accuracy 95.44%| average message length 15.0000 |
03-11-21 09:08:10 - epoch    31 train | loss 0.1187| prediction accuracy 95.69%| average message length 15.0000 |
03-11-21 09:09:20 - epoch    31 train | loss 0.1171| prediction accuracy 95.59%| average message length 15.0000 |
03-11-21 09:10:30 - epoch    31 train | loss 0.1244| prediction accuracy 95.72%| average message length 15.0000 |
03-11-21 09:11:40 - epoch    31 train | loss 0.1276| prediction accuracy 95.69%| average message length 15.0000 |
03-11-21 09:12:50 - epoch    31 train | loss 0.1308| prediction accuracy 95.12%| average message length 15.0000 |
03-11-21 09:14:00 - epoch    31 train | loss 0.1410| prediction accuracy 94.53%| average message length 15.0000 |
03-11-21 09:15:23 - epoch 24500 valid | loss 0.1234| prediction accuracy 95.68%| average message length 15.0000 |
03-11-21 09:16:33 - epoch    31 train | loss 0.1329| prediction accuracy 95.09%| average message length 15.0000 |
03-11-21 09:17:43 - epoch    31 train | loss 0.1488| prediction accuracy 94.41%| average message length 15.0000 |
03-11-21 09:18:53 - epoch    31 train | loss 0.1184| prediction accuracy 95.75%| average message length 15.0000 |
03-11-21 09:20:03 - epoch    31 train | loss 0.1279| prediction accuracy 95.47%| average message length 15.0000 |
03-11-21 09:21:13 - epoch    31 train | loss 0.1274| prediction accuracy 95.66%| average message length 15.0000 |
03-11-21 09:22:23 - epoch    31 train | loss 0.1205| prediction accuracy 95.66%| average message length 15.0000 |
03-11-21 09:23:33 - epoch    31 train | loss 0.1287| prediction accuracy 95.16%| average message length 15.0000 |
03-11-21 09:24:43 - epoch    31 train | loss 0.1293| prediction accuracy 95.66%| average message length 15.0000 |
03-11-21 09:25:53 - epoch    31 train | loss 0.1126| prediction accuracy 96.06%| average message length 15.0000 |
03-11-21 09:27:03 - epoch    32 train | loss 0.1218| prediction accuracy 95.62%| average message length 15.0000 |
03-11-21 09:28:26 - epoch 25000 valid | loss 0.1125| prediction accuracy 96.00%| average message length 15.0000 |
03-11-21 09:28:26 - Saving model to mbart_wcons
Epoch : 32 Prediction Accuracy = 95.99920382165605 Saved to Path : mbart_wcons
03-11-21 09:30:42 - epoch    32 train | loss 0.1343| prediction accuracy 95.22%| average message length 15.0000 |
03-11-21 09:31:51 - epoch    32 train | loss 0.1128| prediction accuracy 95.97%| average message length 15.0000 |
03-11-21 09:32:59 - epoch    32 train | loss 0.1225| prediction accuracy 96.03%| average message length 15.0000 |
03-11-21 09:34:07 - epoch    32 train | loss 0.1214| prediction accuracy 95.25%| average message length 15.0000 |
03-11-21 09:35:16 - epoch    32 train | loss 0.1272| prediction accuracy 94.88%| average message length 15.0000 |
03-11-21 09:36:24 - epoch    32 train | loss 0.1157| prediction accuracy 95.81%| average message length 15.0000 |
03-11-21 09:37:33 - epoch    32 train | loss 0.1221| prediction accuracy 95.78%| average message length 15.0000 |
03-11-21 09:38:41 - epoch    32 train | loss 0.1189| prediction accuracy 95.97%| average message length 15.0000 |
03-11-21 09:39:50 - epoch    32 train | loss 0.1266| prediction accuracy 95.38%| average message length 15.0000 |
03-11-21 09:40:58 - epoch    32 train | loss 0.1450| prediction accuracy 94.47%| average message length 15.0000 |
03-11-21 09:42:21 - epoch 25500 valid | loss 0.1069| prediction accuracy 96.28%| average message length 15.0000 |
03-11-21 09:42:21 - Saving model to mbart_wcons
Epoch : 32 Prediction Accuracy = 96.27786624203821 Saved to Path : mbart_wcons
03-11-21 09:44:43 - epoch    32 train | loss 0.1187| prediction accuracy 95.97%| average message length 15.0000 |
03-11-21 09:45:58 - epoch    32 train | loss 0.1332| prediction accuracy 95.22%| average message length 15.0000 |
03-11-21 09:47:13 - epoch    32 train | loss 0.1253| prediction accuracy 95.38%| average message length 15.0000 |
03-11-21 09:48:28 - epoch    32 train | loss 0.1250| prediction accuracy 95.31%| average message length 15.0000 |
03-11-21 09:49:42 - epoch    32 train | loss 0.1308| prediction accuracy 95.34%| average message length 15.0000 |
03-11-21 09:50:57 - epoch    33 train | loss 0.1238| prediction accuracy 95.47%| average message length 15.0000 |
03-11-21 09:52:12 - epoch    33 train | loss 0.1165| prediction accuracy 95.47%| average message length 15.0000 |
03-11-21 09:53:27 - epoch    33 train | loss 0.1310| prediction accuracy 95.34%| average message length 15.0000 |
03-11-21 09:54:41 - epoch    33 train | loss 0.1291| prediction accuracy 95.28%| average message length 15.0000 |
03-11-21 09:55:56 - epoch    33 train | loss 0.1075| prediction accuracy 95.91%| average message length 15.0000 |
03-11-21 09:57:27 - epoch 26000 valid | loss 0.1016| prediction accuracy 96.40%| average message length 15.0000 |
03-11-21 09:57:27 - Saving model to mbart_wcons
Epoch : 33 Prediction Accuracy = 96.39729299363057 Saved to Path : mbart_wcons
03-11-21 09:59:47 - epoch    33 train | loss 0.1212| prediction accuracy 95.34%| average message length 15.0000 |
03-11-21 10:01:01 - epoch    33 train | loss 0.1310| prediction accuracy 95.62%| average message length 15.0000 |
03-11-21 10:02:16 - epoch    33 train | loss 0.1255| prediction accuracy 95.53%| average message length 15.0000 |
03-11-21 10:03:31 - epoch    33 train | loss 0.1213| prediction accuracy 95.47%| average message length 15.0000 |
03-11-21 10:04:46 - epoch    33 train | loss 0.1035| prediction accuracy 96.38%| average message length 15.0000 |
03-11-21 10:06:01 - epoch    33 train | loss 0.1257| prediction accuracy 95.09%| average message length 15.0000 |
03-11-21 10:07:15 - epoch    33 train | loss 0.1280| prediction accuracy 95.59%| average message length 15.0000 |
03-11-21 10:08:30 - epoch    33 train | loss 0.1171| prediction accuracy 95.56%| average message length 15.0000 |
03-11-21 10:09:45 - epoch    33 train | loss 0.1199| prediction accuracy 95.88%| average message length 15.0000 |
03-11-21 10:11:00 - epoch    33 train | loss 0.1341| prediction accuracy 95.06%| average message length 15.0000 |
03-11-21 10:12:30 - epoch 26500 valid | loss 0.1107| prediction accuracy 96.08%| average message length 15.0000 |
03-11-21 10:13:45 - epoch    33 train | loss 0.1248| prediction accuracy 95.50%| average message length 15.0000 |
03-11-21 10:15:00 - epoch    34 train | loss 0.1161| prediction accuracy 96.03%| average message length 15.0000 |
03-11-21 10:16:15 - epoch    34 train | loss 0.1081| prediction accuracy 96.06%| average message length 15.0000 |
03-11-21 10:17:29 - epoch    34 train | loss 0.1328| prediction accuracy 94.84%| average message length 15.0000 |
03-11-21 10:18:44 - epoch    34 train | loss 0.1323| prediction accuracy 95.03%| average message length 15.0000 |
03-11-21 10:19:59 - epoch    34 train | loss 0.1180| prediction accuracy 96.09%| average message length 15.0000 |
03-11-21 10:21:14 - epoch    34 train | loss 0.1226| prediction accuracy 95.41%| average message length 15.0000 |
03-11-21 10:22:28 - epoch    34 train | loss 0.1044| prediction accuracy 96.22%| average message length 15.0000 |
03-11-21 10:23:43 - epoch    34 train | loss 0.1349| prediction accuracy 95.28%| average message length 15.0000 |
03-11-21 10:24:58 - epoch    34 train | loss 0.1117| prediction accuracy 96.06%| average message length 15.0000 |
03-11-21 10:26:29 - epoch 27000 valid | loss 0.1040| prediction accuracy 96.27%| average message length 15.0000 |
03-11-21 10:27:43 - epoch    34 train | loss 0.1211| prediction accuracy 95.97%| average message length 15.0000 |
03-11-21 10:28:58 - epoch    34 train | loss 0.1172| prediction accuracy 95.75%| average message length 15.0000 |
03-11-21 10:30:13 - epoch    34 train | loss 0.1083| prediction accuracy 96.06%| average message length 15.0000 |
03-11-21 10:31:28 - epoch    34 train | loss 0.1210| prediction accuracy 95.56%| average message length 15.0000 |
03-11-21 10:32:42 - epoch    34 train | loss 0.1246| prediction accuracy 95.41%| average message length 15.0000 |
03-11-21 10:33:57 - epoch    34 train | loss 0.1111| prediction accuracy 96.28%| average message length 15.0000 |
03-11-21 10:35:12 - epoch    35 train | loss 0.1234| prediction accuracy 95.66%| average message length 15.0000 |
03-11-21 10:36:26 - epoch    35 train | loss 0.1209| prediction accuracy 95.53%| average message length 15.0000 |
03-11-21 10:37:41 - epoch    35 train | loss 0.1208| prediction accuracy 95.50%| average message length 15.0000 |
03-11-21 10:38:56 - epoch    35 train | loss 0.1155| prediction accuracy 96.16%| average message length 15.0000 |
03-11-21 10:40:26 - epoch 27500 valid | loss 0.1132| prediction accuracy 95.85%| average message length 15.0000 |
03-11-21 10:41:41 - epoch    35 train | loss 0.1125| prediction accuracy 95.75%| average message length 15.0000 |
03-11-21 10:42:56 - epoch    35 train | loss 0.1201| prediction accuracy 95.62%| average message length 15.0000 |
03-11-21 10:44:10 - epoch    35 train | loss 0.1102| prediction accuracy 95.62%| average message length 15.0000 |
03-11-21 10:45:25 - epoch    35 train | loss 0.1176| prediction accuracy 95.81%| average message length 15.0000 |
03-11-21 10:46:40 - epoch    35 train | loss 0.1173| prediction accuracy 95.59%| average message length 15.0000 |
03-11-21 10:47:54 - epoch    35 train | loss 0.1171| prediction accuracy 95.50%| average message length 15.0000 |
03-11-21 10:49:09 - epoch    35 train | loss 0.1062| prediction accuracy 96.03%| average message length 15.0000 |
03-11-21 10:50:24 - epoch    35 train | loss 0.1134| prediction accuracy 95.88%| average message length 15.0000 |
03-11-21 10:51:38 - epoch    35 train | loss 0.1129| prediction accuracy 95.88%| average message length 15.0000 |
03-11-21 10:52:53 - epoch    35 train | loss 0.1173| prediction accuracy 95.47%| average message length 15.0000 |
03-11-21 10:54:24 - epoch 28000 valid | loss 0.0983| prediction accuracy 96.52%| average message length 15.0000 |
03-11-21 10:54:24 - Saving model to mbart_wcons
Epoch : 35 Prediction Accuracy = 96.51671974522293 Saved to Path : mbart_wcons
03-11-21 10:56:23 - epoch    35 train | loss 0.1156| prediction accuracy 95.81%| average message length 15.0000 |
03-11-21 10:57:33 - epoch    35 train | loss 0.1141| prediction accuracy 95.62%| average message length 15.0000 |
03-11-21 10:58:43 - epoch    36 train | loss 0.1150| prediction accuracy 95.66%| average message length 15.0000 |
03-11-21 10:59:53 - epoch    36 train | loss 0.1171| prediction accuracy 95.50%| average message length 15.0000 |
03-11-21 11:01:03 - epoch    36 train | loss 0.1205| prediction accuracy 95.97%| average message length 15.0000 |
03-11-21 11:02:13 - epoch    36 train | loss 0.1051| prediction accuracy 96.56%| average message length 15.0000 |
03-11-21 11:03:23 - epoch    36 train | loss 0.1090| prediction accuracy 96.03%| average message length 15.0000 |
03-11-21 11:04:34 - epoch    36 train | loss 0.1026| prediction accuracy 96.44%| average message length 15.0000 |
03-11-21 11:05:44 - epoch    36 train | loss 0.1085| prediction accuracy 96.25%| average message length 15.0000 |
03-11-21 11:06:53 - epoch    36 train | loss 0.1002| prediction accuracy 96.25%| average message length 15.0000 |
03-11-21 11:08:16 - epoch 28500 valid | loss 0.1003| prediction accuracy 96.64%| average message length 15.0000 |
03-11-21 11:08:16 - Saving model to mbart_wcons
Epoch : 36 Prediction Accuracy = 96.63614649681529 Saved to Path : mbart_wcons
03-11-21 11:10:21 - epoch    36 train | loss 0.1083| prediction accuracy 96.28%| average message length 15.0000 |
03-11-21 11:11:36 - epoch    36 train | loss 0.1191| prediction accuracy 95.56%| average message length 15.0000 |
03-11-21 11:12:49 - epoch    36 train | loss 0.1039| prediction accuracy 96.19%| average message length 15.0000 |
03-11-21 11:14:00 - epoch    36 train | loss 0.1177| prediction accuracy 95.78%| average message length 15.0000 |
03-11-21 11:15:10 - epoch    36 train | loss 0.1134| prediction accuracy 95.94%| average message length 15.0000 |
03-11-21 11:16:20 - epoch    36 train | loss 0.1013| prediction accuracy 96.38%| average message length 15.0000 |
03-11-21 11:17:30 - epoch    36 train | loss 0.1029| prediction accuracy 96.34%| average message length 15.0000 |
03-11-21 11:18:40 - epoch    37 train | loss 0.1186| prediction accuracy 95.94%| average message length 15.0000 |
03-11-21 11:19:50 - epoch    37 train | loss 0.1115| prediction accuracy 95.69%| average message length 15.0000 |
03-11-21 11:21:00 - epoch    37 train | loss 0.1151| prediction accuracy 95.78%| average message length 15.0000 |
03-11-21 11:22:23 - epoch 29000 valid | loss 0.0992| prediction accuracy 96.62%| average message length 15.0000 |
03-11-21 11:23:33 - epoch    37 train | loss 0.1097| prediction accuracy 96.06%| average message length 15.0000 |
03-11-21 11:24:43 - epoch    37 train | loss 0.0992| prediction accuracy 96.38%| average message length 15.0000 |
03-11-21 11:25:53 - epoch    37 train | loss 0.1086| prediction accuracy 95.97%| average message length 15.0000 |
03-11-21 11:27:03 - epoch    37 train | loss 0.1185| prediction accuracy 95.69%| average message length 15.0000 |
03-11-21 11:28:13 - epoch    37 train | loss 0.1037| prediction accuracy 96.19%| average message length 15.0000 |
03-11-21 11:29:23 - epoch    37 train | loss 0.1131| prediction accuracy 95.69%| average message length 15.0000 |
03-11-21 11:30:33 - epoch    37 train | loss 0.1310| prediction accuracy 95.00%| average message length 15.0000 |
03-11-21 11:31:44 - epoch    37 train | loss 0.1161| prediction accuracy 95.75%| average message length 15.0000 |
03-11-21 11:32:54 - epoch    37 train | loss 0.1134| prediction accuracy 95.62%| average message length 15.0000 |
03-11-21 11:34:04 - epoch    37 train | loss 0.1063| prediction accuracy 96.25%| average message length 15.0000 |
03-11-21 11:35:26 - epoch 29500 valid | loss 0.0969| prediction accuracy 96.48%| average message length 15.0000 |
03-11-21 11:36:36 - epoch    37 train | loss 0.0988| prediction accuracy 96.16%| average message length 15.0000 |
03-11-21 11:37:47 - epoch    37 train | loss 0.1139| prediction accuracy 95.97%| average message length 15.0000 |
03-11-21 11:38:57 - epoch    37 train | loss 0.1171| prediction accuracy 95.59%| average message length 15.0000 |
03-11-21 11:40:07 - epoch    38 train | loss 0.1140| prediction accuracy 95.66%| average message length 15.0000 |
03-11-21 11:41:17 - epoch    38 train | loss 0.1063| prediction accuracy 96.34%| average message length 15.0000 |
03-11-21 11:42:27 - epoch    38 train | loss 0.1142| prediction accuracy 95.78%| average message length 15.0000 |
03-11-21 11:43:37 - epoch    38 train | loss 0.1080| prediction accuracy 96.06%| average message length 15.0000 |
03-11-21 11:44:47 - epoch    38 train | loss 0.1102| prediction accuracy 95.97%| average message length 15.0000 |
03-11-21 11:45:57 - epoch    38 train | loss 0.1104| prediction accuracy 96.06%| average message length 15.0000 |
03-11-21 11:47:08 - Evaluate the following checkpoint: mbart_wcons/model.pt
