==========================================
SLURM_JOB_ID = 5808295
SLURM_JOB_NODELIST = d13-09
TMPDIR = /tmp/SLURM_5808295
==========================================
/home1/zliu9986/communication-translation
09-08-21 17:47:28 - Dataset Loaded
09-08-21 17:47:28 - Configuration:
Namespace(TransferH=False, alpha=1.0, batch_size=8, beam_width=5, bidirectional=False, config='Configs/mbart_ec_noBT.yml', cpu=False, decode_how='beam', device=device(type='cuda'), do_eval=True, do_train=True, dropout=0.1, fix_bhd=False, fix_spk=False, grad_clip=1.0, gradient_accumulation_steps=4, hard=False, has_vocab_constraint=False, hidden_dim=512, image_dim=2048, lr=2e-05, max_global_step=8192, max_seq_length=64, mode='emergent_communication', model_name='Models/mbart-large-cc25', n_gpu=1, no_share_bhd=False, no_terminal=False, no_write=False, num_distractors_train=7, num_distractors_valid=7, num_games=30, num_layers=1, output_dir='Output/accGrad4_mbart_noBT_lr2.0e-5_7distractors_maxstep8192_seed42', print_every=10, save_output_txt=True, save_pretrain_seperately=True, seed=42, source_lang='en_XX', source_lang_vocab_constrain_file='/projects/unmt/communication-translation/en_cc_tokenID2count_dict.cc25.json', stats_to_print=['loss', 'accuracy', 'caption generation loss', 'image selection loss', 'mean_length'], target_acc=85.0, target_lang='zh_CN', target_lang_vocab_constrain_file='/projects/unmt/communication-translation/zh-Hans_cc_tokenID2count_dict.cc25.json', temp=1.0, temperature=1.0, train_images='./Data/ec_finetuning/images_train', two_ffwd=False, unit_norm=False, valid_every=512, valid_images='./Data/ec_finetuning/images_val', vocab_size=4035)
Sharing visual system for each agent.
09-08-21 17:57:37 - epoch 0 | global step 0 | mode validation | loss 3.3249 | accuracy 12.64 | mean_length 63.292
09-08-21 17:57:37 - Saving model to Output/accGrad4_mbart_noBT_lr2.0e-5_7distractors_maxstep8192_seed42
Epoch: 0, Prediction Accuracy: 12.64, Saved to Path: Output/accGrad4_mbart_noBT_lr2.0e-5_7distractors_maxstep8192_seed42
09-08-21 17:59:35 - epoch 0 | global step 10 | mode train | loss 2.4535 | accuracy 12.1875 | mean_length 59.3781
09-08-21 18:01:22 - epoch 0 | global step 20 | mode train | loss 2.1074 | accuracy 11.25 | mean_length 63.3469
09-08-21 18:03:10 - epoch 0 | global step 30 | mode train | loss 2.104 | accuracy 12.5 | mean_length 62.3813
09-08-21 18:04:58 - epoch 0 | global step 40 | mode train | loss 2.0865 | accuracy 16.5625 | mean_length 59.0781
09-08-21 18:06:46 - epoch 0 | global step 50 | mode train | loss 2.078 | accuracy 10.9375 | mean_length 61.025
09-08-21 18:08:33 - epoch 0 | global step 60 | mode train | loss 2.0754 | accuracy 12.1875 | mean_length 61.7281
09-08-21 18:10:21 - epoch 0 | global step 70 | mode train | loss 2.0802 | accuracy 13.4375 | mean_length 62.0938
09-08-21 18:12:09 - epoch 0 | global step 80 | mode train | loss 2.0826 | accuracy 17.1875 | mean_length 61.35
09-08-21 18:13:56 - epoch 0 | global step 90 | mode train | loss 2.0952 | accuracy 11.5625 | mean_length 63.2406
09-08-21 18:15:44 - epoch 0 | global step 100 | mode train | loss 2.0902 | accuracy 10.625 | mean_length 63.4312
09-08-21 18:17:31 - epoch 0 | global step 110 | mode train | loss 2.0893 | accuracy 14.0625 | mean_length 64
09-08-21 18:19:19 - epoch 0 | global step 120 | mode train | loss 2.0824 | accuracy 14.375 | mean_length 63.4281
09-08-21 18:21:07 - epoch 0 | global step 130 | mode train | loss 2.0809 | accuracy 13.75 | mean_length 63.8125
09-08-21 18:22:55 - epoch 0 | global step 140 | mode train | loss 2.0844 | accuracy 9.6875 | mean_length 63.0625
09-08-21 18:24:42 - epoch 0 | global step 150 | mode train | loss 2.0868 | accuracy 12.5 | mean_length 63.6562
09-08-21 18:26:30 - epoch 0 | global step 160 | mode train | loss 2.0882 | accuracy 14.0625 | mean_length 63.2469
09-08-21 18:28:17 - epoch 0 | global step 170 | mode train | loss 2.0759 | accuracy 14.0625 | mean_length 63.2375
09-08-21 18:30:05 - epoch 0 | global step 180 | mode train | loss 2.0756 | accuracy 15.0 | mean_length 63.6187
09-08-21 18:31:53 - epoch 0 | global step 190 | mode train | loss 2.0881 | accuracy 9.6875 | mean_length 63.6187
09-08-21 18:33:40 - epoch 0 | global step 200 | mode train | loss 2.0742 | accuracy 12.5 | mean_length 63.2375
09-08-21 18:35:28 - epoch 0 | global step 210 | mode train | loss 2.079 | accuracy 12.5 | mean_length 63.2406
09-08-21 18:37:16 - epoch 0 | global step 220 | mode train | loss 2.0839 | accuracy 12.5 | mean_length 62.4781
09-08-21 18:39:03 - epoch 0 | global step 230 | mode train | loss 2.0839 | accuracy 11.875 | mean_length 63.6187
09-08-21 18:40:51 - epoch 0 | global step 240 | mode train | loss 2.089 | accuracy 10.3125 | mean_length 63.6187
09-08-21 18:42:38 - epoch 0 | global step 250 | mode train | loss 2.082 | accuracy 11.875 | mean_length 63.2375
09-08-21 18:44:26 - epoch 0 | global step 260 | mode train | loss 2.0785 | accuracy 14.6875 | mean_length 63.0531
09-08-21 18:46:14 - epoch 0 | global step 270 | mode train | loss 2.0823 | accuracy 10.3125 | mean_length 63.4281
09-08-21 18:48:01 - epoch 0 | global step 280 | mode train | loss 2.0834 | accuracy 11.875 | mean_length 63.0594
09-08-21 18:49:49 - epoch 0 | global step 290 | mode train | loss 2.0768 | accuracy 14.375 | mean_length 63.8156
09-08-21 18:51:36 - epoch 0 | global step 300 | mode train | loss 2.0757 | accuracy 14.6875 | mean_length 63.8094
09-08-21 18:53:24 - epoch 0 | global step 310 | mode train | loss 2.0856 | accuracy 10.625 | mean_length 63.6187
09-08-21 18:55:11 - epoch 0 | global step 320 | mode train | loss 2.0816 | accuracy 10.3125 | mean_length 62.8781
09-08-21 18:56:59 - epoch 0 | global step 330 | mode train | loss 2.0795 | accuracy 13.4375 | mean_length 63.4312
09-08-21 18:58:46 - epoch 0 | global step 340 | mode train | loss 2.0804 | accuracy 13.125 | mean_length 63.6187
09-08-21 19:00:33 - epoch 0 | global step 350 | mode train | loss 2.0793 | accuracy 13.4375 | mean_length 63.05
09-08-21 19:02:21 - epoch 0 | global step 360 | mode train | loss 2.0821 | accuracy 15.625 | mean_length 63.1031
09-08-21 19:04:08 - epoch 0 | global step 370 | mode train | loss 2.0828 | accuracy 13.125 | mean_length 63.8094
09-08-21 19:05:55 - epoch 0 | global step 380 | mode train | loss 2.0791 | accuracy 11.25 | mean_length 63.825
09-08-21 19:07:42 - epoch 0 | global step 390 | mode train | loss 2.0844 | accuracy 10.3125 | mean_length 63.7031
09-08-21 19:09:30 - epoch 0 | global step 400 | mode train | loss 2.0652 | accuracy 11.5625 | mean_length 62.8719
09-08-21 19:11:17 - epoch 0 | global step 410 | mode train | loss 2.0345 | accuracy 11.5625 | mean_length 63.3281
09-08-21 19:13:04 - epoch 0 | global step 420 | mode train | loss 2.0176 | accuracy 11.25 | mean_length 62.2656
09-08-21 19:14:52 - epoch 0 | global step 430 | mode train | loss 2.027 | accuracy 14.375 | mean_length 61.1469
09-08-21 19:16:39 - epoch 0 | global step 440 | mode train | loss 2.0402 | accuracy 10.9375 | mean_length 57.2031
09-08-21 19:18:27 - epoch 0 | global step 450 | mode train | loss 2.0732 | accuracy 14.0625 | mean_length 64
09-08-21 19:20:14 - epoch 0 | global step 460 | mode train | loss 2.0823 | accuracy 14.0625 | mean_length 64
09-08-21 19:22:02 - epoch 0 | global step 470 | mode train | loss 2.0815 | accuracy 12.1875 | mean_length 64
09-08-21 19:23:50 - epoch 0 | global step 480 | mode train | loss 2.0778 | accuracy 16.25 | mean_length 64
09-08-21 19:25:37 - epoch 0 | global step 490 | mode train | loss 2.0755 | accuracy 14.0625 | mean_length 64
09-08-21 19:27:24 - epoch 0 | global step 500 | mode train | loss 2.0824 | accuracy 11.5625 | mean_length 64
09-08-21 19:29:12 - epoch 0 | global step 510 | mode train | loss 2.0761 | accuracy 14.6875 | mean_length 64
09-08-21 19:39:10 - epoch 0 | global step 512 | mode validation | loss 2.081 | accuracy 12.38 | mean_length 64
09-08-21 19:39:10 - Saving model to Output/accGrad4_mbart_noBT_lr2.0e-5_7distractors_maxstep8192_seed42
Epoch: 0, Prediction Accuracy: 12.38, Saved to Path: Output/accGrad4_mbart_noBT_lr2.0e-5_7distractors_maxstep8192_seed42
09-08-21 19:40:46 - epoch 0 | global step 520 | mode train | loss 2.0832 | accuracy 12.8125 | mean_length 64
09-08-21 19:42:33 - epoch 0 | global step 530 | mode train | loss 2.0761 | accuracy 12.1875 | mean_length 64
09-08-21 19:44:20 - epoch 0 | global step 540 | mode train | loss 2.0811 | accuracy 14.0625 | mean_length 64
09-08-21 19:46:08 - epoch 0 | global step 550 | mode train | loss 2.0837 | accuracy 12.8125 | mean_length 64
09-08-21 19:47:55 - epoch 0 | global step 560 | mode train | loss 2.0741 | accuracy 16.25 | mean_length 64
09-08-21 19:49:42 - epoch 0 | global step 570 | mode train | loss 2.082 | accuracy 11.25 | mean_length 64
09-08-21 19:51:30 - epoch 0 | global step 580 | mode train | loss 2.0857 | accuracy 9.375 | mean_length 64
09-08-21 19:53:17 - epoch 0 | global step 590 | mode train | loss 2.079 | accuracy 10.625 | mean_length 64
09-08-21 19:55:04 - epoch 0 | global step 600 | mode train | loss 2.0815 | accuracy 11.5625 | mean_length 64
09-08-21 19:56:52 - epoch 0 | global step 610 | mode train | loss 2.0786 | accuracy 12.1875 | mean_length 64
09-08-21 19:58:39 - epoch 0 | global step 620 | mode train | loss 2.0806 | accuracy 9.6875 | mean_length 64
09-08-21 20:00:26 - epoch 0 | global step 630 | mode train | loss 2.0774 | accuracy 15.0 | mean_length 64
09-08-21 20:02:14 - epoch 0 | global step 640 | mode train | loss 2.0812 | accuracy 12.8125 | mean_length 64
09-08-21 20:04:01 - epoch 0 | global step 650 | mode train | loss 2.0787 | accuracy 14.6875 | mean_length 64
09-08-21 20:05:49 - epoch 0 | global step 660 | mode train | loss 2.0863 | accuracy 9.0625 | mean_length 64
09-08-21 20:07:36 - epoch 0 | global step 670 | mode train | loss 2.078 | accuracy 13.4375 | mean_length 64
09-08-21 20:09:24 - epoch 0 | global step 680 | mode train | loss 2.0796 | accuracy 15.0 | mean_length 64
09-08-21 20:11:11 - epoch 0 | global step 690 | mode train | loss 2.0805 | accuracy 12.5 | mean_length 64
09-08-21 20:12:59 - epoch 0 | global step 700 | mode train | loss 2.0835 | accuracy 9.375 | mean_length 64
09-08-21 20:14:46 - epoch 0 | global step 710 | mode train | loss 2.0854 | accuracy 7.5 | mean_length 64
09-08-21 20:16:34 - epoch 0 | global step 720 | mode train | loss 2.0831 | accuracy 12.1875 | mean_length 64
09-08-21 20:18:21 - epoch 0 | global step 730 | mode train | loss 2.079 | accuracy 10.625 | mean_length 64
09-08-21 20:20:09 - epoch 0 | global step 740 | mode train | loss 2.0796 | accuracy 12.1875 | mean_length 64
09-08-21 20:21:57 - epoch 0 | global step 750 | mode train | loss 2.0819 | accuracy 11.5625 | mean_length 64
09-08-21 20:23:44 - epoch 0 | global step 760 | mode train | loss 2.0792 | accuracy 11.25 | mean_length 64
09-08-21 20:25:31 - epoch 0 | global step 770 | mode train | loss 2.0799 | accuracy 14.6875 | mean_length 64
09-08-21 20:27:19 - epoch 0 | global step 780 | mode train | loss 2.0802 | accuracy 11.25 | mean_length 64
09-08-21 20:29:06 - epoch 0 | global step 790 | mode train | loss 2.0765 | accuracy 13.75 | mean_length 64
09-08-21 20:30:55 - epoch 0 | global step 800 | mode train | loss 2.0767 | accuracy 15.0 | mean_length 64
09-08-21 20:32:44 - epoch 0 | global step 810 | mode train | loss 2.0857 | accuracy 9.375 | mean_length 64
09-08-21 20:34:31 - epoch 0 | global step 820 | mode train | loss 2.0812 | accuracy 12.5 | mean_length 64
09-08-21 20:36:18 - epoch 0 | global step 830 | mode train | loss 2.0777 | accuracy 13.4375 | mean_length 64
09-08-21 20:38:07 - epoch 0 | global step 840 | mode train | loss 2.0806 | accuracy 10.9375 | mean_length 64
09-08-21 20:39:54 - epoch 0 | global step 850 | mode train | loss 2.079 | accuracy 13.125 | mean_length 64
09-08-21 20:41:42 - epoch 0 | global step 860 | mode train | loss 2.0778 | accuracy 13.125 | mean_length 64
09-08-21 20:43:29 - epoch 0 | global step 870 | mode train | loss 2.0822 | accuracy 11.25 | mean_length 64
09-08-21 20:45:17 - epoch 0 | global step 880 | mode train | loss 2.0804 | accuracy 14.375 | mean_length 64
09-08-21 20:47:04 - epoch 0 | global step 890 | mode train | loss 2.0782 | accuracy 12.5 | mean_length 64
09-08-21 20:48:53 - epoch 0 | global step 900 | mode train | loss 2.0821 | accuracy 11.875 | mean_length 64
09-08-21 20:50:40 - epoch 0 | global step 910 | mode train | loss 2.0796 | accuracy 11.25 | mean_length 64
09-08-21 20:52:28 - epoch 0 | global step 920 | mode train | loss 2.0813 | accuracy 10.9375 | mean_length 64
09-08-21 20:54:15 - epoch 0 | global step 930 | mode train | loss 2.0796 | accuracy 12.5 | mean_length 64
09-08-21 20:56:02 - epoch 0 | global step 940 | mode train | loss 2.0764 | accuracy 13.125 | mean_length 64
09-08-21 20:57:50 - epoch 0 | global step 950 | mode train | loss 2.0788 | accuracy 15.3125 | mean_length 64
09-08-21 20:59:37 - epoch 0 | global step 960 | mode train | loss 2.0755 | accuracy 16.875 | mean_length 64
09-08-21 21:01:24 - epoch 0 | global step 970 | mode train | loss 2.0806 | accuracy 11.25 | mean_length 64
09-08-21 21:03:12 - epoch 0 | global step 980 | mode train | loss 2.0802 | accuracy 12.1875 | mean_length 64
09-08-21 21:04:59 - epoch 0 | global step 990 | mode train | loss 2.0835 | accuracy 10.625 | mean_length 64
09-08-21 21:06:46 - epoch 0 | global step 1000 | mode train | loss 2.0819 | accuracy 12.8125 | mean_length 64
09-08-21 21:08:34 - epoch 0 | global step 1010 | mode train | loss 2.0778 | accuracy 16.5625 | mean_length 64
09-08-21 21:10:22 - epoch 0 | global step 1020 | mode train | loss 2.0839 | accuracy 10.625 | mean_length 64
09-08-21 21:20:41 - epoch 0 | global step 1024 | mode validation | loss 2.0799 | accuracy 12.08 | mean_length 64
09-08-21 21:20:41 - Saving model to Output/accGrad4_mbart_noBT_lr2.0e-5_7distractors_maxstep8192_seed42
Epoch: 0, Prediction Accuracy: 12.08, Saved to Path: Output/accGrad4_mbart_noBT_lr2.0e-5_7distractors_maxstep8192_seed42
09-08-21 21:21:57 - epoch 0 | global step 1030 | mode train | loss 2.0805 | accuracy 11.25 | mean_length 64
09-08-21 21:23:44 - epoch 0 | global step 1040 | mode train | loss 2.0802 | accuracy 14.375 | mean_length 64
09-08-21 21:25:32 - epoch 0 | global step 1050 | mode train | loss 2.0801 | accuracy 13.75 | mean_length 64
09-08-21 21:27:19 - epoch 0 | global step 1060 | mode train | loss 2.0808 | accuracy 14.6875 | mean_length 64
09-08-21 21:29:07 - epoch 0 | global step 1070 | mode train | loss 2.0826 | accuracy 12.5 | mean_length 64
09-08-21 21:30:54 - epoch 0 | global step 1080 | mode train | loss 2.0777 | accuracy 14.375 | mean_length 64
09-08-21 21:32:41 - epoch 0 | global step 1090 | mode train | loss 2.0788 | accuracy 13.75 | mean_length 64
09-08-21 21:34:29 - epoch 0 | global step 1100 | mode train | loss 2.0822 | accuracy 12.8125 | mean_length 64
09-08-21 21:36:16 - epoch 0 | global step 1110 | mode train | loss 2.0792 | accuracy 11.5625 | mean_length 64
09-08-21 21:38:04 - epoch 0 | global step 1120 | mode train | loss 2.0771 | accuracy 15.3125 | mean_length 64
09-08-21 21:39:51 - epoch 0 | global step 1130 | mode train | loss 2.0837 | accuracy 10.0 | mean_length 64
09-08-21 21:41:39 - epoch 0 | global step 1140 | mode train | loss 2.0781 | accuracy 11.25 | mean_length 64
09-08-21 21:43:26 - epoch 0 | global step 1150 | mode train | loss 2.0773 | accuracy 11.25 | mean_length 64
09-08-21 21:45:14 - epoch 0 | global step 1160 | mode train | loss 2.0802 | accuracy 10.9375 | mean_length 64
09-08-21 21:47:01 - epoch 0 | global step 1170 | mode train | loss 2.0787 | accuracy 13.4375 | mean_length 64
09-08-21 21:48:48 - epoch 0 | global step 1180 | mode train | loss 2.0786 | accuracy 13.4375 | mean_length 64
09-08-21 21:50:36 - epoch 0 | global step 1190 | mode train | loss 2.08 | accuracy 14.375 | mean_length 64
09-08-21 21:52:23 - epoch 0 | global step 1200 | mode train | loss 2.0798 | accuracy 12.1875 | mean_length 64
09-08-21 21:54:11 - epoch 0 | global step 1210 | mode train | loss 2.0807 | accuracy 13.4375 | mean_length 64
09-08-21 21:55:58 - epoch 0 | global step 1220 | mode train | loss 2.0792 | accuracy 11.875 | mean_length 64
09-08-21 21:57:46 - epoch 0 | global step 1230 | mode train | loss 2.0802 | accuracy 10.9375 | mean_length 64
09-08-21 21:59:34 - epoch 0 | global step 1240 | mode train | loss 2.0788 | accuracy 13.75 | mean_length 64
09-08-21 22:01:21 - epoch 0 | global step 1250 | mode train | loss 2.0777 | accuracy 13.75 | mean_length 64
09-08-21 22:03:08 - epoch 0 | global step 1260 | mode train | loss 2.0803 | accuracy 14.0625 | mean_length 64
09-08-21 22:04:56 - epoch 0 | global step 1270 | mode train | loss 2.0813 | accuracy 11.5625 | mean_length 64
09-08-21 22:06:43 - epoch 0 | global step 1280 | mode train | loss 2.0793 | accuracy 12.8125 | mean_length 64
09-08-21 22:08:31 - epoch 0 | global step 1290 | mode train | loss 2.0811 | accuracy 10.9375 | mean_length 64
09-08-21 22:10:19 - epoch 0 | global step 1300 | mode train | loss 2.0799 | accuracy 11.875 | mean_length 64
09-08-21 22:12:06 - epoch 0 | global step 1310 | mode train | loss 2.0798 | accuracy 12.1875 | mean_length 64
09-08-21 22:13:53 - epoch 0 | global step 1320 | mode train | loss 2.0806 | accuracy 12.5 | mean_length 64
09-08-21 22:15:41 - epoch 0 | global step 1330 | mode train | loss 2.0789 | accuracy 11.5625 | mean_length 64
09-08-21 22:17:28 - epoch 0 | global step 1340 | mode train | loss 2.0798 | accuracy 12.5 | mean_length 64
09-08-21 22:19:15 - epoch 0 | global step 1350 | mode train | loss 2.0796 | accuracy 14.0625 | mean_length 64
09-08-21 22:21:03 - epoch 0 | global step 1360 | mode train | loss 2.0816 | accuracy 10.625 | mean_length 64
09-08-21 22:22:50 - epoch 0 | global step 1370 | mode train | loss 2.082 | accuracy 8.125 | mean_length 64
09-08-21 22:24:38 - epoch 0 | global step 1380 | mode train | loss 2.0811 | accuracy 11.5625 | mean_length 64
09-08-21 22:26:25 - epoch 0 | global step 1390 | mode train | loss 2.0805 | accuracy 13.125 | mean_length 64
09-08-21 22:28:12 - epoch 0 | global step 1400 | mode train | loss 2.0796 | accuracy 10.9375 | mean_length 64
09-08-21 22:30:00 - epoch 0 | global step 1410 | mode train | loss 2.0824 | accuracy 11.5625 | mean_length 64
09-08-21 22:31:47 - epoch 0 | global step 1420 | mode train | loss 2.0805 | accuracy 12.5 | mean_length 64
09-08-21 22:33:35 - epoch 0 | global step 1430 | mode train | loss 2.0797 | accuracy 12.1875 | mean_length 64
09-08-21 22:35:22 - epoch 0 | global step 1440 | mode train | loss 2.0781 | accuracy 16.25 | mean_length 64
09-08-21 22:37:10 - epoch 0 | global step 1450 | mode train | loss 2.0808 | accuracy 13.125 | mean_length 64
09-08-21 22:38:57 - epoch 0 | global step 1460 | mode train | loss 2.0805 | accuracy 10.3125 | mean_length 64
09-08-21 22:40:44 - epoch 0 | global step 1470 | mode train | loss 2.0781 | accuracy 14.375 | mean_length 64
09-08-21 22:42:32 - epoch 0 | global step 1480 | mode train | loss 2.0804 | accuracy 11.5625 | mean_length 64
09-08-21 22:44:19 - epoch 0 | global step 1490 | mode train | loss 2.0792 | accuracy 13.125 | mean_length 64
09-08-21 22:46:06 - epoch 0 | global step 1500 | mode train | loss 2.0796 | accuracy 12.5 | mean_length 64
09-08-21 22:47:54 - epoch 0 | global step 1510 | mode train | loss 2.0792 | accuracy 12.5 | mean_length 64
09-08-21 22:49:41 - epoch 0 | global step 1520 | mode train | loss 2.0783 | accuracy 14.6875 | mean_length 64
09-08-21 22:51:28 - epoch 0 | global step 1530 | mode train | loss 2.0807 | accuracy 11.875 | mean_length 64
09-08-21 23:02:08 - epoch 0 | global step 1536 | mode validation | loss 2.0796 | accuracy 12.2 | mean_length 64
09-08-21 23:02:08 - Saving model to Output/accGrad4_mbart_noBT_lr2.0e-5_7distractors_maxstep8192_seed42
Epoch: 0, Prediction Accuracy: 12.2, Saved to Path: Output/accGrad4_mbart_noBT_lr2.0e-5_7distractors_maxstep8192_seed42
09-08-21 23:03:01 - epoch 0 | global step 1540 | mode train | loss 2.079 | accuracy 11.25 | mean_length 64
09-08-21 23:04:48 - epoch 0 | global step 1550 | mode train | loss 2.0802 | accuracy 14.375 | mean_length 64
09-08-21 23:06:35 - epoch 0 | global step 1560 | mode train | loss 2.0789 | accuracy 12.8125 | mean_length 64
09-08-21 23:08:23 - epoch 0 | global step 1570 | mode train | loss 2.0772 | accuracy 13.75 | mean_length 64
09-08-21 23:10:10 - epoch 0 | global step 1580 | mode train | loss 2.0788 | accuracy 14.0625 | mean_length 64
09-08-21 23:11:57 - epoch 0 | global step 1590 | mode train | loss 2.0813 | accuracy 12.1875 | mean_length 64
09-08-21 23:13:44 - epoch 0 | global step 1600 | mode train | loss 2.0808 | accuracy 9.375 | mean_length 64
09-08-21 23:15:32 - epoch 0 | global step 1610 | mode train | loss 2.0803 | accuracy 11.875 | mean_length 64
09-08-21 23:17:19 - epoch 0 | global step 1620 | mode train | loss 2.0767 | accuracy 14.375 | mean_length 64
09-08-21 23:19:06 - epoch 0 | global step 1630 | mode train | loss 2.0827 | accuracy 10.625 | mean_length 64
09-08-21 23:20:54 - epoch 0 | global step 1640 | mode train | loss 2.0781 | accuracy 16.5625 | mean_length 64
09-08-21 23:22:41 - epoch 0 | global step 1650 | mode train | loss 2.0797 | accuracy 12.5 | mean_length 64
09-08-21 23:24:29 - epoch 0 | global step 1660 | mode train | loss 2.0848 | accuracy 8.75 | mean_length 64
09-08-21 23:26:16 - epoch 0 | global step 1670 | mode train | loss 2.0783 | accuracy 15.0 | mean_length 64
09-08-21 23:28:03 - epoch 0 | global step 1680 | mode train | loss 2.0805 | accuracy 12.1875 | mean_length 64
09-08-21 23:29:51 - epoch 0 | global step 1690 | mode train | loss 2.0785 | accuracy 15.0 | mean_length 64
09-08-21 23:31:38 - epoch 0 | global step 1700 | mode train | loss 2.0791 | accuracy 12.5 | mean_length 64
09-08-21 23:33:25 - epoch 0 | global step 1710 | mode train | loss 2.0815 | accuracy 13.125 | mean_length 64
09-08-21 23:35:13 - epoch 0 | global step 1720 | mode train | loss 2.0808 | accuracy 10.625 | mean_length 64
09-08-21 23:37:00 - epoch 0 | global step 1730 | mode train | loss 2.0793 | accuracy 10.9375 | mean_length 64
09-08-21 23:38:47 - epoch 0 | global step 1740 | mode train | loss 2.0807 | accuracy 10.0 | mean_length 64
09-08-21 23:40:34 - epoch 0 | global step 1750 | mode train | loss 2.0788 | accuracy 13.4375 | mean_length 64
09-08-21 23:42:22 - epoch 0 | global step 1760 | mode train | loss 2.0799 | accuracy 14.0625 | mean_length 64
09-08-21 23:44:09 - epoch 0 | global step 1770 | mode train | loss 2.0795 | accuracy 15.0 | mean_length 64
09-08-21 23:45:56 - epoch 0 | global step 1780 | mode train | loss 2.0782 | accuracy 12.5 | mean_length 64
09-08-21 23:47:44 - epoch 0 | global step 1790 | mode train | loss 2.081 | accuracy 11.875 | mean_length 64
09-08-21 23:49:31 - epoch 0 | global step 1800 | mode train | loss 2.0802 | accuracy 12.5 | mean_length 64
09-08-21 23:51:18 - epoch 0 | global step 1810 | mode train | loss 2.0785 | accuracy 15.0 | mean_length 64
09-08-21 23:53:06 - epoch 0 | global step 1820 | mode train | loss 2.0813 | accuracy 11.25 | mean_length 64
09-08-21 23:54:53 - epoch 0 | global step 1830 | mode train | loss 2.0805 | accuracy 10.3125 | mean_length 64
09-08-21 23:56:40 - epoch 0 | global step 1840 | mode train | loss 2.0783 | accuracy 11.875 | mean_length 64
09-08-21 23:58:28 - epoch 0 | global step 1850 | mode train | loss 2.0805 | accuracy 12.5 | mean_length 64
09-09-21 00:00:15 - epoch 0 | global step 1860 | mode train | loss 2.0798 | accuracy 11.25 | mean_length 64
09-09-21 00:02:02 - epoch 0 | global step 1870 | mode train | loss 2.0797 | accuracy 11.25 | mean_length 64
09-09-21 00:03:50 - epoch 0 | global step 1880 | mode train | loss 2.0798 | accuracy 14.0625 | mean_length 64
09-09-21 00:05:37 - epoch 0 | global step 1890 | mode train | loss 2.0794 | accuracy 15.0 | mean_length 64
09-09-21 00:07:25 - epoch 0 | global step 1900 | mode train | loss 2.081 | accuracy 13.125 | mean_length 64
09-09-21 00:09:12 - epoch 0 | global step 1910 | mode train | loss 2.0791 | accuracy 12.1875 | mean_length 64
09-09-21 00:10:59 - epoch 0 | global step 1920 | mode train | loss 2.0782 | accuracy 12.1875 | mean_length 64
09-09-21 00:12:46 - epoch 0 | global step 1930 | mode train | loss 2.0789 | accuracy 11.875 | mean_length 64
09-09-21 00:14:34 - epoch 0 | global step 1940 | mode train | loss 2.078 | accuracy 12.8125 | mean_length 64
09-09-21 00:16:21 - epoch 0 | global step 1950 | mode train | loss 2.0814 | accuracy 9.375 | mean_length 64
09-09-21 00:18:08 - epoch 0 | global step 1960 | mode train | loss 2.0788 | accuracy 13.4375 | mean_length 64
09-09-21 00:19:56 - epoch 0 | global step 1970 | mode train | loss 2.0805 | accuracy 11.5625 | mean_length 64
09-09-21 00:21:43 - epoch 0 | global step 1980 | mode train | loss 2.0827 | accuracy 9.375 | mean_length 64
09-09-21 00:23:31 - epoch 0 | global step 1990 | mode train | loss 2.0802 | accuracy 10.9375 | mean_length 64
09-09-21 00:25:18 - epoch 0 | global step 2000 | mode train | loss 2.0802 | accuracy 12.8125 | mean_length 64
09-09-21 00:27:06 - epoch 0 | global step 2010 | mode train | loss 2.0783 | accuracy 17.5 | mean_length 64
09-09-21 00:28:53 - epoch 0 | global step 2020 | mode train | loss 2.0811 | accuracy 9.6875 | mean_length 64
09-09-21 00:30:40 - epoch 0 | global step 2030 | mode train | loss 2.0809 | accuracy 11.5625 | mean_length 64
09-09-21 00:32:28 - epoch 0 | global step 2040 | mode train | loss 2.0829 | accuracy 10.9375 | mean_length 64
09-09-21 00:43:30 - epoch 0 | global step 2048 | mode validation | loss 2.0796 | accuracy 12.98 | mean_length 64
09-09-21 00:43:52 - epoch 0 | global step 2050 | mode train | loss 2.0789 | accuracy 13.125 | mean_length 64
09-09-21 00:45:39 - epoch 0 | global step 2060 | mode train | loss 2.0782 | accuracy 14.0625 | mean_length 64
09-09-21 00:47:26 - epoch 0 | global step 2070 | mode train | loss 2.079 | accuracy 13.125 | mean_length 64
09-09-21 00:49:14 - epoch 0 | global step 2080 | mode train | loss 2.0785 | accuracy 12.1875 | mean_length 64
09-09-21 00:51:01 - epoch 0 | global step 2090 | mode train | loss 2.0799 | accuracy 9.6875 | mean_length 64
09-09-21 00:52:48 - epoch 0 | global step 2100 | mode train | loss 2.0802 | accuracy 13.125 | mean_length 64
09-09-21 00:54:36 - epoch 0 | global step 2110 | mode train | loss 2.0804 | accuracy 12.5 | mean_length 64
09-09-21 00:56:23 - epoch 0 | global step 2120 | mode train | loss 2.0807 | accuracy 9.0625 | mean_length 64
09-09-21 00:58:10 - epoch 0 | global step 2130 | mode train | loss 2.0789 | accuracy 14.375 | mean_length 64
09-09-21 00:59:58 - epoch 0 | global step 2140 | mode train | loss 2.0788 | accuracy 10.9375 | mean_length 64
09-09-21 01:01:45 - epoch 0 | global step 2150 | mode train | loss 2.0796 | accuracy 12.8125 | mean_length 64
09-09-21 01:03:32 - epoch 0 | global step 2160 | mode train | loss 2.0794 | accuracy 13.75 | mean_length 64
09-09-21 01:05:20 - epoch 0 | global step 2170 | mode train | loss 2.079 | accuracy 12.1875 | mean_length 64
09-09-21 01:07:07 - epoch 0 | global step 2180 | mode train | loss 2.079 | accuracy 11.5625 | mean_length 64
09-09-21 01:08:54 - epoch 0 | global step 2190 | mode train | loss 2.0807 | accuracy 11.5625 | mean_length 64
09-09-21 01:10:41 - epoch 0 | global step 2200 | mode train | loss 2.0789 | accuracy 14.6875 | mean_length 64
09-09-21 01:12:29 - epoch 0 | global step 2210 | mode train | loss 2.0788 | accuracy 15.9375 | mean_length 64
09-09-21 01:14:16 - epoch 0 | global step 2220 | mode train | loss 2.0789 | accuracy 13.75 | mean_length 64
09-09-21 01:16:03 - epoch 0 | global step 2230 | mode train | loss 2.0808 | accuracy 11.25 | mean_length 64
09-09-21 01:17:51 - epoch 0 | global step 2240 | mode train | loss 2.0811 | accuracy 10.3125 | mean_length 64
09-09-21 01:19:38 - epoch 0 | global step 2250 | mode train | loss 2.0774 | accuracy 13.125 | mean_length 63.8094
09-09-21 01:21:25 - epoch 0 | global step 2260 | mode train | loss 2.0785 | accuracy 13.75 | mean_length 64
09-09-21 01:23:13 - epoch 0 | global step 2270 | mode train | loss 2.0805 | accuracy 10.0 | mean_length 64
09-09-21 01:25:00 - epoch 0 | global step 2280 | mode train | loss 2.0812 | accuracy 9.6875 | mean_length 64
09-09-21 01:26:48 - epoch 0 | global step 2290 | mode train | loss 2.0796 | accuracy 12.5 | mean_length 64
09-09-21 01:28:35 - epoch 0 | global step 2300 | mode train | loss 2.079 | accuracy 12.1875 | mean_length 64
09-09-21 01:30:22 - epoch 0 | global step 2310 | mode train | loss 2.0813 | accuracy 11.5625 | mean_length 64
09-09-21 01:32:10 - epoch 0 | global step 2320 | mode train | loss 2.0788 | accuracy 12.5 | mean_length 64
09-09-21 01:33:57 - epoch 0 | global step 2330 | mode train | loss 2.08 | accuracy 11.25 | mean_length 64
09-09-21 01:35:44 - epoch 0 | global step 2340 | mode train | loss 2.0782 | accuracy 13.75 | mean_length 64
09-09-21 01:37:31 - epoch 0 | global step 2350 | mode train | loss 2.0789 | accuracy 14.375 | mean_length 64
09-09-21 01:39:19 - epoch 0 | global step 2360 | mode train | loss 2.0792 | accuracy 10.9375 | mean_length 64
09-09-21 01:41:06 - epoch 0 | global step 2370 | mode train | loss 2.0783 | accuracy 12.5 | mean_length 64
09-09-21 01:42:53 - epoch 0 | global step 2380 | mode train | loss 2.0801 | accuracy 11.875 | mean_length 64
09-09-21 01:44:40 - epoch 0 | global step 2390 | mode train | loss 2.0797 | accuracy 12.1875 | mean_length 64
09-09-21 01:46:28 - epoch 0 | global step 2400 | mode train | loss 2.0807 | accuracy 8.4375 | mean_length 64
09-09-21 01:48:15 - epoch 0 | global step 2410 | mode train | loss 2.0793 | accuracy 14.6875 | mean_length 64
09-09-21 01:50:02 - epoch 0 | global step 2420 | mode train | loss 2.0794 | accuracy 14.375 | mean_length 64
09-09-21 01:51:50 - epoch 0 | global step 2430 | mode train | loss 2.0796 | accuracy 11.5625 | mean_length 64
09-09-21 01:53:37 - epoch 0 | global step 2440 | mode train | loss 2.0796 | accuracy 15.625 | mean_length 64
09-09-21 01:55:24 - epoch 0 | global step 2450 | mode train | loss 2.0785 | accuracy 13.4375 | mean_length 64
09-09-21 01:57:11 - epoch 0 | global step 2460 | mode train | loss 2.0794 | accuracy 13.75 | mean_length 64
09-09-21 01:58:59 - epoch 0 | global step 2470 | mode train | loss 2.0802 | accuracy 10.0 | mean_length 64
09-09-21 02:00:46 - epoch 0 | global step 2480 | mode train | loss 2.0808 | accuracy 15.3125 | mean_length 64
09-09-21 02:02:33 - epoch 0 | global step 2490 | mode train | loss 2.0809 | accuracy 11.5625 | mean_length 64
09-09-21 02:04:21 - epoch 0 | global step 2500 | mode train | loss 2.0802 | accuracy 11.875 | mean_length 64
09-09-21 02:06:08 - epoch 0 | global step 2510 | mode train | loss 2.0793 | accuracy 13.125 | mean_length 64
09-09-21 02:07:55 - epoch 0 | global step 2520 | mode train | loss 2.0791 | accuracy 11.875 | mean_length 64
09-09-21 02:09:42 - epoch 0 | global step 2530 | mode train | loss 2.0787 | accuracy 14.0625 | mean_length 64
09-09-21 02:11:30 - epoch 0 | global step 2540 | mode train | loss 2.08 | accuracy 11.5625 | mean_length 64
09-09-21 02:13:17 - epoch 0 | global step 2550 | mode train | loss 2.0788 | accuracy 12.1875 | mean_length 64
09-09-21 02:15:04 - epoch 0 | global step 2560 | mode train | loss 2.0801 | accuracy 13.4375 | mean_length 64
09-09-21 02:24:43 - epoch 0 | global step 2560 | mode validation | loss 2.0797 | accuracy 12.18 | mean_length 64
09-09-21 02:26:30 - epoch 0 | global step 2570 | mode train | loss 2.0805 | accuracy 10.9375 | mean_length 64
09-09-21 02:28:17 - epoch 0 | global step 2580 | mode train | loss 2.0817 | accuracy 7.5 | mean_length 64
09-09-21 02:30:05 - epoch 0 | global step 2590 | mode train | loss 2.0787 | accuracy 11.5625 | mean_length 64
09-09-21 02:31:52 - epoch 0 | global step 2600 | mode train | loss 2.0804 | accuracy 9.375 | mean_length 64
09-09-21 02:33:39 - epoch 0 | global step 2610 | mode train | loss 2.0794 | accuracy 12.1875 | mean_length 64
09-09-21 02:35:26 - epoch 0 | global step 2620 | mode train | loss 2.0795 | accuracy 10.9375 | mean_length 64
09-09-21 02:37:13 - epoch 0 | global step 2630 | mode train | loss 2.0799 | accuracy 13.125 | mean_length 64
09-09-21 02:39:01 - epoch 0 | global step 2640 | mode train | loss 2.0811 | accuracy 11.875 | mean_length 64
09-09-21 02:40:48 - epoch 0 | global step 2650 | mode train | loss 2.0806 | accuracy 12.5 | mean_length 64
09-09-21 02:42:35 - epoch 0 | global step 2660 | mode train | loss 2.0818 | accuracy 10.3125 | mean_length 64
09-09-21 02:44:22 - epoch 0 | global step 2670 | mode train | loss 2.0793 | accuracy 15.3125 | mean_length 64
09-09-21 02:46:10 - epoch 0 | global step 2680 | mode train | loss 2.0788 | accuracy 11.5625 | mean_length 64
09-09-21 02:47:57 - epoch 0 | global step 2690 | mode train | loss 2.0799 | accuracy 14.6875 | mean_length 64
09-09-21 02:49:44 - epoch 0 | global step 2700 | mode train | loss 2.0816 | accuracy 9.6875 | mean_length 64
09-09-21 02:51:31 - epoch 0 | global step 2710 | mode train | loss 2.079 | accuracy 10.9375 | mean_length 64
09-09-21 02:53:18 - epoch 0 | global step 2720 | mode train | loss 2.0787 | accuracy 13.4375 | mean_length 64
09-09-21 02:55:06 - epoch 0 | global step 2730 | mode train | loss 2.0785 | accuracy 14.0625 | mean_length 64
09-09-21 02:56:53 - epoch 0 | global step 2740 | mode train | loss 2.0785 | accuracy 14.6875 | mean_length 64
09-09-21 02:58:40 - epoch 0 | global step 2750 | mode train | loss 2.0805 | accuracy 12.1875 | mean_length 64
09-09-21 03:00:27 - epoch 0 | global step 2760 | mode train | loss 2.0783 | accuracy 15.625 | mean_length 64
09-09-21 03:02:15 - epoch 0 | global step 2770 | mode train | loss 2.0793 | accuracy 16.875 | mean_length 64
09-09-21 03:04:02 - epoch 0 | global step 2780 | mode train | loss 2.079 | accuracy 13.125 | mean_length 64
09-09-21 03:05:49 - epoch 0 | global step 2790 | mode train | loss 2.0771 | accuracy 12.8125 | mean_length 64
09-09-21 03:07:36 - epoch 0 | global step 2800 | mode train | loss 2.0793 | accuracy 13.75 | mean_length 64
09-09-21 03:09:24 - epoch 0 | global step 2810 | mode train | loss 2.0807 | accuracy 11.875 | mean_length 64
09-09-21 03:11:11 - epoch 0 | global step 2820 | mode train | loss 2.0802 | accuracy 10.625 | mean_length 64
09-09-21 03:12:58 - epoch 0 | global step 2830 | mode train | loss 2.0803 | accuracy 13.125 | mean_length 64
09-09-21 03:14:45 - epoch 0 | global step 2840 | mode train | loss 2.0803 | accuracy 10.9375 | mean_length 64
09-09-21 03:16:33 - epoch 0 | global step 2850 | mode train | loss 2.0781 | accuracy 16.5625 | mean_length 64
09-09-21 03:18:20 - epoch 0 | global step 2860 | mode train | loss 2.0776 | accuracy 15.0 | mean_length 64
09-09-21 03:20:07 - epoch 0 | global step 2870 | mode train | loss 2.0802 | accuracy 11.875 | mean_length 64
09-09-21 03:21:54 - epoch 0 | global step 2880 | mode train | loss 2.0808 | accuracy 12.1875 | mean_length 64
09-09-21 03:23:42 - epoch 0 | global step 2890 | mode train | loss 2.0805 | accuracy 9.6875 | mean_length 64
09-09-21 03:25:29 - epoch 0 | global step 2900 | mode train | loss 2.0793 | accuracy 11.25 | mean_length 64
09-09-21 03:27:17 - epoch 0 | global step 2910 | mode train | loss 2.0808 | accuracy 9.6875 | mean_length 64
09-09-21 03:29:04 - epoch 0 | global step 2920 | mode train | loss 2.0789 | accuracy 11.25 | mean_length 64
09-09-21 03:30:51 - epoch 0 | global step 2930 | mode train | loss 2.0784 | accuracy 13.4375 | mean_length 64
09-09-21 03:32:38 - epoch 0 | global step 2940 | mode train | loss 2.0806 | accuracy 12.5 | mean_length 64
09-09-21 03:34:26 - epoch 0 | global step 2950 | mode train | loss 2.0798 | accuracy 11.875 | mean_length 64
09-09-21 03:36:13 - epoch 0 | global step 2960 | mode train | loss 2.0791 | accuracy 13.4375 | mean_length 64
09-09-21 03:38:00 - epoch 0 | global step 2970 | mode train | loss 2.0806 | accuracy 8.125 | mean_length 64
09-09-21 03:39:47 - epoch 0 | global step 2980 | mode train | loss 2.0804 | accuracy 10.3125 | mean_length 64
09-09-21 03:41:35 - epoch 0 | global step 2990 | mode train | loss 2.0804 | accuracy 11.25 | mean_length 64
09-09-21 03:43:22 - epoch 0 | global step 3000 | mode train | loss 2.0814 | accuracy 11.25 | mean_length 64
09-09-21 03:45:09 - epoch 0 | global step 3010 | mode train | loss 2.079 | accuracy 10.625 | mean_length 64
09-09-21 03:46:56 - epoch 0 | global step 3020 | mode train | loss 2.0791 | accuracy 15.0 | mean_length 64
09-09-21 03:48:44 - epoch 0 | global step 3030 | mode train | loss 2.0806 | accuracy 10.3125 | mean_length 64
09-09-21 03:50:31 - epoch 0 | global step 3040 | mode train | loss 2.0781 | accuracy 17.8125 | mean_length 64
09-09-21 03:52:18 - epoch 0 | global step 3050 | mode train | loss 2.0792 | accuracy 13.125 | mean_length 64
09-09-21 03:54:05 - epoch 0 | global step 3060 | mode train | loss 2.0784 | accuracy 12.1875 | mean_length 64
09-09-21 03:55:52 - epoch 0 | global step 3070 | mode train | loss 2.0816 | accuracy 10.0 | mean_length 64
09-09-21 04:05:51 - epoch 0 | global step 3072 | mode validation | loss 2.0794 | accuracy 12.68 | mean_length 64
09-09-21 04:05:51 - Saving model to Output/accGrad4_mbart_noBT_lr2.0e-5_7distractors_maxstep8192_seed42
Epoch: 0, Prediction Accuracy: 12.68, Saved to Path: Output/accGrad4_mbart_noBT_lr2.0e-5_7distractors_maxstep8192_seed42
09-09-21 04:07:27 - epoch 0 | global step 3080 | mode train | loss 2.0802 | accuracy 11.5625 | mean_length 64
09-09-21 04:09:14 - epoch 0 | global step 3090 | mode train | loss 2.0803 | accuracy 11.25 | mean_length 64
09-09-21 04:11:01 - epoch 0 | global step 3100 | mode train | loss 2.0798 | accuracy 11.875 | mean_length 64
09-09-21 04:12:49 - epoch 0 | global step 3110 | mode train | loss 2.0788 | accuracy 13.125 | mean_length 64
09-09-21 04:14:36 - epoch 0 | global step 3120 | mode train | loss 2.0794 | accuracy 12.8125 | mean_length 64
09-09-21 04:16:23 - epoch 0 | global step 3130 | mode train | loss 2.0808 | accuracy 12.1875 | mean_length 64
09-09-21 04:18:11 - epoch 0 | global step 3140 | mode train | loss 2.079 | accuracy 10.9375 | mean_length 64
09-09-21 04:19:58 - epoch 0 | global step 3150 | mode train | loss 2.0805 | accuracy 9.375 | mean_length 64
09-09-21 04:21:45 - epoch 0 | global step 3160 | mode train | loss 2.079 | accuracy 11.5625 | mean_length 64
09-09-21 04:23:32 - epoch 0 | global step 3170 | mode train | loss 2.0798 | accuracy 13.125 | mean_length 64
09-09-21 04:25:20 - epoch 0 | global step 3180 | mode train | loss 2.0789 | accuracy 11.5625 | mean_length 64
09-09-21 04:27:08 - epoch 0 | global step 3190 | mode train | loss 2.0789 | accuracy 14.6875 | mean_length 64
09-09-21 04:28:55 - epoch 0 | global step 3200 | mode train | loss 2.0753 | accuracy 13.75 | mean_length 64
09-09-21 04:30:42 - epoch 0 | global step 3210 | mode train | loss 2.0802 | accuracy 12.8125 | mean_length 64
09-09-21 04:32:30 - epoch 0 | global step 3220 | mode train | loss 2.081 | accuracy 10.9375 | mean_length 64
09-09-21 04:34:17 - epoch 1 | global step 3230 | mode train | loss 2.079 | accuracy 12.5 | mean_length 64
09-09-21 04:36:04 - epoch 1 | global step 3240 | mode train | loss 2.0788 | accuracy 14.0625 | mean_length 64
09-09-21 04:37:51 - epoch 1 | global step 3250 | mode train | loss 2.0809 | accuracy 12.5 | mean_length 64
09-09-21 04:39:39 - epoch 1 | global step 3260 | mode train | loss 2.0788 | accuracy 13.4375 | mean_length 64
09-09-21 04:41:26 - epoch 1 | global step 3270 | mode train | loss 2.0797 | accuracy 13.125 | mean_length 64
09-09-21 04:43:13 - epoch 1 | global step 3280 | mode train | loss 2.0797 | accuracy 12.1875 | mean_length 64
09-09-21 04:45:01 - epoch 1 | global step 3290 | mode train | loss 2.0788 | accuracy 11.875 | mean_length 64
09-09-21 04:46:48 - epoch 1 | global step 3300 | mode train | loss 2.0791 | accuracy 10.3125 | mean_length 64
09-09-21 04:48:35 - epoch 1 | global step 3310 | mode train | loss 2.08 | accuracy 15.0 | mean_length 64
09-09-21 04:50:23 - epoch 1 | global step 3320 | mode train | loss 2.0793 | accuracy 10.0 | mean_length 64
09-09-21 04:52:10 - epoch 1 | global step 3330 | mode train | loss 2.0795 | accuracy 12.5 | mean_length 64
09-09-21 04:53:57 - epoch 1 | global step 3340 | mode train | loss 2.0806 | accuracy 8.75 | mean_length 64
09-09-21 04:55:44 - epoch 1 | global step 3350 | mode train | loss 2.0801 | accuracy 10.625 | mean_length 64
09-09-21 04:57:32 - epoch 1 | global step 3360 | mode train | loss 2.0797 | accuracy 12.5 | mean_length 64
09-09-21 04:59:19 - epoch 1 | global step 3370 | mode train | loss 2.0799 | accuracy 12.1875 | mean_length 64
09-09-21 05:01:06 - epoch 1 | global step 3380 | mode train | loss 2.0804 | accuracy 11.25 | mean_length 64
09-09-21 05:02:54 - epoch 1 | global step 3390 | mode train | loss 2.0794 | accuracy 12.1875 | mean_length 64
09-09-21 05:04:41 - epoch 1 | global step 3400 | mode train | loss 2.0795 | accuracy 10.9375 | mean_length 64
09-09-21 05:06:28 - epoch 1 | global step 3410 | mode train | loss 2.079 | accuracy 13.4375 | mean_length 64
09-09-21 05:08:16 - epoch 1 | global step 3420 | mode train | loss 2.0798 | accuracy 13.4375 | mean_length 64
09-09-21 05:10:03 - epoch 1 | global step 3430 | mode train | loss 2.0789 | accuracy 14.375 | mean_length 64
09-09-21 05:11:50 - epoch 1 | global step 3440 | mode train | loss 2.08 | accuracy 10.625 | mean_length 64
09-09-21 05:13:38 - epoch 1 | global step 3450 | mode train | loss 2.0802 | accuracy 12.8125 | mean_length 64
09-09-21 05:15:25 - epoch 1 | global step 3460 | mode train | loss 2.0793 | accuracy 11.25 | mean_length 64
09-09-21 05:17:12 - epoch 1 | global step 3470 | mode train | loss 2.0791 | accuracy 13.125 | mean_length 64
09-09-21 05:19:00 - epoch 1 | global step 3480 | mode train | loss 2.0795 | accuracy 10.0 | mean_length 64
09-09-21 05:20:47 - epoch 1 | global step 3490 | mode train | loss 2.0802 | accuracy 10.9375 | mean_length 64
09-09-21 05:22:34 - epoch 1 | global step 3500 | mode train | loss 2.0791 | accuracy 11.5625 | mean_length 64
09-09-21 05:24:22 - epoch 1 | global step 3510 | mode train | loss 2.0783 | accuracy 13.75 | mean_length 64
09-09-21 05:26:10 - epoch 1 | global step 3520 | mode train | loss 2.0788 | accuracy 13.75 | mean_length 64
09-09-21 05:27:57 - epoch 1 | global step 3530 | mode train | loss 2.0796 | accuracy 12.5 | mean_length 64
09-09-21 05:29:44 - epoch 1 | global step 3540 | mode train | loss 2.0798 | accuracy 12.8125 | mean_length 64
09-09-21 05:31:31 - epoch 1 | global step 3550 | mode train | loss 2.0798 | accuracy 11.875 | mean_length 64
09-09-21 05:33:19 - epoch 1 | global step 3560 | mode train | loss 2.0787 | accuracy 12.8125 | mean_length 64
09-09-21 05:35:06 - epoch 1 | global step 3570 | mode train | loss 2.0797 | accuracy 9.6875 | mean_length 64
09-09-21 05:36:53 - epoch 1 | global step 3580 | mode train | loss 2.0798 | accuracy 14.0625 | mean_length 64
09-09-21 05:47:17 - epoch 1 | global step 3584 | mode validation | loss 2.0795 | accuracy 12.8 | mean_length 64
09-09-21 05:48:22 - epoch 1 | global step 3590 | mode train | loss 2.079 | accuracy 16.5625 | mean_length 64
09-09-21 05:50:09 - epoch 1 | global step 3600 | mode train | loss 2.0788 | accuracy 12.5 | mean_length 64
09-09-21 05:51:56 - epoch 1 | global step 3610 | mode train | loss 2.0805 | accuracy 11.875 | mean_length 64
09-09-21 05:53:43 - epoch 1 | global step 3620 | mode train | loss 2.0799 | accuracy 13.125 | mean_length 64
09-09-21 05:55:31 - epoch 1 | global step 3630 | mode train | loss 2.0789 | accuracy 11.25 | mean_length 64
09-09-21 05:57:18 - epoch 1 | global step 3640 | mode train | loss 2.0782 | accuracy 12.1875 | mean_length 64
09-09-21 05:59:05 - epoch 1 | global step 3650 | mode train | loss 2.0783 | accuracy 17.5 | mean_length 64
09-09-21 06:00:53 - epoch 1 | global step 3660 | mode train | loss 2.0817 | accuracy 10.0 | mean_length 64
09-09-21 06:02:40 - epoch 1 | global step 3670 | mode train | loss 2.0813 | accuracy 10.625 | mean_length 64
09-09-21 06:04:27 - epoch 1 | global step 3680 | mode train | loss 2.079 | accuracy 13.4375 | mean_length 64
09-09-21 06:06:15 - epoch 1 | global step 3690 | mode train | loss 2.0804 | accuracy 11.25 | mean_length 64
09-09-21 06:08:02 - epoch 1 | global step 3700 | mode train | loss 2.08 | accuracy 12.8125 | mean_length 64
09-09-21 06:09:49 - epoch 1 | global step 3710 | mode train | loss 2.0796 | accuracy 14.375 | mean_length 64
09-09-21 06:11:37 - epoch 1 | global step 3720 | mode train | loss 2.0796 | accuracy 13.125 | mean_length 64
09-09-21 06:13:24 - epoch 1 | global step 3730 | mode train | loss 2.079 | accuracy 13.75 | mean_length 64
09-09-21 06:15:11 - epoch 1 | global step 3740 | mode train | loss 2.0798 | accuracy 14.375 | mean_length 64
09-09-21 06:16:59 - epoch 1 | global step 3750 | mode train | loss 2.079 | accuracy 13.75 | mean_length 64
09-09-21 06:18:46 - epoch 1 | global step 3760 | mode train | loss 2.0798 | accuracy 9.6875 | mean_length 64
09-09-21 06:20:33 - epoch 1 | global step 3770 | mode train | loss 2.0808 | accuracy 12.1875 | mean_length 64
09-09-21 06:22:21 - epoch 1 | global step 3780 | mode train | loss 2.0796 | accuracy 10.3125 | mean_length 64
09-09-21 06:24:08 - epoch 1 | global step 3790 | mode train | loss 2.0788 | accuracy 15.0 | mean_length 64
09-09-21 06:25:56 - epoch 1 | global step 3800 | mode train | loss 2.0782 | accuracy 13.75 | mean_length 64
09-09-21 06:27:43 - epoch 1 | global step 3810 | mode train | loss 2.0777 | accuracy 14.6875 | mean_length 64
09-09-21 06:29:31 - epoch 1 | global step 3820 | mode train | loss 2.0805 | accuracy 11.25 | mean_length 64
09-09-21 06:31:18 - epoch 1 | global step 3830 | mode train | loss 2.0801 | accuracy 10.0 | mean_length 64
09-09-21 06:33:05 - epoch 1 | global step 3840 | mode train | loss 2.0802 | accuracy 12.1875 | mean_length 64
09-09-21 06:34:53 - epoch 1 | global step 3850 | mode train | loss 2.0803 | accuracy 10.3125 | mean_length 64
09-09-21 06:36:40 - epoch 1 | global step 3860 | mode train | loss 2.0782 | accuracy 15.9375 | mean_length 64
09-09-21 06:38:27 - epoch 1 | global step 3870 | mode train | loss 2.0803 | accuracy 10.9375 | mean_length 64
09-09-21 06:40:15 - epoch 1 | global step 3880 | mode train | loss 2.0802 | accuracy 11.25 | mean_length 64
09-09-21 06:42:02 - epoch 1 | global step 3890 | mode train | loss 2.0784 | accuracy 13.75 | mean_length 64
09-09-21 06:43:49 - epoch 1 | global step 3900 | mode train | loss 2.0789 | accuracy 16.5625 | mean_length 64
09-09-21 06:45:37 - epoch 1 | global step 3910 | mode train | loss 2.0801 | accuracy 10.9375 | mean_length 64
09-09-21 06:47:24 - epoch 1 | global step 3920 | mode train | loss 2.0789 | accuracy 12.8125 | mean_length 64
09-09-21 06:49:11 - epoch 1 | global step 3930 | mode train | loss 2.08 | accuracy 11.875 | mean_length 64
09-09-21 06:50:59 - epoch 1 | global step 3940 | mode train | loss 2.0803 | accuracy 14.0625 | mean_length 64
09-09-21 06:52:46 - epoch 1 | global step 3950 | mode train | loss 2.0805 | accuracy 14.375 | mean_length 64
09-09-21 06:54:33 - epoch 1 | global step 3960 | mode train | loss 2.0799 | accuracy 10.625 | mean_length 64
09-09-21 06:56:21 - epoch 1 | global step 3970 | mode train | loss 2.0802 | accuracy 10.625 | mean_length 64
09-09-21 06:58:09 - epoch 1 | global step 3980 | mode train | loss 2.0795 | accuracy 14.375 | mean_length 64
09-09-21 06:59:57 - epoch 1 | global step 3990 | mode train | loss 2.0809 | accuracy 11.5625 | mean_length 64
09-09-21 07:01:44 - epoch 1 | global step 4000 | mode train | loss 2.0808 | accuracy 12.1875 | mean_length 64
09-09-21 07:03:32 - epoch 1 | global step 4010 | mode train | loss 2.0797 | accuracy 13.75 | mean_length 64
09-09-21 07:05:20 - epoch 1 | global step 4020 | mode train | loss 2.0794 | accuracy 11.25 | mean_length 64
09-09-21 07:07:07 - epoch 1 | global step 4030 | mode train | loss 2.0783 | accuracy 15.625 | mean_length 64
09-09-21 07:08:59 - epoch 1 | global step 4040 | mode train | loss 2.0794 | accuracy 10.0 | mean_length 64
09-09-21 07:10:46 - epoch 1 | global step 4050 | mode train | loss 2.0791 | accuracy 13.125 | mean_length 64
09-09-21 07:12:33 - epoch 1 | global step 4060 | mode train | loss 2.0795 | accuracy 10.0 | mean_length 64
09-09-21 07:14:21 - epoch 1 | global step 4070 | mode train | loss 2.0802 | accuracy 10.9375 | mean_length 64
09-09-21 07:16:08 - epoch 1 | global step 4080 | mode train | loss 2.0792 | accuracy 13.75 | mean_length 64
09-09-21 07:18:02 - epoch 1 | global step 4090 | mode train | loss 2.0785 | accuracy 15.0 | mean_length 64
09-09-21 07:28:43 - epoch 1 | global step 4096 | mode validation | loss 2.0795 | accuracy 12.54 | mean_length 64
09-09-21 07:29:26 - epoch 1 | global step 4100 | mode train | loss 2.0802 | accuracy 11.875 | mean_length 64
09-09-21 07:31:13 - epoch 1 | global step 4110 | mode train | loss 2.0789 | accuracy 13.4375 | mean_length 64
09-09-21 07:33:01 - epoch 1 | global step 4120 | mode train | loss 2.0793 | accuracy 12.1875 | mean_length 64
09-09-21 07:34:48 - epoch 1 | global step 4130 | mode train | loss 2.0794 | accuracy 11.875 | mean_length 64
09-09-21 07:36:35 - epoch 1 | global step 4140 | mode train | loss 2.08 | accuracy 13.125 | mean_length 64
09-09-21 07:38:23 - epoch 1 | global step 4150 | mode train | loss 2.0801 | accuracy 13.4375 | mean_length 64
09-09-21 07:40:10 - epoch 1 | global step 4160 | mode train | loss 2.0805 | accuracy 12.8125 | mean_length 64
09-09-21 07:41:57 - epoch 1 | global step 4170 | mode train | loss 2.0791 | accuracy 16.875 | mean_length 64
09-09-21 07:43:45 - epoch 1 | global step 4180 | mode train | loss 2.0784 | accuracy 13.125 | mean_length 64
09-09-21 07:45:32 - epoch 1 | global step 4190 | mode train | loss 2.0798 | accuracy 12.5 | mean_length 64
09-09-21 07:47:19 - epoch 1 | global step 4200 | mode train | loss 2.0801 | accuracy 9.0625 | mean_length 64
09-09-21 07:49:07 - epoch 1 | global step 4210 | mode train | loss 2.0789 | accuracy 11.875 | mean_length 64
09-09-21 07:50:54 - epoch 1 | global step 4220 | mode train | loss 2.0795 | accuracy 15.0 | mean_length 64
09-09-21 07:52:41 - epoch 1 | global step 4230 | mode train | loss 2.0797 | accuracy 13.75 | mean_length 64
09-09-21 07:54:29 - epoch 1 | global step 4240 | mode train | loss 2.0797 | accuracy 11.875 | mean_length 64
09-09-21 07:56:16 - epoch 1 | global step 4250 | mode train | loss 2.0788 | accuracy 12.8125 | mean_length 64
09-09-21 07:58:03 - epoch 1 | global step 4260 | mode train | loss 2.0798 | accuracy 12.8125 | mean_length 64
09-09-21 07:59:51 - epoch 1 | global step 4270 | mode train | loss 2.0796 | accuracy 10.0 | mean_length 64
09-09-21 08:01:38 - epoch 1 | global step 4280 | mode train | loss 2.0791 | accuracy 14.6875 | mean_length 64
09-09-21 08:03:25 - epoch 1 | global step 4290 | mode train | loss 2.0805 | accuracy 12.5 | mean_length 64
09-09-21 08:05:13 - epoch 1 | global step 4300 | mode train | loss 2.0793 | accuracy 13.125 | mean_length 64
09-09-21 08:07:00 - epoch 1 | global step 4310 | mode train | loss 2.0791 | accuracy 10.9375 | mean_length 64
09-09-21 08:08:47 - epoch 1 | global step 4320 | mode train | loss 2.0794 | accuracy 10.9375 | mean_length 64
09-09-21 08:10:35 - epoch 1 | global step 4330 | mode train | loss 2.0794 | accuracy 13.4375 | mean_length 64
09-09-21 08:12:22 - epoch 1 | global step 4340 | mode train | loss 2.0801 | accuracy 11.5625 | mean_length 64
09-09-21 08:14:09 - epoch 1 | global step 4350 | mode train | loss 2.0793 | accuracy 11.5625 | mean_length 64
09-09-21 08:15:57 - epoch 1 | global step 4360 | mode train | loss 2.0799 | accuracy 11.25 | mean_length 64
09-09-21 08:17:44 - epoch 1 | global step 4370 | mode train | loss 2.0794 | accuracy 11.25 | mean_length 64
09-09-21 08:19:31 - epoch 1 | global step 4380 | mode train | loss 2.0802 | accuracy 12.1875 | mean_length 64
09-09-21 08:21:19 - epoch 1 | global step 4390 | mode train | loss 2.0793 | accuracy 14.6875 | mean_length 64
09-09-21 08:23:06 - epoch 1 | global step 4400 | mode train | loss 2.0799 | accuracy 11.875 | mean_length 64
09-09-21 08:24:53 - epoch 1 | global step 4410 | mode train | loss 2.0797 | accuracy 10.3125 | mean_length 64
09-09-21 08:26:41 - epoch 1 | global step 4420 | mode train | loss 2.0793 | accuracy 11.25 | mean_length 64
09-09-21 08:28:28 - epoch 1 | global step 4430 | mode train | loss 2.0796 | accuracy 14.0625 | mean_length 64
09-09-21 08:30:16 - epoch 1 | global step 4440 | mode train | loss 2.0792 | accuracy 13.4375 | mean_length 64
09-09-21 08:32:03 - epoch 1 | global step 4450 | mode train | loss 2.0795 | accuracy 11.5625 | mean_length 64
09-09-21 08:33:50 - epoch 1 | global step 4460 | mode train | loss 2.08 | accuracy 11.25 | mean_length 64
09-09-21 08:35:38 - epoch 1 | global step 4470 | mode train | loss 2.0804 | accuracy 13.75 | mean_length 64
09-09-21 08:37:25 - epoch 1 | global step 4480 | mode train | loss 2.0792 | accuracy 11.25 | mean_length 64
09-09-21 08:39:12 - epoch 1 | global step 4490 | mode train | loss 2.0792 | accuracy 12.8125 | mean_length 64
09-09-21 08:41:00 - epoch 1 | global step 4500 | mode train | loss 2.0799 | accuracy 12.8125 | mean_length 64
09-09-21 08:42:47 - epoch 1 | global step 4510 | mode train | loss 2.0793 | accuracy 9.0625 | mean_length 64
09-09-21 08:44:34 - epoch 1 | global step 4520 | mode train | loss 2.08 | accuracy 11.5625 | mean_length 64
09-09-21 08:46:21 - epoch 1 | global step 4530 | mode train | loss 2.0803 | accuracy 10.625 | mean_length 64
09-09-21 08:48:09 - epoch 1 | global step 4540 | mode train | loss 2.0812 | accuracy 10.3125 | mean_length 64
09-09-21 08:49:56 - epoch 1 | global step 4550 | mode train | loss 2.0787 | accuracy 10.625 | mean_length 64
09-09-21 08:51:43 - epoch 1 | global step 4560 | mode train | loss 2.0804 | accuracy 8.4375 | mean_length 64
09-09-21 08:53:31 - epoch 1 | global step 4570 | mode train | loss 2.08 | accuracy 11.25 | mean_length 64
09-09-21 08:55:18 - epoch 1 | global step 4580 | mode train | loss 2.0792 | accuracy 15.9375 | mean_length 64
09-09-21 08:57:05 - epoch 1 | global step 4590 | mode train | loss 2.0798 | accuracy 10.9375 | mean_length 64
09-09-21 08:58:53 - epoch 1 | global step 4600 | mode train | loss 2.0792 | accuracy 10.625 | mean_length 64
09-09-21 09:09:52 - epoch 1 | global step 4608 | mode validation | loss 2.0795 | accuracy 12.5 | mean_length 64
09-09-21 09:10:13 - epoch 1 | global step 4610 | mode train | loss 2.0787 | accuracy 13.4375 | mean_length 64
09-09-21 09:12:00 - epoch 1 | global step 4620 | mode train | loss 2.403 | accuracy 15.0 | mean_length 63.425
09-09-21 09:13:48 - epoch 1 | global step 4630 | mode train | loss 2.1212 | accuracy 15.625 | mean_length 64
09-09-21 09:15:35 - epoch 1 | global step 4640 | mode train | loss 2.0805 | accuracy 14.6875 | mean_length 64
09-09-21 09:17:22 - epoch 1 | global step 4650 | mode train | loss 2.0774 | accuracy 14.0625 | mean_length 64
09-09-21 09:19:10 - epoch 1 | global step 4660 | mode train | loss 2.0789 | accuracy 15.3125 | mean_length 64
09-09-21 09:20:57 - epoch 1 | global step 4670 | mode train | loss 2.0816 | accuracy 8.4375 | mean_length 64
09-09-21 09:22:44 - epoch 1 | global step 4680 | mode train | loss 2.0796 | accuracy 13.125 | mean_length 64
09-09-21 09:24:32 - epoch 1 | global step 4690 | mode train | loss 2.0766 | accuracy 14.6875 | mean_length 64
09-09-21 09:26:20 - epoch 1 | global step 4700 | mode train | loss 2.079 | accuracy 15.625 | mean_length 64
09-09-21 09:28:07 - epoch 1 | global step 4710 | mode train | loss 2.077 | accuracy 13.125 | mean_length 64
09-09-21 09:29:54 - epoch 1 | global step 4720 | mode train | loss 2.0804 | accuracy 11.25 | mean_length 64
09-09-21 09:31:42 - epoch 1 | global step 4730 | mode train | loss 2.0793 | accuracy 12.5 | mean_length 64
09-09-21 09:33:29 - epoch 1 | global step 4740 | mode train | loss 2.0807 | accuracy 10.9375 | mean_length 64
09-09-21 09:35:17 - epoch 1 | global step 4750 | mode train | loss 2.0803 | accuracy 10.625 | mean_length 64
09-09-21 09:37:05 - epoch 1 | global step 4760 | mode train | loss 2.0857 | accuracy 11.875 | mean_length 64
09-09-21 09:38:52 - epoch 1 | global step 4770 | mode train | loss 2.0786 | accuracy 12.5 | mean_length 64
09-09-21 09:40:40 - epoch 1 | global step 4780 | mode train | loss 2.0801 | accuracy 10.625 | mean_length 64
09-09-21 09:42:27 - epoch 1 | global step 4790 | mode train | loss 2.0801 | accuracy 11.5625 | mean_length 64
09-09-21 09:44:14 - epoch 1 | global step 4800 | mode train | loss 2.0774 | accuracy 13.4375 | mean_length 64
09-09-21 09:46:02 - epoch 1 | global step 4810 | mode train | loss 2.0785 | accuracy 16.5625 | mean_length 64
09-09-21 09:47:49 - epoch 1 | global step 4820 | mode train | loss 2.0784 | accuracy 15.3125 | mean_length 64
09-09-21 09:49:36 - epoch 1 | global step 4830 | mode train | loss 2.08 | accuracy 10.625 | mean_length 64
09-09-21 09:51:24 - epoch 1 | global step 4840 | mode train | loss 2.0782 | accuracy 14.375 | mean_length 64
09-09-21 09:53:11 - epoch 1 | global step 4850 | mode train | loss 2.0784 | accuracy 11.5625 | mean_length 64
09-09-21 09:54:58 - epoch 1 | global step 4860 | mode train | loss 2.0786 | accuracy 13.75 | mean_length 64
09-09-21 09:56:46 - epoch 1 | global step 4870 | mode train | loss 2.0797 | accuracy 12.1875 | mean_length 64
09-09-21 09:58:33 - epoch 1 | global step 4880 | mode train | loss 2.0795 | accuracy 11.25 | mean_length 64
09-09-21 10:00:21 - epoch 1 | global step 4890 | mode train | loss 2.0787 | accuracy 13.4375 | mean_length 64
09-09-21 10:02:08 - epoch 1 | global step 4900 | mode train | loss 2.0821 | accuracy 10.9375 | mean_length 64
09-09-21 10:04:07 - epoch 1 | global step 4910 | mode train | loss 2.0813 | accuracy 13.125 | mean_length 64
09-09-21 10:05:57 - epoch 1 | global step 4920 | mode train | loss 2.0803 | accuracy 10.625 | mean_length 64
09-09-21 10:07:45 - epoch 1 | global step 4930 | mode train | loss 2.0789 | accuracy 15.3125 | mean_length 64
09-09-21 10:09:32 - epoch 1 | global step 4940 | mode train | loss 2.0821 | accuracy 9.375 | mean_length 64
09-09-21 10:11:19 - epoch 1 | global step 4950 | mode train | loss 2.078 | accuracy 16.25 | mean_length 64
09-09-21 10:13:07 - epoch 1 | global step 4960 | mode train | loss 2.0788 | accuracy 12.5 | mean_length 64
09-09-21 10:14:54 - epoch 1 | global step 4970 | mode train | loss 2.0781 | accuracy 10.0 | mean_length 64
09-09-21 10:16:42 - epoch 1 | global step 4980 | mode train | loss 2.0796 | accuracy 13.75 | mean_length 64
09-09-21 10:18:29 - epoch 1 | global step 4990 | mode train | loss 2.0813 | accuracy 9.0625 | mean_length 64
09-09-21 10:20:16 - epoch 1 | global step 5000 | mode train | loss 2.0786 | accuracy 15.9375 | mean_length 64
09-09-21 10:22:04 - epoch 1 | global step 5010 | mode train | loss 2.0785 | accuracy 13.125 | mean_length 64
09-09-21 10:23:51 - epoch 1 | global step 5020 | mode train | loss 2.0797 | accuracy 12.8125 | mean_length 64
09-09-21 10:25:38 - epoch 1 | global step 5030 | mode train | loss 2.0804 | accuracy 11.875 | mean_length 64
09-09-21 10:27:26 - epoch 1 | global step 5040 | mode train | loss 2.0812 | accuracy 11.25 | mean_length 64
09-09-21 10:29:14 - epoch 1 | global step 5050 | mode train | loss 2.081 | accuracy 10.625 | mean_length 64
09-09-21 10:31:01 - epoch 1 | global step 5060 | mode train | loss 2.0794 | accuracy 10.9375 | mean_length 64
09-09-21 10:32:48 - epoch 1 | global step 5070 | mode train | loss 2.0808 | accuracy 11.5625 | mean_length 64
09-09-21 10:34:36 - epoch 1 | global step 5080 | mode train | loss 2.0794 | accuracy 14.6875 | mean_length 64
09-09-21 10:36:23 - epoch 1 | global step 5090 | mode train | loss 2.0786 | accuracy 14.375 | mean_length 64
09-09-21 10:38:10 - epoch 1 | global step 5100 | mode train | loss 2.0782 | accuracy 14.375 | mean_length 64
09-09-21 10:39:58 - epoch 1 | global step 5110 | mode train | loss 2.0795 | accuracy 13.125 | mean_length 64
09-09-21 10:41:45 - epoch 1 | global step 5120 | mode train | loss 2.0816 | accuracy 8.75 | mean_length 64
09-09-21 10:51:22 - epoch 1 | global step 5120 | mode validation | loss 2.0796 | accuracy 12.06 | mean_length 64
09-09-21 10:53:10 - epoch 1 | global step 5130 | mode train | loss 2.0801 | accuracy 11.875 | mean_length 64
09-09-21 10:54:57 - epoch 1 | global step 5140 | mode train | loss 2.0798 | accuracy 10.9375 | mean_length 64
09-09-21 10:56:44 - epoch 1 | global step 5150 | mode train | loss 2.0785 | accuracy 14.375 | mean_length 64
09-09-21 10:58:31 - epoch 1 | global step 5160 | mode train | loss 2.0776 | accuracy 11.25 | mean_length 64
09-09-21 11:00:19 - epoch 1 | global step 5170 | mode train | loss 2.0797 | accuracy 10.3125 | mean_length 64
09-09-21 11:02:06 - epoch 1 | global step 5180 | mode train | loss 2.08 | accuracy 10.3125 | mean_length 64
09-09-21 11:03:54 - epoch 1 | global step 5190 | mode train | loss 2.0804 | accuracy 12.8125 | mean_length 64
09-09-21 11:05:41 - epoch 1 | global step 5200 | mode train | loss 2.0794 | accuracy 11.5625 | mean_length 64
09-09-21 11:07:29 - epoch 1 | global step 5210 | mode train | loss 2.0796 | accuracy 15.9375 | mean_length 64
09-09-21 11:09:16 - epoch 1 | global step 5220 | mode train | loss 2.08 | accuracy 13.125 | mean_length 64
09-09-21 11:11:03 - epoch 1 | global step 5230 | mode train | loss 2.0793 | accuracy 10.3125 | mean_length 64
09-09-21 11:12:50 - epoch 1 | global step 5240 | mode train | loss 2.0795 | accuracy 14.0625 | mean_length 64
09-09-21 11:14:38 - epoch 1 | global step 5250 | mode train | loss 2.0804 | accuracy 9.0625 | mean_length 64
09-09-21 11:16:25 - epoch 1 | global step 5260 | mode train | loss 2.0815 | accuracy 10.3125 | mean_length 64
09-09-21 11:18:12 - epoch 1 | global step 5270 | mode train | loss 2.0797 | accuracy 9.375 | mean_length 64
09-09-21 11:20:00 - epoch 1 | global step 5280 | mode train | loss 2.0797 | accuracy 13.4375 | mean_length 64
09-09-21 11:21:47 - epoch 1 | global step 5290 | mode train | loss 2.0803 | accuracy 12.5 | mean_length 64
09-09-21 11:23:34 - epoch 1 | global step 5300 | mode train | loss 2.0809 | accuracy 10.0 | mean_length 64
09-09-21 11:25:22 - epoch 1 | global step 5310 | mode train | loss 2.0794 | accuracy 13.125 | mean_length 64
09-09-21 11:27:10 - epoch 1 | global step 5320 | mode train | loss 2.0805 | accuracy 11.25 | mean_length 64
09-09-21 11:28:57 - epoch 1 | global step 5330 | mode train | loss 2.0797 | accuracy 14.0625 | mean_length 64
09-09-21 11:30:44 - epoch 1 | global step 5340 | mode train | loss 2.0784 | accuracy 15.0 | mean_length 64
09-09-21 11:32:32 - epoch 1 | global step 5350 | mode train | loss 2.0793 | accuracy 12.1875 | mean_length 64
09-09-21 11:34:19 - epoch 1 | global step 5360 | mode train | loss 2.0796 | accuracy 13.4375 | mean_length 64
09-09-21 11:36:06 - epoch 1 | global step 5370 | mode train | loss 2.0806 | accuracy 14.375 | mean_length 64
09-09-21 11:37:54 - epoch 1 | global step 5380 | mode train | loss 2.0798 | accuracy 15.9375 | mean_length 64
09-09-21 11:39:41 - epoch 1 | global step 5390 | mode train | loss 2.0792 | accuracy 12.8125 | mean_length 64
09-09-21 11:41:28 - epoch 1 | global step 5400 | mode train | loss 2.0791 | accuracy 10.3125 | mean_length 64
09-09-21 11:43:16 - epoch 1 | global step 5410 | mode train | loss 2.079 | accuracy 13.4375 | mean_length 64
09-09-21 11:45:03 - epoch 1 | global step 5420 | mode train | loss 2.0773 | accuracy 15.3125 | mean_length 64
09-09-21 11:46:50 - epoch 1 | global step 5430 | mode train | loss 2.0785 | accuracy 18.125 | mean_length 64
09-09-21 11:48:38 - epoch 1 | global step 5440 | mode train | loss 2.0804 | accuracy 9.375 | mean_length 64
09-09-21 11:50:25 - epoch 1 | global step 5450 | mode train | loss 2.0795 | accuracy 13.4375 | mean_length 64
09-09-21 11:52:13 - epoch 1 | global step 5460 | mode train | loss 2.0795 | accuracy 11.25 | mean_length 64
09-09-21 11:54:00 - epoch 1 | global step 5470 | mode train | loss 2.0795 | accuracy 11.875 | mean_length 64
09-09-21 11:55:47 - epoch 1 | global step 5480 | mode train | loss 2.0789 | accuracy 13.125 | mean_length 64
09-09-21 11:57:34 - epoch 1 | global step 5490 | mode train | loss 2.0804 | accuracy 9.375 | mean_length 64
09-09-21 11:59:22 - epoch 1 | global step 5500 | mode train | loss 2.078 | accuracy 14.375 | mean_length 64
09-09-21 12:01:09 - epoch 1 | global step 5510 | mode train | loss 2.0809 | accuracy 10.625 | mean_length 64
09-09-21 12:02:56 - epoch 1 | global step 5520 | mode train | loss 2.079 | accuracy 11.875 | mean_length 64
09-09-21 12:04:44 - epoch 1 | global step 5530 | mode train | loss 2.0794 | accuracy 15.0 | mean_length 64
09-09-21 12:06:31 - epoch 1 | global step 5540 | mode train | loss 2.0811 | accuracy 11.25 | mean_length 64
09-09-21 12:08:18 - epoch 1 | global step 5550 | mode train | loss 2.0804 | accuracy 13.75 | mean_length 64
09-09-21 12:10:06 - epoch 1 | global step 5560 | mode train | loss 2.0799 | accuracy 13.125 | mean_length 64
09-09-21 12:11:53 - epoch 1 | global step 5570 | mode train | loss 2.0797 | accuracy 11.5625 | mean_length 64
09-09-21 12:13:40 - epoch 1 | global step 5580 | mode train | loss 2.0782 | accuracy 13.75 | mean_length 64
09-09-21 12:15:28 - epoch 1 | global step 5590 | mode train | loss 2.0796 | accuracy 11.5625 | mean_length 64
09-09-21 12:17:15 - epoch 1 | global step 5600 | mode train | loss 2.0801 | accuracy 10.625 | mean_length 64
09-09-21 12:19:02 - epoch 1 | global step 5610 | mode train | loss 2.0798 | accuracy 10.625 | mean_length 64
09-09-21 12:20:50 - epoch 1 | global step 5620 | mode train | loss 2.0784 | accuracy 12.5 | mean_length 64
09-09-21 12:22:37 - epoch 1 | global step 5630 | mode train | loss 2.0788 | accuracy 13.125 | mean_length 64
09-09-21 12:32:36 - epoch 1 | global step 5632 | mode validation | loss 2.0795 | accuracy 12.46 | mean_length 64
09-09-21 12:34:02 - epoch 1 | global step 5640 | mode train | loss 2.0797 | accuracy 12.1875 | mean_length 64
09-09-21 12:35:49 - epoch 1 | global step 5650 | mode train | loss 2.0797 | accuracy 10.3125 | mean_length 64
09-09-21 12:37:36 - epoch 1 | global step 5660 | mode train | loss 2.0784 | accuracy 12.8125 | mean_length 64
09-09-21 12:39:24 - epoch 1 | global step 5670 | mode train | loss 2.0804 | accuracy 11.875 | mean_length 64
09-09-21 12:41:11 - epoch 1 | global step 5680 | mode train | loss 2.0782 | accuracy 15.3125 | mean_length 64
09-09-21 12:42:58 - epoch 1 | global step 5690 | mode train | loss 2.0796 | accuracy 10.3125 | mean_length 64
09-09-21 12:44:46 - epoch 1 | global step 5700 | mode train | loss 2.078 | accuracy 14.375 | mean_length 64
09-09-21 12:46:33 - epoch 1 | global step 5710 | mode train | loss 2.0794 | accuracy 14.0625 | mean_length 64
09-09-21 12:48:20 - epoch 1 | global step 5720 | mode train | loss 2.0795 | accuracy 11.25 | mean_length 64
09-09-21 12:50:08 - epoch 1 | global step 5730 | mode train | loss 2.0789 | accuracy 14.375 | mean_length 64
09-09-21 12:51:55 - epoch 1 | global step 5740 | mode train | loss 2.0801 | accuracy 12.1875 | mean_length 64
09-09-21 12:53:42 - epoch 1 | global step 5750 | mode train | loss 2.0795 | accuracy 13.125 | mean_length 64
09-09-21 12:55:29 - epoch 1 | global step 5760 | mode train | loss 2.0792 | accuracy 13.4375 | mean_length 64
09-09-21 12:57:17 - epoch 1 | global step 5770 | mode train | loss 2.0797 | accuracy 11.25 | mean_length 64
09-09-21 12:59:04 - epoch 1 | global step 5780 | mode train | loss 2.0791 | accuracy 14.0625 | mean_length 64
09-09-21 13:00:51 - epoch 1 | global step 5790 | mode train | loss 2.079 | accuracy 14.375 | mean_length 64
09-09-21 13:02:39 - epoch 1 | global step 5800 | mode train | loss 2.078 | accuracy 10.3125 | mean_length 64
09-09-21 13:04:26 - epoch 1 | global step 5810 | mode train | loss 2.0795 | accuracy 13.75 | mean_length 64
09-09-21 13:06:13 - epoch 1 | global step 5820 | mode train | loss 2.0799 | accuracy 11.875 | mean_length 64
09-09-21 13:08:00 - epoch 1 | global step 5830 | mode train | loss 2.0796 | accuracy 12.1875 | mean_length 64
09-09-21 13:09:48 - epoch 1 | global step 5840 | mode train | loss 2.0798 | accuracy 12.8125 | mean_length 64
09-09-21 13:11:35 - epoch 1 | global step 5850 | mode train | loss 2.0798 | accuracy 9.6875 | mean_length 64
09-09-21 13:13:22 - epoch 1 | global step 5860 | mode train | loss 2.0793 | accuracy 13.75 | mean_length 64
09-09-21 13:15:10 - epoch 1 | global step 5870 | mode train | loss 2.0792 | accuracy 17.8125 | mean_length 64
09-09-21 13:16:57 - epoch 1 | global step 5880 | mode train | loss 2.0791 | accuracy 15.0 | mean_length 64
09-09-21 13:18:44 - epoch 1 | global step 5890 | mode train | loss 2.0797 | accuracy 11.875 | mean_length 64
09-09-21 13:20:31 - epoch 1 | global step 5900 | mode train | loss 2.081 | accuracy 9.6875 | mean_length 64
09-09-21 13:22:19 - epoch 1 | global step 5910 | mode train | loss 2.0799 | accuracy 12.8125 | mean_length 64
09-09-21 13:24:06 - epoch 1 | global step 5920 | mode train | loss 2.0802 | accuracy 10.0 | mean_length 64
09-09-21 13:25:53 - epoch 1 | global step 5930 | mode train | loss 2.0797 | accuracy 10.3125 | mean_length 64
09-09-21 13:27:41 - epoch 1 | global step 5940 | mode train | loss 2.0793 | accuracy 13.125 | mean_length 64
09-09-21 13:29:28 - epoch 1 | global step 5950 | mode train | loss 2.0797 | accuracy 13.75 | mean_length 64
09-09-21 13:31:15 - epoch 1 | global step 5960 | mode train | loss 2.0791 | accuracy 12.1875 | mean_length 64
09-09-21 13:33:03 - epoch 1 | global step 5970 | mode train | loss 2.0789 | accuracy 13.125 | mean_length 64
09-09-21 13:34:50 - epoch 1 | global step 5980 | mode train | loss 2.0791 | accuracy 13.4375 | mean_length 64
09-09-21 13:36:37 - epoch 1 | global step 5990 | mode train | loss 2.0795 | accuracy 14.375 | mean_length 64
09-09-21 13:38:24 - epoch 1 | global step 6000 | mode train | loss 2.08 | accuracy 11.25 | mean_length 64
09-09-21 13:40:12 - epoch 1 | global step 6010 | mode train | loss 2.0802 | accuracy 11.5625 | mean_length 64
09-09-21 13:41:59 - epoch 1 | global step 6020 | mode train | loss 2.0796 | accuracy 13.125 | mean_length 64
09-09-21 13:43:46 - epoch 1 | global step 6030 | mode train | loss 2.0792 | accuracy 11.5625 | mean_length 64
09-09-21 13:45:34 - epoch 1 | global step 6040 | mode train | loss 2.0792 | accuracy 10.3125 | mean_length 64
09-09-21 13:47:21 - epoch 1 | global step 6050 | mode train | loss 2.0801 | accuracy 11.25 | mean_length 64
09-09-21 13:49:08 - epoch 1 | global step 6060 | mode train | loss 2.0789 | accuracy 12.8125 | mean_length 64
09-09-21 13:50:55 - epoch 1 | global step 6070 | mode train | loss 2.0804 | accuracy 12.8125 | mean_length 64
09-09-21 13:52:43 - epoch 1 | global step 6080 | mode train | loss 2.0796 | accuracy 13.125 | mean_length 64
09-09-21 13:54:30 - epoch 1 | global step 6090 | mode train | loss 2.0799 | accuracy 15.0 | mean_length 64
09-09-21 13:56:17 - epoch 1 | global step 6100 | mode train | loss 2.0792 | accuracy 11.875 | mean_length 64
09-09-21 13:58:05 - epoch 1 | global step 6110 | mode train | loss 2.0804 | accuracy 10.3125 | mean_length 64
09-09-21 13:59:52 - epoch 1 | global step 6120 | mode train | loss 2.0789 | accuracy 13.4375 | mean_length 64
09-09-21 14:01:39 - epoch 1 | global step 6130 | mode train | loss 2.0793 | accuracy 13.4375 | mean_length 64
09-09-21 14:03:26 - epoch 1 | global step 6140 | mode train | loss 2.0794 | accuracy 11.875 | mean_length 64
09-09-21 14:13:46 - epoch 1 | global step 6144 | mode validation | loss 2.0795 | accuracy 12.86 | mean_length 64
09-09-21 14:14:50 - epoch 1 | global step 6150 | mode train | loss 2.079 | accuracy 10.625 | mean_length 64
09-09-21 14:16:38 - epoch 1 | global step 6160 | mode train | loss 2.0786 | accuracy 15.3125 | mean_length 64
09-09-21 14:18:25 - epoch 1 | global step 6170 | mode train | loss 2.0802 | accuracy 12.1875 | mean_length 64
09-09-21 14:20:12 - epoch 1 | global step 6180 | mode train | loss 2.0798 | accuracy 9.0625 | mean_length 64
09-09-21 14:21:59 - epoch 1 | global step 6190 | mode train | loss 2.081 | accuracy 8.75 | mean_length 64
09-09-21 14:23:46 - epoch 1 | global step 6200 | mode train | loss 2.0796 | accuracy 10.0 | mean_length 64
09-09-21 14:25:34 - epoch 1 | global step 6210 | mode train | loss 2.0793 | accuracy 14.375 | mean_length 64
09-09-21 14:27:21 - epoch 1 | global step 6220 | mode train | loss 2.08 | accuracy 12.8125 | mean_length 64
09-09-21 14:29:09 - epoch 1 | global step 6230 | mode train | loss 2.0798 | accuracy 13.125 | mean_length 64
09-09-21 14:30:56 - epoch 1 | global step 6240 | mode train | loss 2.0788 | accuracy 17.1875 | mean_length 64
09-09-21 14:32:43 - epoch 1 | global step 6250 | mode train | loss 2.0791 | accuracy 14.375 | mean_length 64
09-09-21 14:34:31 - epoch 1 | global step 6260 | mode train | loss 2.0805 | accuracy 10.625 | mean_length 64
09-09-21 14:36:18 - epoch 1 | global step 6270 | mode train | loss 2.0796 | accuracy 13.75 | mean_length 64
09-09-21 14:38:05 - epoch 1 | global step 6280 | mode train | loss 2.0798 | accuracy 12.1875 | mean_length 64
09-09-21 14:39:52 - epoch 1 | global step 6290 | mode train | loss 2.0789 | accuracy 15.9375 | mean_length 64
09-09-21 14:41:40 - epoch 1 | global step 6300 | mode train | loss 2.0795 | accuracy 10.9375 | mean_length 64
09-09-21 14:43:27 - epoch 1 | global step 6310 | mode train | loss 2.0803 | accuracy 10.3125 | mean_length 64
09-09-21 14:45:14 - epoch 1 | global step 6320 | mode train | loss 2.0798 | accuracy 10.3125 | mean_length 64
09-09-21 14:47:02 - epoch 1 | global step 6330 | mode train | loss 2.0788 | accuracy 11.875 | mean_length 64
09-09-21 14:48:49 - epoch 1 | global step 6340 | mode train | loss 2.0799 | accuracy 11.25 | mean_length 64
09-09-21 14:50:36 - epoch 1 | global step 6350 | mode train | loss 2.0795 | accuracy 13.75 | mean_length 64
09-09-21 14:52:24 - epoch 1 | global step 6360 | mode train | loss 2.0799 | accuracy 11.25 | mean_length 64
09-09-21 14:54:11 - epoch 1 | global step 6370 | mode train | loss 2.0808 | accuracy 8.75 | mean_length 64
09-09-21 14:55:58 - epoch 1 | global step 6380 | mode train | loss 2.079 | accuracy 15.0 | mean_length 64
09-09-21 14:57:45 - epoch 1 | global step 6390 | mode train | loss 2.08 | accuracy 10.3125 | mean_length 64
09-09-21 14:59:33 - epoch 1 | global step 6400 | mode train | loss 2.0796 | accuracy 11.25 | mean_length 64
09-09-21 15:01:20 - epoch 1 | global step 6410 | mode train | loss 2.0792 | accuracy 13.4375 | mean_length 64
09-09-21 15:03:07 - epoch 1 | global step 6420 | mode train | loss 2.0796 | accuracy 12.5 | mean_length 64
09-09-21 15:04:54 - epoch 1 | global step 6430 | mode train | loss 2.08 | accuracy 11.5625 | mean_length 64
09-09-21 15:06:42 - epoch 1 | global step 6440 | mode train | loss 2.0802 | accuracy 12.8125 | mean_length 64
09-09-21 15:08:29 - epoch 1 | global step 6450 | mode train | loss 2.0799 | accuracy 11.5625 | mean_length 64
09-09-21 15:10:16 - epoch 2 | global step 6460 | mode train | loss 2.0798 | accuracy 10.3125 | mean_length 64
09-09-21 15:12:03 - epoch 2 | global step 6470 | mode train | loss 2.0797 | accuracy 11.875 | mean_length 64
09-09-21 15:13:51 - epoch 2 | global step 6480 | mode train | loss 2.0795 | accuracy 10.9375 | mean_length 64
09-09-21 15:15:38 - epoch 2 | global step 6490 | mode train | loss 2.0793 | accuracy 13.4375 | mean_length 64
09-09-21 15:17:25 - epoch 2 | global step 6500 | mode train | loss 2.0791 | accuracy 13.75 | mean_length 64
09-09-21 15:19:13 - epoch 2 | global step 6510 | mode train | loss 2.0785 | accuracy 14.6875 | mean_length 64
09-09-21 15:21:00 - epoch 2 | global step 6520 | mode train | loss 2.0784 | accuracy 14.0625 | mean_length 64
09-09-21 15:22:47 - epoch 2 | global step 6530 | mode train | loss 2.0792 | accuracy 10.625 | mean_length 64
09-09-21 15:24:35 - epoch 2 | global step 6540 | mode train | loss 2.0785 | accuracy 12.8125 | mean_length 64
09-09-21 15:26:22 - epoch 2 | global step 6550 | mode train | loss 2.0806 | accuracy 11.25 | mean_length 64
09-09-21 15:28:09 - epoch 2 | global step 6560 | mode train | loss 2.0789 | accuracy 12.8125 | mean_length 64
09-09-21 15:29:57 - epoch 2 | global step 6570 | mode train | loss 2.0801 | accuracy 10.3125 | mean_length 64
09-09-21 15:31:44 - epoch 2 | global step 6580 | mode train | loss 2.0794 | accuracy 10.0 | mean_length 64
09-09-21 15:33:31 - epoch 2 | global step 6590 | mode train | loss 2.0799 | accuracy 10.3125 | mean_length 64
09-09-21 15:35:19 - epoch 2 | global step 6600 | mode train | loss 2.0794 | accuracy 14.375 | mean_length 64
09-09-21 15:37:06 - epoch 2 | global step 6610 | mode train | loss 2.0801 | accuracy 10.0 | mean_length 64
09-09-21 15:38:53 - epoch 2 | global step 6620 | mode train | loss 2.0803 | accuracy 11.25 | mean_length 64
09-09-21 15:40:41 - epoch 2 | global step 6630 | mode train | loss 2.079 | accuracy 12.5 | mean_length 64
09-09-21 15:42:28 - epoch 2 | global step 6640 | mode train | loss 2.08 | accuracy 11.5625 | mean_length 64
09-09-21 15:44:15 - epoch 2 | global step 6650 | mode train | loss 2.0801 | accuracy 10.9375 | mean_length 64
09-09-21 15:54:57 - epoch 2 | global step 6656 | mode validation | loss 2.0795 | accuracy 12.54 | mean_length 64
09-09-21 15:55:40 - epoch 2 | global step 6660 | mode train | loss 2.079 | accuracy 16.5625 | mean_length 64
09-09-21 15:57:28 - epoch 2 | global step 6670 | mode train | loss 2.0802 | accuracy 12.8125 | mean_length 64
09-09-21 15:59:15 - epoch 2 | global step 6680 | mode train | loss 2.079 | accuracy 11.5625 | mean_length 64
09-09-21 16:01:02 - epoch 2 | global step 6690 | mode train | loss 2.0798 | accuracy 11.25 | mean_length 64
09-09-21 16:02:50 - epoch 2 | global step 6700 | mode train | loss 2.0802 | accuracy 11.5625 | mean_length 64
09-09-21 16:04:37 - epoch 2 | global step 6710 | mode train | loss 2.0798 | accuracy 10.625 | mean_length 64
09-09-21 16:06:25 - epoch 2 | global step 6720 | mode train | loss 2.0793 | accuracy 13.75 | mean_length 64
09-09-21 16:08:12 - epoch 2 | global step 6730 | mode train | loss 2.08 | accuracy 11.25 | mean_length 64
09-09-21 16:09:59 - epoch 2 | global step 6740 | mode train | loss 2.0804 | accuracy 12.1875 | mean_length 64
09-09-21 16:11:46 - epoch 2 | global step 6750 | mode train | loss 2.0792 | accuracy 15.0 | mean_length 64
09-09-21 16:13:34 - epoch 2 | global step 6760 | mode train | loss 2.0788 | accuracy 13.75 | mean_length 64
09-09-21 16:15:21 - epoch 2 | global step 6770 | mode train | loss 2.0795 | accuracy 10.625 | mean_length 64
09-09-21 16:17:09 - epoch 2 | global step 6780 | mode train | loss 2.0794 | accuracy 11.5625 | mean_length 64
09-09-21 16:18:56 - epoch 2 | global step 6790 | mode train | loss 2.0794 | accuracy 11.25 | mean_length 64
09-09-21 16:20:43 - epoch 2 | global step 6800 | mode train | loss 2.0794 | accuracy 11.5625 | mean_length 64
09-09-21 16:22:31 - epoch 2 | global step 6810 | mode train | loss 2.0789 | accuracy 15.0 | mean_length 64
09-09-21 16:24:18 - epoch 2 | global step 6820 | mode train | loss 2.079 | accuracy 14.0625 | mean_length 64
09-09-21 16:26:06 - epoch 2 | global step 6830 | mode train | loss 2.0788 | accuracy 12.1875 | mean_length 64
09-09-21 16:27:57 - epoch 2 | global step 6840 | mode train | loss 2.0791 | accuracy 11.5625 | mean_length 64
09-09-21 16:29:48 - epoch 2 | global step 6850 | mode train | loss 2.0798 | accuracy 13.125 | mean_length 64
09-09-21 16:31:35 - epoch 2 | global step 6860 | mode train | loss 2.0792 | accuracy 14.6875 | mean_length 64
09-09-21 16:33:22 - epoch 2 | global step 6870 | mode train | loss 2.0793 | accuracy 11.875 | mean_length 64
09-09-21 16:35:10 - epoch 2 | global step 6880 | mode train | loss 2.0796 | accuracy 9.6875 | mean_length 64
09-09-21 16:36:58 - epoch 2 | global step 6890 | mode train | loss 2.0791 | accuracy 12.1875 | mean_length 64
09-09-21 16:38:46 - epoch 2 | global step 6900 | mode train | loss 2.0798 | accuracy 12.8125 | mean_length 64
09-09-21 16:40:33 - epoch 2 | global step 6910 | mode train | loss 2.0798 | accuracy 13.125 | mean_length 64
09-09-21 16:42:20 - epoch 2 | global step 6920 | mode train | loss 2.0792 | accuracy 12.1875 | mean_length 64
09-09-21 16:44:08 - epoch 2 | global step 6930 | mode train | loss 2.0787 | accuracy 14.0625 | mean_length 64
09-09-21 16:45:55 - epoch 2 | global step 6940 | mode train | loss 2.0792 | accuracy 12.1875 | mean_length 64
09-09-21 16:47:43 - epoch 2 | global step 6950 | mode train | loss 2.0799 | accuracy 10.9375 | mean_length 64
09-09-21 16:49:30 - epoch 2 | global step 6960 | mode train | loss 2.0792 | accuracy 15.625 | mean_length 64
09-09-21 16:51:17 - epoch 2 | global step 6970 | mode train | loss 2.0788 | accuracy 14.6875 | mean_length 64
09-09-21 16:53:05 - epoch 2 | global step 6980 | mode train | loss 2.0799 | accuracy 12.1875 | mean_length 64
09-09-21 16:54:52 - epoch 2 | global step 6990 | mode train | loss 2.0801 | accuracy 10.3125 | mean_length 64
09-09-21 16:56:39 - epoch 2 | global step 7000 | mode train | loss 2.0798 | accuracy 11.875 | mean_length 64
09-09-21 16:58:27 - epoch 2 | global step 7010 | mode train | loss 2.0795 | accuracy 11.5625 | mean_length 64
09-09-21 17:00:14 - epoch 2 | global step 7020 | mode train | loss 2.0799 | accuracy 8.125 | mean_length 64
09-09-21 17:02:01 - epoch 2 | global step 7030 | mode train | loss 2.0786 | accuracy 10.9375 | mean_length 64
09-09-21 17:03:49 - epoch 2 | global step 7040 | mode train | loss 2.0795 | accuracy 11.875 | mean_length 64
09-09-21 17:05:36 - epoch 2 | global step 7050 | mode train | loss 2.0803 | accuracy 9.6875 | mean_length 64
09-09-21 17:07:23 - epoch 2 | global step 7060 | mode train | loss 2.0793 | accuracy 10.9375 | mean_length 64
09-09-21 17:09:11 - epoch 2 | global step 7070 | mode train | loss 2.0793 | accuracy 10.9375 | mean_length 64
09-09-21 17:10:58 - epoch 2 | global step 7080 | mode train | loss 2.0793 | accuracy 11.875 | mean_length 64
09-09-21 17:12:46 - epoch 2 | global step 7090 | mode train | loss 2.0795 | accuracy 13.75 | mean_length 64
09-09-21 17:14:33 - epoch 2 | global step 7100 | mode train | loss 2.0796 | accuracy 13.75 | mean_length 64
09-09-21 17:16:22 - epoch 2 | global step 7110 | mode train | loss 2.0795 | accuracy 10.625 | mean_length 64
09-09-21 17:18:10 - epoch 2 | global step 7120 | mode train | loss 2.0799 | accuracy 12.5 | mean_length 64
09-09-21 17:20:02 - epoch 2 | global step 7130 | mode train | loss 2.0798 | accuracy 13.125 | mean_length 64
09-09-21 17:21:50 - epoch 2 | global step 7140 | mode train | loss 2.0792 | accuracy 11.5625 | mean_length 64
09-09-21 17:23:37 - epoch 2 | global step 7150 | mode train | loss 2.0795 | accuracy 14.0625 | mean_length 64
09-09-21 17:25:24 - epoch 2 | global step 7160 | mode train | loss 2.08 | accuracy 11.875 | mean_length 64
09-09-21 17:36:28 - epoch 2 | global step 7168 | mode validation | loss 2.0794 | accuracy 12.2 | mean_length 64
09-09-21 17:36:50 - epoch 2 | global step 7170 | mode train | loss 2.0794 | accuracy 12.1875 | mean_length 64
09-09-21 17:38:37 - epoch 2 | global step 7180 | mode train | loss 2.0791 | accuracy 12.5 | mean_length 64
09-09-21 17:40:24 - epoch 2 | global step 7190 | mode train | loss 2.0791 | accuracy 15.0 | mean_length 64
09-09-21 17:42:12 - epoch 2 | global step 7200 | mode train | loss 2.0804 | accuracy 11.875 | mean_length 64
09-09-21 17:44:00 - epoch 2 | global step 7210 | mode train | loss 2.0796 | accuracy 12.1875 | mean_length 64
09-09-21 17:45:48 - epoch 2 | global step 7220 | mode train | loss 2.0793 | accuracy 12.1875 | mean_length 64
09-09-21 17:47:36 - epoch 2 | global step 7230 | mode train | loss 2.0796 | accuracy 13.75 | mean_length 64
09-09-21 17:49:25 - epoch 2 | global step 7240 | mode train | loss 2.0795 | accuracy 13.4375 | mean_length 64
09-09-21 17:51:13 - epoch 2 | global step 7250 | mode train | loss 2.0797 | accuracy 10.3125 | mean_length 64
09-09-21 17:53:01 - epoch 2 | global step 7260 | mode train | loss 2.0793 | accuracy 13.4375 | mean_length 64
09-09-21 17:54:49 - epoch 2 | global step 7270 | mode train | loss 2.0789 | accuracy 15.9375 | mean_length 64
09-09-21 17:56:37 - epoch 2 | global step 7280 | mode train | loss 2.0795 | accuracy 12.1875 | mean_length 64
09-09-21 17:58:25 - epoch 2 | global step 7290 | mode train | loss 2.0788 | accuracy 11.875 | mean_length 64
09-09-21 18:00:13 - epoch 2 | global step 7300 | mode train | loss 2.0788 | accuracy 15.3125 | mean_length 64
09-09-21 18:02:01 - epoch 2 | global step 7310 | mode train | loss 2.0791 | accuracy 13.75 | mean_length 64
09-09-21 18:03:49 - epoch 2 | global step 7320 | mode train | loss 2.0789 | accuracy 14.0625 | mean_length 64
09-09-21 18:05:37 - epoch 2 | global step 7330 | mode train | loss 2.0792 | accuracy 12.8125 | mean_length 64
09-09-21 18:07:25 - epoch 2 | global step 7340 | mode train | loss 2.0794 | accuracy 12.8125 | mean_length 64
09-09-21 18:09:13 - epoch 2 | global step 7350 | mode train | loss 2.08 | accuracy 11.875 | mean_length 64
09-09-21 18:11:01 - epoch 2 | global step 7360 | mode train | loss 2.0792 | accuracy 14.6875 | mean_length 64
09-09-21 18:12:49 - epoch 2 | global step 7370 | mode train | loss 2.0797 | accuracy 9.6875 | mean_length 64
09-09-21 18:14:37 - epoch 2 | global step 7380 | mode train | loss 2.0793 | accuracy 11.875 | mean_length 64
09-09-21 18:16:25 - epoch 2 | global step 7390 | mode train | loss 2.0794 | accuracy 12.5 | mean_length 64
09-09-21 18:18:13 - epoch 2 | global step 7400 | mode train | loss 2.0798 | accuracy 12.1875 | mean_length 64
09-09-21 18:20:01 - epoch 2 | global step 7410 | mode train | loss 2.0794 | accuracy 12.1875 | mean_length 64
09-09-21 18:21:50 - epoch 2 | global step 7420 | mode train | loss 2.0797 | accuracy 11.875 | mean_length 64
09-09-21 18:23:38 - epoch 2 | global step 7430 | mode train | loss 2.0801 | accuracy 14.0625 | mean_length 64
09-09-21 18:25:26 - epoch 2 | global step 7440 | mode train | loss 2.079 | accuracy 12.5 | mean_length 64
09-09-21 18:27:14 - epoch 2 | global step 7450 | mode train | loss 2.0791 | accuracy 15.0 | mean_length 64
09-09-21 18:29:02 - epoch 2 | global step 7460 | mode train | loss 2.0794 | accuracy 13.4375 | mean_length 64
09-09-21 18:30:51 - epoch 2 | global step 7470 | mode train | loss 2.079 | accuracy 13.4375 | mean_length 64
09-09-21 18:32:39 - epoch 2 | global step 7480 | mode train | loss 2.0803 | accuracy 13.125 | mean_length 64
09-09-21 18:34:27 - epoch 2 | global step 7490 | mode train | loss 2.0799 | accuracy 12.1875 | mean_length 64
09-09-21 18:36:15 - epoch 2 | global step 7500 | mode train | loss 2.0805 | accuracy 8.125 | mean_length 64
09-09-21 18:38:03 - epoch 2 | global step 7510 | mode train | loss 2.0793 | accuracy 12.1875 | mean_length 64
09-09-21 18:39:51 - epoch 2 | global step 7520 | mode train | loss 2.0791 | accuracy 15.3125 | mean_length 64
09-09-21 18:41:38 - epoch 2 | global step 7530 | mode train | loss 2.0798 | accuracy 11.875 | mean_length 64
09-09-21 18:43:25 - epoch 2 | global step 7540 | mode train | loss 2.0795 | accuracy 13.4375 | mean_length 64
09-09-21 18:45:13 - epoch 2 | global step 7550 | mode train | loss 2.0798 | accuracy 12.1875 | mean_length 64
09-09-21 18:47:00 - epoch 2 | global step 7560 | mode train | loss 2.0796 | accuracy 11.875 | mean_length 64
09-09-21 18:48:47 - epoch 2 | global step 7570 | mode train | loss 2.0801 | accuracy 12.5 | mean_length 64
09-09-21 18:50:35 - epoch 2 | global step 7580 | mode train | loss 2.0802 | accuracy 10.3125 | mean_length 64
09-09-21 18:52:22 - epoch 2 | global step 7590 | mode train | loss 2.0789 | accuracy 12.5 | mean_length 64
09-09-21 18:54:09 - epoch 2 | global step 7600 | mode train | loss 2.0797 | accuracy 14.6875 | mean_length 64
09-09-21 18:55:57 - epoch 2 | global step 7610 | mode train | loss 2.0794 | accuracy 12.5 | mean_length 64
09-09-21 18:57:46 - epoch 2 | global step 7620 | mode train | loss 2.0792 | accuracy 14.6875 | mean_length 64
09-09-21 18:59:33 - epoch 2 | global step 7630 | mode train | loss 2.0799 | accuracy 9.6875 | mean_length 64
09-09-21 19:01:21 - epoch 2 | global step 7640 | mode train | loss 2.0796 | accuracy 9.0625 | mean_length 64
09-09-21 19:03:09 - epoch 2 | global step 7650 | mode train | loss 2.0795 | accuracy 12.1875 | mean_length 64
09-09-21 19:04:56 - epoch 2 | global step 7660 | mode train | loss 2.0787 | accuracy 15.9375 | mean_length 64
09-09-21 19:06:43 - epoch 2 | global step 7670 | mode train | loss 2.0795 | accuracy 12.8125 | mean_length 64
09-09-21 19:08:30 - epoch 2 | global step 7680 | mode train | loss 2.0792 | accuracy 15.3125 | mean_length 64
09-09-21 19:18:07 - epoch 2 | global step 7680 | mode validation | loss 2.0794 | accuracy 12.74 | mean_length 64
09-09-21 19:19:54 - epoch 2 | global step 7690 | mode train | loss 2.0793 | accuracy 12.1875 | mean_length 64
09-09-21 19:21:41 - epoch 2 | global step 7700 | mode train | loss 2.0806 | accuracy 9.0625 | mean_length 64
09-09-21 19:23:29 - epoch 2 | global step 7710 | mode train | loss 2.08 | accuracy 13.125 | mean_length 64
09-09-21 19:25:16 - epoch 2 | global step 7720 | mode train | loss 2.079 | accuracy 13.4375 | mean_length 64
09-09-21 19:27:03 - epoch 2 | global step 7730 | mode train | loss 2.0795 | accuracy 10.0 | mean_length 64
09-09-21 19:28:51 - epoch 2 | global step 7740 | mode train | loss 2.079 | accuracy 15.3125 | mean_length 64
09-09-21 19:30:39 - epoch 2 | global step 7750 | mode train | loss 2.0795 | accuracy 11.875 | mean_length 64
09-09-21 19:32:26 - epoch 2 | global step 7760 | mode train | loss 2.0793 | accuracy 12.1875 | mean_length 64
09-09-21 19:34:13 - epoch 2 | global step 7770 | mode train | loss 2.0797 | accuracy 8.75 | mean_length 64
09-09-21 19:36:00 - epoch 2 | global step 7780 | mode train | loss 2.0797 | accuracy 10.9375 | mean_length 64
09-09-21 19:37:48 - epoch 2 | global step 7790 | mode train | loss 2.0798 | accuracy 13.125 | mean_length 64
09-09-21 19:39:35 - epoch 2 | global step 7800 | mode train | loss 2.0799 | accuracy 11.875 | mean_length 64
09-09-21 19:41:22 - epoch 2 | global step 7810 | mode train | loss 2.0801 | accuracy 9.375 | mean_length 64
09-09-21 19:43:10 - epoch 2 | global step 7820 | mode train | loss 2.0792 | accuracy 14.375 | mean_length 64
09-09-21 19:44:57 - epoch 2 | global step 7830 | mode train | loss 2.0791 | accuracy 15.3125 | mean_length 64
09-09-21 19:46:44 - epoch 2 | global step 7840 | mode train | loss 2.0794 | accuracy 13.125 | mean_length 64
09-09-21 19:48:32 - epoch 2 | global step 7850 | mode train | loss 2.0791 | accuracy 12.1875 | mean_length 64
09-09-21 19:50:19 - epoch 2 | global step 7860 | mode train | loss 2.0792 | accuracy 13.4375 | mean_length 64
09-09-21 19:52:06 - epoch 2 | global step 7870 | mode train | loss 2.0798 | accuracy 11.25 | mean_length 64
09-09-21 19:53:54 - epoch 2 | global step 7880 | mode train | loss 2.0796 | accuracy 13.125 | mean_length 64
09-09-21 19:55:41 - epoch 2 | global step 7890 | mode train | loss 2.0796 | accuracy 13.75 | mean_length 64
09-09-21 19:57:28 - epoch 2 | global step 7900 | mode train | loss 2.0794 | accuracy 15.0 | mean_length 64
09-09-21 19:59:15 - epoch 2 | global step 7910 | mode train | loss 2.0794 | accuracy 10.625 | mean_length 64
09-09-21 20:01:03 - epoch 2 | global step 7920 | mode train | loss 2.0796 | accuracy 12.1875 | mean_length 64
09-09-21 20:02:50 - epoch 2 | global step 7930 | mode train | loss 2.0798 | accuracy 11.25 | mean_length 64
09-09-21 20:04:37 - epoch 2 | global step 7940 | mode train | loss 2.0797 | accuracy 13.125 | mean_length 64
09-09-21 20:06:25 - epoch 2 | global step 7950 | mode train | loss 2.0799 | accuracy 13.125 | mean_length 64
09-09-21 20:08:12 - epoch 2 | global step 7960 | mode train | loss 2.0795 | accuracy 11.875 | mean_length 64
09-09-21 20:09:59 - epoch 2 | global step 7970 | mode train | loss 2.0793 | accuracy 13.4375 | mean_length 64
09-09-21 20:11:47 - epoch 2 | global step 7980 | mode train | loss 2.0789 | accuracy 15.625 | mean_length 64
09-09-21 20:13:34 - epoch 2 | global step 7990 | mode train | loss 2.0802 | accuracy 9.0625 | mean_length 64
09-09-21 20:15:21 - epoch 2 | global step 8000 | mode train | loss 2.0797 | accuracy 11.5625 | mean_length 64
09-09-21 20:17:09 - epoch 2 | global step 8010 | mode train | loss 2.08 | accuracy 12.1875 | mean_length 64
09-09-21 20:18:56 - epoch 2 | global step 8020 | mode train | loss 2.0798 | accuracy 10.0 | mean_length 64
09-09-21 20:20:43 - epoch 2 | global step 8030 | mode train | loss 2.0797 | accuracy 12.1875 | mean_length 64
09-09-21 20:22:31 - epoch 2 | global step 8040 | mode train | loss 2.0792 | accuracy 15.9375 | mean_length 64
09-09-21 20:24:18 - epoch 2 | global step 8050 | mode train | loss 2.0799 | accuracy 10.625 | mean_length 64
09-09-21 20:26:05 - epoch 2 | global step 8060 | mode train | loss 2.0797 | accuracy 15.0 | mean_length 64
09-09-21 20:27:53 - epoch 2 | global step 8070 | mode train | loss 2.0794 | accuracy 16.5625 | mean_length 64
09-09-21 20:29:40 - epoch 2 | global step 8080 | mode train | loss 2.0794 | accuracy 11.25 | mean_length 64
09-09-21 20:31:27 - epoch 2 | global step 8090 | mode train | loss 2.0795 | accuracy 12.8125 | mean_length 64
09-09-21 20:33:15 - epoch 2 | global step 8100 | mode train | loss 2.0792 | accuracy 14.0625 | mean_length 64
09-09-21 20:35:02 - epoch 2 | global step 8110 | mode train | loss 2.08 | accuracy 11.875 | mean_length 64
09-09-21 20:36:49 - epoch 2 | global step 8120 | mode train | loss 2.0794 | accuracy 11.875 | mean_length 64
09-09-21 20:38:36 - epoch 2 | global step 8130 | mode train | loss 2.0799 | accuracy 12.1875 | mean_length 64
09-09-21 20:40:24 - epoch 2 | global step 8140 | mode train | loss 2.0802 | accuracy 10.0 | mean_length 64
09-09-21 20:42:11 - epoch 2 | global step 8150 | mode train | loss 2.0792 | accuracy 14.375 | mean_length 64
09-09-21 20:43:58 - epoch 2 | global step 8160 | mode train | loss 2.0791 | accuracy 15.3125 | mean_length 64
09-09-21 20:45:45 - epoch 2 | global step 8170 | mode train | loss 2.0796 | accuracy 12.5 | mean_length 64
09-09-21 20:47:32 - epoch 2 | global step 8180 | mode train | loss 2.0796 | accuracy 12.8125 | mean_length 64
09-09-21 20:49:20 - epoch 2 | global step 8190 | mode train | loss 2.0801 | accuracy 11.875 | mean_length 64
09-09-21 20:49:41 - Evaluate the following checkpoint: Output/accGrad4_mbart_noBT_lr2.0e-5_7distractors_maxstep8192_seed42/model.pt
09-09-21 21:01:18 - Best model stats: 
09-09-21 21:01:18 - epoch 0 | global step 0 | mode validation | loss 2.0796 | accuracy 12.28 | mean_length 64
