==========================================
SLURM_JOB_ID = 5959030
SLURM_JOB_NODELIST = d13-04
TMPDIR = /tmp/SLURM_5959030
==========================================
/home1/zliu9986/communication-translation
09-19-21 16:27:16 - Dataset Loaded
09-19-21 16:27:16 - Configuration:
Namespace(TransferH=False, alpha=1.0, batch_size=8, beam_width=5, bidirectional=False, config='Configs/en-zh_ec_captions.yml', cpu=False, decode_how='beam', device=device(type='cuda'), do_eval=True, do_train=True, dropout=0.1, fix_bhd=False, fix_spk=False, grad_clip=1.0, gradient_accumulation_steps=4, hard=False, has_vocab_constraint=False, hidden_dim=512, image_dim=2048, lr=1.25e-05, max_global_step=8192, max_seq_length=64, mode='emergent_communication', model_name='Models/bt_en-zh_captions', n_gpu=1, no_share_bhd=False, no_terminal=False, no_write=False, num_distractors_train=7, num_distractors_valid=7, num_games=30, num_layers=1, output_dir='Output/accGrad4_mbart_BTen+zh-captions_lr1.25e-5_7distractors_maxstep8192_seed43', print_every=10, save_output_txt=True, save_pretrain_seperately=True, seed=43, source_lang='en_XX', source_lang_vocab_constrain_file='/projects/unmt/communication-translation/en_cc_tokenID2count_dict.cc25.json', stats_to_print=['loss', 'accuracy', 'caption generation loss', 'image selection loss', 'mean_length'], target_acc=85.0, target_lang='zh_CN', target_lang_vocab_constrain_file='/projects/unmt/communication-translation/zh-Hans_cc_tokenID2count_dict.cc25.json', temp=1.0, temperature=1.0, train_images='./Data/ec_finetuning/images_train', two_ffwd=False, unit_norm=False, valid_every=512, valid_images='./Data/ec_finetuning/images_val', vocab_size=4035)
Sharing visual system for each agent.
09-19-21 16:37:05 - epoch 0 | global step 0 | mode validation | loss 2.3707 | accuracy 12.74 | mean_length 33.7326
09-19-21 16:37:05 - Saving model to Output/accGrad4_mbart_BTen+zh-captions_lr1.25e-5_7distractors_maxstep8192_seed43
Epoch: 0, Prediction Accuracy: 12.74, Saved to Path: Output/accGrad4_mbart_BTen+zh-captions_lr1.25e-5_7distractors_maxstep8192_seed43
09-19-21 16:39:03 - epoch 0 | global step 10 | mode train | loss 2.1481 | accuracy 15.0 | mean_length 49.7563
09-19-21 16:40:50 - epoch 0 | global step 20 | mode train | loss 2.0827 | accuracy 15.625 | mean_length 63.8344
09-19-21 16:42:38 - epoch 0 | global step 30 | mode train | loss 2.1189 | accuracy 12.1875 | mean_length 64
09-19-21 16:44:25 - epoch 0 | global step 40 | mode train | loss 2.1039 | accuracy 11.25 | mean_length 64
09-19-21 16:46:13 - epoch 0 | global step 50 | mode train | loss 2.0811 | accuracy 12.5 | mean_length 64
09-19-21 16:48:00 - epoch 0 | global step 60 | mode train | loss 2.0914 | accuracy 12.8125 | mean_length 64
09-19-21 16:49:48 - epoch 0 | global step 70 | mode train | loss 2.0806 | accuracy 13.75 | mean_length 64
09-19-21 16:51:35 - epoch 0 | global step 80 | mode train | loss 2.0716 | accuracy 16.875 | mean_length 64
09-19-21 16:53:23 - epoch 0 | global step 90 | mode train | loss 2.1027 | accuracy 10.9375 | mean_length 64
09-19-21 16:55:10 - epoch 0 | global step 100 | mode train | loss 2.0896 | accuracy 12.5 | mean_length 64
09-19-21 16:56:58 - epoch 0 | global step 110 | mode train | loss 2.0874 | accuracy 11.25 | mean_length 64
09-19-21 16:58:45 - epoch 0 | global step 120 | mode train | loss 2.095 | accuracy 10.0 | mean_length 64
09-19-21 17:00:33 - epoch 0 | global step 130 | mode train | loss 2.0838 | accuracy 10.625 | mean_length 64
09-19-21 17:02:20 - epoch 0 | global step 140 | mode train | loss 2.0767 | accuracy 12.1875 | mean_length 64
09-19-21 17:04:08 - epoch 0 | global step 150 | mode train | loss 2.0831 | accuracy 12.5 | mean_length 64
09-19-21 17:05:56 - epoch 0 | global step 160 | mode train | loss 2.0807 | accuracy 14.6875 | mean_length 64
09-19-21 17:07:43 - epoch 0 | global step 170 | mode train | loss 2.0845 | accuracy 14.6875 | mean_length 64
09-19-21 17:09:31 - epoch 0 | global step 180 | mode train | loss 2.0796 | accuracy 12.8125 | mean_length 64
09-19-21 17:11:18 - epoch 0 | global step 190 | mode train | loss 2.0865 | accuracy 11.25 | mean_length 64
09-19-21 17:13:06 - epoch 0 | global step 200 | mode train | loss 2.0817 | accuracy 10.3125 | mean_length 64
09-19-21 17:14:53 - epoch 0 | global step 210 | mode train | loss 2.0818 | accuracy 13.4375 | mean_length 64
09-19-21 17:16:40 - epoch 0 | global step 220 | mode train | loss 2.0811 | accuracy 12.1875 | mean_length 64
09-19-21 17:18:28 - epoch 0 | global step 230 | mode train | loss 2.0907 | accuracy 9.375 | mean_length 64
09-19-21 17:20:15 - epoch 0 | global step 240 | mode train | loss 2.0847 | accuracy 10.3125 | mean_length 64
09-19-21 17:22:03 - epoch 0 | global step 250 | mode train | loss 2.0866 | accuracy 10.9375 | mean_length 64
09-19-21 17:23:50 - epoch 0 | global step 260 | mode train | loss 2.0897 | accuracy 11.5625 | mean_length 64
09-19-21 17:25:37 - epoch 0 | global step 270 | mode train | loss 2.0826 | accuracy 13.75 | mean_length 64
09-19-21 17:27:25 - epoch 0 | global step 280 | mode train | loss 2.086 | accuracy 9.6875 | mean_length 64
09-19-21 17:29:12 - epoch 0 | global step 290 | mode train | loss 2.0828 | accuracy 11.25 | mean_length 64
09-19-21 17:30:59 - epoch 0 | global step 300 | mode train | loss 2.0947 | accuracy 9.375 | mean_length 64
09-19-21 17:32:47 - epoch 0 | global step 310 | mode train | loss 2.0849 | accuracy 11.875 | mean_length 64
09-19-21 17:34:34 - epoch 0 | global step 320 | mode train | loss 2.0767 | accuracy 16.5625 | mean_length 64
09-19-21 17:36:21 - epoch 0 | global step 330 | mode train | loss 2.0812 | accuracy 14.375 | mean_length 64
09-19-21 17:38:08 - epoch 0 | global step 340 | mode train | loss 2.0846 | accuracy 11.875 | mean_length 64
09-19-21 17:39:55 - epoch 0 | global step 350 | mode train | loss 2.0811 | accuracy 11.5625 | mean_length 64
09-19-21 17:41:42 - epoch 0 | global step 360 | mode train | loss 2.0804 | accuracy 12.8125 | mean_length 64
09-19-21 17:43:29 - epoch 0 | global step 370 | mode train | loss 2.0805 | accuracy 11.5625 | mean_length 64
09-19-21 17:45:16 - epoch 0 | global step 380 | mode train | loss 2.0801 | accuracy 11.5625 | mean_length 64
09-19-21 17:47:03 - epoch 0 | global step 390 | mode train | loss 2.0782 | accuracy 15.3125 | mean_length 64
09-19-21 17:48:51 - epoch 0 | global step 400 | mode train | loss 2.0881 | accuracy 12.5 | mean_length 64
09-19-21 17:50:38 - epoch 0 | global step 410 | mode train | loss 2.0803 | accuracy 13.125 | mean_length 64
09-19-21 17:52:25 - epoch 0 | global step 420 | mode train | loss 2.084 | accuracy 9.6875 | mean_length 64
09-19-21 17:54:12 - epoch 0 | global step 430 | mode train | loss 2.0747 | accuracy 16.5625 | mean_length 64
09-19-21 17:55:59 - epoch 0 | global step 440 | mode train | loss 2.0856 | accuracy 10.9375 | mean_length 64
09-19-21 17:57:47 - epoch 0 | global step 450 | mode train | loss 2.0851 | accuracy 12.1875 | mean_length 64
09-19-21 17:59:34 - epoch 0 | global step 460 | mode train | loss 2.0821 | accuracy 13.125 | mean_length 64
09-19-21 18:01:21 - epoch 0 | global step 470 | mode train | loss 2.0817 | accuracy 11.25 | mean_length 64
09-19-21 18:03:08 - epoch 0 | global step 480 | mode train | loss 2.0822 | accuracy 11.875 | mean_length 64
09-19-21 18:04:55 - epoch 0 | global step 490 | mode train | loss 2.0809 | accuracy 12.5 | mean_length 64
09-19-21 18:06:43 - epoch 0 | global step 500 | mode train | loss 2.0737 | accuracy 14.375 | mean_length 64
09-19-21 18:08:30 - epoch 0 | global step 510 | mode train | loss 2.081 | accuracy 12.8125 | mean_length 64
09-19-21 18:18:26 - epoch 0 | global step 512 | mode validation | loss 2.0802 | accuracy 12.6 | mean_length 63.9922
09-19-21 18:18:26 - Saving model to Output/accGrad4_mbart_BTen+zh-captions_lr1.25e-5_7distractors_maxstep8192_seed43
Epoch: 0, Prediction Accuracy: 12.6, Saved to Path: Output/accGrad4_mbart_BTen+zh-captions_lr1.25e-5_7distractors_maxstep8192_seed43
09-19-21 18:20:02 - epoch 0 | global step 520 | mode train | loss 2.0835 | accuracy 11.25 | mean_length 64
09-19-21 18:21:49 - epoch 0 | global step 530 | mode train | loss 2.085 | accuracy 10.3125 | mean_length 64
09-19-21 18:23:36 - epoch 0 | global step 540 | mode train | loss 2.079 | accuracy 12.5 | mean_length 64
09-19-21 18:25:23 - epoch 0 | global step 550 | mode train | loss 2.0793 | accuracy 13.4375 | mean_length 64
09-19-21 18:27:10 - epoch 0 | global step 560 | mode train | loss 2.0807 | accuracy 12.8125 | mean_length 64
09-19-21 18:28:57 - epoch 0 | global step 570 | mode train | loss 2.0815 | accuracy 11.875 | mean_length 64
09-19-21 18:30:44 - epoch 0 | global step 580 | mode train | loss 2.0831 | accuracy 11.5625 | mean_length 64
09-19-21 18:32:31 - epoch 0 | global step 590 | mode train | loss 2.0786 | accuracy 14.0625 | mean_length 64
09-19-21 18:34:18 - epoch 0 | global step 600 | mode train | loss 2.0846 | accuracy 12.1875 | mean_length 64
09-19-21 18:36:05 - epoch 0 | global step 610 | mode train | loss 2.0851 | accuracy 9.6875 | mean_length 64
09-19-21 18:37:52 - epoch 0 | global step 620 | mode train | loss 2.0798 | accuracy 9.375 | mean_length 64
09-19-21 18:39:39 - epoch 0 | global step 630 | mode train | loss 2.075 | accuracy 13.4375 | mean_length 64
09-19-21 18:41:26 - epoch 0 | global step 640 | mode train | loss 2.0814 | accuracy 11.5625 | mean_length 64
09-19-21 18:43:13 - epoch 0 | global step 650 | mode train | loss 2.0775 | accuracy 13.4375 | mean_length 64
09-19-21 18:45:00 - epoch 0 | global step 660 | mode train | loss 2.0814 | accuracy 11.5625 | mean_length 63.9906
09-19-21 18:46:47 - epoch 0 | global step 670 | mode train | loss 2.0723 | accuracy 17.1875 | mean_length 63.8094
09-19-21 18:48:34 - epoch 0 | global step 680 | mode train | loss 2.0721 | accuracy 16.5625 | mean_length 64
09-19-21 18:50:21 - epoch 0 | global step 690 | mode train | loss 2.0832 | accuracy 12.5 | mean_length 64
09-19-21 18:52:08 - epoch 0 | global step 700 | mode train | loss 2.0769 | accuracy 15.3125 | mean_length 64
09-19-21 18:53:55 - epoch 0 | global step 710 | mode train | loss 2.0841 | accuracy 11.875 | mean_length 64
09-19-21 18:55:42 - epoch 0 | global step 720 | mode train | loss 2.0757 | accuracy 13.4375 | mean_length 64
09-19-21 18:57:29 - epoch 0 | global step 730 | mode train | loss 2.0837 | accuracy 12.1875 | mean_length 64
09-19-21 18:59:16 - epoch 0 | global step 740 | mode train | loss 2.0831 | accuracy 11.5625 | mean_length 64
09-19-21 19:01:03 - epoch 0 | global step 750 | mode train | loss 2.0814 | accuracy 11.875 | mean_length 64
09-19-21 19:02:50 - epoch 0 | global step 760 | mode train | loss 2.0786 | accuracy 10.3125 | mean_length 64
09-19-21 19:04:37 - epoch 0 | global step 770 | mode train | loss 2.0831 | accuracy 15.625 | mean_length 64
09-19-21 19:06:25 - epoch 0 | global step 780 | mode train | loss 2.0772 | accuracy 14.0625 | mean_length 64
09-19-21 19:08:12 - epoch 0 | global step 790 | mode train | loss 2.0781 | accuracy 13.4375 | mean_length 64
09-19-21 19:09:59 - epoch 0 | global step 800 | mode train | loss 2.0818 | accuracy 12.5 | mean_length 64
09-19-21 19:11:46 - epoch 0 | global step 810 | mode train | loss 2.0788 | accuracy 13.75 | mean_length 64
09-19-21 19:13:33 - epoch 0 | global step 820 | mode train | loss 2.0853 | accuracy 11.5625 | mean_length 64
09-19-21 19:15:20 - epoch 0 | global step 830 | mode train | loss 2.0797 | accuracy 12.5 | mean_length 64
09-19-21 19:17:07 - epoch 0 | global step 840 | mode train | loss 2.0784 | accuracy 12.8125 | mean_length 64
09-19-21 19:18:54 - epoch 0 | global step 850 | mode train | loss 2.0769 | accuracy 13.4375 | mean_length 64
09-19-21 19:20:41 - epoch 0 | global step 860 | mode train | loss 2.0869 | accuracy 9.6875 | mean_length 64
09-19-21 19:22:28 - epoch 0 | global step 870 | mode train | loss 2.0769 | accuracy 14.0625 | mean_length 64
09-19-21 19:24:15 - epoch 0 | global step 880 | mode train | loss 2.0801 | accuracy 11.25 | mean_length 64
09-19-21 19:26:02 - epoch 0 | global step 890 | mode train | loss 2.0814 | accuracy 13.125 | mean_length 64
09-19-21 19:27:49 - epoch 0 | global step 900 | mode train | loss 2.0766 | accuracy 12.5 | mean_length 64
09-19-21 19:29:36 - epoch 0 | global step 910 | mode train | loss 2.0816 | accuracy 12.5 | mean_length 64
09-19-21 19:31:23 - epoch 0 | global step 920 | mode train | loss 2.0853 | accuracy 10.3125 | mean_length 64
09-19-21 19:33:10 - epoch 0 | global step 930 | mode train | loss 2.083 | accuracy 14.375 | mean_length 64
09-19-21 19:34:57 - epoch 0 | global step 940 | mode train | loss 2.0791 | accuracy 13.4375 | mean_length 64
09-19-21 19:36:44 - epoch 0 | global step 950 | mode train | loss 2.084 | accuracy 12.1875 | mean_length 64
09-19-21 19:38:31 - epoch 0 | global step 960 | mode train | loss 2.0783 | accuracy 13.75 | mean_length 64
09-19-21 19:40:18 - epoch 0 | global step 970 | mode train | loss 2.088 | accuracy 10.0 | mean_length 64
09-19-21 19:42:05 - epoch 0 | global step 980 | mode train | loss 2.0827 | accuracy 11.875 | mean_length 64
09-19-21 19:43:52 - epoch 0 | global step 990 | mode train | loss 2.0773 | accuracy 12.5 | mean_length 64
09-19-21 19:45:39 - epoch 0 | global step 1000 | mode train | loss 2.0813 | accuracy 13.75 | mean_length 64
09-19-21 19:47:26 - epoch 0 | global step 1010 | mode train | loss 2.0803 | accuracy 12.1875 | mean_length 64
09-19-21 19:49:13 - epoch 0 | global step 1020 | mode train | loss 2.0844 | accuracy 13.125 | mean_length 64
09-19-21 19:59:32 - epoch 0 | global step 1024 | mode validation | loss 2.0803 | accuracy 12.52 | mean_length 64
09-19-21 20:00:36 - epoch 0 | global step 1030 | mode train | loss 2.0801 | accuracy 10.625 | mean_length 64
09-19-21 20:02:23 - epoch 0 | global step 1040 | mode train | loss 2.083 | accuracy 12.1875 | mean_length 64
09-19-21 20:04:10 - epoch 0 | global step 1050 | mode train | loss 2.0794 | accuracy 15.0 | mean_length 64
09-19-21 20:05:58 - epoch 0 | global step 1060 | mode train | loss 2.084 | accuracy 8.125 | mean_length 64
09-19-21 20:07:45 - epoch 0 | global step 1070 | mode train | loss 2.0823 | accuracy 13.4375 | mean_length 64
09-19-21 20:09:32 - epoch 0 | global step 1080 | mode train | loss 2.0849 | accuracy 10.625 | mean_length 64
09-19-21 20:11:19 - epoch 0 | global step 1090 | mode train | loss 2.0814 | accuracy 12.8125 | mean_length 64
09-19-21 20:13:06 - epoch 0 | global step 1100 | mode train | loss 2.0815 | accuracy 12.5 | mean_length 64
09-19-21 20:14:53 - epoch 0 | global step 1110 | mode train | loss 2.0805 | accuracy 12.8125 | mean_length 64
09-19-21 20:16:41 - epoch 0 | global step 1120 | mode train | loss 2.0831 | accuracy 11.25 | mean_length 64
09-19-21 20:18:28 - epoch 0 | global step 1130 | mode train | loss 2.082 | accuracy 13.125 | mean_length 64
09-19-21 20:20:15 - epoch 0 | global step 1140 | mode train | loss 2.0829 | accuracy 12.5 | mean_length 64
09-19-21 20:22:02 - epoch 0 | global step 1150 | mode train | loss 2.0824 | accuracy 10.3125 | mean_length 64
09-19-21 20:23:49 - epoch 0 | global step 1160 | mode train | loss 2.0811 | accuracy 12.5 | mean_length 64
09-19-21 20:25:36 - epoch 0 | global step 1170 | mode train | loss 2.0767 | accuracy 14.375 | mean_length 64
09-19-21 20:27:23 - epoch 0 | global step 1180 | mode train | loss 2.082 | accuracy 12.1875 | mean_length 64
09-19-21 20:29:10 - epoch 0 | global step 1190 | mode train | loss 2.0833 | accuracy 12.1875 | mean_length 64
09-19-21 20:30:57 - epoch 0 | global step 1200 | mode train | loss 2.0782 | accuracy 10.9375 | mean_length 64
09-19-21 20:32:44 - epoch 0 | global step 1210 | mode train | loss 2.0802 | accuracy 12.5 | mean_length 64
09-19-21 20:34:31 - epoch 0 | global step 1220 | mode train | loss 2.0841 | accuracy 9.6875 | mean_length 64
09-19-21 20:36:19 - epoch 0 | global step 1230 | mode train | loss 2.0801 | accuracy 11.5625 | mean_length 64
09-19-21 20:38:06 - epoch 0 | global step 1240 | mode train | loss 2.0833 | accuracy 10.3125 | mean_length 64
09-19-21 20:39:53 - epoch 0 | global step 1250 | mode train | loss 2.0823 | accuracy 10.0 | mean_length 64
09-19-21 20:41:40 - epoch 0 | global step 1260 | mode train | loss 2.0784 | accuracy 11.5625 | mean_length 64
09-19-21 20:43:27 - epoch 0 | global step 1270 | mode train | loss 2.0797 | accuracy 14.0625 | mean_length 64
09-19-21 20:45:14 - epoch 0 | global step 1280 | mode train | loss 2.0762 | accuracy 14.375 | mean_length 64
09-19-21 20:47:01 - epoch 0 | global step 1290 | mode train | loss 2.0825 | accuracy 11.25 | mean_length 64
09-19-21 20:48:49 - epoch 0 | global step 1300 | mode train | loss 2.0767 | accuracy 14.0625 | mean_length 64
09-19-21 20:50:36 - epoch 0 | global step 1310 | mode train | loss 2.0791 | accuracy 14.375 | mean_length 64
09-19-21 20:52:23 - epoch 0 | global step 1320 | mode train | loss 2.0782 | accuracy 12.8125 | mean_length 64
09-19-21 20:54:10 - epoch 0 | global step 1330 | mode train | loss 2.0821 | accuracy 12.1875 | mean_length 64
09-19-21 20:55:57 - epoch 0 | global step 1340 | mode train | loss 2.0856 | accuracy 9.375 | mean_length 64
09-19-21 20:57:44 - epoch 0 | global step 1350 | mode train | loss 2.0794 | accuracy 15.0 | mean_length 64
09-19-21 20:59:32 - epoch 0 | global step 1360 | mode train | loss 2.085 | accuracy 11.25 | mean_length 64
09-19-21 21:01:19 - epoch 0 | global step 1370 | mode train | loss 2.0837 | accuracy 10.9375 | mean_length 64
09-19-21 21:03:06 - epoch 0 | global step 1380 | mode train | loss 2.0791 | accuracy 13.75 | mean_length 64
09-19-21 21:04:53 - epoch 0 | global step 1390 | mode train | loss 2.0819 | accuracy 10.9375 | mean_length 64
09-19-21 21:06:40 - epoch 0 | global step 1400 | mode train | loss 2.0805 | accuracy 11.5625 | mean_length 64
09-19-21 21:08:28 - epoch 0 | global step 1410 | mode train | loss 2.0826 | accuracy 11.25 | mean_length 64
09-19-21 21:10:15 - epoch 0 | global step 1420 | mode train | loss 2.0784 | accuracy 13.75 | mean_length 64
09-19-21 21:12:02 - epoch 0 | global step 1430 | mode train | loss 2.0805 | accuracy 13.125 | mean_length 64
09-19-21 21:13:49 - epoch 0 | global step 1440 | mode train | loss 2.0811 | accuracy 12.5 | mean_length 64
09-19-21 21:15:36 - epoch 0 | global step 1450 | mode train | loss 2.0813 | accuracy 11.5625 | mean_length 64
09-19-21 21:17:23 - epoch 0 | global step 1460 | mode train | loss 2.0892 | accuracy 7.5 | mean_length 64
09-19-21 21:19:10 - epoch 0 | global step 1470 | mode train | loss 2.0773 | accuracy 15.0 | mean_length 64
09-19-21 21:20:57 - epoch 0 | global step 1480 | mode train | loss 2.0835 | accuracy 10.9375 | mean_length 64
09-19-21 21:22:44 - epoch 0 | global step 1490 | mode train | loss 2.0832 | accuracy 10.3125 | mean_length 64
09-19-21 21:24:31 - epoch 0 | global step 1500 | mode train | loss 2.0803 | accuracy 11.25 | mean_length 64
09-19-21 21:26:18 - epoch 0 | global step 1510 | mode train | loss 2.0779 | accuracy 13.4375 | mean_length 64
09-19-21 21:28:06 - epoch 0 | global step 1520 | mode train | loss 2.0821 | accuracy 12.1875 | mean_length 64
09-19-21 21:29:53 - epoch 0 | global step 1530 | mode train | loss 2.0781 | accuracy 11.875 | mean_length 64
09-19-21 21:40:32 - epoch 0 | global step 1536 | mode validation | loss 2.08 | accuracy 12.36 | mean_length 64
09-19-21 21:40:32 - Saving model to Output/accGrad4_mbart_BTen+zh-captions_lr1.25e-5_7distractors_maxstep8192_seed43
Epoch: 0, Prediction Accuracy: 12.36, Saved to Path: Output/accGrad4_mbart_BTen+zh-captions_lr1.25e-5_7distractors_maxstep8192_seed43
09-19-21 21:41:25 - epoch 0 | global step 1540 | mode train | loss 2.0816 | accuracy 11.25 | mean_length 64
09-19-21 21:43:12 - epoch 0 | global step 1550 | mode train | loss 2.0794 | accuracy 11.25 | mean_length 64
09-19-21 21:44:59 - epoch 0 | global step 1560 | mode train | loss 2.0803 | accuracy 9.6875 | mean_length 64
09-19-21 21:46:46 - epoch 0 | global step 1570 | mode train | loss 2.0784 | accuracy 13.75 | mean_length 64
09-19-21 21:48:33 - epoch 0 | global step 1580 | mode train | loss 2.0814 | accuracy 14.375 | mean_length 64
09-19-21 21:50:20 - epoch 0 | global step 1590 | mode train | loss 2.0803 | accuracy 9.375 | mean_length 64
09-19-21 21:52:07 - epoch 0 | global step 1600 | mode train | loss 2.0816 | accuracy 11.25 | mean_length 64
09-19-21 21:53:54 - epoch 0 | global step 1610 | mode train | loss 2.0798 | accuracy 14.0625 | mean_length 64
09-19-21 21:55:41 - epoch 0 | global step 1620 | mode train | loss 2.0782 | accuracy 14.6875 | mean_length 64
09-19-21 21:57:28 - epoch 0 | global step 1630 | mode train | loss 2.0814 | accuracy 13.75 | mean_length 64
09-19-21 21:59:16 - epoch 0 | global step 1640 | mode train | loss 2.0804 | accuracy 13.4375 | mean_length 64
09-19-21 22:01:03 - epoch 0 | global step 1650 | mode train | loss 2.0795 | accuracy 12.8125 | mean_length 64
09-19-21 22:02:50 - epoch 0 | global step 1660 | mode train | loss 2.0774 | accuracy 11.875 | mean_length 64
09-19-21 22:04:37 - epoch 0 | global step 1670 | mode train | loss 2.0776 | accuracy 11.25 | mean_length 64
09-19-21 22:06:24 - epoch 0 | global step 1680 | mode train | loss 2.0804 | accuracy 13.125 | mean_length 64
09-19-21 22:08:11 - epoch 0 | global step 1690 | mode train | loss 2.0811 | accuracy 10.0 | mean_length 64
09-19-21 22:09:58 - epoch 0 | global step 1700 | mode train | loss 2.0803 | accuracy 15.625 | mean_length 64
09-19-21 22:11:45 - epoch 0 | global step 1710 | mode train | loss 2.0776 | accuracy 12.5 | mean_length 64
09-19-21 22:13:32 - epoch 0 | global step 1720 | mode train | loss 2.0816 | accuracy 12.5 | mean_length 64
09-19-21 22:15:19 - epoch 0 | global step 1730 | mode train | loss 2.0822 | accuracy 11.25 | mean_length 64
09-19-21 22:17:06 - epoch 0 | global step 1740 | mode train | loss 2.0795 | accuracy 12.5 | mean_length 64
09-19-21 22:18:53 - epoch 0 | global step 1750 | mode train | loss 2.0787 | accuracy 13.4375 | mean_length 64
09-19-21 22:20:41 - epoch 0 | global step 1760 | mode train | loss 2.0797 | accuracy 13.125 | mean_length 64
09-19-21 22:22:28 - epoch 0 | global step 1770 | mode train | loss 2.0801 | accuracy 13.125 | mean_length 64
09-19-21 22:24:15 - epoch 0 | global step 1780 | mode train | loss 2.081 | accuracy 13.75 | mean_length 64
09-19-21 22:26:02 - epoch 0 | global step 1790 | mode train | loss 2.0838 | accuracy 10.0 | mean_length 64
09-19-21 22:27:49 - epoch 0 | global step 1800 | mode train | loss 2.082 | accuracy 9.6875 | mean_length 64
09-19-21 22:29:36 - epoch 0 | global step 1810 | mode train | loss 2.081 | accuracy 12.5 | mean_length 64
09-19-21 22:31:23 - epoch 0 | global step 1820 | mode train | loss 2.0818 | accuracy 8.75 | mean_length 64
09-19-21 22:33:10 - epoch 0 | global step 1830 | mode train | loss 2.0788 | accuracy 11.25 | mean_length 64
09-19-21 22:34:57 - epoch 0 | global step 1840 | mode train | loss 2.0793 | accuracy 11.5625 | mean_length 64
09-19-21 22:36:44 - epoch 0 | global step 1850 | mode train | loss 2.0776 | accuracy 14.375 | mean_length 64
09-19-21 22:38:31 - epoch 0 | global step 1860 | mode train | loss 2.0839 | accuracy 10.625 | mean_length 64
09-19-21 22:40:18 - epoch 0 | global step 1870 | mode train | loss 2.0823 | accuracy 12.1875 | mean_length 64
09-19-21 22:42:05 - epoch 0 | global step 1880 | mode train | loss 2.0796 | accuracy 15.0 | mean_length 64
09-19-21 22:43:52 - epoch 0 | global step 1890 | mode train | loss 2.0784 | accuracy 13.125 | mean_length 64
09-19-21 22:45:39 - epoch 0 | global step 1900 | mode train | loss 2.0825 | accuracy 12.5 | mean_length 64
09-19-21 22:47:26 - epoch 0 | global step 1910 | mode train | loss 2.0787 | accuracy 12.8125 | mean_length 64
09-19-21 22:49:14 - epoch 0 | global step 1920 | mode train | loss 2.083 | accuracy 11.5625 | mean_length 64
09-19-21 22:51:01 - epoch 0 | global step 1930 | mode train | loss 2.0813 | accuracy 10.9375 | mean_length 64
09-19-21 22:52:48 - epoch 0 | global step 1940 | mode train | loss 2.0768 | accuracy 14.375 | mean_length 64
09-19-21 22:54:35 - epoch 0 | global step 1950 | mode train | loss 2.0821 | accuracy 10.0 | mean_length 64
09-19-21 22:56:22 - epoch 0 | global step 1960 | mode train | loss 2.0802 | accuracy 10.0 | mean_length 64
09-19-21 22:58:09 - epoch 0 | global step 1970 | mode train | loss 2.0775 | accuracy 16.5625 | mean_length 64
09-19-21 22:59:56 - epoch 0 | global step 1980 | mode train | loss 2.0814 | accuracy 10.625 | mean_length 64
09-19-21 23:01:43 - epoch 0 | global step 1990 | mode train | loss 2.0765 | accuracy 15.625 | mean_length 64
09-19-21 23:03:30 - epoch 0 | global step 2000 | mode train | loss 2.0794 | accuracy 12.1875 | mean_length 64
09-19-21 23:05:17 - epoch 0 | global step 2010 | mode train | loss 2.0796 | accuracy 14.0625 | mean_length 64
09-19-21 23:07:04 - epoch 0 | global step 2020 | mode train | loss 2.081 | accuracy 11.25 | mean_length 64
09-19-21 23:08:52 - epoch 0 | global step 2030 | mode train | loss 2.0823 | accuracy 7.5 | mean_length 64
09-19-21 23:10:39 - epoch 0 | global step 2040 | mode train | loss 2.0817 | accuracy 12.8125 | mean_length 64
09-19-21 23:21:41 - epoch 0 | global step 2048 | mode validation | loss 2.0796 | accuracy 12.8 | mean_length 64
09-19-21 23:21:41 - Saving model to Output/accGrad4_mbart_BTen+zh-captions_lr1.25e-5_7distractors_maxstep8192_seed43
Epoch: 0, Prediction Accuracy: 12.8, Saved to Path: Output/accGrad4_mbart_BTen+zh-captions_lr1.25e-5_7distractors_maxstep8192_seed43
09-19-21 23:22:13 - epoch 0 | global step 2050 | mode train | loss 2.0801 | accuracy 12.8125 | mean_length 64
09-19-21 23:24:00 - epoch 0 | global step 2060 | mode train | loss 2.0792 | accuracy 12.1875 | mean_length 64
09-19-21 23:25:47 - epoch 0 | global step 2070 | mode train | loss 2.0814 | accuracy 11.5625 | mean_length 64
09-19-21 23:27:35 - epoch 0 | global step 2080 | mode train | loss 2.0801 | accuracy 13.4375 | mean_length 64
09-19-21 23:29:22 - epoch 0 | global step 2090 | mode train | loss 2.0804 | accuracy 14.0625 | mean_length 64
09-19-21 23:31:09 - epoch 0 | global step 2100 | mode train | loss 2.0815 | accuracy 12.5 | mean_length 64
09-19-21 23:32:56 - epoch 0 | global step 2110 | mode train | loss 2.0787 | accuracy 13.4375 | mean_length 64
09-19-21 23:34:43 - epoch 0 | global step 2120 | mode train | loss 2.081 | accuracy 11.875 | mean_length 64
09-19-21 23:36:30 - epoch 0 | global step 2130 | mode train | loss 2.0805 | accuracy 12.1875 | mean_length 64
09-19-21 23:38:17 - epoch 0 | global step 2140 | mode train | loss 2.0794 | accuracy 13.4375 | mean_length 64
09-19-21 23:40:04 - epoch 0 | global step 2150 | mode train | loss 2.0825 | accuracy 9.375 | mean_length 64
09-19-21 23:41:51 - epoch 0 | global step 2160 | mode train | loss 2.0831 | accuracy 8.75 | mean_length 64
09-19-21 23:43:39 - epoch 0 | global step 2170 | mode train | loss 2.0801 | accuracy 13.4375 | mean_length 64
09-19-21 23:45:26 - epoch 0 | global step 2180 | mode train | loss 2.0805 | accuracy 13.125 | mean_length 64
09-19-21 23:47:13 - epoch 0 | global step 2190 | mode train | loss 2.0814 | accuracy 11.25 | mean_length 64
09-19-21 23:49:00 - epoch 0 | global step 2200 | mode train | loss 2.0798 | accuracy 13.75 | mean_length 64
09-19-21 23:50:47 - epoch 0 | global step 2210 | mode train | loss 2.0816 | accuracy 10.9375 | mean_length 64
09-19-21 23:52:34 - epoch 0 | global step 2220 | mode train | loss 2.0815 | accuracy 10.3125 | mean_length 64
09-19-21 23:54:21 - epoch 0 | global step 2230 | mode train | loss 2.0819 | accuracy 11.5625 | mean_length 64
09-19-21 23:56:08 - epoch 0 | global step 2240 | mode train | loss 2.08 | accuracy 10.9375 | mean_length 64
09-19-21 23:57:55 - epoch 0 | global step 2250 | mode train | loss 2.0799 | accuracy 12.8125 | mean_length 64
09-19-21 23:59:42 - epoch 0 | global step 2260 | mode train | loss 2.0819 | accuracy 11.5625 | mean_length 64
09-20-21 00:01:29 - epoch 0 | global step 2270 | mode train | loss 2.08 | accuracy 14.375 | mean_length 64
09-20-21 00:03:16 - epoch 0 | global step 2280 | mode train | loss 2.0805 | accuracy 11.875 | mean_length 64
09-20-21 00:05:04 - epoch 0 | global step 2290 | mode train | loss 2.0792 | accuracy 14.6875 | mean_length 64
09-20-21 00:06:51 - epoch 0 | global step 2300 | mode train | loss 2.0788 | accuracy 10.9375 | mean_length 64
09-20-21 00:08:38 - epoch 0 | global step 2310 | mode train | loss 2.0802 | accuracy 12.8125 | mean_length 64
09-20-21 00:10:25 - epoch 0 | global step 2320 | mode train | loss 2.0792 | accuracy 13.4375 | mean_length 64
09-20-21 00:12:13 - epoch 0 | global step 2330 | mode train | loss 2.0817 | accuracy 11.875 | mean_length 64
09-20-21 00:13:59 - epoch 0 | global step 2340 | mode train | loss 2.0807 | accuracy 11.25 | mean_length 64
09-20-21 00:15:46 - epoch 0 | global step 2350 | mode train | loss 2.0809 | accuracy 11.875 | mean_length 64
09-20-21 00:17:33 - epoch 0 | global step 2360 | mode train | loss 2.0804 | accuracy 13.125 | mean_length 64
09-20-21 00:19:20 - epoch 0 | global step 2370 | mode train | loss 2.0805 | accuracy 11.5625 | mean_length 64
09-20-21 00:21:08 - epoch 0 | global step 2380 | mode train | loss 2.0812 | accuracy 11.5625 | mean_length 64
09-20-21 00:22:55 - epoch 0 | global step 2390 | mode train | loss 2.0812 | accuracy 10.625 | mean_length 64
09-20-21 00:24:42 - epoch 0 | global step 2400 | mode train | loss 2.0775 | accuracy 13.75 | mean_length 64
09-20-21 00:26:29 - epoch 0 | global step 2410 | mode train | loss 2.0777 | accuracy 12.1875 | mean_length 64
09-20-21 00:28:16 - epoch 0 | global step 2420 | mode train | loss 2.0793 | accuracy 14.6875 | mean_length 64
09-20-21 00:30:03 - epoch 0 | global step 2430 | mode train | loss 2.0802 | accuracy 12.8125 | mean_length 64
09-20-21 00:31:50 - epoch 0 | global step 2440 | mode train | loss 2.078 | accuracy 16.875 | mean_length 64
09-20-21 00:33:37 - epoch 0 | global step 2450 | mode train | loss 2.078 | accuracy 12.1875 | mean_length 64
09-20-21 00:35:25 - epoch 0 | global step 2460 | mode train | loss 2.0817 | accuracy 10.9375 | mean_length 64
09-20-21 00:37:12 - epoch 0 | global step 2470 | mode train | loss 2.0779 | accuracy 12.5 | mean_length 64
09-20-21 00:38:59 - epoch 0 | global step 2480 | mode train | loss 2.0795 | accuracy 13.125 | mean_length 64
09-20-21 00:40:46 - epoch 0 | global step 2490 | mode train | loss 2.0797 | accuracy 13.75 | mean_length 64
09-20-21 00:42:33 - epoch 0 | global step 2500 | mode train | loss 2.0782 | accuracy 11.875 | mean_length 64
09-20-21 00:44:20 - epoch 0 | global step 2510 | mode train | loss 2.0788 | accuracy 12.1875 | mean_length 64
09-20-21 00:46:07 - epoch 0 | global step 2520 | mode train | loss 2.0806 | accuracy 14.6875 | mean_length 64
09-20-21 00:47:54 - epoch 0 | global step 2530 | mode train | loss 2.0806 | accuracy 11.5625 | mean_length 64
09-20-21 00:49:41 - epoch 0 | global step 2540 | mode train | loss 2.0808 | accuracy 11.25 | mean_length 64
09-20-21 00:51:28 - epoch 0 | global step 2550 | mode train | loss 2.0804 | accuracy 10.625 | mean_length 64
09-20-21 00:53:16 - epoch 0 | global step 2560 | mode train | loss 2.0779 | accuracy 14.375 | mean_length 64
09-20-21 01:02:52 - epoch 0 | global step 2560 | mode validation | loss 2.0796 | accuracy 12.56 | mean_length 64
09-20-21 01:04:39 - epoch 0 | global step 2570 | mode train | loss 2.0796 | accuracy 13.4375 | mean_length 64
09-20-21 01:06:26 - epoch 0 | global step 2580 | mode train | loss 2.0797 | accuracy 12.1875 | mean_length 64
09-20-21 01:08:13 - epoch 0 | global step 2590 | mode train | loss 2.0804 | accuracy 12.8125 | mean_length 64
09-20-21 01:10:01 - epoch 0 | global step 2600 | mode train | loss 2.0798 | accuracy 11.25 | mean_length 64
09-20-21 01:11:48 - epoch 0 | global step 2610 | mode train | loss 2.0786 | accuracy 10.0 | mean_length 64
09-20-21 01:13:35 - epoch 0 | global step 2620 | mode train | loss 2.0805 | accuracy 10.625 | mean_length 64
09-20-21 01:15:22 - epoch 0 | global step 2630 | mode train | loss 2.0805 | accuracy 12.8125 | mean_length 64
09-20-21 01:17:09 - epoch 0 | global step 2640 | mode train | loss 2.083 | accuracy 10.3125 | mean_length 64
09-20-21 01:18:56 - epoch 0 | global step 2650 | mode train | loss 2.0818 | accuracy 10.3125 | mean_length 64
09-20-21 01:20:43 - epoch 0 | global step 2660 | mode train | loss 2.082 | accuracy 9.6875 | mean_length 64
09-20-21 01:22:31 - epoch 0 | global step 2670 | mode train | loss 2.0813 | accuracy 12.5 | mean_length 64
09-20-21 01:24:18 - epoch 0 | global step 2680 | mode train | loss 2.0793 | accuracy 14.0625 | mean_length 64
09-20-21 01:26:05 - epoch 0 | global step 2690 | mode train | loss 2.0796 | accuracy 15.625 | mean_length 64
09-20-21 01:27:52 - epoch 0 | global step 2700 | mode train | loss 2.0806 | accuracy 10.625 | mean_length 64
09-20-21 01:29:39 - epoch 0 | global step 2710 | mode train | loss 2.0807 | accuracy 11.5625 | mean_length 64
09-20-21 01:31:26 - epoch 0 | global step 2720 | mode train | loss 2.0794 | accuracy 14.0625 | mean_length 64
09-20-21 01:33:14 - epoch 0 | global step 2730 | mode train | loss 2.0779 | accuracy 14.375 | mean_length 64
09-20-21 01:35:01 - epoch 0 | global step 2740 | mode train | loss 2.0801 | accuracy 15.9375 | mean_length 64
09-20-21 01:36:48 - epoch 0 | global step 2750 | mode train | loss 2.0796 | accuracy 11.25 | mean_length 64
09-20-21 01:38:35 - epoch 0 | global step 2760 | mode train | loss 2.0817 | accuracy 10.9375 | mean_length 64
09-20-21 01:40:22 - epoch 0 | global step 2770 | mode train | loss 2.0802 | accuracy 12.1875 | mean_length 64
09-20-21 01:42:10 - epoch 0 | global step 2780 | mode train | loss 2.0817 | accuracy 9.375 | mean_length 64
09-20-21 01:43:57 - epoch 0 | global step 2790 | mode train | loss 2.0808 | accuracy 10.3125 | mean_length 64
09-20-21 01:45:44 - epoch 0 | global step 2800 | mode train | loss 2.0799 | accuracy 11.25 | mean_length 64
09-20-21 01:47:31 - epoch 0 | global step 2810 | mode train | loss 2.0815 | accuracy 11.25 | mean_length 64
09-20-21 01:49:18 - epoch 0 | global step 2820 | mode train | loss 2.0792 | accuracy 11.875 | mean_length 64
09-20-21 01:51:06 - epoch 0 | global step 2830 | mode train | loss 2.0802 | accuracy 13.4375 | mean_length 64
09-20-21 01:52:53 - epoch 0 | global step 2840 | mode train | loss 2.081 | accuracy 14.0625 | mean_length 64
09-20-21 01:54:40 - epoch 0 | global step 2850 | mode train | loss 2.0823 | accuracy 9.6875 | mean_length 64
09-20-21 01:56:27 - epoch 0 | global step 2860 | mode train | loss 2.0769 | accuracy 14.0625 | mean_length 64
09-20-21 01:58:14 - epoch 0 | global step 2870 | mode train | loss 2.0819 | accuracy 12.5 | mean_length 64
09-20-21 02:00:01 - epoch 0 | global step 2880 | mode train | loss 2.0793 | accuracy 13.4375 | mean_length 64
09-20-21 02:01:48 - epoch 0 | global step 2890 | mode train | loss 2.0794 | accuracy 15.3125 | mean_length 64
09-20-21 02:03:35 - epoch 0 | global step 2900 | mode train | loss 2.0804 | accuracy 12.5 | mean_length 64
09-20-21 02:05:23 - epoch 0 | global step 2910 | mode train | loss 2.0783 | accuracy 11.5625 | mean_length 64
09-20-21 02:07:10 - epoch 0 | global step 2920 | mode train | loss 2.079 | accuracy 13.4375 | mean_length 64
09-20-21 02:08:57 - epoch 0 | global step 2930 | mode train | loss 2.0827 | accuracy 6.875 | mean_length 64
09-20-21 02:10:44 - epoch 0 | global step 2940 | mode train | loss 2.0775 | accuracy 15.0 | mean_length 64
09-20-21 02:12:31 - epoch 0 | global step 2950 | mode train | loss 2.0798 | accuracy 10.0 | mean_length 64
09-20-21 02:14:18 - epoch 0 | global step 2960 | mode train | loss 2.0787 | accuracy 12.5 | mean_length 64
09-20-21 02:16:06 - epoch 0 | global step 2970 | mode train | loss 2.0801 | accuracy 10.9375 | mean_length 64
09-20-21 02:17:53 - epoch 0 | global step 2980 | mode train | loss 2.077 | accuracy 14.375 | mean_length 64
09-20-21 02:19:40 - epoch 0 | global step 2990 | mode train | loss 2.0787 | accuracy 12.1875 | mean_length 64
09-20-21 02:21:27 - epoch 0 | global step 3000 | mode train | loss 2.0804 | accuracy 12.5 | mean_length 64
09-20-21 02:23:14 - epoch 0 | global step 3010 | mode train | loss 2.0812 | accuracy 11.5625 | mean_length 64
09-20-21 02:25:01 - epoch 0 | global step 3020 | mode train | loss 2.0803 | accuracy 9.0625 | mean_length 64
09-20-21 02:26:48 - epoch 0 | global step 3030 | mode train | loss 2.079 | accuracy 12.5 | mean_length 64
09-20-21 02:28:35 - epoch 0 | global step 3040 | mode train | loss 2.0822 | accuracy 10.625 | mean_length 64
09-20-21 02:30:22 - epoch 0 | global step 3050 | mode train | loss 2.0787 | accuracy 15.3125 | mean_length 64
09-20-21 02:32:09 - epoch 0 | global step 3060 | mode train | loss 2.0799 | accuracy 11.875 | mean_length 64
09-20-21 02:33:56 - epoch 0 | global step 3070 | mode train | loss 2.0789 | accuracy 12.8125 | mean_length 64
09-20-21 02:43:52 - epoch 0 | global step 3072 | mode validation | loss 2.0795 | accuracy 12.56 | mean_length 64
09-20-21 02:43:52 - Saving model to Output/accGrad4_mbart_BTen+zh-captions_lr1.25e-5_7distractors_maxstep8192_seed43
Epoch: 0, Prediction Accuracy: 12.56, Saved to Path: Output/accGrad4_mbart_BTen+zh-captions_lr1.25e-5_7distractors_maxstep8192_seed43
09-20-21 02:45:28 - epoch 0 | global step 3080 | mode train | loss 2.0799 | accuracy 12.5 | mean_length 64
09-20-21 02:47:15 - epoch 0 | global step 3090 | mode train | loss 2.0782 | accuracy 14.375 | mean_length 64
09-20-21 02:49:02 - epoch 0 | global step 3100 | mode train | loss 2.0798 | accuracy 10.9375 | mean_length 64
09-20-21 02:50:49 - epoch 0 | global step 3110 | mode train | loss 2.0791 | accuracy 11.5625 | mean_length 64
09-20-21 02:52:36 - epoch 0 | global step 3120 | mode train | loss 2.0784 | accuracy 12.5 | mean_length 64
09-20-21 02:54:23 - epoch 0 | global step 3130 | mode train | loss 2.0805 | accuracy 10.625 | mean_length 64
09-20-21 02:56:10 - epoch 0 | global step 3140 | mode train | loss 2.08 | accuracy 8.4375 | mean_length 64
09-20-21 02:57:57 - epoch 0 | global step 3150 | mode train | loss 2.0796 | accuracy 13.125 | mean_length 64
09-20-21 02:59:44 - epoch 0 | global step 3160 | mode train | loss 2.0789 | accuracy 11.25 | mean_length 64
09-20-21 03:01:31 - epoch 0 | global step 3170 | mode train | loss 2.0808 | accuracy 10.625 | mean_length 64
09-20-21 03:03:18 - epoch 0 | global step 3180 | mode train | loss 2.0791 | accuracy 13.4375 | mean_length 64
09-20-21 03:05:06 - epoch 0 | global step 3190 | mode train | loss 2.079 | accuracy 13.125 | mean_length 64
09-20-21 03:06:53 - epoch 0 | global step 3200 | mode train | loss 2.0813 | accuracy 9.0625 | mean_length 64
09-20-21 03:08:40 - epoch 0 | global step 3210 | mode train | loss 2.08 | accuracy 10.9375 | mean_length 64
09-20-21 03:10:27 - epoch 0 | global step 3220 | mode train | loss 2.0796 | accuracy 10.625 | mean_length 64
09-20-21 03:12:14 - epoch 1 | global step 3230 | mode train | loss 2.0793 | accuracy 11.5625 | mean_length 64
09-20-21 03:14:02 - epoch 1 | global step 3240 | mode train | loss 2.0775 | accuracy 14.6875 | mean_length 64
09-20-21 03:15:49 - epoch 1 | global step 3250 | mode train | loss 2.0792 | accuracy 12.8125 | mean_length 64
09-20-21 03:17:36 - epoch 1 | global step 3260 | mode train | loss 2.0788 | accuracy 11.25 | mean_length 64
09-20-21 03:19:23 - epoch 1 | global step 3270 | mode train | loss 2.0795 | accuracy 15.9375 | mean_length 64
09-20-21 03:21:10 - epoch 1 | global step 3280 | mode train | loss 2.0797 | accuracy 14.375 | mean_length 64
09-20-21 03:22:57 - epoch 1 | global step 3290 | mode train | loss 2.0796 | accuracy 12.8125 | mean_length 64
09-20-21 03:24:44 - epoch 1 | global step 3300 | mode train | loss 2.0809 | accuracy 10.3125 | mean_length 64
09-20-21 03:26:31 - epoch 1 | global step 3310 | mode train | loss 2.0769 | accuracy 14.0625 | mean_length 64
09-20-21 03:28:19 - epoch 1 | global step 3320 | mode train | loss 2.0802 | accuracy 12.1875 | mean_length 64
09-20-21 03:30:06 - epoch 1 | global step 3330 | mode train | loss 2.0802 | accuracy 15.0 | mean_length 64
09-20-21 03:31:53 - epoch 1 | global step 3340 | mode train | loss 2.0786 | accuracy 13.4375 | mean_length 64
09-20-21 03:33:40 - epoch 1 | global step 3350 | mode train | loss 2.0795 | accuracy 13.75 | mean_length 64
09-20-21 03:35:27 - epoch 1 | global step 3360 | mode train | loss 2.0788 | accuracy 13.75 | mean_length 64
09-20-21 03:37:14 - epoch 1 | global step 3370 | mode train | loss 2.0792 | accuracy 12.5 | mean_length 64
09-20-21 03:39:02 - epoch 1 | global step 3380 | mode train | loss 2.0798 | accuracy 10.625 | mean_length 64
09-20-21 03:40:49 - epoch 1 | global step 3390 | mode train | loss 2.0821 | accuracy 10.625 | mean_length 64
09-20-21 03:42:36 - epoch 1 | global step 3400 | mode train | loss 2.0801 | accuracy 9.6875 | mean_length 64
09-20-21 03:44:23 - epoch 1 | global step 3410 | mode train | loss 2.0811 | accuracy 11.875 | mean_length 64
09-20-21 03:46:10 - epoch 1 | global step 3420 | mode train | loss 2.0809 | accuracy 13.75 | mean_length 64
09-20-21 03:47:57 - epoch 1 | global step 3430 | mode train | loss 2.0815 | accuracy 12.1875 | mean_length 64
09-20-21 03:49:44 - epoch 1 | global step 3440 | mode train | loss 2.0789 | accuracy 13.125 | mean_length 64
09-20-21 03:51:32 - epoch 1 | global step 3450 | mode train | loss 2.0784 | accuracy 15.3125 | mean_length 64
09-20-21 03:53:19 - epoch 1 | global step 3460 | mode train | loss 2.0802 | accuracy 12.8125 | mean_length 64
09-20-21 03:55:06 - epoch 1 | global step 3470 | mode train | loss 2.0806 | accuracy 11.875 | mean_length 64
09-20-21 03:56:53 - epoch 1 | global step 3480 | mode train | loss 2.0794 | accuracy 9.6875 | mean_length 64
09-20-21 03:58:40 - epoch 1 | global step 3490 | mode train | loss 2.0796 | accuracy 13.4375 | mean_length 64
09-20-21 04:00:27 - epoch 1 | global step 3500 | mode train | loss 2.0814 | accuracy 8.4375 | mean_length 64
09-20-21 04:02:14 - epoch 1 | global step 3510 | mode train | loss 2.081 | accuracy 12.1875 | mean_length 64
09-20-21 04:04:02 - epoch 1 | global step 3520 | mode train | loss 2.0804 | accuracy 11.875 | mean_length 64
09-20-21 04:05:49 - epoch 1 | global step 3530 | mode train | loss 2.0797 | accuracy 11.5625 | mean_length 64
09-20-21 04:07:36 - epoch 1 | global step 3540 | mode train | loss 2.0783 | accuracy 13.75 | mean_length 64
09-20-21 04:09:23 - epoch 1 | global step 3550 | mode train | loss 2.0801 | accuracy 11.25 | mean_length 64
09-20-21 04:11:11 - epoch 1 | global step 3560 | mode train | loss 2.0806 | accuracy 8.75 | mean_length 64
09-20-21 04:12:58 - epoch 1 | global step 3570 | mode train | loss 2.0788 | accuracy 15.0 | mean_length 64
09-20-21 04:14:45 - epoch 1 | global step 3580 | mode train | loss 2.0798 | accuracy 11.25 | mean_length 64
09-20-21 04:25:04 - epoch 1 | global step 3584 | mode validation | loss 2.0795 | accuracy 12.22 | mean_length 64
09-20-21 04:26:09 - epoch 1 | global step 3590 | mode train | loss 2.0803 | accuracy 10.9375 | mean_length 64
09-20-21 04:27:56 - epoch 1 | global step 3600 | mode train | loss 2.0778 | accuracy 16.5625 | mean_length 64
09-20-21 04:29:43 - epoch 1 | global step 3610 | mode train | loss 2.0795 | accuracy 12.5 | mean_length 64
09-20-21 04:31:30 - epoch 1 | global step 3620 | mode train | loss 2.0796 | accuracy 10.9375 | mean_length 64
09-20-21 04:33:17 - epoch 1 | global step 3630 | mode train | loss 2.0792 | accuracy 14.375 | mean_length 64
09-20-21 04:35:04 - epoch 1 | global step 3640 | mode train | loss 2.0779 | accuracy 15.9375 | mean_length 64
09-20-21 04:36:51 - epoch 1 | global step 3650 | mode train | loss 2.0805 | accuracy 13.125 | mean_length 64
09-20-21 04:38:39 - epoch 1 | global step 3660 | mode train | loss 2.081 | accuracy 10.0 | mean_length 64
09-20-21 04:40:26 - epoch 1 | global step 3670 | mode train | loss 2.0803 | accuracy 12.5 | mean_length 64
09-20-21 04:42:13 - epoch 1 | global step 3680 | mode train | loss 2.0793 | accuracy 9.0625 | mean_length 64
09-20-21 04:44:00 - epoch 1 | global step 3690 | mode train | loss 2.0771 | accuracy 19.0625 | mean_length 64
09-20-21 04:45:47 - epoch 1 | global step 3700 | mode train | loss 2.0797 | accuracy 15.0 | mean_length 64
09-20-21 04:47:34 - epoch 1 | global step 3710 | mode train | loss 2.0791 | accuracy 12.1875 | mean_length 64
09-20-21 04:49:21 - epoch 1 | global step 3720 | mode train | loss 2.0794 | accuracy 14.375 | mean_length 64
09-20-21 04:51:09 - epoch 1 | global step 3730 | mode train | loss 2.0795 | accuracy 11.875 | mean_length 64
09-20-21 04:52:56 - epoch 1 | global step 3740 | mode train | loss 2.0804 | accuracy 11.875 | mean_length 64
09-20-21 04:54:43 - epoch 1 | global step 3750 | mode train | loss 2.0818 | accuracy 10.625 | mean_length 64
09-20-21 04:56:30 - epoch 1 | global step 3760 | mode train | loss 2.0816 | accuracy 11.875 | mean_length 64
09-20-21 04:58:17 - epoch 1 | global step 3770 | mode train | loss 2.0804 | accuracy 10.0 | mean_length 64
09-20-21 05:00:04 - epoch 1 | global step 3780 | mode train | loss 2.0791 | accuracy 12.1875 | mean_length 64
09-20-21 05:01:52 - epoch 1 | global step 3790 | mode train | loss 2.0802 | accuracy 11.875 | mean_length 64
09-20-21 05:03:39 - epoch 1 | global step 3800 | mode train | loss 2.0808 | accuracy 11.25 | mean_length 64
09-20-21 05:05:26 - epoch 1 | global step 3810 | mode train | loss 2.0797 | accuracy 13.4375 | mean_length 64
09-20-21 05:07:13 - epoch 1 | global step 3820 | mode train | loss 2.0801 | accuracy 10.3125 | mean_length 64
09-20-21 05:09:00 - epoch 1 | global step 3830 | mode train | loss 2.0804 | accuracy 14.6875 | mean_length 64
09-20-21 05:10:48 - epoch 1 | global step 3840 | mode train | loss 2.0798 | accuracy 14.6875 | mean_length 64
09-20-21 05:12:35 - epoch 1 | global step 3850 | mode train | loss 2.0788 | accuracy 13.4375 | mean_length 64
09-20-21 05:14:23 - epoch 1 | global step 3860 | mode train | loss 2.0785 | accuracy 13.125 | mean_length 64
09-20-21 05:16:10 - epoch 1 | global step 3870 | mode train | loss 2.0778 | accuracy 12.1875 | mean_length 64
09-20-21 05:17:57 - epoch 1 | global step 3880 | mode train | loss 2.08 | accuracy 12.5 | mean_length 64
09-20-21 05:19:44 - epoch 1 | global step 3890 | mode train | loss 2.0798 | accuracy 10.625 | mean_length 64
09-20-21 05:21:31 - epoch 1 | global step 3900 | mode train | loss 2.0793 | accuracy 11.25 | mean_length 64
09-20-21 05:23:18 - epoch 1 | global step 3910 | mode train | loss 2.0811 | accuracy 11.875 | mean_length 64
09-20-21 05:25:05 - epoch 1 | global step 3920 | mode train | loss 2.0785 | accuracy 14.375 | mean_length 64
09-20-21 05:26:53 - epoch 1 | global step 3930 | mode train | loss 2.0793 | accuracy 12.5 | mean_length 64
09-20-21 05:28:40 - epoch 1 | global step 3940 | mode train | loss 2.0808 | accuracy 10.3125 | mean_length 64
09-20-21 05:30:27 - epoch 1 | global step 3950 | mode train | loss 2.079 | accuracy 13.75 | mean_length 64
09-20-21 05:32:14 - epoch 1 | global step 3960 | mode train | loss 2.0787 | accuracy 13.4375 | mean_length 64
09-20-21 05:34:01 - epoch 1 | global step 3970 | mode train | loss 2.0792 | accuracy 10.3125 | mean_length 64
09-20-21 05:35:48 - epoch 1 | global step 3980 | mode train | loss 2.0796 | accuracy 13.4375 | mean_length 64
09-20-21 05:37:35 - epoch 1 | global step 3990 | mode train | loss 2.0812 | accuracy 12.8125 | mean_length 64
09-20-21 05:39:23 - epoch 1 | global step 4000 | mode train | loss 2.0792 | accuracy 14.375 | mean_length 64
09-20-21 05:41:10 - epoch 1 | global step 4010 | mode train | loss 2.0808 | accuracy 11.5625 | mean_length 64
09-20-21 05:42:57 - epoch 1 | global step 4020 | mode train | loss 2.0807 | accuracy 9.375 | mean_length 64
09-20-21 05:44:44 - epoch 1 | global step 4030 | mode train | loss 2.0789 | accuracy 14.0625 | mean_length 64
09-20-21 05:46:31 - epoch 1 | global step 4040 | mode train | loss 2.0791 | accuracy 11.5625 | mean_length 64
09-20-21 05:48:18 - epoch 1 | global step 4050 | mode train | loss 2.0795 | accuracy 13.75 | mean_length 64
09-20-21 05:50:06 - epoch 1 | global step 4060 | mode train | loss 2.0814 | accuracy 10.625 | mean_length 64
09-20-21 05:51:53 - epoch 1 | global step 4070 | mode train | loss 2.0784 | accuracy 17.1875 | mean_length 64
09-20-21 05:53:40 - epoch 1 | global step 4080 | mode train | loss 2.0793 | accuracy 10.625 | mean_length 64
09-20-21 05:55:27 - epoch 1 | global step 4090 | mode train | loss 2.0804 | accuracy 11.5625 | mean_length 64
09-20-21 06:06:09 - epoch 1 | global step 4096 | mode validation | loss 2.0796 | accuracy 12.18 | mean_length 64
09-20-21 06:06:51 - epoch 1 | global step 4100 | mode train | loss 2.0794 | accuracy 12.5 | mean_length 64
09-20-21 06:08:38 - epoch 1 | global step 4110 | mode train | loss 2.0787 | accuracy 13.75 | mean_length 64
09-20-21 06:10:26 - epoch 1 | global step 4120 | mode train | loss 2.0823 | accuracy 10.3125 | mean_length 64
09-20-21 06:12:13 - epoch 1 | global step 4130 | mode train | loss 2.0784 | accuracy 12.1875 | mean_length 64
09-20-21 06:14:01 - epoch 1 | global step 4140 | mode train | loss 2.08 | accuracy 11.875 | mean_length 64
09-20-21 06:15:48 - epoch 1 | global step 4150 | mode train | loss 2.0811 | accuracy 11.875 | mean_length 64
09-20-21 06:17:35 - epoch 1 | global step 4160 | mode train | loss 2.0809 | accuracy 10.3125 | mean_length 64
09-20-21 06:19:22 - epoch 1 | global step 4170 | mode train | loss 2.0798 | accuracy 10.625 | mean_length 64
09-20-21 06:21:09 - epoch 1 | global step 4180 | mode train | loss 2.0809 | accuracy 11.875 | mean_length 64
09-20-21 06:22:56 - epoch 1 | global step 4190 | mode train | loss 2.0793 | accuracy 14.375 | mean_length 64
09-20-21 06:24:44 - epoch 1 | global step 4200 | mode train | loss 2.0793 | accuracy 10.3125 | mean_length 64
09-20-21 06:26:31 - epoch 1 | global step 4210 | mode train | loss 2.0794 | accuracy 11.875 | mean_length 64
09-20-21 06:28:18 - epoch 1 | global step 4220 | mode train | loss 2.0789 | accuracy 13.75 | mean_length 64
09-20-21 06:30:05 - epoch 1 | global step 4230 | mode train | loss 2.0792 | accuracy 13.125 | mean_length 64
09-20-21 06:31:52 - epoch 1 | global step 4240 | mode train | loss 2.0798 | accuracy 10.625 | mean_length 64
09-20-21 06:33:39 - epoch 1 | global step 4250 | mode train | loss 2.0801 | accuracy 9.6875 | mean_length 64
09-20-21 06:35:27 - epoch 1 | global step 4260 | mode train | loss 2.0799 | accuracy 10.3125 | mean_length 64
09-20-21 06:37:14 - epoch 1 | global step 4270 | mode train | loss 2.0804 | accuracy 10.9375 | mean_length 64
09-20-21 06:39:01 - epoch 1 | global step 4280 | mode train | loss 2.079 | accuracy 15.625 | mean_length 64
09-20-21 06:40:48 - epoch 1 | global step 4290 | mode train | loss 2.0808 | accuracy 13.125 | mean_length 64
09-20-21 06:42:35 - epoch 1 | global step 4300 | mode train | loss 2.0806 | accuracy 14.375 | mean_length 64
09-20-21 06:44:22 - epoch 1 | global step 4310 | mode train | loss 2.0795 | accuracy 12.1875 | mean_length 64
09-20-21 06:46:10 - epoch 1 | global step 4320 | mode train | loss 2.0785 | accuracy 14.6875 | mean_length 64
09-20-21 06:47:57 - epoch 1 | global step 4330 | mode train | loss 2.0813 | accuracy 11.5625 | mean_length 64
09-20-21 06:49:44 - epoch 1 | global step 4340 | mode train | loss 2.0794 | accuracy 12.5 | mean_length 64
09-20-21 06:51:31 - epoch 1 | global step 4350 | mode train | loss 2.0794 | accuracy 11.875 | mean_length 64
09-20-21 06:53:18 - epoch 1 | global step 4360 | mode train | loss 2.0802 | accuracy 9.375 | mean_length 64
09-20-21 06:55:05 - epoch 1 | global step 4370 | mode train | loss 2.0803 | accuracy 10.0 | mean_length 64
09-20-21 06:56:52 - epoch 1 | global step 4380 | mode train | loss 2.0797 | accuracy 9.6875 | mean_length 64
09-20-21 06:58:39 - epoch 1 | global step 4390 | mode train | loss 2.0797 | accuracy 12.1875 | mean_length 64
09-20-21 07:00:27 - epoch 1 | global step 4400 | mode train | loss 2.0791 | accuracy 13.75 | mean_length 64
09-20-21 07:02:14 - epoch 1 | global step 4410 | mode train | loss 2.0786 | accuracy 12.8125 | mean_length 64
09-20-21 07:04:01 - epoch 1 | global step 4420 | mode train | loss 2.0806 | accuracy 11.5625 | mean_length 64
09-20-21 07:05:48 - epoch 1 | global step 4430 | mode train | loss 2.078 | accuracy 12.8125 | mean_length 64
09-20-21 07:07:35 - epoch 1 | global step 4440 | mode train | loss 2.0797 | accuracy 13.4375 | mean_length 64
09-20-21 07:09:22 - epoch 1 | global step 4450 | mode train | loss 2.0807 | accuracy 14.375 | mean_length 64
09-20-21 07:11:09 - epoch 1 | global step 4460 | mode train | loss 2.0793 | accuracy 16.25 | mean_length 64
09-20-21 07:12:57 - epoch 1 | global step 4470 | mode train | loss 2.0793 | accuracy 10.0 | mean_length 64
09-20-21 07:14:44 - epoch 1 | global step 4480 | mode train | loss 2.0809 | accuracy 9.375 | mean_length 64
09-20-21 07:16:31 - epoch 1 | global step 4490 | mode train | loss 2.0792 | accuracy 11.875 | mean_length 64
09-20-21 07:18:18 - epoch 1 | global step 4500 | mode train | loss 2.0789 | accuracy 11.875 | mean_length 64
09-20-21 07:20:05 - epoch 1 | global step 4510 | mode train | loss 2.081 | accuracy 10.625 | mean_length 64
09-20-21 07:21:52 - epoch 1 | global step 4520 | mode train | loss 2.0801 | accuracy 10.0 | mean_length 64
09-20-21 07:23:39 - epoch 1 | global step 4530 | mode train | loss 2.0796 | accuracy 13.125 | mean_length 64
09-20-21 07:25:27 - epoch 1 | global step 4540 | mode train | loss 2.0813 | accuracy 9.375 | mean_length 64
09-20-21 07:27:14 - epoch 1 | global step 4550 | mode train | loss 2.08 | accuracy 14.375 | mean_length 64
09-20-21 07:29:01 - epoch 1 | global step 4560 | mode train | loss 2.0799 | accuracy 12.5 | mean_length 64
09-20-21 07:30:48 - epoch 1 | global step 4570 | mode train | loss 2.0798 | accuracy 13.125 | mean_length 64
09-20-21 07:32:35 - epoch 1 | global step 4580 | mode train | loss 2.0797 | accuracy 14.375 | mean_length 64
09-20-21 07:34:22 - epoch 1 | global step 4590 | mode train | loss 2.0793 | accuracy 11.25 | mean_length 64
09-20-21 07:36:09 - epoch 1 | global step 4600 | mode train | loss 2.0792 | accuracy 14.375 | mean_length 64
09-20-21 07:47:12 - epoch 1 | global step 4608 | mode validation | loss 2.0794 | accuracy 12.6 | mean_length 64
09-20-21 07:47:12 - Saving model to Output/accGrad4_mbart_BTen+zh-captions_lr1.25e-5_7distractors_maxstep8192_seed43
Epoch: 1, Prediction Accuracy: 12.6, Saved to Path: Output/accGrad4_mbart_BTen+zh-captions_lr1.25e-5_7distractors_maxstep8192_seed43
09-20-21 07:47:43 - epoch 1 | global step 4610 | mode train | loss 2.08 | accuracy 12.1875 | mean_length 64
09-20-21 07:49:30 - epoch 1 | global step 4620 | mode train | loss 2.0786 | accuracy 13.125 | mean_length 64
09-20-21 07:51:17 - epoch 1 | global step 4630 | mode train | loss 2.0778 | accuracy 15.0 | mean_length 64
09-20-21 07:53:04 - epoch 1 | global step 4640 | mode train | loss 2.0787 | accuracy 13.125 | mean_length 64
09-20-21 07:54:52 - epoch 1 | global step 4650 | mode train | loss 2.0808 | accuracy 11.5625 | mean_length 64
09-20-21 07:56:39 - epoch 1 | global step 4660 | mode train | loss 2.0777 | accuracy 14.6875 | mean_length 64
09-20-21 07:58:26 - epoch 1 | global step 4670 | mode train | loss 2.0802 | accuracy 10.625 | mean_length 64
09-20-21 08:00:13 - epoch 1 | global step 4680 | mode train | loss 2.0791 | accuracy 11.875 | mean_length 64
09-20-21 08:02:00 - epoch 1 | global step 4690 | mode train | loss 2.0807 | accuracy 12.5 | mean_length 64
09-20-21 08:03:47 - epoch 1 | global step 4700 | mode train | loss 2.0788 | accuracy 13.125 | mean_length 64
09-20-21 08:05:34 - epoch 1 | global step 4710 | mode train | loss 2.0814 | accuracy 10.0 | mean_length 64
09-20-21 08:07:21 - epoch 1 | global step 4720 | mode train | loss 2.0805 | accuracy 9.6875 | mean_length 64
09-20-21 08:09:08 - epoch 1 | global step 4730 | mode train | loss 2.0806 | accuracy 10.9375 | mean_length 64
09-20-21 08:10:55 - epoch 1 | global step 4740 | mode train | loss 2.0789 | accuracy 10.625 | mean_length 64
09-20-21 08:12:43 - epoch 1 | global step 4750 | mode train | loss 2.0794 | accuracy 12.8125 | mean_length 64
09-20-21 08:14:30 - epoch 1 | global step 4760 | mode train | loss 2.0772 | accuracy 15.3125 | mean_length 64
09-20-21 08:16:17 - epoch 1 | global step 4770 | mode train | loss 2.0792 | accuracy 13.125 | mean_length 64
09-20-21 08:18:04 - epoch 1 | global step 4780 | mode train | loss 2.0806 | accuracy 15.3125 | mean_length 64
09-20-21 08:19:51 - epoch 1 | global step 4790 | mode train | loss 2.0802 | accuracy 15.9375 | mean_length 64
09-20-21 08:21:38 - epoch 1 | global step 4800 | mode train | loss 2.0796 | accuracy 10.3125 | mean_length 64
09-20-21 08:23:26 - epoch 1 | global step 4810 | mode train | loss 2.079 | accuracy 14.375 | mean_length 64
09-20-21 08:25:13 - epoch 1 | global step 4820 | mode train | loss 2.0808 | accuracy 9.6875 | mean_length 64
09-20-21 08:27:00 - epoch 1 | global step 4830 | mode train | loss 2.0788 | accuracy 12.5 | mean_length 64
09-20-21 08:28:47 - epoch 1 | global step 4840 | mode train | loss 2.0792 | accuracy 12.1875 | mean_length 64
09-20-21 08:30:34 - epoch 1 | global step 4850 | mode train | loss 2.0801 | accuracy 15.3125 | mean_length 64
09-20-21 08:32:21 - epoch 1 | global step 4860 | mode train | loss 2.081 | accuracy 11.875 | mean_length 64
09-20-21 08:34:08 - epoch 1 | global step 4870 | mode train | loss 2.0809 | accuracy 11.25 | mean_length 64
09-20-21 08:35:55 - epoch 1 | global step 4880 | mode train | loss 2.0809 | accuracy 11.25 | mean_length 64
09-20-21 08:37:42 - epoch 1 | global step 4890 | mode train | loss 2.0795 | accuracy 9.0625 | mean_length 64
09-20-21 08:39:29 - epoch 1 | global step 4900 | mode train | loss 2.079 | accuracy 10.9375 | mean_length 64
09-20-21 08:41:17 - epoch 1 | global step 4910 | mode train | loss 2.0799 | accuracy 13.4375 | mean_length 64
09-20-21 08:43:04 - epoch 1 | global step 4920 | mode train | loss 2.0793 | accuracy 11.25 | mean_length 64
09-20-21 08:44:51 - epoch 1 | global step 4930 | mode train | loss 2.0784 | accuracy 13.4375 | mean_length 64
09-20-21 08:46:38 - epoch 1 | global step 4940 | mode train | loss 2.0812 | accuracy 8.75 | mean_length 64
09-20-21 08:48:25 - epoch 1 | global step 4950 | mode train | loss 2.0799 | accuracy 10.0 | mean_length 64
09-20-21 08:50:12 - epoch 1 | global step 4960 | mode train | loss 2.0779 | accuracy 15.9375 | mean_length 64
09-20-21 08:51:59 - epoch 1 | global step 4970 | mode train | loss 2.0797 | accuracy 15.0 | mean_length 64
09-20-21 08:53:46 - epoch 1 | global step 4980 | mode train | loss 2.0816 | accuracy 10.3125 | mean_length 64
09-20-21 08:55:33 - epoch 1 | global step 4990 | mode train | loss 2.078 | accuracy 11.5625 | mean_length 64
09-20-21 08:57:20 - epoch 1 | global step 5000 | mode train | loss 2.08 | accuracy 8.4375 | mean_length 64
09-20-21 08:59:07 - epoch 1 | global step 5010 | mode train | loss 2.0805 | accuracy 9.375 | mean_length 64
09-20-21 09:00:54 - epoch 1 | global step 5020 | mode train | loss 2.0812 | accuracy 14.0625 | mean_length 64
09-20-21 09:02:42 - epoch 1 | global step 5030 | mode train | loss 2.078 | accuracy 13.4375 | mean_length 64
09-20-21 09:04:29 - epoch 1 | global step 5040 | mode train | loss 2.0815 | accuracy 7.8125 | mean_length 64
09-20-21 09:06:16 - epoch 1 | global step 5050 | mode train | loss 2.0799 | accuracy 10.9375 | mean_length 64
09-20-21 09:08:03 - epoch 1 | global step 5060 | mode train | loss 2.0801 | accuracy 11.25 | mean_length 64
09-20-21 09:09:50 - epoch 1 | global step 5070 | mode train | loss 2.0789 | accuracy 11.875 | mean_length 64
09-20-21 09:11:37 - epoch 1 | global step 5080 | mode train | loss 2.0791 | accuracy 14.375 | mean_length 64
09-20-21 09:13:25 - epoch 1 | global step 5090 | mode train | loss 2.0781 | accuracy 17.1875 | mean_length 64
09-20-21 09:15:12 - epoch 1 | global step 5100 | mode train | loss 2.0783 | accuracy 13.75 | mean_length 64
09-20-21 09:16:59 - epoch 1 | global step 5110 | mode train | loss 2.0797 | accuracy 12.8125 | mean_length 64
09-20-21 09:18:46 - epoch 1 | global step 5120 | mode train | loss 2.0802 | accuracy 9.6875 | mean_length 64
09-20-21 09:28:21 - epoch 1 | global step 5120 | mode validation | loss 2.0795 | accuracy 12.46 | mean_length 64
09-20-21 09:30:08 - epoch 1 | global step 5130 | mode train | loss 2.0786 | accuracy 11.25 | mean_length 64
09-20-21 09:31:55 - epoch 1 | global step 5140 | mode train | loss 2.0781 | accuracy 15.9375 | mean_length 64
09-20-21 09:33:42 - epoch 1 | global step 5150 | mode train | loss 2.0789 | accuracy 11.5625 | mean_length 64
09-20-21 09:35:29 - epoch 1 | global step 5160 | mode train | loss 2.0823 | accuracy 9.0625 | mean_length 64
09-20-21 09:37:17 - epoch 1 | global step 5170 | mode train | loss 2.0792 | accuracy 11.5625 | mean_length 64
09-20-21 09:39:04 - epoch 1 | global step 5180 | mode train | loss 2.0798 | accuracy 15.625 | mean_length 64
09-20-21 09:40:51 - epoch 1 | global step 5190 | mode train | loss 2.0808 | accuracy 10.3125 | mean_length 64
09-20-21 09:42:38 - epoch 1 | global step 5200 | mode train | loss 2.0798 | accuracy 10.3125 | mean_length 64
09-20-21 09:44:25 - epoch 1 | global step 5210 | mode train | loss 2.0796 | accuracy 11.5625 | mean_length 64
09-20-21 09:46:12 - epoch 1 | global step 5220 | mode train | loss 2.0798 | accuracy 13.125 | mean_length 64
09-20-21 09:47:59 - epoch 1 | global step 5230 | mode train | loss 2.0796 | accuracy 11.875 | mean_length 64
09-20-21 09:49:46 - epoch 1 | global step 5240 | mode train | loss 2.0791 | accuracy 15.625 | mean_length 64
09-20-21 09:51:33 - epoch 1 | global step 5250 | mode train | loss 2.0788 | accuracy 18.125 | mean_length 64
09-20-21 09:53:20 - epoch 1 | global step 5260 | mode train | loss 2.079 | accuracy 13.75 | mean_length 64
09-20-21 09:55:07 - epoch 1 | global step 5270 | mode train | loss 2.08 | accuracy 9.0625 | mean_length 64
09-20-21 09:56:54 - epoch 1 | global step 5280 | mode train | loss 2.0801 | accuracy 16.25 | mean_length 64
09-20-21 09:58:41 - epoch 1 | global step 5290 | mode train | loss 2.0799 | accuracy 13.4375 | mean_length 64
09-20-21 10:00:28 - epoch 1 | global step 5300 | mode train | loss 2.0797 | accuracy 12.8125 | mean_length 64
09-20-21 10:02:15 - epoch 1 | global step 5310 | mode train | loss 2.0786 | accuracy 14.6875 | mean_length 64
09-20-21 10:04:02 - epoch 1 | global step 5320 | mode train | loss 2.0799 | accuracy 9.6875 | mean_length 64
09-20-21 10:05:50 - epoch 1 | global step 5330 | mode train | loss 2.0821 | accuracy 9.6875 | mean_length 64
09-20-21 10:07:37 - epoch 1 | global step 5340 | mode train | loss 2.0787 | accuracy 15.0 | mean_length 64
09-20-21 10:09:24 - epoch 1 | global step 5350 | mode train | loss 2.0796 | accuracy 12.5 | mean_length 64
09-20-21 10:11:11 - epoch 1 | global step 5360 | mode train | loss 2.0789 | accuracy 13.125 | mean_length 64
09-20-21 10:12:58 - epoch 1 | global step 5370 | mode train | loss 2.0792 | accuracy 11.25 | mean_length 64
09-20-21 10:14:45 - epoch 1 | global step 5380 | mode train | loss 2.0798 | accuracy 15.625 | mean_length 64
09-20-21 10:16:33 - epoch 1 | global step 5390 | mode train | loss 2.0795 | accuracy 13.125 | mean_length 64
09-20-21 10:18:20 - epoch 1 | global step 5400 | mode train | loss 2.0797 | accuracy 11.875 | mean_length 64
09-20-21 10:20:07 - epoch 1 | global step 5410 | mode train | loss 2.0796 | accuracy 13.4375 | mean_length 64
09-20-21 10:21:54 - epoch 1 | global step 5420 | mode train | loss 2.0795 | accuracy 11.875 | mean_length 64
09-20-21 10:23:41 - epoch 1 | global step 5430 | mode train | loss 2.0799 | accuracy 11.875 | mean_length 64
09-20-21 10:25:28 - epoch 1 | global step 5440 | mode train | loss 2.0792 | accuracy 11.5625 | mean_length 64
09-20-21 10:27:15 - epoch 1 | global step 5450 | mode train | loss 2.0783 | accuracy 10.625 | mean_length 64
09-20-21 10:29:02 - epoch 1 | global step 5460 | mode train | loss 2.0809 | accuracy 11.5625 | mean_length 64
09-20-21 10:30:49 - epoch 1 | global step 5470 | mode train | loss 2.0796 | accuracy 11.875 | mean_length 64
09-20-21 10:32:36 - epoch 1 | global step 5480 | mode train | loss 2.0808 | accuracy 12.8125 | mean_length 64
09-20-21 10:34:23 - epoch 1 | global step 5490 | mode train | loss 2.0794 | accuracy 10.3125 | mean_length 64
09-20-21 10:36:10 - epoch 1 | global step 5500 | mode train | loss 2.079 | accuracy 15.3125 | mean_length 64
09-20-21 10:37:58 - epoch 1 | global step 5510 | mode train | loss 2.0804 | accuracy 11.5625 | mean_length 64
09-20-21 10:39:45 - epoch 1 | global step 5520 | mode train | loss 2.0798 | accuracy 9.6875 | mean_length 64
09-20-21 10:41:32 - epoch 1 | global step 5530 | mode train | loss 2.0785 | accuracy 13.75 | mean_length 64
09-20-21 10:43:19 - epoch 1 | global step 5540 | mode train | loss 2.0802 | accuracy 12.1875 | mean_length 64
09-20-21 10:45:06 - epoch 1 | global step 5550 | mode train | loss 2.0815 | accuracy 9.0625 | mean_length 64
09-20-21 10:46:53 - epoch 1 | global step 5560 | mode train | loss 2.08 | accuracy 15.0 | mean_length 64
09-20-21 10:48:56 - epoch 1 | global step 5570 | mode train | loss 2.0789 | accuracy 11.25 | mean_length 64
09-20-21 10:50:43 - epoch 1 | global step 5580 | mode train | loss 2.0803 | accuracy 13.125 | mean_length 64
09-20-21 10:52:31 - epoch 1 | global step 5590 | mode train | loss 2.0775 | accuracy 16.25 | mean_length 64
09-20-21 10:54:18 - epoch 1 | global step 5600 | mode train | loss 2.0799 | accuracy 11.875 | mean_length 64
09-20-21 10:56:05 - epoch 1 | global step 5610 | mode train | loss 2.0807 | accuracy 10.0 | mean_length 64
09-20-21 10:57:52 - epoch 1 | global step 5620 | mode train | loss 2.0801 | accuracy 11.875 | mean_length 64
09-20-21 10:59:39 - epoch 1 | global step 5630 | mode train | loss 2.0784 | accuracy 12.1875 | mean_length 64
09-20-21 11:09:36 - epoch 1 | global step 5632 | mode validation | loss 2.0794 | accuracy 12.66 | mean_length 64
09-20-21 11:11:02 - epoch 1 | global step 5640 | mode train | loss 2.079 | accuracy 12.1875 | mean_length 64
09-20-21 11:12:49 - epoch 1 | global step 5650 | mode train | loss 2.0795 | accuracy 13.4375 | mean_length 64
09-20-21 11:14:36 - epoch 1 | global step 5660 | mode train | loss 2.0794 | accuracy 15.9375 | mean_length 64
09-20-21 11:16:23 - epoch 1 | global step 5670 | mode train | loss 2.0805 | accuracy 11.875 | mean_length 64
09-20-21 11:18:11 - epoch 1 | global step 5680 | mode train | loss 2.0805 | accuracy 12.5 | mean_length 64
09-20-21 11:19:58 - epoch 1 | global step 5690 | mode train | loss 2.08 | accuracy 11.875 | mean_length 64
09-20-21 11:21:45 - epoch 1 | global step 5700 | mode train | loss 2.0797 | accuracy 13.4375 | mean_length 64
09-20-21 11:23:32 - epoch 1 | global step 5710 | mode train | loss 2.0788 | accuracy 10.9375 | mean_length 64
09-20-21 11:25:19 - epoch 1 | global step 5720 | mode train | loss 2.079 | accuracy 14.6875 | mean_length 64
09-20-21 11:27:06 - epoch 1 | global step 5730 | mode train | loss 2.0795 | accuracy 12.5 | mean_length 64
09-20-21 11:28:53 - epoch 1 | global step 5740 | mode train | loss 2.08 | accuracy 9.6875 | mean_length 64
09-20-21 11:30:40 - epoch 1 | global step 5750 | mode train | loss 2.0804 | accuracy 11.25 | mean_length 64
09-20-21 11:32:27 - epoch 1 | global step 5760 | mode train | loss 2.0795 | accuracy 10.0 | mean_length 64
09-20-21 11:34:14 - epoch 1 | global step 5770 | mode train | loss 2.0783 | accuracy 15.9375 | mean_length 64
09-20-21 11:36:02 - epoch 1 | global step 5780 | mode train | loss 2.0789 | accuracy 12.1875 | mean_length 64
09-20-21 11:37:49 - epoch 1 | global step 5790 | mode train | loss 2.0793 | accuracy 12.8125 | mean_length 64
09-20-21 11:39:36 - epoch 1 | global step 5800 | mode train | loss 2.0806 | accuracy 12.8125 | mean_length 64
09-20-21 11:41:23 - epoch 1 | global step 5810 | mode train | loss 2.0805 | accuracy 13.125 | mean_length 64
09-20-21 11:43:10 - epoch 1 | global step 5820 | mode train | loss 2.0798 | accuracy 12.5 | mean_length 64
09-20-21 11:44:57 - epoch 1 | global step 5830 | mode train | loss 2.0807 | accuracy 10.9375 | mean_length 64
09-20-21 11:46:44 - epoch 1 | global step 5840 | mode train | loss 2.0791 | accuracy 15.625 | mean_length 64
09-20-21 11:48:31 - epoch 1 | global step 5850 | mode train | loss 2.0803 | accuracy 11.5625 | mean_length 64
09-20-21 11:50:19 - epoch 1 | global step 5860 | mode train | loss 2.0808 | accuracy 11.875 | mean_length 64
09-20-21 11:52:06 - epoch 1 | global step 5870 | mode train | loss 2.0788 | accuracy 11.875 | mean_length 64
09-20-21 11:53:53 - epoch 1 | global step 5880 | mode train | loss 2.0786 | accuracy 13.75 | mean_length 64
09-20-21 11:55:40 - epoch 1 | global step 5890 | mode train | loss 2.0788 | accuracy 16.25 | mean_length 64
09-20-21 11:57:27 - epoch 1 | global step 5900 | mode train | loss 2.079 | accuracy 12.8125 | mean_length 64
09-20-21 11:59:14 - epoch 1 | global step 5910 | mode train | loss 2.0808 | accuracy 10.3125 | mean_length 64
09-20-21 12:01:01 - epoch 1 | global step 5920 | mode train | loss 2.0806 | accuracy 10.3125 | mean_length 64
09-20-21 12:02:48 - epoch 1 | global step 5930 | mode train | loss 2.0796 | accuracy 14.6875 | mean_length 64
09-20-21 12:04:35 - epoch 1 | global step 5940 | mode train | loss 2.0808 | accuracy 12.1875 | mean_length 64
09-20-21 12:06:22 - epoch 1 | global step 5950 | mode train | loss 2.0822 | accuracy 8.4375 | mean_length 64
09-20-21 12:08:10 - epoch 1 | global step 5960 | mode train | loss 2.08 | accuracy 11.25 | mean_length 64
09-20-21 12:09:57 - epoch 1 | global step 5970 | mode train | loss 2.0798 | accuracy 9.6875 | mean_length 64
09-20-21 12:11:44 - epoch 1 | global step 5980 | mode train | loss 2.0798 | accuracy 9.6875 | mean_length 64
09-20-21 12:13:31 - epoch 1 | global step 5990 | mode train | loss 2.0791 | accuracy 14.375 | mean_length 64
09-20-21 12:15:19 - epoch 1 | global step 6000 | mode train | loss 2.0786 | accuracy 13.75 | mean_length 64
09-20-21 12:17:06 - epoch 1 | global step 6010 | mode train | loss 2.0797 | accuracy 12.1875 | mean_length 64
09-20-21 12:18:53 - epoch 1 | global step 6020 | mode train | loss 2.0791 | accuracy 15.625 | mean_length 64
09-20-21 12:20:40 - epoch 1 | global step 6030 | mode train | loss 2.0804 | accuracy 10.625 | mean_length 64
09-20-21 12:22:27 - epoch 1 | global step 6040 | mode train | loss 2.0801 | accuracy 10.0 | mean_length 64
09-20-21 12:24:14 - epoch 1 | global step 6050 | mode train | loss 2.0791 | accuracy 13.125 | mean_length 64
09-20-21 12:26:01 - epoch 1 | global step 6060 | mode train | loss 2.0794 | accuracy 11.875 | mean_length 64
09-20-21 12:27:48 - epoch 1 | global step 6070 | mode train | loss 2.0796 | accuracy 11.875 | mean_length 64
09-20-21 12:29:35 - epoch 1 | global step 6080 | mode train | loss 2.0795 | accuracy 13.125 | mean_length 64
09-20-21 12:31:22 - epoch 1 | global step 6090 | mode train | loss 2.0791 | accuracy 9.6875 | mean_length 64
09-20-21 12:33:09 - epoch 1 | global step 6100 | mode train | loss 2.0795 | accuracy 10.9375 | mean_length 64
09-20-21 12:34:56 - epoch 1 | global step 6110 | mode train | loss 2.0802 | accuracy 10.0 | mean_length 64
09-20-21 12:36:43 - epoch 1 | global step 6120 | mode train | loss 2.0792 | accuracy 14.6875 | mean_length 64
09-20-21 12:38:30 - epoch 1 | global step 6130 | mode train | loss 2.0797 | accuracy 12.5 | mean_length 64
09-20-21 12:40:17 - epoch 1 | global step 6140 | mode train | loss 2.0795 | accuracy 10.9375 | mean_length 64
09-20-21 12:50:36 - epoch 1 | global step 6144 | mode validation | loss 2.0796 | accuracy 12.24 | mean_length 64
09-20-21 12:51:40 - epoch 1 | global step 6150 | mode train | loss 2.0801 | accuracy 11.25 | mean_length 64
09-20-21 12:53:27 - epoch 1 | global step 6160 | mode train | loss 2.0787 | accuracy 16.5625 | mean_length 64
09-20-21 12:55:14 - epoch 1 | global step 6170 | mode train | loss 2.0799 | accuracy 11.5625 | mean_length 64
09-20-21 12:57:01 - epoch 1 | global step 6180 | mode train | loss 2.079 | accuracy 12.5 | mean_length 64
09-20-21 12:58:48 - epoch 1 | global step 6190 | mode train | loss 2.0799 | accuracy 14.375 | mean_length 64
09-20-21 13:00:35 - epoch 1 | global step 6200 | mode train | loss 2.0793 | accuracy 14.375 | mean_length 64
09-20-21 13:02:22 - epoch 1 | global step 6210 | mode train | loss 2.0796 | accuracy 10.9375 | mean_length 64
09-20-21 13:04:10 - epoch 1 | global step 6220 | mode train | loss 2.0803 | accuracy 13.4375 | mean_length 64
09-20-21 13:05:57 - epoch 1 | global step 6230 | mode train | loss 2.0802 | accuracy 13.125 | mean_length 64
09-20-21 13:07:44 - epoch 1 | global step 6240 | mode train | loss 2.0805 | accuracy 11.875 | mean_length 64
09-20-21 13:09:31 - epoch 1 | global step 6250 | mode train | loss 2.0796 | accuracy 14.0625 | mean_length 64
09-20-21 13:11:18 - epoch 1 | global step 6260 | mode train | loss 2.0798 | accuracy 12.8125 | mean_length 64
09-20-21 13:13:05 - epoch 1 | global step 6270 | mode train | loss 2.0792 | accuracy 15.0 | mean_length 64
09-20-21 13:14:53 - epoch 1 | global step 6280 | mode train | loss 2.0801 | accuracy 11.875 | mean_length 64
09-20-21 13:16:40 - epoch 1 | global step 6290 | mode train | loss 2.0798 | accuracy 11.875 | mean_length 64
09-20-21 13:18:27 - epoch 1 | global step 6300 | mode train | loss 2.0801 | accuracy 10.0 | mean_length 64
09-20-21 13:20:14 - epoch 1 | global step 6310 | mode train | loss 2.0798 | accuracy 11.25 | mean_length 64
09-20-21 13:22:01 - epoch 1 | global step 6320 | mode train | loss 2.079 | accuracy 15.0 | mean_length 64
09-20-21 13:23:48 - epoch 1 | global step 6330 | mode train | loss 2.0791 | accuracy 13.125 | mean_length 64
09-20-21 13:25:35 - epoch 1 | global step 6340 | mode train | loss 2.0807 | accuracy 10.0 | mean_length 64
09-20-21 13:27:22 - epoch 1 | global step 6350 | mode train | loss 2.0807 | accuracy 10.3125 | mean_length 64
09-20-21 13:29:09 - epoch 1 | global step 6360 | mode train | loss 2.0792 | accuracy 9.375 | mean_length 64
09-20-21 13:30:56 - epoch 1 | global step 6370 | mode train | loss 2.0791 | accuracy 13.125 | mean_length 64
09-20-21 13:32:43 - epoch 1 | global step 6380 | mode train | loss 2.0794 | accuracy 16.5625 | mean_length 64
09-20-21 13:34:30 - epoch 1 | global step 6390 | mode train | loss 2.0797 | accuracy 9.6875 | mean_length 64
09-20-21 13:36:17 - epoch 1 | global step 6400 | mode train | loss 2.0798 | accuracy 13.4375 | mean_length 64
09-20-21 13:38:05 - epoch 1 | global step 6410 | mode train | loss 2.0801 | accuracy 11.5625 | mean_length 64
09-20-21 13:39:52 - epoch 1 | global step 6420 | mode train | loss 2.0799 | accuracy 11.5625 | mean_length 64
09-20-21 13:41:39 - epoch 1 | global step 6430 | mode train | loss 2.0785 | accuracy 16.25 | mean_length 64
09-20-21 13:43:26 - epoch 1 | global step 6440 | mode train | loss 2.0804 | accuracy 10.625 | mean_length 64
09-20-21 13:45:13 - epoch 1 | global step 6450 | mode train | loss 2.0804 | accuracy 9.0625 | mean_length 64
09-20-21 13:47:00 - epoch 2 | global step 6460 | mode train | loss 2.0791 | accuracy 13.75 | mean_length 64
09-20-21 13:48:47 - epoch 2 | global step 6470 | mode train | loss 2.0794 | accuracy 14.375 | mean_length 64
09-20-21 13:50:34 - epoch 2 | global step 6480 | mode train | loss 2.0793 | accuracy 12.5 | mean_length 64
09-20-21 13:52:21 - epoch 2 | global step 6490 | mode train | loss 2.0793 | accuracy 13.125 | mean_length 64
09-20-21 13:54:08 - epoch 2 | global step 6500 | mode train | loss 2.0794 | accuracy 15.9375 | mean_length 64
09-20-21 13:55:55 - epoch 2 | global step 6510 | mode train | loss 2.0806 | accuracy 11.25 | mean_length 64
09-20-21 13:57:42 - epoch 2 | global step 6520 | mode train | loss 2.0785 | accuracy 11.5625 | mean_length 64
09-20-21 13:59:29 - epoch 2 | global step 6530 | mode train | loss 2.0793 | accuracy 14.0625 | mean_length 64
09-20-21 14:01:16 - epoch 2 | global step 6540 | mode train | loss 2.0794 | accuracy 10.9375 | mean_length 64
09-20-21 14:03:03 - epoch 2 | global step 6550 | mode train | loss 2.0791 | accuracy 15.0 | mean_length 64
09-20-21 14:04:50 - epoch 2 | global step 6560 | mode train | loss 2.0789 | accuracy 15.3125 | mean_length 64
09-20-21 14:06:37 - epoch 2 | global step 6570 | mode train | loss 2.08 | accuracy 13.4375 | mean_length 64
09-20-21 14:08:25 - epoch 2 | global step 6580 | mode train | loss 2.0799 | accuracy 12.1875 | mean_length 64
09-20-21 14:10:12 - epoch 2 | global step 6590 | mode train | loss 2.0792 | accuracy 13.4375 | mean_length 64
09-20-21 14:11:59 - epoch 2 | global step 6600 | mode train | loss 2.0786 | accuracy 18.125 | mean_length 64
09-20-21 14:13:46 - epoch 2 | global step 6610 | mode train | loss 2.0793 | accuracy 12.8125 | mean_length 64
09-20-21 14:15:33 - epoch 2 | global step 6620 | mode train | loss 2.0788 | accuracy 14.6875 | mean_length 64
09-20-21 14:17:20 - epoch 2 | global step 6630 | mode train | loss 2.0807 | accuracy 13.75 | mean_length 64
09-20-21 14:19:07 - epoch 2 | global step 6640 | mode train | loss 2.0788 | accuracy 16.5625 | mean_length 64
09-20-21 14:20:55 - epoch 2 | global step 6650 | mode train | loss 2.0794 | accuracy 12.8125 | mean_length 64
09-20-21 14:31:35 - epoch 2 | global step 6656 | mode validation | loss 2.0795 | accuracy 12.72 | mean_length 64
09-20-21 14:32:18 - epoch 2 | global step 6660 | mode train | loss 2.0798 | accuracy 10.9375 | mean_length 64
09-20-21 14:34:05 - epoch 2 | global step 6670 | mode train | loss 2.079 | accuracy 14.0625 | mean_length 64
09-20-21 14:35:52 - epoch 2 | global step 6680 | mode train | loss 2.0795 | accuracy 13.125 | mean_length 64
09-20-21 14:37:39 - epoch 2 | global step 6690 | mode train | loss 2.0796 | accuracy 10.9375 | mean_length 64
09-20-21 14:39:26 - epoch 2 | global step 6700 | mode train | loss 2.0812 | accuracy 10.3125 | mean_length 64
09-20-21 14:41:13 - epoch 2 | global step 6710 | mode train | loss 2.0799 | accuracy 13.75 | mean_length 64
09-20-21 14:43:00 - epoch 2 | global step 6720 | mode train | loss 2.0787 | accuracy 14.6875 | mean_length 64
09-20-21 14:44:47 - epoch 2 | global step 6730 | mode train | loss 2.0794 | accuracy 12.8125 | mean_length 64
09-20-21 14:46:34 - epoch 2 | global step 6740 | mode train | loss 2.0796 | accuracy 11.5625 | mean_length 64
09-20-21 14:48:21 - epoch 2 | global step 6750 | mode train | loss 2.0803 | accuracy 10.3125 | mean_length 64
09-20-21 14:50:09 - epoch 2 | global step 6760 | mode train | loss 2.0803 | accuracy 13.4375 | mean_length 64
09-20-21 14:51:56 - epoch 2 | global step 6770 | mode train | loss 2.0788 | accuracy 12.8125 | mean_length 64
09-20-21 14:53:43 - epoch 2 | global step 6780 | mode train | loss 2.0777 | accuracy 15.3125 | mean_length 64
09-20-21 14:55:30 - epoch 2 | global step 6790 | mode train | loss 2.0787 | accuracy 15.625 | mean_length 64
09-20-21 14:57:17 - epoch 2 | global step 6800 | mode train | loss 2.0806 | accuracy 13.125 | mean_length 64
09-20-21 14:59:04 - epoch 2 | global step 6810 | mode train | loss 2.0796 | accuracy 13.4375 | mean_length 64
09-20-21 15:00:51 - epoch 2 | global step 6820 | mode train | loss 2.0801 | accuracy 12.5 | mean_length 64
09-20-21 15:02:38 - epoch 2 | global step 6830 | mode train | loss 2.0782 | accuracy 14.0625 | mean_length 64
09-20-21 15:04:25 - epoch 2 | global step 6840 | mode train | loss 2.0807 | accuracy 9.375 | mean_length 64
09-20-21 15:06:12 - epoch 2 | global step 6850 | mode train | loss 2.0788 | accuracy 12.1875 | mean_length 64
09-20-21 15:07:59 - epoch 2 | global step 6860 | mode train | loss 2.0799 | accuracy 12.1875 | mean_length 64
09-20-21 15:09:46 - epoch 2 | global step 6870 | mode train | loss 2.0799 | accuracy 14.375 | mean_length 64
09-20-21 15:11:33 - epoch 2 | global step 6880 | mode train | loss 2.0791 | accuracy 15.0 | mean_length 64
09-20-21 15:13:20 - epoch 2 | global step 6890 | mode train | loss 2.0791 | accuracy 12.5 | mean_length 64
09-20-21 15:15:07 - epoch 2 | global step 6900 | mode train | loss 2.0808 | accuracy 9.6875 | mean_length 64
09-20-21 15:16:55 - epoch 2 | global step 6910 | mode train | loss 2.0797 | accuracy 11.875 | mean_length 64
09-20-21 15:18:42 - epoch 2 | global step 6920 | mode train | loss 2.0779 | accuracy 17.1875 | mean_length 64
09-20-21 15:20:29 - epoch 2 | global step 6930 | mode train | loss 2.0785 | accuracy 14.375 | mean_length 64
09-20-21 15:22:16 - epoch 2 | global step 6940 | mode train | loss 2.079 | accuracy 14.6875 | mean_length 64
09-20-21 15:24:03 - epoch 2 | global step 6950 | mode train | loss 2.0801 | accuracy 9.0625 | mean_length 64
09-20-21 15:25:50 - epoch 2 | global step 6960 | mode train | loss 2.0813 | accuracy 8.125 | mean_length 64
09-20-21 15:27:37 - epoch 2 | global step 6970 | mode train | loss 2.0793 | accuracy 10.3125 | mean_length 64
09-20-21 15:29:24 - epoch 2 | global step 6980 | mode train | loss 2.0805 | accuracy 11.875 | mean_length 64
09-20-21 15:31:11 - epoch 2 | global step 6990 | mode train | loss 2.0794 | accuracy 12.8125 | mean_length 64
09-20-21 15:32:58 - epoch 2 | global step 7000 | mode train | loss 2.079 | accuracy 14.6875 | mean_length 64
09-20-21 15:34:45 - epoch 2 | global step 7010 | mode train | loss 2.079 | accuracy 14.375 | mean_length 64
09-20-21 15:36:32 - epoch 2 | global step 7020 | mode train | loss 2.0801 | accuracy 12.1875 | mean_length 64
09-20-21 15:38:19 - epoch 2 | global step 7030 | mode train | loss 2.0789 | accuracy 13.125 | mean_length 64
09-20-21 15:40:06 - epoch 2 | global step 7040 | mode train | loss 2.0813 | accuracy 11.25 | mean_length 64
09-20-21 15:41:53 - epoch 2 | global step 7050 | mode train | loss 2.0798 | accuracy 12.1875 | mean_length 64
09-20-21 15:43:40 - epoch 2 | global step 7060 | mode train | loss 2.0801 | accuracy 9.6875 | mean_length 64
09-20-21 15:45:27 - epoch 2 | global step 7070 | mode train | loss 2.0795 | accuracy 15.0 | mean_length 64
09-20-21 15:47:14 - epoch 2 | global step 7080 | mode train | loss 2.0785 | accuracy 15.3125 | mean_length 64
09-20-21 15:49:01 - epoch 2 | global step 7090 | mode train | loss 2.0802 | accuracy 13.125 | mean_length 64
09-20-21 15:50:48 - epoch 2 | global step 7100 | mode train | loss 2.0793 | accuracy 12.5 | mean_length 64
09-20-21 15:52:35 - epoch 2 | global step 7110 | mode train | loss 2.0788 | accuracy 13.125 | mean_length 64
09-20-21 15:54:22 - epoch 2 | global step 7120 | mode train | loss 2.0789 | accuracy 15.0 | mean_length 64
09-20-21 15:56:09 - epoch 2 | global step 7130 | mode train | loss 2.0802 | accuracy 9.375 | mean_length 64
09-20-21 15:57:56 - epoch 2 | global step 7140 | mode train | loss 2.0788 | accuracy 13.75 | mean_length 64
09-20-21 15:59:43 - epoch 2 | global step 7150 | mode train | loss 2.0802 | accuracy 9.375 | mean_length 64
09-20-21 16:01:30 - epoch 2 | global step 7160 | mode train | loss 2.0802 | accuracy 8.75 | mean_length 64
09-20-21 16:12:31 - epoch 2 | global step 7168 | mode validation | loss 2.0795 | accuracy 12.66 | mean_length 64
09-20-21 16:12:52 - epoch 2 | global step 7170 | mode train | loss 2.0798 | accuracy 12.5 | mean_length 64
09-20-21 16:14:39 - epoch 2 | global step 7180 | mode train | loss 2.0805 | accuracy 10.3125 | mean_length 64
09-20-21 16:16:27 - epoch 2 | global step 7190 | mode train | loss 2.0789 | accuracy 14.375 | mean_length 64
09-20-21 16:18:14 - epoch 2 | global step 7200 | mode train | loss 2.0791 | accuracy 12.5 | mean_length 64
09-20-21 16:20:01 - epoch 2 | global step 7210 | mode train | loss 2.0796 | accuracy 14.0625 | mean_length 64
09-20-21 16:21:48 - epoch 2 | global step 7220 | mode train | loss 2.0793 | accuracy 14.0625 | mean_length 64
09-20-21 16:23:35 - epoch 2 | global step 7230 | mode train | loss 2.0789 | accuracy 14.0625 | mean_length 64
09-20-21 16:25:22 - epoch 2 | global step 7240 | mode train | loss 2.0788 | accuracy 13.4375 | mean_length 64
09-20-21 16:27:09 - epoch 2 | global step 7250 | mode train | loss 2.0795 | accuracy 12.8125 | mean_length 64
09-20-21 16:28:56 - epoch 2 | global step 7260 | mode train | loss 2.0804 | accuracy 10.9375 | mean_length 64
09-20-21 16:30:43 - epoch 2 | global step 7270 | mode train | loss 2.0801 | accuracy 11.875 | mean_length 64
09-20-21 16:32:30 - epoch 2 | global step 7280 | mode train | loss 2.0784 | accuracy 17.5 | mean_length 64
09-20-21 16:34:17 - epoch 2 | global step 7290 | mode train | loss 2.0804 | accuracy 10.0 | mean_length 64
09-20-21 16:36:05 - epoch 2 | global step 7300 | mode train | loss 2.0797 | accuracy 12.5 | mean_length 64
09-20-21 16:37:52 - epoch 2 | global step 7310 | mode train | loss 2.0798 | accuracy 14.6875 | mean_length 64
09-20-21 16:39:39 - epoch 2 | global step 7320 | mode train | loss 2.0806 | accuracy 12.5 | mean_length 64
09-20-21 16:41:26 - epoch 2 | global step 7330 | mode train | loss 2.0808 | accuracy 11.25 | mean_length 64
09-20-21 16:43:13 - epoch 2 | global step 7340 | mode train | loss 2.0791 | accuracy 12.1875 | mean_length 64
09-20-21 16:45:00 - epoch 2 | global step 7350 | mode train | loss 2.0795 | accuracy 11.875 | mean_length 64
09-20-21 16:46:47 - epoch 2 | global step 7360 | mode train | loss 2.0791 | accuracy 13.125 | mean_length 64
09-20-21 16:48:34 - epoch 2 | global step 7370 | mode train | loss 2.0806 | accuracy 11.875 | mean_length 64
09-20-21 16:50:21 - epoch 2 | global step 7380 | mode train | loss 2.0799 | accuracy 10.0 | mean_length 64
09-20-21 16:52:08 - epoch 2 | global step 7390 | mode train | loss 2.0799 | accuracy 10.625 | mean_length 64
09-20-21 16:53:55 - epoch 2 | global step 7400 | mode train | loss 2.0797 | accuracy 12.5 | mean_length 64
09-20-21 16:55:42 - epoch 2 | global step 7410 | mode train | loss 2.0801 | accuracy 13.125 | mean_length 64
09-20-21 16:57:29 - epoch 2 | global step 7420 | mode train | loss 2.0803 | accuracy 11.5625 | mean_length 64
09-20-21 16:59:16 - epoch 2 | global step 7430 | mode train | loss 2.0792 | accuracy 9.6875 | mean_length 64
09-20-21 17:01:03 - epoch 2 | global step 7440 | mode train | loss 2.0795 | accuracy 12.5 | mean_length 64
09-20-21 17:02:50 - epoch 2 | global step 7450 | mode train | loss 2.079 | accuracy 11.5625 | mean_length 64
09-20-21 17:04:37 - epoch 2 | global step 7460 | mode train | loss 2.0797 | accuracy 7.5 | mean_length 64
09-20-21 17:06:24 - epoch 2 | global step 7470 | mode train | loss 2.0812 | accuracy 10.3125 | mean_length 64
09-20-21 17:08:11 - epoch 2 | global step 7480 | mode train | loss 2.0786 | accuracy 14.6875 | mean_length 64
09-20-21 17:09:59 - epoch 2 | global step 7490 | mode train | loss 2.081 | accuracy 9.6875 | mean_length 64
09-20-21 17:11:46 - epoch 2 | global step 7500 | mode train | loss 2.0798 | accuracy 12.1875 | mean_length 64
09-20-21 17:13:33 - epoch 2 | global step 7510 | mode train | loss 2.0795 | accuracy 12.5 | mean_length 64
09-20-21 17:15:20 - epoch 2 | global step 7520 | mode train | loss 2.0797 | accuracy 14.375 | mean_length 64
09-20-21 17:17:07 - epoch 2 | global step 7530 | mode train | loss 2.0796 | accuracy 8.4375 | mean_length 64
09-20-21 17:18:54 - epoch 2 | global step 7540 | mode train | loss 2.0793 | accuracy 13.4375 | mean_length 64
09-20-21 17:20:41 - epoch 2 | global step 7550 | mode train | loss 2.0796 | accuracy 10.9375 | mean_length 64
09-20-21 17:22:29 - epoch 2 | global step 7560 | mode train | loss 2.0799 | accuracy 13.4375 | mean_length 64
09-20-21 17:24:16 - epoch 2 | global step 7570 | mode train | loss 2.0796 | accuracy 12.1875 | mean_length 64
09-20-21 17:26:03 - epoch 2 | global step 7580 | mode train | loss 2.0784 | accuracy 12.5 | mean_length 64
09-20-21 17:27:50 - epoch 2 | global step 7590 | mode train | loss 2.0797 | accuracy 11.25 | mean_length 64
09-20-21 17:29:37 - epoch 2 | global step 7600 | mode train | loss 2.079 | accuracy 11.5625 | mean_length 64
09-20-21 17:31:24 - epoch 2 | global step 7610 | mode train | loss 2.0797 | accuracy 15.625 | mean_length 64
09-20-21 17:33:11 - epoch 2 | global step 7620 | mode train | loss 2.0799 | accuracy 11.25 | mean_length 64
09-20-21 17:34:58 - epoch 2 | global step 7630 | mode train | loss 2.0785 | accuracy 15.625 | mean_length 64
09-20-21 17:36:45 - epoch 2 | global step 7640 | mode train | loss 2.0794 | accuracy 12.1875 | mean_length 64
09-20-21 17:38:32 - epoch 2 | global step 7650 | mode train | loss 2.0798 | accuracy 12.1875 | mean_length 64
09-20-21 17:40:20 - epoch 2 | global step 7660 | mode train | loss 2.0787 | accuracy 12.5 | mean_length 64
09-20-21 17:42:07 - epoch 2 | global step 7670 | mode train | loss 2.0791 | accuracy 13.4375 | mean_length 64
09-20-21 17:43:54 - epoch 2 | global step 7680 | mode train | loss 2.0794 | accuracy 11.875 | mean_length 64
09-20-21 17:53:28 - epoch 2 | global step 7680 | mode validation | loss 2.0795 | accuracy 12.36 | mean_length 64
09-20-21 17:55:15 - epoch 2 | global step 7690 | mode train | loss 2.08 | accuracy 12.8125 | mean_length 64
09-20-21 17:57:02 - epoch 2 | global step 7700 | mode train | loss 2.0794 | accuracy 13.4375 | mean_length 64
09-20-21 17:58:49 - epoch 2 | global step 7710 | mode train | loss 2.0804 | accuracy 12.1875 | mean_length 64
09-20-21 18:00:36 - epoch 2 | global step 7720 | mode train | loss 2.0803 | accuracy 11.5625 | mean_length 64
09-20-21 18:02:23 - epoch 2 | global step 7730 | mode train | loss 2.0809 | accuracy 10.0 | mean_length 64
09-20-21 18:04:10 - epoch 2 | global step 7740 | mode train | loss 2.0803 | accuracy 10.625 | mean_length 64
09-20-21 18:05:58 - epoch 2 | global step 7750 | mode train | loss 2.0799 | accuracy 10.3125 | mean_length 64
09-20-21 18:07:45 - epoch 2 | global step 7760 | mode train | loss 2.0793 | accuracy 12.1875 | mean_length 64
09-20-21 18:09:32 - epoch 2 | global step 7770 | mode train | loss 2.0795 | accuracy 12.5 | mean_length 64
09-20-21 18:11:19 - epoch 2 | global step 7780 | mode train | loss 2.0793 | accuracy 9.6875 | mean_length 64
09-20-21 18:13:06 - epoch 2 | global step 7790 | mode train | loss 2.0803 | accuracy 12.8125 | mean_length 64
09-20-21 18:14:53 - epoch 2 | global step 7800 | mode train | loss 2.0795 | accuracy 12.1875 | mean_length 64
09-20-21 18:16:40 - epoch 2 | global step 7810 | mode train | loss 2.0801 | accuracy 12.1875 | mean_length 64
09-20-21 18:18:27 - epoch 2 | global step 7820 | mode train | loss 2.0792 | accuracy 12.5 | mean_length 64
09-20-21 18:20:14 - epoch 2 | global step 7830 | mode train | loss 2.0789 | accuracy 10.9375 | mean_length 64
09-20-21 18:22:01 - epoch 2 | global step 7840 | mode train | loss 2.0796 | accuracy 13.125 | mean_length 64
09-20-21 18:23:48 - epoch 2 | global step 7850 | mode train | loss 2.0792 | accuracy 13.4375 | mean_length 64
09-20-21 18:25:35 - epoch 2 | global step 7860 | mode train | loss 2.0796 | accuracy 12.1875 | mean_length 64
09-20-21 18:27:22 - epoch 2 | global step 7870 | mode train | loss 2.0804 | accuracy 11.25 | mean_length 64
09-20-21 18:29:09 - epoch 2 | global step 7880 | mode train | loss 2.0793 | accuracy 12.8125 | mean_length 64
09-20-21 18:30:57 - epoch 2 | global step 7890 | mode train | loss 2.0791 | accuracy 10.625 | mean_length 64
09-20-21 18:32:44 - epoch 2 | global step 7900 | mode train | loss 2.0797 | accuracy 12.1875 | mean_length 64
09-20-21 18:34:31 - epoch 2 | global step 7910 | mode train | loss 2.0799 | accuracy 12.1875 | mean_length 64
09-20-21 18:36:18 - epoch 2 | global step 7920 | mode train | loss 2.0794 | accuracy 13.4375 | mean_length 64
09-20-21 18:38:05 - epoch 2 | global step 7930 | mode train | loss 2.0791 | accuracy 12.8125 | mean_length 64
09-20-21 18:39:52 - epoch 2 | global step 7940 | mode train | loss 2.0793 | accuracy 12.5 | mean_length 64
09-20-21 18:41:39 - epoch 2 | global step 7950 | mode train | loss 2.0809 | accuracy 7.5 | mean_length 64
09-20-21 18:43:26 - epoch 2 | global step 7960 | mode train | loss 2.0793 | accuracy 11.25 | mean_length 64
09-20-21 18:45:13 - epoch 2 | global step 7970 | mode train | loss 2.0799 | accuracy 10.0 | mean_length 64
09-20-21 18:47:00 - epoch 2 | global step 7980 | mode train | loss 2.0806 | accuracy 9.6875 | mean_length 64
09-20-21 18:48:47 - epoch 2 | global step 7990 | mode train | loss 2.0793 | accuracy 10.625 | mean_length 64
09-20-21 18:50:34 - epoch 2 | global step 8000 | mode train | loss 2.0798 | accuracy 11.875 | mean_length 64
09-20-21 18:52:21 - epoch 2 | global step 8010 | mode train | loss 2.0785 | accuracy 15.0 | mean_length 64
09-20-21 18:54:07 - epoch 2 | global step 8020 | mode train | loss 2.0779 | accuracy 17.8125 | mean_length 64
09-20-21 18:55:55 - epoch 2 | global step 8030 | mode train | loss 2.0787 | accuracy 15.0 | mean_length 64
09-20-21 18:57:42 - epoch 2 | global step 8040 | mode train | loss 2.0793 | accuracy 11.875 | mean_length 64
09-20-21 18:59:29 - epoch 2 | global step 8050 | mode train | loss 2.0787 | accuracy 13.125 | mean_length 64
09-20-21 19:01:15 - epoch 2 | global step 8060 | mode train | loss 2.0804 | accuracy 11.875 | mean_length 64
09-20-21 19:03:02 - epoch 2 | global step 8070 | mode train | loss 2.0799 | accuracy 14.0625 | mean_length 64
09-20-21 19:04:49 - epoch 2 | global step 8080 | mode train | loss 2.0803 | accuracy 10.0 | mean_length 64
09-20-21 19:06:36 - epoch 2 | global step 8090 | mode train | loss 2.0787 | accuracy 12.8125 | mean_length 64
09-20-21 19:08:23 - epoch 2 | global step 8100 | mode train | loss 2.0789 | accuracy 15.0 | mean_length 64
09-20-21 19:10:10 - epoch 2 | global step 8110 | mode train | loss 2.0783 | accuracy 13.75 | mean_length 64
09-20-21 19:11:57 - epoch 2 | global step 8120 | mode train | loss 2.0788 | accuracy 11.875 | mean_length 64
09-20-21 19:13:44 - epoch 2 | global step 8130 | mode train | loss 2.08 | accuracy 12.5 | mean_length 64
09-20-21 19:15:31 - epoch 2 | global step 8140 | mode train | loss 2.0793 | accuracy 10.9375 | mean_length 64
09-20-21 19:17:19 - epoch 2 | global step 8150 | mode train | loss 2.0796 | accuracy 12.8125 | mean_length 64
09-20-21 19:19:06 - epoch 2 | global step 8160 | mode train | loss 2.0796 | accuracy 11.5625 | mean_length 64
09-20-21 19:20:53 - epoch 2 | global step 8170 | mode train | loss 2.0782 | accuracy 16.875 | mean_length 64
09-20-21 19:22:40 - epoch 2 | global step 8180 | mode train | loss 2.0795 | accuracy 12.1875 | mean_length 64
09-20-21 19:24:27 - epoch 2 | global step 8190 | mode train | loss 2.0783 | accuracy 16.875 | mean_length 64
09-20-21 19:24:48 - Evaluate the following checkpoint: Output/accGrad4_mbart_BTen+zh-captions_lr1.25e-5_7distractors_maxstep8192_seed43/model.pt
09-20-21 19:36:25 - Best model stats: 
09-20-21 19:36:25 - epoch 0 | global step 0 | mode validation | loss 2.0794 | accuracy 12.58 | mean_length 64
