==========================================
SLURM_JOB_ID = 5984731
SLURM_JOB_NODELIST = d14-14
TMPDIR = /tmp/SLURM_5984731
==========================================
/home1/zliu9986/communication-translation
09-21-21 23:01:36 - Dataset Loaded
09-21-21 23:01:36 - Configuration:
Namespace(TransferH=False, alpha=1.0, batch_size=8, beam_width=5, bidirectional=False, config='Configs/en-zh_ec_captions.yml', cpu=False, csv_headers=['mode', 'epoch', 'global step', 'loss', 'accuracy', 'mean_length'], decode_how='beam', device=device(type='cuda'), do_eval=True, do_train=True, dropout=0.1, fix_bhd=False, fix_spk=False, grad_clip=1.0, gradient_accumulation_steps=4, hard=False, has_vocab_constraint=False, hidden_dim=512, image_dim=2048, lr=4e-06, max_global_step=8192, max_seq_length=64, mode='emergent_communication', model_name='Models/bt_en-zh_captions', n_gpu=1, no_share_bhd=False, no_terminal=False, no_write=False, num_distractors_train=7, num_distractors_valid=7, num_games=30, num_layers=1, output_dir='Output/accGrad4_mbart_BTen+zh-captions_lr4.0e-6_7distractors_maxstep8192_seed43', print_every=10, save_output_txt=True, save_pretrain_seperately=True, seed=43, source_lang='en_XX', source_lang_vocab_constrain_file='/projects/unmt/communication-translation/en_cc_tokenID2count_dict.cc25.json', stats_to_print=['loss', 'accuracy', 'caption generation loss', 'image selection loss', 'mean_length'], target_acc=85.0, target_lang='zh_CN', target_lang_vocab_constrain_file='/projects/unmt/communication-translation/zh-Hans_cc_tokenID2count_dict.cc25.json', temp=1.0, temperature=1.0, train_images='./Data/ec_finetuning/images_train', two_ffwd=False, unit_norm=False, valid_every=512, valid_images='./Data/ec_finetuning/images_val', vocab_size=4035)
Sharing visual system for each agent.
09-21-21 23:11:05 - epoch 0 | global step 0 | mode validation | loss 2.3707 | accuracy 12.74 | mean_length 33.7326
09-21-21 23:11:05 - Saving model to Output/accGrad4_mbart_BTen+zh-captions_lr4.0e-6_7distractors_maxstep8192_seed43
Epoch: 0, Prediction Accuracy: 12.74, Saved to Path: Output/accGrad4_mbart_BTen+zh-captions_lr4.0e-6_7distractors_maxstep8192_seed43
09-21-21 23:13:00 - epoch 0 | global step 10 | mode train | loss 2.2491 | accuracy 13.75 | mean_length 33.7156
09-21-21 23:14:43 - epoch 0 | global step 20 | mode train | loss 2.1668 | accuracy 14.6875 | mean_length 45.6125
09-21-21 23:16:29 - epoch 0 | global step 30 | mode train | loss 2.118 | accuracy 12.8125 | mean_length 53.9031
09-21-21 23:18:15 - epoch 0 | global step 40 | mode train | loss 2.1399 | accuracy 11.25 | mean_length 59.2062
09-21-21 23:20:00 - epoch 0 | global step 50 | mode train | loss 2.0912 | accuracy 13.75 | mean_length 60.3031
09-21-21 23:21:46 - epoch 0 | global step 60 | mode train | loss 2.1014 | accuracy 11.25 | mean_length 61.4281
09-21-21 23:23:31 - epoch 0 | global step 70 | mode train | loss 2.0839 | accuracy 12.8125 | mean_length 61.925
09-21-21 23:25:18 - epoch 0 | global step 80 | mode train | loss 2.0823 | accuracy 15.0 | mean_length 62.1281
09-21-21 23:27:04 - epoch 0 | global step 90 | mode train | loss 2.1089 | accuracy 10.3125 | mean_length 61.4562
09-21-21 23:28:49 - epoch 0 | global step 100 | mode train | loss 2.0936 | accuracy 14.0625 | mean_length 59.9094
09-21-21 23:30:35 - epoch 0 | global step 110 | mode train | loss 2.0554 | accuracy 16.875 | mean_length 59.8813
09-21-21 23:32:21 - epoch 0 | global step 120 | mode train | loss 2.0941 | accuracy 11.875 | mean_length 61.1125
09-21-21 23:34:06 - epoch 0 | global step 130 | mode train | loss 2.0605 | accuracy 13.75 | mean_length 59.8906
09-21-21 23:35:52 - epoch 0 | global step 140 | mode train | loss 2.0687 | accuracy 10.9375 | mean_length 59.5844
09-21-21 23:37:38 - epoch 0 | global step 150 | mode train | loss 2.0682 | accuracy 11.25 | mean_length 59.8594
09-21-21 23:39:24 - epoch 0 | global step 160 | mode train | loss 2.0675 | accuracy 12.1875 | mean_length 60.2938
09-21-21 23:41:09 - epoch 0 | global step 170 | mode train | loss 2.0452 | accuracy 13.125 | mean_length 57.1125
09-21-21 23:42:55 - epoch 0 | global step 180 | mode train | loss 2.016 | accuracy 16.25 | mean_length 55.0344
09-21-21 23:44:40 - epoch 0 | global step 190 | mode train | loss 2.0382 | accuracy 10.3125 | mean_length 55.5969
09-21-21 23:46:26 - epoch 0 | global step 200 | mode train | loss 2.0419 | accuracy 10.625 | mean_length 51.6031
09-21-21 23:48:11 - epoch 0 | global step 210 | mode train | loss 2.0207 | accuracy 15.0 | mean_length 56.5375
09-21-21 23:49:57 - epoch 0 | global step 220 | mode train | loss 2.0459 | accuracy 14.0625 | mean_length 59.3687
09-21-21 23:51:42 - epoch 0 | global step 230 | mode train | loss 2.0458 | accuracy 10.3125 | mean_length 57.3281
09-21-21 23:53:28 - epoch 0 | global step 240 | mode train | loss 2.0253 | accuracy 12.5 | mean_length 58.4438
09-21-21 23:55:13 - epoch 0 | global step 250 | mode train | loss 2.0335 | accuracy 12.8125 | mean_length 56.1562
09-21-21 23:56:58 - epoch 0 | global step 260 | mode train | loss 2.0527 | accuracy 11.875 | mean_length 54.3219
09-21-21 23:58:44 - epoch 0 | global step 270 | mode train | loss 2.0108 | accuracy 14.6875 | mean_length 59.0844
09-22-21 00:00:30 - epoch 0 | global step 280 | mode train | loss 2.0733 | accuracy 12.1875 | mean_length 63.3656
09-22-21 00:02:16 - epoch 0 | global step 290 | mode train | loss 2.0525 | accuracy 11.5625 | mean_length 62.8687
09-22-21 00:04:01 - epoch 0 | global step 300 | mode train | loss 2.0763 | accuracy 10.3125 | mean_length 63.4031
09-22-21 00:05:47 - epoch 0 | global step 310 | mode train | loss 2.0293 | accuracy 14.0625 | mean_length 62.3281
09-22-21 00:07:32 - epoch 0 | global step 320 | mode train | loss 1.9755 | accuracy 15.0 | mean_length 60.5344
09-22-21 00:09:17 - epoch 0 | global step 330 | mode train | loss 1.9884 | accuracy 14.375 | mean_length 61.1094
09-22-21 00:11:02 - epoch 0 | global step 340 | mode train | loss 1.9542 | accuracy 15.3125 | mean_length 52.1219
09-22-21 00:12:48 - epoch 0 | global step 350 | mode train | loss 2.0248 | accuracy 13.75 | mean_length 54.2656
09-22-21 00:14:33 - epoch 0 | global step 360 | mode train | loss 2.006 | accuracy 14.375 | mean_length 58.8469
09-22-21 00:16:19 - epoch 0 | global step 370 | mode train | loss 2.0312 | accuracy 14.375 | mean_length 61.5562
09-22-21 00:18:04 - epoch 0 | global step 380 | mode train | loss 2.0134 | accuracy 15.9375 | mean_length 60.8687
09-22-21 00:19:50 - epoch 0 | global step 390 | mode train | loss 2.0169 | accuracy 15.625 | mean_length 60.2156
09-22-21 00:21:35 - epoch 0 | global step 400 | mode train | loss 2.0536 | accuracy 13.75 | mean_length 62.2313
09-22-21 00:23:21 - epoch 0 | global step 410 | mode train | loss 1.999 | accuracy 17.5 | mean_length 60.9844
09-22-21 00:25:06 - epoch 0 | global step 420 | mode train | loss 2.0109 | accuracy 14.0625 | mean_length 60.9156
09-22-21 00:26:52 - epoch 0 | global step 430 | mode train | loss 1.9479 | accuracy 17.8125 | mean_length 59.7344
09-22-21 00:28:37 - epoch 0 | global step 440 | mode train | loss 2.0706 | accuracy 13.4375 | mean_length 55.6187
09-22-21 00:30:22 - epoch 0 | global step 450 | mode train | loss 1.9853 | accuracy 14.375 | mean_length 60.8656
09-22-21 00:32:08 - epoch 0 | global step 460 | mode train | loss 2.0004 | accuracy 16.25 | mean_length 62.4375
09-22-21 00:33:53 - epoch 0 | global step 470 | mode train | loss 1.9775 | accuracy 16.25 | mean_length 60.175
09-22-21 00:35:39 - epoch 0 | global step 480 | mode train | loss 1.9567 | accuracy 16.875 | mean_length 57.5781
09-22-21 00:37:24 - epoch 0 | global step 490 | mode train | loss 1.9321 | accuracy 18.75 | mean_length 57.0469
09-22-21 00:39:10 - epoch 0 | global step 500 | mode train | loss 1.9347 | accuracy 18.125 | mean_length 60.375
09-22-21 00:40:56 - epoch 0 | global step 510 | mode train | loss 1.9244 | accuracy 18.75 | mean_length 56.4469
09-22-21 00:50:34 - epoch 0 | global step 512 | mode validation | loss 1.9439 | accuracy 17.72 | mean_length 50.399
09-22-21 00:50:34 - Saving model to Output/accGrad4_mbart_BTen+zh-captions_lr4.0e-6_7distractors_maxstep8192_seed43
Epoch: 0, Prediction Accuracy: 17.72, Saved to Path: Output/accGrad4_mbart_BTen+zh-captions_lr4.0e-6_7distractors_maxstep8192_seed43
09-22-21 00:52:09 - epoch 0 | global step 520 | mode train | loss 2.0005 | accuracy 14.6875 | mean_length 47.3406
09-22-21 00:53:54 - epoch 0 | global step 530 | mode train | loss 1.94 | accuracy 15.9375 | mean_length 52.875
09-22-21 00:55:39 - epoch 0 | global step 540 | mode train | loss 1.9347 | accuracy 16.5625 | mean_length 54.8281
09-22-21 00:57:24 - epoch 0 | global step 550 | mode train | loss 1.8795 | accuracy 23.75 | mean_length 52.5656
09-22-21 00:59:10 - epoch 0 | global step 560 | mode train | loss 1.9055 | accuracy 21.875 | mean_length 55.1156
09-22-21 01:00:55 - epoch 0 | global step 570 | mode train | loss 1.9873 | accuracy 18.75 | mean_length 60.6906
09-22-21 01:02:40 - epoch 0 | global step 580 | mode train | loss 1.9302 | accuracy 22.8125 | mean_length 53.7094
09-22-21 01:04:26 - epoch 0 | global step 590 | mode train | loss 1.9178 | accuracy 19.0625 | mean_length 47.9562
09-22-21 01:06:11 - epoch 0 | global step 600 | mode train | loss 1.9087 | accuracy 21.875 | mean_length 51.2938
09-22-21 01:07:57 - epoch 0 | global step 610 | mode train | loss 1.9221 | accuracy 19.375 | mean_length 54.1094
09-22-21 01:09:42 - epoch 0 | global step 620 | mode train | loss 1.9176 | accuracy 22.1875 | mean_length 58.8719
09-22-21 01:11:28 - epoch 0 | global step 630 | mode train | loss 1.9157 | accuracy 23.4375 | mean_length 59.4
09-22-21 01:13:13 - epoch 0 | global step 640 | mode train | loss 1.9048 | accuracy 18.75 | mean_length 54.3438
09-22-21 01:14:59 - epoch 0 | global step 650 | mode train | loss 1.9032 | accuracy 20.0 | mean_length 50.925
09-22-21 01:16:44 - epoch 0 | global step 660 | mode train | loss 1.8885 | accuracy 21.875 | mean_length 51.5312
09-22-21 01:18:30 - epoch 0 | global step 670 | mode train | loss 1.8055 | accuracy 25.0 | mean_length 49.0094
09-22-21 01:20:15 - epoch 0 | global step 680 | mode train | loss 1.8353 | accuracy 23.4375 | mean_length 49.1719
09-22-21 01:22:00 - epoch 0 | global step 690 | mode train | loss 1.8178 | accuracy 27.1875 | mean_length 51.1969
09-22-21 01:23:46 - epoch 0 | global step 700 | mode train | loss 1.8365 | accuracy 27.1875 | mean_length 50.6812
09-22-21 01:25:31 - epoch 0 | global step 710 | mode train | loss 1.8305 | accuracy 26.875 | mean_length 48.1125
09-22-21 01:27:17 - epoch 0 | global step 720 | mode train | loss 1.8332 | accuracy 29.0625 | mean_length 36.4312
09-22-21 01:29:01 - epoch 0 | global step 730 | mode train | loss 1.8235 | accuracy 27.1875 | mean_length 34.9438
09-22-21 01:30:46 - epoch 0 | global step 740 | mode train | loss 1.8463 | accuracy 23.75 | mean_length 35.7938
09-22-21 01:32:31 - epoch 0 | global step 750 | mode train | loss 1.8061 | accuracy 27.8125 | mean_length 43.625
09-22-21 01:34:17 - epoch 0 | global step 760 | mode train | loss 1.8276 | accuracy 27.8125 | mean_length 40.8281
09-22-21 01:36:02 - epoch 0 | global step 770 | mode train | loss 1.9091 | accuracy 26.25 | mean_length 36.7969
09-22-21 01:37:47 - epoch 0 | global step 780 | mode train | loss 1.8796 | accuracy 25.0 | mean_length 42.8062
09-22-21 01:39:32 - epoch 0 | global step 790 | mode train | loss 1.8417 | accuracy 28.75 | mean_length 43.9
09-22-21 01:41:18 - epoch 0 | global step 800 | mode train | loss 1.8287 | accuracy 27.8125 | mean_length 49.4156
09-22-21 01:43:03 - epoch 0 | global step 810 | mode train | loss 1.8411 | accuracy 25.9375 | mean_length 49.8281
09-22-21 01:44:48 - epoch 0 | global step 820 | mode train | loss 1.8252 | accuracy 26.25 | mean_length 47.4406
09-22-21 01:46:34 - epoch 0 | global step 830 | mode train | loss 1.8018 | accuracy 33.125 | mean_length 44.2125
09-22-21 01:48:19 - epoch 0 | global step 840 | mode train | loss 1.7933 | accuracy 28.4375 | mean_length 47.6281
09-22-21 01:50:05 - epoch 0 | global step 850 | mode train | loss 1.7651 | accuracy 27.5 | mean_length 48.6187
09-22-21 01:51:50 - epoch 0 | global step 860 | mode train | loss 1.8403 | accuracy 30.3125 | mean_length 51.0656
09-22-21 01:53:36 - epoch 0 | global step 870 | mode train | loss 1.7883 | accuracy 27.8125 | mean_length 53.4188
09-22-21 01:55:21 - epoch 0 | global step 880 | mode train | loss 1.7217 | accuracy 31.25 | mean_length 51.4438
09-22-21 01:57:06 - epoch 0 | global step 890 | mode train | loss 1.7372 | accuracy 29.0625 | mean_length 48.1719
09-22-21 01:58:52 - epoch 0 | global step 900 | mode train | loss 1.7083 | accuracy 33.4375 | mean_length 49.7875
09-22-21 02:00:37 - epoch 0 | global step 910 | mode train | loss 1.8863 | accuracy 26.5625 | mean_length 58.5656
09-22-21 02:02:23 - epoch 0 | global step 920 | mode train | loss 1.9812 | accuracy 24.375 | mean_length 62.3281
09-22-21 02:04:08 - epoch 0 | global step 930 | mode train | loss 1.8545 | accuracy 29.6875 | mean_length 63.6
09-22-21 02:05:54 - epoch 0 | global step 940 | mode train | loss 1.8061 | accuracy 26.5625 | mean_length 63.6531
09-22-21 02:07:39 - epoch 0 | global step 950 | mode train | loss 1.7508 | accuracy 31.875 | mean_length 62.4531
09-22-21 02:09:25 - epoch 0 | global step 960 | mode train | loss 1.8103 | accuracy 29.6875 | mean_length 62.1187
09-22-21 02:11:10 - epoch 0 | global step 970 | mode train | loss 1.7671 | accuracy 31.5625 | mean_length 62.0812
09-22-21 02:12:55 - epoch 0 | global step 980 | mode train | loss 1.7381 | accuracy 31.25 | mean_length 59.8687
09-22-21 02:14:41 - epoch 0 | global step 990 | mode train | loss 1.6906 | accuracy 29.6875 | mean_length 60.6719
09-22-21 02:16:26 - epoch 0 | global step 1000 | mode train | loss 1.7092 | accuracy 32.1875 | mean_length 60.2281
09-22-21 02:18:12 - epoch 0 | global step 1010 | mode train | loss 1.6635 | accuracy 34.0625 | mean_length 59.2812
09-22-21 02:19:57 - epoch 0 | global step 1020 | mode train | loss 1.6251 | accuracy 33.4375 | mean_length 58.3344
09-22-21 02:29:58 - epoch 0 | global step 1024 | mode validation | loss 1.6289 | accuracy 37.7 | mean_length 60.1564
09-22-21 02:29:58 - Saving model to Output/accGrad4_mbart_BTen+zh-captions_lr4.0e-6_7distractors_maxstep8192_seed43
Epoch: 0, Prediction Accuracy: 37.7, Saved to Path: Output/accGrad4_mbart_BTen+zh-captions_lr4.0e-6_7distractors_maxstep8192_seed43
09-22-21 02:31:11 - epoch 0 | global step 1030 | mode train | loss 1.66 | accuracy 37.5 | mean_length 56.925
09-22-21 02:32:57 - epoch 0 | global step 1040 | mode train | loss 1.6547 | accuracy 37.5 | mean_length 52.4375
09-22-21 02:34:42 - epoch 0 | global step 1050 | mode train | loss 1.6136 | accuracy 35.9375 | mean_length 51.075
09-22-21 02:36:27 - epoch 0 | global step 1060 | mode train | loss 1.7147 | accuracy 30.9375 | mean_length 45.8156
09-22-21 02:38:13 - epoch 0 | global step 1070 | mode train | loss 1.5746 | accuracy 39.0625 | mean_length 43.5875
09-22-21 02:39:59 - epoch 0 | global step 1080 | mode train | loss 1.646 | accuracy 33.4375 | mean_length 53.8969
09-22-21 02:41:44 - epoch 0 | global step 1090 | mode train | loss 1.5347 | accuracy 41.25 | mean_length 56.0187
09-22-21 02:43:30 - epoch 0 | global step 1100 | mode train | loss 1.5741 | accuracy 39.375 | mean_length 54.725
09-22-21 02:45:15 - epoch 0 | global step 1110 | mode train | loss 1.5742 | accuracy 42.5 | mean_length 53.0219
09-22-21 02:47:00 - epoch 0 | global step 1120 | mode train | loss 1.5843 | accuracy 38.75 | mean_length 51.275
09-22-21 02:48:46 - epoch 0 | global step 1130 | mode train | loss 1.5286 | accuracy 42.1875 | mean_length 51.2344
09-22-21 02:50:31 - epoch 0 | global step 1140 | mode train | loss 1.5062 | accuracy 39.0625 | mean_length 48.2344
09-22-21 02:52:17 - epoch 0 | global step 1150 | mode train | loss 1.5002 | accuracy 41.875 | mean_length 48.5344
09-22-21 02:54:02 - epoch 0 | global step 1160 | mode train | loss 1.5407 | accuracy 41.25 | mean_length 51.0
09-22-21 02:55:47 - epoch 0 | global step 1170 | mode train | loss 1.4751 | accuracy 42.5 | mean_length 52.7313
09-22-21 02:57:33 - epoch 0 | global step 1180 | mode train | loss 1.5127 | accuracy 43.125 | mean_length 53.3687
09-22-21 02:59:18 - epoch 0 | global step 1190 | mode train | loss 1.5098 | accuracy 40.625 | mean_length 54.2594
09-22-21 03:01:03 - epoch 0 | global step 1200 | mode train | loss 1.42 | accuracy 43.75 | mean_length 54.6156
09-22-21 03:02:49 - epoch 0 | global step 1210 | mode train | loss 1.4126 | accuracy 43.125 | mean_length 53.625
09-22-21 03:04:34 - epoch 0 | global step 1220 | mode train | loss 1.4823 | accuracy 41.875 | mean_length 52.9625
09-22-21 03:06:19 - epoch 0 | global step 1230 | mode train | loss 1.3915 | accuracy 48.75 | mean_length 53.0562
09-22-21 03:08:05 - epoch 0 | global step 1240 | mode train | loss 1.3323 | accuracy 51.5625 | mean_length 56.0344
09-22-21 03:09:50 - epoch 0 | global step 1250 | mode train | loss 1.3889 | accuracy 46.875 | mean_length 52.9375
09-22-21 03:11:35 - epoch 0 | global step 1260 | mode train | loss 1.3602 | accuracy 46.5625 | mean_length 49.9969
09-22-21 03:13:21 - epoch 0 | global step 1270 | mode train | loss 1.3363 | accuracy 46.875 | mean_length 51.7625
09-22-21 03:15:06 - epoch 0 | global step 1280 | mode train | loss 1.3454 | accuracy 47.5 | mean_length 47.1406
09-22-21 03:16:51 - epoch 0 | global step 1290 | mode train | loss 1.366 | accuracy 45.625 | mean_length 48.1344
09-22-21 03:18:37 - epoch 0 | global step 1300 | mode train | loss 1.2972 | accuracy 50.9375 | mean_length 49.2687
09-22-21 03:20:22 - epoch 0 | global step 1310 | mode train | loss 1.17 | accuracy 56.875 | mean_length 52.1281
09-22-21 03:22:07 - epoch 0 | global step 1320 | mode train | loss 1.2958 | accuracy 50.625 | mean_length 56.9125
09-22-21 03:23:52 - epoch 0 | global step 1330 | mode train | loss 1.2583 | accuracy 48.75 | mean_length 56.3312
09-22-21 03:25:38 - epoch 0 | global step 1340 | mode train | loss 1.3363 | accuracy 45.3125 | mean_length 54.7156
09-22-21 03:27:24 - epoch 0 | global step 1350 | mode train | loss 1.3729 | accuracy 48.75 | mean_length 54.0844
09-22-21 03:29:09 - epoch 0 | global step 1360 | mode train | loss 1.2358 | accuracy 56.875 | mean_length 53.2094
09-22-21 03:30:55 - epoch 0 | global step 1370 | mode train | loss 1.2545 | accuracy 53.75 | mean_length 50.1938
09-22-21 03:32:40 - epoch 0 | global step 1380 | mode train | loss 1.3467 | accuracy 47.5 | mean_length 45.4344
09-22-21 03:34:25 - epoch 0 | global step 1390 | mode train | loss 1.2005 | accuracy 51.875 | mean_length 40.7906
09-22-21 03:36:10 - epoch 0 | global step 1400 | mode train | loss 1.2743 | accuracy 49.6875 | mean_length 39.1219
09-22-21 03:37:56 - epoch 0 | global step 1410 | mode train | loss 1.215 | accuracy 54.0625 | mean_length 38.5531
09-22-21 03:39:41 - epoch 0 | global step 1420 | mode train | loss 1.2125 | accuracy 52.8125 | mean_length 43.3094
09-22-21 03:41:27 - epoch 0 | global step 1430 | mode train | loss 1.1596 | accuracy 55.9375 | mean_length 48.3406
09-22-21 03:43:12 - epoch 0 | global step 1440 | mode train | loss 1.1814 | accuracy 55.9375 | mean_length 43.6469
09-22-21 03:44:57 - epoch 0 | global step 1450 | mode train | loss 1.3389 | accuracy 50.0 | mean_length 45.5438
09-22-21 03:46:42 - epoch 0 | global step 1460 | mode train | loss 1.2514 | accuracy 50.625 | mean_length 40.7969
09-22-21 03:48:28 - epoch 0 | global step 1470 | mode train | loss 1.147 | accuracy 60.625 | mean_length 41.7687
09-22-21 03:50:13 - epoch 0 | global step 1480 | mode train | loss 1.2146 | accuracy 56.5625 | mean_length 41.6875
09-22-21 03:51:59 - epoch 0 | global step 1490 | mode train | loss 1.1552 | accuracy 56.25 | mean_length 40.5812
09-22-21 03:53:44 - epoch 0 | global step 1500 | mode train | loss 1.1387 | accuracy 58.4375 | mean_length 47.5688
09-22-21 03:55:29 - epoch 0 | global step 1510 | mode train | loss 1.1982 | accuracy 53.75 | mean_length 56.4562
09-22-21 03:57:15 - epoch 0 | global step 1520 | mode train | loss 1.2026 | accuracy 53.75 | mean_length 62.1187
09-22-21 03:59:00 - epoch 0 | global step 1530 | mode train | loss 1.1261 | accuracy 58.4375 | mean_length 63.1219
09-22-21 04:09:22 - epoch 0 | global step 1536 | mode validation | loss 1.1208 | accuracy 59.14 | mean_length 63.8476
09-22-21 04:09:22 - Saving model to Output/accGrad4_mbart_BTen+zh-captions_lr4.0e-6_7distractors_maxstep8192_seed43
Epoch: 0, Prediction Accuracy: 59.14, Saved to Path: Output/accGrad4_mbart_BTen+zh-captions_lr4.0e-6_7distractors_maxstep8192_seed43
09-22-21 04:10:14 - epoch 0 | global step 1540 | mode train | loss 1.1687 | accuracy 59.375 | mean_length 63.4469
09-22-21 04:12:00 - epoch 0 | global step 1550 | mode train | loss 1.1215 | accuracy 56.5625 | mean_length 63.5469
09-22-21 04:13:45 - epoch 0 | global step 1560 | mode train | loss 1.1251 | accuracy 59.0625 | mean_length 63.6625
09-22-21 04:15:30 - epoch 0 | global step 1570 | mode train | loss 1.0455 | accuracy 63.4375 | mean_length 63.45
09-22-21 04:17:16 - epoch 0 | global step 1580 | mode train | loss 1.0816 | accuracy 58.4375 | mean_length 63.2938
09-22-21 04:19:01 - epoch 0 | global step 1590 | mode train | loss 1.1272 | accuracy 56.5625 | mean_length 63.1313
09-22-21 04:20:47 - epoch 0 | global step 1600 | mode train | loss 1.0887 | accuracy 58.75 | mean_length 63.3438
09-22-21 04:22:32 - epoch 0 | global step 1610 | mode train | loss 1.0428 | accuracy 62.1875 | mean_length 63.0406
09-22-21 04:24:17 - epoch 0 | global step 1620 | mode train | loss 0.9844 | accuracy 64.6875 | mean_length 62.8
09-22-21 04:26:03 - epoch 0 | global step 1630 | mode train | loss 1.0557 | accuracy 59.0625 | mean_length 63.0281
09-22-21 04:27:49 - epoch 0 | global step 1640 | mode train | loss 0.9866 | accuracy 62.1875 | mean_length 62.4219
09-22-21 04:29:34 - epoch 0 | global step 1650 | mode train | loss 1.0003 | accuracy 63.75 | mean_length 62.4969
09-22-21 04:31:19 - epoch 0 | global step 1660 | mode train | loss 1.0188 | accuracy 60.9375 | mean_length 62.6812
09-22-21 04:33:04 - epoch 0 | global step 1670 | mode train | loss 1.0375 | accuracy 61.5625 | mean_length 62.4
09-22-21 04:34:50 - epoch 0 | global step 1680 | mode train | loss 1.0022 | accuracy 62.8125 | mean_length 62.45
09-22-21 04:36:35 - epoch 0 | global step 1690 | mode train | loss 0.9769 | accuracy 64.375 | mean_length 62.7437
09-22-21 04:38:20 - epoch 0 | global step 1700 | mode train | loss 0.9902 | accuracy 63.4375 | mean_length 63.1094
09-22-21 04:40:05 - epoch 0 | global step 1710 | mode train | loss 0.9801 | accuracy 64.375 | mean_length 63.2156
09-22-21 04:41:50 - epoch 0 | global step 1720 | mode train | loss 0.944 | accuracy 66.25 | mean_length 63.0531
09-22-21 04:43:35 - epoch 0 | global step 1730 | mode train | loss 0.8896 | accuracy 68.125 | mean_length 62.5844
09-22-21 04:45:21 - epoch 0 | global step 1740 | mode train | loss 0.8947 | accuracy 66.5625 | mean_length 62.7313
09-22-21 04:47:06 - epoch 0 | global step 1750 | mode train | loss 0.8879 | accuracy 66.5625 | mean_length 62.5031
09-22-21 04:48:51 - epoch 0 | global step 1760 | mode train | loss 0.9155 | accuracy 69.375 | mean_length 61.9188
09-22-21 04:50:36 - epoch 0 | global step 1770 | mode train | loss 0.8273 | accuracy 71.5625 | mean_length 62.4781
09-22-21 04:52:21 - epoch 0 | global step 1780 | mode train | loss 0.9375 | accuracy 64.6875 | mean_length 62.6
09-22-21 04:54:06 - epoch 0 | global step 1790 | mode train | loss 0.9252 | accuracy 65.625 | mean_length 62.1187
09-22-21 04:55:52 - epoch 0 | global step 1800 | mode train | loss 0.8959 | accuracy 65.9375 | mean_length 62.7344
09-22-21 04:57:37 - epoch 0 | global step 1810 | mode train | loss 0.9269 | accuracy 63.75 | mean_length 62.2531
09-22-21 04:59:22 - epoch 0 | global step 1820 | mode train | loss 0.8562 | accuracy 67.1875 | mean_length 61.8719
09-22-21 05:01:07 - epoch 0 | global step 1830 | mode train | loss 0.8418 | accuracy 70.0 | mean_length 62.3125
09-22-21 05:02:52 - epoch 0 | global step 1840 | mode train | loss 0.8675 | accuracy 66.5625 | mean_length 62.2875
09-22-21 05:04:37 - epoch 0 | global step 1850 | mode train | loss 0.8222 | accuracy 69.0625 | mean_length 61.6719
09-22-21 05:06:22 - epoch 0 | global step 1860 | mode train | loss 0.9013 | accuracy 65.625 | mean_length 62.2094
09-22-21 05:08:07 - epoch 0 | global step 1870 | mode train | loss 0.8562 | accuracy 68.125 | mean_length 62.1219
09-22-21 05:09:53 - epoch 0 | global step 1880 | mode train | loss 0.8046 | accuracy 73.4375 | mean_length 62.3719
09-22-21 05:11:38 - epoch 0 | global step 1890 | mode train | loss 0.7929 | accuracy 72.8125 | mean_length 61.0406
09-22-21 05:13:23 - epoch 0 | global step 1900 | mode train | loss 0.8679 | accuracy 67.5 | mean_length 60.4031
09-22-21 05:15:08 - epoch 0 | global step 1910 | mode train | loss 0.8628 | accuracy 63.125 | mean_length 60.0781
09-22-21 05:16:53 - epoch 0 | global step 1920 | mode train | loss 0.8974 | accuracy 68.125 | mean_length 60.2938
09-22-21 05:18:38 - epoch 0 | global step 1930 | mode train | loss 0.8503 | accuracy 67.8125 | mean_length 59.5969
09-22-21 05:20:24 - epoch 0 | global step 1940 | mode train | loss 0.8657 | accuracy 66.5625 | mean_length 60.7938
09-22-21 05:22:09 - epoch 0 | global step 1950 | mode train | loss 0.9098 | accuracy 68.4375 | mean_length 58.4969
09-22-21 05:23:54 - epoch 0 | global step 1960 | mode train | loss 0.8785 | accuracy 64.6875 | mean_length 60.4875
09-22-21 05:25:39 - epoch 0 | global step 1970 | mode train | loss 0.8001 | accuracy 69.0625 | mean_length 59.5375
09-22-21 05:27:24 - epoch 0 | global step 1980 | mode train | loss 0.8629 | accuracy 66.875 | mean_length 58.9625
09-22-21 05:29:10 - epoch 0 | global step 1990 | mode train | loss 0.7088 | accuracy 73.75 | mean_length 56.0531
09-22-21 05:30:55 - epoch 0 | global step 2000 | mode train | loss 0.793 | accuracy 70.625 | mean_length 56.8375
09-22-21 05:32:40 - epoch 0 | global step 2010 | mode train | loss 0.7247 | accuracy 74.6875 | mean_length 56.0844
09-22-21 05:34:25 - epoch 0 | global step 2020 | mode train | loss 0.7648 | accuracy 72.1875 | mean_length 56.6
09-22-21 05:36:10 - epoch 0 | global step 2030 | mode train | loss 0.7377 | accuracy 74.6875 | mean_length 59.0031
09-22-21 05:37:55 - epoch 0 | global step 2040 | mode train | loss 0.801 | accuracy 68.4375 | mean_length 60.6562
09-22-21 05:48:34 - epoch 0 | global step 2048 | mode validation | loss 0.7094 | accuracy 75.82 | mean_length 62.2604
09-22-21 05:48:34 - Saving model to Output/accGrad4_mbart_BTen+zh-captions_lr4.0e-6_7distractors_maxstep8192_seed43
Epoch: 0, Prediction Accuracy: 75.82, Saved to Path: Output/accGrad4_mbart_BTen+zh-captions_lr4.0e-6_7distractors_maxstep8192_seed43
09-22-21 05:49:04 - epoch 0 | global step 2050 | mode train | loss 0.6845 | accuracy 76.5625 | mean_length 61.1063
09-22-21 05:50:49 - epoch 0 | global step 2060 | mode train | loss 0.7797 | accuracy 71.5625 | mean_length 59.5156
09-22-21 05:52:34 - epoch 0 | global step 2070 | mode train | loss 0.7067 | accuracy 75.0 | mean_length 58.3375
09-22-21 05:54:19 - epoch 0 | global step 2080 | mode train | loss 0.7582 | accuracy 70.625 | mean_length 59.3438
09-22-21 05:56:04 - epoch 0 | global step 2090 | mode train | loss 0.6853 | accuracy 76.5625 | mean_length 58.4094
09-22-21 05:57:50 - epoch 0 | global step 2100 | mode train | loss 0.7698 | accuracy 73.75 | mean_length 59.0688
09-22-21 05:59:35 - epoch 0 | global step 2110 | mode train | loss 0.7709 | accuracy 73.4375 | mean_length 58.6156
09-22-21 06:01:20 - epoch 0 | global step 2120 | mode train | loss 0.701 | accuracy 74.6875 | mean_length 57.5438
09-22-21 06:03:06 - epoch 0 | global step 2130 | mode train | loss 0.7125 | accuracy 74.6875 | mean_length 58.2281
09-22-21 06:04:51 - epoch 0 | global step 2140 | mode train | loss 0.723 | accuracy 75.9375 | mean_length 58.1313
09-22-21 06:06:36 - epoch 0 | global step 2150 | mode train | loss 0.6463 | accuracy 75.9375 | mean_length 57.6
09-22-21 06:08:22 - epoch 0 | global step 2160 | mode train | loss 0.7059 | accuracy 74.6875 | mean_length 56.5281
09-22-21 06:10:07 - epoch 0 | global step 2170 | mode train | loss 0.6806 | accuracy 78.125 | mean_length 55.4813
09-22-21 06:11:52 - epoch 0 | global step 2180 | mode train | loss 0.7069 | accuracy 74.0625 | mean_length 53.3937
09-22-21 06:13:37 - epoch 0 | global step 2190 | mode train | loss 0.8551 | accuracy 64.6875 | mean_length 53.4719
09-22-21 06:15:22 - epoch 0 | global step 2200 | mode train | loss 0.7927 | accuracy 69.6875 | mean_length 49.2906
09-22-21 06:17:08 - epoch 0 | global step 2210 | mode train | loss 0.7509 | accuracy 72.8125 | mean_length 47.3219
09-22-21 06:18:53 - epoch 0 | global step 2220 | mode train | loss 0.7288 | accuracy 73.125 | mean_length 48.8188
09-22-21 06:20:38 - epoch 0 | global step 2230 | mode train | loss 0.7601 | accuracy 70.0 | mean_length 51.5844
09-22-21 06:22:24 - epoch 0 | global step 2240 | mode train | loss 0.6831 | accuracy 75.3125 | mean_length 50.2594
09-22-21 06:24:09 - epoch 0 | global step 2250 | mode train | loss 0.6266 | accuracy 79.0625 | mean_length 50.8719
09-22-21 06:25:54 - epoch 0 | global step 2260 | mode train | loss 0.7089 | accuracy 72.1875 | mean_length 52.3906
09-22-21 06:27:40 - epoch 0 | global step 2270 | mode train | loss 0.6668 | accuracy 79.375 | mean_length 52.1406
09-22-21 06:29:26 - epoch 0 | global step 2280 | mode train | loss 0.611 | accuracy 80.625 | mean_length 52.8344
09-22-21 06:31:10 - epoch 0 | global step 2290 | mode train | loss 0.5892 | accuracy 80.625 | mean_length 53.7313
09-22-21 06:32:55 - epoch 0 | global step 2300 | mode train | loss 0.5935 | accuracy 78.125 | mean_length 56.5344
09-22-21 06:34:41 - epoch 0 | global step 2310 | mode train | loss 0.6117 | accuracy 75.625 | mean_length 58.4344
09-22-21 06:36:26 - epoch 0 | global step 2320 | mode train | loss 0.6276 | accuracy 77.8125 | mean_length 57.9719
09-22-21 06:38:11 - epoch 0 | global step 2330 | mode train | loss 0.6131 | accuracy 78.75 | mean_length 58.5281
09-22-21 06:39:56 - epoch 0 | global step 2340 | mode train | loss 0.5689 | accuracy 81.25 | mean_length 56.8844
09-22-21 06:41:42 - epoch 0 | global step 2350 | mode train | loss 0.6749 | accuracy 77.1875 | mean_length 58.3937
09-22-21 06:43:27 - epoch 0 | global step 2360 | mode train | loss 0.6786 | accuracy 76.5625 | mean_length 58.9531
09-22-21 06:45:12 - epoch 0 | global step 2370 | mode train | loss 0.6068 | accuracy 79.0625 | mean_length 59.4656
09-22-21 06:46:57 - epoch 0 | global step 2380 | mode train | loss 0.6421 | accuracy 75.625 | mean_length 60.0594
09-22-21 06:48:42 - epoch 0 | global step 2390 | mode train | loss 0.6952 | accuracy 74.375 | mean_length 58.7563
09-22-21 06:50:28 - epoch 0 | global step 2400 | mode train | loss 0.5653 | accuracy 81.875 | mean_length 60.5906
09-22-21 06:52:13 - epoch 0 | global step 2410 | mode train | loss 0.5897 | accuracy 80.9375 | mean_length 60.85
09-22-21 06:53:58 - epoch 0 | global step 2420 | mode train | loss 0.5913 | accuracy 79.375 | mean_length 60.3125
09-22-21 06:55:43 - epoch 0 | global step 2430 | mode train | loss 0.5803 | accuracy 80.9375 | mean_length 61.0281
09-22-21 06:57:28 - epoch 0 | global step 2440 | mode train | loss 0.6146 | accuracy 78.4375 | mean_length 60.7
09-22-21 06:59:13 - epoch 0 | global step 2450 | mode train | loss 0.6229 | accuracy 77.8125 | mean_length 60.5594
09-22-21 07:00:59 - epoch 0 | global step 2460 | mode train | loss 0.5516 | accuracy 82.1875 | mean_length 60.5625
09-22-21 07:02:44 - epoch 0 | global step 2470 | mode train | loss 0.5556 | accuracy 80.0 | mean_length 59.175
09-22-21 07:04:29 - epoch 0 | global step 2480 | mode train | loss 0.5674 | accuracy 79.6875 | mean_length 58.4312
09-22-21 07:06:14 - epoch 0 | global step 2490 | mode train | loss 0.6362 | accuracy 78.75 | mean_length 57.5625
09-22-21 07:07:59 - epoch 0 | global step 2500 | mode train | loss 0.5446 | accuracy 84.6875 | mean_length 56.7188
09-22-21 07:09:44 - epoch 0 | global step 2510 | mode train | loss 0.5808 | accuracy 82.5 | mean_length 57.0688
09-22-21 07:11:29 - epoch 0 | global step 2520 | mode train | loss 0.5564 | accuracy 82.8125 | mean_length 57.4781
09-22-21 07:13:14 - epoch 0 | global step 2530 | mode train | loss 0.4936 | accuracy 84.0625 | mean_length 55.4094
09-22-21 07:14:59 - epoch 0 | global step 2540 | mode train | loss 0.5378 | accuracy 81.25 | mean_length 54.4219
09-22-21 07:16:44 - epoch 0 | global step 2550 | mode train | loss 0.5727 | accuracy 80.0 | mean_length 56.5875
09-22-21 07:18:30 - epoch 0 | global step 2560 | mode train | loss 0.5657 | accuracy 82.1875 | mean_length 55.6063
09-22-21 07:27:45 - epoch 0 | global step 2560 | mode validation | loss 0.5119 | accuracy 83.96 | mean_length 60.68
09-22-21 07:27:45 - Saving model to Output/accGrad4_mbart_BTen+zh-captions_lr4.0e-6_7distractors_maxstep8192_seed43
Epoch: 0, Prediction Accuracy: 83.96, Saved to Path: Output/accGrad4_mbart_BTen+zh-captions_lr4.0e-6_7distractors_maxstep8192_seed43
09-22-21 07:29:39 - epoch 0 | global step 2570 | mode train | loss 0.5521 | accuracy 82.5 | mean_length 56.7313
09-22-21 07:31:24 - epoch 0 | global step 2580 | mode train | loss 0.587 | accuracy 78.125 | mean_length 55.9969
09-22-21 07:33:09 - epoch 0 | global step 2590 | mode train | loss 0.5724 | accuracy 80.0 | mean_length 57.5312
09-22-21 07:34:54 - epoch 0 | global step 2600 | mode train | loss 0.5701 | accuracy 81.5625 | mean_length 57.9906
09-22-21 07:36:40 - epoch 0 | global step 2610 | mode train | loss 0.5336 | accuracy 79.375 | mean_length 57.4
09-22-21 07:38:25 - epoch 0 | global step 2620 | mode train | loss 0.4863 | accuracy 86.25 | mean_length 59.4469
09-22-21 07:40:10 - epoch 0 | global step 2630 | mode train | loss 0.6123 | accuracy 78.4375 | mean_length 59.8906
09-22-21 07:41:56 - epoch 0 | global step 2640 | mode train | loss 0.5818 | accuracy 77.8125 | mean_length 59.6406
09-22-21 07:43:41 - epoch 0 | global step 2650 | mode train | loss 0.581 | accuracy 79.6875 | mean_length 58.0594
09-22-21 07:45:26 - epoch 0 | global step 2660 | mode train | loss 0.4932 | accuracy 84.6875 | mean_length 57.7156
09-22-21 07:47:11 - epoch 0 | global step 2670 | mode train | loss 0.541 | accuracy 82.8125 | mean_length 57.3094
09-22-21 07:48:57 - epoch 0 | global step 2680 | mode train | loss 0.4976 | accuracy 83.125 | mean_length 54.3312
09-22-21 07:50:42 - epoch 0 | global step 2690 | mode train | loss 0.6195 | accuracy 76.5625 | mean_length 54.1219
09-22-21 07:52:27 - epoch 0 | global step 2700 | mode train | loss 0.6519 | accuracy 75.625 | mean_length 52.3656
09-22-21 07:54:13 - epoch 0 | global step 2710 | mode train | loss 0.5936 | accuracy 76.5625 | mean_length 55.4438
09-22-21 07:55:58 - epoch 0 | global step 2720 | mode train | loss 0.537 | accuracy 82.8125 | mean_length 55.5625
09-22-21 07:57:43 - epoch 0 | global step 2730 | mode train | loss 0.5927 | accuracy 80.3125 | mean_length 55.8188
09-22-21 07:59:28 - epoch 0 | global step 2740 | mode train | loss 0.555 | accuracy 79.6875 | mean_length 58.8969
09-22-21 08:01:14 - epoch 0 | global step 2750 | mode train | loss 0.5025 | accuracy 85.0 | mean_length 58.3875
09-22-21 08:02:59 - epoch 0 | global step 2760 | mode train | loss 0.4486 | accuracy 88.75 | mean_length 57.9406
09-22-21 08:04:44 - epoch 0 | global step 2770 | mode train | loss 0.5142 | accuracy 82.1875 | mean_length 57.4875
09-22-21 08:06:30 - epoch 0 | global step 2780 | mode train | loss 0.5141 | accuracy 80.9375 | mean_length 57.4438
09-22-21 08:08:15 - epoch 0 | global step 2790 | mode train | loss 0.4942 | accuracy 84.6875 | mean_length 57.9406
09-22-21 08:10:00 - epoch 0 | global step 2800 | mode train | loss 0.4482 | accuracy 83.4375 | mean_length 58.3375
09-22-21 08:11:45 - epoch 0 | global step 2810 | mode train | loss 0.4456 | accuracy 85.0 | mean_length 59.1313
09-22-21 08:13:30 - epoch 0 | global step 2820 | mode train | loss 0.5368 | accuracy 82.1875 | mean_length 57.9
09-22-21 08:15:15 - epoch 0 | global step 2830 | mode train | loss 0.4255 | accuracy 86.25 | mean_length 54.55
09-22-21 08:17:00 - epoch 0 | global step 2840 | mode train | loss 0.4995 | accuracy 83.75 | mean_length 55.1875
09-22-21 08:18:46 - epoch 0 | global step 2850 | mode train | loss 0.5256 | accuracy 83.75 | mean_length 56.5
09-22-21 08:20:31 - epoch 0 | global step 2860 | mode train | loss 0.4806 | accuracy 84.0625 | mean_length 56.0719
09-22-21 08:22:16 - epoch 0 | global step 2870 | mode train | loss 0.4616 | accuracy 85.0 | mean_length 58.0344
09-22-21 08:24:01 - epoch 0 | global step 2880 | mode train | loss 0.5 | accuracy 82.5 | mean_length 57.2
09-22-21 08:25:46 - epoch 0 | global step 2890 | mode train | loss 0.4588 | accuracy 85.0 | mean_length 57.0719
09-22-21 08:27:31 - epoch 0 | global step 2900 | mode train | loss 0.5058 | accuracy 82.5 | mean_length 56.0781
09-22-21 08:29:17 - epoch 0 | global step 2910 | mode train | loss 0.5276 | accuracy 79.6875 | mean_length 53.525
09-22-21 08:31:02 - epoch 0 | global step 2920 | mode train | loss 0.4403 | accuracy 85.9375 | mean_length 55.1938
09-22-21 08:32:47 - epoch 0 | global step 2930 | mode train | loss 0.7508 | accuracy 73.75 | mean_length 58.4781
09-22-21 08:34:33 - epoch 0 | global step 2940 | mode train | loss 1.4367 | accuracy 45.3125 | mean_length 62.4562
09-22-21 08:36:18 - epoch 0 | global step 2950 | mode train | loss 2.24 | accuracy 14.6875 | mean_length 63.75
09-22-21 08:38:03 - epoch 0 | global step 2960 | mode train | loss 2.1516 | accuracy 12.5 | mean_length 64
09-22-21 08:39:48 - epoch 0 | global step 2970 | mode train | loss 2.1647 | accuracy 11.5625 | mean_length 64
09-22-21 08:41:33 - epoch 0 | global step 2980 | mode train | loss 2.0494 | accuracy 17.5 | mean_length 64
09-22-21 08:43:18 - epoch 0 | global step 2990 | mode train | loss 2.089 | accuracy 14.375 | mean_length 63.8719
09-22-21 08:45:03 - epoch 0 | global step 3000 | mode train | loss 2.1039 | accuracy 11.875 | mean_length 64
09-22-21 08:46:48 - epoch 0 | global step 3010 | mode train | loss 2.1165 | accuracy 9.375 | mean_length 64
09-22-21 08:48:33 - epoch 0 | global step 3020 | mode train | loss 2.1005 | accuracy 12.5 | mean_length 64
09-22-21 08:50:18 - epoch 0 | global step 3030 | mode train | loss 2.0848 | accuracy 12.5 | mean_length 64
09-22-21 08:52:03 - epoch 0 | global step 3040 | mode train | loss 2.1086 | accuracy 12.5 | mean_length 64
09-22-21 08:53:48 - epoch 0 | global step 3050 | mode train | loss 2.0798 | accuracy 14.375 | mean_length 64
09-22-21 08:55:33 - epoch 0 | global step 3060 | mode train | loss 2.0956 | accuracy 12.1875 | mean_length 64
09-22-21 08:57:18 - epoch 0 | global step 3070 | mode train | loss 2.0779 | accuracy 14.6875 | mean_length 64
09-22-21 09:06:52 - epoch 0 | global step 3072 | mode validation | loss 2.0832 | accuracy 14.06 | mean_length 64
09-22-21 09:08:15 - epoch 0 | global step 3080 | mode train | loss 2.1107 | accuracy 13.4375 | mean_length 64
09-22-21 09:10:00 - epoch 0 | global step 3090 | mode train | loss 2.0796 | accuracy 12.8125 | mean_length 64
09-22-21 09:11:45 - epoch 0 | global step 3100 | mode train | loss 2.0898 | accuracy 13.4375 | mean_length 64
09-22-21 09:13:30 - epoch 0 | global step 3110 | mode train | loss 2.0922 | accuracy 7.8125 | mean_length 64
09-22-21 09:15:16 - epoch 0 | global step 3120 | mode train | loss 2.0734 | accuracy 14.375 | mean_length 64
09-22-21 09:17:02 - epoch 0 | global step 3130 | mode train | loss 2.1184 | accuracy 13.4375 | mean_length 64
09-22-21 09:18:47 - epoch 0 | global step 3140 | mode train | loss 2.0992 | accuracy 10.3125 | mean_length 64
09-22-21 09:20:32 - epoch 0 | global step 3150 | mode train | loss 2.086 | accuracy 15.0 | mean_length 64
09-22-21 09:22:17 - epoch 0 | global step 3160 | mode train | loss 2.094 | accuracy 12.8125 | mean_length 64
09-22-21 09:24:02 - epoch 0 | global step 3170 | mode train | loss 2.0953 | accuracy 15.3125 | mean_length 64
09-22-21 09:25:47 - epoch 0 | global step 3180 | mode train | loss 2.0909 | accuracy 14.6875 | mean_length 64
09-22-21 09:27:32 - epoch 0 | global step 3190 | mode train | loss 2.08 | accuracy 16.25 | mean_length 64
09-22-21 09:29:18 - epoch 0 | global step 3200 | mode train | loss 2.0916 | accuracy 9.375 | mean_length 64
09-22-21 09:31:03 - epoch 0 | global step 3210 | mode train | loss 2.0816 | accuracy 13.125 | mean_length 64
09-22-21 09:32:48 - epoch 0 | global step 3220 | mode train | loss 2.0784 | accuracy 15.9375 | mean_length 64
09-22-21 09:34:33 - epoch 1 | global step 3230 | mode train | loss 2.0753 | accuracy 13.4375 | mean_length 64
09-22-21 09:36:18 - epoch 1 | global step 3240 | mode train | loss 2.0713 | accuracy 15.625 | mean_length 64
09-22-21 09:38:03 - epoch 1 | global step 3250 | mode train | loss 2.0752 | accuracy 15.625 | mean_length 64
09-22-21 09:39:48 - epoch 1 | global step 3260 | mode train | loss 2.0741 | accuracy 13.125 | mean_length 64
09-22-21 09:41:33 - epoch 1 | global step 3270 | mode train | loss 2.0869 | accuracy 15.0 | mean_length 64
09-22-21 09:43:19 - epoch 1 | global step 3280 | mode train | loss 2.0582 | accuracy 15.3125 | mean_length 64
09-22-21 09:45:04 - epoch 1 | global step 3290 | mode train | loss 2.0705 | accuracy 16.875 | mean_length 64
09-22-21 09:46:49 - epoch 1 | global step 3300 | mode train | loss 2.0668 | accuracy 15.3125 | mean_length 64
09-22-21 09:48:34 - epoch 1 | global step 3310 | mode train | loss 2.0677 | accuracy 12.1875 | mean_length 64
09-22-21 09:50:19 - epoch 1 | global step 3320 | mode train | loss 2.0699 | accuracy 12.1875 | mean_length 64
09-22-21 09:52:04 - epoch 1 | global step 3330 | mode train | loss 2.055 | accuracy 16.875 | mean_length 64
09-22-21 09:53:49 - epoch 1 | global step 3340 | mode train | loss 2.039 | accuracy 18.4375 | mean_length 64
09-22-21 09:55:34 - epoch 1 | global step 3350 | mode train | loss 2.0531 | accuracy 15.9375 | mean_length 64
09-22-21 09:57:19 - epoch 1 | global step 3360 | mode train | loss 2.0023 | accuracy 20.9375 | mean_length 64
09-22-21 09:59:04 - epoch 1 | global step 3370 | mode train | loss 2.0364 | accuracy 18.4375 | mean_length 64
09-22-21 10:00:49 - epoch 1 | global step 3380 | mode train | loss 1.9644 | accuracy 23.125 | mean_length 64
09-22-21 10:02:34 - epoch 1 | global step 3390 | mode train | loss 1.9775 | accuracy 23.75 | mean_length 64
09-22-21 10:04:19 - epoch 1 | global step 3400 | mode train | loss 1.9724 | accuracy 18.4375 | mean_length 64
09-22-21 10:06:05 - epoch 1 | global step 3410 | mode train | loss 1.9364 | accuracy 22.5 | mean_length 64
09-22-21 10:07:50 - epoch 1 | global step 3420 | mode train | loss 1.8633 | accuracy 26.25 | mean_length 64
09-22-21 10:09:35 - epoch 1 | global step 3430 | mode train | loss 1.8861 | accuracy 23.4375 | mean_length 64
09-22-21 10:11:20 - epoch 1 | global step 3440 | mode train | loss 1.8237 | accuracy 29.375 | mean_length 64
09-22-21 10:13:05 - epoch 1 | global step 3450 | mode train | loss 1.8263 | accuracy 30.0 | mean_length 64
09-22-21 10:14:50 - epoch 1 | global step 3460 | mode train | loss 1.7873 | accuracy 27.8125 | mean_length 64
09-22-21 10:16:35 - epoch 1 | global step 3470 | mode train | loss 1.768 | accuracy 29.6875 | mean_length 64
09-22-21 10:18:20 - epoch 1 | global step 3480 | mode train | loss 1.708 | accuracy 31.5625 | mean_length 64
09-22-21 10:20:05 - epoch 1 | global step 3490 | mode train | loss 1.642 | accuracy 36.875 | mean_length 64
09-22-21 10:21:50 - epoch 1 | global step 3500 | mode train | loss 1.6756 | accuracy 30.625 | mean_length 64
09-22-21 10:23:35 - epoch 1 | global step 3510 | mode train | loss 1.7805 | accuracy 27.1875 | mean_length 64
09-22-21 10:25:20 - epoch 1 | global step 3520 | mode train | loss 1.7418 | accuracy 31.875 | mean_length 64
09-22-21 10:27:05 - epoch 1 | global step 3530 | mode train | loss 1.7175 | accuracy 32.1875 | mean_length 64
09-22-21 10:28:50 - epoch 1 | global step 3540 | mode train | loss 1.6035 | accuracy 31.5625 | mean_length 64
09-22-21 10:30:35 - epoch 1 | global step 3550 | mode train | loss 1.6377 | accuracy 30.9375 | mean_length 64
09-22-21 10:32:20 - epoch 1 | global step 3560 | mode train | loss 1.6544 | accuracy 34.375 | mean_length 64
09-22-21 10:34:05 - epoch 1 | global step 3570 | mode train | loss 1.5939 | accuracy 35.625 | mean_length 64
09-22-21 10:35:50 - epoch 1 | global step 3580 | mode train | loss 1.5629 | accuracy 38.75 | mean_length 64
09-22-21 10:45:45 - epoch 1 | global step 3584 | mode validation | loss 1.4496 | accuracy 43.66 | mean_length 64
09-22-21 10:46:48 - epoch 1 | global step 3590 | mode train | loss 1.6417 | accuracy 39.0625 | mean_length 64
09-22-21 10:48:32 - epoch 1 | global step 3600 | mode train | loss 1.6019 | accuracy 37.8125 | mean_length 64
09-22-21 10:50:17 - epoch 1 | global step 3610 | mode train | loss 1.4329 | accuracy 45.625 | mean_length 64
09-22-21 10:52:02 - epoch 1 | global step 3620 | mode train | loss 1.3274 | accuracy 49.6875 | mean_length 64
09-22-21 10:53:47 - epoch 1 | global step 3630 | mode train | loss 1.3305 | accuracy 51.5625 | mean_length 64
09-22-21 10:55:32 - epoch 1 | global step 3640 | mode train | loss 1.3687 | accuracy 45.625 | mean_length 64
09-22-21 10:57:17 - epoch 1 | global step 3650 | mode train | loss 1.2796 | accuracy 50.9375 | mean_length 64
09-22-21 10:59:02 - epoch 1 | global step 3660 | mode train | loss 1.296 | accuracy 47.8125 | mean_length 64
09-22-21 11:00:47 - epoch 1 | global step 3670 | mode train | loss 1.2459 | accuracy 50.9375 | mean_length 64
09-22-21 11:02:32 - epoch 1 | global step 3680 | mode train | loss 1.268 | accuracy 50.3125 | mean_length 64
09-22-21 11:04:17 - epoch 1 | global step 3690 | mode train | loss 1.1768 | accuracy 50.625 | mean_length 63.8969
09-22-21 11:06:02 - epoch 1 | global step 3700 | mode train | loss 1.2555 | accuracy 50.625 | mean_length 63.9125
09-22-21 11:07:47 - epoch 1 | global step 3710 | mode train | loss 1.2093 | accuracy 51.875 | mean_length 64
09-22-21 11:09:32 - epoch 1 | global step 3720 | mode train | loss 1.1139 | accuracy 55.0 | mean_length 64
09-22-21 11:11:17 - epoch 1 | global step 3730 | mode train | loss 1.2004 | accuracy 53.75 | mean_length 64
09-22-21 11:13:02 - epoch 1 | global step 3740 | mode train | loss 1.2641 | accuracy 51.25 | mean_length 64
09-22-21 11:14:47 - epoch 1 | global step 3750 | mode train | loss 1.2321 | accuracy 52.8125 | mean_length 64
09-22-21 11:16:32 - epoch 1 | global step 3760 | mode train | loss 1.1753 | accuracy 52.8125 | mean_length 63.9594
09-22-21 11:18:17 - epoch 1 | global step 3770 | mode train | loss 1.1646 | accuracy 49.0625 | mean_length 63.9344
09-22-21 11:20:02 - epoch 1 | global step 3780 | mode train | loss 1.3848 | accuracy 48.4375 | mean_length 64
09-22-21 11:21:47 - epoch 1 | global step 3790 | mode train | loss 1.2063 | accuracy 51.25 | mean_length 63.95
09-22-21 11:23:31 - epoch 1 | global step 3800 | mode train | loss 1.1823 | accuracy 54.0625 | mean_length 63.9719
09-22-21 11:25:16 - epoch 1 | global step 3810 | mode train | loss 1.1078 | accuracy 54.6875 | mean_length 64
09-22-21 11:27:01 - epoch 1 | global step 3820 | mode train | loss 1.1632 | accuracy 49.6875 | mean_length 63.9406
09-22-21 11:28:46 - epoch 1 | global step 3830 | mode train | loss 1.0879 | accuracy 56.5625 | mean_length 63.9781
09-22-21 11:30:32 - epoch 1 | global step 3840 | mode train | loss 1.1443 | accuracy 54.0625 | mean_length 63.8719
09-22-21 11:32:17 - epoch 1 | global step 3850 | mode train | loss 1.1927 | accuracy 54.375 | mean_length 64
09-22-21 11:34:02 - epoch 1 | global step 3860 | mode train | loss 1.1241 | accuracy 52.8125 | mean_length 64
09-22-21 11:35:47 - epoch 1 | global step 3870 | mode train | loss 1.1349 | accuracy 55.0 | mean_length 63.9562
09-22-21 11:37:32 - epoch 1 | global step 3880 | mode train | loss 1.124 | accuracy 52.8125 | mean_length 64
09-22-21 11:39:16 - epoch 1 | global step 3890 | mode train | loss 1.1223 | accuracy 55.9375 | mean_length 64
09-22-21 11:41:01 - epoch 1 | global step 3900 | mode train | loss 1.0783 | accuracy 57.1875 | mean_length 64
09-22-21 11:42:46 - epoch 1 | global step 3910 | mode train | loss 1.0741 | accuracy 59.375 | mean_length 63.9281
09-22-21 11:44:31 - epoch 1 | global step 3920 | mode train | loss 1.0827 | accuracy 56.875 | mean_length 64
09-22-21 11:46:16 - epoch 1 | global step 3930 | mode train | loss 1.0253 | accuracy 60.3125 | mean_length 64
09-22-21 11:48:01 - epoch 1 | global step 3940 | mode train | loss 1.117 | accuracy 55.0 | mean_length 64
09-22-21 11:49:46 - epoch 1 | global step 3950 | mode train | loss 1.1031 | accuracy 59.0625 | mean_length 64
09-22-21 11:51:31 - epoch 1 | global step 3960 | mode train | loss 1.1336 | accuracy 51.875 | mean_length 64
09-22-21 11:53:16 - epoch 1 | global step 3970 | mode train | loss 1.0715 | accuracy 55.625 | mean_length 64
09-22-21 11:55:01 - epoch 1 | global step 3980 | mode train | loss 1.0957 | accuracy 56.25 | mean_length 64
09-22-21 11:56:46 - epoch 1 | global step 3990 | mode train | loss 1.0582 | accuracy 59.6875 | mean_length 64
09-22-21 11:58:31 - epoch 1 | global step 4000 | mode train | loss 1.1337 | accuracy 54.0625 | mean_length 64
09-22-21 12:00:15 - epoch 1 | global step 4010 | mode train | loss 1.0081 | accuracy 60.625 | mean_length 64
09-22-21 12:02:00 - epoch 1 | global step 4020 | mode train | loss 1.0033 | accuracy 62.1875 | mean_length 64
09-22-21 12:03:45 - epoch 1 | global step 4030 | mode train | loss 0.9837 | accuracy 61.5625 | mean_length 64
09-22-21 12:05:30 - epoch 1 | global step 4040 | mode train | loss 0.9812 | accuracy 62.8125 | mean_length 64
09-22-21 12:07:15 - epoch 1 | global step 4050 | mode train | loss 1.0635 | accuracy 58.4375 | mean_length 64
09-22-21 12:09:00 - epoch 1 | global step 4060 | mode train | loss 1.0521 | accuracy 58.75 | mean_length 64
09-22-21 12:10:45 - epoch 1 | global step 4070 | mode train | loss 0.9743 | accuracy 64.375 | mean_length 64
09-22-21 12:12:30 - epoch 1 | global step 4080 | mode train | loss 1.0178 | accuracy 60.0 | mean_length 63.8937
09-22-21 12:14:15 - epoch 1 | global step 4090 | mode train | loss 1.1244 | accuracy 57.1875 | mean_length 64
09-22-21 12:24:30 - epoch 1 | global step 4096 | mode validation | loss 1.0022 | accuracy 59.7 | mean_length 64
09-22-21 12:25:12 - epoch 1 | global step 4100 | mode train | loss 1.1339 | accuracy 53.75 | mean_length 64
09-22-21 12:26:57 - epoch 1 | global step 4110 | mode train | loss 0.99 | accuracy 62.1875 | mean_length 64
09-22-21 12:28:41 - epoch 1 | global step 4120 | mode train | loss 1.0602 | accuracy 57.5 | mean_length 64
09-22-21 12:30:26 - epoch 1 | global step 4130 | mode train | loss 1.0003 | accuracy 60.3125 | mean_length 64
09-22-21 12:32:12 - epoch 1 | global step 4140 | mode train | loss 1.0186 | accuracy 57.8125 | mean_length 64
09-22-21 12:33:57 - epoch 1 | global step 4150 | mode train | loss 0.9838 | accuracy 63.4375 | mean_length 64
09-22-21 12:35:42 - epoch 1 | global step 4160 | mode train | loss 1.0058 | accuracy 57.8125 | mean_length 64
09-22-21 12:37:27 - epoch 1 | global step 4170 | mode train | loss 0.9465 | accuracy 62.1875 | mean_length 64
09-22-21 12:39:12 - epoch 1 | global step 4180 | mode train | loss 0.9373 | accuracy 63.75 | mean_length 63.9156
09-22-21 12:40:57 - epoch 1 | global step 4190 | mode train | loss 1.0228 | accuracy 60.625 | mean_length 64
09-22-21 12:42:41 - epoch 1 | global step 4200 | mode train | loss 0.9349 | accuracy 65.0 | mean_length 64
09-22-21 12:44:26 - epoch 1 | global step 4210 | mode train | loss 1.0493 | accuracy 58.75 | mean_length 64
09-22-21 12:46:11 - epoch 1 | global step 4220 | mode train | loss 1.0043 | accuracy 65.0 | mean_length 64
09-22-21 12:47:56 - epoch 1 | global step 4230 | mode train | loss 0.9425 | accuracy 63.4375 | mean_length 64
09-22-21 12:49:41 - epoch 1 | global step 4240 | mode train | loss 1.0374 | accuracy 58.125 | mean_length 64
09-22-21 12:51:26 - epoch 1 | global step 4250 | mode train | loss 1.0111 | accuracy 58.4375 | mean_length 64
09-22-21 12:53:11 - epoch 1 | global step 4260 | mode train | loss 0.9586 | accuracy 63.75 | mean_length 64
09-22-21 12:54:56 - epoch 1 | global step 4270 | mode train | loss 0.9818 | accuracy 59.6875 | mean_length 64
09-22-21 12:56:41 - epoch 1 | global step 4280 | mode train | loss 0.9612 | accuracy 63.75 | mean_length 64
09-22-21 12:58:26 - epoch 1 | global step 4290 | mode train | loss 1.0074 | accuracy 57.8125 | mean_length 64
09-22-21 13:00:11 - epoch 1 | global step 4300 | mode train | loss 1.0177 | accuracy 57.1875 | mean_length 64
09-22-21 13:01:56 - epoch 1 | global step 4310 | mode train | loss 1.015 | accuracy 57.5 | mean_length 64
09-22-21 13:03:41 - epoch 1 | global step 4320 | mode train | loss 1.0307 | accuracy 58.75 | mean_length 64
09-22-21 13:05:26 - epoch 1 | global step 4330 | mode train | loss 0.9937 | accuracy 62.5 | mean_length 64
09-22-21 13:07:11 - epoch 1 | global step 4340 | mode train | loss 1.0192 | accuracy 59.6875 | mean_length 64
09-22-21 13:08:56 - epoch 1 | global step 4350 | mode train | loss 0.9834 | accuracy 63.75 | mean_length 64
09-22-21 13:10:41 - epoch 1 | global step 4360 | mode train | loss 0.9316 | accuracy 63.4375 | mean_length 64
09-22-21 13:12:26 - epoch 1 | global step 4370 | mode train | loss 0.9258 | accuracy 63.4375 | mean_length 64
09-22-21 13:14:11 - epoch 1 | global step 4380 | mode train | loss 1.008 | accuracy 59.6875 | mean_length 63.8469
09-22-21 13:15:56 - epoch 1 | global step 4390 | mode train | loss 1.0722 | accuracy 58.125 | mean_length 64
09-22-21 13:17:41 - epoch 1 | global step 4400 | mode train | loss 0.9653 | accuracy 63.125 | mean_length 64
09-22-21 13:19:26 - epoch 1 | global step 4410 | mode train | loss 0.9369 | accuracy 62.8125 | mean_length 64
09-22-21 13:21:11 - epoch 1 | global step 4420 | mode train | loss 0.9398 | accuracy 62.5 | mean_length 64
09-22-21 13:22:56 - epoch 1 | global step 4430 | mode train | loss 0.9383 | accuracy 62.5 | mean_length 64
09-22-21 13:24:41 - epoch 1 | global step 4440 | mode train | loss 0.8474 | accuracy 67.8125 | mean_length 64
09-22-21 13:26:26 - epoch 1 | global step 4450 | mode train | loss 0.955 | accuracy 63.4375 | mean_length 64
09-22-21 13:28:11 - epoch 1 | global step 4460 | mode train | loss 0.941 | accuracy 61.25 | mean_length 64
09-22-21 13:29:56 - epoch 1 | global step 4470 | mode train | loss 0.8653 | accuracy 66.25 | mean_length 64
09-22-21 13:31:41 - epoch 1 | global step 4480 | mode train | loss 1.0173 | accuracy 59.375 | mean_length 64
09-22-21 13:33:26 - epoch 1 | global step 4490 | mode train | loss 0.9469 | accuracy 62.5 | mean_length 64
09-22-21 13:35:11 - epoch 1 | global step 4500 | mode train | loss 0.9862 | accuracy 58.4375 | mean_length 64
09-22-21 13:36:56 - epoch 1 | global step 4510 | mode train | loss 1.0272 | accuracy 60.625 | mean_length 64
09-22-21 13:38:41 - epoch 1 | global step 4520 | mode train | loss 0.9428 | accuracy 63.125 | mean_length 64
09-22-21 13:40:26 - epoch 1 | global step 4530 | mode train | loss 0.8841 | accuracy 65.3125 | mean_length 64
09-22-21 13:42:11 - epoch 1 | global step 4540 | mode train | loss 1.043 | accuracy 60.3125 | mean_length 64
09-22-21 13:43:56 - epoch 1 | global step 4550 | mode train | loss 0.9066 | accuracy 63.125 | mean_length 63.9969
09-22-21 13:45:41 - epoch 1 | global step 4560 | mode train | loss 0.9103 | accuracy 64.375 | mean_length 64
09-22-21 13:47:26 - epoch 1 | global step 4570 | mode train | loss 0.8827 | accuracy 65.9375 | mean_length 64
09-22-21 13:49:11 - epoch 1 | global step 4580 | mode train | loss 0.8797 | accuracy 64.375 | mean_length 64
09-22-21 13:50:56 - epoch 1 | global step 4590 | mode train | loss 0.8453 | accuracy 69.0625 | mean_length 63.9594
09-22-21 13:52:41 - epoch 1 | global step 4600 | mode train | loss 0.9198 | accuracy 64.375 | mean_length 64
09-22-21 14:03:18 - epoch 1 | global step 4608 | mode validation | loss 0.8883 | accuracy 66.3 | mean_length 64
09-22-21 14:03:39 - epoch 1 | global step 4610 | mode train | loss 0.8896 | accuracy 65.0 | mean_length 64
09-22-21 14:05:23 - epoch 1 | global step 4620 | mode train | loss 0.9543 | accuracy 64.375 | mean_length 64
09-22-21 14:07:08 - epoch 1 | global step 4630 | mode train | loss 0.9789 | accuracy 61.5625 | mean_length 63.9562
09-22-21 14:08:53 - epoch 1 | global step 4640 | mode train | loss 0.9671 | accuracy 61.875 | mean_length 64
09-22-21 14:10:38 - epoch 1 | global step 4650 | mode train | loss 0.9239 | accuracy 61.25 | mean_length 64
09-22-21 14:12:23 - epoch 1 | global step 4660 | mode train | loss 0.8966 | accuracy 64.375 | mean_length 64
09-22-21 14:14:08 - epoch 1 | global step 4670 | mode train | loss 0.8938 | accuracy 64.375 | mean_length 64
09-22-21 14:15:53 - epoch 1 | global step 4680 | mode train | loss 0.8781 | accuracy 63.75 | mean_length 64
09-22-21 14:17:38 - epoch 1 | global step 4690 | mode train | loss 0.93 | accuracy 62.5 | mean_length 64
09-22-21 14:19:23 - epoch 1 | global step 4700 | mode train | loss 0.8878 | accuracy 66.25 | mean_length 64
09-22-21 14:21:08 - epoch 1 | global step 4710 | mode train | loss 0.8332 | accuracy 67.1875 | mean_length 64
09-22-21 14:22:53 - epoch 1 | global step 4720 | mode train | loss 0.9223 | accuracy 64.6875 | mean_length 64
09-22-21 14:24:38 - epoch 1 | global step 4730 | mode train | loss 0.8981 | accuracy 63.4375 | mean_length 64
09-22-21 14:26:23 - epoch 1 | global step 4740 | mode train | loss 0.8687 | accuracy 66.875 | mean_length 64
09-22-21 14:28:08 - epoch 1 | global step 4750 | mode train | loss 0.8346 | accuracy 67.1875 | mean_length 64
09-22-21 14:29:53 - epoch 1 | global step 4760 | mode train | loss 0.8518 | accuracy 67.5 | mean_length 64
09-22-21 14:31:39 - epoch 1 | global step 4770 | mode train | loss 0.9284 | accuracy 62.1875 | mean_length 64
09-22-21 14:33:24 - epoch 1 | global step 4780 | mode train | loss 0.9332 | accuracy 62.1875 | mean_length 64
09-22-21 14:35:09 - epoch 1 | global step 4790 | mode train | loss 0.9446 | accuracy 62.8125 | mean_length 64
09-22-21 14:36:54 - epoch 1 | global step 4800 | mode train | loss 0.9891 | accuracy 59.6875 | mean_length 64
09-22-21 14:38:39 - epoch 1 | global step 4810 | mode train | loss 0.8423 | accuracy 67.8125 | mean_length 64
09-22-21 14:40:24 - epoch 1 | global step 4820 | mode train | loss 0.9219 | accuracy 62.5 | mean_length 64
09-22-21 14:42:09 - epoch 1 | global step 4830 | mode train | loss 0.8888 | accuracy 64.375 | mean_length 64
09-22-21 14:43:54 - epoch 1 | global step 4840 | mode train | loss 0.9507 | accuracy 63.125 | mean_length 64
09-22-21 14:45:39 - epoch 1 | global step 4850 | mode train | loss 0.8818 | accuracy 66.25 | mean_length 64
09-22-21 14:47:23 - epoch 1 | global step 4860 | mode train | loss 0.8749 | accuracy 70.625 | mean_length 64
09-22-21 14:49:08 - epoch 1 | global step 4870 | mode train | loss 0.906 | accuracy 65.625 | mean_length 64
09-22-21 14:50:54 - epoch 1 | global step 4880 | mode train | loss 0.9152 | accuracy 62.1875 | mean_length 64
09-22-21 14:52:38 - epoch 1 | global step 4890 | mode train | loss 0.9497 | accuracy 63.125 | mean_length 64
09-22-21 14:54:23 - epoch 1 | global step 4900 | mode train | loss 0.8568 | accuracy 66.875 | mean_length 64
09-22-21 14:56:08 - epoch 1 | global step 4910 | mode train | loss 0.9101 | accuracy 63.125 | mean_length 64
09-22-21 14:57:53 - epoch 1 | global step 4920 | mode train | loss 0.8616 | accuracy 65.3125 | mean_length 64
09-22-21 14:59:39 - epoch 1 | global step 4930 | mode train | loss 0.8872 | accuracy 65.625 | mean_length 64
09-22-21 15:01:23 - epoch 1 | global step 4940 | mode train | loss 0.9217 | accuracy 62.1875 | mean_length 64
09-22-21 15:03:08 - epoch 1 | global step 4950 | mode train | loss 0.8349 | accuracy 66.5625 | mean_length 64
09-22-21 15:04:53 - epoch 1 | global step 4960 | mode train | loss 0.8648 | accuracy 68.125 | mean_length 64
09-22-21 15:06:38 - epoch 1 | global step 4970 | mode train | loss 0.8621 | accuracy 65.0 | mean_length 64
09-22-21 15:08:23 - epoch 1 | global step 4980 | mode train | loss 0.9146 | accuracy 63.4375 | mean_length 64
09-22-21 15:10:08 - epoch 1 | global step 4990 | mode train | loss 0.8517 | accuracy 69.375 | mean_length 64
09-22-21 15:11:53 - epoch 1 | global step 5000 | mode train | loss 0.8797 | accuracy 66.25 | mean_length 64
09-22-21 15:13:38 - epoch 1 | global step 5010 | mode train | loss 0.866 | accuracy 67.1875 | mean_length 64
09-22-21 15:15:23 - epoch 1 | global step 5020 | mode train | loss 0.9172 | accuracy 62.1875 | mean_length 64
09-22-21 15:17:08 - epoch 1 | global step 5030 | mode train | loss 0.7819 | accuracy 72.5 | mean_length 64
09-22-21 15:18:54 - epoch 1 | global step 5040 | mode train | loss 0.8563 | accuracy 69.0625 | mean_length 64
09-22-21 15:20:39 - epoch 1 | global step 5050 | mode train | loss 0.81 | accuracy 71.25 | mean_length 64
09-22-21 15:22:24 - epoch 1 | global step 5060 | mode train | loss 0.9287 | accuracy 65.625 | mean_length 64
09-22-21 15:24:09 - epoch 1 | global step 5070 | mode train | loss 0.8614 | accuracy 68.125 | mean_length 64
09-22-21 15:25:55 - epoch 1 | global step 5080 | mode train | loss 0.8771 | accuracy 65.0 | mean_length 64
09-22-21 15:27:40 - epoch 1 | global step 5090 | mode train | loss 0.8512 | accuracy 67.1875 | mean_length 64
09-22-21 15:29:25 - epoch 1 | global step 5100 | mode train | loss 0.7811 | accuracy 69.375 | mean_length 64
09-22-21 15:31:10 - epoch 1 | global step 5110 | mode train | loss 0.8834 | accuracy 67.5 | mean_length 64
09-22-21 15:32:55 - epoch 1 | global step 5120 | mode train | loss 0.7933 | accuracy 70.9375 | mean_length 64
09-22-21 15:42:08 - epoch 1 | global step 5120 | mode validation | loss 0.9217 | accuracy 64.94 | mean_length 64
09-22-21 15:43:53 - epoch 1 | global step 5130 | mode train | loss 0.8236 | accuracy 64.375 | mean_length 64
09-22-21 15:45:38 - epoch 1 | global step 5140 | mode train | loss 0.8957 | accuracy 67.5 | mean_length 64
09-22-21 15:47:23 - epoch 1 | global step 5150 | mode train | loss 0.7989 | accuracy 72.5 | mean_length 64
09-22-21 15:49:08 - epoch 1 | global step 5160 | mode train | loss 0.8529 | accuracy 65.625 | mean_length 64
09-22-21 15:50:53 - epoch 1 | global step 5170 | mode train | loss 0.8087 | accuracy 69.0625 | mean_length 64
09-22-21 15:52:38 - epoch 1 | global step 5180 | mode train | loss 0.8184 | accuracy 65.625 | mean_length 64
09-22-21 15:54:23 - epoch 1 | global step 5190 | mode train | loss 0.8667 | accuracy 66.25 | mean_length 64
09-22-21 15:56:08 - epoch 1 | global step 5200 | mode train | loss 0.766 | accuracy 73.4375 | mean_length 64
09-22-21 15:57:54 - epoch 1 | global step 5210 | mode train | loss 0.8333 | accuracy 64.6875 | mean_length 64
09-22-21 15:59:39 - epoch 1 | global step 5220 | mode train | loss 0.8531 | accuracy 69.375 | mean_length 64
09-22-21 16:01:24 - epoch 1 | global step 5230 | mode train | loss 0.7865 | accuracy 69.375 | mean_length 64
09-22-21 16:03:09 - epoch 1 | global step 5240 | mode train | loss 0.8822 | accuracy 63.125 | mean_length 64
09-22-21 16:04:54 - epoch 1 | global step 5250 | mode train | loss 0.9517 | accuracy 58.125 | mean_length 64
09-22-21 16:06:39 - epoch 1 | global step 5260 | mode train | loss 0.8725 | accuracy 65.3125 | mean_length 64
09-22-21 16:08:24 - epoch 1 | global step 5270 | mode train | loss 0.8417 | accuracy 66.25 | mean_length 64
09-22-21 16:10:09 - epoch 1 | global step 5280 | mode train | loss 0.9557 | accuracy 62.1875 | mean_length 64
09-22-21 16:11:54 - epoch 1 | global step 5290 | mode train | loss 0.8231 | accuracy 69.0625 | mean_length 64
09-22-21 16:13:39 - epoch 1 | global step 5300 | mode train | loss 0.7328 | accuracy 71.875 | mean_length 64
09-22-21 16:15:24 - epoch 1 | global step 5310 | mode train | loss 0.812 | accuracy 71.25 | mean_length 64
09-22-21 16:17:09 - epoch 1 | global step 5320 | mode train | loss 0.783 | accuracy 72.1875 | mean_length 64
09-22-21 16:18:54 - epoch 1 | global step 5330 | mode train | loss 0.8965 | accuracy 66.25 | mean_length 64
09-22-21 16:20:39 - epoch 1 | global step 5340 | mode train | loss 0.8873 | accuracy 66.25 | mean_length 64
09-22-21 16:22:24 - epoch 1 | global step 5350 | mode train | loss 0.925 | accuracy 65.0 | mean_length 64
09-22-21 16:24:09 - epoch 1 | global step 5360 | mode train | loss 0.7973 | accuracy 70.0 | mean_length 64
09-22-21 16:25:54 - epoch 1 | global step 5370 | mode train | loss 0.8476 | accuracy 68.4375 | mean_length 64
09-22-21 16:27:39 - epoch 1 | global step 5380 | mode train | loss 0.7993 | accuracy 69.375 | mean_length 64
09-22-21 16:29:24 - epoch 1 | global step 5390 | mode train | loss 0.7286 | accuracy 70.625 | mean_length 64
09-22-21 16:31:09 - epoch 1 | global step 5400 | mode train | loss 0.8079 | accuracy 68.75 | mean_length 63.975
09-22-21 16:32:54 - epoch 1 | global step 5410 | mode train | loss 0.7846 | accuracy 68.75 | mean_length 64
09-22-21 16:34:39 - epoch 1 | global step 5420 | mode train | loss 0.7168 | accuracy 73.75 | mean_length 64
09-22-21 16:36:24 - epoch 1 | global step 5430 | mode train | loss 0.8651 | accuracy 67.5 | mean_length 64
09-22-21 16:38:09 - epoch 1 | global step 5440 | mode train | loss 0.8084 | accuracy 67.8125 | mean_length 64
09-22-21 16:39:54 - epoch 1 | global step 5450 | mode train | loss 0.7449 | accuracy 72.5 | mean_length 64
09-22-21 16:41:39 - epoch 1 | global step 5460 | mode train | loss 1.0081 | accuracy 63.75 | mean_length 64
09-22-21 16:43:25 - epoch 1 | global step 5470 | mode train | loss 0.9043 | accuracy 63.4375 | mean_length 64
09-22-21 16:45:10 - epoch 1 | global step 5480 | mode train | loss 0.8934 | accuracy 66.5625 | mean_length 64
09-22-21 16:46:55 - epoch 1 | global step 5490 | mode train | loss 0.8162 | accuracy 71.5625 | mean_length 64
09-22-21 16:48:40 - epoch 1 | global step 5500 | mode train | loss 0.7406 | accuracy 71.875 | mean_length 64
09-22-21 16:50:25 - epoch 1 | global step 5510 | mode train | loss 0.8157 | accuracy 69.0625 | mean_length 64
09-22-21 16:52:10 - epoch 1 | global step 5520 | mode train | loss 0.7559 | accuracy 69.375 | mean_length 64
09-22-21 16:53:55 - epoch 1 | global step 5530 | mode train | loss 0.7573 | accuracy 70.9375 | mean_length 64
09-22-21 16:55:40 - epoch 1 | global step 5540 | mode train | loss 0.7987 | accuracy 69.0625 | mean_length 64
09-22-21 16:57:25 - epoch 1 | global step 5550 | mode train | loss 0.7107 | accuracy 71.875 | mean_length 64
09-22-21 16:59:10 - epoch 1 | global step 5560 | mode train | loss 0.8319 | accuracy 65.625 | mean_length 64
09-22-21 17:00:55 - epoch 1 | global step 5570 | mode train | loss 0.7878 | accuracy 69.375 | mean_length 64
09-22-21 17:02:40 - epoch 1 | global step 5580 | mode train | loss 0.7525 | accuracy 71.25 | mean_length 64
09-22-21 17:04:25 - epoch 1 | global step 5590 | mode train | loss 0.8086 | accuracy 65.9375 | mean_length 64
09-22-21 17:06:10 - epoch 1 | global step 5600 | mode train | loss 0.7703 | accuracy 71.5625 | mean_length 64
09-22-21 17:07:55 - epoch 1 | global step 5610 | mode train | loss 0.7654 | accuracy 68.75 | mean_length 64
09-22-21 17:09:40 - epoch 1 | global step 5620 | mode train | loss 0.7625 | accuracy 67.1875 | mean_length 64
09-22-21 17:11:25 - epoch 1 | global step 5630 | mode train | loss 0.6965 | accuracy 74.6875 | mean_length 64
09-22-21 17:20:57 - epoch 1 | global step 5632 | mode validation | loss 0.7542 | accuracy 70.64 | mean_length 63.9944
09-22-21 17:22:20 - epoch 1 | global step 5640 | mode train | loss 0.6726 | accuracy 74.0625 | mean_length 64
09-22-21 17:24:05 - epoch 1 | global step 5650 | mode train | loss 0.7222 | accuracy 71.25 | mean_length 63.9219
09-22-21 17:25:50 - epoch 1 | global step 5660 | mode train | loss 0.719 | accuracy 75.3125 | mean_length 64
09-22-21 17:27:35 - epoch 1 | global step 5670 | mode train | loss 0.7549 | accuracy 70.9375 | mean_length 64
09-22-21 17:29:20 - epoch 1 | global step 5680 | mode train | loss 0.8931 | accuracy 65.625 | mean_length 64
09-22-21 17:31:05 - epoch 1 | global step 5690 | mode train | loss 0.7682 | accuracy 69.6875 | mean_length 63.925
09-22-21 17:32:51 - epoch 1 | global step 5700 | mode train | loss 0.7594 | accuracy 73.125 | mean_length 64
09-22-21 17:34:36 - epoch 1 | global step 5710 | mode train | loss 0.7017 | accuracy 71.25 | mean_length 63.7563
09-22-21 17:36:21 - epoch 1 | global step 5720 | mode train | loss 0.7962 | accuracy 68.125 | mean_length 61.6344
09-22-21 17:38:06 - epoch 1 | global step 5730 | mode train | loss 0.7582 | accuracy 71.5625 | mean_length 61.7
09-22-21 17:39:52 - epoch 1 | global step 5740 | mode train | loss 0.7761 | accuracy 70.625 | mean_length 63.4406
09-22-21 17:41:37 - epoch 1 | global step 5750 | mode train | loss 0.7564 | accuracy 70.0 | mean_length 63.4594
09-22-21 17:43:22 - epoch 1 | global step 5760 | mode train | loss 0.6709 | accuracy 74.0625 | mean_length 63.5094
09-22-21 17:45:07 - epoch 1 | global step 5770 | mode train | loss 0.6812 | accuracy 72.5 | mean_length 63.3781
09-22-21 17:46:52 - epoch 1 | global step 5780 | mode train | loss 0.7008 | accuracy 74.0625 | mean_length 63.4875
09-22-21 17:48:37 - epoch 1 | global step 5790 | mode train | loss 0.6713 | accuracy 74.0625 | mean_length 63.5344
09-22-21 17:50:22 - epoch 1 | global step 5800 | mode train | loss 0.7596 | accuracy 70.3125 | mean_length 63.4
09-22-21 17:52:07 - epoch 1 | global step 5810 | mode train | loss 0.6527 | accuracy 76.25 | mean_length 63.5594
09-22-21 17:53:52 - epoch 1 | global step 5820 | mode train | loss 0.6514 | accuracy 75.625 | mean_length 63.8719
09-22-21 17:55:37 - epoch 1 | global step 5830 | mode train | loss 0.7333 | accuracy 72.1875 | mean_length 63.925
09-22-21 17:57:22 - epoch 1 | global step 5840 | mode train | loss 0.7761 | accuracy 72.1875 | mean_length 64
09-22-21 17:59:07 - epoch 1 | global step 5850 | mode train | loss 0.6499 | accuracy 74.6875 | mean_length 64
09-22-21 18:00:52 - epoch 1 | global step 5860 | mode train | loss 0.6611 | accuracy 76.875 | mean_length 64
09-22-21 18:02:37 - epoch 1 | global step 5870 | mode train | loss 0.7737 | accuracy 69.375 | mean_length 64
09-22-21 18:04:22 - epoch 1 | global step 5880 | mode train | loss 0.7497 | accuracy 68.4375 | mean_length 64
09-22-21 18:06:07 - epoch 1 | global step 5890 | mode train | loss 0.6857 | accuracy 71.5625 | mean_length 63.9125
09-22-21 18:07:52 - epoch 1 | global step 5900 | mode train | loss 0.6315 | accuracy 76.5625 | mean_length 64
09-22-21 18:09:37 - epoch 1 | global step 5910 | mode train | loss 0.7712 | accuracy 71.875 | mean_length 64
09-22-21 18:11:22 - epoch 1 | global step 5920 | mode train | loss 0.7441 | accuracy 68.125 | mean_length 63.8719
09-22-21 18:13:07 - epoch 1 | global step 5930 | mode train | loss 0.6747 | accuracy 72.1875 | mean_length 64
09-22-21 18:14:52 - epoch 1 | global step 5940 | mode train | loss 0.7873 | accuracy 71.25 | mean_length 64
09-22-21 18:16:37 - epoch 1 | global step 5950 | mode train | loss 0.9288 | accuracy 68.125 | mean_length 63.9844
09-22-21 18:18:22 - epoch 1 | global step 5960 | mode train | loss 0.7897 | accuracy 71.875 | mean_length 64
09-22-21 18:20:07 - epoch 1 | global step 5970 | mode train | loss 0.7401 | accuracy 72.5 | mean_length 63.8937
09-22-21 18:21:52 - epoch 1 | global step 5980 | mode train | loss 0.6488 | accuracy 78.125 | mean_length 64
09-22-21 18:23:37 - epoch 1 | global step 5990 | mode train | loss 0.7291 | accuracy 68.125 | mean_length 63.9062
09-22-21 18:25:22 - epoch 1 | global step 6000 | mode train | loss 0.6336 | accuracy 76.5625 | mean_length 64
09-22-21 18:27:07 - epoch 1 | global step 6010 | mode train | loss 0.7459 | accuracy 71.25 | mean_length 63.85
09-22-21 18:28:52 - epoch 1 | global step 6020 | mode train | loss 0.6084 | accuracy 77.5 | mean_length 63.6375
09-22-21 18:30:37 - epoch 1 | global step 6030 | mode train | loss 0.6241 | accuracy 78.125 | mean_length 64
09-22-21 18:32:22 - epoch 1 | global step 6040 | mode train | loss 0.6316 | accuracy 74.6875 | mean_length 64
09-22-21 18:34:08 - epoch 1 | global step 6050 | mode train | loss 0.6408 | accuracy 77.1875 | mean_length 64
09-22-21 18:35:53 - epoch 1 | global step 6060 | mode train | loss 0.6478 | accuracy 74.0625 | mean_length 64
09-22-21 18:37:38 - epoch 1 | global step 6070 | mode train | loss 0.6556 | accuracy 77.5 | mean_length 64
09-22-21 18:39:23 - epoch 1 | global step 6080 | mode train | loss 0.5809 | accuracy 79.0625 | mean_length 63.9312
09-22-21 18:41:08 - epoch 1 | global step 6090 | mode train | loss 0.7016 | accuracy 71.5625 | mean_length 64
09-22-21 18:42:53 - epoch 1 | global step 6100 | mode train | loss 0.6814 | accuracy 71.875 | mean_length 64
09-22-21 18:44:37 - epoch 1 | global step 6110 | mode train | loss 0.6512 | accuracy 77.8125 | mean_length 64
09-22-21 18:46:22 - epoch 1 | global step 6120 | mode train | loss 0.6994 | accuracy 72.8125 | mean_length 63.9656
09-22-21 18:48:07 - epoch 1 | global step 6130 | mode train | loss 0.6109 | accuracy 75.9375 | mean_length 64
09-22-21 18:49:52 - epoch 1 | global step 6140 | mode train | loss 0.6855 | accuracy 72.1875 | mean_length 64
09-22-21 18:59:47 - epoch 1 | global step 6144 | mode validation | loss 0.7027 | accuracy 72.5 | mean_length 63.9922
09-22-21 19:00:50 - epoch 1 | global step 6150 | mode train | loss 0.6622 | accuracy 75.0 | mean_length 64
09-22-21 19:02:35 - epoch 1 | global step 6160 | mode train | loss 0.6027 | accuracy 77.1875 | mean_length 64
09-22-21 19:04:20 - epoch 1 | global step 6170 | mode train | loss 0.6512 | accuracy 75.625 | mean_length 64
09-22-21 19:06:05 - epoch 1 | global step 6180 | mode train | loss 0.6399 | accuracy 74.0625 | mean_length 64
09-22-21 19:07:50 - epoch 1 | global step 6190 | mode train | loss 0.6254 | accuracy 75.625 | mean_length 64
09-22-21 19:09:35 - epoch 1 | global step 6200 | mode train | loss 0.7183 | accuracy 74.375 | mean_length 64
09-22-21 19:11:20 - epoch 1 | global step 6210 | mode train | loss 0.5987 | accuracy 80.3125 | mean_length 64
09-22-21 19:13:05 - epoch 1 | global step 6220 | mode train | loss 0.7163 | accuracy 72.1875 | mean_length 64
09-22-21 19:14:50 - epoch 1 | global step 6230 | mode train | loss 0.684 | accuracy 75.9375 | mean_length 64
09-22-21 19:16:35 - epoch 1 | global step 6240 | mode train | loss 0.6549 | accuracy 75.0 | mean_length 64
09-22-21 19:18:20 - epoch 1 | global step 6250 | mode train | loss 0.6755 | accuracy 77.1875 | mean_length 63.8875
09-22-21 19:20:05 - epoch 1 | global step 6260 | mode train | loss 0.6414 | accuracy 75.0 | mean_length 63.975
09-22-21 19:21:50 - epoch 1 | global step 6270 | mode train | loss 0.6636 | accuracy 74.375 | mean_length 64
09-22-21 19:23:35 - epoch 1 | global step 6280 | mode train | loss 0.6695 | accuracy 74.0625 | mean_length 64
09-22-21 19:25:20 - epoch 1 | global step 6290 | mode train | loss 0.6395 | accuracy 75.9375 | mean_length 63.9312
09-22-21 19:27:05 - epoch 1 | global step 6300 | mode train | loss 0.6503 | accuracy 75.0 | mean_length 64
09-22-21 19:28:50 - epoch 1 | global step 6310 | mode train | loss 0.7305 | accuracy 73.4375 | mean_length 63.9094
09-22-21 19:30:35 - epoch 1 | global step 6320 | mode train | loss 0.6517 | accuracy 76.875 | mean_length 63.6469
09-22-21 19:32:20 - epoch 1 | global step 6330 | mode train | loss 0.6525 | accuracy 76.25 | mean_length 63.4406
09-22-21 19:34:06 - epoch 1 | global step 6340 | mode train | loss 0.6788 | accuracy 76.25 | mean_length 62.4125
09-22-21 19:35:52 - epoch 1 | global step 6350 | mode train | loss 0.7384 | accuracy 73.125 | mean_length 61.3656
09-22-21 19:37:37 - epoch 1 | global step 6360 | mode train | loss 0.7641 | accuracy 71.5625 | mean_length 60.1344
09-22-21 19:39:22 - epoch 1 | global step 6370 | mode train | loss 0.7208 | accuracy 75.3125 | mean_length 56.5094
09-22-21 19:41:07 - epoch 1 | global step 6380 | mode train | loss 0.6267 | accuracy 79.375 | mean_length 54.3375
09-22-21 19:42:53 - epoch 1 | global step 6390 | mode train | loss 0.6338 | accuracy 74.375 | mean_length 56.1
09-22-21 19:44:38 - epoch 1 | global step 6400 | mode train | loss 0.6028 | accuracy 77.8125 | mean_length 56.8156
09-22-21 19:46:23 - epoch 1 | global step 6410 | mode train | loss 0.5784 | accuracy 78.4375 | mean_length 55.8563
09-22-21 19:48:09 - epoch 1 | global step 6420 | mode train | loss 0.6563 | accuracy 76.5625 | mean_length 53.1938
09-22-21 19:49:54 - epoch 1 | global step 6430 | mode train | loss 0.5243 | accuracy 82.8125 | mean_length 47.9562
09-22-21 19:51:39 - epoch 1 | global step 6440 | mode train | loss 0.5381 | accuracy 79.0625 | mean_length 50.4344
09-22-21 19:53:24 - epoch 1 | global step 6450 | mode train | loss 0.6103 | accuracy 79.375 | mean_length 50.0562
09-22-21 19:55:10 - epoch 2 | global step 6460 | mode train | loss 0.5847 | accuracy 80.625 | mean_length 48.9188
09-22-21 19:56:55 - epoch 2 | global step 6470 | mode train | loss 0.5706 | accuracy 79.0625 | mean_length 50.5063
09-22-21 19:58:40 - epoch 2 | global step 6480 | mode train | loss 0.517 | accuracy 81.25 | mean_length 48.2719
09-22-21 20:00:26 - epoch 2 | global step 6490 | mode train | loss 0.5158 | accuracy 82.5 | mean_length 49.1656
09-22-21 20:02:11 - epoch 2 | global step 6500 | mode train | loss 0.5356 | accuracy 80.0 | mean_length 50.9156
09-22-21 20:03:57 - epoch 2 | global step 6510 | mode train | loss 0.5294 | accuracy 84.375 | mean_length 54.1156
09-22-21 20:05:42 - epoch 2 | global step 6520 | mode train | loss 0.616 | accuracy 77.1875 | mean_length 54.5656
09-22-21 20:07:27 - epoch 2 | global step 6530 | mode train | loss 0.5341 | accuracy 84.375 | mean_length 54.4344
09-22-21 20:09:13 - epoch 2 | global step 6540 | mode train | loss 0.6099 | accuracy 76.875 | mean_length 53.2031
09-22-21 20:10:58 - epoch 2 | global step 6550 | mode train | loss 0.5109 | accuracy 83.125 | mean_length 52.9688
09-22-21 20:12:43 - epoch 2 | global step 6560 | mode train | loss 0.5214 | accuracy 80.9375 | mean_length 52.55
09-22-21 20:14:28 - epoch 2 | global step 6570 | mode train | loss 0.5413 | accuracy 80.3125 | mean_length 52.1094
09-22-21 20:16:34 - epoch 2 | global step 6580 | mode train | loss 0.4615 | accuracy 82.1875 | mean_length 49.7594
09-22-21 20:18:20 - epoch 2 | global step 6590 | mode train | loss 0.4878 | accuracy 81.5625 | mean_length 52.3594
09-22-21 20:20:05 - epoch 2 | global step 6600 | mode train | loss 0.4447 | accuracy 85.3125 | mean_length 52.1313
09-22-21 20:21:50 - epoch 2 | global step 6610 | mode train | loss 0.5054 | accuracy 80.625 | mean_length 50.4219
09-22-21 20:23:35 - epoch 2 | global step 6620 | mode train | loss 0.4725 | accuracy 81.25 | mean_length 49.475
09-22-21 20:25:21 - epoch 2 | global step 6630 | mode train | loss 0.4725 | accuracy 81.25 | mean_length 51.1187
09-22-21 20:27:06 - epoch 2 | global step 6640 | mode train | loss 0.4633 | accuracy 83.125 | mean_length 51.9813
09-22-21 20:28:51 - epoch 2 | global step 6650 | mode train | loss 0.4872 | accuracy 80.9375 | mean_length 51.125
09-22-21 20:39:08 - epoch 2 | global step 6656 | mode validation | loss 0.5226 | accuracy 80.68 | mean_length 54.7036
09-22-21 20:39:50 - epoch 2 | global step 6660 | mode train | loss 0.5543 | accuracy 78.75 | mean_length 53.1938
09-22-21 20:41:36 - epoch 2 | global step 6670 | mode train | loss 0.5366 | accuracy 82.5 | mean_length 51.4062
09-22-21 20:43:21 - epoch 2 | global step 6680 | mode train | loss 0.5226 | accuracy 80.9375 | mean_length 54.2219
09-22-21 20:45:06 - epoch 2 | global step 6690 | mode train | loss 0.5102 | accuracy 82.8125 | mean_length 53.05
09-22-21 20:46:51 - epoch 2 | global step 6700 | mode train | loss 0.5232 | accuracy 81.875 | mean_length 55.5281
09-22-21 20:48:36 - epoch 2 | global step 6710 | mode train | loss 0.5069 | accuracy 84.6875 | mean_length 54.4562
09-22-21 20:50:22 - epoch 2 | global step 6720 | mode train | loss 0.4886 | accuracy 83.75 | mean_length 53.0063
09-22-21 20:52:07 - epoch 2 | global step 6730 | mode train | loss 0.4475 | accuracy 83.4375 | mean_length 55.1531
09-22-21 20:53:52 - epoch 2 | global step 6740 | mode train | loss 0.4736 | accuracy 83.125 | mean_length 57.3312
09-22-21 20:55:37 - epoch 2 | global step 6750 | mode train | loss 0.6055 | accuracy 79.6875 | mean_length 56.7281
09-22-21 20:57:23 - epoch 2 | global step 6760 | mode train | loss 0.6407 | accuracy 75.625 | mean_length 58.075
09-22-21 20:59:08 - epoch 2 | global step 6770 | mode train | loss 0.6485 | accuracy 72.8125 | mean_length 57.3125
09-22-21 21:00:54 - epoch 2 | global step 6780 | mode train | loss 0.5325 | accuracy 79.0625 | mean_length 58.2406
09-22-21 21:02:39 - epoch 2 | global step 6790 | mode train | loss 0.5044 | accuracy 79.6875 | mean_length 57.6719
09-22-21 21:04:24 - epoch 2 | global step 6800 | mode train | loss 0.5247 | accuracy 80.625 | mean_length 57.6437
09-22-21 21:06:09 - epoch 2 | global step 6810 | mode train | loss 0.577 | accuracy 79.0625 | mean_length 56.4688
09-22-21 21:07:55 - epoch 2 | global step 6820 | mode train | loss 0.5557 | accuracy 81.875 | mean_length 58.3031
09-22-21 21:09:40 - epoch 2 | global step 6830 | mode train | loss 0.495 | accuracy 84.6875 | mean_length 58.2125
09-22-21 21:11:25 - epoch 2 | global step 6840 | mode train | loss 0.4999 | accuracy 82.1875 | mean_length 53.6313
09-22-21 21:13:11 - epoch 2 | global step 6850 | mode train | loss 0.4261 | accuracy 83.75 | mean_length 54.4438
09-22-21 21:14:56 - epoch 2 | global step 6860 | mode train | loss 0.5423 | accuracy 77.5 | mean_length 58.8625
09-22-21 21:16:41 - epoch 2 | global step 6870 | mode train | loss 0.4561 | accuracy 81.5625 | mean_length 61.8188
09-22-21 21:18:30 - epoch 2 | global step 6880 | mode train | loss 0.5112 | accuracy 80.9375 | mean_length 61.375
09-22-21 21:20:17 - epoch 2 | global step 6890 | mode train | loss 0.4872 | accuracy 81.5625 | mean_length 61.6844
09-22-21 21:22:02 - epoch 2 | global step 6900 | mode train | loss 0.4767 | accuracy 83.125 | mean_length 61.7375
09-22-21 21:23:47 - epoch 2 | global step 6910 | mode train | loss 0.4773 | accuracy 83.75 | mean_length 62.7031
09-22-21 21:25:33 - epoch 2 | global step 6920 | mode train | loss 0.4914 | accuracy 80.625 | mean_length 63.7719
09-22-21 21:27:18 - epoch 2 | global step 6930 | mode train | loss 0.5117 | accuracy 82.1875 | mean_length 63.8844
09-22-21 21:29:03 - epoch 2 | global step 6940 | mode train | loss 0.4629 | accuracy 83.4375 | mean_length 63.925
09-22-21 21:30:49 - epoch 2 | global step 6950 | mode train | loss 0.4642 | accuracy 81.5625 | mean_length 63.7031
09-22-21 21:32:34 - epoch 2 | global step 6960 | mode train | loss 0.4104 | accuracy 86.25 | mean_length 63.7938
09-22-21 21:34:19 - epoch 2 | global step 6970 | mode train | loss 0.4912 | accuracy 83.75 | mean_length 63.8719
09-22-21 21:36:05 - epoch 2 | global step 6980 | mode train | loss 0.4065 | accuracy 85.625 | mean_length 63.7313
09-22-21 21:37:50 - epoch 2 | global step 6990 | mode train | loss 0.4436 | accuracy 84.0625 | mean_length 63.9375
09-22-21 21:39:35 - epoch 2 | global step 7000 | mode train | loss 0.4165 | accuracy 85.3125 | mean_length 63.7313
09-22-21 21:41:21 - epoch 2 | global step 7010 | mode train | loss 0.4517 | accuracy 83.75 | mean_length 63.9219
09-22-21 21:43:06 - epoch 2 | global step 7020 | mode train | loss 0.4674 | accuracy 83.4375 | mean_length 63.7406
09-22-21 21:44:51 - epoch 2 | global step 7030 | mode train | loss 0.4394 | accuracy 85.0 | mean_length 63.8656
09-22-21 21:46:36 - epoch 2 | global step 7040 | mode train | loss 0.4585 | accuracy 82.5 | mean_length 64
09-22-21 21:48:21 - epoch 2 | global step 7050 | mode train | loss 0.4242 | accuracy 85.9375 | mean_length 63.9719
09-22-21 21:50:07 - epoch 2 | global step 7060 | mode train | loss 0.3985 | accuracy 85.9375 | mean_length 63.9219
09-22-21 21:51:52 - epoch 2 | global step 7070 | mode train | loss 0.4016 | accuracy 85.9375 | mean_length 63.9469
09-22-21 21:53:37 - epoch 2 | global step 7080 | mode train | loss 0.3739 | accuracy 88.4375 | mean_length 63.8937
09-22-21 21:55:22 - epoch 2 | global step 7090 | mode train | loss 0.4278 | accuracy 84.375 | mean_length 63.9312
09-22-21 21:57:07 - epoch 2 | global step 7100 | mode train | loss 0.3915 | accuracy 85.9375 | mean_length 63.9188
09-22-21 21:58:52 - epoch 2 | global step 7110 | mode train | loss 0.4538 | accuracy 84.375 | mean_length 64
09-22-21 22:00:38 - epoch 2 | global step 7120 | mode train | loss 0.4454 | accuracy 84.375 | mean_length 63.9906
09-22-21 22:02:23 - epoch 2 | global step 7130 | mode train | loss 0.3779 | accuracy 87.1875 | mean_length 63.9813
09-22-21 22:04:08 - epoch 2 | global step 7140 | mode train | loss 0.4245 | accuracy 84.0625 | mean_length 63.9281
09-22-21 22:05:53 - epoch 2 | global step 7150 | mode train | loss 0.4036 | accuracy 85.625 | mean_length 63.9656
09-22-21 22:07:38 - epoch 2 | global step 7160 | mode train | loss 0.3872 | accuracy 87.1875 | mean_length 64
09-22-21 22:18:18 - epoch 2 | global step 7168 | mode validation | loss 0.3598 | accuracy 87.48 | mean_length 63.9696
09-22-21 22:18:18 - Saving model to Output/accGrad4_mbart_BTen+zh-captions_lr4.0e-6_7distractors_maxstep8192_seed43
Epoch: 2, Prediction Accuracy: 87.48, Saved to Path: Output/accGrad4_mbart_BTen+zh-captions_lr4.0e-6_7distractors_maxstep8192_seed43
09-22-21 22:18:47 - epoch 2 | global step 7170 | mode train | loss 0.3703 | accuracy 88.4375 | mean_length 64
09-22-21 22:20:33 - epoch 2 | global step 7180 | mode train | loss 0.4079 | accuracy 85.9375 | mean_length 63.75
09-22-21 22:22:18 - epoch 2 | global step 7190 | mode train | loss 0.3429 | accuracy 88.125 | mean_length 63.9906
09-22-21 22:24:03 - epoch 2 | global step 7200 | mode train | loss 0.3741 | accuracy 86.5625 | mean_length 64
09-22-21 22:25:48 - epoch 2 | global step 7210 | mode train | loss 0.4191 | accuracy 85.3125 | mean_length 64
09-22-21 22:27:33 - epoch 2 | global step 7220 | mode train | loss 0.4149 | accuracy 85.3125 | mean_length 63.9219
09-22-21 22:29:19 - epoch 2 | global step 7230 | mode train | loss 0.3993 | accuracy 88.125 | mean_length 63.8156
09-22-21 22:31:04 - epoch 2 | global step 7240 | mode train | loss 0.411 | accuracy 84.0625 | mean_length 64
09-22-21 22:32:49 - epoch 2 | global step 7250 | mode train | loss 0.3579 | accuracy 88.75 | mean_length 63.9969
09-22-21 22:34:34 - epoch 2 | global step 7260 | mode train | loss 0.3516 | accuracy 88.125 | mean_length 63.7437
09-22-21 22:36:20 - epoch 2 | global step 7270 | mode train | loss 0.3833 | accuracy 86.5625 | mean_length 64
09-22-21 22:38:05 - epoch 2 | global step 7280 | mode train | loss 0.363 | accuracy 87.5 | mean_length 64
09-22-21 22:39:50 - epoch 2 | global step 7290 | mode train | loss 0.4124 | accuracy 85.9375 | mean_length 64
09-22-21 22:41:36 - epoch 2 | global step 7300 | mode train | loss 0.3856 | accuracy 85.9375 | mean_length 63.925
09-22-21 22:43:21 - epoch 2 | global step 7310 | mode train | loss 0.325 | accuracy 90.3125 | mean_length 63.9344
09-22-21 22:45:06 - epoch 2 | global step 7320 | mode train | loss 0.3374 | accuracy 90.9375 | mean_length 63.7969
09-22-21 22:46:51 - epoch 2 | global step 7330 | mode train | loss 0.4196 | accuracy 83.125 | mean_length 64
09-22-21 22:48:37 - epoch 2 | global step 7340 | mode train | loss 0.3799 | accuracy 84.0625 | mean_length 64
09-22-21 22:50:22 - epoch 2 | global step 7350 | mode train | loss 0.375 | accuracy 89.6875 | mean_length 63.7125
09-22-21 22:52:07 - epoch 2 | global step 7360 | mode train | loss 0.4186 | accuracy 85.0 | mean_length 64
09-22-21 22:53:52 - epoch 2 | global step 7370 | mode train | loss 0.3466 | accuracy 88.75 | mean_length 63.9937
09-22-21 22:55:37 - epoch 2 | global step 7380 | mode train | loss 0.4185 | accuracy 87.1875 | mean_length 63.6906
09-22-21 22:57:22 - epoch 2 | global step 7390 | mode train | loss 0.4268 | accuracy 85.0 | mean_length 64
09-22-21 22:59:07 - epoch 2 | global step 7400 | mode train | loss 0.3209 | accuracy 89.6875 | mean_length 63.8375
09-22-21 23:00:53 - epoch 2 | global step 7410 | mode train | loss 0.3796 | accuracy 87.1875 | mean_length 63.9688
09-22-21 23:02:38 - epoch 2 | global step 7420 | mode train | loss 0.4251 | accuracy 87.5 | mean_length 64
09-22-21 23:04:23 - epoch 2 | global step 7430 | mode train | loss 0.3467 | accuracy 88.125 | mean_length 64
09-22-21 23:06:08 - epoch 2 | global step 7440 | mode train | loss 0.3311 | accuracy 88.125 | mean_length 63.9312
09-22-21 23:07:53 - epoch 2 | global step 7450 | mode train | loss 0.3226 | accuracy 89.6875 | mean_length 63.9875
09-22-21 23:09:38 - epoch 2 | global step 7460 | mode train | loss 0.371 | accuracy 88.125 | mean_length 63.925
09-22-21 23:11:24 - epoch 2 | global step 7470 | mode train | loss 0.3859 | accuracy 87.1875 | mean_length 63.8937
09-22-21 23:13:09 - epoch 2 | global step 7480 | mode train | loss 0.3715 | accuracy 85.9375 | mean_length 63.9625
09-22-21 23:14:54 - epoch 2 | global step 7490 | mode train | loss 0.3419 | accuracy 86.875 | mean_length 63.8219
09-22-21 23:16:39 - epoch 2 | global step 7500 | mode train | loss 0.336 | accuracy 90.3125 | mean_length 63.7969
09-22-21 23:18:24 - epoch 2 | global step 7510 | mode train | loss 0.3438 | accuracy 89.375 | mean_length 63.625
09-22-21 23:20:09 - epoch 2 | global step 7520 | mode train | loss 0.3151 | accuracy 88.75 | mean_length 63.975
09-22-21 23:21:54 - epoch 2 | global step 7530 | mode train | loss 0.3403 | accuracy 88.125 | mean_length 63.7687
09-22-21 23:23:40 - epoch 2 | global step 7540 | mode train | loss 0.3066 | accuracy 91.25 | mean_length 63.8844
09-22-21 23:25:25 - epoch 2 | global step 7550 | mode train | loss 0.3408 | accuracy 87.5 | mean_length 63.6531
09-22-21 23:27:10 - epoch 2 | global step 7560 | mode train | loss 0.3261 | accuracy 88.125 | mean_length 63.95
09-22-21 23:28:55 - epoch 2 | global step 7570 | mode train | loss 0.2965 | accuracy 92.5 | mean_length 63.8719
09-22-21 23:30:40 - epoch 2 | global step 7580 | mode train | loss 0.3028 | accuracy 90.625 | mean_length 63.7625
09-22-21 23:32:26 - epoch 2 | global step 7590 | mode train | loss 0.2976 | accuracy 91.25 | mean_length 63.8219
09-22-21 23:34:11 - epoch 2 | global step 7600 | mode train | loss 0.3198 | accuracy 87.1875 | mean_length 63.7406
09-22-21 23:35:57 - epoch 2 | global step 7610 | mode train | loss 0.338 | accuracy 87.1875 | mean_length 63.7281
09-22-21 23:37:42 - epoch 2 | global step 7620 | mode train | loss 0.3833 | accuracy 85.9375 | mean_length 63.8469
09-22-21 23:39:27 - epoch 2 | global step 7630 | mode train | loss 0.3481 | accuracy 86.25 | mean_length 63.8188
09-22-21 23:41:12 - epoch 2 | global step 7640 | mode train | loss 0.3331 | accuracy 87.8125 | mean_length 64
09-22-21 23:42:57 - epoch 2 | global step 7650 | mode train | loss 0.3024 | accuracy 90.625 | mean_length 63.7781
09-22-21 23:44:42 - epoch 2 | global step 7660 | mode train | loss 0.2928 | accuracy 90.3125 | mean_length 63.8687
09-22-21 23:46:28 - epoch 2 | global step 7670 | mode train | loss 0.3119 | accuracy 89.0625 | mean_length 63.775
09-22-21 23:48:13 - epoch 2 | global step 7680 | mode train | loss 0.365 | accuracy 86.875 | mean_length 63.9125
09-22-21 23:57:27 - epoch 2 | global step 7680 | mode validation | loss 0.3124 | accuracy 89.14 | mean_length 63.8908
09-22-21 23:57:27 - Saving model to Output/accGrad4_mbart_BTen+zh-captions_lr4.0e-6_7distractors_maxstep8192_seed43
Epoch: 2, Prediction Accuracy: 89.14, Saved to Path: Output/accGrad4_mbart_BTen+zh-captions_lr4.0e-6_7distractors_maxstep8192_seed43
09-22-21 23:59:21 - epoch 2 | global step 7690 | mode train | loss 0.3106 | accuracy 90.0 | mean_length 63.8844
09-23-21 00:01:06 - epoch 2 | global step 7700 | mode train | loss 0.2611 | accuracy 92.5 | mean_length 64
09-23-21 00:02:51 - epoch 2 | global step 7710 | mode train | loss 0.3419 | accuracy 85.9375 | mean_length 63.8844
09-23-21 00:04:36 - epoch 2 | global step 7720 | mode train | loss 0.3243 | accuracy 88.75 | mean_length 63.775
09-23-21 00:06:21 - epoch 2 | global step 7730 | mode train | loss 0.3322 | accuracy 88.125 | mean_length 63.8687
09-23-21 00:08:07 - epoch 2 | global step 7740 | mode train | loss 0.3531 | accuracy 88.75 | mean_length 63.5781
09-23-21 00:09:52 - epoch 2 | global step 7750 | mode train | loss 0.3595 | accuracy 87.1875 | mean_length 63.8531
09-23-21 00:11:37 - epoch 2 | global step 7760 | mode train | loss 0.3497 | accuracy 87.5 | mean_length 64
09-23-21 00:13:22 - epoch 2 | global step 7770 | mode train | loss 0.4037 | accuracy 85.3125 | mean_length 63.7125
09-23-21 00:15:07 - epoch 2 | global step 7780 | mode train | loss 0.3255 | accuracy 88.75 | mean_length 62.825
09-23-21 00:16:52 - epoch 2 | global step 7790 | mode train | loss 0.4089 | accuracy 87.1875 | mean_length 63.8656
09-23-21 00:18:37 - epoch 2 | global step 7800 | mode train | loss 0.349 | accuracy 86.875 | mean_length 63.6938
09-23-21 00:20:22 - epoch 2 | global step 7810 | mode train | loss 0.3214 | accuracy 89.0625 | mean_length 63.4406
09-23-21 00:22:07 - epoch 2 | global step 7820 | mode train | loss 0.3249 | accuracy 88.4375 | mean_length 63.7031
09-23-21 00:23:52 - epoch 2 | global step 7830 | mode train | loss 0.3273 | accuracy 88.125 | mean_length 63.5406
09-23-21 00:25:38 - epoch 2 | global step 7840 | mode train | loss 0.3824 | accuracy 85.625 | mean_length 63.2625
09-23-21 00:27:23 - epoch 2 | global step 7850 | mode train | loss 0.3333 | accuracy 88.4375 | mean_length 63.65
09-23-21 00:29:08 - epoch 2 | global step 7860 | mode train | loss 0.3672 | accuracy 87.5 | mean_length 63.2406
09-23-21 00:30:53 - epoch 2 | global step 7870 | mode train | loss 0.4324 | accuracy 85.0 | mean_length 62.9875
09-23-21 00:32:38 - epoch 2 | global step 7880 | mode train | loss 0.321 | accuracy 90.3125 | mean_length 63.3656
09-23-21 00:34:23 - epoch 2 | global step 7890 | mode train | loss 0.2941 | accuracy 90.0 | mean_length 63.15
09-23-21 00:36:09 - epoch 2 | global step 7900 | mode train | loss 0.3079 | accuracy 91.875 | mean_length 63.2531
09-23-21 00:37:54 - epoch 2 | global step 7910 | mode train | loss 0.3336 | accuracy 89.375 | mean_length 63.4156
09-23-21 00:39:39 - epoch 2 | global step 7920 | mode train | loss 0.3275 | accuracy 89.0625 | mean_length 63.0781
09-23-21 00:41:24 - epoch 2 | global step 7930 | mode train | loss 0.3218 | accuracy 88.75 | mean_length 62.4906
09-23-21 00:43:09 - epoch 2 | global step 7940 | mode train | loss 0.3623 | accuracy 86.875 | mean_length 63.0781
09-23-21 00:44:54 - epoch 2 | global step 7950 | mode train | loss 0.3367 | accuracy 86.875 | mean_length 63.0125
09-23-21 00:46:39 - epoch 2 | global step 7960 | mode train | loss 0.3425 | accuracy 91.5625 | mean_length 63.0219
09-23-21 00:48:24 - epoch 2 | global step 7970 | mode train | loss 0.341 | accuracy 87.8125 | mean_length 62.3594
09-23-21 00:50:09 - epoch 2 | global step 7980 | mode train | loss 0.287 | accuracy 90.3125 | mean_length 62.0625
09-23-21 00:51:54 - epoch 2 | global step 7990 | mode train | loss 0.3208 | accuracy 87.5 | mean_length 62.3781
09-23-21 00:53:40 - epoch 2 | global step 8000 | mode train | loss 0.3108 | accuracy 90.9375 | mean_length 62.6562
09-23-21 00:55:25 - epoch 2 | global step 8010 | mode train | loss 0.2908 | accuracy 89.0625 | mean_length 62.0125
09-23-21 00:57:10 - epoch 2 | global step 8020 | mode train | loss 0.2985 | accuracy 89.375 | mean_length 62.0969
09-23-21 00:58:55 - epoch 2 | global step 8030 | mode train | loss 0.294 | accuracy 90.9375 | mean_length 61.1094
09-23-21 01:00:40 - epoch 2 | global step 8040 | mode train | loss 0.3027 | accuracy 88.4375 | mean_length 61.9219
09-23-21 01:02:25 - epoch 2 | global step 8050 | mode train | loss 0.3271 | accuracy 87.8125 | mean_length 61.6531
09-23-21 01:04:10 - epoch 2 | global step 8060 | mode train | loss 0.3199 | accuracy 88.75 | mean_length 61.5875
09-23-21 01:05:55 - epoch 2 | global step 8070 | mode train | loss 0.3779 | accuracy 86.875 | mean_length 62.5469
09-23-21 01:07:40 - epoch 2 | global step 8080 | mode train | loss 0.3845 | accuracy 86.875 | mean_length 62.8281
09-23-21 01:09:25 - epoch 2 | global step 8090 | mode train | loss 0.3319 | accuracy 88.75 | mean_length 63.125
09-23-21 01:11:10 - epoch 2 | global step 8100 | mode train | loss 0.329 | accuracy 89.6875 | mean_length 63.4094
09-23-21 01:12:55 - epoch 2 | global step 8110 | mode train | loss 0.3387 | accuracy 86.875 | mean_length 62.3469
09-23-21 01:14:41 - epoch 2 | global step 8120 | mode train | loss 0.3485 | accuracy 86.5625 | mean_length 62.9625
09-23-21 01:16:26 - epoch 2 | global step 8130 | mode train | loss 0.3451 | accuracy 88.125 | mean_length 62.2594
09-23-21 01:18:11 - epoch 2 | global step 8140 | mode train | loss 0.3215 | accuracy 89.0625 | mean_length 62.925
09-23-21 01:19:56 - epoch 2 | global step 8150 | mode train | loss 0.2983 | accuracy 89.375 | mean_length 62.3219
09-23-21 01:21:41 - epoch 2 | global step 8160 | mode train | loss 0.3747 | accuracy 87.1875 | mean_length 63.2812
09-23-21 01:23:26 - epoch 2 | global step 8170 | mode train | loss 0.304 | accuracy 91.875 | mean_length 63.4125
09-23-21 01:25:11 - epoch 2 | global step 8180 | mode train | loss 0.3224 | accuracy 89.0625 | mean_length 62.925
09-23-21 01:26:56 - epoch 2 | global step 8190 | mode train | loss 0.3115 | accuracy 86.5625 | mean_length 62.7313
09-23-21 01:27:18 - Evaluate the following checkpoint: Output/accGrad4_mbart_BTen+zh-captions_lr4.0e-6_7distractors_maxstep8192_seed43/model.pt
09-23-21 01:38:38 - Best model stats: 
09-23-21 01:38:38 - epoch 0 | global step 0 | mode validation | loss 0.2951 | accuracy 89.82 | mean_length 63.9022
