==========================================
SLURM_JOB_ID = 5765093
SLURM_JOB_NODELIST = d13-02
TMPDIR = /tmp/SLURM_5765093
==========================================
/home1/zliu9986/communication-translation
09-03-21 17:20:55 - Dataset Loaded
09-03-21 17:20:55 - Configuration:
Namespace(TransferH=False, alpha=1.0, batch_size=8, beam_width=5, bidirectional=False, config='Configs/mbart_ec_en+zh.yml', cpu=False, decode_how='beam', device=device(type='cuda'), do_eval=True, do_train=True, dropout=0.1, fix_bhd=False, fix_spk=False, grad_clip=1.0, gradient_accumulation_steps=4, hard=False, has_vocab_constraint=False, hidden_dim=512, image_dim=2048, lr=9e-06, max_global_step=8192, max_seq_length=64, mode='emergent_communication', model_name='Models/mbart_bt_en+zh_lr25e-6', n_gpu=1, no_share_bhd=False, no_terminal=False, no_write=False, num_distractors_train=7, num_distractors_valid=7, num_games=30, num_layers=1, output_dir='Output/accGrad4_mbart_BTen+zh_lr9.0e-6_7distractors_maxstep8192_seed42', print_every=10, save_output_txt=True, save_pretrain_seperately=True, seed=42, source_lang='en_XX', source_lang_vocab_constrain_file='/projects/unmt/communication-translation/en_cc_tokenID2count_dict.cc25.json', stats_to_print=['loss', 'accuracy', 'caption generation loss', 'image selection loss', 'mean_length'], target_acc=85.0, target_lang='zh_CN', target_lang_vocab_constrain_file='/projects/unmt/communication-translation/zh-Hans_cc_tokenID2count_dict.cc25.json', temp=1.0, temperature=1.0, train_images='./Data/ec_finetuning/images_train', two_ffwd=False, unit_norm=False, valid_every=512, valid_images='./Data/ec_finetuning/images_val', vocab_size=4035)
Sharing visual system for each agent.
09-03-21 17:31:06 - epoch 0 | global step 0 | mode validation | loss 2.7472 | accuracy 12.48 | mean_length 48.111
09-03-21 17:31:06 - Saving model to Output/accGrad4_mbart_BTen+zh_lr9.0e-6_7distractors_maxstep8192_seed42
Epoch: 0, Prediction Accuracy: 12.48, Saved to Path: Output/accGrad4_mbart_BTen+zh_lr9.0e-6_7distractors_maxstep8192_seed42
09-03-21 17:33:05 - epoch 0 | global step 10 | mode train | loss 2.5449 | accuracy 11.875 | mean_length 50.8281
09-03-21 17:34:58 - epoch 0 | global step 20 | mode train | loss 2.1531 | accuracy 10.625 | mean_length 59.025
09-03-21 17:36:51 - epoch 0 | global step 30 | mode train | loss 2.1207 | accuracy 9.6875 | mean_length 60.7156
09-03-21 17:38:42 - epoch 0 | global step 40 | mode train | loss 2.0719 | accuracy 15.3125 | mean_length 63.1688
09-03-21 17:40:33 - epoch 0 | global step 50 | mode train | loss 2.0754 | accuracy 14.6875 | mean_length 62.2125
09-03-21 17:42:12 - epoch 0 | global step 60 | mode train | loss 2.0986 | accuracy 13.4375 | mean_length 27.5437
09-03-21 17:43:14 - epoch 0 | global step 70 | mode train | loss 2.0954 | accuracy 12.5 | mean_length 13.2094
09-03-21 17:44:16 - epoch 0 | global step 80 | mode train | loss 2.1094 | accuracy 13.4375 | mean_length 13.2063
09-03-21 17:45:32 - epoch 0 | global step 90 | mode train | loss 2.1041 | accuracy 12.8125 | mean_length 15.55
09-03-21 17:47:05 - epoch 0 | global step 100 | mode train | loss 2.1089 | accuracy 10.9375 | mean_length 20.6812
09-03-21 17:48:45 - epoch 0 | global step 110 | mode train | loss 2.0955 | accuracy 12.5 | mean_length 22.7812
09-03-21 17:50:24 - epoch 0 | global step 120 | mode train | loss 2.0911 | accuracy 11.875 | mean_length 21.4438
09-03-21 17:51:57 - epoch 0 | global step 130 | mode train | loss 2.0797 | accuracy 14.375 | mean_length 19.8938
09-03-21 17:53:29 - epoch 0 | global step 140 | mode train | loss 2.0945 | accuracy 13.75 | mean_length 17.8
09-03-21 17:55:15 - epoch 0 | global step 150 | mode train | loss 2.0941 | accuracy 12.8125 | mean_length 27.2188
09-03-21 17:57:00 - epoch 0 | global step 160 | mode train | loss 2.091 | accuracy 14.0625 | mean_length 20.2156
09-03-21 17:57:52 - epoch 0 | global step 170 | mode train | loss 2.1252 | accuracy 15.0 | mean_length 8.6344
09-03-21 17:58:34 - epoch 0 | global step 180 | mode train | loss 2.1464 | accuracy 11.25 | mean_length 7.2031
09-03-21 17:59:51 - epoch 0 | global step 190 | mode train | loss 2.1051 | accuracy 11.5625 | mean_length 11.4094
09-03-21 18:01:22 - epoch 0 | global step 200 | mode train | loss 2.0729 | accuracy 12.8125 | mean_length 17.4438
09-03-21 18:03:19 - epoch 0 | global step 210 | mode train | loss 2.0666 | accuracy 13.75 | mean_length 22.3344
09-03-21 18:04:34 - epoch 0 | global step 220 | mode train | loss 2.113 | accuracy 15.3125 | mean_length 9.3375
09-03-21 18:05:42 - epoch 0 | global step 230 | mode train | loss 2.14 | accuracy 13.125 | mean_length 9.8187
09-03-21 18:07:05 - epoch 0 | global step 240 | mode train | loss 2.1054 | accuracy 10.9375 | mean_length 13.075
09-03-21 18:09:01 - epoch 0 | global step 250 | mode train | loss 2.0779 | accuracy 11.5625 | mean_length 24.5406
09-03-21 18:10:39 - epoch 0 | global step 260 | mode train | loss 2.0959 | accuracy 14.0625 | mean_length 23.4531
09-03-21 18:11:17 - epoch 0 | global step 270 | mode train | loss 2.191 | accuracy 13.4375 | mean_length 5.1656
09-03-21 18:11:58 - epoch 0 | global step 280 | mode train | loss 2.1638 | accuracy 11.875 | mean_length 5.3531
09-03-21 18:12:22 - epoch 0 | global step 290 | mode train | loss 2.1217 | accuracy 13.75 | mean_length 4.0531
09-03-21 18:13:03 - epoch 0 | global step 300 | mode train | loss 2.0955 | accuracy 11.875 | mean_length 5.3906
09-03-21 18:13:47 - epoch 0 | global step 310 | mode train | loss 2.1088 | accuracy 11.875 | mean_length 6.3187
09-03-21 18:14:41 - epoch 0 | global step 320 | mode train | loss 2.11 | accuracy 11.5625 | mean_length 6.3312
09-03-21 18:15:36 - epoch 0 | global step 330 | mode train | loss 2.0902 | accuracy 14.375 | mean_length 6.7406
09-03-21 18:16:34 - epoch 0 | global step 340 | mode train | loss 2.0782 | accuracy 16.875 | mean_length 6.7969
09-03-21 18:17:31 - epoch 0 | global step 350 | mode train | loss 2.1053 | accuracy 9.6875 | mean_length 7.8781
09-03-21 18:18:31 - epoch 0 | global step 360 | mode train | loss 2.0925 | accuracy 12.5 | mean_length 6.9531
09-03-21 18:19:34 - epoch 0 | global step 370 | mode train | loss 2.0995 | accuracy 13.125 | mean_length 7.6937
09-03-21 18:20:38 - epoch 0 | global step 380 | mode train | loss 2.0942 | accuracy 13.4375 | mean_length 7.9594
09-03-21 18:21:52 - epoch 0 | global step 390 | mode train | loss 2.1063 | accuracy 11.875 | mean_length 8.6937
09-03-21 18:23:03 - epoch 0 | global step 400 | mode train | loss 2.0943 | accuracy 12.1875 | mean_length 8.3281
09-03-21 18:24:33 - epoch 0 | global step 410 | mode train | loss 2.0788 | accuracy 12.1875 | mean_length 13.2781
09-03-21 18:26:19 - epoch 0 | global step 420 | mode train | loss 2.0765 | accuracy 10.0 | mean_length 16.3438
09-03-21 18:28:03 - epoch 0 | global step 430 | mode train | loss 2.0783 | accuracy 14.375 | mean_length 18.8781
09-03-21 18:29:52 - epoch 0 | global step 440 | mode train | loss 2.0841 | accuracy 11.5625 | mean_length 36.05
09-03-21 18:31:52 - epoch 0 | global step 450 | mode train | loss 2.0749 | accuracy 12.1875 | mean_length 43.5594
09-03-21 18:33:52 - epoch 0 | global step 460 | mode train | loss 2.0775 | accuracy 13.125 | mean_length 45.7906
09-03-21 18:35:51 - epoch 0 | global step 470 | mode train | loss 2.077 | accuracy 13.125 | mean_length 47.2062
09-03-21 18:37:48 - epoch 0 | global step 480 | mode train | loss 2.0701 | accuracy 15.9375 | mean_length 48.675
09-03-21 18:39:48 - epoch 0 | global step 490 | mode train | loss 2.071 | accuracy 14.0625 | mean_length 54.9219
09-03-21 18:41:47 - epoch 0 | global step 500 | mode train | loss 2.0764 | accuracy 14.6875 | mean_length 62.0094
09-03-21 18:43:47 - epoch 0 | global step 510 | mode train | loss 2.0738 | accuracy 14.375 | mean_length 63.825
09-03-21 18:55:39 - epoch 0 | global step 512 | mode validation | loss 2.0783 | accuracy 12.54 | mean_length 63.907
09-03-21 18:55:39 - Saving model to Output/accGrad4_mbart_BTen+zh_lr9.0e-6_7distractors_maxstep8192_seed42
Epoch: 0, Prediction Accuracy: 12.54, Saved to Path: Output/accGrad4_mbart_BTen+zh_lr9.0e-6_7distractors_maxstep8192_seed42
09-03-21 18:57:26 - epoch 0 | global step 520 | mode train | loss 2.0792 | accuracy 13.4375 | mean_length 63.875
09-03-21 18:59:25 - epoch 0 | global step 530 | mode train | loss 2.075 | accuracy 13.125 | mean_length 64
09-03-21 19:01:24 - epoch 0 | global step 540 | mode train | loss 2.073 | accuracy 13.125 | mean_length 63.0625
09-03-21 19:03:14 - epoch 0 | global step 550 | mode train | loss 2.0781 | accuracy 15.3125 | mean_length 64
09-03-21 19:05:13 - epoch 0 | global step 560 | mode train | loss 2.0509 | accuracy 10.625 | mean_length 63.8375
09-03-21 19:07:12 - epoch 0 | global step 570 | mode train | loss 2.0596 | accuracy 12.5 | mean_length 63.5063
09-03-21 19:09:04 - epoch 0 | global step 580 | mode train | loss 2.0808 | accuracy 12.8125 | mean_length 63.8406
09-03-21 19:10:55 - epoch 0 | global step 590 | mode train | loss 2.077 | accuracy 10.3125 | mean_length 64
09-03-21 19:12:44 - epoch 0 | global step 600 | mode train | loss 2.0772 | accuracy 14.0625 | mean_length 64
09-03-21 19:14:35 - epoch 0 | global step 610 | mode train | loss 2.0765 | accuracy 11.875 | mean_length 64
09-03-21 19:16:25 - epoch 0 | global step 620 | mode train | loss 2.0742 | accuracy 12.8125 | mean_length 64
09-03-21 19:18:15 - epoch 0 | global step 630 | mode train | loss 2.0772 | accuracy 13.4375 | mean_length 63.8219
09-03-21 19:20:08 - epoch 0 | global step 640 | mode train | loss 2.0781 | accuracy 10.3125 | mean_length 64
09-03-21 19:21:59 - epoch 0 | global step 650 | mode train | loss 2.0755 | accuracy 14.6875 | mean_length 64
09-03-21 19:23:49 - epoch 0 | global step 660 | mode train | loss 2.0885 | accuracy 9.6875 | mean_length 64
09-03-21 19:25:45 - epoch 0 | global step 670 | mode train | loss 2.0748 | accuracy 12.5 | mean_length 64
09-03-21 19:27:38 - epoch 0 | global step 680 | mode train | loss 2.0724 | accuracy 13.4375 | mean_length 64
09-03-21 19:29:30 - epoch 0 | global step 690 | mode train | loss 2.0799 | accuracy 12.1875 | mean_length 64
09-03-21 19:31:21 - epoch 0 | global step 700 | mode train | loss 2.0783 | accuracy 7.8125 | mean_length 64
09-03-21 19:33:13 - epoch 0 | global step 710 | mode train | loss 2.0828 | accuracy 10.0 | mean_length 63.8219
09-03-21 19:35:03 - epoch 0 | global step 720 | mode train | loss 2.0815 | accuracy 13.4375 | mean_length 64
09-03-21 19:36:55 - epoch 0 | global step 730 | mode train | loss 2.0826 | accuracy 10.625 | mean_length 64
09-03-21 19:38:46 - epoch 0 | global step 740 | mode train | loss 2.0803 | accuracy 14.375 | mean_length 64
09-03-21 19:40:37 - epoch 0 | global step 750 | mode train | loss 2.0814 | accuracy 12.1875 | mean_length 64
09-03-21 19:42:29 - epoch 0 | global step 760 | mode train | loss 2.0774 | accuracy 12.8125 | mean_length 64
09-03-21 19:44:21 - epoch 0 | global step 770 | mode train | loss 2.0813 | accuracy 13.75 | mean_length 64
09-03-21 19:46:12 - epoch 0 | global step 780 | mode train | loss 2.082 | accuracy 8.75 | mean_length 64
09-03-21 19:48:04 - epoch 0 | global step 790 | mode train | loss 2.0789 | accuracy 12.5 | mean_length 64
09-03-21 19:50:01 - epoch 0 | global step 800 | mode train | loss 2.0789 | accuracy 13.4375 | mean_length 64
09-03-21 19:51:53 - epoch 0 | global step 810 | mode train | loss 2.0839 | accuracy 10.3125 | mean_length 64
09-03-21 19:53:44 - epoch 0 | global step 820 | mode train | loss 2.0804 | accuracy 11.25 | mean_length 64
09-03-21 19:55:34 - epoch 0 | global step 830 | mode train | loss 2.0768 | accuracy 13.75 | mean_length 64
09-03-21 19:57:24 - epoch 0 | global step 840 | mode train | loss 2.0788 | accuracy 11.875 | mean_length 64
09-03-21 19:59:14 - epoch 0 | global step 850 | mode train | loss 2.0805 | accuracy 13.125 | mean_length 64
09-03-21 20:01:05 - epoch 0 | global step 860 | mode train | loss 2.0776 | accuracy 12.5 | mean_length 64
09-03-21 20:02:55 - epoch 0 | global step 870 | mode train | loss 2.0819 | accuracy 11.875 | mean_length 64
09-03-21 20:04:45 - epoch 0 | global step 880 | mode train | loss 2.0811 | accuracy 14.375 | mean_length 64
09-03-21 20:06:35 - epoch 0 | global step 890 | mode train | loss 2.0769 | accuracy 16.25 | mean_length 64
09-03-21 20:08:25 - epoch 0 | global step 900 | mode train | loss 2.0831 | accuracy 10.3125 | mean_length 64
09-03-21 20:10:15 - epoch 0 | global step 910 | mode train | loss 2.0795 | accuracy 13.75 | mean_length 64
09-03-21 20:12:05 - epoch 0 | global step 920 | mode train | loss 2.0821 | accuracy 10.9375 | mean_length 64
09-03-21 20:13:55 - epoch 0 | global step 930 | mode train | loss 2.0788 | accuracy 10.9375 | mean_length 64
09-03-21 20:15:45 - epoch 0 | global step 940 | mode train | loss 2.0778 | accuracy 12.8125 | mean_length 64
09-03-21 20:17:35 - epoch 0 | global step 950 | mode train | loss 2.0821 | accuracy 11.25 | mean_length 64
09-03-21 20:19:25 - epoch 0 | global step 960 | mode train | loss 2.0765 | accuracy 13.125 | mean_length 64
09-03-21 20:21:15 - epoch 0 | global step 970 | mode train | loss 2.0795 | accuracy 14.375 | mean_length 64
09-03-21 20:23:10 - epoch 0 | global step 980 | mode train | loss 2.0807 | accuracy 15.625 | mean_length 64
09-03-21 20:25:08 - epoch 0 | global step 990 | mode train | loss 2.086 | accuracy 10.625 | mean_length 64
09-03-21 20:27:00 - epoch 0 | global step 1000 | mode train | loss 2.0815 | accuracy 11.875 | mean_length 64
09-03-21 20:29:00 - epoch 0 | global step 1010 | mode train | loss 2.0806 | accuracy 13.125 | mean_length 64
09-03-21 20:30:59 - epoch 0 | global step 1020 | mode train | loss 2.0841 | accuracy 8.4375 | mean_length 64
09-03-21 20:43:13 - epoch 0 | global step 1024 | mode validation | loss 2.0801 | accuracy 12.84 | mean_length 64
09-03-21 20:44:25 - epoch 0 | global step 1030 | mode train | loss 2.0821 | accuracy 12.5 | mean_length 64
09-03-21 20:46:24 - epoch 0 | global step 1040 | mode train | loss 2.0803 | accuracy 12.8125 | mean_length 64
09-03-21 20:48:22 - epoch 0 | global step 1050 | mode train | loss 2.079 | accuracy 13.125 | mean_length 64
09-03-21 20:50:21 - epoch 0 | global step 1060 | mode train | loss 2.0798 | accuracy 13.125 | mean_length 64
09-03-21 20:52:20 - epoch 0 | global step 1070 | mode train | loss 2.0837 | accuracy 10.0 | mean_length 64
09-03-21 20:54:16 - epoch 0 | global step 1080 | mode train | loss 2.0749 | accuracy 17.1875 | mean_length 64
09-03-21 20:56:15 - epoch 0 | global step 1090 | mode train | loss 2.0792 | accuracy 12.1875 | mean_length 64
09-03-21 20:58:13 - epoch 0 | global step 1100 | mode train | loss 2.0818 | accuracy 12.1875 | mean_length 64
09-03-21 21:00:03 - epoch 0 | global step 1110 | mode train | loss 2.0796 | accuracy 10.9375 | mean_length 64
09-03-21 21:02:03 - epoch 0 | global step 1120 | mode train | loss 2.0764 | accuracy 15.9375 | mean_length 64
09-03-21 21:04:03 - epoch 0 | global step 1130 | mode train | loss 2.0821 | accuracy 10.3125 | mean_length 64
09-03-21 21:05:53 - epoch 0 | global step 1140 | mode train | loss 2.0787 | accuracy 12.5 | mean_length 64
09-03-21 21:07:52 - epoch 0 | global step 1150 | mode train | loss 2.0774 | accuracy 15.0 | mean_length 64
09-03-21 21:09:52 - epoch 0 | global step 1160 | mode train | loss 2.0809 | accuracy 11.875 | mean_length 64
09-03-21 21:11:51 - epoch 0 | global step 1170 | mode train | loss 2.0797 | accuracy 11.5625 | mean_length 64
09-03-21 21:13:41 - epoch 0 | global step 1180 | mode train | loss 2.0797 | accuracy 13.4375 | mean_length 64
09-03-21 21:15:40 - epoch 0 | global step 1190 | mode train | loss 2.0797 | accuracy 14.6875 | mean_length 64
09-03-21 21:17:39 - epoch 0 | global step 1200 | mode train | loss 2.08 | accuracy 14.375 | mean_length 64
09-03-21 21:19:38 - epoch 0 | global step 1210 | mode train | loss 2.0812 | accuracy 11.25 | mean_length 64
09-03-21 21:21:37 - epoch 0 | global step 1220 | mode train | loss 2.0781 | accuracy 13.75 | mean_length 64
09-03-21 21:23:36 - epoch 0 | global step 1230 | mode train | loss 2.081 | accuracy 12.8125 | mean_length 64
09-03-21 21:25:36 - epoch 0 | global step 1240 | mode train | loss 2.0803 | accuracy 11.875 | mean_length 64
09-03-21 21:27:29 - epoch 0 | global step 1250 | mode train | loss 2.0785 | accuracy 13.4375 | mean_length 64
09-03-21 21:29:20 - epoch 0 | global step 1260 | mode train | loss 2.0793 | accuracy 16.25 | mean_length 64
09-03-21 21:31:12 - epoch 0 | global step 1270 | mode train | loss 2.0808 | accuracy 11.875 | mean_length 64
09-03-21 21:33:02 - epoch 0 | global step 1280 | mode train | loss 2.0792 | accuracy 12.8125 | mean_length 64
09-03-21 21:34:53 - epoch 0 | global step 1290 | mode train | loss 2.08 | accuracy 12.5 | mean_length 64
09-03-21 21:36:46 - epoch 0 | global step 1300 | mode train | loss 2.0761 | accuracy 15.3125 | mean_length 64
09-03-21 21:38:39 - epoch 0 | global step 1310 | mode train | loss 2.0789 | accuracy 16.25 | mean_length 64
09-03-21 21:40:31 - epoch 0 | global step 1320 | mode train | loss 2.0798 | accuracy 13.125 | mean_length 64
09-03-21 21:42:24 - epoch 0 | global step 1330 | mode train | loss 2.0785 | accuracy 14.6875 | mean_length 64
09-03-21 21:44:17 - epoch 0 | global step 1340 | mode train | loss 2.0786 | accuracy 15.3125 | mean_length 64
09-03-21 21:46:09 - epoch 0 | global step 1350 | mode train | loss 2.0813 | accuracy 13.75 | mean_length 64
09-03-21 21:48:00 - epoch 0 | global step 1360 | mode train | loss 2.0827 | accuracy 11.25 | mean_length 64
09-03-21 21:49:51 - epoch 0 | global step 1370 | mode train | loss 2.0821 | accuracy 10.3125 | mean_length 64
09-03-21 21:51:42 - epoch 0 | global step 1380 | mode train | loss 2.0818 | accuracy 9.375 | mean_length 64
09-03-21 21:53:34 - epoch 0 | global step 1390 | mode train | loss 2.0805 | accuracy 10.0 | mean_length 64
09-03-21 21:55:25 - epoch 0 | global step 1400 | mode train | loss 2.0781 | accuracy 13.75 | mean_length 64
09-03-21 21:57:18 - epoch 0 | global step 1410 | mode train | loss 2.0814 | accuracy 13.75 | mean_length 64
09-03-21 21:59:09 - epoch 0 | global step 1420 | mode train | loss 2.0818 | accuracy 11.875 | mean_length 64
09-03-21 22:01:01 - epoch 0 | global step 1430 | mode train | loss 2.0799 | accuracy 13.4375 | mean_length 64
09-03-21 22:02:53 - epoch 0 | global step 1440 | mode train | loss 2.0785 | accuracy 14.0625 | mean_length 64
09-03-21 22:04:44 - epoch 0 | global step 1450 | mode train | loss 2.0827 | accuracy 10.625 | mean_length 64
09-03-21 22:06:34 - epoch 0 | global step 1460 | mode train | loss 2.0821 | accuracy 11.875 | mean_length 64
09-03-21 22:08:24 - epoch 0 | global step 1470 | mode train | loss 2.0776 | accuracy 15.0 | mean_length 64
09-03-21 22:10:13 - epoch 0 | global step 1480 | mode train | loss 2.0824 | accuracy 13.4375 | mean_length 64
09-03-21 22:12:03 - epoch 0 | global step 1490 | mode train | loss 2.0789 | accuracy 10.0 | mean_length 64
09-03-21 22:13:53 - epoch 0 | global step 1500 | mode train | loss 2.079 | accuracy 16.875 | mean_length 64
09-03-21 22:15:44 - epoch 0 | global step 1510 | mode train | loss 2.0813 | accuracy 11.5625 | mean_length 64
09-03-21 22:17:34 - epoch 0 | global step 1520 | mode train | loss 2.0778 | accuracy 13.125 | mean_length 64
09-03-21 22:19:24 - epoch 0 | global step 1530 | mode train | loss 2.0831 | accuracy 11.875 | mean_length 64
09-03-21 22:30:12 - epoch 0 | global step 1536 | mode validation | loss 2.0797 | accuracy 12.56 | mean_length 64
09-03-21 22:30:57 - epoch 0 | global step 1540 | mode train | loss 2.0781 | accuracy 13.75 | mean_length 64
09-03-21 22:32:57 - epoch 0 | global step 1550 | mode train | loss 2.0799 | accuracy 11.5625 | mean_length 64
09-03-21 22:34:47 - epoch 0 | global step 1560 | mode train | loss 2.0791 | accuracy 13.125 | mean_length 64
09-03-21 22:36:47 - epoch 0 | global step 1570 | mode train | loss 2.0795 | accuracy 15.0 | mean_length 64
09-03-21 22:38:46 - epoch 0 | global step 1580 | mode train | loss 2.0781 | accuracy 16.5625 | mean_length 64
09-03-21 22:40:46 - epoch 0 | global step 1590 | mode train | loss 2.0804 | accuracy 13.125 | mean_length 64
09-03-21 22:42:46 - epoch 0 | global step 1600 | mode train | loss 2.0831 | accuracy 9.6875 | mean_length 64
09-03-21 22:44:45 - epoch 0 | global step 1610 | mode train | loss 2.0814 | accuracy 12.1875 | mean_length 64
09-03-21 22:46:45 - epoch 0 | global step 1620 | mode train | loss 2.0803 | accuracy 14.0625 | mean_length 64
09-03-21 22:48:45 - epoch 0 | global step 1630 | mode train | loss 2.0835 | accuracy 11.25 | mean_length 64
09-03-21 22:50:44 - epoch 0 | global step 1640 | mode train | loss 2.0773 | accuracy 16.875 | mean_length 64
09-03-21 22:52:44 - epoch 0 | global step 1650 | mode train | loss 2.0816 | accuracy 11.5625 | mean_length 64
09-03-21 22:54:44 - epoch 0 | global step 1660 | mode train | loss 2.0842 | accuracy 9.6875 | mean_length 64
09-03-21 22:56:44 - epoch 0 | global step 1670 | mode train | loss 2.0785 | accuracy 15.625 | mean_length 64
09-03-21 22:58:34 - epoch 0 | global step 1680 | mode train | loss 2.0799 | accuracy 12.1875 | mean_length 64
09-03-21 23:00:33 - epoch 0 | global step 1690 | mode train | loss 2.0775 | accuracy 14.375 | mean_length 64
09-03-21 23:02:23 - epoch 0 | global step 1700 | mode train | loss 2.0789 | accuracy 14.0625 | mean_length 64
09-03-21 23:04:23 - epoch 0 | global step 1710 | mode train | loss 2.0842 | accuracy 8.75 | mean_length 64
09-03-21 23:06:23 - epoch 0 | global step 1720 | mode train | loss 2.0802 | accuracy 12.5 | mean_length 64
09-03-21 23:08:13 - epoch 0 | global step 1730 | mode train | loss 2.0802 | accuracy 11.5625 | mean_length 64
09-03-21 23:10:12 - epoch 0 | global step 1740 | mode train | loss 2.0825 | accuracy 10.625 | mean_length 64
09-03-21 23:12:12 - epoch 0 | global step 1750 | mode train | loss 2.0801 | accuracy 12.5 | mean_length 64
09-03-21 23:14:12 - epoch 0 | global step 1760 | mode train | loss 2.08 | accuracy 12.1875 | mean_length 64
09-03-21 23:16:02 - epoch 0 | global step 1770 | mode train | loss 2.0789 | accuracy 13.4375 | mean_length 64
09-03-21 23:18:02 - epoch 0 | global step 1780 | mode train | loss 2.0774 | accuracy 10.625 | mean_length 64
09-03-21 23:19:53 - epoch 0 | global step 1790 | mode train | loss 2.0827 | accuracy 11.875 | mean_length 64
09-03-21 23:21:53 - epoch 0 | global step 1800 | mode train | loss 2.0796 | accuracy 15.3125 | mean_length 64
09-03-21 23:23:52 - epoch 0 | global step 1810 | mode train | loss 2.0773 | accuracy 14.375 | mean_length 64
09-03-21 23:25:52 - epoch 0 | global step 1820 | mode train | loss 2.0812 | accuracy 12.5 | mean_length 64
09-03-21 23:27:42 - epoch 0 | global step 1830 | mode train | loss 2.0776 | accuracy 11.25 | mean_length 64
09-03-21 23:29:42 - epoch 0 | global step 1840 | mode train | loss 2.0778 | accuracy 11.5625 | mean_length 64
09-03-21 23:31:40 - epoch 0 | global step 1850 | mode train | loss 2.0817 | accuracy 11.25 | mean_length 64
09-03-21 23:33:31 - epoch 0 | global step 1860 | mode train | loss 2.0802 | accuracy 12.5 | mean_length 64
09-03-21 23:35:24 - epoch 0 | global step 1870 | mode train | loss 2.0807 | accuracy 11.5625 | mean_length 64
09-03-21 23:37:15 - epoch 0 | global step 1880 | mode train | loss 2.0803 | accuracy 10.3125 | mean_length 64
09-03-21 23:39:05 - epoch 0 | global step 1890 | mode train | loss 2.0814 | accuracy 12.1875 | mean_length 64
09-03-21 23:40:56 - epoch 0 | global step 1900 | mode train | loss 2.0822 | accuracy 12.8125 | mean_length 64
09-03-21 23:42:48 - epoch 0 | global step 1910 | mode train | loss 2.0801 | accuracy 10.9375 | mean_length 64
09-03-21 23:44:40 - epoch 0 | global step 1920 | mode train | loss 2.0776 | accuracy 12.1875 | mean_length 64
09-03-21 23:46:32 - epoch 0 | global step 1930 | mode train | loss 2.0791 | accuracy 12.1875 | mean_length 64
09-03-21 23:48:23 - epoch 0 | global step 1940 | mode train | loss 2.0783 | accuracy 14.0625 | mean_length 64
09-03-21 23:50:15 - epoch 0 | global step 1950 | mode train | loss 2.0832 | accuracy 12.5 | mean_length 64
09-03-21 23:52:06 - epoch 0 | global step 1960 | mode train | loss 2.0795 | accuracy 12.8125 | mean_length 64
09-03-21 23:53:57 - epoch 0 | global step 1970 | mode train | loss 2.0811 | accuracy 12.8125 | mean_length 64
09-03-21 23:55:48 - epoch 0 | global step 1980 | mode train | loss 2.0823 | accuracy 10.9375 | mean_length 64
09-03-21 23:57:40 - epoch 0 | global step 1990 | mode train | loss 2.0814 | accuracy 10.0 | mean_length 64
09-03-21 23:59:33 - epoch 0 | global step 2000 | mode train | loss 2.081 | accuracy 9.6875 | mean_length 64
09-04-21 00:01:25 - epoch 0 | global step 2010 | mode train | loss 2.0796 | accuracy 12.1875 | mean_length 64
09-04-21 00:03:18 - epoch 0 | global step 2020 | mode train | loss 2.0811 | accuracy 9.0625 | mean_length 64
09-04-21 00:05:10 - epoch 0 | global step 2030 | mode train | loss 2.0814 | accuracy 12.1875 | mean_length 64
09-04-21 00:07:03 - epoch 0 | global step 2040 | mode train | loss 2.0833 | accuracy 11.5625 | mean_length 64
09-04-21 00:18:14 - epoch 0 | global step 2048 | mode validation | loss 2.0799 | accuracy 12.6 | mean_length 64
09-04-21 00:18:36 - epoch 0 | global step 2050 | mode train | loss 2.0792 | accuracy 10.9375 | mean_length 64
09-04-21 00:20:28 - epoch 0 | global step 2060 | mode train | loss 2.0774 | accuracy 11.5625 | mean_length 64
09-04-21 00:22:20 - epoch 0 | global step 2070 | mode train | loss 2.0796 | accuracy 13.75 | mean_length 64
09-04-21 00:24:10 - epoch 0 | global step 2080 | mode train | loss 2.0781 | accuracy 13.75 | mean_length 64
09-04-21 00:26:03 - epoch 0 | global step 2090 | mode train | loss 2.0804 | accuracy 11.5625 | mean_length 64
09-04-21 00:28:00 - epoch 0 | global step 2100 | mode train | loss 2.0792 | accuracy 13.75 | mean_length 64
09-04-21 00:29:52 - epoch 0 | global step 2110 | mode train | loss 2.0812 | accuracy 12.8125 | mean_length 64
09-04-21 00:31:43 - epoch 0 | global step 2120 | mode train | loss 2.0814 | accuracy 10.9375 | mean_length 64
09-04-21 00:33:33 - epoch 0 | global step 2130 | mode train | loss 2.0796 | accuracy 13.4375 | mean_length 64
09-04-21 00:35:23 - epoch 0 | global step 2140 | mode train | loss 2.0784 | accuracy 12.5 | mean_length 64
09-04-21 00:37:13 - epoch 0 | global step 2150 | mode train | loss 2.0777 | accuracy 14.375 | mean_length 64
09-04-21 00:39:03 - epoch 0 | global step 2160 | mode train | loss 2.0776 | accuracy 15.9375 | mean_length 64
09-04-21 00:40:53 - epoch 0 | global step 2170 | mode train | loss 2.0778 | accuracy 16.25 | mean_length 64
09-04-21 00:42:43 - epoch 0 | global step 2180 | mode train | loss 2.08 | accuracy 15.0 | mean_length 64
09-04-21 00:44:34 - epoch 0 | global step 2190 | mode train | loss 2.0808 | accuracy 10.9375 | mean_length 64
09-04-21 00:46:27 - epoch 0 | global step 2200 | mode train | loss 2.0794 | accuracy 13.4375 | mean_length 64
09-04-21 00:48:18 - epoch 0 | global step 2210 | mode train | loss 2.082 | accuracy 14.6875 | mean_length 64
09-04-21 00:50:08 - epoch 0 | global step 2220 | mode train | loss 2.0776 | accuracy 12.8125 | mean_length 64
09-04-21 00:51:58 - epoch 0 | global step 2230 | mode train | loss 2.0812 | accuracy 12.1875 | mean_length 64
09-04-21 00:53:48 - epoch 0 | global step 2240 | mode train | loss 2.0824 | accuracy 11.5625 | mean_length 64
09-04-21 00:55:38 - epoch 0 | global step 2250 | mode train | loss 2.0779 | accuracy 13.75 | mean_length 64
09-04-21 00:57:29 - epoch 0 | global step 2260 | mode train | loss 2.0794 | accuracy 14.6875 | mean_length 64
09-04-21 00:59:19 - epoch 0 | global step 2270 | mode train | loss 2.0797 | accuracy 11.25 | mean_length 64
09-04-21 01:01:10 - epoch 0 | global step 2280 | mode train | loss 2.0835 | accuracy 11.875 | mean_length 64
09-04-21 01:03:01 - epoch 0 | global step 2290 | mode train | loss 2.0802 | accuracy 13.75 | mean_length 64
09-04-21 01:04:52 - epoch 0 | global step 2300 | mode train | loss 2.0788 | accuracy 12.5 | mean_length 64
09-04-21 01:06:43 - epoch 0 | global step 2310 | mode train | loss 2.0825 | accuracy 12.8125 | mean_length 64
09-04-21 01:08:33 - epoch 0 | global step 2320 | mode train | loss 2.0791 | accuracy 12.5 | mean_length 64
09-04-21 01:10:23 - epoch 0 | global step 2330 | mode train | loss 2.0806 | accuracy 10.625 | mean_length 64
09-04-21 01:12:15 - epoch 0 | global step 2340 | mode train | loss 2.0775 | accuracy 12.8125 | mean_length 64
09-04-21 01:14:06 - epoch 0 | global step 2350 | mode train | loss 2.0788 | accuracy 13.125 | mean_length 64
09-04-21 01:15:57 - epoch 0 | global step 2360 | mode train | loss 2.0789 | accuracy 10.625 | mean_length 64
09-04-21 01:17:48 - epoch 0 | global step 2370 | mode train | loss 2.0794 | accuracy 12.5 | mean_length 64
09-04-21 01:19:39 - epoch 0 | global step 2380 | mode train | loss 2.0791 | accuracy 13.4375 | mean_length 64
09-04-21 01:21:29 - epoch 0 | global step 2390 | mode train | loss 2.0809 | accuracy 11.5625 | mean_length 64
09-04-21 01:23:20 - epoch 0 | global step 2400 | mode train | loss 2.0814 | accuracy 11.875 | mean_length 64
09-04-21 01:25:12 - epoch 0 | global step 2410 | mode train | loss 2.0789 | accuracy 13.75 | mean_length 64
09-04-21 01:27:03 - epoch 0 | global step 2420 | mode train | loss 2.079 | accuracy 13.4375 | mean_length 64
09-04-21 01:28:53 - epoch 0 | global step 2430 | mode train | loss 2.0795 | accuracy 12.1875 | mean_length 64
09-04-21 01:30:44 - epoch 0 | global step 2440 | mode train | loss 2.0798 | accuracy 13.4375 | mean_length 64
09-04-21 01:32:36 - epoch 0 | global step 2450 | mode train | loss 2.0807 | accuracy 13.4375 | mean_length 64
09-04-21 01:34:27 - epoch 0 | global step 2460 | mode train | loss 2.0797 | accuracy 13.125 | mean_length 64
09-04-21 01:36:18 - epoch 0 | global step 2470 | mode train | loss 2.0809 | accuracy 12.8125 | mean_length 64
09-04-21 01:38:11 - epoch 0 | global step 2480 | mode train | loss 2.0795 | accuracy 12.8125 | mean_length 64
09-04-21 01:40:04 - epoch 0 | global step 2490 | mode train | loss 2.0817 | accuracy 15.3125 | mean_length 64
09-04-21 01:41:55 - epoch 0 | global step 2500 | mode train | loss 2.0822 | accuracy 8.75 | mean_length 64
09-04-21 01:43:47 - epoch 0 | global step 2510 | mode train | loss 2.0787 | accuracy 13.125 | mean_length 64
09-04-21 01:45:39 - epoch 0 | global step 2520 | mode train | loss 2.0785 | accuracy 13.125 | mean_length 64
09-04-21 01:47:32 - epoch 0 | global step 2530 | mode train | loss 2.0777 | accuracy 13.75 | mean_length 64
09-04-21 01:49:32 - epoch 0 | global step 2540 | mode train | loss 2.0803 | accuracy 12.1875 | mean_length 64
09-04-21 01:51:32 - epoch 0 | global step 2550 | mode train | loss 2.0779 | accuracy 13.125 | mean_length 64
09-04-21 01:53:31 - epoch 0 | global step 2560 | mode train | loss 2.0806 | accuracy 12.1875 | mean_length 64
09-04-21 02:03:16 - epoch 0 | global step 2560 | mode validation | loss 2.0796 | accuracy 11.98 | mean_length 64
09-04-21 02:05:15 - epoch 0 | global step 2570 | mode train | loss 2.0823 | accuracy 10.9375 | mean_length 64
09-04-21 02:07:15 - epoch 0 | global step 2580 | mode train | loss 2.0815 | accuracy 9.375 | mean_length 64
09-04-21 02:09:05 - epoch 0 | global step 2590 | mode train | loss 2.0784 | accuracy 12.1875 | mean_length 64
09-04-21 02:11:04 - epoch 0 | global step 2600 | mode train | loss 2.0808 | accuracy 8.125 | mean_length 64
09-04-21 02:13:04 - epoch 0 | global step 2610 | mode train | loss 2.0788 | accuracy 12.8125 | mean_length 64
09-04-21 02:14:54 - epoch 0 | global step 2620 | mode train | loss 2.0797 | accuracy 13.75 | mean_length 64
09-04-21 02:16:53 - epoch 0 | global step 2630 | mode train | loss 2.0806 | accuracy 10.625 | mean_length 64
09-04-21 02:18:53 - epoch 0 | global step 2640 | mode train | loss 2.0818 | accuracy 12.1875 | mean_length 64
09-04-21 02:20:43 - epoch 0 | global step 2650 | mode train | loss 2.0808 | accuracy 13.4375 | mean_length 64
09-04-21 02:22:34 - epoch 0 | global step 2660 | mode train | loss 2.0824 | accuracy 14.0625 | mean_length 64
09-04-21 02:24:33 - epoch 0 | global step 2670 | mode train | loss 2.0775 | accuracy 14.0625 | mean_length 64
09-04-21 02:26:23 - epoch 0 | global step 2680 | mode train | loss 2.0776 | accuracy 14.375 | mean_length 64
09-04-21 02:28:13 - epoch 0 | global step 2690 | mode train | loss 2.0807 | accuracy 10.625 | mean_length 64
09-04-21 02:30:12 - epoch 0 | global step 2700 | mode train | loss 2.0817 | accuracy 13.75 | mean_length 64
09-04-21 02:32:12 - epoch 0 | global step 2710 | mode train | loss 2.0796 | accuracy 10.0 | mean_length 64
09-04-21 02:34:02 - epoch 0 | global step 2720 | mode train | loss 2.0795 | accuracy 12.1875 | mean_length 64
09-04-21 02:36:01 - epoch 0 | global step 2730 | mode train | loss 2.0782 | accuracy 14.375 | mean_length 64
09-04-21 02:38:01 - epoch 0 | global step 2740 | mode train | loss 2.0781 | accuracy 12.5 | mean_length 64
09-04-21 02:40:01 - epoch 0 | global step 2750 | mode train | loss 2.0817 | accuracy 10.625 | mean_length 64
09-04-21 02:41:50 - epoch 0 | global step 2760 | mode train | loss 2.0784 | accuracy 11.25 | mean_length 64
09-04-21 02:43:50 - epoch 0 | global step 2770 | mode train | loss 2.0794 | accuracy 15.0 | mean_length 64
09-04-21 02:45:49 - epoch 0 | global step 2780 | mode train | loss 2.0775 | accuracy 14.0625 | mean_length 64
09-04-21 02:47:49 - epoch 0 | global step 2790 | mode train | loss 2.0776 | accuracy 13.75 | mean_length 64
09-04-21 02:49:39 - epoch 0 | global step 2800 | mode train | loss 2.0786 | accuracy 14.0625 | mean_length 64
09-04-21 02:51:38 - epoch 0 | global step 2810 | mode train | loss 2.0811 | accuracy 10.3125 | mean_length 64
09-04-21 02:53:28 - epoch 0 | global step 2820 | mode train | loss 2.0817 | accuracy 9.6875 | mean_length 64
09-04-21 02:55:19 - epoch 0 | global step 2830 | mode train | loss 2.0805 | accuracy 11.5625 | mean_length 64
09-04-21 02:57:13 - epoch 0 | global step 2840 | mode train | loss 2.0801 | accuracy 10.9375 | mean_length 64
09-04-21 02:59:12 - epoch 0 | global step 2850 | mode train | loss 2.0789 | accuracy 12.8125 | mean_length 64
09-04-21 03:01:05 - epoch 0 | global step 2860 | mode train | loss 2.077 | accuracy 15.3125 | mean_length 64
09-04-21 03:03:00 - epoch 0 | global step 2870 | mode train | loss 2.0788 | accuracy 13.125 | mean_length 64
09-04-21 03:04:52 - epoch 0 | global step 2880 | mode train | loss 2.0817 | accuracy 10.0 | mean_length 64
09-04-21 03:06:42 - epoch 0 | global step 2890 | mode train | loss 2.0807 | accuracy 9.375 | mean_length 64
09-04-21 03:08:33 - epoch 0 | global step 2900 | mode train | loss 2.0797 | accuracy 12.5 | mean_length 64
09-04-21 03:10:24 - epoch 0 | global step 2910 | mode train | loss 2.0808 | accuracy 8.4375 | mean_length 64
09-04-21 03:12:18 - epoch 0 | global step 2920 | mode train | loss 2.0781 | accuracy 11.875 | mean_length 64
09-04-21 03:14:14 - epoch 0 | global step 2930 | mode train | loss 2.077 | accuracy 11.5625 | mean_length 64
09-04-21 03:16:05 - epoch 0 | global step 2940 | mode train | loss 2.0787 | accuracy 12.1875 | mean_length 64
09-04-21 03:17:58 - epoch 0 | global step 2950 | mode train | loss 2.074 | accuracy 10.9375 | mean_length 64
09-04-21 03:19:50 - epoch 0 | global step 2960 | mode train | loss 2.0253 | accuracy 14.6875 | mean_length 63.5844
09-04-21 03:21:41 - epoch 0 | global step 2970 | mode train | loss 2.0779 | accuracy 11.875 | mean_length 64
09-04-21 03:23:32 - epoch 0 | global step 2980 | mode train | loss 2.08 | accuracy 13.75 | mean_length 64
09-04-21 03:25:23 - epoch 0 | global step 2990 | mode train | loss 2.0797 | accuracy 12.5 | mean_length 64
09-04-21 03:27:15 - epoch 0 | global step 3000 | mode train | loss 2.0819 | accuracy 10.625 | mean_length 64
09-04-21 03:29:06 - epoch 0 | global step 3010 | mode train | loss 2.0798 | accuracy 11.25 | mean_length 64
09-04-21 03:30:57 - epoch 0 | global step 3020 | mode train | loss 2.0793 | accuracy 11.875 | mean_length 64
09-04-21 03:32:50 - epoch 0 | global step 3030 | mode train | loss 2.0819 | accuracy 10.0 | mean_length 64
09-04-21 03:34:42 - epoch 0 | global step 3040 | mode train | loss 2.0793 | accuracy 12.8125 | mean_length 64
09-04-21 03:36:33 - epoch 0 | global step 3050 | mode train | loss 2.0804 | accuracy 13.125 | mean_length 64
09-04-21 03:38:24 - epoch 0 | global step 3060 | mode train | loss 2.078 | accuracy 13.125 | mean_length 64
09-04-21 03:40:15 - epoch 0 | global step 3070 | mode train | loss 2.0829 | accuracy 12.1875 | mean_length 64
09-04-21 03:50:19 - epoch 0 | global step 3072 | mode validation | loss 2.0798 | accuracy 12.64 | mean_length 64
09-04-21 03:51:48 - epoch 0 | global step 3080 | mode train | loss 2.0807 | accuracy 11.25 | mean_length 64
09-04-21 03:53:41 - epoch 0 | global step 3090 | mode train | loss 2.0789 | accuracy 14.0625 | mean_length 64
09-04-21 03:55:33 - epoch 0 | global step 3100 | mode train | loss 2.0791 | accuracy 13.125 | mean_length 64
09-04-21 03:57:24 - epoch 0 | global step 3110 | mode train | loss 2.0788 | accuracy 13.125 | mean_length 64
09-04-21 03:59:15 - epoch 0 | global step 3120 | mode train | loss 2.0806 | accuracy 12.1875 | mean_length 64
09-04-21 04:01:05 - epoch 0 | global step 3130 | mode train | loss 2.0821 | accuracy 9.375 | mean_length 64
09-04-21 04:02:55 - epoch 0 | global step 3140 | mode train | loss 2.0798 | accuracy 9.6875 | mean_length 64
09-04-21 04:04:45 - epoch 0 | global step 3150 | mode train | loss 2.0816 | accuracy 12.8125 | mean_length 64
09-04-21 04:06:35 - epoch 0 | global step 3160 | mode train | loss 2.0797 | accuracy 12.8125 | mean_length 64
09-04-21 04:08:25 - epoch 0 | global step 3170 | mode train | loss 2.0808 | accuracy 12.1875 | mean_length 64
09-04-21 04:10:15 - epoch 0 | global step 3180 | mode train | loss 2.0797 | accuracy 11.875 | mean_length 64
09-04-21 04:12:05 - epoch 0 | global step 3190 | mode train | loss 2.0796 | accuracy 11.875 | mean_length 64
09-04-21 04:13:55 - epoch 0 | global step 3200 | mode train | loss 2.0801 | accuracy 12.8125 | mean_length 64
09-04-21 04:15:46 - epoch 0 | global step 3210 | mode train | loss 2.0803 | accuracy 14.6875 | mean_length 64
09-04-21 04:17:36 - epoch 0 | global step 3220 | mode train | loss 2.0826 | accuracy 11.25 | mean_length 64
09-04-21 04:19:28 - epoch 1 | global step 3230 | mode train | loss 2.0798 | accuracy 11.25 | mean_length 64
09-04-21 04:21:18 - epoch 1 | global step 3240 | mode train | loss 2.0785 | accuracy 11.25 | mean_length 64
09-04-21 04:23:08 - epoch 1 | global step 3250 | mode train | loss 2.0815 | accuracy 10.625 | mean_length 64
09-04-21 04:24:58 - epoch 1 | global step 3260 | mode train | loss 2.0787 | accuracy 15.0 | mean_length 64
09-04-21 04:26:48 - epoch 1 | global step 3270 | mode train | loss 2.0786 | accuracy 13.4375 | mean_length 64
09-04-21 04:28:38 - epoch 1 | global step 3280 | mode train | loss 2.0792 | accuracy 16.25 | mean_length 64
09-04-21 04:30:28 - epoch 1 | global step 3290 | mode train | loss 2.0783 | accuracy 12.5 | mean_length 64
09-04-21 04:32:18 - epoch 1 | global step 3300 | mode train | loss 2.0782 | accuracy 13.4375 | mean_length 64
09-04-21 04:34:08 - epoch 1 | global step 3310 | mode train | loss 2.081 | accuracy 10.3125 | mean_length 64
09-04-21 04:35:58 - epoch 1 | global step 3320 | mode train | loss 2.0786 | accuracy 10.625 | mean_length 64
09-04-21 04:37:48 - epoch 1 | global step 3330 | mode train | loss 2.08 | accuracy 11.875 | mean_length 64
09-04-21 04:39:38 - epoch 1 | global step 3340 | mode train | loss 2.0812 | accuracy 8.75 | mean_length 64
09-04-21 04:41:28 - epoch 1 | global step 3350 | mode train | loss 2.0806 | accuracy 12.1875 | mean_length 64
09-04-21 04:43:18 - epoch 1 | global step 3360 | mode train | loss 2.0793 | accuracy 13.4375 | mean_length 64
09-04-21 04:45:10 - epoch 1 | global step 3370 | mode train | loss 2.0794 | accuracy 17.1875 | mean_length 64
09-04-21 04:47:00 - epoch 1 | global step 3380 | mode train | loss 2.0807 | accuracy 11.875 | mean_length 64
09-04-21 04:48:51 - epoch 1 | global step 3390 | mode train | loss 2.0776 | accuracy 13.75 | mean_length 64
09-04-21 04:50:41 - epoch 1 | global step 3400 | mode train | loss 2.0795 | accuracy 12.5 | mean_length 64
09-04-21 04:52:31 - epoch 1 | global step 3410 | mode train | loss 2.0791 | accuracy 10.625 | mean_length 64
09-04-21 04:54:22 - epoch 1 | global step 3420 | mode train | loss 2.0794 | accuracy 11.5625 | mean_length 64
09-04-21 04:56:12 - epoch 1 | global step 3430 | mode train | loss 2.0794 | accuracy 12.1875 | mean_length 64
09-04-21 04:58:02 - epoch 1 | global step 3440 | mode train | loss 2.0799 | accuracy 12.1875 | mean_length 64
09-04-21 04:59:53 - epoch 1 | global step 3450 | mode train | loss 2.0799 | accuracy 13.75 | mean_length 64
09-04-21 05:01:47 - epoch 1 | global step 3460 | mode train | loss 2.0792 | accuracy 14.0625 | mean_length 64
09-04-21 05:03:40 - epoch 1 | global step 3470 | mode train | loss 2.08 | accuracy 13.125 | mean_length 64
09-04-21 05:05:32 - epoch 1 | global step 3480 | mode train | loss 2.0806 | accuracy 10.9375 | mean_length 64
09-04-21 05:07:25 - epoch 1 | global step 3490 | mode train | loss 2.0793 | accuracy 13.75 | mean_length 64
09-04-21 05:09:18 - epoch 1 | global step 3500 | mode train | loss 2.0802 | accuracy 13.75 | mean_length 64
09-04-21 05:11:12 - epoch 1 | global step 3510 | mode train | loss 2.0777 | accuracy 14.375 | mean_length 64
09-04-21 05:13:05 - epoch 1 | global step 3520 | mode train | loss 2.0804 | accuracy 12.1875 | mean_length 64
09-04-21 05:14:58 - epoch 1 | global step 3530 | mode train | loss 2.0793 | accuracy 15.3125 | mean_length 64
09-04-21 05:16:51 - epoch 1 | global step 3540 | mode train | loss 2.0801 | accuracy 11.875 | mean_length 64
09-04-21 05:18:44 - epoch 1 | global step 3550 | mode train | loss 2.0806 | accuracy 10.0 | mean_length 64
09-04-21 05:20:37 - epoch 1 | global step 3560 | mode train | loss 2.079 | accuracy 14.6875 | mean_length 64
09-04-21 05:22:31 - epoch 1 | global step 3570 | mode train | loss 2.0794 | accuracy 11.25 | mean_length 64
09-04-21 05:24:24 - epoch 1 | global step 3580 | mode train | loss 2.0803 | accuracy 12.1875 | mean_length 64
09-04-21 05:34:49 - epoch 1 | global step 3584 | mode validation | loss 2.0795 | accuracy 12.68 | mean_length 64
09-04-21 05:35:57 - epoch 1 | global step 3590 | mode train | loss 2.0813 | accuracy 12.5 | mean_length 64
09-04-21 05:37:49 - epoch 1 | global step 3600 | mode train | loss 2.0791 | accuracy 10.625 | mean_length 64
09-04-21 05:39:39 - epoch 1 | global step 3610 | mode train | loss 2.0799 | accuracy 11.25 | mean_length 64
09-04-21 05:41:31 - epoch 1 | global step 3620 | mode train | loss 2.0803 | accuracy 10.9375 | mean_length 64
09-04-21 05:43:21 - epoch 1 | global step 3630 | mode train | loss 2.0795 | accuracy 12.8125 | mean_length 64
09-04-21 05:45:12 - epoch 1 | global step 3640 | mode train | loss 2.0778 | accuracy 15.625 | mean_length 64
09-04-21 05:47:05 - epoch 1 | global step 3650 | mode train | loss 2.0773 | accuracy 15.9375 | mean_length 64
09-04-21 05:48:55 - epoch 1 | global step 3660 | mode train | loss 2.0792 | accuracy 13.75 | mean_length 64
09-04-21 05:50:48 - epoch 1 | global step 3670 | mode train | loss 2.0814 | accuracy 14.0625 | mean_length 64
09-04-21 05:52:41 - epoch 1 | global step 3680 | mode train | loss 2.0797 | accuracy 11.5625 | mean_length 64
09-04-21 05:54:31 - epoch 1 | global step 3690 | mode train | loss 2.082 | accuracy 9.0625 | mean_length 64
09-04-21 05:56:22 - epoch 1 | global step 3700 | mode train | loss 2.0785 | accuracy 13.75 | mean_length 64
09-04-21 05:58:15 - epoch 1 | global step 3710 | mode train | loss 2.0788 | accuracy 13.125 | mean_length 64
09-04-21 06:00:08 - epoch 1 | global step 3720 | mode train | loss 2.0802 | accuracy 13.75 | mean_length 64
09-04-21 06:01:59 - epoch 1 | global step 3730 | mode train | loss 2.0795 | accuracy 14.6875 | mean_length 64
09-04-21 06:03:52 - epoch 1 | global step 3740 | mode train | loss 2.08 | accuracy 15.0 | mean_length 64
09-04-21 06:05:45 - epoch 1 | global step 3750 | mode train | loss 2.0786 | accuracy 12.8125 | mean_length 64
09-04-21 06:07:37 - epoch 1 | global step 3760 | mode train | loss 2.0804 | accuracy 10.9375 | mean_length 64
09-04-21 06:09:28 - epoch 1 | global step 3770 | mode train | loss 2.0809 | accuracy 9.6875 | mean_length 64
09-04-21 06:11:20 - epoch 1 | global step 3780 | mode train | loss 2.0808 | accuracy 10.9375 | mean_length 64
09-04-21 06:13:12 - epoch 1 | global step 3790 | mode train | loss 2.0788 | accuracy 11.25 | mean_length 64
09-04-21 06:15:05 - epoch 1 | global step 3800 | mode train | loss 2.0802 | accuracy 13.75 | mean_length 64
09-04-21 06:16:56 - epoch 1 | global step 3810 | mode train | loss 2.079 | accuracy 13.125 | mean_length 64
09-04-21 06:18:48 - epoch 1 | global step 3820 | mode train | loss 2.0797 | accuracy 13.125 | mean_length 64
09-04-21 06:20:41 - epoch 1 | global step 3830 | mode train | loss 2.0803 | accuracy 12.5 | mean_length 64
09-04-21 06:22:33 - epoch 1 | global step 3840 | mode train | loss 2.081 | accuracy 14.375 | mean_length 64
09-04-21 06:24:26 - epoch 1 | global step 3850 | mode train | loss 2.0794 | accuracy 12.5 | mean_length 64
09-04-21 06:26:18 - epoch 1 | global step 3860 | mode train | loss 2.0779 | accuracy 16.5625 | mean_length 64
09-04-21 06:28:09 - epoch 1 | global step 3870 | mode train | loss 2.0809 | accuracy 13.4375 | mean_length 64
09-04-21 06:30:01 - epoch 1 | global step 3880 | mode train | loss 2.0793 | accuracy 11.25 | mean_length 64
09-04-21 06:31:52 - epoch 1 | global step 3890 | mode train | loss 2.0782 | accuracy 14.6875 | mean_length 64
09-04-21 06:33:44 - epoch 1 | global step 3900 | mode train | loss 2.0787 | accuracy 15.9375 | mean_length 64
09-04-21 06:35:35 - epoch 1 | global step 3910 | mode train | loss 2.0796 | accuracy 10.9375 | mean_length 64
09-04-21 06:37:25 - epoch 1 | global step 3920 | mode train | loss 2.0795 | accuracy 10.3125 | mean_length 64
09-04-21 06:39:15 - epoch 1 | global step 3930 | mode train | loss 2.0804 | accuracy 13.75 | mean_length 64
09-04-21 06:41:06 - epoch 1 | global step 3940 | mode train | loss 2.0807 | accuracy 10.9375 | mean_length 64
09-04-21 06:42:59 - epoch 1 | global step 3950 | mode train | loss 2.0811 | accuracy 11.875 | mean_length 64
09-04-21 06:44:53 - epoch 1 | global step 3960 | mode train | loss 2.079 | accuracy 9.375 | mean_length 64
09-04-21 06:46:47 - epoch 1 | global step 3970 | mode train | loss 2.0779 | accuracy 11.875 | mean_length 64
09-04-21 06:48:41 - epoch 1 | global step 3980 | mode train | loss 2.0704 | accuracy 15.625 | mean_length 64
09-04-21 06:50:36 - epoch 1 | global step 3990 | mode train | loss 2.0725 | accuracy 10.3125 | mean_length 64
09-04-21 06:52:30 - epoch 1 | global step 4000 | mode train | loss 2.0633 | accuracy 10.3125 | mean_length 64
09-04-21 06:54:24 - epoch 1 | global step 4010 | mode train | loss 2.045 | accuracy 14.0625 | mean_length 64
09-04-21 06:56:14 - epoch 1 | global step 4020 | mode train | loss 2.0538 | accuracy 12.5 | mean_length 64
09-04-21 06:58:04 - epoch 1 | global step 4030 | mode train | loss 2.0402 | accuracy 15.3125 | mean_length 64
09-04-21 06:59:57 - epoch 1 | global step 4040 | mode train | loss 2.0084 | accuracy 13.125 | mean_length 64
09-04-21 07:01:48 - epoch 1 | global step 4050 | mode train | loss 2.0424 | accuracy 15.625 | mean_length 64
09-04-21 07:03:38 - epoch 1 | global step 4060 | mode train | loss 2.0553 | accuracy 13.75 | mean_length 64
09-04-21 07:05:28 - epoch 1 | global step 4070 | mode train | loss 2.0393 | accuracy 11.875 | mean_length 64
09-04-21 07:07:18 - epoch 1 | global step 4080 | mode train | loss 2.0297 | accuracy 15.9375 | mean_length 64
09-04-21 07:09:09 - epoch 1 | global step 4090 | mode train | loss 2.0622 | accuracy 12.1875 | mean_length 64
09-04-21 07:19:56 - epoch 1 | global step 4096 | mode validation | loss 2.0522 | accuracy 13.54 | mean_length 64
09-04-21 07:19:56 - Saving model to Output/accGrad4_mbart_BTen+zh_lr9.0e-6_7distractors_maxstep8192_seed42
Epoch: 1, Prediction Accuracy: 13.54, Saved to Path: Output/accGrad4_mbart_BTen+zh_lr9.0e-6_7distractors_maxstep8192_seed42
09-04-21 07:20:50 - epoch 1 | global step 4100 | mode train | loss 2.0458 | accuracy 10.9375 | mean_length 64
09-04-21 07:22:43 - epoch 1 | global step 4110 | mode train | loss 2.065 | accuracy 12.1875 | mean_length 64
09-04-21 07:24:37 - epoch 1 | global step 4120 | mode train | loss 2.0529 | accuracy 14.0625 | mean_length 64
09-04-21 07:26:31 - epoch 1 | global step 4130 | mode train | loss 2.0619 | accuracy 12.1875 | mean_length 64
09-04-21 07:28:23 - epoch 1 | global step 4140 | mode train | loss 2.0796 | accuracy 10.9375 | mean_length 64
09-04-21 07:30:16 - epoch 1 | global step 4150 | mode train | loss 2.0642 | accuracy 12.8125 | mean_length 64
09-04-21 07:32:08 - epoch 1 | global step 4160 | mode train | loss 2.0517 | accuracy 10.9375 | mean_length 64
09-04-21 07:33:58 - epoch 1 | global step 4170 | mode train | loss 2.0617 | accuracy 11.5625 | mean_length 64
09-04-21 07:35:48 - epoch 1 | global step 4180 | mode train | loss 2.0252 | accuracy 13.75 | mean_length 64
09-04-21 07:37:39 - epoch 1 | global step 4190 | mode train | loss 2.0809 | accuracy 11.25 | mean_length 64
09-04-21 07:39:30 - epoch 1 | global step 4200 | mode train | loss 2.0806 | accuracy 13.75 | mean_length 64
09-04-21 07:41:20 - epoch 1 | global step 4210 | mode train | loss 2.0797 | accuracy 11.875 | mean_length 64
09-04-21 07:43:13 - epoch 1 | global step 4220 | mode train | loss 2.0793 | accuracy 14.6875 | mean_length 64
09-04-21 07:45:06 - epoch 1 | global step 4230 | mode train | loss 2.0787 | accuracy 11.875 | mean_length 64
09-04-21 07:47:00 - epoch 1 | global step 4240 | mode train | loss 2.082 | accuracy 12.8125 | mean_length 64
09-04-21 07:48:54 - epoch 1 | global step 4250 | mode train | loss 2.079 | accuracy 15.625 | mean_length 64
09-04-21 07:50:48 - epoch 1 | global step 4260 | mode train | loss 2.0775 | accuracy 15.0 | mean_length 64
09-04-21 07:52:43 - epoch 1 | global step 4270 | mode train | loss 2.0796 | accuracy 11.5625 | mean_length 64
09-04-21 07:54:35 - epoch 1 | global step 4280 | mode train | loss 2.0796 | accuracy 14.0625 | mean_length 64
09-04-21 07:56:28 - epoch 1 | global step 4290 | mode train | loss 2.0813 | accuracy 11.875 | mean_length 64
09-04-21 07:58:22 - epoch 1 | global step 4300 | mode train | loss 2.0785 | accuracy 13.125 | mean_length 64
09-04-21 08:00:16 - epoch 1 | global step 4310 | mode train | loss 2.0788 | accuracy 14.0625 | mean_length 64
09-04-21 08:02:09 - epoch 1 | global step 4320 | mode train | loss 2.0794 | accuracy 13.75 | mean_length 64
09-04-21 08:04:03 - epoch 1 | global step 4330 | mode train | loss 2.0819 | accuracy 10.0 | mean_length 64
09-04-21 08:05:56 - epoch 1 | global step 4340 | mode train | loss 2.0808 | accuracy 9.6875 | mean_length 64
09-04-21 08:07:47 - epoch 1 | global step 4350 | mode train | loss 2.0796 | accuracy 10.3125 | mean_length 64
09-04-21 08:09:39 - epoch 1 | global step 4360 | mode train | loss 2.0807 | accuracy 11.25 | mean_length 64
09-04-21 08:11:30 - epoch 1 | global step 4370 | mode train | loss 2.0784 | accuracy 14.6875 | mean_length 64
09-04-21 08:13:21 - epoch 1 | global step 4380 | mode train | loss 2.0814 | accuracy 13.125 | mean_length 64
09-04-21 08:15:15 - epoch 1 | global step 4390 | mode train | loss 2.0812 | accuracy 12.8125 | mean_length 64
09-04-21 08:17:05 - epoch 1 | global step 4400 | mode train | loss 2.081 | accuracy 13.4375 | mean_length 64
09-04-21 08:18:55 - epoch 1 | global step 4410 | mode train | loss 2.0792 | accuracy 12.1875 | mean_length 64
09-04-21 08:20:47 - epoch 1 | global step 4420 | mode train | loss 2.0809 | accuracy 10.625 | mean_length 64
09-04-21 08:22:42 - epoch 1 | global step 4430 | mode train | loss 2.0798 | accuracy 15.3125 | mean_length 64
09-04-21 08:24:34 - epoch 1 | global step 4440 | mode train | loss 2.0793 | accuracy 11.5625 | mean_length 64
09-04-21 08:26:33 - epoch 1 | global step 4450 | mode train | loss 2.08 | accuracy 12.1875 | mean_length 64
09-04-21 08:28:25 - epoch 1 | global step 4460 | mode train | loss 2.0808 | accuracy 10.3125 | mean_length 64
09-04-21 08:30:15 - epoch 1 | global step 4470 | mode train | loss 2.0798 | accuracy 12.1875 | mean_length 64
09-04-21 08:32:07 - epoch 1 | global step 4480 | mode train | loss 2.0782 | accuracy 15.625 | mean_length 64
09-04-21 08:33:59 - epoch 1 | global step 4490 | mode train | loss 2.0798 | accuracy 9.6875 | mean_length 64
09-04-21 08:35:58 - epoch 1 | global step 4500 | mode train | loss 2.0789 | accuracy 13.125 | mean_length 64
09-04-21 08:37:49 - epoch 1 | global step 4510 | mode train | loss 2.0803 | accuracy 10.9375 | mean_length 64
09-04-21 08:39:39 - epoch 1 | global step 4520 | mode train | loss 2.0793 | accuracy 12.1875 | mean_length 64
09-04-21 08:41:31 - epoch 1 | global step 4530 | mode train | loss 2.0822 | accuracy 10.9375 | mean_length 64
09-04-21 08:43:23 - epoch 1 | global step 4540 | mode train | loss 2.0811 | accuracy 10.625 | mean_length 64
09-04-21 08:45:16 - epoch 1 | global step 4550 | mode train | loss 2.0787 | accuracy 13.75 | mean_length 64
09-04-21 08:47:07 - epoch 1 | global step 4560 | mode train | loss 2.0798 | accuracy 11.25 | mean_length 64
09-04-21 08:48:59 - epoch 1 | global step 4570 | mode train | loss 2.0804 | accuracy 10.3125 | mean_length 64
09-04-21 08:50:50 - epoch 1 | global step 4580 | mode train | loss 2.0788 | accuracy 15.625 | mean_length 64
09-04-21 08:52:43 - epoch 1 | global step 4590 | mode train | loss 2.0887 | accuracy 10.3125 | mean_length 64
09-04-21 08:54:44 - epoch 1 | global step 4600 | mode train | loss 2.0785 | accuracy 15.0 | mean_length 64
09-04-21 09:07:44 - epoch 1 | global step 4608 | mode validation | loss 2.0797 | accuracy 13.0 | mean_length 64
09-04-21 09:08:08 - epoch 1 | global step 4610 | mode train | loss 2.0804 | accuracy 11.25 | mean_length 64
09-04-21 09:10:08 - epoch 1 | global step 4620 | mode train | loss 2.0789 | accuracy 14.6875 | mean_length 64
09-04-21 09:12:07 - epoch 1 | global step 4630 | mode train | loss 2.0781 | accuracy 12.8125 | mean_length 64
09-04-21 09:13:57 - epoch 1 | global step 4640 | mode train | loss 2.0785 | accuracy 14.6875 | mean_length 64
09-04-21 09:15:56 - epoch 1 | global step 4650 | mode train | loss 2.0782 | accuracy 12.8125 | mean_length 64
09-04-21 09:17:56 - epoch 1 | global step 4660 | mode train | loss 2.0796 | accuracy 10.0 | mean_length 64
09-04-21 09:19:46 - epoch 1 | global step 4670 | mode train | loss 2.0807 | accuracy 11.5625 | mean_length 64
09-04-21 09:21:46 - epoch 1 | global step 4680 | mode train | loss 2.0796 | accuracy 12.8125 | mean_length 64
09-04-21 09:23:36 - epoch 1 | global step 4690 | mode train | loss 2.0778 | accuracy 12.1875 | mean_length 64
09-04-21 09:25:35 - epoch 1 | global step 4700 | mode train | loss 2.0795 | accuracy 13.125 | mean_length 64
09-04-21 09:27:25 - epoch 1 | global step 4710 | mode train | loss 2.0779 | accuracy 14.6875 | mean_length 64
09-04-21 09:29:25 - epoch 1 | global step 4720 | mode train | loss 2.0787 | accuracy 14.0625 | mean_length 64
09-04-21 09:31:24 - epoch 1 | global step 4730 | mode train | loss 2.0797 | accuracy 12.8125 | mean_length 64
09-04-21 09:33:24 - epoch 1 | global step 4740 | mode train | loss 2.0814 | accuracy 15.9375 | mean_length 64
09-04-21 09:35:24 - epoch 1 | global step 4750 | mode train | loss 2.0808 | accuracy 13.125 | mean_length 64
09-04-21 09:37:14 - epoch 1 | global step 4760 | mode train | loss 2.0804 | accuracy 11.25 | mean_length 64
09-04-21 09:39:13 - epoch 1 | global step 4770 | mode train | loss 2.0786 | accuracy 13.4375 | mean_length 64
09-04-21 09:41:03 - epoch 1 | global step 4780 | mode train | loss 2.0793 | accuracy 14.375 | mean_length 64
09-04-21 09:43:03 - epoch 1 | global step 4790 | mode train | loss 2.0808 | accuracy 9.6875 | mean_length 64
09-04-21 09:45:03 - epoch 1 | global step 4800 | mode train | loss 2.0772 | accuracy 19.6875 | mean_length 64
09-04-21 09:47:02 - epoch 1 | global step 4810 | mode train | loss 2.0795 | accuracy 12.8125 | mean_length 64
09-04-21 09:49:02 - epoch 1 | global step 4820 | mode train | loss 2.0796 | accuracy 12.8125 | mean_length 64
09-04-21 09:51:02 - epoch 1 | global step 4830 | mode train | loss 2.079 | accuracy 10.0 | mean_length 64
09-04-21 09:52:53 - epoch 1 | global step 4840 | mode train | loss 2.0777 | accuracy 13.125 | mean_length 64
09-04-21 09:54:53 - epoch 1 | global step 4850 | mode train | loss 2.0784 | accuracy 13.75 | mean_length 64
09-04-21 09:56:52 - epoch 1 | global step 4860 | mode train | loss 2.0791 | accuracy 15.3125 | mean_length 64
09-04-21 09:58:51 - epoch 1 | global step 4870 | mode train | loss 2.0794 | accuracy 14.0625 | mean_length 64
09-04-21 10:00:40 - epoch 1 | global step 4880 | mode train | loss 2.0788 | accuracy 11.5625 | mean_length 64
09-04-21 10:02:30 - epoch 1 | global step 4890 | mode train | loss 2.0785 | accuracy 14.375 | mean_length 64
09-04-21 10:04:21 - epoch 1 | global step 4900 | mode train | loss 2.0799 | accuracy 10.3125 | mean_length 64
09-04-21 10:06:13 - epoch 1 | global step 4910 | mode train | loss 2.0808 | accuracy 11.25 | mean_length 64
09-04-21 10:08:05 - epoch 1 | global step 4920 | mode train | loss 2.0804 | accuracy 10.3125 | mean_length 64
09-04-21 10:09:56 - epoch 1 | global step 4930 | mode train | loss 2.0801 | accuracy 13.125 | mean_length 64
09-04-21 10:11:48 - epoch 1 | global step 4940 | mode train | loss 2.0823 | accuracy 8.75 | mean_length 64
09-04-21 10:13:40 - epoch 1 | global step 4950 | mode train | loss 2.0792 | accuracy 15.3125 | mean_length 64
09-04-21 10:15:32 - epoch 1 | global step 4960 | mode train | loss 2.0794 | accuracy 12.5 | mean_length 64
09-04-21 10:17:23 - epoch 1 | global step 4970 | mode train | loss 2.079 | accuracy 11.875 | mean_length 64
09-04-21 10:19:15 - epoch 1 | global step 4980 | mode train | loss 2.0805 | accuracy 9.0625 | mean_length 64
09-04-21 10:21:05 - epoch 1 | global step 4990 | mode train | loss 2.0802 | accuracy 12.8125 | mean_length 64
09-04-21 10:22:55 - epoch 1 | global step 5000 | mode train | loss 2.0797 | accuracy 10.625 | mean_length 64
09-04-21 10:24:44 - epoch 1 | global step 5010 | mode train | loss 2.0791 | accuracy 12.8125 | mean_length 64
09-04-21 10:26:36 - epoch 1 | global step 5020 | mode train | loss 2.0795 | accuracy 13.125 | mean_length 64
09-04-21 10:28:29 - epoch 1 | global step 5030 | mode train | loss 2.0793 | accuracy 13.4375 | mean_length 64
09-04-21 10:30:21 - epoch 1 | global step 5040 | mode train | loss 2.0816 | accuracy 11.25 | mean_length 64
09-04-21 10:32:13 - epoch 1 | global step 5050 | mode train | loss 2.0812 | accuracy 8.4375 | mean_length 64
09-04-21 10:34:04 - epoch 1 | global step 5060 | mode train | loss 2.0792 | accuracy 13.125 | mean_length 64
09-04-21 10:35:56 - epoch 1 | global step 5070 | mode train | loss 2.0804 | accuracy 10.3125 | mean_length 64
09-04-21 10:37:47 - epoch 1 | global step 5080 | mode train | loss 2.0795 | accuracy 8.75 | mean_length 64
09-04-21 10:39:38 - epoch 1 | global step 5090 | mode train | loss 2.0788 | accuracy 13.125 | mean_length 64
09-04-21 10:41:31 - epoch 1 | global step 5100 | mode train | loss 2.0792 | accuracy 11.25 | mean_length 64
09-04-21 10:43:23 - epoch 1 | global step 5110 | mode train | loss 2.078 | accuracy 17.1875 | mean_length 64
09-04-21 10:45:14 - epoch 1 | global step 5120 | mode train | loss 2.0806 | accuracy 8.4375 | mean_length 64
09-04-21 10:54:54 - epoch 1 | global step 5120 | mode validation | loss 2.0795 | accuracy 13.16 | mean_length 64
09-04-21 10:56:45 - epoch 1 | global step 5130 | mode train | loss 2.0808 | accuracy 11.875 | mean_length 64
09-04-21 10:58:37 - epoch 1 | global step 5140 | mode train | loss 2.0795 | accuracy 9.375 | mean_length 64
09-04-21 11:00:27 - epoch 1 | global step 5150 | mode train | loss 2.0786 | accuracy 11.5625 | mean_length 64
09-04-21 11:02:19 - epoch 1 | global step 5160 | mode train | loss 2.0788 | accuracy 13.75 | mean_length 64
09-04-21 11:04:10 - epoch 1 | global step 5170 | mode train | loss 2.0815 | accuracy 11.25 | mean_length 64
09-04-21 11:06:00 - epoch 1 | global step 5180 | mode train | loss 2.0798 | accuracy 11.875 | mean_length 64
09-04-21 11:07:51 - epoch 1 | global step 5190 | mode train | loss 2.0796 | accuracy 12.8125 | mean_length 64
09-04-21 11:09:41 - epoch 1 | global step 5200 | mode train | loss 2.0787 | accuracy 14.6875 | mean_length 64
09-04-21 11:11:34 - epoch 1 | global step 5210 | mode train | loss 2.079 | accuracy 15.625 | mean_length 64
09-04-21 11:13:28 - epoch 1 | global step 5220 | mode train | loss 2.0811 | accuracy 11.875 | mean_length 64
09-04-21 11:15:22 - epoch 1 | global step 5230 | mode train | loss 2.0785 | accuracy 12.1875 | mean_length 64
09-04-21 11:17:16 - epoch 1 | global step 5240 | mode train | loss 2.0793 | accuracy 13.4375 | mean_length 64
09-04-21 11:19:10 - epoch 1 | global step 5250 | mode train | loss 2.0794 | accuracy 13.125 | mean_length 64
09-04-21 11:21:04 - epoch 1 | global step 5260 | mode train | loss 2.0812 | accuracy 11.875 | mean_length 64
09-04-21 11:22:58 - epoch 1 | global step 5270 | mode train | loss 2.0801 | accuracy 11.5625 | mean_length 64
09-04-21 11:24:53 - epoch 1 | global step 5280 | mode train | loss 2.0795 | accuracy 13.125 | mean_length 64
09-04-21 11:26:47 - epoch 1 | global step 5290 | mode train | loss 2.0806 | accuracy 9.6875 | mean_length 64
09-04-21 11:28:41 - epoch 1 | global step 5300 | mode train | loss 2.0809 | accuracy 12.5 | mean_length 64
09-04-21 11:30:35 - epoch 1 | global step 5310 | mode train | loss 2.0791 | accuracy 14.6875 | mean_length 64
09-04-21 11:32:29 - epoch 1 | global step 5320 | mode train | loss 2.0802 | accuracy 11.875 | mean_length 64
09-04-21 11:34:22 - epoch 1 | global step 5330 | mode train | loss 2.0804 | accuracy 9.6875 | mean_length 64
09-04-21 11:36:15 - epoch 1 | global step 5340 | mode train | loss 2.0786 | accuracy 12.5 | mean_length 64
09-04-21 11:38:08 - epoch 1 | global step 5350 | mode train | loss 2.08 | accuracy 9.375 | mean_length 64
09-04-21 11:40:01 - epoch 1 | global step 5360 | mode train | loss 2.0792 | accuracy 14.0625 | mean_length 64
09-04-21 11:41:53 - epoch 1 | global step 5370 | mode train | loss 2.0813 | accuracy 10.9375 | mean_length 64
09-04-21 11:43:47 - epoch 1 | global step 5380 | mode train | loss 2.0801 | accuracy 9.375 | mean_length 64
09-04-21 11:45:41 - epoch 1 | global step 5390 | mode train | loss 2.0812 | accuracy 8.4375 | mean_length 64
09-04-21 11:47:35 - epoch 1 | global step 5400 | mode train | loss 2.079 | accuracy 12.1875 | mean_length 64
09-04-21 11:49:28 - epoch 1 | global step 5410 | mode train | loss 2.079 | accuracy 13.125 | mean_length 64
09-04-21 11:51:22 - epoch 1 | global step 5420 | mode train | loss 2.0788 | accuracy 14.6875 | mean_length 64
09-04-21 11:53:16 - epoch 1 | global step 5430 | mode train | loss 2.0789 | accuracy 13.125 | mean_length 64
09-04-21 11:55:10 - epoch 1 | global step 5440 | mode train | loss 2.0793 | accuracy 10.9375 | mean_length 64
09-04-21 11:57:05 - epoch 1 | global step 5450 | mode train | loss 2.0794 | accuracy 14.0625 | mean_length 64
09-04-21 11:58:58 - epoch 1 | global step 5460 | mode train | loss 2.0792 | accuracy 10.9375 | mean_length 64
09-04-21 12:00:52 - epoch 1 | global step 5470 | mode train | loss 2.08 | accuracy 14.6875 | mean_length 64
09-04-21 12:02:45 - epoch 1 | global step 5480 | mode train | loss 2.0779 | accuracy 14.375 | mean_length 64
09-04-21 12:04:35 - epoch 1 | global step 5490 | mode train | loss 2.0801 | accuracy 12.1875 | mean_length 64
09-04-21 12:06:25 - epoch 1 | global step 5500 | mode train | loss 2.0781 | accuracy 13.4375 | mean_length 64
09-04-21 12:08:15 - epoch 1 | global step 5510 | mode train | loss 2.0809 | accuracy 10.9375 | mean_length 64
09-04-21 12:10:05 - epoch 1 | global step 5520 | mode train | loss 2.079 | accuracy 12.5 | mean_length 64
09-04-21 12:11:55 - epoch 1 | global step 5530 | mode train | loss 2.0786 | accuracy 10.3125 | mean_length 64
09-04-21 12:13:45 - epoch 1 | global step 5540 | mode train | loss 2.0796 | accuracy 10.625 | mean_length 64
09-04-21 12:15:36 - epoch 1 | global step 5550 | mode train | loss 2.0804 | accuracy 13.75 | mean_length 64
09-04-21 12:17:26 - epoch 1 | global step 5560 | mode train | loss 2.0806 | accuracy 10.3125 | mean_length 64
09-04-21 12:19:16 - epoch 1 | global step 5570 | mode train | loss 2.0798 | accuracy 13.125 | mean_length 64
09-04-21 12:21:06 - epoch 1 | global step 5580 | mode train | loss 2.078 | accuracy 15.625 | mean_length 64
09-04-21 12:22:56 - epoch 1 | global step 5590 | mode train | loss 2.0798 | accuracy 11.5625 | mean_length 64
09-04-21 12:24:52 - epoch 1 | global step 5600 | mode train | loss 2.0798 | accuracy 11.25 | mean_length 64
09-04-21 12:26:43 - epoch 1 | global step 5610 | mode train | loss 2.0798 | accuracy 12.5 | mean_length 64
09-04-21 12:28:34 - epoch 1 | global step 5620 | mode train | loss 2.0773 | accuracy 16.5625 | mean_length 64
09-04-21 12:30:24 - epoch 1 | global step 5630 | mode train | loss 2.0798 | accuracy 11.25 | mean_length 64
09-04-21 12:40:27 - epoch 1 | global step 5632 | mode validation | loss 2.0797 | accuracy 12.04 | mean_length 64
09-04-21 12:41:55 - epoch 1 | global step 5640 | mode train | loss 2.0797 | accuracy 14.0625 | mean_length 64
09-04-21 12:43:45 - epoch 1 | global step 5650 | mode train | loss 2.0791 | accuracy 11.5625 | mean_length 64
09-04-21 12:45:38 - epoch 1 | global step 5660 | mode train | loss 2.0782 | accuracy 13.125 | mean_length 64
09-04-21 12:47:30 - epoch 1 | global step 5670 | mode train | loss 2.0807 | accuracy 10.9375 | mean_length 64
09-04-21 12:49:21 - epoch 1 | global step 5680 | mode train | loss 2.0783 | accuracy 15.9375 | mean_length 64
09-04-21 12:51:13 - epoch 1 | global step 5690 | mode train | loss 2.0806 | accuracy 8.125 | mean_length 64
09-04-21 12:53:04 - epoch 1 | global step 5700 | mode train | loss 2.0782 | accuracy 13.125 | mean_length 64
09-04-21 12:54:55 - epoch 1 | global step 5710 | mode train | loss 2.0791 | accuracy 12.1875 | mean_length 64
09-04-21 12:56:46 - epoch 1 | global step 5720 | mode train | loss 2.0797 | accuracy 10.0 | mean_length 64
09-04-21 12:58:37 - epoch 1 | global step 5730 | mode train | loss 2.079 | accuracy 12.1875 | mean_length 64
09-04-21 13:00:28 - epoch 1 | global step 5740 | mode train | loss 2.0797 | accuracy 11.5625 | mean_length 64
09-04-21 13:02:21 - epoch 1 | global step 5750 | mode train | loss 2.0785 | accuracy 12.8125 | mean_length 64
09-04-21 13:04:13 - epoch 1 | global step 5760 | mode train | loss 2.079 | accuracy 12.5 | mean_length 64
09-04-21 13:06:06 - epoch 1 | global step 5770 | mode train | loss 2.0794 | accuracy 12.5 | mean_length 64
09-04-21 13:07:58 - epoch 1 | global step 5780 | mode train | loss 2.0797 | accuracy 11.875 | mean_length 64
09-04-21 13:09:49 - epoch 1 | global step 5790 | mode train | loss 2.0782 | accuracy 15.3125 | mean_length 64
09-04-21 13:11:40 - epoch 1 | global step 5800 | mode train | loss 2.0776 | accuracy 14.6875 | mean_length 64
09-04-21 13:13:31 - epoch 1 | global step 5810 | mode train | loss 2.0791 | accuracy 15.0 | mean_length 64
09-04-21 13:15:22 - epoch 1 | global step 5820 | mode train | loss 2.0805 | accuracy 12.8125 | mean_length 64
09-04-21 13:17:15 - epoch 1 | global step 5830 | mode train | loss 2.0799 | accuracy 11.875 | mean_length 64
09-04-21 13:19:08 - epoch 1 | global step 5840 | mode train | loss 2.0799 | accuracy 13.75 | mean_length 64
09-04-21 13:21:01 - epoch 1 | global step 5850 | mode train | loss 2.0794 | accuracy 12.5 | mean_length 64
09-04-21 13:22:52 - epoch 1 | global step 5860 | mode train | loss 2.0787 | accuracy 11.25 | mean_length 64
09-04-21 13:24:44 - epoch 1 | global step 5870 | mode train | loss 2.0789 | accuracy 14.375 | mean_length 64
09-04-21 13:26:36 - epoch 1 | global step 5880 | mode train | loss 2.0783 | accuracy 13.75 | mean_length 64
09-04-21 13:28:29 - epoch 1 | global step 5890 | mode train | loss 2.0795 | accuracy 10.625 | mean_length 64
09-04-21 13:30:20 - epoch 1 | global step 5900 | mode train | loss 2.0812 | accuracy 10.0 | mean_length 64
09-04-21 13:32:12 - epoch 1 | global step 5910 | mode train | loss 2.0798 | accuracy 13.4375 | mean_length 64
09-04-21 13:34:03 - epoch 1 | global step 5920 | mode train | loss 2.0801 | accuracy 12.8125 | mean_length 64
09-04-21 13:35:55 - epoch 1 | global step 5930 | mode train | loss 2.0805 | accuracy 12.5 | mean_length 64
09-04-21 13:37:46 - epoch 1 | global step 5940 | mode train | loss 2.0789 | accuracy 12.8125 | mean_length 64
09-04-21 13:39:37 - epoch 1 | global step 5950 | mode train | loss 2.0798 | accuracy 10.9375 | mean_length 64
09-04-21 13:41:30 - epoch 1 | global step 5960 | mode train | loss 2.0796 | accuracy 14.375 | mean_length 64
09-04-21 13:43:21 - epoch 1 | global step 5970 | mode train | loss 2.0788 | accuracy 13.75 | mean_length 64
09-04-21 13:45:12 - epoch 1 | global step 5980 | mode train | loss 2.0794 | accuracy 11.5625 | mean_length 64
09-04-21 13:47:03 - epoch 1 | global step 5990 | mode train | loss 2.0798 | accuracy 15.9375 | mean_length 64
09-04-21 13:48:55 - epoch 1 | global step 6000 | mode train | loss 2.0797 | accuracy 11.25 | mean_length 64
09-04-21 13:50:47 - epoch 1 | global step 6010 | mode train | loss 2.0818 | accuracy 10.625 | mean_length 64
09-04-21 13:52:40 - epoch 1 | global step 6020 | mode train | loss 2.0788 | accuracy 13.125 | mean_length 64
09-04-21 13:54:33 - epoch 1 | global step 6030 | mode train | loss 2.0791 | accuracy 10.9375 | mean_length 64
09-04-21 13:56:25 - epoch 1 | global step 6040 | mode train | loss 2.0798 | accuracy 10.3125 | mean_length 64
09-04-21 13:58:18 - epoch 1 | global step 6050 | mode train | loss 2.0788 | accuracy 12.1875 | mean_length 64
09-04-21 14:00:09 - epoch 1 | global step 6060 | mode train | loss 2.079 | accuracy 11.25 | mean_length 64
09-04-21 14:02:02 - epoch 1 | global step 6070 | mode train | loss 2.0805 | accuracy 10.625 | mean_length 64
09-04-21 14:03:54 - epoch 1 | global step 6080 | mode train | loss 2.0801 | accuracy 11.875 | mean_length 64
09-04-21 14:05:47 - epoch 1 | global step 6090 | mode train | loss 2.0793 | accuracy 12.5 | mean_length 64
09-04-21 14:07:40 - epoch 1 | global step 6100 | mode train | loss 2.0788 | accuracy 13.4375 | mean_length 64
09-04-21 14:09:31 - epoch 1 | global step 6110 | mode train | loss 2.0812 | accuracy 12.5 | mean_length 64
09-04-21 14:11:22 - epoch 1 | global step 6120 | mode train | loss 2.0785 | accuracy 12.8125 | mean_length 64
09-04-21 14:13:12 - epoch 1 | global step 6130 | mode train | loss 2.0794 | accuracy 11.25 | mean_length 64
09-04-21 14:15:02 - epoch 1 | global step 6140 | mode train | loss 2.0792 | accuracy 14.375 | mean_length 64
09-04-21 14:25:23 - epoch 1 | global step 6144 | mode validation | loss 2.0796 | accuracy 12.76 | mean_length 64
09-04-21 14:26:31 - epoch 1 | global step 6150 | mode train | loss 2.0786 | accuracy 13.125 | mean_length 64
09-04-21 14:28:24 - epoch 1 | global step 6160 | mode train | loss 2.0786 | accuracy 12.5 | mean_length 64
09-04-21 14:30:16 - epoch 1 | global step 6170 | mode train | loss 2.0806 | accuracy 11.875 | mean_length 64
09-04-21 14:32:06 - epoch 1 | global step 6180 | mode train | loss 2.0799 | accuracy 13.125 | mean_length 64
09-04-21 14:33:57 - epoch 1 | global step 6190 | mode train | loss 2.082 | accuracy 12.1875 | mean_length 64
09-04-21 14:35:51 - epoch 1 | global step 6200 | mode train | loss 2.0799 | accuracy 13.4375 | mean_length 64
09-04-21 14:37:50 - epoch 1 | global step 6210 | mode train | loss 2.0792 | accuracy 14.375 | mean_length 64
09-04-21 14:39:44 - epoch 1 | global step 6220 | mode train | loss 2.0803 | accuracy 13.125 | mean_length 64
09-04-21 14:41:40 - epoch 1 | global step 6230 | mode train | loss 2.0797 | accuracy 10.0 | mean_length 64
09-04-21 14:43:31 - epoch 1 | global step 6240 | mode train | loss 2.0787 | accuracy 13.4375 | mean_length 64
09-04-21 14:45:23 - epoch 1 | global step 6250 | mode train | loss 2.078 | accuracy 15.625 | mean_length 64
09-04-21 14:47:13 - epoch 1 | global step 6260 | mode train | loss 2.0818 | accuracy 9.0625 | mean_length 64
09-04-21 14:49:04 - epoch 1 | global step 6270 | mode train | loss 2.0803 | accuracy 14.0625 | mean_length 64
09-04-21 14:50:57 - epoch 1 | global step 6280 | mode train | loss 2.0802 | accuracy 11.875 | mean_length 64
09-04-21 14:52:50 - epoch 1 | global step 6290 | mode train | loss 2.0798 | accuracy 12.8125 | mean_length 64
09-04-21 14:54:43 - epoch 1 | global step 6300 | mode train | loss 2.0794 | accuracy 11.5625 | mean_length 64
09-04-21 14:56:36 - epoch 1 | global step 6310 | mode train | loss 2.0802 | accuracy 10.9375 | mean_length 64
09-04-21 14:58:28 - epoch 1 | global step 6320 | mode train | loss 2.0802 | accuracy 13.75 | mean_length 64
09-04-21 15:00:21 - epoch 1 | global step 6330 | mode train | loss 2.0792 | accuracy 11.875 | mean_length 64
09-04-21 15:02:14 - epoch 1 | global step 6340 | mode train | loss 2.0813 | accuracy 11.5625 | mean_length 64
09-04-21 15:04:05 - epoch 1 | global step 6350 | mode train | loss 2.0799 | accuracy 10.0 | mean_length 64
09-04-21 15:05:56 - epoch 1 | global step 6360 | mode train | loss 2.0808 | accuracy 11.25 | mean_length 64
09-04-21 15:07:47 - epoch 1 | global step 6370 | mode train | loss 2.0802 | accuracy 10.9375 | mean_length 64
09-04-21 15:09:38 - epoch 1 | global step 6380 | mode train | loss 2.0787 | accuracy 15.0 | mean_length 64
09-04-21 15:11:31 - epoch 1 | global step 6390 | mode train | loss 2.0803 | accuracy 12.8125 | mean_length 64
09-04-21 15:13:23 - epoch 1 | global step 6400 | mode train | loss 2.0788 | accuracy 11.875 | mean_length 64
09-04-21 15:15:13 - epoch 1 | global step 6410 | mode train | loss 2.0793 | accuracy 15.0 | mean_length 64
09-04-21 15:17:03 - epoch 1 | global step 6420 | mode train | loss 2.0799 | accuracy 10.0 | mean_length 64
09-04-21 15:18:53 - epoch 1 | global step 6430 | mode train | loss 2.0803 | accuracy 10.3125 | mean_length 64
09-04-21 15:20:44 - epoch 1 | global step 6440 | mode train | loss 2.0812 | accuracy 11.25 | mean_length 64
09-04-21 15:22:34 - epoch 1 | global step 6450 | mode train | loss 2.0803 | accuracy 10.625 | mean_length 64
09-04-21 15:24:24 - epoch 2 | global step 6460 | mode train | loss 2.0799 | accuracy 10.625 | mean_length 64
09-04-21 15:26:14 - epoch 2 | global step 6470 | mode train | loss 2.0791 | accuracy 10.625 | mean_length 64
09-04-21 15:28:05 - epoch 2 | global step 6480 | mode train | loss 2.0793 | accuracy 14.375 | mean_length 64
09-04-21 15:29:55 - epoch 2 | global step 6490 | mode train | loss 2.0785 | accuracy 14.6875 | mean_length 64
09-04-21 15:31:45 - epoch 2 | global step 6500 | mode train | loss 2.0791 | accuracy 15.625 | mean_length 64
09-04-21 15:33:35 - epoch 2 | global step 6510 | mode train | loss 2.0779 | accuracy 14.375 | mean_length 64
09-04-21 15:35:26 - epoch 2 | global step 6520 | mode train | loss 2.0781 | accuracy 11.5625 | mean_length 64
09-04-21 15:37:16 - epoch 2 | global step 6530 | mode train | loss 2.0792 | accuracy 13.4375 | mean_length 64
09-04-21 15:39:08 - epoch 2 | global step 6540 | mode train | loss 2.0786 | accuracy 15.0 | mean_length 64
09-04-21 15:40:57 - epoch 2 | global step 6550 | mode train | loss 2.0802 | accuracy 12.8125 | mean_length 64
09-04-21 15:42:48 - epoch 2 | global step 6560 | mode train | loss 2.0787 | accuracy 15.3125 | mean_length 64
09-04-21 15:44:38 - epoch 2 | global step 6570 | mode train | loss 2.0796 | accuracy 13.4375 | mean_length 64
09-04-21 15:46:27 - epoch 2 | global step 6580 | mode train | loss 2.0787 | accuracy 12.1875 | mean_length 64
09-04-21 15:48:17 - epoch 2 | global step 6590 | mode train | loss 2.0802 | accuracy 13.4375 | mean_length 64
09-04-21 15:50:17 - epoch 2 | global step 6600 | mode train | loss 2.0794 | accuracy 10.0 | mean_length 64
09-04-21 15:52:09 - epoch 2 | global step 6610 | mode train | loss 2.0804 | accuracy 14.0625 | mean_length 64
09-04-21 15:54:01 - epoch 2 | global step 6620 | mode train | loss 2.081 | accuracy 10.3125 | mean_length 64
09-04-21 15:55:57 - epoch 2 | global step 6630 | mode train | loss 2.0795 | accuracy 9.375 | mean_length 64
09-04-21 15:57:57 - epoch 2 | global step 6640 | mode train | loss 2.0804 | accuracy 10.0 | mean_length 64
09-04-21 15:59:57 - epoch 2 | global step 6650 | mode train | loss 2.0807 | accuracy 10.9375 | mean_length 64
09-04-21 16:12:32 - epoch 2 | global step 6656 | mode validation | loss 2.0796 | accuracy 11.58 | mean_length 64
09-04-21 16:13:20 - epoch 2 | global step 6660 | mode train | loss 2.0791 | accuracy 15.0 | mean_length 64
09-04-21 16:15:19 - epoch 2 | global step 6670 | mode train | loss 2.0797 | accuracy 15.3125 | mean_length 64
09-04-21 16:17:19 - epoch 2 | global step 6680 | mode train | loss 2.0786 | accuracy 12.1875 | mean_length 64
09-04-21 16:19:18 - epoch 2 | global step 6690 | mode train | loss 2.08 | accuracy 13.125 | mean_length 64
09-04-21 16:21:18 - epoch 2 | global step 6700 | mode train | loss 2.081 | accuracy 9.0625 | mean_length 64
09-04-21 16:23:18 - epoch 2 | global step 6710 | mode train | loss 2.0792 | accuracy 13.75 | mean_length 64
09-04-21 16:25:18 - epoch 2 | global step 6720 | mode train | loss 2.0792 | accuracy 13.4375 | mean_length 64
09-04-21 16:27:11 - epoch 2 | global step 6730 | mode train | loss 2.0807 | accuracy 9.375 | mean_length 64
09-04-21 16:29:11 - epoch 2 | global step 6740 | mode train | loss 2.0812 | accuracy 9.6875 | mean_length 64
09-04-21 16:31:04 - epoch 2 | global step 6750 | mode train | loss 2.0798 | accuracy 13.4375 | mean_length 64
09-04-21 16:33:03 - epoch 2 | global step 6760 | mode train | loss 2.0791 | accuracy 15.3125 | mean_length 64
09-04-21 16:34:54 - epoch 2 | global step 6770 | mode train | loss 2.08 | accuracy 12.1875 | mean_length 64
09-04-21 16:36:54 - epoch 2 | global step 6780 | mode train | loss 2.0799 | accuracy 10.3125 | mean_length 64
09-04-21 16:38:44 - epoch 2 | global step 6790 | mode train | loss 2.0797 | accuracy 10.3125 | mean_length 64
09-04-21 16:40:44 - epoch 2 | global step 6800 | mode train | loss 2.0791 | accuracy 13.75 | mean_length 64
09-04-21 16:42:43 - epoch 2 | global step 6810 | mode train | loss 2.079 | accuracy 14.0625 | mean_length 64
09-04-21 16:44:43 - epoch 2 | global step 6820 | mode train | loss 2.0804 | accuracy 10.9375 | mean_length 64
09-04-21 16:46:32 - epoch 2 | global step 6830 | mode train | loss 2.078 | accuracy 15.625 | mean_length 64
09-04-21 16:48:32 - epoch 2 | global step 6840 | mode train | loss 2.078 | accuracy 16.5625 | mean_length 64
09-04-21 16:50:22 - epoch 2 | global step 6850 | mode train | loss 2.0806 | accuracy 11.25 | mean_length 64
09-04-21 16:52:22 - epoch 2 | global step 6860 | mode train | loss 2.0798 | accuracy 11.5625 | mean_length 64
09-04-21 16:54:12 - epoch 2 | global step 6870 | mode train | loss 2.0796 | accuracy 13.125 | mean_length 64
09-04-21 16:56:11 - epoch 2 | global step 6880 | mode train | loss 2.0796 | accuracy 9.375 | mean_length 64
09-04-21 16:58:01 - epoch 2 | global step 6890 | mode train | loss 2.0803 | accuracy 10.0 | mean_length 64
09-04-21 16:59:53 - epoch 2 | global step 6900 | mode train | loss 2.0789 | accuracy 11.5625 | mean_length 64
09-04-21 17:01:44 - epoch 2 | global step 6910 | mode train | loss 2.0808 | accuracy 9.375 | mean_length 64
09-04-21 17:03:39 - epoch 2 | global step 6920 | mode train | loss 2.0802 | accuracy 12.5 | mean_length 64
09-04-21 17:05:32 - epoch 2 | global step 6930 | mode train | loss 2.0787 | accuracy 13.75 | mean_length 64
09-04-21 17:07:23 - epoch 2 | global step 6940 | mode train | loss 2.0791 | accuracy 10.0 | mean_length 64
09-04-21 17:09:13 - epoch 2 | global step 6950 | mode train | loss 2.0798 | accuracy 8.75 | mean_length 64
09-04-21 17:11:03 - epoch 2 | global step 6960 | mode train | loss 2.0795 | accuracy 15.625 | mean_length 64
09-04-21 17:12:53 - epoch 2 | global step 6970 | mode train | loss 2.0779 | accuracy 14.375 | mean_length 64
09-04-21 17:14:46 - epoch 2 | global step 6980 | mode train | loss 2.0811 | accuracy 11.875 | mean_length 64
09-04-21 17:16:37 - epoch 2 | global step 6990 | mode train | loss 2.0796 | accuracy 10.3125 | mean_length 64
09-04-21 17:18:28 - epoch 2 | global step 7000 | mode train | loss 2.0796 | accuracy 13.75 | mean_length 64
09-04-21 17:20:19 - epoch 2 | global step 7010 | mode train | loss 2.0795 | accuracy 15.3125 | mean_length 64
09-04-21 17:22:10 - epoch 2 | global step 7020 | mode train | loss 2.0808 | accuracy 11.25 | mean_length 64
09-04-21 17:24:08 - epoch 2 | global step 7030 | mode train | loss 2.079 | accuracy 10.3125 | mean_length 64
09-04-21 17:26:00 - epoch 2 | global step 7040 | mode train | loss 2.0788 | accuracy 10.9375 | mean_length 64
09-04-21 17:27:51 - epoch 2 | global step 7050 | mode train | loss 2.0795 | accuracy 14.6875 | mean_length 64
09-04-21 17:29:42 - epoch 2 | global step 7060 | mode train | loss 2.0789 | accuracy 13.4375 | mean_length 64
09-04-21 17:31:32 - epoch 2 | global step 7070 | mode train | loss 2.0796 | accuracy 12.8125 | mean_length 64
09-04-21 17:33:22 - epoch 2 | global step 7080 | mode train | loss 2.08 | accuracy 10.3125 | mean_length 64
09-04-21 17:35:12 - epoch 2 | global step 7090 | mode train | loss 2.0784 | accuracy 14.6875 | mean_length 64
09-04-21 17:37:03 - epoch 2 | global step 7100 | mode train | loss 2.0793 | accuracy 12.5 | mean_length 64
09-04-21 17:38:55 - epoch 2 | global step 7110 | mode train | loss 2.0794 | accuracy 13.75 | mean_length 64
09-04-21 17:40:48 - epoch 2 | global step 7120 | mode train | loss 2.0803 | accuracy 9.375 | mean_length 64
09-04-21 17:42:41 - epoch 2 | global step 7130 | mode train | loss 2.0802 | accuracy 12.1875 | mean_length 64
09-04-21 17:44:33 - epoch 2 | global step 7140 | mode train | loss 2.0779 | accuracy 14.375 | mean_length 64
09-04-21 17:46:25 - epoch 2 | global step 7150 | mode train | loss 2.0791 | accuracy 10.625 | mean_length 64
09-04-21 17:48:16 - epoch 2 | global step 7160 | mode train | loss 2.081 | accuracy 10.3125 | mean_length 64
09-04-21 17:59:28 - epoch 2 | global step 7168 | mode validation | loss 2.0795 | accuracy 12.86 | mean_length 64
09-04-21 17:59:50 - epoch 2 | global step 7170 | mode train | loss 2.0797 | accuracy 12.1875 | mean_length 64
09-04-21 18:01:41 - epoch 2 | global step 7180 | mode train | loss 2.0793 | accuracy 12.5 | mean_length 64
09-04-21 18:03:33 - epoch 2 | global step 7190 | mode train | loss 2.0807 | accuracy 13.4375 | mean_length 64
09-04-21 18:05:27 - epoch 2 | global step 7200 | mode train | loss 2.0805 | accuracy 12.1875 | mean_length 64
09-04-21 18:07:20 - epoch 2 | global step 7210 | mode train | loss 2.0805 | accuracy 11.25 | mean_length 64
09-04-21 18:09:12 - epoch 2 | global step 7220 | mode train | loss 2.0797 | accuracy 13.75 | mean_length 64
09-04-21 18:11:05 - epoch 2 | global step 7230 | mode train | loss 2.0799 | accuracy 10.9375 | mean_length 64
09-04-21 18:12:58 - epoch 2 | global step 7240 | mode train | loss 2.0791 | accuracy 12.1875 | mean_length 64
09-04-21 18:14:52 - epoch 2 | global step 7250 | mode train | loss 2.079 | accuracy 12.8125 | mean_length 64
09-04-21 18:16:46 - epoch 2 | global step 7260 | mode train | loss 2.0795 | accuracy 15.0 | mean_length 64
09-04-21 18:18:39 - epoch 2 | global step 7270 | mode train | loss 2.0791 | accuracy 13.4375 | mean_length 64
09-04-21 18:20:32 - epoch 2 | global step 7280 | mode train | loss 2.0795 | accuracy 10.3125 | mean_length 64
09-04-21 18:22:24 - epoch 2 | global step 7290 | mode train | loss 2.0788 | accuracy 15.0 | mean_length 64
09-04-21 18:24:19 - epoch 2 | global step 7300 | mode train | loss 2.0796 | accuracy 11.875 | mean_length 64
09-04-21 18:26:17 - epoch 2 | global step 7310 | mode train | loss 2.0791 | accuracy 15.9375 | mean_length 64
09-04-21 18:28:11 - epoch 2 | global step 7320 | mode train | loss 2.0795 | accuracy 11.875 | mean_length 64
09-04-21 18:30:01 - epoch 2 | global step 7330 | mode train | loss 2.078 | accuracy 15.625 | mean_length 64
09-04-21 18:31:51 - epoch 2 | global step 7340 | mode train | loss 2.0786 | accuracy 14.375 | mean_length 64
09-04-21 18:33:49 - epoch 2 | global step 7350 | mode train | loss 2.0802 | accuracy 11.5625 | mean_length 64
09-04-21 18:35:39 - epoch 2 | global step 7360 | mode train | loss 2.0798 | accuracy 13.125 | mean_length 64
09-04-21 18:37:30 - epoch 2 | global step 7370 | mode train | loss 2.0808 | accuracy 10.3125 | mean_length 64
09-04-21 18:39:23 - epoch 2 | global step 7380 | mode train | loss 2.0788 | accuracy 16.875 | mean_length 64
09-04-21 18:41:22 - epoch 2 | global step 7390 | mode train | loss 2.0793 | accuracy 11.25 | mean_length 64
09-04-21 18:43:12 - epoch 2 | global step 7400 | mode train | loss 2.0807 | accuracy 13.125 | mean_length 64
09-04-21 18:45:10 - epoch 2 | global step 7410 | mode train | loss 2.0789 | accuracy 10.3125 | mean_length 64
09-04-21 18:47:09 - epoch 2 | global step 7420 | mode train | loss 2.0793 | accuracy 10.0 | mean_length 64
09-04-21 18:48:59 - epoch 2 | global step 7430 | mode train | loss 2.0813 | accuracy 14.0625 | mean_length 64
09-04-21 18:50:58 - epoch 2 | global step 7440 | mode train | loss 2.079 | accuracy 12.8125 | mean_length 64
09-04-21 18:52:48 - epoch 2 | global step 7450 | mode train | loss 2.0783 | accuracy 11.5625 | mean_length 64
09-04-21 18:54:46 - epoch 2 | global step 7460 | mode train | loss 2.0798 | accuracy 14.375 | mean_length 64
09-04-21 18:56:45 - epoch 2 | global step 7470 | mode train | loss 2.0787 | accuracy 13.4375 | mean_length 64
09-04-21 18:58:44 - epoch 2 | global step 7480 | mode train | loss 2.0812 | accuracy 13.125 | mean_length 64
09-04-21 19:00:42 - epoch 2 | global step 7490 | mode train | loss 2.079 | accuracy 13.75 | mean_length 64
09-04-21 19:02:41 - epoch 2 | global step 7500 | mode train | loss 2.0816 | accuracy 8.125 | mean_length 64
09-04-21 19:04:31 - epoch 2 | global step 7510 | mode train | loss 2.0792 | accuracy 13.75 | mean_length 64
09-04-21 19:06:20 - epoch 2 | global step 7520 | mode train | loss 2.0783 | accuracy 15.3125 | mean_length 64
09-04-21 19:08:11 - epoch 2 | global step 7530 | mode train | loss 2.0805 | accuracy 14.6875 | mean_length 64
09-04-21 19:10:10 - epoch 2 | global step 7540 | mode train | loss 2.0801 | accuracy 12.1875 | mean_length 64
09-04-21 19:12:03 - epoch 2 | global step 7550 | mode train | loss 2.0801 | accuracy 13.4375 | mean_length 64
09-04-21 19:14:02 - epoch 2 | global step 7560 | mode train | loss 2.0797 | accuracy 10.0 | mean_length 64
09-04-21 19:15:52 - epoch 2 | global step 7570 | mode train | loss 2.0798 | accuracy 13.75 | mean_length 64
09-04-21 19:17:50 - epoch 2 | global step 7580 | mode train | loss 2.0814 | accuracy 10.625 | mean_length 64
09-04-21 19:19:49 - epoch 2 | global step 7590 | mode train | loss 2.0789 | accuracy 13.4375 | mean_length 64
09-04-21 19:21:48 - epoch 2 | global step 7600 | mode train | loss 2.0805 | accuracy 12.5 | mean_length 64
09-04-21 19:23:38 - epoch 2 | global step 7610 | mode train | loss 2.0789 | accuracy 12.5 | mean_length 64
09-04-21 19:25:31 - epoch 2 | global step 7620 | mode train | loss 2.0794 | accuracy 13.4375 | mean_length 64
09-04-21 19:27:21 - epoch 2 | global step 7630 | mode train | loss 2.0799 | accuracy 12.5 | mean_length 64
09-04-21 19:29:10 - epoch 2 | global step 7640 | mode train | loss 2.0803 | accuracy 10.9375 | mean_length 64
09-04-21 19:31:09 - epoch 2 | global step 7650 | mode train | loss 2.0799 | accuracy 11.25 | mean_length 64
09-04-21 19:33:07 - epoch 2 | global step 7660 | mode train | loss 2.0781 | accuracy 11.875 | mean_length 64
09-04-21 19:35:05 - epoch 2 | global step 7670 | mode train | loss 2.0795 | accuracy 12.8125 | mean_length 64
09-04-21 19:36:58 - epoch 2 | global step 7680 | mode train | loss 2.0791 | accuracy 12.8125 | mean_length 64
09-04-21 19:46:40 - epoch 2 | global step 7680 | mode validation | loss 2.0794 | accuracy 12.7 | mean_length 64
09-04-21 19:48:32 - epoch 2 | global step 7690 | mode train | loss 2.0795 | accuracy 10.9375 | mean_length 64
09-04-21 19:50:25 - epoch 2 | global step 7700 | mode train | loss 2.0797 | accuracy 15.0 | mean_length 64
09-04-21 19:52:17 - epoch 2 | global step 7710 | mode train | loss 2.0802 | accuracy 12.8125 | mean_length 64
09-04-21 19:54:08 - epoch 2 | global step 7720 | mode train | loss 2.0789 | accuracy 12.8125 | mean_length 64
09-04-21 19:56:00 - epoch 2 | global step 7730 | mode train | loss 2.0791 | accuracy 12.1875 | mean_length 64
09-04-21 19:57:51 - epoch 2 | global step 7740 | mode train | loss 2.0779 | accuracy 15.625 | mean_length 64
09-04-21 19:59:42 - epoch 2 | global step 7750 | mode train | loss 2.0793 | accuracy 14.375 | mean_length 64
09-04-21 20:01:33 - epoch 2 | global step 7760 | mode train | loss 2.0785 | accuracy 12.5 | mean_length 64
09-04-21 20:03:24 - epoch 2 | global step 7770 | mode train | loss 2.0808 | accuracy 13.75 | mean_length 64
09-04-21 20:05:15 - epoch 2 | global step 7780 | mode train | loss 2.0798 | accuracy 11.5625 | mean_length 64
09-04-21 20:07:07 - epoch 2 | global step 7790 | mode train | loss 2.0802 | accuracy 12.5 | mean_length 64
09-04-21 20:08:59 - epoch 2 | global step 7800 | mode train | loss 2.08 | accuracy 10.625 | mean_length 64
09-04-21 20:10:50 - epoch 2 | global step 7810 | mode train | loss 2.0809 | accuracy 12.8125 | mean_length 64
09-04-21 20:12:40 - epoch 2 | global step 7820 | mode train | loss 2.0797 | accuracy 12.5 | mean_length 64
09-04-21 20:14:30 - epoch 2 | global step 7830 | mode train | loss 2.0789 | accuracy 13.125 | mean_length 64
09-04-21 20:16:21 - epoch 2 | global step 7840 | mode train | loss 2.0793 | accuracy 13.4375 | mean_length 64
09-04-21 20:18:14 - epoch 2 | global step 7850 | mode train | loss 2.0787 | accuracy 14.375 | mean_length 64
09-04-21 20:20:04 - epoch 2 | global step 7860 | mode train | loss 2.0786 | accuracy 13.125 | mean_length 64
09-04-21 20:21:54 - epoch 2 | global step 7870 | mode train | loss 2.0811 | accuracy 11.875 | mean_length 64
09-04-21 20:23:44 - epoch 2 | global step 7880 | mode train | loss 2.0789 | accuracy 15.625 | mean_length 64
09-04-21 20:25:34 - epoch 2 | global step 7890 | mode train | loss 2.0801 | accuracy 11.875 | mean_length 64
09-04-21 20:27:30 - epoch 2 | global step 7900 | mode train | loss 2.0795 | accuracy 12.1875 | mean_length 64
09-04-21 20:29:21 - epoch 2 | global step 7910 | mode train | loss 2.081 | accuracy 7.8125 | mean_length 64
09-04-21 20:31:19 - epoch 2 | global step 7920 | mode train | loss 2.0797 | accuracy 12.8125 | mean_length 64
09-04-21 20:33:10 - epoch 2 | global step 7930 | mode train | loss 2.0801 | accuracy 10.9375 | mean_length 64
09-04-21 20:35:00 - epoch 2 | global step 7940 | mode train | loss 2.0792 | accuracy 15.3125 | mean_length 64
09-04-21 20:36:51 - epoch 2 | global step 7950 | mode train | loss 2.0808 | accuracy 12.1875 | mean_length 64
09-04-21 20:38:41 - epoch 2 | global step 7960 | mode train | loss 2.0803 | accuracy 11.25 | mean_length 64
09-04-21 20:40:32 - epoch 2 | global step 7970 | mode train | loss 2.0789 | accuracy 11.25 | mean_length 64
09-04-21 20:42:22 - epoch 2 | global step 7980 | mode train | loss 2.0799 | accuracy 14.375 | mean_length 64
09-04-21 20:44:15 - epoch 2 | global step 7990 | mode train | loss 2.0805 | accuracy 10.625 | mean_length 64
09-04-21 20:46:12 - epoch 2 | global step 8000 | mode train | loss 2.0804 | accuracy 11.25 | mean_length 64
09-04-21 20:48:04 - epoch 2 | global step 8010 | mode train | loss 2.0808 | accuracy 9.6875 | mean_length 64
09-04-21 20:50:02 - epoch 2 | global step 8020 | mode train | loss 2.0791 | accuracy 13.4375 | mean_length 64
09-04-21 20:51:57 - epoch 2 | global step 8030 | mode train | loss 2.0799 | accuracy 13.4375 | mean_length 64
09-04-21 20:53:55 - epoch 2 | global step 8040 | mode train | loss 2.0795 | accuracy 13.125 | mean_length 64
09-04-21 20:55:46 - epoch 2 | global step 8050 | mode train | loss 2.0802 | accuracy 11.5625 | mean_length 64
09-04-21 20:57:39 - epoch 2 | global step 8060 | mode train | loss 2.0798 | accuracy 12.5 | mean_length 64
09-04-21 20:59:32 - epoch 2 | global step 8070 | mode train | loss 2.0792 | accuracy 12.1875 | mean_length 64
09-04-21 21:01:24 - epoch 2 | global step 8080 | mode train | loss 2.0803 | accuracy 12.5 | mean_length 64
09-04-21 21:03:14 - epoch 2 | global step 8090 | mode train | loss 2.0795 | accuracy 11.875 | mean_length 64
09-04-21 21:05:04 - epoch 2 | global step 8100 | mode train | loss 2.0781 | accuracy 15.9375 | mean_length 64
09-04-21 21:06:54 - epoch 2 | global step 8110 | mode train | loss 2.081 | accuracy 12.8125 | mean_length 64
09-04-21 21:08:46 - epoch 2 | global step 8120 | mode train | loss 2.081 | accuracy 9.375 | mean_length 64
09-04-21 21:10:47 - epoch 2 | global step 8130 | mode train | loss 2.0796 | accuracy 13.4375 | mean_length 64
09-04-21 21:12:37 - epoch 2 | global step 8140 | mode train | loss 2.0808 | accuracy 9.375 | mean_length 64
09-04-21 21:14:37 - epoch 2 | global step 8150 | mode train | loss 2.0793 | accuracy 13.125 | mean_length 64
09-04-21 21:16:36 - epoch 2 | global step 8160 | mode train | loss 2.0789 | accuracy 11.875 | mean_length 64
09-04-21 21:18:36 - epoch 2 | global step 8170 | mode train | loss 2.0805 | accuracy 14.375 | mean_length 64
09-04-21 21:20:35 - epoch 2 | global step 8180 | mode train | loss 2.0804 | accuracy 11.25 | mean_length 64
09-04-21 21:22:25 - epoch 2 | global step 8190 | mode train | loss 2.0812 | accuracy 11.5625 | mean_length 64
09-04-21 21:22:49 - Evaluate the following checkpoint: Output/accGrad4_mbart_BTen+zh_lr9.0e-6_7distractors_maxstep8192_seed42/model.pt
09-04-21 21:36:39 - Best model stats: 
09-04-21 21:36:39 - epoch 0 | global step 0 | mode validation | loss 2.0506 | accuracy 13.78 | mean_length 64
