==========================================
SLURM_JOB_ID = 5965052
SLURM_JOB_NODELIST = d13-09
TMPDIR = /tmp/SLURM_5965052
==========================================
/home1/zliu9986/communication-translation
09-20-21 00:26:19 - Dataset Loaded
09-20-21 00:26:19 - Configuration:
Namespace(TransferH=False, alpha=1.0, batch_size=8, beam_width=5, bidirectional=False, config='Configs/en-zh_ec_captions.yml', cpu=False, decode_how='beam', device=device(type='cuda'), do_eval=True, do_train=True, dropout=0.1, fix_bhd=False, fix_spk=False, grad_clip=1.0, gradient_accumulation_steps=4, hard=False, has_vocab_constraint=False, hidden_dim=512, image_dim=2048, lr=8e-06, max_global_step=8192, max_seq_length=64, mode='emergent_communication', model_name='Models/bt_en-zh_captions', n_gpu=1, no_share_bhd=False, no_terminal=False, no_write=False, num_distractors_train=7, num_distractors_valid=7, num_games=30, num_layers=1, output_dir='Output/accGrad4_mbart_BTen+zh-captions_lr8.0e-6_7distractors_maxstep8192_seed43', print_every=10, save_output_txt=True, save_pretrain_seperately=True, seed=43, source_lang='en_XX', source_lang_vocab_constrain_file='/projects/unmt/communication-translation/en_cc_tokenID2count_dict.cc25.json', stats_to_print=['loss', 'accuracy', 'caption generation loss', 'image selection loss', 'mean_length'], target_acc=85.0, target_lang='zh_CN', target_lang_vocab_constrain_file='/projects/unmt/communication-translation/zh-Hans_cc_tokenID2count_dict.cc25.json', temp=1.0, temperature=1.0, train_images='./Data/ec_finetuning/images_train', two_ffwd=False, unit_norm=False, valid_every=512, valid_images='./Data/ec_finetuning/images_val', vocab_size=4035)
Sharing visual system for each agent.
09-20-21 00:36:00 - epoch 0 | global step 0 | mode validation | loss 2.3707 | accuracy 12.74 | mean_length 33.7326
09-20-21 00:36:00 - Saving model to Output/accGrad4_mbart_BTen+zh-captions_lr8.0e-6_7distractors_maxstep8192_seed43
Epoch: 0, Prediction Accuracy: 12.74, Saved to Path: Output/accGrad4_mbart_BTen+zh-captions_lr8.0e-6_7distractors_maxstep8192_seed43
09-20-21 00:37:58 - epoch 0 | global step 10 | mode train | loss 2.1905 | accuracy 15.3125 | mean_length 47.5281
09-20-21 00:39:45 - epoch 0 | global step 20 | mode train | loss 2.0935 | accuracy 14.6875 | mean_length 57.1125
09-20-21 00:41:32 - epoch 0 | global step 30 | mode train | loss 2.1061 | accuracy 13.4375 | mean_length 51.9656
09-20-21 00:43:19 - epoch 0 | global step 40 | mode train | loss 2.0888 | accuracy 13.125 | mean_length 56.05
09-20-21 00:45:06 - epoch 0 | global step 50 | mode train | loss 2.0555 | accuracy 12.5 | mean_length 59.0562
09-20-21 00:46:53 - epoch 0 | global step 60 | mode train | loss 2.0746 | accuracy 14.0625 | mean_length 62.5562
09-20-21 00:48:40 - epoch 0 | global step 70 | mode train | loss 2.0673 | accuracy 13.4375 | mean_length 63.4688
09-20-21 00:50:27 - epoch 0 | global step 80 | mode train | loss 2.0398 | accuracy 16.5625 | mean_length 64
09-20-21 00:52:14 - epoch 0 | global step 90 | mode train | loss 2.0698 | accuracy 11.25 | mean_length 63.8781
09-20-21 00:54:01 - epoch 0 | global step 100 | mode train | loss 2.0486 | accuracy 13.4375 | mean_length 64
09-20-21 00:55:48 - epoch 0 | global step 110 | mode train | loss 2.0393 | accuracy 13.75 | mean_length 63.9875
09-20-21 00:57:36 - epoch 0 | global step 120 | mode train | loss 2.0686 | accuracy 12.8125 | mean_length 64
09-20-21 00:59:23 - epoch 0 | global step 130 | mode train | loss 2.0466 | accuracy 14.0625 | mean_length 63.7469
09-20-21 01:01:10 - epoch 0 | global step 140 | mode train | loss 2.0371 | accuracy 13.4375 | mean_length 63.2625
09-20-21 01:02:57 - epoch 0 | global step 150 | mode train | loss 2.0386 | accuracy 11.5625 | mean_length 63.6125
09-20-21 01:04:44 - epoch 0 | global step 160 | mode train | loss 2.0276 | accuracy 16.5625 | mean_length 63.3188
09-20-21 01:06:31 - epoch 0 | global step 170 | mode train | loss 2.0324 | accuracy 17.5 | mean_length 61.6938
09-20-21 01:08:18 - epoch 0 | global step 180 | mode train | loss 1.959 | accuracy 16.5625 | mean_length 61.525
09-20-21 01:10:05 - epoch 0 | global step 190 | mode train | loss 1.9907 | accuracy 14.6875 | mean_length 62.9562
09-20-21 01:11:52 - epoch 0 | global step 200 | mode train | loss 1.97 | accuracy 19.0625 | mean_length 63.3687
09-20-21 01:13:39 - epoch 0 | global step 210 | mode train | loss 1.9622 | accuracy 18.125 | mean_length 63.5281
09-20-21 01:15:26 - epoch 0 | global step 220 | mode train | loss 2.0406 | accuracy 13.4375 | mean_length 63.725
09-20-21 01:17:13 - epoch 0 | global step 230 | mode train | loss 2.042 | accuracy 13.75 | mean_length 63.8906
09-20-21 01:19:00 - epoch 0 | global step 240 | mode train | loss 2.0302 | accuracy 20.625 | mean_length 63.8094
09-20-21 01:20:48 - epoch 0 | global step 250 | mode train | loss 1.9983 | accuracy 15.9375 | mean_length 63.2406
09-20-21 01:22:35 - epoch 0 | global step 260 | mode train | loss 1.981 | accuracy 16.875 | mean_length 62.1344
09-20-21 01:24:22 - epoch 0 | global step 270 | mode train | loss 1.9355 | accuracy 20.9375 | mean_length 60.8687
09-20-21 01:26:09 - epoch 0 | global step 280 | mode train | loss 1.9946 | accuracy 16.875 | mean_length 58.0906
09-20-21 01:27:57 - epoch 0 | global step 290 | mode train | loss 1.9578 | accuracy 18.75 | mean_length 60.7
09-20-21 01:29:44 - epoch 0 | global step 300 | mode train | loss 1.9861 | accuracy 15.0 | mean_length 59.3188
09-20-21 01:31:31 - epoch 0 | global step 310 | mode train | loss 1.9057 | accuracy 25.625 | mean_length 51.0625
09-20-21 01:33:18 - epoch 0 | global step 320 | mode train | loss 1.8709 | accuracy 28.4375 | mean_length 48.4844
09-20-21 01:35:03 - epoch 0 | global step 330 | mode train | loss 1.8762 | accuracy 24.6875 | mean_length 41.7563
09-20-21 01:36:50 - epoch 0 | global step 340 | mode train | loss 1.8425 | accuracy 28.75 | mean_length 63.2719
09-20-21 01:38:38 - epoch 0 | global step 350 | mode train | loss 1.8477 | accuracy 26.875 | mean_length 64
09-20-21 01:40:25 - epoch 0 | global step 360 | mode train | loss 1.7689 | accuracy 30.9375 | mean_length 64
09-20-21 01:42:12 - epoch 0 | global step 370 | mode train | loss 1.7481 | accuracy 35.0 | mean_length 64
09-20-21 01:43:59 - epoch 0 | global step 380 | mode train | loss 1.7568 | accuracy 33.4375 | mean_length 64
09-20-21 01:45:46 - epoch 0 | global step 390 | mode train | loss 1.7338 | accuracy 35.625 | mean_length 63.9188
09-20-21 01:47:33 - epoch 0 | global step 400 | mode train | loss 1.7387 | accuracy 31.5625 | mean_length 63.9719
09-20-21 01:49:20 - epoch 0 | global step 410 | mode train | loss 1.591 | accuracy 40.9375 | mean_length 63.9531
09-20-21 01:51:07 - epoch 0 | global step 420 | mode train | loss 1.6361 | accuracy 39.0625 | mean_length 64
09-20-21 01:52:54 - epoch 0 | global step 430 | mode train | loss 1.6189 | accuracy 38.125 | mean_length 64
09-20-21 01:54:41 - epoch 0 | global step 440 | mode train | loss 1.5965 | accuracy 36.875 | mean_length 64
09-20-21 01:56:28 - epoch 0 | global step 450 | mode train | loss 1.4983 | accuracy 44.375 | mean_length 64
09-20-21 01:58:15 - epoch 0 | global step 460 | mode train | loss 1.469 | accuracy 46.5625 | mean_length 63.9062
09-20-21 02:00:02 - epoch 0 | global step 470 | mode train | loss 1.4632 | accuracy 46.875 | mean_length 64
09-20-21 02:01:50 - epoch 0 | global step 480 | mode train | loss 1.3829 | accuracy 46.875 | mean_length 64
09-20-21 02:03:37 - epoch 0 | global step 490 | mode train | loss 1.3599 | accuracy 47.8125 | mean_length 64
09-20-21 02:05:24 - epoch 0 | global step 500 | mode train | loss 1.3305 | accuracy 48.125 | mean_length 64
09-20-21 02:07:11 - epoch 0 | global step 510 | mode train | loss 1.2624 | accuracy 55.3125 | mean_length 64
09-20-21 02:17:06 - epoch 0 | global step 512 | mode validation | loss 1.3009 | accuracy 50.38 | mean_length 64
09-20-21 02:17:06 - Saving model to Output/accGrad4_mbart_BTen+zh-captions_lr8.0e-6_7distractors_maxstep8192_seed43
Epoch: 0, Prediction Accuracy: 50.38, Saved to Path: Output/accGrad4_mbart_BTen+zh-captions_lr8.0e-6_7distractors_maxstep8192_seed43
09-20-21 02:18:43 - epoch 0 | global step 520 | mode train | loss 1.3099 | accuracy 47.8125 | mean_length 64
09-20-21 02:20:30 - epoch 0 | global step 530 | mode train | loss 1.4117 | accuracy 46.5625 | mean_length 64
09-20-21 02:22:17 - epoch 0 | global step 540 | mode train | loss 1.3337 | accuracy 49.0625 | mean_length 64
09-20-21 02:24:04 - epoch 0 | global step 550 | mode train | loss 1.2157 | accuracy 55.3125 | mean_length 63.8813
09-20-21 02:25:51 - epoch 0 | global step 560 | mode train | loss 1.2216 | accuracy 55.0 | mean_length 64
09-20-21 02:27:38 - epoch 0 | global step 570 | mode train | loss 1.2828 | accuracy 53.75 | mean_length 63.85
09-20-21 02:29:25 - epoch 0 | global step 580 | mode train | loss 1.2646 | accuracy 53.125 | mean_length 64
09-20-21 02:31:12 - epoch 0 | global step 590 | mode train | loss 1.249 | accuracy 50.9375 | mean_length 64
09-20-21 02:32:59 - epoch 0 | global step 600 | mode train | loss 1.1366 | accuracy 60.9375 | mean_length 64
09-20-21 02:34:46 - epoch 0 | global step 610 | mode train | loss 1.2328 | accuracy 53.125 | mean_length 63.9125
09-20-21 02:36:33 - epoch 0 | global step 620 | mode train | loss 1.12 | accuracy 60.3125 | mean_length 64
09-20-21 02:38:20 - epoch 0 | global step 630 | mode train | loss 1.2343 | accuracy 52.5 | mean_length 64
09-20-21 02:40:07 - epoch 0 | global step 640 | mode train | loss 1.2103 | accuracy 57.1875 | mean_length 63.8281
09-20-21 02:41:54 - epoch 0 | global step 650 | mode train | loss 1.1539 | accuracy 60.3125 | mean_length 63.3563
09-20-21 02:43:40 - epoch 0 | global step 660 | mode train | loss 1.1702 | accuracy 55.9375 | mean_length 63.1187
09-20-21 02:45:27 - epoch 0 | global step 670 | mode train | loss 1.0992 | accuracy 60.3125 | mean_length 63.2344
09-20-21 02:47:14 - epoch 0 | global step 680 | mode train | loss 1.05 | accuracy 60.9375 | mean_length 63.7219
09-20-21 02:49:01 - epoch 0 | global step 690 | mode train | loss 1.0972 | accuracy 61.25 | mean_length 57.2281
09-20-21 02:50:48 - epoch 0 | global step 700 | mode train | loss 1.0554 | accuracy 61.25 | mean_length 54.25
09-20-21 02:52:35 - epoch 0 | global step 710 | mode train | loss 1.1288 | accuracy 58.4375 | mean_length 53.4375
09-20-21 02:54:22 - epoch 0 | global step 720 | mode train | loss 1.0653 | accuracy 59.6875 | mean_length 51.5625
09-20-21 02:56:09 - epoch 0 | global step 730 | mode train | loss 1.0383 | accuracy 62.1875 | mean_length 52.6594
09-20-21 02:57:55 - epoch 0 | global step 740 | mode train | loss 1.0183 | accuracy 64.6875 | mean_length 52.4969
09-20-21 02:59:42 - epoch 0 | global step 750 | mode train | loss 0.9939 | accuracy 62.8125 | mean_length 53.9969
09-20-21 03:01:30 - epoch 0 | global step 760 | mode train | loss 1.0255 | accuracy 60.0 | mean_length 54.3469
09-20-21 03:03:17 - epoch 0 | global step 770 | mode train | loss 1.154 | accuracy 54.0625 | mean_length 53.4844
09-20-21 03:05:04 - epoch 0 | global step 780 | mode train | loss 1.1519 | accuracy 53.4375 | mean_length 58.1437
09-20-21 03:06:51 - epoch 0 | global step 790 | mode train | loss 0.9676 | accuracy 65.625 | mean_length 60.7469
09-20-21 03:08:38 - epoch 0 | global step 800 | mode train | loss 0.9886 | accuracy 64.375 | mean_length 61.5031
09-20-21 03:10:25 - epoch 0 | global step 810 | mode train | loss 0.9777 | accuracy 65.9375 | mean_length 61.7281
09-20-21 03:12:11 - epoch 0 | global step 820 | mode train | loss 0.9552 | accuracy 65.625 | mean_length 61.5594
09-20-21 03:13:58 - epoch 0 | global step 830 | mode train | loss 1.0664 | accuracy 57.5 | mean_length 62.9188
09-20-21 03:15:45 - epoch 0 | global step 840 | mode train | loss 0.9895 | accuracy 64.6875 | mean_length 62.1594
09-20-21 03:17:32 - epoch 0 | global step 850 | mode train | loss 0.9496 | accuracy 65.625 | mean_length 63.2563
09-20-21 03:19:19 - epoch 0 | global step 860 | mode train | loss 0.9385 | accuracy 67.1875 | mean_length 63.3687
09-20-21 03:21:06 - epoch 0 | global step 870 | mode train | loss 0.9955 | accuracy 63.125 | mean_length 62.95
09-20-21 03:22:52 - epoch 0 | global step 880 | mode train | loss 0.9196 | accuracy 65.9375 | mean_length 62.55
09-20-21 03:24:39 - epoch 0 | global step 890 | mode train | loss 0.8755 | accuracy 66.5625 | mean_length 61.125
09-20-21 03:26:26 - epoch 0 | global step 900 | mode train | loss 0.8748 | accuracy 69.6875 | mean_length 62.1562
09-20-21 03:28:13 - epoch 0 | global step 910 | mode train | loss 0.8441 | accuracy 68.75 | mean_length 61.0063
09-20-21 03:30:00 - epoch 0 | global step 920 | mode train | loss 0.8514 | accuracy 69.6875 | mean_length 60.3875
09-20-21 03:31:47 - epoch 0 | global step 930 | mode train | loss 0.8944 | accuracy 66.25 | mean_length 60.0625
09-20-21 03:33:33 - epoch 0 | global step 940 | mode train | loss 0.8909 | accuracy 63.125 | mean_length 60.8719
09-20-21 03:35:20 - epoch 0 | global step 950 | mode train | loss 0.8757 | accuracy 69.6875 | mean_length 61.0719
09-20-21 03:37:07 - epoch 0 | global step 960 | mode train | loss 0.7846 | accuracy 74.375 | mean_length 62.0969
09-20-21 03:38:54 - epoch 0 | global step 970 | mode train | loss 0.842 | accuracy 70.0 | mean_length 61.4125
09-20-21 03:40:41 - epoch 0 | global step 980 | mode train | loss 0.8475 | accuracy 69.0625 | mean_length 60.5094
09-20-21 03:42:28 - epoch 0 | global step 990 | mode train | loss 0.7474 | accuracy 70.9375 | mean_length 60.8125
09-20-21 03:44:15 - epoch 0 | global step 1000 | mode train | loss 0.9126 | accuracy 65.625 | mean_length 61.5375
09-20-21 03:46:02 - epoch 0 | global step 1010 | mode train | loss 0.8337 | accuracy 72.1875 | mean_length 62.6094
09-20-21 03:47:49 - epoch 0 | global step 1020 | mode train | loss 0.8538 | accuracy 67.8125 | mean_length 62.1437
09-20-21 03:58:01 - epoch 0 | global step 1024 | mode validation | loss 0.7371 | accuracy 75.18 | mean_length 63.2774
09-20-21 03:58:01 - Saving model to Output/accGrad4_mbart_BTen+zh-captions_lr8.0e-6_7distractors_maxstep8192_seed43
Epoch: 0, Prediction Accuracy: 75.18, Saved to Path: Output/accGrad4_mbart_BTen+zh-captions_lr8.0e-6_7distractors_maxstep8192_seed43
09-20-21 03:59:15 - epoch 0 | global step 1030 | mode train | loss 0.8257 | accuracy 69.6875 | mean_length 61.3906
09-20-21 04:01:02 - epoch 0 | global step 1040 | mode train | loss 0.8107 | accuracy 69.6875 | mean_length 60.7844
09-20-21 04:02:50 - epoch 0 | global step 1050 | mode train | loss 0.7846 | accuracy 72.1875 | mean_length 60.8375
09-20-21 04:04:37 - epoch 0 | global step 1060 | mode train | loss 0.8927 | accuracy 68.75 | mean_length 59.825
09-20-21 04:06:23 - epoch 0 | global step 1070 | mode train | loss 0.694 | accuracy 75.0 | mean_length 60.7938
09-20-21 04:08:10 - epoch 0 | global step 1080 | mode train | loss 0.7348 | accuracy 73.125 | mean_length 60.0219
09-20-21 04:09:57 - epoch 0 | global step 1090 | mode train | loss 0.706 | accuracy 74.375 | mean_length 61.2219
09-20-21 04:11:44 - epoch 0 | global step 1100 | mode train | loss 0.747 | accuracy 72.1875 | mean_length 61.5781
09-20-21 04:13:31 - epoch 0 | global step 1110 | mode train | loss 0.6776 | accuracy 76.875 | mean_length 62.4656
09-20-21 04:15:18 - epoch 0 | global step 1120 | mode train | loss 0.7607 | accuracy 73.75 | mean_length 60.8406
09-20-21 04:17:05 - epoch 0 | global step 1130 | mode train | loss 0.7236 | accuracy 74.375 | mean_length 60.5406
09-20-21 04:18:52 - epoch 0 | global step 1140 | mode train | loss 0.7253 | accuracy 70.9375 | mean_length 60.4375
09-20-21 04:20:39 - epoch 0 | global step 1150 | mode train | loss 0.7861 | accuracy 67.1875 | mean_length 59.3813
09-20-21 04:22:26 - epoch 0 | global step 1160 | mode train | loss 0.7532 | accuracy 71.5625 | mean_length 59.5344
09-20-21 04:24:12 - epoch 0 | global step 1170 | mode train | loss 0.6769 | accuracy 75.3125 | mean_length 58.2125
09-20-21 04:25:59 - epoch 0 | global step 1180 | mode train | loss 0.744 | accuracy 71.875 | mean_length 59.6344
09-20-21 04:27:46 - epoch 0 | global step 1190 | mode train | loss 0.6337 | accuracy 79.0625 | mean_length 58.4562
09-20-21 04:29:33 - epoch 0 | global step 1200 | mode train | loss 0.6402 | accuracy 77.8125 | mean_length 56.7
09-20-21 04:31:20 - epoch 0 | global step 1210 | mode train | loss 0.7043 | accuracy 75.3125 | mean_length 59.3406
09-20-21 04:33:07 - epoch 0 | global step 1220 | mode train | loss 0.7273 | accuracy 72.1875 | mean_length 57.3813
09-20-21 04:34:54 - epoch 0 | global step 1230 | mode train | loss 0.6467 | accuracy 75.3125 | mean_length 60.0625
09-20-21 04:36:41 - epoch 0 | global step 1240 | mode train | loss 0.7231 | accuracy 74.6875 | mean_length 61.1656
09-20-21 04:38:28 - epoch 0 | global step 1250 | mode train | loss 0.5901 | accuracy 80.3125 | mean_length 61.85
09-20-21 04:40:14 - epoch 0 | global step 1260 | mode train | loss 0.5853 | accuracy 78.4375 | mean_length 61.95
09-20-21 04:42:01 - epoch 0 | global step 1270 | mode train | loss 0.6136 | accuracy 78.125 | mean_length 60.075
09-20-21 04:43:48 - epoch 0 | global step 1280 | mode train | loss 0.5995 | accuracy 74.6875 | mean_length 58.9719
09-20-21 04:45:35 - epoch 0 | global step 1290 | mode train | loss 0.6995 | accuracy 74.375 | mean_length 57.35
09-20-21 04:47:22 - epoch 0 | global step 1300 | mode train | loss 0.6218 | accuracy 80.3125 | mean_length 56.9156
09-20-21 04:49:09 - epoch 0 | global step 1310 | mode train | loss 0.5668 | accuracy 78.125 | mean_length 57.375
09-20-21 04:50:56 - epoch 0 | global step 1320 | mode train | loss 0.5503 | accuracy 79.375 | mean_length 58.25
09-20-21 04:52:43 - epoch 0 | global step 1330 | mode train | loss 0.6438 | accuracy 78.75 | mean_length 57.1875
09-20-21 04:54:30 - epoch 0 | global step 1340 | mode train | loss 0.661 | accuracy 78.4375 | mean_length 56.5063
09-20-21 04:56:17 - epoch 0 | global step 1350 | mode train | loss 0.6607 | accuracy 76.875 | mean_length 57.5875
09-20-21 04:58:04 - epoch 0 | global step 1360 | mode train | loss 0.6166 | accuracy 78.75 | mean_length 58.2625
09-20-21 04:59:50 - epoch 0 | global step 1370 | mode train | loss 0.6167 | accuracy 77.5 | mean_length 59.4375
09-20-21 05:01:37 - epoch 0 | global step 1380 | mode train | loss 0.6564 | accuracy 75.9375 | mean_length 58.7906
09-20-21 05:03:25 - epoch 0 | global step 1390 | mode train | loss 0.6489 | accuracy 78.125 | mean_length 59.5
09-20-21 05:05:12 - epoch 0 | global step 1400 | mode train | loss 0.5993 | accuracy 79.375 | mean_length 58.7906
09-20-21 05:06:59 - epoch 0 | global step 1410 | mode train | loss 0.5075 | accuracy 82.5 | mean_length 55.9781
09-20-21 05:08:46 - epoch 0 | global step 1420 | mode train | loss 0.533 | accuracy 80.9375 | mean_length 55.5187
09-20-21 05:10:33 - epoch 0 | global step 1430 | mode train | loss 0.5234 | accuracy 80.625 | mean_length 56.35
09-20-21 05:12:20 - epoch 0 | global step 1440 | mode train | loss 0.5222 | accuracy 81.875 | mean_length 56.7469
09-20-21 05:14:07 - epoch 0 | global step 1450 | mode train | loss 0.5896 | accuracy 79.6875 | mean_length 57.0281
09-20-21 05:15:53 - epoch 0 | global step 1460 | mode train | loss 0.6009 | accuracy 78.125 | mean_length 53.7875
09-20-21 05:17:40 - epoch 0 | global step 1470 | mode train | loss 0.6278 | accuracy 76.875 | mean_length 51.6594
09-20-21 05:19:27 - epoch 0 | global step 1480 | mode train | loss 0.648 | accuracy 76.25 | mean_length 46.2844
09-20-21 05:21:13 - epoch 0 | global step 1490 | mode train | loss 0.6014 | accuracy 78.125 | mean_length 45.4469
09-20-21 05:23:00 - epoch 0 | global step 1500 | mode train | loss 0.515 | accuracy 83.125 | mean_length 49.8563
09-20-21 05:24:47 - epoch 0 | global step 1510 | mode train | loss 0.6109 | accuracy 78.4375 | mean_length 49.8406
09-20-21 05:26:34 - epoch 0 | global step 1520 | mode train | loss 0.5622 | accuracy 78.4375 | mean_length 53.425
09-20-21 05:28:21 - epoch 0 | global step 1530 | mode train | loss 0.5335 | accuracy 81.875 | mean_length 55.7812
09-20-21 05:38:55 - epoch 0 | global step 1536 | mode validation | loss 0.4919 | accuracy 83.3 | mean_length 62.218
09-20-21 05:38:55 - Saving model to Output/accGrad4_mbart_BTen+zh-captions_lr8.0e-6_7distractors_maxstep8192_seed43
Epoch: 0, Prediction Accuracy: 83.3, Saved to Path: Output/accGrad4_mbart_BTen+zh-captions_lr8.0e-6_7distractors_maxstep8192_seed43
09-20-21 05:39:48 - epoch 0 | global step 1540 | mode train | loss 0.6266 | accuracy 74.0625 | mean_length 59.625
09-20-21 05:41:35 - epoch 0 | global step 1550 | mode train | loss 0.5503 | accuracy 79.6875 | mean_length 61.7
09-20-21 05:43:22 - epoch 0 | global step 1560 | mode train | loss 0.5707 | accuracy 77.8125 | mean_length 61.6531
09-20-21 05:45:09 - epoch 0 | global step 1570 | mode train | loss 0.5146 | accuracy 84.0625 | mean_length 62.7531
09-20-21 05:46:56 - epoch 0 | global step 1580 | mode train | loss 0.5381 | accuracy 79.375 | mean_length 61.8563
09-20-21 05:48:43 - epoch 0 | global step 1590 | mode train | loss 0.5801 | accuracy 79.6875 | mean_length 60.4562
09-20-21 05:50:30 - epoch 0 | global step 1600 | mode train | loss 0.4927 | accuracy 84.6875 | mean_length 62.0281
09-20-21 05:52:17 - epoch 0 | global step 1610 | mode train | loss 0.5297 | accuracy 81.5625 | mean_length 60.4937
09-20-21 05:54:03 - epoch 0 | global step 1620 | mode train | loss 0.5072 | accuracy 82.1875 | mean_length 58.2687
09-20-21 05:55:50 - epoch 0 | global step 1630 | mode train | loss 0.5261 | accuracy 82.8125 | mean_length 56.5
09-20-21 05:57:37 - epoch 0 | global step 1640 | mode train | loss 0.4157 | accuracy 85.3125 | mean_length 55.9844
09-20-21 05:59:24 - epoch 0 | global step 1650 | mode train | loss 0.4815 | accuracy 83.4375 | mean_length 52.3375
09-20-21 06:01:11 - epoch 0 | global step 1660 | mode train | loss 0.5336 | accuracy 81.875 | mean_length 48.2906
09-20-21 06:02:58 - epoch 0 | global step 1670 | mode train | loss 0.5193 | accuracy 82.8125 | mean_length 45.8906
09-20-21 06:04:46 - epoch 0 | global step 1680 | mode train | loss 0.5389 | accuracy 79.375 | mean_length 49.375
09-20-21 06:06:32 - epoch 0 | global step 1690 | mode train | loss 0.5283 | accuracy 81.25 | mean_length 53.1344
09-20-21 06:08:19 - epoch 0 | global step 1700 | mode train | loss 0.5544 | accuracy 79.6875 | mean_length 49.5875
09-20-21 06:10:06 - epoch 0 | global step 1710 | mode train | loss 0.563 | accuracy 81.25 | mean_length 46.1781
09-20-21 06:11:53 - epoch 0 | global step 1720 | mode train | loss 0.5292 | accuracy 83.4375 | mean_length 46.0
09-20-21 06:13:40 - epoch 0 | global step 1730 | mode train | loss 0.5355 | accuracy 81.875 | mean_length 41.7344
09-20-21 06:15:27 - epoch 0 | global step 1740 | mode train | loss 0.483 | accuracy 85.3125 | mean_length 45.7875
09-20-21 06:17:14 - epoch 0 | global step 1750 | mode train | loss 0.4854 | accuracy 83.125 | mean_length 47.6281
09-20-21 06:19:01 - epoch 0 | global step 1760 | mode train | loss 0.4973 | accuracy 82.5 | mean_length 48.4625
09-20-21 06:20:47 - epoch 0 | global step 1770 | mode train | loss 0.4595 | accuracy 83.75 | mean_length 50.5344
09-20-21 06:22:34 - epoch 0 | global step 1780 | mode train | loss 0.4699 | accuracy 84.0625 | mean_length 52.6969
09-20-21 06:24:21 - epoch 0 | global step 1790 | mode train | loss 0.4441 | accuracy 85.625 | mean_length 52.6656
09-20-21 06:26:08 - epoch 0 | global step 1800 | mode train | loss 0.4645 | accuracy 84.375 | mean_length 57.5875
09-20-21 06:27:54 - epoch 0 | global step 1810 | mode train | loss 0.5223 | accuracy 82.1875 | mean_length 58.4219
09-20-21 06:29:41 - epoch 0 | global step 1820 | mode train | loss 0.4704 | accuracy 85.3125 | mean_length 59.3719
09-20-21 06:31:28 - epoch 0 | global step 1830 | mode train | loss 0.5097 | accuracy 82.5 | mean_length 58.325
09-20-21 06:33:15 - epoch 0 | global step 1840 | mode train | loss 0.4707 | accuracy 85.0 | mean_length 58.9688
09-20-21 06:35:02 - epoch 0 | global step 1850 | mode train | loss 0.3856 | accuracy 86.25 | mean_length 59.0938
09-20-21 06:36:49 - epoch 0 | global step 1860 | mode train | loss 0.4528 | accuracy 85.0 | mean_length 56.1625
09-20-21 06:38:36 - epoch 0 | global step 1870 | mode train | loss 0.4427 | accuracy 82.5 | mean_length 56.3375
09-20-21 06:40:22 - epoch 0 | global step 1880 | mode train | loss 0.3871 | accuracy 86.5625 | mean_length 58.65
09-20-21 06:42:09 - epoch 0 | global step 1890 | mode train | loss 0.4218 | accuracy 85.3125 | mean_length 56.3656
09-20-21 06:43:56 - epoch 0 | global step 1900 | mode train | loss 0.422 | accuracy 85.625 | mean_length 58.95
09-20-21 06:45:43 - epoch 0 | global step 1910 | mode train | loss 0.3859 | accuracy 86.5625 | mean_length 57.9719
09-20-21 06:47:30 - epoch 0 | global step 1920 | mode train | loss 0.3871 | accuracy 86.875 | mean_length 58.7031
09-20-21 06:49:17 - epoch 0 | global step 1930 | mode train | loss 0.377 | accuracy 85.625 | mean_length 60.5312
09-20-21 06:51:04 - epoch 0 | global step 1940 | mode train | loss 0.4156 | accuracy 86.5625 | mean_length 59.0594
09-20-21 06:52:51 - epoch 0 | global step 1950 | mode train | loss 0.4711 | accuracy 83.75 | mean_length 56.6063
09-20-21 06:54:38 - epoch 0 | global step 1960 | mode train | loss 0.4378 | accuracy 84.0625 | mean_length 54.2969
09-20-21 06:56:24 - epoch 0 | global step 1970 | mode train | loss 0.4298 | accuracy 84.6875 | mean_length 52.8062
09-20-21 06:58:11 - epoch 0 | global step 1980 | mode train | loss 0.5249 | accuracy 80.9375 | mean_length 51.5187
09-20-21 06:59:58 - epoch 0 | global step 1990 | mode train | loss 0.4392 | accuracy 86.875 | mean_length 54.2531
09-20-21 07:01:45 - epoch 0 | global step 2000 | mode train | loss 0.3364 | accuracy 90.9375 | mean_length 54.7938
09-20-21 07:03:32 - epoch 0 | global step 2010 | mode train | loss 0.345 | accuracy 89.0625 | mean_length 53.1344
09-20-21 07:05:19 - epoch 0 | global step 2020 | mode train | loss 0.4571 | accuracy 84.0625 | mean_length 53.75
09-20-21 07:07:06 - epoch 0 | global step 2030 | mode train | loss 0.428 | accuracy 85.9375 | mean_length 54.8281
09-20-21 07:08:53 - epoch 0 | global step 2040 | mode train | loss 0.4588 | accuracy 84.375 | mean_length 55.35
09-20-21 07:19:49 - epoch 0 | global step 2048 | mode validation | loss 0.3288 | accuracy 88.34 | mean_length 56.5962
09-20-21 07:19:49 - Saving model to Output/accGrad4_mbart_BTen+zh-captions_lr8.0e-6_7distractors_maxstep8192_seed43
Epoch: 0, Prediction Accuracy: 88.34, Saved to Path: Output/accGrad4_mbart_BTen+zh-captions_lr8.0e-6_7distractors_maxstep8192_seed43
09-20-21 07:20:20 - epoch 0 | global step 2050 | mode train | loss 0.4063 | accuracy 87.5 | mean_length 53.9312
09-20-21 07:22:07 - epoch 0 | global step 2060 | mode train | loss 0.3688 | accuracy 87.8125 | mean_length 54.0688
09-20-21 07:23:54 - epoch 0 | global step 2070 | mode train | loss 0.3959 | accuracy 84.375 | mean_length 53.5312
09-20-21 07:25:41 - epoch 0 | global step 2080 | mode train | loss 0.5012 | accuracy 83.125 | mean_length 53.5875
09-20-21 07:27:28 - epoch 0 | global step 2090 | mode train | loss 0.4428 | accuracy 85.625 | mean_length 55.4219
09-20-21 07:29:15 - epoch 0 | global step 2100 | mode train | loss 0.5164 | accuracy 82.5 | mean_length 50.4438
09-20-21 07:31:02 - epoch 0 | global step 2110 | mode train | loss 0.4101 | accuracy 86.5625 | mean_length 48.8625
09-20-21 07:32:49 - epoch 0 | global step 2120 | mode train | loss 0.4448 | accuracy 85.0 | mean_length 47.0
09-20-21 07:34:36 - epoch 0 | global step 2130 | mode train | loss 0.4115 | accuracy 84.6875 | mean_length 47.6625
09-20-21 07:36:23 - epoch 0 | global step 2140 | mode train | loss 0.4251 | accuracy 85.625 | mean_length 51.7812
09-20-21 07:38:09 - epoch 0 | global step 2150 | mode train | loss 0.3798 | accuracy 86.875 | mean_length 53.1844
09-20-21 07:39:56 - epoch 0 | global step 2160 | mode train | loss 0.3675 | accuracy 86.875 | mean_length 53.1719
09-20-21 07:41:43 - epoch 0 | global step 2170 | mode train | loss 0.3612 | accuracy 87.5 | mean_length 51.2906
09-20-21 07:43:30 - epoch 0 | global step 2180 | mode train | loss 0.3532 | accuracy 89.375 | mean_length 52.4937
09-20-21 07:45:17 - epoch 0 | global step 2190 | mode train | loss 0.4402 | accuracy 82.1875 | mean_length 51.7469
09-20-21 07:47:04 - epoch 0 | global step 2200 | mode train | loss 0.3781 | accuracy 87.5 | mean_length 45.9656
09-20-21 07:48:51 - epoch 0 | global step 2210 | mode train | loss 0.4653 | accuracy 85.625 | mean_length 41.0844
09-20-21 07:50:38 - epoch 0 | global step 2220 | mode train | loss 0.4698 | accuracy 84.6875 | mean_length 42.9
09-20-21 07:52:25 - epoch 0 | global step 2230 | mode train | loss 0.4074 | accuracy 88.125 | mean_length 45.2437
09-20-21 07:54:12 - epoch 0 | global step 2240 | mode train | loss 0.3902 | accuracy 88.125 | mean_length 45.9375
09-20-21 07:55:58 - epoch 0 | global step 2250 | mode train | loss 0.3532 | accuracy 88.75 | mean_length 42.2563
09-20-21 07:57:46 - epoch 0 | global step 2260 | mode train | loss 0.4077 | accuracy 86.875 | mean_length 39.7125
09-20-21 07:59:33 - epoch 0 | global step 2270 | mode train | loss 0.4544 | accuracy 84.375 | mean_length 40.3312
09-20-21 08:01:19 - epoch 0 | global step 2280 | mode train | loss 0.3911 | accuracy 88.125 | mean_length 38.0125
09-20-21 08:03:06 - epoch 0 | global step 2290 | mode train | loss 0.429 | accuracy 84.375 | mean_length 39.0031
09-20-21 08:04:53 - epoch 0 | global step 2300 | mode train | loss 0.403 | accuracy 85.9375 | mean_length 38.3312
09-20-21 08:06:40 - epoch 0 | global step 2310 | mode train | loss 0.4189 | accuracy 85.9375 | mean_length 40.3312
09-20-21 08:08:27 - epoch 0 | global step 2320 | mode train | loss 0.3874 | accuracy 86.5625 | mean_length 38.2313
09-20-21 08:10:13 - epoch 0 | global step 2330 | mode train | loss 0.4023 | accuracy 87.1875 | mean_length 39.3937
09-20-21 08:11:59 - epoch 0 | global step 2340 | mode train | loss 0.3913 | accuracy 87.5 | mean_length 39.5312
09-20-21 08:13:46 - epoch 0 | global step 2350 | mode train | loss 0.3594 | accuracy 90.0 | mean_length 42.8937
09-20-21 08:15:33 - epoch 0 | global step 2360 | mode train | loss 0.3358 | accuracy 89.6875 | mean_length 39.4562
09-20-21 08:17:19 - epoch 0 | global step 2370 | mode train | loss 0.4473 | accuracy 84.375 | mean_length 32.5406
09-20-21 08:18:59 - epoch 0 | global step 2380 | mode train | loss 0.4426 | accuracy 85.9375 | mean_length 29.0656
09-20-21 08:20:44 - epoch 0 | global step 2390 | mode train | loss 0.4122 | accuracy 87.1875 | mean_length 30.3281
09-20-21 08:22:25 - epoch 0 | global step 2400 | mode train | loss 0.3993 | accuracy 85.0 | mean_length 33.7687
09-20-21 08:24:12 - epoch 0 | global step 2410 | mode train | loss 0.3671 | accuracy 89.0625 | mean_length 45.4469
09-20-21 08:26:00 - epoch 0 | global step 2420 | mode train | loss 0.3502 | accuracy 88.4375 | mean_length 49.075
09-20-21 08:27:47 - epoch 0 | global step 2430 | mode train | loss 0.328 | accuracy 87.8125 | mean_length 47.6719
09-20-21 08:29:35 - epoch 0 | global step 2440 | mode train | loss 0.4085 | accuracy 84.6875 | mean_length 45.5781
09-20-21 08:31:22 - epoch 0 | global step 2450 | mode train | loss 0.3787 | accuracy 88.125 | mean_length 48.2406
09-20-21 08:33:09 - epoch 0 | global step 2460 | mode train | loss 0.3663 | accuracy 87.8125 | mean_length 49.2375
09-20-21 08:34:55 - epoch 0 | global step 2470 | mode train | loss 0.358 | accuracy 85.0 | mean_length 44.5063
09-20-21 08:36:42 - epoch 0 | global step 2480 | mode train | loss 0.3542 | accuracy 88.125 | mean_length 40.2281
09-20-21 08:38:29 - epoch 0 | global step 2490 | mode train | loss 0.4605 | accuracy 84.375 | mean_length 44.3281
09-20-21 08:40:17 - epoch 0 | global step 2500 | mode train | loss 0.2861 | accuracy 92.1875 | mean_length 49.65
09-20-21 08:42:04 - epoch 0 | global step 2510 | mode train | loss 0.3262 | accuracy 88.4375 | mean_length 50.7
09-20-21 08:43:51 - epoch 0 | global step 2520 | mode train | loss 0.3034 | accuracy 90.9375 | mean_length 52.9188
09-20-21 08:45:39 - epoch 0 | global step 2530 | mode train | loss 0.2934 | accuracy 90.0 | mean_length 54.8875
09-20-21 08:47:26 - epoch 0 | global step 2540 | mode train | loss 0.3021 | accuracy 89.0625 | mean_length 50.7656
09-20-21 08:49:13 - epoch 0 | global step 2550 | mode train | loss 0.2766 | accuracy 91.25 | mean_length 51.4344
09-20-21 08:51:00 - epoch 0 | global step 2560 | mode train | loss 0.3025 | accuracy 90.3125 | mean_length 47.2469
09-20-21 09:00:30 - epoch 0 | global step 2560 | mode validation | loss 0.2944 | accuracy 89.92 | mean_length 50.9392
09-20-21 09:00:30 - Saving model to Output/accGrad4_mbart_BTen+zh-captions_lr8.0e-6_7distractors_maxstep8192_seed43
Epoch: 0, Prediction Accuracy: 89.92, Saved to Path: Output/accGrad4_mbart_BTen+zh-captions_lr8.0e-6_7distractors_maxstep8192_seed43
09-20-21 09:02:27 - epoch 0 | global step 2570 | mode train | loss 0.3291 | accuracy 88.125 | mean_length 47.5031
09-20-21 09:04:15 - epoch 0 | global step 2580 | mode train | loss 0.3335 | accuracy 89.6875 | mean_length 47.2687
09-20-21 09:06:03 - epoch 0 | global step 2590 | mode train | loss 0.3738 | accuracy 88.4375 | mean_length 48.1
09-20-21 09:07:48 - epoch 0 | global step 2600 | mode train | loss 0.3476 | accuracy 87.5 | mean_length 45.6437
09-20-21 09:09:35 - epoch 0 | global step 2610 | mode train | loss 0.2901 | accuracy 89.6875 | mean_length 51.3875
09-20-21 09:11:22 - epoch 0 | global step 2620 | mode train | loss 0.4045 | accuracy 87.1875 | mean_length 53.7781
09-20-21 09:13:09 - epoch 0 | global step 2630 | mode train | loss 0.2968 | accuracy 90.3125 | mean_length 51.1812
09-20-21 09:14:56 - epoch 0 | global step 2640 | mode train | loss 0.3833 | accuracy 86.5625 | mean_length 48.1437
09-20-21 09:16:43 - epoch 0 | global step 2650 | mode train | loss 0.39 | accuracy 87.1875 | mean_length 45.1844
09-20-21 09:18:29 - epoch 0 | global step 2660 | mode train | loss 0.3864 | accuracy 86.5625 | mean_length 41.6469
09-20-21 09:20:16 - epoch 0 | global step 2670 | mode train | loss 0.3659 | accuracy 87.5 | mean_length 42.2188
09-20-21 09:22:04 - epoch 0 | global step 2680 | mode train | loss 0.3838 | accuracy 87.1875 | mean_length 43.3094
09-20-21 09:23:51 - epoch 0 | global step 2690 | mode train | loss 0.4427 | accuracy 85.625 | mean_length 44.1219
09-20-21 09:25:38 - epoch 0 | global step 2700 | mode train | loss 0.3266 | accuracy 90.3125 | mean_length 44.6875
09-20-21 09:27:25 - epoch 0 | global step 2710 | mode train | loss 0.3406 | accuracy 88.75 | mean_length 46.3344
09-20-21 09:29:12 - epoch 0 | global step 2720 | mode train | loss 0.335 | accuracy 87.8125 | mean_length 45.2687
09-20-21 09:30:59 - epoch 0 | global step 2730 | mode train | loss 0.3795 | accuracy 86.25 | mean_length 38.9813
09-20-21 09:32:45 - epoch 0 | global step 2740 | mode train | loss 0.3876 | accuracy 85.625 | mean_length 42.1469
09-20-21 09:34:32 - epoch 0 | global step 2750 | mode train | loss 0.4206 | accuracy 84.375 | mean_length 43.1
09-20-21 09:36:19 - epoch 0 | global step 2760 | mode train | loss 0.3804 | accuracy 86.25 | mean_length 42.6938
09-20-21 09:38:06 - epoch 0 | global step 2770 | mode train | loss 0.3611 | accuracy 86.875 | mean_length 44.3687
09-20-21 09:39:54 - epoch 0 | global step 2780 | mode train | loss 0.341 | accuracy 89.0625 | mean_length 41.9813
09-20-21 09:41:40 - epoch 0 | global step 2790 | mode train | loss 0.3434 | accuracy 87.8125 | mean_length 40.9281
09-20-21 09:43:24 - epoch 0 | global step 2800 | mode train | loss 0.304 | accuracy 91.25 | mean_length 38.0562
09-20-21 09:45:08 - epoch 0 | global step 2810 | mode train | loss 0.3886 | accuracy 85.0 | mean_length 35.3469
09-20-21 09:46:55 - epoch 0 | global step 2820 | mode train | loss 0.409 | accuracy 86.5625 | mean_length 40.5562
09-20-21 09:48:42 - epoch 0 | global step 2830 | mode train | loss 0.3224 | accuracy 89.0625 | mean_length 35.9094
09-20-21 09:50:28 - epoch 0 | global step 2840 | mode train | loss 0.3189 | accuracy 90.625 | mean_length 38.2
09-20-21 09:52:15 - epoch 0 | global step 2850 | mode train | loss 0.3486 | accuracy 86.25 | mean_length 40.4062
09-20-21 09:54:01 - epoch 0 | global step 2860 | mode train | loss 0.3465 | accuracy 88.125 | mean_length 38.2531
09-20-21 09:55:46 - epoch 0 | global step 2870 | mode train | loss 0.3904 | accuracy 86.5625 | mean_length 42.5906
09-20-21 09:57:33 - epoch 0 | global step 2880 | mode train | loss 0.3916 | accuracy 87.5 | mean_length 40.8062
09-20-21 09:59:21 - epoch 0 | global step 2890 | mode train | loss 0.3145 | accuracy 90.9375 | mean_length 42.2375
09-20-21 10:01:07 - epoch 0 | global step 2900 | mode train | loss 0.3665 | accuracy 85.9375 | mean_length 39.3594
09-20-21 10:02:54 - epoch 0 | global step 2910 | mode train | loss 0.3275 | accuracy 88.4375 | mean_length 34.9531
09-20-21 10:04:40 - epoch 0 | global step 2920 | mode train | loss 0.3008 | accuracy 89.375 | mean_length 38.5187
09-20-21 10:06:28 - epoch 0 | global step 2930 | mode train | loss 0.4083 | accuracy 85.625 | mean_length 39.0531
09-20-21 10:08:15 - epoch 0 | global step 2940 | mode train | loss 0.4302 | accuracy 84.0625 | mean_length 39.7531
09-20-21 10:10:02 - epoch 0 | global step 2950 | mode train | loss 0.4581 | accuracy 85.9375 | mean_length 33.9562
09-20-21 10:11:46 - epoch 0 | global step 2960 | mode train | loss 0.4121 | accuracy 84.375 | mean_length 34.3094
09-20-21 10:13:33 - epoch 0 | global step 2970 | mode train | loss 0.4097 | accuracy 86.5625 | mean_length 50.5312
09-20-21 10:15:20 - epoch 0 | global step 2980 | mode train | loss 0.4005 | accuracy 86.25 | mean_length 48.7594
09-20-21 10:17:08 - epoch 0 | global step 2990 | mode train | loss 0.3884 | accuracy 87.5 | mean_length 51.1531
09-20-21 10:18:55 - epoch 0 | global step 3000 | mode train | loss 0.3359 | accuracy 87.8125 | mean_length 52.6969
09-20-21 10:20:42 - epoch 0 | global step 3010 | mode train | loss 0.423 | accuracy 81.875 | mean_length 55.4531
09-20-21 10:22:29 - epoch 0 | global step 3020 | mode train | loss 0.2919 | accuracy 89.375 | mean_length 55.7156
09-20-21 10:24:17 - epoch 0 | global step 3030 | mode train | loss 0.3159 | accuracy 90.3125 | mean_length 54.4344
09-20-21 10:26:04 - epoch 0 | global step 3040 | mode train | loss 0.399 | accuracy 85.0 | mean_length 51.7719
09-20-21 10:27:51 - epoch 0 | global step 3050 | mode train | loss 0.2886 | accuracy 90.3125 | mean_length 53.4062
09-20-21 10:29:38 - epoch 0 | global step 3060 | mode train | loss 0.3884 | accuracy 84.375 | mean_length 57.6406
09-20-21 10:31:25 - epoch 0 | global step 3070 | mode train | loss 0.3711 | accuracy 86.25 | mean_length 58.4031
09-20-21 10:41:16 - epoch 0 | global step 3072 | mode validation | loss 0.3404 | accuracy 88.64 | mean_length 61.67
09-20-21 10:42:41 - epoch 0 | global step 3080 | mode train | loss 0.3274 | accuracy 86.875 | mean_length 59.5812
09-20-21 10:44:28 - epoch 0 | global step 3090 | mode train | loss 0.3138 | accuracy 88.75 | mean_length 59.9937
09-20-21 10:46:15 - epoch 0 | global step 3100 | mode train | loss 0.3283 | accuracy 88.4375 | mean_length 59.6781
09-20-21 10:48:03 - epoch 0 | global step 3110 | mode train | loss 0.2962 | accuracy 90.625 | mean_length 59.7281
09-20-21 10:49:50 - epoch 0 | global step 3120 | mode train | loss 0.2823 | accuracy 88.75 | mean_length 60.9219
09-20-21 10:51:37 - epoch 0 | global step 3130 | mode train | loss 0.2497 | accuracy 90.9375 | mean_length 61.1875
09-20-21 10:53:24 - epoch 0 | global step 3140 | mode train | loss 0.2978 | accuracy 90.625 | mean_length 61.3156
09-20-21 10:55:11 - epoch 0 | global step 3150 | mode train | loss 0.3151 | accuracy 90.0 | mean_length 61.5844
09-20-21 10:56:59 - epoch 0 | global step 3160 | mode train | loss 0.3096 | accuracy 90.3125 | mean_length 59.9094
09-20-21 10:58:46 - epoch 0 | global step 3170 | mode train | loss 0.3545 | accuracy 87.1875 | mean_length 62.2594
09-20-21 11:00:33 - epoch 0 | global step 3180 | mode train | loss 0.3265 | accuracy 87.5 | mean_length 61.4094
09-20-21 11:02:19 - epoch 0 | global step 3190 | mode train | loss 0.2696 | accuracy 93.125 | mean_length 62.0375
09-20-21 11:04:06 - epoch 0 | global step 3200 | mode train | loss 0.2947 | accuracy 90.625 | mean_length 61.2594
09-20-21 11:05:54 - epoch 0 | global step 3210 | mode train | loss 0.2899 | accuracy 91.875 | mean_length 60.1594
09-20-21 11:07:41 - epoch 0 | global step 3220 | mode train | loss 0.3042 | accuracy 88.125 | mean_length 58.2563
09-20-21 11:09:28 - epoch 1 | global step 3230 | mode train | loss 0.3048 | accuracy 89.375 | mean_length 59.6719
09-20-21 11:11:15 - epoch 1 | global step 3240 | mode train | loss 0.333 | accuracy 88.75 | mean_length 59.9375
09-20-21 11:13:02 - epoch 1 | global step 3250 | mode train | loss 0.3267 | accuracy 88.4375 | mean_length 61.4188
09-20-21 11:14:49 - epoch 1 | global step 3260 | mode train | loss 0.3184 | accuracy 87.8125 | mean_length 62.7313
09-20-21 11:16:36 - epoch 1 | global step 3270 | mode train | loss 0.2632 | accuracy 92.5 | mean_length 61.8
09-20-21 11:18:23 - epoch 1 | global step 3280 | mode train | loss 0.2858 | accuracy 91.5625 | mean_length 59.6906
09-20-21 11:20:10 - epoch 1 | global step 3290 | mode train | loss 0.2555 | accuracy 92.5 | mean_length 56.425
09-20-21 11:21:57 - epoch 1 | global step 3300 | mode train | loss 0.2495 | accuracy 92.8125 | mean_length 54.425
09-20-21 11:23:44 - epoch 1 | global step 3310 | mode train | loss 0.2788 | accuracy 88.4375 | mean_length 53.4281
09-20-21 11:25:31 - epoch 1 | global step 3320 | mode train | loss 0.2712 | accuracy 91.25 | mean_length 55.8719
09-20-21 11:27:19 - epoch 1 | global step 3330 | mode train | loss 0.2903 | accuracy 88.75 | mean_length 57.3188
09-20-21 11:29:06 - epoch 1 | global step 3340 | mode train | loss 0.2617 | accuracy 90.9375 | mean_length 56.2781
09-20-21 11:30:53 - epoch 1 | global step 3350 | mode train | loss 0.232 | accuracy 91.25 | mean_length 57.2906
09-20-21 11:32:40 - epoch 1 | global step 3360 | mode train | loss 0.2289 | accuracy 91.25 | mean_length 54.9
09-20-21 11:34:27 - epoch 1 | global step 3370 | mode train | loss 0.1978 | accuracy 93.75 | mean_length 56.15
09-20-21 11:36:14 - epoch 1 | global step 3380 | mode train | loss 0.2626 | accuracy 90.0 | mean_length 57.0094
09-20-21 11:38:01 - epoch 1 | global step 3390 | mode train | loss 0.2865 | accuracy 90.625 | mean_length 57.0406
09-20-21 11:39:48 - epoch 1 | global step 3400 | mode train | loss 0.254 | accuracy 90.625 | mean_length 57.4969
09-20-21 11:41:35 - epoch 1 | global step 3410 | mode train | loss 0.3201 | accuracy 90.3125 | mean_length 57.65
09-20-21 11:43:22 - epoch 1 | global step 3420 | mode train | loss 0.3141 | accuracy 87.8125 | mean_length 58.15
09-20-21 11:45:09 - epoch 1 | global step 3430 | mode train | loss 0.2749 | accuracy 91.5625 | mean_length 57.4344
09-20-21 11:46:56 - epoch 1 | global step 3440 | mode train | loss 0.271 | accuracy 89.6875 | mean_length 55.4562
09-20-21 11:48:44 - epoch 1 | global step 3450 | mode train | loss 0.2381 | accuracy 92.5 | mean_length 55.9094
09-20-21 11:50:31 - epoch 1 | global step 3460 | mode train | loss 0.2324 | accuracy 92.8125 | mean_length 56.4875
09-20-21 11:52:18 - epoch 1 | global step 3470 | mode train | loss 0.1964 | accuracy 95.625 | mean_length 56.6688
09-20-21 11:54:05 - epoch 1 | global step 3480 | mode train | loss 0.2302 | accuracy 91.25 | mean_length 53.6313
09-20-21 11:55:52 - epoch 1 | global step 3490 | mode train | loss 0.2468 | accuracy 91.5625 | mean_length 52.3219
09-20-21 11:57:39 - epoch 1 | global step 3500 | mode train | loss 0.2483 | accuracy 92.1875 | mean_length 52.5094
09-20-21 11:59:27 - epoch 1 | global step 3510 | mode train | loss 0.2583 | accuracy 90.625 | mean_length 51.8594
09-20-21 12:01:14 - epoch 1 | global step 3520 | mode train | loss 0.237 | accuracy 91.5625 | mean_length 54.6812
09-20-21 12:03:01 - epoch 1 | global step 3530 | mode train | loss 0.2472 | accuracy 90.9375 | mean_length 54.5312
09-20-21 12:04:48 - epoch 1 | global step 3540 | mode train | loss 0.2473 | accuracy 92.1875 | mean_length 55.5406
09-20-21 12:06:35 - epoch 1 | global step 3550 | mode train | loss 0.2396 | accuracy 92.1875 | mean_length 55.8031
09-20-21 12:08:23 - epoch 1 | global step 3560 | mode train | loss 0.1829 | accuracy 94.375 | mean_length 51.5125
09-20-21 12:10:10 - epoch 1 | global step 3570 | mode train | loss 0.2823 | accuracy 90.625 | mean_length 51.5594
09-20-21 12:11:57 - epoch 1 | global step 3580 | mode train | loss 0.2523 | accuracy 91.5625 | mean_length 52.6125
09-20-21 12:22:08 - epoch 1 | global step 3584 | mode validation | loss 0.1822 | accuracy 94.18 | mean_length 56.2882
09-20-21 12:22:08 - Saving model to Output/accGrad4_mbart_BTen+zh-captions_lr8.0e-6_7distractors_maxstep8192_seed43
Epoch: 1, Prediction Accuracy: 94.18, Saved to Path: Output/accGrad4_mbart_BTen+zh-captions_lr8.0e-6_7distractors_maxstep8192_seed43
09-20-21 12:23:22 - epoch 1 | global step 3590 | mode train | loss 0.2296 | accuracy 92.1875 | mean_length 55.4594
09-20-21 12:25:09 - epoch 1 | global step 3600 | mode train | loss 0.1789 | accuracy 94.6875 | mean_length 58.375
09-20-21 12:26:56 - epoch 1 | global step 3610 | mode train | loss 0.2302 | accuracy 91.5625 | mean_length 59.0969
09-20-21 12:28:43 - epoch 1 | global step 3620 | mode train | loss 0.185 | accuracy 94.375 | mean_length 60.8719
09-20-21 12:30:30 - epoch 1 | global step 3630 | mode train | loss 0.2079 | accuracy 94.0625 | mean_length 62.5
09-20-21 12:32:17 - epoch 1 | global step 3640 | mode train | loss 0.3171 | accuracy 89.375 | mean_length 61.2313
09-20-21 12:34:04 - epoch 1 | global step 3650 | mode train | loss 0.4308 | accuracy 86.25 | mean_length 60.2437
09-20-21 12:35:51 - epoch 1 | global step 3660 | mode train | loss 0.3359 | accuracy 90.625 | mean_length 58.2906
09-20-21 12:37:38 - epoch 1 | global step 3670 | mode train | loss 0.3239 | accuracy 89.6875 | mean_length 55.5844
09-20-21 12:39:24 - epoch 1 | global step 3680 | mode train | loss 0.2803 | accuracy 91.875 | mean_length 55.2344
09-20-21 12:41:11 - epoch 1 | global step 3690 | mode train | loss 0.3314 | accuracy 88.125 | mean_length 50.6688
09-20-21 12:42:58 - epoch 1 | global step 3700 | mode train | loss 0.4083 | accuracy 86.5625 | mean_length 50.35
09-20-21 12:44:45 - epoch 1 | global step 3710 | mode train | loss 0.2776 | accuracy 90.0 | mean_length 52.2281
09-20-21 12:46:32 - epoch 1 | global step 3720 | mode train | loss 0.2999 | accuracy 90.625 | mean_length 55.475
09-20-21 12:48:19 - epoch 1 | global step 3730 | mode train | loss 0.3671 | accuracy 86.5625 | mean_length 55.25
09-20-21 12:50:06 - epoch 1 | global step 3740 | mode train | loss 0.33 | accuracy 89.0625 | mean_length 55.5125
09-20-21 12:51:53 - epoch 1 | global step 3750 | mode train | loss 0.4063 | accuracy 85.9375 | mean_length 57.1469
09-20-21 12:53:40 - epoch 1 | global step 3760 | mode train | loss 0.4137 | accuracy 87.1875 | mean_length 55.3781
09-20-21 12:55:27 - epoch 1 | global step 3770 | mode train | loss 0.3508 | accuracy 89.375 | mean_length 52.3937
09-20-21 12:57:14 - epoch 1 | global step 3780 | mode train | loss 0.2997 | accuracy 90.0 | mean_length 49.6187
09-20-21 12:59:01 - epoch 1 | global step 3790 | mode train | loss 0.2753 | accuracy 89.0625 | mean_length 46.4188
09-20-21 13:00:47 - epoch 1 | global step 3800 | mode train | loss 0.2992 | accuracy 89.375 | mean_length 44.4156
09-20-21 13:02:34 - epoch 1 | global step 3810 | mode train | loss 0.2886 | accuracy 89.0625 | mean_length 45.3844
09-20-21 13:04:21 - epoch 1 | global step 3820 | mode train | loss 0.2531 | accuracy 92.8125 | mean_length 56.8563
09-20-21 13:06:08 - epoch 1 | global step 3830 | mode train | loss 0.4001 | accuracy 86.25 | mean_length 63.4688
09-20-21 13:07:55 - epoch 1 | global step 3840 | mode train | loss 0.4202 | accuracy 83.75 | mean_length 63.8906
09-20-21 13:09:42 - epoch 1 | global step 3850 | mode train | loss 0.4083 | accuracy 85.625 | mean_length 64
09-20-21 13:11:29 - epoch 1 | global step 3860 | mode train | loss 0.3359 | accuracy 90.0 | mean_length 64
09-20-21 13:13:16 - epoch 1 | global step 3870 | mode train | loss 0.3253 | accuracy 90.0 | mean_length 63.9281
09-20-21 13:15:03 - epoch 1 | global step 3880 | mode train | loss 0.3031 | accuracy 88.4375 | mean_length 63.775
09-20-21 13:16:50 - epoch 1 | global step 3890 | mode train | loss 0.2607 | accuracy 90.3125 | mean_length 63.1594
09-20-21 13:18:37 - epoch 1 | global step 3900 | mode train | loss 0.3163 | accuracy 88.4375 | mean_length 63.7219
09-20-21 13:20:24 - epoch 1 | global step 3910 | mode train | loss 0.2472 | accuracy 93.125 | mean_length 63.65
09-20-21 13:22:11 - epoch 1 | global step 3920 | mode train | loss 0.2513 | accuracy 90.625 | mean_length 63.5938
09-20-21 13:23:57 - epoch 1 | global step 3930 | mode train | loss 0.2569 | accuracy 92.8125 | mean_length 63.1938
09-20-21 13:25:44 - epoch 1 | global step 3940 | mode train | loss 0.3122 | accuracy 89.6875 | mean_length 63.5125
09-20-21 13:27:31 - epoch 1 | global step 3950 | mode train | loss 0.2883 | accuracy 90.0 | mean_length 62.9219
09-20-21 13:29:18 - epoch 1 | global step 3960 | mode train | loss 0.2731 | accuracy 91.25 | mean_length 62.3406
09-20-21 13:31:05 - epoch 1 | global step 3970 | mode train | loss 0.2696 | accuracy 90.3125 | mean_length 62.775
09-20-21 13:32:52 - epoch 1 | global step 3980 | mode train | loss 0.2446 | accuracy 93.125 | mean_length 63.35
09-20-21 13:34:38 - epoch 1 | global step 3990 | mode train | loss 0.2702 | accuracy 91.5625 | mean_length 63.525
09-20-21 13:36:25 - epoch 1 | global step 4000 | mode train | loss 0.2682 | accuracy 89.6875 | mean_length 63.3
09-20-21 13:38:12 - epoch 1 | global step 4010 | mode train | loss 0.2429 | accuracy 92.5 | mean_length 63.175
09-20-21 13:39:59 - epoch 1 | global step 4020 | mode train | loss 0.2364 | accuracy 92.8125 | mean_length 63.5219
09-20-21 13:41:46 - epoch 1 | global step 4030 | mode train | loss 0.2344 | accuracy 93.4375 | mean_length 63.0969
09-20-21 13:43:33 - epoch 1 | global step 4040 | mode train | loss 0.2551 | accuracy 91.875 | mean_length 63.2687
09-20-21 13:45:20 - epoch 1 | global step 4050 | mode train | loss 0.7399 | accuracy 71.875 | mean_length 62.9094
09-20-21 13:47:06 - epoch 1 | global step 4060 | mode train | loss 0.562 | accuracy 82.8125 | mean_length 63.55
09-20-21 13:48:53 - epoch 1 | global step 4070 | mode train | loss 0.4196 | accuracy 85.0 | mean_length 62.5875
09-20-21 13:50:40 - epoch 1 | global step 4080 | mode train | loss 0.359 | accuracy 87.5 | mean_length 61.65
09-20-21 13:52:27 - epoch 1 | global step 4090 | mode train | loss 0.4112 | accuracy 84.6875 | mean_length 60.9375
09-20-21 14:02:59 - epoch 1 | global step 4096 | mode validation | loss 0.2466 | accuracy 92.14 | mean_length 61.6146
09-20-21 14:03:42 - epoch 1 | global step 4100 | mode train | loss 0.3083 | accuracy 90.0 | mean_length 60.6281
09-20-21 14:05:29 - epoch 1 | global step 4110 | mode train | loss 0.2459 | accuracy 93.125 | mean_length 59.3062
09-20-21 14:07:16 - epoch 1 | global step 4120 | mode train | loss 0.3 | accuracy 90.0 | mean_length 60.5063
09-20-21 14:09:04 - epoch 1 | global step 4130 | mode train | loss 0.2473 | accuracy 91.875 | mean_length 60.9656
09-20-21 14:10:51 - epoch 1 | global step 4140 | mode train | loss 0.2439 | accuracy 90.625 | mean_length 61.45
09-20-21 14:12:38 - epoch 1 | global step 4150 | mode train | loss 0.2182 | accuracy 95.3125 | mean_length 62.0688
09-20-21 14:14:25 - epoch 1 | global step 4160 | mode train | loss 0.2325 | accuracy 92.5 | mean_length 62.0219
09-20-21 14:16:12 - epoch 1 | global step 4170 | mode train | loss 0.2353 | accuracy 91.5625 | mean_length 62.0219
09-20-21 14:17:59 - epoch 1 | global step 4180 | mode train | loss 0.3309 | accuracy 87.5 | mean_length 62.25
09-20-21 14:19:46 - epoch 1 | global step 4190 | mode train | loss 0.2372 | accuracy 93.125 | mean_length 61.5969
09-20-21 14:21:34 - epoch 1 | global step 4200 | mode train | loss 0.2206 | accuracy 93.75 | mean_length 61.4625
09-20-21 14:23:21 - epoch 1 | global step 4210 | mode train | loss 0.2227 | accuracy 90.9375 | mean_length 60.2563
09-20-21 14:25:08 - epoch 1 | global step 4220 | mode train | loss 0.2183 | accuracy 94.375 | mean_length 60.9562
09-20-21 14:26:55 - epoch 1 | global step 4230 | mode train | loss 0.2087 | accuracy 93.4375 | mean_length 60.8062
09-20-21 14:28:42 - epoch 1 | global step 4240 | mode train | loss 0.2424 | accuracy 91.25 | mean_length 60.0781
09-20-21 14:30:29 - epoch 1 | global step 4250 | mode train | loss 0.2422 | accuracy 90.9375 | mean_length 60.5094
09-20-21 14:32:16 - epoch 1 | global step 4260 | mode train | loss 0.1649 | accuracy 95.3125 | mean_length 59.8906
09-20-21 14:34:03 - epoch 1 | global step 4270 | mode train | loss 0.2028 | accuracy 92.5 | mean_length 59.7062
09-20-21 14:35:50 - epoch 1 | global step 4280 | mode train | loss 0.191 | accuracy 94.0625 | mean_length 61.4594
09-20-21 14:37:37 - epoch 1 | global step 4290 | mode train | loss 0.132 | accuracy 95.625 | mean_length 61.0187
09-20-21 14:39:24 - epoch 1 | global step 4300 | mode train | loss 0.1983 | accuracy 91.875 | mean_length 61.2344
09-20-21 14:41:11 - epoch 1 | global step 4310 | mode train | loss 0.2247 | accuracy 92.1875 | mean_length 61.4594
09-20-21 14:42:58 - epoch 1 | global step 4320 | mode train | loss 0.2652 | accuracy 90.9375 | mean_length 59.6313
09-20-21 14:44:45 - epoch 1 | global step 4330 | mode train | loss 0.2156 | accuracy 91.875 | mean_length 59.7281
09-20-21 14:46:32 - epoch 1 | global step 4340 | mode train | loss 0.2518 | accuracy 91.875 | mean_length 58.9
09-20-21 14:48:19 - epoch 1 | global step 4350 | mode train | loss 0.2252 | accuracy 92.5 | mean_length 58.0625
09-20-21 14:50:06 - epoch 1 | global step 4360 | mode train | loss 0.2262 | accuracy 93.125 | mean_length 56.5875
09-20-21 14:51:54 - epoch 1 | global step 4370 | mode train | loss 0.199 | accuracy 93.125 | mean_length 53.8469
09-20-21 14:53:41 - epoch 1 | global step 4380 | mode train | loss 0.1935 | accuracy 94.0625 | mean_length 52.7344
09-20-21 14:55:28 - epoch 1 | global step 4390 | mode train | loss 0.2336 | accuracy 91.5625 | mean_length 52.95
09-20-21 14:57:15 - epoch 1 | global step 4400 | mode train | loss 0.1764 | accuracy 94.6875 | mean_length 55.5
09-20-21 14:59:02 - epoch 1 | global step 4410 | mode train | loss 0.1838 | accuracy 94.6875 | mean_length 58.4312
09-20-21 15:00:49 - epoch 1 | global step 4420 | mode train | loss 0.2227 | accuracy 93.75 | mean_length 56.8563
09-20-21 15:02:36 - epoch 1 | global step 4430 | mode train | loss 0.1854 | accuracy 93.125 | mean_length 55.4688
09-20-21 15:04:23 - epoch 1 | global step 4440 | mode train | loss 0.2044 | accuracy 92.8125 | mean_length 54.8625
09-20-21 15:06:11 - epoch 1 | global step 4450 | mode train | loss 0.2101 | accuracy 93.75 | mean_length 55.3062
09-20-21 15:07:58 - epoch 1 | global step 4460 | mode train | loss 0.2069 | accuracy 93.4375 | mean_length 57.3312
09-20-21 15:09:45 - epoch 1 | global step 4470 | mode train | loss 0.2037 | accuracy 93.4375 | mean_length 58.2156
09-20-21 15:11:32 - epoch 1 | global step 4480 | mode train | loss 0.2007 | accuracy 93.4375 | mean_length 55.5875
09-20-21 15:13:20 - epoch 1 | global step 4490 | mode train | loss 0.2127 | accuracy 93.125 | mean_length 55.2531
09-20-21 15:15:07 - epoch 1 | global step 4500 | mode train | loss 0.2083 | accuracy 92.8125 | mean_length 55.8344
09-20-21 15:16:54 - epoch 1 | global step 4510 | mode train | loss 0.1902 | accuracy 94.0625 | mean_length 55.4125
09-20-21 15:18:41 - epoch 1 | global step 4520 | mode train | loss 0.1875 | accuracy 94.375 | mean_length 56.8062
09-20-21 15:20:28 - epoch 1 | global step 4530 | mode train | loss 0.1836 | accuracy 94.375 | mean_length 55.7156
09-20-21 15:22:16 - epoch 1 | global step 4540 | mode train | loss 0.248 | accuracy 90.3125 | mean_length 55.7344
09-20-21 15:24:03 - epoch 1 | global step 4550 | mode train | loss 0.188 | accuracy 93.75 | mean_length 55.9781
09-20-21 15:25:50 - epoch 1 | global step 4560 | mode train | loss 0.226 | accuracy 91.5625 | mean_length 56.3469
09-20-21 15:27:37 - epoch 1 | global step 4570 | mode train | loss 0.2079 | accuracy 93.125 | mean_length 55.075
09-20-21 15:29:24 - epoch 1 | global step 4580 | mode train | loss 0.163 | accuracy 94.6875 | mean_length 56.2781
09-20-21 15:31:12 - epoch 1 | global step 4590 | mode train | loss 0.2377 | accuracy 92.5 | mean_length 56.1219
09-20-21 15:32:59 - epoch 1 | global step 4600 | mode train | loss 0.2027 | accuracy 93.75 | mean_length 55.1437
09-20-21 15:43:55 - epoch 1 | global step 4608 | mode validation | loss 0.1876 | accuracy 93.9 | mean_length 57.362
09-20-21 15:44:16 - epoch 1 | global step 4610 | mode train | loss 0.2158 | accuracy 93.125 | mean_length 56.375
09-20-21 15:46:03 - epoch 1 | global step 4620 | mode train | loss 0.1919 | accuracy 94.375 | mean_length 56.2031
09-20-21 15:47:51 - epoch 1 | global step 4630 | mode train | loss 0.1822 | accuracy 94.6875 | mean_length 55.1063
09-20-21 15:49:38 - epoch 1 | global step 4640 | mode train | loss 0.2053 | accuracy 93.75 | mean_length 54.575
09-20-21 15:51:25 - epoch 1 | global step 4650 | mode train | loss 0.1655 | accuracy 95.625 | mean_length 57.7406
09-20-21 15:53:12 - epoch 1 | global step 4660 | mode train | loss 0.1774 | accuracy 94.0625 | mean_length 55.225
09-20-21 15:55:00 - epoch 1 | global step 4670 | mode train | loss 0.2911 | accuracy 91.5625 | mean_length 60.1313
09-20-21 15:56:47 - epoch 1 | global step 4680 | mode train | loss 0.3934 | accuracy 85.9375 | mean_length 62.4656
09-20-21 15:58:34 - epoch 1 | global step 4690 | mode train | loss 0.3321 | accuracy 88.75 | mean_length 63.4906
09-20-21 16:00:22 - epoch 1 | global step 4700 | mode train | loss 0.3074 | accuracy 90.625 | mean_length 62.875
09-20-21 16:02:09 - epoch 1 | global step 4710 | mode train | loss 0.2826 | accuracy 91.25 | mean_length 62.5812
09-20-21 16:03:56 - epoch 1 | global step 4720 | mode train | loss 0.236 | accuracy 94.6875 | mean_length 62.95
09-20-21 16:05:43 - epoch 1 | global step 4730 | mode train | loss 0.2659 | accuracy 92.5 | mean_length 62.9844
09-20-21 16:07:31 - epoch 1 | global step 4740 | mode train | loss 0.3232 | accuracy 90.625 | mean_length 61.7437
09-20-21 16:09:19 - epoch 1 | global step 4750 | mode train | loss 0.2777 | accuracy 90.0 | mean_length 62.3719
09-20-21 16:11:06 - epoch 1 | global step 4760 | mode train | loss 0.2701 | accuracy 90.9375 | mean_length 62.0531
09-20-21 16:12:53 - epoch 1 | global step 4770 | mode train | loss 0.274 | accuracy 91.25 | mean_length 62.175
09-20-21 16:14:40 - epoch 1 | global step 4780 | mode train | loss 0.264 | accuracy 89.375 | mean_length 62.4781
09-20-21 16:16:28 - epoch 1 | global step 4790 | mode train | loss 0.2626 | accuracy 92.1875 | mean_length 62.175
09-20-21 16:18:15 - epoch 1 | global step 4800 | mode train | loss 0.1985 | accuracy 94.0625 | mean_length 61.9969
09-20-21 16:20:02 - epoch 1 | global step 4810 | mode train | loss 0.2553 | accuracy 91.875 | mean_length 61.825
09-20-21 16:21:50 - epoch 1 | global step 4820 | mode train | loss 0.1895 | accuracy 94.0625 | mean_length 62.3406
09-20-21 16:23:37 - epoch 1 | global step 4830 | mode train | loss 0.2045 | accuracy 93.75 | mean_length 61.7969
09-20-21 16:25:24 - epoch 1 | global step 4840 | mode train | loss 0.2734 | accuracy 90.625 | mean_length 62.3188
09-20-21 16:27:11 - epoch 1 | global step 4850 | mode train | loss 0.2378 | accuracy 92.8125 | mean_length 62.5
09-20-21 16:28:58 - epoch 1 | global step 4860 | mode train | loss 0.2475 | accuracy 91.25 | mean_length 61.7188
09-20-21 16:30:46 - epoch 1 | global step 4870 | mode train | loss 0.2337 | accuracy 92.5 | mean_length 60.6969
09-20-21 16:32:33 - epoch 1 | global step 4880 | mode train | loss 0.2351 | accuracy 92.1875 | mean_length 61.65
09-20-21 16:34:20 - epoch 1 | global step 4890 | mode train | loss 0.212 | accuracy 93.125 | mean_length 61.3406
09-20-21 16:36:07 - epoch 1 | global step 4900 | mode train | loss 0.22 | accuracy 92.8125 | mean_length 61.2781
09-20-21 16:37:54 - epoch 1 | global step 4910 | mode train | loss 0.1917 | accuracy 93.4375 | mean_length 61.5375
09-20-21 16:39:41 - epoch 1 | global step 4920 | mode train | loss 0.2111 | accuracy 93.125 | mean_length 62.4906
09-20-21 16:41:28 - epoch 1 | global step 4930 | mode train | loss 0.1597 | accuracy 94.6875 | mean_length 60.9688
09-20-21 16:43:16 - epoch 1 | global step 4940 | mode train | loss 0.1951 | accuracy 91.875 | mean_length 61.7938
09-20-21 16:45:03 - epoch 1 | global step 4950 | mode train | loss 0.2567 | accuracy 91.25 | mean_length 61.3937
09-20-21 16:46:50 - epoch 1 | global step 4960 | mode train | loss 0.2106 | accuracy 92.8125 | mean_length 60.5906
09-20-21 16:48:37 - epoch 1 | global step 4970 | mode train | loss 0.2321 | accuracy 92.5 | mean_length 61.225
09-20-21 16:50:24 - epoch 1 | global step 4980 | mode train | loss 0.1759 | accuracy 95.9375 | mean_length 61.1562
09-20-21 16:52:11 - epoch 1 | global step 4990 | mode train | loss 0.1954 | accuracy 92.8125 | mean_length 61.1281
09-20-21 16:53:58 - epoch 1 | global step 5000 | mode train | loss 0.1906 | accuracy 93.4375 | mean_length 60.4906
09-20-21 16:55:46 - epoch 1 | global step 5010 | mode train | loss 0.2201 | accuracy 92.8125 | mean_length 59.525
09-20-21 16:57:33 - epoch 1 | global step 5020 | mode train | loss 0.2518 | accuracy 93.125 | mean_length 61.2219
09-20-21 16:59:20 - epoch 1 | global step 5030 | mode train | loss 0.1691 | accuracy 95.9375 | mean_length 60.7156
09-20-21 17:01:07 - epoch 1 | global step 5040 | mode train | loss 0.1993 | accuracy 92.1875 | mean_length 58.8344
09-20-21 17:02:54 - epoch 1 | global step 5050 | mode train | loss 0.1728 | accuracy 93.75 | mean_length 60.4813
09-20-21 17:04:41 - epoch 1 | global step 5060 | mode train | loss 0.1777 | accuracy 93.125 | mean_length 59.0063
09-20-21 17:06:29 - epoch 1 | global step 5070 | mode train | loss 0.2166 | accuracy 94.375 | mean_length 59.7844
09-20-21 17:08:16 - epoch 1 | global step 5080 | mode train | loss 0.1883 | accuracy 95.0 | mean_length 59.6406
09-20-21 17:10:04 - epoch 1 | global step 5090 | mode train | loss 0.3428 | accuracy 87.5 | mean_length 62.3062
09-20-21 17:11:51 - epoch 1 | global step 5100 | mode train | loss 0.4374 | accuracy 82.8125 | mean_length 63.075
09-20-21 17:13:38 - epoch 1 | global step 5110 | mode train | loss 0.2764 | accuracy 89.375 | mean_length 63.0844
09-20-21 17:15:26 - epoch 1 | global step 5120 | mode train | loss 0.2149 | accuracy 93.75 | mean_length 63.3656
09-20-21 17:24:56 - epoch 1 | global step 5120 | mode validation | loss 0.206 | accuracy 93.4 | mean_length 63.2522
09-20-21 17:26:43 - epoch 1 | global step 5130 | mode train | loss 0.2238 | accuracy 92.8125 | mean_length 63.0406
09-20-21 17:28:30 - epoch 1 | global step 5140 | mode train | loss 0.2275 | accuracy 92.5 | mean_length 63.0438
09-20-21 17:30:17 - epoch 1 | global step 5150 | mode train | loss 0.2421 | accuracy 91.25 | mean_length 62.7812
09-20-21 17:32:04 - epoch 1 | global step 5160 | mode train | loss 0.2409 | accuracy 91.25 | mean_length 63.1625
09-20-21 17:33:51 - epoch 1 | global step 5170 | mode train | loss 0.2355 | accuracy 91.5625 | mean_length 62.7188
09-20-21 17:35:38 - epoch 1 | global step 5180 | mode train | loss 0.2156 | accuracy 91.5625 | mean_length 62.9656
09-20-21 17:37:26 - epoch 1 | global step 5190 | mode train | loss 0.202 | accuracy 93.4375 | mean_length 63.1938
09-20-21 17:39:13 - epoch 1 | global step 5200 | mode train | loss 0.2155 | accuracy 93.75 | mean_length 62.8687
09-20-21 17:41:00 - epoch 1 | global step 5210 | mode train | loss 0.2325 | accuracy 90.3125 | mean_length 63.2281
09-20-21 17:42:47 - epoch 1 | global step 5220 | mode train | loss 0.2621 | accuracy 92.1875 | mean_length 62.5719
09-20-21 17:44:34 - epoch 1 | global step 5230 | mode train | loss 0.2202 | accuracy 92.8125 | mean_length 63.0688
09-20-21 17:46:21 - epoch 1 | global step 5240 | mode train | loss 0.1909 | accuracy 93.125 | mean_length 62.6281
09-20-21 17:48:08 - epoch 1 | global step 5250 | mode train | loss 0.2385 | accuracy 92.8125 | mean_length 63.2531
09-20-21 17:49:55 - epoch 1 | global step 5260 | mode train | loss 0.1509 | accuracy 95.0 | mean_length 61.8531
09-20-21 17:51:42 - epoch 1 | global step 5270 | mode train | loss 0.1606 | accuracy 95.0 | mean_length 63.0469
09-20-21 17:53:29 - epoch 1 | global step 5280 | mode train | loss 0.2295 | accuracy 91.25 | mean_length 63.1156
09-20-21 17:55:16 - epoch 1 | global step 5290 | mode train | loss 0.2173 | accuracy 92.5 | mean_length 63.0938
09-20-21 17:57:02 - epoch 1 | global step 5300 | mode train | loss 0.2104 | accuracy 94.0625 | mean_length 63.3719
09-20-21 17:58:49 - epoch 1 | global step 5310 | mode train | loss 0.1539 | accuracy 96.25 | mean_length 62.9625
09-20-21 18:00:37 - epoch 1 | global step 5320 | mode train | loss 0.1839 | accuracy 93.4375 | mean_length 62.7625
09-20-21 18:02:24 - epoch 1 | global step 5330 | mode train | loss 0.1613 | accuracy 95.625 | mean_length 62.9937
09-20-21 18:04:11 - epoch 1 | global step 5340 | mode train | loss 0.19 | accuracy 93.75 | mean_length 63.5344
09-20-21 18:05:58 - epoch 1 | global step 5350 | mode train | loss 0.185 | accuracy 93.125 | mean_length 62.8781
09-20-21 18:07:45 - epoch 1 | global step 5360 | mode train | loss 0.1833 | accuracy 94.375 | mean_length 62.5094
09-20-21 18:09:32 - epoch 1 | global step 5370 | mode train | loss 0.1937 | accuracy 94.0625 | mean_length 63.1469
09-20-21 18:11:20 - epoch 1 | global step 5380 | mode train | loss 0.1684 | accuracy 95.0 | mean_length 62.7375
09-20-21 18:13:07 - epoch 1 | global step 5390 | mode train | loss 0.126 | accuracy 96.875 | mean_length 62.7281
09-20-21 18:14:54 - epoch 1 | global step 5400 | mode train | loss 0.1547 | accuracy 94.375 | mean_length 62.6969
09-20-21 18:16:41 - epoch 1 | global step 5410 | mode train | loss 0.1319 | accuracy 96.5625 | mean_length 62.6437
09-20-21 18:18:28 - epoch 1 | global step 5420 | mode train | loss 0.1469 | accuracy 94.6875 | mean_length 62.3281
09-20-21 18:20:15 - epoch 1 | global step 5430 | mode train | loss 0.1678 | accuracy 95.0 | mean_length 62.3
09-20-21 18:22:02 - epoch 1 | global step 5440 | mode train | loss 0.1716 | accuracy 94.375 | mean_length 62.9312
09-20-21 18:23:49 - epoch 1 | global step 5450 | mode train | loss 0.1351 | accuracy 95.0 | mean_length 61.3937
09-20-21 18:25:36 - epoch 1 | global step 5460 | mode train | loss 0.183 | accuracy 94.6875 | mean_length 62.7969
09-20-21 18:27:23 - epoch 1 | global step 5470 | mode train | loss 0.1689 | accuracy 93.75 | mean_length 63.0156
09-20-21 18:29:11 - epoch 1 | global step 5480 | mode train | loss 0.1876 | accuracy 95.0 | mean_length 63.1
09-20-21 18:30:58 - epoch 1 | global step 5490 | mode train | loss 0.1785 | accuracy 95.0 | mean_length 63.0719
09-20-21 18:32:45 - epoch 1 | global step 5500 | mode train | loss 0.1862 | accuracy 94.0625 | mean_length 63.0656
09-20-21 18:34:32 - epoch 1 | global step 5510 | mode train | loss 0.1658 | accuracy 95.625 | mean_length 62.6406
09-20-21 18:36:19 - epoch 1 | global step 5520 | mode train | loss 0.1657 | accuracy 94.0625 | mean_length 62.3687
09-20-21 18:38:06 - epoch 1 | global step 5530 | mode train | loss 0.1529 | accuracy 94.6875 | mean_length 62.2531
09-20-21 18:39:53 - epoch 1 | global step 5540 | mode train | loss 0.1743 | accuracy 93.75 | mean_length 62.4562
09-20-21 18:41:40 - epoch 1 | global step 5550 | mode train | loss 0.1392 | accuracy 96.5625 | mean_length 61.4531
09-20-21 18:43:28 - epoch 1 | global step 5560 | mode train | loss 0.2074 | accuracy 91.25 | mean_length 61.6375
09-20-21 18:45:15 - epoch 1 | global step 5570 | mode train | loss 0.176 | accuracy 93.4375 | mean_length 62.7094
09-20-21 18:47:02 - epoch 1 | global step 5580 | mode train | loss 0.1833 | accuracy 93.75 | mean_length 62.675
09-20-21 18:48:49 - epoch 1 | global step 5590 | mode train | loss 0.142 | accuracy 95.625 | mean_length 62.1
09-20-21 18:50:36 - epoch 1 | global step 5600 | mode train | loss 0.1899 | accuracy 94.6875 | mean_length 61.5906
09-20-21 18:52:23 - epoch 1 | global step 5610 | mode train | loss 0.1582 | accuracy 94.375 | mean_length 62.0531
09-20-21 18:54:10 - epoch 1 | global step 5620 | mode train | loss 0.177 | accuracy 93.125 | mean_length 61.3813
09-20-21 18:55:58 - epoch 1 | global step 5630 | mode train | loss 0.198 | accuracy 92.5 | mean_length 61.0469
09-20-21 19:05:48 - epoch 1 | global step 5632 | mode validation | loss 0.1492 | accuracy 95.14 | mean_length 62.1094
09-20-21 19:05:48 - Saving model to Output/accGrad4_mbart_BTen+zh-captions_lr8.0e-6_7distractors_maxstep8192_seed43
Epoch: 1, Prediction Accuracy: 95.14, Saved to Path: Output/accGrad4_mbart_BTen+zh-captions_lr8.0e-6_7distractors_maxstep8192_seed43
09-20-21 19:07:24 - epoch 1 | global step 5640 | mode train | loss 0.1668 | accuracy 94.6875 | mean_length 62.4625
09-20-21 19:09:11 - epoch 1 | global step 5650 | mode train | loss 0.1764 | accuracy 95.3125 | mean_length 61.675
09-20-21 19:10:59 - epoch 1 | global step 5660 | mode train | loss 0.16 | accuracy 95.9375 | mean_length 60.9719
09-20-21 19:12:46 - epoch 1 | global step 5670 | mode train | loss 0.1354 | accuracy 96.25 | mean_length 60.8937
09-20-21 19:14:33 - epoch 1 | global step 5680 | mode train | loss 0.2022 | accuracy 92.5 | mean_length 60.6906
09-20-21 19:16:21 - epoch 1 | global step 5690 | mode train | loss 0.1748 | accuracy 95.3125 | mean_length 60.0156
09-20-21 19:18:08 - epoch 1 | global step 5700 | mode train | loss 0.1638 | accuracy 94.0625 | mean_length 60.7313
09-20-21 19:19:55 - epoch 1 | global step 5710 | mode train | loss 0.1177 | accuracy 97.1875 | mean_length 60.1594
09-20-21 19:21:42 - epoch 1 | global step 5720 | mode train | loss 0.1541 | accuracy 94.0625 | mean_length 60.8312
09-20-21 19:23:29 - epoch 1 | global step 5730 | mode train | loss 0.1504 | accuracy 95.625 | mean_length 60.0531
09-20-21 19:25:16 - epoch 1 | global step 5740 | mode train | loss 0.1227 | accuracy 95.625 | mean_length 60.2375
09-20-21 19:27:04 - epoch 1 | global step 5750 | mode train | loss 0.154 | accuracy 96.25 | mean_length 58.3438
09-20-21 19:28:51 - epoch 1 | global step 5760 | mode train | loss 0.1543 | accuracy 95.625 | mean_length 59.7
09-20-21 19:30:38 - epoch 1 | global step 5770 | mode train | loss 0.1734 | accuracy 95.3125 | mean_length 57.425
09-20-21 19:32:25 - epoch 1 | global step 5780 | mode train | loss 0.1621 | accuracy 94.6875 | mean_length 58.5438
09-20-21 19:34:12 - epoch 1 | global step 5790 | mode train | loss 0.2009 | accuracy 93.125 | mean_length 58.2625
09-20-21 19:35:59 - epoch 1 | global step 5800 | mode train | loss 0.1477 | accuracy 95.3125 | mean_length 58.8531
09-20-21 19:37:47 - epoch 1 | global step 5810 | mode train | loss 0.1747 | accuracy 94.375 | mean_length 57.0187
09-20-21 19:39:34 - epoch 1 | global step 5820 | mode train | loss 0.1786 | accuracy 95.3125 | mean_length 57.9375
09-20-21 19:41:21 - epoch 1 | global step 5830 | mode train | loss 0.2105 | accuracy 92.8125 | mean_length 58.5688
09-20-21 19:43:08 - epoch 1 | global step 5840 | mode train | loss 0.1917 | accuracy 94.0625 | mean_length 57.9656
09-20-21 19:44:55 - epoch 1 | global step 5850 | mode train | loss 0.1604 | accuracy 95.0 | mean_length 60.4438
09-20-21 19:46:42 - epoch 1 | global step 5860 | mode train | loss 0.158 | accuracy 94.6875 | mean_length 60.4562
09-20-21 19:48:29 - epoch 1 | global step 5870 | mode train | loss 0.1623 | accuracy 95.625 | mean_length 58.2687
09-20-21 19:50:16 - epoch 1 | global step 5880 | mode train | loss 0.1605 | accuracy 95.0 | mean_length 57.6063
09-20-21 19:52:03 - epoch 1 | global step 5890 | mode train | loss 0.1398 | accuracy 95.3125 | mean_length 57.4875
09-20-21 19:53:51 - epoch 1 | global step 5900 | mode train | loss 0.1709 | accuracy 93.125 | mean_length 56.0281
09-20-21 19:55:38 - epoch 1 | global step 5910 | mode train | loss 0.1475 | accuracy 96.25 | mean_length 56.1281
09-20-21 19:57:25 - epoch 1 | global step 5920 | mode train | loss 0.139 | accuracy 95.3125 | mean_length 57.1781
09-20-21 19:59:12 - epoch 1 | global step 5930 | mode train | loss 0.1619 | accuracy 92.8125 | mean_length 56.8875
09-20-21 20:01:00 - epoch 1 | global step 5940 | mode train | loss 0.1928 | accuracy 92.8125 | mean_length 56.8656
09-20-21 20:02:47 - epoch 1 | global step 5950 | mode train | loss 0.1528 | accuracy 96.25 | mean_length 56.5031
09-20-21 20:04:34 - epoch 1 | global step 5960 | mode train | loss 0.2665 | accuracy 90.9375 | mean_length 53.6812
09-20-21 20:06:21 - epoch 1 | global step 5970 | mode train | loss 0.2886 | accuracy 91.25 | mean_length 53.1156
09-20-21 20:08:08 - epoch 1 | global step 5980 | mode train | loss 0.2711 | accuracy 91.25 | mean_length 55.7062
09-20-21 20:09:56 - epoch 1 | global step 5990 | mode train | loss 0.2195 | accuracy 92.8125 | mean_length 57.4406
09-20-21 20:11:44 - epoch 1 | global step 6000 | mode train | loss 0.2118 | accuracy 91.25 | mean_length 56.0875
09-20-21 20:13:31 - epoch 1 | global step 6010 | mode train | loss 0.1954 | accuracy 93.75 | mean_length 53.4844
09-20-21 20:15:18 - epoch 1 | global step 6020 | mode train | loss 0.2217 | accuracy 92.8125 | mean_length 56.3062
09-20-21 20:17:05 - epoch 1 | global step 6030 | mode train | loss 0.2178 | accuracy 92.1875 | mean_length 55.8687
09-20-21 20:18:52 - epoch 1 | global step 6040 | mode train | loss 0.1497 | accuracy 96.25 | mean_length 57.0344
09-20-21 20:20:40 - epoch 1 | global step 6050 | mode train | loss 0.1691 | accuracy 94.6875 | mean_length 57.0281
09-20-21 20:22:27 - epoch 1 | global step 6060 | mode train | loss 0.226 | accuracy 91.875 | mean_length 55.3937
09-20-21 20:24:14 - epoch 1 | global step 6070 | mode train | loss 0.165 | accuracy 94.0625 | mean_length 57.2
09-20-21 20:26:01 - epoch 1 | global step 6080 | mode train | loss 0.1756 | accuracy 95.0 | mean_length 58.4406
09-20-21 20:27:49 - epoch 1 | global step 6090 | mode train | loss 0.2028 | accuracy 93.75 | mean_length 58.3375
09-20-21 20:29:36 - epoch 1 | global step 6100 | mode train | loss 0.1715 | accuracy 95.3125 | mean_length 56.3813
09-20-21 20:31:23 - epoch 1 | global step 6110 | mode train | loss 0.2027 | accuracy 93.4375 | mean_length 56.8344
09-20-21 20:33:11 - epoch 1 | global step 6120 | mode train | loss 0.1526 | accuracy 95.9375 | mean_length 57.675
09-20-21 20:34:58 - epoch 1 | global step 6130 | mode train | loss 0.1695 | accuracy 92.8125 | mean_length 59.4344
09-20-21 20:36:45 - epoch 1 | global step 6140 | mode train | loss 0.1439 | accuracy 95.9375 | mean_length 59.5438
09-20-21 20:47:00 - epoch 1 | global step 6144 | mode validation | loss 0.1407 | accuracy 95.82 | mean_length 62.0438
09-20-21 20:47:00 - Saving model to Output/accGrad4_mbart_BTen+zh-captions_lr8.0e-6_7distractors_maxstep8192_seed43
Epoch: 1, Prediction Accuracy: 95.82, Saved to Path: Output/accGrad4_mbart_BTen+zh-captions_lr8.0e-6_7distractors_maxstep8192_seed43
09-20-21 20:48:13 - epoch 1 | global step 6150 | mode train | loss 0.1363 | accuracy 96.25 | mean_length 61.2781
09-20-21 20:50:00 - epoch 1 | global step 6160 | mode train | loss 0.1453 | accuracy 94.6875 | mean_length 60.8875
09-20-21 20:51:47 - epoch 1 | global step 6170 | mode train | loss 0.1187 | accuracy 97.1875 | mean_length 60.7
09-20-21 20:53:35 - epoch 1 | global step 6180 | mode train | loss 0.143 | accuracy 95.3125 | mean_length 61.0562
09-20-21 20:55:22 - epoch 1 | global step 6190 | mode train | loss 0.136 | accuracy 95.3125 | mean_length 61.3188
09-20-21 20:57:09 - epoch 1 | global step 6200 | mode train | loss 0.1386 | accuracy 94.375 | mean_length 60.2812
09-20-21 20:58:56 - epoch 1 | global step 6210 | mode train | loss 0.1269 | accuracy 95.9375 | mean_length 61.5469
09-20-21 21:00:43 - epoch 1 | global step 6220 | mode train | loss 0.137 | accuracy 95.625 | mean_length 60.2188
09-20-21 21:02:31 - epoch 1 | global step 6230 | mode train | loss 0.1617 | accuracy 95.3125 | mean_length 60.4375
09-20-21 21:04:18 - epoch 1 | global step 6240 | mode train | loss 0.1249 | accuracy 95.625 | mean_length 59.6688
09-20-21 21:06:05 - epoch 1 | global step 6250 | mode train | loss 0.1412 | accuracy 94.6875 | mean_length 59.6719
09-20-21 21:07:53 - epoch 1 | global step 6260 | mode train | loss 0.1481 | accuracy 94.6875 | mean_length 60.075
09-20-21 21:09:40 - epoch 1 | global step 6270 | mode train | loss 0.173 | accuracy 92.8125 | mean_length 60.8656
09-20-21 21:11:27 - epoch 1 | global step 6280 | mode train | loss 0.1627 | accuracy 95.0 | mean_length 60.0656
09-20-21 21:13:15 - epoch 1 | global step 6290 | mode train | loss 0.1387 | accuracy 96.5625 | mean_length 59.8937
09-20-21 21:15:02 - epoch 1 | global step 6300 | mode train | loss 0.1256 | accuracy 96.5625 | mean_length 59.5438
09-20-21 21:16:49 - epoch 1 | global step 6310 | mode train | loss 0.1358 | accuracy 95.9375 | mean_length 59.1031
09-20-21 21:18:36 - epoch 1 | global step 6320 | mode train | loss 0.1241 | accuracy 96.25 | mean_length 59.85
09-20-21 21:20:23 - epoch 1 | global step 6330 | mode train | loss 0.1293 | accuracy 96.25 | mean_length 58.3625
09-20-21 21:22:10 - epoch 1 | global step 6340 | mode train | loss 0.1705 | accuracy 93.125 | mean_length 59.5031
09-20-21 21:23:58 - epoch 1 | global step 6350 | mode train | loss 0.152 | accuracy 95.3125 | mean_length 59.525
09-20-21 21:25:45 - epoch 1 | global step 6360 | mode train | loss 0.1714 | accuracy 92.5 | mean_length 59.9406
09-20-21 21:27:32 - epoch 1 | global step 6370 | mode train | loss 0.1519 | accuracy 95.0 | mean_length 60.0063
09-20-21 21:29:19 - epoch 1 | global step 6380 | mode train | loss 0.1702 | accuracy 95.625 | mean_length 58.2719
09-20-21 21:31:06 - epoch 1 | global step 6390 | mode train | loss 0.1324 | accuracy 94.6875 | mean_length 59.9062
09-20-21 21:32:54 - epoch 1 | global step 6400 | mode train | loss 0.1436 | accuracy 95.0 | mean_length 59.325
09-20-21 21:34:41 - epoch 1 | global step 6410 | mode train | loss 0.1649 | accuracy 94.6875 | mean_length 59.8219
09-20-21 21:36:28 - epoch 1 | global step 6420 | mode train | loss 0.1578 | accuracy 95.0 | mean_length 58.8687
09-20-21 21:38:15 - epoch 1 | global step 6430 | mode train | loss 0.1125 | accuracy 96.25 | mean_length 59.6625
09-20-21 21:40:02 - epoch 1 | global step 6440 | mode train | loss 0.1145 | accuracy 96.875 | mean_length 60.5
09-20-21 21:41:49 - epoch 1 | global step 6450 | mode train | loss 0.159 | accuracy 95.0 | mean_length 60.6156
09-20-21 21:43:36 - epoch 2 | global step 6460 | mode train | loss 0.1231 | accuracy 96.25 | mean_length 60.675
09-20-21 21:45:24 - epoch 2 | global step 6470 | mode train | loss 0.1462 | accuracy 95.3125 | mean_length 60.6094
09-20-21 21:47:11 - epoch 2 | global step 6480 | mode train | loss 0.162 | accuracy 94.6875 | mean_length 60.7375
09-20-21 21:48:58 - epoch 2 | global step 6490 | mode train | loss 0.1527 | accuracy 94.6875 | mean_length 60.1344
09-20-21 21:50:45 - epoch 2 | global step 6500 | mode train | loss 0.1559 | accuracy 92.8125 | mean_length 61.0469
09-20-21 21:52:32 - epoch 2 | global step 6510 | mode train | loss 0.161 | accuracy 93.4375 | mean_length 60.4062
09-20-21 21:54:20 - epoch 2 | global step 6520 | mode train | loss 0.151 | accuracy 95.0 | mean_length 60.55
09-20-21 21:56:07 - epoch 2 | global step 6530 | mode train | loss 0.1148 | accuracy 96.25 | mean_length 60.3188
09-20-21 21:57:54 - epoch 2 | global step 6540 | mode train | loss 0.1011 | accuracy 97.8125 | mean_length 60.9469
09-20-21 21:59:41 - epoch 2 | global step 6550 | mode train | loss 0.1084 | accuracy 97.5 | mean_length 60.525
09-20-21 22:01:28 - epoch 2 | global step 6560 | mode train | loss 0.1331 | accuracy 95.9375 | mean_length 61.3062
09-20-21 22:03:15 - epoch 2 | global step 6570 | mode train | loss 0.1367 | accuracy 95.3125 | mean_length 61.6281
09-20-21 22:05:02 - epoch 2 | global step 6580 | mode train | loss 0.1161 | accuracy 96.5625 | mean_length 60.8594
09-20-21 22:06:49 - epoch 2 | global step 6590 | mode train | loss 0.11 | accuracy 96.875 | mean_length 61.1094
09-20-21 22:08:36 - epoch 2 | global step 6600 | mode train | loss 0.1136 | accuracy 96.5625 | mean_length 60.5219
09-20-21 22:10:23 - epoch 2 | global step 6610 | mode train | loss 0.1373 | accuracy 95.625 | mean_length 60.4875
09-20-21 22:12:11 - epoch 2 | global step 6620 | mode train | loss 0.1284 | accuracy 95.9375 | mean_length 60.1281
09-20-21 22:13:58 - epoch 2 | global step 6630 | mode train | loss 0.1205 | accuracy 96.5625 | mean_length 60.1219
09-20-21 22:15:45 - epoch 2 | global step 6640 | mode train | loss 0.1066 | accuracy 97.5 | mean_length 59.9
09-20-21 22:17:32 - epoch 2 | global step 6650 | mode train | loss 0.1343 | accuracy 95.3125 | mean_length 59.8375
09-20-21 22:28:06 - epoch 2 | global step 6656 | mode validation | loss 0.1067 | accuracy 96.54 | mean_length 61.7672
09-20-21 22:28:06 - Saving model to Output/accGrad4_mbart_BTen+zh-captions_lr8.0e-6_7distractors_maxstep8192_seed43
Epoch: 2, Prediction Accuracy: 96.54, Saved to Path: Output/accGrad4_mbart_BTen+zh-captions_lr8.0e-6_7distractors_maxstep8192_seed43
09-20-21 22:28:58 - epoch 2 | global step 6660 | mode train | loss 0.1529 | accuracy 93.125 | mean_length 60.6906
09-20-21 22:30:45 - epoch 2 | global step 6670 | mode train | loss 0.2009 | accuracy 93.75 | mean_length 59.825
09-20-21 22:32:32 - epoch 2 | global step 6680 | mode train | loss 0.3726 | accuracy 87.1875 | mean_length 59.9062
09-20-21 22:34:19 - epoch 2 | global step 6690 | mode train | loss 0.221 | accuracy 93.125 | mean_length 58.7281
09-20-21 22:36:07 - epoch 2 | global step 6700 | mode train | loss 0.2105 | accuracy 94.375 | mean_length 57.4688
09-20-21 22:37:54 - epoch 2 | global step 6710 | mode train | loss 0.2068 | accuracy 94.375 | mean_length 55.1875
09-20-21 22:39:41 - epoch 2 | global step 6720 | mode train | loss 0.1724 | accuracy 95.0 | mean_length 54.325
09-20-21 22:41:28 - epoch 2 | global step 6730 | mode train | loss 0.17 | accuracy 95.625 | mean_length 56.0844
09-20-21 22:43:15 - epoch 2 | global step 6740 | mode train | loss 0.1905 | accuracy 92.1875 | mean_length 59.9031
09-20-21 22:45:02 - epoch 2 | global step 6750 | mode train | loss 0.1466 | accuracy 95.3125 | mean_length 59.4219
09-20-21 22:46:50 - epoch 2 | global step 6760 | mode train | loss 0.1341 | accuracy 95.9375 | mean_length 59.5688
09-20-21 22:48:37 - epoch 2 | global step 6770 | mode train | loss 0.1461 | accuracy 94.375 | mean_length 58.9188
09-20-21 22:50:24 - epoch 2 | global step 6780 | mode train | loss 0.1687 | accuracy 94.0625 | mean_length 58.8844
09-20-21 22:52:11 - epoch 2 | global step 6790 | mode train | loss 0.1314 | accuracy 95.9375 | mean_length 59.425
09-20-21 22:53:58 - epoch 2 | global step 6800 | mode train | loss 0.1463 | accuracy 95.9375 | mean_length 58.5969
09-20-21 22:55:45 - epoch 2 | global step 6810 | mode train | loss 0.158 | accuracy 95.0 | mean_length 58.0031
09-20-21 22:57:33 - epoch 2 | global step 6820 | mode train | loss 0.1533 | accuracy 95.625 | mean_length 57.8625
09-20-21 22:59:20 - epoch 2 | global step 6830 | mode train | loss 0.1378 | accuracy 95.625 | mean_length 55.6437
09-20-21 23:01:07 - epoch 2 | global step 6840 | mode train | loss 0.1356 | accuracy 96.875 | mean_length 56.8344
09-20-21 23:02:54 - epoch 2 | global step 6850 | mode train | loss 0.109 | accuracy 95.9375 | mean_length 57.0688
09-20-21 23:04:41 - epoch 2 | global step 6860 | mode train | loss 0.1291 | accuracy 95.9375 | mean_length 57.8625
09-20-21 23:06:29 - epoch 2 | global step 6870 | mode train | loss 0.1736 | accuracy 92.8125 | mean_length 58.9
09-20-21 23:08:16 - epoch 2 | global step 6880 | mode train | loss 0.1379 | accuracy 96.25 | mean_length 57.1719
09-20-21 23:10:03 - epoch 2 | global step 6890 | mode train | loss 0.1816 | accuracy 94.375 | mean_length 58.55
09-20-21 23:11:50 - epoch 2 | global step 6900 | mode train | loss 0.1551 | accuracy 95.9375 | mean_length 58.0719
09-20-21 23:13:38 - epoch 2 | global step 6910 | mode train | loss 0.1205 | accuracy 97.8125 | mean_length 56.1437
09-20-21 23:15:25 - epoch 2 | global step 6920 | mode train | loss 0.1486 | accuracy 95.625 | mean_length 55.7062
09-20-21 23:17:12 - epoch 2 | global step 6930 | mode train | loss 0.1177 | accuracy 95.9375 | mean_length 54.8625
09-20-21 23:18:59 - epoch 2 | global step 6940 | mode train | loss 0.1241 | accuracy 95.625 | mean_length 54.5688
09-20-21 23:20:46 - epoch 2 | global step 6950 | mode train | loss 0.0931 | accuracy 97.1875 | mean_length 53.9813
09-20-21 23:22:32 - epoch 2 | global step 6960 | mode train | loss 0.1216 | accuracy 95.9375 | mean_length 50.8906
09-20-21 23:24:19 - epoch 2 | global step 6970 | mode train | loss 0.1637 | accuracy 94.6875 | mean_length 49.4906
09-20-21 23:26:07 - epoch 2 | global step 6980 | mode train | loss 0.1484 | accuracy 96.25 | mean_length 52.2594
09-20-21 23:27:54 - epoch 2 | global step 6990 | mode train | loss 0.1336 | accuracy 94.6875 | mean_length 50.5375
09-20-21 23:29:41 - epoch 2 | global step 7000 | mode train | loss 0.1071 | accuracy 97.8125 | mean_length 50.0688
09-20-21 23:31:28 - epoch 2 | global step 7010 | mode train | loss 0.1296 | accuracy 96.5625 | mean_length 48.0969
09-20-21 23:33:15 - epoch 2 | global step 7020 | mode train | loss 0.1512 | accuracy 94.375 | mean_length 48.7656
09-20-21 23:35:02 - epoch 2 | global step 7030 | mode train | loss 0.1216 | accuracy 96.5625 | mean_length 48.2094
09-20-21 23:36:49 - epoch 2 | global step 7040 | mode train | loss 0.13 | accuracy 96.25 | mean_length 47.6969
09-20-21 23:38:36 - epoch 2 | global step 7050 | mode train | loss 0.1146 | accuracy 96.5625 | mean_length 47.5031
09-20-21 23:40:23 - epoch 2 | global step 7060 | mode train | loss 0.1016 | accuracy 96.25 | mean_length 47.4531
09-20-21 23:42:10 - epoch 2 | global step 7070 | mode train | loss 0.1445 | accuracy 94.375 | mean_length 49.3219
09-20-21 23:43:57 - epoch 2 | global step 7080 | mode train | loss 0.1243 | accuracy 95.625 | mean_length 49.075
09-20-21 23:45:44 - epoch 2 | global step 7090 | mode train | loss 0.1479 | accuracy 95.0 | mean_length 49.9156
09-20-21 23:47:31 - epoch 2 | global step 7100 | mode train | loss 0.1474 | accuracy 95.0 | mean_length 52.2719
09-20-21 23:49:18 - epoch 2 | global step 7110 | mode train | loss 0.1284 | accuracy 96.875 | mean_length 50.8813
09-20-21 23:51:05 - epoch 2 | global step 7120 | mode train | loss 0.128 | accuracy 96.25 | mean_length 48.7313
09-20-21 23:52:52 - epoch 2 | global step 7130 | mode train | loss 0.1593 | accuracy 94.0625 | mean_length 47.2
09-20-21 23:54:38 - epoch 2 | global step 7140 | mode train | loss 0.1511 | accuracy 95.0 | mean_length 45.3906
09-20-21 23:56:26 - epoch 2 | global step 7150 | mode train | loss 0.1469 | accuracy 95.0 | mean_length 47.1031
09-20-21 23:58:13 - epoch 2 | global step 7160 | mode train | loss 0.1414 | accuracy 95.9375 | mean_length 51.1125
09-21-21 00:09:06 - epoch 2 | global step 7168 | mode validation | loss 0.1426 | accuracy 95.64 | mean_length 56.273
09-21-21 00:09:27 - epoch 2 | global step 7170 | mode train | loss 0.1455 | accuracy 96.25 | mean_length 53.2313
09-21-21 00:11:14 - epoch 2 | global step 7180 | mode train | loss 0.1483 | accuracy 96.25 | mean_length 53.9094
09-21-21 00:13:01 - epoch 2 | global step 7190 | mode train | loss 0.1235 | accuracy 95.9375 | mean_length 52.9719
09-21-21 00:14:49 - epoch 2 | global step 7200 | mode train | loss 0.1261 | accuracy 95.0 | mean_length 51.125
09-21-21 00:16:36 - epoch 2 | global step 7210 | mode train | loss 0.0842 | accuracy 98.125 | mean_length 49.1844
09-21-21 00:18:23 - epoch 2 | global step 7220 | mode train | loss 0.1306 | accuracy 94.375 | mean_length 51.4031
09-21-21 00:20:10 - epoch 2 | global step 7230 | mode train | loss 0.1076 | accuracy 96.875 | mean_length 53.0844
09-21-21 00:21:57 - epoch 2 | global step 7240 | mode train | loss 0.1007 | accuracy 96.5625 | mean_length 53.4156
09-21-21 00:23:45 - epoch 2 | global step 7250 | mode train | loss 0.1155 | accuracy 96.25 | mean_length 54.975
09-21-21 00:25:32 - epoch 2 | global step 7260 | mode train | loss 0.1214 | accuracy 95.625 | mean_length 56.2094
09-21-21 00:27:19 - epoch 2 | global step 7270 | mode train | loss 0.1205 | accuracy 96.875 | mean_length 56.5406
09-21-21 00:29:06 - epoch 2 | global step 7280 | mode train | loss 0.121 | accuracy 97.1875 | mean_length 58.5562
09-21-21 00:30:53 - epoch 2 | global step 7290 | mode train | loss 0.1577 | accuracy 94.6875 | mean_length 59.1094
09-21-21 00:32:40 - epoch 2 | global step 7300 | mode train | loss 0.1097 | accuracy 97.8125 | mean_length 59.7906
09-21-21 00:34:27 - epoch 2 | global step 7310 | mode train | loss 0.0924 | accuracy 98.125 | mean_length 58.0906
09-21-21 00:36:14 - epoch 2 | global step 7320 | mode train | loss 0.1056 | accuracy 97.8125 | mean_length 57.9656
09-21-21 00:38:01 - epoch 2 | global step 7330 | mode train | loss 0.1017 | accuracy 97.1875 | mean_length 58.625
09-21-21 00:39:48 - epoch 2 | global step 7340 | mode train | loss 0.1148 | accuracy 96.875 | mean_length 58.1187
09-21-21 00:41:35 - epoch 2 | global step 7350 | mode train | loss 0.1733 | accuracy 92.5 | mean_length 57.0344
09-21-21 00:43:22 - epoch 2 | global step 7360 | mode train | loss 0.1146 | accuracy 96.25 | mean_length 58.4875
09-21-21 00:45:09 - epoch 2 | global step 7370 | mode train | loss 0.0817 | accuracy 97.8125 | mean_length 59.9719
09-21-21 00:46:57 - epoch 2 | global step 7380 | mode train | loss 0.1423 | accuracy 95.9375 | mean_length 59.0844
09-21-21 00:48:44 - epoch 2 | global step 7390 | mode train | loss 0.1139 | accuracy 97.5 | mean_length 56.5969
09-21-21 00:50:31 - epoch 2 | global step 7400 | mode train | loss 0.1219 | accuracy 95.625 | mean_length 58.0344
09-21-21 00:52:18 - epoch 2 | global step 7410 | mode train | loss 0.1037 | accuracy 97.1875 | mean_length 57.2031
09-21-21 00:54:05 - epoch 2 | global step 7420 | mode train | loss 0.1798 | accuracy 94.0625 | mean_length 56.275
09-21-21 00:55:52 - epoch 2 | global step 7430 | mode train | loss 0.1635 | accuracy 94.375 | mean_length 56.1344
09-21-21 00:57:39 - epoch 2 | global step 7440 | mode train | loss 0.091 | accuracy 97.8125 | mean_length 55.7719
09-21-21 00:59:27 - epoch 2 | global step 7450 | mode train | loss 0.1162 | accuracy 96.5625 | mean_length 54.2938
09-21-21 01:01:13 - epoch 2 | global step 7460 | mode train | loss 0.124 | accuracy 95.3125 | mean_length 54.8094
09-21-21 01:03:01 - epoch 2 | global step 7470 | mode train | loss 0.0847 | accuracy 97.8125 | mean_length 54.7
09-21-21 01:04:48 - epoch 2 | global step 7480 | mode train | loss 0.0989 | accuracy 97.5 | mean_length 54.2563
09-21-21 01:06:35 - epoch 2 | global step 7490 | mode train | loss 0.0846 | accuracy 97.5 | mean_length 55.1406
09-21-21 01:08:22 - epoch 2 | global step 7500 | mode train | loss 0.0817 | accuracy 97.8125 | mean_length 55.7625
09-21-21 01:10:09 - epoch 2 | global step 7510 | mode train | loss 0.0961 | accuracy 96.875 | mean_length 53.7281
09-21-21 01:11:56 - epoch 2 | global step 7520 | mode train | loss 0.1232 | accuracy 95.625 | mean_length 52.5312
09-21-21 01:13:43 - epoch 2 | global step 7530 | mode train | loss 0.101 | accuracy 97.5 | mean_length 54.9656
09-21-21 01:15:31 - epoch 2 | global step 7540 | mode train | loss 0.152 | accuracy 95.0 | mean_length 54.9062
09-21-21 01:17:18 - epoch 2 | global step 7550 | mode train | loss 0.1155 | accuracy 95.625 | mean_length 52.925
09-21-21 01:19:05 - epoch 2 | global step 7560 | mode train | loss 0.1135 | accuracy 95.9375 | mean_length 55.0187
09-21-21 01:20:52 - epoch 2 | global step 7570 | mode train | loss 0.1112 | accuracy 96.5625 | mean_length 53.7219
09-21-21 01:22:39 - epoch 2 | global step 7580 | mode train | loss 0.0871 | accuracy 96.875 | mean_length 53.1656
09-21-21 01:24:26 - epoch 2 | global step 7590 | mode train | loss 0.1156 | accuracy 96.5625 | mean_length 54.4594
09-21-21 01:26:13 - epoch 2 | global step 7600 | mode train | loss 0.0839 | accuracy 97.5 | mean_length 54.7313
09-21-21 01:28:00 - epoch 2 | global step 7610 | mode train | loss 0.0998 | accuracy 95.9375 | mean_length 54.9219
09-21-21 01:29:48 - epoch 2 | global step 7620 | mode train | loss 0.1307 | accuracy 95.625 | mean_length 55.6156
09-21-21 01:31:35 - epoch 2 | global step 7630 | mode train | loss 0.064 | accuracy 98.125 | mean_length 56.0875
09-21-21 01:33:22 - epoch 2 | global step 7640 | mode train | loss 0.0665 | accuracy 98.125 | mean_length 56.5938
09-21-21 01:35:09 - epoch 2 | global step 7650 | mode train | loss 0.1105 | accuracy 96.5625 | mean_length 54.6781
09-21-21 01:36:56 - epoch 2 | global step 7660 | mode train | loss 0.1002 | accuracy 96.875 | mean_length 53.0844
09-21-21 01:38:43 - epoch 2 | global step 7670 | mode train | loss 0.0732 | accuracy 98.4375 | mean_length 52.7313
09-21-21 01:40:30 - epoch 2 | global step 7680 | mode train | loss 0.0901 | accuracy 97.5 | mean_length 53.6781
09-21-21 01:49:58 - epoch 2 | global step 7680 | mode validation | loss 0.0866 | accuracy 97.08 | mean_length 55.4114
09-21-21 01:49:58 - Saving model to Output/accGrad4_mbart_BTen+zh-captions_lr8.0e-6_7distractors_maxstep8192_seed43
Epoch: 2, Prediction Accuracy: 97.08, Saved to Path: Output/accGrad4_mbart_BTen+zh-captions_lr8.0e-6_7distractors_maxstep8192_seed43
09-21-21 01:51:54 - epoch 2 | global step 7690 | mode train | loss 0.0995 | accuracy 97.1875 | mean_length 54.7656
09-21-21 01:53:41 - epoch 2 | global step 7700 | mode train | loss 0.1 | accuracy 96.5625 | mean_length 50.7406
09-21-21 01:55:28 - epoch 2 | global step 7710 | mode train | loss 0.0785 | accuracy 97.8125 | mean_length 54.2031
09-21-21 01:57:15 - epoch 2 | global step 7720 | mode train | loss 0.0846 | accuracy 97.5 | mean_length 52.4844
09-21-21 01:59:03 - epoch 2 | global step 7730 | mode train | loss 0.094 | accuracy 96.5625 | mean_length 50.5469
09-21-21 02:00:50 - epoch 2 | global step 7740 | mode train | loss 0.0718 | accuracy 98.75 | mean_length 50.2031
09-21-21 02:02:37 - epoch 2 | global step 7750 | mode train | loss 0.1157 | accuracy 97.1875 | mean_length 53.6625
09-21-21 02:04:24 - epoch 2 | global step 7760 | mode train | loss 0.1155 | accuracy 95.625 | mean_length 53.0344
09-21-21 02:06:11 - epoch 2 | global step 7770 | mode train | loss 0.1015 | accuracy 97.8125 | mean_length 53.7219
09-21-21 02:07:58 - epoch 2 | global step 7780 | mode train | loss 0.0921 | accuracy 98.125 | mean_length 55.1531
09-21-21 02:09:45 - epoch 2 | global step 7790 | mode train | loss 0.084 | accuracy 98.75 | mean_length 54.3969
09-21-21 02:11:32 - epoch 2 | global step 7800 | mode train | loss 0.1337 | accuracy 95.625 | mean_length 56.2375
09-21-21 02:13:20 - epoch 2 | global step 7810 | mode train | loss 0.117 | accuracy 97.1875 | mean_length 58.5969
09-21-21 02:15:07 - epoch 2 | global step 7820 | mode train | loss 0.1076 | accuracy 97.1875 | mean_length 57.0094
09-21-21 02:16:54 - epoch 2 | global step 7830 | mode train | loss 0.077 | accuracy 97.8125 | mean_length 57.6156
09-21-21 02:18:41 - epoch 2 | global step 7840 | mode train | loss 0.091 | accuracy 97.1875 | mean_length 58.8312
09-21-21 02:20:29 - epoch 2 | global step 7850 | mode train | loss 0.1048 | accuracy 97.1875 | mean_length 58.4875
09-21-21 02:22:16 - epoch 2 | global step 7860 | mode train | loss 0.1069 | accuracy 97.1875 | mean_length 57.9406
09-21-21 02:24:03 - epoch 2 | global step 7870 | mode train | loss 0.1528 | accuracy 95.3125 | mean_length 57.1
09-21-21 02:25:50 - epoch 2 | global step 7880 | mode train | loss 0.121 | accuracy 96.25 | mean_length 59.2594
09-21-21 02:27:37 - epoch 2 | global step 7890 | mode train | loss 0.1212 | accuracy 95.9375 | mean_length 58.3469
09-21-21 02:29:24 - epoch 2 | global step 7900 | mode train | loss 0.0656 | accuracy 98.75 | mean_length 58.3937
09-21-21 02:31:11 - epoch 2 | global step 7910 | mode train | loss 0.1038 | accuracy 95.9375 | mean_length 58.1187
09-21-21 02:32:58 - epoch 2 | global step 7920 | mode train | loss 0.1293 | accuracy 95.9375 | mean_length 57.4281
09-21-21 02:34:45 - epoch 2 | global step 7930 | mode train | loss 0.0731 | accuracy 98.75 | mean_length 56.675
09-21-21 02:36:33 - epoch 2 | global step 7940 | mode train | loss 0.0747 | accuracy 98.125 | mean_length 57.2
09-21-21 02:38:20 - epoch 2 | global step 7950 | mode train | loss 0.1303 | accuracy 96.875 | mean_length 58.325
09-21-21 02:40:07 - epoch 2 | global step 7960 | mode train | loss 0.139 | accuracy 95.9375 | mean_length 57.9531
09-21-21 02:41:54 - epoch 2 | global step 7970 | mode train | loss 0.0909 | accuracy 97.8125 | mean_length 58.4469
09-21-21 02:43:42 - epoch 2 | global step 7980 | mode train | loss 0.1012 | accuracy 96.875 | mean_length 57.4062
09-21-21 02:45:29 - epoch 2 | global step 7990 | mode train | loss 0.1117 | accuracy 96.5625 | mean_length 58.0
09-21-21 02:47:16 - epoch 2 | global step 8000 | mode train | loss 0.1104 | accuracy 95.9375 | mean_length 58.4844
09-21-21 02:49:03 - epoch 2 | global step 8010 | mode train | loss 0.0552 | accuracy 98.75 | mean_length 57.2844
09-21-21 02:50:50 - epoch 2 | global step 8020 | mode train | loss 0.1035 | accuracy 96.5625 | mean_length 56.5094
09-21-21 02:52:37 - epoch 2 | global step 8030 | mode train | loss 0.0702 | accuracy 98.125 | mean_length 55.1688
09-21-21 02:54:25 - epoch 2 | global step 8040 | mode train | loss 0.1087 | accuracy 95.3125 | mean_length 55.1313
09-21-21 02:56:12 - epoch 2 | global step 8050 | mode train | loss 0.099 | accuracy 97.1875 | mean_length 54.6781
09-21-21 02:57:59 - epoch 2 | global step 8060 | mode train | loss 0.0938 | accuracy 96.875 | mean_length 56.7906
09-21-21 02:59:46 - epoch 2 | global step 8070 | mode train | loss 0.0856 | accuracy 97.1875 | mean_length 56.275
09-21-21 03:01:33 - epoch 2 | global step 8080 | mode train | loss 0.0865 | accuracy 96.875 | mean_length 56.5875
09-21-21 03:03:20 - epoch 2 | global step 8090 | mode train | loss 0.0966 | accuracy 97.1875 | mean_length 54.0344
09-21-21 03:05:07 - epoch 2 | global step 8100 | mode train | loss 0.1083 | accuracy 96.875 | mean_length 56.1625
09-21-21 03:06:55 - epoch 2 | global step 8110 | mode train | loss 0.1029 | accuracy 96.875 | mean_length 56.4062
09-21-21 03:08:42 - epoch 2 | global step 8120 | mode train | loss 0.1088 | accuracy 96.875 | mean_length 56.2375
09-21-21 03:10:29 - epoch 2 | global step 8130 | mode train | loss 0.092 | accuracy 96.5625 | mean_length 55.0594
09-21-21 03:12:16 - epoch 2 | global step 8140 | mode train | loss 0.0894 | accuracy 97.8125 | mean_length 55.2281
09-21-21 03:14:03 - epoch 2 | global step 8150 | mode train | loss 0.1054 | accuracy 97.1875 | mean_length 55.7656
09-21-21 03:15:51 - epoch 2 | global step 8160 | mode train | loss 0.0771 | accuracy 98.4375 | mean_length 54.9969
09-21-21 03:17:38 - epoch 2 | global step 8170 | mode train | loss 0.0941 | accuracy 97.1875 | mean_length 54.975
09-21-21 03:19:25 - epoch 2 | global step 8180 | mode train | loss 0.0969 | accuracy 97.1875 | mean_length 54.5906
09-21-21 03:21:13 - epoch 2 | global step 8190 | mode train | loss 0.1084 | accuracy 96.25 | mean_length 55.6063
09-21-21 03:21:34 - Evaluate the following checkpoint: Output/accGrad4_mbart_BTen+zh-captions_lr8.0e-6_7distractors_maxstep8192_seed43/model.pt
09-21-21 03:32:59 - Best model stats: 
09-21-21 03:32:59 - epoch 0 | global step 0 | mode validation | loss 0.0759 | accuracy 97.74 | mean_length 55.377
