==========================================
SLURM_JOB_ID = 5765097
SLURM_JOB_NODELIST = d13-04
TMPDIR = /tmp/SLURM_5765097
==========================================
/home1/zliu9986/communication-translation
09-03-21 17:21:55 - Dataset Loaded
09-03-21 17:21:55 - Configuration:
Namespace(TransferH=False, alpha=1.0, batch_size=8, beam_width=5, bidirectional=False, config='Configs/mbart_ec_noBT.yml', cpu=False, decode_how='beam', device=device(type='cuda'), do_eval=True, do_train=True, dropout=0.1, fix_bhd=False, fix_spk=False, grad_clip=1.0, gradient_accumulation_steps=4, hard=False, has_vocab_constraint=False, hidden_dim=512, image_dim=2048, lr=8e-06, max_global_step=8192, max_seq_length=64, mode='emergent_communication', model_name='Models/mbart-large-cc25', n_gpu=1, no_share_bhd=False, no_terminal=False, no_write=False, num_distractors_train=7, num_distractors_valid=7, num_games=30, num_layers=1, output_dir='Output/accGrad4_mbart_noBT_lr8.0e-6_7distractors_maxstep8192_seed42', print_every=10, save_output_txt=True, save_pretrain_seperately=True, seed=42, source_lang='en_XX', source_lang_vocab_constrain_file='/projects/unmt/communication-translation/en_cc_tokenID2count_dict.cc25.json', stats_to_print=['loss', 'accuracy', 'caption generation loss', 'image selection loss', 'mean_length'], target_acc=85.0, target_lang='zh_CN', target_lang_vocab_constrain_file='/projects/unmt/communication-translation/zh-Hans_cc_tokenID2count_dict.cc25.json', temp=1.0, temperature=1.0, train_images='./Data/ec_finetuning/images_train', two_ffwd=False, unit_norm=False, valid_every=512, valid_images='./Data/ec_finetuning/images_val', vocab_size=4035)
Sharing visual system for each agent.
09-03-21 17:32:03 - epoch 0 | global step 0 | mode validation | loss 3.3249 | accuracy 12.64 | mean_length 63.292
09-03-21 17:32:03 - Saving model to Output/accGrad4_mbart_noBT_lr8.0e-6_7distractors_maxstep8192_seed42
Epoch: 0, Prediction Accuracy: 12.64, Saved to Path: Output/accGrad4_mbart_noBT_lr8.0e-6_7distractors_maxstep8192_seed42
09-03-21 17:34:01 - epoch 0 | global step 10 | mode train | loss 2.7422 | accuracy 12.1875 | mean_length 57.1313
09-03-21 17:35:48 - epoch 0 | global step 20 | mode train | loss 2.3482 | accuracy 12.8125 | mean_length 63.6531
09-03-21 17:37:37 - epoch 0 | global step 30 | mode train | loss 2.1985 | accuracy 13.125 | mean_length 63.7313
09-03-21 17:39:25 - epoch 0 | global step 40 | mode train | loss 2.1066 | accuracy 15.9375 | mean_length 63.8375
09-03-21 17:41:14 - epoch 0 | global step 50 | mode train | loss 2.0957 | accuracy 11.5625 | mean_length 64
09-03-21 17:43:05 - epoch 0 | global step 60 | mode train | loss 2.0871 | accuracy 14.6875 | mean_length 63.9781
09-03-21 17:44:57 - epoch 0 | global step 70 | mode train | loss 2.0937 | accuracy 13.4375 | mean_length 63.6969
09-03-21 17:46:47 - epoch 0 | global step 80 | mode train | loss 2.0931 | accuracy 15.9375 | mean_length 63.9062
09-03-21 17:48:38 - epoch 0 | global step 90 | mode train | loss 2.1053 | accuracy 10.9375 | mean_length 63.8125
09-03-21 17:50:29 - epoch 0 | global step 100 | mode train | loss 2.0963 | accuracy 10.9375 | mean_length 63.9375
09-03-21 17:52:20 - epoch 0 | global step 110 | mode train | loss 2.0939 | accuracy 15.0 | mean_length 63.6969
09-03-21 17:54:11 - epoch 0 | global step 120 | mode train | loss 2.0869 | accuracy 15.3125 | mean_length 63.9031
09-03-21 17:56:01 - epoch 0 | global step 130 | mode train | loss 2.0826 | accuracy 13.4375 | mean_length 63.9594
09-03-21 17:57:50 - epoch 0 | global step 140 | mode train | loss 2.0898 | accuracy 11.25 | mean_length 64
09-03-21 17:59:48 - epoch 0 | global step 150 | mode train | loss 2.0914 | accuracy 12.1875 | mean_length 63.9875
09-03-21 18:01:38 - epoch 0 | global step 160 | mode train | loss 2.0915 | accuracy 15.0 | mean_length 63.9094
09-03-21 18:03:30 - epoch 0 | global step 170 | mode train | loss 2.0724 | accuracy 15.0 | mean_length 63.9406
09-03-21 18:05:18 - epoch 0 | global step 180 | mode train | loss 2.0696 | accuracy 14.6875 | mean_length 64
09-03-21 18:07:06 - epoch 0 | global step 190 | mode train | loss 2.0887 | accuracy 11.5625 | mean_length 64
09-03-21 18:08:58 - epoch 0 | global step 200 | mode train | loss 2.0578 | accuracy 14.375 | mean_length 64
09-03-21 18:10:50 - epoch 0 | global step 210 | mode train | loss 2.0627 | accuracy 14.375 | mean_length 63.9062
09-03-21 18:12:40 - epoch 0 | global step 220 | mode train | loss 2.0669 | accuracy 14.0625 | mean_length 63.8469
09-03-21 18:14:35 - epoch 0 | global step 230 | mode train | loss 2.043 | accuracy 15.0 | mean_length 63.8094
09-03-21 18:16:23 - epoch 0 | global step 240 | mode train | loss 2.0699 | accuracy 11.25 | mean_length 64
09-03-21 18:18:20 - epoch 0 | global step 250 | mode train | loss 2.0494 | accuracy 18.75 | mean_length 64
09-03-21 18:20:08 - epoch 0 | global step 260 | mode train | loss 2.0089 | accuracy 24.375 | mean_length 63.7781
09-03-21 18:22:05 - epoch 0 | global step 270 | mode train | loss 2.0016 | accuracy 17.5 | mean_length 63.7313
09-03-21 18:23:53 - epoch 0 | global step 280 | mode train | loss 1.9883 | accuracy 19.0625 | mean_length 63.9062
09-03-21 18:25:49 - epoch 0 | global step 290 | mode train | loss 1.9534 | accuracy 20.0 | mean_length 63.8312
09-03-21 18:27:46 - epoch 0 | global step 300 | mode train | loss 1.9346 | accuracy 24.6875 | mean_length 63.5063
09-03-21 18:29:42 - epoch 0 | global step 310 | mode train | loss 1.936 | accuracy 19.6875 | mean_length 63.0562
09-03-21 18:31:39 - epoch 0 | global step 320 | mode train | loss 1.9082 | accuracy 24.0625 | mean_length 62.7656
09-03-21 18:33:35 - epoch 0 | global step 330 | mode train | loss 1.9433 | accuracy 20.625 | mean_length 62.7281
09-03-21 18:35:32 - epoch 0 | global step 340 | mode train | loss 1.8926 | accuracy 24.375 | mean_length 62.5531
09-03-21 18:37:28 - epoch 0 | global step 350 | mode train | loss 1.894 | accuracy 21.5625 | mean_length 62.8375
09-03-21 18:39:17 - epoch 0 | global step 360 | mode train | loss 1.8131 | accuracy 27.1875 | mean_length 63.2625
09-03-21 18:41:13 - epoch 0 | global step 370 | mode train | loss 1.9304 | accuracy 23.4375 | mean_length 63.3188
09-03-21 18:43:10 - epoch 0 | global step 380 | mode train | loss 1.9472 | accuracy 18.125 | mean_length 63.0469
09-03-21 18:45:06 - epoch 0 | global step 390 | mode train | loss 1.8659 | accuracy 24.375 | mean_length 62.7156
09-03-21 18:47:03 - epoch 0 | global step 400 | mode train | loss 1.8083 | accuracy 22.1875 | mean_length 63.9781
09-03-21 18:48:59 - epoch 0 | global step 410 | mode train | loss 1.7247 | accuracy 26.5625 | mean_length 63.5406
09-03-21 18:50:56 - epoch 0 | global step 420 | mode train | loss 1.7411 | accuracy 32.8125 | mean_length 63.65
09-03-21 18:52:44 - epoch 0 | global step 430 | mode train | loss 1.6939 | accuracy 33.4375 | mean_length 63.8375
09-03-21 18:54:40 - epoch 0 | global step 440 | mode train | loss 1.6834 | accuracy 32.5 | mean_length 63.5344
09-03-21 18:56:28 - epoch 0 | global step 450 | mode train | loss 1.6077 | accuracy 36.25 | mean_length 63.8906
09-03-21 18:58:16 - epoch 0 | global step 460 | mode train | loss 1.6882 | accuracy 29.375 | mean_length 63.6969
09-03-21 19:00:03 - epoch 0 | global step 470 | mode train | loss 1.6267 | accuracy 34.0625 | mean_length 64
09-03-21 19:01:51 - epoch 0 | global step 480 | mode train | loss 1.6012 | accuracy 35.3125 | mean_length 64
09-03-21 19:03:48 - epoch 0 | global step 490 | mode train | loss 1.6834 | accuracy 32.8125 | mean_length 64
09-03-21 19:05:35 - epoch 0 | global step 500 | mode train | loss 1.626 | accuracy 36.25 | mean_length 64
09-03-21 19:07:32 - epoch 0 | global step 510 | mode train | loss 1.5341 | accuracy 37.5 | mean_length 64
09-03-21 19:17:35 - epoch 0 | global step 512 | mode validation | loss 1.542 | accuracy 37.32 | mean_length 64
09-03-21 19:17:35 - Saving model to Output/accGrad4_mbart_noBT_lr8.0e-6_7distractors_maxstep8192_seed42
Epoch: 0, Prediction Accuracy: 37.32, Saved to Path: Output/accGrad4_mbart_noBT_lr8.0e-6_7distractors_maxstep8192_seed42
09-03-21 19:19:17 - epoch 0 | global step 520 | mode train | loss 1.5597 | accuracy 37.8125 | mean_length 64
09-03-21 19:21:06 - epoch 0 | global step 530 | mode train | loss 1.5222 | accuracy 38.125 | mean_length 64
09-03-21 19:22:55 - epoch 0 | global step 540 | mode train | loss 1.7043 | accuracy 31.25 | mean_length 64
09-03-21 19:24:44 - epoch 0 | global step 550 | mode train | loss 1.5819 | accuracy 35.3125 | mean_length 64
09-03-21 19:26:33 - epoch 0 | global step 560 | mode train | loss 1.4433 | accuracy 45.9375 | mean_length 64
09-03-21 19:28:23 - epoch 0 | global step 570 | mode train | loss 1.5425 | accuracy 38.75 | mean_length 64
09-03-21 19:30:14 - epoch 0 | global step 580 | mode train | loss 1.4991 | accuracy 40.0 | mean_length 64
09-03-21 19:32:04 - epoch 0 | global step 590 | mode train | loss 1.4117 | accuracy 42.5 | mean_length 64
09-03-21 19:33:52 - epoch 0 | global step 600 | mode train | loss 1.47 | accuracy 41.25 | mean_length 64
09-03-21 19:35:40 - epoch 0 | global step 610 | mode train | loss 1.3138 | accuracy 48.125 | mean_length 64
09-03-21 19:37:29 - epoch 0 | global step 620 | mode train | loss 1.364 | accuracy 46.5625 | mean_length 64
09-03-21 19:39:18 - epoch 0 | global step 630 | mode train | loss 1.4225 | accuracy 44.6875 | mean_length 64
09-03-21 19:41:08 - epoch 0 | global step 640 | mode train | loss 1.3863 | accuracy 46.5625 | mean_length 64
09-03-21 19:43:02 - epoch 0 | global step 650 | mode train | loss 1.4265 | accuracy 42.1875 | mean_length 64
09-03-21 19:44:52 - epoch 0 | global step 660 | mode train | loss 1.4739 | accuracy 39.6875 | mean_length 64
09-03-21 19:46:44 - epoch 0 | global step 670 | mode train | loss 1.2853 | accuracy 46.25 | mean_length 64
09-03-21 19:48:33 - epoch 0 | global step 680 | mode train | loss 1.2983 | accuracy 52.5 | mean_length 64
09-03-21 19:50:23 - epoch 0 | global step 690 | mode train | loss 1.3458 | accuracy 48.125 | mean_length 64
09-03-21 19:52:13 - epoch 0 | global step 700 | mode train | loss 1.2963 | accuracy 50.9375 | mean_length 63.8906
09-03-21 19:54:02 - epoch 0 | global step 710 | mode train | loss 1.3773 | accuracy 46.25 | mean_length 64
09-03-21 19:55:52 - epoch 0 | global step 720 | mode train | loss 1.2857 | accuracy 53.75 | mean_length 64
09-03-21 19:57:42 - epoch 0 | global step 730 | mode train | loss 1.2352 | accuracy 54.0625 | mean_length 64
09-03-21 19:59:33 - epoch 0 | global step 740 | mode train | loss 1.1897 | accuracy 52.5 | mean_length 64
09-03-21 20:01:23 - epoch 0 | global step 750 | mode train | loss 1.2287 | accuracy 49.0625 | mean_length 64
09-03-21 20:03:11 - epoch 0 | global step 760 | mode train | loss 1.1784 | accuracy 54.6875 | mean_length 64
09-03-21 20:04:59 - epoch 0 | global step 770 | mode train | loss 1.2144 | accuracy 49.375 | mean_length 64
09-03-21 20:06:47 - epoch 0 | global step 780 | mode train | loss 1.1882 | accuracy 57.5 | mean_length 64
09-03-21 20:08:37 - epoch 0 | global step 790 | mode train | loss 1.1466 | accuracy 61.5625 | mean_length 64
09-03-21 20:10:27 - epoch 0 | global step 800 | mode train | loss 1.2045 | accuracy 56.875 | mean_length 64
09-03-21 20:12:15 - epoch 0 | global step 810 | mode train | loss 1.1451 | accuracy 54.0625 | mean_length 63.8031
09-03-21 20:14:03 - epoch 0 | global step 820 | mode train | loss 1.2277 | accuracy 49.375 | mean_length 64
09-03-21 20:15:53 - epoch 0 | global step 830 | mode train | loss 1.1987 | accuracy 53.75 | mean_length 64
09-03-21 20:17:44 - epoch 0 | global step 840 | mode train | loss 1.1278 | accuracy 58.4375 | mean_length 64
09-03-21 20:19:33 - epoch 0 | global step 850 | mode train | loss 1.1266 | accuracy 60.3125 | mean_length 64
09-03-21 20:21:21 - epoch 0 | global step 860 | mode train | loss 1.0133 | accuracy 62.8125 | mean_length 64
09-03-21 20:23:08 - epoch 0 | global step 870 | mode train | loss 1.1862 | accuracy 56.5625 | mean_length 64
09-03-21 20:24:55 - epoch 0 | global step 880 | mode train | loss 1.0911 | accuracy 56.25 | mean_length 64
09-03-21 20:26:45 - epoch 0 | global step 890 | mode train | loss 1.0731 | accuracy 57.8125 | mean_length 63.9188
09-03-21 20:28:42 - epoch 0 | global step 900 | mode train | loss 1.0781 | accuracy 60.625 | mean_length 64
09-03-21 20:30:38 - epoch 0 | global step 910 | mode train | loss 1.142 | accuracy 59.375 | mean_length 64
09-03-21 20:32:34 - epoch 0 | global step 920 | mode train | loss 1.0179 | accuracy 62.8125 | mean_length 64
09-03-21 20:34:30 - epoch 0 | global step 930 | mode train | loss 0.9418 | accuracy 64.6875 | mean_length 64
09-03-21 20:36:27 - epoch 0 | global step 940 | mode train | loss 1.0042 | accuracy 63.125 | mean_length 63.9531
09-03-21 20:38:23 - epoch 0 | global step 950 | mode train | loss 1.0041 | accuracy 60.0 | mean_length 64
09-03-21 20:40:19 - epoch 0 | global step 960 | mode train | loss 0.9758 | accuracy 64.0625 | mean_length 64
09-03-21 20:42:15 - epoch 0 | global step 970 | mode train | loss 0.9526 | accuracy 64.6875 | mean_length 64
09-03-21 20:44:11 - epoch 0 | global step 980 | mode train | loss 1.0842 | accuracy 59.375 | mean_length 64
09-03-21 20:46:08 - epoch 0 | global step 990 | mode train | loss 0.9236 | accuracy 63.4375 | mean_length 64
09-03-21 20:48:03 - epoch 0 | global step 1000 | mode train | loss 1.0303 | accuracy 59.375 | mean_length 64
09-03-21 20:49:59 - epoch 0 | global step 1010 | mode train | loss 0.9346 | accuracy 66.25 | mean_length 64
09-03-21 20:51:55 - epoch 0 | global step 1020 | mode train | loss 0.9386 | accuracy 65.625 | mean_length 64
09-03-21 21:04:01 - epoch 0 | global step 1024 | mode validation | loss 0.9335 | accuracy 65.44 | mean_length 64
09-03-21 21:04:01 - Saving model to Output/accGrad4_mbart_noBT_lr8.0e-6_7distractors_maxstep8192_seed42
Epoch: 0, Prediction Accuracy: 65.44, Saved to Path: Output/accGrad4_mbart_noBT_lr8.0e-6_7distractors_maxstep8192_seed42
09-03-21 21:05:21 - epoch 0 | global step 1030 | mode train | loss 0.972 | accuracy 62.8125 | mean_length 64
09-03-21 21:07:17 - epoch 0 | global step 1040 | mode train | loss 0.9453 | accuracy 67.1875 | mean_length 63.9219
09-03-21 21:09:13 - epoch 0 | global step 1050 | mode train | loss 1.0219 | accuracy 61.25 | mean_length 64
09-03-21 21:11:10 - epoch 0 | global step 1060 | mode train | loss 0.9664 | accuracy 64.0625 | mean_length 64
09-03-21 21:13:06 - epoch 0 | global step 1070 | mode train | loss 0.9558 | accuracy 61.5625 | mean_length 64
09-03-21 21:15:02 - epoch 0 | global step 1080 | mode train | loss 1.184 | accuracy 53.4375 | mean_length 64
09-03-21 21:16:58 - epoch 0 | global step 1090 | mode train | loss 1.1378 | accuracy 53.4375 | mean_length 64
09-03-21 21:18:54 - epoch 0 | global step 1100 | mode train | loss 1.081 | accuracy 61.25 | mean_length 64
09-03-21 21:20:42 - epoch 0 | global step 1110 | mode train | loss 0.9412 | accuracy 67.5 | mean_length 64
09-03-21 21:22:38 - epoch 0 | global step 1120 | mode train | loss 0.9294 | accuracy 69.0625 | mean_length 64
09-03-21 21:24:35 - epoch 0 | global step 1130 | mode train | loss 1.0072 | accuracy 65.625 | mean_length 64
09-03-21 21:26:23 - epoch 0 | global step 1140 | mode train | loss 0.9282 | accuracy 65.0 | mean_length 64
09-03-21 21:28:11 - epoch 0 | global step 1150 | mode train | loss 0.949 | accuracy 63.125 | mean_length 64
09-03-21 21:30:02 - epoch 0 | global step 1160 | mode train | loss 0.9541 | accuracy 61.5625 | mean_length 64
09-03-21 21:31:50 - epoch 0 | global step 1170 | mode train | loss 0.9208 | accuracy 68.125 | mean_length 64
09-03-21 21:33:38 - epoch 0 | global step 1180 | mode train | loss 0.9659 | accuracy 65.0 | mean_length 64
09-03-21 21:35:27 - epoch 0 | global step 1190 | mode train | loss 0.9541 | accuracy 64.0625 | mean_length 64
09-03-21 21:37:17 - epoch 0 | global step 1200 | mode train | loss 0.8798 | accuracy 68.4375 | mean_length 64
09-03-21 21:39:06 - epoch 0 | global step 1210 | mode train | loss 0.8726 | accuracy 69.0625 | mean_length 64
09-03-21 21:40:54 - epoch 0 | global step 1220 | mode train | loss 0.8087 | accuracy 70.625 | mean_length 64
09-03-21 21:42:43 - epoch 0 | global step 1230 | mode train | loss 0.7925 | accuracy 73.75 | mean_length 64
09-03-21 21:44:32 - epoch 0 | global step 1240 | mode train | loss 0.8655 | accuracy 70.0 | mean_length 64
09-03-21 21:46:21 - epoch 0 | global step 1250 | mode train | loss 0.8535 | accuracy 67.8125 | mean_length 64
09-03-21 21:48:12 - epoch 0 | global step 1260 | mode train | loss 0.8459 | accuracy 70.625 | mean_length 64
09-03-21 21:50:02 - epoch 0 | global step 1270 | mode train | loss 0.8428 | accuracy 71.5625 | mean_length 64
09-03-21 21:51:52 - epoch 0 | global step 1280 | mode train | loss 0.7482 | accuracy 69.6875 | mean_length 64
09-03-21 21:53:43 - epoch 0 | global step 1290 | mode train | loss 0.7826 | accuracy 70.0 | mean_length 64
09-03-21 21:55:33 - epoch 0 | global step 1300 | mode train | loss 0.7637 | accuracy 73.75 | mean_length 64
09-03-21 21:57:21 - epoch 0 | global step 1310 | mode train | loss 0.7639 | accuracy 73.4375 | mean_length 64
09-03-21 21:59:11 - epoch 0 | global step 1320 | mode train | loss 0.7595 | accuracy 70.625 | mean_length 64
09-03-21 22:01:00 - epoch 0 | global step 1330 | mode train | loss 0.6896 | accuracy 75.3125 | mean_length 64
09-03-21 22:02:49 - epoch 0 | global step 1340 | mode train | loss 0.7188 | accuracy 75.0 | mean_length 64
09-03-21 22:04:39 - epoch 0 | global step 1350 | mode train | loss 0.7519 | accuracy 69.0625 | mean_length 64
09-03-21 22:06:29 - epoch 0 | global step 1360 | mode train | loss 0.6354 | accuracy 78.125 | mean_length 64
09-03-21 22:08:17 - epoch 0 | global step 1370 | mode train | loss 0.7897 | accuracy 68.125 | mean_length 64
09-03-21 22:10:06 - epoch 0 | global step 1380 | mode train | loss 0.7948 | accuracy 71.25 | mean_length 64
09-03-21 22:11:54 - epoch 0 | global step 1390 | mode train | loss 0.7132 | accuracy 73.75 | mean_length 64
09-03-21 22:13:42 - epoch 0 | global step 1400 | mode train | loss 0.6998 | accuracy 74.375 | mean_length 63.9844
09-03-21 22:15:32 - epoch 0 | global step 1410 | mode train | loss 0.619 | accuracy 79.375 | mean_length 64
09-03-21 22:17:22 - epoch 0 | global step 1420 | mode train | loss 0.67 | accuracy 75.3125 | mean_length 64
09-03-21 22:19:10 - epoch 0 | global step 1430 | mode train | loss 0.665 | accuracy 74.0625 | mean_length 64
09-03-21 22:20:59 - epoch 0 | global step 1440 | mode train | loss 0.5809 | accuracy 78.75 | mean_length 64
09-03-21 22:22:49 - epoch 0 | global step 1450 | mode train | loss 0.7076 | accuracy 75.0 | mean_length 63.9219
09-03-21 22:24:38 - epoch 0 | global step 1460 | mode train | loss 0.6762 | accuracy 76.25 | mean_length 64
09-03-21 22:26:26 - epoch 0 | global step 1470 | mode train | loss 0.7162 | accuracy 72.5 | mean_length 64
09-03-21 22:28:15 - epoch 0 | global step 1480 | mode train | loss 0.7892 | accuracy 71.5625 | mean_length 63.9656
09-03-21 22:30:03 - epoch 0 | global step 1490 | mode train | loss 0.7276 | accuracy 74.0625 | mean_length 64
09-03-21 22:31:54 - epoch 0 | global step 1500 | mode train | loss 0.8096 | accuracy 71.25 | mean_length 63.9344
09-03-21 22:33:44 - epoch 0 | global step 1510 | mode train | loss 0.7631 | accuracy 72.8125 | mean_length 63.8219
09-03-21 22:35:32 - epoch 0 | global step 1520 | mode train | loss 0.7307 | accuracy 77.1875 | mean_length 63.9031
09-03-21 22:37:22 - epoch 0 | global step 1530 | mode train | loss 0.7356 | accuracy 73.125 | mean_length 63.9188
09-03-21 22:48:04 - epoch 0 | global step 1536 | mode validation | loss 0.6605 | accuracy 76.7 | mean_length 63.8892
09-03-21 22:48:04 - Saving model to Output/accGrad4_mbart_noBT_lr8.0e-6_7distractors_maxstep8192_seed42
Epoch: 0, Prediction Accuracy: 76.7, Saved to Path: Output/accGrad4_mbart_noBT_lr8.0e-6_7distractors_maxstep8192_seed42
09-03-21 22:48:57 - epoch 0 | global step 1540 | mode train | loss 0.7154 | accuracy 72.8125 | mean_length 63.6281
09-03-21 22:50:46 - epoch 0 | global step 1550 | mode train | loss 0.6661 | accuracy 78.125 | mean_length 63.5219
09-03-21 22:52:34 - epoch 0 | global step 1560 | mode train | loss 0.7495 | accuracy 74.375 | mean_length 63.3062
09-03-21 22:54:22 - epoch 0 | global step 1570 | mode train | loss 0.9271 | accuracy 65.3125 | mean_length 63.9688
09-03-21 22:56:11 - epoch 0 | global step 1580 | mode train | loss 0.7934 | accuracy 70.0 | mean_length 63.6187
09-03-21 22:58:00 - epoch 0 | global step 1590 | mode train | loss 0.7094 | accuracy 77.5 | mean_length 63.4062
09-03-21 22:59:48 - epoch 0 | global step 1600 | mode train | loss 0.756 | accuracy 70.0 | mean_length 63.4781
09-03-21 23:01:36 - epoch 0 | global step 1610 | mode train | loss 0.7794 | accuracy 70.625 | mean_length 62.3563
09-03-21 23:03:27 - epoch 0 | global step 1620 | mode train | loss 0.7743 | accuracy 70.9375 | mean_length 62.0625
09-03-21 23:05:17 - epoch 0 | global step 1630 | mode train | loss 0.8016 | accuracy 70.9375 | mean_length 63.0938
09-03-21 23:07:08 - epoch 0 | global step 1640 | mode train | loss 0.6948 | accuracy 75.9375 | mean_length 63.875
09-03-21 23:08:58 - epoch 0 | global step 1650 | mode train | loss 0.7539 | accuracy 74.375 | mean_length 63.8719
09-03-21 23:10:49 - epoch 0 | global step 1660 | mode train | loss 0.9634 | accuracy 62.8125 | mean_length 63.7094
09-03-21 23:12:39 - epoch 0 | global step 1670 | mode train | loss 1.4328 | accuracy 43.75 | mean_length 64
09-03-21 23:14:30 - epoch 0 | global step 1680 | mode train | loss 1.5795 | accuracy 37.5 | mean_length 64
09-03-21 23:16:19 - epoch 0 | global step 1690 | mode train | loss 1.544 | accuracy 40.9375 | mean_length 64
09-03-21 23:18:07 - epoch 0 | global step 1700 | mode train | loss 1.3864 | accuracy 46.5625 | mean_length 64
09-03-21 23:19:57 - epoch 0 | global step 1710 | mode train | loss 1.2998 | accuracy 46.5625 | mean_length 64
09-03-21 23:21:47 - epoch 0 | global step 1720 | mode train | loss 1.2759 | accuracy 47.1875 | mean_length 64
09-03-21 23:23:38 - epoch 0 | global step 1730 | mode train | loss 1.185 | accuracy 51.875 | mean_length 64
09-03-21 23:25:27 - epoch 0 | global step 1740 | mode train | loss 1.1119 | accuracy 59.0625 | mean_length 64
09-03-21 23:27:15 - epoch 0 | global step 1750 | mode train | loss 1.0499 | accuracy 58.125 | mean_length 64
09-03-21 23:29:03 - epoch 0 | global step 1760 | mode train | loss 1.0623 | accuracy 58.75 | mean_length 64
09-03-21 23:30:52 - epoch 0 | global step 1770 | mode train | loss 0.9829 | accuracy 64.375 | mean_length 64
09-03-21 23:32:40 - epoch 0 | global step 1780 | mode train | loss 0.8782 | accuracy 70.0 | mean_length 64
09-03-21 23:34:28 - epoch 0 | global step 1790 | mode train | loss 0.8657 | accuracy 67.5 | mean_length 64
09-03-21 23:36:15 - epoch 0 | global step 1800 | mode train | loss 1.0027 | accuracy 60.9375 | mean_length 64
09-03-21 23:38:02 - epoch 0 | global step 1810 | mode train | loss 0.9873 | accuracy 61.5625 | mean_length 64
09-03-21 23:39:49 - epoch 0 | global step 1820 | mode train | loss 0.9339 | accuracy 66.875 | mean_length 64
09-03-21 23:41:37 - epoch 0 | global step 1830 | mode train | loss 0.9153 | accuracy 63.125 | mean_length 63.9344
09-03-21 23:43:24 - epoch 0 | global step 1840 | mode train | loss 0.8159 | accuracy 70.0 | mean_length 64
09-03-21 23:45:11 - epoch 0 | global step 1850 | mode train | loss 0.9471 | accuracy 61.875 | mean_length 64
09-03-21 23:47:00 - epoch 0 | global step 1860 | mode train | loss 0.8557 | accuracy 67.8125 | mean_length 64
09-03-21 23:48:49 - epoch 0 | global step 1870 | mode train | loss 0.8901 | accuracy 69.0625 | mean_length 64
09-03-21 23:50:40 - epoch 0 | global step 1880 | mode train | loss 0.8276 | accuracy 69.6875 | mean_length 64
09-03-21 23:52:31 - epoch 0 | global step 1890 | mode train | loss 0.7698 | accuracy 73.75 | mean_length 64
09-03-21 23:54:21 - epoch 0 | global step 1900 | mode train | loss 0.7062 | accuracy 73.125 | mean_length 63.9375
09-03-21 23:56:11 - epoch 0 | global step 1910 | mode train | loss 0.743 | accuracy 73.125 | mean_length 64
09-03-21 23:57:59 - epoch 0 | global step 1920 | mode train | loss 0.6989 | accuracy 74.0625 | mean_length 64
09-03-21 23:59:49 - epoch 0 | global step 1930 | mode train | loss 0.7287 | accuracy 75.0 | mean_length 64
09-04-21 00:01:39 - epoch 0 | global step 1940 | mode train | loss 0.7184 | accuracy 73.4375 | mean_length 64
09-04-21 00:03:28 - epoch 0 | global step 1950 | mode train | loss 0.7742 | accuracy 71.5625 | mean_length 64
09-04-21 00:05:16 - epoch 0 | global step 1960 | mode train | loss 0.7495 | accuracy 70.3125 | mean_length 64
09-04-21 00:07:05 - epoch 0 | global step 1970 | mode train | loss 0.775 | accuracy 70.3125 | mean_length 64
09-04-21 00:08:56 - epoch 0 | global step 1980 | mode train | loss 0.8105 | accuracy 67.5 | mean_length 64
09-04-21 00:10:47 - epoch 0 | global step 1990 | mode train | loss 0.7513 | accuracy 73.125 | mean_length 64
09-04-21 00:12:37 - epoch 0 | global step 2000 | mode train | loss 0.7528 | accuracy 72.1875 | mean_length 64
09-04-21 00:14:25 - epoch 0 | global step 2010 | mode train | loss 0.7818 | accuracy 71.875 | mean_length 64
09-04-21 00:16:14 - epoch 0 | global step 2020 | mode train | loss 0.7415 | accuracy 71.5625 | mean_length 64
09-04-21 00:18:04 - epoch 0 | global step 2030 | mode train | loss 0.7048 | accuracy 75.3125 | mean_length 64
09-04-21 00:19:53 - epoch 0 | global step 2040 | mode train | loss 0.7891 | accuracy 72.5 | mean_length 64
09-04-21 00:31:15 - epoch 0 | global step 2048 | mode validation | loss 0.661 | accuracy 76.44 | mean_length 64
09-04-21 00:31:38 - epoch 0 | global step 2050 | mode train | loss 0.5972 | accuracy 78.4375 | mean_length 64
09-04-21 00:33:35 - epoch 0 | global step 2060 | mode train | loss 0.5278 | accuracy 84.375 | mean_length 64
09-04-21 00:35:31 - epoch 0 | global step 2070 | mode train | loss 0.6089 | accuracy 80.0 | mean_length 64
09-04-21 00:37:28 - epoch 0 | global step 2080 | mode train | loss 0.6173 | accuracy 77.8125 | mean_length 64
09-04-21 00:39:24 - epoch 0 | global step 2090 | mode train | loss 0.5943 | accuracy 75.625 | mean_length 64
09-04-21 00:41:21 - epoch 0 | global step 2100 | mode train | loss 0.6316 | accuracy 78.125 | mean_length 64
09-04-21 00:43:17 - epoch 0 | global step 2110 | mode train | loss 0.6314 | accuracy 78.75 | mean_length 64
09-04-21 00:45:11 - epoch 0 | global step 2120 | mode train | loss 0.6072 | accuracy 76.25 | mean_length 64
09-04-21 00:47:08 - epoch 0 | global step 2130 | mode train | loss 0.6769 | accuracy 74.6875 | mean_length 64
09-04-21 00:49:04 - epoch 0 | global step 2140 | mode train | loss 0.6343 | accuracy 76.5625 | mean_length 64
09-04-21 00:51:01 - epoch 0 | global step 2150 | mode train | loss 0.5754 | accuracy 79.6875 | mean_length 64
09-04-21 00:52:57 - epoch 0 | global step 2160 | mode train | loss 0.6535 | accuracy 77.1875 | mean_length 64
09-04-21 00:54:54 - epoch 0 | global step 2170 | mode train | loss 0.5854 | accuracy 77.5 | mean_length 64
09-04-21 00:56:50 - epoch 0 | global step 2180 | mode train | loss 0.5715 | accuracy 79.0625 | mean_length 64
09-04-21 00:58:46 - epoch 0 | global step 2190 | mode train | loss 0.5935 | accuracy 77.8125 | mean_length 64
09-04-21 01:00:42 - epoch 0 | global step 2200 | mode train | loss 0.5322 | accuracy 82.8125 | mean_length 64
09-04-21 01:02:39 - epoch 0 | global step 2210 | mode train | loss 0.4798 | accuracy 83.4375 | mean_length 64
09-04-21 01:04:35 - epoch 0 | global step 2220 | mode train | loss 0.6021 | accuracy 76.5625 | mean_length 64
09-04-21 01:06:31 - epoch 0 | global step 2230 | mode train | loss 0.565 | accuracy 78.75 | mean_length 64
09-04-21 01:08:28 - epoch 0 | global step 2240 | mode train | loss 0.5855 | accuracy 79.6875 | mean_length 64
09-04-21 01:10:24 - epoch 0 | global step 2250 | mode train | loss 0.5769 | accuracy 79.0625 | mean_length 64
09-04-21 01:12:12 - epoch 0 | global step 2260 | mode train | loss 0.6739 | accuracy 73.4375 | mean_length 64
09-04-21 01:14:00 - epoch 0 | global step 2270 | mode train | loss 0.6034 | accuracy 79.6875 | mean_length 63.9344
09-04-21 01:15:56 - epoch 0 | global step 2280 | mode train | loss 0.5796 | accuracy 80.3125 | mean_length 64
09-04-21 01:17:53 - epoch 0 | global step 2290 | mode train | loss 0.5463 | accuracy 80.0 | mean_length 64
09-04-21 01:19:49 - epoch 0 | global step 2300 | mode train | loss 0.5066 | accuracy 79.6875 | mean_length 64
09-04-21 01:21:45 - epoch 0 | global step 2310 | mode train | loss 0.5167 | accuracy 82.8125 | mean_length 64
09-04-21 01:23:42 - epoch 0 | global step 2320 | mode train | loss 0.5588 | accuracy 78.4375 | mean_length 64
09-04-21 01:25:38 - epoch 0 | global step 2330 | mode train | loss 0.509 | accuracy 81.5625 | mean_length 64
09-04-21 01:27:35 - epoch 0 | global step 2340 | mode train | loss 0.4768 | accuracy 82.1875 | mean_length 64
09-04-21 01:29:31 - epoch 0 | global step 2350 | mode train | loss 0.4986 | accuracy 82.5 | mean_length 64
09-04-21 01:31:28 - epoch 0 | global step 2360 | mode train | loss 0.5869 | accuracy 77.8125 | mean_length 64
09-04-21 01:33:24 - epoch 0 | global step 2370 | mode train | loss 0.5054 | accuracy 81.25 | mean_length 64
09-04-21 01:35:11 - epoch 0 | global step 2380 | mode train | loss 0.5462 | accuracy 79.6875 | mean_length 64
09-04-21 01:36:59 - epoch 0 | global step 2390 | mode train | loss 0.4631 | accuracy 84.0625 | mean_length 63.9594
09-04-21 01:38:55 - epoch 0 | global step 2400 | mode train | loss 0.525 | accuracy 80.9375 | mean_length 64
09-04-21 01:40:51 - epoch 0 | global step 2410 | mode train | loss 0.5202 | accuracy 81.5625 | mean_length 64
09-04-21 01:42:48 - epoch 0 | global step 2420 | mode train | loss 0.6657 | accuracy 75.9375 | mean_length 64
09-04-21 01:44:44 - epoch 0 | global step 2430 | mode train | loss 0.7977 | accuracy 71.875 | mean_length 64
09-04-21 01:46:40 - epoch 0 | global step 2440 | mode train | loss 0.8052 | accuracy 72.8125 | mean_length 64
09-04-21 01:48:28 - epoch 0 | global step 2450 | mode train | loss 0.6755 | accuracy 75.0 | mean_length 64
09-04-21 01:50:24 - epoch 0 | global step 2460 | mode train | loss 0.6596 | accuracy 74.6875 | mean_length 64
09-04-21 01:52:13 - epoch 0 | global step 2470 | mode train | loss 0.6654 | accuracy 75.0 | mean_length 64
09-04-21 01:54:09 - epoch 0 | global step 2480 | mode train | loss 0.6241 | accuracy 79.6875 | mean_length 64
09-04-21 01:55:57 - epoch 0 | global step 2490 | mode train | loss 0.5406 | accuracy 83.75 | mean_length 64
09-04-21 01:57:53 - epoch 0 | global step 2500 | mode train | loss 0.6601 | accuracy 74.375 | mean_length 64
09-04-21 01:59:50 - epoch 0 | global step 2510 | mode train | loss 0.5862 | accuracy 78.125 | mean_length 64
09-04-21 02:01:46 - epoch 0 | global step 2520 | mode train | loss 0.5363 | accuracy 79.375 | mean_length 64
09-04-21 02:03:42 - epoch 0 | global step 2530 | mode train | loss 0.5252 | accuracy 80.625 | mean_length 64
09-04-21 02:05:31 - epoch 0 | global step 2540 | mode train | loss 0.466 | accuracy 85.625 | mean_length 63.9781
09-04-21 02:07:27 - epoch 0 | global step 2550 | mode train | loss 0.5072 | accuracy 80.9375 | mean_length 64
09-04-21 02:09:23 - epoch 0 | global step 2560 | mode train | loss 0.7106 | accuracy 74.375 | mean_length 63.2719
09-04-21 02:20:44 - epoch 0 | global step 2560 | mode validation | loss 0.8291 | accuracy 68.16 | mean_length 63.9926
09-04-21 02:22:32 - epoch 0 | global step 2570 | mode train | loss 0.9726 | accuracy 63.4375 | mean_length 64
09-04-21 02:24:28 - epoch 0 | global step 2580 | mode train | loss 0.8351 | accuracy 64.6875 | mean_length 64
09-04-21 02:26:24 - epoch 0 | global step 2590 | mode train | loss 0.7137 | accuracy 72.8125 | mean_length 64
09-04-21 02:28:20 - epoch 0 | global step 2600 | mode train | loss 0.7564 | accuracy 71.25 | mean_length 63.9062
09-04-21 02:30:17 - epoch 0 | global step 2610 | mode train | loss 0.6817 | accuracy 74.375 | mean_length 63.2219
09-04-21 02:32:05 - epoch 0 | global step 2620 | mode train | loss 0.6744 | accuracy 76.5625 | mean_length 63.0875
09-04-21 02:34:01 - epoch 0 | global step 2630 | mode train | loss 0.6403 | accuracy 77.1875 | mean_length 63.1219
09-04-21 02:35:57 - epoch 0 | global step 2640 | mode train | loss 1.0805 | accuracy 58.75 | mean_length 63.9781
09-04-21 02:37:53 - epoch 0 | global step 2650 | mode train | loss 1.1737 | accuracy 55.0 | mean_length 63.925
09-04-21 02:39:50 - epoch 0 | global step 2660 | mode train | loss 0.9806 | accuracy 64.375 | mean_length 64
09-04-21 02:41:46 - epoch 0 | global step 2670 | mode train | loss 0.7394 | accuracy 75.3125 | mean_length 64
09-04-21 02:43:42 - epoch 0 | global step 2680 | mode train | loss 0.7037 | accuracy 75.3125 | mean_length 64
09-04-21 02:45:39 - epoch 0 | global step 2690 | mode train | loss 0.6002 | accuracy 79.0625 | mean_length 63.95
09-04-21 02:47:35 - epoch 0 | global step 2700 | mode train | loss 0.68 | accuracy 78.125 | mean_length 63.7719
09-04-21 02:49:31 - epoch 0 | global step 2710 | mode train | loss 0.5895 | accuracy 80.3125 | mean_length 63.8563
09-04-21 02:51:28 - epoch 0 | global step 2720 | mode train | loss 0.6332 | accuracy 76.875 | mean_length 63.7219
09-04-21 02:53:16 - epoch 0 | global step 2730 | mode train | loss 0.5757 | accuracy 82.8125 | mean_length 63.8188
09-04-21 02:55:12 - epoch 0 | global step 2740 | mode train | loss 0.5693 | accuracy 80.3125 | mean_length 63.7437
09-04-21 02:56:59 - epoch 0 | global step 2750 | mode train | loss 0.5351 | accuracy 80.0 | mean_length 63.3687
09-04-21 02:58:56 - epoch 0 | global step 2760 | mode train | loss 0.5061 | accuracy 84.0625 | mean_length 63.5969
09-04-21 03:00:52 - epoch 0 | global step 2770 | mode train | loss 0.5582 | accuracy 80.9375 | mean_length 63.0031
09-04-21 03:02:48 - epoch 0 | global step 2780 | mode train | loss 0.5685 | accuracy 78.4375 | mean_length 63.7094
09-04-21 03:04:36 - epoch 0 | global step 2790 | mode train | loss 0.5019 | accuracy 81.5625 | mean_length 63.5875
09-04-21 03:06:32 - epoch 0 | global step 2800 | mode train | loss 0.4751 | accuracy 82.5 | mean_length 63.8031
09-04-21 03:08:28 - epoch 0 | global step 2810 | mode train | loss 0.4786 | accuracy 82.1875 | mean_length 63.5938
09-04-21 03:10:16 - epoch 0 | global step 2820 | mode train | loss 0.4126 | accuracy 86.5625 | mean_length 63.9562
09-04-21 03:12:13 - epoch 0 | global step 2830 | mode train | loss 0.4152 | accuracy 85.0 | mean_length 63.7938
09-04-21 03:14:09 - epoch 0 | global step 2840 | mode train | loss 0.4803 | accuracy 82.8125 | mean_length 63.9344
09-04-21 03:15:57 - epoch 0 | global step 2850 | mode train | loss 0.5302 | accuracy 81.25 | mean_length 63.8625
09-04-21 03:17:44 - epoch 0 | global step 2860 | mode train | loss 0.4676 | accuracy 84.0625 | mean_length 63.4969
09-04-21 03:19:41 - epoch 0 | global step 2870 | mode train | loss 0.5323 | accuracy 80.625 | mean_length 63.7344
09-04-21 03:21:37 - epoch 0 | global step 2880 | mode train | loss 0.4632 | accuracy 83.75 | mean_length 63.8469
09-04-21 03:23:33 - epoch 0 | global step 2890 | mode train | loss 0.4277 | accuracy 86.5625 | mean_length 63.7
09-04-21 03:25:30 - epoch 0 | global step 2900 | mode train | loss 0.478 | accuracy 84.0625 | mean_length 63.5
09-04-21 03:27:26 - epoch 0 | global step 2910 | mode train | loss 0.472 | accuracy 84.375 | mean_length 63.8406
09-04-21 03:29:22 - epoch 0 | global step 2920 | mode train | loss 0.4493 | accuracy 84.375 | mean_length 63.4156
09-04-21 03:31:18 - epoch 0 | global step 2930 | mode train | loss 0.4661 | accuracy 85.3125 | mean_length 63.6094
09-04-21 03:33:15 - epoch 0 | global step 2940 | mode train | loss 0.4741 | accuracy 82.5 | mean_length 63.5094
09-04-21 03:35:02 - epoch 0 | global step 2950 | mode train | loss 0.4069 | accuracy 86.5625 | mean_length 64
09-04-21 03:36:58 - epoch 0 | global step 2960 | mode train | loss 0.4223 | accuracy 85.625 | mean_length 63.8406
09-04-21 03:38:55 - epoch 0 | global step 2970 | mode train | loss 0.4411 | accuracy 86.5625 | mean_length 64
09-04-21 03:40:42 - epoch 0 | global step 2980 | mode train | loss 0.4246 | accuracy 87.5 | mean_length 63.5719
09-04-21 03:42:39 - epoch 0 | global step 2990 | mode train | loss 0.3969 | accuracy 87.5 | mean_length 63.8906
09-04-21 03:44:35 - epoch 0 | global step 3000 | mode train | loss 0.3929 | accuracy 87.5 | mean_length 63.8813
09-04-21 03:46:31 - epoch 0 | global step 3010 | mode train | loss 0.4707 | accuracy 83.4375 | mean_length 63.4656
09-04-21 03:48:27 - epoch 0 | global step 3020 | mode train | loss 0.456 | accuracy 84.6875 | mean_length 62.8062
09-04-21 03:50:24 - epoch 0 | global step 3030 | mode train | loss 0.4697 | accuracy 84.6875 | mean_length 63.0219
09-04-21 03:52:12 - epoch 0 | global step 3040 | mode train | loss 0.4489 | accuracy 83.125 | mean_length 63.1125
09-04-21 03:53:59 - epoch 0 | global step 3050 | mode train | loss 0.3873 | accuracy 87.1875 | mean_length 63.0438
09-04-21 03:55:55 - epoch 0 | global step 3060 | mode train | loss 0.4076 | accuracy 85.625 | mean_length 63.1844
09-04-21 03:57:52 - epoch 0 | global step 3070 | mode train | loss 0.4556 | accuracy 85.3125 | mean_length 63.4594
09-04-21 04:09:35 - epoch 0 | global step 3072 | mode validation | loss 0.3708 | accuracy 87.9 | mean_length 63.7286
09-04-21 04:09:35 - Saving model to Output/accGrad4_mbart_noBT_lr8.0e-6_7distractors_maxstep8192_seed42
Epoch: 0, Prediction Accuracy: 87.9, Saved to Path: Output/accGrad4_mbart_noBT_lr8.0e-6_7distractors_maxstep8192_seed42
09-04-21 04:11:11 - epoch 0 | global step 3080 | mode train | loss 0.4137 | accuracy 84.6875 | mean_length 63.5844
09-04-21 04:12:58 - epoch 0 | global step 3090 | mode train | loss 0.4047 | accuracy 85.3125 | mean_length 63.7313
09-04-21 04:14:55 - epoch 0 | global step 3100 | mode train | loss 0.4352 | accuracy 87.8125 | mean_length 63.7719
09-04-21 04:16:51 - epoch 0 | global step 3110 | mode train | loss 0.3897 | accuracy 84.6875 | mean_length 63.6156
09-04-21 04:18:39 - epoch 0 | global step 3120 | mode train | loss 0.4888 | accuracy 85.625 | mean_length 63.7344
09-04-21 04:20:26 - epoch 0 | global step 3130 | mode train | loss 0.5147 | accuracy 78.75 | mean_length 63.6187
09-04-21 04:22:15 - epoch 0 | global step 3140 | mode train | loss 0.4735 | accuracy 83.4375 | mean_length 63.6094
09-04-21 04:24:02 - epoch 0 | global step 3150 | mode train | loss 0.4861 | accuracy 82.1875 | mean_length 63.6313
09-04-21 04:25:59 - epoch 0 | global step 3160 | mode train | loss 0.4417 | accuracy 85.3125 | mean_length 63.7563
09-04-21 04:27:47 - epoch 0 | global step 3170 | mode train | loss 0.4302 | accuracy 85.9375 | mean_length 63.5969
09-04-21 04:29:43 - epoch 0 | global step 3180 | mode train | loss 0.4286 | accuracy 87.1875 | mean_length 63.5625
09-04-21 04:31:39 - epoch 0 | global step 3190 | mode train | loss 0.4521 | accuracy 83.4375 | mean_length 63.2375
09-04-21 04:33:36 - epoch 0 | global step 3200 | mode train | loss 0.4202 | accuracy 85.625 | mean_length 63.8781
09-04-21 04:35:32 - epoch 0 | global step 3210 | mode train | loss 0.5025 | accuracy 82.1875 | mean_length 63.5344
09-04-21 04:37:21 - epoch 0 | global step 3220 | mode train | loss 0.422 | accuracy 86.25 | mean_length 63.8781
09-04-21 04:39:17 - epoch 1 | global step 3230 | mode train | loss 0.4618 | accuracy 85.3125 | mean_length 63.7
09-04-21 04:41:13 - epoch 1 | global step 3240 | mode train | loss 0.3797 | accuracy 87.8125 | mean_length 63.9875
09-04-21 04:43:10 - epoch 1 | global step 3250 | mode train | loss 0.5129 | accuracy 82.1875 | mean_length 63.9031
09-04-21 04:45:07 - epoch 1 | global step 3260 | mode train | loss 0.4092 | accuracy 87.1875 | mean_length 64
09-04-21 04:47:03 - epoch 1 | global step 3270 | mode train | loss 0.5066 | accuracy 80.625 | mean_length 63.95
09-04-21 04:49:00 - epoch 1 | global step 3280 | mode train | loss 0.4954 | accuracy 81.875 | mean_length 63.8219
09-04-21 04:50:56 - epoch 1 | global step 3290 | mode train | loss 0.5358 | accuracy 79.6875 | mean_length 64
09-04-21 04:52:52 - epoch 1 | global step 3300 | mode train | loss 0.584 | accuracy 79.375 | mean_length 63.6063
09-04-21 04:54:40 - epoch 1 | global step 3310 | mode train | loss 0.525 | accuracy 81.875 | mean_length 63.975
09-04-21 04:56:28 - epoch 1 | global step 3320 | mode train | loss 0.4422 | accuracy 85.3125 | mean_length 63.8594
09-04-21 04:58:25 - epoch 1 | global step 3330 | mode train | loss 0.4121 | accuracy 85.625 | mean_length 63.9156
09-04-21 05:00:21 - epoch 1 | global step 3340 | mode train | loss 0.3818 | accuracy 85.9375 | mean_length 63.8875
09-04-21 05:02:09 - epoch 1 | global step 3350 | mode train | loss 0.4428 | accuracy 83.125 | mean_length 63.9188
09-04-21 05:04:05 - epoch 1 | global step 3360 | mode train | loss 0.4263 | accuracy 84.375 | mean_length 63.7625
09-04-21 05:06:01 - epoch 1 | global step 3370 | mode train | loss 0.3994 | accuracy 86.875 | mean_length 63.95
09-04-21 05:07:58 - epoch 1 | global step 3380 | mode train | loss 0.4609 | accuracy 83.4375 | mean_length 63.9344
09-04-21 05:09:46 - epoch 1 | global step 3390 | mode train | loss 0.4039 | accuracy 85.9375 | mean_length 63.8281
09-04-21 05:11:43 - epoch 1 | global step 3400 | mode train | loss 0.4339 | accuracy 85.0 | mean_length 63.8719
09-04-21 05:13:39 - epoch 1 | global step 3410 | mode train | loss 0.3568 | accuracy 88.4375 | mean_length 63.7844
09-04-21 05:15:35 - epoch 1 | global step 3420 | mode train | loss 0.4932 | accuracy 81.25 | mean_length 63.625
09-04-21 05:17:32 - epoch 1 | global step 3430 | mode train | loss 0.3849 | accuracy 85.625 | mean_length 63.8813
09-04-21 05:19:28 - epoch 1 | global step 3440 | mode train | loss 0.4138 | accuracy 86.875 | mean_length 64
09-04-21 05:21:25 - epoch 1 | global step 3450 | mode train | loss 0.666 | accuracy 76.5625 | mean_length 63.8469
09-04-21 05:23:21 - epoch 1 | global step 3460 | mode train | loss 0.5926 | accuracy 79.6875 | mean_length 64
09-04-21 05:25:09 - epoch 1 | global step 3470 | mode train | loss 0.4944 | accuracy 81.5625 | mean_length 63.8719
09-04-21 05:27:06 - epoch 1 | global step 3480 | mode train | loss 0.4582 | accuracy 85.9375 | mean_length 64
09-04-21 05:29:02 - epoch 1 | global step 3490 | mode train | loss 0.4112 | accuracy 85.9375 | mean_length 63.8312
09-04-21 05:30:58 - epoch 1 | global step 3500 | mode train | loss 0.4269 | accuracy 86.5625 | mean_length 64
09-04-21 05:32:55 - epoch 1 | global step 3510 | mode train | loss 0.399 | accuracy 87.1875 | mean_length 63.75
09-04-21 05:34:51 - epoch 1 | global step 3520 | mode train | loss 0.4414 | accuracy 84.0625 | mean_length 63.7125
09-04-21 05:36:46 - epoch 1 | global step 3530 | mode train | loss 0.4511 | accuracy 85.3125 | mean_length 63.8687
09-04-21 05:38:43 - epoch 1 | global step 3540 | mode train | loss 0.5135 | accuracy 81.5625 | mean_length 63.5875
09-04-21 05:40:39 - epoch 1 | global step 3550 | mode train | loss 0.3974 | accuracy 86.875 | mean_length 63.7344
09-04-21 05:42:35 - epoch 1 | global step 3560 | mode train | loss 0.4242 | accuracy 83.75 | mean_length 64
09-04-21 05:44:32 - epoch 1 | global step 3570 | mode train | loss 0.4165 | accuracy 85.9375 | mean_length 63.8531
09-04-21 05:46:20 - epoch 1 | global step 3580 | mode train | loss 0.544 | accuracy 80.9375 | mean_length 63.8
09-04-21 05:56:48 - epoch 1 | global step 3584 | mode validation | loss 0.5225 | accuracy 81.38 | mean_length 63.9896
09-04-21 05:57:53 - epoch 1 | global step 3590 | mode train | loss 0.4913 | accuracy 82.8125 | mean_length 63.9813
09-04-21 05:59:49 - epoch 1 | global step 3600 | mode train | loss 0.5065 | accuracy 84.375 | mean_length 63.6281
09-04-21 06:01:38 - epoch 1 | global step 3610 | mode train | loss 0.5365 | accuracy 80.3125 | mean_length 63.4125
09-04-21 06:03:34 - epoch 1 | global step 3620 | mode train | loss 0.4647 | accuracy 81.5625 | mean_length 63.2062
09-04-21 06:05:22 - epoch 1 | global step 3630 | mode train | loss 0.4202 | accuracy 85.9375 | mean_length 62.6344
09-04-21 06:07:18 - epoch 1 | global step 3640 | mode train | loss 0.3706 | accuracy 89.375 | mean_length 61.4281
09-04-21 06:09:15 - epoch 1 | global step 3650 | mode train | loss 0.3958 | accuracy 90.0 | mean_length 62.1156
09-04-21 06:11:11 - epoch 1 | global step 3660 | mode train | loss 0.4737 | accuracy 83.125 | mean_length 62.075
09-04-21 06:12:58 - epoch 1 | global step 3670 | mode train | loss 0.3983 | accuracy 86.5625 | mean_length 62.2469
09-04-21 06:14:55 - epoch 1 | global step 3680 | mode train | loss 0.4523 | accuracy 83.4375 | mean_length 61.5125
09-04-21 06:16:51 - epoch 1 | global step 3690 | mode train | loss 0.4007 | accuracy 85.9375 | mean_length 62.2344
09-04-21 06:18:48 - epoch 1 | global step 3700 | mode train | loss 0.3749 | accuracy 87.1875 | mean_length 59.55
09-04-21 06:20:44 - epoch 1 | global step 3710 | mode train | loss 0.4177 | accuracy 84.0625 | mean_length 59.0562
09-04-21 06:22:40 - epoch 1 | global step 3720 | mode train | loss 0.414 | accuracy 85.9375 | mean_length 58.3625
09-04-21 06:24:29 - epoch 1 | global step 3730 | mode train | loss 0.4543 | accuracy 85.9375 | mean_length 57.5312
09-04-21 06:26:16 - epoch 1 | global step 3740 | mode train | loss 0.4657 | accuracy 83.125 | mean_length 59.5531
09-04-21 06:28:13 - epoch 1 | global step 3750 | mode train | loss 0.3934 | accuracy 87.5 | mean_length 59.3906
09-04-21 06:30:09 - epoch 1 | global step 3760 | mode train | loss 0.4695 | accuracy 81.5625 | mean_length 58.0125
09-04-21 06:32:06 - epoch 1 | global step 3770 | mode train | loss 0.4578 | accuracy 84.375 | mean_length 59.5719
09-04-21 06:34:02 - epoch 1 | global step 3780 | mode train | loss 0.5038 | accuracy 84.0625 | mean_length 59.7719
09-04-21 06:35:50 - epoch 1 | global step 3790 | mode train | loss 0.3992 | accuracy 88.75 | mean_length 60.7563
09-04-21 06:37:47 - epoch 1 | global step 3800 | mode train | loss 0.421 | accuracy 85.9375 | mean_length 59.4625
09-04-21 06:39:43 - epoch 1 | global step 3810 | mode train | loss 0.3751 | accuracy 88.125 | mean_length 60.15
09-04-21 06:41:31 - epoch 1 | global step 3820 | mode train | loss 0.3594 | accuracy 88.125 | mean_length 60.3125
09-04-21 06:43:27 - epoch 1 | global step 3830 | mode train | loss 0.4234 | accuracy 87.1875 | mean_length 61.2
09-04-21 06:45:15 - epoch 1 | global step 3840 | mode train | loss 0.4613 | accuracy 82.8125 | mean_length 62.7594
09-04-21 06:47:03 - epoch 1 | global step 3850 | mode train | loss 0.3892 | accuracy 88.4375 | mean_length 61.2406
09-04-21 06:48:59 - epoch 1 | global step 3860 | mode train | loss 0.3523 | accuracy 87.8125 | mean_length 63.0094
09-04-21 06:50:54 - epoch 1 | global step 3870 | mode train | loss 0.4151 | accuracy 84.6875 | mean_length 61.3656
09-04-21 06:52:50 - epoch 1 | global step 3880 | mode train | loss 0.3957 | accuracy 85.9375 | mean_length 62.8219
09-04-21 06:54:46 - epoch 1 | global step 3890 | mode train | loss 0.3744 | accuracy 86.875 | mean_length 60.8344
09-04-21 06:56:43 - epoch 1 | global step 3900 | mode train | loss 0.3894 | accuracy 88.125 | mean_length 61.6437
09-04-21 06:58:39 - epoch 1 | global step 3910 | mode train | loss 0.3778 | accuracy 88.125 | mean_length 59.7719
09-04-21 07:00:36 - epoch 1 | global step 3920 | mode train | loss 0.3369 | accuracy 88.125 | mean_length 60.4
09-04-21 07:02:32 - epoch 1 | global step 3930 | mode train | loss 0.3548 | accuracy 88.75 | mean_length 61.7656
09-04-21 07:04:20 - epoch 1 | global step 3940 | mode train | loss 0.5795 | accuracy 80.3125 | mean_length 62.2094
09-04-21 07:06:17 - epoch 1 | global step 3950 | mode train | loss 0.5566 | accuracy 80.3125 | mean_length 61.0063
09-04-21 07:08:13 - epoch 1 | global step 3960 | mode train | loss 0.4919 | accuracy 83.125 | mean_length 59.8687
09-04-21 07:10:09 - epoch 1 | global step 3970 | mode train | loss 0.4055 | accuracy 85.9375 | mean_length 61.1625
09-04-21 07:12:06 - epoch 1 | global step 3980 | mode train | loss 0.4268 | accuracy 85.9375 | mean_length 62.3625
09-04-21 07:14:02 - epoch 1 | global step 3990 | mode train | loss 0.4052 | accuracy 87.1875 | mean_length 63.5906
09-04-21 07:15:57 - epoch 1 | global step 4000 | mode train | loss 0.415 | accuracy 86.875 | mean_length 63.6875
09-04-21 07:17:44 - epoch 1 | global step 4010 | mode train | loss 0.3842 | accuracy 86.5625 | mean_length 63.7062
09-04-21 07:19:32 - epoch 1 | global step 4020 | mode train | loss 0.3963 | accuracy 86.875 | mean_length 63.8469
09-04-21 07:21:28 - epoch 1 | global step 4030 | mode train | loss 0.384 | accuracy 87.1875 | mean_length 63.9281
09-04-21 07:23:25 - epoch 1 | global step 4040 | mode train | loss 0.3419 | accuracy 89.6875 | mean_length 63.8625
09-04-21 07:25:21 - epoch 1 | global step 4050 | mode train | loss 0.378 | accuracy 86.5625 | mean_length 63.775
09-04-21 07:27:18 - epoch 1 | global step 4060 | mode train | loss 0.3811 | accuracy 86.5625 | mean_length 63.825
09-04-21 07:29:14 - epoch 1 | global step 4070 | mode train | loss 0.3868 | accuracy 86.5625 | mean_length 63.6812
09-04-21 07:31:10 - epoch 1 | global step 4080 | mode train | loss 0.3634 | accuracy 86.875 | mean_length 63.8844
09-04-21 07:33:07 - epoch 1 | global step 4090 | mode train | loss 0.3753 | accuracy 86.875 | mean_length 63.8188
09-04-21 07:45:03 - epoch 1 | global step 4096 | mode validation | loss 0.32 | accuracy 89.68 | mean_length 63.9826
09-04-21 07:45:03 - Saving model to Output/accGrad4_mbart_noBT_lr8.0e-6_7distractors_maxstep8192_seed42
Epoch: 1, Prediction Accuracy: 89.68, Saved to Path: Output/accGrad4_mbart_noBT_lr8.0e-6_7distractors_maxstep8192_seed42
09-04-21 07:46:00 - epoch 1 | global step 4100 | mode train | loss 0.323 | accuracy 90.0 | mean_length 63.8937
09-04-21 07:47:56 - epoch 1 | global step 4110 | mode train | loss 0.3523 | accuracy 86.875 | mean_length 63.9312
09-04-21 07:49:53 - epoch 1 | global step 4120 | mode train | loss 0.3337 | accuracy 90.0 | mean_length 63.4375
09-04-21 07:51:49 - epoch 1 | global step 4130 | mode train | loss 0.3775 | accuracy 85.0 | mean_length 63.7281
09-04-21 07:53:38 - epoch 1 | global step 4140 | mode train | loss 0.3688 | accuracy 86.25 | mean_length 63.75
09-04-21 07:55:34 - epoch 1 | global step 4150 | mode train | loss 0.3673 | accuracy 85.3125 | mean_length 63.8906
09-04-21 07:57:30 - epoch 1 | global step 4160 | mode train | loss 0.3234 | accuracy 88.75 | mean_length 63.7781
09-04-21 07:59:27 - epoch 1 | global step 4170 | mode train | loss 0.3508 | accuracy 88.75 | mean_length 63.8594
09-04-21 08:01:23 - epoch 1 | global step 4180 | mode train | loss 0.3133 | accuracy 88.75 | mean_length 63.6281
09-04-21 08:03:20 - epoch 1 | global step 4190 | mode train | loss 0.3054 | accuracy 90.625 | mean_length 63.7625
09-04-21 08:05:16 - epoch 1 | global step 4200 | mode train | loss 0.3642 | accuracy 86.5625 | mean_length 63.6562
09-04-21 08:07:13 - epoch 1 | global step 4210 | mode train | loss 0.3509 | accuracy 84.375 | mean_length 63.9406
09-04-21 08:09:01 - epoch 1 | global step 4220 | mode train | loss 0.2879 | accuracy 91.5625 | mean_length 63.6375
09-04-21 08:10:48 - epoch 1 | global step 4230 | mode train | loss 0.3224 | accuracy 88.125 | mean_length 63.6063
09-04-21 08:12:36 - epoch 1 | global step 4240 | mode train | loss 0.3379 | accuracy 88.125 | mean_length 63.5562
09-04-21 08:14:32 - epoch 1 | global step 4250 | mode train | loss 0.314 | accuracy 91.875 | mean_length 63.8937
09-04-21 08:16:28 - epoch 1 | global step 4260 | mode train | loss 0.3036 | accuracy 91.25 | mean_length 63.8344
09-04-21 08:18:16 - epoch 1 | global step 4270 | mode train | loss 0.2682 | accuracy 91.5625 | mean_length 63.9375
09-04-21 08:20:13 - epoch 1 | global step 4280 | mode train | loss 0.3307 | accuracy 88.75 | mean_length 63.8656
09-04-21 08:22:09 - epoch 1 | global step 4290 | mode train | loss 0.3435 | accuracy 88.75 | mean_length 64
09-04-21 08:24:06 - epoch 1 | global step 4300 | mode train | loss 0.3689 | accuracy 85.9375 | mean_length 64
09-04-21 08:25:54 - epoch 1 | global step 4310 | mode train | loss 0.2748 | accuracy 93.75 | mean_length 63.7313
09-04-21 08:27:42 - epoch 1 | global step 4320 | mode train | loss 0.2789 | accuracy 91.25 | mean_length 63.8875
09-04-21 08:29:38 - epoch 1 | global step 4330 | mode train | loss 0.3502 | accuracy 87.5 | mean_length 63.9969
09-04-21 08:31:26 - epoch 1 | global step 4340 | mode train | loss 0.2435 | accuracy 90.625 | mean_length 64
09-04-21 08:33:22 - epoch 1 | global step 4350 | mode train | loss 0.3029 | accuracy 89.375 | mean_length 63.9688
09-04-21 08:35:18 - epoch 1 | global step 4360 | mode train | loss 0.3903 | accuracy 87.5 | mean_length 63.8062
09-04-21 08:37:15 - epoch 1 | global step 4370 | mode train | loss 0.3665 | accuracy 85.625 | mean_length 63.7938
09-04-21 08:39:11 - epoch 1 | global step 4380 | mode train | loss 0.4079 | accuracy 87.1875 | mean_length 63.8
09-04-21 08:41:08 - epoch 1 | global step 4390 | mode train | loss 0.2819 | accuracy 90.625 | mean_length 63.8656
09-04-21 08:43:04 - epoch 1 | global step 4400 | mode train | loss 0.3134 | accuracy 88.4375 | mean_length 63.7969
09-04-21 08:45:00 - epoch 1 | global step 4410 | mode train | loss 0.2965 | accuracy 90.9375 | mean_length 64
09-04-21 08:46:49 - epoch 1 | global step 4420 | mode train | loss 0.3149 | accuracy 89.0625 | mean_length 64
09-04-21 08:48:36 - epoch 1 | global step 4430 | mode train | loss 0.2891 | accuracy 91.5625 | mean_length 64
09-04-21 08:50:33 - epoch 1 | global step 4440 | mode train | loss 0.2864 | accuracy 91.875 | mean_length 64
09-04-21 08:52:29 - epoch 1 | global step 4450 | mode train | loss 0.3213 | accuracy 88.75 | mean_length 64
09-04-21 08:54:17 - epoch 1 | global step 4460 | mode train | loss 0.3037 | accuracy 91.875 | mean_length 64
09-04-21 08:56:14 - epoch 1 | global step 4470 | mode train | loss 0.3022 | accuracy 91.5625 | mean_length 64
09-04-21 08:58:01 - epoch 1 | global step 4480 | mode train | loss 0.2495 | accuracy 93.125 | mean_length 64
09-04-21 08:59:58 - epoch 1 | global step 4490 | mode train | loss 0.2767 | accuracy 90.625 | mean_length 63.8656
09-04-21 09:01:54 - epoch 1 | global step 4500 | mode train | loss 0.3065 | accuracy 90.9375 | mean_length 63.9375
09-04-21 09:03:50 - epoch 1 | global step 4510 | mode train | loss 0.292 | accuracy 90.3125 | mean_length 63.9656
09-04-21 09:05:47 - epoch 1 | global step 4520 | mode train | loss 0.3559 | accuracy 89.6875 | mean_length 63.8594
09-04-21 09:07:43 - epoch 1 | global step 4530 | mode train | loss 0.3267 | accuracy 87.1875 | mean_length 63.9031
09-04-21 09:09:39 - epoch 1 | global step 4540 | mode train | loss 0.3371 | accuracy 87.8125 | mean_length 63.8969
09-04-21 09:11:35 - epoch 1 | global step 4550 | mode train | loss 0.2669 | accuracy 90.9375 | mean_length 64
09-04-21 09:13:32 - epoch 1 | global step 4560 | mode train | loss 0.3098 | accuracy 90.9375 | mean_length 63.9031
09-04-21 09:15:19 - epoch 1 | global step 4570 | mode train | loss 0.2702 | accuracy 90.9375 | mean_length 63.9562
09-04-21 09:17:16 - epoch 1 | global step 4580 | mode train | loss 0.2506 | accuracy 92.1875 | mean_length 63.9781
09-04-21 09:19:12 - epoch 1 | global step 4590 | mode train | loss 0.2999 | accuracy 89.0625 | mean_length 63.9719
09-04-21 09:21:08 - epoch 1 | global step 4600 | mode train | loss 0.2617 | accuracy 92.1875 | mean_length 63.8719
09-04-21 09:34:01 - epoch 1 | global step 4608 | mode validation | loss 0.2799 | accuracy 91.14 | mean_length 63.9742
09-04-21 09:34:01 - Saving model to Output/accGrad4_mbart_noBT_lr8.0e-6_7distractors_maxstep8192_seed42
Epoch: 1, Prediction Accuracy: 91.14, Saved to Path: Output/accGrad4_mbart_noBT_lr8.0e-6_7distractors_maxstep8192_seed42
09-04-21 09:34:35 - epoch 1 | global step 4610 | mode train | loss 0.2606 | accuracy 92.5 | mean_length 64
09-04-21 09:36:31 - epoch 1 | global step 4620 | mode train | loss 0.2736 | accuracy 90.9375 | mean_length 64
09-04-21 09:38:27 - epoch 1 | global step 4630 | mode train | loss 0.2638 | accuracy 93.4375 | mean_length 64
09-04-21 09:40:23 - epoch 1 | global step 4640 | mode train | loss 0.2819 | accuracy 88.75 | mean_length 63.6594
09-04-21 09:42:20 - epoch 1 | global step 4650 | mode train | loss 0.2802 | accuracy 90.0 | mean_length 63.8719
09-04-21 09:44:16 - epoch 1 | global step 4660 | mode train | loss 0.2767 | accuracy 90.625 | mean_length 63.6688
09-04-21 09:46:12 - epoch 1 | global step 4670 | mode train | loss 0.3325 | accuracy 89.0625 | mean_length 63.7906
09-04-21 09:48:09 - epoch 1 | global step 4680 | mode train | loss 0.2846 | accuracy 89.6875 | mean_length 63.675
09-04-21 09:50:05 - epoch 1 | global step 4690 | mode train | loss 0.4022 | accuracy 85.625 | mean_length 63.4781
09-04-21 09:52:01 - epoch 1 | global step 4700 | mode train | loss 0.4168 | accuracy 84.6875 | mean_length 64
09-04-21 09:53:58 - epoch 1 | global step 4710 | mode train | loss 0.3573 | accuracy 88.4375 | mean_length 64
09-04-21 09:55:54 - epoch 1 | global step 4720 | mode train | loss 0.3543 | accuracy 88.125 | mean_length 63.8563
09-04-21 09:57:50 - epoch 1 | global step 4730 | mode train | loss 0.3751 | accuracy 88.4375 | mean_length 64
09-04-21 09:59:47 - epoch 1 | global step 4740 | mode train | loss 0.4533 | accuracy 85.625 | mean_length 63.9
09-04-21 10:01:43 - epoch 1 | global step 4750 | mode train | loss 0.3558 | accuracy 88.75 | mean_length 64
09-04-21 10:03:39 - epoch 1 | global step 4760 | mode train | loss 0.2921 | accuracy 91.25 | mean_length 63.7594
09-04-21 10:05:35 - epoch 1 | global step 4770 | mode train | loss 0.589 | accuracy 82.1875 | mean_length 63.8969
09-04-21 10:07:32 - epoch 1 | global step 4780 | mode train | loss 0.5695 | accuracy 82.1875 | mean_length 63.4031
09-04-21 10:09:28 - epoch 1 | global step 4790 | mode train | loss 0.5416 | accuracy 79.6875 | mean_length 63.5906
09-04-21 10:11:24 - epoch 1 | global step 4800 | mode train | loss 0.4819 | accuracy 82.5 | mean_length 63.5125
09-04-21 10:13:13 - epoch 1 | global step 4810 | mode train | loss 0.4064 | accuracy 86.25 | mean_length 63.6219
09-04-21 10:15:09 - epoch 1 | global step 4820 | mode train | loss 0.4234 | accuracy 84.6875 | mean_length 63.4906
09-04-21 10:17:05 - epoch 1 | global step 4830 | mode train | loss 0.4283 | accuracy 85.625 | mean_length 63.3312
09-04-21 10:19:02 - epoch 1 | global step 4840 | mode train | loss 0.3938 | accuracy 87.1875 | mean_length 63.5438
09-04-21 10:20:51 - epoch 1 | global step 4850 | mode train | loss 0.3569 | accuracy 88.4375 | mean_length 63.5906
09-04-21 10:22:47 - epoch 1 | global step 4860 | mode train | loss 0.3988 | accuracy 85.9375 | mean_length 63.7156
09-04-21 10:24:43 - epoch 1 | global step 4870 | mode train | loss 0.3354 | accuracy 87.1875 | mean_length 63.825
09-04-21 10:26:31 - epoch 1 | global step 4880 | mode train | loss 0.3032 | accuracy 90.0 | mean_length 63.9188
09-04-21 10:28:28 - epoch 1 | global step 4890 | mode train | loss 0.3407 | accuracy 90.3125 | mean_length 63.8656
09-04-21 10:30:24 - epoch 1 | global step 4900 | mode train | loss 0.3617 | accuracy 87.1875 | mean_length 63.8188
09-04-21 10:32:20 - epoch 1 | global step 4910 | mode train | loss 0.3475 | accuracy 88.125 | mean_length 63.5594
09-04-21 10:34:17 - epoch 1 | global step 4920 | mode train | loss 0.3645 | accuracy 89.375 | mean_length 63.7781
09-04-21 10:36:05 - epoch 1 | global step 4930 | mode train | loss 0.4089 | accuracy 85.9375 | mean_length 63.5844
09-04-21 10:38:01 - epoch 1 | global step 4940 | mode train | loss 0.3679 | accuracy 87.8125 | mean_length 63.7906
09-04-21 10:39:49 - epoch 1 | global step 4950 | mode train | loss 0.3417 | accuracy 88.125 | mean_length 63.8781
09-04-21 10:41:36 - epoch 1 | global step 4960 | mode train | loss 0.3034 | accuracy 91.25 | mean_length 63.9438
09-04-21 10:43:33 - epoch 1 | global step 4970 | mode train | loss 0.3282 | accuracy 90.3125 | mean_length 63.8969
09-04-21 10:45:29 - epoch 1 | global step 4980 | mode train | loss 0.317 | accuracy 90.625 | mean_length 64
09-04-21 10:47:25 - epoch 1 | global step 4990 | mode train | loss 0.3206 | accuracy 90.3125 | mean_length 63.8875
09-04-21 10:49:22 - epoch 1 | global step 5000 | mode train | loss 0.3317 | accuracy 89.6875 | mean_length 64
09-04-21 10:51:18 - epoch 1 | global step 5010 | mode train | loss 0.3089 | accuracy 88.125 | mean_length 63.6781
09-04-21 10:53:14 - epoch 1 | global step 5020 | mode train | loss 0.3081 | accuracy 90.0 | mean_length 63.9781
09-04-21 10:55:11 - epoch 1 | global step 5030 | mode train | loss 0.2936 | accuracy 89.6875 | mean_length 64
09-04-21 10:56:59 - epoch 1 | global step 5040 | mode train | loss 0.3335 | accuracy 89.375 | mean_length 64
09-04-21 10:58:55 - epoch 1 | global step 5050 | mode train | loss 0.2816 | accuracy 89.375 | mean_length 63.9219
09-04-21 11:00:52 - epoch 1 | global step 5060 | mode train | loss 0.2511 | accuracy 90.9375 | mean_length 64
09-04-21 11:02:48 - epoch 1 | global step 5070 | mode train | loss 0.2406 | accuracy 94.0625 | mean_length 63.9406
09-04-21 11:04:45 - epoch 1 | global step 5080 | mode train | loss 0.2883 | accuracy 90.0 | mean_length 64
09-04-21 11:06:41 - epoch 1 | global step 5090 | mode train | loss 0.2788 | accuracy 91.25 | mean_length 63.9562
09-04-21 11:08:37 - epoch 1 | global step 5100 | mode train | loss 0.3388 | accuracy 86.875 | mean_length 63.9375
09-04-21 11:10:34 - epoch 1 | global step 5110 | mode train | loss 0.2852 | accuracy 90.0 | mean_length 64
09-04-21 11:12:30 - epoch 1 | global step 5120 | mode train | loss 0.3583 | accuracy 86.875 | mean_length 64
09-04-21 11:23:51 - epoch 1 | global step 5120 | mode validation | loss 0.2582 | accuracy 91.56 | mean_length 63.9792
09-04-21 11:23:51 - Saving model to Output/accGrad4_mbart_noBT_lr8.0e-6_7distractors_maxstep8192_seed42
Epoch: 1, Prediction Accuracy: 91.56, Saved to Path: Output/accGrad4_mbart_noBT_lr8.0e-6_7distractors_maxstep8192_seed42
09-04-21 11:25:58 - epoch 1 | global step 5130 | mode train | loss 0.314 | accuracy 89.375 | mean_length 64
09-04-21 11:27:54 - epoch 1 | global step 5140 | mode train | loss 0.2921 | accuracy 89.0625 | mean_length 64
09-04-21 11:29:51 - epoch 1 | global step 5150 | mode train | loss 0.2503 | accuracy 92.5 | mean_length 64
09-04-21 11:31:38 - epoch 1 | global step 5160 | mode train | loss 0.2973 | accuracy 90.9375 | mean_length 63.9875
09-04-21 11:33:31 - epoch 1 | global step 5170 | mode train | loss 0.2886 | accuracy 91.25 | mean_length 63.9875
09-04-21 11:35:19 - epoch 1 | global step 5180 | mode train | loss 0.2601 | accuracy 92.5 | mean_length 64
09-04-21 11:37:15 - epoch 1 | global step 5190 | mode train | loss 0.3326 | accuracy 89.375 | mean_length 63.8594
09-04-21 11:39:12 - epoch 1 | global step 5200 | mode train | loss 0.2839 | accuracy 93.4375 | mean_length 64
09-04-21 11:41:08 - epoch 1 | global step 5210 | mode train | loss 0.2837 | accuracy 91.25 | mean_length 63.9062
09-04-21 11:43:05 - epoch 1 | global step 5220 | mode train | loss 0.3226 | accuracy 88.125 | mean_length 63.9625
09-04-21 11:44:53 - epoch 1 | global step 5230 | mode train | loss 0.2403 | accuracy 91.875 | mean_length 63.8937
09-04-21 11:46:50 - epoch 1 | global step 5240 | mode train | loss 0.2943 | accuracy 90.3125 | mean_length 64
09-04-21 11:48:46 - epoch 1 | global step 5250 | mode train | loss 0.1985 | accuracy 95.0 | mean_length 64
09-04-21 11:50:42 - epoch 1 | global step 5260 | mode train | loss 0.2506 | accuracy 90.9375 | mean_length 63.9562
09-04-21 11:52:30 - epoch 1 | global step 5270 | mode train | loss 0.32 | accuracy 89.0625 | mean_length 64
09-04-21 11:54:18 - epoch 1 | global step 5280 | mode train | loss 0.2736 | accuracy 90.9375 | mean_length 64
09-04-21 11:56:14 - epoch 1 | global step 5290 | mode train | loss 0.2464 | accuracy 92.8125 | mean_length 63.9125
09-04-21 11:58:11 - epoch 1 | global step 5300 | mode train | loss 0.2322 | accuracy 93.125 | mean_length 64
09-04-21 12:00:07 - epoch 1 | global step 5310 | mode train | loss 0.2698 | accuracy 91.25 | mean_length 64
09-04-21 12:02:03 - epoch 1 | global step 5320 | mode train | loss 0.2898 | accuracy 88.4375 | mean_length 64
09-04-21 12:03:52 - epoch 1 | global step 5330 | mode train | loss 0.3143 | accuracy 89.6875 | mean_length 63.8875
09-04-21 12:05:48 - epoch 1 | global step 5340 | mode train | loss 0.3257 | accuracy 88.75 | mean_length 63.9937
09-04-21 12:07:36 - epoch 1 | global step 5350 | mode train | loss 0.2706 | accuracy 90.0 | mean_length 63.9281
09-04-21 12:09:23 - epoch 1 | global step 5360 | mode train | loss 0.2621 | accuracy 90.3125 | mean_length 63.95
09-04-21 12:11:20 - epoch 1 | global step 5370 | mode train | loss 0.2575 | accuracy 94.0625 | mean_length 64
09-04-21 12:13:08 - epoch 1 | global step 5380 | mode train | loss 0.3007 | accuracy 90.625 | mean_length 64
09-04-21 12:15:05 - epoch 1 | global step 5390 | mode train | loss 0.3287 | accuracy 87.8125 | mean_length 64
09-04-21 12:17:01 - epoch 1 | global step 5400 | mode train | loss 0.3154 | accuracy 89.0625 | mean_length 64
09-04-21 12:18:57 - epoch 1 | global step 5410 | mode train | loss 0.2656 | accuracy 91.25 | mean_length 64
09-04-21 12:20:45 - epoch 1 | global step 5420 | mode train | loss 0.276 | accuracy 90.3125 | mean_length 64
09-04-21 12:22:33 - epoch 1 | global step 5430 | mode train | loss 0.2719 | accuracy 90.625 | mean_length 64
09-04-21 12:24:21 - epoch 1 | global step 5440 | mode train | loss 0.3366 | accuracy 88.4375 | mean_length 64
09-04-21 12:26:18 - epoch 1 | global step 5450 | mode train | loss 0.2804 | accuracy 93.125 | mean_length 64
09-04-21 12:28:07 - epoch 1 | global step 5460 | mode train | loss 0.271 | accuracy 89.6875 | mean_length 64
09-04-21 12:30:04 - epoch 1 | global step 5470 | mode train | loss 0.2694 | accuracy 90.9375 | mean_length 64
09-04-21 12:31:52 - epoch 1 | global step 5480 | mode train | loss 0.2592 | accuracy 91.5625 | mean_length 64
09-04-21 12:33:39 - epoch 1 | global step 5490 | mode train | loss 0.2571 | accuracy 91.25 | mean_length 64
09-04-21 12:35:36 - epoch 1 | global step 5500 | mode train | loss 0.221 | accuracy 95.3125 | mean_length 64
09-04-21 12:37:32 - epoch 1 | global step 5510 | mode train | loss 0.2495 | accuracy 91.5625 | mean_length 64
09-04-21 12:39:28 - epoch 1 | global step 5520 | mode train | loss 0.2567 | accuracy 91.5625 | mean_length 64
09-04-21 12:41:25 - epoch 1 | global step 5530 | mode train | loss 0.2289 | accuracy 92.5 | mean_length 64
09-04-21 12:43:21 - epoch 1 | global step 5540 | mode train | loss 0.2257 | accuracy 93.125 | mean_length 63.9125
09-04-21 12:45:17 - epoch 1 | global step 5550 | mode train | loss 0.2543 | accuracy 91.25 | mean_length 64
09-04-21 12:47:06 - epoch 1 | global step 5560 | mode train | loss 0.2563 | accuracy 91.875 | mean_length 64
09-04-21 12:49:02 - epoch 1 | global step 5570 | mode train | loss 0.3511 | accuracy 88.125 | mean_length 64
09-04-21 12:50:59 - epoch 1 | global step 5580 | mode train | loss 0.2583 | accuracy 92.8125 | mean_length 64
09-04-21 12:52:55 - epoch 1 | global step 5590 | mode train | loss 0.2711 | accuracy 90.3125 | mean_length 64
09-04-21 12:54:51 - epoch 1 | global step 5600 | mode train | loss 0.2987 | accuracy 89.0625 | mean_length 64
09-04-21 12:56:48 - epoch 1 | global step 5610 | mode train | loss 0.2923 | accuracy 90.3125 | mean_length 64
09-04-21 12:58:36 - epoch 1 | global step 5620 | mode train | loss 0.2215 | accuracy 93.75 | mean_length 64
09-04-21 13:00:23 - epoch 1 | global step 5630 | mode train | loss 0.2334 | accuracy 93.4375 | mean_length 64
09-04-21 13:12:07 - epoch 1 | global step 5632 | mode validation | loss 0.2702 | accuracy 90.94 | mean_length 64
09-04-21 13:13:40 - epoch 1 | global step 5640 | mode train | loss 0.2611 | accuracy 92.1875 | mean_length 64
09-04-21 13:15:36 - epoch 1 | global step 5650 | mode train | loss 0.2589 | accuracy 90.0 | mean_length 64
09-04-21 13:17:32 - epoch 1 | global step 5660 | mode train | loss 0.2555 | accuracy 91.875 | mean_length 63.8875
09-04-21 13:19:20 - epoch 1 | global step 5670 | mode train | loss 0.2357 | accuracy 92.1875 | mean_length 64
09-04-21 13:21:07 - epoch 1 | global step 5680 | mode train | loss 0.2102 | accuracy 91.25 | mean_length 63.9875
09-04-21 13:23:04 - epoch 1 | global step 5690 | mode train | loss 0.2115 | accuracy 93.4375 | mean_length 64
09-04-21 13:25:00 - epoch 1 | global step 5700 | mode train | loss 0.2507 | accuracy 91.5625 | mean_length 64
09-04-21 13:26:57 - epoch 1 | global step 5710 | mode train | loss 0.255 | accuracy 92.5 | mean_length 64
09-04-21 13:28:54 - epoch 1 | global step 5720 | mode train | loss 0.2378 | accuracy 92.1875 | mean_length 64
09-04-21 13:30:50 - epoch 1 | global step 5730 | mode train | loss 0.2681 | accuracy 91.25 | mean_length 64
09-04-21 13:32:46 - epoch 1 | global step 5740 | mode train | loss 0.2461 | accuracy 91.875 | mean_length 63.975
09-04-21 13:34:43 - epoch 1 | global step 5750 | mode train | loss 0.2673 | accuracy 91.5625 | mean_length 64
09-04-21 13:36:31 - epoch 1 | global step 5760 | mode train | loss 0.2591 | accuracy 92.1875 | mean_length 64
09-04-21 13:38:19 - epoch 1 | global step 5770 | mode train | loss 0.2782 | accuracy 90.9375 | mean_length 63.8656
09-04-21 13:40:06 - epoch 1 | global step 5780 | mode train | loss 0.1926 | accuracy 94.375 | mean_length 64
09-04-21 13:42:03 - epoch 1 | global step 5790 | mode train | loss 0.2207 | accuracy 91.5625 | mean_length 64
09-04-21 13:43:59 - epoch 1 | global step 5800 | mode train | loss 0.2184 | accuracy 91.5625 | mean_length 64
09-04-21 13:45:47 - epoch 1 | global step 5810 | mode train | loss 0.2983 | accuracy 90.0 | mean_length 64
09-04-21 13:47:43 - epoch 1 | global step 5820 | mode train | loss 0.2951 | accuracy 89.0625 | mean_length 64
09-04-21 13:49:31 - epoch 1 | global step 5830 | mode train | loss 0.2399 | accuracy 91.875 | mean_length 64
09-04-21 13:51:19 - epoch 1 | global step 5840 | mode train | loss 0.2925 | accuracy 90.3125 | mean_length 64
09-04-21 13:53:06 - epoch 1 | global step 5850 | mode train | loss 0.3037 | accuracy 89.0625 | mean_length 64
09-04-21 13:54:54 - epoch 1 | global step 5860 | mode train | loss 0.2353 | accuracy 92.8125 | mean_length 64
09-04-21 13:56:50 - epoch 1 | global step 5870 | mode train | loss 0.2314 | accuracy 94.375 | mean_length 64
09-04-21 13:58:47 - epoch 1 | global step 5880 | mode train | loss 0.2401 | accuracy 91.5625 | mean_length 63.9094
09-04-21 14:00:43 - epoch 1 | global step 5890 | mode train | loss 0.2307 | accuracy 93.125 | mean_length 64
09-04-21 14:02:30 - epoch 1 | global step 5900 | mode train | loss 0.181 | accuracy 95.625 | mean_length 64
09-04-21 14:04:27 - epoch 1 | global step 5910 | mode train | loss 0.2021 | accuracy 93.125 | mean_length 64
09-04-21 14:06:23 - epoch 1 | global step 5920 | mode train | loss 0.2439 | accuracy 91.875 | mean_length 64
09-04-21 14:08:19 - epoch 1 | global step 5930 | mode train | loss 0.241 | accuracy 90.625 | mean_length 64
09-04-21 14:10:16 - epoch 1 | global step 5940 | mode train | loss 0.1955 | accuracy 95.9375 | mean_length 64
09-04-21 14:12:12 - epoch 1 | global step 5950 | mode train | loss 0.2116 | accuracy 93.4375 | mean_length 64
09-04-21 14:14:00 - epoch 1 | global step 5960 | mode train | loss 0.3104 | accuracy 89.0625 | mean_length 64
09-04-21 14:15:56 - epoch 1 | global step 5970 | mode train | loss 0.2675 | accuracy 91.875 | mean_length 64
09-04-21 14:17:44 - epoch 1 | global step 5980 | mode train | loss 0.3221 | accuracy 90.0 | mean_length 64
09-04-21 14:19:40 - epoch 1 | global step 5990 | mode train | loss 0.288 | accuracy 89.375 | mean_length 64
09-04-21 14:21:37 - epoch 1 | global step 6000 | mode train | loss 0.2733 | accuracy 91.25 | mean_length 64
09-04-21 14:23:33 - epoch 1 | global step 6010 | mode train | loss 0.2928 | accuracy 90.9375 | mean_length 64
09-04-21 14:25:29 - epoch 1 | global step 6020 | mode train | loss 0.284 | accuracy 91.5625 | mean_length 64
09-04-21 14:27:26 - epoch 1 | global step 6030 | mode train | loss 0.2113 | accuracy 94.6875 | mean_length 64
09-04-21 14:29:22 - epoch 1 | global step 6040 | mode train | loss 0.2335 | accuracy 93.125 | mean_length 64
09-04-21 14:31:18 - epoch 1 | global step 6050 | mode train | loss 0.2774 | accuracy 90.625 | mean_length 64
09-04-21 14:33:14 - epoch 1 | global step 6060 | mode train | loss 0.2411 | accuracy 90.9375 | mean_length 64
09-04-21 14:35:11 - epoch 1 | global step 6070 | mode train | loss 0.2392 | accuracy 94.0625 | mean_length 64
09-04-21 14:36:58 - epoch 1 | global step 6080 | mode train | loss 0.2486 | accuracy 92.1875 | mean_length 63.9469
09-04-21 14:38:55 - epoch 1 | global step 6090 | mode train | loss 0.2254 | accuracy 93.4375 | mean_length 64
09-04-21 14:40:51 - epoch 1 | global step 6100 | mode train | loss 0.2309 | accuracy 92.1875 | mean_length 64
09-04-21 14:42:48 - epoch 1 | global step 6110 | mode train | loss 0.2129 | accuracy 93.125 | mean_length 63.8906
09-04-21 14:44:44 - epoch 1 | global step 6120 | mode train | loss 0.2272 | accuracy 92.8125 | mean_length 64
09-04-21 14:46:40 - epoch 1 | global step 6130 | mode train | loss 0.2168 | accuracy 93.125 | mean_length 63.8312
09-04-21 14:48:37 - epoch 1 | global step 6140 | mode train | loss 0.1825 | accuracy 94.375 | mean_length 64
09-04-21 15:00:44 - epoch 1 | global step 6144 | mode validation | loss 0.2285 | accuracy 92.66 | mean_length 63.9862
09-04-21 15:00:44 - Saving model to Output/accGrad4_mbart_noBT_lr8.0e-6_7distractors_maxstep8192_seed42
Epoch: 1, Prediction Accuracy: 92.66, Saved to Path: Output/accGrad4_mbart_noBT_lr8.0e-6_7distractors_maxstep8192_seed42
09-04-21 15:02:04 - epoch 1 | global step 6150 | mode train | loss 0.1794 | accuracy 93.4375 | mean_length 63.8438
09-04-21 15:03:57 - epoch 1 | global step 6160 | mode train | loss 0.2154 | accuracy 92.1875 | mean_length 64
09-04-21 15:05:53 - epoch 1 | global step 6170 | mode train | loss 0.1935 | accuracy 92.8125 | mean_length 64
09-04-21 15:07:50 - epoch 1 | global step 6180 | mode train | loss 0.2104 | accuracy 91.5625 | mean_length 63.9656
09-04-21 15:09:46 - epoch 1 | global step 6190 | mode train | loss 0.244 | accuracy 92.1875 | mean_length 64
09-04-21 15:11:42 - epoch 1 | global step 6200 | mode train | loss 0.28 | accuracy 89.0625 | mean_length 63.9219
09-04-21 15:13:39 - epoch 1 | global step 6210 | mode train | loss 0.2084 | accuracy 91.5625 | mean_length 63.9781
09-04-21 15:15:27 - epoch 1 | global step 6220 | mode train | loss 0.3506 | accuracy 86.875 | mean_length 63.8937
09-04-21 15:17:23 - epoch 1 | global step 6230 | mode train | loss 0.2806 | accuracy 89.6875 | mean_length 64
09-04-21 15:19:20 - epoch 1 | global step 6240 | mode train | loss 0.2749 | accuracy 89.375 | mean_length 64
09-04-21 15:21:16 - epoch 1 | global step 6250 | mode train | loss 0.1897 | accuracy 94.0625 | mean_length 64
09-04-21 15:23:12 - epoch 1 | global step 6260 | mode train | loss 0.2276 | accuracy 93.75 | mean_length 63.9094
09-04-21 15:25:09 - epoch 1 | global step 6270 | mode train | loss 0.1916 | accuracy 94.0625 | mean_length 64
09-04-21 15:26:57 - epoch 1 | global step 6280 | mode train | loss 0.2264 | accuracy 92.5 | mean_length 63.8969
09-04-21 15:28:44 - epoch 1 | global step 6290 | mode train | loss 0.2527 | accuracy 90.625 | mean_length 64
09-04-21 15:30:32 - epoch 1 | global step 6300 | mode train | loss 0.2481 | accuracy 91.25 | mean_length 64
09-04-21 15:32:28 - epoch 1 | global step 6310 | mode train | loss 0.1951 | accuracy 94.375 | mean_length 64
09-04-21 15:34:25 - epoch 1 | global step 6320 | mode train | loss 0.2572 | accuracy 89.6875 | mean_length 64
09-04-21 15:36:21 - epoch 1 | global step 6330 | mode train | loss 0.2297 | accuracy 90.9375 | mean_length 64
09-04-21 15:38:08 - epoch 1 | global step 6340 | mode train | loss 0.2582 | accuracy 90.9375 | mean_length 63.9656
09-04-21 15:40:04 - epoch 1 | global step 6350 | mode train | loss 0.194 | accuracy 93.125 | mean_length 64
09-04-21 15:42:01 - epoch 1 | global step 6360 | mode train | loss 0.2245 | accuracy 91.5625 | mean_length 64
09-04-21 15:43:57 - epoch 1 | global step 6370 | mode train | loss 0.2328 | accuracy 92.1875 | mean_length 64
09-04-21 15:45:54 - epoch 1 | global step 6380 | mode train | loss 0.2444 | accuracy 92.5 | mean_length 63.9156
09-04-21 15:47:50 - epoch 1 | global step 6390 | mode train | loss 0.2953 | accuracy 90.0 | mean_length 64
09-04-21 15:49:46 - epoch 1 | global step 6400 | mode train | loss 0.3882 | accuracy 85.0 | mean_length 64
09-04-21 15:51:34 - epoch 1 | global step 6410 | mode train | loss 0.429 | accuracy 84.375 | mean_length 64
09-04-21 15:53:22 - epoch 1 | global step 6420 | mode train | loss 0.3559 | accuracy 90.0 | mean_length 64
09-04-21 15:55:19 - epoch 1 | global step 6430 | mode train | loss 0.2758 | accuracy 91.875 | mean_length 64
09-04-21 15:57:15 - epoch 1 | global step 6440 | mode train | loss 0.2724 | accuracy 90.9375 | mean_length 64
09-04-21 15:59:03 - epoch 1 | global step 6450 | mode train | loss 0.2386 | accuracy 91.5625 | mean_length 64
09-04-21 16:00:51 - epoch 2 | global step 6460 | mode train | loss 0.2608 | accuracy 94.0625 | mean_length 64
09-04-21 16:02:48 - epoch 2 | global step 6470 | mode train | loss 0.2513 | accuracy 90.3125 | mean_length 64
09-04-21 16:04:44 - epoch 2 | global step 6480 | mode train | loss 0.2653 | accuracy 89.375 | mean_length 64
09-04-21 16:06:38 - epoch 2 | global step 6490 | mode train | loss 0.1795 | accuracy 93.75 | mean_length 64
09-04-21 16:08:26 - epoch 2 | global step 6500 | mode train | loss 0.2466 | accuracy 91.875 | mean_length 63.9719
09-04-21 16:10:13 - epoch 2 | global step 6510 | mode train | loss 0.1674 | accuracy 94.6875 | mean_length 64
09-04-21 16:12:10 - epoch 2 | global step 6520 | mode train | loss 0.1933 | accuracy 94.6875 | mean_length 63.9969
09-04-21 16:13:58 - epoch 2 | global step 6530 | mode train | loss 0.2686 | accuracy 90.625 | mean_length 64
09-04-21 16:15:45 - epoch 2 | global step 6540 | mode train | loss 0.2117 | accuracy 93.125 | mean_length 64
09-04-21 16:17:42 - epoch 2 | global step 6550 | mode train | loss 0.2494 | accuracy 94.375 | mean_length 64
09-04-21 16:19:38 - epoch 2 | global step 6560 | mode train | loss 0.1958 | accuracy 94.375 | mean_length 64
09-04-21 16:21:35 - epoch 2 | global step 6570 | mode train | loss 0.2065 | accuracy 94.0625 | mean_length 64
09-04-21 16:23:31 - epoch 2 | global step 6580 | mode train | loss 0.2277 | accuracy 92.5 | mean_length 64
09-04-21 16:25:20 - epoch 2 | global step 6590 | mode train | loss 0.2719 | accuracy 91.25 | mean_length 64
09-04-21 16:27:16 - epoch 2 | global step 6600 | mode train | loss 0.213 | accuracy 93.125 | mean_length 64
09-04-21 16:29:12 - epoch 2 | global step 6610 | mode train | loss 0.6721 | accuracy 75.625 | mean_length 64
09-04-21 16:31:09 - epoch 2 | global step 6620 | mode train | loss 0.901 | accuracy 68.75 | mean_length 64
09-04-21 16:33:05 - epoch 2 | global step 6630 | mode train | loss 0.7655 | accuracy 75.9375 | mean_length 64
09-04-21 16:35:02 - epoch 2 | global step 6640 | mode train | loss 0.7264 | accuracy 75.9375 | mean_length 64
09-04-21 16:36:58 - epoch 2 | global step 6650 | mode train | loss 0.7102 | accuracy 73.75 | mean_length 64
09-04-21 16:49:28 - epoch 2 | global step 6656 | mode validation | loss 0.5602 | accuracy 79.86 | mean_length 64
09-04-21 16:50:15 - epoch 2 | global step 6660 | mode train | loss 0.5598 | accuracy 80.625 | mean_length 64
09-04-21 16:52:11 - epoch 2 | global step 6670 | mode train | loss 0.5268 | accuracy 83.125 | mean_length 64
09-04-21 16:54:00 - epoch 2 | global step 6680 | mode train | loss 0.5362 | accuracy 82.5 | mean_length 64
09-04-21 16:55:56 - epoch 2 | global step 6690 | mode train | loss 0.44 | accuracy 85.9375 | mean_length 64
09-04-21 16:57:52 - epoch 2 | global step 6700 | mode train | loss 0.4903 | accuracy 83.125 | mean_length 64
09-04-21 16:59:49 - epoch 2 | global step 6710 | mode train | loss 0.396 | accuracy 86.875 | mean_length 64
09-04-21 17:01:36 - epoch 2 | global step 6720 | mode train | loss 0.4493 | accuracy 85.625 | mean_length 64
09-04-21 17:03:33 - epoch 2 | global step 6730 | mode train | loss 0.3434 | accuracy 89.6875 | mean_length 64
09-04-21 17:05:29 - epoch 2 | global step 6740 | mode train | loss 0.3281 | accuracy 90.9375 | mean_length 64
09-04-21 17:07:25 - epoch 2 | global step 6750 | mode train | loss 0.3477 | accuracy 89.6875 | mean_length 64
09-04-21 17:09:22 - epoch 2 | global step 6760 | mode train | loss 0.2989 | accuracy 90.625 | mean_length 64
09-04-21 17:11:18 - epoch 2 | global step 6770 | mode train | loss 0.2657 | accuracy 90.9375 | mean_length 63.8844
09-04-21 17:13:14 - epoch 2 | global step 6780 | mode train | loss 0.3224 | accuracy 91.25 | mean_length 64
09-04-21 17:15:10 - epoch 2 | global step 6790 | mode train | loss 0.2903 | accuracy 89.375 | mean_length 64
09-04-21 17:17:01 - epoch 2 | global step 6800 | mode train | loss 0.3279 | accuracy 89.0625 | mean_length 64
09-04-21 17:18:58 - epoch 2 | global step 6810 | mode train | loss 0.3019 | accuracy 87.8125 | mean_length 63.9969
09-04-21 17:20:46 - epoch 2 | global step 6820 | mode train | loss 0.258 | accuracy 91.5625 | mean_length 64
09-04-21 17:22:33 - epoch 2 | global step 6830 | mode train | loss 0.2916 | accuracy 88.75 | mean_length 64
09-04-21 17:24:21 - epoch 2 | global step 6840 | mode train | loss 0.2807 | accuracy 89.6875 | mean_length 64
09-04-21 17:26:08 - epoch 2 | global step 6850 | mode train | loss 0.3053 | accuracy 89.6875 | mean_length 64
09-04-21 17:27:56 - epoch 2 | global step 6860 | mode train | loss 0.2523 | accuracy 91.25 | mean_length 64
09-04-21 17:29:43 - epoch 2 | global step 6870 | mode train | loss 0.2532 | accuracy 90.625 | mean_length 64
09-04-21 17:31:40 - epoch 2 | global step 6880 | mode train | loss 0.2922 | accuracy 91.875 | mean_length 64
09-04-21 17:33:36 - epoch 2 | global step 6890 | mode train | loss 0.261 | accuracy 91.875 | mean_length 64
09-04-21 17:35:33 - epoch 2 | global step 6900 | mode train | loss 0.2531 | accuracy 91.875 | mean_length 64
09-04-21 17:37:29 - epoch 2 | global step 6910 | mode train | loss 0.2556 | accuracy 93.4375 | mean_length 63.975
09-04-21 17:39:17 - epoch 2 | global step 6920 | mode train | loss 0.2916 | accuracy 90.3125 | mean_length 64
09-04-21 17:41:05 - epoch 2 | global step 6930 | mode train | loss 0.2868 | accuracy 90.0 | mean_length 64
09-04-21 17:43:02 - epoch 2 | global step 6940 | mode train | loss 0.2884 | accuracy 90.9375 | mean_length 64
09-04-21 17:44:50 - epoch 2 | global step 6950 | mode train | loss 0.2227 | accuracy 92.8125 | mean_length 64
09-04-21 17:46:46 - epoch 2 | global step 6960 | mode train | loss 0.2332 | accuracy 91.5625 | mean_length 64
09-04-21 17:48:42 - epoch 2 | global step 6970 | mode train | loss 0.3034 | accuracy 90.0 | mean_length 64
09-04-21 17:50:39 - epoch 2 | global step 6980 | mode train | loss 0.2614 | accuracy 91.5625 | mean_length 64
09-04-21 17:52:27 - epoch 2 | global step 6990 | mode train | loss 0.257 | accuracy 90.9375 | mean_length 64
09-04-21 17:54:23 - epoch 2 | global step 7000 | mode train | loss 0.2572 | accuracy 91.5625 | mean_length 64
09-04-21 17:56:12 - epoch 2 | global step 7010 | mode train | loss 0.2657 | accuracy 92.1875 | mean_length 63.7563
09-04-21 17:57:59 - epoch 2 | global step 7020 | mode train | loss 0.2843 | accuracy 89.6875 | mean_length 63.9
09-04-21 17:59:47 - epoch 2 | global step 7030 | mode train | loss 0.3442 | accuracy 88.75 | mean_length 64
09-04-21 18:01:44 - epoch 2 | global step 7040 | mode train | loss 0.3098 | accuracy 87.5 | mean_length 63.925
09-04-21 18:03:40 - epoch 2 | global step 7050 | mode train | loss 0.2549 | accuracy 89.6875 | mean_length 64
09-04-21 18:05:37 - epoch 2 | global step 7060 | mode train | loss 0.259 | accuracy 89.6875 | mean_length 63.8219
09-04-21 18:07:24 - epoch 2 | global step 7070 | mode train | loss 0.2588 | accuracy 91.25 | mean_length 63.9688
09-04-21 18:09:12 - epoch 2 | global step 7080 | mode train | loss 0.2426 | accuracy 90.9375 | mean_length 63.8906
09-04-21 18:10:59 - epoch 2 | global step 7090 | mode train | loss 0.259 | accuracy 90.9375 | mean_length 63.9937
09-04-21 18:12:55 - epoch 2 | global step 7100 | mode train | loss 0.2392 | accuracy 90.625 | mean_length 63.7469
09-04-21 18:14:51 - epoch 2 | global step 7110 | mode train | loss 0.2239 | accuracy 94.6875 | mean_length 63.8312
09-04-21 18:16:48 - epoch 2 | global step 7120 | mode train | loss 0.1922 | accuracy 93.75 | mean_length 64
09-04-21 18:18:44 - epoch 2 | global step 7130 | mode train | loss 0.198 | accuracy 93.4375 | mean_length 63.8188
09-04-21 18:20:41 - epoch 2 | global step 7140 | mode train | loss 0.2642 | accuracy 90.3125 | mean_length 63.9438
09-04-21 18:22:37 - epoch 2 | global step 7150 | mode train | loss 0.261 | accuracy 91.5625 | mean_length 63.75
09-04-21 18:24:24 - epoch 2 | global step 7160 | mode train | loss 0.2546 | accuracy 91.5625 | mean_length 64
09-04-21 18:37:17 - epoch 2 | global step 7168 | mode validation | loss 0.1962 | accuracy 93.86 | mean_length 63.9708
09-04-21 18:37:17 - Saving model to Output/accGrad4_mbart_noBT_lr8.0e-6_7distractors_maxstep8192_seed42
Epoch: 2, Prediction Accuracy: 93.86, Saved to Path: Output/accGrad4_mbart_noBT_lr8.0e-6_7distractors_maxstep8192_seed42
09-04-21 18:37:51 - epoch 2 | global step 7170 | mode train | loss 0.2359 | accuracy 93.75 | mean_length 64
09-04-21 18:39:47 - epoch 2 | global step 7180 | mode train | loss 0.2293 | accuracy 93.125 | mean_length 63.8937
09-04-21 18:41:43 - epoch 2 | global step 7190 | mode train | loss 0.2045 | accuracy 94.375 | mean_length 64
09-04-21 18:43:40 - epoch 2 | global step 7200 | mode train | loss 0.2027 | accuracy 93.4375 | mean_length 64
09-04-21 18:45:36 - epoch 2 | global step 7210 | mode train | loss 0.153 | accuracy 94.375 | mean_length 64
09-04-21 18:47:32 - epoch 2 | global step 7220 | mode train | loss 0.1831 | accuracy 94.6875 | mean_length 63.7375
09-04-21 18:49:29 - epoch 2 | global step 7230 | mode train | loss 0.2209 | accuracy 92.1875 | mean_length 63.825
09-04-21 18:51:25 - epoch 2 | global step 7240 | mode train | loss 0.2882 | accuracy 90.9375 | mean_length 63.9469
09-04-21 18:53:21 - epoch 2 | global step 7250 | mode train | loss 0.1985 | accuracy 93.4375 | mean_length 63.5187
09-04-21 18:55:18 - epoch 2 | global step 7260 | mode train | loss 0.2564 | accuracy 90.625 | mean_length 63.8094
09-04-21 18:57:05 - epoch 2 | global step 7270 | mode train | loss 0.2197 | accuracy 94.375 | mean_length 64
09-04-21 18:59:02 - epoch 2 | global step 7280 | mode train | loss 0.2796 | accuracy 90.625 | mean_length 64
09-04-21 19:00:58 - epoch 2 | global step 7290 | mode train | loss 0.2041 | accuracy 94.6875 | mean_length 64
09-04-21 19:02:46 - epoch 2 | global step 7300 | mode train | loss 0.1542 | accuracy 96.25 | mean_length 64
09-04-21 19:04:34 - epoch 2 | global step 7310 | mode train | loss 0.2467 | accuracy 91.25 | mean_length 64
09-04-21 19:06:22 - epoch 2 | global step 7320 | mode train | loss 0.1912 | accuracy 93.4375 | mean_length 64
09-04-21 19:08:18 - epoch 2 | global step 7330 | mode train | loss 0.215 | accuracy 93.75 | mean_length 64
09-04-21 19:10:15 - epoch 2 | global step 7340 | mode train | loss 0.1822 | accuracy 93.4375 | mean_length 64
09-04-21 19:12:11 - epoch 2 | global step 7350 | mode train | loss 0.2177 | accuracy 93.125 | mean_length 64
09-04-21 19:14:08 - epoch 2 | global step 7360 | mode train | loss 0.2405 | accuracy 91.25 | mean_length 64
09-04-21 19:16:04 - epoch 2 | global step 7370 | mode train | loss 0.152 | accuracy 95.9375 | mean_length 63.9562
09-04-21 19:18:00 - epoch 2 | global step 7380 | mode train | loss 0.2686 | accuracy 91.25 | mean_length 64
09-04-21 19:19:57 - epoch 2 | global step 7390 | mode train | loss 0.1941 | accuracy 94.0625 | mean_length 63.8969
09-04-21 19:21:53 - epoch 2 | global step 7400 | mode train | loss 0.3632 | accuracy 88.75 | mean_length 64
09-04-21 19:23:50 - epoch 2 | global step 7410 | mode train | loss 0.3409 | accuracy 88.4375 | mean_length 64
09-04-21 19:25:46 - epoch 2 | global step 7420 | mode train | loss 0.2935 | accuracy 91.5625 | mean_length 64
09-04-21 19:27:33 - epoch 2 | global step 7430 | mode train | loss 0.2753 | accuracy 91.5625 | mean_length 64
09-04-21 19:29:30 - epoch 2 | global step 7440 | mode train | loss 0.287 | accuracy 90.0 | mean_length 64
09-04-21 19:31:26 - epoch 2 | global step 7450 | mode train | loss 0.3028 | accuracy 88.75 | mean_length 64
09-04-21 19:33:22 - epoch 2 | global step 7460 | mode train | loss 0.3084 | accuracy 89.6875 | mean_length 64
09-04-21 19:35:19 - epoch 2 | global step 7470 | mode train | loss 0.2767 | accuracy 90.3125 | mean_length 64
09-04-21 19:37:15 - epoch 2 | global step 7480 | mode train | loss 0.3036 | accuracy 87.8125 | mean_length 64
09-04-21 19:39:11 - epoch 2 | global step 7490 | mode train | loss 0.2933 | accuracy 89.0625 | mean_length 63.9656
09-04-21 19:41:08 - epoch 2 | global step 7500 | mode train | loss 0.2787 | accuracy 89.0625 | mean_length 64
09-04-21 19:43:04 - epoch 2 | global step 7510 | mode train | loss 0.2562 | accuracy 91.875 | mean_length 64
09-04-21 19:45:00 - epoch 2 | global step 7520 | mode train | loss 0.2423 | accuracy 92.5 | mean_length 64
09-04-21 19:46:57 - epoch 2 | global step 7530 | mode train | loss 0.3083 | accuracy 88.125 | mean_length 64
09-04-21 19:48:53 - epoch 2 | global step 7540 | mode train | loss 0.2666 | accuracy 90.9375 | mean_length 64
09-04-21 19:50:50 - epoch 2 | global step 7550 | mode train | loss 0.2482 | accuracy 91.875 | mean_length 64
09-04-21 19:52:38 - epoch 2 | global step 7560 | mode train | loss 0.2538 | accuracy 92.5 | mean_length 64
09-04-21 19:54:26 - epoch 2 | global step 7570 | mode train | loss 0.275 | accuracy 90.625 | mean_length 64
09-04-21 19:56:22 - epoch 2 | global step 7580 | mode train | loss 0.2782 | accuracy 90.625 | mean_length 64
09-04-21 19:58:19 - epoch 2 | global step 7590 | mode train | loss 0.2398 | accuracy 90.625 | mean_length 63.8312
09-04-21 20:00:15 - epoch 2 | global step 7600 | mode train | loss 0.2097 | accuracy 92.5 | mean_length 64
09-04-21 20:02:12 - epoch 2 | global step 7610 | mode train | loss 0.2572 | accuracy 90.3125 | mean_length 64
09-04-21 20:04:08 - epoch 2 | global step 7620 | mode train | loss 0.242 | accuracy 90.9375 | mean_length 63.7719
09-04-21 20:06:04 - epoch 2 | global step 7630 | mode train | loss 0.1974 | accuracy 93.75 | mean_length 63.925
09-04-21 20:08:00 - epoch 2 | global step 7640 | mode train | loss 0.2233 | accuracy 93.125 | mean_length 64
09-04-21 20:09:57 - epoch 2 | global step 7650 | mode train | loss 0.2122 | accuracy 92.8125 | mean_length 63.9219
09-04-21 20:11:53 - epoch 2 | global step 7660 | mode train | loss 0.2242 | accuracy 92.5 | mean_length 63.9469
09-04-21 20:13:41 - epoch 2 | global step 7670 | mode train | loss 0.2989 | accuracy 90.3125 | mean_length 64
09-04-21 20:15:38 - epoch 2 | global step 7680 | mode train | loss 0.3377 | accuracy 90.0 | mean_length 64
09-04-21 20:26:59 - epoch 2 | global step 7680 | mode validation | loss 0.3365 | accuracy 88.96 | mean_length 63.9954
09-04-21 20:28:55 - epoch 2 | global step 7690 | mode train | loss 0.4652 | accuracy 85.0 | mean_length 63.9906
09-04-21 20:30:51 - epoch 2 | global step 7700 | mode train | loss 0.6229 | accuracy 80.0 | mean_length 64
09-04-21 20:32:48 - epoch 2 | global step 7710 | mode train | loss 0.5384 | accuracy 84.6875 | mean_length 64
09-04-21 20:34:36 - epoch 2 | global step 7720 | mode train | loss 0.6065 | accuracy 81.25 | mean_length 64
09-04-21 20:36:32 - epoch 2 | global step 7730 | mode train | loss 0.8766 | accuracy 72.5 | mean_length 64
09-04-21 20:38:29 - epoch 2 | global step 7740 | mode train | loss 0.7226 | accuracy 78.75 | mean_length 64
09-04-21 20:40:25 - epoch 2 | global step 7750 | mode train | loss 0.6237 | accuracy 82.5 | mean_length 64
09-04-21 20:42:21 - epoch 2 | global step 7760 | mode train | loss 1.0832 | accuracy 70.625 | mean_length 64
09-04-21 20:44:18 - epoch 2 | global step 7770 | mode train | loss 1.177 | accuracy 69.6875 | mean_length 63.875
09-04-21 20:46:14 - epoch 2 | global step 7780 | mode train | loss 1.8948 | accuracy 51.875 | mean_length 64
09-04-21 20:48:03 - epoch 2 | global step 7790 | mode train | loss 2.2851 | accuracy 37.5 | mean_length 63.9281
09-04-21 20:49:59 - epoch 2 | global step 7800 | mode train | loss 2.6775 | accuracy 33.4375 | mean_length 64
09-04-21 20:51:55 - epoch 2 | global step 7810 | mode train | loss 2.2512 | accuracy 41.25 | mean_length 64
09-04-21 20:53:52 - epoch 2 | global step 7820 | mode train | loss 2.1717 | accuracy 38.4375 | mean_length 63.95
09-04-21 20:55:48 - epoch 2 | global step 7830 | mode train | loss 2.0816 | accuracy 41.25 | mean_length 64
09-04-21 20:57:44 - epoch 2 | global step 7840 | mode train | loss 2.0586 | accuracy 40.0 | mean_length 63.9969
09-04-21 20:59:40 - epoch 2 | global step 7850 | mode train | loss 2.1505 | accuracy 38.75 | mean_length 63.8875
09-04-21 21:01:28 - epoch 2 | global step 7860 | mode train | loss 1.7269 | accuracy 44.6875 | mean_length 63.9156
09-04-21 21:03:25 - epoch 2 | global step 7870 | mode train | loss 1.0198 | accuracy 69.375 | mean_length 64
09-04-21 21:05:13 - epoch 2 | global step 7880 | mode train | loss 0.3767 | accuracy 88.75 | mean_length 63.8719
09-04-21 21:07:09 - epoch 2 | global step 7890 | mode train | loss 0.3337 | accuracy 89.375 | mean_length 64
09-04-21 21:09:06 - epoch 2 | global step 7900 | mode train | loss 0.2395 | accuracy 91.5625 | mean_length 63.6219
09-04-21 21:11:02 - epoch 2 | global step 7910 | mode train | loss 0.253 | accuracy 91.875 | mean_length 64
09-04-21 21:12:58 - epoch 2 | global step 7920 | mode train | loss 0.2455 | accuracy 94.375 | mean_length 63.7469
09-04-21 21:14:50 - epoch 2 | global step 7930 | mode train | loss 0.2251 | accuracy 94.6875 | mean_length 63.9156
09-04-21 21:16:38 - epoch 2 | global step 7940 | mode train | loss 0.2394 | accuracy 92.5 | mean_length 63.9969
09-04-21 21:18:26 - epoch 2 | global step 7950 | mode train | loss 0.2043 | accuracy 93.75 | mean_length 63.8188
09-04-21 21:20:13 - epoch 2 | global step 7960 | mode train | loss 0.2168 | accuracy 92.5 | mean_length 63.7062
09-04-21 21:22:01 - epoch 2 | global step 7970 | mode train | loss 0.1838 | accuracy 94.0625 | mean_length 63.7313
09-04-21 21:23:57 - epoch 2 | global step 7980 | mode train | loss 0.1652 | accuracy 95.0 | mean_length 63.3219
09-04-21 21:25:53 - epoch 2 | global step 7990 | mode train | loss 0.2009 | accuracy 94.375 | mean_length 63.7969
09-04-21 21:27:50 - epoch 2 | global step 8000 | mode train | loss 0.2002 | accuracy 93.4375 | mean_length 63.7062
09-04-21 21:29:46 - epoch 2 | global step 8010 | mode train | loss 0.1963 | accuracy 93.75 | mean_length 63.8781
09-04-21 21:31:42 - epoch 2 | global step 8020 | mode train | loss 0.1878 | accuracy 93.4375 | mean_length 63.4719
09-04-21 21:33:38 - epoch 2 | global step 8030 | mode train | loss 0.1965 | accuracy 93.4375 | mean_length 63.8406
09-04-21 21:35:35 - epoch 2 | global step 8040 | mode train | loss 0.1859 | accuracy 93.125 | mean_length 63.5406
09-04-21 21:37:31 - epoch 2 | global step 8050 | mode train | loss 0.2455 | accuracy 91.5625 | mean_length 63.1375
09-04-21 21:39:28 - epoch 2 | global step 8060 | mode train | loss 0.2295 | accuracy 92.5 | mean_length 63.7062
09-04-21 21:41:24 - epoch 2 | global step 8070 | mode train | loss 0.214 | accuracy 93.125 | mean_length 63.1562
09-04-21 21:43:21 - epoch 2 | global step 8080 | mode train | loss 0.1799 | accuracy 94.375 | mean_length 63.3031
09-04-21 21:45:17 - epoch 2 | global step 8090 | mode train | loss 0.2182 | accuracy 92.8125 | mean_length 63.6875
09-04-21 21:47:13 - epoch 2 | global step 8100 | mode train | loss 0.1692 | accuracy 94.6875 | mean_length 63.525
09-04-21 21:49:10 - epoch 2 | global step 8110 | mode train | loss 0.1758 | accuracy 95.625 | mean_length 63.7062
09-04-21 21:51:06 - epoch 2 | global step 8120 | mode train | loss 0.1792 | accuracy 94.375 | mean_length 63.6406
09-04-21 21:53:02 - epoch 2 | global step 8130 | mode train | loss 0.2113 | accuracy 93.125 | mean_length 63.675
09-04-21 21:54:58 - epoch 2 | global step 8140 | mode train | loss 0.1747 | accuracy 93.4375 | mean_length 63.5812
09-04-21 21:56:55 - epoch 2 | global step 8150 | mode train | loss 0.1467 | accuracy 95.625 | mean_length 63.3875
09-04-21 21:58:51 - epoch 2 | global step 8160 | mode train | loss 0.2033 | accuracy 93.125 | mean_length 62.9781
09-04-21 22:00:48 - epoch 2 | global step 8170 | mode train | loss 0.2478 | accuracy 92.5 | mean_length 62.7656
09-04-21 22:02:44 - epoch 2 | global step 8180 | mode train | loss 0.2308 | accuracy 94.0625 | mean_length 62.8312
09-04-21 22:04:32 - epoch 2 | global step 8190 | mode train | loss 0.1854 | accuracy 94.6875 | mean_length 63.6531
09-04-21 22:04:55 - Evaluate the following checkpoint: Output/accGrad4_mbart_noBT_lr8.0e-6_7distractors_maxstep8192_seed42/model.pt
09-04-21 22:18:39 - Best model stats: 
09-04-21 22:18:39 - epoch 0 | global step 0 | mode validation | loss 0.1967 | accuracy 94.04 | mean_length 63.9782
