==========================================
SLURM_JOB_ID = 5808283
SLURM_JOB_NODELIST = d14-13
TMPDIR = /tmp/SLURM_5808283
==========================================
/home1/zliu9986/communication-translation
09-08-21 17:34:35 - Dataset Loaded
09-08-21 17:34:35 - Configuration:
Namespace(TransferH=False, alpha=1.0, batch_size=8, beam_width=5, bidirectional=False, config='Configs/mbart_ec_en+zh.yml', cpu=False, decode_how='beam', device=device(type='cuda'), do_eval=True, do_train=True, dropout=0.1, fix_bhd=False, fix_spk=False, grad_clip=1.0, gradient_accumulation_steps=4, hard=False, has_vocab_constraint=False, hidden_dim=512, image_dim=2048, lr=1.25e-05, max_global_step=8192, max_seq_length=64, mode='emergent_communication', model_name='Models/mbart_bt_en+zh_lr25e-6', n_gpu=1, no_share_bhd=False, no_terminal=False, no_write=False, num_distractors_train=7, num_distractors_valid=7, num_games=30, num_layers=1, output_dir='Output/accGrad4_mbart_BTen+zh_lr1.25e-5_7distractors_maxstep8192_seed42', print_every=10, save_output_txt=True, save_pretrain_seperately=True, seed=42, source_lang='en_XX', source_lang_vocab_constrain_file='/projects/unmt/communication-translation/en_cc_tokenID2count_dict.cc25.json', stats_to_print=['loss', 'accuracy', 'caption generation loss', 'image selection loss', 'mean_length'], target_acc=85.0, target_lang='zh_CN', target_lang_vocab_constrain_file='/projects/unmt/communication-translation/zh-Hans_cc_tokenID2count_dict.cc25.json', temp=1.0, temperature=1.0, train_images='./Data/ec_finetuning/images_train', two_ffwd=False, unit_norm=False, valid_every=512, valid_images='./Data/ec_finetuning/images_val', vocab_size=4035)
Sharing visual system for each agent.
09-08-21 17:44:56 - epoch 0 | global step 0 | mode validation | loss 2.7472 | accuracy 12.48 | mean_length 48.111
09-08-21 17:44:56 - Saving model to Output/accGrad4_mbart_BTen+zh_lr1.25e-5_7distractors_maxstep8192_seed42
Epoch: 0, Prediction Accuracy: 12.48, Saved to Path: Output/accGrad4_mbart_BTen+zh_lr1.25e-5_7distractors_maxstep8192_seed42
09-08-21 17:46:37 - epoch 0 | global step 10 | mode train | loss 2.7426 | accuracy 14.6875 | mean_length 27.6719
09-08-21 17:47:10 - epoch 0 | global step 20 | mode train | loss 2.4149 | accuracy 10.3125 | mean_length 7.1219
09-08-21 17:48:07 - epoch 0 | global step 30 | mode train | loss 2.176 | accuracy 11.25 | mean_length 9.4563
09-08-21 17:49:28 - epoch 0 | global step 40 | mode train | loss 2.1048 | accuracy 15.3125 | mean_length 15.2094
09-08-21 17:51:05 - epoch 0 | global step 50 | mode train | loss 2.0938 | accuracy 12.5 | mean_length 23.7188
09-08-21 17:52:52 - epoch 0 | global step 60 | mode train | loss 2.0959 | accuracy 13.125 | mean_length 41.9125
09-08-21 17:54:39 - epoch 0 | global step 70 | mode train | loss 2.0717 | accuracy 15.625 | mean_length 51.8687
09-08-21 17:56:27 - epoch 0 | global step 80 | mode train | loss 2.094 | accuracy 12.1875 | mean_length 56.5344
09-08-21 17:58:14 - epoch 0 | global step 90 | mode train | loss 2.0816 | accuracy 16.875 | mean_length 56.8563
09-08-21 18:00:02 - epoch 0 | global step 100 | mode train | loss 2.0846 | accuracy 10.0 | mean_length 47.0438
09-08-21 18:01:48 - epoch 0 | global step 110 | mode train | loss 2.0839 | accuracy 13.4375 | mean_length 41.3281
09-08-21 18:03:36 - epoch 0 | global step 120 | mode train | loss 2.073 | accuracy 11.5625 | mean_length 41.4438
09-08-21 18:05:21 - epoch 0 | global step 130 | mode train | loss 2.0747 | accuracy 11.875 | mean_length 37.3219
09-08-21 18:07:08 - epoch 0 | global step 140 | mode train | loss 2.0792 | accuracy 10.625 | mean_length 38.5812
09-08-21 18:08:52 - epoch 0 | global step 150 | mode train | loss 2.0646 | accuracy 12.8125 | mean_length 39.8719
09-08-21 18:10:39 - epoch 0 | global step 160 | mode train | loss 2.0732 | accuracy 12.8125 | mean_length 41.1
09-08-21 18:12:27 - epoch 0 | global step 170 | mode train | loss 2.0211 | accuracy 15.3125 | mean_length 43.5906
09-08-21 18:14:14 - epoch 0 | global step 180 | mode train | loss 2.0042 | accuracy 14.375 | mean_length 45.4719
09-08-21 18:16:02 - epoch 0 | global step 190 | mode train | loss 2.0158 | accuracy 9.375 | mean_length 56.3906
09-08-21 18:17:50 - epoch 0 | global step 200 | mode train | loss 1.9609 | accuracy 13.4375 | mean_length 49.7531
09-08-21 18:19:38 - epoch 0 | global step 210 | mode train | loss 2.0538 | accuracy 14.0625 | mean_length 55.3687
09-08-21 18:21:26 - epoch 0 | global step 220 | mode train | loss 2.088 | accuracy 15.0 | mean_length 63.95
09-08-21 18:23:13 - epoch 0 | global step 230 | mode train | loss 2.086 | accuracy 10.3125 | mean_length 64
09-08-21 18:25:01 - epoch 0 | global step 240 | mode train | loss 2.0864 | accuracy 10.3125 | mean_length 63.8094
09-08-21 18:26:49 - epoch 0 | global step 250 | mode train | loss 2.0834 | accuracy 13.125 | mean_length 64
09-08-21 18:28:37 - epoch 0 | global step 260 | mode train | loss 2.0774 | accuracy 15.625 | mean_length 64
09-08-21 18:30:24 - epoch 0 | global step 270 | mode train | loss 2.0727 | accuracy 12.8125 | mean_length 64
09-08-21 18:32:12 - epoch 0 | global step 280 | mode train | loss 2.0557 | accuracy 12.8125 | mean_length 64
09-08-21 18:34:00 - epoch 0 | global step 290 | mode train | loss 2.065 | accuracy 12.1875 | mean_length 64
09-08-21 18:35:48 - epoch 0 | global step 300 | mode train | loss 2.083 | accuracy 11.25 | mean_length 64
09-08-21 18:37:35 - epoch 0 | global step 310 | mode train | loss 2.0865 | accuracy 9.0625 | mean_length 64
09-08-21 18:39:22 - epoch 0 | global step 320 | mode train | loss 2.0826 | accuracy 11.875 | mean_length 64
09-08-21 18:41:09 - epoch 0 | global step 330 | mode train | loss 2.0789 | accuracy 9.375 | mean_length 64
09-08-21 18:42:57 - epoch 0 | global step 340 | mode train | loss 2.0798 | accuracy 14.6875 | mean_length 64
09-08-21 18:44:44 - epoch 0 | global step 350 | mode train | loss 2.0851 | accuracy 9.0625 | mean_length 64
09-08-21 18:46:31 - epoch 0 | global step 360 | mode train | loss 2.0812 | accuracy 12.1875 | mean_length 64
09-08-21 18:48:18 - epoch 0 | global step 370 | mode train | loss 2.0756 | accuracy 13.4375 | mean_length 64
09-08-21 18:50:06 - epoch 0 | global step 380 | mode train | loss 2.0271 | accuracy 11.25 | mean_length 64
09-08-21 18:51:54 - epoch 0 | global step 390 | mode train | loss 2.0457 | accuracy 13.75 | mean_length 64
09-08-21 18:53:42 - epoch 0 | global step 400 | mode train | loss 2.0417 | accuracy 11.875 | mean_length 64
09-08-21 18:55:29 - epoch 0 | global step 410 | mode train | loss 2.0133 | accuracy 12.8125 | mean_length 64
09-08-21 18:57:16 - epoch 0 | global step 420 | mode train | loss 2.015 | accuracy 12.5 | mean_length 64
09-08-21 18:59:04 - epoch 0 | global step 430 | mode train | loss 1.9764 | accuracy 16.5625 | mean_length 64
09-08-21 19:00:51 - epoch 0 | global step 440 | mode train | loss 2.0233 | accuracy 11.5625 | mean_length 64
09-08-21 19:02:39 - epoch 0 | global step 450 | mode train | loss 1.9787 | accuracy 15.9375 | mean_length 64
09-08-21 19:04:26 - epoch 0 | global step 460 | mode train | loss 1.9975 | accuracy 14.0625 | mean_length 64
09-08-21 19:06:13 - epoch 0 | global step 470 | mode train | loss 2.0719 | accuracy 11.25 | mean_length 64
09-08-21 19:08:01 - epoch 0 | global step 480 | mode train | loss 1.995 | accuracy 17.1875 | mean_length 64
09-08-21 19:09:48 - epoch 0 | global step 490 | mode train | loss 2.0227 | accuracy 13.75 | mean_length 64
09-08-21 19:11:36 - epoch 0 | global step 500 | mode train | loss 2.0474 | accuracy 11.5625 | mean_length 64
09-08-21 19:13:23 - epoch 0 | global step 510 | mode train | loss 1.9821 | accuracy 15.3125 | mean_length 64
09-08-21 19:23:15 - epoch 0 | global step 512 | mode validation | loss 1.9489 | accuracy 14.3 | mean_length 64
09-08-21 19:23:15 - Saving model to Output/accGrad4_mbart_BTen+zh_lr1.25e-5_7distractors_maxstep8192_seed42
Epoch: 0, Prediction Accuracy: 14.3, Saved to Path: Output/accGrad4_mbart_BTen+zh_lr1.25e-5_7distractors_maxstep8192_seed42
09-08-21 19:24:51 - epoch 0 | global step 520 | mode train | loss 1.9524 | accuracy 15.9375 | mean_length 64
09-08-21 19:26:38 - epoch 0 | global step 530 | mode train | loss 2.0533 | accuracy 12.8125 | mean_length 64
09-08-21 19:28:25 - epoch 0 | global step 540 | mode train | loss 2.0607 | accuracy 13.4375 | mean_length 64
09-08-21 19:30:12 - epoch 0 | global step 550 | mode train | loss 1.966 | accuracy 13.125 | mean_length 64
09-08-21 19:32:00 - epoch 0 | global step 560 | mode train | loss 1.9167 | accuracy 15.3125 | mean_length 64
09-08-21 19:33:47 - epoch 0 | global step 570 | mode train | loss 1.9298 | accuracy 15.3125 | mean_length 64
09-08-21 19:35:34 - epoch 0 | global step 580 | mode train | loss 2.0287 | accuracy 11.25 | mean_length 64
09-08-21 19:37:21 - epoch 0 | global step 590 | mode train | loss 2.0695 | accuracy 13.4375 | mean_length 64
09-08-21 19:39:08 - epoch 0 | global step 600 | mode train | loss 2.0716 | accuracy 15.3125 | mean_length 64
09-08-21 19:40:56 - epoch 0 | global step 610 | mode train | loss 2.0705 | accuracy 13.75 | mean_length 64
09-08-21 19:42:43 - epoch 0 | global step 620 | mode train | loss 2.0636 | accuracy 14.0625 | mean_length 64
09-08-21 19:44:30 - epoch 0 | global step 630 | mode train | loss 2.0475 | accuracy 15.3125 | mean_length 64
09-08-21 19:46:17 - epoch 0 | global step 640 | mode train | loss 1.9776 | accuracy 16.5625 | mean_length 64
09-08-21 19:48:05 - epoch 0 | global step 650 | mode train | loss 1.9253 | accuracy 13.4375 | mean_length 64
09-08-21 19:49:52 - epoch 0 | global step 660 | mode train | loss 1.9621 | accuracy 10.9375 | mean_length 64
09-08-21 19:51:40 - epoch 0 | global step 670 | mode train | loss 1.9084 | accuracy 13.75 | mean_length 64
09-08-21 19:53:27 - epoch 0 | global step 680 | mode train | loss 1.9214 | accuracy 18.125 | mean_length 64
09-08-21 19:55:15 - epoch 0 | global step 690 | mode train | loss 1.9291 | accuracy 14.375 | mean_length 64
09-08-21 19:57:02 - epoch 0 | global step 700 | mode train | loss 1.9788 | accuracy 15.3125 | mean_length 64
09-08-21 19:58:50 - epoch 0 | global step 710 | mode train | loss 2.0062 | accuracy 16.5625 | mean_length 64
09-08-21 20:00:37 - epoch 0 | global step 720 | mode train | loss 1.9528 | accuracy 16.5625 | mean_length 64
09-08-21 20:02:24 - epoch 0 | global step 730 | mode train | loss 2.0161 | accuracy 11.875 | mean_length 64
09-08-21 20:04:12 - epoch 0 | global step 740 | mode train | loss 2.0219 | accuracy 16.5625 | mean_length 64
09-08-21 20:05:58 - epoch 0 | global step 750 | mode train | loss 2.0026 | accuracy 15.625 | mean_length 64
09-08-21 20:07:46 - epoch 0 | global step 760 | mode train | loss 1.9339 | accuracy 14.375 | mean_length 64
09-08-21 20:09:33 - epoch 0 | global step 770 | mode train | loss 1.8945 | accuracy 15.0 | mean_length 64
09-08-21 20:11:20 - epoch 0 | global step 780 | mode train | loss 1.9547 | accuracy 16.875 | mean_length 64
09-08-21 20:13:08 - epoch 0 | global step 790 | mode train | loss 1.8902 | accuracy 21.5625 | mean_length 64
09-08-21 20:14:55 - epoch 0 | global step 800 | mode train | loss 1.8916 | accuracy 22.8125 | mean_length 64
09-08-21 20:16:42 - epoch 0 | global step 810 | mode train | loss 1.9468 | accuracy 13.75 | mean_length 64
09-08-21 20:18:30 - epoch 0 | global step 820 | mode train | loss 1.9217 | accuracy 18.125 | mean_length 64
09-08-21 20:20:17 - epoch 0 | global step 830 | mode train | loss 1.9971 | accuracy 17.5 | mean_length 64
09-08-21 20:22:05 - epoch 0 | global step 840 | mode train | loss 2.0683 | accuracy 14.6875 | mean_length 64
09-08-21 20:23:52 - epoch 0 | global step 850 | mode train | loss 2.012 | accuracy 11.875 | mean_length 63.8594
09-08-21 20:25:39 - epoch 0 | global step 860 | mode train | loss 1.9792 | accuracy 13.4375 | mean_length 64
09-08-21 20:27:28 - epoch 0 | global step 870 | mode train | loss 1.9988 | accuracy 13.75 | mean_length 64
09-08-21 20:29:17 - epoch 0 | global step 880 | mode train | loss 1.9859 | accuracy 14.0625 | mean_length 64
09-08-21 20:31:06 - epoch 0 | global step 890 | mode train | loss 1.9471 | accuracy 19.0625 | mean_length 64
09-08-21 20:32:59 - epoch 0 | global step 900 | mode train | loss 1.9991 | accuracy 13.75 | mean_length 64
09-08-21 20:34:46 - epoch 0 | global step 910 | mode train | loss 2.0129 | accuracy 14.375 | mean_length 64
09-08-21 20:36:34 - epoch 0 | global step 920 | mode train | loss 1.9423 | accuracy 20.3125 | mean_length 64
09-08-21 20:38:21 - epoch 0 | global step 930 | mode train | loss 1.9043 | accuracy 21.875 | mean_length 64
09-08-21 20:40:09 - epoch 0 | global step 940 | mode train | loss 1.9063 | accuracy 20.0 | mean_length 64
09-08-21 20:41:58 - epoch 0 | global step 950 | mode train | loss 1.9491 | accuracy 20.9375 | mean_length 64
09-08-21 20:43:47 - epoch 0 | global step 960 | mode train | loss 2.0273 | accuracy 18.75 | mean_length 64
09-08-21 20:45:34 - epoch 0 | global step 970 | mode train | loss 1.964 | accuracy 21.5625 | mean_length 64
09-08-21 20:47:22 - epoch 0 | global step 980 | mode train | loss 1.9109 | accuracy 25.0 | mean_length 64
09-08-21 20:49:09 - epoch 0 | global step 990 | mode train | loss 1.8999 | accuracy 21.25 | mean_length 64
09-08-21 20:51:00 - epoch 0 | global step 1000 | mode train | loss 1.8939 | accuracy 22.5 | mean_length 64
09-08-21 20:52:48 - epoch 0 | global step 1010 | mode train | loss 1.8985 | accuracy 24.6875 | mean_length 64
09-08-21 20:54:35 - epoch 0 | global step 1020 | mode train | loss 1.8351 | accuracy 24.0625 | mean_length 64
09-08-21 21:04:54 - epoch 0 | global step 1024 | mode validation | loss 1.8494 | accuracy 25.06 | mean_length 64
09-08-21 21:04:54 - Saving model to Output/accGrad4_mbart_BTen+zh_lr1.25e-5_7distractors_maxstep8192_seed42
Epoch: 0, Prediction Accuracy: 25.06, Saved to Path: Output/accGrad4_mbart_BTen+zh_lr1.25e-5_7distractors_maxstep8192_seed42
09-08-21 21:06:08 - epoch 0 | global step 1030 | mode train | loss 1.88 | accuracy 23.75 | mean_length 64
09-08-21 21:07:56 - epoch 0 | global step 1040 | mode train | loss 1.8753 | accuracy 24.375 | mean_length 64
09-08-21 21:09:44 - epoch 0 | global step 1050 | mode train | loss 1.8252 | accuracy 28.4375 | mean_length 64
09-08-21 21:11:32 - epoch 0 | global step 1060 | mode train | loss 1.8476 | accuracy 20.3125 | mean_length 64
09-08-21 21:13:19 - epoch 0 | global step 1070 | mode train | loss 2.0474 | accuracy 15.9375 | mean_length 64
09-08-21 21:15:07 - epoch 0 | global step 1080 | mode train | loss 1.8621 | accuracy 24.0625 | mean_length 64
09-08-21 21:16:54 - epoch 0 | global step 1090 | mode train | loss 1.7806 | accuracy 30.625 | mean_length 64
09-08-21 21:18:41 - epoch 0 | global step 1100 | mode train | loss 1.8678 | accuracy 23.75 | mean_length 64
09-08-21 21:20:29 - epoch 0 | global step 1110 | mode train | loss 1.7743 | accuracy 27.5 | mean_length 64
09-08-21 21:22:16 - epoch 0 | global step 1120 | mode train | loss 1.7489 | accuracy 28.75 | mean_length 64
09-08-21 21:24:03 - epoch 0 | global step 1130 | mode train | loss 1.8252 | accuracy 25.0 | mean_length 64
09-08-21 21:25:51 - epoch 0 | global step 1140 | mode train | loss 1.7494 | accuracy 33.75 | mean_length 64
09-08-21 21:27:38 - epoch 0 | global step 1150 | mode train | loss 2.41 | accuracy 26.875 | mean_length 64
09-08-21 21:29:25 - epoch 0 | global step 1160 | mode train | loss 1.9637 | accuracy 22.8125 | mean_length 64
09-08-21 21:31:12 - epoch 0 | global step 1170 | mode train | loss 1.8167 | accuracy 27.5 | mean_length 64
09-08-21 21:33:00 - epoch 0 | global step 1180 | mode train | loss 1.8086 | accuracy 28.4375 | mean_length 64
09-08-21 21:34:47 - epoch 0 | global step 1190 | mode train | loss 1.8064 | accuracy 26.5625 | mean_length 64
09-08-21 21:36:34 - epoch 0 | global step 1200 | mode train | loss 1.7976 | accuracy 27.1875 | mean_length 64
09-08-21 21:38:21 - epoch 0 | global step 1210 | mode train | loss 1.8104 | accuracy 21.5625 | mean_length 64
09-08-21 21:40:08 - epoch 0 | global step 1220 | mode train | loss 1.74 | accuracy 25.9375 | mean_length 64
09-08-21 21:41:56 - epoch 0 | global step 1230 | mode train | loss 1.7239 | accuracy 30.3125 | mean_length 64
09-08-21 21:43:45 - epoch 0 | global step 1240 | mode train | loss 1.6857 | accuracy 30.0 | mean_length 64
09-08-21 21:45:33 - epoch 0 | global step 1250 | mode train | loss 1.6707 | accuracy 34.375 | mean_length 64
09-08-21 21:47:20 - epoch 0 | global step 1260 | mode train | loss 1.7207 | accuracy 30.3125 | mean_length 64
09-08-21 21:49:07 - epoch 0 | global step 1270 | mode train | loss 1.6594 | accuracy 33.4375 | mean_length 64
09-08-21 21:50:55 - epoch 0 | global step 1280 | mode train | loss 1.6267 | accuracy 33.4375 | mean_length 64
09-08-21 21:52:42 - epoch 0 | global step 1290 | mode train | loss 1.5878 | accuracy 33.75 | mean_length 64
09-08-21 21:54:30 - epoch 0 | global step 1300 | mode train | loss 1.6133 | accuracy 32.8125 | mean_length 64
09-08-21 21:56:18 - epoch 0 | global step 1310 | mode train | loss 1.6347 | accuracy 31.875 | mean_length 64
09-08-21 21:58:05 - epoch 0 | global step 1320 | mode train | loss 1.5846 | accuracy 35.9375 | mean_length 64
09-08-21 21:59:52 - epoch 0 | global step 1330 | mode train | loss 1.6202 | accuracy 29.6875 | mean_length 64
09-08-21 22:01:40 - epoch 0 | global step 1340 | mode train | loss 1.532 | accuracy 36.5625 | mean_length 64
09-08-21 22:03:27 - epoch 0 | global step 1350 | mode train | loss 1.5607 | accuracy 35.3125 | mean_length 64
09-08-21 22:05:14 - epoch 0 | global step 1360 | mode train | loss 1.5726 | accuracy 36.875 | mean_length 64
09-08-21 22:07:02 - epoch 0 | global step 1370 | mode train | loss 1.5918 | accuracy 34.6875 | mean_length 64
09-08-21 22:08:49 - epoch 0 | global step 1380 | mode train | loss 1.4583 | accuracy 40.3125 | mean_length 64
09-08-21 22:10:36 - epoch 0 | global step 1390 | mode train | loss 1.572 | accuracy 35.0 | mean_length 64
09-08-21 22:12:24 - epoch 0 | global step 1400 | mode train | loss 1.5198 | accuracy 35.625 | mean_length 64
09-08-21 22:14:11 - epoch 0 | global step 1410 | mode train | loss 1.5157 | accuracy 36.25 | mean_length 64
09-08-21 22:15:59 - epoch 0 | global step 1420 | mode train | loss 1.5833 | accuracy 31.5625 | mean_length 64
09-08-21 22:17:46 - epoch 0 | global step 1430 | mode train | loss 1.5367 | accuracy 37.8125 | mean_length 64
09-08-21 22:19:33 - epoch 0 | global step 1440 | mode train | loss 1.4399 | accuracy 44.375 | mean_length 63.8125
09-08-21 22:21:21 - epoch 0 | global step 1450 | mode train | loss 1.4836 | accuracy 34.6875 | mean_length 63.8125
09-08-21 22:23:09 - epoch 0 | global step 1460 | mode train | loss 1.5235 | accuracy 35.9375 | mean_length 63.8156
09-08-21 22:24:56 - epoch 0 | global step 1470 | mode train | loss 1.4409 | accuracy 38.75 | mean_length 64
09-08-21 22:26:43 - epoch 0 | global step 1480 | mode train | loss 1.5556 | accuracy 35.0 | mean_length 64
09-08-21 22:28:32 - epoch 0 | global step 1490 | mode train | loss 1.4696 | accuracy 40.0 | mean_length 64
09-08-21 22:30:20 - epoch 0 | global step 1500 | mode train | loss 1.4377 | accuracy 42.1875 | mean_length 64
09-08-21 22:32:08 - epoch 0 | global step 1510 | mode train | loss 1.455 | accuracy 39.6875 | mean_length 64
09-08-21 22:33:57 - epoch 0 | global step 1520 | mode train | loss 1.4722 | accuracy 41.5625 | mean_length 64
09-08-21 22:35:45 - epoch 0 | global step 1530 | mode train | loss 1.5197 | accuracy 35.9375 | mean_length 64
09-08-21 22:46:28 - epoch 0 | global step 1536 | mode validation | loss 1.538 | accuracy 36.76 | mean_length 64
09-08-21 22:46:28 - Saving model to Output/accGrad4_mbart_BTen+zh_lr1.25e-5_7distractors_maxstep8192_seed42
Epoch: 0, Prediction Accuracy: 36.76, Saved to Path: Output/accGrad4_mbart_BTen+zh_lr1.25e-5_7distractors_maxstep8192_seed42
09-08-21 22:47:22 - epoch 0 | global step 1540 | mode train | loss 1.4946 | accuracy 41.5625 | mean_length 64
09-08-21 22:49:10 - epoch 0 | global step 1550 | mode train | loss 1.4156 | accuracy 40.9375 | mean_length 64
09-08-21 22:50:59 - epoch 0 | global step 1560 | mode train | loss 1.4792 | accuracy 35.3125 | mean_length 64
09-08-21 22:52:48 - epoch 0 | global step 1570 | mode train | loss 1.4265 | accuracy 42.8125 | mean_length 64
09-08-21 22:54:36 - epoch 0 | global step 1580 | mode train | loss 1.3913 | accuracy 41.5625 | mean_length 64
09-08-21 22:56:25 - epoch 0 | global step 1590 | mode train | loss 1.4505 | accuracy 40.625 | mean_length 64
09-08-21 22:58:14 - epoch 0 | global step 1600 | mode train | loss 1.3824 | accuracy 45.9375 | mean_length 64
09-08-21 23:00:02 - epoch 0 | global step 1610 | mode train | loss 1.3656 | accuracy 45.625 | mean_length 64
09-08-21 23:01:51 - epoch 0 | global step 1620 | mode train | loss 1.3463 | accuracy 46.25 | mean_length 64
09-08-21 23:03:39 - epoch 0 | global step 1630 | mode train | loss 1.4496 | accuracy 41.5625 | mean_length 64
09-08-21 23:05:27 - epoch 0 | global step 1640 | mode train | loss 1.3876 | accuracy 43.75 | mean_length 64
09-08-21 23:07:15 - epoch 0 | global step 1650 | mode train | loss 1.4502 | accuracy 40.625 | mean_length 64
09-08-21 23:09:03 - epoch 0 | global step 1660 | mode train | loss 1.3889 | accuracy 45.0 | mean_length 64
09-08-21 23:10:51 - epoch 0 | global step 1670 | mode train | loss 1.3304 | accuracy 46.25 | mean_length 64
09-08-21 23:12:39 - epoch 0 | global step 1680 | mode train | loss 1.3235 | accuracy 45.625 | mean_length 64
09-08-21 23:14:27 - epoch 0 | global step 1690 | mode train | loss 1.4084 | accuracy 40.0 | mean_length 64
09-08-21 23:16:16 - epoch 0 | global step 1700 | mode train | loss 1.3671 | accuracy 41.5625 | mean_length 64
09-08-21 23:18:04 - epoch 0 | global step 1710 | mode train | loss 1.3755 | accuracy 44.6875 | mean_length 64
09-08-21 23:19:52 - epoch 0 | global step 1720 | mode train | loss 1.3739 | accuracy 39.375 | mean_length 64
09-08-21 23:21:40 - epoch 0 | global step 1730 | mode train | loss 1.3527 | accuracy 45.3125 | mean_length 64
09-08-21 23:23:28 - epoch 0 | global step 1740 | mode train | loss 1.2788 | accuracy 48.125 | mean_length 64
09-08-21 23:25:17 - epoch 0 | global step 1750 | mode train | loss 1.2992 | accuracy 47.1875 | mean_length 64
09-08-21 23:27:05 - epoch 0 | global step 1760 | mode train | loss 1.2806 | accuracy 45.625 | mean_length 64
09-08-21 23:28:53 - epoch 0 | global step 1770 | mode train | loss 1.3057 | accuracy 49.6875 | mean_length 64
09-08-21 23:30:41 - epoch 0 | global step 1780 | mode train | loss 1.2956 | accuracy 45.625 | mean_length 64
09-08-21 23:32:29 - epoch 0 | global step 1790 | mode train | loss 1.3329 | accuracy 45.3125 | mean_length 64
09-08-21 23:34:18 - epoch 0 | global step 1800 | mode train | loss 1.1941 | accuracy 51.875 | mean_length 64
09-08-21 23:36:06 - epoch 0 | global step 1810 | mode train | loss 1.1998 | accuracy 51.25 | mean_length 64
09-08-21 23:37:54 - epoch 0 | global step 1820 | mode train | loss 1.2364 | accuracy 49.0625 | mean_length 64
09-08-21 23:39:42 - epoch 0 | global step 1830 | mode train | loss 1.3107 | accuracy 48.75 | mean_length 64
09-08-21 23:41:29 - epoch 0 | global step 1840 | mode train | loss 1.2464 | accuracy 49.0625 | mean_length 64
09-08-21 23:43:16 - epoch 0 | global step 1850 | mode train | loss 1.2598 | accuracy 49.375 | mean_length 64
09-08-21 23:45:04 - epoch 0 | global step 1860 | mode train | loss 1.2345 | accuracy 51.25 | mean_length 64
09-08-21 23:46:51 - epoch 0 | global step 1870 | mode train | loss 1.1968 | accuracy 51.875 | mean_length 64
09-08-21 23:48:39 - epoch 0 | global step 1880 | mode train | loss 1.1687 | accuracy 55.625 | mean_length 64
09-08-21 23:50:26 - epoch 0 | global step 1890 | mode train | loss 1.1672 | accuracy 53.4375 | mean_length 64
09-08-21 23:52:14 - epoch 0 | global step 1900 | mode train | loss 1.2476 | accuracy 51.25 | mean_length 64
09-08-21 23:54:02 - epoch 0 | global step 1910 | mode train | loss 1.0876 | accuracy 58.75 | mean_length 64
09-08-21 23:55:49 - epoch 0 | global step 1920 | mode train | loss 1.2053 | accuracy 47.5 | mean_length 64
09-08-21 23:57:37 - epoch 0 | global step 1930 | mode train | loss 1.12 | accuracy 53.4375 | mean_length 64
09-08-21 23:59:24 - epoch 0 | global step 1940 | mode train | loss 1.164 | accuracy 54.0625 | mean_length 64
09-09-21 00:01:11 - epoch 0 | global step 1950 | mode train | loss 1.2193 | accuracy 50.3125 | mean_length 64
09-09-21 00:02:59 - epoch 0 | global step 1960 | mode train | loss 1.2488 | accuracy 48.125 | mean_length 64
09-09-21 00:04:46 - epoch 0 | global step 1970 | mode train | loss 1.2425 | accuracy 47.8125 | mean_length 64
09-09-21 00:06:33 - epoch 0 | global step 1980 | mode train | loss 1.1945 | accuracy 51.25 | mean_length 64
09-09-21 00:08:21 - epoch 0 | global step 1990 | mode train | loss 1.1233 | accuracy 58.125 | mean_length 64
09-09-21 00:10:08 - epoch 0 | global step 2000 | mode train | loss 1.101 | accuracy 58.75 | mean_length 64
09-09-21 00:11:56 - epoch 0 | global step 2010 | mode train | loss 1.0846 | accuracy 59.6875 | mean_length 64
09-09-21 00:13:43 - epoch 0 | global step 2020 | mode train | loss 1.0711 | accuracy 58.125 | mean_length 64
09-09-21 00:15:31 - epoch 0 | global step 2030 | mode train | loss 1.1043 | accuracy 58.4375 | mean_length 64
09-09-21 00:17:18 - epoch 0 | global step 2040 | mode train | loss 1.1367 | accuracy 54.6875 | mean_length 64
09-09-21 00:28:16 - epoch 0 | global step 2048 | mode validation | loss 1.1655 | accuracy 52.66 | mean_length 64
09-09-21 00:28:16 - Saving model to Output/accGrad4_mbart_BTen+zh_lr1.25e-5_7distractors_maxstep8192_seed42
Epoch: 0, Prediction Accuracy: 52.66, Saved to Path: Output/accGrad4_mbart_BTen+zh_lr1.25e-5_7distractors_maxstep8192_seed42
09-09-21 00:28:48 - epoch 0 | global step 2050 | mode train | loss 1.095 | accuracy 57.5 | mean_length 64
09-09-21 00:30:35 - epoch 0 | global step 2060 | mode train | loss 1.0748 | accuracy 54.375 | mean_length 64
09-09-21 00:32:23 - epoch 0 | global step 2070 | mode train | loss 1.0966 | accuracy 56.25 | mean_length 64
09-09-21 00:34:10 - epoch 0 | global step 2080 | mode train | loss 1.084 | accuracy 55.3125 | mean_length 64
09-09-21 00:35:58 - epoch 0 | global step 2090 | mode train | loss 1.0075 | accuracy 60.0 | mean_length 64
09-09-21 00:37:45 - epoch 0 | global step 2100 | mode train | loss 1.178 | accuracy 50.9375 | mean_length 64
09-09-21 00:39:32 - epoch 0 | global step 2110 | mode train | loss 1.1459 | accuracy 52.8125 | mean_length 64
09-09-21 00:41:20 - epoch 0 | global step 2120 | mode train | loss 1.0554 | accuracy 59.6875 | mean_length 64
09-09-21 00:43:07 - epoch 0 | global step 2130 | mode train | loss 1.1059 | accuracy 54.375 | mean_length 64
09-09-21 00:44:55 - epoch 0 | global step 2140 | mode train | loss 1.0812 | accuracy 55.625 | mean_length 64
09-09-21 00:46:42 - epoch 0 | global step 2150 | mode train | loss 1.0214 | accuracy 62.1875 | mean_length 64
09-09-21 00:48:29 - epoch 0 | global step 2160 | mode train | loss 1.0224 | accuracy 60.9375 | mean_length 64
09-09-21 00:50:17 - epoch 0 | global step 2170 | mode train | loss 1.0413 | accuracy 55.3125 | mean_length 64
09-09-21 00:52:05 - epoch 0 | global step 2180 | mode train | loss 1.0215 | accuracy 61.25 | mean_length 64
09-09-21 00:53:52 - epoch 0 | global step 2190 | mode train | loss 1.0505 | accuracy 58.75 | mean_length 64
09-09-21 00:55:39 - epoch 0 | global step 2200 | mode train | loss 1.0107 | accuracy 60.0 | mean_length 64
09-09-21 00:57:27 - epoch 0 | global step 2210 | mode train | loss 1.0264 | accuracy 59.375 | mean_length 64
09-09-21 00:59:14 - epoch 0 | global step 2220 | mode train | loss 1.0171 | accuracy 58.4375 | mean_length 64
09-09-21 01:01:02 - epoch 0 | global step 2230 | mode train | loss 0.9902 | accuracy 58.4375 | mean_length 64
09-09-21 01:02:49 - epoch 0 | global step 2240 | mode train | loss 1.0833 | accuracy 57.8125 | mean_length 64
09-09-21 01:04:36 - epoch 0 | global step 2250 | mode train | loss 0.9843 | accuracy 60.625 | mean_length 64
09-09-21 01:06:24 - epoch 0 | global step 2260 | mode train | loss 1.1358 | accuracy 53.125 | mean_length 64
09-09-21 01:08:11 - epoch 0 | global step 2270 | mode train | loss 0.9932 | accuracy 60.3125 | mean_length 64
09-09-21 01:09:58 - epoch 0 | global step 2280 | mode train | loss 0.9652 | accuracy 59.375 | mean_length 64
09-09-21 01:11:46 - epoch 0 | global step 2290 | mode train | loss 0.9673 | accuracy 60.0 | mean_length 64
09-09-21 01:13:33 - epoch 0 | global step 2300 | mode train | loss 0.9833 | accuracy 57.5 | mean_length 64
09-09-21 01:15:20 - epoch 0 | global step 2310 | mode train | loss 0.9529 | accuracy 63.4375 | mean_length 64
09-09-21 01:17:08 - epoch 0 | global step 2320 | mode train | loss 0.9795 | accuracy 59.6875 | mean_length 64
09-09-21 01:18:55 - epoch 0 | global step 2330 | mode train | loss 0.913 | accuracy 64.0625 | mean_length 64
09-09-21 01:20:42 - epoch 0 | global step 2340 | mode train | loss 0.8989 | accuracy 62.5 | mean_length 64
09-09-21 01:22:30 - epoch 0 | global step 2350 | mode train | loss 0.9056 | accuracy 62.1875 | mean_length 64
09-09-21 01:24:17 - epoch 0 | global step 2360 | mode train | loss 0.9296 | accuracy 62.5 | mean_length 64
09-09-21 01:26:04 - epoch 0 | global step 2370 | mode train | loss 0.9962 | accuracy 59.375 | mean_length 64
09-09-21 01:27:51 - epoch 0 | global step 2380 | mode train | loss 1.0045 | accuracy 58.75 | mean_length 64
09-09-21 01:29:39 - epoch 0 | global step 2390 | mode train | loss 0.8924 | accuracy 65.0 | mean_length 64
09-09-21 01:31:26 - epoch 0 | global step 2400 | mode train | loss 0.9255 | accuracy 63.125 | mean_length 64
09-09-21 01:33:13 - epoch 0 | global step 2410 | mode train | loss 0.8853 | accuracy 63.125 | mean_length 64
09-09-21 01:35:01 - epoch 0 | global step 2420 | mode train | loss 1.0137 | accuracy 59.6875 | mean_length 64
09-09-21 01:36:48 - epoch 0 | global step 2430 | mode train | loss 0.9079 | accuracy 60.3125 | mean_length 64
09-09-21 01:38:36 - epoch 0 | global step 2440 | mode train | loss 1.0361 | accuracy 61.5625 | mean_length 64
09-09-21 01:40:23 - epoch 0 | global step 2450 | mode train | loss 0.9711 | accuracy 62.5 | mean_length 64
09-09-21 01:42:10 - epoch 0 | global step 2460 | mode train | loss 0.8979 | accuracy 63.125 | mean_length 64
09-09-21 01:43:58 - epoch 0 | global step 2470 | mode train | loss 0.8539 | accuracy 66.875 | mean_length 64
09-09-21 01:45:45 - epoch 0 | global step 2480 | mode train | loss 0.9315 | accuracy 63.125 | mean_length 64
09-09-21 01:47:32 - epoch 0 | global step 2490 | mode train | loss 1.0002 | accuracy 60.3125 | mean_length 64
09-09-21 01:49:20 - epoch 0 | global step 2500 | mode train | loss 1.1346 | accuracy 54.0625 | mean_length 64
09-09-21 01:51:07 - epoch 0 | global step 2510 | mode train | loss 0.9682 | accuracy 59.375 | mean_length 64
09-09-21 01:52:55 - epoch 0 | global step 2520 | mode train | loss 0.952 | accuracy 61.5625 | mean_length 64
09-09-21 01:54:42 - epoch 0 | global step 2530 | mode train | loss 0.9064 | accuracy 61.5625 | mean_length 64
09-09-21 01:56:30 - epoch 0 | global step 2540 | mode train | loss 0.8203 | accuracy 68.75 | mean_length 64
09-09-21 01:58:17 - epoch 0 | global step 2550 | mode train | loss 0.8682 | accuracy 64.6875 | mean_length 64
09-09-21 02:00:04 - epoch 0 | global step 2560 | mode train | loss 0.8863 | accuracy 62.1875 | mean_length 64
09-09-21 02:09:35 - epoch 0 | global step 2560 | mode validation | loss 0.934 | accuracy 62.88 | mean_length 64
09-09-21 02:09:35 - Saving model to Output/accGrad4_mbart_BTen+zh_lr1.25e-5_7distractors_maxstep8192_seed42
Epoch: 0, Prediction Accuracy: 62.88, Saved to Path: Output/accGrad4_mbart_BTen+zh_lr1.25e-5_7distractors_maxstep8192_seed42
09-09-21 02:11:33 - epoch 0 | global step 2570 | mode train | loss 0.91 | accuracy 60.0 | mean_length 64
09-09-21 02:13:20 - epoch 0 | global step 2580 | mode train | loss 0.8651 | accuracy 63.4375 | mean_length 64
09-09-21 02:15:07 - epoch 0 | global step 2590 | mode train | loss 0.8735 | accuracy 62.8125 | mean_length 64
09-09-21 02:16:55 - epoch 0 | global step 2600 | mode train | loss 0.8588 | accuracy 62.8125 | mean_length 64
09-09-21 02:18:42 - epoch 0 | global step 2610 | mode train | loss 0.8217 | accuracy 71.25 | mean_length 64
09-09-21 02:20:29 - epoch 0 | global step 2620 | mode train | loss 0.8727 | accuracy 64.6875 | mean_length 64
09-09-21 02:22:17 - epoch 0 | global step 2630 | mode train | loss 0.7712 | accuracy 69.0625 | mean_length 64
09-09-21 02:24:04 - epoch 0 | global step 2640 | mode train | loss 0.8538 | accuracy 65.625 | mean_length 64
09-09-21 02:25:51 - epoch 0 | global step 2650 | mode train | loss 0.8637 | accuracy 65.9375 | mean_length 64
09-09-21 02:27:39 - epoch 0 | global step 2660 | mode train | loss 0.8878 | accuracy 67.1875 | mean_length 64
09-09-21 02:29:26 - epoch 0 | global step 2670 | mode train | loss 0.8081 | accuracy 68.4375 | mean_length 64
09-09-21 02:31:13 - epoch 0 | global step 2680 | mode train | loss 0.8643 | accuracy 66.25 | mean_length 64
09-09-21 02:33:01 - epoch 0 | global step 2690 | mode train | loss 0.7685 | accuracy 72.1875 | mean_length 64
09-09-21 02:34:48 - epoch 0 | global step 2700 | mode train | loss 0.8527 | accuracy 67.8125 | mean_length 64
09-09-21 02:36:35 - epoch 0 | global step 2710 | mode train | loss 0.8235 | accuracy 64.375 | mean_length 64
09-09-21 02:38:23 - epoch 0 | global step 2720 | mode train | loss 0.8491 | accuracy 66.25 | mean_length 64
09-09-21 02:40:10 - epoch 0 | global step 2730 | mode train | loss 0.7767 | accuracy 69.6875 | mean_length 64
09-09-21 02:41:57 - epoch 0 | global step 2740 | mode train | loss 0.8199 | accuracy 65.625 | mean_length 64
09-09-21 02:43:45 - epoch 0 | global step 2750 | mode train | loss 0.781 | accuracy 69.375 | mean_length 64
09-09-21 02:45:32 - epoch 0 | global step 2760 | mode train | loss 0.7749 | accuracy 68.125 | mean_length 64
09-09-21 02:47:20 - epoch 0 | global step 2770 | mode train | loss 0.7954 | accuracy 67.8125 | mean_length 64
09-09-21 02:49:07 - epoch 0 | global step 2780 | mode train | loss 0.8955 | accuracy 63.4375 | mean_length 64
09-09-21 02:50:54 - epoch 0 | global step 2790 | mode train | loss 0.7657 | accuracy 69.0625 | mean_length 64
09-09-21 02:52:42 - epoch 0 | global step 2800 | mode train | loss 0.7576 | accuracy 67.5 | mean_length 64
09-09-21 02:54:30 - epoch 0 | global step 2810 | mode train | loss 0.7996 | accuracy 67.5 | mean_length 64
09-09-21 02:56:17 - epoch 0 | global step 2820 | mode train | loss 0.8186 | accuracy 66.25 | mean_length 64
09-09-21 02:58:04 - epoch 0 | global step 2830 | mode train | loss 0.744 | accuracy 69.375 | mean_length 64
09-09-21 02:59:52 - epoch 0 | global step 2840 | mode train | loss 0.7524 | accuracy 71.25 | mean_length 64
09-09-21 03:01:39 - epoch 0 | global step 2850 | mode train | loss 0.7161 | accuracy 75.0 | mean_length 64
09-09-21 03:03:26 - epoch 0 | global step 2860 | mode train | loss 0.7081 | accuracy 67.8125 | mean_length 64
09-09-21 03:05:14 - epoch 0 | global step 2870 | mode train | loss 0.9271 | accuracy 63.75 | mean_length 64
09-09-21 03:07:01 - epoch 0 | global step 2880 | mode train | loss 0.827 | accuracy 65.625 | mean_length 63.9
09-09-21 03:08:48 - epoch 0 | global step 2890 | mode train | loss 0.8247 | accuracy 66.5625 | mean_length 63.8875
09-09-21 03:10:35 - epoch 0 | global step 2900 | mode train | loss 0.8235 | accuracy 65.0 | mean_length 63.9031
09-09-21 03:12:23 - epoch 0 | global step 2910 | mode train | loss 0.8318 | accuracy 66.5625 | mean_length 64
09-09-21 03:14:10 - epoch 0 | global step 2920 | mode train | loss 0.7975 | accuracy 70.9375 | mean_length 64
09-09-21 03:15:57 - epoch 0 | global step 2930 | mode train | loss 0.8045 | accuracy 67.5 | mean_length 64
09-09-21 03:17:45 - epoch 0 | global step 2940 | mode train | loss 0.7919 | accuracy 70.0 | mean_length 64
09-09-21 03:19:32 - epoch 0 | global step 2950 | mode train | loss 0.878 | accuracy 65.0 | mean_length 64
09-09-21 03:21:19 - epoch 0 | global step 2960 | mode train | loss 0.92 | accuracy 62.8125 | mean_length 64
09-09-21 03:23:06 - epoch 0 | global step 2970 | mode train | loss 0.7718 | accuracy 69.6875 | mean_length 64
09-09-21 03:24:54 - epoch 0 | global step 2980 | mode train | loss 0.7788 | accuracy 65.3125 | mean_length 64
09-09-21 03:26:41 - epoch 0 | global step 2990 | mode train | loss 0.7287 | accuracy 70.9375 | mean_length 64
09-09-21 03:28:28 - epoch 0 | global step 3000 | mode train | loss 0.7422 | accuracy 72.8125 | mean_length 64
09-09-21 03:30:15 - epoch 0 | global step 3010 | mode train | loss 0.7824 | accuracy 72.1875 | mean_length 64
09-09-21 03:32:03 - epoch 0 | global step 3020 | mode train | loss 0.6861 | accuracy 73.4375 | mean_length 64
09-09-21 03:33:50 - epoch 0 | global step 3030 | mode train | loss 0.704 | accuracy 73.125 | mean_length 64
09-09-21 03:35:37 - epoch 0 | global step 3040 | mode train | loss 0.6794 | accuracy 74.0625 | mean_length 64
09-09-21 03:37:25 - epoch 0 | global step 3050 | mode train | loss 0.7674 | accuracy 70.9375 | mean_length 64
09-09-21 03:39:12 - epoch 0 | global step 3060 | mode train | loss 0.7608 | accuracy 70.0 | mean_length 64
09-09-21 03:40:59 - epoch 0 | global step 3070 | mode train | loss 0.7414 | accuracy 69.0625 | mean_length 64
09-09-21 03:50:48 - epoch 0 | global step 3072 | mode validation | loss 0.7993 | accuracy 67.94 | mean_length 64
09-09-21 03:50:48 - Saving model to Output/accGrad4_mbart_BTen+zh_lr1.25e-5_7distractors_maxstep8192_seed42
Epoch: 0, Prediction Accuracy: 67.94, Saved to Path: Output/accGrad4_mbart_BTen+zh_lr1.25e-5_7distractors_maxstep8192_seed42
09-09-21 03:52:25 - epoch 0 | global step 3080 | mode train | loss 0.7608 | accuracy 68.75 | mean_length 64
09-09-21 03:54:12 - epoch 0 | global step 3090 | mode train | loss 0.7355 | accuracy 69.375 | mean_length 64
09-09-21 03:55:59 - epoch 0 | global step 3100 | mode train | loss 0.7453 | accuracy 71.875 | mean_length 64
09-09-21 03:57:47 - epoch 0 | global step 3110 | mode train | loss 0.7423 | accuracy 69.6875 | mean_length 64
09-09-21 03:59:34 - epoch 0 | global step 3120 | mode train | loss 0.8334 | accuracy 67.8125 | mean_length 64
09-09-21 04:01:21 - epoch 0 | global step 3130 | mode train | loss 0.8364 | accuracy 65.3125 | mean_length 64
09-09-21 04:03:08 - epoch 0 | global step 3140 | mode train | loss 0.8021 | accuracy 69.0625 | mean_length 64
09-09-21 04:04:56 - epoch 0 | global step 3150 | mode train | loss 0.7505 | accuracy 70.9375 | mean_length 64
09-09-21 04:06:43 - epoch 0 | global step 3160 | mode train | loss 0.7217 | accuracy 68.4375 | mean_length 64
09-09-21 04:08:30 - epoch 0 | global step 3170 | mode train | loss 0.6618 | accuracy 71.875 | mean_length 64
09-09-21 04:10:18 - epoch 0 | global step 3180 | mode train | loss 0.6855 | accuracy 73.125 | mean_length 64
09-09-21 04:12:05 - epoch 0 | global step 3190 | mode train | loss 0.7533 | accuracy 68.75 | mean_length 64
09-09-21 04:13:52 - epoch 0 | global step 3200 | mode train | loss 0.7486 | accuracy 69.6875 | mean_length 64
09-09-21 04:15:40 - epoch 0 | global step 3210 | mode train | loss 0.7905 | accuracy 65.9375 | mean_length 64
09-09-21 04:17:27 - epoch 0 | global step 3220 | mode train | loss 0.7508 | accuracy 70.625 | mean_length 64
09-09-21 04:19:14 - epoch 1 | global step 3230 | mode train | loss 0.7141 | accuracy 69.6875 | mean_length 64
09-09-21 04:21:02 - epoch 1 | global step 3240 | mode train | loss 0.6821 | accuracy 71.5625 | mean_length 64
09-09-21 04:22:49 - epoch 1 | global step 3250 | mode train | loss 0.7596 | accuracy 67.1875 | mean_length 64
09-09-21 04:24:36 - epoch 1 | global step 3260 | mode train | loss 0.6334 | accuracy 75.3125 | mean_length 64
09-09-21 04:26:24 - epoch 1 | global step 3270 | mode train | loss 0.7248 | accuracy 71.5625 | mean_length 64
09-09-21 04:28:11 - epoch 1 | global step 3280 | mode train | loss 0.7488 | accuracy 69.6875 | mean_length 64
09-09-21 04:29:58 - epoch 1 | global step 3290 | mode train | loss 0.6811 | accuracy 72.8125 | mean_length 64
09-09-21 04:31:45 - epoch 1 | global step 3300 | mode train | loss 0.7319 | accuracy 69.0625 | mean_length 64
09-09-21 04:33:33 - epoch 1 | global step 3310 | mode train | loss 0.7119 | accuracy 70.625 | mean_length 64
09-09-21 04:35:20 - epoch 1 | global step 3320 | mode train | loss 0.7118 | accuracy 70.9375 | mean_length 64
09-09-21 04:37:07 - epoch 1 | global step 3330 | mode train | loss 0.6909 | accuracy 75.0 | mean_length 64
09-09-21 04:38:54 - epoch 1 | global step 3340 | mode train | loss 0.6298 | accuracy 76.25 | mean_length 64
09-09-21 04:40:42 - epoch 1 | global step 3350 | mode train | loss 0.6965 | accuracy 67.5 | mean_length 64
09-09-21 04:42:29 - epoch 1 | global step 3360 | mode train | loss 0.6929 | accuracy 73.4375 | mean_length 64
09-09-21 04:44:16 - epoch 1 | global step 3370 | mode train | loss 0.6606 | accuracy 72.8125 | mean_length 64
09-09-21 04:46:03 - epoch 1 | global step 3380 | mode train | loss 0.6812 | accuracy 70.9375 | mean_length 64
09-09-21 04:47:51 - epoch 1 | global step 3390 | mode train | loss 0.6458 | accuracy 73.4375 | mean_length 64
09-09-21 04:49:38 - epoch 1 | global step 3400 | mode train | loss 0.6331 | accuracy 75.625 | mean_length 64
09-09-21 04:51:25 - epoch 1 | global step 3410 | mode train | loss 0.646 | accuracy 72.5 | mean_length 64
09-09-21 04:53:13 - epoch 1 | global step 3420 | mode train | loss 0.7143 | accuracy 74.0625 | mean_length 64
09-09-21 04:55:00 - epoch 1 | global step 3430 | mode train | loss 0.6348 | accuracy 75.3125 | mean_length 64
09-09-21 04:56:47 - epoch 1 | global step 3440 | mode train | loss 0.6368 | accuracy 73.75 | mean_length 64
09-09-21 04:58:34 - epoch 1 | global step 3450 | mode train | loss 0.6638 | accuracy 72.8125 | mean_length 64
09-09-21 05:00:21 - epoch 1 | global step 3460 | mode train | loss 0.6585 | accuracy 76.25 | mean_length 64
09-09-21 05:02:08 - epoch 1 | global step 3470 | mode train | loss 0.6514 | accuracy 76.25 | mean_length 64
09-09-21 05:03:56 - epoch 1 | global step 3480 | mode train | loss 0.7253 | accuracy 70.0 | mean_length 64
09-09-21 05:05:43 - epoch 1 | global step 3490 | mode train | loss 0.6884 | accuracy 73.75 | mean_length 64
09-09-21 05:07:30 - epoch 1 | global step 3500 | mode train | loss 0.6724 | accuracy 75.0 | mean_length 64
09-09-21 05:09:17 - epoch 1 | global step 3510 | mode train | loss 0.5827 | accuracy 77.1875 | mean_length 64
09-09-21 05:11:04 - epoch 1 | global step 3520 | mode train | loss 0.6843 | accuracy 72.1875 | mean_length 64
09-09-21 05:12:52 - epoch 1 | global step 3530 | mode train | loss 0.5887 | accuracy 73.125 | mean_length 64
09-09-21 05:14:39 - epoch 1 | global step 3540 | mode train | loss 0.6963 | accuracy 74.0625 | mean_length 64
09-09-21 05:16:26 - epoch 1 | global step 3550 | mode train | loss 0.6247 | accuracy 74.0625 | mean_length 64
09-09-21 05:18:13 - epoch 1 | global step 3560 | mode train | loss 0.7171 | accuracy 65.9375 | mean_length 64
09-09-21 05:20:00 - epoch 1 | global step 3570 | mode train | loss 0.6153 | accuracy 76.25 | mean_length 64
09-09-21 05:21:48 - epoch 1 | global step 3580 | mode train | loss 0.6915 | accuracy 73.4375 | mean_length 64
09-09-21 05:31:59 - epoch 1 | global step 3584 | mode validation | loss 0.8708 | accuracy 66.28 | mean_length 64
09-09-21 05:33:04 - epoch 1 | global step 3590 | mode train | loss 0.6008 | accuracy 77.1875 | mean_length 64
09-09-21 05:34:51 - epoch 1 | global step 3600 | mode train | loss 0.6875 | accuracy 71.25 | mean_length 64
09-09-21 05:36:38 - epoch 1 | global step 3610 | mode train | loss 0.6121 | accuracy 76.875 | mean_length 64
09-09-21 05:38:26 - epoch 1 | global step 3620 | mode train | loss 0.652 | accuracy 71.5625 | mean_length 64
09-09-21 05:40:13 - epoch 1 | global step 3630 | mode train | loss 0.5605 | accuracy 79.0625 | mean_length 64
09-09-21 05:42:00 - epoch 1 | global step 3640 | mode train | loss 0.6615 | accuracy 71.875 | mean_length 64
09-09-21 05:43:47 - epoch 1 | global step 3650 | mode train | loss 0.6858 | accuracy 71.5625 | mean_length 64
09-09-21 05:45:34 - epoch 1 | global step 3660 | mode train | loss 0.6359 | accuracy 76.5625 | mean_length 64
09-09-21 05:47:22 - epoch 1 | global step 3670 | mode train | loss 0.5977 | accuracy 77.5 | mean_length 64
09-09-21 05:49:09 - epoch 1 | global step 3680 | mode train | loss 0.6328 | accuracy 74.375 | mean_length 64
09-09-21 05:50:56 - epoch 1 | global step 3690 | mode train | loss 0.6025 | accuracy 75.3125 | mean_length 64
09-09-21 05:52:43 - epoch 1 | global step 3700 | mode train | loss 0.6157 | accuracy 74.6875 | mean_length 64
09-09-21 05:54:31 - epoch 1 | global step 3710 | mode train | loss 0.6178 | accuracy 73.75 | mean_length 64
09-09-21 05:56:18 - epoch 1 | global step 3720 | mode train | loss 0.5863 | accuracy 77.5 | mean_length 64
09-09-21 05:58:05 - epoch 1 | global step 3730 | mode train | loss 0.6238 | accuracy 72.1875 | mean_length 64
09-09-21 05:59:53 - epoch 1 | global step 3740 | mode train | loss 0.7254 | accuracy 70.625 | mean_length 64
09-09-21 06:01:40 - epoch 1 | global step 3750 | mode train | loss 0.6998 | accuracy 70.625 | mean_length 64
09-09-21 06:03:27 - epoch 1 | global step 3760 | mode train | loss 0.5668 | accuracy 76.25 | mean_length 64
09-09-21 06:05:14 - epoch 1 | global step 3770 | mode train | loss 0.6221 | accuracy 76.25 | mean_length 64
09-09-21 06:07:01 - epoch 1 | global step 3780 | mode train | loss 0.6361 | accuracy 75.3125 | mean_length 64
09-09-21 06:08:49 - epoch 1 | global step 3790 | mode train | loss 0.6524 | accuracy 76.25 | mean_length 64
09-09-21 06:10:36 - epoch 1 | global step 3800 | mode train | loss 0.5885 | accuracy 76.5625 | mean_length 64
09-09-21 06:12:23 - epoch 1 | global step 3810 | mode train | loss 0.6212 | accuracy 74.375 | mean_length 64
09-09-21 06:14:10 - epoch 1 | global step 3820 | mode train | loss 0.6195 | accuracy 73.75 | mean_length 64
09-09-21 06:15:58 - epoch 1 | global step 3830 | mode train | loss 0.5752 | accuracy 74.375 | mean_length 64
09-09-21 06:17:45 - epoch 1 | global step 3840 | mode train | loss 0.6315 | accuracy 75.3125 | mean_length 64
09-09-21 06:19:32 - epoch 1 | global step 3850 | mode train | loss 0.5661 | accuracy 77.8125 | mean_length 64
09-09-21 06:21:19 - epoch 1 | global step 3860 | mode train | loss 0.5572 | accuracy 78.75 | mean_length 64
09-09-21 06:23:06 - epoch 1 | global step 3870 | mode train | loss 0.6861 | accuracy 74.6875 | mean_length 64
09-09-21 06:24:54 - epoch 1 | global step 3880 | mode train | loss 0.5762 | accuracy 76.875 | mean_length 64
09-09-21 06:26:41 - epoch 1 | global step 3890 | mode train | loss 0.641 | accuracy 74.6875 | mean_length 64
09-09-21 06:28:28 - epoch 1 | global step 3900 | mode train | loss 0.6211 | accuracy 73.75 | mean_length 64
09-09-21 06:30:15 - epoch 1 | global step 3910 | mode train | loss 0.5374 | accuracy 78.75 | mean_length 64
09-09-21 06:32:03 - epoch 1 | global step 3920 | mode train | loss 0.56 | accuracy 79.6875 | mean_length 64
09-09-21 06:33:50 - epoch 1 | global step 3930 | mode train | loss 0.5569 | accuracy 73.75 | mean_length 64
09-09-21 06:35:37 - epoch 1 | global step 3940 | mode train | loss 0.5086 | accuracy 80.0 | mean_length 64
09-09-21 06:37:24 - epoch 1 | global step 3950 | mode train | loss 0.7051 | accuracy 68.75 | mean_length 64
09-09-21 06:39:12 - epoch 1 | global step 3960 | mode train | loss 0.5715 | accuracy 77.5 | mean_length 64
09-09-21 06:40:59 - epoch 1 | global step 3970 | mode train | loss 0.6595 | accuracy 71.25 | mean_length 64
09-09-21 06:42:46 - epoch 1 | global step 3980 | mode train | loss 0.6355 | accuracy 75.0 | mean_length 64
09-09-21 06:44:33 - epoch 1 | global step 3990 | mode train | loss 0.5484 | accuracy 78.4375 | mean_length 64
09-09-21 06:46:21 - epoch 1 | global step 4000 | mode train | loss 0.5155 | accuracy 80.625 | mean_length 64
09-09-21 06:48:08 - epoch 1 | global step 4010 | mode train | loss 0.6244 | accuracy 73.125 | mean_length 64
09-09-21 06:49:55 - epoch 1 | global step 4020 | mode train | loss 0.5939 | accuracy 77.1875 | mean_length 64
09-09-21 06:51:42 - epoch 1 | global step 4030 | mode train | loss 0.5583 | accuracy 80.9375 | mean_length 64
09-09-21 06:53:30 - epoch 1 | global step 4040 | mode train | loss 0.5688 | accuracy 76.25 | mean_length 64
09-09-21 06:55:17 - epoch 1 | global step 4050 | mode train | loss 0.597 | accuracy 76.25 | mean_length 64
09-09-21 06:57:04 - epoch 1 | global step 4060 | mode train | loss 0.6277 | accuracy 72.5 | mean_length 64
09-09-21 06:58:52 - epoch 1 | global step 4070 | mode train | loss 0.6478 | accuracy 72.8125 | mean_length 64
09-09-21 07:00:39 - epoch 1 | global step 4080 | mode train | loss 0.5876 | accuracy 75.9375 | mean_length 64
09-09-21 07:02:26 - epoch 1 | global step 4090 | mode train | loss 0.5866 | accuracy 75.625 | mean_length 64
09-09-21 07:13:01 - epoch 1 | global step 4096 | mode validation | loss 0.757 | accuracy 70.32 | mean_length 64
09-09-21 07:13:01 - Saving model to Output/accGrad4_mbart_BTen+zh_lr1.25e-5_7distractors_maxstep8192_seed42
Epoch: 1, Prediction Accuracy: 70.32, Saved to Path: Output/accGrad4_mbart_BTen+zh_lr1.25e-5_7distractors_maxstep8192_seed42
09-09-21 07:13:54 - epoch 1 | global step 4100 | mode train | loss 0.5644 | accuracy 76.25 | mean_length 64
09-09-21 07:15:41 - epoch 1 | global step 4110 | mode train | loss 0.525 | accuracy 81.5625 | mean_length 64
09-09-21 07:17:28 - epoch 1 | global step 4120 | mode train | loss 0.5214 | accuracy 78.75 | mean_length 64
09-09-21 07:19:20 - epoch 1 | global step 4130 | mode train | loss 0.5659 | accuracy 78.4375 | mean_length 64
09-09-21 07:21:07 - epoch 1 | global step 4140 | mode train | loss 0.6275 | accuracy 73.4375 | mean_length 64
09-09-21 07:22:54 - epoch 1 | global step 4150 | mode train | loss 0.5878 | accuracy 76.875 | mean_length 64
09-09-21 07:24:41 - epoch 1 | global step 4160 | mode train | loss 0.612 | accuracy 74.375 | mean_length 64
09-09-21 07:26:28 - epoch 1 | global step 4170 | mode train | loss 0.607 | accuracy 75.625 | mean_length 64
09-09-21 07:28:15 - epoch 1 | global step 4180 | mode train | loss 0.5882 | accuracy 75.9375 | mean_length 64
09-09-21 07:30:02 - epoch 1 | global step 4190 | mode train | loss 0.4834 | accuracy 79.6875 | mean_length 64
09-09-21 07:31:51 - epoch 1 | global step 4200 | mode train | loss 0.5368 | accuracy 80.9375 | mean_length 64
09-09-21 07:33:38 - epoch 1 | global step 4210 | mode train | loss 0.4813 | accuracy 83.75 | mean_length 64
09-09-21 07:35:26 - epoch 1 | global step 4220 | mode train | loss 0.5839 | accuracy 75.9375 | mean_length 64
09-09-21 07:37:13 - epoch 1 | global step 4230 | mode train | loss 0.5602 | accuracy 78.75 | mean_length 64
09-09-21 07:39:00 - epoch 1 | global step 4240 | mode train | loss 0.5316 | accuracy 78.4375 | mean_length 64
09-09-21 07:40:47 - epoch 1 | global step 4250 | mode train | loss 0.5823 | accuracy 77.5 | mean_length 64
09-09-21 07:42:35 - epoch 1 | global step 4260 | mode train | loss 0.5367 | accuracy 78.75 | mean_length 64
09-09-21 07:44:22 - epoch 1 | global step 4270 | mode train | loss 0.5283 | accuracy 75.625 | mean_length 64
09-09-21 07:46:09 - epoch 1 | global step 4280 | mode train | loss 0.5627 | accuracy 75.3125 | mean_length 64
09-09-21 07:47:56 - epoch 1 | global step 4290 | mode train | loss 0.6703 | accuracy 71.875 | mean_length 64
09-09-21 07:49:44 - epoch 1 | global step 4300 | mode train | loss 0.5862 | accuracy 77.8125 | mean_length 64
09-09-21 07:51:31 - epoch 1 | global step 4310 | mode train | loss 0.5906 | accuracy 77.1875 | mean_length 64
09-09-21 07:53:18 - epoch 1 | global step 4320 | mode train | loss 0.5304 | accuracy 77.5 | mean_length 64
09-09-21 07:55:05 - epoch 1 | global step 4330 | mode train | loss 0.4922 | accuracy 80.9375 | mean_length 64
09-09-21 07:56:52 - epoch 1 | global step 4340 | mode train | loss 0.5017 | accuracy 81.25 | mean_length 64
09-09-21 07:58:40 - epoch 1 | global step 4350 | mode train | loss 0.5248 | accuracy 78.4375 | mean_length 64
09-09-21 08:00:27 - epoch 1 | global step 4360 | mode train | loss 0.5381 | accuracy 80.3125 | mean_length 64
09-09-21 08:02:14 - epoch 1 | global step 4370 | mode train | loss 0.595 | accuracy 78.125 | mean_length 64
09-09-21 08:04:01 - epoch 1 | global step 4380 | mode train | loss 0.5744 | accuracy 80.9375 | mean_length 64
09-09-21 08:05:48 - epoch 1 | global step 4390 | mode train | loss 0.5367 | accuracy 78.4375 | mean_length 64
09-09-21 08:07:36 - epoch 1 | global step 4400 | mode train | loss 0.4975 | accuracy 80.9375 | mean_length 64
09-09-21 08:09:23 - epoch 1 | global step 4410 | mode train | loss 0.5339 | accuracy 78.4375 | mean_length 64
09-09-21 08:11:10 - epoch 1 | global step 4420 | mode train | loss 0.5397 | accuracy 79.375 | mean_length 64
09-09-21 08:12:57 - epoch 1 | global step 4430 | mode train | loss 0.4839 | accuracy 81.25 | mean_length 64
09-09-21 08:14:45 - epoch 1 | global step 4440 | mode train | loss 0.4729 | accuracy 81.5625 | mean_length 64
09-09-21 08:16:32 - epoch 1 | global step 4450 | mode train | loss 0.5135 | accuracy 80.9375 | mean_length 64
09-09-21 08:18:19 - epoch 1 | global step 4460 | mode train | loss 0.5082 | accuracy 79.375 | mean_length 64
09-09-21 08:20:06 - epoch 1 | global step 4470 | mode train | loss 0.5279 | accuracy 77.5 | mean_length 64
09-09-21 08:21:54 - epoch 1 | global step 4480 | mode train | loss 0.5422 | accuracy 80.3125 | mean_length 64
09-09-21 08:23:41 - epoch 1 | global step 4490 | mode train | loss 0.6258 | accuracy 76.25 | mean_length 64
09-09-21 08:25:28 - epoch 1 | global step 4500 | mode train | loss 0.5814 | accuracy 75.9375 | mean_length 64
09-09-21 08:27:15 - epoch 1 | global step 4510 | mode train | loss 0.5023 | accuracy 79.375 | mean_length 64
09-09-21 08:29:03 - epoch 1 | global step 4520 | mode train | loss 0.5005 | accuracy 80.3125 | mean_length 64
09-09-21 08:30:50 - epoch 1 | global step 4530 | mode train | loss 0.5711 | accuracy 76.25 | mean_length 64
09-09-21 08:32:37 - epoch 1 | global step 4540 | mode train | loss 0.5592 | accuracy 80.0 | mean_length 64
09-09-21 08:34:25 - epoch 1 | global step 4550 | mode train | loss 0.5254 | accuracy 78.75 | mean_length 64
09-09-21 08:36:12 - epoch 1 | global step 4560 | mode train | loss 0.5878 | accuracy 76.25 | mean_length 64
09-09-21 08:37:59 - epoch 1 | global step 4570 | mode train | loss 0.5534 | accuracy 79.375 | mean_length 64
09-09-21 08:39:46 - epoch 1 | global step 4580 | mode train | loss 0.5119 | accuracy 80.9375 | mean_length 64
09-09-21 08:41:34 - epoch 1 | global step 4590 | mode train | loss 0.5428 | accuracy 75.625 | mean_length 64
09-09-21 08:43:21 - epoch 1 | global step 4600 | mode train | loss 0.4781 | accuracy 82.5 | mean_length 64
09-09-21 08:54:14 - epoch 1 | global step 4608 | mode validation | loss 0.7047 | accuracy 73.88 | mean_length 64
09-09-21 08:54:14 - Saving model to Output/accGrad4_mbart_BTen+zh_lr1.25e-5_7distractors_maxstep8192_seed42
Epoch: 1, Prediction Accuracy: 73.88, Saved to Path: Output/accGrad4_mbart_BTen+zh_lr1.25e-5_7distractors_maxstep8192_seed42
09-09-21 08:54:46 - epoch 1 | global step 4610 | mode train | loss 0.6 | accuracy 77.1875 | mean_length 63.9156
09-09-21 08:56:33 - epoch 1 | global step 4620 | mode train | loss 0.6404 | accuracy 78.125 | mean_length 64
09-09-21 08:58:20 - epoch 1 | global step 4630 | mode train | loss 0.6484 | accuracy 75.9375 | mean_length 64
09-09-21 09:00:07 - epoch 1 | global step 4640 | mode train | loss 0.5734 | accuracy 77.1875 | mean_length 64
09-09-21 09:01:55 - epoch 1 | global step 4650 | mode train | loss 0.5837 | accuracy 76.875 | mean_length 64
09-09-21 09:03:42 - epoch 1 | global step 4660 | mode train | loss 0.583 | accuracy 75.9375 | mean_length 64
09-09-21 09:05:29 - epoch 1 | global step 4670 | mode train | loss 0.6046 | accuracy 75.9375 | mean_length 64
09-09-21 09:07:17 - epoch 1 | global step 4680 | mode train | loss 0.5578 | accuracy 80.625 | mean_length 64
09-09-21 09:09:04 - epoch 1 | global step 4690 | mode train | loss 0.5324 | accuracy 80.3125 | mean_length 64
09-09-21 09:10:51 - epoch 1 | global step 4700 | mode train | loss 0.5802 | accuracy 78.125 | mean_length 63.9031
09-09-21 09:12:38 - epoch 1 | global step 4710 | mode train | loss 0.503 | accuracy 80.0 | mean_length 64
09-09-21 09:14:26 - epoch 1 | global step 4720 | mode train | loss 0.4796 | accuracy 80.3125 | mean_length 64
09-09-21 09:16:13 - epoch 1 | global step 4730 | mode train | loss 0.5278 | accuracy 80.9375 | mean_length 64
09-09-21 09:18:00 - epoch 1 | global step 4740 | mode train | loss 0.5347 | accuracy 79.375 | mean_length 64
09-09-21 09:19:47 - epoch 1 | global step 4750 | mode train | loss 0.6022 | accuracy 74.0625 | mean_length 63.9188
09-09-21 09:21:35 - epoch 1 | global step 4760 | mode train | loss 0.5655 | accuracy 76.25 | mean_length 64
09-09-21 09:23:22 - epoch 1 | global step 4770 | mode train | loss 0.4592 | accuracy 81.5625 | mean_length 64
09-09-21 09:25:09 - epoch 1 | global step 4780 | mode train | loss 0.5142 | accuracy 80.0 | mean_length 64
09-09-21 09:26:56 - epoch 1 | global step 4790 | mode train | loss 0.5684 | accuracy 77.1875 | mean_length 64
09-09-21 09:28:44 - epoch 1 | global step 4800 | mode train | loss 0.6123 | accuracy 72.8125 | mean_length 64
09-09-21 09:30:31 - epoch 1 | global step 4810 | mode train | loss 0.5753 | accuracy 76.875 | mean_length 64
09-09-21 09:32:18 - epoch 1 | global step 4820 | mode train | loss 0.5133 | accuracy 80.3125 | mean_length 64
09-09-21 09:34:05 - epoch 1 | global step 4830 | mode train | loss 0.6014 | accuracy 76.875 | mean_length 64
09-09-21 09:35:52 - epoch 1 | global step 4840 | mode train | loss 0.4576 | accuracy 82.8125 | mean_length 64
09-09-21 09:37:40 - epoch 1 | global step 4850 | mode train | loss 0.5238 | accuracy 77.5 | mean_length 64
09-09-21 09:39:27 - epoch 1 | global step 4860 | mode train | loss 0.5774 | accuracy 76.25 | mean_length 64
09-09-21 09:41:14 - epoch 1 | global step 4870 | mode train | loss 0.5423 | accuracy 76.25 | mean_length 64
09-09-21 09:43:01 - epoch 1 | global step 4880 | mode train | loss 0.5722 | accuracy 76.875 | mean_length 64
09-09-21 09:44:48 - epoch 1 | global step 4890 | mode train | loss 0.531 | accuracy 80.0 | mean_length 64
09-09-21 09:46:35 - epoch 1 | global step 4900 | mode train | loss 0.5277 | accuracy 81.5625 | mean_length 64
09-09-21 09:48:22 - epoch 1 | global step 4910 | mode train | loss 0.6168 | accuracy 73.75 | mean_length 64
09-09-21 09:50:09 - epoch 1 | global step 4920 | mode train | loss 0.4813 | accuracy 80.625 | mean_length 64
09-09-21 09:51:56 - epoch 1 | global step 4930 | mode train | loss 0.5106 | accuracy 79.0625 | mean_length 64
09-09-21 09:53:43 - epoch 1 | global step 4940 | mode train | loss 0.4904 | accuracy 82.1875 | mean_length 64
09-09-21 09:55:31 - epoch 1 | global step 4950 | mode train | loss 0.526 | accuracy 77.5 | mean_length 64
09-09-21 09:57:18 - epoch 1 | global step 4960 | mode train | loss 0.4723 | accuracy 79.0625 | mean_length 64
09-09-21 09:59:05 - epoch 1 | global step 4970 | mode train | loss 0.4753 | accuracy 82.8125 | mean_length 64
09-09-21 10:00:53 - epoch 1 | global step 4980 | mode train | loss 0.4691 | accuracy 82.5 | mean_length 64
09-09-21 10:02:39 - epoch 1 | global step 4990 | mode train | loss 0.4475 | accuracy 83.4375 | mean_length 64
09-09-21 10:04:26 - epoch 1 | global step 5000 | mode train | loss 0.4631 | accuracy 80.9375 | mean_length 64
09-09-21 10:06:13 - epoch 1 | global step 5010 | mode train | loss 0.4988 | accuracy 81.5625 | mean_length 64
09-09-21 10:08:01 - epoch 1 | global step 5020 | mode train | loss 0.4804 | accuracy 81.5625 | mean_length 64
09-09-21 10:09:48 - epoch 1 | global step 5030 | mode train | loss 0.4569 | accuracy 82.1875 | mean_length 64
09-09-21 10:11:35 - epoch 1 | global step 5040 | mode train | loss 0.5701 | accuracy 77.5 | mean_length 64
09-09-21 10:13:24 - epoch 1 | global step 5050 | mode train | loss 0.529 | accuracy 79.0625 | mean_length 64
09-09-21 10:15:11 - epoch 1 | global step 5060 | mode train | loss 0.5105 | accuracy 76.875 | mean_length 64
09-09-21 10:16:58 - epoch 1 | global step 5070 | mode train | loss 0.5305 | accuracy 79.6875 | mean_length 64
09-09-21 10:18:45 - epoch 1 | global step 5080 | mode train | loss 0.498 | accuracy 79.375 | mean_length 64
09-09-21 10:20:32 - epoch 1 | global step 5090 | mode train | loss 0.4798 | accuracy 81.25 | mean_length 64
09-09-21 10:22:20 - epoch 1 | global step 5100 | mode train | loss 0.423 | accuracy 82.1875 | mean_length 64
09-09-21 10:24:07 - epoch 1 | global step 5110 | mode train | loss 0.3937 | accuracy 84.6875 | mean_length 64
09-09-21 10:25:54 - epoch 1 | global step 5120 | mode train | loss 0.4506 | accuracy 82.1875 | mean_length 64
09-09-21 10:35:19 - epoch 1 | global step 5120 | mode validation | loss 0.6417 | accuracy 75.18 | mean_length 64
09-09-21 10:35:19 - Saving model to Output/accGrad4_mbart_BTen+zh_lr1.25e-5_7distractors_maxstep8192_seed42
Epoch: 1, Prediction Accuracy: 75.18, Saved to Path: Output/accGrad4_mbart_BTen+zh_lr1.25e-5_7distractors_maxstep8192_seed42
09-09-21 10:37:15 - epoch 1 | global step 5130 | mode train | loss 0.5506 | accuracy 76.5625 | mean_length 64
09-09-21 10:39:02 - epoch 1 | global step 5140 | mode train | loss 0.4541 | accuracy 83.125 | mean_length 64
09-09-21 10:40:49 - epoch 1 | global step 5150 | mode train | loss 0.5814 | accuracy 74.375 | mean_length 64
09-09-21 10:42:36 - epoch 1 | global step 5160 | mode train | loss 0.4778 | accuracy 81.875 | mean_length 64
09-09-21 10:44:24 - epoch 1 | global step 5170 | mode train | loss 0.5648 | accuracy 77.1875 | mean_length 64
09-09-21 10:46:11 - epoch 1 | global step 5180 | mode train | loss 0.5056 | accuracy 80.9375 | mean_length 64
09-09-21 10:47:58 - epoch 1 | global step 5190 | mode train | loss 0.4816 | accuracy 80.0 | mean_length 64
09-09-21 10:49:45 - epoch 1 | global step 5200 | mode train | loss 0.4633 | accuracy 81.875 | mean_length 64
09-09-21 10:51:32 - epoch 1 | global step 5210 | mode train | loss 0.5165 | accuracy 79.375 | mean_length 64
09-09-21 10:53:19 - epoch 1 | global step 5220 | mode train | loss 0.4465 | accuracy 82.5 | mean_length 64
09-09-21 10:55:07 - epoch 1 | global step 5230 | mode train | loss 0.4845 | accuracy 79.0625 | mean_length 64
09-09-21 10:56:54 - epoch 1 | global step 5240 | mode train | loss 0.5231 | accuracy 77.1875 | mean_length 64
09-09-21 10:58:41 - epoch 1 | global step 5250 | mode train | loss 0.5046 | accuracy 79.375 | mean_length 64
09-09-21 11:00:28 - epoch 1 | global step 5260 | mode train | loss 0.4904 | accuracy 80.9375 | mean_length 64
09-09-21 11:02:15 - epoch 1 | global step 5270 | mode train | loss 0.5311 | accuracy 78.75 | mean_length 64
09-09-21 11:04:02 - epoch 1 | global step 5280 | mode train | loss 0.4605 | accuracy 80.625 | mean_length 64
09-09-21 11:05:50 - epoch 1 | global step 5290 | mode train | loss 0.4583 | accuracy 82.1875 | mean_length 64
09-09-21 11:07:37 - epoch 1 | global step 5300 | mode train | loss 0.4545 | accuracy 83.4375 | mean_length 64
09-09-21 11:09:23 - epoch 1 | global step 5310 | mode train | loss 0.4022 | accuracy 83.75 | mean_length 64
09-09-21 11:11:10 - epoch 1 | global step 5320 | mode train | loss 0.5022 | accuracy 77.1875 | mean_length 64
09-09-21 11:12:57 - epoch 1 | global step 5330 | mode train | loss 0.4724 | accuracy 80.625 | mean_length 64
09-09-21 11:14:44 - epoch 1 | global step 5340 | mode train | loss 0.4833 | accuracy 82.1875 | mean_length 64
09-09-21 11:16:31 - epoch 1 | global step 5350 | mode train | loss 0.4865 | accuracy 82.1875 | mean_length 64
09-09-21 11:18:18 - epoch 1 | global step 5360 | mode train | loss 0.4706 | accuracy 80.3125 | mean_length 64
09-09-21 11:20:05 - epoch 1 | global step 5370 | mode train | loss 0.4382 | accuracy 85.0 | mean_length 64
09-09-21 11:21:52 - epoch 1 | global step 5380 | mode train | loss 0.4756 | accuracy 83.125 | mean_length 64
09-09-21 11:23:40 - epoch 1 | global step 5390 | mode train | loss 0.4242 | accuracy 83.4375 | mean_length 64
09-09-21 11:25:27 - epoch 1 | global step 5400 | mode train | loss 0.4555 | accuracy 82.8125 | mean_length 64
09-09-21 11:27:14 - epoch 1 | global step 5410 | mode train | loss 0.4333 | accuracy 80.3125 | mean_length 64
09-09-21 11:29:01 - epoch 1 | global step 5420 | mode train | loss 0.4414 | accuracy 82.8125 | mean_length 64
09-09-21 11:30:48 - epoch 1 | global step 5430 | mode train | loss 0.3835 | accuracy 82.8125 | mean_length 64
09-09-21 11:32:35 - epoch 1 | global step 5440 | mode train | loss 0.4144 | accuracy 82.1875 | mean_length 64
09-09-21 11:34:22 - epoch 1 | global step 5450 | mode train | loss 0.3608 | accuracy 85.0 | mean_length 64
09-09-21 11:36:09 - epoch 1 | global step 5460 | mode train | loss 0.4008 | accuracy 84.6875 | mean_length 64
09-09-21 11:37:56 - epoch 1 | global step 5470 | mode train | loss 0.4047 | accuracy 83.75 | mean_length 64
09-09-21 11:39:44 - epoch 1 | global step 5480 | mode train | loss 0.3505 | accuracy 86.25 | mean_length 64
09-09-21 11:41:31 - epoch 1 | global step 5490 | mode train | loss 0.389 | accuracy 86.25 | mean_length 64
09-09-21 11:43:18 - epoch 1 | global step 5500 | mode train | loss 0.4162 | accuracy 81.875 | mean_length 64
09-09-21 11:45:05 - epoch 1 | global step 5510 | mode train | loss 0.4294 | accuracy 80.9375 | mean_length 64
09-09-21 11:46:52 - epoch 1 | global step 5520 | mode train | loss 0.406 | accuracy 85.9375 | mean_length 64
09-09-21 11:48:39 - epoch 1 | global step 5530 | mode train | loss 0.4177 | accuracy 84.375 | mean_length 64
09-09-21 11:50:27 - epoch 1 | global step 5540 | mode train | loss 0.4048 | accuracy 83.75 | mean_length 64
09-09-21 11:52:14 - epoch 1 | global step 5550 | mode train | loss 0.5044 | accuracy 79.0625 | mean_length 64
09-09-21 11:54:01 - epoch 1 | global step 5560 | mode train | loss 0.4319 | accuracy 82.8125 | mean_length 64
09-09-21 11:55:49 - epoch 1 | global step 5570 | mode train | loss 0.3726 | accuracy 85.0 | mean_length 64
09-09-21 11:57:36 - epoch 1 | global step 5580 | mode train | loss 0.4401 | accuracy 81.25 | mean_length 64
09-09-21 11:59:23 - epoch 1 | global step 5590 | mode train | loss 0.4501 | accuracy 82.1875 | mean_length 64
09-09-21 12:01:10 - epoch 1 | global step 5600 | mode train | loss 0.3844 | accuracy 83.75 | mean_length 64
09-09-21 12:02:57 - epoch 1 | global step 5610 | mode train | loss 0.437 | accuracy 81.5625 | mean_length 64
09-09-21 12:04:44 - epoch 1 | global step 5620 | mode train | loss 0.3512 | accuracy 87.1875 | mean_length 64
09-09-21 12:06:31 - epoch 1 | global step 5630 | mode train | loss 0.4018 | accuracy 84.0625 | mean_length 64
09-09-21 12:16:19 - epoch 1 | global step 5632 | mode validation | loss 0.8633 | accuracy 71.64 | mean_length 64
09-09-21 12:17:45 - epoch 1 | global step 5640 | mode train | loss 0.4232 | accuracy 82.1875 | mean_length 64
09-09-21 12:19:32 - epoch 1 | global step 5650 | mode train | loss 0.3509 | accuracy 83.4375 | mean_length 64
09-09-21 12:21:19 - epoch 1 | global step 5660 | mode train | loss 0.3727 | accuracy 86.5625 | mean_length 64
09-09-21 12:23:06 - epoch 1 | global step 5670 | mode train | loss 0.3757 | accuracy 85.625 | mean_length 64
09-09-21 12:24:53 - epoch 1 | global step 5680 | mode train | loss 0.3555 | accuracy 84.6875 | mean_length 64
09-09-21 12:26:41 - epoch 1 | global step 5690 | mode train | loss 0.3976 | accuracy 83.4375 | mean_length 64
09-09-21 12:28:28 - epoch 1 | global step 5700 | mode train | loss 0.414 | accuracy 82.8125 | mean_length 64
09-09-21 12:30:15 - epoch 1 | global step 5710 | mode train | loss 0.4537 | accuracy 80.625 | mean_length 64
09-09-21 12:32:02 - epoch 1 | global step 5720 | mode train | loss 0.4873 | accuracy 79.375 | mean_length 64
09-09-21 12:33:49 - epoch 1 | global step 5730 | mode train | loss 0.486 | accuracy 81.875 | mean_length 64
09-09-21 12:35:36 - epoch 1 | global step 5740 | mode train | loss 0.4694 | accuracy 81.875 | mean_length 64
09-09-21 12:37:23 - epoch 1 | global step 5750 | mode train | loss 0.4092 | accuracy 84.0625 | mean_length 64
09-09-21 12:39:10 - epoch 1 | global step 5760 | mode train | loss 0.4136 | accuracy 84.6875 | mean_length 64
09-09-21 12:40:58 - epoch 1 | global step 5770 | mode train | loss 0.4389 | accuracy 80.9375 | mean_length 64
09-09-21 12:42:45 - epoch 1 | global step 5780 | mode train | loss 0.4717 | accuracy 77.5 | mean_length 64
09-09-21 12:44:32 - epoch 1 | global step 5790 | mode train | loss 0.3599 | accuracy 86.5625 | mean_length 64
09-09-21 12:46:19 - epoch 1 | global step 5800 | mode train | loss 0.4333 | accuracy 81.5625 | mean_length 64
09-09-21 12:48:06 - epoch 1 | global step 5810 | mode train | loss 0.4939 | accuracy 82.1875 | mean_length 64
09-09-21 12:49:53 - epoch 1 | global step 5820 | mode train | loss 0.4255 | accuracy 83.125 | mean_length 64
09-09-21 12:51:40 - epoch 1 | global step 5830 | mode train | loss 0.478 | accuracy 81.875 | mean_length 64
09-09-21 12:53:27 - epoch 1 | global step 5840 | mode train | loss 0.4501 | accuracy 80.625 | mean_length 64
09-09-21 12:55:14 - epoch 1 | global step 5850 | mode train | loss 0.4418 | accuracy 83.4375 | mean_length 64
09-09-21 12:57:02 - epoch 1 | global step 5860 | mode train | loss 0.492 | accuracy 82.1875 | mean_length 64
09-09-21 12:58:49 - epoch 1 | global step 5870 | mode train | loss 0.4107 | accuracy 84.0625 | mean_length 64
09-09-21 13:00:36 - epoch 1 | global step 5880 | mode train | loss 0.4171 | accuracy 86.25 | mean_length 64
09-09-21 13:02:23 - epoch 1 | global step 5890 | mode train | loss 0.3747 | accuracy 84.0625 | mean_length 64
09-09-21 13:04:10 - epoch 1 | global step 5900 | mode train | loss 0.4141 | accuracy 80.9375 | mean_length 64
09-09-21 13:05:58 - epoch 1 | global step 5910 | mode train | loss 0.446 | accuracy 80.3125 | mean_length 64
09-09-21 13:07:45 - epoch 1 | global step 5920 | mode train | loss 0.4309 | accuracy 84.0625 | mean_length 64
09-09-21 13:09:32 - epoch 1 | global step 5930 | mode train | loss 0.4665 | accuracy 82.1875 | mean_length 64
09-09-21 13:11:19 - epoch 1 | global step 5940 | mode train | loss 0.4536 | accuracy 81.25 | mean_length 64
09-09-21 13:13:06 - epoch 1 | global step 5950 | mode train | loss 0.3993 | accuracy 82.8125 | mean_length 64
09-09-21 13:14:53 - epoch 1 | global step 5960 | mode train | loss 0.4198 | accuracy 80.9375 | mean_length 64
09-09-21 13:16:40 - epoch 1 | global step 5970 | mode train | loss 0.4002 | accuracy 84.6875 | mean_length 64
09-09-21 13:18:27 - epoch 1 | global step 5980 | mode train | loss 0.3889 | accuracy 85.9375 | mean_length 64
09-09-21 13:20:14 - epoch 1 | global step 5990 | mode train | loss 0.3761 | accuracy 83.4375 | mean_length 64
09-09-21 13:22:01 - epoch 1 | global step 6000 | mode train | loss 0.4182 | accuracy 83.125 | mean_length 64
09-09-21 13:23:49 - epoch 1 | global step 6010 | mode train | loss 0.378 | accuracy 86.25 | mean_length 64
09-09-21 13:25:36 - epoch 1 | global step 6020 | mode train | loss 0.4131 | accuracy 81.875 | mean_length 64
09-09-21 13:27:23 - epoch 1 | global step 6030 | mode train | loss 0.3705 | accuracy 83.125 | mean_length 64
09-09-21 13:29:10 - epoch 1 | global step 6040 | mode train | loss 0.4327 | accuracy 84.6875 | mean_length 64
09-09-21 13:30:57 - epoch 1 | global step 6050 | mode train | loss 0.4023 | accuracy 83.125 | mean_length 64
09-09-21 13:32:44 - epoch 1 | global step 6060 | mode train | loss 0.4386 | accuracy 81.5625 | mean_length 64
09-09-21 13:34:31 - epoch 1 | global step 6070 | mode train | loss 0.3827 | accuracy 85.625 | mean_length 64
09-09-21 13:36:18 - epoch 1 | global step 6080 | mode train | loss 0.392 | accuracy 84.6875 | mean_length 64
09-09-21 13:38:05 - epoch 1 | global step 6090 | mode train | loss 0.3874 | accuracy 84.375 | mean_length 64
09-09-21 13:39:53 - epoch 1 | global step 6100 | mode train | loss 0.4188 | accuracy 83.125 | mean_length 64
09-09-21 13:41:40 - epoch 1 | global step 6110 | mode train | loss 0.5051 | accuracy 75.625 | mean_length 64
09-09-21 13:43:27 - epoch 1 | global step 6120 | mode train | loss 0.4706 | accuracy 81.5625 | mean_length 64
09-09-21 13:45:14 - epoch 1 | global step 6130 | mode train | loss 0.3947 | accuracy 84.375 | mean_length 64
09-09-21 13:47:01 - epoch 1 | global step 6140 | mode train | loss 0.4148 | accuracy 84.0625 | mean_length 64
09-09-21 13:57:11 - epoch 1 | global step 6144 | mode validation | loss 0.4531 | accuracy 81.12 | mean_length 64
09-09-21 13:57:11 - Saving model to Output/accGrad4_mbart_BTen+zh_lr1.25e-5_7distractors_maxstep8192_seed42
Epoch: 1, Prediction Accuracy: 81.12, Saved to Path: Output/accGrad4_mbart_BTen+zh_lr1.25e-5_7distractors_maxstep8192_seed42
09-09-21 13:58:24 - epoch 1 | global step 6150 | mode train | loss 0.3472 | accuracy 85.0 | mean_length 64
09-09-21 14:00:11 - epoch 1 | global step 6160 | mode train | loss 0.394 | accuracy 85.625 | mean_length 64
09-09-21 14:01:59 - epoch 1 | global step 6170 | mode train | loss 0.385 | accuracy 86.5625 | mean_length 64
09-09-21 14:03:46 - epoch 1 | global step 6180 | mode train | loss 0.3538 | accuracy 86.25 | mean_length 64
09-09-21 14:05:33 - epoch 1 | global step 6190 | mode train | loss 0.4277 | accuracy 81.5625 | mean_length 64
09-09-21 14:07:20 - epoch 1 | global step 6200 | mode train | loss 0.3768 | accuracy 82.5 | mean_length 64
09-09-21 14:09:07 - epoch 1 | global step 6210 | mode train | loss 0.4155 | accuracy 82.1875 | mean_length 64
09-09-21 14:10:55 - epoch 1 | global step 6220 | mode train | loss 0.3666 | accuracy 86.25 | mean_length 64
09-09-21 14:12:42 - epoch 1 | global step 6230 | mode train | loss 0.4524 | accuracy 81.875 | mean_length 64
09-09-21 14:14:29 - epoch 1 | global step 6240 | mode train | loss 0.3887 | accuracy 83.125 | mean_length 64
09-09-21 14:16:16 - epoch 1 | global step 6250 | mode train | loss 0.4092 | accuracy 83.125 | mean_length 64
09-09-21 14:18:03 - epoch 1 | global step 6260 | mode train | loss 0.3952 | accuracy 83.75 | mean_length 64
09-09-21 14:19:50 - epoch 1 | global step 6270 | mode train | loss 0.3808 | accuracy 81.5625 | mean_length 64
09-09-21 14:21:38 - epoch 1 | global step 6280 | mode train | loss 0.389 | accuracy 83.75 | mean_length 64
09-09-21 14:23:25 - epoch 1 | global step 6290 | mode train | loss 0.4056 | accuracy 85.3125 | mean_length 64
09-09-21 14:25:12 - epoch 1 | global step 6300 | mode train | loss 0.3689 | accuracy 84.375 | mean_length 64
09-09-21 14:26:59 - epoch 1 | global step 6310 | mode train | loss 0.4181 | accuracy 82.5 | mean_length 64
09-09-21 14:28:46 - epoch 1 | global step 6320 | mode train | loss 0.4196 | accuracy 82.1875 | mean_length 64
09-09-21 14:30:33 - epoch 1 | global step 6330 | mode train | loss 0.3126 | accuracy 88.4375 | mean_length 64
09-09-21 14:32:21 - epoch 1 | global step 6340 | mode train | loss 0.3586 | accuracy 86.5625 | mean_length 64
09-09-21 14:34:08 - epoch 1 | global step 6350 | mode train | loss 0.3586 | accuracy 85.625 | mean_length 64
09-09-21 14:35:55 - epoch 1 | global step 6360 | mode train | loss 0.3623 | accuracy 84.375 | mean_length 64
09-09-21 14:37:42 - epoch 1 | global step 6370 | mode train | loss 0.3749 | accuracy 85.3125 | mean_length 64
09-09-21 14:39:29 - epoch 1 | global step 6380 | mode train | loss 0.4782 | accuracy 80.3125 | mean_length 64
09-09-21 14:41:17 - epoch 1 | global step 6390 | mode train | loss 0.3939 | accuracy 85.0 | mean_length 64
09-09-21 14:43:04 - epoch 1 | global step 6400 | mode train | loss 0.3875 | accuracy 85.3125 | mean_length 64
09-09-21 14:44:51 - epoch 1 | global step 6410 | mode train | loss 0.3671 | accuracy 85.0 | mean_length 64
09-09-21 14:46:38 - epoch 1 | global step 6420 | mode train | loss 0.4235 | accuracy 82.8125 | mean_length 64
09-09-21 14:48:25 - epoch 1 | global step 6430 | mode train | loss 0.3984 | accuracy 83.75 | mean_length 64
09-09-21 14:50:13 - epoch 1 | global step 6440 | mode train | loss 0.4393 | accuracy 82.8125 | mean_length 64
09-09-21 14:52:00 - epoch 1 | global step 6450 | mode train | loss 0.4228 | accuracy 84.375 | mean_length 64
09-09-21 14:53:47 - epoch 2 | global step 6460 | mode train | loss 0.3764 | accuracy 87.5 | mean_length 64
09-09-21 14:55:34 - epoch 2 | global step 6470 | mode train | loss 0.4708 | accuracy 80.625 | mean_length 64
09-09-21 14:57:22 - epoch 2 | global step 6480 | mode train | loss 0.388 | accuracy 84.0625 | mean_length 64
09-09-21 14:59:09 - epoch 2 | global step 6490 | mode train | loss 0.3953 | accuracy 84.6875 | mean_length 64
09-09-21 15:00:56 - epoch 2 | global step 6500 | mode train | loss 0.387 | accuracy 85.0 | mean_length 64
09-09-21 15:02:43 - epoch 2 | global step 6510 | mode train | loss 0.344 | accuracy 85.0 | mean_length 64
09-09-21 15:04:30 - epoch 2 | global step 6520 | mode train | loss 0.3542 | accuracy 87.1875 | mean_length 64
09-09-21 15:06:17 - epoch 2 | global step 6530 | mode train | loss 0.4647 | accuracy 82.8125 | mean_length 64
09-09-21 15:08:05 - epoch 2 | global step 6540 | mode train | loss 0.472 | accuracy 81.875 | mean_length 64
09-09-21 15:09:52 - epoch 2 | global step 6550 | mode train | loss 0.455 | accuracy 81.25 | mean_length 64
09-09-21 15:11:39 - epoch 2 | global step 6560 | mode train | loss 0.3702 | accuracy 84.6875 | mean_length 64
09-09-21 15:13:26 - epoch 2 | global step 6570 | mode train | loss 0.4004 | accuracy 82.1875 | mean_length 64
09-09-21 15:15:13 - epoch 2 | global step 6580 | mode train | loss 0.3796 | accuracy 84.375 | mean_length 64
09-09-21 15:17:00 - epoch 2 | global step 6590 | mode train | loss 0.3831 | accuracy 84.6875 | mean_length 64
09-09-21 15:18:48 - epoch 2 | global step 6600 | mode train | loss 0.3904 | accuracy 83.4375 | mean_length 64
09-09-21 15:20:35 - epoch 2 | global step 6610 | mode train | loss 0.3134 | accuracy 87.5 | mean_length 64
09-09-21 15:22:22 - epoch 2 | global step 6620 | mode train | loss 0.3468 | accuracy 86.5625 | mean_length 64
09-09-21 15:24:09 - epoch 2 | global step 6630 | mode train | loss 0.331 | accuracy 86.875 | mean_length 64
09-09-21 15:25:56 - epoch 2 | global step 6640 | mode train | loss 0.3394 | accuracy 86.5625 | mean_length 64
09-09-21 15:27:43 - epoch 2 | global step 6650 | mode train | loss 0.3213 | accuracy 88.125 | mean_length 64
09-09-21 15:38:15 - epoch 2 | global step 6656 | mode validation | loss 0.4733 | accuracy 81.76 | mean_length 64
09-09-21 15:38:58 - epoch 2 | global step 6660 | mode train | loss 0.3271 | accuracy 86.25 | mean_length 64
09-09-21 15:40:45 - epoch 2 | global step 6670 | mode train | loss 0.4361 | accuracy 80.625 | mean_length 64
09-09-21 15:42:32 - epoch 2 | global step 6680 | mode train | loss 0.3581 | accuracy 87.1875 | mean_length 64
09-09-21 15:44:19 - epoch 2 | global step 6690 | mode train | loss 0.4186 | accuracy 83.125 | mean_length 64
09-09-21 15:46:06 - epoch 2 | global step 6700 | mode train | loss 0.4337 | accuracy 85.0 | mean_length 64
09-09-21 15:47:53 - epoch 2 | global step 6710 | mode train | loss 0.3675 | accuracy 87.1875 | mean_length 64
09-09-21 15:49:41 - epoch 2 | global step 6720 | mode train | loss 0.3111 | accuracy 89.375 | mean_length 64
09-09-21 15:51:28 - epoch 2 | global step 6730 | mode train | loss 0.4013 | accuracy 84.375 | mean_length 64
09-09-21 15:53:15 - epoch 2 | global step 6740 | mode train | loss 0.3439 | accuracy 85.0 | mean_length 64
09-09-21 15:55:02 - epoch 2 | global step 6750 | mode train | loss 0.2931 | accuracy 88.75 | mean_length 64
09-09-21 15:56:49 - epoch 2 | global step 6760 | mode train | loss 0.3341 | accuracy 83.75 | mean_length 64
09-09-21 15:58:37 - epoch 2 | global step 6770 | mode train | loss 0.4277 | accuracy 81.875 | mean_length 64
09-09-21 16:00:24 - epoch 2 | global step 6780 | mode train | loss 0.3992 | accuracy 84.6875 | mean_length 64
09-09-21 16:02:11 - epoch 2 | global step 6790 | mode train | loss 0.4165 | accuracy 81.5625 | mean_length 64
09-09-21 16:03:58 - epoch 2 | global step 6800 | mode train | loss 0.442 | accuracy 82.1875 | mean_length 64
09-09-21 16:05:46 - epoch 2 | global step 6810 | mode train | loss 0.3877 | accuracy 85.9375 | mean_length 64
09-09-21 16:07:33 - epoch 2 | global step 6820 | mode train | loss 0.3278 | accuracy 86.875 | mean_length 64
09-09-21 16:09:20 - epoch 2 | global step 6830 | mode train | loss 0.3608 | accuracy 86.25 | mean_length 64
09-09-21 16:11:07 - epoch 2 | global step 6840 | mode train | loss 0.3535 | accuracy 85.625 | mean_length 64
09-09-21 16:12:54 - epoch 2 | global step 6850 | mode train | loss 0.3802 | accuracy 86.875 | mean_length 64
09-09-21 16:14:41 - epoch 2 | global step 6860 | mode train | loss 0.3709 | accuracy 85.625 | mean_length 64
09-09-21 16:16:28 - epoch 2 | global step 6870 | mode train | loss 0.3578 | accuracy 85.9375 | mean_length 64
09-09-21 16:18:15 - epoch 2 | global step 6880 | mode train | loss 0.4249 | accuracy 83.75 | mean_length 64
09-09-21 16:20:02 - epoch 2 | global step 6890 | mode train | loss 0.3548 | accuracy 85.0 | mean_length 64
09-09-21 16:21:50 - epoch 2 | global step 6900 | mode train | loss 0.3749 | accuracy 84.375 | mean_length 64
09-09-21 16:23:37 - epoch 2 | global step 6910 | mode train | loss 0.3888 | accuracy 85.625 | mean_length 64
09-09-21 16:25:24 - epoch 2 | global step 6920 | mode train | loss 0.4306 | accuracy 82.1875 | mean_length 64
09-09-21 16:27:11 - epoch 2 | global step 6930 | mode train | loss 0.4023 | accuracy 81.875 | mean_length 64
09-09-21 16:28:58 - epoch 2 | global step 6940 | mode train | loss 0.3846 | accuracy 85.9375 | mean_length 64
09-09-21 16:30:45 - epoch 2 | global step 6950 | mode train | loss 0.3357 | accuracy 87.1875 | mean_length 64
09-09-21 16:32:32 - epoch 2 | global step 6960 | mode train | loss 0.3724 | accuracy 85.0 | mean_length 64
09-09-21 16:34:19 - epoch 2 | global step 6970 | mode train | loss 0.3486 | accuracy 87.1875 | mean_length 64
09-09-21 16:36:06 - epoch 2 | global step 6980 | mode train | loss 0.3438 | accuracy 85.625 | mean_length 64
09-09-21 16:37:54 - epoch 2 | global step 6990 | mode train | loss 0.3806 | accuracy 85.625 | mean_length 64
09-09-21 16:39:42 - epoch 2 | global step 7000 | mode train | loss 0.3053 | accuracy 87.8125 | mean_length 64
09-09-21 16:41:29 - epoch 2 | global step 7010 | mode train | loss 0.3571 | accuracy 87.5 | mean_length 64
09-09-21 16:43:16 - epoch 2 | global step 7020 | mode train | loss 0.3435 | accuracy 86.5625 | mean_length 64
09-09-21 16:45:03 - epoch 2 | global step 7030 | mode train | loss 0.3269 | accuracy 86.875 | mean_length 64
09-09-21 16:46:50 - epoch 2 | global step 7040 | mode train | loss 0.3217 | accuracy 84.6875 | mean_length 64
09-09-21 16:48:37 - epoch 2 | global step 7050 | mode train | loss 0.3622 | accuracy 85.9375 | mean_length 64
09-09-21 16:50:24 - epoch 2 | global step 7060 | mode train | loss 0.3605 | accuracy 85.0 | mean_length 64
09-09-21 16:52:12 - epoch 2 | global step 7070 | mode train | loss 0.2931 | accuracy 89.375 | mean_length 64
09-09-21 16:53:59 - epoch 2 | global step 7080 | mode train | loss 0.3619 | accuracy 85.9375 | mean_length 64
09-09-21 16:55:46 - epoch 2 | global step 7090 | mode train | loss 0.3394 | accuracy 86.25 | mean_length 64
09-09-21 16:57:33 - epoch 2 | global step 7100 | mode train | loss 0.3835 | accuracy 84.0625 | mean_length 64
09-09-21 16:59:21 - epoch 2 | global step 7110 | mode train | loss 0.3513 | accuracy 85.9375 | mean_length 64
09-09-21 17:01:08 - epoch 2 | global step 7120 | mode train | loss 0.3275 | accuracy 85.3125 | mean_length 64
09-09-21 17:02:55 - epoch 2 | global step 7130 | mode train | loss 0.3131 | accuracy 86.5625 | mean_length 64
09-09-21 17:04:42 - epoch 2 | global step 7140 | mode train | loss 0.4277 | accuracy 81.875 | mean_length 64
09-09-21 17:06:30 - epoch 2 | global step 7150 | mode train | loss 0.3838 | accuracy 83.125 | mean_length 64
09-09-21 17:08:17 - epoch 2 | global step 7160 | mode train | loss 0.3173 | accuracy 86.5625 | mean_length 64
09-09-21 17:19:12 - epoch 2 | global step 7168 | mode validation | loss 0.5553 | accuracy 79.92 | mean_length 64
09-09-21 17:19:38 - epoch 2 | global step 7170 | mode train | loss 0.3359 | accuracy 88.4375 | mean_length 64
09-09-21 17:21:27 - epoch 2 | global step 7180 | mode train | loss 0.4133 | accuracy 82.1875 | mean_length 64
09-09-21 17:23:15 - epoch 2 | global step 7190 | mode train | loss 0.4839 | accuracy 81.25 | mean_length 64
09-09-21 17:25:03 - epoch 2 | global step 7200 | mode train | loss 0.3628 | accuracy 84.6875 | mean_length 64
09-09-21 17:26:51 - epoch 2 | global step 7210 | mode train | loss 0.3469 | accuracy 85.9375 | mean_length 64
09-09-21 17:28:39 - epoch 2 | global step 7220 | mode train | loss 0.3624 | accuracy 86.5625 | mean_length 64
09-09-21 17:30:27 - epoch 2 | global step 7230 | mode train | loss 0.3811 | accuracy 83.4375 | mean_length 64
09-09-21 17:32:15 - epoch 2 | global step 7240 | mode train | loss 0.4468 | accuracy 79.6875 | mean_length 64
09-09-21 17:34:03 - epoch 2 | global step 7250 | mode train | loss 0.3806 | accuracy 82.5 | mean_length 64
09-09-21 17:35:52 - epoch 2 | global step 7260 | mode train | loss 0.372 | accuracy 85.3125 | mean_length 64
09-09-21 17:37:40 - epoch 2 | global step 7270 | mode train | loss 0.4157 | accuracy 84.0625 | mean_length 64
09-09-21 17:39:29 - epoch 2 | global step 7280 | mode train | loss 0.3585 | accuracy 85.625 | mean_length 64
09-09-21 17:41:17 - epoch 2 | global step 7290 | mode train | loss 0.4388 | accuracy 81.875 | mean_length 64
09-09-21 17:43:05 - epoch 2 | global step 7300 | mode train | loss 0.461 | accuracy 82.5 | mean_length 64
09-09-21 17:44:53 - epoch 2 | global step 7310 | mode train | loss 0.4472 | accuracy 84.0625 | mean_length 64
09-09-21 17:46:41 - epoch 2 | global step 7320 | mode train | loss 0.3658 | accuracy 84.375 | mean_length 64
09-09-21 17:48:29 - epoch 2 | global step 7330 | mode train | loss 0.4453 | accuracy 82.1875 | mean_length 64
09-09-21 17:50:17 - epoch 2 | global step 7340 | mode train | loss 0.3828 | accuracy 85.9375 | mean_length 64
09-09-21 17:52:05 - epoch 2 | global step 7350 | mode train | loss 0.4006 | accuracy 84.375 | mean_length 64
09-09-21 17:53:53 - epoch 2 | global step 7360 | mode train | loss 0.4109 | accuracy 84.6875 | mean_length 64
09-09-21 17:55:42 - epoch 2 | global step 7370 | mode train | loss 0.3745 | accuracy 83.75 | mean_length 64
09-09-21 17:57:30 - epoch 2 | global step 7380 | mode train | loss 0.367 | accuracy 86.875 | mean_length 64
09-09-21 17:59:18 - epoch 2 | global step 7390 | mode train | loss 0.3739 | accuracy 86.25 | mean_length 64
09-09-21 18:01:07 - epoch 2 | global step 7400 | mode train | loss 0.4119 | accuracy 82.8125 | mean_length 64
09-09-21 18:02:55 - epoch 2 | global step 7410 | mode train | loss 0.3583 | accuracy 85.625 | mean_length 64
09-09-21 18:04:43 - epoch 2 | global step 7420 | mode train | loss 0.3815 | accuracy 81.875 | mean_length 64
09-09-21 18:06:32 - epoch 2 | global step 7430 | mode train | loss 0.3269 | accuracy 86.5625 | mean_length 64
09-09-21 18:08:20 - epoch 2 | global step 7440 | mode train | loss 0.3832 | accuracy 85.0 | mean_length 64
09-09-21 18:10:08 - epoch 2 | global step 7450 | mode train | loss 0.5864 | accuracy 75.9375 | mean_length 64
09-09-21 18:11:56 - epoch 2 | global step 7460 | mode train | loss 0.4994 | accuracy 78.75 | mean_length 64
09-09-21 18:13:44 - epoch 2 | global step 7470 | mode train | loss 0.4447 | accuracy 80.9375 | mean_length 64
09-09-21 18:15:32 - epoch 2 | global step 7480 | mode train | loss 0.4225 | accuracy 82.5 | mean_length 64
09-09-21 18:17:20 - epoch 2 | global step 7490 | mode train | loss 0.5097 | accuracy 76.25 | mean_length 64
09-09-21 18:19:08 - epoch 2 | global step 7500 | mode train | loss 0.4605 | accuracy 81.875 | mean_length 64
09-09-21 18:20:57 - epoch 2 | global step 7510 | mode train | loss 0.6251 | accuracy 76.5625 | mean_length 64
09-09-21 18:22:44 - epoch 2 | global step 7520 | mode train | loss 0.4413 | accuracy 83.4375 | mean_length 64
09-09-21 18:24:32 - epoch 2 | global step 7530 | mode train | loss 0.5481 | accuracy 75.625 | mean_length 64
09-09-21 18:26:19 - epoch 2 | global step 7540 | mode train | loss 0.4306 | accuracy 81.25 | mean_length 64
09-09-21 18:28:06 - epoch 2 | global step 7550 | mode train | loss 0.4416 | accuracy 83.75 | mean_length 64
09-09-21 18:29:54 - epoch 2 | global step 7560 | mode train | loss 0.4233 | accuracy 81.5625 | mean_length 64
09-09-21 18:31:41 - epoch 2 | global step 7570 | mode train | loss 0.3988 | accuracy 84.6875 | mean_length 64
09-09-21 18:33:28 - epoch 2 | global step 7580 | mode train | loss 0.4421 | accuracy 82.8125 | mean_length 64
09-09-21 18:35:16 - epoch 2 | global step 7590 | mode train | loss 0.4314 | accuracy 81.875 | mean_length 64
09-09-21 18:37:03 - epoch 2 | global step 7600 | mode train | loss 0.4944 | accuracy 79.375 | mean_length 64
09-09-21 18:38:50 - epoch 2 | global step 7610 | mode train | loss 0.4311 | accuracy 82.8125 | mean_length 64
09-09-21 18:40:38 - epoch 2 | global step 7620 | mode train | loss 0.408 | accuracy 84.0625 | mean_length 64
09-09-21 18:42:25 - epoch 2 | global step 7630 | mode train | loss 0.3926 | accuracy 83.4375 | mean_length 64
09-09-21 18:44:12 - epoch 2 | global step 7640 | mode train | loss 0.3758 | accuracy 85.3125 | mean_length 64
09-09-21 18:46:00 - epoch 2 | global step 7650 | mode train | loss 0.3515 | accuracy 87.8125 | mean_length 64
09-09-21 18:47:47 - epoch 2 | global step 7660 | mode train | loss 0.3223 | accuracy 85.625 | mean_length 64
09-09-21 18:49:34 - epoch 2 | global step 7670 | mode train | loss 0.3804 | accuracy 84.6875 | mean_length 64
09-09-21 18:51:22 - epoch 2 | global step 7680 | mode train | loss 0.3949 | accuracy 84.0625 | mean_length 64
09-09-21 19:00:55 - epoch 2 | global step 7680 | mode validation | loss 0.5716 | accuracy 78.84 | mean_length 64
09-09-21 19:02:44 - epoch 2 | global step 7690 | mode train | loss 0.3449 | accuracy 86.5625 | mean_length 64
09-09-21 19:04:31 - epoch 2 | global step 7700 | mode train | loss 0.3967 | accuracy 84.6875 | mean_length 64
09-09-21 19:06:18 - epoch 2 | global step 7710 | mode train | loss 0.4012 | accuracy 83.75 | mean_length 64
09-09-21 19:08:05 - epoch 2 | global step 7720 | mode train | loss 0.3205 | accuracy 89.0625 | mean_length 64
09-09-21 19:09:53 - epoch 2 | global step 7730 | mode train | loss 0.3047 | accuracy 89.6875 | mean_length 64
09-09-21 19:11:40 - epoch 2 | global step 7740 | mode train | loss 0.3631 | accuracy 86.5625 | mean_length 64
09-09-21 19:13:27 - epoch 2 | global step 7750 | mode train | loss 0.384 | accuracy 85.625 | mean_length 64
09-09-21 19:15:14 - epoch 2 | global step 7760 | mode train | loss 0.3757 | accuracy 85.9375 | mean_length 64
09-09-21 19:17:01 - epoch 2 | global step 7770 | mode train | loss 0.4283 | accuracy 82.8125 | mean_length 64
09-09-21 19:18:49 - epoch 2 | global step 7780 | mode train | loss 0.3739 | accuracy 84.6875 | mean_length 64
09-09-21 19:20:36 - epoch 2 | global step 7790 | mode train | loss 0.343 | accuracy 84.6875 | mean_length 64
09-09-21 19:22:23 - epoch 2 | global step 7800 | mode train | loss 0.3901 | accuracy 85.0 | mean_length 64
09-09-21 19:24:10 - epoch 2 | global step 7810 | mode train | loss 0.3981 | accuracy 85.0 | mean_length 64
09-09-21 19:25:58 - epoch 2 | global step 7820 | mode train | loss 0.34 | accuracy 86.875 | mean_length 64
09-09-21 19:27:45 - epoch 2 | global step 7830 | mode train | loss 0.3459 | accuracy 85.625 | mean_length 64
09-09-21 19:29:32 - epoch 2 | global step 7840 | mode train | loss 0.3373 | accuracy 87.1875 | mean_length 64
09-09-21 19:31:19 - epoch 2 | global step 7850 | mode train | loss 0.3609 | accuracy 86.875 | mean_length 64
09-09-21 19:33:06 - epoch 2 | global step 7860 | mode train | loss 0.3384 | accuracy 85.3125 | mean_length 64
09-09-21 19:34:53 - epoch 2 | global step 7870 | mode train | loss 0.3501 | accuracy 85.3125 | mean_length 64
09-09-21 19:36:41 - epoch 2 | global step 7880 | mode train | loss 0.3122 | accuracy 89.0625 | mean_length 64
09-09-21 19:38:28 - epoch 2 | global step 7890 | mode train | loss 0.2973 | accuracy 88.125 | mean_length 64
09-09-21 19:40:15 - epoch 2 | global step 7900 | mode train | loss 0.295 | accuracy 90.0 | mean_length 64
09-09-21 19:42:02 - epoch 2 | global step 7910 | mode train | loss 0.3207 | accuracy 85.625 | mean_length 64
09-09-21 19:43:49 - epoch 2 | global step 7920 | mode train | loss 0.282 | accuracy 88.75 | mean_length 64
09-09-21 19:45:36 - epoch 2 | global step 7930 | mode train | loss 0.3815 | accuracy 85.0 | mean_length 64
09-09-21 19:47:23 - epoch 2 | global step 7940 | mode train | loss 0.3757 | accuracy 85.9375 | mean_length 64
09-09-21 19:49:10 - epoch 2 | global step 7950 | mode train | loss 0.3765 | accuracy 84.0625 | mean_length 64
09-09-21 19:50:58 - epoch 2 | global step 7960 | mode train | loss 0.3044 | accuracy 88.75 | mean_length 64
09-09-21 19:52:45 - epoch 2 | global step 7970 | mode train | loss 0.3497 | accuracy 87.1875 | mean_length 64
09-09-21 19:54:32 - epoch 2 | global step 7980 | mode train | loss 0.2773 | accuracy 90.625 | mean_length 64
09-09-21 19:56:19 - epoch 2 | global step 7990 | mode train | loss 0.3785 | accuracy 83.125 | mean_length 64
09-09-21 19:58:06 - epoch 2 | global step 8000 | mode train | loss 0.2744 | accuracy 90.9375 | mean_length 64
09-09-21 19:59:54 - epoch 2 | global step 8010 | mode train | loss 0.295 | accuracy 88.75 | mean_length 64
09-09-21 20:01:41 - epoch 2 | global step 8020 | mode train | loss 0.3484 | accuracy 86.25 | mean_length 64
09-09-21 20:03:29 - epoch 2 | global step 8030 | mode train | loss 0.4107 | accuracy 84.0625 | mean_length 64
09-09-21 20:05:16 - epoch 2 | global step 8040 | mode train | loss 0.3233 | accuracy 86.25 | mean_length 64
09-09-21 20:07:03 - epoch 2 | global step 8050 | mode train | loss 0.24 | accuracy 91.5625 | mean_length 64
09-09-21 20:08:50 - epoch 2 | global step 8060 | mode train | loss 0.3296 | accuracy 86.5625 | mean_length 64
09-09-21 20:10:38 - epoch 2 | global step 8070 | mode train | loss 0.3192 | accuracy 86.5625 | mean_length 64
09-09-21 20:12:25 - epoch 2 | global step 8080 | mode train | loss 0.2962 | accuracy 88.125 | mean_length 64
09-09-21 20:14:12 - epoch 2 | global step 8090 | mode train | loss 0.352 | accuracy 86.875 | mean_length 64
09-09-21 20:15:59 - epoch 2 | global step 8100 | mode train | loss 0.3636 | accuracy 85.0 | mean_length 64
09-09-21 20:17:46 - epoch 2 | global step 8110 | mode train | loss 0.3778 | accuracy 83.4375 | mean_length 64
09-09-21 20:19:33 - epoch 2 | global step 8120 | mode train | loss 0.3329 | accuracy 86.5625 | mean_length 64
09-09-21 20:21:21 - epoch 2 | global step 8130 | mode train | loss 0.2745 | accuracy 89.0625 | mean_length 64
09-09-21 20:23:08 - epoch 2 | global step 8140 | mode train | loss 0.2957 | accuracy 88.4375 | mean_length 64
09-09-21 20:24:55 - epoch 2 | global step 8150 | mode train | loss 0.2891 | accuracy 88.75 | mean_length 64
09-09-21 20:26:43 - epoch 2 | global step 8160 | mode train | loss 0.2936 | accuracy 88.125 | mean_length 64
09-09-21 20:28:30 - epoch 2 | global step 8170 | mode train | loss 0.3038 | accuracy 88.125 | mean_length 64
09-09-21 20:30:17 - epoch 2 | global step 8180 | mode train | loss 0.3375 | accuracy 87.1875 | mean_length 64
09-09-21 20:32:04 - epoch 2 | global step 8190 | mode train | loss 0.3488 | accuracy 86.25 | mean_length 64
09-09-21 20:32:26 - Evaluate the following checkpoint: Output/accGrad4_mbart_BTen+zh_lr1.25e-5_7distractors_maxstep8192_seed42/model.pt
09-09-21 20:43:51 - Best model stats: 
09-09-21 20:43:51 - epoch 0 | global step 0 | mode validation | loss 0.4849 | accuracy 80.22 | mean_length 64
