==========================================
SLURM_JOB_ID = 5860915
SLURM_JOB_NODELIST = d14-07
TMPDIR = /tmp/SLURM_5860915
==========================================
/home1/zliu9986/communication-translation
09-12-21 22:35:34 - Dataset Loaded
09-12-21 22:35:34 - Configuration:
Namespace(TransferH=False, alpha=1.0, batch_size=8, beam_width=5, bidirectional=False, config='Configs/mbart_ec_en+zh.yml', cpu=False, decode_how='beam', device=device(type='cuda'), do_eval=True, do_train=True, dropout=0.1, fix_bhd=False, fix_spk=False, grad_clip=1.0, gradient_accumulation_steps=4, hard=False, has_vocab_constraint=False, hidden_dim=512, image_dim=2048, lr=9e-06, max_global_step=8192, max_seq_length=64, mode='emergent_communication', model_name='Models/mbart_bt_en+zh_lr25e-6', n_gpu=1, no_share_bhd=False, no_terminal=False, no_write=False, num_distractors_train=7, num_distractors_valid=7, num_games=30, num_layers=1, output_dir='Output/accGrad4_mbart_BTen+zh_lr9.0e-6_7distractors_maxstep8192_seed43', print_every=10, save_output_txt=True, save_pretrain_seperately=True, seed=43, source_lang='en_XX', source_lang_vocab_constrain_file='/projects/unmt/communication-translation/en_cc_tokenID2count_dict.cc25.json', stats_to_print=['loss', 'accuracy', 'caption generation loss', 'image selection loss', 'mean_length'], target_acc=85.0, target_lang='zh_CN', target_lang_vocab_constrain_file='/projects/unmt/communication-translation/zh-Hans_cc_tokenID2count_dict.cc25.json', temp=1.0, temperature=1.0, train_images='./Data/ec_finetuning/images_train', two_ffwd=False, unit_norm=False, valid_every=512, valid_images='./Data/ec_finetuning/images_val', vocab_size=4035)
Sharing visual system for each agent.
09-12-21 22:45:23 - epoch 0 | global step 0 | mode validation | loss 2.5007 | accuracy 12.38 | mean_length 53.3506
09-12-21 22:45:23 - Saving model to Output/accGrad4_mbart_BTen+zh_lr9.0e-6_7distractors_maxstep8192_seed43
Epoch: 0, Prediction Accuracy: 12.38, Saved to Path: Output/accGrad4_mbart_BTen+zh_lr9.0e-6_7distractors_maxstep8192_seed43
09-12-21 22:47:01 - epoch 0 | global step 10 | mode train | loss 2.3822 | accuracy 13.125 | mean_length 32.5812
09-12-21 22:48:48 - epoch 0 | global step 20 | mode train | loss 2.1199 | accuracy 13.125 | mean_length 60.0719
09-12-21 22:50:35 - epoch 0 | global step 30 | mode train | loss 2.1223 | accuracy 10.0 | mean_length 63.85
09-12-21 22:52:22 - epoch 0 | global step 40 | mode train | loss 2.1248 | accuracy 9.375 | mean_length 64
09-12-21 22:54:09 - epoch 0 | global step 50 | mode train | loss 2.0922 | accuracy 17.1875 | mean_length 64
09-12-21 22:55:56 - epoch 0 | global step 60 | mode train | loss 2.0863 | accuracy 11.5625 | mean_length 64
09-12-21 22:57:43 - epoch 0 | global step 70 | mode train | loss 2.0821 | accuracy 10.625 | mean_length 64
09-12-21 22:59:30 - epoch 0 | global step 80 | mode train | loss 2.0805 | accuracy 15.0 | mean_length 64
09-12-21 23:01:17 - epoch 0 | global step 90 | mode train | loss 2.1113 | accuracy 9.0625 | mean_length 64
09-12-21 23:03:04 - epoch 0 | global step 100 | mode train | loss 2.0917 | accuracy 11.875 | mean_length 64
09-12-21 23:04:52 - epoch 0 | global step 110 | mode train | loss 2.0766 | accuracy 15.0 | mean_length 64
09-12-21 23:06:39 - epoch 0 | global step 120 | mode train | loss 2.0917 | accuracy 11.25 | mean_length 64
09-12-21 23:08:26 - epoch 0 | global step 130 | mode train | loss 2.0836 | accuracy 13.75 | mean_length 64
09-12-21 23:10:13 - epoch 0 | global step 140 | mode train | loss 2.0837 | accuracy 12.1875 | mean_length 64
09-12-21 23:12:00 - epoch 0 | global step 150 | mode train | loss 2.0863 | accuracy 11.25 | mean_length 64
09-12-21 23:13:47 - epoch 0 | global step 160 | mode train | loss 2.0864 | accuracy 15.3125 | mean_length 64
09-12-21 23:15:34 - epoch 0 | global step 170 | mode train | loss 2.0806 | accuracy 13.125 | mean_length 64
09-12-21 23:17:21 - epoch 0 | global step 180 | mode train | loss 2.0779 | accuracy 14.0625 | mean_length 64
09-12-21 23:19:08 - epoch 0 | global step 190 | mode train | loss 2.0853 | accuracy 10.625 | mean_length 64
09-12-21 23:20:55 - epoch 0 | global step 200 | mode train | loss 2.0928 | accuracy 12.1875 | mean_length 64
09-12-21 23:22:42 - epoch 0 | global step 210 | mode train | loss 2.0779 | accuracy 11.875 | mean_length 64
09-12-21 23:24:29 - epoch 0 | global step 220 | mode train | loss 2.0837 | accuracy 13.125 | mean_length 64
09-12-21 23:26:16 - epoch 0 | global step 230 | mode train | loss 2.0949 | accuracy 11.5625 | mean_length 64
09-12-21 23:28:02 - epoch 0 | global step 240 | mode train | loss 2.0819 | accuracy 12.8125 | mean_length 64
09-12-21 23:29:49 - epoch 0 | global step 250 | mode train | loss 2.0835 | accuracy 11.25 | mean_length 63.9688
09-12-21 23:31:36 - epoch 0 | global step 260 | mode train | loss 2.0843 | accuracy 13.4375 | mean_length 64
09-12-21 23:33:23 - epoch 0 | global step 270 | mode train | loss 2.0851 | accuracy 12.1875 | mean_length 64
09-12-21 23:35:10 - epoch 0 | global step 280 | mode train | loss 2.0791 | accuracy 12.1875 | mean_length 64
09-12-21 23:36:57 - epoch 0 | global step 290 | mode train | loss 2.0697 | accuracy 14.6875 | mean_length 64
09-12-21 23:38:44 - epoch 0 | global step 300 | mode train | loss 2.0888 | accuracy 8.125 | mean_length 64
09-12-21 23:40:31 - epoch 0 | global step 310 | mode train | loss 2.0569 | accuracy 14.375 | mean_length 64
09-12-21 23:42:17 - epoch 0 | global step 320 | mode train | loss 1.9832 | accuracy 15.625 | mean_length 64
09-12-21 23:44:04 - epoch 0 | global step 330 | mode train | loss 2.0042 | accuracy 14.6875 | mean_length 64
09-12-21 23:45:51 - epoch 0 | global step 340 | mode train | loss 2.071 | accuracy 12.1875 | mean_length 64
09-12-21 23:47:38 - epoch 0 | global step 350 | mode train | loss 2.0824 | accuracy 12.5 | mean_length 64
09-12-21 23:49:24 - epoch 0 | global step 360 | mode train | loss 2.0839 | accuracy 10.9375 | mean_length 64
09-12-21 23:51:11 - epoch 0 | global step 370 | mode train | loss 2.0828 | accuracy 11.5625 | mean_length 63.9937
09-12-21 23:52:58 - epoch 0 | global step 380 | mode train | loss 2.0809 | accuracy 13.75 | mean_length 64
09-12-21 23:54:45 - epoch 0 | global step 390 | mode train | loss 2.0786 | accuracy 13.4375 | mean_length 64
09-12-21 23:56:31 - epoch 0 | global step 400 | mode train | loss 2.0912 | accuracy 9.6875 | mean_length 64
09-12-21 23:58:18 - epoch 0 | global step 410 | mode train | loss 2.0787 | accuracy 16.875 | mean_length 64
09-13-21 00:00:05 - epoch 0 | global step 420 | mode train | loss 2.0855 | accuracy 10.3125 | mean_length 64
09-13-21 00:01:52 - epoch 0 | global step 430 | mode train | loss 2.0734 | accuracy 14.6875 | mean_length 64
09-13-21 00:03:39 - epoch 0 | global step 440 | mode train | loss 2.0801 | accuracy 10.625 | mean_length 64
09-13-21 00:05:26 - epoch 0 | global step 450 | mode train | loss 2.0817 | accuracy 10.625 | mean_length 64
09-13-21 00:07:13 - epoch 0 | global step 460 | mode train | loss 2.0654 | accuracy 12.1875 | mean_length 64
09-13-21 00:09:00 - epoch 0 | global step 470 | mode train | loss 2.1243 | accuracy 16.5625 | mean_length 63.8937
09-13-21 00:10:46 - epoch 0 | global step 480 | mode train | loss 2.0849 | accuracy 11.5625 | mean_length 64
09-13-21 00:12:33 - epoch 0 | global step 490 | mode train | loss 2.0869 | accuracy 12.1875 | mean_length 64
09-13-21 00:14:20 - epoch 0 | global step 500 | mode train | loss 2.0762 | accuracy 14.6875 | mean_length 64
09-13-21 00:16:07 - epoch 0 | global step 510 | mode train | loss 2.0797 | accuracy 14.0625 | mean_length 64
09-13-21 00:25:59 - epoch 0 | global step 512 | mode validation | loss 2.082 | accuracy 12.14 | mean_length 64
09-13-21 00:25:59 - Saving model to Output/accGrad4_mbart_BTen+zh_lr9.0e-6_7distractors_maxstep8192_seed43
Epoch: 0, Prediction Accuracy: 12.14, Saved to Path: Output/accGrad4_mbart_BTen+zh_lr9.0e-6_7distractors_maxstep8192_seed43
09-13-21 00:27:34 - epoch 0 | global step 520 | mode train | loss 2.0891 | accuracy 10.625 | mean_length 64
09-13-21 00:29:21 - epoch 0 | global step 530 | mode train | loss 2.0855 | accuracy 11.25 | mean_length 64
09-13-21 00:31:08 - epoch 0 | global step 540 | mode train | loss 2.0838 | accuracy 11.875 | mean_length 64
09-13-21 00:32:54 - epoch 0 | global step 550 | mode train | loss 2.0776 | accuracy 14.0625 | mean_length 64
09-13-21 00:34:41 - epoch 0 | global step 560 | mode train | loss 2.0796 | accuracy 11.5625 | mean_length 64
09-13-21 00:36:28 - epoch 0 | global step 570 | mode train | loss 2.0831 | accuracy 11.875 | mean_length 64
09-13-21 00:38:15 - epoch 0 | global step 580 | mode train | loss 2.0809 | accuracy 11.5625 | mean_length 64
09-13-21 00:40:01 - epoch 0 | global step 590 | mode train | loss 2.079 | accuracy 13.4375 | mean_length 64
09-13-21 00:41:48 - epoch 0 | global step 600 | mode train | loss 2.0866 | accuracy 11.25 | mean_length 64
09-13-21 00:43:35 - epoch 0 | global step 610 | mode train | loss 2.0885 | accuracy 10.625 | mean_length 64
09-13-21 00:45:22 - epoch 0 | global step 620 | mode train | loss 2.0804 | accuracy 14.0625 | mean_length 64
09-13-21 00:47:09 - epoch 0 | global step 630 | mode train | loss 2.0766 | accuracy 9.375 | mean_length 64
09-13-21 00:48:55 - epoch 0 | global step 640 | mode train | loss 2.0788 | accuracy 10.9375 | mean_length 64
09-13-21 00:50:42 - epoch 0 | global step 650 | mode train | loss 2.0781 | accuracy 11.5625 | mean_length 64
09-13-21 00:52:29 - epoch 0 | global step 660 | mode train | loss 2.0853 | accuracy 9.375 | mean_length 64
09-13-21 00:54:16 - epoch 0 | global step 670 | mode train | loss 2.0772 | accuracy 13.4375 | mean_length 64
09-13-21 00:56:02 - epoch 0 | global step 680 | mode train | loss 2.0746 | accuracy 10.3125 | mean_length 64
09-13-21 00:57:49 - epoch 0 | global step 690 | mode train | loss 2.0795 | accuracy 12.5 | mean_length 64
09-13-21 00:59:36 - epoch 0 | global step 700 | mode train | loss 2.0815 | accuracy 10.9375 | mean_length 64
09-13-21 01:01:23 - epoch 0 | global step 710 | mode train | loss 2.0835 | accuracy 12.8125 | mean_length 64
09-13-21 01:03:10 - epoch 0 | global step 720 | mode train | loss 2.0757 | accuracy 16.5625 | mean_length 64
09-13-21 01:04:56 - epoch 0 | global step 730 | mode train | loss 2.0816 | accuracy 14.0625 | mean_length 64
09-13-21 01:06:44 - epoch 0 | global step 740 | mode train | loss 2.077 | accuracy 13.75 | mean_length 64
09-13-21 01:08:30 - epoch 0 | global step 750 | mode train | loss 2.0806 | accuracy 10.9375 | mean_length 64
09-13-21 01:10:17 - epoch 0 | global step 760 | mode train | loss 2.0814 | accuracy 11.875 | mean_length 64
09-13-21 01:12:04 - epoch 0 | global step 770 | mode train | loss 2.0828 | accuracy 11.5625 | mean_length 64
09-13-21 01:13:51 - epoch 0 | global step 780 | mode train | loss 2.0829 | accuracy 13.125 | mean_length 64
09-13-21 01:15:38 - epoch 0 | global step 790 | mode train | loss 2.0813 | accuracy 11.5625 | mean_length 64
09-13-21 01:17:24 - epoch 0 | global step 800 | mode train | loss 2.0818 | accuracy 11.875 | mean_length 64
09-13-21 01:19:11 - epoch 0 | global step 810 | mode train | loss 2.0798 | accuracy 13.125 | mean_length 64
09-13-21 01:20:58 - epoch 0 | global step 820 | mode train | loss 2.0816 | accuracy 15.3125 | mean_length 64
09-13-21 01:22:44 - epoch 0 | global step 830 | mode train | loss 2.0786 | accuracy 12.8125 | mean_length 64
09-13-21 01:24:31 - epoch 0 | global step 840 | mode train | loss 2.0763 | accuracy 12.5 | mean_length 64
09-13-21 01:26:18 - epoch 0 | global step 850 | mode train | loss 2.0738 | accuracy 15.3125 | mean_length 64
09-13-21 01:28:05 - epoch 0 | global step 860 | mode train | loss 2.0888 | accuracy 9.375 | mean_length 64
09-13-21 01:29:52 - epoch 0 | global step 870 | mode train | loss 2.0788 | accuracy 13.4375 | mean_length 64
09-13-21 01:31:39 - epoch 0 | global step 880 | mode train | loss 2.079 | accuracy 14.0625 | mean_length 64
09-13-21 01:33:26 - epoch 0 | global step 890 | mode train | loss 2.0834 | accuracy 10.3125 | mean_length 64
09-13-21 01:35:12 - epoch 0 | global step 900 | mode train | loss 2.0745 | accuracy 14.6875 | mean_length 64
09-13-21 01:36:59 - epoch 0 | global step 910 | mode train | loss 2.0718 | accuracy 17.8125 | mean_length 64
09-13-21 01:38:46 - epoch 0 | global step 920 | mode train | loss 2.0416 | accuracy 14.0625 | mean_length 64
09-13-21 01:40:33 - epoch 0 | global step 930 | mode train | loss 2.0704 | accuracy 12.8125 | mean_length 64
09-13-21 01:42:19 - epoch 0 | global step 940 | mode train | loss 2.0757 | accuracy 14.6875 | mean_length 64
09-13-21 01:44:06 - epoch 0 | global step 950 | mode train | loss 2.0769 | accuracy 11.25 | mean_length 64
09-13-21 01:45:53 - epoch 0 | global step 960 | mode train | loss 2.0774 | accuracy 12.5 | mean_length 64
09-13-21 01:47:40 - epoch 0 | global step 970 | mode train | loss 2.0876 | accuracy 11.875 | mean_length 64
09-13-21 01:49:26 - epoch 0 | global step 980 | mode train | loss 2.082 | accuracy 12.1875 | mean_length 64
09-13-21 01:51:13 - epoch 0 | global step 990 | mode train | loss 2.073 | accuracy 14.6875 | mean_length 64
09-13-21 01:53:00 - epoch 0 | global step 1000 | mode train | loss 2.0835 | accuracy 14.0625 | mean_length 64
09-13-21 01:54:47 - epoch 0 | global step 1010 | mode train | loss 2.0736 | accuracy 14.375 | mean_length 64
09-13-21 01:56:33 - epoch 0 | global step 1020 | mode train | loss 2.0429 | accuracy 14.6875 | mean_length 64
09-13-21 02:06:47 - epoch 0 | global step 1024 | mode validation | loss 2.0191 | accuracy 13.44 | mean_length 64
09-13-21 02:06:47 - Saving model to Output/accGrad4_mbart_BTen+zh_lr9.0e-6_7distractors_maxstep8192_seed43
Epoch: 0, Prediction Accuracy: 13.44, Saved to Path: Output/accGrad4_mbart_BTen+zh_lr9.0e-6_7distractors_maxstep8192_seed43
09-13-21 02:08:02 - epoch 0 | global step 1030 | mode train | loss 2.0639 | accuracy 11.5625 | mean_length 64
09-13-21 02:09:49 - epoch 0 | global step 1040 | mode train | loss 2.052 | accuracy 12.5 | mean_length 64
09-13-21 02:11:35 - epoch 0 | global step 1050 | mode train | loss 2.0567 | accuracy 14.6875 | mean_length 64
09-13-21 02:13:22 - epoch 0 | global step 1060 | mode train | loss 2.0261 | accuracy 12.1875 | mean_length 64
09-13-21 02:15:09 - epoch 0 | global step 1070 | mode train | loss 1.9782 | accuracy 17.5 | mean_length 64
09-13-21 02:16:56 - epoch 0 | global step 1080 | mode train | loss 2.0099 | accuracy 13.125 | mean_length 64
09-13-21 02:18:43 - epoch 0 | global step 1090 | mode train | loss 1.9451 | accuracy 15.625 | mean_length 64
09-13-21 02:20:30 - epoch 0 | global step 1100 | mode train | loss 2.0298 | accuracy 11.5625 | mean_length 64
09-13-21 02:22:16 - epoch 0 | global step 1110 | mode train | loss 2.0008 | accuracy 14.375 | mean_length 64
09-13-21 02:24:03 - epoch 0 | global step 1120 | mode train | loss 2.0056 | accuracy 12.8125 | mean_length 64
09-13-21 02:25:50 - epoch 0 | global step 1130 | mode train | loss 1.9639 | accuracy 14.0625 | mean_length 64
09-13-21 02:27:37 - epoch 0 | global step 1140 | mode train | loss 2.0446 | accuracy 15.625 | mean_length 64
09-13-21 02:29:24 - epoch 0 | global step 1150 | mode train | loss 1.996 | accuracy 16.875 | mean_length 64
09-13-21 02:31:10 - epoch 0 | global step 1160 | mode train | loss 1.9546 | accuracy 15.9375 | mean_length 64
09-13-21 02:32:57 - epoch 0 | global step 1170 | mode train | loss 1.9497 | accuracy 16.875 | mean_length 64
09-13-21 02:34:44 - epoch 0 | global step 1180 | mode train | loss 1.9438 | accuracy 17.1875 | mean_length 64
09-13-21 02:36:31 - epoch 0 | global step 1190 | mode train | loss 1.9552 | accuracy 16.25 | mean_length 64
09-13-21 02:38:18 - epoch 0 | global step 1200 | mode train | loss 1.9073 | accuracy 19.375 | mean_length 64
09-13-21 02:40:05 - epoch 0 | global step 1210 | mode train | loss 1.9561 | accuracy 18.75 | mean_length 64
09-13-21 02:41:51 - epoch 0 | global step 1220 | mode train | loss 1.9752 | accuracy 16.875 | mean_length 64
09-13-21 02:43:38 - epoch 0 | global step 1230 | mode train | loss 1.929 | accuracy 19.0625 | mean_length 64
09-13-21 02:45:25 - epoch 0 | global step 1240 | mode train | loss 1.9064 | accuracy 17.1875 | mean_length 64
09-13-21 02:47:12 - epoch 0 | global step 1250 | mode train | loss 1.9022 | accuracy 22.1875 | mean_length 64
09-13-21 02:48:58 - epoch 0 | global step 1260 | mode train | loss 1.9199 | accuracy 20.625 | mean_length 64
09-13-21 02:50:45 - epoch 0 | global step 1270 | mode train | loss 1.9001 | accuracy 21.875 | mean_length 64
09-13-21 02:52:32 - epoch 0 | global step 1280 | mode train | loss 1.9492 | accuracy 20.0 | mean_length 64
09-13-21 02:54:19 - epoch 0 | global step 1290 | mode train | loss 2.0983 | accuracy 21.5625 | mean_length 64
09-13-21 02:56:06 - epoch 0 | global step 1300 | mode train | loss 1.8805 | accuracy 26.5625 | mean_length 64
09-13-21 02:57:53 - epoch 0 | global step 1310 | mode train | loss 1.9232 | accuracy 24.6875 | mean_length 64
09-13-21 02:59:39 - epoch 0 | global step 1320 | mode train | loss 1.9278 | accuracy 21.25 | mean_length 64
09-13-21 03:01:26 - epoch 0 | global step 1330 | mode train | loss 1.9309 | accuracy 21.25 | mean_length 64
09-13-21 03:03:13 - epoch 0 | global step 1340 | mode train | loss 1.9242 | accuracy 21.875 | mean_length 64
09-13-21 03:05:00 - epoch 0 | global step 1350 | mode train | loss 1.9301 | accuracy 25.3125 | mean_length 64
09-13-21 03:06:47 - epoch 0 | global step 1360 | mode train | loss 1.9679 | accuracy 18.4375 | mean_length 64
09-13-21 03:08:34 - epoch 0 | global step 1370 | mode train | loss 1.9162 | accuracy 22.8125 | mean_length 64
09-13-21 03:10:21 - epoch 0 | global step 1380 | mode train | loss 1.8595 | accuracy 26.25 | mean_length 64
09-13-21 03:12:08 - epoch 0 | global step 1390 | mode train | loss 1.7708 | accuracy 28.125 | mean_length 64
09-13-21 03:13:55 - epoch 0 | global step 1400 | mode train | loss 1.8026 | accuracy 26.875 | mean_length 64
09-13-21 03:15:42 - epoch 0 | global step 1410 | mode train | loss 1.8505 | accuracy 25.0 | mean_length 64
09-13-21 03:17:29 - epoch 0 | global step 1420 | mode train | loss 1.7882 | accuracy 24.0625 | mean_length 64
09-13-21 03:19:16 - epoch 0 | global step 1430 | mode train | loss 1.7981 | accuracy 27.8125 | mean_length 64
09-13-21 03:21:02 - epoch 0 | global step 1440 | mode train | loss 1.7948 | accuracy 25.625 | mean_length 64
09-13-21 03:22:49 - epoch 0 | global step 1450 | mode train | loss 1.7852 | accuracy 25.9375 | mean_length 64
09-13-21 03:24:36 - epoch 0 | global step 1460 | mode train | loss 1.9048 | accuracy 19.375 | mean_length 64
09-13-21 03:26:23 - epoch 0 | global step 1470 | mode train | loss 1.7471 | accuracy 27.8125 | mean_length 64
09-13-21 03:28:09 - epoch 0 | global step 1480 | mode train | loss 1.8197 | accuracy 23.75 | mean_length 64
09-13-21 03:29:56 - epoch 0 | global step 1490 | mode train | loss 1.7768 | accuracy 26.875 | mean_length 64
09-13-21 03:31:43 - epoch 0 | global step 1500 | mode train | loss 1.7176 | accuracy 30.625 | mean_length 64
09-13-21 03:33:30 - epoch 0 | global step 1510 | mode train | loss 1.7595 | accuracy 29.375 | mean_length 64
09-13-21 03:35:17 - epoch 0 | global step 1520 | mode train | loss 1.8077 | accuracy 26.875 | mean_length 64
09-13-21 03:37:03 - epoch 0 | global step 1530 | mode train | loss 1.7136 | accuracy 31.25 | mean_length 64
09-13-21 03:47:38 - epoch 0 | global step 1536 | mode validation | loss 1.7335 | accuracy 29.14 | mean_length 64
09-13-21 03:47:38 - Saving model to Output/accGrad4_mbart_BTen+zh_lr9.0e-6_7distractors_maxstep8192_seed43
Epoch: 0, Prediction Accuracy: 29.14, Saved to Path: Output/accGrad4_mbart_BTen+zh_lr9.0e-6_7distractors_maxstep8192_seed43
09-13-21 03:48:31 - epoch 0 | global step 1540 | mode train | loss 1.7437 | accuracy 28.125 | mean_length 64
09-13-21 03:50:18 - epoch 0 | global step 1550 | mode train | loss 1.8302 | accuracy 28.125 | mean_length 64
09-13-21 03:52:05 - epoch 0 | global step 1560 | mode train | loss 1.8541 | accuracy 22.5 | mean_length 64
09-13-21 03:53:51 - epoch 0 | global step 1570 | mode train | loss 1.7866 | accuracy 31.5625 | mean_length 64
09-13-21 03:55:38 - epoch 0 | global step 1580 | mode train | loss 1.7268 | accuracy 29.0625 | mean_length 64
09-13-21 03:57:25 - epoch 0 | global step 1590 | mode train | loss 1.7332 | accuracy 29.6875 | mean_length 64
09-13-21 03:59:12 - epoch 0 | global step 1600 | mode train | loss 1.6994 | accuracy 30.3125 | mean_length 64
09-13-21 04:00:59 - epoch 0 | global step 1610 | mode train | loss 1.696 | accuracy 33.75 | mean_length 64
09-13-21 04:02:45 - epoch 0 | global step 1620 | mode train | loss 1.6419 | accuracy 38.75 | mean_length 64
09-13-21 04:04:32 - epoch 0 | global step 1630 | mode train | loss 1.7192 | accuracy 27.8125 | mean_length 64
09-13-21 04:06:19 - epoch 0 | global step 1640 | mode train | loss 1.6802 | accuracy 31.875 | mean_length 64
09-13-21 04:08:06 - epoch 0 | global step 1650 | mode train | loss 1.7384 | accuracy 30.625 | mean_length 64
09-13-21 04:09:53 - epoch 0 | global step 1660 | mode train | loss 1.6943 | accuracy 32.1875 | mean_length 64
09-13-21 04:11:40 - epoch 0 | global step 1670 | mode train | loss 1.6831 | accuracy 32.8125 | mean_length 64
09-13-21 04:13:27 - epoch 0 | global step 1680 | mode train | loss 1.6477 | accuracy 35.0 | mean_length 64
09-13-21 04:15:13 - epoch 0 | global step 1690 | mode train | loss 1.6578 | accuracy 30.9375 | mean_length 64
09-13-21 04:17:00 - epoch 0 | global step 1700 | mode train | loss 1.5901 | accuracy 35.9375 | mean_length 64
09-13-21 04:18:47 - epoch 0 | global step 1710 | mode train | loss 1.6072 | accuracy 34.0625 | mean_length 64
09-13-21 04:20:34 - epoch 0 | global step 1720 | mode train | loss 1.6065 | accuracy 38.75 | mean_length 64
09-13-21 04:22:21 - epoch 0 | global step 1730 | mode train | loss 1.5904 | accuracy 39.6875 | mean_length 64
09-13-21 04:24:07 - epoch 0 | global step 1740 | mode train | loss 1.5838 | accuracy 39.6875 | mean_length 64
09-13-21 04:25:54 - epoch 0 | global step 1750 | mode train | loss 1.6007 | accuracy 38.4375 | mean_length 64
09-13-21 04:27:41 - epoch 0 | global step 1760 | mode train | loss 1.6353 | accuracy 30.3125 | mean_length 64
09-13-21 04:29:28 - epoch 0 | global step 1770 | mode train | loss 1.6038 | accuracy 36.5625 | mean_length 64
09-13-21 04:31:15 - epoch 0 | global step 1780 | mode train | loss 1.6774 | accuracy 30.625 | mean_length 64
09-13-21 04:33:01 - epoch 0 | global step 1790 | mode train | loss 1.608 | accuracy 37.1875 | mean_length 64
09-13-21 04:34:48 - epoch 0 | global step 1800 | mode train | loss 1.6228 | accuracy 33.125 | mean_length 64
09-13-21 04:36:35 - epoch 0 | global step 1810 | mode train | loss 1.568 | accuracy 43.75 | mean_length 64
09-13-21 04:38:22 - epoch 0 | global step 1820 | mode train | loss 1.5328 | accuracy 42.1875 | mean_length 64
09-13-21 04:40:08 - epoch 0 | global step 1830 | mode train | loss 1.4905 | accuracy 38.4375 | mean_length 64
09-13-21 04:41:55 - epoch 0 | global step 1840 | mode train | loss 1.4909 | accuracy 43.4375 | mean_length 64
09-13-21 04:43:42 - epoch 0 | global step 1850 | mode train | loss 1.527 | accuracy 39.375 | mean_length 64
09-13-21 04:45:29 - epoch 0 | global step 1860 | mode train | loss 1.4947 | accuracy 42.8125 | mean_length 64
09-13-21 04:47:16 - epoch 0 | global step 1870 | mode train | loss 1.5023 | accuracy 39.6875 | mean_length 64
09-13-21 04:49:02 - epoch 0 | global step 1880 | mode train | loss 1.5227 | accuracy 39.6875 | mean_length 64
09-13-21 04:50:49 - epoch 0 | global step 1890 | mode train | loss 1.4251 | accuracy 44.6875 | mean_length 64
09-13-21 04:52:36 - epoch 0 | global step 1900 | mode train | loss 1.4883 | accuracy 40.625 | mean_length 64
09-13-21 04:54:23 - epoch 0 | global step 1910 | mode train | loss 1.5455 | accuracy 39.6875 | mean_length 64
09-13-21 04:56:10 - epoch 0 | global step 1920 | mode train | loss 1.5932 | accuracy 34.375 | mean_length 64
09-13-21 04:57:56 - epoch 0 | global step 1930 | mode train | loss 1.5679 | accuracy 36.5625 | mean_length 64
09-13-21 04:59:43 - epoch 0 | global step 1940 | mode train | loss 1.5077 | accuracy 40.0 | mean_length 64
09-13-21 05:01:30 - epoch 0 | global step 1950 | mode train | loss 1.4841 | accuracy 41.25 | mean_length 64
09-13-21 05:03:17 - epoch 0 | global step 1960 | mode train | loss 1.509 | accuracy 39.6875 | mean_length 64
09-13-21 05:05:04 - epoch 0 | global step 1970 | mode train | loss 1.4227 | accuracy 43.75 | mean_length 64
09-13-21 05:06:50 - epoch 0 | global step 1980 | mode train | loss 1.4688 | accuracy 40.3125 | mean_length 64
09-13-21 05:08:38 - epoch 0 | global step 1990 | mode train | loss 1.4387 | accuracy 43.4375 | mean_length 64
09-13-21 05:10:25 - epoch 0 | global step 2000 | mode train | loss 1.4371 | accuracy 43.75 | mean_length 64
09-13-21 05:12:11 - epoch 0 | global step 2010 | mode train | loss 1.3865 | accuracy 43.75 | mean_length 64
09-13-21 05:13:58 - epoch 0 | global step 2020 | mode train | loss 1.5219 | accuracy 36.25 | mean_length 64
09-13-21 05:15:45 - epoch 0 | global step 2030 | mode train | loss 1.4166 | accuracy 44.0625 | mean_length 64
09-13-21 05:17:32 - epoch 0 | global step 2040 | mode train | loss 1.4713 | accuracy 39.375 | mean_length 64
09-13-21 05:28:27 - epoch 0 | global step 2048 | mode validation | loss 1.4629 | accuracy 40.92 | mean_length 64
09-13-21 05:28:27 - Saving model to Output/accGrad4_mbart_BTen+zh_lr9.0e-6_7distractors_maxstep8192_seed43
Epoch: 0, Prediction Accuracy: 40.92, Saved to Path: Output/accGrad4_mbart_BTen+zh_lr9.0e-6_7distractors_maxstep8192_seed43
09-13-21 05:28:58 - epoch 0 | global step 2050 | mode train | loss 1.4549 | accuracy 39.6875 | mean_length 64
09-13-21 05:30:45 - epoch 0 | global step 2060 | mode train | loss 1.5552 | accuracy 34.6875 | mean_length 64
09-13-21 05:32:32 - epoch 0 | global step 2070 | mode train | loss 1.627 | accuracy 35.625 | mean_length 64
09-13-21 05:34:19 - epoch 0 | global step 2080 | mode train | loss 1.529 | accuracy 35.9375 | mean_length 64
09-13-21 05:36:05 - epoch 0 | global step 2090 | mode train | loss 1.5142 | accuracy 42.8125 | mean_length 64
09-13-21 05:37:52 - epoch 0 | global step 2100 | mode train | loss 1.7251 | accuracy 29.0625 | mean_length 64
09-13-21 05:39:39 - epoch 0 | global step 2110 | mode train | loss 1.6607 | accuracy 34.375 | mean_length 64
09-13-21 05:41:26 - epoch 0 | global step 2120 | mode train | loss 1.7016 | accuracy 27.1875 | mean_length 64
09-13-21 05:43:13 - epoch 0 | global step 2130 | mode train | loss 1.797 | accuracy 25.0 | mean_length 64
09-13-21 05:44:59 - epoch 0 | global step 2140 | mode train | loss 1.9524 | accuracy 25.3125 | mean_length 64
09-13-21 05:46:46 - epoch 0 | global step 2150 | mode train | loss 1.7838 | accuracy 28.75 | mean_length 64
09-13-21 05:48:33 - epoch 0 | global step 2160 | mode train | loss 1.7245 | accuracy 30.3125 | mean_length 64
09-13-21 05:50:19 - epoch 0 | global step 2170 | mode train | loss 1.7092 | accuracy 29.375 | mean_length 64
09-13-21 05:52:06 - epoch 0 | global step 2180 | mode train | loss 1.6707 | accuracy 33.4375 | mean_length 64
09-13-21 05:53:53 - epoch 0 | global step 2190 | mode train | loss 1.5713 | accuracy 35.3125 | mean_length 64
09-13-21 05:55:40 - epoch 0 | global step 2200 | mode train | loss 1.5443 | accuracy 36.875 | mean_length 64
09-13-21 05:57:26 - epoch 0 | global step 2210 | mode train | loss 1.4822 | accuracy 40.625 | mean_length 64
09-13-21 05:59:13 - epoch 0 | global step 2220 | mode train | loss 1.5834 | accuracy 37.1875 | mean_length 64
09-13-21 06:01:00 - epoch 0 | global step 2230 | mode train | loss 1.5208 | accuracy 39.0625 | mean_length 64
09-13-21 06:02:47 - epoch 0 | global step 2240 | mode train | loss 1.4707 | accuracy 40.3125 | mean_length 64
09-13-21 06:04:33 - epoch 0 | global step 2250 | mode train | loss 1.4361 | accuracy 42.1875 | mean_length 64
09-13-21 06:06:20 - epoch 0 | global step 2260 | mode train | loss 1.3744 | accuracy 40.625 | mean_length 64
09-13-21 06:08:06 - epoch 0 | global step 2270 | mode train | loss 1.4358 | accuracy 40.3125 | mean_length 64
09-13-21 06:09:53 - epoch 0 | global step 2280 | mode train | loss 1.6871 | accuracy 27.5 | mean_length 64
09-13-21 06:11:39 - epoch 0 | global step 2290 | mode train | loss 1.6134 | accuracy 34.375 | mean_length 64
09-13-21 06:13:26 - epoch 0 | global step 2300 | mode train | loss 1.5659 | accuracy 37.5 | mean_length 64
09-13-21 06:15:12 - epoch 0 | global step 2310 | mode train | loss 1.5445 | accuracy 33.125 | mean_length 64
09-13-21 06:16:58 - epoch 0 | global step 2320 | mode train | loss 1.503 | accuracy 37.8125 | mean_length 64
09-13-21 06:18:44 - epoch 0 | global step 2330 | mode train | loss 1.4994 | accuracy 36.25 | mean_length 64
09-13-21 06:20:31 - epoch 0 | global step 2340 | mode train | loss 1.5312 | accuracy 39.0625 | mean_length 64
09-13-21 06:22:17 - epoch 0 | global step 2350 | mode train | loss 1.5483 | accuracy 34.6875 | mean_length 64
09-13-21 06:24:03 - epoch 0 | global step 2360 | mode train | loss 1.5751 | accuracy 36.875 | mean_length 64
09-13-21 06:25:49 - epoch 0 | global step 2370 | mode train | loss 1.5673 | accuracy 36.5625 | mean_length 64
09-13-21 06:27:35 - epoch 0 | global step 2380 | mode train | loss 1.4961 | accuracy 42.5 | mean_length 64
09-13-21 06:29:21 - epoch 0 | global step 2390 | mode train | loss 1.5943 | accuracy 35.0 | mean_length 64
09-13-21 06:31:07 - epoch 0 | global step 2400 | mode train | loss 1.5544 | accuracy 35.3125 | mean_length 64
09-13-21 06:32:54 - epoch 0 | global step 2410 | mode train | loss 1.487 | accuracy 40.3125 | mean_length 64
09-13-21 06:34:40 - epoch 0 | global step 2420 | mode train | loss 1.5281 | accuracy 32.8125 | mean_length 64
09-13-21 06:36:26 - epoch 0 | global step 2430 | mode train | loss 1.4534 | accuracy 36.875 | mean_length 64
09-13-21 06:38:12 - epoch 0 | global step 2440 | mode train | loss 1.4399 | accuracy 37.8125 | mean_length 64
09-13-21 06:39:58 - epoch 0 | global step 2450 | mode train | loss 1.4629 | accuracy 40.9375 | mean_length 64
09-13-21 06:41:45 - epoch 0 | global step 2460 | mode train | loss 1.3436 | accuracy 47.1875 | mean_length 64
09-13-21 06:43:31 - epoch 0 | global step 2470 | mode train | loss 1.2808 | accuracy 50.625 | mean_length 64
09-13-21 06:45:17 - epoch 0 | global step 2480 | mode train | loss 1.348 | accuracy 43.75 | mean_length 64
09-13-21 06:47:03 - epoch 0 | global step 2490 | mode train | loss 1.3453 | accuracy 45.3125 | mean_length 64
09-13-21 06:48:49 - epoch 0 | global step 2500 | mode train | loss 1.2705 | accuracy 47.5 | mean_length 64
09-13-21 06:50:36 - epoch 0 | global step 2510 | mode train | loss 1.2866 | accuracy 49.0625 | mean_length 64
09-13-21 06:52:22 - epoch 0 | global step 2520 | mode train | loss 1.2943 | accuracy 45.625 | mean_length 64
09-13-21 06:54:08 - epoch 0 | global step 2530 | mode train | loss 1.2393 | accuracy 51.875 | mean_length 64
09-13-21 06:55:54 - epoch 0 | global step 2540 | mode train | loss 1.2363 | accuracy 50.0 | mean_length 64
09-13-21 06:57:40 - epoch 0 | global step 2550 | mode train | loss 1.282 | accuracy 46.875 | mean_length 64
09-13-21 06:59:27 - epoch 0 | global step 2560 | mode train | loss 1.3135 | accuracy 45.625 | mean_length 64
09-13-21 07:08:47 - epoch 0 | global step 2560 | mode validation | loss 1.252 | accuracy 50.54 | mean_length 64
09-13-21 07:08:47 - Saving model to Output/accGrad4_mbart_BTen+zh_lr9.0e-6_7distractors_maxstep8192_seed43
Epoch: 0, Prediction Accuracy: 50.54, Saved to Path: Output/accGrad4_mbart_BTen+zh_lr9.0e-6_7distractors_maxstep8192_seed43
09-13-21 07:10:44 - epoch 0 | global step 2570 | mode train | loss 1.2842 | accuracy 46.5625 | mean_length 64
09-13-21 07:12:30 - epoch 0 | global step 2580 | mode train | loss 1.2662 | accuracy 45.9375 | mean_length 64
09-13-21 07:14:16 - epoch 0 | global step 2590 | mode train | loss 1.2402 | accuracy 50.625 | mean_length 64
09-13-21 07:16:02 - epoch 0 | global step 2600 | mode train | loss 1.2126 | accuracy 53.125 | mean_length 64
09-13-21 07:17:49 - epoch 0 | global step 2610 | mode train | loss 1.0897 | accuracy 57.8125 | mean_length 64
09-13-21 07:19:35 - epoch 0 | global step 2620 | mode train | loss 1.0961 | accuracy 57.1875 | mean_length 64
09-13-21 07:21:21 - epoch 0 | global step 2630 | mode train | loss 1.1949 | accuracy 53.75 | mean_length 64
09-13-21 07:23:07 - epoch 0 | global step 2640 | mode train | loss 1.181 | accuracy 52.8125 | mean_length 64
09-13-21 07:24:54 - epoch 0 | global step 2650 | mode train | loss 1.2389 | accuracy 49.6875 | mean_length 64
09-13-21 07:26:40 - epoch 0 | global step 2660 | mode train | loss 1.2097 | accuracy 51.5625 | mean_length 64
09-13-21 07:28:26 - epoch 0 | global step 2670 | mode train | loss 1.1352 | accuracy 59.375 | mean_length 64
09-13-21 07:30:12 - epoch 0 | global step 2680 | mode train | loss 1.1199 | accuracy 53.75 | mean_length 64
09-13-21 07:31:58 - epoch 0 | global step 2690 | mode train | loss 1.2181 | accuracy 48.125 | mean_length 64
09-13-21 07:33:45 - epoch 0 | global step 2700 | mode train | loss 1.1072 | accuracy 55.3125 | mean_length 64
09-13-21 07:35:31 - epoch 0 | global step 2710 | mode train | loss 1.1359 | accuracy 53.4375 | mean_length 64
09-13-21 07:37:17 - epoch 0 | global step 2720 | mode train | loss 1.1773 | accuracy 51.25 | mean_length 64
09-13-21 07:39:04 - epoch 0 | global step 2730 | mode train | loss 1.1466 | accuracy 55.9375 | mean_length 64
09-13-21 07:40:50 - epoch 0 | global step 2740 | mode train | loss 1.1254 | accuracy 54.375 | mean_length 64
09-13-21 07:42:36 - epoch 0 | global step 2750 | mode train | loss 1.0791 | accuracy 57.1875 | mean_length 64
09-13-21 07:44:23 - epoch 0 | global step 2760 | mode train | loss 1.0783 | accuracy 56.875 | mean_length 64
09-13-21 07:46:09 - epoch 0 | global step 2770 | mode train | loss 0.9922 | accuracy 62.5 | mean_length 64
09-13-21 07:47:55 - epoch 0 | global step 2780 | mode train | loss 1.1645 | accuracy 51.875 | mean_length 64
09-13-21 07:49:41 - epoch 0 | global step 2790 | mode train | loss 1.1148 | accuracy 56.875 | mean_length 64
09-13-21 07:51:27 - epoch 0 | global step 2800 | mode train | loss 1.0153 | accuracy 57.1875 | mean_length 64
09-13-21 07:53:14 - epoch 0 | global step 2810 | mode train | loss 1.0573 | accuracy 59.0625 | mean_length 64
09-13-21 07:55:00 - epoch 0 | global step 2820 | mode train | loss 1.1042 | accuracy 55.3125 | mean_length 64
09-13-21 07:56:46 - epoch 0 | global step 2830 | mode train | loss 1.0653 | accuracy 59.375 | mean_length 64
09-13-21 07:58:32 - epoch 0 | global step 2840 | mode train | loss 1.1151 | accuracy 54.6875 | mean_length 64
09-13-21 08:00:18 - epoch 0 | global step 2850 | mode train | loss 1.1514 | accuracy 50.9375 | mean_length 64
09-13-21 08:02:04 - epoch 0 | global step 2860 | mode train | loss 1.0985 | accuracy 58.125 | mean_length 64
09-13-21 08:03:51 - epoch 0 | global step 2870 | mode train | loss 1.0928 | accuracy 57.5 | mean_length 64
09-13-21 08:05:37 - epoch 0 | global step 2880 | mode train | loss 1.0795 | accuracy 59.375 | mean_length 64
09-13-21 08:07:23 - epoch 0 | global step 2890 | mode train | loss 1.0834 | accuracy 56.25 | mean_length 64
09-13-21 08:09:09 - epoch 0 | global step 2900 | mode train | loss 1.1044 | accuracy 54.375 | mean_length 64
09-13-21 08:10:56 - epoch 0 | global step 2910 | mode train | loss 1.1116 | accuracy 56.5625 | mean_length 64
09-13-21 08:12:42 - epoch 0 | global step 2920 | mode train | loss 1.0633 | accuracy 57.1875 | mean_length 64
09-13-21 08:14:28 - epoch 0 | global step 2930 | mode train | loss 1.0326 | accuracy 62.8125 | mean_length 64
09-13-21 08:16:15 - epoch 0 | global step 2940 | mode train | loss 0.9982 | accuracy 63.4375 | mean_length 64
09-13-21 08:18:00 - epoch 0 | global step 2950 | mode train | loss 1.059 | accuracy 58.75 | mean_length 64
09-13-21 08:19:47 - epoch 0 | global step 2960 | mode train | loss 1.065 | accuracy 59.6875 | mean_length 64
09-13-21 08:21:33 - epoch 0 | global step 2970 | mode train | loss 1.029 | accuracy 57.1875 | mean_length 64
09-13-21 08:23:19 - epoch 0 | global step 2980 | mode train | loss 1.0161 | accuracy 59.375 | mean_length 64
09-13-21 08:25:05 - epoch 0 | global step 2990 | mode train | loss 0.9433 | accuracy 63.75 | mean_length 64
09-13-21 08:26:51 - epoch 0 | global step 3000 | mode train | loss 1.048 | accuracy 63.4375 | mean_length 64
09-13-21 08:28:38 - epoch 0 | global step 3010 | mode train | loss 1.0554 | accuracy 55.9375 | mean_length 64
09-13-21 08:30:24 - epoch 0 | global step 3020 | mode train | loss 0.9523 | accuracy 63.75 | mean_length 64
09-13-21 08:32:10 - epoch 0 | global step 3030 | mode train | loss 0.9143 | accuracy 62.1875 | mean_length 64
09-13-21 08:33:56 - epoch 0 | global step 3040 | mode train | loss 1.0392 | accuracy 59.375 | mean_length 64
09-13-21 08:35:42 - epoch 0 | global step 3050 | mode train | loss 0.9729 | accuracy 60.3125 | mean_length 64
09-13-21 08:37:28 - epoch 0 | global step 3060 | mode train | loss 1.0397 | accuracy 58.75 | mean_length 64
09-13-21 08:39:15 - epoch 0 | global step 3070 | mode train | loss 0.9492 | accuracy 66.875 | mean_length 64
09-13-21 08:48:56 - epoch 0 | global step 3072 | mode validation | loss 1.144 | accuracy 55.22 | mean_length 64
09-13-21 08:48:56 - Saving model to Output/accGrad4_mbart_BTen+zh_lr9.0e-6_7distractors_maxstep8192_seed43
Epoch: 0, Prediction Accuracy: 55.22, Saved to Path: Output/accGrad4_mbart_BTen+zh_lr9.0e-6_7distractors_maxstep8192_seed43
09-13-21 08:50:31 - epoch 0 | global step 3080 | mode train | loss 1.0412 | accuracy 59.375 | mean_length 64
09-13-21 08:52:17 - epoch 0 | global step 3090 | mode train | loss 0.96 | accuracy 62.8125 | mean_length 64
09-13-21 08:54:03 - epoch 0 | global step 3100 | mode train | loss 0.962 | accuracy 64.0625 | mean_length 64
09-13-21 08:55:49 - epoch 0 | global step 3110 | mode train | loss 0.9408 | accuracy 61.5625 | mean_length 64
09-13-21 08:57:35 - epoch 0 | global step 3120 | mode train | loss 0.9382 | accuracy 64.375 | mean_length 64
09-13-21 08:59:21 - epoch 0 | global step 3130 | mode train | loss 0.9286 | accuracy 63.75 | mean_length 64
09-13-21 09:01:08 - epoch 0 | global step 3140 | mode train | loss 0.9997 | accuracy 61.5625 | mean_length 64
09-13-21 09:02:54 - epoch 0 | global step 3150 | mode train | loss 0.9731 | accuracy 62.1875 | mean_length 64
09-13-21 09:04:40 - epoch 0 | global step 3160 | mode train | loss 0.9326 | accuracy 65.0 | mean_length 64
09-13-21 09:06:26 - epoch 0 | global step 3170 | mode train | loss 0.9154 | accuracy 65.3125 | mean_length 64
09-13-21 09:08:12 - epoch 0 | global step 3180 | mode train | loss 0.9281 | accuracy 62.1875 | mean_length 64
09-13-21 09:09:59 - epoch 0 | global step 3190 | mode train | loss 0.8786 | accuracy 66.875 | mean_length 64
09-13-21 09:11:45 - epoch 0 | global step 3200 | mode train | loss 1.0312 | accuracy 59.375 | mean_length 64
09-13-21 09:13:32 - epoch 0 | global step 3210 | mode train | loss 0.9342 | accuracy 63.4375 | mean_length 64
09-13-21 09:15:18 - epoch 0 | global step 3220 | mode train | loss 1.0064 | accuracy 60.3125 | mean_length 64
09-13-21 09:17:04 - epoch 1 | global step 3230 | mode train | loss 0.9445 | accuracy 64.0625 | mean_length 64
09-13-21 09:18:50 - epoch 1 | global step 3240 | mode train | loss 0.9705 | accuracy 60.3125 | mean_length 64
09-13-21 09:20:36 - epoch 1 | global step 3250 | mode train | loss 0.9697 | accuracy 62.1875 | mean_length 64
09-13-21 09:22:23 - epoch 1 | global step 3260 | mode train | loss 0.7975 | accuracy 69.375 | mean_length 64
09-13-21 09:24:09 - epoch 1 | global step 3270 | mode train | loss 0.8976 | accuracy 65.625 | mean_length 64
09-13-21 09:25:55 - epoch 1 | global step 3280 | mode train | loss 0.9228 | accuracy 65.0 | mean_length 64
09-13-21 09:27:41 - epoch 1 | global step 3290 | mode train | loss 0.9591 | accuracy 63.75 | mean_length 64
09-13-21 09:29:27 - epoch 1 | global step 3300 | mode train | loss 0.8783 | accuracy 67.1875 | mean_length 64
09-13-21 09:31:14 - epoch 1 | global step 3310 | mode train | loss 0.8661 | accuracy 65.0 | mean_length 64
09-13-21 09:33:00 - epoch 1 | global step 3320 | mode train | loss 0.9027 | accuracy 66.25 | mean_length 64
09-13-21 09:34:46 - epoch 1 | global step 3330 | mode train | loss 0.8975 | accuracy 65.625 | mean_length 64
09-13-21 09:36:32 - epoch 1 | global step 3340 | mode train | loss 0.8861 | accuracy 68.75 | mean_length 64
09-13-21 09:38:18 - epoch 1 | global step 3350 | mode train | loss 0.8414 | accuracy 69.0625 | mean_length 64
09-13-21 09:40:05 - epoch 1 | global step 3360 | mode train | loss 0.8419 | accuracy 67.1875 | mean_length 64
09-13-21 09:41:51 - epoch 1 | global step 3370 | mode train | loss 0.8151 | accuracy 69.6875 | mean_length 64
09-13-21 09:43:37 - epoch 1 | global step 3380 | mode train | loss 0.8489 | accuracy 67.8125 | mean_length 64
09-13-21 09:45:23 - epoch 1 | global step 3390 | mode train | loss 0.9038 | accuracy 65.0 | mean_length 64
09-13-21 09:47:09 - epoch 1 | global step 3400 | mode train | loss 1.0226 | accuracy 60.0 | mean_length 64
09-13-21 09:48:56 - epoch 1 | global step 3410 | mode train | loss 0.9686 | accuracy 63.75 | mean_length 64
09-13-21 09:50:42 - epoch 1 | global step 3420 | mode train | loss 0.8814 | accuracy 65.0 | mean_length 64
09-13-21 09:52:28 - epoch 1 | global step 3430 | mode train | loss 0.8412 | accuracy 68.125 | mean_length 64
09-13-21 09:54:14 - epoch 1 | global step 3440 | mode train | loss 0.8382 | accuracy 68.125 | mean_length 64
09-13-21 09:56:00 - epoch 1 | global step 3450 | mode train | loss 0.7924 | accuracy 65.3125 | mean_length 64
09-13-21 09:57:47 - epoch 1 | global step 3460 | mode train | loss 0.8256 | accuracy 70.3125 | mean_length 64
09-13-21 09:59:33 - epoch 1 | global step 3470 | mode train | loss 0.9075 | accuracy 63.4375 | mean_length 64
09-13-21 10:01:19 - epoch 1 | global step 3480 | mode train | loss 0.917 | accuracy 63.75 | mean_length 64
09-13-21 10:03:05 - epoch 1 | global step 3490 | mode train | loss 0.838 | accuracy 67.5 | mean_length 64
09-13-21 10:04:51 - epoch 1 | global step 3500 | mode train | loss 0.8428 | accuracy 65.625 | mean_length 64
09-13-21 10:06:38 - epoch 1 | global step 3510 | mode train | loss 0.9064 | accuracy 62.5 | mean_length 64
09-13-21 10:08:24 - epoch 1 | global step 3520 | mode train | loss 0.9169 | accuracy 63.4375 | mean_length 64
09-13-21 10:10:10 - epoch 1 | global step 3530 | mode train | loss 0.8836 | accuracy 64.6875 | mean_length 64
09-13-21 10:11:57 - epoch 1 | global step 3540 | mode train | loss 0.8708 | accuracy 65.625 | mean_length 64
09-13-21 10:13:43 - epoch 1 | global step 3550 | mode train | loss 0.8519 | accuracy 63.75 | mean_length 64
09-13-21 10:15:29 - epoch 1 | global step 3560 | mode train | loss 0.8433 | accuracy 67.5 | mean_length 64
09-13-21 10:17:16 - epoch 1 | global step 3570 | mode train | loss 0.8509 | accuracy 66.5625 | mean_length 64
09-13-21 10:19:02 - epoch 1 | global step 3580 | mode train | loss 0.9332 | accuracy 63.75 | mean_length 64
09-13-21 10:29:04 - epoch 1 | global step 3584 | mode validation | loss 1.0898 | accuracy 56.74 | mean_length 64
09-13-21 10:29:04 - Saving model to Output/accGrad4_mbart_BTen+zh_lr9.0e-6_7distractors_maxstep8192_seed43
Epoch: 1, Prediction Accuracy: 56.74, Saved to Path: Output/accGrad4_mbart_BTen+zh_lr9.0e-6_7distractors_maxstep8192_seed43
09-13-21 10:30:18 - epoch 1 | global step 3590 | mode train | loss 0.8652 | accuracy 65.3125 | mean_length 64
09-13-21 10:32:04 - epoch 1 | global step 3600 | mode train | loss 0.8291 | accuracy 67.1875 | mean_length 64
09-13-21 10:33:50 - epoch 1 | global step 3610 | mode train | loss 0.8976 | accuracy 68.4375 | mean_length 64
09-13-21 10:35:36 - epoch 1 | global step 3620 | mode train | loss 0.8519 | accuracy 66.875 | mean_length 64
09-13-21 10:37:23 - epoch 1 | global step 3630 | mode train | loss 0.8347 | accuracy 67.1875 | mean_length 64
09-13-21 10:39:09 - epoch 1 | global step 3640 | mode train | loss 0.854 | accuracy 65.9375 | mean_length 64
09-13-21 10:40:55 - epoch 1 | global step 3650 | mode train | loss 0.8193 | accuracy 69.375 | mean_length 64
09-13-21 10:42:41 - epoch 1 | global step 3660 | mode train | loss 0.7896 | accuracy 69.375 | mean_length 64
09-13-21 10:44:27 - epoch 1 | global step 3670 | mode train | loss 0.8536 | accuracy 66.25 | mean_length 64
09-13-21 10:46:14 - epoch 1 | global step 3680 | mode train | loss 0.7504 | accuracy 70.3125 | mean_length 64
09-13-21 10:48:00 - epoch 1 | global step 3690 | mode train | loss 0.7832 | accuracy 67.8125 | mean_length 64
09-13-21 10:49:46 - epoch 1 | global step 3700 | mode train | loss 0.8269 | accuracy 67.1875 | mean_length 64
09-13-21 10:51:32 - epoch 1 | global step 3710 | mode train | loss 0.7874 | accuracy 68.4375 | mean_length 64
09-13-21 10:53:18 - epoch 1 | global step 3720 | mode train | loss 0.8714 | accuracy 62.8125 | mean_length 64
09-13-21 10:55:04 - epoch 1 | global step 3730 | mode train | loss 0.8049 | accuracy 68.125 | mean_length 64
09-13-21 10:56:51 - epoch 1 | global step 3740 | mode train | loss 0.8452 | accuracy 66.5625 | mean_length 64
09-13-21 10:58:37 - epoch 1 | global step 3750 | mode train | loss 0.79 | accuracy 69.0625 | mean_length 64
09-13-21 11:00:23 - epoch 1 | global step 3760 | mode train | loss 0.7556 | accuracy 68.75 | mean_length 64
09-13-21 11:02:09 - epoch 1 | global step 3770 | mode train | loss 0.8007 | accuracy 67.8125 | mean_length 64
09-13-21 11:03:55 - epoch 1 | global step 3780 | mode train | loss 0.8332 | accuracy 67.8125 | mean_length 64
09-13-21 11:05:42 - epoch 1 | global step 3790 | mode train | loss 0.8286 | accuracy 65.9375 | mean_length 64
09-13-21 11:07:28 - epoch 1 | global step 3800 | mode train | loss 0.7995 | accuracy 68.125 | mean_length 64
09-13-21 11:09:14 - epoch 1 | global step 3810 | mode train | loss 0.8264 | accuracy 68.4375 | mean_length 64
09-13-21 11:11:00 - epoch 1 | global step 3820 | mode train | loss 0.8274 | accuracy 67.1875 | mean_length 64
09-13-21 11:12:47 - epoch 1 | global step 3830 | mode train | loss 0.7903 | accuracy 72.1875 | mean_length 64
09-13-21 11:14:33 - epoch 1 | global step 3840 | mode train | loss 0.7697 | accuracy 69.0625 | mean_length 64
09-13-21 11:16:19 - epoch 1 | global step 3850 | mode train | loss 0.7373 | accuracy 69.375 | mean_length 64
09-13-21 11:18:06 - epoch 1 | global step 3860 | mode train | loss 0.7389 | accuracy 72.8125 | mean_length 64
09-13-21 11:19:52 - epoch 1 | global step 3870 | mode train | loss 0.7939 | accuracy 70.0 | mean_length 64
09-13-21 11:21:38 - epoch 1 | global step 3880 | mode train | loss 0.8909 | accuracy 65.9375 | mean_length 64
09-13-21 11:23:24 - epoch 1 | global step 3890 | mode train | loss 0.8226 | accuracy 67.1875 | mean_length 64
09-13-21 11:25:10 - epoch 1 | global step 3900 | mode train | loss 0.7949 | accuracy 66.875 | mean_length 64
09-13-21 11:26:57 - epoch 1 | global step 3910 | mode train | loss 0.7636 | accuracy 70.3125 | mean_length 64
09-13-21 11:28:43 - epoch 1 | global step 3920 | mode train | loss 0.7192 | accuracy 73.4375 | mean_length 64
09-13-21 11:30:29 - epoch 1 | global step 3930 | mode train | loss 0.7395 | accuracy 70.9375 | mean_length 64
09-13-21 11:32:15 - epoch 1 | global step 3940 | mode train | loss 0.7904 | accuracy 68.125 | mean_length 64
09-13-21 11:34:01 - epoch 1 | global step 3950 | mode train | loss 0.7807 | accuracy 67.8125 | mean_length 64
09-13-21 11:35:48 - epoch 1 | global step 3960 | mode train | loss 0.7563 | accuracy 70.3125 | mean_length 64
09-13-21 11:37:34 - epoch 1 | global step 3970 | mode train | loss 0.8124 | accuracy 67.1875 | mean_length 64
09-13-21 11:39:20 - epoch 1 | global step 3980 | mode train | loss 0.7946 | accuracy 68.125 | mean_length 64
09-13-21 11:41:06 - epoch 1 | global step 3990 | mode train | loss 0.7354 | accuracy 73.75 | mean_length 64
09-13-21 11:42:53 - epoch 1 | global step 4000 | mode train | loss 0.7257 | accuracy 72.8125 | mean_length 64
09-13-21 11:44:39 - epoch 1 | global step 4010 | mode train | loss 0.7626 | accuracy 70.3125 | mean_length 64
09-13-21 11:46:25 - epoch 1 | global step 4020 | mode train | loss 0.7133 | accuracy 72.5 | mean_length 64
09-13-21 11:48:11 - epoch 1 | global step 4030 | mode train | loss 0.7885 | accuracy 66.875 | mean_length 64
09-13-21 11:49:57 - epoch 1 | global step 4040 | mode train | loss 0.7482 | accuracy 70.625 | mean_length 64
09-13-21 11:51:44 - epoch 1 | global step 4050 | mode train | loss 0.7366 | accuracy 69.0625 | mean_length 64
09-13-21 11:53:30 - epoch 1 | global step 4060 | mode train | loss 0.6949 | accuracy 73.125 | mean_length 64
09-13-21 11:55:16 - epoch 1 | global step 4070 | mode train | loss 0.8497 | accuracy 62.1875 | mean_length 64
09-13-21 11:57:02 - epoch 1 | global step 4080 | mode train | loss 0.7715 | accuracy 70.0 | mean_length 64
09-13-21 11:58:48 - epoch 1 | global step 4090 | mode train | loss 0.7959 | accuracy 67.1875 | mean_length 64
09-13-21 12:09:13 - epoch 1 | global step 4096 | mode validation | loss 0.8146 | accuracy 68.0 | mean_length 64
09-13-21 12:09:13 - Saving model to Output/accGrad4_mbart_BTen+zh_lr9.0e-6_7distractors_maxstep8192_seed43
Epoch: 1, Prediction Accuracy: 68.0, Saved to Path: Output/accGrad4_mbart_BTen+zh_lr9.0e-6_7distractors_maxstep8192_seed43
09-13-21 12:10:06 - epoch 1 | global step 4100 | mode train | loss 0.7842 | accuracy 70.0 | mean_length 64
09-13-21 12:11:52 - epoch 1 | global step 4110 | mode train | loss 0.6826 | accuracy 74.0625 | mean_length 64
09-13-21 12:13:39 - epoch 1 | global step 4120 | mode train | loss 0.7599 | accuracy 69.375 | mean_length 64
09-13-21 12:15:25 - epoch 1 | global step 4130 | mode train | loss 0.6998 | accuracy 71.875 | mean_length 64
09-13-21 12:17:12 - epoch 1 | global step 4140 | mode train | loss 0.75 | accuracy 69.375 | mean_length 64
09-13-21 12:18:58 - epoch 1 | global step 4150 | mode train | loss 0.6883 | accuracy 73.4375 | mean_length 64
09-13-21 12:20:44 - epoch 1 | global step 4160 | mode train | loss 0.7458 | accuracy 71.875 | mean_length 64
09-13-21 12:22:30 - epoch 1 | global step 4170 | mode train | loss 0.6931 | accuracy 72.5 | mean_length 64
09-13-21 12:24:17 - epoch 1 | global step 4180 | mode train | loss 0.6929 | accuracy 74.0625 | mean_length 64
09-13-21 12:26:03 - epoch 1 | global step 4190 | mode train | loss 0.733 | accuracy 72.5 | mean_length 64
09-13-21 12:27:49 - epoch 1 | global step 4200 | mode train | loss 0.6566 | accuracy 75.9375 | mean_length 64
09-13-21 12:29:35 - epoch 1 | global step 4210 | mode train | loss 0.7137 | accuracy 71.25 | mean_length 64
09-13-21 12:31:22 - epoch 1 | global step 4220 | mode train | loss 0.76 | accuracy 71.25 | mean_length 64
09-13-21 12:33:08 - epoch 1 | global step 4230 | mode train | loss 0.7013 | accuracy 74.375 | mean_length 64
09-13-21 12:34:54 - epoch 1 | global step 4240 | mode train | loss 0.6709 | accuracy 77.1875 | mean_length 64
09-13-21 12:36:40 - epoch 1 | global step 4250 | mode train | loss 0.7185 | accuracy 72.8125 | mean_length 64
09-13-21 12:38:26 - epoch 1 | global step 4260 | mode train | loss 0.7618 | accuracy 69.375 | mean_length 64
09-13-21 12:40:13 - epoch 1 | global step 4270 | mode train | loss 0.7354 | accuracy 70.9375 | mean_length 64
09-13-21 12:41:59 - epoch 1 | global step 4280 | mode train | loss 0.7052 | accuracy 71.875 | mean_length 64
09-13-21 12:43:45 - epoch 1 | global step 4290 | mode train | loss 0.6553 | accuracy 72.1875 | mean_length 64
09-13-21 12:45:32 - epoch 1 | global step 4300 | mode train | loss 0.7303 | accuracy 71.25 | mean_length 64
09-13-21 12:47:18 - epoch 1 | global step 4310 | mode train | loss 0.7385 | accuracy 73.75 | mean_length 64
09-13-21 12:49:04 - epoch 1 | global step 4320 | mode train | loss 0.7702 | accuracy 70.9375 | mean_length 64
09-13-21 12:50:51 - epoch 1 | global step 4330 | mode train | loss 0.6778 | accuracy 73.125 | mean_length 64
09-13-21 12:52:37 - epoch 1 | global step 4340 | mode train | loss 0.6666 | accuracy 73.125 | mean_length 64
09-13-21 12:54:23 - epoch 1 | global step 4350 | mode train | loss 0.7173 | accuracy 73.75 | mean_length 64
09-13-21 12:56:10 - epoch 1 | global step 4360 | mode train | loss 0.674 | accuracy 71.875 | mean_length 64
09-13-21 12:57:56 - epoch 1 | global step 4370 | mode train | loss 0.6965 | accuracy 72.8125 | mean_length 64
09-13-21 12:59:42 - epoch 1 | global step 4380 | mode train | loss 0.6819 | accuracy 73.125 | mean_length 64
09-13-21 13:01:29 - epoch 1 | global step 4390 | mode train | loss 0.7609 | accuracy 69.0625 | mean_length 64
09-13-21 13:03:15 - epoch 1 | global step 4400 | mode train | loss 0.7005 | accuracy 72.1875 | mean_length 64
09-13-21 13:05:01 - epoch 1 | global step 4410 | mode train | loss 0.6845 | accuracy 72.8125 | mean_length 64
09-13-21 13:06:48 - epoch 1 | global step 4420 | mode train | loss 0.7359 | accuracy 72.1875 | mean_length 64
09-13-21 13:08:34 - epoch 1 | global step 4430 | mode train | loss 0.6073 | accuracy 75.0 | mean_length 64
09-13-21 13:10:20 - epoch 1 | global step 4440 | mode train | loss 0.7038 | accuracy 71.25 | mean_length 64
09-13-21 13:12:06 - epoch 1 | global step 4450 | mode train | loss 0.7064 | accuracy 71.5625 | mean_length 64
09-13-21 13:13:53 - epoch 1 | global step 4460 | mode train | loss 0.6772 | accuracy 72.1875 | mean_length 64
09-13-21 13:15:39 - epoch 1 | global step 4470 | mode train | loss 0.6692 | accuracy 73.125 | mean_length 64
09-13-21 13:17:26 - epoch 1 | global step 4480 | mode train | loss 0.7863 | accuracy 69.375 | mean_length 64
09-13-21 13:19:12 - epoch 1 | global step 4490 | mode train | loss 0.7112 | accuracy 72.1875 | mean_length 64
09-13-21 13:20:58 - epoch 1 | global step 4500 | mode train | loss 0.7534 | accuracy 70.0 | mean_length 64
09-13-21 13:22:44 - epoch 1 | global step 4510 | mode train | loss 0.712 | accuracy 71.5625 | mean_length 64
09-13-21 13:24:31 - epoch 1 | global step 4520 | mode train | loss 0.576 | accuracy 79.0625 | mean_length 64
09-13-21 13:26:17 - epoch 1 | global step 4530 | mode train | loss 0.7116 | accuracy 70.9375 | mean_length 64
09-13-21 13:28:03 - epoch 1 | global step 4540 | mode train | loss 0.6955 | accuracy 73.75 | mean_length 64
09-13-21 13:29:49 - epoch 1 | global step 4550 | mode train | loss 0.7571 | accuracy 67.8125 | mean_length 64
09-13-21 13:31:35 - epoch 1 | global step 4560 | mode train | loss 0.7477 | accuracy 71.25 | mean_length 64
09-13-21 13:33:22 - epoch 1 | global step 4570 | mode train | loss 0.6537 | accuracy 73.125 | mean_length 64
09-13-21 13:35:08 - epoch 1 | global step 4580 | mode train | loss 0.6399 | accuracy 74.375 | mean_length 64
09-13-21 13:36:54 - epoch 1 | global step 4590 | mode train | loss 0.6734 | accuracy 72.8125 | mean_length 64
09-13-21 13:38:40 - epoch 1 | global step 4600 | mode train | loss 0.6465 | accuracy 74.0625 | mean_length 64
09-13-21 13:49:25 - epoch 1 | global step 4608 | mode validation | loss 0.6896 | accuracy 72.36 | mean_length 64
09-13-21 13:49:25 - Saving model to Output/accGrad4_mbart_BTen+zh_lr9.0e-6_7distractors_maxstep8192_seed43
Epoch: 1, Prediction Accuracy: 72.36, Saved to Path: Output/accGrad4_mbart_BTen+zh_lr9.0e-6_7distractors_maxstep8192_seed43
09-13-21 13:49:55 - epoch 1 | global step 4610 | mode train | loss 0.6309 | accuracy 75.0 | mean_length 64
09-13-21 13:51:41 - epoch 1 | global step 4620 | mode train | loss 0.6237 | accuracy 77.8125 | mean_length 64
09-13-21 13:53:27 - epoch 1 | global step 4630 | mode train | loss 0.6277 | accuracy 77.5 | mean_length 64
09-13-21 13:55:14 - epoch 1 | global step 4640 | mode train | loss 0.6132 | accuracy 75.3125 | mean_length 64
09-13-21 13:57:00 - epoch 1 | global step 4650 | mode train | loss 0.6058 | accuracy 74.375 | mean_length 64
09-13-21 13:58:46 - epoch 1 | global step 4660 | mode train | loss 0.6532 | accuracy 73.4375 | mean_length 64
09-13-21 14:00:33 - epoch 1 | global step 4670 | mode train | loss 0.7066 | accuracy 72.5 | mean_length 64
09-13-21 14:02:19 - epoch 1 | global step 4680 | mode train | loss 0.7006 | accuracy 75.0 | mean_length 64
09-13-21 14:04:05 - epoch 1 | global step 4690 | mode train | loss 0.7227 | accuracy 71.5625 | mean_length 64
09-13-21 14:05:52 - epoch 1 | global step 4700 | mode train | loss 0.5868 | accuracy 76.5625 | mean_length 64
09-13-21 14:07:38 - epoch 1 | global step 4710 | mode train | loss 0.6297 | accuracy 75.9375 | mean_length 64
09-13-21 14:09:24 - epoch 1 | global step 4720 | mode train | loss 0.5786 | accuracy 76.5625 | mean_length 64
09-13-21 14:11:11 - epoch 1 | global step 4730 | mode train | loss 0.5507 | accuracy 77.1875 | mean_length 64
09-13-21 14:12:57 - epoch 1 | global step 4740 | mode train | loss 0.6058 | accuracy 76.25 | mean_length 64
09-13-21 14:14:44 - epoch 1 | global step 4750 | mode train | loss 0.6185 | accuracy 75.625 | mean_length 64
09-13-21 14:16:30 - epoch 1 | global step 4760 | mode train | loss 0.5992 | accuracy 75.0 | mean_length 64
09-13-21 14:18:17 - epoch 1 | global step 4770 | mode train | loss 0.5935 | accuracy 76.875 | mean_length 64
09-13-21 14:20:03 - epoch 1 | global step 4780 | mode train | loss 0.6516 | accuracy 75.0 | mean_length 64
09-13-21 14:21:49 - epoch 1 | global step 4790 | mode train | loss 0.6124 | accuracy 76.25 | mean_length 64
09-13-21 14:23:35 - epoch 1 | global step 4800 | mode train | loss 0.628 | accuracy 72.8125 | mean_length 64
09-13-21 14:25:21 - epoch 1 | global step 4810 | mode train | loss 0.6238 | accuracy 74.6875 | mean_length 64
09-13-21 14:27:08 - epoch 1 | global step 4820 | mode train | loss 0.6325 | accuracy 71.5625 | mean_length 64
09-13-21 14:28:54 - epoch 1 | global step 4830 | mode train | loss 0.5768 | accuracy 73.75 | mean_length 64
09-13-21 14:30:40 - epoch 1 | global step 4840 | mode train | loss 0.6581 | accuracy 70.9375 | mean_length 64
09-13-21 14:32:26 - epoch 1 | global step 4850 | mode train | loss 0.6668 | accuracy 71.5625 | mean_length 64
09-13-21 14:34:13 - epoch 1 | global step 4860 | mode train | loss 0.6391 | accuracy 75.9375 | mean_length 64
09-13-21 14:35:59 - epoch 1 | global step 4870 | mode train | loss 0.6091 | accuracy 78.125 | mean_length 64
09-13-21 14:37:45 - epoch 1 | global step 4880 | mode train | loss 0.6336 | accuracy 72.8125 | mean_length 64
09-13-21 14:39:32 - epoch 1 | global step 4890 | mode train | loss 0.6025 | accuracy 74.6875 | mean_length 64
09-13-21 14:41:18 - epoch 1 | global step 4900 | mode train | loss 0.6646 | accuracy 73.4375 | mean_length 64
09-13-21 14:43:04 - epoch 1 | global step 4910 | mode train | loss 0.6643 | accuracy 72.1875 | mean_length 64
09-13-21 14:44:51 - epoch 1 | global step 4920 | mode train | loss 0.606 | accuracy 76.875 | mean_length 64
09-13-21 14:46:37 - epoch 1 | global step 4930 | mode train | loss 0.612 | accuracy 76.5625 | mean_length 64
09-13-21 14:48:24 - epoch 1 | global step 4940 | mode train | loss 0.6214 | accuracy 73.75 | mean_length 64
09-13-21 14:50:10 - epoch 1 | global step 4950 | mode train | loss 0.6798 | accuracy 73.125 | mean_length 64
09-13-21 14:51:56 - epoch 1 | global step 4960 | mode train | loss 0.6151 | accuracy 73.75 | mean_length 64
09-13-21 14:53:42 - epoch 1 | global step 4970 | mode train | loss 0.6543 | accuracy 73.125 | mean_length 64
09-13-21 14:55:29 - epoch 1 | global step 4980 | mode train | loss 0.6768 | accuracy 72.8125 | mean_length 64
09-13-21 14:57:15 - epoch 1 | global step 4990 | mode train | loss 0.6054 | accuracy 77.1875 | mean_length 64
09-13-21 14:59:01 - epoch 1 | global step 5000 | mode train | loss 0.6017 | accuracy 73.4375 | mean_length 64
09-13-21 15:00:48 - epoch 1 | global step 5010 | mode train | loss 0.6303 | accuracy 76.25 | mean_length 64
09-13-21 15:02:34 - epoch 1 | global step 5020 | mode train | loss 0.6093 | accuracy 76.25 | mean_length 64
09-13-21 15:04:20 - epoch 1 | global step 5030 | mode train | loss 0.5409 | accuracy 79.6875 | mean_length 64
09-13-21 15:06:07 - epoch 1 | global step 5040 | mode train | loss 0.5398 | accuracy 80.0 | mean_length 64
09-13-21 15:07:53 - epoch 1 | global step 5050 | mode train | loss 0.6015 | accuracy 77.5 | mean_length 64
09-13-21 15:09:39 - epoch 1 | global step 5060 | mode train | loss 0.5901 | accuracy 76.25 | mean_length 64
09-13-21 15:11:25 - epoch 1 | global step 5070 | mode train | loss 0.6132 | accuracy 75.0 | mean_length 64
09-13-21 15:13:12 - epoch 1 | global step 5080 | mode train | loss 0.552 | accuracy 77.5 | mean_length 64
09-13-21 15:14:59 - epoch 1 | global step 5090 | mode train | loss 0.6828 | accuracy 74.0625 | mean_length 64
09-13-21 15:16:45 - epoch 1 | global step 5100 | mode train | loss 0.5532 | accuracy 79.0625 | mean_length 64
09-13-21 15:18:31 - epoch 1 | global step 5110 | mode train | loss 0.6807 | accuracy 74.0625 | mean_length 64
09-13-21 15:20:17 - epoch 1 | global step 5120 | mode train | loss 0.5231 | accuracy 79.0625 | mean_length 64
09-13-21 15:29:38 - epoch 1 | global step 5120 | mode validation | loss 0.8136 | accuracy 69.0 | mean_length 64
09-13-21 15:31:24 - epoch 1 | global step 5130 | mode train | loss 0.6135 | accuracy 74.375 | mean_length 64
09-13-21 15:33:11 - epoch 1 | global step 5140 | mode train | loss 0.5993 | accuracy 75.9375 | mean_length 64
09-13-21 15:34:57 - epoch 1 | global step 5150 | mode train | loss 0.5634 | accuracy 78.4375 | mean_length 64
09-13-21 15:36:43 - epoch 1 | global step 5160 | mode train | loss 0.5699 | accuracy 78.125 | mean_length 64
09-13-21 15:38:29 - epoch 1 | global step 5170 | mode train | loss 0.5702 | accuracy 78.4375 | mean_length 64
09-13-21 15:40:16 - epoch 1 | global step 5180 | mode train | loss 0.5847 | accuracy 75.625 | mean_length 64
09-13-21 15:42:02 - epoch 1 | global step 5190 | mode train | loss 0.5226 | accuracy 81.25 | mean_length 64
09-13-21 15:43:48 - epoch 1 | global step 5200 | mode train | loss 0.529 | accuracy 78.125 | mean_length 64
09-13-21 15:45:35 - epoch 1 | global step 5210 | mode train | loss 0.5453 | accuracy 76.25 | mean_length 64
09-13-21 15:47:21 - epoch 1 | global step 5220 | mode train | loss 0.5168 | accuracy 80.0 | mean_length 64
09-13-21 15:49:07 - epoch 1 | global step 5230 | mode train | loss 0.6019 | accuracy 77.1875 | mean_length 64
09-13-21 15:50:53 - epoch 1 | global step 5240 | mode train | loss 0.5377 | accuracy 78.75 | mean_length 64
09-13-21 15:52:40 - epoch 1 | global step 5250 | mode train | loss 0.5799 | accuracy 75.625 | mean_length 64
09-13-21 15:54:26 - epoch 1 | global step 5260 | mode train | loss 0.5651 | accuracy 75.625 | mean_length 64
09-13-21 15:56:12 - epoch 1 | global step 5270 | mode train | loss 0.5251 | accuracy 79.6875 | mean_length 64
09-13-21 15:57:59 - epoch 1 | global step 5280 | mode train | loss 0.6422 | accuracy 75.0 | mean_length 64
09-13-21 15:59:45 - epoch 1 | global step 5290 | mode train | loss 0.6416 | accuracy 75.3125 | mean_length 64
09-13-21 16:01:31 - epoch 1 | global step 5300 | mode train | loss 0.5626 | accuracy 77.8125 | mean_length 64
09-13-21 16:03:18 - epoch 1 | global step 5310 | mode train | loss 0.5226 | accuracy 80.3125 | mean_length 64
09-13-21 16:05:04 - epoch 1 | global step 5320 | mode train | loss 0.5939 | accuracy 76.875 | mean_length 64
09-13-21 16:06:50 - epoch 1 | global step 5330 | mode train | loss 0.6038 | accuracy 78.125 | mean_length 64
09-13-21 16:08:36 - epoch 1 | global step 5340 | mode train | loss 0.6027 | accuracy 75.3125 | mean_length 64
09-13-21 16:10:23 - epoch 1 | global step 5350 | mode train | loss 0.5564 | accuracy 78.75 | mean_length 64
09-13-21 16:12:09 - epoch 1 | global step 5360 | mode train | loss 0.6281 | accuracy 75.625 | mean_length 64
09-13-21 16:13:55 - epoch 1 | global step 5370 | mode train | loss 0.7276 | accuracy 72.5 | mean_length 64
09-13-21 16:15:42 - epoch 1 | global step 5380 | mode train | loss 0.7437 | accuracy 69.6875 | mean_length 64
09-13-21 16:17:28 - epoch 1 | global step 5390 | mode train | loss 0.7402 | accuracy 73.75 | mean_length 64
09-13-21 16:19:14 - epoch 1 | global step 5400 | mode train | loss 0.7151 | accuracy 72.5 | mean_length 64
09-13-21 16:21:00 - epoch 1 | global step 5410 | mode train | loss 0.6097 | accuracy 78.75 | mean_length 64
09-13-21 16:22:47 - epoch 1 | global step 5420 | mode train | loss 0.6154 | accuracy 77.8125 | mean_length 64
09-13-21 16:24:33 - epoch 1 | global step 5430 | mode train | loss 0.6195 | accuracy 75.0 | mean_length 64
09-13-21 16:26:19 - epoch 1 | global step 5440 | mode train | loss 0.5934 | accuracy 76.25 | mean_length 64
09-13-21 16:28:05 - epoch 1 | global step 5450 | mode train | loss 0.6342 | accuracy 75.3125 | mean_length 64
09-13-21 16:29:51 - epoch 1 | global step 5460 | mode train | loss 0.6124 | accuracy 77.1875 | mean_length 64
09-13-21 16:31:38 - epoch 1 | global step 5470 | mode train | loss 0.6788 | accuracy 70.0 | mean_length 64
09-13-21 16:33:24 - epoch 1 | global step 5480 | mode train | loss 0.6144 | accuracy 73.75 | mean_length 64
09-13-21 16:35:10 - epoch 1 | global step 5490 | mode train | loss 0.6276 | accuracy 75.0 | mean_length 64
09-13-21 16:36:56 - epoch 1 | global step 5500 | mode train | loss 0.5764 | accuracy 78.125 | mean_length 64
09-13-21 16:38:43 - epoch 1 | global step 5510 | mode train | loss 0.5912 | accuracy 76.5625 | mean_length 64
09-13-21 16:40:29 - epoch 1 | global step 5520 | mode train | loss 0.5314 | accuracy 82.8125 | mean_length 64
09-13-21 16:42:15 - epoch 1 | global step 5530 | mode train | loss 0.544 | accuracy 79.375 | mean_length 64
09-13-21 16:44:01 - epoch 1 | global step 5540 | mode train | loss 0.5904 | accuracy 79.0625 | mean_length 64
09-13-21 16:45:48 - epoch 1 | global step 5550 | mode train | loss 0.6138 | accuracy 75.9375 | mean_length 64
09-13-21 16:47:34 - epoch 1 | global step 5560 | mode train | loss 0.7197 | accuracy 72.1875 | mean_length 64
09-13-21 16:49:20 - epoch 1 | global step 5570 | mode train | loss 0.6568 | accuracy 71.875 | mean_length 64
09-13-21 16:51:06 - epoch 1 | global step 5580 | mode train | loss 0.6089 | accuracy 75.3125 | mean_length 64
09-13-21 16:52:52 - epoch 1 | global step 5590 | mode train | loss 0.5938 | accuracy 77.1875 | mean_length 64
09-13-21 16:54:39 - epoch 1 | global step 5600 | mode train | loss 0.5806 | accuracy 80.3125 | mean_length 64
09-13-21 16:56:25 - epoch 1 | global step 5610 | mode train | loss 0.5817 | accuracy 78.75 | mean_length 64
09-13-21 16:58:11 - epoch 1 | global step 5620 | mode train | loss 0.5916 | accuracy 76.5625 | mean_length 64
09-13-21 16:59:58 - epoch 1 | global step 5630 | mode train | loss 0.5197 | accuracy 80.9375 | mean_length 64
09-13-21 17:09:40 - epoch 1 | global step 5632 | mode validation | loss 0.6096 | accuracy 75.9 | mean_length 64
09-13-21 17:09:40 - Saving model to Output/accGrad4_mbart_BTen+zh_lr9.0e-6_7distractors_maxstep8192_seed43
Epoch: 1, Prediction Accuracy: 75.9, Saved to Path: Output/accGrad4_mbart_BTen+zh_lr9.0e-6_7distractors_maxstep8192_seed43
09-13-21 17:11:13 - epoch 1 | global step 5640 | mode train | loss 0.5621 | accuracy 77.1875 | mean_length 64
09-13-21 17:13:00 - epoch 1 | global step 5650 | mode train | loss 0.5936 | accuracy 75.9375 | mean_length 64
09-13-21 17:14:46 - epoch 1 | global step 5660 | mode train | loss 0.5424 | accuracy 79.0625 | mean_length 64
09-13-21 17:16:33 - epoch 1 | global step 5670 | mode train | loss 0.5523 | accuracy 80.0 | mean_length 64
09-13-21 17:18:19 - epoch 1 | global step 5680 | mode train | loss 0.6526 | accuracy 74.375 | mean_length 64
09-13-21 17:20:06 - epoch 1 | global step 5690 | mode train | loss 0.5756 | accuracy 75.9375 | mean_length 64
09-13-21 17:21:52 - epoch 1 | global step 5700 | mode train | loss 0.5164 | accuracy 80.0 | mean_length 64
09-13-21 17:23:38 - epoch 1 | global step 5710 | mode train | loss 0.4837 | accuracy 81.25 | mean_length 64
09-13-21 17:25:25 - epoch 1 | global step 5720 | mode train | loss 0.5149 | accuracy 78.4375 | mean_length 64
09-13-21 17:27:11 - epoch 1 | global step 5730 | mode train | loss 0.56 | accuracy 77.1875 | mean_length 64
09-13-21 17:28:57 - epoch 1 | global step 5740 | mode train | loss 0.5516 | accuracy 78.75 | mean_length 64
09-13-21 17:30:44 - epoch 1 | global step 5750 | mode train | loss 0.5618 | accuracy 77.1875 | mean_length 64
09-13-21 17:32:30 - epoch 1 | global step 5760 | mode train | loss 0.5497 | accuracy 77.8125 | mean_length 64
09-13-21 17:34:16 - epoch 1 | global step 5770 | mode train | loss 0.5782 | accuracy 78.125 | mean_length 64
09-13-21 17:36:02 - epoch 1 | global step 5780 | mode train | loss 0.493 | accuracy 79.375 | mean_length 64
09-13-21 17:37:49 - epoch 1 | global step 5790 | mode train | loss 0.5126 | accuracy 82.1875 | mean_length 64
09-13-21 17:39:35 - epoch 1 | global step 5800 | mode train | loss 0.6141 | accuracy 74.375 | mean_length 64
09-13-21 17:41:21 - epoch 1 | global step 5810 | mode train | loss 0.6096 | accuracy 75.9375 | mean_length 64
09-13-21 17:43:07 - epoch 1 | global step 5820 | mode train | loss 0.5961 | accuracy 75.3125 | mean_length 64
09-13-21 17:44:54 - epoch 1 | global step 5830 | mode train | loss 0.5623 | accuracy 75.625 | mean_length 64
09-13-21 17:46:40 - epoch 1 | global step 5840 | mode train | loss 0.4984 | accuracy 80.9375 | mean_length 64
09-13-21 17:48:26 - epoch 1 | global step 5850 | mode train | loss 0.4881 | accuracy 82.8125 | mean_length 64
09-13-21 17:50:12 - epoch 1 | global step 5860 | mode train | loss 0.5529 | accuracy 76.25 | mean_length 64
09-13-21 17:51:59 - epoch 1 | global step 5870 | mode train | loss 0.539 | accuracy 79.375 | mean_length 64
09-13-21 17:53:45 - epoch 1 | global step 5880 | mode train | loss 0.5801 | accuracy 76.875 | mean_length 64
09-13-21 17:55:31 - epoch 1 | global step 5890 | mode train | loss 0.4932 | accuracy 82.1875 | mean_length 64
09-13-21 17:57:18 - epoch 1 | global step 5900 | mode train | loss 0.5494 | accuracy 76.5625 | mean_length 64
09-13-21 17:59:04 - epoch 1 | global step 5910 | mode train | loss 0.6251 | accuracy 77.8125 | mean_length 64
09-13-21 18:00:53 - epoch 1 | global step 5920 | mode train | loss 0.6668 | accuracy 72.1875 | mean_length 64
09-13-21 18:02:39 - epoch 1 | global step 5930 | mode train | loss 0.5499 | accuracy 78.125 | mean_length 64
09-13-21 18:04:26 - epoch 1 | global step 5940 | mode train | loss 0.5233 | accuracy 78.4375 | mean_length 64
09-13-21 18:06:12 - epoch 1 | global step 5950 | mode train | loss 0.5164 | accuracy 80.0 | mean_length 64
09-13-21 18:07:58 - epoch 1 | global step 5960 | mode train | loss 0.5468 | accuracy 77.8125 | mean_length 64
09-13-21 18:09:45 - epoch 1 | global step 5970 | mode train | loss 0.4959 | accuracy 80.3125 | mean_length 64
09-13-21 18:11:31 - epoch 1 | global step 5980 | mode train | loss 0.5108 | accuracy 81.25 | mean_length 64
09-13-21 18:13:17 - epoch 1 | global step 5990 | mode train | loss 0.537 | accuracy 76.875 | mean_length 64
09-13-21 18:15:04 - epoch 1 | global step 6000 | mode train | loss 0.5195 | accuracy 78.4375 | mean_length 64
09-13-21 18:16:51 - epoch 1 | global step 6010 | mode train | loss 0.5459 | accuracy 79.0625 | mean_length 64
09-13-21 18:18:37 - epoch 1 | global step 6020 | mode train | loss 0.4689 | accuracy 80.625 | mean_length 64
09-13-21 18:20:23 - epoch 1 | global step 6030 | mode train | loss 0.4728 | accuracy 78.125 | mean_length 64
09-13-21 18:22:10 - epoch 1 | global step 6040 | mode train | loss 0.5129 | accuracy 80.0 | mean_length 64
09-13-21 18:23:56 - epoch 1 | global step 6050 | mode train | loss 0.5204 | accuracy 81.5625 | mean_length 64
09-13-21 18:25:42 - epoch 1 | global step 6060 | mode train | loss 0.5064 | accuracy 80.625 | mean_length 64
09-13-21 18:27:29 - epoch 1 | global step 6070 | mode train | loss 0.5237 | accuracy 77.5 | mean_length 64
09-13-21 18:29:15 - epoch 1 | global step 6080 | mode train | loss 0.4448 | accuracy 84.6875 | mean_length 64
09-13-21 18:31:01 - epoch 1 | global step 6090 | mode train | loss 0.4737 | accuracy 83.4375 | mean_length 64
09-13-21 18:32:47 - epoch 1 | global step 6100 | mode train | loss 0.5228 | accuracy 80.3125 | mean_length 64
09-13-21 18:34:34 - epoch 1 | global step 6110 | mode train | loss 0.5519 | accuracy 78.75 | mean_length 64
09-13-21 18:36:20 - epoch 1 | global step 6120 | mode train | loss 0.4694 | accuracy 82.1875 | mean_length 64
09-13-21 18:38:06 - epoch 1 | global step 6130 | mode train | loss 0.5346 | accuracy 81.5625 | mean_length 64
09-13-21 18:39:53 - epoch 1 | global step 6140 | mode train | loss 0.4849 | accuracy 83.75 | mean_length 64
09-13-21 18:49:57 - epoch 1 | global step 6144 | mode validation | loss 0.547 | accuracy 78.56 | mean_length 64
09-13-21 18:49:57 - Saving model to Output/accGrad4_mbart_BTen+zh_lr9.0e-6_7distractors_maxstep8192_seed43
Epoch: 1, Prediction Accuracy: 78.56, Saved to Path: Output/accGrad4_mbart_BTen+zh_lr9.0e-6_7distractors_maxstep8192_seed43
09-13-21 18:51:09 - epoch 1 | global step 6150 | mode train | loss 0.4526 | accuracy 84.0625 | mean_length 64
09-13-21 18:52:56 - epoch 1 | global step 6160 | mode train | loss 0.4596 | accuracy 83.75 | mean_length 64
09-13-21 18:54:42 - epoch 1 | global step 6170 | mode train | loss 0.4824 | accuracy 80.9375 | mean_length 64
09-13-21 18:56:28 - epoch 1 | global step 6180 | mode train | loss 0.4798 | accuracy 80.9375 | mean_length 64
09-13-21 18:58:14 - epoch 1 | global step 6190 | mode train | loss 0.4873 | accuracy 79.6875 | mean_length 64
09-13-21 19:00:01 - epoch 1 | global step 6200 | mode train | loss 0.5438 | accuracy 75.0 | mean_length 64
09-13-21 19:01:47 - epoch 1 | global step 6210 | mode train | loss 0.5182 | accuracy 76.5625 | mean_length 64
09-13-21 19:03:33 - epoch 1 | global step 6220 | mode train | loss 0.4436 | accuracy 84.0625 | mean_length 64
09-13-21 19:05:20 - epoch 1 | global step 6230 | mode train | loss 0.4724 | accuracy 80.9375 | mean_length 64
09-13-21 19:07:06 - epoch 1 | global step 6240 | mode train | loss 0.5017 | accuracy 80.0 | mean_length 64
09-13-21 19:08:52 - epoch 1 | global step 6250 | mode train | loss 0.5445 | accuracy 79.0625 | mean_length 64
09-13-21 19:10:38 - epoch 1 | global step 6260 | mode train | loss 0.524 | accuracy 80.0 | mean_length 64
09-13-21 19:12:25 - epoch 1 | global step 6270 | mode train | loss 0.5272 | accuracy 82.8125 | mean_length 64
09-13-21 19:14:11 - epoch 1 | global step 6280 | mode train | loss 0.5152 | accuracy 81.5625 | mean_length 64
09-13-21 19:15:57 - epoch 1 | global step 6290 | mode train | loss 0.4477 | accuracy 83.75 | mean_length 64
09-13-21 19:17:44 - epoch 1 | global step 6300 | mode train | loss 0.5268 | accuracy 80.3125 | mean_length 64
09-13-21 19:19:30 - epoch 1 | global step 6310 | mode train | loss 0.4748 | accuracy 78.75 | mean_length 64
09-13-21 19:21:17 - epoch 1 | global step 6320 | mode train | loss 0.5192 | accuracy 82.5 | mean_length 64
09-13-21 19:23:03 - epoch 1 | global step 6330 | mode train | loss 0.5315 | accuracy 77.5 | mean_length 64
09-13-21 19:24:49 - epoch 1 | global step 6340 | mode train | loss 0.5283 | accuracy 80.3125 | mean_length 64
09-13-21 19:26:36 - epoch 1 | global step 6350 | mode train | loss 0.5596 | accuracy 78.125 | mean_length 64
09-13-21 19:28:22 - epoch 1 | global step 6360 | mode train | loss 0.6646 | accuracy 73.4375 | mean_length 64
09-13-21 19:30:08 - epoch 1 | global step 6370 | mode train | loss 0.8202 | accuracy 72.8125 | mean_length 64
09-13-21 19:31:54 - epoch 1 | global step 6380 | mode train | loss 1.8621 | accuracy 50.0 | mean_length 64
09-13-21 19:33:41 - epoch 1 | global step 6390 | mode train | loss 0.6767 | accuracy 75.0 | mean_length 64
09-13-21 19:35:27 - epoch 1 | global step 6400 | mode train | loss 0.5867 | accuracy 75.625 | mean_length 64
09-13-21 19:37:13 - epoch 1 | global step 6410 | mode train | loss 0.5653 | accuracy 77.5 | mean_length 64
09-13-21 19:38:59 - epoch 1 | global step 6420 | mode train | loss 0.5342 | accuracy 77.5 | mean_length 64
09-13-21 19:40:46 - epoch 1 | global step 6430 | mode train | loss 0.4608 | accuracy 83.125 | mean_length 64
09-13-21 19:42:32 - epoch 1 | global step 6440 | mode train | loss 0.4749 | accuracy 79.375 | mean_length 64
09-13-21 19:44:18 - epoch 1 | global step 6450 | mode train | loss 0.5703 | accuracy 77.8125 | mean_length 64
09-13-21 19:46:05 - epoch 2 | global step 6460 | mode train | loss 0.4636 | accuracy 83.125 | mean_length 64
09-13-21 19:47:51 - epoch 2 | global step 6470 | mode train | loss 0.4929 | accuracy 82.1875 | mean_length 64
09-13-21 19:49:37 - epoch 2 | global step 6480 | mode train | loss 0.5409 | accuracy 78.4375 | mean_length 64
09-13-21 19:51:24 - epoch 2 | global step 6490 | mode train | loss 0.465 | accuracy 84.6875 | mean_length 64
09-13-21 19:53:10 - epoch 2 | global step 6500 | mode train | loss 0.4709 | accuracy 82.5 | mean_length 64
09-13-21 19:54:56 - epoch 2 | global step 6510 | mode train | loss 0.4917 | accuracy 80.0 | mean_length 64
09-13-21 19:56:43 - epoch 2 | global step 6520 | mode train | loss 0.5233 | accuracy 80.0 | mean_length 64
09-13-21 19:58:29 - epoch 2 | global step 6530 | mode train | loss 0.4787 | accuracy 80.625 | mean_length 64
09-13-21 20:00:15 - epoch 2 | global step 6540 | mode train | loss 0.4744 | accuracy 81.5625 | mean_length 64
09-13-21 20:02:02 - epoch 2 | global step 6550 | mode train | loss 0.4917 | accuracy 81.5625 | mean_length 64
09-13-21 20:03:48 - epoch 2 | global step 6560 | mode train | loss 0.4321 | accuracy 85.3125 | mean_length 64
09-13-21 20:05:34 - epoch 2 | global step 6570 | mode train | loss 0.485 | accuracy 80.625 | mean_length 64
09-13-21 20:07:20 - epoch 2 | global step 6580 | mode train | loss 0.4773 | accuracy 82.1875 | mean_length 64
09-13-21 20:09:07 - epoch 2 | global step 6590 | mode train | loss 0.5172 | accuracy 79.0625 | mean_length 64
09-13-21 20:10:53 - epoch 2 | global step 6600 | mode train | loss 0.4809 | accuracy 80.3125 | mean_length 64
09-13-21 20:12:39 - epoch 2 | global step 6610 | mode train | loss 0.4724 | accuracy 81.25 | mean_length 64
09-13-21 20:14:26 - epoch 2 | global step 6620 | mode train | loss 0.4445 | accuracy 82.5 | mean_length 64
09-13-21 20:16:12 - epoch 2 | global step 6630 | mode train | loss 0.4384 | accuracy 82.5 | mean_length 64
09-13-21 20:17:59 - epoch 2 | global step 6640 | mode train | loss 0.5076 | accuracy 79.6875 | mean_length 64
09-13-21 20:19:45 - epoch 2 | global step 6650 | mode train | loss 0.4596 | accuracy 82.1875 | mean_length 64
09-13-21 20:30:11 - epoch 2 | global step 6656 | mode validation | loss 0.5229 | accuracy 79.32 | mean_length 64
09-13-21 20:30:11 - Saving model to Output/accGrad4_mbart_BTen+zh_lr9.0e-6_7distractors_maxstep8192_seed43
Epoch: 2, Prediction Accuracy: 79.32, Saved to Path: Output/accGrad4_mbart_BTen+zh_lr9.0e-6_7distractors_maxstep8192_seed43
09-13-21 20:31:02 - epoch 2 | global step 6660 | mode train | loss 0.517 | accuracy 79.6875 | mean_length 64
09-13-21 20:32:48 - epoch 2 | global step 6670 | mode train | loss 0.4804 | accuracy 82.8125 | mean_length 64
09-13-21 20:34:34 - epoch 2 | global step 6680 | mode train | loss 0.4305 | accuracy 82.5 | mean_length 64
09-13-21 20:36:21 - epoch 2 | global step 6690 | mode train | loss 0.4865 | accuracy 81.25 | mean_length 64
09-13-21 20:38:07 - epoch 2 | global step 6700 | mode train | loss 0.4152 | accuracy 85.0 | mean_length 64
09-13-21 20:39:53 - epoch 2 | global step 6710 | mode train | loss 0.4005 | accuracy 84.6875 | mean_length 64
09-13-21 20:41:40 - epoch 2 | global step 6720 | mode train | loss 0.4462 | accuracy 80.625 | mean_length 64
09-13-21 20:43:26 - epoch 2 | global step 6730 | mode train | loss 0.3932 | accuracy 85.3125 | mean_length 64
09-13-21 20:45:12 - epoch 2 | global step 6740 | mode train | loss 0.4378 | accuracy 83.125 | mean_length 64
09-13-21 20:46:59 - epoch 2 | global step 6750 | mode train | loss 0.5285 | accuracy 79.0625 | mean_length 64
09-13-21 20:48:45 - epoch 2 | global step 6760 | mode train | loss 0.3861 | accuracy 85.9375 | mean_length 64
09-13-21 20:50:32 - epoch 2 | global step 6770 | mode train | loss 0.5319 | accuracy 78.4375 | mean_length 64
09-13-21 20:52:18 - epoch 2 | global step 6780 | mode train | loss 0.431 | accuracy 85.3125 | mean_length 64
09-13-21 20:54:04 - epoch 2 | global step 6790 | mode train | loss 0.4271 | accuracy 82.5 | mean_length 64
09-13-21 20:55:50 - epoch 2 | global step 6800 | mode train | loss 0.4645 | accuracy 80.0 | mean_length 64
09-13-21 20:57:37 - epoch 2 | global step 6810 | mode train | loss 0.464 | accuracy 83.125 | mean_length 64
09-13-21 20:59:23 - epoch 2 | global step 6820 | mode train | loss 0.3805 | accuracy 86.875 | mean_length 64
09-13-21 21:01:09 - epoch 2 | global step 6830 | mode train | loss 0.4745 | accuracy 81.5625 | mean_length 64
09-13-21 21:02:56 - epoch 2 | global step 6840 | mode train | loss 0.3399 | accuracy 88.75 | mean_length 64
09-13-21 21:04:42 - epoch 2 | global step 6850 | mode train | loss 0.349 | accuracy 89.0625 | mean_length 64
09-13-21 21:06:28 - epoch 2 | global step 6860 | mode train | loss 0.3908 | accuracy 83.75 | mean_length 64
09-13-21 21:08:15 - epoch 2 | global step 6870 | mode train | loss 0.4434 | accuracy 81.25 | mean_length 64
09-13-21 21:10:01 - epoch 2 | global step 6880 | mode train | loss 0.3717 | accuracy 84.6875 | mean_length 64
09-13-21 21:11:47 - epoch 2 | global step 6890 | mode train | loss 0.3927 | accuracy 84.6875 | mean_length 64
09-13-21 21:13:34 - epoch 2 | global step 6900 | mode train | loss 0.3611 | accuracy 85.3125 | mean_length 64
09-13-21 21:15:20 - epoch 2 | global step 6910 | mode train | loss 0.3793 | accuracy 84.6875 | mean_length 64
09-13-21 21:17:06 - epoch 2 | global step 6920 | mode train | loss 0.4523 | accuracy 83.125 | mean_length 64
09-13-21 21:18:53 - epoch 2 | global step 6930 | mode train | loss 0.4546 | accuracy 82.1875 | mean_length 64
09-13-21 21:20:40 - epoch 2 | global step 6940 | mode train | loss 0.3393 | accuracy 88.75 | mean_length 64
09-13-21 21:22:26 - epoch 2 | global step 6950 | mode train | loss 0.3816 | accuracy 86.25 | mean_length 64
09-13-21 21:24:12 - epoch 2 | global step 6960 | mode train | loss 0.5418 | accuracy 79.0625 | mean_length 64
09-13-21 21:25:59 - epoch 2 | global step 6970 | mode train | loss 0.4285 | accuracy 83.75 | mean_length 64
09-13-21 21:27:45 - epoch 2 | global step 6980 | mode train | loss 0.4306 | accuracy 83.125 | mean_length 64
09-13-21 21:29:31 - epoch 2 | global step 6990 | mode train | loss 0.4133 | accuracy 83.75 | mean_length 64
09-13-21 21:31:18 - epoch 2 | global step 7000 | mode train | loss 0.4821 | accuracy 79.0625 | mean_length 64
09-13-21 21:33:04 - epoch 2 | global step 7010 | mode train | loss 0.5122 | accuracy 79.6875 | mean_length 64
09-13-21 21:34:50 - epoch 2 | global step 7020 | mode train | loss 0.5387 | accuracy 78.4375 | mean_length 64
09-13-21 21:36:37 - epoch 2 | global step 7030 | mode train | loss 0.3688 | accuracy 85.625 | mean_length 64
09-13-21 21:38:23 - epoch 2 | global step 7040 | mode train | loss 0.4379 | accuracy 85.625 | mean_length 64
09-13-21 21:40:09 - epoch 2 | global step 7050 | mode train | loss 0.4645 | accuracy 84.0625 | mean_length 64
09-13-21 21:41:56 - epoch 2 | global step 7060 | mode train | loss 0.439 | accuracy 82.5 | mean_length 64
09-13-21 21:43:42 - epoch 2 | global step 7070 | mode train | loss 0.395 | accuracy 85.0 | mean_length 64
09-13-21 21:45:28 - epoch 2 | global step 7080 | mode train | loss 0.4284 | accuracy 83.125 | mean_length 64
09-13-21 21:47:15 - epoch 2 | global step 7090 | mode train | loss 0.437 | accuracy 83.125 | mean_length 64
09-13-21 21:49:01 - epoch 2 | global step 7100 | mode train | loss 0.4334 | accuracy 85.625 | mean_length 64
09-13-21 21:50:47 - epoch 2 | global step 7110 | mode train | loss 0.4249 | accuracy 81.5625 | mean_length 64
09-13-21 21:52:34 - epoch 2 | global step 7120 | mode train | loss 0.4383 | accuracy 80.9375 | mean_length 64
09-13-21 21:54:20 - epoch 2 | global step 7130 | mode train | loss 0.4218 | accuracy 84.6875 | mean_length 64
09-13-21 21:56:06 - epoch 2 | global step 7140 | mode train | loss 0.4523 | accuracy 84.375 | mean_length 64
09-13-21 21:57:53 - epoch 2 | global step 7150 | mode train | loss 0.4367 | accuracy 84.0625 | mean_length 64
09-13-21 21:59:39 - epoch 2 | global step 7160 | mode train | loss 0.4273 | accuracy 83.4375 | mean_length 64
09-13-21 22:10:26 - epoch 2 | global step 7168 | mode validation | loss 0.4079 | accuracy 84.46 | mean_length 64
09-13-21 22:10:26 - Saving model to Output/accGrad4_mbart_BTen+zh_lr9.0e-6_7distractors_maxstep8192_seed43
Epoch: 2, Prediction Accuracy: 84.46, Saved to Path: Output/accGrad4_mbart_BTen+zh_lr9.0e-6_7distractors_maxstep8192_seed43
09-13-21 22:10:56 - epoch 2 | global step 7170 | mode train | loss 0.397 | accuracy 83.75 | mean_length 64
09-13-21 22:12:43 - epoch 2 | global step 7180 | mode train | loss 0.3621 | accuracy 88.125 | mean_length 64
09-13-21 22:14:29 - epoch 2 | global step 7190 | mode train | loss 0.3487 | accuracy 88.4375 | mean_length 64
09-13-21 22:16:15 - epoch 2 | global step 7200 | mode train | loss 0.371 | accuracy 85.0 | mean_length 64
09-13-21 22:18:02 - epoch 2 | global step 7210 | mode train | loss 0.39 | accuracy 85.3125 | mean_length 64
09-13-21 22:19:48 - epoch 2 | global step 7220 | mode train | loss 0.4155 | accuracy 82.1875 | mean_length 64
09-13-21 22:21:35 - epoch 2 | global step 7230 | mode train | loss 0.4537 | accuracy 81.5625 | mean_length 64
09-13-21 22:23:21 - epoch 2 | global step 7240 | mode train | loss 0.4615 | accuracy 81.5625 | mean_length 64
09-13-21 22:25:07 - epoch 2 | global step 7250 | mode train | loss 0.4369 | accuracy 84.0625 | mean_length 64
09-13-21 22:26:54 - epoch 2 | global step 7260 | mode train | loss 0.4861 | accuracy 80.0 | mean_length 64
09-13-21 22:28:40 - epoch 2 | global step 7270 | mode train | loss 0.3242 | accuracy 87.5 | mean_length 64
09-13-21 22:30:26 - epoch 2 | global step 7280 | mode train | loss 0.4363 | accuracy 80.9375 | mean_length 64
09-13-21 22:32:13 - epoch 2 | global step 7290 | mode train | loss 0.4393 | accuracy 79.0625 | mean_length 64
09-13-21 22:33:59 - epoch 2 | global step 7300 | mode train | loss 0.3216 | accuracy 88.75 | mean_length 64
09-13-21 22:35:45 - epoch 2 | global step 7310 | mode train | loss 0.4454 | accuracy 81.25 | mean_length 64
09-13-21 22:37:32 - epoch 2 | global step 7320 | mode train | loss 0.4296 | accuracy 82.8125 | mean_length 64
09-13-21 22:39:18 - epoch 2 | global step 7330 | mode train | loss 0.3581 | accuracy 88.4375 | mean_length 64
09-13-21 22:41:04 - epoch 2 | global step 7340 | mode train | loss 0.4706 | accuracy 79.375 | mean_length 64
09-13-21 22:42:51 - epoch 2 | global step 7350 | mode train | loss 0.3449 | accuracy 85.625 | mean_length 64
09-13-21 22:44:37 - epoch 2 | global step 7360 | mode train | loss 0.377 | accuracy 88.125 | mean_length 64
09-13-21 22:46:23 - epoch 2 | global step 7370 | mode train | loss 0.4238 | accuracy 81.875 | mean_length 64
09-13-21 22:48:10 - epoch 2 | global step 7380 | mode train | loss 0.449 | accuracy 82.5 | mean_length 64
09-13-21 22:49:56 - epoch 2 | global step 7390 | mode train | loss 0.3673 | accuracy 86.5625 | mean_length 64
09-13-21 22:51:42 - epoch 2 | global step 7400 | mode train | loss 0.4056 | accuracy 85.0 | mean_length 64
09-13-21 22:53:29 - epoch 2 | global step 7410 | mode train | loss 0.4696 | accuracy 80.0 | mean_length 64
09-13-21 22:55:15 - epoch 2 | global step 7420 | mode train | loss 0.4184 | accuracy 83.75 | mean_length 64
09-13-21 22:57:01 - epoch 2 | global step 7430 | mode train | loss 0.4424 | accuracy 81.25 | mean_length 64
09-13-21 22:58:48 - epoch 2 | global step 7440 | mode train | loss 0.42 | accuracy 83.75 | mean_length 64
09-13-21 23:00:34 - epoch 2 | global step 7450 | mode train | loss 0.4041 | accuracy 85.0 | mean_length 64
09-13-21 23:02:21 - epoch 2 | global step 7460 | mode train | loss 0.3969 | accuracy 83.4375 | mean_length 64
09-13-21 23:04:07 - epoch 2 | global step 7470 | mode train | loss 0.3874 | accuracy 84.6875 | mean_length 64
09-13-21 23:05:53 - epoch 2 | global step 7480 | mode train | loss 0.3401 | accuracy 88.75 | mean_length 64
09-13-21 23:07:40 - epoch 2 | global step 7490 | mode train | loss 0.4765 | accuracy 80.625 | mean_length 64
09-13-21 23:09:26 - epoch 2 | global step 7500 | mode train | loss 0.4383 | accuracy 83.4375 | mean_length 64
09-13-21 23:11:13 - epoch 2 | global step 7510 | mode train | loss 0.4109 | accuracy 81.875 | mean_length 64
09-13-21 23:13:00 - epoch 2 | global step 7520 | mode train | loss 0.61 | accuracy 73.4375 | mean_length 64
09-13-21 23:14:46 - epoch 2 | global step 7530 | mode train | loss 0.5399 | accuracy 80.9375 | mean_length 64
09-13-21 23:16:33 - epoch 2 | global step 7540 | mode train | loss 0.3912 | accuracy 88.125 | mean_length 64
09-13-21 23:18:19 - epoch 2 | global step 7550 | mode train | loss 0.3645 | accuracy 85.3125 | mean_length 64
09-13-21 23:20:06 - epoch 2 | global step 7560 | mode train | loss 0.4195 | accuracy 86.25 | mean_length 64
09-13-21 23:21:53 - epoch 2 | global step 7570 | mode train | loss 0.4029 | accuracy 85.625 | mean_length 64
09-13-21 23:23:39 - epoch 2 | global step 7580 | mode train | loss 0.4372 | accuracy 84.375 | mean_length 64
09-13-21 23:25:26 - epoch 2 | global step 7590 | mode train | loss 0.5957 | accuracy 81.5625 | mean_length 64
09-13-21 23:27:12 - epoch 2 | global step 7600 | mode train | loss 0.5173 | accuracy 83.125 | mean_length 64
09-13-21 23:28:59 - epoch 2 | global step 7610 | mode train | loss 0.534 | accuracy 82.8125 | mean_length 64
09-13-21 23:30:45 - epoch 2 | global step 7620 | mode train | loss 0.6836 | accuracy 78.4375 | mean_length 64
09-13-21 23:32:32 - epoch 2 | global step 7630 | mode train | loss 0.6806 | accuracy 77.8125 | mean_length 64
09-13-21 23:34:19 - epoch 2 | global step 7640 | mode train | loss 0.629 | accuracy 76.875 | mean_length 64
09-13-21 23:36:05 - epoch 2 | global step 7650 | mode train | loss 0.6191 | accuracy 78.75 | mean_length 64
09-13-21 23:37:52 - epoch 2 | global step 7660 | mode train | loss 0.5895 | accuracy 73.75 | mean_length 64
09-13-21 23:39:38 - epoch 2 | global step 7670 | mode train | loss 0.554 | accuracy 78.4375 | mean_length 64
09-13-21 23:41:24 - epoch 2 | global step 7680 | mode train | loss 0.516 | accuracy 80.9375 | mean_length 64
09-13-21 23:50:48 - epoch 2 | global step 7680 | mode validation | loss 0.6119 | accuracy 77.36 | mean_length 64
09-13-21 23:52:34 - epoch 2 | global step 7690 | mode train | loss 0.5116 | accuracy 80.3125 | mean_length 64
09-13-21 23:54:21 - epoch 2 | global step 7700 | mode train | loss 0.5601 | accuracy 78.125 | mean_length 64
09-13-21 23:56:08 - epoch 2 | global step 7710 | mode train | loss 0.5929 | accuracy 78.125 | mean_length 64
09-13-21 23:57:54 - epoch 2 | global step 7720 | mode train | loss 0.4799 | accuracy 83.75 | mean_length 64
09-13-21 23:59:41 - epoch 2 | global step 7730 | mode train | loss 0.456 | accuracy 83.75 | mean_length 64
09-14-21 00:01:27 - epoch 2 | global step 7740 | mode train | loss 0.4694 | accuracy 82.5 | mean_length 64
09-14-21 00:03:14 - epoch 2 | global step 7750 | mode train | loss 0.3772 | accuracy 85.3125 | mean_length 64
09-14-21 00:05:00 - epoch 2 | global step 7760 | mode train | loss 0.5048 | accuracy 82.5 | mean_length 64
09-14-21 00:06:47 - epoch 2 | global step 7770 | mode train | loss 0.5554 | accuracy 79.375 | mean_length 64
09-14-21 00:08:34 - epoch 2 | global step 7780 | mode train | loss 0.475 | accuracy 82.1875 | mean_length 64
09-14-21 00:10:20 - epoch 2 | global step 7790 | mode train | loss 0.5289 | accuracy 79.375 | mean_length 64
09-14-21 00:12:07 - epoch 2 | global step 7800 | mode train | loss 0.5925 | accuracy 75.625 | mean_length 64
09-14-21 00:13:53 - epoch 2 | global step 7810 | mode train | loss 0.5187 | accuracy 79.0625 | mean_length 64
09-14-21 00:15:40 - epoch 2 | global step 7820 | mode train | loss 0.4382 | accuracy 84.6875 | mean_length 64
09-14-21 00:17:26 - epoch 2 | global step 7830 | mode train | loss 0.5041 | accuracy 81.25 | mean_length 64
09-14-21 00:19:13 - epoch 2 | global step 7840 | mode train | loss 0.4423 | accuracy 83.125 | mean_length 64
09-14-21 00:21:00 - epoch 2 | global step 7850 | mode train | loss 0.4306 | accuracy 84.6875 | mean_length 64
09-14-21 00:22:46 - epoch 2 | global step 7860 | mode train | loss 0.3819 | accuracy 84.375 | mean_length 64
09-14-21 00:24:33 - epoch 2 | global step 7870 | mode train | loss 0.3851 | accuracy 86.875 | mean_length 64
09-14-21 00:26:19 - epoch 2 | global step 7880 | mode train | loss 0.3457 | accuracy 87.8125 | mean_length 64
09-14-21 00:28:05 - epoch 2 | global step 7890 | mode train | loss 0.389 | accuracy 83.4375 | mean_length 64
09-14-21 00:29:52 - epoch 2 | global step 7900 | mode train | loss 0.3666 | accuracy 86.25 | mean_length 64
09-14-21 00:31:38 - epoch 2 | global step 7910 | mode train | loss 0.4295 | accuracy 83.4375 | mean_length 64
09-14-21 00:33:25 - epoch 2 | global step 7920 | mode train | loss 0.3414 | accuracy 88.75 | mean_length 64
09-14-21 00:35:11 - epoch 2 | global step 7930 | mode train | loss 0.4278 | accuracy 83.125 | mean_length 64
09-14-21 00:36:58 - epoch 2 | global step 7940 | mode train | loss 0.4131 | accuracy 84.0625 | mean_length 64
09-14-21 00:38:44 - epoch 2 | global step 7950 | mode train | loss 0.4812 | accuracy 80.625 | mean_length 64
09-14-21 00:40:30 - epoch 2 | global step 7960 | mode train | loss 0.4606 | accuracy 81.25 | mean_length 64
09-14-21 00:42:16 - epoch 2 | global step 7970 | mode train | loss 0.3604 | accuracy 86.875 | mean_length 64
09-14-21 00:44:03 - epoch 2 | global step 7980 | mode train | loss 0.3333 | accuracy 88.125 | mean_length 64
09-14-21 00:45:49 - epoch 2 | global step 7990 | mode train | loss 0.3043 | accuracy 89.6875 | mean_length 64
09-14-21 00:47:35 - epoch 2 | global step 8000 | mode train | loss 0.3772 | accuracy 85.9375 | mean_length 64
09-14-21 00:49:22 - epoch 2 | global step 8010 | mode train | loss 0.3618 | accuracy 87.5 | mean_length 64
09-14-21 00:51:08 - epoch 2 | global step 8020 | mode train | loss 0.3404 | accuracy 87.8125 | mean_length 64
09-14-21 00:52:54 - epoch 2 | global step 8030 | mode train | loss 0.3662 | accuracy 89.375 | mean_length 64
09-14-21 00:54:41 - epoch 2 | global step 8040 | mode train | loss 0.3047 | accuracy 89.375 | mean_length 64
09-14-21 00:56:27 - epoch 2 | global step 8050 | mode train | loss 0.369 | accuracy 83.125 | mean_length 64
09-14-21 00:58:13 - epoch 2 | global step 8060 | mode train | loss 0.397 | accuracy 85.0 | mean_length 64
09-14-21 01:00:00 - epoch 2 | global step 8070 | mode train | loss 0.4152 | accuracy 85.625 | mean_length 64
09-14-21 01:01:46 - epoch 2 | global step 8080 | mode train | loss 0.401 | accuracy 84.6875 | mean_length 64
09-14-21 01:03:32 - epoch 2 | global step 8090 | mode train | loss 0.3466 | accuracy 87.1875 | mean_length 64
09-14-21 01:05:19 - epoch 2 | global step 8100 | mode train | loss 0.3467 | accuracy 86.25 | mean_length 64
09-14-21 01:07:05 - epoch 2 | global step 8110 | mode train | loss 0.3997 | accuracy 85.3125 | mean_length 64
09-14-21 01:08:51 - epoch 2 | global step 8120 | mode train | loss 0.4397 | accuracy 84.0625 | mean_length 64
09-14-21 01:10:38 - epoch 2 | global step 8130 | mode train | loss 0.5288 | accuracy 82.5 | mean_length 64
09-14-21 01:12:24 - epoch 2 | global step 8140 | mode train | loss 0.4723 | accuracy 82.5 | mean_length 64
09-14-21 01:14:11 - epoch 2 | global step 8150 | mode train | loss 0.3911 | accuracy 86.25 | mean_length 64
09-14-21 01:15:57 - epoch 2 | global step 8160 | mode train | loss 0.4009 | accuracy 85.0 | mean_length 64
09-14-21 01:17:43 - epoch 2 | global step 8170 | mode train | loss 0.4278 | accuracy 83.125 | mean_length 64
09-14-21 01:19:30 - epoch 2 | global step 8180 | mode train | loss 0.4413 | accuracy 84.6875 | mean_length 64
09-14-21 01:21:17 - epoch 2 | global step 8190 | mode train | loss 0.344 | accuracy 88.75 | mean_length 64
09-14-21 01:21:38 - Evaluate the following checkpoint: Output/accGrad4_mbart_BTen+zh_lr9.0e-6_7distractors_maxstep8192_seed43/model.pt
09-14-21 01:33:00 - Best model stats: 
09-14-21 01:33:00 - epoch 0 | global step 0 | mode validation | loss 0.3981 | accuracy 84.56 | mean_length 64
