==========================================
SLURM_JOB_ID = 5634916
SLURM_JOB_NODELIST = d11-02
TMPDIR = /tmp/SLURM_5634916
==========================================
/home1/zliu9986/communication-translation
08-24-21 08:06:21 - Dataset Loaded
08-24-21 08:06:21 - Configuration:
Namespace(TransferH=False, alpha=1.0, batch_size=8, beam_width=5, bidirectional=False, config='Configs/mbart_ec.yml', cpu=False, decode_how='beam', device=device(type='cuda'), do_eval=True, do_train=True, dropout=0.1, fix_bhd=False, fix_spk=False, grad_clip=1.0, gradient_accumulation_steps=1, hard=False, has_vocab_constraint=False, hidden_dim=512, image_dim=2048, lr=1e-05, max_global_step=8192, max_seq_length=64, mode='emergent_communication', model_name='Models/mbart-large-cc25', n_gpu=1, no_share_bhd=False, no_terminal=False, no_write=False, num_distractors_train=7, num_distractors_valid=7, num_games=30, num_layers=1, output_dir='Output/accGrad1_mbart_BTen+zh_lr1.0e-5_7distractors_maxstep8192_again', print_every=10, save_output_txt=True, save_pretrain_seperately=True, seed=42, source_lang='en_XX', source_lang_vocab_constrain_file='/projects/unmt/communication-translation/en_cc_tokenID2count_dict.cc25.json', stats_to_print=['loss', 'accuracy', 'caption generation loss', 'image selection loss', 'mean_length'], target_acc=85.0, target_lang='zh_CN', target_lang_vocab_constrain_file='/projects/unmt/communication-translation/zh-Hans_cc_tokenID2count_dict.cc25.json', temp=1.0, temperature=1.0, train_images='./Data/ec_finetuning/images_train', two_ffwd=False, unit_norm=False, valid_every=512, valid_images='./Data/ec_finetuning/images_val', vocab_size=4035)
Sharing visual system for each agent.
08-24-21 08:07:16 - epoch 0 | global step 10 | mode train | loss 2.6371 | accuracy 11.25 | mean_length 59.8
08-24-21 08:07:45 - epoch 0 | global step 20 | mode train | loss 2.709 | accuracy 13.75 | mean_length 63.2
08-24-21 08:08:14 - epoch 0 | global step 30 | mode train | loss 2.8621 | accuracy 11.25 | mean_length 63.3875
08-24-21 08:08:42 - epoch 0 | global step 40 | mode train | loss 2.3912 | accuracy 8.75 | mean_length 63.8375
08-24-21 08:09:11 - epoch 0 | global step 50 | mode train | loss 2.2028 | accuracy 21.25 | mean_length 64
08-24-21 08:09:40 - epoch 0 | global step 60 | mode train | loss 2.1502 | accuracy 8.75 | mean_length 64
08-24-21 08:10:08 - epoch 0 | global step 70 | mode train | loss 2.1178 | accuracy 10.0 | mean_length 64
08-24-21 08:10:36 - epoch 0 | global step 80 | mode train | loss 2.124 | accuracy 8.75 | mean_length 63.9375
08-24-21 08:11:05 - epoch 0 | global step 90 | mode train | loss 2.133 | accuracy 10.0 | mean_length 64
08-24-21 08:11:33 - epoch 0 | global step 100 | mode train | loss 2.1213 | accuracy 11.25 | mean_length 64
08-24-21 08:12:02 - epoch 0 | global step 110 | mode train | loss 2.0751 | accuracy 11.25 | mean_length 64
08-24-21 08:12:30 - epoch 0 | global step 120 | mode train | loss 2.0787 | accuracy 18.75 | mean_length 64
08-24-21 08:12:58 - epoch 0 | global step 130 | mode train | loss 2.0362 | accuracy 20.0 | mean_length 63.5
08-24-21 08:13:26 - epoch 0 | global step 140 | mode train | loss 2.083 | accuracy 10.0 | mean_length 64
08-24-21 08:13:55 - epoch 0 | global step 150 | mode train | loss 2.1097 | accuracy 11.25 | mean_length 63.6375
08-24-21 08:14:23 - epoch 0 | global step 160 | mode train | loss 2.0546 | accuracy 18.75 | mean_length 64
08-24-21 08:14:51 - epoch 0 | global step 170 | mode train | loss 2.1341 | accuracy 7.5 | mean_length 63.3
08-24-21 08:15:19 - epoch 0 | global step 180 | mode train | loss 2.0924 | accuracy 15.0 | mean_length 64
08-24-21 08:15:47 - epoch 0 | global step 190 | mode train | loss 2.0552 | accuracy 16.25 | mean_length 63.8375
08-24-21 08:16:15 - epoch 0 | global step 200 | mode train | loss 2.0761 | accuracy 17.5 | mean_length 64
08-24-21 08:16:43 - epoch 0 | global step 210 | mode train | loss 2.094 | accuracy 8.75 | mean_length 64
08-24-21 08:17:11 - epoch 0 | global step 220 | mode train | loss 2.0722 | accuracy 18.75 | mean_length 63.675
08-24-21 08:17:40 - epoch 0 | global step 230 | mode train | loss 2.0806 | accuracy 13.75 | mean_length 64
08-24-21 08:18:08 - epoch 0 | global step 240 | mode train | loss 2.0863 | accuracy 8.75 | mean_length 64
08-24-21 08:18:35 - epoch 0 | global step 250 | mode train | loss 2.0602 | accuracy 21.25 | mean_length 64
08-24-21 08:19:04 - epoch 0 | global step 260 | mode train | loss 2.0923 | accuracy 13.75 | mean_length 64
08-24-21 08:19:32 - epoch 0 | global step 270 | mode train | loss 2.0789 | accuracy 11.25 | mean_length 64
08-24-21 08:20:00 - epoch 0 | global step 280 | mode train | loss 2.0813 | accuracy 15.0 | mean_length 64
08-24-21 08:20:28 - epoch 0 | global step 290 | mode train | loss 2.0959 | accuracy 8.75 | mean_length 64
08-24-21 08:20:56 - epoch 0 | global step 300 | mode train | loss 2.0874 | accuracy 16.25 | mean_length 63.6
08-24-21 08:21:24 - epoch 0 | global step 310 | mode train | loss 2.0856 | accuracy 12.5 | mean_length 64
08-24-21 08:21:52 - epoch 0 | global step 320 | mode train | loss 2.0611 | accuracy 15.0 | mean_length 64
08-24-21 08:22:20 - epoch 0 | global step 330 | mode train | loss 2.0856 | accuracy 13.75 | mean_length 64
08-24-21 08:22:48 - epoch 0 | global step 340 | mode train | loss 2.1139 | accuracy 8.75 | mean_length 64
08-24-21 08:23:16 - epoch 0 | global step 350 | mode train | loss 2.0752 | accuracy 12.5 | mean_length 64
08-24-21 08:23:44 - epoch 0 | global step 360 | mode train | loss 2.0847 | accuracy 15.0 | mean_length 64
08-24-21 08:24:12 - epoch 0 | global step 370 | mode train | loss 2.113 | accuracy 3.75 | mean_length 64
08-24-21 08:24:40 - epoch 0 | global step 380 | mode train | loss 2.0828 | accuracy 20.0 | mean_length 64
08-24-21 08:25:08 - epoch 0 | global step 390 | mode train | loss 2.0926 | accuracy 7.5 | mean_length 64
08-24-21 08:25:36 - epoch 0 | global step 400 | mode train | loss 2.0827 | accuracy 10.0 | mean_length 64
08-24-21 08:26:04 - epoch 0 | global step 410 | mode train | loss 2.1004 | accuracy 12.5 | mean_length 64
08-24-21 08:26:33 - epoch 0 | global step 420 | mode train | loss 2.1058 | accuracy 11.25 | mean_length 64
08-24-21 08:27:01 - epoch 0 | global step 430 | mode train | loss 2.078 | accuracy 8.75 | mean_length 64
08-24-21 08:27:30 - epoch 0 | global step 440 | mode train | loss 2.0862 | accuracy 12.5 | mean_length 64
08-24-21 08:27:58 - epoch 0 | global step 450 | mode train | loss 2.0632 | accuracy 15.0 | mean_length 64
08-24-21 08:28:26 - epoch 0 | global step 460 | mode train | loss 2.0946 | accuracy 7.5 | mean_length 64
08-24-21 08:28:54 - epoch 0 | global step 470 | mode train | loss 2.0967 | accuracy 12.5 | mean_length 64
08-24-21 08:29:22 - epoch 0 | global step 480 | mode train | loss 2.08 | accuracy 8.75 | mean_length 64
08-24-21 08:29:50 - epoch 0 | global step 490 | mode train | loss 2.0785 | accuracy 13.75 | mean_length 64
08-24-21 08:30:19 - epoch 0 | global step 500 | mode train | loss 2.0908 | accuracy 3.75 | mean_length 64
08-24-21 08:30:47 - epoch 0 | global step 510 | mode train | loss 2.0584 | accuracy 12.5 | mean_length 64
08-24-21 08:40:45 - epoch 0 | global step 512 | mode validation | loss 2.0847 | accuracy 12.54 | mean_length 64
08-24-21 08:40:45 - Saving model to Output/accGrad1_mbart_BTen+zh_lr1.0e-5_7distractors_maxstep8192_again
Epoch: 0, Prediction Accuracy: 12.54, Saved to Path: Output/accGrad1_mbart_BTen+zh_lr1.0e-5_7distractors_maxstep8192_again
08-24-21 08:41:19 - epoch 0 | global step 520 | mode train | loss 2.0995 | accuracy 7.5 | mean_length 64
08-24-21 08:41:47 - epoch 0 | global step 530 | mode train | loss 2.0725 | accuracy 15.0 | mean_length 64
08-24-21 08:42:15 - epoch 0 | global step 540 | mode train | loss 2.1072 | accuracy 3.75 | mean_length 64
08-24-21 08:42:45 - epoch 0 | global step 550 | mode train | loss 2.0864 | accuracy 11.25 | mean_length 64
08-24-21 08:43:15 - epoch 0 | global step 560 | mode train | loss 2.0796 | accuracy 13.75 | mean_length 64
08-24-21 08:43:43 - epoch 0 | global step 570 | mode train | loss 2.0879 | accuracy 7.5 | mean_length 64
08-24-21 08:44:11 - epoch 0 | global step 580 | mode train | loss 2.0822 | accuracy 3.75 | mean_length 64
08-24-21 08:44:40 - epoch 0 | global step 590 | mode train | loss 2.0829 | accuracy 13.75 | mean_length 64
08-24-21 08:45:07 - epoch 0 | global step 600 | mode train | loss 2.087 | accuracy 12.5 | mean_length 64
08-24-21 08:45:36 - epoch 0 | global step 610 | mode train | loss 2.0872 | accuracy 8.75 | mean_length 64
08-24-21 08:46:04 - epoch 0 | global step 620 | mode train | loss 2.0764 | accuracy 18.75 | mean_length 64
08-24-21 08:46:33 - epoch 0 | global step 630 | mode train | loss 2.0999 | accuracy 12.5 | mean_length 64
08-24-21 08:47:00 - epoch 0 | global step 640 | mode train | loss 2.0837 | accuracy 13.75 | mean_length 64
08-24-21 08:47:28 - epoch 0 | global step 650 | mode train | loss 2.0718 | accuracy 12.5 | mean_length 64
08-24-21 08:47:55 - epoch 0 | global step 660 | mode train | loss 2.077 | accuracy 17.5 | mean_length 64
08-24-21 08:48:23 - epoch 0 | global step 670 | mode train | loss 2.0826 | accuracy 13.75 | mean_length 64
08-24-21 08:48:50 - epoch 0 | global step 680 | mode train | loss 2.0713 | accuracy 18.75 | mean_length 64
08-24-21 08:49:18 - epoch 0 | global step 690 | mode train | loss 2.0756 | accuracy 10.0 | mean_length 64
08-24-21 08:49:46 - epoch 0 | global step 700 | mode train | loss 2.0836 | accuracy 10.0 | mean_length 64
08-24-21 08:50:13 - epoch 0 | global step 710 | mode train | loss 2.0766 | accuracy 13.75 | mean_length 64
08-24-21 08:50:42 - epoch 0 | global step 720 | mode train | loss 2.0789 | accuracy 12.5 | mean_length 64
08-24-21 08:51:10 - epoch 0 | global step 730 | mode train | loss 2.0937 | accuracy 10.0 | mean_length 64
08-24-21 08:51:38 - epoch 0 | global step 740 | mode train | loss 2.0745 | accuracy 16.25 | mean_length 64
08-24-21 08:52:05 - epoch 0 | global step 750 | mode train | loss 2.0857 | accuracy 11.25 | mean_length 64
08-24-21 08:52:33 - epoch 0 | global step 760 | mode train | loss 2.0836 | accuracy 11.25 | mean_length 64
08-24-21 08:53:00 - epoch 0 | global step 770 | mode train | loss 2.0762 | accuracy 12.5 | mean_length 64
08-24-21 08:53:28 - epoch 0 | global step 780 | mode train | loss 2.0755 | accuracy 15.0 | mean_length 64
08-24-21 08:53:55 - epoch 0 | global step 790 | mode train | loss 2.0797 | accuracy 11.25 | mean_length 64
08-24-21 08:54:23 - epoch 0 | global step 800 | mode train | loss 2.0777 | accuracy 12.5 | mean_length 64
08-24-21 08:54:50 - epoch 0 | global step 810 | mode train | loss 2.0765 | accuracy 15.0 | mean_length 64
08-24-21 08:55:18 - epoch 0 | global step 820 | mode train | loss 2.0746 | accuracy 13.75 | mean_length 64
08-24-21 08:55:45 - epoch 0 | global step 830 | mode train | loss 2.0829 | accuracy 10.0 | mean_length 64
08-24-21 08:56:13 - epoch 0 | global step 840 | mode train | loss 2.0807 | accuracy 11.25 | mean_length 64
08-24-21 08:56:42 - epoch 0 | global step 850 | mode train | loss 2.0736 | accuracy 15.0 | mean_length 64
08-24-21 08:57:09 - epoch 0 | global step 860 | mode train | loss 2.0732 | accuracy 20.0 | mean_length 64
08-24-21 08:57:37 - epoch 0 | global step 870 | mode train | loss 2.0865 | accuracy 7.5 | mean_length 64
08-24-21 08:58:04 - epoch 0 | global step 880 | mode train | loss 2.0828 | accuracy 8.75 | mean_length 64
08-24-21 08:58:32 - epoch 0 | global step 890 | mode train | loss 2.0792 | accuracy 11.25 | mean_length 64
08-24-21 08:58:59 - epoch 0 | global step 900 | mode train | loss 2.0878 | accuracy 12.5 | mean_length 64
08-24-21 08:59:27 - epoch 0 | global step 910 | mode train | loss 2.0832 | accuracy 10.0 | mean_length 64
08-24-21 08:59:54 - epoch 0 | global step 920 | mode train | loss 2.0791 | accuracy 10.0 | mean_length 64
08-24-21 09:00:22 - epoch 0 | global step 930 | mode train | loss 2.0908 | accuracy 8.75 | mean_length 64
08-24-21 09:00:49 - epoch 0 | global step 940 | mode train | loss 2.0892 | accuracy 8.75 | mean_length 64
08-24-21 09:01:17 - epoch 0 | global step 950 | mode train | loss 2.0812 | accuracy 13.75 | mean_length 64
08-24-21 09:01:46 - epoch 0 | global step 960 | mode train | loss 2.0792 | accuracy 8.75 | mean_length 64
08-24-21 09:02:13 - epoch 0 | global step 970 | mode train | loss 2.0792 | accuracy 16.25 | mean_length 64
08-24-21 09:02:41 - epoch 0 | global step 980 | mode train | loss 2.0816 | accuracy 7.5 | mean_length 64
08-24-21 09:03:08 - epoch 0 | global step 990 | mode train | loss 2.0848 | accuracy 8.75 | mean_length 64
08-24-21 09:03:36 - epoch 0 | global step 1000 | mode train | loss 2.082 | accuracy 16.25 | mean_length 64
08-24-21 09:04:03 - epoch 0 | global step 1010 | mode train | loss 2.0843 | accuracy 10.0 | mean_length 64
08-24-21 09:04:31 - epoch 0 | global step 1020 | mode train | loss 2.0832 | accuracy 13.75 | mean_length 64
08-24-21 09:14:27 - epoch 0 | global step 1024 | mode validation | loss 2.0802 | accuracy 12.5 | mean_length 64
08-24-21 09:14:27 - Saving model to Output/accGrad1_mbart_BTen+zh_lr1.0e-5_7distractors_maxstep8192_again
Epoch: 0, Prediction Accuracy: 12.5, Saved to Path: Output/accGrad1_mbart_BTen+zh_lr1.0e-5_7distractors_maxstep8192_again
08-24-21 09:14:54 - epoch 0 | global step 1030 | mode train | loss 2.0759 | accuracy 7.5 | mean_length 64
08-24-21 09:15:22 - epoch 0 | global step 1040 | mode train | loss 2.0827 | accuracy 10.0 | mean_length 64
08-24-21 09:15:50 - epoch 0 | global step 1050 | mode train | loss 2.079 | accuracy 12.5 | mean_length 64
08-24-21 09:16:19 - epoch 0 | global step 1060 | mode train | loss 2.0795 | accuracy 8.75 | mean_length 64
08-24-21 09:16:47 - epoch 0 | global step 1070 | mode train | loss 2.0793 | accuracy 7.5 | mean_length 64
08-24-21 09:17:15 - epoch 0 | global step 1080 | mode train | loss 2.0812 | accuracy 15.0 | mean_length 64
08-24-21 09:17:43 - epoch 0 | global step 1090 | mode train | loss 2.0829 | accuracy 10.0 | mean_length 64
08-24-21 09:18:10 - epoch 0 | global step 1100 | mode train | loss 2.0771 | accuracy 15.0 | mean_length 64
08-24-21 09:18:38 - epoch 0 | global step 1110 | mode train | loss 2.0795 | accuracy 22.5 | mean_length 64
08-24-21 09:19:07 - epoch 0 | global step 1120 | mode train | loss 2.0838 | accuracy 10.0 | mean_length 64
08-24-21 09:19:35 - epoch 0 | global step 1130 | mode train | loss 2.0806 | accuracy 12.5 | mean_length 64
08-24-21 09:20:04 - epoch 0 | global step 1140 | mode train | loss 2.0816 | accuracy 11.25 | mean_length 64
08-24-21 09:20:32 - epoch 0 | global step 1150 | mode train | loss 2.074 | accuracy 16.25 | mean_length 64
08-24-21 09:21:00 - epoch 0 | global step 1160 | mode train | loss 2.076 | accuracy 15.0 | mean_length 64
08-24-21 09:21:29 - epoch 0 | global step 1170 | mode train | loss 2.075 | accuracy 16.25 | mean_length 64
08-24-21 09:21:57 - epoch 0 | global step 1180 | mode train | loss 2.0829 | accuracy 12.5 | mean_length 64
08-24-21 09:22:25 - epoch 0 | global step 1190 | mode train | loss 2.0804 | accuracy 11.25 | mean_length 64
08-24-21 09:22:53 - epoch 0 | global step 1200 | mode train | loss 2.0766 | accuracy 11.25 | mean_length 64
08-24-21 09:23:22 - epoch 0 | global step 1210 | mode train | loss 2.0801 | accuracy 11.25 | mean_length 64
08-24-21 09:23:50 - epoch 0 | global step 1220 | mode train | loss 2.0813 | accuracy 10.0 | mean_length 64
08-24-21 09:24:18 - epoch 0 | global step 1230 | mode train | loss 2.0816 | accuracy 8.75 | mean_length 64
08-24-21 09:24:46 - epoch 0 | global step 1240 | mode train | loss 2.0816 | accuracy 12.5 | mean_length 64
08-24-21 09:25:14 - epoch 0 | global step 1250 | mode train | loss 2.0821 | accuracy 15.0 | mean_length 64
08-24-21 09:25:42 - epoch 0 | global step 1260 | mode train | loss 2.0792 | accuracy 13.75 | mean_length 64
08-24-21 09:26:11 - epoch 0 | global step 1270 | mode train | loss 2.08 | accuracy 8.75 | mean_length 64
08-24-21 09:26:38 - epoch 0 | global step 1280 | mode train | loss 2.0843 | accuracy 16.25 | mean_length 64
08-24-21 09:27:06 - epoch 0 | global step 1290 | mode train | loss 2.0823 | accuracy 8.75 | mean_length 64
08-24-21 09:27:33 - epoch 0 | global step 1300 | mode train | loss 2.0799 | accuracy 12.5 | mean_length 64
08-24-21 09:28:01 - epoch 0 | global step 1310 | mode train | loss 2.0747 | accuracy 16.25 | mean_length 64
08-24-21 09:28:28 - epoch 0 | global step 1320 | mode train | loss 2.0722 | accuracy 18.75 | mean_length 64
08-24-21 09:28:56 - epoch 0 | global step 1330 | mode train | loss 2.0793 | accuracy 12.5 | mean_length 64
08-24-21 09:29:23 - epoch 0 | global step 1340 | mode train | loss 2.0773 | accuracy 20.0 | mean_length 64
08-24-21 09:29:50 - epoch 0 | global step 1350 | mode train | loss 2.0762 | accuracy 21.25 | mean_length 64
08-24-21 09:30:18 - epoch 0 | global step 1360 | mode train | loss 2.0839 | accuracy 10.0 | mean_length 64
08-24-21 09:30:45 - epoch 0 | global step 1370 | mode train | loss 2.0776 | accuracy 12.5 | mean_length 64
08-24-21 09:31:14 - epoch 0 | global step 1380 | mode train | loss 2.0908 | accuracy 11.25 | mean_length 64
08-24-21 09:31:41 - epoch 0 | global step 1390 | mode train | loss 2.0808 | accuracy 13.75 | mean_length 64
08-24-21 09:32:09 - epoch 0 | global step 1400 | mode train | loss 2.0824 | accuracy 11.25 | mean_length 64
08-24-21 09:32:38 - epoch 0 | global step 1410 | mode train | loss 2.0834 | accuracy 10.0 | mean_length 64
08-24-21 09:33:05 - epoch 0 | global step 1420 | mode train | loss 2.0784 | accuracy 10.0 | mean_length 64
08-24-21 09:33:33 - epoch 0 | global step 1430 | mode train | loss 2.0741 | accuracy 11.25 | mean_length 64
08-24-21 09:34:00 - epoch 0 | global step 1440 | mode train | loss 2.073 | accuracy 15.0 | mean_length 64
08-24-21 09:34:28 - epoch 0 | global step 1450 | mode train | loss 2.0756 | accuracy 17.5 | mean_length 64
08-24-21 09:34:55 - epoch 0 | global step 1460 | mode train | loss 2.082 | accuracy 13.75 | mean_length 64
08-24-21 09:35:22 - epoch 0 | global step 1470 | mode train | loss 2.0826 | accuracy 10.0 | mean_length 64
08-24-21 09:35:51 - epoch 0 | global step 1480 | mode train | loss 2.0866 | accuracy 8.75 | mean_length 64
08-24-21 09:36:18 - epoch 0 | global step 1490 | mode train | loss 2.0833 | accuracy 10.0 | mean_length 64
08-24-21 09:36:46 - epoch 0 | global step 1500 | mode train | loss 2.081 | accuracy 13.75 | mean_length 64
08-24-21 09:37:13 - epoch 0 | global step 1510 | mode train | loss 2.084 | accuracy 7.5 | mean_length 64
08-24-21 09:37:41 - epoch 0 | global step 1520 | mode train | loss 2.078 | accuracy 12.5 | mean_length 64
08-24-21 09:38:08 - epoch 0 | global step 1530 | mode train | loss 2.084 | accuracy 10.0 | mean_length 64
08-24-21 09:48:09 - epoch 0 | global step 1536 | mode validation | loss 2.0799 | accuracy 12.56 | mean_length 64
08-24-21 09:48:09 - Saving model to Output/accGrad1_mbart_BTen+zh_lr1.0e-5_7distractors_maxstep8192_again
Epoch: 0, Prediction Accuracy: 12.56, Saved to Path: Output/accGrad1_mbart_BTen+zh_lr1.0e-5_7distractors_maxstep8192_again
08-24-21 09:48:31 - epoch 0 | global step 1540 | mode train | loss 2.0804 | accuracy 12.5 | mean_length 64
08-24-21 09:48:59 - epoch 0 | global step 1550 | mode train | loss 2.0872 | accuracy 7.5 | mean_length 64
08-24-21 09:49:28 - epoch 0 | global step 1560 | mode train | loss 2.0781 | accuracy 16.25 | mean_length 64
08-24-21 09:49:56 - epoch 0 | global step 1570 | mode train | loss 2.0856 | accuracy 10.0 | mean_length 64
08-24-21 09:50:24 - epoch 0 | global step 1580 | mode train | loss 2.0834 | accuracy 10.0 | mean_length 64
08-24-21 09:50:52 - epoch 0 | global step 1590 | mode train | loss 2.0764 | accuracy 12.5 | mean_length 63.75
08-24-21 09:51:20 - epoch 0 | global step 1600 | mode train | loss 2.0767 | accuracy 17.5 | mean_length 64
08-24-21 09:51:47 - epoch 0 | global step 1610 | mode train | loss 2.08 | accuracy 11.25 | mean_length 64
08-24-21 09:52:15 - epoch 0 | global step 1620 | mode train | loss 2.0752 | accuracy 15.0 | mean_length 64
08-24-21 09:52:43 - epoch 0 | global step 1630 | mode train | loss 2.0841 | accuracy 6.25 | mean_length 64
08-24-21 09:53:11 - epoch 0 | global step 1640 | mode train | loss 2.0747 | accuracy 18.75 | mean_length 64
08-24-21 09:53:39 - epoch 0 | global step 1650 | mode train | loss 2.0792 | accuracy 18.75 | mean_length 64
08-24-21 09:54:07 - epoch 0 | global step 1660 | mode train | loss 2.0822 | accuracy 12.5 | mean_length 64
08-24-21 09:54:35 - epoch 0 | global step 1670 | mode train | loss 2.0779 | accuracy 20.0 | mean_length 64
08-24-21 09:55:04 - epoch 0 | global step 1680 | mode train | loss 2.0825 | accuracy 7.5 | mean_length 64
08-24-21 09:55:32 - epoch 0 | global step 1690 | mode train | loss 2.0797 | accuracy 13.75 | mean_length 64
08-24-21 09:56:00 - epoch 0 | global step 1700 | mode train | loss 2.0774 | accuracy 16.25 | mean_length 64
08-24-21 09:56:28 - epoch 0 | global step 1710 | mode train | loss 2.0773 | accuracy 12.5 | mean_length 64
08-24-21 09:56:56 - epoch 0 | global step 1720 | mode train | loss 2.0864 | accuracy 7.5 | mean_length 64
08-24-21 09:57:24 - epoch 0 | global step 1730 | mode train | loss 2.0785 | accuracy 12.5 | mean_length 64
08-24-21 09:57:53 - epoch 0 | global step 1740 | mode train | loss 2.0796 | accuracy 12.5 | mean_length 64
08-24-21 09:58:21 - epoch 0 | global step 1750 | mode train | loss 2.0785 | accuracy 15.0 | mean_length 64
08-24-21 09:58:50 - epoch 0 | global step 1760 | mode train | loss 2.0829 | accuracy 11.25 | mean_length 64
08-24-21 09:59:19 - epoch 0 | global step 1770 | mode train | loss 2.0768 | accuracy 12.5 | mean_length 64
08-24-21 09:59:47 - epoch 0 | global step 1780 | mode train | loss 2.0849 | accuracy 11.25 | mean_length 64
08-24-21 10:00:15 - epoch 0 | global step 1790 | mode train | loss 2.0818 | accuracy 13.75 | mean_length 64
08-24-21 10:00:43 - epoch 0 | global step 1800 | mode train | loss 2.0815 | accuracy 15.0 | mean_length 64
08-24-21 10:01:10 - epoch 0 | global step 1810 | mode train | loss 2.078 | accuracy 11.25 | mean_length 64
08-24-21 10:01:38 - epoch 0 | global step 1820 | mode train | loss 2.0803 | accuracy 10.0 | mean_length 64
08-24-21 10:02:07 - epoch 0 | global step 1830 | mode train | loss 2.0825 | accuracy 7.5 | mean_length 64
08-24-21 10:02:35 - epoch 0 | global step 1840 | mode train | loss 2.0779 | accuracy 12.5 | mean_length 64
08-24-21 10:03:03 - epoch 0 | global step 1850 | mode train | loss 2.0804 | accuracy 13.75 | mean_length 64
08-24-21 10:03:31 - epoch 0 | global step 1860 | mode train | loss 2.0824 | accuracy 11.25 | mean_length 64
08-24-21 10:03:58 - epoch 0 | global step 1870 | mode train | loss 2.0814 | accuracy 10.0 | mean_length 64
08-24-21 10:04:27 - epoch 0 | global step 1880 | mode train | loss 2.0827 | accuracy 11.25 | mean_length 64
08-24-21 10:04:55 - epoch 0 | global step 1890 | mode train | loss 2.0828 | accuracy 11.25 | mean_length 64
08-24-21 10:05:23 - epoch 0 | global step 1900 | mode train | loss 2.0734 | accuracy 22.5 | mean_length 64
08-24-21 10:05:52 - epoch 0 | global step 1910 | mode train | loss 2.0784 | accuracy 12.5 | mean_length 64
08-24-21 10:06:20 - epoch 0 | global step 1920 | mode train | loss 2.0742 | accuracy 20.0 | mean_length 64
08-24-21 10:06:48 - epoch 0 | global step 1930 | mode train | loss 2.0735 | accuracy 13.75 | mean_length 64
08-24-21 10:07:17 - epoch 0 | global step 1940 | mode train | loss 2.0753 | accuracy 20.0 | mean_length 64
08-24-21 10:07:45 - epoch 0 | global step 1950 | mode train | loss 2.0768 | accuracy 12.5 | mean_length 64
08-24-21 10:08:13 - epoch 0 | global step 1960 | mode train | loss 2.0793 | accuracy 12.5 | mean_length 64
08-24-21 10:08:41 - epoch 0 | global step 1970 | mode train | loss 2.0781 | accuracy 13.75 | mean_length 64
08-24-21 10:09:10 - epoch 0 | global step 1980 | mode train | loss 2.0749 | accuracy 13.75 | mean_length 64
08-24-21 10:09:38 - epoch 0 | global step 1990 | mode train | loss 2.083 | accuracy 10.0 | mean_length 64
08-24-21 10:10:06 - epoch 0 | global step 2000 | mode train | loss 2.0726 | accuracy 21.25 | mean_length 64
08-24-21 10:10:34 - epoch 0 | global step 2010 | mode train | loss 2.0744 | accuracy 10.0 | mean_length 64
08-24-21 10:11:01 - epoch 0 | global step 2020 | mode train | loss 2.0787 | accuracy 8.75 | mean_length 63.9
08-24-21 10:11:29 - epoch 0 | global step 2030 | mode train | loss 2.0773 | accuracy 15.0 | mean_length 64
08-24-21 10:11:57 - epoch 0 | global step 2040 | mode train | loss 2.0499 | accuracy 13.75 | mean_length 64
08-24-21 10:22:01 - epoch 0 | global step 2048 | mode validation | loss 2.0805 | accuracy 11.98 | mean_length 64
08-24-21 10:22:06 - epoch 0 | global step 2050 | mode train | loss 2.0479 | accuracy 15.0 | mean_length 64
08-24-21 10:22:34 - epoch 0 | global step 2060 | mode train | loss 2.0815 | accuracy 11.25 | mean_length 64
08-24-21 10:23:01 - epoch 0 | global step 2070 | mode train | loss 2.0793 | accuracy 13.75 | mean_length 64
08-24-21 10:23:29 - epoch 0 | global step 2080 | mode train | loss 2.0834 | accuracy 13.75 | mean_length 64
08-24-21 10:23:57 - epoch 0 | global step 2090 | mode train | loss 2.0711 | accuracy 15.0 | mean_length 64
08-24-21 10:24:25 - epoch 0 | global step 2100 | mode train | loss 2.0817 | accuracy 15.0 | mean_length 64
08-24-21 10:24:52 - epoch 0 | global step 2110 | mode train | loss 2.0746 | accuracy 16.25 | mean_length 64
08-24-21 10:25:20 - epoch 0 | global step 2120 | mode train | loss 2.0802 | accuracy 12.5 | mean_length 64
08-24-21 10:25:48 - epoch 0 | global step 2130 | mode train | loss 2.0824 | accuracy 8.75 | mean_length 64
08-24-21 10:26:15 - epoch 0 | global step 2140 | mode train | loss 2.077 | accuracy 13.75 | mean_length 64
08-24-21 10:26:43 - epoch 0 | global step 2150 | mode train | loss 2.0779 | accuracy 17.5 | mean_length 64
08-24-21 10:27:11 - epoch 0 | global step 2160 | mode train | loss 2.0717 | accuracy 17.5 | mean_length 64
08-24-21 10:27:39 - epoch 0 | global step 2170 | mode train | loss 2.0809 | accuracy 11.25 | mean_length 64
08-24-21 10:28:07 - epoch 0 | global step 2180 | mode train | loss 2.0841 | accuracy 10.0 | mean_length 64
08-24-21 10:28:35 - epoch 0 | global step 2190 | mode train | loss 2.0818 | accuracy 12.5 | mean_length 64
08-24-21 10:29:03 - epoch 0 | global step 2200 | mode train | loss 2.0872 | accuracy 12.5 | mean_length 64
08-24-21 10:29:32 - epoch 0 | global step 2210 | mode train | loss 2.0748 | accuracy 11.25 | mean_length 64
08-24-21 10:29:59 - epoch 0 | global step 2220 | mode train | loss 2.079 | accuracy 13.75 | mean_length 64
08-24-21 10:30:27 - epoch 0 | global step 2230 | mode train | loss 2.0742 | accuracy 16.25 | mean_length 64
08-24-21 10:30:54 - epoch 0 | global step 2240 | mode train | loss 2.0815 | accuracy 7.5 | mean_length 64
08-24-21 10:31:22 - epoch 0 | global step 2250 | mode train | loss 2.0832 | accuracy 8.75 | mean_length 64
08-24-21 10:31:49 - epoch 0 | global step 2260 | mode train | loss 2.079 | accuracy 16.25 | mean_length 64
08-24-21 10:32:16 - epoch 0 | global step 2270 | mode train | loss 2.0825 | accuracy 12.5 | mean_length 64
08-24-21 10:32:44 - epoch 0 | global step 2280 | mode train | loss 2.0839 | accuracy 15.0 | mean_length 64
08-24-21 10:33:13 - epoch 0 | global step 2290 | mode train | loss 2.0803 | accuracy 13.75 | mean_length 64
08-24-21 10:33:41 - epoch 0 | global step 2300 | mode train | loss 2.0849 | accuracy 7.5 | mean_length 64
08-24-21 10:34:08 - epoch 0 | global step 2310 | mode train | loss 2.0847 | accuracy 8.75 | mean_length 64
08-24-21 10:34:36 - epoch 0 | global step 2320 | mode train | loss 2.0825 | accuracy 8.75 | mean_length 64
08-24-21 10:35:04 - epoch 0 | global step 2330 | mode train | loss 2.0815 | accuracy 12.5 | mean_length 64
08-24-21 10:35:31 - epoch 0 | global step 2340 | mode train | loss 2.0757 | accuracy 15.0 | mean_length 64
08-24-21 10:35:59 - epoch 0 | global step 2350 | mode train | loss 2.0781 | accuracy 11.25 | mean_length 64
08-24-21 10:36:27 - epoch 0 | global step 2360 | mode train | loss 2.0774 | accuracy 10.0 | mean_length 64
08-24-21 10:36:54 - epoch 0 | global step 2370 | mode train | loss 2.0816 | accuracy 7.5 | mean_length 64
08-24-21 10:37:21 - epoch 0 | global step 2380 | mode train | loss 2.0816 | accuracy 8.75 | mean_length 64
08-24-21 10:37:49 - epoch 0 | global step 2390 | mode train | loss 2.0828 | accuracy 10.0 | mean_length 64
08-24-21 10:38:16 - epoch 0 | global step 2400 | mode train | loss 2.0742 | accuracy 11.25 | mean_length 64
08-24-21 10:38:44 - epoch 0 | global step 2410 | mode train | loss 2.0824 | accuracy 12.5 | mean_length 64
08-24-21 10:39:12 - epoch 0 | global step 2420 | mode train | loss 2.0788 | accuracy 12.5 | mean_length 64
08-24-21 10:39:39 - epoch 0 | global step 2430 | mode train | loss 2.0758 | accuracy 12.5 | mean_length 64
08-24-21 10:40:07 - epoch 0 | global step 2440 | mode train | loss 2.0794 | accuracy 11.25 | mean_length 64
08-24-21 10:40:35 - epoch 0 | global step 2450 | mode train | loss 2.0831 | accuracy 12.5 | mean_length 64
08-24-21 10:41:03 - epoch 0 | global step 2460 | mode train | loss 2.0788 | accuracy 11.25 | mean_length 64
08-24-21 10:41:30 - epoch 0 | global step 2470 | mode train | loss 2.076 | accuracy 15.0 | mean_length 64
08-24-21 10:41:59 - epoch 0 | global step 2480 | mode train | loss 2.0814 | accuracy 15.0 | mean_length 64
08-24-21 10:42:27 - epoch 0 | global step 2490 | mode train | loss 2.0775 | accuracy 12.5 | mean_length 64
08-24-21 10:42:55 - epoch 0 | global step 2500 | mode train | loss 2.0796 | accuracy 8.75 | mean_length 64
08-24-21 10:43:24 - epoch 0 | global step 2510 | mode train | loss 2.0788 | accuracy 10.0 | mean_length 64
08-24-21 10:43:52 - epoch 0 | global step 2520 | mode train | loss 2.0783 | accuracy 13.75 | mean_length 64
08-24-21 10:44:20 - epoch 0 | global step 2530 | mode train | loss 2.0795 | accuracy 13.75 | mean_length 64
08-24-21 10:44:49 - epoch 0 | global step 2540 | mode train | loss 2.0753 | accuracy 12.5 | mean_length 64
08-24-21 10:45:17 - epoch 0 | global step 2550 | mode train | loss 2.0795 | accuracy 13.75 | mean_length 64
08-24-21 10:45:46 - epoch 0 | global step 2560 | mode train | loss 2.0813 | accuracy 12.5 | mean_length 64
08-24-21 10:55:27 - epoch 0 | global step 2560 | mode validation | loss 2.0795 | accuracy 12.8 | mean_length 64
08-24-21 10:55:27 - Saving model to Output/accGrad1_mbart_BTen+zh_lr1.0e-5_7distractors_maxstep8192_again
Epoch: 0, Prediction Accuracy: 12.8, Saved to Path: Output/accGrad1_mbart_BTen+zh_lr1.0e-5_7distractors_maxstep8192_again
08-24-21 10:56:05 - epoch 0 | global step 2570 | mode train | loss 2.0785 | accuracy 15.0 | mean_length 64
08-24-21 10:56:33 - epoch 0 | global step 2580 | mode train | loss 2.0775 | accuracy 20.0 | mean_length 64
08-24-21 10:57:00 - epoch 0 | global step 2590 | mode train | loss 2.0782 | accuracy 21.25 | mean_length 64
08-24-21 10:57:28 - epoch 0 | global step 2600 | mode train | loss 2.0793 | accuracy 16.25 | mean_length 64
08-24-21 10:57:56 - epoch 0 | global step 2610 | mode train | loss 2.0827 | accuracy 11.25 | mean_length 64
08-24-21 10:58:25 - epoch 0 | global step 2620 | mode train | loss 2.0907 | accuracy 5.0 | mean_length 64
08-24-21 10:58:53 - epoch 0 | global step 2630 | mode train | loss 2.0755 | accuracy 18.75 | mean_length 64
08-24-21 10:59:21 - epoch 0 | global step 2640 | mode train | loss 2.0839 | accuracy 7.5 | mean_length 64
08-24-21 10:59:50 - epoch 0 | global step 2650 | mode train | loss 2.0744 | accuracy 15.0 | mean_length 64
08-24-21 11:00:18 - epoch 0 | global step 2660 | mode train | loss 2.0855 | accuracy 7.5 | mean_length 64
08-24-21 11:00:46 - epoch 0 | global step 2670 | mode train | loss 2.0776 | accuracy 15.0 | mean_length 64
08-24-21 11:01:15 - epoch 0 | global step 2680 | mode train | loss 2.0799 | accuracy 12.5 | mean_length 64
08-24-21 11:01:43 - epoch 0 | global step 2690 | mode train | loss 2.0787 | accuracy 16.25 | mean_length 64
08-24-21 11:02:12 - epoch 0 | global step 2700 | mode train | loss 2.0778 | accuracy 11.25 | mean_length 64
08-24-21 11:02:40 - epoch 0 | global step 2710 | mode train | loss 2.0799 | accuracy 16.25 | mean_length 64
08-24-21 11:03:08 - epoch 0 | global step 2720 | mode train | loss 2.0833 | accuracy 12.5 | mean_length 64
08-24-21 11:03:37 - epoch 0 | global step 2730 | mode train | loss 2.079 | accuracy 10.0 | mean_length 64
08-24-21 11:04:05 - epoch 0 | global step 2740 | mode train | loss 2.0796 | accuracy 13.75 | mean_length 64
08-24-21 11:04:33 - epoch 0 | global step 2750 | mode train | loss 2.0811 | accuracy 7.5 | mean_length 64
08-24-21 11:05:01 - epoch 0 | global step 2760 | mode train | loss 2.0816 | accuracy 8.75 | mean_length 64
08-24-21 11:05:30 - epoch 0 | global step 2770 | mode train | loss 2.0816 | accuracy 6.25 | mean_length 64
08-24-21 11:05:58 - epoch 0 | global step 2780 | mode train | loss 2.0835 | accuracy 12.5 | mean_length 64
08-24-21 11:06:26 - epoch 0 | global step 2790 | mode train | loss 2.078 | accuracy 13.75 | mean_length 64
08-24-21 11:06:55 - epoch 0 | global step 2800 | mode train | loss 2.0849 | accuracy 10.0 | mean_length 64
08-24-21 11:07:23 - epoch 0 | global step 2810 | mode train | loss 2.0802 | accuracy 7.5 | mean_length 64
08-24-21 11:07:51 - epoch 0 | global step 2820 | mode train | loss 2.0828 | accuracy 8.75 | mean_length 64
08-24-21 11:08:20 - epoch 0 | global step 2830 | mode train | loss 2.0799 | accuracy 10.0 | mean_length 64
08-24-21 11:08:48 - epoch 0 | global step 2840 | mode train | loss 2.0811 | accuracy 10.0 | mean_length 64
08-24-21 11:09:15 - epoch 0 | global step 2850 | mode train | loss 2.0805 | accuracy 15.0 | mean_length 64
08-24-21 11:09:43 - epoch 0 | global step 2860 | mode train | loss 2.0776 | accuracy 15.0 | mean_length 64
08-24-21 11:10:11 - epoch 0 | global step 2870 | mode train | loss 2.0841 | accuracy 13.75 | mean_length 64
08-24-21 11:10:39 - epoch 0 | global step 2880 | mode train | loss 2.0799 | accuracy 13.75 | mean_length 64
08-24-21 11:11:07 - epoch 0 | global step 2890 | mode train | loss 2.0791 | accuracy 11.25 | mean_length 64
08-24-21 11:11:35 - epoch 0 | global step 2900 | mode train | loss 2.0796 | accuracy 11.25 | mean_length 64
08-24-21 11:12:03 - epoch 0 | global step 2910 | mode train | loss 2.0798 | accuracy 8.75 | mean_length 64
08-24-21 11:12:31 - epoch 0 | global step 2920 | mode train | loss 2.0776 | accuracy 16.25 | mean_length 64
08-24-21 11:12:59 - epoch 0 | global step 2930 | mode train | loss 2.0785 | accuracy 12.5 | mean_length 64
08-24-21 11:13:26 - epoch 0 | global step 2940 | mode train | loss 2.0795 | accuracy 12.5 | mean_length 64
08-24-21 11:13:54 - epoch 0 | global step 2950 | mode train | loss 2.0802 | accuracy 12.5 | mean_length 64
08-24-21 11:14:22 - epoch 0 | global step 2960 | mode train | loss 2.0832 | accuracy 11.25 | mean_length 64
08-24-21 11:14:50 - epoch 0 | global step 2970 | mode train | loss 2.0821 | accuracy 6.25 | mean_length 64
08-24-21 11:15:18 - epoch 0 | global step 2980 | mode train | loss 2.0776 | accuracy 13.75 | mean_length 64
08-24-21 11:15:45 - epoch 0 | global step 2990 | mode train | loss 2.0802 | accuracy 11.25 | mean_length 64
08-24-21 11:16:13 - epoch 0 | global step 3000 | mode train | loss 2.0816 | accuracy 11.25 | mean_length 64
08-24-21 11:16:41 - epoch 0 | global step 3010 | mode train | loss 2.0805 | accuracy 5.0 | mean_length 64
08-24-21 11:17:09 - epoch 0 | global step 3020 | mode train | loss 2.0811 | accuracy 10.0 | mean_length 64
08-24-21 11:17:37 - epoch 0 | global step 3030 | mode train | loss 2.0752 | accuracy 20.0 | mean_length 64
08-24-21 11:18:05 - epoch 0 | global step 3040 | mode train | loss 2.0806 | accuracy 11.25 | mean_length 64
08-24-21 11:18:32 - epoch 0 | global step 3050 | mode train | loss 2.0852 | accuracy 7.5 | mean_length 64
08-24-21 11:19:00 - epoch 0 | global step 3060 | mode train | loss 2.0815 | accuracy 12.5 | mean_length 64
08-24-21 11:19:29 - epoch 0 | global step 3070 | mode train | loss 2.0774 | accuracy 17.5 | mean_length 64
08-24-21 11:29:18 - epoch 0 | global step 3072 | mode validation | loss 2.0794 | accuracy 12.96 | mean_length 64
08-24-21 11:29:18 - Saving model to Output/accGrad1_mbart_BTen+zh_lr1.0e-5_7distractors_maxstep8192_again
Epoch: 0, Prediction Accuracy: 12.96, Saved to Path: Output/accGrad1_mbart_BTen+zh_lr1.0e-5_7distractors_maxstep8192_again
08-24-21 11:29:50 - epoch 0 | global step 3080 | mode train | loss 2.0785 | accuracy 13.75 | mean_length 64
08-24-21 11:30:18 - epoch 0 | global step 3090 | mode train | loss 2.0803 | accuracy 8.75 | mean_length 64
08-24-21 11:30:46 - epoch 0 | global step 3100 | mode train | loss 2.0831 | accuracy 8.75 | mean_length 64
08-24-21 11:31:14 - epoch 0 | global step 3110 | mode train | loss 2.0767 | accuracy 7.5 | mean_length 64
08-24-21 11:31:42 - epoch 0 | global step 3120 | mode train | loss 2.0782 | accuracy 16.25 | mean_length 64
08-24-21 11:32:10 - epoch 0 | global step 3130 | mode train | loss 2.0761 | accuracy 18.75 | mean_length 64
08-24-21 11:32:38 - epoch 0 | global step 3140 | mode train | loss 2.078 | accuracy 16.25 | mean_length 64
08-24-21 11:33:06 - epoch 0 | global step 3150 | mode train | loss 2.0823 | accuracy 13.75 | mean_length 64
08-24-21 11:33:34 - epoch 0 | global step 3160 | mode train | loss 2.0793 | accuracy 13.75 | mean_length 64
08-24-21 11:34:03 - epoch 0 | global step 3170 | mode train | loss 2.0785 | accuracy 13.75 | mean_length 64
08-24-21 11:34:31 - epoch 0 | global step 3180 | mode train | loss 2.0815 | accuracy 8.75 | mean_length 64
08-24-21 11:34:59 - epoch 0 | global step 3190 | mode train | loss 2.0806 | accuracy 8.75 | mean_length 64
08-24-21 11:35:28 - epoch 0 | global step 3200 | mode train | loss 2.0763 | accuracy 17.5 | mean_length 64
08-24-21 11:35:56 - epoch 0 | global step 3210 | mode train | loss 2.08 | accuracy 13.75 | mean_length 64
08-24-21 11:36:24 - epoch 0 | global step 3220 | mode train | loss 2.0843 | accuracy 11.25 | mean_length 64
08-24-21 11:36:53 - epoch 0 | global step 3230 | mode train | loss 2.0803 | accuracy 6.25 | mean_length 64
08-24-21 11:37:21 - epoch 0 | global step 3240 | mode train | loss 2.0831 | accuracy 10.0 | mean_length 64
08-24-21 11:37:49 - epoch 0 | global step 3250 | mode train | loss 2.0806 | accuracy 5.0 | mean_length 64
08-24-21 11:38:18 - epoch 0 | global step 3260 | mode train | loss 2.0792 | accuracy 8.75 | mean_length 64
08-24-21 11:38:46 - epoch 0 | global step 3270 | mode train | loss 2.0806 | accuracy 12.5 | mean_length 64
08-24-21 11:39:14 - epoch 0 | global step 3280 | mode train | loss 2.0783 | accuracy 13.75 | mean_length 64
08-24-21 11:39:43 - epoch 0 | global step 3290 | mode train | loss 2.0794 | accuracy 11.25 | mean_length 64
08-24-21 11:40:11 - epoch 0 | global step 3300 | mode train | loss 2.0765 | accuracy 8.75 | mean_length 64
08-24-21 11:40:39 - epoch 0 | global step 3310 | mode train | loss 2.0805 | accuracy 15.0 | mean_length 64
08-24-21 11:41:06 - epoch 0 | global step 3320 | mode train | loss 2.078 | accuracy 11.25 | mean_length 64
08-24-21 11:41:34 - epoch 0 | global step 3330 | mode train | loss 2.0782 | accuracy 15.0 | mean_length 64
08-24-21 11:42:02 - epoch 0 | global step 3340 | mode train | loss 2.0807 | accuracy 10.0 | mean_length 64
08-24-21 11:42:30 - epoch 0 | global step 3350 | mode train | loss 2.08 | accuracy 5.0 | mean_length 64
08-24-21 11:42:58 - epoch 0 | global step 3360 | mode train | loss 2.0755 | accuracy 13.75 | mean_length 64
08-24-21 11:43:26 - epoch 0 | global step 3370 | mode train | loss 2.0802 | accuracy 16.25 | mean_length 64
08-24-21 11:43:53 - epoch 0 | global step 3380 | mode train | loss 2.0775 | accuracy 11.25 | mean_length 64
08-24-21 11:44:21 - epoch 0 | global step 3390 | mode train | loss 2.0756 | accuracy 16.25 | mean_length 64
08-24-21 11:44:49 - epoch 0 | global step 3400 | mode train | loss 2.0806 | accuracy 16.25 | mean_length 64
08-24-21 11:45:17 - epoch 0 | global step 3410 | mode train | loss 2.0787 | accuracy 12.5 | mean_length 64
08-24-21 11:45:44 - epoch 0 | global step 3420 | mode train | loss 2.0824 | accuracy 6.25 | mean_length 64
08-24-21 11:46:12 - epoch 0 | global step 3430 | mode train | loss 2.0829 | accuracy 8.75 | mean_length 64
08-24-21 11:46:39 - epoch 0 | global step 3440 | mode train | loss 2.0764 | accuracy 17.5 | mean_length 64
08-24-21 11:47:07 - epoch 0 | global step 3450 | mode train | loss 2.0788 | accuracy 16.25 | mean_length 64
08-24-21 11:47:34 - epoch 0 | global step 3460 | mode train | loss 2.0827 | accuracy 7.5 | mean_length 64
08-24-21 11:48:02 - epoch 0 | global step 3470 | mode train | loss 2.0823 | accuracy 12.5 | mean_length 64
08-24-21 11:48:29 - epoch 0 | global step 3480 | mode train | loss 2.0821 | accuracy 11.25 | mean_length 64
08-24-21 11:48:57 - epoch 0 | global step 3490 | mode train | loss 2.0793 | accuracy 10.0 | mean_length 64
08-24-21 11:49:24 - epoch 0 | global step 3500 | mode train | loss 2.0815 | accuracy 11.25 | mean_length 64
08-24-21 11:49:52 - epoch 0 | global step 3510 | mode train | loss 2.0785 | accuracy 13.75 | mean_length 64
08-24-21 11:50:19 - epoch 0 | global step 3520 | mode train | loss 2.0784 | accuracy 20.0 | mean_length 64
08-24-21 11:50:47 - epoch 0 | global step 3530 | mode train | loss 2.0788 | accuracy 13.75 | mean_length 64
08-24-21 11:51:14 - epoch 0 | global step 3540 | mode train | loss 2.0796 | accuracy 8.75 | mean_length 64
08-24-21 11:51:42 - epoch 0 | global step 3550 | mode train | loss 2.0815 | accuracy 7.5 | mean_length 64
08-24-21 11:52:09 - epoch 0 | global step 3560 | mode train | loss 2.0754 | accuracy 15.0 | mean_length 64
08-24-21 11:52:37 - epoch 0 | global step 3570 | mode train | loss 2.0818 | accuracy 7.5 | mean_length 64
08-24-21 11:53:04 - epoch 0 | global step 3580 | mode train | loss 2.0811 | accuracy 17.5 | mean_length 64
08-24-21 12:03:00 - epoch 0 | global step 3584 | mode validation | loss 2.0797 | accuracy 12.44 | mean_length 64
08-24-21 12:03:17 - epoch 0 | global step 3590 | mode train | loss 2.0805 | accuracy 12.5 | mean_length 64
08-24-21 12:03:44 - epoch 0 | global step 3600 | mode train | loss 2.0793 | accuracy 16.25 | mean_length 64
08-24-21 12:04:12 - epoch 0 | global step 3610 | mode train | loss 2.0841 | accuracy 7.5 | mean_length 64
08-24-21 12:04:39 - epoch 0 | global step 3620 | mode train | loss 2.0793 | accuracy 16.25 | mean_length 64
08-24-21 12:05:06 - epoch 0 | global step 3630 | mode train | loss 2.0811 | accuracy 10.0 | mean_length 64
08-24-21 12:05:34 - epoch 0 | global step 3640 | mode train | loss 2.0802 | accuracy 8.75 | mean_length 64
08-24-21 12:06:01 - epoch 0 | global step 3650 | mode train | loss 2.0795 | accuracy 11.25 | mean_length 64
08-24-21 12:06:29 - epoch 0 | global step 3660 | mode train | loss 2.0782 | accuracy 13.75 | mean_length 64
08-24-21 12:06:56 - epoch 0 | global step 3670 | mode train | loss 2.0831 | accuracy 15.0 | mean_length 64
08-24-21 12:07:24 - epoch 0 | global step 3680 | mode train | loss 2.0824 | accuracy 7.5 | mean_length 64
08-24-21 12:07:51 - epoch 0 | global step 3690 | mode train | loss 2.0784 | accuracy 8.75 | mean_length 64
08-24-21 12:08:19 - epoch 0 | global step 3700 | mode train | loss 2.0807 | accuracy 13.75 | mean_length 64
08-24-21 12:08:47 - epoch 0 | global step 3710 | mode train | loss 2.0789 | accuracy 10.0 | mean_length 64
08-24-21 12:09:14 - epoch 0 | global step 3720 | mode train | loss 2.0803 | accuracy 8.75 | mean_length 64
08-24-21 12:09:42 - epoch 0 | global step 3730 | mode train | loss 2.0794 | accuracy 13.75 | mean_length 64
08-24-21 12:10:10 - epoch 0 | global step 3740 | mode train | loss 2.0782 | accuracy 10.0 | mean_length 64
08-24-21 12:10:38 - epoch 0 | global step 3750 | mode train | loss 2.0771 | accuracy 17.5 | mean_length 64
08-24-21 12:11:06 - epoch 0 | global step 3760 | mode train | loss 2.0804 | accuracy 11.25 | mean_length 64
08-24-21 12:11:34 - epoch 0 | global step 3770 | mode train | loss 2.0813 | accuracy 12.5 | mean_length 64
08-24-21 12:12:02 - epoch 0 | global step 3780 | mode train | loss 2.0777 | accuracy 7.5 | mean_length 64
08-24-21 12:12:30 - epoch 0 | global step 3790 | mode train | loss 2.0815 | accuracy 8.75 | mean_length 64
08-24-21 12:12:59 - epoch 0 | global step 3800 | mode train | loss 2.0763 | accuracy 16.25 | mean_length 64
08-24-21 12:13:27 - epoch 0 | global step 3810 | mode train | loss 2.0794 | accuracy 13.75 | mean_length 64
08-24-21 12:13:54 - epoch 0 | global step 3820 | mode train | loss 2.0761 | accuracy 16.25 | mean_length 64
08-24-21 12:14:22 - epoch 0 | global step 3830 | mode train | loss 2.0769 | accuracy 18.75 | mean_length 64
08-24-21 12:14:50 - epoch 0 | global step 3840 | mode train | loss 2.0759 | accuracy 18.75 | mean_length 64
08-24-21 12:15:18 - epoch 0 | global step 3850 | mode train | loss 2.0784 | accuracy 8.75 | mean_length 64
08-24-21 12:15:46 - epoch 0 | global step 3860 | mode train | loss 2.0762 | accuracy 15.0 | mean_length 64
08-24-21 12:16:14 - epoch 0 | global step 3870 | mode train | loss 2.0817 | accuracy 11.25 | mean_length 64
08-24-21 12:16:41 - epoch 0 | global step 3880 | mode train | loss 2.0816 | accuracy 15.0 | mean_length 64
08-24-21 12:17:09 - epoch 0 | global step 3890 | mode train | loss 2.0824 | accuracy 7.5 | mean_length 64
08-24-21 12:17:37 - epoch 0 | global step 3900 | mode train | loss 2.0789 | accuracy 10.0 | mean_length 64
08-24-21 12:18:05 - epoch 0 | global step 3910 | mode train | loss 2.0823 | accuracy 13.75 | mean_length 64
08-24-21 12:18:33 - epoch 0 | global step 3920 | mode train | loss 2.0769 | accuracy 11.25 | mean_length 64
08-24-21 12:19:01 - epoch 0 | global step 3930 | mode train | loss 2.0791 | accuracy 11.25 | mean_length 64
08-24-21 12:19:29 - epoch 0 | global step 3940 | mode train | loss 2.0844 | accuracy 6.25 | mean_length 64
08-24-21 12:19:56 - epoch 0 | global step 3950 | mode train | loss 2.0847 | accuracy 10.0 | mean_length 64
08-24-21 12:20:24 - epoch 0 | global step 3960 | mode train | loss 2.081 | accuracy 10.0 | mean_length 64
08-24-21 12:20:53 - epoch 0 | global step 3970 | mode train | loss 2.0821 | accuracy 7.5 | mean_length 64
08-24-21 12:21:21 - epoch 0 | global step 3980 | mode train | loss 2.0841 | accuracy 7.5 | mean_length 64
08-24-21 12:21:50 - epoch 0 | global step 3990 | mode train | loss 2.078 | accuracy 12.5 | mean_length 64
08-24-21 12:22:18 - epoch 0 | global step 4000 | mode train | loss 2.0794 | accuracy 16.25 | mean_length 64
08-24-21 12:22:46 - epoch 0 | global step 4010 | mode train | loss 2.0775 | accuracy 12.5 | mean_length 64
08-24-21 12:23:15 - epoch 0 | global step 4020 | mode train | loss 2.0795 | accuracy 13.75 | mean_length 64
08-24-21 12:23:43 - epoch 0 | global step 4030 | mode train | loss 2.0809 | accuracy 10.0 | mean_length 64
08-24-21 12:24:11 - epoch 0 | global step 4040 | mode train | loss 2.0787 | accuracy 13.75 | mean_length 64
08-24-21 12:24:38 - epoch 0 | global step 4050 | mode train | loss 2.0823 | accuracy 13.75 | mean_length 64
08-24-21 12:25:06 - epoch 0 | global step 4060 | mode train | loss 2.0809 | accuracy 12.5 | mean_length 64
08-24-21 12:25:33 - epoch 0 | global step 4070 | mode train | loss 2.0822 | accuracy 7.5 | mean_length 64
08-24-21 12:26:01 - epoch 0 | global step 4080 | mode train | loss 2.0822 | accuracy 12.5 | mean_length 64
08-24-21 12:26:28 - epoch 0 | global step 4090 | mode train | loss 2.0847 | accuracy 5.0 | mean_length 64
08-24-21 12:36:24 - epoch 0 | global step 4096 | mode validation | loss 2.0796 | accuracy 12.44 | mean_length 64
08-24-21 12:36:35 - epoch 0 | global step 4100 | mode train | loss 2.0801 | accuracy 16.25 | mean_length 64
08-24-21 12:37:03 - epoch 0 | global step 4110 | mode train | loss 2.0769 | accuracy 13.75 | mean_length 64
08-24-21 12:37:30 - epoch 0 | global step 4120 | mode train | loss 2.0784 | accuracy 15.0 | mean_length 64
08-24-21 12:37:57 - epoch 0 | global step 4130 | mode train | loss 2.0822 | accuracy 15.0 | mean_length 64
08-24-21 12:38:25 - epoch 0 | global step 4140 | mode train | loss 2.0771 | accuracy 12.5 | mean_length 64
08-24-21 12:38:52 - epoch 0 | global step 4150 | mode train | loss 2.0797 | accuracy 6.25 | mean_length 64
08-24-21 12:39:20 - epoch 0 | global step 4160 | mode train | loss 2.0825 | accuracy 10.0 | mean_length 64
08-24-21 12:39:47 - epoch 0 | global step 4170 | mode train | loss 2.0789 | accuracy 8.75 | mean_length 64
08-24-21 12:40:15 - epoch 0 | global step 4180 | mode train | loss 2.0775 | accuracy 13.75 | mean_length 64
08-24-21 12:40:45 - epoch 0 | global step 4190 | mode train | loss 2.0775 | accuracy 13.75 | mean_length 64
08-24-21 12:41:12 - epoch 0 | global step 4200 | mode train | loss 2.08 | accuracy 17.5 | mean_length 64
08-24-21 12:41:40 - epoch 0 | global step 4210 | mode train | loss 2.0793 | accuracy 17.5 | mean_length 64
08-24-21 12:42:08 - epoch 0 | global step 4220 | mode train | loss 2.08 | accuracy 15.0 | mean_length 64
08-24-21 12:42:35 - epoch 0 | global step 4230 | mode train | loss 2.0805 | accuracy 15.0 | mean_length 64
08-24-21 12:43:03 - epoch 0 | global step 4240 | mode train | loss 2.0793 | accuracy 15.0 | mean_length 64
08-24-21 12:43:31 - epoch 0 | global step 4250 | mode train | loss 2.0834 | accuracy 10.0 | mean_length 64
08-24-21 12:43:59 - epoch 0 | global step 4260 | mode train | loss 2.0797 | accuracy 16.25 | mean_length 64
08-24-21 12:44:26 - epoch 0 | global step 4270 | mode train | loss 2.0783 | accuracy 18.75 | mean_length 64
08-24-21 12:44:54 - epoch 0 | global step 4280 | mode train | loss 2.0831 | accuracy 7.5 | mean_length 64
08-24-21 12:45:21 - epoch 0 | global step 4290 | mode train | loss 2.0757 | accuracy 21.25 | mean_length 64
08-24-21 12:45:49 - epoch 0 | global step 4300 | mode train | loss 2.0795 | accuracy 15.0 | mean_length 64
08-24-21 12:46:16 - epoch 0 | global step 4310 | mode train | loss 2.0778 | accuracy 12.5 | mean_length 64
08-24-21 12:46:44 - epoch 0 | global step 4320 | mode train | loss 2.0797 | accuracy 17.5 | mean_length 64
08-24-21 12:47:11 - epoch 0 | global step 4330 | mode train | loss 2.0767 | accuracy 11.25 | mean_length 64
08-24-21 12:47:39 - epoch 0 | global step 4340 | mode train | loss 2.078 | accuracy 18.75 | mean_length 64
08-24-21 12:48:06 - epoch 0 | global step 4350 | mode train | loss 2.0817 | accuracy 12.5 | mean_length 64
08-24-21 12:48:34 - epoch 0 | global step 4360 | mode train | loss 2.0798 | accuracy 11.25 | mean_length 64
08-24-21 12:49:01 - epoch 0 | global step 4370 | mode train | loss 2.0819 | accuracy 10.0 | mean_length 64
08-24-21 12:49:28 - epoch 0 | global step 4380 | mode train | loss 2.0801 | accuracy 10.0 | mean_length 64
08-24-21 12:49:56 - epoch 0 | global step 4390 | mode train | loss 2.0811 | accuracy 12.5 | mean_length 64
08-24-21 12:50:23 - epoch 0 | global step 4400 | mode train | loss 2.0801 | accuracy 7.5 | mean_length 64
08-24-21 12:50:51 - epoch 0 | global step 4410 | mode train | loss 2.0781 | accuracy 7.5 | mean_length 64
08-24-21 12:51:18 - epoch 0 | global step 4420 | mode train | loss 2.0779 | accuracy 13.75 | mean_length 64
08-24-21 12:51:46 - epoch 0 | global step 4430 | mode train | loss 2.0785 | accuracy 17.5 | mean_length 64
08-24-21 12:52:13 - epoch 0 | global step 4440 | mode train | loss 2.0795 | accuracy 18.75 | mean_length 64
08-24-21 12:52:41 - epoch 0 | global step 4450 | mode train | loss 2.0793 | accuracy 13.75 | mean_length 64
08-24-21 12:53:08 - epoch 0 | global step 4460 | mode train | loss 2.0781 | accuracy 17.5 | mean_length 64
08-24-21 12:53:37 - epoch 0 | global step 4470 | mode train | loss 2.0786 | accuracy 8.75 | mean_length 64
08-24-21 12:54:05 - epoch 0 | global step 4480 | mode train | loss 2.0761 | accuracy 18.75 | mean_length 64
08-24-21 12:54:34 - epoch 0 | global step 4490 | mode train | loss 2.0815 | accuracy 12.5 | mean_length 64
08-24-21 12:55:02 - epoch 0 | global step 4500 | mode train | loss 2.0816 | accuracy 18.75 | mean_length 64
08-24-21 12:55:30 - epoch 0 | global step 4510 | mode train | loss 2.0797 | accuracy 10.0 | mean_length 64
08-24-21 12:55:59 - epoch 0 | global step 4520 | mode train | loss 2.083 | accuracy 12.5 | mean_length 64
08-24-21 12:56:27 - epoch 0 | global step 4530 | mode train | loss 2.0776 | accuracy 11.25 | mean_length 64
08-24-21 12:56:55 - epoch 0 | global step 4540 | mode train | loss 2.0806 | accuracy 12.5 | mean_length 64
08-24-21 12:57:23 - epoch 0 | global step 4550 | mode train | loss 2.0792 | accuracy 17.5 | mean_length 64
08-24-21 12:57:51 - epoch 0 | global step 4560 | mode train | loss 2.0797 | accuracy 8.75 | mean_length 64
08-24-21 12:58:19 - epoch 0 | global step 4570 | mode train | loss 2.076 | accuracy 22.5 | mean_length 64
08-24-21 12:58:47 - epoch 0 | global step 4580 | mode train | loss 2.078 | accuracy 15.0 | mean_length 64
08-24-21 12:59:14 - epoch 0 | global step 4590 | mode train | loss 2.0826 | accuracy 10.0 | mean_length 64
08-24-21 12:59:42 - epoch 0 | global step 4600 | mode train | loss 2.0784 | accuracy 10.0 | mean_length 64
08-24-21 13:09:46 - epoch 0 | global step 4608 | mode validation | loss 2.0797 | accuracy 12.74 | mean_length 64
08-24-21 13:09:52 - epoch 0 | global step 4610 | mode train | loss 2.0822 | accuracy 6.25 | mean_length 64
08-24-21 13:10:20 - epoch 0 | global step 4620 | mode train | loss 2.0795 | accuracy 12.5 | mean_length 64
08-24-21 13:10:48 - epoch 0 | global step 4630 | mode train | loss 2.0802 | accuracy 17.5 | mean_length 64
08-24-21 13:11:15 - epoch 0 | global step 4640 | mode train | loss 2.077 | accuracy 13.75 | mean_length 64
08-24-21 13:11:43 - epoch 0 | global step 4650 | mode train | loss 2.0789 | accuracy 6.25 | mean_length 64
08-24-21 13:12:11 - epoch 0 | global step 4660 | mode train | loss 2.0789 | accuracy 18.75 | mean_length 64
08-24-21 13:12:39 - epoch 0 | global step 4670 | mode train | loss 2.0783 | accuracy 12.5 | mean_length 64
08-24-21 13:13:07 - epoch 0 | global step 4680 | mode train | loss 2.0813 | accuracy 7.5 | mean_length 64
08-24-21 13:13:35 - epoch 0 | global step 4690 | mode train | loss 2.0818 | accuracy 11.25 | mean_length 64
08-24-21 13:14:02 - epoch 0 | global step 4700 | mode train | loss 2.079 | accuracy 16.25 | mean_length 64
08-24-21 13:14:30 - epoch 0 | global step 4710 | mode train | loss 2.081 | accuracy 10.0 | mean_length 64
08-24-21 13:14:58 - epoch 0 | global step 4720 | mode train | loss 2.0783 | accuracy 12.5 | mean_length 64
08-24-21 13:15:26 - epoch 0 | global step 4730 | mode train | loss 2.0796 | accuracy 12.5 | mean_length 64
08-24-21 13:15:54 - epoch 0 | global step 4740 | mode train | loss 2.0771 | accuracy 16.25 | mean_length 64
08-24-21 13:16:21 - epoch 0 | global step 4750 | mode train | loss 2.0798 | accuracy 16.25 | mean_length 64
08-24-21 13:16:49 - epoch 0 | global step 4760 | mode train | loss 2.0817 | accuracy 12.5 | mean_length 64
08-24-21 13:17:17 - epoch 0 | global step 4770 | mode train | loss 2.0776 | accuracy 16.25 | mean_length 64
08-24-21 13:17:45 - epoch 0 | global step 4780 | mode train | loss 2.0801 | accuracy 10.0 | mean_length 64
08-24-21 13:18:13 - epoch 0 | global step 4790 | mode train | loss 2.0831 | accuracy 5.0 | mean_length 64
08-24-21 13:18:41 - epoch 0 | global step 4800 | mode train | loss 2.0816 | accuracy 11.25 | mean_length 64
08-24-21 13:19:09 - epoch 0 | global step 4810 | mode train | loss 2.0796 | accuracy 10.0 | mean_length 64
08-24-21 13:19:36 - epoch 0 | global step 4820 | mode train | loss 2.0771 | accuracy 18.75 | mean_length 64
08-24-21 13:20:04 - epoch 0 | global step 4830 | mode train | loss 2.0832 | accuracy 7.5 | mean_length 64
08-24-21 13:20:32 - epoch 0 | global step 4840 | mode train | loss 2.0812 | accuracy 11.25 | mean_length 64
08-24-21 13:21:00 - epoch 0 | global step 4850 | mode train | loss 2.0751 | accuracy 16.25 | mean_length 64
08-24-21 13:21:30 - epoch 0 | global step 4860 | mode train | loss 2.0787 | accuracy 8.75 | mean_length 64
08-24-21 13:21:58 - epoch 0 | global step 4870 | mode train | loss 2.0829 | accuracy 10.0 | mean_length 64
08-24-21 13:22:26 - epoch 0 | global step 4880 | mode train | loss 2.0772 | accuracy 15.0 | mean_length 64
08-24-21 13:22:54 - epoch 0 | global step 4890 | mode train | loss 2.0774 | accuracy 15.0 | mean_length 64
08-24-21 13:23:22 - epoch 0 | global step 4900 | mode train | loss 2.0826 | accuracy 11.25 | mean_length 64
08-24-21 13:23:49 - epoch 0 | global step 4910 | mode train | loss 2.0834 | accuracy 10.0 | mean_length 64
08-24-21 13:24:17 - epoch 0 | global step 4920 | mode train | loss 2.0773 | accuracy 13.75 | mean_length 64
08-24-21 13:24:45 - epoch 0 | global step 4930 | mode train | loss 2.0834 | accuracy 8.75 | mean_length 64
08-24-21 13:25:13 - epoch 0 | global step 4940 | mode train | loss 2.0793 | accuracy 8.75 | mean_length 64
08-24-21 13:25:41 - epoch 0 | global step 4950 | mode train | loss 2.079 | accuracy 10.0 | mean_length 64
08-24-21 13:26:09 - epoch 0 | global step 4960 | mode train | loss 2.0801 | accuracy 8.75 | mean_length 64
08-24-21 13:26:37 - epoch 0 | global step 4970 | mode train | loss 2.0793 | accuracy 11.25 | mean_length 64
08-24-21 13:27:06 - epoch 0 | global step 4980 | mode train | loss 2.0787 | accuracy 8.75 | mean_length 64
08-24-21 13:27:34 - epoch 0 | global step 4990 | mode train | loss 2.0763 | accuracy 15.0 | mean_length 64
08-24-21 13:28:02 - epoch 0 | global step 5000 | mode train | loss 2.079 | accuracy 12.5 | mean_length 64
08-24-21 13:28:30 - epoch 0 | global step 5010 | mode train | loss 2.0814 | accuracy 15.0 | mean_length 64
08-24-21 13:28:59 - epoch 0 | global step 5020 | mode train | loss 2.0808 | accuracy 13.75 | mean_length 64
08-24-21 13:29:27 - epoch 0 | global step 5030 | mode train | loss 2.0782 | accuracy 10.0 | mean_length 64
08-24-21 13:29:54 - epoch 0 | global step 5040 | mode train | loss 2.0753 | accuracy 11.25 | mean_length 64
08-24-21 13:30:22 - epoch 0 | global step 5050 | mode train | loss 2.0809 | accuracy 16.25 | mean_length 64
08-24-21 13:30:50 - epoch 0 | global step 5060 | mode train | loss 2.0816 | accuracy 8.75 | mean_length 64
08-24-21 13:31:18 - epoch 0 | global step 5070 | mode train | loss 2.0796 | accuracy 12.5 | mean_length 64
08-24-21 13:31:46 - epoch 0 | global step 5080 | mode train | loss 2.0797 | accuracy 10.0 | mean_length 64
08-24-21 13:32:15 - epoch 0 | global step 5090 | mode train | loss 2.0784 | accuracy 16.25 | mean_length 64
08-24-21 13:32:43 - epoch 0 | global step 5100 | mode train | loss 2.0833 | accuracy 7.5 | mean_length 64
08-24-21 13:33:11 - epoch 0 | global step 5110 | mode train | loss 2.0799 | accuracy 13.75 | mean_length 64
08-24-21 13:33:40 - epoch 0 | global step 5120 | mode train | loss 2.0786 | accuracy 12.5 | mean_length 64
08-24-21 13:43:21 - epoch 0 | global step 5120 | mode validation | loss 2.0795 | accuracy 12.64 | mean_length 64
08-24-21 13:43:48 - epoch 0 | global step 5130 | mode train | loss 2.0778 | accuracy 15.0 | mean_length 64
08-24-21 13:44:16 - epoch 0 | global step 5140 | mode train | loss 2.077 | accuracy 18.75 | mean_length 64
08-24-21 13:44:44 - epoch 0 | global step 5150 | mode train | loss 2.0802 | accuracy 8.75 | mean_length 64
08-24-21 13:45:11 - epoch 0 | global step 5160 | mode train | loss 2.0804 | accuracy 11.25 | mean_length 64
08-24-21 13:45:39 - epoch 0 | global step 5170 | mode train | loss 2.079 | accuracy 15.0 | mean_length 64
08-24-21 13:46:07 - epoch 0 | global step 5180 | mode train | loss 2.0789 | accuracy 11.25 | mean_length 64
08-24-21 13:46:35 - epoch 0 | global step 5190 | mode train | loss 2.0801 | accuracy 13.75 | mean_length 64
08-24-21 13:47:02 - epoch 0 | global step 5200 | mode train | loss 2.0775 | accuracy 7.5 | mean_length 64
08-24-21 13:47:30 - epoch 0 | global step 5210 | mode train | loss 2.0768 | accuracy 12.5 | mean_length 64
08-24-21 13:47:58 - epoch 0 | global step 5220 | mode train | loss 2.0734 | accuracy 20.0 | mean_length 64
08-24-21 13:48:25 - epoch 0 | global step 5230 | mode train | loss 2.0839 | accuracy 10.0 | mean_length 64
08-24-21 13:48:52 - epoch 0 | global step 5240 | mode train | loss 2.0845 | accuracy 5.0 | mean_length 64
08-24-21 13:49:20 - epoch 0 | global step 5250 | mode train | loss 2.0834 | accuracy 5.0 | mean_length 64
08-24-21 13:49:47 - epoch 0 | global step 5260 | mode train | loss 2.0752 | accuracy 20.0 | mean_length 64
08-24-21 13:50:15 - epoch 0 | global step 5270 | mode train | loss 2.0803 | accuracy 8.75 | mean_length 64
08-24-21 13:50:42 - epoch 0 | global step 5280 | mode train | loss 2.0804 | accuracy 11.25 | mean_length 64
08-24-21 13:51:10 - epoch 0 | global step 5290 | mode train | loss 2.0828 | accuracy 16.25 | mean_length 64
08-24-21 13:51:37 - epoch 0 | global step 5300 | mode train | loss 2.082 | accuracy 10.0 | mean_length 64
08-24-21 13:52:05 - epoch 0 | global step 5310 | mode train | loss 2.0772 | accuracy 15.0 | mean_length 64
08-24-21 13:52:32 - epoch 0 | global step 5320 | mode train | loss 2.0755 | accuracy 18.75 | mean_length 64
08-24-21 13:52:59 - epoch 0 | global step 5330 | mode train | loss 2.0775 | accuracy 16.25 | mean_length 64
08-24-21 13:53:27 - epoch 0 | global step 5340 | mode train | loss 2.0783 | accuracy 13.75 | mean_length 64
08-24-21 13:53:54 - epoch 0 | global step 5350 | mode train | loss 2.0804 | accuracy 7.5 | mean_length 64
08-24-21 13:54:22 - epoch 0 | global step 5360 | mode train | loss 2.0775 | accuracy 20.0 | mean_length 64
08-24-21 13:54:49 - epoch 0 | global step 5370 | mode train | loss 2.079 | accuracy 12.5 | mean_length 64
08-24-21 13:55:17 - epoch 0 | global step 5380 | mode train | loss 2.0829 | accuracy 12.5 | mean_length 64
08-24-21 13:55:44 - epoch 0 | global step 5390 | mode train | loss 2.0804 | accuracy 10.0 | mean_length 64
08-24-21 13:56:14 - epoch 0 | global step 5400 | mode train | loss 2.0773 | accuracy 13.75 | mean_length 64
08-24-21 13:56:44 - epoch 0 | global step 5410 | mode train | loss 2.0806 | accuracy 11.25 | mean_length 64
08-24-21 13:57:13 - epoch 0 | global step 5420 | mode train | loss 2.0805 | accuracy 10.0 | mean_length 64
08-24-21 13:57:41 - epoch 0 | global step 5430 | mode train | loss 2.0821 | accuracy 8.75 | mean_length 64
08-24-21 13:58:08 - epoch 0 | global step 5440 | mode train | loss 2.0794 | accuracy 13.75 | mean_length 64
08-24-21 13:58:35 - epoch 0 | global step 5450 | mode train | loss 2.0792 | accuracy 11.25 | mean_length 64
08-24-21 13:59:03 - epoch 0 | global step 5460 | mode train | loss 2.079 | accuracy 12.5 | mean_length 64
08-24-21 13:59:30 - epoch 0 | global step 5470 | mode train | loss 2.0796 | accuracy 13.75 | mean_length 64
08-24-21 13:59:58 - epoch 0 | global step 5480 | mode train | loss 2.0816 | accuracy 8.75 | mean_length 64
08-24-21 14:00:25 - epoch 0 | global step 5490 | mode train | loss 2.0822 | accuracy 7.5 | mean_length 64
08-24-21 14:00:53 - epoch 0 | global step 5500 | mode train | loss 2.0787 | accuracy 16.25 | mean_length 64
08-24-21 14:01:20 - epoch 0 | global step 5510 | mode train | loss 2.0807 | accuracy 10.0 | mean_length 64
08-24-21 14:01:47 - epoch 0 | global step 5520 | mode train | loss 2.0808 | accuracy 7.5 | mean_length 64
08-24-21 14:02:15 - epoch 0 | global step 5530 | mode train | loss 2.0831 | accuracy 10.0 | mean_length 64
08-24-21 14:02:42 - epoch 0 | global step 5540 | mode train | loss 2.0782 | accuracy 11.25 | mean_length 64
08-24-21 14:03:10 - epoch 0 | global step 5550 | mode train | loss 2.0807 | accuracy 12.5 | mean_length 64
08-24-21 14:03:37 - epoch 0 | global step 5560 | mode train | loss 2.0788 | accuracy 13.75 | mean_length 64
08-24-21 14:04:05 - epoch 0 | global step 5570 | mode train | loss 2.0768 | accuracy 22.5 | mean_length 64
08-24-21 14:04:33 - epoch 0 | global step 5580 | mode train | loss 2.0791 | accuracy 12.5 | mean_length 64
08-24-21 14:05:01 - epoch 0 | global step 5590 | mode train | loss 2.071 | accuracy 11.25 | mean_length 64
08-24-21 14:05:31 - epoch 0 | global step 5600 | mode train | loss 2.0789 | accuracy 8.75 | mean_length 64
08-24-21 14:06:02 - epoch 0 | global step 5610 | mode train | loss 2.0848 | accuracy 8.75 | mean_length 64
08-24-21 14:06:31 - epoch 0 | global step 5620 | mode train | loss 2.076 | accuracy 10.0 | mean_length 64
08-24-21 14:06:58 - epoch 0 | global step 5630 | mode train | loss 2.0805 | accuracy 11.25 | mean_length 64
08-24-21 14:16:42 - epoch 0 | global step 5632 | mode validation | loss 2.0797 | accuracy 12.48 | mean_length 64
08-24-21 14:17:04 - epoch 0 | global step 5640 | mode train | loss 2.0859 | accuracy 7.5 | mean_length 64
08-24-21 14:17:32 - epoch 0 | global step 5650 | mode train | loss 2.0807 | accuracy 7.5 | mean_length 64
08-24-21 14:17:59 - epoch 0 | global step 5660 | mode train | loss 2.0826 | accuracy 10.0 | mean_length 64
08-24-21 14:18:26 - epoch 0 | global step 5670 | mode train | loss 2.079 | accuracy 16.25 | mean_length 64
08-24-21 14:18:54 - epoch 0 | global step 5680 | mode train | loss 2.0793 | accuracy 12.5 | mean_length 64
08-24-21 14:19:21 - epoch 0 | global step 5690 | mode train | loss 2.0802 | accuracy 7.5 | mean_length 64
08-24-21 14:19:49 - epoch 0 | global step 5700 | mode train | loss 2.0804 | accuracy 6.25 | mean_length 64
08-24-21 14:20:17 - epoch 0 | global step 5710 | mode train | loss 2.0774 | accuracy 13.75 | mean_length 64
08-24-21 14:20:45 - epoch 0 | global step 5720 | mode train | loss 2.0783 | accuracy 22.5 | mean_length 64
08-24-21 14:21:12 - epoch 0 | global step 5730 | mode train | loss 2.0789 | accuracy 13.75 | mean_length 64
08-24-21 14:21:41 - epoch 0 | global step 5740 | mode train | loss 2.0783 | accuracy 15.0 | mean_length 64
08-24-21 14:22:09 - epoch 0 | global step 5750 | mode train | loss 2.079 | accuracy 15.0 | mean_length 64
08-24-21 14:22:37 - epoch 0 | global step 5760 | mode train | loss 2.0801 | accuracy 12.5 | mean_length 64
08-24-21 14:23:05 - epoch 0 | global step 5770 | mode train | loss 2.081 | accuracy 13.75 | mean_length 64
08-24-21 14:23:33 - epoch 0 | global step 5780 | mode train | loss 2.0776 | accuracy 18.75 | mean_length 64
08-24-21 14:24:02 - epoch 0 | global step 5790 | mode train | loss 2.0818 | accuracy 10.0 | mean_length 64
08-24-21 14:24:30 - epoch 0 | global step 5800 | mode train | loss 2.0834 | accuracy 8.75 | mean_length 64
08-24-21 14:24:58 - epoch 0 | global step 5810 | mode train | loss 2.0831 | accuracy 10.0 | mean_length 64
08-24-21 14:25:26 - epoch 0 | global step 5820 | mode train | loss 2.0804 | accuracy 11.25 | mean_length 64
08-24-21 14:25:55 - epoch 0 | global step 5830 | mode train | loss 2.0824 | accuracy 12.5 | mean_length 64
08-24-21 14:26:23 - epoch 0 | global step 5840 | mode train | loss 2.081 | accuracy 6.25 | mean_length 64
08-24-21 14:26:51 - epoch 0 | global step 5850 | mode train | loss 2.078 | accuracy 10.0 | mean_length 64
08-24-21 14:27:20 - epoch 0 | global step 5860 | mode train | loss 2.0787 | accuracy 12.5 | mean_length 64
08-24-21 14:27:48 - epoch 0 | global step 5870 | mode train | loss 2.0785 | accuracy 12.5 | mean_length 64
08-24-21 14:28:16 - epoch 0 | global step 5880 | mode train | loss 2.0788 | accuracy 10.0 | mean_length 64
08-24-21 14:28:44 - epoch 0 | global step 5890 | mode train | loss 2.0788 | accuracy 16.25 | mean_length 64
08-24-21 14:29:13 - epoch 0 | global step 5900 | mode train | loss 2.0802 | accuracy 15.0 | mean_length 64
08-24-21 14:29:41 - epoch 0 | global step 5910 | mode train | loss 2.0782 | accuracy 12.5 | mean_length 64
08-24-21 14:30:09 - epoch 0 | global step 5920 | mode train | loss 2.083 | accuracy 8.75 | mean_length 64
08-24-21 14:30:36 - epoch 0 | global step 5930 | mode train | loss 2.0789 | accuracy 10.0 | mean_length 64
08-24-21 14:31:04 - epoch 0 | global step 5940 | mode train | loss 2.0775 | accuracy 15.0 | mean_length 64
08-24-21 14:31:32 - epoch 0 | global step 5950 | mode train | loss 2.0799 | accuracy 11.25 | mean_length 64
08-24-21 14:32:00 - epoch 0 | global step 5960 | mode train | loss 2.0798 | accuracy 5.0 | mean_length 64
08-24-21 14:32:27 - epoch 0 | global step 5970 | mode train | loss 2.0805 | accuracy 11.25 | mean_length 64
08-24-21 14:32:55 - epoch 0 | global step 5980 | mode train | loss 2.0805 | accuracy 7.5 | mean_length 64
08-24-21 14:33:23 - epoch 0 | global step 5990 | mode train | loss 2.0781 | accuracy 12.5 | mean_length 64
08-24-21 14:33:51 - epoch 0 | global step 6000 | mode train | loss 2.0803 | accuracy 5.0 | mean_length 64
08-24-21 14:34:19 - epoch 0 | global step 6010 | mode train | loss 2.0777 | accuracy 17.5 | mean_length 64
08-24-21 14:34:47 - epoch 0 | global step 6020 | mode train | loss 2.0804 | accuracy 11.25 | mean_length 64
08-24-21 14:35:15 - epoch 0 | global step 6030 | mode train | loss 2.0806 | accuracy 10.0 | mean_length 64
08-24-21 14:35:43 - epoch 0 | global step 6040 | mode train | loss 2.0814 | accuracy 8.75 | mean_length 64
08-24-21 14:36:12 - epoch 0 | global step 6050 | mode train | loss 2.078 | accuracy 16.25 | mean_length 64
08-24-21 14:36:40 - epoch 0 | global step 6060 | mode train | loss 2.079 | accuracy 8.75 | mean_length 64
08-24-21 14:37:08 - epoch 0 | global step 6070 | mode train | loss 2.0789 | accuracy 21.25 | mean_length 64
08-24-21 14:37:36 - epoch 0 | global step 6080 | mode train | loss 2.0779 | accuracy 15.0 | mean_length 64
08-24-21 14:38:04 - epoch 0 | global step 6090 | mode train | loss 2.0799 | accuracy 13.75 | mean_length 64
08-24-21 14:38:32 - epoch 0 | global step 6100 | mode train | loss 2.0781 | accuracy 12.5 | mean_length 64
08-24-21 14:39:00 - epoch 0 | global step 6110 | mode train | loss 2.0814 | accuracy 8.75 | mean_length 64
08-24-21 14:39:27 - epoch 0 | global step 6120 | mode train | loss 2.0798 | accuracy 11.25 | mean_length 64
08-24-21 14:39:55 - epoch 0 | global step 6130 | mode train | loss 2.0807 | accuracy 13.75 | mean_length 64
08-24-21 14:40:23 - epoch 0 | global step 6140 | mode train | loss 2.0788 | accuracy 15.0 | mean_length 64
08-24-21 14:50:13 - epoch 0 | global step 6144 | mode validation | loss 2.0795 | accuracy 12.84 | mean_length 64
08-24-21 14:50:30 - epoch 0 | global step 6150 | mode train | loss 2.0782 | accuracy 12.5 | mean_length 64
08-24-21 14:50:58 - epoch 0 | global step 6160 | mode train | loss 2.0783 | accuracy 16.25 | mean_length 64
08-24-21 14:51:25 - epoch 0 | global step 6170 | mode train | loss 2.0807 | accuracy 16.25 | mean_length 64
08-24-21 14:51:53 - epoch 0 | global step 6180 | mode train | loss 2.0805 | accuracy 11.25 | mean_length 64
08-24-21 14:52:21 - epoch 0 | global step 6190 | mode train | loss 2.0797 | accuracy 7.5 | mean_length 64
08-24-21 14:52:49 - epoch 0 | global step 6200 | mode train | loss 2.0805 | accuracy 13.75 | mean_length 64
08-24-21 14:53:16 - epoch 0 | global step 6210 | mode train | loss 2.0811 | accuracy 11.25 | mean_length 64
08-24-21 14:53:44 - epoch 0 | global step 6220 | mode train | loss 2.0796 | accuracy 12.5 | mean_length 64
08-24-21 14:54:12 - epoch 0 | global step 6230 | mode train | loss 2.0795 | accuracy 16.25 | mean_length 64
08-24-21 14:54:40 - epoch 0 | global step 6240 | mode train | loss 2.0788 | accuracy 13.75 | mean_length 64
08-24-21 14:55:07 - epoch 0 | global step 6250 | mode train | loss 2.0796 | accuracy 11.25 | mean_length 64
08-24-21 14:55:35 - epoch 0 | global step 6260 | mode train | loss 2.0792 | accuracy 12.5 | mean_length 64
08-24-21 14:56:04 - epoch 0 | global step 6270 | mode train | loss 2.0766 | accuracy 16.25 | mean_length 64
08-24-21 14:56:32 - epoch 0 | global step 6280 | mode train | loss 2.0811 | accuracy 11.25 | mean_length 64
08-24-21 14:57:00 - epoch 0 | global step 6290 | mode train | loss 2.079 | accuracy 15.0 | mean_length 64
08-24-21 14:57:28 - epoch 0 | global step 6300 | mode train | loss 2.082 | accuracy 13.75 | mean_length 64
08-24-21 14:57:57 - epoch 0 | global step 6310 | mode train | loss 2.079 | accuracy 12.5 | mean_length 64
08-24-21 14:58:25 - epoch 0 | global step 6320 | mode train | loss 2.0793 | accuracy 13.75 | mean_length 64
08-24-21 14:58:53 - epoch 0 | global step 6330 | mode train | loss 2.0798 | accuracy 12.5 | mean_length 64
08-24-21 14:59:21 - epoch 0 | global step 6340 | mode train | loss 2.0782 | accuracy 17.5 | mean_length 64
08-24-21 14:59:50 - epoch 0 | global step 6350 | mode train | loss 2.0793 | accuracy 11.25 | mean_length 64
08-24-21 15:00:18 - epoch 0 | global step 6360 | mode train | loss 2.0808 | accuracy 7.5 | mean_length 64
08-24-21 15:00:46 - epoch 0 | global step 6370 | mode train | loss 2.0811 | accuracy 10.0 | mean_length 64
08-24-21 15:01:15 - epoch 0 | global step 6380 | mode train | loss 2.0802 | accuracy 6.25 | mean_length 64
08-24-21 15:01:43 - epoch 0 | global step 6390 | mode train | loss 2.0785 | accuracy 17.5 | mean_length 64
08-24-21 15:02:11 - epoch 0 | global step 6400 | mode train | loss 2.0807 | accuracy 10.0 | mean_length 64
08-24-21 15:02:39 - epoch 0 | global step 6410 | mode train | loss 2.0783 | accuracy 16.25 | mean_length 64
08-24-21 15:03:07 - epoch 0 | global step 6420 | mode train | loss 2.0799 | accuracy 16.25 | mean_length 64
08-24-21 15:03:34 - epoch 0 | global step 6430 | mode train | loss 2.08 | accuracy 7.5 | mean_length 64
08-24-21 15:04:02 - epoch 0 | global step 6440 | mode train | loss 2.0809 | accuracy 11.25 | mean_length 64
08-24-21 15:04:30 - epoch 0 | global step 6450 | mode train | loss 2.0777 | accuracy 18.75 | mean_length 64
08-24-21 15:04:58 - epoch 0 | global step 6460 | mode train | loss 2.0789 | accuracy 16.25 | mean_length 64
08-24-21 15:05:26 - epoch 0 | global step 6470 | mode train | loss 2.0812 | accuracy 7.5 | mean_length 64
08-24-21 15:05:54 - epoch 0 | global step 6480 | mode train | loss 2.0777 | accuracy 15.0 | mean_length 64
08-24-21 15:06:23 - epoch 0 | global step 6490 | mode train | loss 2.0818 | accuracy 11.25 | mean_length 64
08-24-21 15:06:51 - epoch 0 | global step 6500 | mode train | loss 2.0829 | accuracy 7.5 | mean_length 64
08-24-21 15:07:20 - epoch 0 | global step 6510 | mode train | loss 2.0802 | accuracy 5.0 | mean_length 64
08-24-21 15:07:48 - epoch 0 | global step 6520 | mode train | loss 2.0813 | accuracy 11.25 | mean_length 64
08-24-21 15:08:16 - epoch 0 | global step 6530 | mode train | loss 2.0794 | accuracy 20.0 | mean_length 64
08-24-21 15:08:44 - epoch 0 | global step 6540 | mode train | loss 2.0805 | accuracy 8.75 | mean_length 64
08-24-21 15:09:12 - epoch 0 | global step 6550 | mode train | loss 2.077 | accuracy 13.75 | mean_length 64
08-24-21 15:09:40 - epoch 0 | global step 6560 | mode train | loss 2.0793 | accuracy 12.5 | mean_length 64
08-24-21 15:10:08 - epoch 0 | global step 6570 | mode train | loss 2.0796 | accuracy 8.75 | mean_length 64
08-24-21 15:10:35 - epoch 0 | global step 6580 | mode train | loss 2.0819 | accuracy 7.5 | mean_length 64
08-24-21 15:11:03 - epoch 0 | global step 6590 | mode train | loss 2.0817 | accuracy 13.75 | mean_length 64
08-24-21 15:11:31 - epoch 0 | global step 6600 | mode train | loss 2.0778 | accuracy 20.0 | mean_length 64
08-24-21 15:11:59 - epoch 0 | global step 6610 | mode train | loss 2.08 | accuracy 10.0 | mean_length 64
08-24-21 15:12:27 - epoch 0 | global step 6620 | mode train | loss 2.0828 | accuracy 1.25 | mean_length 64
08-24-21 15:12:54 - epoch 0 | global step 6630 | mode train | loss 2.0813 | accuracy 2.5 | mean_length 64
08-24-21 15:13:22 - epoch 0 | global step 6640 | mode train | loss 2.0804 | accuracy 10.0 | mean_length 64
08-24-21 15:13:50 - epoch 0 | global step 6650 | mode train | loss 2.0797 | accuracy 11.25 | mean_length 64
08-24-21 15:23:48 - epoch 0 | global step 6656 | mode validation | loss 2.0796 | accuracy 11.82 | mean_length 64
08-24-21 15:23:59 - epoch 0 | global step 6660 | mode train | loss 2.0781 | accuracy 13.75 | mean_length 64
08-24-21 15:24:27 - epoch 0 | global step 6670 | mode train | loss 2.0798 | accuracy 10.0 | mean_length 64
08-24-21 15:24:55 - epoch 0 | global step 6680 | mode train | loss 2.0797 | accuracy 16.25 | mean_length 64
08-24-21 15:25:23 - epoch 0 | global step 6690 | mode train | loss 2.0776 | accuracy 21.25 | mean_length 64
08-24-21 15:25:50 - epoch 0 | global step 6700 | mode train | loss 2.0818 | accuracy 8.75 | mean_length 64
08-24-21 15:26:18 - epoch 0 | global step 6710 | mode train | loss 2.0796 | accuracy 16.25 | mean_length 64
08-24-21 15:26:46 - epoch 0 | global step 6720 | mode train | loss 2.0819 | accuracy 8.75 | mean_length 64
08-24-21 15:27:13 - epoch 0 | global step 6730 | mode train | loss 2.078 | accuracy 10.0 | mean_length 64
08-24-21 15:27:40 - epoch 0 | global step 6740 | mode train | loss 2.0773 | accuracy 15.0 | mean_length 64
08-24-21 15:28:10 - epoch 0 | global step 6750 | mode train | loss 2.0796 | accuracy 11.25 | mean_length 64
08-24-21 15:28:40 - epoch 0 | global step 6760 | mode train | loss 2.0813 | accuracy 10.0 | mean_length 64
08-24-21 15:29:08 - epoch 0 | global step 6770 | mode train | loss 2.0782 | accuracy 11.25 | mean_length 64
08-24-21 15:29:35 - epoch 0 | global step 6780 | mode train | loss 2.0802 | accuracy 13.75 | mean_length 64
08-24-21 15:30:03 - epoch 0 | global step 6790 | mode train | loss 2.079 | accuracy 16.25 | mean_length 64
08-24-21 15:30:30 - epoch 0 | global step 6800 | mode train | loss 2.0796 | accuracy 16.25 | mean_length 64
08-24-21 15:31:00 - epoch 0 | global step 6810 | mode train | loss 2.0801 | accuracy 8.75 | mean_length 64
08-24-21 15:31:28 - epoch 0 | global step 6820 | mode train | loss 2.082 | accuracy 8.75 | mean_length 64
08-24-21 15:31:56 - epoch 0 | global step 6830 | mode train | loss 2.082 | accuracy 7.5 | mean_length 64
08-24-21 15:32:25 - epoch 0 | global step 6840 | mode train | loss 2.0804 | accuracy 11.25 | mean_length 64
08-24-21 15:32:52 - epoch 0 | global step 6850 | mode train | loss 2.0808 | accuracy 8.75 | mean_length 64
08-24-21 15:33:20 - epoch 0 | global step 6860 | mode train | loss 2.0787 | accuracy 12.5 | mean_length 64
08-24-21 15:33:47 - epoch 0 | global step 6870 | mode train | loss 2.0789 | accuracy 15.0 | mean_length 64
08-24-21 15:34:15 - epoch 0 | global step 6880 | mode train | loss 2.0808 | accuracy 11.25 | mean_length 64
08-24-21 15:34:42 - epoch 0 | global step 6890 | mode train | loss 2.0802 | accuracy 7.5 | mean_length 64
08-24-21 15:35:10 - epoch 0 | global step 6900 | mode train | loss 2.0794 | accuracy 11.25 | mean_length 64
08-24-21 15:35:37 - epoch 0 | global step 6910 | mode train | loss 2.079 | accuracy 11.25 | mean_length 64
08-24-21 15:36:04 - epoch 0 | global step 6920 | mode train | loss 2.0789 | accuracy 13.75 | mean_length 64
08-24-21 15:36:32 - epoch 0 | global step 6930 | mode train | loss 2.0793 | accuracy 11.25 | mean_length 64
08-24-21 15:36:59 - epoch 0 | global step 6940 | mode train | loss 2.0805 | accuracy 12.5 | mean_length 64
08-24-21 15:37:27 - epoch 0 | global step 6950 | mode train | loss 2.078 | accuracy 13.75 | mean_length 64
08-24-21 15:37:54 - epoch 0 | global step 6960 | mode train | loss 2.0804 | accuracy 8.75 | mean_length 64
08-24-21 15:38:22 - epoch 0 | global step 6970 | mode train | loss 2.0793 | accuracy 10.0 | mean_length 64
08-24-21 15:38:50 - epoch 0 | global step 6980 | mode train | loss 2.0796 | accuracy 11.25 | mean_length 64
08-24-21 15:39:17 - epoch 0 | global step 6990 | mode train | loss 2.0794 | accuracy 11.25 | mean_length 64
08-24-21 15:39:45 - epoch 0 | global step 7000 | mode train | loss 2.081 | accuracy 13.75 | mean_length 64
08-24-21 15:40:12 - epoch 0 | global step 7010 | mode train | loss 2.0798 | accuracy 8.75 | mean_length 64
08-24-21 15:40:40 - epoch 0 | global step 7020 | mode train | loss 2.0795 | accuracy 16.25 | mean_length 64
08-24-21 15:41:07 - epoch 0 | global step 7030 | mode train | loss 2.0787 | accuracy 11.25 | mean_length 64
08-24-21 15:41:35 - epoch 0 | global step 7040 | mode train | loss 2.0809 | accuracy 12.5 | mean_length 64
08-24-21 15:42:02 - epoch 0 | global step 7050 | mode train | loss 2.0792 | accuracy 21.25 | mean_length 64
08-24-21 15:42:30 - epoch 0 | global step 7060 | mode train | loss 2.0791 | accuracy 10.0 | mean_length 64
08-24-21 15:42:57 - epoch 0 | global step 7070 | mode train | loss 2.0787 | accuracy 11.25 | mean_length 64
08-24-21 15:43:24 - epoch 0 | global step 7080 | mode train | loss 2.0808 | accuracy 11.25 | mean_length 64
08-24-21 15:43:52 - epoch 0 | global step 7090 | mode train | loss 2.0789 | accuracy 16.25 | mean_length 64
08-24-21 15:44:19 - epoch 0 | global step 7100 | mode train | loss 2.0785 | accuracy 10.0 | mean_length 64
08-24-21 15:44:47 - epoch 0 | global step 7110 | mode train | loss 2.0786 | accuracy 8.75 | mean_length 64
08-24-21 15:45:14 - epoch 0 | global step 7120 | mode train | loss 2.0772 | accuracy 16.25 | mean_length 64
08-24-21 15:45:42 - epoch 0 | global step 7130 | mode train | loss 2.0786 | accuracy 13.75 | mean_length 64
08-24-21 15:46:09 - epoch 0 | global step 7140 | mode train | loss 2.0805 | accuracy 11.25 | mean_length 64
08-24-21 15:46:36 - epoch 0 | global step 7150 | mode train | loss 2.0813 | accuracy 10.0 | mean_length 64
08-24-21 15:47:04 - epoch 0 | global step 7160 | mode train | loss 2.079 | accuracy 10.0 | mean_length 64
08-24-21 15:57:05 - epoch 0 | global step 7168 | mode validation | loss 2.0795 | accuracy 12.28 | mean_length 64
08-24-21 15:57:11 - epoch 0 | global step 7170 | mode train | loss 2.0798 | accuracy 8.75 | mean_length 64
08-24-21 15:57:38 - epoch 0 | global step 7180 | mode train | loss 2.0785 | accuracy 12.5 | mean_length 64
08-24-21 15:58:05 - epoch 0 | global step 7190 | mode train | loss 2.0793 | accuracy 11.25 | mean_length 64
08-24-21 15:58:33 - epoch 0 | global step 7200 | mode train | loss 2.079 | accuracy 17.5 | mean_length 64
08-24-21 15:59:00 - epoch 0 | global step 7210 | mode train | loss 2.0798 | accuracy 11.25 | mean_length 64
08-24-21 15:59:28 - epoch 0 | global step 7220 | mode train | loss 2.0807 | accuracy 15.0 | mean_length 64
08-24-21 15:59:55 - epoch 0 | global step 7230 | mode train | loss 2.0775 | accuracy 15.0 | mean_length 64
08-24-21 16:00:22 - epoch 0 | global step 7240 | mode train | loss 2.0781 | accuracy 15.0 | mean_length 64
08-24-21 16:00:50 - epoch 0 | global step 7250 | mode train | loss 2.0788 | accuracy 21.25 | mean_length 64
08-24-21 16:01:17 - epoch 0 | global step 7260 | mode train | loss 2.0806 | accuracy 12.5 | mean_length 64
08-24-21 16:01:45 - epoch 0 | global step 7270 | mode train | loss 2.0826 | accuracy 12.5 | mean_length 64
08-24-21 16:02:12 - epoch 0 | global step 7280 | mode train | loss 2.0798 | accuracy 16.25 | mean_length 64
08-24-21 16:02:39 - epoch 0 | global step 7290 | mode train | loss 2.0805 | accuracy 10.0 | mean_length 64
08-24-21 16:03:07 - epoch 0 | global step 7300 | mode train | loss 2.0805 | accuracy 12.5 | mean_length 64
08-24-21 16:03:34 - epoch 0 | global step 7310 | mode train | loss 2.0793 | accuracy 8.75 | mean_length 64
08-24-21 16:04:02 - epoch 0 | global step 7320 | mode train | loss 2.08 | accuracy 11.25 | mean_length 64
08-24-21 16:04:29 - epoch 0 | global step 7330 | mode train | loss 2.079 | accuracy 11.25 | mean_length 64
08-24-21 16:04:57 - epoch 0 | global step 7340 | mode train | loss 2.0789 | accuracy 11.25 | mean_length 64
08-24-21 16:05:24 - epoch 0 | global step 7350 | mode train | loss 2.0786 | accuracy 10.0 | mean_length 64
08-24-21 16:05:52 - epoch 0 | global step 7360 | mode train | loss 2.0794 | accuracy 7.5 | mean_length 64
08-24-21 16:06:20 - epoch 0 | global step 7370 | mode train | loss 2.0794 | accuracy 8.75 | mean_length 64
08-24-21 16:06:48 - epoch 0 | global step 7380 | mode train | loss 2.0807 | accuracy 10.0 | mean_length 64
08-24-21 16:07:15 - epoch 0 | global step 7390 | mode train | loss 2.0806 | accuracy 12.5 | mean_length 64
08-24-21 16:07:43 - epoch 0 | global step 7400 | mode train | loss 2.0804 | accuracy 12.5 | mean_length 64
08-24-21 16:08:11 - epoch 0 | global step 7410 | mode train | loss 2.0795 | accuracy 11.25 | mean_length 64
08-24-21 16:08:38 - epoch 0 | global step 7420 | mode train | loss 2.0798 | accuracy 11.25 | mean_length 64
08-24-21 16:09:06 - epoch 0 | global step 7430 | mode train | loss 2.0801 | accuracy 10.0 | mean_length 64
08-24-21 16:09:33 - epoch 0 | global step 7440 | mode train | loss 2.0795 | accuracy 12.5 | mean_length 64
08-24-21 16:10:01 - epoch 0 | global step 7450 | mode train | loss 2.0796 | accuracy 8.75 | mean_length 64
08-24-21 16:10:28 - epoch 0 | global step 7460 | mode train | loss 2.0806 | accuracy 13.75 | mean_length 64
08-24-21 16:10:56 - epoch 0 | global step 7470 | mode train | loss 2.0809 | accuracy 11.25 | mean_length 64
08-24-21 16:11:23 - epoch 0 | global step 7480 | mode train | loss 2.0781 | accuracy 15.0 | mean_length 64
08-24-21 16:11:50 - epoch 0 | global step 7490 | mode train | loss 2.0781 | accuracy 11.25 | mean_length 64
08-24-21 16:12:18 - epoch 0 | global step 7500 | mode train | loss 2.0786 | accuracy 16.25 | mean_length 64
08-24-21 16:12:45 - epoch 0 | global step 7510 | mode train | loss 2.0795 | accuracy 10.0 | mean_length 64
08-24-21 16:13:13 - epoch 0 | global step 7520 | mode train | loss 2.082 | accuracy 6.25 | mean_length 64
08-24-21 16:13:40 - epoch 0 | global step 7530 | mode train | loss 2.0787 | accuracy 17.5 | mean_length 64
08-24-21 16:14:08 - epoch 0 | global step 7540 | mode train | loss 2.0791 | accuracy 12.5 | mean_length 64
08-24-21 16:14:35 - epoch 0 | global step 7550 | mode train | loss 2.0788 | accuracy 15.0 | mean_length 64
08-24-21 16:15:02 - epoch 0 | global step 7560 | mode train | loss 2.0811 | accuracy 13.75 | mean_length 64
08-24-21 16:15:30 - epoch 0 | global step 7570 | mode train | loss 2.0816 | accuracy 7.5 | mean_length 64
08-24-21 16:15:58 - epoch 0 | global step 7580 | mode train | loss 2.0779 | accuracy 12.5 | mean_length 64
08-24-21 16:16:26 - epoch 0 | global step 7590 | mode train | loss 2.08 | accuracy 16.25 | mean_length 64
08-24-21 16:16:53 - epoch 0 | global step 7600 | mode train | loss 2.0823 | accuracy 6.25 | mean_length 64
08-24-21 16:17:21 - epoch 0 | global step 7610 | mode train | loss 2.0798 | accuracy 10.0 | mean_length 64
08-24-21 16:17:49 - epoch 0 | global step 7620 | mode train | loss 2.0804 | accuracy 12.5 | mean_length 64
08-24-21 16:18:17 - epoch 0 | global step 7630 | mode train | loss 2.0796 | accuracy 10.0 | mean_length 64
08-24-21 16:18:44 - epoch 0 | global step 7640 | mode train | loss 2.08 | accuracy 12.5 | mean_length 64
08-24-21 16:19:12 - epoch 0 | global step 7650 | mode train | loss 2.0801 | accuracy 12.5 | mean_length 64
08-24-21 16:19:40 - epoch 0 | global step 7660 | mode train | loss 2.0784 | accuracy 10.0 | mean_length 64
08-24-21 16:20:08 - epoch 0 | global step 7670 | mode train | loss 2.0784 | accuracy 13.75 | mean_length 64
08-24-21 16:20:36 - epoch 0 | global step 7680 | mode train | loss 2.0797 | accuracy 10.0 | mean_length 64
08-24-21 16:30:16 - epoch 0 | global step 7680 | mode validation | loss 2.0795 | accuracy 12.98 | mean_length 64
08-24-21 16:30:44 - epoch 0 | global step 7690 | mode train | loss 2.0794 | accuracy 8.75 | mean_length 64
08-24-21 16:31:12 - epoch 0 | global step 7700 | mode train | loss 2.078 | accuracy 8.75 | mean_length 64
08-24-21 16:31:40 - epoch 0 | global step 7710 | mode train | loss 2.0811 | accuracy 11.25 | mean_length 64
08-24-21 16:32:07 - epoch 0 | global step 7720 | mode train | loss 2.0793 | accuracy 12.5 | mean_length 64
08-24-21 16:32:35 - epoch 0 | global step 7730 | mode train | loss 2.0785 | accuracy 15.0 | mean_length 64
08-24-21 16:33:03 - epoch 0 | global step 7740 | mode train | loss 2.0782 | accuracy 13.75 | mean_length 64
08-24-21 16:33:31 - epoch 0 | global step 7750 | mode train | loss 2.0815 | accuracy 7.5 | mean_length 64
08-24-21 16:33:59 - epoch 0 | global step 7760 | mode train | loss 2.079 | accuracy 16.25 | mean_length 64
08-24-21 16:34:27 - epoch 0 | global step 7770 | mode train | loss 2.0805 | accuracy 13.75 | mean_length 64
08-24-21 16:34:56 - epoch 0 | global step 7780 | mode train | loss 2.0787 | accuracy 15.0 | mean_length 64
08-24-21 16:35:24 - epoch 0 | global step 7790 | mode train | loss 2.0801 | accuracy 15.0 | mean_length 64
08-24-21 16:35:52 - epoch 0 | global step 7800 | mode train | loss 2.0821 | accuracy 11.25 | mean_length 64
08-24-21 16:36:20 - epoch 0 | global step 7810 | mode train | loss 2.08 | accuracy 13.75 | mean_length 64
08-24-21 16:36:49 - epoch 0 | global step 7820 | mode train | loss 2.0793 | accuracy 18.75 | mean_length 64
08-24-21 16:37:17 - epoch 0 | global step 7830 | mode train | loss 2.0797 | accuracy 12.5 | mean_length 64
08-24-21 16:37:45 - epoch 0 | global step 7840 | mode train | loss 2.0786 | accuracy 10.0 | mean_length 64
08-24-21 16:38:14 - epoch 0 | global step 7850 | mode train | loss 2.0782 | accuracy 11.25 | mean_length 64
08-24-21 16:38:42 - epoch 0 | global step 7860 | mode train | loss 2.0246 | accuracy 16.25 | mean_length 64
08-24-21 16:39:10 - epoch 0 | global step 7870 | mode train | loss 2.0804 | accuracy 8.75 | mean_length 64
08-24-21 16:39:38 - epoch 0 | global step 7880 | mode train | loss 2.079 | accuracy 15.0 | mean_length 64
08-24-21 16:40:07 - epoch 0 | global step 7890 | mode train | loss 2.0788 | accuracy 8.75 | mean_length 64
08-24-21 16:40:35 - epoch 0 | global step 7900 | mode train | loss 2.0785 | accuracy 15.0 | mean_length 64
08-24-21 16:41:04 - epoch 0 | global step 7910 | mode train | loss 2.0809 | accuracy 8.75 | mean_length 64
08-24-21 16:41:32 - epoch 0 | global step 7920 | mode train | loss 2.083 | accuracy 8.75 | mean_length 64
08-24-21 16:42:00 - epoch 0 | global step 7930 | mode train | loss 2.0802 | accuracy 11.25 | mean_length 64
08-24-21 16:42:28 - epoch 0 | global step 7940 | mode train | loss 2.0816 | accuracy 12.5 | mean_length 64
08-24-21 16:42:56 - epoch 0 | global step 7950 | mode train | loss 2.0813 | accuracy 8.75 | mean_length 64
08-24-21 16:43:24 - epoch 0 | global step 7960 | mode train | loss 2.0784 | accuracy 16.25 | mean_length 64
08-24-21 16:43:52 - epoch 0 | global step 7970 | mode train | loss 2.0794 | accuracy 10.0 | mean_length 64
08-24-21 16:44:19 - epoch 0 | global step 7980 | mode train | loss 2.0803 | accuracy 8.75 | mean_length 64
08-24-21 16:44:47 - epoch 0 | global step 7990 | mode train | loss 2.0802 | accuracy 10.0 | mean_length 64
08-24-21 16:45:15 - epoch 0 | global step 8000 | mode train | loss 2.0791 | accuracy 10.0 | mean_length 64
08-24-21 16:45:42 - epoch 0 | global step 8010 | mode train | loss 2.0797 | accuracy 10.0 | mean_length 64
08-24-21 16:46:10 - epoch 0 | global step 8020 | mode train | loss 2.079 | accuracy 16.25 | mean_length 64
08-24-21 16:46:38 - epoch 0 | global step 8030 | mode train | loss 2.0785 | accuracy 15.0 | mean_length 64
08-24-21 16:47:06 - epoch 0 | global step 8040 | mode train | loss 2.0795 | accuracy 10.0 | mean_length 64
08-24-21 16:47:33 - epoch 0 | global step 8050 | mode train | loss 2.0809 | accuracy 11.25 | mean_length 64
08-24-21 16:48:01 - epoch 0 | global step 8060 | mode train | loss 2.0793 | accuracy 10.0 | mean_length 64
08-24-21 16:48:29 - epoch 0 | global step 8070 | mode train | loss 2.0789 | accuracy 11.25 | mean_length 64
08-24-21 16:48:57 - epoch 0 | global step 8080 | mode train | loss 2.0799 | accuracy 8.75 | mean_length 64
08-24-21 16:49:24 - epoch 0 | global step 8090 | mode train | loss 2.0835 | accuracy 10.0 | mean_length 64
08-24-21 16:49:53 - epoch 0 | global step 8100 | mode train | loss 2.08 | accuracy 10.0 | mean_length 64
08-24-21 16:50:21 - epoch 0 | global step 8110 | mode train | loss 2.0794 | accuracy 6.25 | mean_length 64
08-24-21 16:50:49 - epoch 0 | global step 8120 | mode train | loss 2.082 | accuracy 11.25 | mean_length 64
08-24-21 16:51:17 - epoch 0 | global step 8130 | mode train | loss 2.0807 | accuracy 3.75 | mean_length 64
08-24-21 16:51:46 - epoch 0 | global step 8140 | mode train | loss 2.0787 | accuracy 11.25 | mean_length 64
08-24-21 16:52:14 - epoch 0 | global step 8150 | mode train | loss 2.0806 | accuracy 10.0 | mean_length 64
08-24-21 16:52:42 - epoch 0 | global step 8160 | mode train | loss 2.0813 | accuracy 10.0 | mean_length 64
08-24-21 16:53:10 - epoch 0 | global step 8170 | mode train | loss 2.0815 | accuracy 8.75 | mean_length 64
08-24-21 16:53:39 - epoch 0 | global step 8180 | mode train | loss 2.0803 | accuracy 8.75 | mean_length 64
08-24-21 16:54:07 - epoch 0 | global step 8190 | mode train | loss 2.0776 | accuracy 11.25 | mean_length 64
08-24-21 17:03:52 - epoch 0 | global step 8192 | mode validation | loss 2.0794 | accuracy 13.04 | mean_length 64
08-24-21 17:03:52 - Evaluate the following checkpoint: Output/accGrad1_mbart_BTen+zh_lr1.0e-5_7distractors_maxstep8192_again/model.pt
08-24-21 17:15:27 - Best model stats: 
08-24-21 17:15:27 - epoch 0 | global step 0 | mode validation | loss 2.0796 | accuracy 12.62 | mean_length 64
