==========================================
SLURM_JOB_ID = 5860927
SLURM_JOB_NODELIST = d14-08
TMPDIR = /tmp/SLURM_5860927
==========================================
/home1/zliu9986/communication-translation
09-12-21 22:37:14 - Dataset Loaded
09-12-21 22:37:14 - Configuration:
Namespace(TransferH=False, alpha=1.0, batch_size=8, beam_width=5, bidirectional=False, config='Configs/mbart_ec_noBT.yml', cpu=False, decode_how='beam', device=device(type='cuda'), do_eval=True, do_train=True, dropout=0.1, fix_bhd=False, fix_spk=False, grad_clip=1.0, gradient_accumulation_steps=4, hard=False, has_vocab_constraint=False, hidden_dim=512, image_dim=2048, lr=9e-06, max_global_step=8192, max_seq_length=64, mode='emergent_communication', model_name='Models/mbart-large-cc25', n_gpu=1, no_share_bhd=False, no_terminal=False, no_write=False, num_distractors_train=7, num_distractors_valid=7, num_games=30, num_layers=1, output_dir='Output/accGrad4_mbart_noBT_lr9.0e-6_7distractors_maxstep8192_seed43', print_every=10, save_output_txt=True, save_pretrain_seperately=True, seed=43, source_lang='en_XX', source_lang_vocab_constrain_file='/projects/unmt/communication-translation/en_cc_tokenID2count_dict.cc25.json', stats_to_print=['loss', 'accuracy', 'caption generation loss', 'image selection loss', 'mean_length'], target_acc=85.0, target_lang='zh_CN', target_lang_vocab_constrain_file='/projects/unmt/communication-translation/zh-Hans_cc_tokenID2count_dict.cc25.json', temp=1.0, temperature=1.0, train_images='./Data/ec_finetuning/images_train', two_ffwd=False, unit_norm=False, valid_every=512, valid_images='./Data/ec_finetuning/images_val', vocab_size=4035)
Sharing visual system for each agent.
09-12-21 22:47:19 - epoch 0 | global step 0 | mode validation | loss 3.1148 | accuracy 12.42 | mean_length 63.6134
09-12-21 22:47:19 - Saving model to Output/accGrad4_mbart_noBT_lr9.0e-6_7distractors_maxstep8192_seed43
Epoch: 0, Prediction Accuracy: 12.42, Saved to Path: Output/accGrad4_mbart_noBT_lr9.0e-6_7distractors_maxstep8192_seed43
09-12-21 22:49:17 - epoch 0 | global step 10 | mode train | loss 2.3432 | accuracy 17.1875 | mean_length 52.2437
09-12-21 22:50:59 - epoch 0 | global step 20 | mode train | loss 2.2967 | accuracy 13.125 | mean_length 36.7844
09-12-21 22:52:16 - epoch 0 | global step 30 | mode train | loss 2.2391 | accuracy 14.0625 | mean_length 20.1281
09-12-21 22:53:35 - epoch 0 | global step 40 | mode train | loss 2.2068 | accuracy 12.5 | mean_length 16.8188
09-12-21 22:55:05 - epoch 0 | global step 50 | mode train | loss 2.1197 | accuracy 12.1875 | mean_length 22.7281
09-12-21 22:56:50 - epoch 0 | global step 60 | mode train | loss 2.1093 | accuracy 13.125 | mean_length 30.4969
09-12-21 22:58:35 - epoch 0 | global step 70 | mode train | loss 2.0967 | accuracy 15.0 | mean_length 40.3281
09-12-21 23:00:23 - epoch 0 | global step 80 | mode train | loss 2.0889 | accuracy 13.4375 | mean_length 43.8969
09-12-21 23:02:11 - epoch 0 | global step 90 | mode train | loss 2.1296 | accuracy 9.0625 | mean_length 44.5344
09-12-21 23:03:58 - epoch 0 | global step 100 | mode train | loss 2.0906 | accuracy 13.75 | mean_length 40.2719
09-12-21 23:05:46 - epoch 0 | global step 110 | mode train | loss 2.0836 | accuracy 13.4375 | mean_length 37.6688
09-12-21 23:07:30 - epoch 0 | global step 120 | mode train | loss 2.1074 | accuracy 11.875 | mean_length 32.9469
09-12-21 23:09:17 - epoch 0 | global step 130 | mode train | loss 2.0957 | accuracy 12.1875 | mean_length 35.4094
09-12-21 23:11:03 - epoch 0 | global step 140 | mode train | loss 2.0843 | accuracy 12.5 | mean_length 31.1187
09-12-21 23:12:47 - epoch 0 | global step 150 | mode train | loss 2.0911 | accuracy 12.5 | mean_length 29.9406
09-12-21 23:14:34 - epoch 0 | global step 160 | mode train | loss 2.0908 | accuracy 13.75 | mean_length 29.2125
09-12-21 23:16:21 - epoch 0 | global step 170 | mode train | loss 2.0888 | accuracy 13.75 | mean_length 35.6719
09-12-21 23:18:08 - epoch 0 | global step 180 | mode train | loss 2.071 | accuracy 15.3125 | mean_length 49.0875
09-12-21 23:19:56 - epoch 0 | global step 190 | mode train | loss 2.0887 | accuracy 10.0 | mean_length 58.9469
09-12-21 23:21:43 - epoch 0 | global step 200 | mode train | loss 2.0922 | accuracy 14.0625 | mean_length 59.4312
09-12-21 23:23:31 - epoch 0 | global step 210 | mode train | loss 2.0684 | accuracy 15.3125 | mean_length 60.2188
09-12-21 23:25:18 - epoch 0 | global step 220 | mode train | loss 2.0875 | accuracy 11.25 | mean_length 61.7406
09-12-21 23:27:06 - epoch 0 | global step 230 | mode train | loss 2.0988 | accuracy 11.875 | mean_length 62.8813
09-12-21 23:28:53 - epoch 0 | global step 240 | mode train | loss 2.1006 | accuracy 9.6875 | mean_length 63.4281
09-12-21 23:30:41 - epoch 0 | global step 250 | mode train | loss 2.0929 | accuracy 10.3125 | mean_length 63.4281
09-12-21 23:32:28 - epoch 0 | global step 260 | mode train | loss 2.0964 | accuracy 12.1875 | mean_length 63.4031
09-12-21 23:34:16 - epoch 0 | global step 270 | mode train | loss 2.0932 | accuracy 10.625 | mean_length 63.4281
09-12-21 23:36:04 - epoch 0 | global step 280 | mode train | loss 2.0878 | accuracy 11.25 | mean_length 63.8094
09-12-21 23:37:52 - epoch 0 | global step 290 | mode train | loss 2.0849 | accuracy 10.9375 | mean_length 63.8094
09-12-21 23:39:39 - epoch 0 | global step 300 | mode train | loss 2.109 | accuracy 9.375 | mean_length 64
09-12-21 23:41:27 - epoch 0 | global step 310 | mode train | loss 2.0877 | accuracy 9.375 | mean_length 63.6187
09-12-21 23:43:14 - epoch 0 | global step 320 | mode train | loss 2.0781 | accuracy 15.3125 | mean_length 63.8094
09-12-21 23:45:01 - epoch 0 | global step 330 | mode train | loss 2.0939 | accuracy 13.125 | mean_length 63.8094
09-12-21 23:46:49 - epoch 0 | global step 340 | mode train | loss 2.0823 | accuracy 14.0625 | mean_length 63.6187
09-12-21 23:48:36 - epoch 0 | global step 350 | mode train | loss 2.0864 | accuracy 14.0625 | mean_length 63.8094
09-12-21 23:50:23 - epoch 0 | global step 360 | mode train | loss 2.0843 | accuracy 12.5 | mean_length 63.8094
09-12-21 23:52:10 - epoch 0 | global step 370 | mode train | loss 2.0852 | accuracy 10.9375 | mean_length 63.6187
09-12-21 23:53:58 - epoch 0 | global step 380 | mode train | loss 2.0818 | accuracy 12.8125 | mean_length 63.4656
09-12-21 23:55:45 - epoch 0 | global step 390 | mode train | loss 2.0816 | accuracy 15.625 | mean_length 62.6844
09-12-21 23:57:32 - epoch 0 | global step 400 | mode train | loss 2.0903 | accuracy 12.1875 | mean_length 63.8094
09-12-21 23:59:20 - epoch 0 | global step 410 | mode train | loss 2.0752 | accuracy 12.1875 | mean_length 63.4312
09-13-21 00:01:07 - epoch 0 | global step 420 | mode train | loss 2.0829 | accuracy 16.875 | mean_length 62.5
09-13-21 00:02:54 - epoch 0 | global step 430 | mode train | loss 2.0747 | accuracy 14.375 | mean_length 63.125
09-13-21 00:04:41 - epoch 0 | global step 440 | mode train | loss 2.0843 | accuracy 15.3125 | mean_length 63.075
09-13-21 00:06:29 - epoch 0 | global step 450 | mode train | loss 2.0861 | accuracy 12.8125 | mean_length 62.3875
09-13-21 00:08:16 - epoch 0 | global step 460 | mode train | loss 2.0767 | accuracy 13.4375 | mean_length 62.8625
09-13-21 00:10:03 - epoch 0 | global step 470 | mode train | loss 2.0802 | accuracy 11.5625 | mean_length 61.7
09-13-21 00:11:51 - epoch 0 | global step 480 | mode train | loss 2.0786 | accuracy 15.0 | mean_length 62.825
09-13-21 00:13:38 - epoch 0 | global step 490 | mode train | loss 2.0616 | accuracy 14.0625 | mean_length 62.4844
09-13-21 00:15:25 - epoch 0 | global step 500 | mode train | loss 2.0568 | accuracy 16.5625 | mean_length 61.5875
09-13-21 00:17:13 - epoch 0 | global step 510 | mode train | loss 2.0606 | accuracy 13.125 | mean_length 61.4813
09-13-21 00:27:08 - epoch 0 | global step 512 | mode validation | loss 2.041 | accuracy 14.4 | mean_length 63.1896
09-13-21 00:27:08 - Saving model to Output/accGrad4_mbart_noBT_lr9.0e-6_7distractors_maxstep8192_seed43
Epoch: 0, Prediction Accuracy: 14.4, Saved to Path: Output/accGrad4_mbart_noBT_lr9.0e-6_7distractors_maxstep8192_seed43
09-13-21 00:28:45 - epoch 0 | global step 520 | mode train | loss 2.0486 | accuracy 12.8125 | mean_length 62.3469
09-13-21 00:30:32 - epoch 0 | global step 530 | mode train | loss 2.0452 | accuracy 11.25 | mean_length 62.7469
09-13-21 00:32:19 - epoch 0 | global step 540 | mode train | loss 2.0011 | accuracy 16.5625 | mean_length 62.5719
09-13-21 00:34:06 - epoch 0 | global step 550 | mode train | loss 1.9908 | accuracy 15.0 | mean_length 63.05
09-13-21 00:35:54 - epoch 0 | global step 560 | mode train | loss 1.9748 | accuracy 21.875 | mean_length 62.0719
09-13-21 00:37:41 - epoch 0 | global step 570 | mode train | loss 1.9718 | accuracy 17.5 | mean_length 62.1
09-13-21 00:39:29 - epoch 0 | global step 580 | mode train | loss 2.0098 | accuracy 17.5 | mean_length 62.0156
09-13-21 00:41:16 - epoch 0 | global step 590 | mode train | loss 2.033 | accuracy 17.1875 | mean_length 60.7375
09-13-21 00:43:03 - epoch 0 | global step 600 | mode train | loss 2.0811 | accuracy 13.4375 | mean_length 59.1313
09-13-21 00:44:50 - epoch 0 | global step 610 | mode train | loss 2.0813 | accuracy 15.3125 | mean_length 60.5312
09-13-21 00:46:38 - epoch 0 | global step 620 | mode train | loss 2.0761 | accuracy 14.6875 | mean_length 59.6187
09-13-21 00:48:25 - epoch 0 | global step 630 | mode train | loss 2.076 | accuracy 13.75 | mean_length 60.2406
09-13-21 00:50:12 - epoch 0 | global step 640 | mode train | loss 2.0819 | accuracy 9.6875 | mean_length 60.3031
09-13-21 00:51:59 - epoch 0 | global step 650 | mode train | loss 2.0761 | accuracy 12.5 | mean_length 59.2906
09-13-21 00:53:46 - epoch 0 | global step 660 | mode train | loss 2.0832 | accuracy 11.5625 | mean_length 59.5562
09-13-21 00:55:34 - epoch 0 | global step 670 | mode train | loss 2.071 | accuracy 15.3125 | mean_length 58.6437
09-13-21 00:57:21 - epoch 0 | global step 680 | mode train | loss 2.0631 | accuracy 15.625 | mean_length 59.5063
09-13-21 00:59:08 - epoch 0 | global step 690 | mode train | loss 2.0748 | accuracy 14.6875 | mean_length 59.6531
09-13-21 01:00:55 - epoch 0 | global step 700 | mode train | loss 2.0688 | accuracy 16.25 | mean_length 59.6844
09-13-21 01:02:42 - epoch 0 | global step 710 | mode train | loss 2.0796 | accuracy 11.875 | mean_length 60.5375
09-13-21 01:04:30 - epoch 0 | global step 720 | mode train | loss 2.0814 | accuracy 15.3125 | mean_length 64
09-13-21 01:06:17 - epoch 0 | global step 730 | mode train | loss 2.0916 | accuracy 11.875 | mean_length 64
09-13-21 01:08:04 - epoch 0 | global step 740 | mode train | loss 2.0795 | accuracy 15.9375 | mean_length 64
09-13-21 01:09:51 - epoch 0 | global step 750 | mode train | loss 2.0811 | accuracy 11.25 | mean_length 64
09-13-21 01:11:38 - epoch 0 | global step 760 | mode train | loss 2.0776 | accuracy 14.375 | mean_length 64
09-13-21 01:13:25 - epoch 0 | global step 770 | mode train | loss 2.0773 | accuracy 11.875 | mean_length 64
09-13-21 01:15:13 - epoch 0 | global step 780 | mode train | loss 2.0656 | accuracy 16.25 | mean_length 64
09-13-21 01:17:00 - epoch 0 | global step 790 | mode train | loss 2.0562 | accuracy 14.375 | mean_length 64
09-13-21 01:18:47 - epoch 0 | global step 800 | mode train | loss 2.0244 | accuracy 16.875 | mean_length 64
09-13-21 01:20:34 - epoch 0 | global step 810 | mode train | loss 1.9696 | accuracy 20.3125 | mean_length 64
09-13-21 01:22:21 - epoch 0 | global step 820 | mode train | loss 1.9679 | accuracy 21.5625 | mean_length 64
09-13-21 01:24:09 - epoch 0 | global step 830 | mode train | loss 1.893 | accuracy 27.1875 | mean_length 64
09-13-21 01:25:56 - epoch 0 | global step 840 | mode train | loss 1.8071 | accuracy 26.875 | mean_length 64
09-13-21 01:27:43 - epoch 0 | global step 850 | mode train | loss 1.7355 | accuracy 26.875 | mean_length 64
09-13-21 01:29:30 - epoch 0 | global step 860 | mode train | loss 1.8455 | accuracy 22.8125 | mean_length 64
09-13-21 01:31:17 - epoch 0 | global step 870 | mode train | loss 1.8236 | accuracy 28.125 | mean_length 64
09-13-21 01:33:05 - epoch 0 | global step 880 | mode train | loss 1.9088 | accuracy 22.1875 | mean_length 64
09-13-21 01:34:52 - epoch 0 | global step 890 | mode train | loss 1.7958 | accuracy 27.5 | mean_length 64
09-13-21 01:36:39 - epoch 0 | global step 900 | mode train | loss 1.7457 | accuracy 32.1875 | mean_length 64
09-13-21 01:38:27 - epoch 0 | global step 910 | mode train | loss 1.7126 | accuracy 26.875 | mean_length 64
09-13-21 01:40:14 - epoch 0 | global step 920 | mode train | loss 1.7086 | accuracy 28.125 | mean_length 64
09-13-21 01:42:01 - epoch 0 | global step 930 | mode train | loss 1.6512 | accuracy 32.5 | mean_length 64
09-13-21 01:43:48 - epoch 0 | global step 940 | mode train | loss 1.6677 | accuracy 29.375 | mean_length 64
09-13-21 01:45:36 - epoch 0 | global step 950 | mode train | loss 1.6782 | accuracy 32.1875 | mean_length 64
09-13-21 01:47:23 - epoch 0 | global step 960 | mode train | loss 1.6218 | accuracy 34.375 | mean_length 64
09-13-21 01:49:10 - epoch 0 | global step 970 | mode train | loss 1.6074 | accuracy 38.125 | mean_length 64
09-13-21 01:50:57 - epoch 0 | global step 980 | mode train | loss 1.5337 | accuracy 42.1875 | mean_length 64
09-13-21 01:52:45 - epoch 0 | global step 990 | mode train | loss 2.0656 | accuracy 26.25 | mean_length 64
09-13-21 01:54:32 - epoch 0 | global step 1000 | mode train | loss 1.7835 | accuracy 33.125 | mean_length 64
09-13-21 01:56:19 - epoch 0 | global step 1010 | mode train | loss 1.7745 | accuracy 30.625 | mean_length 64
09-13-21 01:58:06 - epoch 0 | global step 1020 | mode train | loss 1.6882 | accuracy 28.75 | mean_length 64
09-13-21 02:08:23 - epoch 0 | global step 1024 | mode validation | loss 1.6479 | accuracy 33.84 | mean_length 64
09-13-21 02:08:23 - Saving model to Output/accGrad4_mbart_noBT_lr9.0e-6_7distractors_maxstep8192_seed43
Epoch: 0, Prediction Accuracy: 33.84, Saved to Path: Output/accGrad4_mbart_noBT_lr9.0e-6_7distractors_maxstep8192_seed43
09-13-21 02:09:38 - epoch 0 | global step 1030 | mode train | loss 1.6309 | accuracy 33.75 | mean_length 64
09-13-21 02:11:25 - epoch 0 | global step 1040 | mode train | loss 1.5871 | accuracy 35.9375 | mean_length 64
09-13-21 02:13:12 - epoch 0 | global step 1050 | mode train | loss 1.5839 | accuracy 41.875 | mean_length 64
09-13-21 02:15:00 - epoch 0 | global step 1060 | mode train | loss 1.5083 | accuracy 40.9375 | mean_length 64
09-13-21 02:16:47 - epoch 0 | global step 1070 | mode train | loss 1.475 | accuracy 40.9375 | mean_length 64
09-13-21 02:18:34 - epoch 0 | global step 1080 | mode train | loss 1.523 | accuracy 40.3125 | mean_length 64
09-13-21 02:20:22 - epoch 0 | global step 1090 | mode train | loss 1.4291 | accuracy 46.5625 | mean_length 64
09-13-21 02:22:09 - epoch 0 | global step 1100 | mode train | loss 1.3915 | accuracy 47.1875 | mean_length 64
09-13-21 02:23:56 - epoch 0 | global step 1110 | mode train | loss 1.335 | accuracy 50.0 | mean_length 64
09-13-21 02:25:43 - epoch 0 | global step 1120 | mode train | loss 1.3698 | accuracy 45.3125 | mean_length 64
09-13-21 02:27:31 - epoch 0 | global step 1130 | mode train | loss 1.2601 | accuracy 52.8125 | mean_length 64
09-13-21 02:29:18 - epoch 0 | global step 1140 | mode train | loss 1.3515 | accuracy 49.6875 | mean_length 64
09-13-21 02:31:05 - epoch 0 | global step 1150 | mode train | loss 1.3417 | accuracy 48.75 | mean_length 64
09-13-21 02:32:52 - epoch 0 | global step 1160 | mode train | loss 1.3396 | accuracy 48.75 | mean_length 64
09-13-21 02:34:40 - epoch 0 | global step 1170 | mode train | loss 1.281 | accuracy 50.625 | mean_length 64
09-13-21 02:36:27 - epoch 0 | global step 1180 | mode train | loss 1.327 | accuracy 48.125 | mean_length 64
09-13-21 02:38:14 - epoch 0 | global step 1190 | mode train | loss 1.3739 | accuracy 47.1875 | mean_length 64
09-13-21 02:40:02 - epoch 0 | global step 1200 | mode train | loss 1.299 | accuracy 48.4375 | mean_length 64
09-13-21 02:41:50 - epoch 0 | global step 1210 | mode train | loss 1.2839 | accuracy 50.3125 | mean_length 64
09-13-21 02:43:37 - epoch 0 | global step 1220 | mode train | loss 1.2487 | accuracy 48.75 | mean_length 64
09-13-21 02:45:24 - epoch 0 | global step 1230 | mode train | loss 1.2742 | accuracy 53.125 | mean_length 64
09-13-21 02:47:11 - epoch 0 | global step 1240 | mode train | loss 1.1916 | accuracy 54.6875 | mean_length 64
09-13-21 02:48:59 - epoch 0 | global step 1250 | mode train | loss 1.1986 | accuracy 51.25 | mean_length 64
09-13-21 02:50:46 - epoch 0 | global step 1260 | mode train | loss 1.1603 | accuracy 56.875 | mean_length 64
09-13-21 02:52:33 - epoch 0 | global step 1270 | mode train | loss 1.141 | accuracy 55.625 | mean_length 64
09-13-21 02:54:21 - epoch 0 | global step 1280 | mode train | loss 1.0723 | accuracy 56.875 | mean_length 64
09-13-21 02:56:08 - epoch 0 | global step 1290 | mode train | loss 1.146 | accuracy 58.125 | mean_length 64
09-13-21 02:57:55 - epoch 0 | global step 1300 | mode train | loss 1.0847 | accuracy 56.5625 | mean_length 64
09-13-21 02:59:43 - epoch 0 | global step 1310 | mode train | loss 1.1058 | accuracy 55.3125 | mean_length 64
09-13-21 03:01:30 - epoch 0 | global step 1320 | mode train | loss 1.048 | accuracy 62.1875 | mean_length 64
09-13-21 03:03:17 - epoch 0 | global step 1330 | mode train | loss 1.1313 | accuracy 58.4375 | mean_length 64
09-13-21 03:05:05 - epoch 0 | global step 1340 | mode train | loss 1.0961 | accuracy 58.125 | mean_length 64
09-13-21 03:06:52 - epoch 0 | global step 1350 | mode train | loss 1.1409 | accuracy 55.9375 | mean_length 64
09-13-21 03:08:39 - epoch 0 | global step 1360 | mode train | loss 1.1356 | accuracy 54.0625 | mean_length 64
09-13-21 03:10:26 - epoch 0 | global step 1370 | mode train | loss 1.0385 | accuracy 60.9375 | mean_length 64
09-13-21 03:12:13 - epoch 0 | global step 1380 | mode train | loss 1.1697 | accuracy 55.9375 | mean_length 64
09-13-21 03:14:01 - epoch 0 | global step 1390 | mode train | loss 1.1414 | accuracy 58.75 | mean_length 64
09-13-21 03:15:48 - epoch 0 | global step 1400 | mode train | loss 1.0917 | accuracy 58.75 | mean_length 64
09-13-21 03:17:35 - epoch 0 | global step 1410 | mode train | loss 1.0448 | accuracy 60.625 | mean_length 64
09-13-21 03:19:22 - epoch 0 | global step 1420 | mode train | loss 1.0579 | accuracy 59.6875 | mean_length 64
09-13-21 03:21:10 - epoch 0 | global step 1430 | mode train | loss 1.027 | accuracy 60.9375 | mean_length 64
09-13-21 03:22:57 - epoch 0 | global step 1440 | mode train | loss 1.0379 | accuracy 62.1875 | mean_length 64
09-13-21 03:24:44 - epoch 0 | global step 1450 | mode train | loss 1.0485 | accuracy 59.375 | mean_length 64
09-13-21 03:26:31 - epoch 0 | global step 1460 | mode train | loss 1.0744 | accuracy 59.375 | mean_length 64
09-13-21 03:28:18 - epoch 0 | global step 1470 | mode train | loss 0.9173 | accuracy 65.0 | mean_length 64
09-13-21 03:30:06 - epoch 0 | global step 1480 | mode train | loss 1.0429 | accuracy 58.4375 | mean_length 64
09-13-21 03:31:53 - epoch 0 | global step 1490 | mode train | loss 1.14 | accuracy 57.8125 | mean_length 64
09-13-21 03:33:40 - epoch 0 | global step 1500 | mode train | loss 0.9881 | accuracy 64.0625 | mean_length 64
09-13-21 03:35:27 - epoch 0 | global step 1510 | mode train | loss 1.0102 | accuracy 63.4375 | mean_length 64
09-13-21 03:37:15 - epoch 0 | global step 1520 | mode train | loss 1.0267 | accuracy 57.5 | mean_length 64
09-13-21 03:39:02 - epoch 0 | global step 1530 | mode train | loss 0.9672 | accuracy 62.1875 | mean_length 64
09-13-21 03:49:40 - epoch 0 | global step 1536 | mode validation | loss 0.9893 | accuracy 63.1 | mean_length 64
09-13-21 03:49:40 - Saving model to Output/accGrad4_mbart_noBT_lr9.0e-6_7distractors_maxstep8192_seed43
Epoch: 0, Prediction Accuracy: 63.1, Saved to Path: Output/accGrad4_mbart_noBT_lr9.0e-6_7distractors_maxstep8192_seed43
09-13-21 03:50:33 - epoch 0 | global step 1540 | mode train | loss 1.0548 | accuracy 58.75 | mean_length 64
09-13-21 03:52:21 - epoch 0 | global step 1550 | mode train | loss 0.9187 | accuracy 67.1875 | mean_length 64
09-13-21 03:54:08 - epoch 0 | global step 1560 | mode train | loss 0.8834 | accuracy 66.875 | mean_length 64
09-13-21 03:55:55 - epoch 0 | global step 1570 | mode train | loss 0.8754 | accuracy 68.75 | mean_length 64
09-13-21 03:57:42 - epoch 0 | global step 1580 | mode train | loss 0.8637 | accuracy 67.8125 | mean_length 64
09-13-21 03:59:30 - epoch 0 | global step 1590 | mode train | loss 0.9453 | accuracy 63.125 | mean_length 64
09-13-21 04:01:17 - epoch 0 | global step 1600 | mode train | loss 0.8444 | accuracy 67.8125 | mean_length 64
09-13-21 04:03:04 - epoch 0 | global step 1610 | mode train | loss 0.8034 | accuracy 71.25 | mean_length 64
09-13-21 04:04:51 - epoch 0 | global step 1620 | mode train | loss 0.7414 | accuracy 73.4375 | mean_length 64
09-13-21 04:06:39 - epoch 0 | global step 1630 | mode train | loss 0.8773 | accuracy 65.9375 | mean_length 64
09-13-21 04:08:26 - epoch 0 | global step 1640 | mode train | loss 0.8815 | accuracy 65.0 | mean_length 64
09-13-21 04:10:13 - epoch 0 | global step 1650 | mode train | loss 0.8935 | accuracy 66.875 | mean_length 64
09-13-21 04:12:00 - epoch 0 | global step 1660 | mode train | loss 0.8811 | accuracy 67.5 | mean_length 64
09-13-21 04:13:48 - epoch 0 | global step 1670 | mode train | loss 0.9219 | accuracy 61.5625 | mean_length 64
09-13-21 04:15:35 - epoch 0 | global step 1680 | mode train | loss 0.8017 | accuracy 69.375 | mean_length 64
09-13-21 04:17:22 - epoch 0 | global step 1690 | mode train | loss 0.7605 | accuracy 70.9375 | mean_length 64
09-13-21 04:19:09 - epoch 0 | global step 1700 | mode train | loss 0.7728 | accuracy 71.25 | mean_length 64
09-13-21 04:20:56 - epoch 0 | global step 1710 | mode train | loss 0.7879 | accuracy 67.1875 | mean_length 64
09-13-21 04:22:44 - epoch 0 | global step 1720 | mode train | loss 0.8038 | accuracy 68.125 | mean_length 64
09-13-21 04:24:31 - epoch 0 | global step 1730 | mode train | loss 0.8659 | accuracy 67.5 | mean_length 64
09-13-21 04:26:18 - epoch 0 | global step 1740 | mode train | loss 0.7813 | accuracy 70.625 | mean_length 64
09-13-21 04:28:05 - epoch 0 | global step 1750 | mode train | loss 0.7939 | accuracy 71.5625 | mean_length 64
09-13-21 04:29:53 - epoch 0 | global step 1760 | mode train | loss 0.7724 | accuracy 71.875 | mean_length 64
09-13-21 04:31:40 - epoch 0 | global step 1770 | mode train | loss 0.6674 | accuracy 77.5 | mean_length 64
09-13-21 04:33:27 - epoch 0 | global step 1780 | mode train | loss 0.7917 | accuracy 69.0625 | mean_length 64
09-13-21 04:35:14 - epoch 0 | global step 1790 | mode train | loss 0.6739 | accuracy 74.6875 | mean_length 64
09-13-21 04:37:02 - epoch 0 | global step 1800 | mode train | loss 0.7613 | accuracy 70.625 | mean_length 64
09-13-21 04:38:49 - epoch 0 | global step 1810 | mode train | loss 0.8159 | accuracy 69.0625 | mean_length 64
09-13-21 04:40:37 - epoch 0 | global step 1820 | mode train | loss 0.7681 | accuracy 71.25 | mean_length 64
09-13-21 04:42:24 - epoch 0 | global step 1830 | mode train | loss 0.7446 | accuracy 74.0625 | mean_length 64
09-13-21 04:44:11 - epoch 0 | global step 1840 | mode train | loss 0.7116 | accuracy 73.125 | mean_length 64
09-13-21 04:45:58 - epoch 0 | global step 1850 | mode train | loss 0.6576 | accuracy 78.4375 | mean_length 64
09-13-21 04:47:46 - epoch 0 | global step 1860 | mode train | loss 0.7365 | accuracy 71.25 | mean_length 64
09-13-21 04:49:33 - epoch 0 | global step 1870 | mode train | loss 0.6965 | accuracy 72.8125 | mean_length 64
09-13-21 04:51:20 - epoch 0 | global step 1880 | mode train | loss 0.6745 | accuracy 74.375 | mean_length 64
09-13-21 04:53:07 - epoch 0 | global step 1890 | mode train | loss 0.6319 | accuracy 79.0625 | mean_length 64
09-13-21 04:54:54 - epoch 0 | global step 1900 | mode train | loss 0.6502 | accuracy 74.0625 | mean_length 64
09-13-21 04:56:42 - epoch 0 | global step 1910 | mode train | loss 0.7228 | accuracy 74.375 | mean_length 64
09-13-21 04:58:29 - epoch 0 | global step 1920 | mode train | loss 0.642 | accuracy 79.0625 | mean_length 64
09-13-21 05:00:16 - epoch 0 | global step 1930 | mode train | loss 0.6758 | accuracy 76.25 | mean_length 64
09-13-21 05:02:03 - epoch 0 | global step 1940 | mode train | loss 0.6275 | accuracy 79.375 | mean_length 64
09-13-21 05:03:51 - epoch 0 | global step 1950 | mode train | loss 0.6735 | accuracy 76.25 | mean_length 64
09-13-21 05:05:38 - epoch 0 | global step 1960 | mode train | loss 0.6649 | accuracy 75.625 | mean_length 64
09-13-21 05:07:25 - epoch 0 | global step 1970 | mode train | loss 0.5831 | accuracy 79.375 | mean_length 64
09-13-21 05:09:12 - epoch 0 | global step 1980 | mode train | loss 0.6036 | accuracy 78.4375 | mean_length 64
09-13-21 05:11:00 - epoch 0 | global step 1990 | mode train | loss 0.7263 | accuracy 71.875 | mean_length 64
09-13-21 05:12:47 - epoch 0 | global step 2000 | mode train | loss 0.7034 | accuracy 73.75 | mean_length 64
09-13-21 05:14:34 - epoch 0 | global step 2010 | mode train | loss 0.5855 | accuracy 79.6875 | mean_length 64
09-13-21 05:16:21 - epoch 0 | global step 2020 | mode train | loss 0.751 | accuracy 70.625 | mean_length 64
09-13-21 05:18:08 - epoch 0 | global step 2030 | mode train | loss 0.6118 | accuracy 80.3125 | mean_length 64
09-13-21 05:19:55 - epoch 0 | global step 2040 | mode train | loss 0.5974 | accuracy 76.875 | mean_length 64
09-13-21 05:30:55 - epoch 0 | global step 2048 | mode validation | loss 0.564 | accuracy 79.14 | mean_length 64
09-13-21 05:30:55 - Saving model to Output/accGrad4_mbart_noBT_lr9.0e-6_7distractors_maxstep8192_seed43
Epoch: 0, Prediction Accuracy: 79.14, Saved to Path: Output/accGrad4_mbart_noBT_lr9.0e-6_7distractors_maxstep8192_seed43
09-13-21 05:31:27 - epoch 0 | global step 2050 | mode train | loss 0.6657 | accuracy 73.75 | mean_length 64
09-13-21 05:33:14 - epoch 0 | global step 2060 | mode train | loss 0.66 | accuracy 76.5625 | mean_length 64
09-13-21 05:35:01 - epoch 0 | global step 2070 | mode train | loss 0.595 | accuracy 76.875 | mean_length 64
09-13-21 05:36:48 - epoch 0 | global step 2080 | mode train | loss 0.6471 | accuracy 77.1875 | mean_length 64
09-13-21 05:38:36 - epoch 0 | global step 2090 | mode train | loss 0.5231 | accuracy 79.375 | mean_length 64
09-13-21 05:40:23 - epoch 0 | global step 2100 | mode train | loss 0.6101 | accuracy 75.0 | mean_length 64
09-13-21 05:42:11 - epoch 0 | global step 2110 | mode train | loss 0.5136 | accuracy 83.125 | mean_length 64
09-13-21 05:43:58 - epoch 0 | global step 2120 | mode train | loss 0.5539 | accuracy 79.6875 | mean_length 64
09-13-21 05:45:46 - epoch 0 | global step 2130 | mode train | loss 0.6099 | accuracy 79.6875 | mean_length 64
09-13-21 05:47:33 - epoch 0 | global step 2140 | mode train | loss 0.5641 | accuracy 81.25 | mean_length 64
09-13-21 05:49:20 - epoch 0 | global step 2150 | mode train | loss 0.6202 | accuracy 74.375 | mean_length 64
09-13-21 05:51:07 - epoch 0 | global step 2160 | mode train | loss 0.6308 | accuracy 75.9375 | mean_length 64
09-13-21 05:52:55 - epoch 0 | global step 2170 | mode train | loss 0.6384 | accuracy 73.125 | mean_length 64
09-13-21 05:54:42 - epoch 0 | global step 2180 | mode train | loss 0.5862 | accuracy 78.4375 | mean_length 64
09-13-21 05:56:29 - epoch 0 | global step 2190 | mode train | loss 0.6811 | accuracy 74.6875 | mean_length 64
09-13-21 05:58:16 - epoch 0 | global step 2200 | mode train | loss 0.6336 | accuracy 77.1875 | mean_length 64
09-13-21 06:00:04 - epoch 0 | global step 2210 | mode train | loss 0.5198 | accuracy 83.125 | mean_length 64
09-13-21 06:01:51 - epoch 0 | global step 2220 | mode train | loss 0.5962 | accuracy 77.5 | mean_length 64
09-13-21 06:03:38 - epoch 0 | global step 2230 | mode train | loss 0.5917 | accuracy 79.6875 | mean_length 64
09-13-21 06:05:25 - epoch 0 | global step 2240 | mode train | loss 0.5239 | accuracy 80.625 | mean_length 64
09-13-21 06:07:13 - epoch 0 | global step 2250 | mode train | loss 0.4665 | accuracy 83.125 | mean_length 64
09-13-21 06:09:00 - epoch 0 | global step 2260 | mode train | loss 0.5655 | accuracy 81.25 | mean_length 64
09-13-21 06:10:47 - epoch 0 | global step 2270 | mode train | loss 0.6134 | accuracy 76.875 | mean_length 64
09-13-21 06:12:35 - epoch 0 | global step 2280 | mode train | loss 0.5087 | accuracy 82.8125 | mean_length 64
09-13-21 06:14:22 - epoch 0 | global step 2290 | mode train | loss 0.4889 | accuracy 83.75 | mean_length 64
09-13-21 06:16:09 - epoch 0 | global step 2300 | mode train | loss 0.4615 | accuracy 83.125 | mean_length 64
09-13-21 06:17:56 - epoch 0 | global step 2310 | mode train | loss 0.4377 | accuracy 85.625 | mean_length 64
09-13-21 06:19:43 - epoch 0 | global step 2320 | mode train | loss 0.4466 | accuracy 85.0 | mean_length 64
09-13-21 06:21:30 - epoch 0 | global step 2330 | mode train | loss 0.5165 | accuracy 80.0 | mean_length 64
09-13-21 06:23:18 - epoch 0 | global step 2340 | mode train | loss 0.4855 | accuracy 84.375 | mean_length 64
09-13-21 06:25:05 - epoch 0 | global step 2350 | mode train | loss 0.5225 | accuracy 79.6875 | mean_length 64
09-13-21 06:26:52 - epoch 0 | global step 2360 | mode train | loss 0.5162 | accuracy 81.5625 | mean_length 64
09-13-21 06:28:39 - epoch 0 | global step 2370 | mode train | loss 0.5204 | accuracy 80.3125 | mean_length 64
09-13-21 06:30:27 - epoch 0 | global step 2380 | mode train | loss 0.4375 | accuracy 84.375 | mean_length 64
09-13-21 06:32:14 - epoch 0 | global step 2390 | mode train | loss 0.5219 | accuracy 81.5625 | mean_length 64
09-13-21 06:34:01 - epoch 0 | global step 2400 | mode train | loss 0.4399 | accuracy 85.3125 | mean_length 64
09-13-21 06:35:48 - epoch 0 | global step 2410 | mode train | loss 0.4201 | accuracy 86.5625 | mean_length 64
09-13-21 06:37:36 - epoch 0 | global step 2420 | mode train | loss 0.4387 | accuracy 84.375 | mean_length 64
09-13-21 06:39:23 - epoch 0 | global step 2430 | mode train | loss 0.4634 | accuracy 82.5 | mean_length 64
09-13-21 06:41:10 - epoch 0 | global step 2440 | mode train | loss 0.4839 | accuracy 81.25 | mean_length 64
09-13-21 06:42:58 - epoch 0 | global step 2450 | mode train | loss 0.4334 | accuracy 84.6875 | mean_length 64
09-13-21 06:44:45 - epoch 0 | global step 2460 | mode train | loss 0.4272 | accuracy 83.75 | mean_length 64
09-13-21 06:46:32 - epoch 0 | global step 2470 | mode train | loss 0.4408 | accuracy 85.9375 | mean_length 64
09-13-21 06:48:19 - epoch 0 | global step 2480 | mode train | loss 0.5531 | accuracy 79.375 | mean_length 64
09-13-21 06:50:06 - epoch 0 | global step 2490 | mode train | loss 0.4969 | accuracy 83.4375 | mean_length 64
09-13-21 06:51:54 - epoch 0 | global step 2500 | mode train | loss 0.4769 | accuracy 83.75 | mean_length 64
09-13-21 06:53:41 - epoch 0 | global step 2510 | mode train | loss 0.4077 | accuracy 83.75 | mean_length 64
09-13-21 06:55:28 - epoch 0 | global step 2520 | mode train | loss 0.4629 | accuracy 82.5 | mean_length 64
09-13-21 06:57:15 - epoch 0 | global step 2530 | mode train | loss 0.4128 | accuracy 87.1875 | mean_length 64
09-13-21 06:59:03 - epoch 0 | global step 2540 | mode train | loss 0.514 | accuracy 82.5 | mean_length 64
09-13-21 07:00:50 - epoch 0 | global step 2550 | mode train | loss 0.4803 | accuracy 82.1875 | mean_length 64
09-13-21 07:02:37 - epoch 0 | global step 2560 | mode train | loss 0.5502 | accuracy 78.4375 | mean_length 64
09-13-21 07:12:11 - epoch 0 | global step 2560 | mode validation | loss 0.4647 | accuracy 83.18 | mean_length 64
09-13-21 07:12:11 - Saving model to Output/accGrad4_mbart_noBT_lr9.0e-6_7distractors_maxstep8192_seed43
Epoch: 0, Prediction Accuracy: 83.18, Saved to Path: Output/accGrad4_mbart_noBT_lr9.0e-6_7distractors_maxstep8192_seed43
09-13-21 07:14:09 - epoch 0 | global step 2570 | mode train | loss 0.4915 | accuracy 80.9375 | mean_length 64
09-13-21 07:15:56 - epoch 0 | global step 2580 | mode train | loss 0.4313 | accuracy 84.6875 | mean_length 64
09-13-21 07:17:43 - epoch 0 | global step 2590 | mode train | loss 0.5351 | accuracy 81.25 | mean_length 64
09-13-21 07:19:30 - epoch 0 | global step 2600 | mode train | loss 0.4316 | accuracy 85.3125 | mean_length 64
09-13-21 07:21:17 - epoch 0 | global step 2610 | mode train | loss 0.4047 | accuracy 86.875 | mean_length 64
09-13-21 07:23:04 - epoch 0 | global step 2620 | mode train | loss 0.5994 | accuracy 77.8125 | mean_length 64
09-13-21 07:24:52 - epoch 0 | global step 2630 | mode train | loss 0.676 | accuracy 80.0 | mean_length 64
09-13-21 07:26:39 - epoch 0 | global step 2640 | mode train | loss 0.5956 | accuracy 82.8125 | mean_length 64
09-13-21 07:28:26 - epoch 0 | global step 2650 | mode train | loss 0.518 | accuracy 79.6875 | mean_length 64
09-13-21 07:30:13 - epoch 0 | global step 2660 | mode train | loss 0.4258 | accuracy 84.6875 | mean_length 64
09-13-21 07:32:00 - epoch 0 | global step 2670 | mode train | loss 0.4404 | accuracy 83.75 | mean_length 64
09-13-21 07:33:48 - epoch 0 | global step 2680 | mode train | loss 0.3892 | accuracy 86.875 | mean_length 64
09-13-21 07:35:35 - epoch 0 | global step 2690 | mode train | loss 0.4168 | accuracy 84.375 | mean_length 64
09-13-21 07:37:22 - epoch 0 | global step 2700 | mode train | loss 0.4064 | accuracy 87.8125 | mean_length 64
09-13-21 07:39:09 - epoch 0 | global step 2710 | mode train | loss 0.3697 | accuracy 86.25 | mean_length 64
09-13-21 07:40:57 - epoch 0 | global step 2720 | mode train | loss 0.4206 | accuracy 83.4375 | mean_length 64
09-13-21 07:42:44 - epoch 0 | global step 2730 | mode train | loss 0.374 | accuracy 88.125 | mean_length 64
09-13-21 07:44:32 - epoch 0 | global step 2740 | mode train | loss 0.4416 | accuracy 82.5 | mean_length 64
09-13-21 07:46:19 - epoch 0 | global step 2750 | mode train | loss 0.4464 | accuracy 85.0 | mean_length 64
09-13-21 07:48:06 - epoch 0 | global step 2760 | mode train | loss 0.4233 | accuracy 85.3125 | mean_length 64
09-13-21 07:49:53 - epoch 0 | global step 2770 | mode train | loss 0.3238 | accuracy 89.375 | mean_length 64
09-13-21 07:51:40 - epoch 0 | global step 2780 | mode train | loss 0.4073 | accuracy 86.25 | mean_length 64
09-13-21 07:53:28 - epoch 0 | global step 2790 | mode train | loss 0.4217 | accuracy 85.0 | mean_length 64
09-13-21 07:55:15 - epoch 0 | global step 2800 | mode train | loss 0.3341 | accuracy 88.125 | mean_length 64
09-13-21 07:57:02 - epoch 0 | global step 2810 | mode train | loss 0.4536 | accuracy 82.8125 | mean_length 64
09-13-21 07:58:49 - epoch 0 | global step 2820 | mode train | loss 0.4285 | accuracy 85.9375 | mean_length 64
09-13-21 08:00:37 - epoch 0 | global step 2830 | mode train | loss 0.3537 | accuracy 88.125 | mean_length 64
09-13-21 08:02:24 - epoch 0 | global step 2840 | mode train | loss 0.4866 | accuracy 81.5625 | mean_length 64
09-13-21 08:04:11 - epoch 0 | global step 2850 | mode train | loss 0.4322 | accuracy 85.3125 | mean_length 64
09-13-21 08:05:58 - epoch 0 | global step 2860 | mode train | loss 0.4447 | accuracy 84.0625 | mean_length 64
09-13-21 08:07:45 - epoch 0 | global step 2870 | mode train | loss 0.3957 | accuracy 88.75 | mean_length 64
09-13-21 08:09:32 - epoch 0 | global step 2880 | mode train | loss 0.4231 | accuracy 85.625 | mean_length 64
09-13-21 08:11:20 - epoch 0 | global step 2890 | mode train | loss 0.4065 | accuracy 86.875 | mean_length 64
09-13-21 08:13:07 - epoch 0 | global step 2900 | mode train | loss 0.3468 | accuracy 87.5 | mean_length 64
09-13-21 08:14:54 - epoch 0 | global step 2910 | mode train | loss 0.4259 | accuracy 82.8125 | mean_length 64
09-13-21 08:16:41 - epoch 0 | global step 2920 | mode train | loss 0.358 | accuracy 86.875 | mean_length 64
09-13-21 08:18:28 - epoch 0 | global step 2930 | mode train | loss 0.3368 | accuracy 90.3125 | mean_length 64
09-13-21 08:20:16 - epoch 0 | global step 2940 | mode train | loss 0.3465 | accuracy 87.1875 | mean_length 64
09-13-21 08:22:03 - epoch 0 | global step 2950 | mode train | loss 0.3761 | accuracy 86.875 | mean_length 64
09-13-21 08:23:50 - epoch 0 | global step 2960 | mode train | loss 0.4223 | accuracy 85.0 | mean_length 64
09-13-21 08:25:37 - epoch 0 | global step 2970 | mode train | loss 0.3578 | accuracy 86.875 | mean_length 64
09-13-21 08:27:24 - epoch 0 | global step 2980 | mode train | loss 0.3561 | accuracy 87.8125 | mean_length 64
09-13-21 08:29:12 - epoch 0 | global step 2990 | mode train | loss 0.339 | accuracy 86.875 | mean_length 64
09-13-21 08:30:59 - epoch 0 | global step 3000 | mode train | loss 0.3942 | accuracy 85.625 | mean_length 64
09-13-21 08:32:46 - epoch 0 | global step 3010 | mode train | loss 0.388 | accuracy 84.6875 | mean_length 64
09-13-21 08:34:33 - epoch 0 | global step 3020 | mode train | loss 0.4359 | accuracy 83.4375 | mean_length 64
09-13-21 08:36:20 - epoch 0 | global step 3030 | mode train | loss 0.3697 | accuracy 87.5 | mean_length 64
09-13-21 08:38:08 - epoch 0 | global step 3040 | mode train | loss 0.4342 | accuracy 83.4375 | mean_length 64
09-13-21 08:39:55 - epoch 0 | global step 3050 | mode train | loss 0.3459 | accuracy 89.375 | mean_length 64
09-13-21 08:41:42 - epoch 0 | global step 3060 | mode train | loss 0.4111 | accuracy 87.1875 | mean_length 64
09-13-21 08:43:30 - epoch 0 | global step 3070 | mode train | loss 0.3726 | accuracy 86.25 | mean_length 64
09-13-21 08:53:25 - epoch 0 | global step 3072 | mode validation | loss 0.3727 | accuracy 86.76 | mean_length 64
09-13-21 08:53:25 - Saving model to Output/accGrad4_mbart_noBT_lr9.0e-6_7distractors_maxstep8192_seed43
Epoch: 0, Prediction Accuracy: 86.76, Saved to Path: Output/accGrad4_mbart_noBT_lr9.0e-6_7distractors_maxstep8192_seed43
09-13-21 08:55:01 - epoch 0 | global step 3080 | mode train | loss 0.433 | accuracy 85.3125 | mean_length 64
09-13-21 08:56:48 - epoch 0 | global step 3090 | mode train | loss 0.432 | accuracy 85.3125 | mean_length 64
09-13-21 08:58:36 - epoch 0 | global step 3100 | mode train | loss 0.3864 | accuracy 85.9375 | mean_length 64
09-13-21 09:00:23 - epoch 0 | global step 3110 | mode train | loss 0.3022 | accuracy 88.125 | mean_length 64
09-13-21 09:02:10 - epoch 0 | global step 3120 | mode train | loss 0.2902 | accuracy 89.0625 | mean_length 64
09-13-21 09:03:57 - epoch 0 | global step 3130 | mode train | loss 0.3039 | accuracy 90.0 | mean_length 64
09-13-21 09:05:44 - epoch 0 | global step 3140 | mode train | loss 0.3798 | accuracy 84.375 | mean_length 64
09-13-21 09:07:32 - epoch 0 | global step 3150 | mode train | loss 0.3692 | accuracy 86.25 | mean_length 64
09-13-21 09:09:19 - epoch 0 | global step 3160 | mode train | loss 0.3019 | accuracy 91.25 | mean_length 64
09-13-21 09:11:06 - epoch 0 | global step 3170 | mode train | loss 0.3293 | accuracy 88.125 | mean_length 64
09-13-21 09:12:54 - epoch 0 | global step 3180 | mode train | loss 0.3237 | accuracy 89.375 | mean_length 64
09-13-21 09:14:41 - epoch 0 | global step 3190 | mode train | loss 0.2852 | accuracy 91.25 | mean_length 64
09-13-21 09:16:28 - epoch 0 | global step 3200 | mode train | loss 0.3188 | accuracy 86.875 | mean_length 64
09-13-21 09:18:15 - epoch 0 | global step 3210 | mode train | loss 0.3763 | accuracy 88.125 | mean_length 64
09-13-21 09:20:03 - epoch 0 | global step 3220 | mode train | loss 0.3138 | accuracy 88.75 | mean_length 64
09-13-21 09:21:50 - epoch 1 | global step 3230 | mode train | loss 0.2973 | accuracy 91.25 | mean_length 64
09-13-21 09:23:37 - epoch 1 | global step 3240 | mode train | loss 0.2885 | accuracy 91.25 | mean_length 64
09-13-21 09:25:24 - epoch 1 | global step 3250 | mode train | loss 0.3256 | accuracy 87.1875 | mean_length 64
09-13-21 09:27:11 - epoch 1 | global step 3260 | mode train | loss 0.3519 | accuracy 86.5625 | mean_length 64
09-13-21 09:28:59 - epoch 1 | global step 3270 | mode train | loss 0.3402 | accuracy 89.375 | mean_length 64
09-13-21 09:30:46 - epoch 1 | global step 3280 | mode train | loss 0.4102 | accuracy 86.25 | mean_length 64
09-13-21 09:32:33 - epoch 1 | global step 3290 | mode train | loss 0.3122 | accuracy 90.625 | mean_length 64
09-13-21 09:34:21 - epoch 1 | global step 3300 | mode train | loss 0.3255 | accuracy 90.9375 | mean_length 64
09-13-21 09:36:08 - epoch 1 | global step 3310 | mode train | loss 0.3466 | accuracy 88.75 | mean_length 64
09-13-21 09:37:55 - epoch 1 | global step 3320 | mode train | loss 0.3469 | accuracy 86.25 | mean_length 64
09-13-21 09:39:42 - epoch 1 | global step 3330 | mode train | loss 0.3374 | accuracy 87.8125 | mean_length 64
09-13-21 09:41:30 - epoch 1 | global step 3340 | mode train | loss 0.3101 | accuracy 88.125 | mean_length 64
09-13-21 09:43:18 - epoch 1 | global step 3350 | mode train | loss 0.3411 | accuracy 86.5625 | mean_length 64
09-13-21 09:45:05 - epoch 1 | global step 3360 | mode train | loss 0.3395 | accuracy 87.1875 | mean_length 64
09-13-21 09:46:52 - epoch 1 | global step 3370 | mode train | loss 0.3406 | accuracy 88.75 | mean_length 64
09-13-21 09:48:39 - epoch 1 | global step 3380 | mode train | loss 0.3365 | accuracy 89.0625 | mean_length 64
09-13-21 09:50:27 - epoch 1 | global step 3390 | mode train | loss 0.3399 | accuracy 86.875 | mean_length 64
09-13-21 09:52:14 - epoch 1 | global step 3400 | mode train | loss 0.3162 | accuracy 89.0625 | mean_length 64
09-13-21 09:54:01 - epoch 1 | global step 3410 | mode train | loss 0.369 | accuracy 86.5625 | mean_length 64
09-13-21 09:55:48 - epoch 1 | global step 3420 | mode train | loss 0.2833 | accuracy 90.0 | mean_length 64
09-13-21 09:57:36 - epoch 1 | global step 3430 | mode train | loss 0.3124 | accuracy 88.75 | mean_length 64
09-13-21 09:59:23 - epoch 1 | global step 3440 | mode train | loss 0.2886 | accuracy 91.5625 | mean_length 64
09-13-21 10:01:10 - epoch 1 | global step 3450 | mode train | loss 0.3271 | accuracy 88.125 | mean_length 64
09-13-21 10:02:58 - epoch 1 | global step 3460 | mode train | loss 0.3041 | accuracy 89.6875 | mean_length 64
09-13-21 10:04:45 - epoch 1 | global step 3470 | mode train | loss 0.297 | accuracy 90.625 | mean_length 64
09-13-21 10:06:32 - epoch 1 | global step 3480 | mode train | loss 0.2849 | accuracy 88.4375 | mean_length 64
09-13-21 10:08:19 - epoch 1 | global step 3490 | mode train | loss 0.2835 | accuracy 90.9375 | mean_length 64
09-13-21 10:10:07 - epoch 1 | global step 3500 | mode train | loss 0.3229 | accuracy 89.6875 | mean_length 64
09-13-21 10:11:54 - epoch 1 | global step 3510 | mode train | loss 0.2532 | accuracy 93.125 | mean_length 64
09-13-21 10:13:41 - epoch 1 | global step 3520 | mode train | loss 0.2857 | accuracy 92.5 | mean_length 64
09-13-21 10:15:28 - epoch 1 | global step 3530 | mode train | loss 0.2975 | accuracy 90.625 | mean_length 64
09-13-21 10:17:16 - epoch 1 | global step 3540 | mode train | loss 0.2605 | accuracy 90.625 | mean_length 64
09-13-21 10:19:03 - epoch 1 | global step 3550 | mode train | loss 0.2752 | accuracy 92.5 | mean_length 64
09-13-21 10:20:50 - epoch 1 | global step 3560 | mode train | loss 0.3213 | accuracy 88.75 | mean_length 64
09-13-21 10:22:37 - epoch 1 | global step 3570 | mode train | loss 0.2897 | accuracy 88.75 | mean_length 64
09-13-21 10:24:25 - epoch 1 | global step 3580 | mode train | loss 0.2927 | accuracy 89.0625 | mean_length 64
09-13-21 10:34:43 - epoch 1 | global step 3584 | mode validation | loss 0.2588 | accuracy 91.46 | mean_length 64
09-13-21 10:34:43 - Saving model to Output/accGrad4_mbart_noBT_lr9.0e-6_7distractors_maxstep8192_seed43
Epoch: 1, Prediction Accuracy: 91.46, Saved to Path: Output/accGrad4_mbart_noBT_lr9.0e-6_7distractors_maxstep8192_seed43
09-13-21 10:35:58 - epoch 1 | global step 3590 | mode train | loss 0.3065 | accuracy 89.6875 | mean_length 64
09-13-21 10:37:45 - epoch 1 | global step 3600 | mode train | loss 0.2816 | accuracy 90.625 | mean_length 64
09-13-21 10:39:33 - epoch 1 | global step 3610 | mode train | loss 0.2352 | accuracy 92.5 | mean_length 64
09-13-21 10:41:20 - epoch 1 | global step 3620 | mode train | loss 0.2445 | accuracy 92.1875 | mean_length 64
09-13-21 10:43:08 - epoch 1 | global step 3630 | mode train | loss 0.2803 | accuracy 90.3125 | mean_length 64
09-13-21 10:44:55 - epoch 1 | global step 3640 | mode train | loss 0.3007 | accuracy 89.0625 | mean_length 64
09-13-21 10:46:42 - epoch 1 | global step 3650 | mode train | loss 0.2586 | accuracy 90.3125 | mean_length 64
09-13-21 10:48:30 - epoch 1 | global step 3660 | mode train | loss 0.2386 | accuracy 92.5 | mean_length 64
09-13-21 10:50:17 - epoch 1 | global step 3670 | mode train | loss 0.2917 | accuracy 91.25 | mean_length 64
09-13-21 10:52:04 - epoch 1 | global step 3680 | mode train | loss 0.2229 | accuracy 91.875 | mean_length 64
09-13-21 10:53:51 - epoch 1 | global step 3690 | mode train | loss 0.3443 | accuracy 88.4375 | mean_length 64
09-13-21 10:55:38 - epoch 1 | global step 3700 | mode train | loss 0.2746 | accuracy 88.125 | mean_length 64
09-13-21 10:57:26 - epoch 1 | global step 3710 | mode train | loss 0.2355 | accuracy 91.5625 | mean_length 64
09-13-21 10:59:13 - epoch 1 | global step 3720 | mode train | loss 0.2053 | accuracy 94.0625 | mean_length 64
09-13-21 11:01:00 - epoch 1 | global step 3730 | mode train | loss 0.2827 | accuracy 90.3125 | mean_length 64
09-13-21 11:02:47 - epoch 1 | global step 3740 | mode train | loss 0.3335 | accuracy 87.8125 | mean_length 64
09-13-21 11:04:34 - epoch 1 | global step 3750 | mode train | loss 0.2306 | accuracy 92.1875 | mean_length 64
09-13-21 11:06:22 - epoch 1 | global step 3760 | mode train | loss 0.2182 | accuracy 91.5625 | mean_length 64
09-13-21 11:08:09 - epoch 1 | global step 3770 | mode train | loss 0.2488 | accuracy 90.9375 | mean_length 64
09-13-21 11:09:56 - epoch 1 | global step 3780 | mode train | loss 0.2718 | accuracy 90.9375 | mean_length 64
09-13-21 11:11:43 - epoch 1 | global step 3790 | mode train | loss 0.2522 | accuracy 91.5625 | mean_length 64
09-13-21 11:13:31 - epoch 1 | global step 3800 | mode train | loss 0.3066 | accuracy 89.0625 | mean_length 64
09-13-21 11:15:18 - epoch 1 | global step 3810 | mode train | loss 0.2337 | accuracy 91.875 | mean_length 64
09-13-21 11:17:05 - epoch 1 | global step 3820 | mode train | loss 0.2381 | accuracy 92.1875 | mean_length 64
09-13-21 11:18:52 - epoch 1 | global step 3830 | mode train | loss 0.3042 | accuracy 91.25 | mean_length 64
09-13-21 11:20:39 - epoch 1 | global step 3840 | mode train | loss 0.249 | accuracy 93.125 | mean_length 64
09-13-21 11:22:27 - epoch 1 | global step 3850 | mode train | loss 0.2657 | accuracy 90.9375 | mean_length 64
09-13-21 11:24:14 - epoch 1 | global step 3860 | mode train | loss 0.3217 | accuracy 87.8125 | mean_length 64
09-13-21 11:26:01 - epoch 1 | global step 3870 | mode train | loss 0.2093 | accuracy 92.1875 | mean_length 64
09-13-21 11:27:48 - epoch 1 | global step 3880 | mode train | loss 0.2493 | accuracy 91.875 | mean_length 64
09-13-21 11:29:35 - epoch 1 | global step 3890 | mode train | loss 0.2206 | accuracy 93.125 | mean_length 64
09-13-21 11:31:23 - epoch 1 | global step 3900 | mode train | loss 0.3247 | accuracy 87.8125 | mean_length 64
09-13-21 11:33:10 - epoch 1 | global step 3910 | mode train | loss 0.2315 | accuracy 92.8125 | mean_length 64
09-13-21 11:34:57 - epoch 1 | global step 3920 | mode train | loss 0.2142 | accuracy 94.0625 | mean_length 64
09-13-21 11:36:44 - epoch 1 | global step 3930 | mode train | loss 0.1923 | accuracy 93.75 | mean_length 64
09-13-21 11:38:31 - epoch 1 | global step 3940 | mode train | loss 0.2482 | accuracy 92.1875 | mean_length 64
09-13-21 11:40:19 - epoch 1 | global step 3950 | mode train | loss 0.2696 | accuracy 90.3125 | mean_length 64
09-13-21 11:42:06 - epoch 1 | global step 3960 | mode train | loss 0.2583 | accuracy 91.5625 | mean_length 64
09-13-21 11:43:54 - epoch 1 | global step 3970 | mode train | loss 0.2829 | accuracy 89.0625 | mean_length 64
09-13-21 11:45:41 - epoch 1 | global step 3980 | mode train | loss 0.2465 | accuracy 92.5 | mean_length 64
09-13-21 11:47:28 - epoch 1 | global step 3990 | mode train | loss 0.2682 | accuracy 89.375 | mean_length 64
09-13-21 11:49:15 - epoch 1 | global step 4000 | mode train | loss 0.2379 | accuracy 92.1875 | mean_length 64
09-13-21 11:51:03 - epoch 1 | global step 4010 | mode train | loss 0.2267 | accuracy 93.75 | mean_length 64
09-13-21 11:52:50 - epoch 1 | global step 4020 | mode train | loss 0.2283 | accuracy 92.5 | mean_length 64
09-13-21 11:54:37 - epoch 1 | global step 4030 | mode train | loss 0.1993 | accuracy 92.8125 | mean_length 64
09-13-21 11:56:24 - epoch 1 | global step 4040 | mode train | loss 0.2898 | accuracy 92.1875 | mean_length 64
09-13-21 11:58:11 - epoch 1 | global step 4050 | mode train | loss 0.2608 | accuracy 91.5625 | mean_length 64
09-13-21 11:59:59 - epoch 1 | global step 4060 | mode train | loss 0.2457 | accuracy 91.875 | mean_length 64
09-13-21 12:01:46 - epoch 1 | global step 4070 | mode train | loss 0.2179 | accuracy 94.375 | mean_length 64
09-13-21 12:03:33 - epoch 1 | global step 4080 | mode train | loss 0.2512 | accuracy 90.625 | mean_length 64
09-13-21 12:05:20 - epoch 1 | global step 4090 | mode train | loss 0.2668 | accuracy 91.25 | mean_length 64
09-13-21 12:16:00 - epoch 1 | global step 4096 | mode validation | loss 0.2381 | accuracy 91.74 | mean_length 64
09-13-21 12:16:00 - Saving model to Output/accGrad4_mbart_noBT_lr9.0e-6_7distractors_maxstep8192_seed43
Epoch: 1, Prediction Accuracy: 91.74, Saved to Path: Output/accGrad4_mbart_noBT_lr9.0e-6_7distractors_maxstep8192_seed43
09-13-21 12:16:53 - epoch 1 | global step 4100 | mode train | loss 0.2569 | accuracy 90.0 | mean_length 64
09-13-21 12:18:40 - epoch 1 | global step 4110 | mode train | loss 0.2011 | accuracy 93.125 | mean_length 64
09-13-21 12:20:27 - epoch 1 | global step 4120 | mode train | loss 0.2139 | accuracy 93.75 | mean_length 64
09-13-21 12:22:15 - epoch 1 | global step 4130 | mode train | loss 0.2671 | accuracy 90.625 | mean_length 64
09-13-21 12:24:02 - epoch 1 | global step 4140 | mode train | loss 0.2234 | accuracy 91.5625 | mean_length 64
09-13-21 12:25:49 - epoch 1 | global step 4150 | mode train | loss 0.2378 | accuracy 93.125 | mean_length 64
09-13-21 12:27:36 - epoch 1 | global step 4160 | mode train | loss 0.2972 | accuracy 90.625 | mean_length 64
09-13-21 12:29:24 - epoch 1 | global step 4170 | mode train | loss 0.2035 | accuracy 94.375 | mean_length 64
09-13-21 12:31:11 - epoch 1 | global step 4180 | mode train | loss 0.2284 | accuracy 92.8125 | mean_length 64
09-13-21 12:32:58 - epoch 1 | global step 4190 | mode train | loss 0.2489 | accuracy 89.6875 | mean_length 64
09-13-21 12:34:45 - epoch 1 | global step 4200 | mode train | loss 0.2019 | accuracy 93.75 | mean_length 64
09-13-21 12:36:33 - epoch 1 | global step 4210 | mode train | loss 0.2174 | accuracy 92.8125 | mean_length 64
09-13-21 12:38:20 - epoch 1 | global step 4220 | mode train | loss 0.1756 | accuracy 94.375 | mean_length 64
09-13-21 12:40:07 - epoch 1 | global step 4230 | mode train | loss 0.2463 | accuracy 91.875 | mean_length 64
09-13-21 12:41:54 - epoch 1 | global step 4240 | mode train | loss 0.1856 | accuracy 93.75 | mean_length 64
09-13-21 12:43:42 - epoch 1 | global step 4250 | mode train | loss 0.2416 | accuracy 92.1875 | mean_length 64
09-13-21 12:45:29 - epoch 1 | global step 4260 | mode train | loss 0.2916 | accuracy 90.3125 | mean_length 64
09-13-21 12:47:17 - epoch 1 | global step 4270 | mode train | loss 0.2517 | accuracy 91.5625 | mean_length 64
09-13-21 12:49:04 - epoch 1 | global step 4280 | mode train | loss 0.2897 | accuracy 91.5625 | mean_length 64
09-13-21 12:50:51 - epoch 1 | global step 4290 | mode train | loss 0.2066 | accuracy 94.0625 | mean_length 64
09-13-21 12:52:38 - epoch 1 | global step 4300 | mode train | loss 0.2253 | accuracy 90.9375 | mean_length 64
09-13-21 12:54:25 - epoch 1 | global step 4310 | mode train | loss 0.2259 | accuracy 91.875 | mean_length 64
09-13-21 12:56:13 - epoch 1 | global step 4320 | mode train | loss 0.265 | accuracy 90.625 | mean_length 64
09-13-21 12:58:00 - epoch 1 | global step 4330 | mode train | loss 0.2336 | accuracy 92.5 | mean_length 64
09-13-21 12:59:47 - epoch 1 | global step 4340 | mode train | loss 0.2245 | accuracy 92.1875 | mean_length 64
09-13-21 13:01:34 - epoch 1 | global step 4350 | mode train | loss 0.1893 | accuracy 94.0625 | mean_length 64
09-13-21 13:03:22 - epoch 1 | global step 4360 | mode train | loss 0.2879 | accuracy 90.3125 | mean_length 64
09-13-21 13:05:09 - epoch 1 | global step 4370 | mode train | loss 0.266 | accuracy 89.375 | mean_length 64
09-13-21 13:06:56 - epoch 1 | global step 4380 | mode train | loss 0.2199 | accuracy 93.4375 | mean_length 64
09-13-21 13:08:43 - epoch 1 | global step 4390 | mode train | loss 0.2821 | accuracy 91.875 | mean_length 64
09-13-21 13:10:31 - epoch 1 | global step 4400 | mode train | loss 0.1879 | accuracy 94.375 | mean_length 64
09-13-21 13:12:18 - epoch 1 | global step 4410 | mode train | loss 0.2191 | accuracy 92.5 | mean_length 64
09-13-21 13:14:05 - epoch 1 | global step 4420 | mode train | loss 0.2448 | accuracy 91.875 | mean_length 64
09-13-21 13:15:52 - epoch 1 | global step 4430 | mode train | loss 0.1588 | accuracy 95.0 | mean_length 64
09-13-21 13:17:39 - epoch 1 | global step 4440 | mode train | loss 0.165 | accuracy 94.6875 | mean_length 64
09-13-21 13:19:27 - epoch 1 | global step 4450 | mode train | loss 0.1887 | accuracy 92.5 | mean_length 64
09-13-21 13:21:14 - epoch 1 | global step 4460 | mode train | loss 0.2355 | accuracy 93.125 | mean_length 64
09-13-21 13:23:02 - epoch 1 | global step 4470 | mode train | loss 0.2412 | accuracy 91.875 | mean_length 64
09-13-21 13:24:49 - epoch 1 | global step 4480 | mode train | loss 0.1852 | accuracy 94.0625 | mean_length 64
09-13-21 13:26:36 - epoch 1 | global step 4490 | mode train | loss 0.2112 | accuracy 92.8125 | mean_length 64
09-13-21 13:28:23 - epoch 1 | global step 4500 | mode train | loss 0.2571 | accuracy 91.5625 | mean_length 64
09-13-21 13:30:10 - epoch 1 | global step 4510 | mode train | loss 0.1961 | accuracy 92.5 | mean_length 64
09-13-21 13:31:58 - epoch 1 | global step 4520 | mode train | loss 0.1858 | accuracy 91.5625 | mean_length 64
09-13-21 13:33:45 - epoch 1 | global step 4530 | mode train | loss 0.1507 | accuracy 95.625 | mean_length 64
09-13-21 13:35:32 - epoch 1 | global step 4540 | mode train | loss 0.2118 | accuracy 92.1875 | mean_length 64
09-13-21 13:37:19 - epoch 1 | global step 4550 | mode train | loss 0.2144 | accuracy 95.625 | mean_length 64
09-13-21 13:39:07 - epoch 1 | global step 4560 | mode train | loss 0.2282 | accuracy 91.25 | mean_length 64
09-13-21 13:40:54 - epoch 1 | global step 4570 | mode train | loss 0.1724 | accuracy 94.6875 | mean_length 64
09-13-21 13:42:41 - epoch 1 | global step 4580 | mode train | loss 0.2492 | accuracy 90.3125 | mean_length 64
09-13-21 13:44:29 - epoch 1 | global step 4590 | mode train | loss 0.2199 | accuracy 92.8125 | mean_length 64
09-13-21 13:46:16 - epoch 1 | global step 4600 | mode train | loss 0.1432 | accuracy 95.9375 | mean_length 64
09-13-21 13:57:17 - epoch 1 | global step 4608 | mode validation | loss 0.239 | accuracy 91.4 | mean_length 64
09-13-21 13:57:38 - epoch 1 | global step 4610 | mode train | loss 0.2167 | accuracy 92.5 | mean_length 64
09-13-21 13:59:25 - epoch 1 | global step 4620 | mode train | loss 0.2285 | accuracy 92.5 | mean_length 64
09-13-21 14:01:13 - epoch 1 | global step 4630 | mode train | loss 0.2119 | accuracy 94.6875 | mean_length 64
09-13-21 14:03:00 - epoch 1 | global step 4640 | mode train | loss 0.2446 | accuracy 90.3125 | mean_length 64
09-13-21 14:04:47 - epoch 1 | global step 4650 | mode train | loss 0.2255 | accuracy 92.1875 | mean_length 64
09-13-21 14:06:35 - epoch 1 | global step 4660 | mode train | loss 0.2021 | accuracy 94.0625 | mean_length 64
09-13-21 14:08:22 - epoch 1 | global step 4670 | mode train | loss 0.1754 | accuracy 95.0 | mean_length 64
09-13-21 14:10:09 - epoch 1 | global step 4680 | mode train | loss 0.1834 | accuracy 95.0 | mean_length 64
09-13-21 14:11:56 - epoch 1 | global step 4690 | mode train | loss 0.1853 | accuracy 95.625 | mean_length 64
09-13-21 14:13:43 - epoch 1 | global step 4700 | mode train | loss 0.12 | accuracy 96.5625 | mean_length 64
09-13-21 14:15:30 - epoch 1 | global step 4710 | mode train | loss 0.1852 | accuracy 93.125 | mean_length 64
09-13-21 14:17:18 - epoch 1 | global step 4720 | mode train | loss 0.1917 | accuracy 93.125 | mean_length 64
09-13-21 14:19:05 - epoch 1 | global step 4730 | mode train | loss 0.2057 | accuracy 91.25 | mean_length 64
09-13-21 14:20:52 - epoch 1 | global step 4740 | mode train | loss 0.2178 | accuracy 92.5 | mean_length 64
09-13-21 14:22:39 - epoch 1 | global step 4750 | mode train | loss 0.1788 | accuracy 93.75 | mean_length 64
09-13-21 14:24:27 - epoch 1 | global step 4760 | mode train | loss 0.146 | accuracy 96.25 | mean_length 64
09-13-21 14:26:14 - epoch 1 | global step 4770 | mode train | loss 0.2438 | accuracy 92.5 | mean_length 64
09-13-21 14:28:01 - epoch 1 | global step 4780 | mode train | loss 0.2888 | accuracy 87.1875 | mean_length 64
09-13-21 14:29:48 - epoch 1 | global step 4790 | mode train | loss 0.1842 | accuracy 94.375 | mean_length 64
09-13-21 14:31:35 - epoch 1 | global step 4800 | mode train | loss 0.186 | accuracy 92.8125 | mean_length 64
09-13-21 14:33:22 - epoch 1 | global step 4810 | mode train | loss 0.1651 | accuracy 94.375 | mean_length 64
09-13-21 14:35:10 - epoch 1 | global step 4820 | mode train | loss 0.1554 | accuracy 95.3125 | mean_length 64
09-13-21 14:36:57 - epoch 1 | global step 4830 | mode train | loss 0.2069 | accuracy 91.5625 | mean_length 64
09-13-21 14:38:44 - epoch 1 | global step 4840 | mode train | loss 0.2058 | accuracy 92.1875 | mean_length 64
09-13-21 14:40:31 - epoch 1 | global step 4850 | mode train | loss 0.1806 | accuracy 95.3125 | mean_length 64
09-13-21 14:42:18 - epoch 1 | global step 4860 | mode train | loss 0.2125 | accuracy 93.125 | mean_length 64
09-13-21 14:44:05 - epoch 1 | global step 4870 | mode train | loss 0.1865 | accuracy 94.0625 | mean_length 64
09-13-21 14:45:53 - epoch 1 | global step 4880 | mode train | loss 0.1935 | accuracy 94.0625 | mean_length 64
09-13-21 14:47:41 - epoch 1 | global step 4890 | mode train | loss 0.2114 | accuracy 93.125 | mean_length 64
09-13-21 14:49:28 - epoch 1 | global step 4900 | mode train | loss 0.2249 | accuracy 93.125 | mean_length 64
09-13-21 14:51:15 - epoch 1 | global step 4910 | mode train | loss 0.1469 | accuracy 95.625 | mean_length 64
09-13-21 14:53:02 - epoch 1 | global step 4920 | mode train | loss 0.2588 | accuracy 90.625 | mean_length 64
09-13-21 14:54:49 - epoch 1 | global step 4930 | mode train | loss 0.1506 | accuracy 95.0 | mean_length 64
09-13-21 14:56:36 - epoch 1 | global step 4940 | mode train | loss 0.1564 | accuracy 94.375 | mean_length 64
09-13-21 14:58:24 - epoch 1 | global step 4950 | mode train | loss 0.2172 | accuracy 93.4375 | mean_length 64
09-13-21 15:00:11 - epoch 1 | global step 4960 | mode train | loss 0.1741 | accuracy 95.3125 | mean_length 64
09-13-21 15:01:58 - epoch 1 | global step 4970 | mode train | loss 0.1806 | accuracy 92.5 | mean_length 64
09-13-21 15:03:45 - epoch 1 | global step 4980 | mode train | loss 0.1917 | accuracy 93.75 | mean_length 64
09-13-21 15:05:33 - epoch 1 | global step 4990 | mode train | loss 0.1912 | accuracy 93.4375 | mean_length 64
09-13-21 15:07:20 - epoch 1 | global step 5000 | mode train | loss 0.1945 | accuracy 93.75 | mean_length 64
09-13-21 15:09:07 - epoch 1 | global step 5010 | mode train | loss 0.2035 | accuracy 92.8125 | mean_length 64
09-13-21 15:10:54 - epoch 1 | global step 5020 | mode train | loss 0.2023 | accuracy 93.125 | mean_length 64
09-13-21 15:12:41 - epoch 1 | global step 5030 | mode train | loss 0.1368 | accuracy 97.1875 | mean_length 64
09-13-21 15:14:28 - epoch 1 | global step 5040 | mode train | loss 0.2441 | accuracy 90.0 | mean_length 64
09-13-21 15:16:16 - epoch 1 | global step 5050 | mode train | loss 0.1618 | accuracy 94.375 | mean_length 64
09-13-21 15:18:03 - epoch 1 | global step 5060 | mode train | loss 0.1581 | accuracy 93.4375 | mean_length 64
09-13-21 15:19:50 - epoch 1 | global step 5070 | mode train | loss 0.1669 | accuracy 93.75 | mean_length 64
09-13-21 15:21:37 - epoch 1 | global step 5080 | mode train | loss 0.1637 | accuracy 94.0625 | mean_length 64
09-13-21 15:23:24 - epoch 1 | global step 5090 | mode train | loss 0.1943 | accuracy 94.375 | mean_length 64
09-13-21 15:25:12 - epoch 1 | global step 5100 | mode train | loss 0.1438 | accuracy 95.3125 | mean_length 64
09-13-21 15:26:59 - epoch 1 | global step 5110 | mode train | loss 0.2252 | accuracy 91.5625 | mean_length 64
09-13-21 15:28:46 - epoch 1 | global step 5120 | mode train | loss 0.174 | accuracy 94.0625 | mean_length 64
09-13-21 15:38:20 - epoch 1 | global step 5120 | mode validation | loss 0.1544 | accuracy 94.8 | mean_length 64
09-13-21 15:38:20 - Saving model to Output/accGrad4_mbart_noBT_lr9.0e-6_7distractors_maxstep8192_seed43
Epoch: 1, Prediction Accuracy: 94.8, Saved to Path: Output/accGrad4_mbart_noBT_lr9.0e-6_7distractors_maxstep8192_seed43
09-13-21 15:40:16 - epoch 1 | global step 5130 | mode train | loss 0.1537 | accuracy 95.625 | mean_length 64
09-13-21 15:42:03 - epoch 1 | global step 5140 | mode train | loss 0.1744 | accuracy 94.6875 | mean_length 64
09-13-21 15:43:51 - epoch 1 | global step 5150 | mode train | loss 0.1398 | accuracy 95.9375 | mean_length 64
09-13-21 15:45:39 - epoch 1 | global step 5160 | mode train | loss 0.1825 | accuracy 92.5 | mean_length 64
09-13-21 15:47:26 - epoch 1 | global step 5170 | mode train | loss 0.1606 | accuracy 94.6875 | mean_length 64
09-13-21 15:49:14 - epoch 1 | global step 5180 | mode train | loss 0.1772 | accuracy 93.75 | mean_length 64
09-13-21 15:51:01 - epoch 1 | global step 5190 | mode train | loss 0.1389 | accuracy 94.6875 | mean_length 64
09-13-21 15:52:48 - epoch 1 | global step 5200 | mode train | loss 0.1754 | accuracy 94.375 | mean_length 64
09-13-21 15:54:35 - epoch 1 | global step 5210 | mode train | loss 0.1451 | accuracy 95.3125 | mean_length 64
09-13-21 15:56:23 - epoch 1 | global step 5220 | mode train | loss 0.1646 | accuracy 94.375 | mean_length 64
09-13-21 15:58:10 - epoch 1 | global step 5230 | mode train | loss 0.1841 | accuracy 93.4375 | mean_length 64
09-13-21 15:59:57 - epoch 1 | global step 5240 | mode train | loss 0.1482 | accuracy 96.5625 | mean_length 64
09-13-21 16:01:45 - epoch 1 | global step 5250 | mode train | loss 0.2362 | accuracy 91.25 | mean_length 64
09-13-21 16:03:32 - epoch 1 | global step 5260 | mode train | loss 0.1648 | accuracy 95.3125 | mean_length 64
09-13-21 16:05:19 - epoch 1 | global step 5270 | mode train | loss 0.1461 | accuracy 95.9375 | mean_length 64
09-13-21 16:07:06 - epoch 1 | global step 5280 | mode train | loss 0.1926 | accuracy 93.4375 | mean_length 64
09-13-21 16:08:54 - epoch 1 | global step 5290 | mode train | loss 0.1656 | accuracy 94.375 | mean_length 64
09-13-21 16:10:41 - epoch 1 | global step 5300 | mode train | loss 0.1779 | accuracy 93.4375 | mean_length 64
09-13-21 16:12:28 - epoch 1 | global step 5310 | mode train | loss 0.1495 | accuracy 95.625 | mean_length 64
09-13-21 16:14:15 - epoch 1 | global step 5320 | mode train | loss 0.1712 | accuracy 94.0625 | mean_length 64
09-13-21 16:16:03 - epoch 1 | global step 5330 | mode train | loss 0.2376 | accuracy 92.1875 | mean_length 64
09-13-21 16:17:50 - epoch 1 | global step 5340 | mode train | loss 0.1781 | accuracy 93.75 | mean_length 64
09-13-21 16:19:37 - epoch 1 | global step 5350 | mode train | loss 0.1852 | accuracy 92.5 | mean_length 64
09-13-21 16:21:24 - epoch 1 | global step 5360 | mode train | loss 0.1367 | accuracy 95.0 | mean_length 64
09-13-21 16:23:11 - epoch 1 | global step 5370 | mode train | loss 0.1617 | accuracy 95.625 | mean_length 64
09-13-21 16:24:59 - epoch 1 | global step 5380 | mode train | loss 0.1712 | accuracy 95.9375 | mean_length 64
09-13-21 16:26:46 - epoch 1 | global step 5390 | mode train | loss 0.1474 | accuracy 94.6875 | mean_length 64
09-13-21 16:28:33 - epoch 1 | global step 5400 | mode train | loss 0.1385 | accuracy 95.9375 | mean_length 64
09-13-21 16:30:20 - epoch 1 | global step 5410 | mode train | loss 0.1021 | accuracy 97.5 | mean_length 64
09-13-21 16:32:08 - epoch 1 | global step 5420 | mode train | loss 0.1601 | accuracy 94.375 | mean_length 64
09-13-21 16:33:55 - epoch 1 | global step 5430 | mode train | loss 0.1417 | accuracy 94.6875 | mean_length 64
09-13-21 16:35:42 - epoch 1 | global step 5440 | mode train | loss 0.1762 | accuracy 93.125 | mean_length 64
09-13-21 16:37:29 - epoch 1 | global step 5450 | mode train | loss 0.2095 | accuracy 92.1875 | mean_length 64
09-13-21 16:39:17 - epoch 1 | global step 5460 | mode train | loss 0.2546 | accuracy 91.25 | mean_length 64
09-13-21 16:41:04 - epoch 1 | global step 5470 | mode train | loss 0.2486 | accuracy 91.875 | mean_length 64
09-13-21 16:42:51 - epoch 1 | global step 5480 | mode train | loss 0.2025 | accuracy 93.4375 | mean_length 64
09-13-21 16:44:38 - epoch 1 | global step 5490 | mode train | loss 0.141 | accuracy 96.5625 | mean_length 64
09-13-21 16:46:26 - epoch 1 | global step 5500 | mode train | loss 0.192 | accuracy 94.0625 | mean_length 64
09-13-21 16:48:14 - epoch 1 | global step 5510 | mode train | loss 0.1724 | accuracy 94.6875 | mean_length 64
09-13-21 16:50:01 - epoch 1 | global step 5520 | mode train | loss 0.1135 | accuracy 96.25 | mean_length 64
09-13-21 16:51:48 - epoch 1 | global step 5530 | mode train | loss 0.1434 | accuracy 95.0 | mean_length 64
09-13-21 16:53:35 - epoch 1 | global step 5540 | mode train | loss 0.1644 | accuracy 94.0625 | mean_length 64
09-13-21 16:55:23 - epoch 1 | global step 5550 | mode train | loss 0.1229 | accuracy 96.875 | mean_length 64
09-13-21 16:57:10 - epoch 1 | global step 5560 | mode train | loss 0.19 | accuracy 93.125 | mean_length 64
09-13-21 16:58:57 - epoch 1 | global step 5570 | mode train | loss 0.1293 | accuracy 95.625 | mean_length 64
09-13-21 17:00:44 - epoch 1 | global step 5580 | mode train | loss 0.1415 | accuracy 96.5625 | mean_length 64
09-13-21 17:02:32 - epoch 1 | global step 5590 | mode train | loss 0.1691 | accuracy 95.625 | mean_length 64
09-13-21 17:04:19 - epoch 1 | global step 5600 | mode train | loss 0.1635 | accuracy 95.625 | mean_length 64
09-13-21 17:06:06 - epoch 1 | global step 5610 | mode train | loss 0.1629 | accuracy 95.0 | mean_length 64
09-13-21 17:07:53 - epoch 1 | global step 5620 | mode train | loss 0.1434 | accuracy 95.0 | mean_length 64
09-13-21 17:09:41 - epoch 1 | global step 5630 | mode train | loss 0.1401 | accuracy 94.375 | mean_length 64
09-13-21 17:19:36 - epoch 1 | global step 5632 | mode validation | loss 0.1198 | accuracy 96.22 | mean_length 64
09-13-21 17:19:36 - Saving model to Output/accGrad4_mbart_noBT_lr9.0e-6_7distractors_maxstep8192_seed43
Epoch: 1, Prediction Accuracy: 96.22, Saved to Path: Output/accGrad4_mbart_noBT_lr9.0e-6_7distractors_maxstep8192_seed43
09-13-21 17:21:11 - epoch 1 | global step 5640 | mode train | loss 0.1501 | accuracy 95.3125 | mean_length 64
09-13-21 17:22:58 - epoch 1 | global step 5650 | mode train | loss 0.1938 | accuracy 92.5 | mean_length 64
09-13-21 17:24:45 - epoch 1 | global step 5660 | mode train | loss 0.1723 | accuracy 93.4375 | mean_length 64
09-13-21 17:26:33 - epoch 1 | global step 5670 | mode train | loss 0.1755 | accuracy 95.625 | mean_length 64
09-13-21 17:28:20 - epoch 1 | global step 5680 | mode train | loss 0.1639 | accuracy 96.25 | mean_length 64
09-13-21 17:30:07 - epoch 1 | global step 5690 | mode train | loss 0.1208 | accuracy 95.9375 | mean_length 64
09-13-21 17:31:54 - epoch 1 | global step 5700 | mode train | loss 0.1669 | accuracy 95.3125 | mean_length 64
09-13-21 17:33:42 - epoch 1 | global step 5710 | mode train | loss 0.1612 | accuracy 93.125 | mean_length 64
09-13-21 17:35:29 - epoch 1 | global step 5720 | mode train | loss 0.1523 | accuracy 95.0 | mean_length 64
09-13-21 17:37:16 - epoch 1 | global step 5730 | mode train | loss 0.1372 | accuracy 95.3125 | mean_length 64
09-13-21 17:39:04 - epoch 1 | global step 5740 | mode train | loss 0.1266 | accuracy 95.9375 | mean_length 64
09-13-21 17:40:51 - epoch 1 | global step 5750 | mode train | loss 0.1799 | accuracy 94.375 | mean_length 64
09-13-21 17:42:38 - epoch 1 | global step 5760 | mode train | loss 0.147 | accuracy 95.3125 | mean_length 64
09-13-21 17:44:26 - epoch 1 | global step 5770 | mode train | loss 0.2407 | accuracy 92.1875 | mean_length 64
09-13-21 17:46:13 - epoch 1 | global step 5780 | mode train | loss 0.1773 | accuracy 93.75 | mean_length 64
09-13-21 17:48:01 - epoch 1 | global step 5790 | mode train | loss 0.215 | accuracy 92.8125 | mean_length 64
09-13-21 17:49:48 - epoch 1 | global step 5800 | mode train | loss 0.1768 | accuracy 94.6875 | mean_length 64
09-13-21 17:51:35 - epoch 1 | global step 5810 | mode train | loss 0.1101 | accuracy 97.1875 | mean_length 64
09-13-21 17:53:23 - epoch 1 | global step 5820 | mode train | loss 0.1517 | accuracy 95.0 | mean_length 64
09-13-21 17:55:10 - epoch 1 | global step 5830 | mode train | loss 0.123 | accuracy 95.625 | mean_length 64
09-13-21 17:56:57 - epoch 1 | global step 5840 | mode train | loss 0.1905 | accuracy 95.0 | mean_length 64
09-13-21 17:58:44 - epoch 1 | global step 5850 | mode train | loss 0.2458 | accuracy 91.5625 | mean_length 64
09-13-21 18:00:32 - epoch 1 | global step 5860 | mode train | loss 0.661 | accuracy 80.3125 | mean_length 64
09-13-21 18:02:19 - epoch 1 | global step 5870 | mode train | loss 0.5919 | accuracy 78.4375 | mean_length 64
09-13-21 18:04:06 - epoch 1 | global step 5880 | mode train | loss 0.4527 | accuracy 82.1875 | mean_length 64
09-13-21 18:05:53 - epoch 1 | global step 5890 | mode train | loss 0.3765 | accuracy 88.125 | mean_length 64
09-13-21 18:07:40 - epoch 1 | global step 5900 | mode train | loss 0.2891 | accuracy 91.875 | mean_length 64
09-13-21 18:09:28 - epoch 1 | global step 5910 | mode train | loss 0.2294 | accuracy 90.625 | mean_length 64
09-13-21 18:11:15 - epoch 1 | global step 5920 | mode train | loss 0.1997 | accuracy 94.375 | mean_length 63.9781
09-13-21 18:13:02 - epoch 1 | global step 5930 | mode train | loss 0.1528 | accuracy 95.9375 | mean_length 64
09-13-21 18:14:49 - epoch 1 | global step 5940 | mode train | loss 0.1925 | accuracy 93.75 | mean_length 64
09-13-21 18:16:37 - epoch 1 | global step 5950 | mode train | loss 0.2089 | accuracy 92.5 | mean_length 64
09-13-21 18:18:24 - epoch 1 | global step 5960 | mode train | loss 0.1721 | accuracy 93.75 | mean_length 64
09-13-21 18:20:11 - epoch 1 | global step 5970 | mode train | loss 0.1453 | accuracy 96.25 | mean_length 64
09-13-21 18:21:58 - epoch 1 | global step 5980 | mode train | loss 0.1425 | accuracy 95.9375 | mean_length 64
09-13-21 18:23:46 - epoch 1 | global step 5990 | mode train | loss 0.1621 | accuracy 93.4375 | mean_length 64
09-13-21 18:25:33 - epoch 1 | global step 6000 | mode train | loss 0.1715 | accuracy 94.375 | mean_length 64
09-13-21 18:27:20 - epoch 1 | global step 6010 | mode train | loss 0.1471 | accuracy 94.6875 | mean_length 64
09-13-21 18:29:07 - epoch 1 | global step 6020 | mode train | loss 0.1191 | accuracy 96.25 | mean_length 64
09-13-21 18:30:55 - epoch 1 | global step 6030 | mode train | loss 0.162 | accuracy 95.0 | mean_length 64
09-13-21 18:32:42 - epoch 1 | global step 6040 | mode train | loss 0.2011 | accuracy 92.1875 | mean_length 64
09-13-21 18:34:29 - epoch 1 | global step 6050 | mode train | loss 0.1323 | accuracy 95.0 | mean_length 64
09-13-21 18:36:16 - epoch 1 | global step 6060 | mode train | loss 0.1785 | accuracy 92.5 | mean_length 64
09-13-21 18:38:04 - epoch 1 | global step 6070 | mode train | loss 0.16 | accuracy 93.75 | mean_length 64
09-13-21 18:39:51 - epoch 1 | global step 6080 | mode train | loss 0.1468 | accuracy 96.5625 | mean_length 64
09-13-21 18:41:38 - epoch 1 | global step 6090 | mode train | loss 0.1492 | accuracy 95.625 | mean_length 64
09-13-21 18:43:26 - epoch 1 | global step 6100 | mode train | loss 0.1458 | accuracy 93.75 | mean_length 64
09-13-21 18:45:13 - epoch 1 | global step 6110 | mode train | loss 0.1174 | accuracy 96.25 | mean_length 64
09-13-21 18:47:01 - epoch 1 | global step 6120 | mode train | loss 0.1366 | accuracy 95.9375 | mean_length 64
09-13-21 18:48:48 - epoch 1 | global step 6130 | mode train | loss 0.1425 | accuracy 96.25 | mean_length 64
09-13-21 18:50:35 - epoch 1 | global step 6140 | mode train | loss 0.1467 | accuracy 94.375 | mean_length 64
09-13-21 19:00:53 - epoch 1 | global step 6144 | mode validation | loss 0.1215 | accuracy 95.8 | mean_length 64
09-13-21 19:01:57 - epoch 1 | global step 6150 | mode train | loss 0.1415 | accuracy 95.0 | mean_length 64
09-13-21 19:03:44 - epoch 1 | global step 6160 | mode train | loss 0.1109 | accuracy 96.25 | mean_length 64
09-13-21 19:05:32 - epoch 1 | global step 6170 | mode train | loss 0.092 | accuracy 97.5 | mean_length 64
09-13-21 19:07:19 - epoch 1 | global step 6180 | mode train | loss 0.103 | accuracy 98.125 | mean_length 64
09-13-21 19:09:06 - epoch 1 | global step 6190 | mode train | loss 0.126 | accuracy 96.25 | mean_length 64
09-13-21 19:10:53 - epoch 1 | global step 6200 | mode train | loss 0.1803 | accuracy 95.625 | mean_length 64
09-13-21 19:12:41 - epoch 1 | global step 6210 | mode train | loss 0.1625 | accuracy 95.3125 | mean_length 64
09-13-21 19:14:28 - epoch 1 | global step 6220 | mode train | loss 0.1516 | accuracy 96.25 | mean_length 64
09-13-21 19:16:15 - epoch 1 | global step 6230 | mode train | loss 0.1564 | accuracy 95.0 | mean_length 64
09-13-21 19:18:02 - epoch 1 | global step 6240 | mode train | loss 0.1275 | accuracy 96.5625 | mean_length 64
09-13-21 19:19:50 - epoch 1 | global step 6250 | mode train | loss 0.1443 | accuracy 95.0 | mean_length 64
09-13-21 19:21:37 - epoch 1 | global step 6260 | mode train | loss 0.1481 | accuracy 95.3125 | mean_length 64
09-13-21 19:23:24 - epoch 1 | global step 6270 | mode train | loss 0.1417 | accuracy 95.0 | mean_length 64
09-13-21 19:25:11 - epoch 1 | global step 6280 | mode train | loss 0.1336 | accuracy 95.9375 | mean_length 64
09-13-21 19:26:59 - epoch 1 | global step 6290 | mode train | loss 0.1286 | accuracy 95.9375 | mean_length 64
09-13-21 19:28:46 - epoch 1 | global step 6300 | mode train | loss 0.138 | accuracy 94.6875 | mean_length 64
09-13-21 19:30:33 - epoch 1 | global step 6310 | mode train | loss 0.1276 | accuracy 95.625 | mean_length 64
09-13-21 19:32:20 - epoch 1 | global step 6320 | mode train | loss 0.1652 | accuracy 94.375 | mean_length 64
09-13-21 19:34:08 - epoch 1 | global step 6330 | mode train | loss 0.1254 | accuracy 95.9375 | mean_length 64
09-13-21 19:35:55 - epoch 1 | global step 6340 | mode train | loss 0.1558 | accuracy 93.75 | mean_length 64
09-13-21 19:37:42 - epoch 1 | global step 6350 | mode train | loss 0.1481 | accuracy 93.4375 | mean_length 64
09-13-21 19:39:29 - epoch 1 | global step 6360 | mode train | loss 0.1382 | accuracy 95.0 | mean_length 64
09-13-21 19:41:17 - epoch 1 | global step 6370 | mode train | loss 0.1514 | accuracy 95.3125 | mean_length 64
09-13-21 19:43:04 - epoch 1 | global step 6380 | mode train | loss 0.1404 | accuracy 96.875 | mean_length 64
09-13-21 19:44:51 - epoch 1 | global step 6390 | mode train | loss 0.1518 | accuracy 95.9375 | mean_length 64
09-13-21 19:46:39 - epoch 1 | global step 6400 | mode train | loss 0.1418 | accuracy 95.0 | mean_length 64
09-13-21 19:48:26 - epoch 1 | global step 6410 | mode train | loss 0.1448 | accuracy 95.625 | mean_length 64
09-13-21 19:50:14 - epoch 1 | global step 6420 | mode train | loss 0.1352 | accuracy 95.625 | mean_length 64
09-13-21 19:52:01 - epoch 1 | global step 6430 | mode train | loss 0.1253 | accuracy 95.625 | mean_length 64
09-13-21 19:53:48 - epoch 1 | global step 6440 | mode train | loss 0.1598 | accuracy 94.375 | mean_length 64
09-13-21 19:55:35 - epoch 1 | global step 6450 | mode train | loss 0.1606 | accuracy 94.6875 | mean_length 64
09-13-21 19:57:22 - epoch 2 | global step 6460 | mode train | loss 0.1435 | accuracy 96.25 | mean_length 64
09-13-21 19:59:10 - epoch 2 | global step 6470 | mode train | loss 0.091 | accuracy 97.8125 | mean_length 64
09-13-21 20:00:57 - epoch 2 | global step 6480 | mode train | loss 0.1229 | accuracy 96.25 | mean_length 64
09-13-21 20:02:44 - epoch 2 | global step 6490 | mode train | loss 0.113 | accuracy 97.1875 | mean_length 64
09-13-21 20:04:31 - epoch 2 | global step 6500 | mode train | loss 0.1422 | accuracy 95.3125 | mean_length 64
09-13-21 20:06:19 - epoch 2 | global step 6510 | mode train | loss 0.1445 | accuracy 95.625 | mean_length 64
09-13-21 20:08:06 - epoch 2 | global step 6520 | mode train | loss 0.0958 | accuracy 97.5 | mean_length 64
09-13-21 20:09:53 - epoch 2 | global step 6530 | mode train | loss 0.1208 | accuracy 96.5625 | mean_length 64
09-13-21 20:11:40 - epoch 2 | global step 6540 | mode train | loss 0.1339 | accuracy 95.625 | mean_length 64
09-13-21 20:13:28 - epoch 2 | global step 6550 | mode train | loss 0.0957 | accuracy 96.875 | mean_length 64
09-13-21 20:15:15 - epoch 2 | global step 6560 | mode train | loss 0.1347 | accuracy 95.0 | mean_length 64
09-13-21 20:17:02 - epoch 2 | global step 6570 | mode train | loss 0.1457 | accuracy 94.6875 | mean_length 64
09-13-21 20:18:49 - epoch 2 | global step 6580 | mode train | loss 0.0949 | accuracy 96.875 | mean_length 64
09-13-21 20:20:37 - epoch 2 | global step 6590 | mode train | loss 0.126 | accuracy 94.6875 | mean_length 64
09-13-21 20:22:24 - epoch 2 | global step 6600 | mode train | loss 0.1261 | accuracy 95.3125 | mean_length 64
09-13-21 20:24:11 - epoch 2 | global step 6610 | mode train | loss 0.1404 | accuracy 94.375 | mean_length 64
09-13-21 20:25:58 - epoch 2 | global step 6620 | mode train | loss 0.1078 | accuracy 96.5625 | mean_length 64
09-13-21 20:27:46 - epoch 2 | global step 6630 | mode train | loss 0.1123 | accuracy 96.875 | mean_length 64
09-13-21 20:29:33 - epoch 2 | global step 6640 | mode train | loss 0.1151 | accuracy 96.875 | mean_length 64
09-13-21 20:31:20 - epoch 2 | global step 6650 | mode train | loss 0.1347 | accuracy 95.3125 | mean_length 64
09-13-21 20:41:59 - epoch 2 | global step 6656 | mode validation | loss 0.1222 | accuracy 95.92 | mean_length 64
09-13-21 20:42:42 - epoch 2 | global step 6660 | mode train | loss 0.1548 | accuracy 95.625 | mean_length 64
09-13-21 20:44:29 - epoch 2 | global step 6670 | mode train | loss 0.0972 | accuracy 97.8125 | mean_length 64
09-13-21 20:46:16 - epoch 2 | global step 6680 | mode train | loss 0.1249 | accuracy 95.9375 | mean_length 64
09-13-21 20:48:04 - epoch 2 | global step 6690 | mode train | loss 0.1067 | accuracy 96.875 | mean_length 64
09-13-21 20:49:51 - epoch 2 | global step 6700 | mode train | loss 0.1102 | accuracy 98.125 | mean_length 64
09-13-21 20:51:39 - epoch 2 | global step 6710 | mode train | loss 0.1377 | accuracy 96.5625 | mean_length 64
09-13-21 20:53:26 - epoch 2 | global step 6720 | mode train | loss 0.1061 | accuracy 96.875 | mean_length 64
09-13-21 20:55:13 - epoch 2 | global step 6730 | mode train | loss 0.0771 | accuracy 98.125 | mean_length 64
09-13-21 20:57:00 - epoch 2 | global step 6740 | mode train | loss 0.092 | accuracy 96.875 | mean_length 64
09-13-21 20:58:48 - epoch 2 | global step 6750 | mode train | loss 0.1118 | accuracy 95.625 | mean_length 64
09-13-21 21:00:35 - epoch 2 | global step 6760 | mode train | loss 0.1272 | accuracy 95.0 | mean_length 64
09-13-21 21:02:22 - epoch 2 | global step 6770 | mode train | loss 0.1135 | accuracy 96.25 | mean_length 64
09-13-21 21:04:09 - epoch 2 | global step 6780 | mode train | loss 0.0946 | accuracy 96.5625 | mean_length 64
09-13-21 21:05:57 - epoch 2 | global step 6790 | mode train | loss 0.1424 | accuracy 95.3125 | mean_length 64
09-13-21 21:07:44 - epoch 2 | global step 6800 | mode train | loss 0.133 | accuracy 95.3125 | mean_length 64
09-13-21 21:09:31 - epoch 2 | global step 6810 | mode train | loss 0.1527 | accuracy 95.3125 | mean_length 64
09-13-21 21:11:18 - epoch 2 | global step 6820 | mode train | loss 0.1402 | accuracy 95.625 | mean_length 64
09-13-21 21:13:05 - epoch 2 | global step 6830 | mode train | loss 0.1043 | accuracy 96.25 | mean_length 64
09-13-21 21:14:53 - epoch 2 | global step 6840 | mode train | loss 0.1006 | accuracy 97.5 | mean_length 64
09-13-21 21:16:40 - epoch 2 | global step 6850 | mode train | loss 0.0892 | accuracy 97.1875 | mean_length 64
09-13-21 21:18:27 - epoch 2 | global step 6860 | mode train | loss 0.1814 | accuracy 92.8125 | mean_length 64
09-13-21 21:20:14 - epoch 2 | global step 6870 | mode train | loss 0.132 | accuracy 96.25 | mean_length 64
09-13-21 21:22:02 - epoch 2 | global step 6880 | mode train | loss 0.1654 | accuracy 93.125 | mean_length 64
09-13-21 21:23:49 - epoch 2 | global step 6890 | mode train | loss 0.1554 | accuracy 94.375 | mean_length 64
09-13-21 21:25:36 - epoch 2 | global step 6900 | mode train | loss 0.1517 | accuracy 94.0625 | mean_length 64
09-13-21 21:27:23 - epoch 2 | global step 6910 | mode train | loss 0.1612 | accuracy 94.375 | mean_length 64
09-13-21 21:29:10 - epoch 2 | global step 6920 | mode train | loss 0.1405 | accuracy 95.3125 | mean_length 64
09-13-21 21:30:58 - epoch 2 | global step 6930 | mode train | loss 0.1583 | accuracy 95.0 | mean_length 64
09-13-21 21:32:45 - epoch 2 | global step 6940 | mode train | loss 0.1138 | accuracy 96.5625 | mean_length 64
09-13-21 21:34:32 - epoch 2 | global step 6950 | mode train | loss 0.1253 | accuracy 95.625 | mean_length 64
09-13-21 21:36:19 - epoch 2 | global step 6960 | mode train | loss 0.1066 | accuracy 97.1875 | mean_length 64
09-13-21 21:38:06 - epoch 2 | global step 6970 | mode train | loss 0.1699 | accuracy 95.0 | mean_length 64
09-13-21 21:39:54 - epoch 2 | global step 6980 | mode train | loss 0.114 | accuracy 96.875 | mean_length 64
09-13-21 21:41:41 - epoch 2 | global step 6990 | mode train | loss 0.1233 | accuracy 96.5625 | mean_length 64
09-13-21 21:43:28 - epoch 2 | global step 7000 | mode train | loss 0.1296 | accuracy 95.9375 | mean_length 64
09-13-21 21:45:15 - epoch 2 | global step 7010 | mode train | loss 0.1109 | accuracy 96.5625 | mean_length 64
09-13-21 21:47:03 - epoch 2 | global step 7020 | mode train | loss 0.1381 | accuracy 95.0 | mean_length 64
09-13-21 21:48:50 - epoch 2 | global step 7030 | mode train | loss 0.1015 | accuracy 96.5625 | mean_length 64
09-13-21 21:50:38 - epoch 2 | global step 7040 | mode train | loss 0.0979 | accuracy 97.8125 | mean_length 64
09-13-21 21:52:25 - epoch 2 | global step 7050 | mode train | loss 0.1049 | accuracy 97.1875 | mean_length 64
09-13-21 21:54:12 - epoch 2 | global step 7060 | mode train | loss 0.0853 | accuracy 96.875 | mean_length 64
09-13-21 21:55:59 - epoch 2 | global step 7070 | mode train | loss 0.1224 | accuracy 96.5625 | mean_length 64
09-13-21 21:57:47 - epoch 2 | global step 7080 | mode train | loss 0.1293 | accuracy 96.25 | mean_length 64
09-13-21 21:59:34 - epoch 2 | global step 7090 | mode train | loss 0.0729 | accuracy 98.4375 | mean_length 64
09-13-21 22:01:21 - epoch 2 | global step 7100 | mode train | loss 0.1072 | accuracy 96.5625 | mean_length 64
09-13-21 22:03:08 - epoch 2 | global step 7110 | mode train | loss 0.0889 | accuracy 97.5 | mean_length 64
09-13-21 22:04:56 - epoch 2 | global step 7120 | mode train | loss 0.1026 | accuracy 97.5 | mean_length 64
09-13-21 22:06:43 - epoch 2 | global step 7130 | mode train | loss 0.073 | accuracy 98.4375 | mean_length 64
09-13-21 22:08:30 - epoch 2 | global step 7140 | mode train | loss 0.1179 | accuracy 95.0 | mean_length 64
09-13-21 22:10:17 - epoch 2 | global step 7150 | mode train | loss 0.1323 | accuracy 95.0 | mean_length 64
09-13-21 22:12:04 - epoch 2 | global step 7160 | mode train | loss 0.1277 | accuracy 95.625 | mean_length 64
09-13-21 22:23:06 - epoch 2 | global step 7168 | mode validation | loss 0.0919 | accuracy 96.98 | mean_length 64
09-13-21 22:23:06 - Saving model to Output/accGrad4_mbart_noBT_lr9.0e-6_7distractors_maxstep8192_seed43
Epoch: 2, Prediction Accuracy: 96.98, Saved to Path: Output/accGrad4_mbart_noBT_lr9.0e-6_7distractors_maxstep8192_seed43
09-13-21 22:23:36 - epoch 2 | global step 7170 | mode train | loss 0.0851 | accuracy 98.125 | mean_length 64
09-13-21 22:25:23 - epoch 2 | global step 7180 | mode train | loss 0.1195 | accuracy 95.3125 | mean_length 64
09-13-21 22:27:10 - epoch 2 | global step 7190 | mode train | loss 0.1247 | accuracy 95.9375 | mean_length 64
09-13-21 22:28:57 - epoch 2 | global step 7200 | mode train | loss 0.0943 | accuracy 97.5 | mean_length 64
09-13-21 22:30:45 - epoch 2 | global step 7210 | mode train | loss 0.1163 | accuracy 96.25 | mean_length 64
09-13-21 22:32:32 - epoch 2 | global step 7220 | mode train | loss 0.0929 | accuracy 97.5 | mean_length 64
09-13-21 22:34:19 - epoch 2 | global step 7230 | mode train | loss 0.1236 | accuracy 95.625 | mean_length 64
09-13-21 22:36:06 - epoch 2 | global step 7240 | mode train | loss 0.1003 | accuracy 96.875 | mean_length 64
09-13-21 22:37:54 - epoch 2 | global step 7250 | mode train | loss 0.1036 | accuracy 96.5625 | mean_length 64
09-13-21 22:39:41 - epoch 2 | global step 7260 | mode train | loss 0.09 | accuracy 97.5 | mean_length 64
09-13-21 22:41:28 - epoch 2 | global step 7270 | mode train | loss 0.0859 | accuracy 96.875 | mean_length 64
09-13-21 22:43:16 - epoch 2 | global step 7280 | mode train | loss 0.084 | accuracy 97.8125 | mean_length 64
09-13-21 22:45:03 - epoch 2 | global step 7290 | mode train | loss 0.128 | accuracy 96.25 | mean_length 64
09-13-21 22:46:50 - epoch 2 | global step 7300 | mode train | loss 0.115 | accuracy 95.9375 | mean_length 64
09-13-21 22:48:38 - epoch 2 | global step 7310 | mode train | loss 0.0918 | accuracy 97.5 | mean_length 64
09-13-21 22:50:26 - epoch 2 | global step 7320 | mode train | loss 0.1164 | accuracy 95.625 | mean_length 64
09-13-21 22:52:13 - epoch 2 | global step 7330 | mode train | loss 0.1051 | accuracy 97.1875 | mean_length 64
09-13-21 22:54:00 - epoch 2 | global step 7340 | mode train | loss 0.1106 | accuracy 96.25 | mean_length 64
09-13-21 22:55:47 - epoch 2 | global step 7350 | mode train | loss 0.1444 | accuracy 95.0 | mean_length 64
09-13-21 22:57:35 - epoch 2 | global step 7360 | mode train | loss 0.1249 | accuracy 95.3125 | mean_length 64
09-13-21 22:59:22 - epoch 2 | global step 7370 | mode train | loss 0.0922 | accuracy 96.875 | mean_length 64
09-13-21 23:01:09 - epoch 2 | global step 7380 | mode train | loss 0.1089 | accuracy 95.9375 | mean_length 64
09-13-21 23:02:56 - epoch 2 | global step 7390 | mode train | loss 0.115 | accuracy 95.625 | mean_length 64
09-13-21 23:04:44 - epoch 2 | global step 7400 | mode train | loss 0.0915 | accuracy 97.1875 | mean_length 64
09-13-21 23:06:31 - epoch 2 | global step 7410 | mode train | loss 0.1043 | accuracy 95.9375 | mean_length 64
09-13-21 23:08:18 - epoch 2 | global step 7420 | mode train | loss 0.1144 | accuracy 96.25 | mean_length 64
09-13-21 23:10:06 - epoch 2 | global step 7430 | mode train | loss 0.0931 | accuracy 96.875 | mean_length 64
09-13-21 23:11:53 - epoch 2 | global step 7440 | mode train | loss 0.0744 | accuracy 97.5 | mean_length 64
09-13-21 23:13:40 - epoch 2 | global step 7450 | mode train | loss 0.0786 | accuracy 98.125 | mean_length 64
09-13-21 23:15:27 - epoch 2 | global step 7460 | mode train | loss 0.0991 | accuracy 98.125 | mean_length 64
09-13-21 23:17:15 - epoch 2 | global step 7470 | mode train | loss 0.1451 | accuracy 95.625 | mean_length 64
09-13-21 23:19:02 - epoch 2 | global step 7480 | mode train | loss 0.08 | accuracy 98.75 | mean_length 64
09-13-21 23:20:49 - epoch 2 | global step 7490 | mode train | loss 0.083 | accuracy 96.875 | mean_length 64
09-13-21 23:22:36 - epoch 2 | global step 7500 | mode train | loss 0.0913 | accuracy 97.1875 | mean_length 64
09-13-21 23:24:24 - epoch 2 | global step 7510 | mode train | loss 0.0931 | accuracy 97.8125 | mean_length 64
09-13-21 23:26:11 - epoch 2 | global step 7520 | mode train | loss 0.1115 | accuracy 96.5625 | mean_length 64
09-13-21 23:27:58 - epoch 2 | global step 7530 | mode train | loss 0.1029 | accuracy 97.5 | mean_length 64
09-13-21 23:29:45 - epoch 2 | global step 7540 | mode train | loss 0.1242 | accuracy 95.3125 | mean_length 64
09-13-21 23:31:32 - epoch 2 | global step 7550 | mode train | loss 0.1089 | accuracy 95.625 | mean_length 64
09-13-21 23:33:19 - epoch 2 | global step 7560 | mode train | loss 0.0736 | accuracy 97.8125 | mean_length 64
09-13-21 23:35:07 - epoch 2 | global step 7570 | mode train | loss 0.1173 | accuracy 96.5625 | mean_length 64
09-13-21 23:36:54 - epoch 2 | global step 7580 | mode train | loss 0.1024 | accuracy 95.9375 | mean_length 64
09-13-21 23:38:41 - epoch 2 | global step 7590 | mode train | loss 0.1296 | accuracy 95.0 | mean_length 64
09-13-21 23:40:28 - epoch 2 | global step 7600 | mode train | loss 0.101 | accuracy 96.25 | mean_length 64
09-13-21 23:42:16 - epoch 2 | global step 7610 | mode train | loss 0.0963 | accuracy 97.8125 | mean_length 64
09-13-21 23:44:03 - epoch 2 | global step 7620 | mode train | loss 0.1173 | accuracy 95.3125 | mean_length 64
09-13-21 23:45:50 - epoch 2 | global step 7630 | mode train | loss 0.1075 | accuracy 96.25 | mean_length 64
09-13-21 23:47:37 - epoch 2 | global step 7640 | mode train | loss 0.0887 | accuracy 98.4375 | mean_length 64
09-13-21 23:49:25 - epoch 2 | global step 7650 | mode train | loss 0.0894 | accuracy 97.8125 | mean_length 64
09-13-21 23:51:13 - epoch 2 | global step 7660 | mode train | loss 0.1112 | accuracy 96.875 | mean_length 64
09-13-21 23:53:00 - epoch 2 | global step 7670 | mode train | loss 0.1172 | accuracy 95.625 | mean_length 64
09-13-21 23:54:47 - epoch 2 | global step 7680 | mode train | loss 0.1113 | accuracy 96.875 | mean_length 64
09-14-21 00:04:22 - epoch 2 | global step 7680 | mode validation | loss 0.0993 | accuracy 96.86 | mean_length 64
09-14-21 00:06:09 - epoch 2 | global step 7690 | mode train | loss 0.1052 | accuracy 96.25 | mean_length 64
09-14-21 00:07:57 - epoch 2 | global step 7700 | mode train | loss 0.1148 | accuracy 95.9375 | mean_length 64
09-14-21 00:09:44 - epoch 2 | global step 7710 | mode train | loss 0.0794 | accuracy 98.4375 | mean_length 64
09-14-21 00:11:31 - epoch 2 | global step 7720 | mode train | loss 0.1124 | accuracy 96.875 | mean_length 64
09-14-21 00:13:18 - epoch 2 | global step 7730 | mode train | loss 0.1037 | accuracy 97.1875 | mean_length 64
09-14-21 00:15:06 - epoch 2 | global step 7740 | mode train | loss 0.0699 | accuracy 98.4375 | mean_length 64
09-14-21 00:16:53 - epoch 2 | global step 7750 | mode train | loss 0.0879 | accuracy 97.1875 | mean_length 64
09-14-21 00:18:40 - epoch 2 | global step 7760 | mode train | loss 0.0832 | accuracy 97.1875 | mean_length 64
09-14-21 00:20:27 - epoch 2 | global step 7770 | mode train | loss 0.0912 | accuracy 96.875 | mean_length 64
09-14-21 00:22:15 - epoch 2 | global step 7780 | mode train | loss 0.1222 | accuracy 95.625 | mean_length 64
09-14-21 00:24:02 - epoch 2 | global step 7790 | mode train | loss 0.0839 | accuracy 97.8125 | mean_length 64
09-14-21 00:25:49 - epoch 2 | global step 7800 | mode train | loss 0.1125 | accuracy 95.9375 | mean_length 64
09-14-21 00:27:36 - epoch 2 | global step 7810 | mode train | loss 0.1167 | accuracy 97.1875 | mean_length 64
09-14-21 00:29:23 - epoch 2 | global step 7820 | mode train | loss 0.0724 | accuracy 98.75 | mean_length 64
09-14-21 00:31:11 - epoch 2 | global step 7830 | mode train | loss 0.0562 | accuracy 98.75 | mean_length 64
09-14-21 00:32:58 - epoch 2 | global step 7840 | mode train | loss 0.0773 | accuracy 98.125 | mean_length 64
09-14-21 00:34:45 - epoch 2 | global step 7850 | mode train | loss 0.1054 | accuracy 95.3125 | mean_length 64
09-14-21 00:36:32 - epoch 2 | global step 7860 | mode train | loss 0.1003 | accuracy 96.25 | mean_length 64
09-14-21 00:38:20 - epoch 2 | global step 7870 | mode train | loss 0.0931 | accuracy 97.8125 | mean_length 64
09-14-21 00:40:07 - epoch 2 | global step 7880 | mode train | loss 0.0887 | accuracy 97.5 | mean_length 64
09-14-21 00:41:54 - epoch 2 | global step 7890 | mode train | loss 0.0962 | accuracy 97.5 | mean_length 64
09-14-21 00:43:41 - epoch 2 | global step 7900 | mode train | loss 0.0724 | accuracy 98.75 | mean_length 64
09-14-21 00:45:29 - epoch 2 | global step 7910 | mode train | loss 0.0978 | accuracy 97.1875 | mean_length 64
09-14-21 00:47:16 - epoch 2 | global step 7920 | mode train | loss 0.1517 | accuracy 93.4375 | mean_length 64
09-14-21 00:49:03 - epoch 2 | global step 7930 | mode train | loss 0.1229 | accuracy 95.9375 | mean_length 64
09-14-21 00:50:51 - epoch 2 | global step 7940 | mode train | loss 0.0989 | accuracy 97.8125 | mean_length 64
09-14-21 00:52:38 - epoch 2 | global step 7950 | mode train | loss 0.1471 | accuracy 95.9375 | mean_length 64
09-14-21 00:54:26 - epoch 2 | global step 7960 | mode train | loss 0.1083 | accuracy 95.625 | mean_length 64
09-14-21 00:56:13 - epoch 2 | global step 7970 | mode train | loss 0.149 | accuracy 94.0625 | mean_length 64
09-14-21 00:58:00 - epoch 2 | global step 7980 | mode train | loss 0.1232 | accuracy 95.0 | mean_length 64
09-14-21 00:59:47 - epoch 2 | global step 7990 | mode train | loss 0.1151 | accuracy 94.6875 | mean_length 64
09-14-21 01:01:34 - epoch 2 | global step 8000 | mode train | loss 0.1021 | accuracy 96.5625 | mean_length 64
09-14-21 01:03:22 - epoch 2 | global step 8010 | mode train | loss 0.0903 | accuracy 96.875 | mean_length 64
09-14-21 01:05:09 - epoch 2 | global step 8020 | mode train | loss 0.1709 | accuracy 94.6875 | mean_length 64
09-14-21 01:06:56 - epoch 2 | global step 8030 | mode train | loss 0.0842 | accuracy 97.5 | mean_length 64
09-14-21 01:08:43 - epoch 2 | global step 8040 | mode train | loss 0.1038 | accuracy 97.1875 | mean_length 64
09-14-21 01:10:31 - epoch 2 | global step 8050 | mode train | loss 0.1117 | accuracy 95.9375 | mean_length 64
09-14-21 01:12:18 - epoch 2 | global step 8060 | mode train | loss 0.099 | accuracy 95.625 | mean_length 64
09-14-21 01:14:05 - epoch 2 | global step 8070 | mode train | loss 0.0842 | accuracy 97.8125 | mean_length 64
09-14-21 01:15:52 - epoch 2 | global step 8080 | mode train | loss 0.1035 | accuracy 96.25 | mean_length 64
09-14-21 01:17:39 - epoch 2 | global step 8090 | mode train | loss 0.0905 | accuracy 96.25 | mean_length 64
09-14-21 01:19:27 - epoch 2 | global step 8100 | mode train | loss 0.0975 | accuracy 96.25 | mean_length 64
09-14-21 01:21:14 - epoch 2 | global step 8110 | mode train | loss 0.1011 | accuracy 97.1875 | mean_length 64
09-14-21 01:23:01 - epoch 2 | global step 8120 | mode train | loss 0.1025 | accuracy 96.875 | mean_length 64
09-14-21 01:24:48 - epoch 2 | global step 8130 | mode train | loss 0.0838 | accuracy 97.8125 | mean_length 64
09-14-21 01:26:36 - epoch 2 | global step 8140 | mode train | loss 0.084 | accuracy 97.1875 | mean_length 64
09-14-21 01:28:23 - epoch 2 | global step 8150 | mode train | loss 0.083 | accuracy 97.5 | mean_length 64
09-14-21 01:30:10 - epoch 2 | global step 8160 | mode train | loss 0.1135 | accuracy 96.25 | mean_length 64
09-14-21 01:31:57 - epoch 2 | global step 8170 | mode train | loss 0.123 | accuracy 94.0625 | mean_length 64
09-14-21 01:33:45 - epoch 2 | global step 8180 | mode train | loss 0.1077 | accuracy 96.5625 | mean_length 64
09-14-21 01:35:32 - epoch 2 | global step 8190 | mode train | loss 0.1182 | accuracy 96.25 | mean_length 64
09-14-21 01:35:53 - Evaluate the following checkpoint: Output/accGrad4_mbart_noBT_lr9.0e-6_7distractors_maxstep8192_seed43/model.pt
09-14-21 01:47:30 - Best model stats: 
09-14-21 01:47:30 - epoch 0 | global step 0 | mode validation | loss 0.0932 | accuracy 97.16 | mean_length 64
