==========================================
SLURM_JOB_ID = 5765099
SLURM_JOB_NODELIST = d13-06
TMPDIR = /tmp/SLURM_5765099
==========================================
/home1/zliu9986/communication-translation
09-03-21 17:23:55 - Dataset Loaded
09-03-21 17:23:55 - Configuration:
Namespace(TransferH=False, alpha=1.0, batch_size=8, beam_width=5, bidirectional=False, config='Configs/mbart_ec_noBT.yml', cpu=False, decode_how='beam', device=device(type='cuda'), do_eval=True, do_train=True, dropout=0.1, fix_bhd=False, fix_spk=False, grad_clip=1.0, gradient_accumulation_steps=4, hard=False, has_vocab_constraint=False, hidden_dim=512, image_dim=2048, lr=8e-06, max_global_step=8192, max_seq_length=64, mode='emergent_communication', model_name='Models/mbart-large-cc25', n_gpu=1, no_share_bhd=False, no_terminal=False, no_write=False, num_distractors_train=7, num_distractors_valid=7, num_games=30, num_layers=1, output_dir='Output/accGrad4_mbart_noBT_lr8.0e-6_7distractors_maxstep8192_seed43', print_every=10, save_output_txt=True, save_pretrain_seperately=True, seed=43, source_lang='en_XX', source_lang_vocab_constrain_file='/projects/unmt/communication-translation/en_cc_tokenID2count_dict.cc25.json', stats_to_print=['loss', 'accuracy', 'caption generation loss', 'image selection loss', 'mean_length'], target_acc=85.0, target_lang='zh_CN', target_lang_vocab_constrain_file='/projects/unmt/communication-translation/zh-Hans_cc_tokenID2count_dict.cc25.json', temp=1.0, temperature=1.0, train_images='./Data/ec_finetuning/images_train', two_ffwd=False, unit_norm=False, valid_every=512, valid_images='./Data/ec_finetuning/images_val', vocab_size=4035)
Sharing visual system for each agent.
09-03-21 17:34:00 - epoch 0 | global step 0 | mode validation | loss 3.1148 | accuracy 12.42 | mean_length 63.6134
09-03-21 17:34:00 - Saving model to Output/accGrad4_mbart_noBT_lr8.0e-6_7distractors_maxstep8192_seed43
Epoch: 0, Prediction Accuracy: 12.42, Saved to Path: Output/accGrad4_mbart_noBT_lr8.0e-6_7distractors_maxstep8192_seed43
09-03-21 17:36:01 - epoch 0 | global step 10 | mode train | loss 2.38 | accuracy 17.1875 | mean_length 57.9125
09-03-21 17:37:52 - epoch 0 | global step 20 | mode train | loss 2.2835 | accuracy 14.0625 | mean_length 55.175
09-03-21 17:39:43 - epoch 0 | global step 30 | mode train | loss 2.1715 | accuracy 13.4375 | mean_length 55.3438
09-03-21 17:41:34 - epoch 0 | global step 40 | mode train | loss 2.5479 | accuracy 10.9375 | mean_length 39.7906
09-03-21 17:43:22 - epoch 0 | global step 50 | mode train | loss 2.5164 | accuracy 13.75 | mean_length 46.3531
09-03-21 17:45:11 - epoch 0 | global step 60 | mode train | loss 2.4673 | accuracy 12.8125 | mean_length 48.2156
09-03-21 17:47:00 - epoch 0 | global step 70 | mode train | loss 2.4266 | accuracy 12.5 | mean_length 52.4594
09-03-21 17:48:49 - epoch 0 | global step 80 | mode train | loss 2.2349 | accuracy 11.25 | mean_length 55.8188
09-03-21 17:50:38 - epoch 0 | global step 90 | mode train | loss 2.1473 | accuracy 10.625 | mean_length 57.0844
09-03-21 17:52:28 - epoch 0 | global step 100 | mode train | loss 2.11 | accuracy 13.125 | mean_length 60.2437
09-03-21 17:54:18 - epoch 0 | global step 110 | mode train | loss 2.0834 | accuracy 13.75 | mean_length 61.6938
09-03-21 17:56:09 - epoch 0 | global step 120 | mode train | loss 2.1056 | accuracy 11.25 | mean_length 63.2094
09-03-21 17:57:59 - epoch 0 | global step 130 | mode train | loss 2.0859 | accuracy 14.0625 | mean_length 62.7437
09-03-21 17:59:48 - epoch 0 | global step 140 | mode train | loss 2.0921 | accuracy 13.125 | mean_length 64
09-03-21 18:01:39 - epoch 0 | global step 150 | mode train | loss 2.1006 | accuracy 10.9375 | mean_length 64
09-03-21 18:03:28 - epoch 0 | global step 160 | mode train | loss 2.0974 | accuracy 11.5625 | mean_length 64
09-03-21 18:05:17 - epoch 0 | global step 170 | mode train | loss 2.0922 | accuracy 14.0625 | mean_length 64
09-03-21 18:07:05 - epoch 0 | global step 180 | mode train | loss 2.0879 | accuracy 11.875 | mean_length 64
09-03-21 18:09:01 - epoch 0 | global step 190 | mode train | loss 2.0943 | accuracy 12.1875 | mean_length 64
09-03-21 18:10:56 - epoch 0 | global step 200 | mode train | loss 2.0932 | accuracy 11.25 | mean_length 64
09-03-21 18:12:52 - epoch 0 | global step 210 | mode train | loss 2.0849 | accuracy 12.1875 | mean_length 64
09-03-21 18:14:49 - epoch 0 | global step 220 | mode train | loss 2.0892 | accuracy 8.75 | mean_length 64
09-03-21 18:16:37 - epoch 0 | global step 230 | mode train | loss 2.0899 | accuracy 8.125 | mean_length 64
09-03-21 18:18:34 - epoch 0 | global step 240 | mode train | loss 2.0858 | accuracy 13.4375 | mean_length 64
09-03-21 18:20:31 - epoch 0 | global step 250 | mode train | loss 2.0896 | accuracy 11.25 | mean_length 64
09-03-21 18:22:19 - epoch 0 | global step 260 | mode train | loss 2.0918 | accuracy 11.875 | mean_length 64
09-03-21 18:24:07 - epoch 0 | global step 270 | mode train | loss 2.0869 | accuracy 10.9375 | mean_length 64
09-03-21 18:26:04 - epoch 0 | global step 280 | mode train | loss 2.0884 | accuracy 11.5625 | mean_length 64
09-03-21 18:27:52 - epoch 0 | global step 290 | mode train | loss 2.0825 | accuracy 12.8125 | mean_length 64
09-03-21 18:29:40 - epoch 0 | global step 300 | mode train | loss 2.106 | accuracy 8.125 | mean_length 64
09-03-21 18:31:37 - epoch 0 | global step 310 | mode train | loss 2.0858 | accuracy 11.5625 | mean_length 64
09-03-21 18:33:25 - epoch 0 | global step 320 | mode train | loss 2.0729 | accuracy 15.625 | mean_length 64
09-03-21 18:35:13 - epoch 0 | global step 330 | mode train | loss 2.0833 | accuracy 11.875 | mean_length 64
09-03-21 18:37:10 - epoch 0 | global step 340 | mode train | loss 2.0792 | accuracy 11.875 | mean_length 64
09-03-21 18:38:58 - epoch 0 | global step 350 | mode train | loss 2.0852 | accuracy 13.4375 | mean_length 64
09-03-21 18:40:46 - epoch 0 | global step 360 | mode train | loss 2.0852 | accuracy 10.625 | mean_length 64
09-03-21 18:42:42 - epoch 0 | global step 370 | mode train | loss 2.0825 | accuracy 12.1875 | mean_length 64
09-03-21 18:44:30 - epoch 0 | global step 380 | mode train | loss 2.0776 | accuracy 15.0 | mean_length 64
09-03-21 18:46:27 - epoch 0 | global step 390 | mode train | loss 2.0809 | accuracy 14.0625 | mean_length 64
09-03-21 18:48:23 - epoch 0 | global step 400 | mode train | loss 2.0937 | accuracy 9.6875 | mean_length 64
09-03-21 18:50:11 - epoch 0 | global step 410 | mode train | loss 2.0774 | accuracy 13.75 | mean_length 64
09-03-21 18:52:08 - epoch 0 | global step 420 | mode train | loss 2.0866 | accuracy 12.1875 | mean_length 64
09-03-21 18:54:04 - epoch 0 | global step 430 | mode train | loss 2.0754 | accuracy 14.6875 | mean_length 64
09-03-21 18:55:52 - epoch 0 | global step 440 | mode train | loss 2.0808 | accuracy 15.0 | mean_length 64
09-03-21 18:57:40 - epoch 0 | global step 450 | mode train | loss 2.0841 | accuracy 11.875 | mean_length 64
09-03-21 18:59:28 - epoch 0 | global step 460 | mode train | loss 2.0823 | accuracy 11.875 | mean_length 64
09-03-21 19:01:16 - epoch 0 | global step 470 | mode train | loss 2.0812 | accuracy 13.125 | mean_length 64
09-03-21 19:03:13 - epoch 0 | global step 480 | mode train | loss 2.0833 | accuracy 9.6875 | mean_length 64
09-03-21 19:05:09 - epoch 0 | global step 490 | mode train | loss 2.0769 | accuracy 12.5 | mean_length 64
09-03-21 19:07:06 - epoch 0 | global step 500 | mode train | loss 2.0744 | accuracy 13.125 | mean_length 64
09-03-21 19:08:54 - epoch 0 | global step 510 | mode train | loss 2.0837 | accuracy 11.25 | mean_length 64
09-03-21 19:20:40 - epoch 0 | global step 512 | mode validation | loss 2.0805 | accuracy 12.74 | mean_length 64
09-03-21 19:20:40 - Saving model to Output/accGrad4_mbart_noBT_lr8.0e-6_7distractors_maxstep8192_seed43
Epoch: 0, Prediction Accuracy: 12.74, Saved to Path: Output/accGrad4_mbart_noBT_lr8.0e-6_7distractors_maxstep8192_seed43
09-03-21 19:22:19 - epoch 0 | global step 520 | mode train | loss 2.0854 | accuracy 11.25 | mean_length 64
09-03-21 19:24:14 - epoch 0 | global step 530 | mode train | loss 2.0849 | accuracy 10.9375 | mean_length 64
09-03-21 19:26:03 - epoch 0 | global step 540 | mode train | loss 2.0801 | accuracy 10.9375 | mean_length 64
09-03-21 19:27:52 - epoch 0 | global step 550 | mode train | loss 2.0798 | accuracy 12.8125 | mean_length 64
09-03-21 19:29:42 - epoch 0 | global step 560 | mode train | loss 2.0805 | accuracy 14.375 | mean_length 64
09-03-21 19:31:31 - epoch 0 | global step 570 | mode train | loss 2.0853 | accuracy 12.8125 | mean_length 64
09-03-21 19:33:19 - epoch 0 | global step 580 | mode train | loss 2.0798 | accuracy 10.0 | mean_length 64
09-03-21 19:35:11 - epoch 0 | global step 590 | mode train | loss 2.0771 | accuracy 11.5625 | mean_length 64
09-03-21 19:36:58 - epoch 0 | global step 600 | mode train | loss 2.0838 | accuracy 14.375 | mean_length 64
09-03-21 19:38:46 - epoch 0 | global step 610 | mode train | loss 2.0877 | accuracy 8.75 | mean_length 64
09-03-21 19:40:35 - epoch 0 | global step 620 | mode train | loss 2.0804 | accuracy 11.875 | mean_length 64
09-03-21 19:42:25 - epoch 0 | global step 630 | mode train | loss 2.0793 | accuracy 15.9375 | mean_length 64
09-03-21 19:44:16 - epoch 0 | global step 640 | mode train | loss 2.0776 | accuracy 11.5625 | mean_length 64
09-03-21 19:46:04 - epoch 0 | global step 650 | mode train | loss 2.0767 | accuracy 10.625 | mean_length 64
09-03-21 19:47:52 - epoch 0 | global step 660 | mode train | loss 2.0854 | accuracy 12.1875 | mean_length 64
09-03-21 19:49:44 - epoch 0 | global step 670 | mode train | loss 2.0766 | accuracy 13.75 | mean_length 64
09-03-21 19:51:35 - epoch 0 | global step 680 | mode train | loss 2.0703 | accuracy 13.4375 | mean_length 64
09-03-21 19:53:25 - epoch 0 | global step 690 | mode train | loss 2.0807 | accuracy 12.1875 | mean_length 64
09-03-21 19:55:14 - epoch 0 | global step 700 | mode train | loss 2.0681 | accuracy 12.8125 | mean_length 64
09-03-21 19:57:02 - epoch 0 | global step 710 | mode train | loss 2.0752 | accuracy 10.3125 | mean_length 64
09-03-21 19:58:53 - epoch 0 | global step 720 | mode train | loss 2.0588 | accuracy 11.875 | mean_length 64
09-03-21 20:00:44 - epoch 0 | global step 730 | mode train | loss 2.1514 | accuracy 13.125 | mean_length 64
09-03-21 20:02:34 - epoch 0 | global step 740 | mode train | loss 2.078 | accuracy 15.9375 | mean_length 64
09-03-21 20:04:25 - epoch 0 | global step 750 | mode train | loss 2.0867 | accuracy 13.4375 | mean_length 64
09-03-21 20:06:15 - epoch 0 | global step 760 | mode train | loss 2.0765 | accuracy 12.5 | mean_length 64
09-03-21 20:08:05 - epoch 0 | global step 770 | mode train | loss 2.0862 | accuracy 10.625 | mean_length 64
09-03-21 20:09:53 - epoch 0 | global step 780 | mode train | loss 2.0829 | accuracy 15.625 | mean_length 64
09-03-21 20:11:42 - epoch 0 | global step 790 | mode train | loss 2.0835 | accuracy 11.25 | mean_length 64
09-03-21 20:13:30 - epoch 0 | global step 800 | mode train | loss 2.0799 | accuracy 11.875 | mean_length 64
09-03-21 20:15:18 - epoch 0 | global step 810 | mode train | loss 2.0831 | accuracy 11.875 | mean_length 64
09-03-21 20:17:07 - epoch 0 | global step 820 | mode train | loss 2.087 | accuracy 13.125 | mean_length 64
09-03-21 20:18:56 - epoch 0 | global step 830 | mode train | loss 2.0837 | accuracy 13.125 | mean_length 64
09-03-21 20:20:50 - epoch 0 | global step 840 | mode train | loss 2.0753 | accuracy 14.375 | mean_length 64
09-03-21 20:22:40 - epoch 0 | global step 850 | mode train | loss 2.0753 | accuracy 13.75 | mean_length 64
09-03-21 20:24:31 - epoch 0 | global step 860 | mode train | loss 2.0867 | accuracy 13.125 | mean_length 64
09-03-21 20:26:21 - epoch 0 | global step 870 | mode train | loss 2.0749 | accuracy 14.6875 | mean_length 64
09-03-21 20:28:12 - epoch 0 | global step 880 | mode train | loss 2.0778 | accuracy 11.25 | mean_length 64
09-03-21 20:30:09 - epoch 0 | global step 890 | mode train | loss 2.0799 | accuracy 12.1875 | mean_length 64
09-03-21 20:32:05 - epoch 0 | global step 900 | mode train | loss 2.0685 | accuracy 14.375 | mean_length 64
09-03-21 20:34:01 - epoch 0 | global step 910 | mode train | loss 2.0812 | accuracy 12.5 | mean_length 64
09-03-21 20:35:50 - epoch 0 | global step 920 | mode train | loss 2.0858 | accuracy 11.5625 | mean_length 64
09-03-21 20:37:46 - epoch 0 | global step 930 | mode train | loss 2.0825 | accuracy 12.1875 | mean_length 64
09-03-21 20:39:43 - epoch 0 | global step 940 | mode train | loss 2.0724 | accuracy 15.0 | mean_length 64
09-03-21 20:41:31 - epoch 0 | global step 950 | mode train | loss 2.0774 | accuracy 13.75 | mean_length 64
09-03-21 20:43:18 - epoch 0 | global step 960 | mode train | loss 2.0743 | accuracy 11.5625 | mean_length 64
09-03-21 20:45:06 - epoch 0 | global step 970 | mode train | loss 2.0817 | accuracy 11.25 | mean_length 64
09-03-21 20:47:03 - epoch 0 | global step 980 | mode train | loss 2.0763 | accuracy 12.5 | mean_length 64
09-03-21 20:48:50 - epoch 0 | global step 990 | mode train | loss 2.0736 | accuracy 15.3125 | mean_length 64
09-03-21 20:50:47 - epoch 0 | global step 1000 | mode train | loss 2.0617 | accuracy 14.375 | mean_length 64
09-03-21 20:52:43 - epoch 0 | global step 1010 | mode train | loss 2.0686 | accuracy 13.125 | mean_length 64
09-03-21 20:54:40 - epoch 0 | global step 1020 | mode train | loss 2.079 | accuracy 12.5 | mean_length 64
09-03-21 21:05:08 - epoch 0 | global step 1024 | mode validation | loss 2.0811 | accuracy 11.94 | mean_length 64
09-03-21 21:06:13 - epoch 0 | global step 1030 | mode train | loss 2.0847 | accuracy 10.9375 | mean_length 64
09-03-21 21:08:10 - epoch 0 | global step 1040 | mode train | loss 2.0795 | accuracy 15.0 | mean_length 64
09-03-21 21:10:06 - epoch 0 | global step 1050 | mode train | loss 2.0813 | accuracy 11.875 | mean_length 64
09-03-21 21:12:02 - epoch 0 | global step 1060 | mode train | loss 2.082 | accuracy 10.625 | mean_length 64
09-03-21 21:13:50 - epoch 0 | global step 1070 | mode train | loss 2.0768 | accuracy 14.0625 | mean_length 64
09-03-21 21:15:47 - epoch 0 | global step 1080 | mode train | loss 2.0825 | accuracy 8.75 | mean_length 64
09-03-21 21:17:43 - epoch 0 | global step 1090 | mode train | loss 2.0814 | accuracy 11.875 | mean_length 64
09-03-21 21:19:40 - epoch 0 | global step 1100 | mode train | loss 2.0779 | accuracy 10.3125 | mean_length 64
09-03-21 21:21:32 - epoch 0 | global step 1110 | mode train | loss 2.0809 | accuracy 9.0625 | mean_length 64
09-03-21 21:23:29 - epoch 0 | global step 1120 | mode train | loss 2.084 | accuracy 10.0 | mean_length 64
09-03-21 21:25:22 - epoch 0 | global step 1130 | mode train | loss 2.0778 | accuracy 14.0625 | mean_length 64
09-03-21 21:27:19 - epoch 0 | global step 1140 | mode train | loss 2.0794 | accuracy 14.0625 | mean_length 64
09-03-21 21:29:15 - epoch 0 | global step 1150 | mode train | loss 2.0778 | accuracy 13.125 | mean_length 64
09-03-21 21:31:03 - epoch 0 | global step 1160 | mode train | loss 2.0822 | accuracy 10.3125 | mean_length 64
09-03-21 21:33:00 - epoch 0 | global step 1170 | mode train | loss 2.0763 | accuracy 12.5 | mean_length 64
09-03-21 21:34:49 - epoch 0 | global step 1180 | mode train | loss 2.0812 | accuracy 15.3125 | mean_length 64
09-03-21 21:36:40 - epoch 0 | global step 1190 | mode train | loss 2.0817 | accuracy 10.9375 | mean_length 64
09-03-21 21:38:27 - epoch 0 | global step 1200 | mode train | loss 2.077 | accuracy 13.4375 | mean_length 63.8781
09-03-21 21:40:18 - epoch 0 | global step 1210 | mode train | loss 2.0807 | accuracy 13.75 | mean_length 63.8156
09-03-21 21:42:15 - epoch 0 | global step 1220 | mode train | loss 2.0849 | accuracy 10.9375 | mean_length 60.0281
09-03-21 21:44:12 - epoch 0 | global step 1230 | mode train | loss 2.0803 | accuracy 12.8125 | mean_length 51.7906
09-03-21 21:46:06 - epoch 0 | global step 1240 | mode train | loss 2.0808 | accuracy 11.5625 | mean_length 61.2375
09-03-21 21:47:55 - epoch 0 | global step 1250 | mode train | loss 2.0812 | accuracy 10.0 | mean_length 63.5562
09-03-21 21:49:46 - epoch 0 | global step 1260 | mode train | loss 2.0745 | accuracy 13.4375 | mean_length 63.1406
09-03-21 21:51:34 - epoch 0 | global step 1270 | mode train | loss 2.0703 | accuracy 11.5625 | mean_length 62.5312
09-03-21 21:53:24 - epoch 0 | global step 1280 | mode train | loss 2.0744 | accuracy 12.5 | mean_length 63.075
09-03-21 21:55:13 - epoch 0 | global step 1290 | mode train | loss 2.0796 | accuracy 9.0625 | mean_length 64
09-03-21 21:57:04 - epoch 0 | global step 1300 | mode train | loss 2.0701 | accuracy 14.375 | mean_length 64
09-03-21 21:58:54 - epoch 0 | global step 1310 | mode train | loss 2.0686 | accuracy 13.75 | mean_length 63.9719
09-03-21 22:00:44 - epoch 0 | global step 1320 | mode train | loss 2.0817 | accuracy 13.4375 | mean_length 64
09-03-21 22:02:34 - epoch 0 | global step 1330 | mode train | loss 2.0816 | accuracy 11.25 | mean_length 64
09-03-21 22:04:25 - epoch 0 | global step 1340 | mode train | loss 2.0899 | accuracy 11.25 | mean_length 64
09-03-21 22:06:14 - epoch 0 | global step 1350 | mode train | loss 2.0806 | accuracy 16.875 | mean_length 64
09-03-21 22:08:03 - epoch 0 | global step 1360 | mode train | loss 2.0821 | accuracy 11.875 | mean_length 64
09-03-21 22:09:52 - epoch 0 | global step 1370 | mode train | loss 2.0859 | accuracy 11.5625 | mean_length 64
09-03-21 22:11:40 - epoch 0 | global step 1380 | mode train | loss 2.0804 | accuracy 13.75 | mean_length 64
09-03-21 22:13:28 - epoch 0 | global step 1390 | mode train | loss 2.0802 | accuracy 11.25 | mean_length 64
09-03-21 22:15:17 - epoch 0 | global step 1400 | mode train | loss 2.0812 | accuracy 12.8125 | mean_length 64
09-03-21 22:17:05 - epoch 0 | global step 1410 | mode train | loss 2.0854 | accuracy 11.875 | mean_length 64
09-03-21 22:18:56 - epoch 0 | global step 1420 | mode train | loss 2.0756 | accuracy 15.9375 | mean_length 64
09-03-21 22:20:45 - epoch 0 | global step 1430 | mode train | loss 2.0794 | accuracy 14.0625 | mean_length 64
09-03-21 22:22:35 - epoch 0 | global step 1440 | mode train | loss 2.0803 | accuracy 12.5 | mean_length 64
09-03-21 22:24:27 - epoch 0 | global step 1450 | mode train | loss 2.0838 | accuracy 10.9375 | mean_length 64
09-03-21 22:26:17 - epoch 0 | global step 1460 | mode train | loss 2.0879 | accuracy 10.0 | mean_length 64
09-03-21 22:28:08 - epoch 0 | global step 1470 | mode train | loss 2.0771 | accuracy 11.875 | mean_length 64
09-03-21 22:30:01 - epoch 0 | global step 1480 | mode train | loss 2.0812 | accuracy 10.0 | mean_length 64
09-03-21 22:31:53 - epoch 0 | global step 1490 | mode train | loss 2.0844 | accuracy 12.1875 | mean_length 64
09-03-21 22:33:40 - epoch 0 | global step 1500 | mode train | loss 2.0832 | accuracy 10.0 | mean_length 64
09-03-21 22:35:36 - epoch 0 | global step 1510 | mode train | loss 2.0772 | accuracy 11.5625 | mean_length 64
09-03-21 22:37:26 - epoch 0 | global step 1520 | mode train | loss 2.0843 | accuracy 10.9375 | mean_length 64
09-03-21 22:39:17 - epoch 0 | global step 1530 | mode train | loss 2.0741 | accuracy 16.25 | mean_length 64
09-03-21 22:49:57 - epoch 0 | global step 1536 | mode validation | loss 2.0803 | accuracy 12.82 | mean_length 64
09-03-21 22:49:57 - Saving model to Output/accGrad4_mbart_noBT_lr8.0e-6_7distractors_maxstep8192_seed43
Epoch: 0, Prediction Accuracy: 12.82, Saved to Path: Output/accGrad4_mbart_noBT_lr8.0e-6_7distractors_maxstep8192_seed43
09-03-21 22:50:51 - epoch 0 | global step 1540 | mode train | loss 2.0828 | accuracy 10.9375 | mean_length 64
09-03-21 22:52:38 - epoch 0 | global step 1550 | mode train | loss 2.0815 | accuracy 12.1875 | mean_length 64
09-03-21 22:54:25 - epoch 0 | global step 1560 | mode train | loss 2.0805 | accuracy 10.9375 | mean_length 64
09-03-21 22:56:13 - epoch 0 | global step 1570 | mode train | loss 2.0761 | accuracy 14.0625 | mean_length 64
09-03-21 22:58:01 - epoch 0 | global step 1580 | mode train | loss 2.0693 | accuracy 12.8125 | mean_length 64
09-03-21 22:59:49 - epoch 0 | global step 1590 | mode train | loss 2.0651 | accuracy 11.5625 | mean_length 64
09-03-21 23:01:38 - epoch 0 | global step 1600 | mode train | loss 2.0634 | accuracy 12.5 | mean_length 64
09-03-21 23:03:26 - epoch 0 | global step 1610 | mode train | loss 2.0702 | accuracy 13.4375 | mean_length 64
09-03-21 23:05:13 - epoch 0 | global step 1620 | mode train | loss 2.0662 | accuracy 11.5625 | mean_length 64
09-03-21 23:07:00 - epoch 0 | global step 1630 | mode train | loss 2.0681 | accuracy 10.0 | mean_length 64
09-03-21 23:08:48 - epoch 0 | global step 1640 | mode train | loss 2.0653 | accuracy 13.75 | mean_length 64
09-03-21 23:10:35 - epoch 0 | global step 1650 | mode train | loss 2.0667 | accuracy 16.25 | mean_length 64
09-03-21 23:12:22 - epoch 0 | global step 1660 | mode train | loss 2.0553 | accuracy 12.8125 | mean_length 64
09-03-21 23:14:09 - epoch 0 | global step 1670 | mode train | loss 2.0472 | accuracy 12.1875 | mean_length 64
09-03-21 23:15:57 - epoch 0 | global step 1680 | mode train | loss 2.0599 | accuracy 13.4375 | mean_length 64
09-03-21 23:17:45 - epoch 0 | global step 1690 | mode train | loss 2.0679 | accuracy 9.0625 | mean_length 64
09-03-21 23:19:32 - epoch 0 | global step 1700 | mode train | loss 2.0593 | accuracy 12.8125 | mean_length 64
09-03-21 23:21:20 - epoch 0 | global step 1710 | mode train | loss 2.0475 | accuracy 11.25 | mean_length 64
09-03-21 23:23:08 - epoch 0 | global step 1720 | mode train | loss 2.0583 | accuracy 10.9375 | mean_length 64
09-03-21 23:24:58 - epoch 0 | global step 1730 | mode train | loss 2.0887 | accuracy 11.5625 | mean_length 64
09-03-21 23:26:49 - epoch 0 | global step 1740 | mode train | loss 2.082 | accuracy 10.3125 | mean_length 64
09-03-21 23:28:37 - epoch 0 | global step 1750 | mode train | loss 2.0769 | accuracy 15.0 | mean_length 64
09-03-21 23:30:26 - epoch 0 | global step 1760 | mode train | loss 2.0778 | accuracy 13.4375 | mean_length 64
09-03-21 23:32:15 - epoch 0 | global step 1770 | mode train | loss 2.0772 | accuracy 10.9375 | mean_length 64
09-03-21 23:34:06 - epoch 0 | global step 1780 | mode train | loss 2.0853 | accuracy 12.5 | mean_length 64
09-03-21 23:35:55 - epoch 0 | global step 1790 | mode train | loss 2.0798 | accuracy 9.375 | mean_length 64
09-03-21 23:37:44 - epoch 0 | global step 1800 | mode train | loss 2.0826 | accuracy 12.8125 | mean_length 64
09-03-21 23:39:34 - epoch 0 | global step 1810 | mode train | loss 2.0792 | accuracy 11.875 | mean_length 64
09-03-21 23:41:25 - epoch 0 | global step 1820 | mode train | loss 2.0821 | accuracy 8.4375 | mean_length 64
09-03-21 23:43:16 - epoch 0 | global step 1830 | mode train | loss 2.0754 | accuracy 13.4375 | mean_length 64
09-03-21 23:45:06 - epoch 0 | global step 1840 | mode train | loss 2.0753 | accuracy 15.0 | mean_length 64
09-03-21 23:46:56 - epoch 0 | global step 1850 | mode train | loss 2.0807 | accuracy 11.875 | mean_length 64
09-03-21 23:48:45 - epoch 0 | global step 1860 | mode train | loss 2.082 | accuracy 12.8125 | mean_length 64
09-03-21 23:50:33 - epoch 0 | global step 1870 | mode train | loss 2.0812 | accuracy 11.25 | mean_length 64
09-03-21 23:52:22 - epoch 0 | global step 1880 | mode train | loss 2.0801 | accuracy 12.8125 | mean_length 64
09-03-21 23:54:12 - epoch 0 | global step 1890 | mode train | loss 2.0724 | accuracy 13.4375 | mean_length 64
09-03-21 23:56:02 - epoch 0 | global step 1900 | mode train | loss 2.0816 | accuracy 13.75 | mean_length 64
09-03-21 23:57:50 - epoch 0 | global step 1910 | mode train | loss 2.0794 | accuracy 14.0625 | mean_length 64
09-03-21 23:59:38 - epoch 0 | global step 1920 | mode train | loss 2.0831 | accuracy 9.375 | mean_length 64
09-04-21 00:01:25 - epoch 0 | global step 1930 | mode train | loss 2.0793 | accuracy 10.625 | mean_length 64
09-04-21 00:03:12 - epoch 0 | global step 1940 | mode train | loss 2.0641 | accuracy 14.375 | mean_length 64
09-04-21 00:05:00 - epoch 0 | global step 1950 | mode train | loss 2.049 | accuracy 10.3125 | mean_length 64
09-04-21 00:06:47 - epoch 0 | global step 1960 | mode train | loss 2.0362 | accuracy 12.1875 | mean_length 64
09-04-21 00:08:34 - epoch 0 | global step 1970 | mode train | loss 2.0236 | accuracy 14.0625 | mean_length 64
09-04-21 00:10:22 - epoch 0 | global step 1980 | mode train | loss 2.0819 | accuracy 10.625 | mean_length 64
09-04-21 00:12:09 - epoch 0 | global step 1990 | mode train | loss 2.0747 | accuracy 16.25 | mean_length 64
09-04-21 00:13:56 - epoch 0 | global step 2000 | mode train | loss 2.0811 | accuracy 11.25 | mean_length 64
09-04-21 00:15:43 - epoch 0 | global step 2010 | mode train | loss 2.0774 | accuracy 12.5 | mean_length 64
09-04-21 00:17:30 - epoch 0 | global step 2020 | mode train | loss 2.0831 | accuracy 10.9375 | mean_length 64
09-04-21 00:19:17 - epoch 0 | global step 2030 | mode train | loss 2.0832 | accuracy 10.3125 | mean_length 64
09-04-21 00:21:05 - epoch 0 | global step 2040 | mode train | loss 2.0813 | accuracy 13.75 | mean_length 64
09-04-21 00:32:08 - epoch 0 | global step 2048 | mode validation | loss 2.0804 | accuracy 12.14 | mean_length 64
09-04-21 00:32:30 - epoch 0 | global step 2050 | mode train | loss 2.0815 | accuracy 14.0625 | mean_length 64
09-04-21 00:34:17 - epoch 0 | global step 2060 | mode train | loss 2.0802 | accuracy 16.25 | mean_length 64
09-04-21 00:36:04 - epoch 0 | global step 2070 | mode train | loss 2.0799 | accuracy 13.4375 | mean_length 64
09-04-21 00:37:51 - epoch 0 | global step 2080 | mode train | loss 2.0806 | accuracy 13.125 | mean_length 64
09-04-21 00:39:39 - epoch 0 | global step 2090 | mode train | loss 2.078 | accuracy 13.125 | mean_length 64
09-04-21 00:41:26 - epoch 0 | global step 2100 | mode train | loss 2.0831 | accuracy 12.1875 | mean_length 64
09-04-21 00:43:13 - epoch 0 | global step 2110 | mode train | loss 2.0779 | accuracy 11.875 | mean_length 64
09-04-21 00:45:01 - epoch 0 | global step 2120 | mode train | loss 2.0807 | accuracy 9.6875 | mean_length 64
09-04-21 00:46:50 - epoch 0 | global step 2130 | mode train | loss 2.0804 | accuracy 12.8125 | mean_length 64
09-04-21 00:48:41 - epoch 0 | global step 2140 | mode train | loss 2.0813 | accuracy 14.0625 | mean_length 64
09-04-21 00:50:32 - epoch 0 | global step 2150 | mode train | loss 2.0817 | accuracy 10.3125 | mean_length 64
09-04-21 00:52:21 - epoch 0 | global step 2160 | mode train | loss 2.0836 | accuracy 10.9375 | mean_length 64
09-04-21 00:54:10 - epoch 0 | global step 2170 | mode train | loss 2.079 | accuracy 13.125 | mean_length 64
09-04-21 00:56:00 - epoch 0 | global step 2180 | mode train | loss 2.0802 | accuracy 14.0625 | mean_length 64
09-04-21 00:57:51 - epoch 0 | global step 2190 | mode train | loss 2.0814 | accuracy 10.0 | mean_length 64
09-04-21 00:59:39 - epoch 0 | global step 2200 | mode train | loss 2.0819 | accuracy 10.3125 | mean_length 64
09-04-21 01:01:29 - epoch 0 | global step 2210 | mode train | loss 2.0832 | accuracy 11.5625 | mean_length 64
09-04-21 01:03:20 - epoch 0 | global step 2220 | mode train | loss 2.0816 | accuracy 10.0 | mean_length 64
09-04-21 01:05:11 - epoch 0 | global step 2230 | mode train | loss 2.0832 | accuracy 12.5 | mean_length 64
09-04-21 01:06:59 - epoch 0 | global step 2240 | mode train | loss 2.0804 | accuracy 11.25 | mean_length 64
09-04-21 01:08:48 - epoch 0 | global step 2250 | mode train | loss 2.0788 | accuracy 15.3125 | mean_length 64
09-04-21 01:10:37 - epoch 0 | global step 2260 | mode train | loss 2.0817 | accuracy 12.5 | mean_length 64
09-04-21 01:12:27 - epoch 0 | global step 2270 | mode train | loss 2.0802 | accuracy 13.75 | mean_length 64
09-04-21 01:14:17 - epoch 0 | global step 2280 | mode train | loss 2.0795 | accuracy 11.5625 | mean_length 64
09-04-21 01:16:07 - epoch 0 | global step 2290 | mode train | loss 2.0796 | accuracy 12.5 | mean_length 64
09-04-21 01:17:58 - epoch 0 | global step 2300 | mode train | loss 2.0778 | accuracy 15.9375 | mean_length 64
09-04-21 01:19:47 - epoch 0 | global step 2310 | mode train | loss 2.078 | accuracy 15.3125 | mean_length 64
09-04-21 01:21:35 - epoch 0 | global step 2320 | mode train | loss 2.0784 | accuracy 11.25 | mean_length 64
09-04-21 01:23:23 - epoch 0 | global step 2330 | mode train | loss 2.0832 | accuracy 7.8125 | mean_length 64
09-04-21 01:25:13 - epoch 0 | global step 2340 | mode train | loss 2.0823 | accuracy 11.25 | mean_length 64
09-04-21 01:27:01 - epoch 0 | global step 2350 | mode train | loss 2.0829 | accuracy 11.875 | mean_length 64
09-04-21 01:28:50 - epoch 0 | global step 2360 | mode train | loss 2.0825 | accuracy 12.1875 | mean_length 64
09-04-21 01:30:37 - epoch 0 | global step 2370 | mode train | loss 2.0801 | accuracy 10.9375 | mean_length 64
09-04-21 01:32:25 - epoch 0 | global step 2380 | mode train | loss 2.0801 | accuracy 13.75 | mean_length 64
09-04-21 01:34:15 - epoch 0 | global step 2390 | mode train | loss 2.0828 | accuracy 15.0 | mean_length 64
09-04-21 01:36:06 - epoch 0 | global step 2400 | mode train | loss 2.0786 | accuracy 10.3125 | mean_length 64
09-04-21 01:37:56 - epoch 0 | global step 2410 | mode train | loss 2.0784 | accuracy 10.3125 | mean_length 64
09-04-21 01:39:47 - epoch 0 | global step 2420 | mode train | loss 2.0752 | accuracy 12.5 | mean_length 64
09-04-21 01:41:37 - epoch 0 | global step 2430 | mode train | loss 2.0778 | accuracy 11.875 | mean_length 64
09-04-21 01:43:26 - epoch 0 | global step 2440 | mode train | loss 2.077 | accuracy 14.6875 | mean_length 64
09-04-21 01:45:13 - epoch 0 | global step 2450 | mode train | loss 2.0781 | accuracy 13.4375 | mean_length 64
09-04-21 01:47:01 - epoch 0 | global step 2460 | mode train | loss 2.0826 | accuracy 12.1875 | mean_length 64
09-04-21 01:48:48 - epoch 0 | global step 2470 | mode train | loss 2.079 | accuracy 12.5 | mean_length 64
09-04-21 01:50:35 - epoch 0 | global step 2480 | mode train | loss 2.0799 | accuracy 10.3125 | mean_length 64
09-04-21 01:52:22 - epoch 0 | global step 2490 | mode train | loss 2.0799 | accuracy 12.1875 | mean_length 64
09-04-21 01:54:09 - epoch 0 | global step 2500 | mode train | loss 2.0783 | accuracy 12.5 | mean_length 64
09-04-21 01:55:56 - epoch 0 | global step 2510 | mode train | loss 2.0725 | accuracy 13.75 | mean_length 64
09-04-21 01:57:43 - epoch 0 | global step 2520 | mode train | loss 2.0801 | accuracy 11.5625 | mean_length 64
09-04-21 01:59:30 - epoch 0 | global step 2530 | mode train | loss 2.0747 | accuracy 11.875 | mean_length 64
09-04-21 02:01:18 - epoch 0 | global step 2540 | mode train | loss 2.077 | accuracy 14.0625 | mean_length 64
09-04-21 02:03:05 - epoch 0 | global step 2550 | mode train | loss 2.0738 | accuracy 14.6875 | mean_length 64
09-04-21 02:04:53 - epoch 0 | global step 2560 | mode train | loss 2.0757 | accuracy 12.8125 | mean_length 64
09-04-21 02:16:14 - epoch 0 | global step 2560 | mode validation | loss 2.08 | accuracy 12.8 | mean_length 64
09-04-21 02:16:14 - Saving model to Output/accGrad4_mbart_noBT_lr8.0e-6_7distractors_maxstep8192_seed43
Epoch: 0, Prediction Accuracy: 12.8, Saved to Path: Output/accGrad4_mbart_noBT_lr8.0e-6_7distractors_maxstep8192_seed43
09-04-21 02:18:13 - epoch 0 | global step 2570 | mode train | loss 2.0783 | accuracy 15.0 | mean_length 64
09-04-21 02:20:01 - epoch 0 | global step 2580 | mode train | loss 2.0758 | accuracy 13.4375 | mean_length 64
09-04-21 02:21:49 - epoch 0 | global step 2590 | mode train | loss 2.0808 | accuracy 11.5625 | mean_length 64
09-04-21 02:23:45 - epoch 0 | global step 2600 | mode train | loss 2.0801 | accuracy 10.3125 | mean_length 64
09-04-21 02:25:41 - epoch 0 | global step 2610 | mode train | loss 2.0789 | accuracy 15.0 | mean_length 64
09-04-21 02:27:38 - epoch 0 | global step 2620 | mode train | loss 2.0813 | accuracy 9.6875 | mean_length 64
09-04-21 02:29:34 - epoch 0 | global step 2630 | mode train | loss 2.0799 | accuracy 13.75 | mean_length 64
09-04-21 02:31:30 - epoch 0 | global step 2640 | mode train | loss 2.0852 | accuracy 8.125 | mean_length 64
09-04-21 02:33:26 - epoch 0 | global step 2650 | mode train | loss 2.0813 | accuracy 10.625 | mean_length 64
09-04-21 02:35:22 - epoch 0 | global step 2660 | mode train | loss 2.0818 | accuracy 12.5 | mean_length 64
09-04-21 02:37:18 - epoch 0 | global step 2670 | mode train | loss 2.0835 | accuracy 10.625 | mean_length 64
09-04-21 02:39:14 - epoch 0 | global step 2680 | mode train | loss 2.0763 | accuracy 14.6875 | mean_length 64
09-04-21 02:41:02 - epoch 0 | global step 2690 | mode train | loss 2.0816 | accuracy 14.6875 | mean_length 64
09-04-21 02:42:58 - epoch 0 | global step 2700 | mode train | loss 2.0839 | accuracy 9.375 | mean_length 64
09-04-21 02:44:55 - epoch 0 | global step 2710 | mode train | loss 2.0783 | accuracy 15.9375 | mean_length 64
09-04-21 02:46:51 - epoch 0 | global step 2720 | mode train | loss 2.079 | accuracy 11.5625 | mean_length 64
09-04-21 02:48:47 - epoch 0 | global step 2730 | mode train | loss 2.0783 | accuracy 14.0625 | mean_length 64
09-04-21 02:50:43 - epoch 0 | global step 2740 | mode train | loss 2.0804 | accuracy 11.25 | mean_length 64
09-04-21 02:52:40 - epoch 0 | global step 2750 | mode train | loss 2.0786 | accuracy 15.625 | mean_length 64
09-04-21 02:54:27 - epoch 0 | global step 2760 | mode train | loss 2.0766 | accuracy 10.625 | mean_length 64
09-04-21 02:56:24 - epoch 0 | global step 2770 | mode train | loss 2.074 | accuracy 12.5 | mean_length 64
09-04-21 02:58:20 - epoch 0 | global step 2780 | mode train | loss 2.073 | accuracy 12.1875 | mean_length 64
09-04-21 03:00:16 - epoch 0 | global step 2790 | mode train | loss 2.0903 | accuracy 11.875 | mean_length 64
09-04-21 03:02:12 - epoch 0 | global step 2800 | mode train | loss 2.0715 | accuracy 12.5 | mean_length 64
09-04-21 03:04:09 - epoch 0 | global step 2810 | mode train | loss 2.0722 | accuracy 11.875 | mean_length 64
09-04-21 03:06:05 - epoch 0 | global step 2820 | mode train | loss 2.0683 | accuracy 10.9375 | mean_length 64
09-04-21 03:08:01 - epoch 0 | global step 2830 | mode train | loss 2.049 | accuracy 13.75 | mean_length 64
09-04-21 03:09:57 - epoch 0 | global step 2840 | mode train | loss 2.0538 | accuracy 14.6875 | mean_length 64
09-04-21 03:11:53 - epoch 0 | global step 2850 | mode train | loss 2.0702 | accuracy 10.9375 | mean_length 64
09-04-21 03:13:42 - epoch 0 | global step 2860 | mode train | loss 2.0522 | accuracy 17.1875 | mean_length 64
09-04-21 03:15:29 - epoch 0 | global step 2870 | mode train | loss 2.0782 | accuracy 9.0625 | mean_length 64
09-04-21 03:17:19 - epoch 0 | global step 2880 | mode train | loss 2.0659 | accuracy 10.3125 | mean_length 64
09-04-21 03:19:09 - epoch 0 | global step 2890 | mode train | loss 2.0618 | accuracy 14.6875 | mean_length 64
09-04-21 03:21:00 - epoch 0 | global step 2900 | mode train | loss 2.0471 | accuracy 14.0625 | mean_length 64
09-04-21 03:22:49 - epoch 0 | global step 2910 | mode train | loss 2.0327 | accuracy 15.0 | mean_length 64
09-04-21 03:24:37 - epoch 0 | global step 2920 | mode train | loss 2.0651 | accuracy 12.5 | mean_length 64
09-04-21 03:26:25 - epoch 0 | global step 2930 | mode train | loss 2.0645 | accuracy 12.5 | mean_length 64
09-04-21 03:28:14 - epoch 0 | global step 2940 | mode train | loss 2.0558 | accuracy 11.25 | mean_length 64
09-04-21 03:30:04 - epoch 0 | global step 2950 | mode train | loss 2.0711 | accuracy 9.375 | mean_length 64
09-04-21 03:31:52 - epoch 0 | global step 2960 | mode train | loss 2.0451 | accuracy 13.125 | mean_length 64
09-04-21 03:33:42 - epoch 0 | global step 2970 | mode train | loss 2.0687 | accuracy 10.3125 | mean_length 64
09-04-21 03:35:30 - epoch 0 | global step 2980 | mode train | loss 2.0566 | accuracy 16.5625 | mean_length 64
09-04-21 03:37:19 - epoch 0 | global step 2990 | mode train | loss 2.0739 | accuracy 15.0 | mean_length 64
09-04-21 03:39:08 - epoch 0 | global step 3000 | mode train | loss 2.0777 | accuracy 9.6875 | mean_length 64
09-04-21 03:40:58 - epoch 0 | global step 3010 | mode train | loss 2.0786 | accuracy 12.1875 | mean_length 64
09-04-21 03:42:47 - epoch 0 | global step 3020 | mode train | loss 2.0733 | accuracy 9.6875 | mean_length 64
09-04-21 03:44:34 - epoch 0 | global step 3030 | mode train | loss 2.054 | accuracy 14.6875 | mean_length 64
09-04-21 03:46:23 - epoch 0 | global step 3040 | mode train | loss 2.0637 | accuracy 9.6875 | mean_length 64
09-04-21 03:48:12 - epoch 0 | global step 3050 | mode train | loss 2.0307 | accuracy 15.9375 | mean_length 64
09-04-21 03:50:00 - epoch 0 | global step 3060 | mode train | loss 2.0621 | accuracy 10.9375 | mean_length 64
09-04-21 03:51:54 - epoch 0 | global step 3070 | mode train | loss 2.0508 | accuracy 12.8125 | mean_length 64
09-04-21 04:03:34 - epoch 0 | global step 3072 | mode validation | loss 2.0798 | accuracy 12.4 | mean_length 64
09-04-21 04:03:34 - Saving model to Output/accGrad4_mbart_noBT_lr8.0e-6_7distractors_maxstep8192_seed43
Epoch: 0, Prediction Accuracy: 12.4, Saved to Path: Output/accGrad4_mbart_noBT_lr8.0e-6_7distractors_maxstep8192_seed43
09-04-21 04:05:12 - epoch 0 | global step 3080 | mode train | loss 2.0587 | accuracy 12.5 | mean_length 64
09-04-21 04:07:06 - epoch 0 | global step 3090 | mode train | loss 2.0299 | accuracy 17.1875 | mean_length 64
09-04-21 04:08:54 - epoch 0 | global step 3100 | mode train | loss 2.0649 | accuracy 12.5 | mean_length 64
09-04-21 04:10:43 - epoch 0 | global step 3110 | mode train | loss 2.0496 | accuracy 12.8125 | mean_length 64
09-04-21 04:12:30 - epoch 0 | global step 3120 | mode train | loss 2.0681 | accuracy 14.6875 | mean_length 64
09-04-21 04:14:18 - epoch 0 | global step 3130 | mode train | loss 2.0745 | accuracy 14.0625 | mean_length 64
09-04-21 04:16:07 - epoch 0 | global step 3140 | mode train | loss 2.0816 | accuracy 11.5625 | mean_length 64
09-04-21 04:17:55 - epoch 0 | global step 3150 | mode train | loss 2.0791 | accuracy 10.625 | mean_length 64
09-04-21 04:19:46 - epoch 0 | global step 3160 | mode train | loss 2.0806 | accuracy 8.75 | mean_length 64
09-04-21 04:21:35 - epoch 0 | global step 3170 | mode train | loss 2.0795 | accuracy 11.25 | mean_length 64
09-04-21 04:23:24 - epoch 0 | global step 3180 | mode train | loss 2.0798 | accuracy 13.125 | mean_length 64
09-04-21 04:25:14 - epoch 0 | global step 3190 | mode train | loss 2.0792 | accuracy 11.5625 | mean_length 64
09-04-21 04:27:02 - epoch 0 | global step 3200 | mode train | loss 2.0814 | accuracy 11.5625 | mean_length 64
09-04-21 04:28:53 - epoch 0 | global step 3210 | mode train | loss 2.0782 | accuracy 12.5 | mean_length 64
09-04-21 04:30:43 - epoch 0 | global step 3220 | mode train | loss 2.0789 | accuracy 11.5625 | mean_length 64
09-04-21 04:32:32 - epoch 1 | global step 3230 | mode train | loss 2.0794 | accuracy 13.75 | mean_length 64
09-04-21 04:34:22 - epoch 1 | global step 3240 | mode train | loss 2.0769 | accuracy 14.6875 | mean_length 64
09-04-21 04:36:12 - epoch 1 | global step 3250 | mode train | loss 2.0805 | accuracy 13.75 | mean_length 64
09-04-21 04:38:03 - epoch 1 | global step 3260 | mode train | loss 2.0773 | accuracy 13.125 | mean_length 64
09-04-21 04:39:53 - epoch 1 | global step 3270 | mode train | loss 2.0794 | accuracy 14.6875 | mean_length 64
09-04-21 04:41:42 - epoch 1 | global step 3280 | mode train | loss 2.0784 | accuracy 12.8125 | mean_length 64
09-04-21 04:43:31 - epoch 1 | global step 3290 | mode train | loss 2.0798 | accuracy 13.125 | mean_length 64
09-04-21 04:45:21 - epoch 1 | global step 3300 | mode train | loss 2.0804 | accuracy 11.5625 | mean_length 64
09-04-21 04:47:12 - epoch 1 | global step 3310 | mode train | loss 2.0771 | accuracy 13.4375 | mean_length 64
09-04-21 04:49:01 - epoch 1 | global step 3320 | mode train | loss 2.0808 | accuracy 11.875 | mean_length 64
09-04-21 04:50:51 - epoch 1 | global step 3330 | mode train | loss 2.0791 | accuracy 15.3125 | mean_length 64
09-04-21 04:52:39 - epoch 1 | global step 3340 | mode train | loss 2.0788 | accuracy 12.8125 | mean_length 64
09-04-21 04:54:27 - epoch 1 | global step 3350 | mode train | loss 2.0777 | accuracy 15.625 | mean_length 64
09-04-21 04:56:16 - epoch 1 | global step 3360 | mode train | loss 2.0786 | accuracy 14.0625 | mean_length 64
09-04-21 04:58:06 - epoch 1 | global step 3370 | mode train | loss 2.0804 | accuracy 12.5 | mean_length 64
09-04-21 04:59:56 - epoch 1 | global step 3380 | mode train | loss 2.0816 | accuracy 9.375 | mean_length 64
09-04-21 05:01:45 - epoch 1 | global step 3390 | mode train | loss 2.0815 | accuracy 9.375 | mean_length 64
09-04-21 05:03:34 - epoch 1 | global step 3400 | mode train | loss 2.0805 | accuracy 12.1875 | mean_length 64
09-04-21 05:05:23 - epoch 1 | global step 3410 | mode train | loss 2.0817 | accuracy 14.0625 | mean_length 64
09-04-21 05:07:12 - epoch 1 | global step 3420 | mode train | loss 2.082 | accuracy 10.625 | mean_length 64
09-04-21 05:09:03 - epoch 1 | global step 3430 | mode train | loss 2.0832 | accuracy 6.25 | mean_length 64
09-04-21 05:10:51 - epoch 1 | global step 3440 | mode train | loss 2.0772 | accuracy 15.0 | mean_length 64
09-04-21 05:12:39 - epoch 1 | global step 3450 | mode train | loss 2.0747 | accuracy 9.0625 | mean_length 64
09-04-21 05:14:29 - epoch 1 | global step 3460 | mode train | loss 2.0799 | accuracy 15.0 | mean_length 64
09-04-21 05:16:19 - epoch 1 | global step 3470 | mode train | loss 2.0799 | accuracy 11.25 | mean_length 64
09-04-21 05:18:08 - epoch 1 | global step 3480 | mode train | loss 2.0786 | accuracy 14.6875 | mean_length 64
09-04-21 05:19:56 - epoch 1 | global step 3490 | mode train | loss 2.08 | accuracy 7.8125 | mean_length 64
09-04-21 05:21:44 - epoch 1 | global step 3500 | mode train | loss 2.082 | accuracy 10.9375 | mean_length 64
09-04-21 05:23:32 - epoch 1 | global step 3510 | mode train | loss 2.0809 | accuracy 10.0 | mean_length 64
09-04-21 05:25:21 - epoch 1 | global step 3520 | mode train | loss 2.0814 | accuracy 9.375 | mean_length 64
09-04-21 05:27:09 - epoch 1 | global step 3530 | mode train | loss 2.0799 | accuracy 10.9375 | mean_length 64
09-04-21 05:28:57 - epoch 1 | global step 3540 | mode train | loss 2.0779 | accuracy 13.75 | mean_length 64
09-04-21 05:30:48 - epoch 1 | global step 3550 | mode train | loss 2.0811 | accuracy 10.625 | mean_length 64
09-04-21 05:32:38 - epoch 1 | global step 3560 | mode train | loss 2.0802 | accuracy 12.5 | mean_length 64
09-04-21 05:34:27 - epoch 1 | global step 3570 | mode train | loss 2.079 | accuracy 13.4375 | mean_length 64
09-04-21 05:36:15 - epoch 1 | global step 3580 | mode train | loss 2.0806 | accuracy 11.5625 | mean_length 64
09-04-21 05:46:36 - epoch 1 | global step 3584 | mode validation | loss 2.0798 | accuracy 12.56 | mean_length 64
09-04-21 05:47:42 - epoch 1 | global step 3590 | mode train | loss 2.0789 | accuracy 13.4375 | mean_length 64
09-04-21 05:49:32 - epoch 1 | global step 3600 | mode train | loss 2.0781 | accuracy 15.3125 | mean_length 64
09-04-21 05:51:22 - epoch 1 | global step 3610 | mode train | loss 2.0775 | accuracy 13.125 | mean_length 64
09-04-21 05:53:13 - epoch 1 | global step 3620 | mode train | loss 2.0796 | accuracy 13.4375 | mean_length 64
09-04-21 05:55:01 - epoch 1 | global step 3630 | mode train | loss 2.0748 | accuracy 13.125 | mean_length 64
09-04-21 05:56:52 - epoch 1 | global step 3640 | mode train | loss 2.0796 | accuracy 13.75 | mean_length 64
09-04-21 05:58:41 - epoch 1 | global step 3650 | mode train | loss 2.0815 | accuracy 13.4375 | mean_length 64
09-04-21 06:00:29 - epoch 1 | global step 3660 | mode train | loss 2.0808 | accuracy 12.5 | mean_length 64
09-04-21 06:02:17 - epoch 1 | global step 3670 | mode train | loss 2.0811 | accuracy 11.875 | mean_length 64
09-04-21 06:04:06 - epoch 1 | global step 3680 | mode train | loss 2.0789 | accuracy 13.75 | mean_length 64
09-04-21 06:05:54 - epoch 1 | global step 3690 | mode train | loss 2.0777 | accuracy 15.3125 | mean_length 64
09-04-21 06:07:42 - epoch 1 | global step 3700 | mode train | loss 2.0803 | accuracy 11.5625 | mean_length 64
09-04-21 06:09:31 - epoch 1 | global step 3710 | mode train | loss 2.0785 | accuracy 11.5625 | mean_length 64
09-04-21 06:11:19 - epoch 1 | global step 3720 | mode train | loss 2.0781 | accuracy 12.8125 | mean_length 64
09-04-21 06:13:08 - epoch 1 | global step 3730 | mode train | loss 2.0793 | accuracy 14.375 | mean_length 64
09-04-21 06:14:58 - epoch 1 | global step 3740 | mode train | loss 2.0802 | accuracy 13.125 | mean_length 64
09-04-21 06:16:48 - epoch 1 | global step 3750 | mode train | loss 2.0807 | accuracy 9.6875 | mean_length 64
09-04-21 06:18:36 - epoch 1 | global step 3760 | mode train | loss 2.0817 | accuracy 10.3125 | mean_length 64
09-04-21 06:20:24 - epoch 1 | global step 3770 | mode train | loss 2.0806 | accuracy 13.75 | mean_length 64
09-04-21 06:22:13 - epoch 1 | global step 3780 | mode train | loss 2.0815 | accuracy 10.0 | mean_length 64
09-04-21 06:24:03 - epoch 1 | global step 3790 | mode train | loss 2.0795 | accuracy 14.0625 | mean_length 64
09-04-21 06:25:53 - epoch 1 | global step 3800 | mode train | loss 2.0807 | accuracy 10.9375 | mean_length 64
09-04-21 06:27:44 - epoch 1 | global step 3810 | mode train | loss 2.0787 | accuracy 12.8125 | mean_length 64
09-04-21 06:29:34 - epoch 1 | global step 3820 | mode train | loss 2.0792 | accuracy 15.625 | mean_length 64
09-04-21 06:31:23 - epoch 1 | global step 3830 | mode train | loss 2.0804 | accuracy 13.75 | mean_length 64
09-04-21 06:33:12 - epoch 1 | global step 3840 | mode train | loss 2.0796 | accuracy 13.4375 | mean_length 64
09-04-21 06:35:03 - epoch 1 | global step 3850 | mode train | loss 2.081 | accuracy 11.25 | mean_length 64
09-04-21 06:36:54 - epoch 1 | global step 3860 | mode train | loss 2.0806 | accuracy 10.9375 | mean_length 64
09-04-21 06:38:43 - epoch 1 | global step 3870 | mode train | loss 2.0784 | accuracy 12.5 | mean_length 64
09-04-21 06:40:31 - epoch 1 | global step 3880 | mode train | loss 2.0812 | accuracy 10.3125 | mean_length 64
09-04-21 06:42:20 - epoch 1 | global step 3890 | mode train | loss 2.0789 | accuracy 16.5625 | mean_length 64
09-04-21 06:44:09 - epoch 1 | global step 3900 | mode train | loss 2.079 | accuracy 13.75 | mean_length 64
09-04-21 06:45:58 - epoch 1 | global step 3910 | mode train | loss 2.0813 | accuracy 10.9375 | mean_length 64
09-04-21 06:47:46 - epoch 1 | global step 3920 | mode train | loss 2.0772 | accuracy 13.125 | mean_length 64
09-04-21 06:49:35 - epoch 1 | global step 3930 | mode train | loss 2.0789 | accuracy 11.5625 | mean_length 64
09-04-21 06:51:22 - epoch 1 | global step 3940 | mode train | loss 2.0815 | accuracy 11.5625 | mean_length 64
09-04-21 06:53:10 - epoch 1 | global step 3950 | mode train | loss 2.0799 | accuracy 11.25 | mean_length 64
09-04-21 06:54:58 - epoch 1 | global step 3960 | mode train | loss 2.0799 | accuracy 10.3125 | mean_length 64
09-04-21 06:56:48 - epoch 1 | global step 3970 | mode train | loss 2.0769 | accuracy 14.0625 | mean_length 64
09-04-21 06:58:39 - epoch 1 | global step 3980 | mode train | loss 2.0802 | accuracy 11.25 | mean_length 64
09-04-21 07:00:29 - epoch 1 | global step 3990 | mode train | loss 2.0772 | accuracy 9.6875 | mean_length 64
09-04-21 07:02:18 - epoch 1 | global step 4000 | mode train | loss 2.0783 | accuracy 10.625 | mean_length 64
09-04-21 07:04:09 - epoch 1 | global step 4010 | mode train | loss 2.0796 | accuracy 14.6875 | mean_length 64
09-04-21 07:05:59 - epoch 1 | global step 4020 | mode train | loss 2.0819 | accuracy 10.9375 | mean_length 64
09-04-21 07:07:50 - epoch 1 | global step 4030 | mode train | loss 2.0785 | accuracy 13.75 | mean_length 64
09-04-21 07:09:41 - epoch 1 | global step 4040 | mode train | loss 2.0757 | accuracy 13.125 | mean_length 64
09-04-21 07:11:29 - epoch 1 | global step 4050 | mode train | loss 2.0746 | accuracy 11.25 | mean_length 64
09-04-21 07:13:17 - epoch 1 | global step 4060 | mode train | loss 2.0814 | accuracy 14.0625 | mean_length 64
09-04-21 07:15:08 - epoch 1 | global step 4070 | mode train | loss 2.0783 | accuracy 15.0 | mean_length 64
09-04-21 07:16:59 - epoch 1 | global step 4080 | mode train | loss 2.0784 | accuracy 11.5625 | mean_length 64
09-04-21 07:18:49 - epoch 1 | global step 4090 | mode train | loss 2.0753 | accuracy 12.8125 | mean_length 64
09-04-21 07:29:34 - epoch 1 | global step 4096 | mode validation | loss 2.0797 | accuracy 11.82 | mean_length 64
09-04-21 07:29:34 - Saving model to Output/accGrad4_mbart_noBT_lr8.0e-6_7distractors_maxstep8192_seed43
Epoch: 1, Prediction Accuracy: 11.82, Saved to Path: Output/accGrad4_mbart_noBT_lr8.0e-6_7distractors_maxstep8192_seed43
09-04-21 07:30:28 - epoch 1 | global step 4100 | mode train | loss 2.0797 | accuracy 14.6875 | mean_length 64
09-04-21 07:32:16 - epoch 1 | global step 4110 | mode train | loss 2.0797 | accuracy 11.25 | mean_length 64
09-04-21 07:34:04 - epoch 1 | global step 4120 | mode train | loss 2.0811 | accuracy 12.5 | mean_length 64
09-04-21 07:35:53 - epoch 1 | global step 4130 | mode train | loss 2.0801 | accuracy 12.8125 | mean_length 64
09-04-21 07:37:41 - epoch 1 | global step 4140 | mode train | loss 2.0773 | accuracy 10.3125 | mean_length 64
09-04-21 07:39:31 - epoch 1 | global step 4150 | mode train | loss 2.0802 | accuracy 11.875 | mean_length 64
09-04-21 07:41:19 - epoch 1 | global step 4160 | mode train | loss 2.076 | accuracy 15.0 | mean_length 64
09-04-21 07:43:07 - epoch 1 | global step 4170 | mode train | loss 2.0775 | accuracy 13.75 | mean_length 64
09-04-21 07:44:54 - epoch 1 | global step 4180 | mode train | loss 2.0769 | accuracy 11.5625 | mean_length 64
09-04-21 07:46:42 - epoch 1 | global step 4190 | mode train | loss 2.0804 | accuracy 11.875 | mean_length 64
09-04-21 07:48:30 - epoch 1 | global step 4200 | mode train | loss 2.0787 | accuracy 13.4375 | mean_length 64
09-04-21 07:50:18 - epoch 1 | global step 4210 | mode train | loss 2.0795 | accuracy 13.125 | mean_length 64
09-04-21 07:52:05 - epoch 1 | global step 4220 | mode train | loss 2.0798 | accuracy 13.75 | mean_length 64
09-04-21 07:53:53 - epoch 1 | global step 4230 | mode train | loss 2.0797 | accuracy 11.875 | mean_length 64
09-04-21 07:55:40 - epoch 1 | global step 4240 | mode train | loss 2.0736 | accuracy 11.25 | mean_length 64
09-04-21 07:57:28 - epoch 1 | global step 4250 | mode train | loss 2.0786 | accuracy 12.5 | mean_length 64
09-04-21 07:59:17 - epoch 1 | global step 4260 | mode train | loss 2.08 | accuracy 13.75 | mean_length 64
09-04-21 08:01:05 - epoch 1 | global step 4270 | mode train | loss 2.08 | accuracy 11.875 | mean_length 64
09-04-21 08:02:52 - epoch 1 | global step 4280 | mode train | loss 2.0798 | accuracy 11.5625 | mean_length 64
09-04-21 08:04:41 - epoch 1 | global step 4290 | mode train | loss 2.0791 | accuracy 14.6875 | mean_length 64
09-04-21 08:06:29 - epoch 1 | global step 4300 | mode train | loss 2.08 | accuracy 11.5625 | mean_length 64
09-04-21 08:08:17 - epoch 1 | global step 4310 | mode train | loss 2.0796 | accuracy 11.25 | mean_length 64
09-04-21 08:10:04 - epoch 1 | global step 4320 | mode train | loss 2.0783 | accuracy 12.8125 | mean_length 64
09-04-21 08:11:52 - epoch 1 | global step 4330 | mode train | loss 2.0743 | accuracy 11.25 | mean_length 64
09-04-21 08:13:39 - epoch 1 | global step 4340 | mode train | loss 2.0802 | accuracy 13.4375 | mean_length 64
09-04-21 08:15:26 - epoch 1 | global step 4350 | mode train | loss 2.0794 | accuracy 14.6875 | mean_length 64
09-04-21 08:17:14 - epoch 1 | global step 4360 | mode train | loss 2.0798 | accuracy 9.6875 | mean_length 64
09-04-21 08:19:01 - epoch 1 | global step 4370 | mode train | loss 2.0808 | accuracy 10.9375 | mean_length 64
09-04-21 08:20:49 - epoch 1 | global step 4380 | mode train | loss 2.0795 | accuracy 11.875 | mean_length 64
09-04-21 08:22:36 - epoch 1 | global step 4390 | mode train | loss 2.0785 | accuracy 10.9375 | mean_length 64
09-04-21 08:24:25 - epoch 1 | global step 4400 | mode train | loss 2.0738 | accuracy 15.3125 | mean_length 64
09-04-21 08:26:13 - epoch 1 | global step 4410 | mode train | loss 2.0791 | accuracy 10.625 | mean_length 64
09-04-21 08:28:02 - epoch 1 | global step 4420 | mode train | loss 2.0799 | accuracy 12.1875 | mean_length 64
09-04-21 08:29:50 - epoch 1 | global step 4430 | mode train | loss 2.0801 | accuracy 11.25 | mean_length 64
09-04-21 08:31:39 - epoch 1 | global step 4440 | mode train | loss 2.077 | accuracy 12.8125 | mean_length 64
09-04-21 08:33:27 - epoch 1 | global step 4450 | mode train | loss 2.0805 | accuracy 13.75 | mean_length 64
09-04-21 08:35:16 - epoch 1 | global step 4460 | mode train | loss 2.0791 | accuracy 15.3125 | mean_length 64
09-04-21 08:37:05 - epoch 1 | global step 4470 | mode train | loss 2.078 | accuracy 12.5 | mean_length 64
09-04-21 08:38:56 - epoch 1 | global step 4480 | mode train | loss 2.0719 | accuracy 11.5625 | mean_length 64
09-04-21 08:40:45 - epoch 1 | global step 4490 | mode train | loss 2.0798 | accuracy 9.6875 | mean_length 64
09-04-21 08:42:34 - epoch 1 | global step 4500 | mode train | loss 2.0787 | accuracy 14.0625 | mean_length 64
09-04-21 08:44:23 - epoch 1 | global step 4510 | mode train | loss 2.0779 | accuracy 12.1875 | mean_length 64
09-04-21 08:46:12 - epoch 1 | global step 4520 | mode train | loss 2.0737 | accuracy 10.3125 | mean_length 64
09-04-21 08:48:00 - epoch 1 | global step 4530 | mode train | loss 2.0741 | accuracy 13.75 | mean_length 64
09-04-21 08:49:50 - epoch 1 | global step 4540 | mode train | loss 2.0807 | accuracy 10.3125 | mean_length 64
09-04-21 08:51:40 - epoch 1 | global step 4550 | mode train | loss 2.0676 | accuracy 13.4375 | mean_length 64
09-04-21 08:53:31 - epoch 1 | global step 4560 | mode train | loss 2.0736 | accuracy 13.125 | mean_length 64
09-04-21 08:55:21 - epoch 1 | global step 4570 | mode train | loss 2.074 | accuracy 11.25 | mean_length 64
09-04-21 08:57:09 - epoch 1 | global step 4580 | mode train | loss 2.0804 | accuracy 13.75 | mean_length 64
09-04-21 08:58:57 - epoch 1 | global step 4590 | mode train | loss 2.0789 | accuracy 15.3125 | mean_length 64
09-04-21 09:00:46 - epoch 1 | global step 4600 | mode train | loss 2.0765 | accuracy 14.6875 | mean_length 64
09-04-21 09:11:52 - epoch 1 | global step 4608 | mode validation | loss 2.0795 | accuracy 12.6 | mean_length 64
09-04-21 09:11:52 - Saving model to Output/accGrad4_mbart_noBT_lr8.0e-6_7distractors_maxstep8192_seed43
Epoch: 1, Prediction Accuracy: 12.6, Saved to Path: Output/accGrad4_mbart_noBT_lr8.0e-6_7distractors_maxstep8192_seed43
09-04-21 09:12:23 - epoch 1 | global step 4610 | mode train | loss 2.0751 | accuracy 9.375 | mean_length 64
09-04-21 09:14:13 - epoch 1 | global step 4620 | mode train | loss 2.0794 | accuracy 11.875 | mean_length 64
09-04-21 09:16:03 - epoch 1 | global step 4630 | mode train | loss 2.0791 | accuracy 11.875 | mean_length 64
09-04-21 09:17:54 - epoch 1 | global step 4640 | mode train | loss 2.0728 | accuracy 13.75 | mean_length 64
09-04-21 09:19:42 - epoch 1 | global step 4650 | mode train | loss 2.0817 | accuracy 10.0 | mean_length 64
09-04-21 09:21:31 - epoch 1 | global step 4660 | mode train | loss 2.0778 | accuracy 16.25 | mean_length 64
09-04-21 09:23:20 - epoch 1 | global step 4670 | mode train | loss 2.081 | accuracy 13.125 | mean_length 64
09-04-21 09:25:10 - epoch 1 | global step 4680 | mode train | loss 2.0788 | accuracy 13.75 | mean_length 64
09-04-21 09:27:00 - epoch 1 | global step 4690 | mode train | loss 2.0838 | accuracy 10.3125 | mean_length 64
09-04-21 09:28:49 - epoch 1 | global step 4700 | mode train | loss 2.0798 | accuracy 12.1875 | mean_length 64
09-04-21 09:30:38 - epoch 1 | global step 4710 | mode train | loss 2.0688 | accuracy 12.1875 | mean_length 64
09-04-21 09:32:29 - epoch 1 | global step 4720 | mode train | loss 2.0808 | accuracy 12.1875 | mean_length 64
09-04-21 09:34:19 - epoch 1 | global step 4730 | mode train | loss 2.0742 | accuracy 10.0 | mean_length 64
09-04-21 09:36:08 - epoch 1 | global step 4740 | mode train | loss 2.0769 | accuracy 14.0625 | mean_length 64
09-04-21 09:37:57 - epoch 1 | global step 4750 | mode train | loss 2.0799 | accuracy 10.0 | mean_length 64
09-04-21 09:39:46 - epoch 1 | global step 4760 | mode train | loss 2.0764 | accuracy 16.875 | mean_length 64
09-04-21 09:41:35 - epoch 1 | global step 4770 | mode train | loss 2.0787 | accuracy 13.125 | mean_length 64
09-04-21 09:43:24 - epoch 1 | global step 4780 | mode train | loss 2.081 | accuracy 12.5 | mean_length 64
09-04-21 09:45:16 - epoch 1 | global step 4790 | mode train | loss 2.0762 | accuracy 11.875 | mean_length 64
09-04-21 09:47:05 - epoch 1 | global step 4800 | mode train | loss 2.0725 | accuracy 16.5625 | mean_length 64
09-04-21 09:48:55 - epoch 1 | global step 4810 | mode train | loss 2.0776 | accuracy 12.1875 | mean_length 64
09-04-21 09:50:45 - epoch 1 | global step 4820 | mode train | loss 2.0764 | accuracy 10.0 | mean_length 64
09-04-21 09:52:43 - epoch 1 | global step 4830 | mode train | loss 2.0753 | accuracy 12.8125 | mean_length 64
09-04-21 09:54:32 - epoch 1 | global step 4840 | mode train | loss 2.0795 | accuracy 10.625 | mean_length 64
09-04-21 09:56:20 - epoch 1 | global step 4850 | mode train | loss 2.0814 | accuracy 10.0 | mean_length 64
09-04-21 09:58:14 - epoch 1 | global step 4860 | mode train | loss 2.0757 | accuracy 10.3125 | mean_length 64
09-04-21 10:00:03 - epoch 1 | global step 4870 | mode train | loss 2.0812 | accuracy 10.625 | mean_length 64
09-04-21 10:01:53 - epoch 1 | global step 4880 | mode train | loss 2.0798 | accuracy 14.0625 | mean_length 64
09-04-21 10:03:49 - epoch 1 | global step 4890 | mode train | loss 2.0752 | accuracy 10.9375 | mean_length 64
09-04-21 10:05:38 - epoch 1 | global step 4900 | mode train | loss 2.0794 | accuracy 12.5 | mean_length 64
09-04-21 10:07:25 - epoch 1 | global step 4910 | mode train | loss 2.073 | accuracy 13.75 | mean_length 64
09-04-21 10:09:14 - epoch 1 | global step 4920 | mode train | loss 2.0794 | accuracy 10.0 | mean_length 64
09-04-21 10:11:04 - epoch 1 | global step 4930 | mode train | loss 2.0669 | accuracy 13.75 | mean_length 64
09-04-21 10:12:51 - epoch 1 | global step 4940 | mode train | loss 2.0809 | accuracy 11.875 | mean_length 64
09-04-21 10:14:38 - epoch 1 | global step 4950 | mode train | loss 2.0804 | accuracy 13.125 | mean_length 64
09-04-21 10:16:25 - epoch 1 | global step 4960 | mode train | loss 2.0792 | accuracy 12.5 | mean_length 64
09-04-21 10:18:12 - epoch 1 | global step 4970 | mode train | loss 2.0683 | accuracy 12.1875 | mean_length 64
09-04-21 10:20:00 - epoch 1 | global step 4980 | mode train | loss 2.08 | accuracy 14.375 | mean_length 64
09-04-21 10:21:52 - epoch 1 | global step 4990 | mode train | loss 2.0783 | accuracy 13.125 | mean_length 64
09-04-21 10:23:42 - epoch 1 | global step 5000 | mode train | loss 2.0749 | accuracy 7.5 | mean_length 64
09-04-21 10:25:30 - epoch 1 | global step 5010 | mode train | loss 2.0803 | accuracy 13.75 | mean_length 64
09-04-21 10:27:20 - epoch 1 | global step 5020 | mode train | loss 2.0749 | accuracy 11.25 | mean_length 64
09-04-21 10:29:10 - epoch 1 | global step 5030 | mode train | loss 2.0626 | accuracy 14.0625 | mean_length 64
09-04-21 10:31:01 - epoch 1 | global step 5040 | mode train | loss 2.0784 | accuracy 11.25 | mean_length 64
09-04-21 10:32:49 - epoch 1 | global step 5050 | mode train | loss 2.0796 | accuracy 10.3125 | mean_length 64
09-04-21 10:34:39 - epoch 1 | global step 5060 | mode train | loss 2.0806 | accuracy 12.5 | mean_length 64
09-04-21 10:36:26 - epoch 1 | global step 5070 | mode train | loss 2.0787 | accuracy 13.125 | mean_length 64
09-04-21 10:38:14 - epoch 1 | global step 5080 | mode train | loss 2.0717 | accuracy 12.8125 | mean_length 64
09-04-21 10:40:02 - epoch 1 | global step 5090 | mode train | loss 2.0785 | accuracy 16.5625 | mean_length 64
09-04-21 10:41:49 - epoch 1 | global step 5100 | mode train | loss 2.0792 | accuracy 11.5625 | mean_length 64
09-04-21 10:43:40 - epoch 1 | global step 5110 | mode train | loss 2.08 | accuracy 10.9375 | mean_length 64
09-04-21 10:45:29 - epoch 1 | global step 5120 | mode train | loss 2.0794 | accuracy 11.875 | mean_length 64
09-04-21 10:55:08 - epoch 1 | global step 5120 | mode validation | loss 2.0795 | accuracy 12.66 | mean_length 64
09-04-21 10:56:58 - epoch 1 | global step 5130 | mode train | loss 2.0722 | accuracy 11.875 | mean_length 64
09-04-21 10:58:48 - epoch 1 | global step 5140 | mode train | loss 2.0836 | accuracy 14.6875 | mean_length 64
09-04-21 11:00:38 - epoch 1 | global step 5150 | mode train | loss 2.073 | accuracy 14.6875 | mean_length 64
09-04-21 11:02:27 - epoch 1 | global step 5160 | mode train | loss 2.0816 | accuracy 5.625 | mean_length 64
09-04-21 11:04:15 - epoch 1 | global step 5170 | mode train | loss 2.072 | accuracy 17.5 | mean_length 64
09-04-21 11:06:06 - epoch 1 | global step 5180 | mode train | loss 2.0796 | accuracy 14.375 | mean_length 64
09-04-21 11:07:54 - epoch 1 | global step 5190 | mode train | loss 2.082 | accuracy 11.25 | mean_length 64
09-04-21 11:09:42 - epoch 1 | global step 5200 | mode train | loss 2.0742 | accuracy 10.9375 | mean_length 64
09-04-21 11:11:32 - epoch 1 | global step 5210 | mode train | loss 2.0761 | accuracy 11.5625 | mean_length 64
09-04-21 11:13:23 - epoch 1 | global step 5220 | mode train | loss 2.0705 | accuracy 10.625 | mean_length 64
09-04-21 11:15:11 - epoch 1 | global step 5230 | mode train | loss 2.0783 | accuracy 14.375 | mean_length 64
09-04-21 11:17:00 - epoch 1 | global step 5240 | mode train | loss 2.0793 | accuracy 12.5 | mean_length 64
09-04-21 11:18:50 - epoch 1 | global step 5250 | mode train | loss 2.0675 | accuracy 14.0625 | mean_length 64
09-04-21 11:20:39 - epoch 1 | global step 5260 | mode train | loss 2.0792 | accuracy 13.4375 | mean_length 64
09-04-21 11:22:27 - epoch 1 | global step 5270 | mode train | loss 2.0802 | accuracy 11.25 | mean_length 64
09-04-21 11:24:17 - epoch 1 | global step 5280 | mode train | loss 2.0798 | accuracy 13.125 | mean_length 64
09-04-21 11:26:07 - epoch 1 | global step 5290 | mode train | loss 2.0802 | accuracy 14.375 | mean_length 64
09-04-21 11:27:58 - epoch 1 | global step 5300 | mode train | loss 2.0795 | accuracy 12.1875 | mean_length 64
09-04-21 11:29:48 - epoch 1 | global step 5310 | mode train | loss 2.0773 | accuracy 10.9375 | mean_length 64
09-04-21 11:31:39 - epoch 1 | global step 5320 | mode train | loss 2.0784 | accuracy 11.5625 | mean_length 64
09-04-21 11:33:29 - epoch 1 | global step 5330 | mode train | loss 2.0768 | accuracy 9.6875 | mean_length 64
09-04-21 11:35:19 - epoch 1 | global step 5340 | mode train | loss 2.0722 | accuracy 12.8125 | mean_length 64
09-04-21 11:37:08 - epoch 1 | global step 5350 | mode train | loss 2.0772 | accuracy 11.875 | mean_length 64
09-04-21 11:38:56 - epoch 1 | global step 5360 | mode train | loss 2.0782 | accuracy 15.0 | mean_length 64
09-04-21 11:40:44 - epoch 1 | global step 5370 | mode train | loss 2.0753 | accuracy 11.25 | mean_length 64
09-04-21 11:42:33 - epoch 1 | global step 5380 | mode train | loss 2.0803 | accuracy 15.0 | mean_length 64
09-04-21 11:44:21 - epoch 1 | global step 5390 | mode train | loss 2.0795 | accuracy 10.9375 | mean_length 64
09-04-21 11:46:12 - epoch 1 | global step 5400 | mode train | loss 2.0793 | accuracy 10.9375 | mean_length 64
09-04-21 11:48:02 - epoch 1 | global step 5410 | mode train | loss 2.0785 | accuracy 14.375 | mean_length 64
09-04-21 11:49:49 - epoch 1 | global step 5420 | mode train | loss 2.0756 | accuracy 13.125 | mean_length 64
09-04-21 11:51:37 - epoch 1 | global step 5430 | mode train | loss 2.0798 | accuracy 11.25 | mean_length 64
09-04-21 11:53:25 - epoch 1 | global step 5440 | mode train | loss 2.0746 | accuracy 15.625 | mean_length 64
09-04-21 11:55:13 - epoch 1 | global step 5450 | mode train | loss 2.0783 | accuracy 16.25 | mean_length 64
09-04-21 11:57:00 - epoch 1 | global step 5460 | mode train | loss 2.0806 | accuracy 11.25 | mean_length 64
09-04-21 11:58:48 - epoch 1 | global step 5470 | mode train | loss 2.0738 | accuracy 13.125 | mean_length 64
09-04-21 12:00:35 - epoch 1 | global step 5480 | mode train | loss 2.0818 | accuracy 11.5625 | mean_length 64
09-04-21 12:02:32 - epoch 1 | global step 5490 | mode train | loss 2.078 | accuracy 13.75 | mean_length 64
09-04-21 12:04:21 - epoch 1 | global step 5500 | mode train | loss 2.0798 | accuracy 13.4375 | mean_length 64
09-04-21 12:06:10 - epoch 1 | global step 5510 | mode train | loss 2.0819 | accuracy 10.3125 | mean_length 64
09-04-21 12:07:58 - epoch 1 | global step 5520 | mode train | loss 2.0802 | accuracy 15.9375 | mean_length 64
09-04-21 12:09:45 - epoch 1 | global step 5530 | mode train | loss 2.0778 | accuracy 12.5 | mean_length 64
09-04-21 12:11:32 - epoch 1 | global step 5540 | mode train | loss 2.0814 | accuracy 8.75 | mean_length 64
09-04-21 12:13:20 - epoch 1 | global step 5550 | mode train | loss 2.0809 | accuracy 10.625 | mean_length 64
09-04-21 12:15:07 - epoch 1 | global step 5560 | mode train | loss 2.0733 | accuracy 12.1875 | mean_length 64
09-04-21 12:16:54 - epoch 1 | global step 5570 | mode train | loss 2.0723 | accuracy 13.125 | mean_length 64
09-04-21 12:18:41 - epoch 1 | global step 5580 | mode train | loss 2.0798 | accuracy 9.0625 | mean_length 64
09-04-21 12:20:29 - epoch 1 | global step 5590 | mode train | loss 2.0764 | accuracy 14.6875 | mean_length 64
09-04-21 12:22:23 - epoch 1 | global step 5600 | mode train | loss 2.0894 | accuracy 14.375 | mean_length 64
09-04-21 12:24:13 - epoch 1 | global step 5610 | mode train | loss 2.0754 | accuracy 7.8125 | mean_length 64
09-04-21 12:26:03 - epoch 1 | global step 5620 | mode train | loss 2.0814 | accuracy 14.0625 | mean_length 64
09-04-21 12:27:51 - epoch 1 | global step 5630 | mode train | loss 2.079 | accuracy 14.375 | mean_length 64
09-04-21 12:37:51 - epoch 1 | global step 5632 | mode validation | loss 2.0797 | accuracy 12.26 | mean_length 64
09-04-21 12:39:17 - epoch 1 | global step 5640 | mode train | loss 2.0797 | accuracy 14.0625 | mean_length 64
09-04-21 12:41:04 - epoch 1 | global step 5650 | mode train | loss 2.0791 | accuracy 14.0625 | mean_length 64
09-04-21 12:42:51 - epoch 1 | global step 5660 | mode train | loss 2.0698 | accuracy 15.3125 | mean_length 64
09-04-21 12:44:38 - epoch 1 | global step 5670 | mode train | loss 2.0799 | accuracy 14.0625 | mean_length 64
09-04-21 12:46:26 - epoch 1 | global step 5680 | mode train | loss 2.0815 | accuracy 11.25 | mean_length 64
09-04-21 12:48:13 - epoch 1 | global step 5690 | mode train | loss 2.0745 | accuracy 11.875 | mean_length 64
09-04-21 12:50:02 - epoch 1 | global step 5700 | mode train | loss 2.0797 | accuracy 10.0 | mean_length 64
09-04-21 12:51:49 - epoch 1 | global step 5710 | mode train | loss 2.0733 | accuracy 13.75 | mean_length 64
09-04-21 12:53:41 - epoch 1 | global step 5720 | mode train | loss 2.0778 | accuracy 11.25 | mean_length 64
09-04-21 12:55:28 - epoch 1 | global step 5730 | mode train | loss 2.0799 | accuracy 12.8125 | mean_length 64
09-04-21 12:57:15 - epoch 1 | global step 5740 | mode train | loss 2.0804 | accuracy 11.25 | mean_length 64
09-04-21 12:59:05 - epoch 1 | global step 5750 | mode train | loss 2.0752 | accuracy 10.3125 | mean_length 64
09-04-21 13:00:52 - epoch 1 | global step 5760 | mode train | loss 2.0881 | accuracy 15.9375 | mean_length 64
09-04-21 13:02:39 - epoch 1 | global step 5770 | mode train | loss 2.0786 | accuracy 14.375 | mean_length 64
09-04-21 13:04:27 - epoch 1 | global step 5780 | mode train | loss 2.0778 | accuracy 15.9375 | mean_length 64
09-04-21 13:06:14 - epoch 1 | global step 5790 | mode train | loss 2.0788 | accuracy 11.25 | mean_length 64
09-04-21 13:08:02 - epoch 1 | global step 5800 | mode train | loss 2.0813 | accuracy 11.875 | mean_length 64
09-04-21 13:09:49 - epoch 1 | global step 5810 | mode train | loss 2.079 | accuracy 13.75 | mean_length 64
09-04-21 13:11:36 - epoch 1 | global step 5820 | mode train | loss 2.0735 | accuracy 13.75 | mean_length 64
09-04-21 13:13:24 - epoch 1 | global step 5830 | mode train | loss 2.08 | accuracy 9.375 | mean_length 64
09-04-21 13:15:11 - epoch 1 | global step 5840 | mode train | loss 2.0796 | accuracy 14.0625 | mean_length 64
09-04-21 13:16:58 - epoch 1 | global step 5850 | mode train | loss 2.0744 | accuracy 10.0 | mean_length 64
09-04-21 13:18:45 - epoch 1 | global step 5860 | mode train | loss 2.0791 | accuracy 15.3125 | mean_length 64
09-04-21 13:20:33 - epoch 1 | global step 5870 | mode train | loss 2.0781 | accuracy 14.375 | mean_length 64
09-04-21 13:22:20 - epoch 1 | global step 5880 | mode train | loss 2.0793 | accuracy 11.5625 | mean_length 64
09-04-21 13:24:07 - epoch 1 | global step 5890 | mode train | loss 2.079 | accuracy 12.5 | mean_length 64
09-04-21 13:25:55 - epoch 1 | global step 5900 | mode train | loss 2.0712 | accuracy 16.25 | mean_length 64
09-04-21 13:27:42 - epoch 1 | global step 5910 | mode train | loss 2.0799 | accuracy 10.0 | mean_length 64
09-04-21 13:29:29 - epoch 1 | global step 5920 | mode train | loss 2.0803 | accuracy 11.25 | mean_length 64
09-04-21 13:31:16 - epoch 1 | global step 5930 | mode train | loss 2.0796 | accuracy 15.625 | mean_length 64
09-04-21 13:33:04 - epoch 1 | global step 5940 | mode train | loss 2.0743 | accuracy 13.4375 | mean_length 64
09-04-21 13:34:53 - epoch 1 | global step 5950 | mode train | loss 2.0828 | accuracy 10.9375 | mean_length 64
09-04-21 13:36:40 - epoch 1 | global step 5960 | mode train | loss 2.0745 | accuracy 9.375 | mean_length 64
09-04-21 13:38:27 - epoch 1 | global step 5970 | mode train | loss 2.0728 | accuracy 14.6875 | mean_length 64
09-04-21 13:40:14 - epoch 1 | global step 5980 | mode train | loss 2.0797 | accuracy 15.0 | mean_length 64
09-04-21 13:42:02 - epoch 1 | global step 5990 | mode train | loss 2.0733 | accuracy 11.25 | mean_length 64
09-04-21 13:43:49 - epoch 1 | global step 6000 | mode train | loss 2.0678 | accuracy 13.75 | mean_length 64
09-04-21 13:45:36 - epoch 1 | global step 6010 | mode train | loss 2.079 | accuracy 10.3125 | mean_length 64
09-04-21 13:47:26 - epoch 1 | global step 6020 | mode train | loss 2.0774 | accuracy 13.75 | mean_length 64
09-04-21 13:49:14 - epoch 1 | global step 6030 | mode train | loss 2.0802 | accuracy 11.5625 | mean_length 64
09-04-21 13:51:02 - epoch 1 | global step 6040 | mode train | loss 2.0752 | accuracy 14.6875 | mean_length 64
09-04-21 13:52:51 - epoch 1 | global step 6050 | mode train | loss 2.0709 | accuracy 14.375 | mean_length 64
09-04-21 13:54:39 - epoch 1 | global step 6060 | mode train | loss 2.0734 | accuracy 12.1875 | mean_length 64
09-04-21 13:56:28 - epoch 1 | global step 6070 | mode train | loss 2.0789 | accuracy 12.5 | mean_length 64
09-04-21 13:58:17 - epoch 1 | global step 6080 | mode train | loss 2.0712 | accuracy 16.875 | mean_length 64
09-04-21 14:00:07 - epoch 1 | global step 6090 | mode train | loss 2.0613 | accuracy 12.1875 | mean_length 64
09-04-21 14:01:55 - epoch 1 | global step 6100 | mode train | loss 2.0794 | accuracy 10.625 | mean_length 64
09-04-21 14:03:44 - epoch 1 | global step 6110 | mode train | loss 2.0778 | accuracy 9.6875 | mean_length 64
09-04-21 14:05:35 - epoch 1 | global step 6120 | mode train | loss 2.0795 | accuracy 14.375 | mean_length 64
09-04-21 14:07:25 - epoch 1 | global step 6130 | mode train | loss 2.081 | accuracy 10.9375 | mean_length 64
09-04-21 14:09:13 - epoch 1 | global step 6140 | mode train | loss 2.0735 | accuracy 10.9375 | mean_length 64
09-04-21 14:19:34 - epoch 1 | global step 6144 | mode validation | loss 2.0795 | accuracy 12.76 | mean_length 64
09-04-21 14:20:39 - epoch 1 | global step 6150 | mode train | loss 2.0799 | accuracy 10.625 | mean_length 64
09-04-21 14:22:26 - epoch 1 | global step 6160 | mode train | loss 2.0791 | accuracy 13.125 | mean_length 64
09-04-21 14:24:14 - epoch 1 | global step 6170 | mode train | loss 2.0804 | accuracy 11.875 | mean_length 64
09-04-21 14:26:05 - epoch 1 | global step 6180 | mode train | loss 2.0784 | accuracy 13.4375 | mean_length 64
09-04-21 14:27:54 - epoch 1 | global step 6190 | mode train | loss 2.0789 | accuracy 14.0625 | mean_length 64
09-04-21 14:29:42 - epoch 1 | global step 6200 | mode train | loss 2.08 | accuracy 12.5 | mean_length 64
09-04-21 14:31:30 - epoch 1 | global step 6210 | mode train | loss 2.0734 | accuracy 11.25 | mean_length 64
09-04-21 14:33:21 - epoch 1 | global step 6220 | mode train | loss 2.08 | accuracy 13.4375 | mean_length 64
09-04-21 14:35:11 - epoch 1 | global step 6230 | mode train | loss 2.0689 | accuracy 13.125 | mean_length 64
09-04-21 14:37:00 - epoch 1 | global step 6240 | mode train | loss 2.0757 | accuracy 8.4375 | mean_length 64
09-04-21 14:38:48 - epoch 1 | global step 6250 | mode train | loss 2.0793 | accuracy 15.3125 | mean_length 64
09-04-21 14:40:37 - epoch 1 | global step 6260 | mode train | loss 2.0682 | accuracy 12.1875 | mean_length 64
09-04-21 14:42:28 - epoch 1 | global step 6270 | mode train | loss 2.0779 | accuracy 14.6875 | mean_length 64
09-04-21 14:44:19 - epoch 1 | global step 6280 | mode train | loss 2.0737 | accuracy 12.1875 | mean_length 64
09-04-21 14:46:09 - epoch 1 | global step 6290 | mode train | loss 2.0731 | accuracy 12.5 | mean_length 64
09-04-21 14:48:00 - epoch 1 | global step 6300 | mode train | loss 2.0797 | accuracy 9.375 | mean_length 64
09-04-21 14:49:50 - epoch 1 | global step 6310 | mode train | loss 2.079 | accuracy 12.8125 | mean_length 64
09-04-21 14:51:38 - epoch 1 | global step 6320 | mode train | loss 2.0799 | accuracy 12.5 | mean_length 64
09-04-21 14:53:26 - epoch 1 | global step 6330 | mode train | loss 2.0815 | accuracy 9.375 | mean_length 64
09-04-21 14:55:15 - epoch 1 | global step 6340 | mode train | loss 2.087 | accuracy 10.9375 | mean_length 64
09-04-21 14:57:03 - epoch 1 | global step 6350 | mode train | loss 2.0814 | accuracy 10.3125 | mean_length 64
09-04-21 14:58:53 - epoch 1 | global step 6360 | mode train | loss 2.0798 | accuracy 12.5 | mean_length 64
09-04-21 15:00:42 - epoch 1 | global step 6370 | mode train | loss 2.08 | accuracy 13.125 | mean_length 64
09-04-21 15:02:33 - epoch 1 | global step 6380 | mode train | loss 2.0696 | accuracy 15.3125 | mean_length 64
09-04-21 15:04:21 - epoch 1 | global step 6390 | mode train | loss 2.0688 | accuracy 10.9375 | mean_length 64
09-04-21 15:06:10 - epoch 1 | global step 6400 | mode train | loss 2.0724 | accuracy 12.8125 | mean_length 64
09-04-21 15:07:59 - epoch 1 | global step 6410 | mode train | loss 2.0801 | accuracy 11.875 | mean_length 64
09-04-21 15:09:47 - epoch 1 | global step 6420 | mode train | loss 2.0807 | accuracy 12.5 | mean_length 64
09-04-21 15:11:36 - epoch 1 | global step 6430 | mode train | loss 2.0718 | accuracy 13.75 | mean_length 64
09-04-21 15:13:25 - epoch 1 | global step 6440 | mode train | loss 2.0805 | accuracy 11.875 | mean_length 64
09-04-21 15:15:15 - epoch 1 | global step 6450 | mode train | loss 2.0814 | accuracy 10.9375 | mean_length 64
09-04-21 15:17:04 - epoch 2 | global step 6460 | mode train | loss 2.0802 | accuracy 12.8125 | mean_length 64
09-04-21 15:18:55 - epoch 2 | global step 6470 | mode train | loss 2.0789 | accuracy 12.5 | mean_length 64
09-04-21 15:20:43 - epoch 2 | global step 6480 | mode train | loss 2.0797 | accuracy 10.0 | mean_length 64
09-04-21 15:22:31 - epoch 2 | global step 6490 | mode train | loss 2.0802 | accuracy 12.1875 | mean_length 64
09-04-21 15:24:18 - epoch 2 | global step 6500 | mode train | loss 2.0799 | accuracy 10.625 | mean_length 64
09-04-21 15:26:06 - epoch 2 | global step 6510 | mode train | loss 2.0811 | accuracy 11.25 | mean_length 64
09-04-21 15:27:53 - epoch 2 | global step 6520 | mode train | loss 2.0779 | accuracy 16.25 | mean_length 64
09-04-21 15:29:50 - epoch 2 | global step 6530 | mode train | loss 2.079 | accuracy 13.125 | mean_length 64
09-04-21 15:31:39 - epoch 2 | global step 6540 | mode train | loss 2.0799 | accuracy 13.4375 | mean_length 64
09-04-21 15:33:34 - epoch 2 | global step 6550 | mode train | loss 2.0745 | accuracy 11.25 | mean_length 64
09-04-21 15:35:24 - epoch 2 | global step 6560 | mode train | loss 2.0732 | accuracy 15.625 | mean_length 64
09-04-21 15:37:14 - epoch 2 | global step 6570 | mode train | loss 2.072 | accuracy 12.8125 | mean_length 64
09-04-21 15:39:13 - epoch 2 | global step 6580 | mode train | loss 2.0798 | accuracy 9.6875 | mean_length 64
09-04-21 15:41:03 - epoch 2 | global step 6590 | mode train | loss 2.0793 | accuracy 11.875 | mean_length 64
09-04-21 15:42:52 - epoch 2 | global step 6600 | mode train | loss 2.0782 | accuracy 14.375 | mean_length 64
09-04-21 15:44:43 - epoch 2 | global step 6610 | mode train | loss 2.0795 | accuracy 15.0 | mean_length 64
09-04-21 15:46:30 - epoch 2 | global step 6620 | mode train | loss 2.0783 | accuracy 10.625 | mean_length 64
09-04-21 15:48:20 - epoch 2 | global step 6630 | mode train | loss 2.0885 | accuracy 9.0625 | mean_length 64
09-04-21 15:50:13 - epoch 2 | global step 6640 | mode train | loss 2.0784 | accuracy 11.875 | mean_length 64
09-04-21 15:52:04 - epoch 2 | global step 6650 | mode train | loss 2.0792 | accuracy 13.75 | mean_length 64
09-04-21 16:02:54 - epoch 2 | global step 6656 | mode validation | loss 2.0795 | accuracy 13.12 | mean_length 64
09-04-21 16:03:40 - epoch 2 | global step 6660 | mode train | loss 2.0796 | accuracy 15.3125 | mean_length 64
09-04-21 16:05:37 - epoch 2 | global step 6670 | mode train | loss 2.0777 | accuracy 15.625 | mean_length 64
09-04-21 16:07:33 - epoch 2 | global step 6680 | mode train | loss 2.0753 | accuracy 15.625 | mean_length 64
09-04-21 16:09:21 - epoch 2 | global step 6690 | mode train | loss 2.0689 | accuracy 14.375 | mean_length 64
09-04-21 16:11:18 - epoch 2 | global step 6700 | mode train | loss 2.075 | accuracy 11.5625 | mean_length 64
09-04-21 16:13:14 - epoch 2 | global step 6710 | mode train | loss 2.0815 | accuracy 11.875 | mean_length 64
09-04-21 16:15:11 - epoch 2 | global step 6720 | mode train | loss 2.0744 | accuracy 15.9375 | mean_length 64
09-04-21 16:17:07 - epoch 2 | global step 6730 | mode train | loss 2.0868 | accuracy 10.625 | mean_length 64
09-04-21 16:18:55 - epoch 2 | global step 6740 | mode train | loss 2.23 | accuracy 10.625 | mean_length 64
09-04-21 16:20:51 - epoch 2 | global step 6750 | mode train | loss 2.0692 | accuracy 16.25 | mean_length 64
09-04-21 16:22:39 - epoch 2 | global step 6760 | mode train | loss 2.0791 | accuracy 16.25 | mean_length 64
09-04-21 16:24:35 - epoch 2 | global step 6770 | mode train | loss 2.0856 | accuracy 12.1875 | mean_length 64
09-04-21 16:26:23 - epoch 2 | global step 6780 | mode train | loss 2.0802 | accuracy 14.0625 | mean_length 64
09-04-21 16:28:20 - epoch 2 | global step 6790 | mode train | loss 2.0811 | accuracy 13.4375 | mean_length 64
09-04-21 16:30:08 - epoch 2 | global step 6800 | mode train | loss 2.0871 | accuracy 8.125 | mean_length 64
09-04-21 16:31:55 - epoch 2 | global step 6810 | mode train | loss 2.0787 | accuracy 13.4375 | mean_length 64
09-04-21 16:33:43 - epoch 2 | global step 6820 | mode train | loss 2.0838 | accuracy 11.5625 | mean_length 64
09-04-21 16:35:31 - epoch 2 | global step 6830 | mode train | loss 2.0815 | accuracy 11.25 | mean_length 64
09-04-21 16:37:27 - epoch 2 | global step 6840 | mode train | loss 2.0824 | accuracy 13.4375 | mean_length 64
09-04-21 16:39:24 - epoch 2 | global step 6850 | mode train | loss 2.076 | accuracy 14.0625 | mean_length 64
09-04-21 16:41:21 - epoch 2 | global step 6860 | mode train | loss 2.0829 | accuracy 10.0 | mean_length 64
09-04-21 16:43:09 - epoch 2 | global step 6870 | mode train | loss 2.0768 | accuracy 12.8125 | mean_length 64
09-04-21 16:45:05 - epoch 2 | global step 6880 | mode train | loss 2.0804 | accuracy 14.375 | mean_length 64
09-04-21 16:46:53 - epoch 2 | global step 6890 | mode train | loss 2.0752 | accuracy 15.9375 | mean_length 64
09-04-21 16:48:49 - epoch 2 | global step 6900 | mode train | loss 2.0775 | accuracy 13.4375 | mean_length 64
09-04-21 16:50:37 - epoch 2 | global step 6910 | mode train | loss 2.0794 | accuracy 14.6875 | mean_length 64
09-04-21 16:52:24 - epoch 2 | global step 6920 | mode train | loss 2.0799 | accuracy 11.5625 | mean_length 64
09-04-21 16:54:12 - epoch 2 | global step 6930 | mode train | loss 2.0812 | accuracy 13.125 | mean_length 64
09-04-21 16:56:09 - epoch 2 | global step 6940 | mode train | loss 2.0785 | accuracy 12.5 | mean_length 64
09-04-21 16:58:05 - epoch 2 | global step 6950 | mode train | loss 2.0783 | accuracy 13.75 | mean_length 64
09-04-21 17:00:01 - epoch 2 | global step 6960 | mode train | loss 2.0811 | accuracy 10.9375 | mean_length 64
09-04-21 17:01:49 - epoch 2 | global step 6970 | mode train | loss 2.0807 | accuracy 12.5 | mean_length 64
09-04-21 17:03:40 - epoch 2 | global step 6980 | mode train | loss 2.0788 | accuracy 14.375 | mean_length 64
09-04-21 17:05:31 - epoch 2 | global step 6990 | mode train | loss 2.0804 | accuracy 11.875 | mean_length 64
09-04-21 17:07:19 - epoch 2 | global step 7000 | mode train | loss 2.0754 | accuracy 17.1875 | mean_length 64
09-04-21 17:09:08 - epoch 2 | global step 7010 | mode train | loss 2.083 | accuracy 10.9375 | mean_length 64
09-04-21 17:10:56 - epoch 2 | global step 7020 | mode train | loss 2.0814 | accuracy 14.0625 | mean_length 64
09-04-21 17:12:44 - epoch 2 | global step 7030 | mode train | loss 2.079 | accuracy 12.8125 | mean_length 64
09-04-21 17:14:35 - epoch 2 | global step 7040 | mode train | loss 2.0837 | accuracy 10.3125 | mean_length 64
09-04-21 17:16:25 - epoch 2 | global step 7050 | mode train | loss 2.0803 | accuracy 9.0625 | mean_length 64
09-04-21 17:18:17 - epoch 2 | global step 7060 | mode train | loss 2.0838 | accuracy 7.8125 | mean_length 64
09-04-21 17:20:07 - epoch 2 | global step 7070 | mode train | loss 2.0769 | accuracy 15.625 | mean_length 64
09-04-21 17:21:56 - epoch 2 | global step 7080 | mode train | loss 2.0752 | accuracy 16.875 | mean_length 64
09-04-21 17:23:45 - epoch 2 | global step 7090 | mode train | loss 2.0798 | accuracy 13.75 | mean_length 64
09-04-21 17:25:35 - epoch 2 | global step 7100 | mode train | loss 2.0797 | accuracy 11.875 | mean_length 64
09-04-21 17:27:26 - epoch 2 | global step 7110 | mode train | loss 2.0799 | accuracy 13.125 | mean_length 64
09-04-21 17:29:14 - epoch 2 | global step 7120 | mode train | loss 2.0817 | accuracy 7.1875 | mean_length 64
09-04-21 17:31:02 - epoch 2 | global step 7130 | mode train | loss 2.0796 | accuracy 12.5 | mean_length 64
09-04-21 17:32:53 - epoch 2 | global step 7140 | mode train | loss 2.0824 | accuracy 10.625 | mean_length 64
09-04-21 17:34:43 - epoch 2 | global step 7150 | mode train | loss 2.0782 | accuracy 14.0625 | mean_length 64
09-04-21 17:36:33 - epoch 2 | global step 7160 | mode train | loss 2.0843 | accuracy 10.625 | mean_length 64
09-04-21 17:47:39 - epoch 2 | global step 7168 | mode validation | loss 2.0798 | accuracy 12.04 | mean_length 64
09-04-21 17:48:00 - epoch 2 | global step 7170 | mode train | loss 2.0821 | accuracy 11.875 | mean_length 64
09-04-21 17:49:49 - epoch 2 | global step 7180 | mode train | loss 2.0804 | accuracy 10.9375 | mean_length 64
09-04-21 17:51:36 - epoch 2 | global step 7190 | mode train | loss 2.0785 | accuracy 14.6875 | mean_length 64
09-04-21 17:53:23 - epoch 2 | global step 7200 | mode train | loss 2.081 | accuracy 15.0 | mean_length 64
09-04-21 17:55:11 - epoch 2 | global step 7210 | mode train | loss 2.0827 | accuracy 11.5625 | mean_length 64
09-04-21 17:56:58 - epoch 2 | global step 7220 | mode train | loss 2.0829 | accuracy 10.9375 | mean_length 64
09-04-21 17:58:45 - epoch 2 | global step 7230 | mode train | loss 2.0774 | accuracy 15.0 | mean_length 64
09-04-21 18:00:33 - epoch 2 | global step 7240 | mode train | loss 2.0762 | accuracy 15.3125 | mean_length 64
09-04-21 18:02:24 - epoch 2 | global step 7250 | mode train | loss 2.0806 | accuracy 11.875 | mean_length 64
09-04-21 18:04:13 - epoch 2 | global step 7260 | mode train | loss 2.0836 | accuracy 9.0625 | mean_length 64
09-04-21 18:06:02 - epoch 2 | global step 7270 | mode train | loss 2.0818 | accuracy 7.8125 | mean_length 64
09-04-21 18:07:50 - epoch 2 | global step 7280 | mode train | loss 2.0794 | accuracy 12.8125 | mean_length 64
09-04-21 18:09:42 - epoch 2 | global step 7290 | mode train | loss 2.0812 | accuracy 10.0 | mean_length 64
09-04-21 18:11:32 - epoch 2 | global step 7300 | mode train | loss 2.0779 | accuracy 14.375 | mean_length 64
09-04-21 18:13:21 - epoch 2 | global step 7310 | mode train | loss 2.0796 | accuracy 16.25 | mean_length 64
09-04-21 18:15:10 - epoch 2 | global step 7320 | mode train | loss 2.0797 | accuracy 12.8125 | mean_length 64
09-04-21 18:16:58 - epoch 2 | global step 7330 | mode train | loss 2.0816 | accuracy 11.25 | mean_length 64
09-04-21 18:18:47 - epoch 2 | global step 7340 | mode train | loss 2.0814 | accuracy 14.0625 | mean_length 64
09-04-21 18:20:35 - epoch 2 | global step 7350 | mode train | loss 2.0778 | accuracy 11.25 | mean_length 64
09-04-21 18:22:24 - epoch 2 | global step 7360 | mode train | loss 2.0811 | accuracy 10.3125 | mean_length 64
09-04-21 18:24:12 - epoch 2 | global step 7370 | mode train | loss 2.0803 | accuracy 14.0625 | mean_length 64
09-04-21 18:26:03 - epoch 2 | global step 7380 | mode train | loss 2.0768 | accuracy 15.9375 | mean_length 64
09-04-21 18:27:52 - epoch 2 | global step 7390 | mode train | loss 2.08 | accuracy 14.375 | mean_length 64
09-04-21 18:29:40 - epoch 2 | global step 7400 | mode train | loss 2.0804 | accuracy 10.0 | mean_length 64
09-04-21 18:31:29 - epoch 2 | global step 7410 | mode train | loss 2.0778 | accuracy 11.875 | mean_length 64
09-04-21 18:33:18 - epoch 2 | global step 7420 | mode train | loss 2.0786 | accuracy 13.125 | mean_length 64
09-04-21 18:35:06 - epoch 2 | global step 7430 | mode train | loss 2.0803 | accuracy 14.0625 | mean_length 64
09-04-21 18:36:55 - epoch 2 | global step 7440 | mode train | loss 2.077 | accuracy 18.125 | mean_length 64
09-04-21 18:38:45 - epoch 2 | global step 7450 | mode train | loss 2.0765 | accuracy 13.75 | mean_length 64
09-04-21 18:40:42 - epoch 2 | global step 7460 | mode train | loss 2.08 | accuracy 13.125 | mean_length 64
09-04-21 18:42:39 - epoch 2 | global step 7470 | mode train | loss 2.078 | accuracy 11.875 | mean_length 64
09-04-21 18:44:35 - epoch 2 | global step 7480 | mode train | loss 2.0801 | accuracy 11.875 | mean_length 64
09-04-21 18:46:31 - epoch 2 | global step 7490 | mode train | loss 2.0806 | accuracy 14.0625 | mean_length 64
09-04-21 18:48:28 - epoch 2 | global step 7500 | mode train | loss 2.0796 | accuracy 11.25 | mean_length 64
09-04-21 18:50:19 - epoch 2 | global step 7510 | mode train | loss 2.0786 | accuracy 13.75 | mean_length 64
09-04-21 18:52:06 - epoch 2 | global step 7520 | mode train | loss 2.083 | accuracy 10.625 | mean_length 64
09-04-21 18:54:03 - epoch 2 | global step 7530 | mode train | loss 2.0831 | accuracy 12.5 | mean_length 64
09-04-21 18:55:59 - epoch 2 | global step 7540 | mode train | loss 2.0804 | accuracy 10.9375 | mean_length 64
09-04-21 18:57:56 - epoch 2 | global step 7550 | mode train | loss 2.0812 | accuracy 13.4375 | mean_length 64
09-04-21 18:59:52 - epoch 2 | global step 7560 | mode train | loss 2.0802 | accuracy 15.0 | mean_length 64
09-04-21 19:01:48 - epoch 2 | global step 7570 | mode train | loss 2.0802 | accuracy 14.0625 | mean_length 64
09-04-21 19:03:45 - epoch 2 | global step 7580 | mode train | loss 2.0799 | accuracy 11.25 | mean_length 64
09-04-21 19:05:41 - epoch 2 | global step 7590 | mode train | loss 2.0793 | accuracy 15.625 | mean_length 64
09-04-21 19:07:37 - epoch 2 | global step 7600 | mode train | loss 2.0782 | accuracy 12.1875 | mean_length 64
09-04-21 19:09:34 - epoch 2 | global step 7610 | mode train | loss 2.0789 | accuracy 15.0 | mean_length 64
09-04-21 19:11:30 - epoch 2 | global step 7620 | mode train | loss 2.0811 | accuracy 10.625 | mean_length 64
09-04-21 19:13:26 - epoch 2 | global step 7630 | mode train | loss 2.0793 | accuracy 14.6875 | mean_length 64
09-04-21 19:15:20 - epoch 2 | global step 7640 | mode train | loss 2.0829 | accuracy 8.75 | mean_length 64
09-04-21 19:17:16 - epoch 2 | global step 7650 | mode train | loss 2.0799 | accuracy 15.0 | mean_length 64
09-04-21 19:19:12 - epoch 2 | global step 7660 | mode train | loss 2.0776 | accuracy 11.5625 | mean_length 64
09-04-21 19:21:09 - epoch 2 | global step 7670 | mode train | loss 2.0784 | accuracy 12.5 | mean_length 64
09-04-21 19:22:58 - epoch 2 | global step 7680 | mode train | loss 2.0805 | accuracy 12.8125 | mean_length 64
09-04-21 19:32:40 - epoch 2 | global step 7680 | mode validation | loss 2.0792 | accuracy 13.3 | mean_length 64
09-04-21 19:32:40 - Saving model to Output/accGrad4_mbart_noBT_lr8.0e-6_7distractors_maxstep8192_seed43
Epoch: 2, Prediction Accuracy: 13.3, Saved to Path: Output/accGrad4_mbart_noBT_lr8.0e-6_7distractors_maxstep8192_seed43
09-04-21 19:34:38 - epoch 2 | global step 7690 | mode train | loss 2.0818 | accuracy 10.3125 | mean_length 64
09-04-21 19:36:27 - epoch 2 | global step 7700 | mode train | loss 2.0799 | accuracy 11.875 | mean_length 64
09-04-21 19:38:17 - epoch 2 | global step 7710 | mode train | loss 2.0787 | accuracy 13.75 | mean_length 64
09-04-21 19:40:07 - epoch 2 | global step 7720 | mode train | loss 2.0812 | accuracy 10.3125 | mean_length 64
09-04-21 19:41:56 - epoch 2 | global step 7730 | mode train | loss 2.082 | accuracy 10.0 | mean_length 64
09-04-21 19:43:44 - epoch 2 | global step 7740 | mode train | loss 2.0795 | accuracy 12.8125 | mean_length 64
09-04-21 19:45:34 - epoch 2 | global step 7750 | mode train | loss 2.0789 | accuracy 14.375 | mean_length 64
09-04-21 19:47:25 - epoch 2 | global step 7760 | mode train | loss 2.0785 | accuracy 13.4375 | mean_length 64
09-04-21 19:49:13 - epoch 2 | global step 7770 | mode train | loss 2.0796 | accuracy 13.125 | mean_length 64
09-04-21 19:51:02 - epoch 2 | global step 7780 | mode train | loss 2.0754 | accuracy 16.25 | mean_length 64
09-04-21 19:52:53 - epoch 2 | global step 7790 | mode train | loss 2.0838 | accuracy 10.0 | mean_length 64
09-04-21 19:54:43 - epoch 2 | global step 7800 | mode train | loss 2.0801 | accuracy 11.5625 | mean_length 64
09-04-21 19:56:33 - epoch 2 | global step 7810 | mode train | loss 2.0812 | accuracy 10.3125 | mean_length 64
09-04-21 19:58:22 - epoch 2 | global step 7820 | mode train | loss 2.0774 | accuracy 14.0625 | mean_length 64
09-04-21 20:00:09 - epoch 2 | global step 7830 | mode train | loss 2.0785 | accuracy 13.4375 | mean_length 64
09-04-21 20:01:56 - epoch 2 | global step 7840 | mode train | loss 2.0806 | accuracy 10.9375 | mean_length 64
09-04-21 20:03:45 - epoch 2 | global step 7850 | mode train | loss 2.0797 | accuracy 10.3125 | mean_length 64
09-04-21 20:05:33 - epoch 2 | global step 7860 | mode train | loss 2.0829 | accuracy 8.4375 | mean_length 64
09-04-21 20:07:22 - epoch 2 | global step 7870 | mode train | loss 2.0792 | accuracy 13.125 | mean_length 64
09-04-21 20:09:11 - epoch 2 | global step 7880 | mode train | loss 2.0806 | accuracy 10.0 | mean_length 64
09-04-21 20:10:59 - epoch 2 | global step 7890 | mode train | loss 2.0787 | accuracy 13.75 | mean_length 64
09-04-21 20:12:49 - epoch 2 | global step 7900 | mode train | loss 2.0777 | accuracy 13.4375 | mean_length 64
09-04-21 20:14:39 - epoch 2 | global step 7910 | mode train | loss 2.0821 | accuracy 6.875 | mean_length 64
09-04-21 20:16:30 - epoch 2 | global step 7920 | mode train | loss 2.0779 | accuracy 14.6875 | mean_length 64
09-04-21 20:18:20 - epoch 2 | global step 7930 | mode train | loss 2.0777 | accuracy 11.875 | mean_length 64
09-04-21 20:20:11 - epoch 2 | global step 7940 | mode train | loss 2.0812 | accuracy 11.5625 | mean_length 64
09-04-21 20:22:00 - epoch 2 | global step 7950 | mode train | loss 2.0799 | accuracy 12.8125 | mean_length 64
09-04-21 20:23:48 - epoch 2 | global step 7960 | mode train | loss 2.0809 | accuracy 13.125 | mean_length 64
09-04-21 20:25:37 - epoch 2 | global step 7970 | mode train | loss 2.081 | accuracy 11.25 | mean_length 64
09-04-21 20:27:27 - epoch 2 | global step 7980 | mode train | loss 2.0791 | accuracy 13.125 | mean_length 64
09-04-21 20:29:16 - epoch 2 | global step 7990 | mode train | loss 2.0786 | accuracy 14.0625 | mean_length 64
09-04-21 20:31:06 - epoch 2 | global step 8000 | mode train | loss 2.0824 | accuracy 7.8125 | mean_length 64
09-04-21 20:32:56 - epoch 2 | global step 8010 | mode train | loss 2.0773 | accuracy 14.0625 | mean_length 64
09-04-21 20:34:45 - epoch 2 | global step 8020 | mode train | loss 2.0796 | accuracy 12.5 | mean_length 64
09-04-21 20:36:34 - epoch 2 | global step 8030 | mode train | loss 2.0777 | accuracy 13.4375 | mean_length 64
09-04-21 20:38:22 - epoch 2 | global step 8040 | mode train | loss 2.0802 | accuracy 10.625 | mean_length 64
09-04-21 20:40:11 - epoch 2 | global step 8050 | mode train | loss 2.079 | accuracy 10.625 | mean_length 64
09-04-21 20:41:59 - epoch 2 | global step 8060 | mode train | loss 2.0813 | accuracy 10.3125 | mean_length 64
09-04-21 20:43:47 - epoch 2 | global step 8070 | mode train | loss 2.0781 | accuracy 13.125 | mean_length 64
09-04-21 20:45:36 - epoch 2 | global step 8080 | mode train | loss 2.0803 | accuracy 12.5 | mean_length 64
09-04-21 20:47:24 - epoch 2 | global step 8090 | mode train | loss 2.078 | accuracy 12.8125 | mean_length 64
09-04-21 20:49:14 - epoch 2 | global step 8100 | mode train | loss 2.0782 | accuracy 12.8125 | mean_length 64
09-04-21 20:51:05 - epoch 2 | global step 8110 | mode train | loss 2.0788 | accuracy 15.625 | mean_length 64
09-04-21 20:52:55 - epoch 2 | global step 8120 | mode train | loss 2.0827 | accuracy 10.625 | mean_length 64
09-04-21 20:54:46 - epoch 2 | global step 8130 | mode train | loss 2.0791 | accuracy 13.4375 | mean_length 64
09-04-21 20:56:36 - epoch 2 | global step 8140 | mode train | loss 2.0798 | accuracy 13.75 | mean_length 64
09-04-21 20:58:27 - epoch 2 | global step 8150 | mode train | loss 2.0822 | accuracy 12.8125 | mean_length 64
09-04-21 21:00:15 - epoch 2 | global step 8160 | mode train | loss 2.079 | accuracy 10.3125 | mean_length 64
09-04-21 21:02:04 - epoch 2 | global step 8170 | mode train | loss 2.0772 | accuracy 15.3125 | mean_length 64
09-04-21 21:03:52 - epoch 2 | global step 8180 | mode train | loss 2.0809 | accuracy 14.375 | mean_length 64
09-04-21 21:05:40 - epoch 2 | global step 8190 | mode train | loss 2.0812 | accuracy 10.9375 | mean_length 64
09-04-21 21:06:02 - Evaluate the following checkpoint: Output/accGrad4_mbart_noBT_lr8.0e-6_7distractors_maxstep8192_seed43/model.pt
09-04-21 21:17:37 - Best model stats: 
09-04-21 21:17:37 - epoch 0 | global step 0 | mode validation | loss 2.079 | accuracy 12.92 | mean_length 64
