==========================================
SLURM_JOB_ID = 5808284
SLURM_JOB_NODELIST = d14-18
TMPDIR = /tmp/SLURM_5808284
==========================================
/home1/zliu9986/communication-translation
09-08-21 17:36:16 - Dataset Loaded
09-08-21 17:36:16 - Configuration:
Namespace(TransferH=False, alpha=1.0, batch_size=8, beam_width=5, bidirectional=False, config='Configs/mbart_ec_noBT.yml', cpu=False, decode_how='beam', device=device(type='cuda'), do_eval=True, do_train=True, dropout=0.1, fix_bhd=False, fix_spk=False, grad_clip=1.0, gradient_accumulation_steps=4, hard=False, has_vocab_constraint=False, hidden_dim=512, image_dim=2048, lr=1.25e-05, max_global_step=8192, max_seq_length=64, mode='emergent_communication', model_name='Models/mbart-large-cc25', n_gpu=1, no_share_bhd=False, no_terminal=False, no_write=False, num_distractors_train=7, num_distractors_valid=7, num_games=30, num_layers=1, output_dir='Output/accGrad4_mbart_noBT_lr1.25e-5_7distractors_maxstep8192_seed42', print_every=10, save_output_txt=True, save_pretrain_seperately=True, seed=42, source_lang='en_XX', source_lang_vocab_constrain_file='/projects/unmt/communication-translation/en_cc_tokenID2count_dict.cc25.json', stats_to_print=['loss', 'accuracy', 'caption generation loss', 'image selection loss', 'mean_length'], target_acc=85.0, target_lang='zh_CN', target_lang_vocab_constrain_file='/projects/unmt/communication-translation/zh-Hans_cc_tokenID2count_dict.cc25.json', temp=1.0, temperature=1.0, train_images='./Data/ec_finetuning/images_train', two_ffwd=False, unit_norm=False, valid_every=512, valid_images='./Data/ec_finetuning/images_val', vocab_size=4035)
Sharing visual system for each agent.
09-08-21 17:46:30 - epoch 0 | global step 0 | mode validation | loss 3.3249 | accuracy 12.64 | mean_length 63.292
09-08-21 17:46:30 - Saving model to Output/accGrad4_mbart_noBT_lr1.25e-5_7distractors_maxstep8192_seed42
Epoch: 0, Prediction Accuracy: 12.64, Saved to Path: Output/accGrad4_mbart_noBT_lr1.25e-5_7distractors_maxstep8192_seed42
09-08-21 17:48:32 - epoch 0 | global step 10 | mode train | loss 2.7385 | accuracy 12.1875 | mean_length 59.4969
09-08-21 17:50:23 - epoch 0 | global step 20 | mode train | loss 2.436 | accuracy 12.5 | mean_length 63.7281
09-08-21 17:52:13 - epoch 0 | global step 30 | mode train | loss 2.4863 | accuracy 13.4375 | mean_length 63.9375
09-08-21 17:54:02 - epoch 0 | global step 40 | mode train | loss 2.4437 | accuracy 15.9375 | mean_length 64
09-08-21 17:55:53 - epoch 0 | global step 50 | mode train | loss 2.2842 | accuracy 12.5 | mean_length 64
09-08-21 17:57:42 - epoch 0 | global step 60 | mode train | loss 2.2267 | accuracy 13.75 | mean_length 64
09-08-21 17:59:32 - epoch 0 | global step 70 | mode train | loss 2.181 | accuracy 12.1875 | mean_length 64
09-08-21 18:01:23 - epoch 0 | global step 80 | mode train | loss 2.1713 | accuracy 13.75 | mean_length 64
09-08-21 18:03:13 - epoch 0 | global step 90 | mode train | loss 2.1804 | accuracy 12.5 | mean_length 64
09-08-21 18:05:02 - epoch 0 | global step 100 | mode train | loss 2.1824 | accuracy 11.25 | mean_length 64
09-08-21 18:06:52 - epoch 0 | global step 110 | mode train | loss 2.1415 | accuracy 12.8125 | mean_length 64
09-08-21 18:08:43 - epoch 0 | global step 120 | mode train | loss 2.1483 | accuracy 13.75 | mean_length 64
09-08-21 18:10:34 - epoch 0 | global step 130 | mode train | loss 2.152 | accuracy 14.6875 | mean_length 64
09-08-21 18:12:25 - epoch 0 | global step 140 | mode train | loss 2.1409 | accuracy 10.9375 | mean_length 64
09-08-21 18:14:16 - epoch 0 | global step 150 | mode train | loss 2.1143 | accuracy 11.875 | mean_length 64
09-08-21 18:16:07 - epoch 0 | global step 160 | mode train | loss 2.3008 | accuracy 15.625 | mean_length 64
09-08-21 18:17:57 - epoch 0 | global step 170 | mode train | loss 2.2705 | accuracy 14.6875 | mean_length 64
09-08-21 18:19:46 - epoch 0 | global step 180 | mode train | loss 2.257 | accuracy 13.75 | mean_length 64
09-08-21 18:21:35 - epoch 0 | global step 190 | mode train | loss 2.332 | accuracy 12.1875 | mean_length 64
09-08-21 18:23:25 - epoch 0 | global step 200 | mode train | loss 2.2283 | accuracy 13.75 | mean_length 64
09-08-21 18:25:16 - epoch 0 | global step 210 | mode train | loss 2.2327 | accuracy 12.8125 | mean_length 64
09-08-21 18:27:07 - epoch 0 | global step 220 | mode train | loss 2.2181 | accuracy 13.75 | mean_length 64
09-08-21 18:28:56 - epoch 0 | global step 230 | mode train | loss 2.2165 | accuracy 12.8125 | mean_length 64
09-08-21 18:30:44 - epoch 0 | global step 240 | mode train | loss 2.2433 | accuracy 8.75 | mean_length 64
09-08-21 18:32:33 - epoch 0 | global step 250 | mode train | loss 2.1989 | accuracy 12.5 | mean_length 64
09-08-21 18:34:22 - epoch 0 | global step 260 | mode train | loss 2.1394 | accuracy 15.0 | mean_length 64
09-08-21 18:36:11 - epoch 0 | global step 270 | mode train | loss 2.1243 | accuracy 13.125 | mean_length 64
09-08-21 18:37:59 - epoch 0 | global step 280 | mode train | loss 2.1105 | accuracy 11.5625 | mean_length 64
09-08-21 18:39:51 - epoch 0 | global step 290 | mode train | loss 2.0961 | accuracy 13.75 | mean_length 64
09-08-21 18:41:41 - epoch 0 | global step 300 | mode train | loss 2.1016 | accuracy 14.0625 | mean_length 64
09-08-21 18:43:30 - epoch 0 | global step 310 | mode train | loss 2.0872 | accuracy 12.5 | mean_length 64
09-08-21 18:45:21 - epoch 0 | global step 320 | mode train | loss 2.0993 | accuracy 12.8125 | mean_length 64
09-08-21 18:47:10 - epoch 0 | global step 330 | mode train | loss 2.0824 | accuracy 14.375 | mean_length 64
09-08-21 18:48:58 - epoch 0 | global step 340 | mode train | loss 2.0805 | accuracy 10.3125 | mean_length 64
09-08-21 18:50:47 - epoch 0 | global step 350 | mode train | loss 2.1017 | accuracy 11.25 | mean_length 64
09-08-21 18:52:35 - epoch 0 | global step 360 | mode train | loss 2.0864 | accuracy 13.4375 | mean_length 64
09-08-21 18:54:26 - epoch 0 | global step 370 | mode train | loss 2.0913 | accuracy 13.125 | mean_length 64
09-08-21 18:56:15 - epoch 0 | global step 380 | mode train | loss 2.0926 | accuracy 12.5 | mean_length 64
09-08-21 18:58:02 - epoch 0 | global step 390 | mode train | loss 2.1007 | accuracy 11.25 | mean_length 64
09-08-21 18:59:50 - epoch 0 | global step 400 | mode train | loss 2.0916 | accuracy 8.75 | mean_length 64
09-08-21 19:01:38 - epoch 0 | global step 410 | mode train | loss 2.0809 | accuracy 9.6875 | mean_length 64
09-08-21 19:03:25 - epoch 0 | global step 420 | mode train | loss 2.0804 | accuracy 10.9375 | mean_length 64
09-08-21 19:05:13 - epoch 0 | global step 430 | mode train | loss 2.0809 | accuracy 13.125 | mean_length 64
09-08-21 19:07:01 - epoch 0 | global step 440 | mode train | loss 2.0867 | accuracy 9.6875 | mean_length 64
09-08-21 19:08:48 - epoch 0 | global step 450 | mode train | loss 2.0799 | accuracy 13.75 | mean_length 64
09-08-21 19:10:36 - epoch 0 | global step 460 | mode train | loss 2.0825 | accuracy 13.75 | mean_length 64
09-08-21 19:12:24 - epoch 0 | global step 470 | mode train | loss 2.0829 | accuracy 15.0 | mean_length 64
09-08-21 19:14:11 - epoch 0 | global step 480 | mode train | loss 2.0749 | accuracy 16.875 | mean_length 64
09-08-21 19:15:59 - epoch 0 | global step 490 | mode train | loss 2.0745 | accuracy 14.6875 | mean_length 64
09-08-21 19:17:46 - epoch 0 | global step 500 | mode train | loss 2.0821 | accuracy 11.5625 | mean_length 64
09-08-21 19:19:41 - epoch 0 | global step 510 | mode train | loss 2.0753 | accuracy 16.25 | mean_length 64
09-08-21 19:29:43 - epoch 0 | global step 512 | mode validation | loss 2.0795 | accuracy 13.14 | mean_length 64
09-08-21 19:29:43 - Saving model to Output/accGrad4_mbart_noBT_lr1.25e-5_7distractors_maxstep8192_seed42
Epoch: 0, Prediction Accuracy: 13.14, Saved to Path: Output/accGrad4_mbart_noBT_lr1.25e-5_7distractors_maxstep8192_seed42
09-08-21 19:31:20 - epoch 0 | global step 520 | mode train | loss 2.0806 | accuracy 13.4375 | mean_length 64
09-08-21 19:33:07 - epoch 0 | global step 530 | mode train | loss 2.0767 | accuracy 13.125 | mean_length 64
09-08-21 19:34:55 - epoch 0 | global step 540 | mode train | loss 2.0785 | accuracy 15.3125 | mean_length 64
09-08-21 19:36:43 - epoch 0 | global step 550 | mode train | loss 2.084 | accuracy 13.4375 | mean_length 64
09-08-21 19:38:34 - epoch 0 | global step 560 | mode train | loss 2.0716 | accuracy 15.9375 | mean_length 64
09-08-21 19:40:25 - epoch 0 | global step 570 | mode train | loss 2.0787 | accuracy 12.1875 | mean_length 64
09-08-21 19:42:16 - epoch 0 | global step 580 | mode train | loss 2.0863 | accuracy 9.375 | mean_length 64
09-08-21 19:44:06 - epoch 0 | global step 590 | mode train | loss 2.0675 | accuracy 13.125 | mean_length 64
09-08-21 19:45:57 - epoch 0 | global step 600 | mode train | loss 2.0779 | accuracy 10.9375 | mean_length 64
09-08-21 19:47:48 - epoch 0 | global step 610 | mode train | loss 2.0588 | accuracy 14.6875 | mean_length 64
09-08-21 19:49:37 - epoch 0 | global step 620 | mode train | loss 2.0797 | accuracy 10.9375 | mean_length 64
09-08-21 19:51:26 - epoch 0 | global step 630 | mode train | loss 2.0767 | accuracy 13.4375 | mean_length 64
09-08-21 19:53:15 - epoch 0 | global step 640 | mode train | loss 2.1133 | accuracy 12.8125 | mean_length 64
09-08-21 19:55:04 - epoch 0 | global step 650 | mode train | loss 2.189 | accuracy 15.0 | mean_length 64
09-08-21 19:56:55 - epoch 0 | global step 660 | mode train | loss 2.2222 | accuracy 10.0 | mean_length 64
09-08-21 19:58:45 - epoch 0 | global step 670 | mode train | loss 2.0801 | accuracy 15.3125 | mean_length 64
09-08-21 20:00:36 - epoch 0 | global step 680 | mode train | loss 2.0817 | accuracy 12.5 | mean_length 64
09-08-21 20:02:24 - epoch 0 | global step 690 | mode train | loss 2.0811 | accuracy 11.875 | mean_length 64
09-08-21 20:04:13 - epoch 0 | global step 700 | mode train | loss 2.0876 | accuracy 8.4375 | mean_length 64
09-08-21 20:06:02 - epoch 0 | global step 710 | mode train | loss 2.0864 | accuracy 8.125 | mean_length 64
09-08-21 20:07:52 - epoch 0 | global step 720 | mode train | loss 2.0844 | accuracy 12.5 | mean_length 64
09-08-21 20:09:43 - epoch 0 | global step 730 | mode train | loss 2.0815 | accuracy 12.1875 | mean_length 64
09-08-21 20:11:33 - epoch 0 | global step 740 | mode train | loss 2.0801 | accuracy 13.4375 | mean_length 64
09-08-21 20:13:23 - epoch 0 | global step 750 | mode train | loss 2.0821 | accuracy 10.0 | mean_length 64
09-08-21 20:15:14 - epoch 0 | global step 760 | mode train | loss 2.078 | accuracy 12.8125 | mean_length 64
09-08-21 20:17:04 - epoch 0 | global step 770 | mode train | loss 2.0808 | accuracy 14.0625 | mean_length 64
09-08-21 20:18:55 - epoch 0 | global step 780 | mode train | loss 2.0803 | accuracy 11.5625 | mean_length 64
09-08-21 20:20:44 - epoch 0 | global step 790 | mode train | loss 2.0769 | accuracy 13.4375 | mean_length 64
09-08-21 20:22:33 - epoch 0 | global step 800 | mode train | loss 2.0763 | accuracy 14.375 | mean_length 64
09-08-21 20:24:23 - epoch 0 | global step 810 | mode train | loss 2.0866 | accuracy 7.8125 | mean_length 64
09-08-21 20:26:11 - epoch 0 | global step 820 | mode train | loss 2.0815 | accuracy 9.6875 | mean_length 64
09-08-21 20:28:01 - epoch 0 | global step 830 | mode train | loss 2.0769 | accuracy 13.125 | mean_length 64
09-08-21 20:29:50 - epoch 0 | global step 840 | mode train | loss 2.0798 | accuracy 12.1875 | mean_length 64
09-08-21 20:31:41 - epoch 0 | global step 850 | mode train | loss 2.0796 | accuracy 13.125 | mean_length 64
09-08-21 20:33:30 - epoch 0 | global step 860 | mode train | loss 2.0757 | accuracy 13.4375 | mean_length 64
09-08-21 20:35:25 - epoch 0 | global step 870 | mode train | loss 2.0832 | accuracy 14.0625 | mean_length 64
09-08-21 20:37:25 - epoch 0 | global step 880 | mode train | loss 2.0802 | accuracy 16.5625 | mean_length 64
09-08-21 20:39:22 - epoch 0 | global step 890 | mode train | loss 2.0777 | accuracy 10.0 | mean_length 64
09-08-21 20:41:19 - epoch 0 | global step 900 | mode train | loss 2.0816 | accuracy 13.75 | mean_length 64
09-08-21 20:43:18 - epoch 0 | global step 910 | mode train | loss 2.0784 | accuracy 14.0625 | mean_length 64
09-08-21 20:45:08 - epoch 0 | global step 920 | mode train | loss 2.0823 | accuracy 11.875 | mean_length 64
09-08-21 20:46:56 - epoch 0 | global step 930 | mode train | loss 2.0797 | accuracy 12.8125 | mean_length 64
09-08-21 20:48:55 - epoch 0 | global step 940 | mode train | loss 2.0769 | accuracy 13.4375 | mean_length 64
09-08-21 20:50:52 - epoch 0 | global step 950 | mode train | loss 2.0794 | accuracy 14.0625 | mean_length 64
09-08-21 20:52:48 - epoch 0 | global step 960 | mode train | loss 2.0756 | accuracy 16.25 | mean_length 64
09-08-21 20:54:37 - epoch 0 | global step 970 | mode train | loss 2.0809 | accuracy 11.5625 | mean_length 64
09-08-21 20:56:33 - epoch 0 | global step 980 | mode train | loss 2.0812 | accuracy 12.1875 | mean_length 64
09-08-21 20:58:31 - epoch 0 | global step 990 | mode train | loss 2.084 | accuracy 11.875 | mean_length 64
09-08-21 21:00:27 - epoch 0 | global step 1000 | mode train | loss 2.0809 | accuracy 14.0625 | mean_length 64
09-08-21 21:02:15 - epoch 0 | global step 1010 | mode train | loss 2.0778 | accuracy 15.9375 | mean_length 64
09-08-21 21:04:12 - epoch 0 | global step 1020 | mode train | loss 2.0849 | accuracy 8.75 | mean_length 64
09-08-21 21:16:24 - epoch 0 | global step 1024 | mode validation | loss 2.0799 | accuracy 12.36 | mean_length 64
09-08-21 21:17:31 - epoch 0 | global step 1030 | mode train | loss 2.0809 | accuracy 12.8125 | mean_length 64
09-08-21 21:19:28 - epoch 0 | global step 1040 | mode train | loss 2.0804 | accuracy 13.125 | mean_length 64
09-08-21 21:21:25 - epoch 0 | global step 1050 | mode train | loss 2.0797 | accuracy 15.0 | mean_length 64
09-08-21 21:23:22 - epoch 0 | global step 1060 | mode train | loss 2.0811 | accuracy 14.6875 | mean_length 64
09-08-21 21:25:18 - epoch 0 | global step 1070 | mode train | loss 2.0824 | accuracy 10.3125 | mean_length 64
09-08-21 21:27:15 - epoch 0 | global step 1080 | mode train | loss 2.0753 | accuracy 15.0 | mean_length 64
09-08-21 21:29:04 - epoch 0 | global step 1090 | mode train | loss 2.0798 | accuracy 13.75 | mean_length 64
09-08-21 21:31:01 - epoch 0 | global step 1100 | mode train | loss 2.0827 | accuracy 9.375 | mean_length 64
09-08-21 21:32:57 - epoch 0 | global step 1110 | mode train | loss 2.0772 | accuracy 14.6875 | mean_length 64
09-08-21 21:34:45 - epoch 0 | global step 1120 | mode train | loss 2.0766 | accuracy 15.9375 | mean_length 64
09-08-21 21:36:42 - epoch 0 | global step 1130 | mode train | loss 2.0842 | accuracy 10.0 | mean_length 64
09-08-21 21:38:39 - epoch 0 | global step 1140 | mode train | loss 2.0779 | accuracy 11.25 | mean_length 64
09-08-21 21:40:36 - epoch 0 | global step 1150 | mode train | loss 2.0761 | accuracy 13.4375 | mean_length 64
09-08-21 21:42:29 - epoch 0 | global step 1160 | mode train | loss 2.0796 | accuracy 12.1875 | mean_length 64
09-08-21 21:44:26 - epoch 0 | global step 1170 | mode train | loss 2.0788 | accuracy 13.4375 | mean_length 64
09-08-21 21:46:22 - epoch 0 | global step 1180 | mode train | loss 2.0782 | accuracy 14.375 | mean_length 64
09-08-21 21:48:19 - epoch 0 | global step 1190 | mode train | loss 2.0806 | accuracy 13.75 | mean_length 64
09-08-21 21:50:16 - epoch 0 | global step 1200 | mode train | loss 2.0803 | accuracy 12.8125 | mean_length 64
09-08-21 21:52:12 - epoch 0 | global step 1210 | mode train | loss 2.0805 | accuracy 13.125 | mean_length 64
09-08-21 21:54:09 - epoch 0 | global step 1220 | mode train | loss 2.0783 | accuracy 13.125 | mean_length 64
09-08-21 21:56:06 - epoch 0 | global step 1230 | mode train | loss 2.0811 | accuracy 10.3125 | mean_length 64
09-08-21 21:58:03 - epoch 0 | global step 1240 | mode train | loss 2.0795 | accuracy 12.5 | mean_length 64
09-08-21 21:59:51 - epoch 0 | global step 1250 | mode train | loss 2.0764 | accuracy 14.0625 | mean_length 64
09-08-21 22:01:48 - epoch 0 | global step 1260 | mode train | loss 2.0792 | accuracy 12.8125 | mean_length 64
09-08-21 22:03:45 - epoch 0 | global step 1270 | mode train | loss 2.0818 | accuracy 11.25 | mean_length 64
09-08-21 22:05:42 - epoch 0 | global step 1280 | mode train | loss 2.0795 | accuracy 13.75 | mean_length 64
09-08-21 22:07:39 - epoch 0 | global step 1290 | mode train | loss 2.0816 | accuracy 10.9375 | mean_length 64
09-08-21 22:09:32 - epoch 0 | global step 1300 | mode train | loss 2.0808 | accuracy 10.9375 | mean_length 64
09-08-21 22:11:19 - epoch 0 | global step 1310 | mode train | loss 2.0792 | accuracy 13.125 | mean_length 64
09-08-21 22:13:07 - epoch 0 | global step 1320 | mode train | loss 2.081 | accuracy 10.3125 | mean_length 64
09-08-21 22:15:04 - epoch 0 | global step 1330 | mode train | loss 2.0797 | accuracy 13.125 | mean_length 64
09-08-21 22:16:58 - epoch 0 | global step 1340 | mode train | loss 2.0797 | accuracy 14.0625 | mean_length 64
09-08-21 22:18:46 - epoch 0 | global step 1350 | mode train | loss 2.0791 | accuracy 14.0625 | mean_length 64
09-08-21 22:20:33 - epoch 0 | global step 1360 | mode train | loss 2.0829 | accuracy 10.625 | mean_length 64
09-08-21 22:22:30 - epoch 0 | global step 1370 | mode train | loss 2.0813 | accuracy 10.9375 | mean_length 64
09-08-21 22:24:20 - epoch 0 | global step 1380 | mode train | loss 2.0823 | accuracy 12.5 | mean_length 64
09-08-21 22:26:08 - epoch 0 | global step 1390 | mode train | loss 2.0818 | accuracy 10.625 | mean_length 64
09-08-21 22:28:05 - epoch 0 | global step 1400 | mode train | loss 2.0789 | accuracy 10.3125 | mean_length 64
09-08-21 22:29:52 - epoch 0 | global step 1410 | mode train | loss 2.0823 | accuracy 14.6875 | mean_length 64
09-08-21 22:31:49 - epoch 0 | global step 1420 | mode train | loss 2.0808 | accuracy 12.8125 | mean_length 64
09-08-21 22:33:46 - epoch 0 | global step 1430 | mode train | loss 2.0796 | accuracy 10.9375 | mean_length 64
09-08-21 22:35:43 - epoch 0 | global step 1440 | mode train | loss 2.0773 | accuracy 18.125 | mean_length 64
09-08-21 22:37:39 - epoch 0 | global step 1450 | mode train | loss 2.0816 | accuracy 10.0 | mean_length 64
09-08-21 22:39:36 - epoch 0 | global step 1460 | mode train | loss 2.081 | accuracy 10.625 | mean_length 64
09-08-21 22:41:33 - epoch 0 | global step 1470 | mode train | loss 2.0788 | accuracy 12.8125 | mean_length 64
09-08-21 22:43:30 - epoch 0 | global step 1480 | mode train | loss 2.0825 | accuracy 9.6875 | mean_length 64
09-08-21 22:45:26 - epoch 0 | global step 1490 | mode train | loss 2.0797 | accuracy 14.0625 | mean_length 64
09-08-21 22:47:23 - epoch 0 | global step 1500 | mode train | loss 2.0795 | accuracy 14.0625 | mean_length 64
09-08-21 22:49:11 - epoch 0 | global step 1510 | mode train | loss 2.0799 | accuracy 14.6875 | mean_length 64
09-08-21 22:51:08 - epoch 0 | global step 1520 | mode train | loss 2.0782 | accuracy 13.125 | mean_length 64
09-08-21 22:53:05 - epoch 0 | global step 1530 | mode train | loss 2.0813 | accuracy 10.3125 | mean_length 64
09-08-21 23:05:39 - epoch 0 | global step 1536 | mode validation | loss 2.0792 | accuracy 12.44 | mean_length 64
09-08-21 23:05:39 - Saving model to Output/accGrad4_mbart_noBT_lr1.25e-5_7distractors_maxstep8192_seed42
Epoch: 0, Prediction Accuracy: 12.44, Saved to Path: Output/accGrad4_mbart_noBT_lr1.25e-5_7distractors_maxstep8192_seed42
09-08-21 23:06:36 - epoch 0 | global step 1540 | mode train | loss 2.078 | accuracy 11.875 | mean_length 64
09-08-21 23:08:33 - epoch 0 | global step 1550 | mode train | loss 2.0779 | accuracy 16.25 | mean_length 64
09-08-21 23:10:30 - epoch 0 | global step 1560 | mode train | loss 2.0792 | accuracy 10.9375 | mean_length 64
09-08-21 23:12:26 - epoch 0 | global step 1570 | mode train | loss 2.0767 | accuracy 13.75 | mean_length 64
09-08-21 23:14:23 - epoch 0 | global step 1580 | mode train | loss 2.0776 | accuracy 15.0 | mean_length 64
09-08-21 23:16:20 - epoch 0 | global step 1590 | mode train | loss 2.0818 | accuracy 13.75 | mean_length 64
09-08-21 23:18:17 - epoch 0 | global step 1600 | mode train | loss 2.0815 | accuracy 10.3125 | mean_length 64
09-08-21 23:20:05 - epoch 0 | global step 1610 | mode train | loss 2.0806 | accuracy 10.625 | mean_length 64
09-08-21 23:22:02 - epoch 0 | global step 1620 | mode train | loss 2.0768 | accuracy 13.125 | mean_length 64
09-08-21 23:23:59 - epoch 0 | global step 1630 | mode train | loss 2.0831 | accuracy 12.8125 | mean_length 64
09-08-21 23:25:55 - epoch 0 | global step 1640 | mode train | loss 2.077 | accuracy 15.0 | mean_length 64
09-08-21 23:27:52 - epoch 0 | global step 1650 | mode train | loss 2.0805 | accuracy 12.1875 | mean_length 64
09-08-21 23:29:49 - epoch 0 | global step 1660 | mode train | loss 2.085 | accuracy 12.5 | mean_length 64
09-08-21 23:31:46 - epoch 0 | global step 1670 | mode train | loss 2.0784 | accuracy 14.375 | mean_length 64
09-08-21 23:33:42 - epoch 0 | global step 1680 | mode train | loss 2.0799 | accuracy 10.625 | mean_length 64
09-08-21 23:35:39 - epoch 0 | global step 1690 | mode train | loss 2.0786 | accuracy 13.75 | mean_length 64
09-08-21 23:37:36 - epoch 0 | global step 1700 | mode train | loss 2.0788 | accuracy 10.0 | mean_length 64
09-08-21 23:39:33 - epoch 0 | global step 1710 | mode train | loss 2.0827 | accuracy 11.875 | mean_length 64
09-08-21 23:41:30 - epoch 0 | global step 1720 | mode train | loss 2.0806 | accuracy 14.0625 | mean_length 64
09-08-21 23:43:27 - epoch 0 | global step 1730 | mode train | loss 2.0798 | accuracy 12.1875 | mean_length 64
09-08-21 23:45:23 - epoch 0 | global step 1740 | mode train | loss 2.0808 | accuracy 10.0 | mean_length 64
09-08-21 23:47:12 - epoch 0 | global step 1750 | mode train | loss 2.0788 | accuracy 11.875 | mean_length 64
09-08-21 23:49:09 - epoch 0 | global step 1760 | mode train | loss 2.0808 | accuracy 12.1875 | mean_length 64
09-08-21 23:51:05 - epoch 0 | global step 1770 | mode train | loss 2.0789 | accuracy 16.25 | mean_length 64
09-08-21 23:53:02 - epoch 0 | global step 1780 | mode train | loss 2.0785 | accuracy 10.9375 | mean_length 64
09-08-21 23:54:59 - epoch 0 | global step 1790 | mode train | loss 2.0827 | accuracy 13.125 | mean_length 64
09-08-21 23:56:56 - epoch 0 | global step 1800 | mode train | loss 2.08 | accuracy 14.375 | mean_length 64
09-08-21 23:58:44 - epoch 0 | global step 1810 | mode train | loss 2.0777 | accuracy 15.9375 | mean_length 64
09-09-21 00:00:40 - epoch 0 | global step 1820 | mode train | loss 2.0822 | accuracy 12.8125 | mean_length 64
09-09-21 00:02:37 - epoch 0 | global step 1830 | mode train | loss 2.0795 | accuracy 14.0625 | mean_length 64
09-09-21 00:04:34 - epoch 0 | global step 1840 | mode train | loss 2.0762 | accuracy 12.8125 | mean_length 64
09-09-21 00:06:22 - epoch 0 | global step 1850 | mode train | loss 2.0806 | accuracy 12.1875 | mean_length 64
09-09-21 00:08:19 - epoch 0 | global step 1860 | mode train | loss 2.0793 | accuracy 10.9375 | mean_length 64
09-09-21 00:10:15 - epoch 0 | global step 1870 | mode train | loss 2.0814 | accuracy 10.625 | mean_length 64
09-09-21 00:12:12 - epoch 0 | global step 1880 | mode train | loss 2.0794 | accuracy 10.625 | mean_length 64
09-09-21 00:14:09 - epoch 0 | global step 1890 | mode train | loss 2.0785 | accuracy 12.1875 | mean_length 64
09-09-21 00:16:06 - epoch 0 | global step 1900 | mode train | loss 2.081 | accuracy 12.5 | mean_length 64
09-09-21 00:17:54 - epoch 0 | global step 1910 | mode train | loss 2.0786 | accuracy 13.75 | mean_length 64
09-09-21 00:19:51 - epoch 0 | global step 1920 | mode train | loss 2.0759 | accuracy 13.4375 | mean_length 64
09-09-21 00:21:48 - epoch 0 | global step 1930 | mode train | loss 2.0785 | accuracy 13.4375 | mean_length 64
09-09-21 00:23:36 - epoch 0 | global step 1940 | mode train | loss 2.0783 | accuracy 12.8125 | mean_length 64
09-09-21 00:25:33 - epoch 0 | global step 1950 | mode train | loss 2.0827 | accuracy 12.1875 | mean_length 64
09-09-21 00:27:22 - epoch 0 | global step 1960 | mode train | loss 2.0795 | accuracy 12.8125 | mean_length 64
09-09-21 00:29:10 - epoch 0 | global step 1970 | mode train | loss 2.0812 | accuracy 14.375 | mean_length 64
09-09-21 00:30:57 - epoch 0 | global step 1980 | mode train | loss 2.0837 | accuracy 9.6875 | mean_length 64
09-09-21 00:32:46 - epoch 0 | global step 1990 | mode train | loss 2.0814 | accuracy 11.875 | mean_length 64
09-09-21 00:34:34 - epoch 0 | global step 2000 | mode train | loss 2.0806 | accuracy 11.5625 | mean_length 64
09-09-21 00:36:21 - epoch 0 | global step 2010 | mode train | loss 2.0777 | accuracy 14.6875 | mean_length 64
09-09-21 00:38:18 - epoch 0 | global step 2020 | mode train | loss 2.0835 | accuracy 10.625 | mean_length 64
09-09-21 00:40:15 - epoch 0 | global step 2030 | mode train | loss 2.0808 | accuracy 10.3125 | mean_length 64
09-09-21 00:42:03 - epoch 0 | global step 2040 | mode train | loss 2.083 | accuracy 10.0 | mean_length 64
09-09-21 00:53:14 - epoch 0 | global step 2048 | mode validation | loss 2.0795 | accuracy 12.28 | mean_length 64
09-09-21 00:53:36 - epoch 0 | global step 2050 | mode train | loss 2.0773 | accuracy 14.0625 | mean_length 64
09-09-21 00:55:32 - epoch 0 | global step 2060 | mode train | loss 2.0766 | accuracy 16.5625 | mean_length 64
09-09-21 00:57:29 - epoch 0 | global step 2070 | mode train | loss 2.0784 | accuracy 13.75 | mean_length 64
09-09-21 00:59:26 - epoch 0 | global step 2080 | mode train | loss 2.0756 | accuracy 13.75 | mean_length 64
09-09-21 01:01:23 - epoch 0 | global step 2090 | mode train | loss 2.0795 | accuracy 12.8125 | mean_length 64
09-09-21 01:03:19 - epoch 0 | global step 2100 | mode train | loss 2.0801 | accuracy 10.9375 | mean_length 64
09-09-21 01:05:16 - epoch 0 | global step 2110 | mode train | loss 2.0804 | accuracy 13.4375 | mean_length 64
09-09-21 01:07:13 - epoch 0 | global step 2120 | mode train | loss 2.0804 | accuracy 11.25 | mean_length 64
09-09-21 01:09:10 - epoch 0 | global step 2130 | mode train | loss 2.079 | accuracy 14.0625 | mean_length 64
09-09-21 01:11:07 - epoch 0 | global step 2140 | mode train | loss 2.0779 | accuracy 10.0 | mean_length 64
09-09-21 01:12:55 - epoch 0 | global step 2150 | mode train | loss 2.0773 | accuracy 15.3125 | mean_length 64
09-09-21 01:14:52 - epoch 0 | global step 2160 | mode train | loss 2.0769 | accuracy 17.5 | mean_length 64
09-09-21 01:16:48 - epoch 0 | global step 2170 | mode train | loss 2.0752 | accuracy 11.5625 | mean_length 64
09-09-21 01:18:45 - epoch 0 | global step 2180 | mode train | loss 2.0799 | accuracy 12.8125 | mean_length 64
09-09-21 01:20:42 - epoch 0 | global step 2190 | mode train | loss 2.0804 | accuracy 11.5625 | mean_length 64
09-09-21 01:22:39 - epoch 0 | global step 2200 | mode train | loss 2.0785 | accuracy 14.0625 | mean_length 64
09-09-21 01:24:36 - epoch 0 | global step 2210 | mode train | loss 2.0775 | accuracy 13.4375 | mean_length 64
09-09-21 01:26:33 - epoch 0 | global step 2220 | mode train | loss 2.0772 | accuracy 14.6875 | mean_length 64
09-09-21 01:28:30 - epoch 0 | global step 2230 | mode train | loss 2.0802 | accuracy 13.75 | mean_length 64
09-09-21 01:30:18 - epoch 0 | global step 2240 | mode train | loss 2.0827 | accuracy 10.9375 | mean_length 64
09-09-21 01:32:14 - epoch 0 | global step 2250 | mode train | loss 2.0776 | accuracy 14.0625 | mean_length 64
09-09-21 01:34:11 - epoch 0 | global step 2260 | mode train | loss 2.0774 | accuracy 13.125 | mean_length 64
09-09-21 01:36:08 - epoch 0 | global step 2270 | mode train | loss 2.0797 | accuracy 11.875 | mean_length 64
09-09-21 01:38:05 - epoch 0 | global step 2280 | mode train | loss 2.0817 | accuracy 11.875 | mean_length 64
09-09-21 01:39:53 - epoch 0 | global step 2290 | mode train | loss 2.0795 | accuracy 14.375 | mean_length 64
09-09-21 01:41:50 - epoch 0 | global step 2300 | mode train | loss 2.0792 | accuracy 11.875 | mean_length 64
09-09-21 01:43:37 - epoch 0 | global step 2310 | mode train | loss 2.0817 | accuracy 13.4375 | mean_length 64
09-09-21 01:45:34 - epoch 0 | global step 2320 | mode train | loss 2.0772 | accuracy 14.6875 | mean_length 64
09-09-21 01:47:31 - epoch 0 | global step 2330 | mode train | loss 2.0817 | accuracy 12.5 | mean_length 64
09-09-21 01:49:28 - epoch 0 | global step 2340 | mode train | loss 2.0736 | accuracy 13.75 | mean_length 64
09-09-21 01:51:24 - epoch 0 | global step 2350 | mode train | loss 2.0771 | accuracy 14.375 | mean_length 64
09-09-21 01:53:21 - epoch 0 | global step 2360 | mode train | loss 2.0768 | accuracy 12.1875 | mean_length 64
09-09-21 01:55:18 - epoch 0 | global step 2370 | mode train | loss 2.078 | accuracy 13.125 | mean_length 64
09-09-21 01:57:15 - epoch 0 | global step 2380 | mode train | loss 2.0796 | accuracy 14.6875 | mean_length 64
09-09-21 01:59:11 - epoch 0 | global step 2390 | mode train | loss 2.084 | accuracy 9.6875 | mean_length 64
09-09-21 02:01:08 - epoch 0 | global step 2400 | mode train | loss 2.0824 | accuracy 10.625 | mean_length 64
09-09-21 02:03:05 - epoch 0 | global step 2410 | mode train | loss 2.0779 | accuracy 16.25 | mean_length 64
09-09-21 02:05:01 - epoch 0 | global step 2420 | mode train | loss 2.0781 | accuracy 13.75 | mean_length 64
09-09-21 02:06:58 - epoch 0 | global step 2430 | mode train | loss 2.0782 | accuracy 13.75 | mean_length 64
09-09-21 02:08:55 - epoch 0 | global step 2440 | mode train | loss 2.0799 | accuracy 11.5625 | mean_length 64
09-09-21 02:10:51 - epoch 0 | global step 2450 | mode train | loss 2.0793 | accuracy 13.125 | mean_length 64
09-09-21 02:12:39 - epoch 0 | global step 2460 | mode train | loss 2.0773 | accuracy 14.6875 | mean_length 64
09-09-21 02:14:27 - epoch 0 | global step 2470 | mode train | loss 2.0782 | accuracy 10.625 | mean_length 64
09-09-21 02:16:23 - epoch 0 | global step 2480 | mode train | loss 2.0795 | accuracy 13.75 | mean_length 64
09-09-21 02:18:20 - epoch 0 | global step 2490 | mode train | loss 2.0817 | accuracy 13.75 | mean_length 64
09-09-21 02:20:17 - epoch 0 | global step 2500 | mode train | loss 2.139 | accuracy 12.8125 | mean_length 64
09-09-21 02:22:13 - epoch 0 | global step 2510 | mode train | loss 2.1313 | accuracy 14.375 | mean_length 64
09-09-21 02:24:10 - epoch 0 | global step 2520 | mode train | loss 2.132 | accuracy 14.375 | mean_length 64
09-09-21 02:26:07 - epoch 0 | global step 2530 | mode train | loss 2.1282 | accuracy 14.6875 | mean_length 64
09-09-21 02:28:03 - epoch 0 | global step 2540 | mode train | loss 2.1269 | accuracy 10.3125 | mean_length 64
09-09-21 02:30:00 - epoch 0 | global step 2550 | mode train | loss 2.1076 | accuracy 12.1875 | mean_length 64
09-09-21 02:31:57 - epoch 0 | global step 2560 | mode train | loss 2.1227 | accuracy 12.1875 | mean_length 64
09-09-21 02:43:21 - epoch 0 | global step 2560 | mode validation | loss 2.118 | accuracy 11.82 | mean_length 64
09-09-21 02:45:09 - epoch 0 | global step 2570 | mode train | loss 2.1187 | accuracy 12.1875 | mean_length 64
09-09-21 02:47:06 - epoch 0 | global step 2580 | mode train | loss 2.1296 | accuracy 9.375 | mean_length 64
09-09-21 02:49:02 - epoch 0 | global step 2590 | mode train | loss 2.1001 | accuracy 12.1875 | mean_length 64
09-09-21 02:50:59 - epoch 0 | global step 2600 | mode train | loss 2.1096 | accuracy 12.1875 | mean_length 64
09-09-21 02:52:56 - epoch 0 | global step 2610 | mode train | loss 2.0939 | accuracy 14.375 | mean_length 64
09-09-21 02:54:53 - epoch 0 | global step 2620 | mode train | loss 2.0978 | accuracy 11.25 | mean_length 64
09-09-21 02:56:49 - epoch 0 | global step 2630 | mode train | loss 2.1024 | accuracy 11.5625 | mean_length 64
09-09-21 02:58:37 - epoch 0 | global step 2640 | mode train | loss 2.1177 | accuracy 11.25 | mean_length 64
09-09-21 03:00:34 - epoch 0 | global step 2650 | mode train | loss 2.0965 | accuracy 11.25 | mean_length 64
09-09-21 03:02:31 - epoch 0 | global step 2660 | mode train | loss 2.114 | accuracy 11.5625 | mean_length 64
09-09-21 03:04:28 - epoch 0 | global step 2670 | mode train | loss 2.0795 | accuracy 14.0625 | mean_length 64
09-09-21 03:06:25 - epoch 0 | global step 2680 | mode train | loss 2.0869 | accuracy 10.9375 | mean_length 64
09-09-21 03:08:21 - epoch 0 | global step 2690 | mode train | loss 2.092 | accuracy 12.5 | mean_length 64
09-09-21 03:10:18 - epoch 0 | global step 2700 | mode train | loss 2.1024 | accuracy 10.625 | mean_length 64
09-09-21 03:12:06 - epoch 0 | global step 2710 | mode train | loss 2.0902 | accuracy 10.9375 | mean_length 64
09-09-21 03:14:03 - epoch 0 | global step 2720 | mode train | loss 2.0911 | accuracy 10.9375 | mean_length 64
09-09-21 03:16:00 - epoch 0 | global step 2730 | mode train | loss 2.0783 | accuracy 12.1875 | mean_length 64
09-09-21 03:17:57 - epoch 0 | global step 2740 | mode train | loss 2.0853 | accuracy 12.8125 | mean_length 64
09-09-21 03:19:53 - epoch 0 | global step 2750 | mode train | loss 2.0938 | accuracy 11.25 | mean_length 64
09-09-21 03:21:50 - epoch 0 | global step 2760 | mode train | loss 2.0804 | accuracy 14.6875 | mean_length 64
09-09-21 03:23:47 - epoch 0 | global step 2770 | mode train | loss 2.0805 | accuracy 13.4375 | mean_length 64
09-09-21 03:25:44 - epoch 0 | global step 2780 | mode train | loss 2.0776 | accuracy 14.0625 | mean_length 64
09-09-21 03:27:41 - epoch 0 | global step 2790 | mode train | loss 2.074 | accuracy 14.0625 | mean_length 64
09-09-21 03:29:37 - epoch 0 | global step 2800 | mode train | loss 2.0909 | accuracy 11.875 | mean_length 64
09-09-21 03:31:34 - epoch 0 | global step 2810 | mode train | loss 2.0916 | accuracy 10.9375 | mean_length 64
09-09-21 03:33:31 - epoch 0 | global step 2820 | mode train | loss 2.0985 | accuracy 10.3125 | mean_length 64
09-09-21 03:35:28 - epoch 0 | global step 2830 | mode train | loss 2.0862 | accuracy 14.375 | mean_length 64
09-09-21 03:37:25 - epoch 0 | global step 2840 | mode train | loss 2.0844 | accuracy 10.9375 | mean_length 64
09-09-21 03:39:22 - epoch 0 | global step 2850 | mode train | loss 2.0806 | accuracy 14.6875 | mean_length 64
09-09-21 03:41:19 - epoch 0 | global step 2860 | mode train | loss 2.0785 | accuracy 13.75 | mean_length 64
09-09-21 03:43:07 - epoch 0 | global step 2870 | mode train | loss 2.0841 | accuracy 13.75 | mean_length 64
09-09-21 03:44:54 - epoch 0 | global step 2880 | mode train | loss 2.0901 | accuracy 11.25 | mean_length 64
09-09-21 03:46:42 - epoch 0 | global step 2890 | mode train | loss 2.0882 | accuracy 12.5 | mean_length 64
09-09-21 03:48:29 - epoch 0 | global step 2900 | mode train | loss 2.0829 | accuracy 9.6875 | mean_length 64
09-09-21 03:50:26 - epoch 0 | global step 2910 | mode train | loss 2.0937 | accuracy 10.625 | mean_length 64
09-09-21 03:52:23 - epoch 0 | global step 2920 | mode train | loss 2.0781 | accuracy 14.375 | mean_length 64
09-09-21 03:54:20 - epoch 0 | global step 2930 | mode train | loss 2.0808 | accuracy 11.875 | mean_length 64
09-09-21 03:56:16 - epoch 0 | global step 2940 | mode train | loss 2.0913 | accuracy 11.25 | mean_length 64
09-09-21 03:58:13 - epoch 0 | global step 2950 | mode train | loss 2.0857 | accuracy 9.6875 | mean_length 64
09-09-21 04:00:10 - epoch 0 | global step 2960 | mode train | loss 2.077 | accuracy 14.6875 | mean_length 64
09-09-21 04:01:58 - epoch 0 | global step 2970 | mode train | loss 2.0891 | accuracy 10.625 | mean_length 64
09-09-21 04:03:55 - epoch 0 | global step 2980 | mode train | loss 2.0804 | accuracy 10.0 | mean_length 64
09-09-21 04:05:52 - epoch 0 | global step 2990 | mode train | loss 2.0804 | accuracy 10.0 | mean_length 64
09-09-21 04:07:49 - epoch 0 | global step 3000 | mode train | loss 2.0805 | accuracy 11.5625 | mean_length 64
09-09-21 04:09:45 - epoch 0 | global step 3010 | mode train | loss 2.0786 | accuracy 14.375 | mean_length 64
09-09-21 04:11:42 - epoch 0 | global step 3020 | mode train | loss 2.079 | accuracy 14.375 | mean_length 64
09-09-21 04:13:39 - epoch 0 | global step 3030 | mode train | loss 2.0807 | accuracy 12.1875 | mean_length 64
09-09-21 04:15:36 - epoch 0 | global step 3040 | mode train | loss 2.0786 | accuracy 14.6875 | mean_length 64
09-09-21 04:17:33 - epoch 0 | global step 3050 | mode train | loss 2.0788 | accuracy 11.5625 | mean_length 64
09-09-21 04:19:30 - epoch 0 | global step 3060 | mode train | loss 2.0786 | accuracy 12.5 | mean_length 64
09-09-21 04:21:27 - epoch 0 | global step 3070 | mode train | loss 2.0814 | accuracy 10.0 | mean_length 64
09-09-21 04:31:47 - epoch 0 | global step 3072 | mode validation | loss 2.0795 | accuracy 12.64 | mean_length 64
09-09-21 04:33:21 - epoch 0 | global step 3080 | mode train | loss 2.0802 | accuracy 10.9375 | mean_length 64
09-09-21 04:35:18 - epoch 0 | global step 3090 | mode train | loss 2.0798 | accuracy 11.875 | mean_length 64
09-09-21 04:37:14 - epoch 0 | global step 3100 | mode train | loss 2.0794 | accuracy 12.8125 | mean_length 64
09-09-21 04:39:02 - epoch 0 | global step 3110 | mode train | loss 2.0796 | accuracy 10.0 | mean_length 64
09-09-21 04:40:59 - epoch 0 | global step 3120 | mode train | loss 2.0795 | accuracy 11.5625 | mean_length 64
09-09-21 04:42:47 - epoch 0 | global step 3130 | mode train | loss 2.0812 | accuracy 11.25 | mean_length 64
09-09-21 04:44:44 - epoch 0 | global step 3140 | mode train | loss 2.0791 | accuracy 12.1875 | mean_length 64
09-09-21 04:46:41 - epoch 0 | global step 3150 | mode train | loss 2.0801 | accuracy 12.5 | mean_length 64
09-09-21 04:48:37 - epoch 0 | global step 3160 | mode train | loss 2.0791 | accuracy 10.9375 | mean_length 64
09-09-21 04:50:34 - epoch 0 | global step 3170 | mode train | loss 2.0799 | accuracy 10.625 | mean_length 64
09-09-21 04:52:31 - epoch 0 | global step 3180 | mode train | loss 2.0794 | accuracy 13.75 | mean_length 64
09-09-21 04:54:19 - epoch 0 | global step 3190 | mode train | loss 2.0795 | accuracy 13.125 | mean_length 64
09-09-21 04:56:07 - epoch 0 | global step 3200 | mode train | loss 2.0795 | accuracy 11.875 | mean_length 64
09-09-21 04:58:04 - epoch 0 | global step 3210 | mode train | loss 2.0798 | accuracy 13.4375 | mean_length 64
09-09-21 05:00:01 - epoch 0 | global step 3220 | mode train | loss 2.0811 | accuracy 10.9375 | mean_length 64
09-09-21 05:01:49 - epoch 1 | global step 3230 | mode train | loss 2.0791 | accuracy 11.875 | mean_length 64
09-09-21 05:03:37 - epoch 1 | global step 3240 | mode train | loss 2.0784 | accuracy 12.8125 | mean_length 64
09-09-21 05:05:34 - epoch 1 | global step 3250 | mode train | loss 2.0809 | accuracy 11.5625 | mean_length 64
09-09-21 05:07:31 - epoch 1 | global step 3260 | mode train | loss 2.0787 | accuracy 13.125 | mean_length 64
09-09-21 05:09:27 - epoch 1 | global step 3270 | mode train | loss 2.0791 | accuracy 12.5 | mean_length 64
09-09-21 05:11:24 - epoch 1 | global step 3280 | mode train | loss 2.0796 | accuracy 14.375 | mean_length 64
09-09-21 05:13:21 - epoch 1 | global step 3290 | mode train | loss 2.0794 | accuracy 10.625 | mean_length 64
09-09-21 05:15:09 - epoch 1 | global step 3300 | mode train | loss 2.0785 | accuracy 13.125 | mean_length 64
09-09-21 05:17:06 - epoch 1 | global step 3310 | mode train | loss 2.0808 | accuracy 13.125 | mean_length 64
09-09-21 05:19:03 - epoch 1 | global step 3320 | mode train | loss 2.0786 | accuracy 12.8125 | mean_length 64
09-09-21 05:21:00 - epoch 1 | global step 3330 | mode train | loss 2.0796 | accuracy 12.5 | mean_length 64
09-09-21 05:22:57 - epoch 1 | global step 3340 | mode train | loss 2.0813 | accuracy 7.8125 | mean_length 64
09-09-21 05:24:47 - epoch 1 | global step 3350 | mode train | loss 2.0798 | accuracy 12.5 | mean_length 64
09-09-21 05:26:44 - epoch 1 | global step 3360 | mode train | loss 2.0794 | accuracy 13.125 | mean_length 64
09-09-21 05:28:41 - epoch 1 | global step 3370 | mode train | loss 2.0798 | accuracy 11.5625 | mean_length 64
09-09-21 05:30:29 - epoch 1 | global step 3380 | mode train | loss 2.0798 | accuracy 10.625 | mean_length 64
09-09-21 05:32:26 - epoch 1 | global step 3390 | mode train | loss 2.0786 | accuracy 15.9375 | mean_length 64
09-09-21 05:34:14 - epoch 1 | global step 3400 | mode train | loss 2.0793 | accuracy 11.5625 | mean_length 64
09-09-21 05:36:11 - epoch 1 | global step 3410 | mode train | loss 2.0797 | accuracy 12.1875 | mean_length 64
09-09-21 05:37:59 - epoch 1 | global step 3420 | mode train | loss 2.0794 | accuracy 14.0625 | mean_length 64
09-09-21 05:39:56 - epoch 1 | global step 3430 | mode train | loss 2.0788 | accuracy 15.625 | mean_length 64
09-09-21 05:41:53 - epoch 1 | global step 3440 | mode train | loss 2.0799 | accuracy 11.25 | mean_length 64
09-09-21 05:43:41 - epoch 1 | global step 3450 | mode train | loss 2.0787 | accuracy 15.3125 | mean_length 64
09-09-21 05:45:29 - epoch 1 | global step 3460 | mode train | loss 2.0803 | accuracy 10.625 | mean_length 64
09-09-21 05:47:26 - epoch 1 | global step 3470 | mode train | loss 2.079 | accuracy 13.125 | mean_length 64
09-09-21 05:49:23 - epoch 1 | global step 3480 | mode train | loss 2.0798 | accuracy 10.0 | mean_length 64
09-09-21 05:51:20 - epoch 1 | global step 3490 | mode train | loss 2.0797 | accuracy 10.3125 | mean_length 64
09-09-21 05:53:08 - epoch 1 | global step 3500 | mode train | loss 2.0796 | accuracy 10.0 | mean_length 64
09-09-21 05:55:05 - epoch 1 | global step 3510 | mode train | loss 2.0781 | accuracy 14.0625 | mean_length 64
09-09-21 05:57:02 - epoch 1 | global step 3520 | mode train | loss 2.0785 | accuracy 12.5 | mean_length 64
09-09-21 05:58:50 - epoch 1 | global step 3530 | mode train | loss 2.0799 | accuracy 12.5 | mean_length 64
09-09-21 06:00:47 - epoch 1 | global step 3540 | mode train | loss 2.0794 | accuracy 13.4375 | mean_length 64
09-09-21 06:02:44 - epoch 1 | global step 3550 | mode train | loss 2.0794 | accuracy 12.5 | mean_length 64
09-09-21 06:04:41 - epoch 1 | global step 3560 | mode train | loss 2.0788 | accuracy 15.0 | mean_length 64
09-09-21 06:06:37 - epoch 1 | global step 3570 | mode train | loss 2.0794 | accuracy 11.5625 | mean_length 64
09-09-21 06:08:34 - epoch 1 | global step 3580 | mode train | loss 2.0794 | accuracy 10.9375 | mean_length 64
09-09-21 06:19:04 - epoch 1 | global step 3584 | mode validation | loss 2.0795 | accuracy 12.78 | mean_length 64
09-09-21 06:20:14 - epoch 1 | global step 3590 | mode train | loss 2.0802 | accuracy 12.8125 | mean_length 64
09-09-21 06:22:02 - epoch 1 | global step 3600 | mode train | loss 2.079 | accuracy 10.625 | mean_length 64
09-09-21 06:23:50 - epoch 1 | global step 3610 | mode train | loss 2.0796 | accuracy 15.0 | mean_length 64
09-09-21 06:25:47 - epoch 1 | global step 3620 | mode train | loss 2.0797 | accuracy 12.8125 | mean_length 64
09-09-21 06:27:44 - epoch 1 | global step 3630 | mode train | loss 2.0787 | accuracy 15.0 | mean_length 64
09-09-21 06:29:32 - epoch 1 | global step 3640 | mode train | loss 2.078 | accuracy 17.1875 | mean_length 64
09-09-21 06:31:29 - epoch 1 | global step 3650 | mode train | loss 2.0791 | accuracy 13.75 | mean_length 64
09-09-21 06:33:26 - epoch 1 | global step 3660 | mode train | loss 2.0801 | accuracy 12.8125 | mean_length 64
09-09-21 06:35:14 - epoch 1 | global step 3670 | mode train | loss 2.0802 | accuracy 10.625 | mean_length 64
09-09-21 06:37:11 - epoch 1 | global step 3680 | mode train | loss 2.0782 | accuracy 15.3125 | mean_length 64
09-09-21 06:39:00 - epoch 1 | global step 3690 | mode train | loss 2.0801 | accuracy 10.625 | mean_length 64
09-09-21 06:40:48 - epoch 1 | global step 3700 | mode train | loss 2.0785 | accuracy 13.4375 | mean_length 64
09-09-21 06:42:44 - epoch 1 | global step 3710 | mode train | loss 2.0789 | accuracy 15.625 | mean_length 64
09-09-21 06:44:33 - epoch 1 | global step 3720 | mode train | loss 2.0796 | accuracy 14.375 | mean_length 64
09-09-21 06:46:29 - epoch 1 | global step 3730 | mode train | loss 2.0796 | accuracy 13.125 | mean_length 64
09-09-21 06:48:26 - epoch 1 | global step 3740 | mode train | loss 2.0793 | accuracy 15.0 | mean_length 64
09-09-21 06:50:23 - epoch 1 | global step 3750 | mode train | loss 2.0793 | accuracy 13.4375 | mean_length 64
09-09-21 06:52:20 - epoch 1 | global step 3760 | mode train | loss 2.0804 | accuracy 12.1875 | mean_length 64
09-09-21 06:54:09 - epoch 1 | global step 3770 | mode train | loss 2.0805 | accuracy 12.1875 | mean_length 64
09-09-21 06:55:57 - epoch 1 | global step 3780 | mode train | loss 2.0798 | accuracy 12.5 | mean_length 64
09-09-21 06:57:53 - epoch 1 | global step 3790 | mode train | loss 2.0784 | accuracy 13.125 | mean_length 64
09-09-21 06:59:51 - epoch 1 | global step 3800 | mode train | loss 2.0798 | accuracy 11.5625 | mean_length 64
09-09-21 07:01:47 - epoch 1 | global step 3810 | mode train | loss 2.0786 | accuracy 14.6875 | mean_length 64
09-09-21 07:03:44 - epoch 1 | global step 3820 | mode train | loss 2.0801 | accuracy 10.0 | mean_length 64
09-09-21 07:05:41 - epoch 1 | global step 3830 | mode train | loss 2.0793 | accuracy 14.375 | mean_length 64
09-09-21 07:07:40 - epoch 1 | global step 3840 | mode train | loss 2.0797 | accuracy 11.25 | mean_length 64
09-09-21 07:09:36 - epoch 1 | global step 3850 | mode train | loss 2.0786 | accuracy 11.5625 | mean_length 64
09-09-21 07:11:25 - epoch 1 | global step 3860 | mode train | loss 2.0785 | accuracy 13.4375 | mean_length 64
09-09-21 07:13:21 - epoch 1 | global step 3870 | mode train | loss 2.0805 | accuracy 13.4375 | mean_length 64
09-09-21 07:15:09 - epoch 1 | global step 3880 | mode train | loss 2.0789 | accuracy 12.1875 | mean_length 64
09-09-21 07:17:07 - epoch 1 | global step 3890 | mode train | loss 2.0793 | accuracy 13.125 | mean_length 64
09-09-21 07:19:06 - epoch 1 | global step 3900 | mode train | loss 2.0798 | accuracy 12.8125 | mean_length 64
09-09-21 07:21:03 - epoch 1 | global step 3910 | mode train | loss 2.0785 | accuracy 14.6875 | mean_length 64
09-09-21 07:22:52 - epoch 1 | global step 3920 | mode train | loss 2.0783 | accuracy 14.6875 | mean_length 64
09-09-21 07:24:48 - epoch 1 | global step 3930 | mode train | loss 2.0796 | accuracy 10.625 | mean_length 64
09-09-21 07:26:45 - epoch 1 | global step 3940 | mode train | loss 2.0805 | accuracy 10.0 | mean_length 64
09-09-21 07:28:42 - epoch 1 | global step 3950 | mode train | loss 2.0807 | accuracy 12.5 | mean_length 64
09-09-21 07:30:39 - epoch 1 | global step 3960 | mode train | loss 2.0783 | accuracy 10.625 | mean_length 64
09-09-21 07:32:36 - epoch 1 | global step 3970 | mode train | loss 2.0787 | accuracy 12.1875 | mean_length 64
09-09-21 07:34:33 - epoch 1 | global step 3980 | mode train | loss 2.0786 | accuracy 17.5 | mean_length 64
09-09-21 07:36:30 - epoch 1 | global step 3990 | mode train | loss 2.081 | accuracy 12.1875 | mean_length 64
09-09-21 07:38:18 - epoch 1 | global step 4000 | mode train | loss 2.0803 | accuracy 12.8125 | mean_length 64
09-09-21 07:40:15 - epoch 1 | global step 4010 | mode train | loss 2.0793 | accuracy 12.1875 | mean_length 64
09-09-21 07:42:12 - epoch 1 | global step 4020 | mode train | loss 2.0797 | accuracy 12.5 | mean_length 64
09-09-21 07:44:08 - epoch 1 | global step 4030 | mode train | loss 2.079 | accuracy 13.125 | mean_length 64
09-09-21 07:46:05 - epoch 1 | global step 4040 | mode train | loss 2.0787 | accuracy 13.75 | mean_length 64
09-09-21 07:48:02 - epoch 1 | global step 4050 | mode train | loss 2.077 | accuracy 15.0 | mean_length 64
09-09-21 07:49:59 - epoch 1 | global step 4060 | mode train | loss 2.0805 | accuracy 10.9375 | mean_length 64
09-09-21 07:51:47 - epoch 1 | global step 4070 | mode train | loss 2.0802 | accuracy 9.375 | mean_length 64
09-09-21 07:53:44 - epoch 1 | global step 4080 | mode train | loss 2.078 | accuracy 13.75 | mean_length 64
09-09-21 07:55:42 - epoch 1 | global step 4090 | mode train | loss 2.0794 | accuracy 10.9375 | mean_length 64
09-09-21 08:08:17 - epoch 1 | global step 4096 | mode validation | loss 2.079 | accuracy 12.28 | mean_length 64
09-09-21 08:08:17 - Saving model to Output/accGrad4_mbart_noBT_lr1.25e-5_7distractors_maxstep8192_seed42
Epoch: 1, Prediction Accuracy: 12.28, Saved to Path: Output/accGrad4_mbart_noBT_lr1.25e-5_7distractors_maxstep8192_seed42
09-09-21 08:09:15 - epoch 1 | global step 4100 | mode train | loss 2.0797 | accuracy 10.3125 | mean_length 64
09-09-21 08:11:12 - epoch 1 | global step 4110 | mode train | loss 2.0772 | accuracy 19.0625 | mean_length 64
09-09-21 08:13:08 - epoch 1 | global step 4120 | mode train | loss 2.0784 | accuracy 13.125 | mean_length 64
09-09-21 08:15:05 - epoch 1 | global step 4130 | mode train | loss 2.0794 | accuracy 13.4375 | mean_length 64
09-09-21 08:16:53 - epoch 1 | global step 4140 | mode train | loss 2.0791 | accuracy 12.1875 | mean_length 64
09-09-21 08:18:40 - epoch 1 | global step 4150 | mode train | loss 2.0805 | accuracy 9.6875 | mean_length 64
09-09-21 08:20:28 - epoch 1 | global step 4160 | mode train | loss 2.0803 | accuracy 12.8125 | mean_length 64
09-09-21 08:22:16 - epoch 1 | global step 4170 | mode train | loss 2.0795 | accuracy 12.5 | mean_length 64
09-09-21 08:24:13 - epoch 1 | global step 4180 | mode train | loss 2.08 | accuracy 13.75 | mean_length 64
09-09-21 08:26:09 - epoch 1 | global step 4190 | mode train | loss 2.0791 | accuracy 13.125 | mean_length 64
09-09-21 08:28:06 - epoch 1 | global step 4200 | mode train | loss 2.0803 | accuracy 13.75 | mean_length 64
09-09-21 08:30:03 - epoch 1 | global step 4210 | mode train | loss 2.0799 | accuracy 10.0 | mean_length 64
09-09-21 08:32:00 - epoch 1 | global step 4220 | mode train | loss 2.0791 | accuracy 15.9375 | mean_length 64
09-09-21 08:33:49 - epoch 1 | global step 4230 | mode train | loss 2.0799 | accuracy 12.5 | mean_length 64
09-09-21 08:35:46 - epoch 1 | global step 4240 | mode train | loss 2.0812 | accuracy 11.25 | mean_length 64
09-09-21 08:37:42 - epoch 1 | global step 4250 | mode train | loss 2.0781 | accuracy 16.25 | mean_length 64
09-09-21 08:39:39 - epoch 1 | global step 4260 | mode train | loss 2.0785 | accuracy 12.5 | mean_length 64
09-09-21 08:41:36 - epoch 1 | global step 4270 | mode train | loss 2.0794 | accuracy 11.25 | mean_length 64
09-09-21 08:43:24 - epoch 1 | global step 4280 | mode train | loss 2.0803 | accuracy 12.5 | mean_length 64
09-09-21 08:45:21 - epoch 1 | global step 4290 | mode train | loss 2.0802 | accuracy 11.875 | mean_length 64
09-09-21 08:47:09 - epoch 1 | global step 4300 | mode train | loss 2.0781 | accuracy 12.8125 | mean_length 64
09-09-21 08:49:06 - epoch 1 | global step 4310 | mode train | loss 2.0797 | accuracy 11.5625 | mean_length 64
09-09-21 08:51:03 - epoch 1 | global step 4320 | mode train | loss 2.0785 | accuracy 14.0625 | mean_length 64
09-09-21 08:52:59 - epoch 1 | global step 4330 | mode train | loss 2.0791 | accuracy 13.125 | mean_length 64
09-09-21 08:54:56 - epoch 1 | global step 4340 | mode train | loss 2.0793 | accuracy 13.75 | mean_length 64
09-09-21 08:56:53 - epoch 1 | global step 4350 | mode train | loss 2.0801 | accuracy 13.75 | mean_length 64
09-09-21 08:58:50 - epoch 1 | global step 4360 | mode train | loss 2.0826 | accuracy 11.5625 | mean_length 64
09-09-21 09:00:47 - epoch 1 | global step 4370 | mode train | loss 2.0804 | accuracy 11.875 | mean_length 64
09-09-21 09:02:44 - epoch 1 | global step 4380 | mode train | loss 2.0791 | accuracy 13.4375 | mean_length 64
09-09-21 09:04:32 - epoch 1 | global step 4390 | mode train | loss 2.0812 | accuracy 11.5625 | mean_length 64
09-09-21 09:06:22 - epoch 1 | global step 4400 | mode train | loss 2.0801 | accuracy 11.25 | mean_length 64
09-09-21 09:08:10 - epoch 1 | global step 4410 | mode train | loss 2.0791 | accuracy 13.4375 | mean_length 64
09-09-21 09:10:07 - epoch 1 | global step 4420 | mode train | loss 2.0799 | accuracy 10.9375 | mean_length 64
09-09-21 09:11:55 - epoch 1 | global step 4430 | mode train | loss 2.0801 | accuracy 15.3125 | mean_length 64
09-09-21 09:13:52 - epoch 1 | global step 4440 | mode train | loss 2.0788 | accuracy 14.0625 | mean_length 64
09-09-21 09:15:49 - epoch 1 | global step 4450 | mode train | loss 2.0795 | accuracy 14.375 | mean_length 64
09-09-21 09:17:45 - epoch 1 | global step 4460 | mode train | loss 2.0797 | accuracy 10.9375 | mean_length 64
09-09-21 09:19:37 - epoch 1 | global step 4470 | mode train | loss 2.0806 | accuracy 10.625 | mean_length 64
09-09-21 09:21:34 - epoch 1 | global step 4480 | mode train | loss 2.0794 | accuracy 10.625 | mean_length 64
09-09-21 09:23:31 - epoch 1 | global step 4490 | mode train | loss 2.0795 | accuracy 13.125 | mean_length 64
09-09-21 09:25:27 - epoch 1 | global step 4500 | mode train | loss 2.0792 | accuracy 12.1875 | mean_length 64
09-09-21 09:27:24 - epoch 1 | global step 4510 | mode train | loss 2.0794 | accuracy 10.9375 | mean_length 64
09-09-21 09:29:21 - epoch 1 | global step 4520 | mode train | loss 2.0796 | accuracy 12.5 | mean_length 64
09-09-21 09:31:09 - epoch 1 | global step 4530 | mode train | loss 2.0808 | accuracy 11.875 | mean_length 64
09-09-21 09:33:06 - epoch 1 | global step 4540 | mode train | loss 2.0806 | accuracy 8.4375 | mean_length 64
09-09-21 09:34:54 - epoch 1 | global step 4550 | mode train | loss 2.0789 | accuracy 13.4375 | mean_length 64
09-09-21 09:36:42 - epoch 1 | global step 4560 | mode train | loss 2.0802 | accuracy 11.25 | mean_length 64
09-09-21 09:38:29 - epoch 1 | global step 4570 | mode train | loss 2.0794 | accuracy 13.75 | mean_length 64
09-09-21 09:40:26 - epoch 1 | global step 4580 | mode train | loss 2.0787 | accuracy 15.0 | mean_length 64
09-09-21 09:42:23 - epoch 1 | global step 4590 | mode train | loss 2.0797 | accuracy 12.8125 | mean_length 64
09-09-21 09:44:11 - epoch 1 | global step 4600 | mode train | loss 2.0793 | accuracy 14.0625 | mean_length 64
09-09-21 09:57:11 - epoch 1 | global step 4608 | mode validation | loss 2.0795 | accuracy 11.7 | mean_length 64
09-09-21 09:57:33 - epoch 1 | global step 4610 | mode train | loss 2.0794 | accuracy 12.8125 | mean_length 64
09-09-21 09:59:30 - epoch 1 | global step 4620 | mode train | loss 2.0796 | accuracy 14.0625 | mean_length 64
09-09-21 10:01:27 - epoch 1 | global step 4630 | mode train | loss 2.0788 | accuracy 14.0625 | mean_length 64
09-09-21 10:03:24 - epoch 1 | global step 4640 | mode train | loss 2.0795 | accuracy 13.75 | mean_length 64
09-09-21 10:05:20 - epoch 1 | global step 4650 | mode train | loss 2.0789 | accuracy 13.75 | mean_length 64
09-09-21 10:07:17 - epoch 1 | global step 4660 | mode train | loss 2.0791 | accuracy 11.875 | mean_length 64
09-09-21 10:09:05 - epoch 1 | global step 4670 | mode train | loss 2.0807 | accuracy 9.375 | mean_length 64
09-09-21 10:11:02 - epoch 1 | global step 4680 | mode train | loss 2.0793 | accuracy 12.1875 | mean_length 64
09-09-21 10:12:59 - epoch 1 | global step 4690 | mode train | loss 2.0779 | accuracy 11.875 | mean_length 64
09-09-21 10:14:55 - epoch 1 | global step 4700 | mode train | loss 2.0796 | accuracy 15.3125 | mean_length 64
09-09-21 10:16:52 - epoch 1 | global step 4710 | mode train | loss 2.078 | accuracy 12.8125 | mean_length 64
09-09-21 10:18:49 - epoch 1 | global step 4720 | mode train | loss 2.0796 | accuracy 12.8125 | mean_length 64
09-09-21 10:20:37 - epoch 1 | global step 4730 | mode train | loss 2.0794 | accuracy 13.4375 | mean_length 64
09-09-21 10:22:34 - epoch 1 | global step 4740 | mode train | loss 2.0801 | accuracy 10.3125 | mean_length 64
09-09-21 10:24:31 - epoch 1 | global step 4750 | mode train | loss 2.08 | accuracy 10.625 | mean_length 64
09-09-21 10:26:28 - epoch 1 | global step 4760 | mode train | loss 2.0796 | accuracy 11.5625 | mean_length 64
09-09-21 10:28:25 - epoch 1 | global step 4770 | mode train | loss 2.0786 | accuracy 15.3125 | mean_length 64
09-09-21 10:30:21 - epoch 1 | global step 4780 | mode train | loss 2.0796 | accuracy 10.9375 | mean_length 64
09-09-21 10:32:18 - epoch 1 | global step 4790 | mode train | loss 2.0801 | accuracy 11.25 | mean_length 64
09-09-21 10:34:06 - epoch 1 | global step 4800 | mode train | loss 2.0778 | accuracy 15.625 | mean_length 64
09-09-21 10:35:54 - epoch 1 | global step 4810 | mode train | loss 2.0789 | accuracy 13.125 | mean_length 64
09-09-21 10:37:51 - epoch 1 | global step 4820 | mode train | loss 2.0788 | accuracy 13.4375 | mean_length 64
09-09-21 10:39:42 - epoch 1 | global step 4830 | mode train | loss 2.0799 | accuracy 12.5 | mean_length 64
09-09-21 10:41:36 - epoch 1 | global step 4840 | mode train | loss 2.0788 | accuracy 14.6875 | mean_length 64
09-09-21 10:43:33 - epoch 1 | global step 4850 | mode train | loss 2.0787 | accuracy 11.25 | mean_length 64
09-09-21 10:45:22 - epoch 1 | global step 4860 | mode train | loss 2.0785 | accuracy 11.875 | mean_length 64
09-09-21 10:47:18 - epoch 1 | global step 4870 | mode train | loss 2.0789 | accuracy 13.75 | mean_length 64
09-09-21 10:49:15 - epoch 1 | global step 4880 | mode train | loss 2.0785 | accuracy 12.5 | mean_length 64
09-09-21 10:51:12 - epoch 1 | global step 4890 | mode train | loss 2.0789 | accuracy 12.5 | mean_length 64
09-09-21 10:53:00 - epoch 1 | global step 4900 | mode train | loss 2.081 | accuracy 11.25 | mean_length 64
09-09-21 10:54:57 - epoch 1 | global step 4910 | mode train | loss 2.0804 | accuracy 11.875 | mean_length 64
09-09-21 10:56:53 - epoch 1 | global step 4920 | mode train | loss 2.08 | accuracy 12.1875 | mean_length 64
09-09-21 10:58:42 - epoch 1 | global step 4930 | mode train | loss 2.0794 | accuracy 14.6875 | mean_length 64
09-09-21 11:00:38 - epoch 1 | global step 4940 | mode train | loss 2.081 | accuracy 10.9375 | mean_length 64
09-09-21 11:02:35 - epoch 1 | global step 4950 | mode train | loss 2.0784 | accuracy 14.6875 | mean_length 64
09-09-21 11:04:32 - epoch 1 | global step 4960 | mode train | loss 2.0793 | accuracy 13.75 | mean_length 64
09-09-21 11:06:20 - epoch 1 | global step 4970 | mode train | loss 2.0778 | accuracy 12.5 | mean_length 64
09-09-21 11:08:17 - epoch 1 | global step 4980 | mode train | loss 2.0794 | accuracy 14.0625 | mean_length 64
09-09-21 11:10:14 - epoch 1 | global step 4990 | mode train | loss 2.0812 | accuracy 10.0 | mean_length 64
09-09-21 11:12:11 - epoch 1 | global step 5000 | mode train | loss 2.0783 | accuracy 14.0625 | mean_length 64
09-09-21 11:14:08 - epoch 1 | global step 5010 | mode train | loss 2.0788 | accuracy 15.0 | mean_length 64
09-09-21 11:16:04 - epoch 1 | global step 5020 | mode train | loss 2.0796 | accuracy 12.8125 | mean_length 64
09-09-21 11:18:01 - epoch 1 | global step 5030 | mode train | loss 2.0801 | accuracy 11.5625 | mean_length 64
09-09-21 11:19:58 - epoch 1 | global step 5040 | mode train | loss 2.0805 | accuracy 11.25 | mean_length 64
09-09-21 11:21:55 - epoch 1 | global step 5050 | mode train | loss 2.0808 | accuracy 10.625 | mean_length 64
09-09-21 11:23:46 - epoch 1 | global step 5060 | mode train | loss 2.0796 | accuracy 11.25 | mean_length 64
09-09-21 11:25:36 - epoch 1 | global step 5070 | mode train | loss 2.0801 | accuracy 10.625 | mean_length 64
09-09-21 11:27:27 - epoch 1 | global step 5080 | mode train | loss 2.079 | accuracy 12.8125 | mean_length 64
09-09-21 11:29:18 - epoch 1 | global step 5090 | mode train | loss 2.0786 | accuracy 12.5 | mean_length 64
09-09-21 11:31:06 - epoch 1 | global step 5100 | mode train | loss 2.0789 | accuracy 13.4375 | mean_length 64
09-09-21 11:32:54 - epoch 1 | global step 5110 | mode train | loss 2.0795 | accuracy 13.125 | mean_length 64
09-09-21 11:34:45 - epoch 1 | global step 5120 | mode train | loss 2.0806 | accuracy 9.375 | mean_length 64
09-09-21 11:44:31 - epoch 1 | global step 5120 | mode validation | loss 2.0794 | accuracy 12.26 | mean_length 64
09-09-21 11:46:21 - epoch 1 | global step 5130 | mode train | loss 2.0799 | accuracy 11.5625 | mean_length 64
09-09-21 11:48:10 - epoch 1 | global step 5140 | mode train | loss 2.0799 | accuracy 11.25 | mean_length 64
09-09-21 11:50:00 - epoch 1 | global step 5150 | mode train | loss 2.0776 | accuracy 16.25 | mean_length 64
09-09-21 11:51:49 - epoch 1 | global step 5160 | mode train | loss 2.0786 | accuracy 12.1875 | mean_length 64
09-09-21 11:53:40 - epoch 1 | global step 5170 | mode train | loss 2.0788 | accuracy 12.8125 | mean_length 64
09-09-21 11:55:30 - epoch 1 | global step 5180 | mode train | loss 2.0815 | accuracy 11.25 | mean_length 64
09-09-21 11:57:19 - epoch 1 | global step 5190 | mode train | loss 2.0787 | accuracy 13.4375 | mean_length 64
09-09-21 11:59:07 - epoch 1 | global step 5200 | mode train | loss 2.0792 | accuracy 13.4375 | mean_length 64
09-09-21 12:00:55 - epoch 1 | global step 5210 | mode train | loss 2.0782 | accuracy 14.375 | mean_length 64
09-09-21 12:02:44 - epoch 1 | global step 5220 | mode train | loss 2.0796 | accuracy 11.5625 | mean_length 64
09-09-21 12:04:34 - epoch 1 | global step 5230 | mode train | loss 2.0787 | accuracy 12.5 | mean_length 64
09-09-21 12:06:22 - epoch 1 | global step 5240 | mode train | loss 2.0784 | accuracy 13.125 | mean_length 64
09-09-21 12:08:11 - epoch 1 | global step 5250 | mode train | loss 2.0795 | accuracy 7.8125 | mean_length 64
09-09-21 12:09:59 - epoch 1 | global step 5260 | mode train | loss 2.0808 | accuracy 11.25 | mean_length 64
09-09-21 12:11:47 - epoch 1 | global step 5270 | mode train | loss 2.0791 | accuracy 12.5 | mean_length 64
09-09-21 12:13:38 - epoch 1 | global step 5280 | mode train | loss 2.0776 | accuracy 13.125 | mean_length 64
09-09-21 12:15:28 - epoch 1 | global step 5290 | mode train | loss 2.0798 | accuracy 13.125 | mean_length 64
09-09-21 12:17:18 - epoch 1 | global step 5300 | mode train | loss 2.0804 | accuracy 13.125 | mean_length 64
09-09-21 12:19:09 - epoch 1 | global step 5310 | mode train | loss 2.0784 | accuracy 14.0625 | mean_length 64
09-09-21 12:21:00 - epoch 1 | global step 5320 | mode train | loss 2.0805 | accuracy 13.4375 | mean_length 64
09-09-21 12:22:48 - epoch 1 | global step 5330 | mode train | loss 2.0809 | accuracy 10.0 | mean_length 64
09-09-21 12:24:38 - epoch 1 | global step 5340 | mode train | loss 2.0758 | accuracy 14.6875 | mean_length 64
09-09-21 12:26:28 - epoch 1 | global step 5350 | mode train | loss 2.0755 | accuracy 15.625 | mean_length 64
09-09-21 12:28:18 - epoch 1 | global step 5360 | mode train | loss 2.0836 | accuracy 13.75 | mean_length 64
09-09-21 12:30:07 - epoch 1 | global step 5370 | mode train | loss 2.0817 | accuracy 13.75 | mean_length 64
09-09-21 12:31:58 - epoch 1 | global step 5380 | mode train | loss 2.081 | accuracy 12.5 | mean_length 64
09-09-21 12:33:46 - epoch 1 | global step 5390 | mode train | loss 2.0799 | accuracy 14.6875 | mean_length 64
09-09-21 12:35:36 - epoch 1 | global step 5400 | mode train | loss 2.0803 | accuracy 11.875 | mean_length 64
09-09-21 12:37:26 - epoch 1 | global step 5410 | mode train | loss 2.0795 | accuracy 12.5 | mean_length 64
09-09-21 12:39:15 - epoch 1 | global step 5420 | mode train | loss 2.0768 | accuracy 18.75 | mean_length 64
09-09-21 12:41:04 - epoch 1 | global step 5430 | mode train | loss 2.0785 | accuracy 16.875 | mean_length 64
09-09-21 12:42:52 - epoch 1 | global step 5440 | mode train | loss 2.0818 | accuracy 11.25 | mean_length 64
09-09-21 12:44:42 - epoch 1 | global step 5450 | mode train | loss 2.0823 | accuracy 11.5625 | mean_length 64
09-09-21 12:46:32 - epoch 1 | global step 5460 | mode train | loss 2.0779 | accuracy 14.0625 | mean_length 64
09-09-21 12:48:20 - epoch 1 | global step 5470 | mode train | loss 2.0799 | accuracy 10.9375 | mean_length 64
09-09-21 12:50:08 - epoch 1 | global step 5480 | mode train | loss 2.0788 | accuracy 10.9375 | mean_length 64
09-09-21 12:51:57 - epoch 1 | global step 5490 | mode train | loss 2.0823 | accuracy 7.5 | mean_length 64
09-09-21 12:53:46 - epoch 1 | global step 5500 | mode train | loss 2.0759 | accuracy 13.75 | mean_length 64
09-09-21 12:55:36 - epoch 1 | global step 5510 | mode train | loss 2.0838 | accuracy 10.9375 | mean_length 64
09-09-21 12:57:25 - epoch 1 | global step 5520 | mode train | loss 2.0786 | accuracy 11.25 | mean_length 64
09-09-21 12:59:13 - epoch 1 | global step 5530 | mode train | loss 2.0777 | accuracy 16.25 | mean_length 64
09-09-21 13:01:03 - epoch 1 | global step 5540 | mode train | loss 2.0825 | accuracy 8.75 | mean_length 64
09-09-21 13:02:52 - epoch 1 | global step 5550 | mode train | loss 2.0819 | accuracy 12.5 | mean_length 64
09-09-21 13:04:42 - epoch 1 | global step 5560 | mode train | loss 2.0799 | accuracy 13.4375 | mean_length 64
09-09-21 13:06:32 - epoch 1 | global step 5570 | mode train | loss 2.0803 | accuracy 11.25 | mean_length 64
09-09-21 13:08:23 - epoch 1 | global step 5580 | mode train | loss 2.0778 | accuracy 13.75 | mean_length 64
09-09-21 13:10:13 - epoch 1 | global step 5590 | mode train | loss 2.0787 | accuracy 14.0625 | mean_length 64
09-09-21 13:12:03 - epoch 1 | global step 5600 | mode train | loss 2.081 | accuracy 11.5625 | mean_length 64
09-09-21 13:13:51 - epoch 1 | global step 5610 | mode train | loss 2.081 | accuracy 11.25 | mean_length 64
09-09-21 13:15:39 - epoch 1 | global step 5620 | mode train | loss 2.0784 | accuracy 14.6875 | mean_length 64
09-09-21 13:17:28 - epoch 1 | global step 5630 | mode train | loss 2.0792 | accuracy 11.875 | mean_length 64
09-09-21 13:27:27 - epoch 1 | global step 5632 | mode validation | loss 2.0796 | accuracy 12.5 | mean_length 64
09-09-21 13:28:54 - epoch 1 | global step 5640 | mode train | loss 2.0792 | accuracy 13.125 | mean_length 64
09-09-21 13:30:42 - epoch 1 | global step 5650 | mode train | loss 2.0798 | accuracy 10.625 | mean_length 64
09-09-21 13:32:32 - epoch 1 | global step 5660 | mode train | loss 2.0778 | accuracy 13.75 | mean_length 64
09-09-21 13:34:20 - epoch 1 | global step 5670 | mode train | loss 2.0807 | accuracy 9.6875 | mean_length 64
09-09-21 13:36:09 - epoch 1 | global step 5680 | mode train | loss 2.0776 | accuracy 16.875 | mean_length 64
09-09-21 13:37:58 - epoch 1 | global step 5690 | mode train | loss 2.0798 | accuracy 10.9375 | mean_length 64
09-09-21 13:39:49 - epoch 1 | global step 5700 | mode train | loss 2.0781 | accuracy 18.125 | mean_length 64
09-09-21 13:41:39 - epoch 1 | global step 5710 | mode train | loss 2.0801 | accuracy 11.5625 | mean_length 64
09-09-21 13:43:28 - epoch 1 | global step 5720 | mode train | loss 2.0803 | accuracy 12.5 | mean_length 64
09-09-21 13:45:16 - epoch 1 | global step 5730 | mode train | loss 2.0792 | accuracy 12.1875 | mean_length 64
09-09-21 13:47:04 - epoch 1 | global step 5740 | mode train | loss 2.0802 | accuracy 11.25 | mean_length 64
09-09-21 13:48:52 - epoch 1 | global step 5750 | mode train | loss 2.0797 | accuracy 12.8125 | mean_length 64
09-09-21 13:50:41 - epoch 1 | global step 5760 | mode train | loss 2.0795 | accuracy 12.1875 | mean_length 64
09-09-21 13:52:29 - epoch 1 | global step 5770 | mode train | loss 2.0792 | accuracy 15.3125 | mean_length 64
09-09-21 13:54:18 - epoch 1 | global step 5780 | mode train | loss 2.0791 | accuracy 14.375 | mean_length 64
09-09-21 13:56:07 - epoch 1 | global step 5790 | mode train | loss 2.0791 | accuracy 15.625 | mean_length 64
09-09-21 13:57:55 - epoch 1 | global step 5800 | mode train | loss 2.0773 | accuracy 14.375 | mean_length 64
09-09-21 13:59:44 - epoch 1 | global step 5810 | mode train | loss 2.079 | accuracy 13.4375 | mean_length 64
09-09-21 14:01:34 - epoch 1 | global step 5820 | mode train | loss 2.0799 | accuracy 11.5625 | mean_length 64
09-09-21 14:03:24 - epoch 1 | global step 5830 | mode train | loss 2.0802 | accuracy 11.25 | mean_length 64
09-09-21 14:05:12 - epoch 1 | global step 5840 | mode train | loss 2.0797 | accuracy 11.875 | mean_length 64
09-09-21 14:07:01 - epoch 1 | global step 5850 | mode train | loss 2.0798 | accuracy 10.625 | mean_length 64
09-09-21 14:08:51 - epoch 1 | global step 5860 | mode train | loss 2.0793 | accuracy 13.75 | mean_length 64
09-09-21 14:10:39 - epoch 1 | global step 5870 | mode train | loss 2.0785 | accuracy 13.4375 | mean_length 64
09-09-21 14:12:27 - epoch 1 | global step 5880 | mode train | loss 2.0795 | accuracy 12.5 | mean_length 64
09-09-21 14:14:16 - epoch 1 | global step 5890 | mode train | loss 2.0798 | accuracy 11.25 | mean_length 64
09-09-21 14:16:04 - epoch 1 | global step 5900 | mode train | loss 2.0806 | accuracy 10.0 | mean_length 64
09-09-21 14:17:52 - epoch 1 | global step 5910 | mode train | loss 2.0795 | accuracy 14.6875 | mean_length 64
09-09-21 14:19:41 - epoch 1 | global step 5920 | mode train | loss 2.0807 | accuracy 10.9375 | mean_length 64
09-09-21 14:21:31 - epoch 1 | global step 5930 | mode train | loss 2.08 | accuracy 12.8125 | mean_length 64
09-09-21 14:23:21 - epoch 1 | global step 5940 | mode train | loss 2.0788 | accuracy 14.0625 | mean_length 64
09-09-21 14:25:11 - epoch 1 | global step 5950 | mode train | loss 2.0793 | accuracy 12.5 | mean_length 64
09-09-21 14:27:01 - epoch 1 | global step 5960 | mode train | loss 2.0795 | accuracy 13.125 | mean_length 64
09-09-21 14:28:48 - epoch 1 | global step 5970 | mode train | loss 2.0789 | accuracy 12.5 | mean_length 64
09-09-21 14:30:35 - epoch 1 | global step 5980 | mode train | loss 2.0791 | accuracy 13.75 | mean_length 64
09-09-21 14:32:22 - epoch 1 | global step 5990 | mode train | loss 2.0787 | accuracy 15.0 | mean_length 64
09-09-21 14:34:10 - epoch 1 | global step 6000 | mode train | loss 2.0795 | accuracy 15.9375 | mean_length 64
09-09-21 14:35:57 - epoch 1 | global step 6010 | mode train | loss 2.0801 | accuracy 12.1875 | mean_length 64
09-09-21 14:37:44 - epoch 1 | global step 6020 | mode train | loss 2.0795 | accuracy 11.5625 | mean_length 64
09-09-21 14:39:31 - epoch 1 | global step 6030 | mode train | loss 2.0789 | accuracy 13.75 | mean_length 64
09-09-21 14:41:19 - epoch 1 | global step 6040 | mode train | loss 2.0789 | accuracy 11.25 | mean_length 64
09-09-21 14:43:16 - epoch 1 | global step 6050 | mode train | loss 2.0789 | accuracy 13.125 | mean_length 64
09-09-21 14:45:04 - epoch 1 | global step 6060 | mode train | loss 2.0788 | accuracy 11.5625 | mean_length 64
09-09-21 14:46:51 - epoch 1 | global step 6070 | mode train | loss 2.0805 | accuracy 8.75 | mean_length 64
09-09-21 14:48:38 - epoch 1 | global step 6080 | mode train | loss 2.0803 | accuracy 11.875 | mean_length 64
09-09-21 14:50:26 - epoch 1 | global step 6090 | mode train | loss 2.0798 | accuracy 14.375 | mean_length 64
09-09-21 14:52:13 - epoch 1 | global step 6100 | mode train | loss 2.0791 | accuracy 11.5625 | mean_length 64
09-09-21 14:54:00 - epoch 1 | global step 6110 | mode train | loss 2.0811 | accuracy 10.3125 | mean_length 64
09-09-21 14:55:48 - epoch 1 | global step 6120 | mode train | loss 2.0792 | accuracy 11.5625 | mean_length 64
09-09-21 14:57:35 - epoch 1 | global step 6130 | mode train | loss 2.0791 | accuracy 14.375 | mean_length 64
09-09-21 14:59:22 - epoch 1 | global step 6140 | mode train | loss 2.0796 | accuracy 11.25 | mean_length 64
09-09-21 15:09:42 - epoch 1 | global step 6144 | mode validation | loss 2.0795 | accuracy 12.5 | mean_length 64
09-09-21 15:10:46 - epoch 1 | global step 6150 | mode train | loss 2.0791 | accuracy 10.0 | mean_length 64
09-09-21 15:12:34 - epoch 1 | global step 6160 | mode train | loss 2.0787 | accuracy 12.5 | mean_length 64
09-09-21 15:14:21 - epoch 1 | global step 6170 | mode train | loss 2.0804 | accuracy 11.25 | mean_length 64
09-09-21 15:16:09 - epoch 1 | global step 6180 | mode train | loss 2.0795 | accuracy 12.1875 | mean_length 64
09-09-21 15:17:56 - epoch 1 | global step 6190 | mode train | loss 2.0812 | accuracy 10.0 | mean_length 64
09-09-21 15:19:43 - epoch 1 | global step 6200 | mode train | loss 2.0795 | accuracy 12.1875 | mean_length 64
09-09-21 15:21:34 - epoch 1 | global step 6210 | mode train | loss 2.0785 | accuracy 16.25 | mean_length 64
09-09-21 15:23:21 - epoch 1 | global step 6220 | mode train | loss 2.0802 | accuracy 12.8125 | mean_length 64
09-09-21 15:25:09 - epoch 1 | global step 6230 | mode train | loss 2.0795 | accuracy 12.1875 | mean_length 64
09-09-21 15:26:56 - epoch 1 | global step 6240 | mode train | loss 2.0785 | accuracy 13.75 | mean_length 64
09-09-21 15:28:43 - epoch 1 | global step 6250 | mode train | loss 2.0788 | accuracy 11.875 | mean_length 64
09-09-21 15:30:30 - epoch 1 | global step 6260 | mode train | loss 2.0804 | accuracy 11.875 | mean_length 64
09-09-21 15:32:18 - epoch 1 | global step 6270 | mode train | loss 2.0793 | accuracy 15.625 | mean_length 64
09-09-21 15:34:05 - epoch 1 | global step 6280 | mode train | loss 2.0795 | accuracy 13.75 | mean_length 64
09-09-21 15:35:52 - epoch 1 | global step 6290 | mode train | loss 2.0787 | accuracy 17.8125 | mean_length 64
09-09-21 15:37:40 - epoch 1 | global step 6300 | mode train | loss 2.0793 | accuracy 10.3125 | mean_length 64
09-09-21 15:39:27 - epoch 1 | global step 6310 | mode train | loss 2.0812 | accuracy 8.75 | mean_length 64
09-09-21 15:41:14 - epoch 1 | global step 6320 | mode train | loss 2.0795 | accuracy 13.125 | mean_length 64
09-09-21 15:43:08 - epoch 1 | global step 6330 | mode train | loss 2.079 | accuracy 11.875 | mean_length 64
09-09-21 15:44:56 - epoch 1 | global step 6340 | mode train | loss 2.0803 | accuracy 9.375 | mean_length 64
09-09-21 15:46:43 - epoch 1 | global step 6350 | mode train | loss 2.0797 | accuracy 13.4375 | mean_length 64
09-09-21 15:48:31 - epoch 1 | global step 6360 | mode train | loss 2.0796 | accuracy 13.4375 | mean_length 64
09-09-21 15:50:18 - epoch 1 | global step 6370 | mode train | loss 2.081 | accuracy 10.9375 | mean_length 64
09-09-21 15:52:05 - epoch 1 | global step 6380 | mode train | loss 2.0789 | accuracy 15.3125 | mean_length 64
09-09-21 15:53:53 - epoch 1 | global step 6390 | mode train | loss 2.0797 | accuracy 14.0625 | mean_length 64
09-09-21 15:55:40 - epoch 1 | global step 6400 | mode train | loss 2.0794 | accuracy 11.25 | mean_length 64
09-09-21 15:57:27 - epoch 1 | global step 6410 | mode train | loss 2.0791 | accuracy 13.75 | mean_length 64
09-09-21 15:59:15 - epoch 1 | global step 6420 | mode train | loss 2.0797 | accuracy 10.9375 | mean_length 64
09-09-21 16:01:02 - epoch 1 | global step 6430 | mode train | loss 2.0799 | accuracy 12.5 | mean_length 64
09-09-21 16:02:49 - epoch 1 | global step 6440 | mode train | loss 2.0796 | accuracy 12.8125 | mean_length 64
09-09-21 16:04:37 - epoch 1 | global step 6450 | mode train | loss 2.0799 | accuracy 9.0625 | mean_length 64
09-09-21 16:06:24 - epoch 2 | global step 6460 | mode train | loss 2.0798 | accuracy 10.625 | mean_length 64
09-09-21 16:08:11 - epoch 2 | global step 6470 | mode train | loss 2.0801 | accuracy 10.9375 | mean_length 64
09-09-21 16:09:59 - epoch 2 | global step 6480 | mode train | loss 2.0794 | accuracy 12.1875 | mean_length 64
09-09-21 16:11:46 - epoch 2 | global step 6490 | mode train | loss 2.0788 | accuracy 13.125 | mean_length 64
09-09-21 16:13:33 - epoch 2 | global step 6500 | mode train | loss 2.0792 | accuracy 10.9375 | mean_length 64
09-09-21 16:15:21 - epoch 2 | global step 6510 | mode train | loss 2.0782 | accuracy 14.0625 | mean_length 64
09-09-21 16:17:09 - epoch 2 | global step 6520 | mode train | loss 2.078 | accuracy 15.9375 | mean_length 64
09-09-21 16:18:59 - epoch 2 | global step 6530 | mode train | loss 2.0793 | accuracy 9.6875 | mean_length 64
09-09-21 16:20:49 - epoch 2 | global step 6540 | mode train | loss 2.079 | accuracy 14.6875 | mean_length 64
09-09-21 16:22:39 - epoch 2 | global step 6550 | mode train | loss 2.0804 | accuracy 11.875 | mean_length 64
09-09-21 16:24:28 - epoch 2 | global step 6560 | mode train | loss 2.0791 | accuracy 12.8125 | mean_length 64
09-09-21 16:26:18 - epoch 2 | global step 6570 | mode train | loss 2.0799 | accuracy 12.5 | mean_length 64
09-09-21 16:28:09 - epoch 2 | global step 6580 | mode train | loss 2.0787 | accuracy 13.125 | mean_length 64
09-09-21 16:29:58 - epoch 2 | global step 6590 | mode train | loss 2.0797 | accuracy 12.8125 | mean_length 64
09-09-21 16:31:47 - epoch 2 | global step 6600 | mode train | loss 2.0794 | accuracy 10.3125 | mean_length 64
09-09-21 16:33:35 - epoch 2 | global step 6610 | mode train | loss 2.0802 | accuracy 12.1875 | mean_length 64
09-09-21 16:35:24 - epoch 2 | global step 6620 | mode train | loss 2.0801 | accuracy 10.0 | mean_length 64
09-09-21 16:37:24 - epoch 2 | global step 6630 | mode train | loss 2.079 | accuracy 13.125 | mean_length 64
09-09-21 16:39:18 - epoch 2 | global step 6640 | mode train | loss 2.0804 | accuracy 10.3125 | mean_length 64
09-09-21 16:41:09 - epoch 2 | global step 6650 | mode train | loss 2.0808 | accuracy 10.3125 | mean_length 64
09-09-21 16:52:07 - epoch 2 | global step 6656 | mode validation | loss 2.0796 | accuracy 12.26 | mean_length 64
09-09-21 16:52:50 - epoch 2 | global step 6660 | mode train | loss 2.0788 | accuracy 13.75 | mean_length 64
09-09-21 16:54:37 - epoch 2 | global step 6670 | mode train | loss 2.0802 | accuracy 12.5 | mean_length 64
09-09-21 16:56:30 - epoch 2 | global step 6680 | mode train | loss 2.0791 | accuracy 12.5 | mean_length 64
09-09-21 16:58:17 - epoch 2 | global step 6690 | mode train | loss 2.0798 | accuracy 10.0 | mean_length 64
09-09-21 17:00:07 - epoch 2 | global step 6700 | mode train | loss 2.0803 | accuracy 13.4375 | mean_length 64
09-09-21 17:01:58 - epoch 2 | global step 6710 | mode train | loss 2.0797 | accuracy 11.25 | mean_length 64
09-09-21 17:03:49 - epoch 2 | global step 6720 | mode train | loss 2.0794 | accuracy 12.8125 | mean_length 64
09-09-21 17:05:37 - epoch 2 | global step 6730 | mode train | loss 2.0799 | accuracy 13.125 | mean_length 64
09-09-21 17:07:26 - epoch 2 | global step 6740 | mode train | loss 2.0807 | accuracy 12.1875 | mean_length 64
09-09-21 17:09:14 - epoch 2 | global step 6750 | mode train | loss 2.0789 | accuracy 11.5625 | mean_length 64
09-09-21 17:11:03 - epoch 2 | global step 6760 | mode train | loss 2.0785 | accuracy 13.75 | mean_length 64
09-09-21 17:12:51 - epoch 2 | global step 6770 | mode train | loss 2.0793 | accuracy 11.5625 | mean_length 64
09-09-21 17:14:40 - epoch 2 | global step 6780 | mode train | loss 2.0794 | accuracy 11.5625 | mean_length 64
09-09-21 17:16:34 - epoch 2 | global step 6790 | mode train | loss 2.0788 | accuracy 13.75 | mean_length 64
09-09-21 17:18:24 - epoch 2 | global step 6800 | mode train | loss 2.0797 | accuracy 12.8125 | mean_length 64
09-09-21 17:20:22 - epoch 2 | global step 6810 | mode train | loss 2.0792 | accuracy 14.0625 | mean_length 64
09-09-21 17:22:10 - epoch 2 | global step 6820 | mode train | loss 2.0794 | accuracy 8.4375 | mean_length 64
09-09-21 17:23:59 - epoch 2 | global step 6830 | mode train | loss 2.0782 | accuracy 16.25 | mean_length 64
09-09-21 17:25:49 - epoch 2 | global step 6840 | mode train | loss 2.0792 | accuracy 15.3125 | mean_length 64
09-09-21 17:27:48 - epoch 2 | global step 6850 | mode train | loss 2.0799 | accuracy 13.125 | mean_length 64
09-09-21 17:29:46 - epoch 2 | global step 6860 | mode train | loss 2.0791 | accuracy 13.4375 | mean_length 64
09-09-21 17:31:34 - epoch 2 | global step 6870 | mode train | loss 2.0797 | accuracy 13.75 | mean_length 64
09-09-21 17:33:32 - epoch 2 | global step 6880 | mode train | loss 2.0797 | accuracy 12.5 | mean_length 64
09-09-21 17:35:29 - epoch 2 | global step 6890 | mode train | loss 2.0789 | accuracy 13.75 | mean_length 64
09-09-21 17:37:17 - epoch 2 | global step 6900 | mode train | loss 2.0797 | accuracy 13.125 | mean_length 64
09-09-21 17:39:14 - epoch 2 | global step 6910 | mode train | loss 2.0797 | accuracy 14.0625 | mean_length 64
09-09-21 17:41:11 - epoch 2 | global step 6920 | mode train | loss 2.0795 | accuracy 11.875 | mean_length 64
09-09-21 17:42:59 - epoch 2 | global step 6930 | mode train | loss 2.0784 | accuracy 13.75 | mean_length 64
09-09-21 17:44:56 - epoch 2 | global step 6940 | mode train | loss 2.0795 | accuracy 13.125 | mean_length 64
09-09-21 17:46:53 - epoch 2 | global step 6950 | mode train | loss 2.0797 | accuracy 11.25 | mean_length 64
09-09-21 17:48:49 - epoch 2 | global step 6960 | mode train | loss 2.0792 | accuracy 16.25 | mean_length 64
09-09-21 17:50:37 - epoch 2 | global step 6970 | mode train | loss 2.078 | accuracy 13.4375 | mean_length 64
09-09-21 17:52:34 - epoch 2 | global step 6980 | mode train | loss 2.0793 | accuracy 14.0625 | mean_length 64
09-09-21 17:54:31 - epoch 2 | global step 6990 | mode train | loss 2.0802 | accuracy 11.25 | mean_length 64
09-09-21 17:56:19 - epoch 2 | global step 7000 | mode train | loss 2.0792 | accuracy 12.8125 | mean_length 64
09-09-21 17:58:11 - epoch 2 | global step 7010 | mode train | loss 2.0795 | accuracy 10.625 | mean_length 64
09-09-21 17:59:59 - epoch 2 | global step 7020 | mode train | loss 2.08 | accuracy 8.75 | mean_length 64
09-09-21 18:01:47 - epoch 2 | global step 7030 | mode train | loss 2.079 | accuracy 12.5 | mean_length 64
09-09-21 18:03:44 - epoch 2 | global step 7040 | mode train | loss 2.0791 | accuracy 10.3125 | mean_length 64
09-09-21 18:05:35 - epoch 2 | global step 7050 | mode train | loss 2.0802 | accuracy 10.9375 | mean_length 64
09-09-21 18:07:32 - epoch 2 | global step 7060 | mode train | loss 2.0794 | accuracy 12.1875 | mean_length 64
09-09-21 18:09:29 - epoch 2 | global step 7070 | mode train | loss 2.0789 | accuracy 12.5 | mean_length 64
09-09-21 18:11:17 - epoch 2 | global step 7080 | mode train | loss 2.0791 | accuracy 13.4375 | mean_length 64
09-09-21 18:13:14 - epoch 2 | global step 7090 | mode train | loss 2.079 | accuracy 15.625 | mean_length 64
09-09-21 18:15:10 - epoch 2 | global step 7100 | mode train | loss 2.08 | accuracy 12.1875 | mean_length 64
09-09-21 18:17:07 - epoch 2 | global step 7110 | mode train | loss 2.0797 | accuracy 12.5 | mean_length 64
09-09-21 18:19:04 - epoch 2 | global step 7120 | mode train | loss 2.0797 | accuracy 13.4375 | mean_length 64
09-09-21 18:21:01 - epoch 2 | global step 7130 | mode train | loss 2.0795 | accuracy 12.8125 | mean_length 64
09-09-21 18:22:57 - epoch 2 | global step 7140 | mode train | loss 2.0793 | accuracy 12.8125 | mean_length 64
09-09-21 18:24:54 - epoch 2 | global step 7150 | mode train | loss 2.0791 | accuracy 14.6875 | mean_length 64
09-09-21 18:26:51 - epoch 2 | global step 7160 | mode train | loss 2.0799 | accuracy 11.875 | mean_length 64
09-09-21 18:38:04 - epoch 2 | global step 7168 | mode validation | loss 2.0793 | accuracy 12.16 | mean_length 64
09-09-21 18:38:26 - epoch 2 | global step 7170 | mode train | loss 2.079 | accuracy 10.9375 | mean_length 64
09-09-21 18:40:17 - epoch 2 | global step 7180 | mode train | loss 2.0789 | accuracy 11.25 | mean_length 64
09-09-21 18:42:06 - epoch 2 | global step 7190 | mode train | loss 2.0793 | accuracy 10.625 | mean_length 64
09-09-21 18:43:55 - epoch 2 | global step 7200 | mode train | loss 2.0802 | accuracy 10.625 | mean_length 64
09-09-21 18:45:44 - epoch 2 | global step 7210 | mode train | loss 2.0799 | accuracy 10.3125 | mean_length 64
09-09-21 18:47:34 - epoch 2 | global step 7220 | mode train | loss 2.0792 | accuracy 9.6875 | mean_length 64
09-09-21 18:49:24 - epoch 2 | global step 7230 | mode train | loss 2.0792 | accuracy 13.75 | mean_length 64
09-09-21 18:51:13 - epoch 2 | global step 7240 | mode train | loss 2.0794 | accuracy 14.6875 | mean_length 64
09-09-21 18:53:04 - epoch 2 | global step 7250 | mode train | loss 2.0795 | accuracy 10.625 | mean_length 64
09-09-21 18:54:54 - epoch 2 | global step 7260 | mode train | loss 2.0793 | accuracy 8.75 | mean_length 64
09-09-21 18:56:45 - epoch 2 | global step 7270 | mode train | loss 2.0781 | accuracy 15.625 | mean_length 64
09-09-21 18:58:37 - epoch 2 | global step 7280 | mode train | loss 2.0786 | accuracy 15.0 | mean_length 64
09-09-21 19:00:27 - epoch 2 | global step 7290 | mode train | loss 2.078 | accuracy 14.6875 | mean_length 64
09-09-21 19:02:23 - epoch 2 | global step 7300 | mode train | loss 2.0778 | accuracy 15.9375 | mean_length 64
09-09-21 19:04:13 - epoch 2 | global step 7310 | mode train | loss 2.0796 | accuracy 14.375 | mean_length 64
09-09-21 19:06:01 - epoch 2 | global step 7320 | mode train | loss 2.0793 | accuracy 10.3125 | mean_length 64
09-09-21 19:07:50 - epoch 2 | global step 7330 | mode train | loss 2.0802 | accuracy 12.1875 | mean_length 64
09-09-21 19:09:45 - epoch 2 | global step 7340 | mode train | loss 2.0766 | accuracy 15.0 | mean_length 64
09-09-21 19:11:36 - epoch 2 | global step 7350 | mode train | loss 2.0805 | accuracy 11.875 | mean_length 64
09-09-21 19:13:25 - epoch 2 | global step 7360 | mode train | loss 2.0789 | accuracy 13.125 | mean_length 64
09-09-21 19:15:13 - epoch 2 | global step 7370 | mode train | loss 2.0789 | accuracy 11.875 | mean_length 64
09-09-21 19:17:03 - epoch 2 | global step 7380 | mode train | loss 2.0777 | accuracy 13.4375 | mean_length 64
09-09-21 19:18:54 - epoch 2 | global step 7390 | mode train | loss 2.0793 | accuracy 12.5 | mean_length 64
09-09-21 19:20:42 - epoch 2 | global step 7400 | mode train | loss 2.0808 | accuracy 10.0 | mean_length 64
09-09-21 19:22:42 - epoch 2 | global step 7410 | mode train | loss 2.0791 | accuracy 12.8125 | mean_length 64
09-09-21 19:24:30 - epoch 2 | global step 7420 | mode train | loss 2.0802 | accuracy 10.625 | mean_length 64
09-09-21 19:26:18 - epoch 2 | global step 7430 | mode train | loss 2.0801 | accuracy 12.1875 | mean_length 64
09-09-21 19:28:06 - epoch 2 | global step 7440 | mode train | loss 2.0791 | accuracy 10.3125 | mean_length 64
09-09-21 19:29:54 - epoch 2 | global step 7450 | mode train | loss 2.0791 | accuracy 13.125 | mean_length 64
09-09-21 19:31:43 - epoch 2 | global step 7460 | mode train | loss 2.0792 | accuracy 15.0 | mean_length 64
09-09-21 19:33:39 - epoch 2 | global step 7470 | mode train | loss 2.0779 | accuracy 10.0 | mean_length 64
09-09-21 19:35:27 - epoch 2 | global step 7480 | mode train | loss 2.0802 | accuracy 10.0 | mean_length 64
09-09-21 19:37:15 - epoch 2 | global step 7490 | mode train | loss 2.0768 | accuracy 14.375 | mean_length 64
09-09-21 19:39:04 - epoch 2 | global step 7500 | mode train | loss 2.0795 | accuracy 8.75 | mean_length 64
09-09-21 19:40:52 - epoch 2 | global step 7510 | mode train | loss 2.0747 | accuracy 11.875 | mean_length 64
09-09-21 19:42:40 - epoch 2 | global step 7520 | mode train | loss 2.0791 | accuracy 12.8125 | mean_length 64
09-09-21 19:44:29 - epoch 2 | global step 7530 | mode train | loss 2.0813 | accuracy 11.875 | mean_length 64
09-09-21 19:46:17 - epoch 2 | global step 7540 | mode train | loss 2.0845 | accuracy 13.4375 | mean_length 64
09-09-21 19:48:06 - epoch 2 | global step 7550 | mode train | loss 2.0827 | accuracy 10.0 | mean_length 64
09-09-21 19:49:57 - epoch 2 | global step 7560 | mode train | loss 2.0803 | accuracy 11.875 | mean_length 64
09-09-21 19:51:48 - epoch 2 | global step 7570 | mode train | loss 2.0815 | accuracy 10.0 | mean_length 64
09-09-21 19:53:38 - epoch 2 | global step 7580 | mode train | loss 2.0803 | accuracy 10.625 | mean_length 64
09-09-21 19:55:28 - epoch 2 | global step 7590 | mode train | loss 2.0757 | accuracy 14.0625 | mean_length 64
09-09-21 19:57:17 - epoch 2 | global step 7600 | mode train | loss 2.0821 | accuracy 12.8125 | mean_length 64
09-09-21 19:59:07 - epoch 2 | global step 7610 | mode train | loss 2.0775 | accuracy 12.8125 | mean_length 64
09-09-21 20:00:58 - epoch 2 | global step 7620 | mode train | loss 2.0788 | accuracy 14.6875 | mean_length 64
09-09-21 20:02:47 - epoch 2 | global step 7630 | mode train | loss 2.0795 | accuracy 13.125 | mean_length 64
09-09-21 20:04:35 - epoch 2 | global step 7640 | mode train | loss 2.079 | accuracy 12.5 | mean_length 64
09-09-21 20:06:26 - epoch 2 | global step 7650 | mode train | loss 2.0787 | accuracy 14.375 | mean_length 64
09-09-21 20:08:16 - epoch 2 | global step 7660 | mode train | loss 2.0782 | accuracy 14.0625 | mean_length 64
09-09-21 20:10:04 - epoch 2 | global step 7670 | mode train | loss 2.0795 | accuracy 15.9375 | mean_length 64
09-09-21 20:11:52 - epoch 2 | global step 7680 | mode train | loss 2.079 | accuracy 14.375 | mean_length 64
09-09-21 20:21:31 - epoch 2 | global step 7680 | mode validation | loss 2.0795 | accuracy 12.98 | mean_length 64
09-09-21 20:23:20 - epoch 2 | global step 7690 | mode train | loss 2.0792 | accuracy 14.375 | mean_length 64
09-09-21 20:25:07 - epoch 2 | global step 7700 | mode train | loss 2.0803 | accuracy 9.375 | mean_length 64
09-09-21 20:26:58 - epoch 2 | global step 7710 | mode train | loss 2.0798 | accuracy 12.8125 | mean_length 64
09-09-21 20:28:46 - epoch 2 | global step 7720 | mode train | loss 2.0795 | accuracy 12.1875 | mean_length 64
09-09-21 20:30:33 - epoch 2 | global step 7730 | mode train | loss 2.0793 | accuracy 13.75 | mean_length 64
09-09-21 20:32:21 - epoch 2 | global step 7740 | mode train | loss 2.0789 | accuracy 11.875 | mean_length 64
09-09-21 20:34:08 - epoch 2 | global step 7750 | mode train | loss 2.0793 | accuracy 15.3125 | mean_length 64
09-09-21 20:35:55 - epoch 2 | global step 7760 | mode train | loss 2.0793 | accuracy 15.0 | mean_length 64
09-09-21 20:37:43 - epoch 2 | global step 7770 | mode train | loss 2.0803 | accuracy 11.875 | mean_length 64
09-09-21 20:39:41 - epoch 2 | global step 7780 | mode train | loss 2.0803 | accuracy 11.5625 | mean_length 64
09-09-21 20:41:28 - epoch 2 | global step 7790 | mode train | loss 2.0794 | accuracy 14.0625 | mean_length 64
09-09-21 20:43:15 - epoch 2 | global step 7800 | mode train | loss 2.0803 | accuracy 12.8125 | mean_length 64
09-09-21 20:45:09 - epoch 2 | global step 7810 | mode train | loss 2.0798 | accuracy 9.375 | mean_length 64
09-09-21 20:46:56 - epoch 2 | global step 7820 | mode train | loss 2.0791 | accuracy 14.375 | mean_length 64
09-09-21 20:48:43 - epoch 2 | global step 7830 | mode train | loss 2.0789 | accuracy 16.25 | mean_length 64
09-09-21 20:50:37 - epoch 2 | global step 7840 | mode train | loss 2.0792 | accuracy 12.1875 | mean_length 64
09-09-21 20:52:25 - epoch 2 | global step 7850 | mode train | loss 2.0793 | accuracy 14.0625 | mean_length 64
09-09-21 20:54:12 - epoch 2 | global step 7860 | mode train | loss 2.0791 | accuracy 13.125 | mean_length 64
09-09-21 20:55:59 - epoch 2 | global step 7870 | mode train | loss 2.0801 | accuracy 11.5625 | mean_length 64
09-09-21 20:57:47 - epoch 2 | global step 7880 | mode train | loss 2.0791 | accuracy 11.875 | mean_length 64
09-09-21 20:59:34 - epoch 2 | global step 7890 | mode train | loss 2.0792 | accuracy 10.9375 | mean_length 64
09-09-21 21:01:21 - epoch 2 | global step 7900 | mode train | loss 2.0794 | accuracy 11.875 | mean_length 64
09-09-21 21:03:10 - epoch 2 | global step 7910 | mode train | loss 2.0796 | accuracy 10.9375 | mean_length 64
09-09-21 21:04:59 - epoch 2 | global step 7920 | mode train | loss 2.0798 | accuracy 10.9375 | mean_length 64
09-09-21 21:06:49 - epoch 2 | global step 7930 | mode train | loss 2.0798 | accuracy 11.875 | mean_length 64
09-09-21 21:08:40 - epoch 2 | global step 7940 | mode train | loss 2.0795 | accuracy 10.625 | mean_length 64
09-09-21 21:10:31 - epoch 2 | global step 7950 | mode train | loss 2.0803 | accuracy 11.875 | mean_length 64
09-09-21 21:12:22 - epoch 2 | global step 7960 | mode train | loss 2.0799 | accuracy 14.6875 | mean_length 64
09-09-21 21:14:13 - epoch 2 | global step 7970 | mode train | loss 2.0789 | accuracy 15.3125 | mean_length 64
09-09-21 21:16:01 - epoch 2 | global step 7980 | mode train | loss 2.0791 | accuracy 12.8125 | mean_length 64
09-09-21 21:17:50 - epoch 2 | global step 7990 | mode train | loss 2.0799 | accuracy 12.5 | mean_length 64
09-09-21 21:19:38 - epoch 2 | global step 8000 | mode train | loss 2.0798 | accuracy 9.6875 | mean_length 64
09-09-21 21:21:27 - epoch 2 | global step 8010 | mode train | loss 2.0801 | accuracy 12.1875 | mean_length 64
09-09-21 21:23:16 - epoch 2 | global step 8020 | mode train | loss 2.0799 | accuracy 13.75 | mean_length 64
09-09-21 21:25:11 - epoch 2 | global step 8030 | mode train | loss 2.0794 | accuracy 14.0625 | mean_length 64
09-09-21 21:27:01 - epoch 2 | global step 8040 | mode train | loss 2.0791 | accuracy 10.3125 | mean_length 64
09-09-21 21:28:49 - epoch 2 | global step 8050 | mode train | loss 2.0799 | accuracy 13.4375 | mean_length 64
09-09-21 21:30:39 - epoch 2 | global step 8060 | mode train | loss 2.0798 | accuracy 12.1875 | mean_length 64
09-09-21 21:32:30 - epoch 2 | global step 8070 | mode train | loss 2.0794 | accuracy 13.75 | mean_length 64
09-09-21 21:34:21 - epoch 2 | global step 8080 | mode train | loss 2.08 | accuracy 11.25 | mean_length 64
09-09-21 21:36:11 - epoch 2 | global step 8090 | mode train | loss 2.0798 | accuracy 11.25 | mean_length 64
09-09-21 21:38:01 - epoch 2 | global step 8100 | mode train | loss 2.0795 | accuracy 10.9375 | mean_length 64
09-09-21 21:39:50 - epoch 2 | global step 8110 | mode train | loss 2.0801 | accuracy 11.25 | mean_length 64
09-09-21 21:41:40 - epoch 2 | global step 8120 | mode train | loss 2.0799 | accuracy 12.1875 | mean_length 64
09-09-21 21:43:29 - epoch 2 | global step 8130 | mode train | loss 2.0792 | accuracy 14.375 | mean_length 64
09-09-21 21:45:18 - epoch 2 | global step 8140 | mode train | loss 2.0804 | accuracy 10.625 | mean_length 64
09-09-21 21:47:08 - epoch 2 | global step 8150 | mode train | loss 2.0793 | accuracy 12.8125 | mean_length 64
09-09-21 21:49:03 - epoch 2 | global step 8160 | mode train | loss 2.0793 | accuracy 14.6875 | mean_length 64
09-09-21 21:50:53 - epoch 2 | global step 8170 | mode train | loss 2.0795 | accuracy 13.75 | mean_length 64
09-09-21 21:52:42 - epoch 2 | global step 8180 | mode train | loss 2.0796 | accuracy 14.0625 | mean_length 64
09-09-21 21:54:32 - epoch 2 | global step 8190 | mode train | loss 2.0804 | accuracy 10.625 | mean_length 64
09-09-21 21:54:55 - Evaluate the following checkpoint: Output/accGrad4_mbart_noBT_lr1.25e-5_7distractors_maxstep8192_seed42/model.pt
09-09-21 22:06:37 - Best model stats: 
09-09-21 22:06:37 - epoch 0 | global step 0 | mode validation | loss 2.079 | accuracy 12.54 | mean_length 64
