==========================================
SLURM_JOB_ID = 5808293
SLURM_JOB_NODELIST = d13-07
TMPDIR = /tmp/SLURM_5808293
==========================================
/home1/zliu9986/communication-translation
09-08-21 17:44:42 - Dataset Loaded
09-08-21 17:44:42 - Configuration:
Namespace(TransferH=False, alpha=1.0, batch_size=8, beam_width=5, bidirectional=False, config='Configs/mbart_ec_noBT.yml', cpu=False, decode_how='beam', device=device(type='cuda'), do_eval=True, do_train=True, dropout=0.1, fix_bhd=False, fix_spk=False, grad_clip=1.0, gradient_accumulation_steps=4, hard=False, has_vocab_constraint=False, hidden_dim=512, image_dim=2048, lr=1.75e-05, max_global_step=8192, max_seq_length=64, mode='emergent_communication', model_name='Models/mbart-large-cc25', n_gpu=1, no_share_bhd=False, no_terminal=False, no_write=False, num_distractors_train=7, num_distractors_valid=7, num_games=30, num_layers=1, output_dir='Output/accGrad4_mbart_noBT_lr1.75e-5_7distractors_maxstep8192_seed42', print_every=10, save_output_txt=True, save_pretrain_seperately=True, seed=42, source_lang='en_XX', source_lang_vocab_constrain_file='/projects/unmt/communication-translation/en_cc_tokenID2count_dict.cc25.json', stats_to_print=['loss', 'accuracy', 'caption generation loss', 'image selection loss', 'mean_length'], target_acc=85.0, target_lang='zh_CN', target_lang_vocab_constrain_file='/projects/unmt/communication-translation/zh-Hans_cc_tokenID2count_dict.cc25.json', temp=1.0, temperature=1.0, train_images='./Data/ec_finetuning/images_train', two_ffwd=False, unit_norm=False, valid_every=512, valid_images='./Data/ec_finetuning/images_val', vocab_size=4035)
Sharing visual system for each agent.
09-08-21 17:54:46 - epoch 0 | global step 0 | mode validation | loss 3.3249 | accuracy 12.64 | mean_length 63.292
09-08-21 17:54:46 - Saving model to Output/accGrad4_mbart_noBT_lr1.75e-5_7distractors_maxstep8192_seed42
Epoch: 0, Prediction Accuracy: 12.64, Saved to Path: Output/accGrad4_mbart_noBT_lr1.75e-5_7distractors_maxstep8192_seed42
09-08-21 17:56:44 - epoch 0 | global step 10 | mode train | loss 2.4934 | accuracy 12.1875 | mean_length 54.05
09-08-21 17:58:32 - epoch 0 | global step 20 | mode train | loss 2.1056 | accuracy 12.5 | mean_length 61.075
09-08-21 18:00:19 - epoch 0 | global step 30 | mode train | loss 2.1024 | accuracy 12.8125 | mean_length 63.6531
09-08-21 18:02:07 - epoch 0 | global step 40 | mode train | loss 2.082 | accuracy 16.25 | mean_length 63.9031
09-08-21 18:03:55 - epoch 0 | global step 50 | mode train | loss 2.0776 | accuracy 10.0 | mean_length 63.8094
09-08-21 18:05:43 - epoch 0 | global step 60 | mode train | loss 2.074 | accuracy 13.75 | mean_length 63.9094
09-08-21 18:07:31 - epoch 0 | global step 70 | mode train | loss 2.2884 | accuracy 13.4375 | mean_length 63.8531
09-08-21 18:09:19 - epoch 0 | global step 80 | mode train | loss 2.3935 | accuracy 15.3125 | mean_length 63.8094
09-08-21 18:11:07 - epoch 0 | global step 90 | mode train | loss 2.1893 | accuracy 11.5625 | mean_length 63.9281
09-08-21 18:12:55 - epoch 0 | global step 100 | mode train | loss 2.0954 | accuracy 10.3125 | mean_length 63.7719
09-08-21 18:14:42 - epoch 0 | global step 110 | mode train | loss 2.0906 | accuracy 14.6875 | mean_length 64
09-08-21 18:16:30 - epoch 0 | global step 120 | mode train | loss 2.0886 | accuracy 12.5 | mean_length 63.9438
09-08-21 18:18:18 - epoch 0 | global step 130 | mode train | loss 2.0826 | accuracy 15.0 | mean_length 63.8687
09-08-21 18:20:06 - epoch 0 | global step 140 | mode train | loss 2.0917 | accuracy 10.625 | mean_length 63.8687
09-08-21 18:21:53 - epoch 0 | global step 150 | mode train | loss 2.0871 | accuracy 14.375 | mean_length 63.6562
09-08-21 18:23:41 - epoch 0 | global step 160 | mode train | loss 2.0874 | accuracy 14.6875 | mean_length 63.9625
09-08-21 18:25:29 - epoch 0 | global step 170 | mode train | loss 2.0656 | accuracy 15.3125 | mean_length 63.7156
09-08-21 18:27:16 - epoch 0 | global step 180 | mode train | loss 2.0593 | accuracy 16.5625 | mean_length 63.9688
09-08-21 18:29:04 - epoch 0 | global step 190 | mode train | loss 2.0698 | accuracy 9.6875 | mean_length 63.7406
09-08-21 18:30:52 - epoch 0 | global step 200 | mode train | loss 2.0613 | accuracy 15.0 | mean_length 64
09-08-21 18:32:39 - epoch 0 | global step 210 | mode train | loss 2.0476 | accuracy 13.4375 | mean_length 63.8719
09-08-21 18:34:27 - epoch 0 | global step 220 | mode train | loss 2.0742 | accuracy 15.625 | mean_length 64
09-08-21 18:36:15 - epoch 0 | global step 230 | mode train | loss 2.0374 | accuracy 14.6875 | mean_length 64
09-08-21 18:38:02 - epoch 0 | global step 240 | mode train | loss 2.0508 | accuracy 11.875 | mean_length 64
09-08-21 18:39:50 - epoch 0 | global step 250 | mode train | loss 2.0183 | accuracy 18.125 | mean_length 64
09-08-21 18:41:38 - epoch 0 | global step 260 | mode train | loss 1.9663 | accuracy 22.1875 | mean_length 63.95
09-08-21 18:43:26 - epoch 0 | global step 270 | mode train | loss 2.1292 | accuracy 15.9375 | mean_length 63.9188
09-08-21 18:45:13 - epoch 0 | global step 280 | mode train | loss 2.0519 | accuracy 11.875 | mean_length 63.6531
09-08-21 18:47:01 - epoch 0 | global step 290 | mode train | loss 2.0786 | accuracy 12.8125 | mean_length 63.4781
09-08-21 18:48:48 - epoch 0 | global step 300 | mode train | loss 2.0711 | accuracy 15.3125 | mean_length 63.9156
09-08-21 18:50:36 - epoch 0 | global step 310 | mode train | loss 2.0967 | accuracy 10.3125 | mean_length 63.5812
09-08-21 18:52:23 - epoch 0 | global step 320 | mode train | loss 2.0993 | accuracy 12.5 | mean_length 63.8375
09-08-21 18:54:11 - epoch 0 | global step 330 | mode train | loss 2.0935 | accuracy 13.4375 | mean_length 63.9594
09-08-21 18:55:59 - epoch 0 | global step 340 | mode train | loss 2.0755 | accuracy 13.125 | mean_length 64
09-08-21 18:57:46 - epoch 0 | global step 350 | mode train | loss 2.0867 | accuracy 11.875 | mean_length 63.9
09-08-21 18:59:34 - epoch 0 | global step 360 | mode train | loss 2.0803 | accuracy 12.8125 | mean_length 63.7938
09-08-21 19:01:21 - epoch 0 | global step 370 | mode train | loss 2.0837 | accuracy 12.8125 | mean_length 63.8937
09-08-21 19:03:09 - epoch 0 | global step 380 | mode train | loss 2.0812 | accuracy 13.125 | mean_length 63.8094
09-08-21 19:04:57 - epoch 0 | global step 390 | mode train | loss 2.0883 | accuracy 11.5625 | mean_length 64
09-08-21 19:06:44 - epoch 0 | global step 400 | mode train | loss 2.0859 | accuracy 10.625 | mean_length 63.4656
09-08-21 19:08:32 - epoch 0 | global step 410 | mode train | loss 2.0816 | accuracy 10.9375 | mean_length 63.1812
09-08-21 19:10:20 - epoch 0 | global step 420 | mode train | loss 2.0759 | accuracy 14.0625 | mean_length 63.6406
09-08-21 19:12:07 - epoch 0 | global step 430 | mode train | loss 2.0804 | accuracy 15.0 | mean_length 62.3813
09-08-21 19:13:55 - epoch 0 | global step 440 | mode train | loss 2.0863 | accuracy 11.5625 | mean_length 63.2906
09-08-21 19:15:42 - epoch 0 | global step 450 | mode train | loss 2.0746 | accuracy 15.0 | mean_length 63.4875
09-08-21 19:17:29 - epoch 0 | global step 460 | mode train | loss 2.0761 | accuracy 15.625 | mean_length 63.8875
09-08-21 19:19:17 - epoch 0 | global step 470 | mode train | loss 2.0613 | accuracy 19.0625 | mean_length 63.5406
09-08-21 19:21:04 - epoch 0 | global step 480 | mode train | loss 2.0071 | accuracy 18.125 | mean_length 63.9844
09-08-21 19:22:52 - epoch 0 | global step 490 | mode train | loss 2.0512 | accuracy 13.75 | mean_length 64
09-08-21 19:24:39 - epoch 0 | global step 500 | mode train | loss 2.0894 | accuracy 13.125 | mean_length 64
09-08-21 19:26:26 - epoch 0 | global step 510 | mode train | loss 2.0735 | accuracy 15.3125 | mean_length 64
09-08-21 19:36:23 - epoch 0 | global step 512 | mode validation | loss 2.3619 | accuracy 12.96 | mean_length 64
09-08-21 19:36:23 - Saving model to Output/accGrad4_mbart_noBT_lr1.75e-5_7distractors_maxstep8192_seed42
Epoch: 0, Prediction Accuracy: 12.96, Saved to Path: Output/accGrad4_mbart_noBT_lr1.75e-5_7distractors_maxstep8192_seed42
09-08-21 19:37:59 - epoch 0 | global step 520 | mode train | loss 2.0845 | accuracy 12.5 | mean_length 64
09-08-21 19:39:46 - epoch 0 | global step 530 | mode train | loss 2.0705 | accuracy 15.625 | mean_length 64
09-08-21 19:41:34 - epoch 0 | global step 540 | mode train | loss 2.08 | accuracy 15.0 | mean_length 64
09-08-21 19:43:21 - epoch 0 | global step 550 | mode train | loss 2.1376 | accuracy 11.5625 | mean_length 64
09-08-21 19:45:08 - epoch 0 | global step 560 | mode train | loss 2.0604 | accuracy 15.0 | mean_length 64
09-08-21 19:46:56 - epoch 0 | global step 570 | mode train | loss 2.0899 | accuracy 11.25 | mean_length 64
09-08-21 19:48:43 - epoch 0 | global step 580 | mode train | loss 2.1021 | accuracy 8.75 | mean_length 64
09-08-21 19:50:30 - epoch 0 | global step 590 | mode train | loss 2.0549 | accuracy 12.8125 | mean_length 64
09-08-21 19:52:18 - epoch 0 | global step 600 | mode train | loss 2.1454 | accuracy 10.9375 | mean_length 64
09-08-21 19:54:05 - epoch 0 | global step 610 | mode train | loss 2.0941 | accuracy 13.125 | mean_length 64
09-08-21 19:55:52 - epoch 0 | global step 620 | mode train | loss 2.1329 | accuracy 10.9375 | mean_length 64
09-08-21 19:57:40 - epoch 0 | global step 630 | mode train | loss 2.1225 | accuracy 15.0 | mean_length 64
09-08-21 19:59:27 - epoch 0 | global step 640 | mode train | loss 2.1028 | accuracy 13.4375 | mean_length 64
09-08-21 20:01:14 - epoch 0 | global step 650 | mode train | loss 2.0678 | accuracy 16.5625 | mean_length 64
09-08-21 20:03:01 - epoch 0 | global step 660 | mode train | loss 2.1979 | accuracy 9.6875 | mean_length 64
09-08-21 20:04:49 - epoch 0 | global step 670 | mode train | loss 2.1119 | accuracy 14.375 | mean_length 64
09-08-21 20:06:36 - epoch 0 | global step 680 | mode train | loss 2.0806 | accuracy 13.125 | mean_length 64
09-08-21 20:08:23 - epoch 0 | global step 690 | mode train | loss 2.0824 | accuracy 11.5625 | mean_length 64
09-08-21 20:10:11 - epoch 0 | global step 700 | mode train | loss 2.0893 | accuracy 7.5 | mean_length 64
09-08-21 20:11:58 - epoch 0 | global step 710 | mode train | loss 2.0847 | accuracy 9.0625 | mean_length 64
09-08-21 20:13:46 - epoch 0 | global step 720 | mode train | loss 2.0825 | accuracy 12.1875 | mean_length 64
09-08-21 20:15:33 - epoch 0 | global step 730 | mode train | loss 2.0802 | accuracy 11.25 | mean_length 64
09-08-21 20:17:20 - epoch 0 | global step 740 | mode train | loss 2.0799 | accuracy 14.375 | mean_length 64
09-08-21 20:19:07 - epoch 0 | global step 750 | mode train | loss 2.0817 | accuracy 9.6875 | mean_length 64
09-08-21 20:20:55 - epoch 0 | global step 760 | mode train | loss 2.0782 | accuracy 14.0625 | mean_length 64
09-08-21 20:22:42 - epoch 0 | global step 770 | mode train | loss 2.0809 | accuracy 11.875 | mean_length 64
09-08-21 20:24:29 - epoch 0 | global step 780 | mode train | loss 2.0791 | accuracy 12.8125 | mean_length 64
09-08-21 20:26:17 - epoch 0 | global step 790 | mode train | loss 2.0782 | accuracy 13.125 | mean_length 64
09-08-21 20:28:06 - epoch 0 | global step 800 | mode train | loss 2.0776 | accuracy 12.5 | mean_length 64
09-08-21 20:29:53 - epoch 0 | global step 810 | mode train | loss 2.0842 | accuracy 9.375 | mean_length 64
09-08-21 20:31:44 - epoch 0 | global step 820 | mode train | loss 2.0801 | accuracy 10.3125 | mean_length 64
09-08-21 20:33:31 - epoch 0 | global step 830 | mode train | loss 2.0776 | accuracy 13.75 | mean_length 64
09-08-21 20:35:19 - epoch 0 | global step 840 | mode train | loss 2.08 | accuracy 10.625 | mean_length 64
09-08-21 20:37:06 - epoch 0 | global step 850 | mode train | loss 2.0791 | accuracy 14.6875 | mean_length 64
09-08-21 20:38:53 - epoch 0 | global step 860 | mode train | loss 2.0774 | accuracy 13.4375 | mean_length 64
09-08-21 20:40:41 - epoch 0 | global step 870 | mode train | loss 2.0815 | accuracy 12.5 | mean_length 64
09-08-21 20:42:28 - epoch 0 | global step 880 | mode train | loss 2.0795 | accuracy 15.3125 | mean_length 64
09-08-21 20:44:15 - epoch 0 | global step 890 | mode train | loss 2.0781 | accuracy 10.3125 | mean_length 64
09-08-21 20:46:02 - epoch 0 | global step 900 | mode train | loss 2.0807 | accuracy 13.75 | mean_length 64
09-08-21 20:47:50 - epoch 0 | global step 910 | mode train | loss 2.0788 | accuracy 12.5 | mean_length 64
09-08-21 20:49:38 - epoch 0 | global step 920 | mode train | loss 2.081 | accuracy 11.5625 | mean_length 64
09-08-21 20:51:26 - epoch 0 | global step 930 | mode train | loss 2.0796 | accuracy 11.25 | mean_length 64
09-08-21 20:53:13 - epoch 0 | global step 940 | mode train | loss 2.0777 | accuracy 13.125 | mean_length 64
09-08-21 20:55:00 - epoch 0 | global step 950 | mode train | loss 2.0788 | accuracy 15.0 | mean_length 64
09-08-21 20:56:48 - epoch 0 | global step 960 | mode train | loss 2.0766 | accuracy 15.9375 | mean_length 64
09-08-21 20:58:35 - epoch 0 | global step 970 | mode train | loss 2.0805 | accuracy 12.1875 | mean_length 64
09-08-21 21:00:23 - epoch 0 | global step 980 | mode train | loss 2.0802 | accuracy 12.8125 | mean_length 64
09-08-21 21:02:10 - epoch 0 | global step 990 | mode train | loss 2.0824 | accuracy 10.0 | mean_length 64
09-08-21 21:03:57 - epoch 0 | global step 1000 | mode train | loss 2.081 | accuracy 12.8125 | mean_length 64
09-08-21 21:05:44 - epoch 0 | global step 1010 | mode train | loss 2.0775 | accuracy 15.9375 | mean_length 64
09-08-21 21:07:32 - epoch 0 | global step 1020 | mode train | loss 2.0827 | accuracy 9.0625 | mean_length 64
09-08-21 21:17:49 - epoch 0 | global step 1024 | mode validation | loss 2.0798 | accuracy 12.34 | mean_length 64
09-08-21 21:17:49 - Saving model to Output/accGrad4_mbart_noBT_lr1.75e-5_7distractors_maxstep8192_seed42
Epoch: 0, Prediction Accuracy: 12.34, Saved to Path: Output/accGrad4_mbart_noBT_lr1.75e-5_7distractors_maxstep8192_seed42
09-08-21 21:19:04 - epoch 0 | global step 1030 | mode train | loss 2.0805 | accuracy 14.0625 | mean_length 64
09-08-21 21:20:51 - epoch 0 | global step 1040 | mode train | loss 2.0799 | accuracy 13.4375 | mean_length 64
09-08-21 21:22:39 - epoch 0 | global step 1050 | mode train | loss 2.0794 | accuracy 13.75 | mean_length 64
09-08-21 21:24:26 - epoch 0 | global step 1060 | mode train | loss 2.0804 | accuracy 13.125 | mean_length 64
09-08-21 21:26:13 - epoch 0 | global step 1070 | mode train | loss 2.0815 | accuracy 11.5625 | mean_length 64
09-08-21 21:28:01 - epoch 0 | global step 1080 | mode train | loss 2.0776 | accuracy 13.4375 | mean_length 64
09-08-21 21:29:48 - epoch 0 | global step 1090 | mode train | loss 2.0791 | accuracy 12.8125 | mean_length 64
09-08-21 21:31:35 - epoch 0 | global step 1100 | mode train | loss 2.0812 | accuracy 11.25 | mean_length 64
09-08-21 21:33:22 - epoch 0 | global step 1110 | mode train | loss 2.0784 | accuracy 13.75 | mean_length 64
09-08-21 21:35:10 - epoch 0 | global step 1120 | mode train | loss 2.0781 | accuracy 14.6875 | mean_length 64
09-08-21 21:36:57 - epoch 0 | global step 1130 | mode train | loss 2.0826 | accuracy 10.625 | mean_length 64
09-08-21 21:38:44 - epoch 0 | global step 1140 | mode train | loss 2.0782 | accuracy 11.25 | mean_length 64
09-08-21 21:40:32 - epoch 0 | global step 1150 | mode train | loss 2.0778 | accuracy 13.125 | mean_length 64
09-08-21 21:42:19 - epoch 0 | global step 1160 | mode train | loss 2.0797 | accuracy 10.9375 | mean_length 64
09-08-21 21:44:06 - epoch 0 | global step 1170 | mode train | loss 2.0787 | accuracy 13.4375 | mean_length 64
09-08-21 21:45:54 - epoch 0 | global step 1180 | mode train | loss 2.0782 | accuracy 16.5625 | mean_length 64
09-08-21 21:47:41 - epoch 0 | global step 1190 | mode train | loss 2.0801 | accuracy 13.4375 | mean_length 64
09-08-21 21:49:28 - epoch 0 | global step 1200 | mode train | loss 2.0794 | accuracy 15.3125 | mean_length 64
09-08-21 21:51:16 - epoch 0 | global step 1210 | mode train | loss 2.08 | accuracy 14.6875 | mean_length 64
09-08-21 21:53:03 - epoch 0 | global step 1220 | mode train | loss 2.0789 | accuracy 12.5 | mean_length 64
09-08-21 21:54:50 - epoch 0 | global step 1230 | mode train | loss 2.0801 | accuracy 9.6875 | mean_length 64
09-08-21 21:56:38 - epoch 0 | global step 1240 | mode train | loss 2.0797 | accuracy 11.875 | mean_length 64
09-08-21 21:58:25 - epoch 0 | global step 1250 | mode train | loss 2.0776 | accuracy 15.0 | mean_length 64
09-08-21 22:00:12 - epoch 0 | global step 1260 | mode train | loss 2.0797 | accuracy 13.125 | mean_length 64
09-08-21 22:02:00 - epoch 0 | global step 1270 | mode train | loss 2.0809 | accuracy 12.1875 | mean_length 64
09-08-21 22:03:48 - epoch 0 | global step 1280 | mode train | loss 2.0796 | accuracy 14.0625 | mean_length 64
09-08-21 22:05:35 - epoch 0 | global step 1290 | mode train | loss 2.0802 | accuracy 10.9375 | mean_length 64
09-08-21 22:07:22 - epoch 0 | global step 1300 | mode train | loss 2.0801 | accuracy 10.9375 | mean_length 64
09-08-21 22:09:10 - epoch 0 | global step 1310 | mode train | loss 2.0793 | accuracy 12.8125 | mean_length 64
09-08-21 22:10:57 - epoch 0 | global step 1320 | mode train | loss 2.0802 | accuracy 11.5625 | mean_length 64
09-08-21 22:12:45 - epoch 0 | global step 1330 | mode train | loss 2.0798 | accuracy 13.75 | mean_length 64
09-08-21 22:14:32 - epoch 0 | global step 1340 | mode train | loss 2.0801 | accuracy 12.8125 | mean_length 64
09-08-21 22:16:19 - epoch 0 | global step 1350 | mode train | loss 2.0789 | accuracy 14.0625 | mean_length 64
09-08-21 22:18:07 - epoch 0 | global step 1360 | mode train | loss 2.0814 | accuracy 11.5625 | mean_length 64
09-08-21 22:19:54 - epoch 0 | global step 1370 | mode train | loss 2.0811 | accuracy 10.0 | mean_length 64
09-08-21 22:21:43 - epoch 0 | global step 1380 | mode train | loss 2.081 | accuracy 12.8125 | mean_length 64
09-08-21 22:23:30 - epoch 0 | global step 1390 | mode train | loss 2.081 | accuracy 12.1875 | mean_length 64
09-08-21 22:25:17 - epoch 0 | global step 1400 | mode train | loss 2.0797 | accuracy 10.0 | mean_length 64
09-08-21 22:27:04 - epoch 0 | global step 1410 | mode train | loss 2.0812 | accuracy 13.75 | mean_length 64
09-08-21 22:28:52 - epoch 0 | global step 1420 | mode train | loss 2.0802 | accuracy 14.0625 | mean_length 64
09-08-21 22:30:39 - epoch 0 | global step 1430 | mode train | loss 2.0796 | accuracy 11.5625 | mean_length 64
09-08-21 22:32:26 - epoch 0 | global step 1440 | mode train | loss 2.0782 | accuracy 16.25 | mean_length 64
09-08-21 22:34:14 - epoch 0 | global step 1450 | mode train | loss 2.0806 | accuracy 10.625 | mean_length 64
09-08-21 22:36:01 - epoch 0 | global step 1460 | mode train | loss 2.0802 | accuracy 10.9375 | mean_length 64
09-08-21 22:37:48 - epoch 0 | global step 1470 | mode train | loss 2.0786 | accuracy 11.5625 | mean_length 64
09-08-21 22:39:36 - epoch 0 | global step 1480 | mode train | loss 2.0808 | accuracy 10.9375 | mean_length 64
09-08-21 22:41:23 - epoch 0 | global step 1490 | mode train | loss 2.0793 | accuracy 13.4375 | mean_length 64
09-08-21 22:43:10 - epoch 0 | global step 1500 | mode train | loss 2.0791 | accuracy 14.375 | mean_length 64
09-08-21 22:44:57 - epoch 0 | global step 1510 | mode train | loss 2.0801 | accuracy 10.9375 | mean_length 64
09-08-21 22:46:45 - epoch 0 | global step 1520 | mode train | loss 2.0789 | accuracy 15.0 | mean_length 64
09-08-21 22:48:32 - epoch 0 | global step 1530 | mode train | loss 2.0806 | accuracy 11.25 | mean_length 64
09-08-21 22:59:12 - epoch 0 | global step 1536 | mode validation | loss 2.0795 | accuracy 12.46 | mean_length 64
09-08-21 22:59:12 - Saving model to Output/accGrad4_mbart_noBT_lr1.75e-5_7distractors_maxstep8192_seed42
Epoch: 0, Prediction Accuracy: 12.46, Saved to Path: Output/accGrad4_mbart_noBT_lr1.75e-5_7distractors_maxstep8192_seed42
09-08-21 23:00:06 - epoch 0 | global step 1540 | mode train | loss 2.0791 | accuracy 12.1875 | mean_length 64
09-08-21 23:01:53 - epoch 0 | global step 1550 | mode train | loss 2.0787 | accuracy 15.3125 | mean_length 64
09-08-21 23:03:40 - epoch 0 | global step 1560 | mode train | loss 2.0793 | accuracy 13.125 | mean_length 64
09-08-21 23:05:27 - epoch 0 | global step 1570 | mode train | loss 2.0777 | accuracy 13.75 | mean_length 64
09-08-21 23:07:15 - epoch 0 | global step 1580 | mode train | loss 2.0788 | accuracy 12.5 | mean_length 64
09-08-21 23:09:02 - epoch 0 | global step 1590 | mode train | loss 2.0814 | accuracy 12.8125 | mean_length 64
09-08-21 23:10:50 - epoch 0 | global step 1600 | mode train | loss 2.0808 | accuracy 9.375 | mean_length 64
09-08-21 23:12:37 - epoch 0 | global step 1610 | mode train | loss 2.0801 | accuracy 10.0 | mean_length 64
09-08-21 23:14:24 - epoch 0 | global step 1620 | mode train | loss 2.0774 | accuracy 15.625 | mean_length 64
09-08-21 23:16:12 - epoch 0 | global step 1630 | mode train | loss 2.0823 | accuracy 12.8125 | mean_length 64
09-08-21 23:17:59 - epoch 0 | global step 1640 | mode train | loss 2.0781 | accuracy 16.875 | mean_length 64
09-08-21 23:19:46 - epoch 0 | global step 1650 | mode train | loss 2.0802 | accuracy 13.4375 | mean_length 64
09-08-21 23:21:34 - epoch 0 | global step 1660 | mode train | loss 2.0836 | accuracy 10.3125 | mean_length 64
09-08-21 23:23:21 - epoch 0 | global step 1670 | mode train | loss 2.0786 | accuracy 14.0625 | mean_length 64
09-08-21 23:25:08 - epoch 0 | global step 1680 | mode train | loss 2.08 | accuracy 11.25 | mean_length 64
09-08-21 23:26:55 - epoch 0 | global step 1690 | mode train | loss 2.0785 | accuracy 14.0625 | mean_length 64
09-08-21 23:28:43 - epoch 0 | global step 1700 | mode train | loss 2.079 | accuracy 11.5625 | mean_length 64
09-08-21 23:30:30 - epoch 0 | global step 1710 | mode train | loss 2.0818 | accuracy 9.6875 | mean_length 64
09-08-21 23:32:17 - epoch 0 | global step 1720 | mode train | loss 2.0804 | accuracy 12.8125 | mean_length 64
09-08-21 23:34:05 - epoch 0 | global step 1730 | mode train | loss 2.0794 | accuracy 12.8125 | mean_length 64
09-08-21 23:35:52 - epoch 0 | global step 1740 | mode train | loss 2.0803 | accuracy 10.9375 | mean_length 64
09-08-21 23:37:39 - epoch 0 | global step 1750 | mode train | loss 2.0788 | accuracy 13.125 | mean_length 64
09-08-21 23:39:26 - epoch 0 | global step 1760 | mode train | loss 2.0806 | accuracy 11.5625 | mean_length 64
09-08-21 23:41:14 - epoch 0 | global step 1770 | mode train | loss 2.0792 | accuracy 15.625 | mean_length 64
09-08-21 23:43:01 - epoch 0 | global step 1780 | mode train | loss 2.0787 | accuracy 11.25 | mean_length 64
09-08-21 23:44:48 - epoch 0 | global step 1790 | mode train | loss 2.0813 | accuracy 13.4375 | mean_length 64
09-08-21 23:46:36 - epoch 0 | global step 1800 | mode train | loss 2.0802 | accuracy 14.0625 | mean_length 64
09-08-21 23:48:23 - epoch 0 | global step 1810 | mode train | loss 2.0786 | accuracy 13.75 | mean_length 64
09-08-21 23:50:10 - epoch 0 | global step 1820 | mode train | loss 2.0813 | accuracy 12.8125 | mean_length 64
09-08-21 23:51:58 - epoch 0 | global step 1830 | mode train | loss 2.0793 | accuracy 14.375 | mean_length 64
09-08-21 23:53:45 - epoch 0 | global step 1840 | mode train | loss 2.0779 | accuracy 12.5 | mean_length 64
09-08-21 23:55:32 - epoch 0 | global step 1850 | mode train | loss 2.08 | accuracy 10.625 | mean_length 64
09-08-21 23:57:19 - epoch 0 | global step 1860 | mode train | loss 2.0799 | accuracy 11.25 | mean_length 64
09-08-21 23:59:07 - epoch 0 | global step 1870 | mode train | loss 2.0805 | accuracy 11.25 | mean_length 64
09-09-21 00:00:54 - epoch 0 | global step 1880 | mode train | loss 2.0799 | accuracy 12.5 | mean_length 64
09-09-21 00:02:41 - epoch 0 | global step 1890 | mode train | loss 2.0788 | accuracy 14.375 | mean_length 64
09-09-21 00:04:29 - epoch 0 | global step 1900 | mode train | loss 2.0806 | accuracy 10.625 | mean_length 64
09-09-21 00:06:16 - epoch 0 | global step 1910 | mode train | loss 2.0795 | accuracy 13.75 | mean_length 64
09-09-21 00:08:03 - epoch 0 | global step 1920 | mode train | loss 2.0781 | accuracy 12.5 | mean_length 64
09-09-21 00:09:50 - epoch 0 | global step 1930 | mode train | loss 2.0794 | accuracy 11.25 | mean_length 64
09-09-21 00:11:38 - epoch 0 | global step 1940 | mode train | loss 2.0783 | accuracy 13.125 | mean_length 64
09-09-21 00:13:26 - epoch 0 | global step 1950 | mode train | loss 2.0813 | accuracy 11.25 | mean_length 64
09-09-21 00:15:13 - epoch 0 | global step 1960 | mode train | loss 2.0796 | accuracy 12.5 | mean_length 64
09-09-21 00:17:00 - epoch 0 | global step 1970 | mode train | loss 2.0804 | accuracy 12.8125 | mean_length 64
09-09-21 00:18:48 - epoch 0 | global step 1980 | mode train | loss 2.0822 | accuracy 10.625 | mean_length 64
09-09-21 00:20:35 - epoch 0 | global step 1990 | mode train | loss 2.0804 | accuracy 13.125 | mean_length 64
09-09-21 00:22:22 - epoch 0 | global step 2000 | mode train | loss 2.0806 | accuracy 11.25 | mean_length 64
09-09-21 00:24:10 - epoch 0 | global step 2010 | mode train | loss 2.0781 | accuracy 15.3125 | mean_length 64
09-09-21 00:25:57 - epoch 0 | global step 2020 | mode train | loss 2.0817 | accuracy 10.9375 | mean_length 64
09-09-21 00:27:44 - epoch 0 | global step 2030 | mode train | loss 2.0805 | accuracy 12.1875 | mean_length 64
09-09-21 00:29:31 - epoch 0 | global step 2040 | mode train | loss 2.0819 | accuracy 10.625 | mean_length 64
09-09-21 00:40:33 - epoch 0 | global step 2048 | mode validation | loss 2.0796 | accuracy 12.8 | mean_length 64
09-09-21 00:40:54 - epoch 0 | global step 2050 | mode train | loss 2.0779 | accuracy 15.625 | mean_length 64
09-09-21 00:42:42 - epoch 0 | global step 2060 | mode train | loss 2.0777 | accuracy 15.3125 | mean_length 64
09-09-21 00:44:29 - epoch 0 | global step 2070 | mode train | loss 2.0788 | accuracy 12.8125 | mean_length 64
09-09-21 00:46:16 - epoch 0 | global step 2080 | mode train | loss 2.0776 | accuracy 13.75 | mean_length 64
09-09-21 00:48:04 - epoch 0 | global step 2090 | mode train | loss 2.0795 | accuracy 12.5 | mean_length 64
09-09-21 00:49:51 - epoch 0 | global step 2100 | mode train | loss 2.0805 | accuracy 11.25 | mean_length 64
09-09-21 00:51:38 - epoch 0 | global step 2110 | mode train | loss 2.0803 | accuracy 12.8125 | mean_length 64
09-09-21 00:53:25 - epoch 0 | global step 2120 | mode train | loss 2.0805 | accuracy 11.5625 | mean_length 64
09-09-21 00:55:13 - epoch 0 | global step 2130 | mode train | loss 2.0791 | accuracy 14.0625 | mean_length 64
09-09-21 00:57:00 - epoch 0 | global step 2140 | mode train | loss 2.0786 | accuracy 12.1875 | mean_length 64
09-09-21 00:58:47 - epoch 0 | global step 2150 | mode train | loss 2.0794 | accuracy 14.375 | mean_length 64
09-09-21 01:00:35 - epoch 0 | global step 2160 | mode train | loss 2.0789 | accuracy 15.0 | mean_length 64
09-09-21 01:02:22 - epoch 0 | global step 2170 | mode train | loss 2.0786 | accuracy 12.8125 | mean_length 64
09-09-21 01:04:09 - epoch 0 | global step 2180 | mode train | loss 2.0794 | accuracy 12.5 | mean_length 64
09-09-21 01:05:57 - epoch 0 | global step 2190 | mode train | loss 2.0801 | accuracy 11.875 | mean_length 64
09-09-21 01:07:44 - epoch 0 | global step 2200 | mode train | loss 2.0788 | accuracy 15.3125 | mean_length 64
09-09-21 01:09:31 - epoch 0 | global step 2210 | mode train | loss 2.0786 | accuracy 15.3125 | mean_length 64
09-09-21 01:11:19 - epoch 0 | global step 2220 | mode train | loss 2.0787 | accuracy 11.875 | mean_length 64
09-09-21 01:13:06 - epoch 0 | global step 2230 | mode train | loss 2.0804 | accuracy 11.875 | mean_length 64
09-09-21 01:14:54 - epoch 0 | global step 2240 | mode train | loss 2.0815 | accuracy 10.0 | mean_length 64
09-09-21 01:16:41 - epoch 0 | global step 2250 | mode train | loss 2.0783 | accuracy 13.125 | mean_length 64
09-09-21 01:18:28 - epoch 0 | global step 2260 | mode train | loss 2.078 | accuracy 13.75 | mean_length 64
09-09-21 01:20:15 - epoch 0 | global step 2270 | mode train | loss 2.08 | accuracy 11.875 | mean_length 64
09-09-21 01:22:03 - epoch 0 | global step 2280 | mode train | loss 2.0809 | accuracy 11.5625 | mean_length 64
09-09-21 01:23:50 - epoch 0 | global step 2290 | mode train | loss 2.0799 | accuracy 12.5 | mean_length 64
09-09-21 01:25:37 - epoch 0 | global step 2300 | mode train | loss 2.0793 | accuracy 11.25 | mean_length 64
09-09-21 01:27:24 - epoch 0 | global step 2310 | mode train | loss 2.081 | accuracy 13.4375 | mean_length 64
09-09-21 01:29:12 - epoch 0 | global step 2320 | mode train | loss 2.0786 | accuracy 14.6875 | mean_length 64
09-09-21 01:30:59 - epoch 0 | global step 2330 | mode train | loss 2.0801 | accuracy 11.875 | mean_length 64
09-09-21 01:32:46 - epoch 0 | global step 2340 | mode train | loss 2.0778 | accuracy 15.0 | mean_length 64
09-09-21 01:34:34 - epoch 0 | global step 2350 | mode train | loss 2.0788 | accuracy 12.5 | mean_length 64
09-09-21 01:36:21 - epoch 0 | global step 2360 | mode train | loss 2.0787 | accuracy 10.9375 | mean_length 64
09-09-21 01:38:08 - epoch 0 | global step 2370 | mode train | loss 2.0792 | accuracy 12.5 | mean_length 64
09-09-21 01:39:55 - epoch 0 | global step 2380 | mode train | loss 2.0791 | accuracy 15.0 | mean_length 64
09-09-21 01:41:43 - epoch 0 | global step 2390 | mode train | loss 2.0805 | accuracy 10.0 | mean_length 64
09-09-21 01:43:30 - epoch 0 | global step 2400 | mode train | loss 2.0805 | accuracy 9.375 | mean_length 64
09-09-21 01:45:17 - epoch 0 | global step 2410 | mode train | loss 2.0786 | accuracy 15.9375 | mean_length 64
09-09-21 01:47:05 - epoch 0 | global step 2420 | mode train | loss 2.0786 | accuracy 14.0625 | mean_length 64
09-09-21 01:48:52 - epoch 0 | global step 2430 | mode train | loss 2.0791 | accuracy 11.5625 | mean_length 64
09-09-21 01:50:39 - epoch 0 | global step 2440 | mode train | loss 2.0801 | accuracy 11.25 | mean_length 64
09-09-21 01:52:27 - epoch 0 | global step 2450 | mode train | loss 2.0788 | accuracy 12.5 | mean_length 64
09-09-21 01:54:14 - epoch 0 | global step 2460 | mode train | loss 2.079 | accuracy 15.0 | mean_length 64
09-09-21 01:56:01 - epoch 0 | global step 2470 | mode train | loss 2.0801 | accuracy 10.0 | mean_length 64
09-09-21 01:57:48 - epoch 0 | global step 2480 | mode train | loss 2.0804 | accuracy 13.75 | mean_length 64
09-09-21 01:59:36 - epoch 0 | global step 2490 | mode train | loss 2.0811 | accuracy 12.5 | mean_length 64
09-09-21 02:01:23 - epoch 0 | global step 2500 | mode train | loss 2.0797 | accuracy 12.5 | mean_length 64
09-09-21 02:03:10 - epoch 0 | global step 2510 | mode train | loss 2.0792 | accuracy 13.75 | mean_length 64
09-09-21 02:04:57 - epoch 0 | global step 2520 | mode train | loss 2.0791 | accuracy 14.375 | mean_length 64
09-09-21 02:06:45 - epoch 0 | global step 2530 | mode train | loss 2.0787 | accuracy 12.5 | mean_length 64
09-09-21 02:08:32 - epoch 0 | global step 2540 | mode train | loss 2.0798 | accuracy 10.9375 | mean_length 64
09-09-21 02:10:19 - epoch 0 | global step 2550 | mode train | loss 2.079 | accuracy 13.75 | mean_length 64
09-09-21 02:12:07 - epoch 0 | global step 2560 | mode train | loss 2.081 | accuracy 10.625 | mean_length 64
09-09-21 02:21:44 - epoch 0 | global step 2560 | mode validation | loss 2.0798 | accuracy 11.66 | mean_length 64
09-09-21 02:23:31 - epoch 0 | global step 2570 | mode train | loss 2.0806 | accuracy 13.125 | mean_length 64
09-09-21 02:25:19 - epoch 0 | global step 2580 | mode train | loss 2.0814 | accuracy 8.75 | mean_length 64
09-09-21 02:27:06 - epoch 0 | global step 2590 | mode train | loss 2.079 | accuracy 10.9375 | mean_length 64
09-09-21 02:28:53 - epoch 0 | global step 2600 | mode train | loss 2.08 | accuracy 10.3125 | mean_length 64
09-09-21 02:30:41 - epoch 0 | global step 2610 | mode train | loss 2.079 | accuracy 12.8125 | mean_length 64
09-09-21 02:32:28 - epoch 0 | global step 2620 | mode train | loss 2.0794 | accuracy 11.25 | mean_length 64
09-09-21 02:34:15 - epoch 0 | global step 2630 | mode train | loss 2.0801 | accuracy 13.4375 | mean_length 64
09-09-21 02:36:03 - epoch 0 | global step 2640 | mode train | loss 2.0812 | accuracy 11.875 | mean_length 64
09-09-21 02:37:50 - epoch 0 | global step 2650 | mode train | loss 2.0801 | accuracy 11.25 | mean_length 64
09-09-21 02:39:37 - epoch 0 | global step 2660 | mode train | loss 2.0821 | accuracy 12.5 | mean_length 64
09-09-21 02:41:25 - epoch 0 | global step 2670 | mode train | loss 2.0786 | accuracy 13.4375 | mean_length 64
09-09-21 02:43:12 - epoch 0 | global step 2680 | mode train | loss 2.0789 | accuracy 10.9375 | mean_length 64
09-09-21 02:44:59 - epoch 0 | global step 2690 | mode train | loss 2.0794 | accuracy 13.125 | mean_length 64
09-09-21 02:46:47 - epoch 0 | global step 2700 | mode train | loss 2.0813 | accuracy 10.3125 | mean_length 64
09-09-21 02:48:34 - epoch 0 | global step 2710 | mode train | loss 2.0792 | accuracy 10.625 | mean_length 64
09-09-21 02:50:21 - epoch 0 | global step 2720 | mode train | loss 2.0794 | accuracy 11.5625 | mean_length 64
09-09-21 02:52:09 - epoch 0 | global step 2730 | mode train | loss 2.0783 | accuracy 12.5 | mean_length 64
09-09-21 02:53:56 - epoch 0 | global step 2740 | mode train | loss 2.0786 | accuracy 12.1875 | mean_length 64
09-09-21 02:55:43 - epoch 0 | global step 2750 | mode train | loss 2.0799 | accuracy 10.9375 | mean_length 64
09-09-21 02:57:30 - epoch 0 | global step 2760 | mode train | loss 2.0784 | accuracy 13.75 | mean_length 64
09-09-21 02:59:18 - epoch 0 | global step 2770 | mode train | loss 2.0788 | accuracy 13.4375 | mean_length 64
09-09-21 03:01:05 - epoch 0 | global step 2780 | mode train | loss 2.0785 | accuracy 15.625 | mean_length 64
09-09-21 03:02:52 - epoch 0 | global step 2790 | mode train | loss 2.0767 | accuracy 14.6875 | mean_length 64
09-09-21 03:04:39 - epoch 0 | global step 2800 | mode train | loss 2.0798 | accuracy 12.1875 | mean_length 64
09-09-21 03:06:27 - epoch 0 | global step 2810 | mode train | loss 2.0801 | accuracy 12.1875 | mean_length 64
09-09-21 03:08:14 - epoch 0 | global step 2820 | mode train | loss 2.0812 | accuracy 12.5 | mean_length 64
09-09-21 03:10:01 - epoch 0 | global step 2830 | mode train | loss 2.0797 | accuracy 13.75 | mean_length 64
09-09-21 03:11:49 - epoch 0 | global step 2840 | mode train | loss 2.0798 | accuracy 10.9375 | mean_length 64
09-09-21 03:13:36 - epoch 0 | global step 2850 | mode train | loss 2.0785 | accuracy 15.3125 | mean_length 64
09-09-21 03:15:23 - epoch 0 | global step 2860 | mode train | loss 2.0783 | accuracy 13.4375 | mean_length 64
09-09-21 03:17:11 - epoch 0 | global step 2870 | mode train | loss 2.0798 | accuracy 12.1875 | mean_length 64
09-09-21 03:18:58 - epoch 0 | global step 2880 | mode train | loss 2.0802 | accuracy 12.5 | mean_length 64
09-09-21 03:20:45 - epoch 0 | global step 2890 | mode train | loss 2.0799 | accuracy 12.1875 | mean_length 64
09-09-21 03:22:32 - epoch 0 | global step 2900 | mode train | loss 2.0792 | accuracy 10.0 | mean_length 64
09-09-21 03:24:20 - epoch 0 | global step 2910 | mode train | loss 2.0809 | accuracy 9.6875 | mean_length 64
09-09-21 03:26:07 - epoch 0 | global step 2920 | mode train | loss 2.0785 | accuracy 11.25 | mean_length 64
09-09-21 03:27:54 - epoch 0 | global step 2930 | mode train | loss 2.0787 | accuracy 14.0625 | mean_length 64
09-09-21 03:29:41 - epoch 0 | global step 2940 | mode train | loss 2.0804 | accuracy 10.625 | mean_length 64
09-09-21 03:31:29 - epoch 0 | global step 2950 | mode train | loss 2.08 | accuracy 10.3125 | mean_length 64
09-09-21 03:33:16 - epoch 0 | global step 2960 | mode train | loss 2.0788 | accuracy 14.0625 | mean_length 64
09-09-21 03:35:03 - epoch 0 | global step 2970 | mode train | loss 2.0805 | accuracy 10.3125 | mean_length 64
09-09-21 03:36:51 - epoch 0 | global step 2980 | mode train | loss 2.0804 | accuracy 8.75 | mean_length 64
09-09-21 03:38:38 - epoch 0 | global step 2990 | mode train | loss 2.0798 | accuracy 10.625 | mean_length 64
09-09-21 03:40:25 - epoch 0 | global step 3000 | mode train | loss 2.0805 | accuracy 10.3125 | mean_length 64
09-09-21 03:42:12 - epoch 0 | global step 3010 | mode train | loss 2.0786 | accuracy 13.125 | mean_length 64
09-09-21 03:44:00 - epoch 0 | global step 3020 | mode train | loss 2.079 | accuracy 12.8125 | mean_length 64
09-09-21 03:45:47 - epoch 0 | global step 3030 | mode train | loss 2.0809 | accuracy 11.875 | mean_length 64
09-09-21 03:47:34 - epoch 0 | global step 3040 | mode train | loss 2.0778 | accuracy 15.9375 | mean_length 64
09-09-21 03:49:21 - epoch 0 | global step 3050 | mode train | loss 2.0788 | accuracy 13.125 | mean_length 64
09-09-21 03:51:09 - epoch 0 | global step 3060 | mode train | loss 2.0786 | accuracy 12.8125 | mean_length 64
09-09-21 03:52:56 - epoch 0 | global step 3070 | mode train | loss 2.0813 | accuracy 10.625 | mean_length 64
09-09-21 04:02:53 - epoch 0 | global step 3072 | mode validation | loss 2.0795 | accuracy 12.52 | mean_length 64
09-09-21 04:04:19 - epoch 0 | global step 3080 | mode train | loss 2.0801 | accuracy 12.1875 | mean_length 64
09-09-21 04:06:06 - epoch 0 | global step 3090 | mode train | loss 2.0799 | accuracy 11.5625 | mean_length 64
09-09-21 04:07:53 - epoch 0 | global step 3100 | mode train | loss 2.0794 | accuracy 13.125 | mean_length 64
09-09-21 04:09:41 - epoch 0 | global step 3110 | mode train | loss 2.0793 | accuracy 13.4375 | mean_length 64
09-09-21 04:11:28 - epoch 0 | global step 3120 | mode train | loss 2.0795 | accuracy 11.25 | mean_length 64
09-09-21 04:13:16 - epoch 0 | global step 3130 | mode train | loss 2.0815 | accuracy 9.0625 | mean_length 64
09-09-21 04:15:03 - epoch 0 | global step 3140 | mode train | loss 2.0791 | accuracy 12.5 | mean_length 64
09-09-21 04:16:50 - epoch 0 | global step 3150 | mode train | loss 2.0804 | accuracy 11.5625 | mean_length 64
09-09-21 04:18:37 - epoch 0 | global step 3160 | mode train | loss 2.0788 | accuracy 12.8125 | mean_length 64
09-09-21 04:20:25 - epoch 0 | global step 3170 | mode train | loss 2.0799 | accuracy 10.0 | mean_length 64
09-09-21 04:22:12 - epoch 0 | global step 3180 | mode train | loss 2.0789 | accuracy 14.0625 | mean_length 64
09-09-21 04:23:59 - epoch 0 | global step 3190 | mode train | loss 2.0795 | accuracy 13.125 | mean_length 64
09-09-21 04:25:47 - epoch 0 | global step 3200 | mode train | loss 2.0793 | accuracy 13.125 | mean_length 64
09-09-21 04:27:34 - epoch 0 | global step 3210 | mode train | loss 2.0802 | accuracy 11.875 | mean_length 64
09-09-21 04:29:21 - epoch 0 | global step 3220 | mode train | loss 2.0814 | accuracy 11.875 | mean_length 64
09-09-21 04:31:08 - epoch 1 | global step 3230 | mode train | loss 2.079 | accuracy 13.75 | mean_length 64
09-09-21 04:32:56 - epoch 1 | global step 3240 | mode train | loss 2.0787 | accuracy 14.0625 | mean_length 64
09-09-21 04:34:43 - epoch 1 | global step 3250 | mode train | loss 2.0809 | accuracy 11.25 | mean_length 64
09-09-21 04:36:30 - epoch 1 | global step 3260 | mode train | loss 2.0786 | accuracy 15.0 | mean_length 64
09-09-21 04:38:17 - epoch 1 | global step 3270 | mode train | loss 2.0795 | accuracy 11.5625 | mean_length 64
09-09-21 04:40:05 - epoch 1 | global step 3280 | mode train | loss 2.0796 | accuracy 14.0625 | mean_length 64
09-09-21 04:41:52 - epoch 1 | global step 3290 | mode train | loss 2.0793 | accuracy 12.1875 | mean_length 64
09-09-21 04:43:39 - epoch 1 | global step 3300 | mode train | loss 2.0787 | accuracy 12.1875 | mean_length 64
09-09-21 04:45:27 - epoch 1 | global step 3310 | mode train | loss 2.0806 | accuracy 14.6875 | mean_length 64
09-09-21 04:47:14 - epoch 1 | global step 3320 | mode train | loss 2.0789 | accuracy 11.5625 | mean_length 64
09-09-21 04:49:01 - epoch 1 | global step 3330 | mode train | loss 2.0795 | accuracy 10.625 | mean_length 64
09-09-21 04:50:49 - epoch 1 | global step 3340 | mode train | loss 2.0811 | accuracy 8.125 | mean_length 64
09-09-21 04:52:36 - epoch 1 | global step 3350 | mode train | loss 2.0799 | accuracy 12.1875 | mean_length 64
09-09-21 04:54:23 - epoch 1 | global step 3360 | mode train | loss 2.0793 | accuracy 14.6875 | mean_length 64
09-09-21 04:56:10 - epoch 1 | global step 3370 | mode train | loss 2.0801 | accuracy 10.9375 | mean_length 64
09-09-21 04:57:57 - epoch 1 | global step 3380 | mode train | loss 2.0804 | accuracy 9.375 | mean_length 64
09-09-21 04:59:45 - epoch 1 | global step 3390 | mode train | loss 2.079 | accuracy 11.5625 | mean_length 64
09-09-21 05:01:32 - epoch 1 | global step 3400 | mode train | loss 2.0791 | accuracy 12.5 | mean_length 64
09-09-21 05:03:19 - epoch 1 | global step 3410 | mode train | loss 2.0792 | accuracy 14.0625 | mean_length 64
09-09-21 05:05:06 - epoch 1 | global step 3420 | mode train | loss 2.0796 | accuracy 14.0625 | mean_length 64
09-09-21 05:06:54 - epoch 1 | global step 3430 | mode train | loss 2.0785 | accuracy 13.75 | mean_length 64
09-09-21 05:08:41 - epoch 1 | global step 3440 | mode train | loss 2.0802 | accuracy 12.1875 | mean_length 64
09-09-21 05:10:28 - epoch 1 | global step 3450 | mode train | loss 2.0797 | accuracy 14.375 | mean_length 64
09-09-21 05:12:16 - epoch 1 | global step 3460 | mode train | loss 2.0799 | accuracy 10.9375 | mean_length 64
09-09-21 05:14:03 - epoch 1 | global step 3470 | mode train | loss 2.0793 | accuracy 13.75 | mean_length 64
09-09-21 05:15:51 - epoch 1 | global step 3480 | mode train | loss 2.0798 | accuracy 10.0 | mean_length 64
09-09-21 05:17:38 - epoch 1 | global step 3490 | mode train | loss 2.0801 | accuracy 8.75 | mean_length 64
09-09-21 05:19:25 - epoch 1 | global step 3500 | mode train | loss 2.0794 | accuracy 9.6875 | mean_length 64
09-09-21 05:21:13 - epoch 1 | global step 3510 | mode train | loss 2.078 | accuracy 14.6875 | mean_length 64
09-09-21 05:23:00 - epoch 1 | global step 3520 | mode train | loss 2.0788 | accuracy 12.1875 | mean_length 64
09-09-21 05:24:47 - epoch 1 | global step 3530 | mode train | loss 2.0805 | accuracy 12.1875 | mean_length 64
09-09-21 05:26:35 - epoch 1 | global step 3540 | mode train | loss 2.0794 | accuracy 12.8125 | mean_length 64
09-09-21 05:28:22 - epoch 1 | global step 3550 | mode train | loss 2.0797 | accuracy 11.875 | mean_length 64
09-09-21 05:30:09 - epoch 1 | global step 3560 | mode train | loss 2.0787 | accuracy 12.8125 | mean_length 64
09-09-21 05:31:56 - epoch 1 | global step 3570 | mode train | loss 2.0795 | accuracy 11.875 | mean_length 64
09-09-21 05:33:43 - epoch 1 | global step 3580 | mode train | loss 2.0797 | accuracy 12.1875 | mean_length 64
09-09-21 05:44:03 - epoch 1 | global step 3584 | mode validation | loss 2.0795 | accuracy 12.9 | mean_length 64
09-09-21 05:45:07 - epoch 1 | global step 3590 | mode train | loss 2.0797 | accuracy 11.5625 | mean_length 64
09-09-21 05:46:56 - epoch 1 | global step 3600 | mode train | loss 2.0785 | accuracy 13.4375 | mean_length 64
09-09-21 05:48:43 - epoch 1 | global step 3610 | mode train | loss 2.0802 | accuracy 14.0625 | mean_length 64
09-09-21 05:50:31 - epoch 1 | global step 3620 | mode train | loss 2.0797 | accuracy 14.0625 | mean_length 64
09-09-21 05:52:18 - epoch 1 | global step 3630 | mode train | loss 2.0784 | accuracy 15.3125 | mean_length 64
09-09-21 05:54:05 - epoch 1 | global step 3640 | mode train | loss 2.0779 | accuracy 17.1875 | mean_length 64
09-09-21 05:55:53 - epoch 1 | global step 3650 | mode train | loss 2.079 | accuracy 14.375 | mean_length 64
09-09-21 05:57:40 - epoch 1 | global step 3660 | mode train | loss 2.081 | accuracy 12.1875 | mean_length 64
09-09-21 05:59:27 - epoch 1 | global step 3670 | mode train | loss 2.0805 | accuracy 11.5625 | mean_length 64
09-09-21 06:01:15 - epoch 1 | global step 3680 | mode train | loss 2.0787 | accuracy 14.375 | mean_length 64
09-09-21 06:03:02 - epoch 1 | global step 3690 | mode train | loss 2.0803 | accuracy 10.0 | mean_length 64
09-09-21 06:04:49 - epoch 1 | global step 3700 | mode train | loss 2.0795 | accuracy 13.125 | mean_length 64
09-09-21 06:06:36 - epoch 1 | global step 3710 | mode train | loss 2.0793 | accuracy 14.375 | mean_length 64
09-09-21 06:08:24 - epoch 1 | global step 3720 | mode train | loss 2.0799 | accuracy 15.0 | mean_length 64
09-09-21 06:10:11 - epoch 1 | global step 3730 | mode train | loss 2.0793 | accuracy 11.25 | mean_length 64
09-09-21 06:11:58 - epoch 1 | global step 3740 | mode train | loss 2.0797 | accuracy 12.8125 | mean_length 64
09-09-21 06:13:46 - epoch 1 | global step 3750 | mode train | loss 2.0792 | accuracy 13.125 | mean_length 64
09-09-21 06:15:33 - epoch 1 | global step 3760 | mode train | loss 2.08 | accuracy 12.1875 | mean_length 64
09-09-21 06:17:20 - epoch 1 | global step 3770 | mode train | loss 2.0808 | accuracy 9.375 | mean_length 64
09-09-21 06:19:08 - epoch 1 | global step 3780 | mode train | loss 2.0802 | accuracy 9.6875 | mean_length 64
09-09-21 06:20:55 - epoch 1 | global step 3790 | mode train | loss 2.0788 | accuracy 12.8125 | mean_length 64
09-09-21 06:22:42 - epoch 1 | global step 3800 | mode train | loss 2.0794 | accuracy 13.125 | mean_length 64
09-09-21 06:24:30 - epoch 1 | global step 3810 | mode train | loss 2.0783 | accuracy 14.0625 | mean_length 64
09-09-21 06:26:17 - epoch 1 | global step 3820 | mode train | loss 2.0804 | accuracy 11.5625 | mean_length 64
09-09-21 06:28:04 - epoch 1 | global step 3830 | mode train | loss 2.0795 | accuracy 13.125 | mean_length 64
09-09-21 06:29:52 - epoch 1 | global step 3840 | mode train | loss 2.0799 | accuracy 13.75 | mean_length 64
09-09-21 06:31:39 - epoch 1 | global step 3850 | mode train | loss 2.0799 | accuracy 10.625 | mean_length 64
09-09-21 06:33:26 - epoch 1 | global step 3860 | mode train | loss 2.0787 | accuracy 15.0 | mean_length 64
09-09-21 06:35:14 - epoch 1 | global step 3870 | mode train | loss 2.0805 | accuracy 11.25 | mean_length 64
09-09-21 06:37:01 - epoch 1 | global step 3880 | mode train | loss 2.0797 | accuracy 10.625 | mean_length 64
09-09-21 06:38:48 - epoch 1 | global step 3890 | mode train | loss 2.0789 | accuracy 14.6875 | mean_length 64
09-09-21 06:40:35 - epoch 1 | global step 3900 | mode train | loss 2.0793 | accuracy 13.75 | mean_length 64
09-09-21 06:42:23 - epoch 1 | global step 3910 | mode train | loss 2.0794 | accuracy 12.8125 | mean_length 64
09-09-21 06:44:10 - epoch 1 | global step 3920 | mode train | loss 2.0786 | accuracy 15.0 | mean_length 64
09-09-21 06:45:57 - epoch 1 | global step 3930 | mode train | loss 2.0797 | accuracy 13.75 | mean_length 64
09-09-21 06:47:45 - epoch 1 | global step 3940 | mode train | loss 2.0801 | accuracy 10.9375 | mean_length 64
09-09-21 06:49:32 - epoch 1 | global step 3950 | mode train | loss 2.081 | accuracy 13.125 | mean_length 64
09-09-21 06:51:19 - epoch 1 | global step 3960 | mode train | loss 2.0792 | accuracy 9.6875 | mean_length 64
09-09-21 06:53:07 - epoch 1 | global step 3970 | mode train | loss 2.0797 | accuracy 10.3125 | mean_length 64
09-09-21 06:54:54 - epoch 1 | global step 3980 | mode train | loss 2.0789 | accuracy 16.25 | mean_length 64
09-09-21 06:56:41 - epoch 1 | global step 3990 | mode train | loss 2.0813 | accuracy 9.375 | mean_length 64
09-09-21 06:58:31 - epoch 1 | global step 4000 | mode train | loss 2.0809 | accuracy 11.5625 | mean_length 64
09-09-21 07:00:18 - epoch 1 | global step 4010 | mode train | loss 2.0798 | accuracy 14.0625 | mean_length 64
09-09-21 07:02:05 - epoch 1 | global step 4020 | mode train | loss 2.0795 | accuracy 11.25 | mean_length 64
09-09-21 07:03:54 - epoch 1 | global step 4030 | mode train | loss 2.0791 | accuracy 10.625 | mean_length 64
09-09-21 07:05:41 - epoch 1 | global step 4040 | mode train | loss 2.0795 | accuracy 12.5 | mean_length 64
09-09-21 07:07:33 - epoch 1 | global step 4050 | mode train | loss 2.0784 | accuracy 13.75 | mean_length 64
09-09-21 07:09:20 - epoch 1 | global step 4060 | mode train | loss 2.08 | accuracy 8.4375 | mean_length 64
09-09-21 07:11:07 - epoch 1 | global step 4070 | mode train | loss 2.081 | accuracy 9.6875 | mean_length 64
09-09-21 07:12:55 - epoch 1 | global step 4080 | mode train | loss 2.0795 | accuracy 13.75 | mean_length 64
09-09-21 07:14:43 - epoch 1 | global step 4090 | mode train | loss 2.0794 | accuracy 13.125 | mean_length 64
09-09-21 07:25:27 - epoch 1 | global step 4096 | mode validation | loss 2.0795 | accuracy 12.48 | mean_length 64
09-09-21 07:26:10 - epoch 1 | global step 4100 | mode train | loss 2.0802 | accuracy 12.5 | mean_length 64
09-09-21 07:27:57 - epoch 1 | global step 4110 | mode train | loss 2.0786 | accuracy 13.125 | mean_length 64
09-09-21 07:29:45 - epoch 1 | global step 4120 | mode train | loss 2.0792 | accuracy 14.0625 | mean_length 64
09-09-21 07:31:32 - epoch 1 | global step 4130 | mode train | loss 2.0793 | accuracy 10.625 | mean_length 64
09-09-21 07:33:19 - epoch 1 | global step 4140 | mode train | loss 2.0794 | accuracy 13.125 | mean_length 64
09-09-21 07:35:07 - epoch 1 | global step 4150 | mode train | loss 2.0799 | accuracy 11.5625 | mean_length 64
09-09-21 07:36:54 - epoch 1 | global step 4160 | mode train | loss 2.0804 | accuracy 12.8125 | mean_length 64
09-09-21 07:38:41 - epoch 1 | global step 4170 | mode train | loss 2.0792 | accuracy 13.4375 | mean_length 64
09-09-21 07:40:28 - epoch 1 | global step 4180 | mode train | loss 2.0799 | accuracy 13.125 | mean_length 64
09-09-21 07:42:16 - epoch 1 | global step 4190 | mode train | loss 2.0792 | accuracy 14.0625 | mean_length 64
09-09-21 07:44:03 - epoch 1 | global step 4200 | mode train | loss 2.0805 | accuracy 10.9375 | mean_length 64
09-09-21 07:45:50 - epoch 1 | global step 4210 | mode train | loss 2.0795 | accuracy 9.375 | mean_length 64
09-09-21 07:47:37 - epoch 1 | global step 4220 | mode train | loss 2.0791 | accuracy 15.9375 | mean_length 64
09-09-21 07:49:25 - epoch 1 | global step 4230 | mode train | loss 2.0798 | accuracy 12.1875 | mean_length 64
09-09-21 07:51:12 - epoch 1 | global step 4240 | mode train | loss 2.0809 | accuracy 10.3125 | mean_length 64
09-09-21 07:52:59 - epoch 1 | global step 4250 | mode train | loss 2.0782 | accuracy 14.375 | mean_length 64
09-09-21 07:54:47 - epoch 1 | global step 4260 | mode train | loss 2.0795 | accuracy 15.3125 | mean_length 64
09-09-21 07:56:35 - epoch 1 | global step 4270 | mode train | loss 2.0796 | accuracy 10.625 | mean_length 64
09-09-21 07:58:22 - epoch 1 | global step 4280 | mode train | loss 2.0798 | accuracy 11.5625 | mean_length 64
09-09-21 08:00:09 - epoch 1 | global step 4290 | mode train | loss 2.0808 | accuracy 11.875 | mean_length 64
09-09-21 08:01:57 - epoch 1 | global step 4300 | mode train | loss 2.0787 | accuracy 13.75 | mean_length 64
09-09-21 08:03:44 - epoch 1 | global step 4310 | mode train | loss 2.0794 | accuracy 10.0 | mean_length 64
09-09-21 08:05:31 - epoch 1 | global step 4320 | mode train | loss 2.0787 | accuracy 14.0625 | mean_length 64
09-09-21 08:07:18 - epoch 1 | global step 4330 | mode train | loss 2.0788 | accuracy 12.1875 | mean_length 64
09-09-21 08:09:06 - epoch 1 | global step 4340 | mode train | loss 2.0801 | accuracy 14.0625 | mean_length 64
09-09-21 08:10:53 - epoch 1 | global step 4350 | mode train | loss 2.0808 | accuracy 12.5 | mean_length 64
09-09-21 08:12:40 - epoch 1 | global step 4360 | mode train | loss 2.0833 | accuracy 10.3125 | mean_length 64
09-09-21 08:14:28 - epoch 1 | global step 4370 | mode train | loss 2.0791 | accuracy 13.4375 | mean_length 64
09-09-21 08:16:15 - epoch 1 | global step 4380 | mode train | loss 2.0797 | accuracy 10.9375 | mean_length 64
09-09-21 08:18:02 - epoch 1 | global step 4390 | mode train | loss 2.0799 | accuracy 13.4375 | mean_length 64
09-09-21 08:19:50 - epoch 1 | global step 4400 | mode train | loss 2.0799 | accuracy 11.875 | mean_length 64
09-09-21 08:21:37 - epoch 1 | global step 4410 | mode train | loss 2.0797 | accuracy 12.5 | mean_length 64
09-09-21 08:23:24 - epoch 1 | global step 4420 | mode train | loss 2.0797 | accuracy 11.25 | mean_length 64
09-09-21 08:25:12 - epoch 1 | global step 4430 | mode train | loss 2.0798 | accuracy 14.6875 | mean_length 64
09-09-21 08:26:59 - epoch 1 | global step 4440 | mode train | loss 2.0788 | accuracy 12.5 | mean_length 64
09-09-21 08:28:46 - epoch 1 | global step 4450 | mode train | loss 2.0795 | accuracy 13.125 | mean_length 64
09-09-21 08:30:34 - epoch 1 | global step 4460 | mode train | loss 2.0798 | accuracy 12.5 | mean_length 64
09-09-21 08:32:21 - epoch 1 | global step 4470 | mode train | loss 2.0806 | accuracy 12.1875 | mean_length 64
09-09-21 08:34:08 - epoch 1 | global step 4480 | mode train | loss 2.0795 | accuracy 10.625 | mean_length 64
09-09-21 08:35:55 - epoch 1 | global step 4490 | mode train | loss 2.0792 | accuracy 12.1875 | mean_length 64
09-09-21 08:37:43 - epoch 1 | global step 4500 | mode train | loss 2.0795 | accuracy 9.6875 | mean_length 64
09-09-21 08:39:30 - epoch 1 | global step 4510 | mode train | loss 2.0794 | accuracy 12.8125 | mean_length 64
09-09-21 08:41:17 - epoch 1 | global step 4520 | mode train | loss 2.0796 | accuracy 12.8125 | mean_length 64
09-09-21 08:43:04 - epoch 1 | global step 4530 | mode train | loss 2.0809 | accuracy 9.375 | mean_length 64
09-09-21 08:44:52 - epoch 1 | global step 4540 | mode train | loss 2.0809 | accuracy 10.9375 | mean_length 64
09-09-21 08:46:39 - epoch 1 | global step 4550 | mode train | loss 2.0784 | accuracy 13.125 | mean_length 64
09-09-21 08:48:26 - epoch 1 | global step 4560 | mode train | loss 2.0807 | accuracy 11.875 | mean_length 64
09-09-21 08:50:13 - epoch 1 | global step 4570 | mode train | loss 2.0797 | accuracy 11.875 | mean_length 64
09-09-21 08:52:01 - epoch 1 | global step 4580 | mode train | loss 2.0788 | accuracy 15.3125 | mean_length 64
09-09-21 08:53:48 - epoch 1 | global step 4590 | mode train | loss 2.08 | accuracy 13.4375 | mean_length 64
09-09-21 08:55:35 - epoch 1 | global step 4600 | mode train | loss 2.0792 | accuracy 10.625 | mean_length 64
09-09-21 09:06:34 - epoch 1 | global step 4608 | mode validation | loss 2.0795 | accuracy 12.68 | mean_length 64
09-09-21 09:06:56 - epoch 1 | global step 4610 | mode train | loss 2.0788 | accuracy 13.75 | mean_length 64
09-09-21 09:08:43 - epoch 1 | global step 4620 | mode train | loss 2.0795 | accuracy 12.5 | mean_length 64
09-09-21 09:10:30 - epoch 1 | global step 4630 | mode train | loss 2.0787 | accuracy 15.3125 | mean_length 64
09-09-21 09:12:18 - epoch 1 | global step 4640 | mode train | loss 2.0798 | accuracy 12.8125 | mean_length 64
09-09-21 09:14:05 - epoch 1 | global step 4650 | mode train | loss 2.0786 | accuracy 15.0 | mean_length 64
09-09-21 09:15:53 - epoch 1 | global step 4660 | mode train | loss 2.0793 | accuracy 15.0 | mean_length 64
09-09-21 09:17:40 - epoch 1 | global step 4670 | mode train | loss 2.0805 | accuracy 9.6875 | mean_length 64
09-09-21 09:19:27 - epoch 1 | global step 4680 | mode train | loss 2.0795 | accuracy 10.9375 | mean_length 64
09-09-21 09:21:15 - epoch 1 | global step 4690 | mode train | loss 2.0782 | accuracy 15.3125 | mean_length 64
09-09-21 09:23:02 - epoch 1 | global step 4700 | mode train | loss 2.0796 | accuracy 15.0 | mean_length 64
09-09-21 09:24:49 - epoch 1 | global step 4710 | mode train | loss 2.0784 | accuracy 14.0625 | mean_length 64
09-09-21 09:26:36 - epoch 1 | global step 4720 | mode train | loss 2.0798 | accuracy 10.3125 | mean_length 64
09-09-21 09:28:24 - epoch 1 | global step 4730 | mode train | loss 2.0794 | accuracy 13.125 | mean_length 64
09-09-21 09:30:11 - epoch 1 | global step 4740 | mode train | loss 2.0797 | accuracy 12.8125 | mean_length 64
09-09-21 09:31:58 - epoch 1 | global step 4750 | mode train | loss 2.08 | accuracy 10.3125 | mean_length 64
09-09-21 09:33:45 - epoch 1 | global step 4760 | mode train | loss 2.0798 | accuracy 13.125 | mean_length 64
09-09-21 09:35:33 - epoch 1 | global step 4770 | mode train | loss 2.0793 | accuracy 10.625 | mean_length 64
09-09-21 09:37:21 - epoch 1 | global step 4780 | mode train | loss 2.0797 | accuracy 10.0 | mean_length 64
09-09-21 09:39:08 - epoch 1 | global step 4790 | mode train | loss 2.0802 | accuracy 10.625 | mean_length 64
09-09-21 09:40:55 - epoch 1 | global step 4800 | mode train | loss 2.0783 | accuracy 15.625 | mean_length 64
09-09-21 09:42:43 - epoch 1 | global step 4810 | mode train | loss 2.079 | accuracy 14.6875 | mean_length 64
09-09-21 09:44:30 - epoch 1 | global step 4820 | mode train | loss 2.0789 | accuracy 13.75 | mean_length 64
09-09-21 09:46:18 - epoch 1 | global step 4830 | mode train | loss 2.0791 | accuracy 12.5 | mean_length 64
09-09-21 09:48:05 - epoch 1 | global step 4840 | mode train | loss 2.0788 | accuracy 14.6875 | mean_length 64
09-09-21 09:49:52 - epoch 1 | global step 4850 | mode train | loss 2.0792 | accuracy 11.25 | mean_length 64
09-09-21 09:51:40 - epoch 1 | global step 4860 | mode train | loss 2.0787 | accuracy 14.0625 | mean_length 64
09-09-21 09:53:27 - epoch 1 | global step 4870 | mode train | loss 2.0797 | accuracy 11.5625 | mean_length 64
09-09-21 09:55:15 - epoch 1 | global step 4880 | mode train | loss 2.0789 | accuracy 11.875 | mean_length 64
09-09-21 09:57:02 - epoch 1 | global step 4890 | mode train | loss 2.079 | accuracy 10.625 | mean_length 64
09-09-21 09:58:50 - epoch 1 | global step 4900 | mode train | loss 2.0802 | accuracy 11.875 | mean_length 64
09-09-21 10:00:37 - epoch 1 | global step 4910 | mode train | loss 2.0801 | accuracy 11.5625 | mean_length 64
09-09-21 10:02:24 - epoch 1 | global step 4920 | mode train | loss 2.0801 | accuracy 10.3125 | mean_length 64
09-09-21 10:04:11 - epoch 1 | global step 4930 | mode train | loss 2.0788 | accuracy 15.9375 | mean_length 64
09-09-21 10:05:59 - epoch 1 | global step 4940 | mode train | loss 2.0804 | accuracy 10.3125 | mean_length 64
09-09-21 10:07:46 - epoch 1 | global step 4950 | mode train | loss 2.0782 | accuracy 15.625 | mean_length 64
09-09-21 10:09:33 - epoch 1 | global step 4960 | mode train | loss 2.0792 | accuracy 12.8125 | mean_length 64
09-09-21 10:11:21 - epoch 1 | global step 4970 | mode train | loss 2.0787 | accuracy 11.5625 | mean_length 64
09-09-21 10:13:10 - epoch 1 | global step 4980 | mode train | loss 2.0794 | accuracy 13.4375 | mean_length 64
09-09-21 10:14:58 - epoch 1 | global step 4990 | mode train | loss 2.0804 | accuracy 9.6875 | mean_length 64
09-09-21 10:16:45 - epoch 1 | global step 5000 | mode train | loss 2.0789 | accuracy 16.5625 | mean_length 64
09-09-21 10:18:33 - epoch 1 | global step 5010 | mode train | loss 2.0788 | accuracy 15.625 | mean_length 64
09-09-21 10:20:20 - epoch 1 | global step 5020 | mode train | loss 2.0798 | accuracy 12.5 | mean_length 64
09-09-21 10:22:07 - epoch 1 | global step 5030 | mode train | loss 2.0797 | accuracy 11.875 | mean_length 64
09-09-21 10:23:55 - epoch 1 | global step 5040 | mode train | loss 2.0809 | accuracy 11.5625 | mean_length 64
09-09-21 10:25:42 - epoch 1 | global step 5050 | mode train | loss 2.0806 | accuracy 13.125 | mean_length 64
09-09-21 10:27:29 - epoch 1 | global step 5060 | mode train | loss 2.0794 | accuracy 10.9375 | mean_length 64
09-09-21 10:29:16 - epoch 1 | global step 5070 | mode train | loss 2.0804 | accuracy 11.25 | mean_length 64
09-09-21 10:31:04 - epoch 1 | global step 5080 | mode train | loss 2.0797 | accuracy 13.125 | mean_length 64
09-09-21 10:32:51 - epoch 1 | global step 5090 | mode train | loss 2.0788 | accuracy 13.4375 | mean_length 64
09-09-21 10:34:38 - epoch 1 | global step 5100 | mode train | loss 2.0789 | accuracy 13.75 | mean_length 64
09-09-21 10:36:26 - epoch 1 | global step 5110 | mode train | loss 2.0791 | accuracy 15.625 | mean_length 64
09-09-21 10:38:13 - epoch 1 | global step 5120 | mode train | loss 2.081 | accuracy 10.9375 | mean_length 64
09-09-21 10:47:46 - epoch 1 | global step 5120 | mode validation | loss 2.0795 | accuracy 12.32 | mean_length 64
09-09-21 10:49:33 - epoch 1 | global step 5130 | mode train | loss 2.0799 | accuracy 12.5 | mean_length 64
09-09-21 10:51:21 - epoch 1 | global step 5140 | mode train | loss 2.0796 | accuracy 10.3125 | mean_length 64
09-09-21 10:53:08 - epoch 1 | global step 5150 | mode train | loss 2.0785 | accuracy 14.375 | mean_length 64
09-09-21 10:54:55 - epoch 1 | global step 5160 | mode train | loss 2.078 | accuracy 11.5625 | mean_length 64
09-09-21 10:56:42 - epoch 1 | global step 5170 | mode train | loss 2.0797 | accuracy 10.0 | mean_length 64
09-09-21 10:58:30 - epoch 1 | global step 5180 | mode train | loss 2.0795 | accuracy 11.875 | mean_length 64
09-09-21 11:00:17 - epoch 1 | global step 5190 | mode train | loss 2.0803 | accuracy 9.375 | mean_length 64
09-09-21 11:02:04 - epoch 1 | global step 5200 | mode train | loss 2.0795 | accuracy 10.9375 | mean_length 64
09-09-21 11:03:51 - epoch 1 | global step 5210 | mode train | loss 2.0796 | accuracy 14.0625 | mean_length 64
09-09-21 11:05:39 - epoch 1 | global step 5220 | mode train | loss 2.08 | accuracy 11.875 | mean_length 64
09-09-21 11:07:26 - epoch 1 | global step 5230 | mode train | loss 2.0795 | accuracy 10.9375 | mean_length 64
09-09-21 11:09:13 - epoch 1 | global step 5240 | mode train | loss 2.0795 | accuracy 13.125 | mean_length 64
09-09-21 11:11:00 - epoch 1 | global step 5250 | mode train | loss 2.08 | accuracy 11.25 | mean_length 64
09-09-21 11:12:48 - epoch 1 | global step 5260 | mode train | loss 2.0806 | accuracy 10.0 | mean_length 64
09-09-21 11:14:35 - epoch 1 | global step 5270 | mode train | loss 2.0796 | accuracy 11.25 | mean_length 64
09-09-21 11:16:23 - epoch 1 | global step 5280 | mode train | loss 2.0791 | accuracy 12.1875 | mean_length 64
09-09-21 11:18:10 - epoch 1 | global step 5290 | mode train | loss 2.0803 | accuracy 8.75 | mean_length 64
09-09-21 11:19:57 - epoch 1 | global step 5300 | mode train | loss 2.0804 | accuracy 9.0625 | mean_length 64
09-09-21 11:21:44 - epoch 1 | global step 5310 | mode train | loss 2.0796 | accuracy 13.125 | mean_length 64
09-09-21 11:23:32 - epoch 1 | global step 5320 | mode train | loss 2.0802 | accuracy 11.25 | mean_length 64
09-09-21 11:25:19 - epoch 1 | global step 5330 | mode train | loss 2.0798 | accuracy 11.25 | mean_length 64
09-09-21 11:27:06 - epoch 1 | global step 5340 | mode train | loss 2.0785 | accuracy 15.625 | mean_length 64
09-09-21 11:28:53 - epoch 1 | global step 5350 | mode train | loss 2.0792 | accuracy 13.4375 | mean_length 64
09-09-21 11:30:41 - epoch 1 | global step 5360 | mode train | loss 2.0795 | accuracy 12.5 | mean_length 64
09-09-21 11:32:28 - epoch 1 | global step 5370 | mode train | loss 2.0802 | accuracy 12.5 | mean_length 64
09-09-21 11:34:15 - epoch 1 | global step 5380 | mode train | loss 2.0795 | accuracy 13.75 | mean_length 64
09-09-21 11:36:02 - epoch 1 | global step 5390 | mode train | loss 2.0795 | accuracy 13.125 | mean_length 64
09-09-21 11:37:50 - epoch 1 | global step 5400 | mode train | loss 2.0792 | accuracy 11.25 | mean_length 64
09-09-21 11:39:37 - epoch 1 | global step 5410 | mode train | loss 2.079 | accuracy 14.0625 | mean_length 64
09-09-21 11:41:24 - epoch 1 | global step 5420 | mode train | loss 2.0777 | accuracy 15.9375 | mean_length 64
09-09-21 11:43:11 - epoch 1 | global step 5430 | mode train | loss 2.0783 | accuracy 18.125 | mean_length 64
09-09-21 11:44:59 - epoch 1 | global step 5440 | mode train | loss 2.0802 | accuracy 10.625 | mean_length 64
09-09-21 11:46:46 - epoch 1 | global step 5450 | mode train | loss 2.0796 | accuracy 13.4375 | mean_length 64
09-09-21 11:48:33 - epoch 1 | global step 5460 | mode train | loss 2.0796 | accuracy 12.8125 | mean_length 64
09-09-21 11:50:20 - epoch 1 | global step 5470 | mode train | loss 2.0795 | accuracy 10.625 | mean_length 64
09-09-21 11:52:07 - epoch 1 | global step 5480 | mode train | loss 2.0788 | accuracy 14.6875 | mean_length 64
09-09-21 11:53:54 - epoch 1 | global step 5490 | mode train | loss 2.0803 | accuracy 9.6875 | mean_length 64
09-09-21 11:55:42 - epoch 1 | global step 5500 | mode train | loss 2.0783 | accuracy 13.75 | mean_length 64
09-09-21 11:57:29 - epoch 1 | global step 5510 | mode train | loss 2.0808 | accuracy 9.6875 | mean_length 64
09-09-21 11:59:16 - epoch 1 | global step 5520 | mode train | loss 2.0793 | accuracy 11.875 | mean_length 64
09-09-21 12:01:03 - epoch 1 | global step 5530 | mode train | loss 2.0793 | accuracy 14.0625 | mean_length 64
09-09-21 12:02:51 - epoch 1 | global step 5540 | mode train | loss 2.0806 | accuracy 10.9375 | mean_length 64
09-09-21 12:04:38 - epoch 1 | global step 5550 | mode train | loss 2.0799 | accuracy 12.5 | mean_length 64
09-09-21 12:06:25 - epoch 1 | global step 5560 | mode train | loss 2.0799 | accuracy 14.0625 | mean_length 64
09-09-21 12:08:12 - epoch 1 | global step 5570 | mode train | loss 2.0792 | accuracy 11.5625 | mean_length 64
09-09-21 12:10:00 - epoch 1 | global step 5580 | mode train | loss 2.0787 | accuracy 13.125 | mean_length 64
09-09-21 12:11:47 - epoch 1 | global step 5590 | mode train | loss 2.0794 | accuracy 11.875 | mean_length 64
09-09-21 12:13:34 - epoch 1 | global step 5600 | mode train | loss 2.0799 | accuracy 12.5 | mean_length 64
09-09-21 12:15:22 - epoch 1 | global step 5610 | mode train | loss 2.0803 | accuracy 10.0 | mean_length 64
09-09-21 12:17:09 - epoch 1 | global step 5620 | mode train | loss 2.0785 | accuracy 12.5 | mean_length 64
09-09-21 12:18:56 - epoch 1 | global step 5630 | mode train | loss 2.0792 | accuracy 11.5625 | mean_length 64
09-09-21 12:28:53 - epoch 1 | global step 5632 | mode validation | loss 2.0795 | accuracy 12.56 | mean_length 64
09-09-21 12:30:19 - epoch 1 | global step 5640 | mode train | loss 2.0796 | accuracy 13.75 | mean_length 64
09-09-21 12:32:06 - epoch 1 | global step 5650 | mode train | loss 2.0796 | accuracy 10.625 | mean_length 64
09-09-21 12:33:54 - epoch 1 | global step 5660 | mode train | loss 2.0783 | accuracy 14.6875 | mean_length 64
09-09-21 12:35:41 - epoch 1 | global step 5670 | mode train | loss 2.0802 | accuracy 12.8125 | mean_length 64
09-09-21 12:37:28 - epoch 1 | global step 5680 | mode train | loss 2.0786 | accuracy 15.3125 | mean_length 64
09-09-21 12:39:15 - epoch 1 | global step 5690 | mode train | loss 2.0801 | accuracy 8.75 | mean_length 64
09-09-21 12:41:03 - epoch 1 | global step 5700 | mode train | loss 2.0782 | accuracy 16.5625 | mean_length 64
09-09-21 12:42:50 - epoch 1 | global step 5710 | mode train | loss 2.0796 | accuracy 13.4375 | mean_length 64
09-09-21 12:44:37 - epoch 1 | global step 5720 | mode train | loss 2.0796 | accuracy 11.25 | mean_length 64
09-09-21 12:46:24 - epoch 1 | global step 5730 | mode train | loss 2.0793 | accuracy 10.9375 | mean_length 64
09-09-21 12:48:12 - epoch 1 | global step 5740 | mode train | loss 2.08 | accuracy 13.4375 | mean_length 64
09-09-21 12:49:59 - epoch 1 | global step 5750 | mode train | loss 2.0795 | accuracy 12.5 | mean_length 64
09-09-21 12:51:46 - epoch 1 | global step 5760 | mode train | loss 2.0793 | accuracy 11.875 | mean_length 64
09-09-21 12:53:33 - epoch 1 | global step 5770 | mode train | loss 2.0794 | accuracy 12.5 | mean_length 64
09-09-21 12:55:21 - epoch 1 | global step 5780 | mode train | loss 2.0792 | accuracy 13.125 | mean_length 64
09-09-21 12:57:08 - epoch 1 | global step 5790 | mode train | loss 2.0793 | accuracy 18.4375 | mean_length 64
09-09-21 12:58:55 - epoch 1 | global step 5800 | mode train | loss 2.0782 | accuracy 12.5 | mean_length 64
09-09-21 13:00:42 - epoch 1 | global step 5810 | mode train | loss 2.0794 | accuracy 13.75 | mean_length 64
09-09-21 13:02:30 - epoch 1 | global step 5820 | mode train | loss 2.0795 | accuracy 12.1875 | mean_length 64
09-09-21 13:04:17 - epoch 1 | global step 5830 | mode train | loss 2.0795 | accuracy 11.5625 | mean_length 64
09-09-21 13:06:04 - epoch 1 | global step 5840 | mode train | loss 2.0799 | accuracy 12.1875 | mean_length 64
09-09-21 13:07:51 - epoch 1 | global step 5850 | mode train | loss 2.0798 | accuracy 9.6875 | mean_length 64
09-09-21 13:09:39 - epoch 1 | global step 5860 | mode train | loss 2.0793 | accuracy 13.75 | mean_length 64
09-09-21 13:11:26 - epoch 1 | global step 5870 | mode train | loss 2.0787 | accuracy 17.5 | mean_length 64
09-09-21 13:13:13 - epoch 1 | global step 5880 | mode train | loss 2.0795 | accuracy 15.3125 | mean_length 64
09-09-21 13:15:01 - epoch 1 | global step 5890 | mode train | loss 2.0797 | accuracy 10.9375 | mean_length 64
09-09-21 13:16:48 - epoch 1 | global step 5900 | mode train | loss 2.0807 | accuracy 10.625 | mean_length 64
09-09-21 13:18:36 - epoch 1 | global step 5910 | mode train | loss 2.0799 | accuracy 14.6875 | mean_length 64
09-09-21 13:20:23 - epoch 1 | global step 5920 | mode train | loss 2.08 | accuracy 10.9375 | mean_length 64
09-09-21 13:22:10 - epoch 1 | global step 5930 | mode train | loss 2.0798 | accuracy 12.5 | mean_length 64
09-09-21 13:23:57 - epoch 1 | global step 5940 | mode train | loss 2.0792 | accuracy 13.75 | mean_length 64
09-09-21 13:25:44 - epoch 1 | global step 5950 | mode train | loss 2.0791 | accuracy 11.875 | mean_length 64
09-09-21 13:27:32 - epoch 1 | global step 5960 | mode train | loss 2.0793 | accuracy 9.6875 | mean_length 64
09-09-21 13:29:19 - epoch 1 | global step 5970 | mode train | loss 2.079 | accuracy 13.75 | mean_length 64
09-09-21 13:31:06 - epoch 1 | global step 5980 | mode train | loss 2.0791 | accuracy 14.0625 | mean_length 64
09-09-21 13:32:53 - epoch 1 | global step 5990 | mode train | loss 2.0791 | accuracy 15.0 | mean_length 64
09-09-21 13:34:41 - epoch 1 | global step 6000 | mode train | loss 2.0797 | accuracy 10.9375 | mean_length 64
09-09-21 13:36:28 - epoch 1 | global step 6010 | mode train | loss 2.0805 | accuracy 12.1875 | mean_length 64
09-09-21 13:38:15 - epoch 1 | global step 6020 | mode train | loss 2.0796 | accuracy 12.8125 | mean_length 64
09-09-21 13:40:02 - epoch 1 | global step 6030 | mode train | loss 2.0795 | accuracy 10.9375 | mean_length 64
09-09-21 13:41:50 - epoch 1 | global step 6040 | mode train | loss 2.0791 | accuracy 11.5625 | mean_length 64
09-09-21 13:43:37 - epoch 1 | global step 6050 | mode train | loss 2.0794 | accuracy 11.25 | mean_length 64
09-09-21 13:45:24 - epoch 1 | global step 6060 | mode train | loss 2.079 | accuracy 12.1875 | mean_length 64
09-09-21 13:47:11 - epoch 1 | global step 6070 | mode train | loss 2.0803 | accuracy 12.1875 | mean_length 64
09-09-21 13:48:59 - epoch 1 | global step 6080 | mode train | loss 2.0803 | accuracy 13.125 | mean_length 64
09-09-21 13:50:46 - epoch 1 | global step 6090 | mode train | loss 2.0804 | accuracy 14.6875 | mean_length 64
09-09-21 13:52:33 - epoch 1 | global step 6100 | mode train | loss 2.0785 | accuracy 13.4375 | mean_length 64
09-09-21 13:54:21 - epoch 1 | global step 6110 | mode train | loss 2.0806 | accuracy 9.0625 | mean_length 64
09-09-21 13:56:08 - epoch 1 | global step 6120 | mode train | loss 2.0791 | accuracy 13.4375 | mean_length 64
09-09-21 13:57:55 - epoch 1 | global step 6130 | mode train | loss 2.0793 | accuracy 14.0625 | mean_length 64
09-09-21 13:59:42 - epoch 1 | global step 6140 | mode train | loss 2.0793 | accuracy 13.125 | mean_length 64
09-09-21 14:10:01 - epoch 1 | global step 6144 | mode validation | loss 2.0795 | accuracy 12.92 | mean_length 64
09-09-21 14:11:05 - epoch 1 | global step 6150 | mode train | loss 2.0788 | accuracy 10.3125 | mean_length 64
09-09-21 14:12:52 - epoch 1 | global step 6160 | mode train | loss 2.0788 | accuracy 13.125 | mean_length 64
09-09-21 14:14:40 - epoch 1 | global step 6170 | mode train | loss 2.0802 | accuracy 10.625 | mean_length 64
09-09-21 14:16:27 - epoch 1 | global step 6180 | mode train | loss 2.0797 | accuracy 10.625 | mean_length 64
09-09-21 14:18:15 - epoch 1 | global step 6190 | mode train | loss 2.0808 | accuracy 10.3125 | mean_length 64
09-09-21 14:20:02 - epoch 1 | global step 6200 | mode train | loss 2.0798 | accuracy 11.875 | mean_length 64
09-09-21 14:21:49 - epoch 1 | global step 6210 | mode train | loss 2.0789 | accuracy 16.25 | mean_length 64
09-09-21 14:23:36 - epoch 1 | global step 6220 | mode train | loss 2.0806 | accuracy 9.0625 | mean_length 64
09-09-21 14:25:24 - epoch 1 | global step 6230 | mode train | loss 2.0798 | accuracy 10.0 | mean_length 64
09-09-21 14:27:11 - epoch 1 | global step 6240 | mode train | loss 2.0789 | accuracy 14.0625 | mean_length 64
09-09-21 14:28:58 - epoch 1 | global step 6250 | mode train | loss 2.0786 | accuracy 12.5 | mean_length 64
09-09-21 14:30:45 - epoch 1 | global step 6260 | mode train | loss 2.0807 | accuracy 11.875 | mean_length 64
09-09-21 14:32:33 - epoch 1 | global step 6270 | mode train | loss 2.0799 | accuracy 14.0625 | mean_length 64
09-09-21 14:34:20 - epoch 1 | global step 6280 | mode train | loss 2.0803 | accuracy 10.9375 | mean_length 64
09-09-21 14:36:07 - epoch 1 | global step 6290 | mode train | loss 2.0789 | accuracy 16.875 | mean_length 64
09-09-21 14:37:54 - epoch 1 | global step 6300 | mode train | loss 2.0797 | accuracy 10.0 | mean_length 64
09-09-21 14:39:42 - epoch 1 | global step 6310 | mode train | loss 2.0808 | accuracy 9.6875 | mean_length 64
09-09-21 14:41:29 - epoch 1 | global step 6320 | mode train | loss 2.0795 | accuracy 11.875 | mean_length 64
09-09-21 14:43:16 - epoch 1 | global step 6330 | mode train | loss 2.079 | accuracy 10.9375 | mean_length 64
09-09-21 14:45:03 - epoch 1 | global step 6340 | mode train | loss 2.0805 | accuracy 10.0 | mean_length 64
09-09-21 14:46:51 - epoch 1 | global step 6350 | mode train | loss 2.0794 | accuracy 12.8125 | mean_length 64
09-09-21 14:48:38 - epoch 1 | global step 6360 | mode train | loss 2.0802 | accuracy 12.5 | mean_length 64
09-09-21 14:50:25 - epoch 1 | global step 6370 | mode train | loss 2.0805 | accuracy 12.5 | mean_length 64
09-09-21 14:52:12 - epoch 1 | global step 6380 | mode train | loss 2.0788 | accuracy 15.625 | mean_length 64
09-09-21 14:53:59 - epoch 1 | global step 6390 | mode train | loss 2.0795 | accuracy 15.9375 | mean_length 64
09-09-21 14:55:47 - epoch 1 | global step 6400 | mode train | loss 2.0799 | accuracy 11.875 | mean_length 64
09-09-21 14:57:34 - epoch 1 | global step 6410 | mode train | loss 2.0792 | accuracy 12.1875 | mean_length 64
09-09-21 14:59:21 - epoch 1 | global step 6420 | mode train | loss 2.0799 | accuracy 9.375 | mean_length 64
09-09-21 15:01:08 - epoch 1 | global step 6430 | mode train | loss 2.0798 | accuracy 10.9375 | mean_length 64
09-09-21 15:02:56 - epoch 1 | global step 6440 | mode train | loss 2.08 | accuracy 12.1875 | mean_length 64
09-09-21 15:04:43 - epoch 1 | global step 6450 | mode train | loss 2.08 | accuracy 9.6875 | mean_length 64
09-09-21 15:06:30 - epoch 2 | global step 6460 | mode train | loss 2.0797 | accuracy 11.5625 | mean_length 64
09-09-21 15:08:17 - epoch 2 | global step 6470 | mode train | loss 2.0797 | accuracy 10.9375 | mean_length 64
09-09-21 15:10:05 - epoch 2 | global step 6480 | mode train | loss 2.0794 | accuracy 10.9375 | mean_length 64
09-09-21 15:11:52 - epoch 2 | global step 6490 | mode train | loss 2.0794 | accuracy 13.75 | mean_length 64
09-09-21 15:13:39 - epoch 2 | global step 6500 | mode train | loss 2.0791 | accuracy 12.1875 | mean_length 64
09-09-21 15:15:27 - epoch 2 | global step 6510 | mode train | loss 2.0785 | accuracy 12.8125 | mean_length 64
09-09-21 15:17:15 - epoch 2 | global step 6520 | mode train | loss 2.0787 | accuracy 16.875 | mean_length 64
09-09-21 15:19:02 - epoch 2 | global step 6530 | mode train | loss 2.0792 | accuracy 12.5 | mean_length 64
09-09-21 15:20:49 - epoch 2 | global step 6540 | mode train | loss 2.0788 | accuracy 14.375 | mean_length 64
09-09-21 15:22:37 - epoch 2 | global step 6550 | mode train | loss 2.0803 | accuracy 10.9375 | mean_length 64
09-09-21 15:24:24 - epoch 2 | global step 6560 | mode train | loss 2.0793 | accuracy 9.6875 | mean_length 64
09-09-21 15:26:11 - epoch 2 | global step 6570 | mode train | loss 2.0799 | accuracy 10.625 | mean_length 64
09-09-21 15:27:58 - epoch 2 | global step 6580 | mode train | loss 2.0791 | accuracy 11.875 | mean_length 64
09-09-21 15:29:46 - epoch 2 | global step 6590 | mode train | loss 2.0795 | accuracy 10.625 | mean_length 64
09-09-21 15:31:33 - epoch 2 | global step 6600 | mode train | loss 2.079 | accuracy 10.3125 | mean_length 64
09-09-21 15:33:20 - epoch 2 | global step 6610 | mode train | loss 2.0801 | accuracy 11.5625 | mean_length 64
09-09-21 15:35:08 - epoch 2 | global step 6620 | mode train | loss 2.08 | accuracy 10.625 | mean_length 64
09-09-21 15:36:55 - epoch 2 | global step 6630 | mode train | loss 2.0794 | accuracy 12.8125 | mean_length 64
09-09-21 15:38:42 - epoch 2 | global step 6640 | mode train | loss 2.0801 | accuracy 10.9375 | mean_length 64
09-09-21 15:40:30 - epoch 2 | global step 6650 | mode train | loss 2.0804 | accuracy 11.875 | mean_length 64
09-09-21 15:51:10 - epoch 2 | global step 6656 | mode validation | loss 2.0795 | accuracy 12.38 | mean_length 64
09-09-21 15:51:53 - epoch 2 | global step 6660 | mode train | loss 2.0792 | accuracy 13.125 | mean_length 64
09-09-21 15:53:40 - epoch 2 | global step 6670 | mode train | loss 2.0801 | accuracy 11.25 | mean_length 64
09-09-21 15:55:28 - epoch 2 | global step 6680 | mode train | loss 2.0786 | accuracy 13.4375 | mean_length 64
09-09-21 15:57:15 - epoch 2 | global step 6690 | mode train | loss 2.08 | accuracy 10.0 | mean_length 64
09-09-21 15:59:02 - epoch 2 | global step 6700 | mode train | loss 2.08 | accuracy 15.625 | mean_length 64
09-09-21 16:00:50 - epoch 2 | global step 6710 | mode train | loss 2.0796 | accuracy 13.125 | mean_length 64
09-09-21 16:02:37 - epoch 2 | global step 6720 | mode train | loss 2.079 | accuracy 14.375 | mean_length 64
09-09-21 16:04:24 - epoch 2 | global step 6730 | mode train | loss 2.0798 | accuracy 11.5625 | mean_length 64
09-09-21 16:06:11 - epoch 2 | global step 6740 | mode train | loss 2.0807 | accuracy 9.0625 | mean_length 64
09-09-21 16:07:59 - epoch 2 | global step 6750 | mode train | loss 2.0787 | accuracy 13.75 | mean_length 64
09-09-21 16:09:46 - epoch 2 | global step 6760 | mode train | loss 2.0789 | accuracy 13.4375 | mean_length 64
09-09-21 16:11:33 - epoch 2 | global step 6770 | mode train | loss 2.0799 | accuracy 11.5625 | mean_length 64
09-09-21 16:13:20 - epoch 2 | global step 6780 | mode train | loss 2.0792 | accuracy 13.125 | mean_length 64
09-09-21 16:15:08 - epoch 2 | global step 6790 | mode train | loss 2.0788 | accuracy 13.75 | mean_length 64
09-09-21 16:16:56 - epoch 2 | global step 6800 | mode train | loss 2.0795 | accuracy 10.0 | mean_length 64
09-09-21 16:18:43 - epoch 2 | global step 6810 | mode train | loss 2.0792 | accuracy 14.6875 | mean_length 64
09-09-21 16:20:30 - epoch 2 | global step 6820 | mode train | loss 2.0794 | accuracy 11.25 | mean_length 64
09-09-21 16:22:17 - epoch 2 | global step 6830 | mode train | loss 2.0784 | accuracy 11.875 | mean_length 64
09-09-21 16:24:05 - epoch 2 | global step 6840 | mode train | loss 2.079 | accuracy 14.0625 | mean_length 64
09-09-21 16:25:52 - epoch 2 | global step 6850 | mode train | loss 2.0797 | accuracy 12.8125 | mean_length 64
09-09-21 16:27:39 - epoch 2 | global step 6860 | mode train | loss 2.0798 | accuracy 10.3125 | mean_length 64
09-09-21 16:29:26 - epoch 2 | global step 6870 | mode train | loss 2.0794 | accuracy 14.375 | mean_length 64
09-09-21 16:31:14 - epoch 2 | global step 6880 | mode train | loss 2.0797 | accuracy 10.9375 | mean_length 64
09-09-21 16:33:01 - epoch 2 | global step 6890 | mode train | loss 2.0794 | accuracy 11.25 | mean_length 64
09-09-21 16:34:48 - epoch 2 | global step 6900 | mode train | loss 2.0792 | accuracy 13.4375 | mean_length 64
09-09-21 16:36:36 - epoch 2 | global step 6910 | mode train | loss 2.0801 | accuracy 11.875 | mean_length 64
09-09-21 16:38:23 - epoch 2 | global step 6920 | mode train | loss 2.0795 | accuracy 10.9375 | mean_length 64
09-09-21 16:40:10 - epoch 2 | global step 6930 | mode train | loss 2.0789 | accuracy 12.8125 | mean_length 64
09-09-21 16:41:57 - epoch 2 | global step 6940 | mode train | loss 2.0792 | accuracy 15.3125 | mean_length 64
09-09-21 16:43:45 - epoch 2 | global step 6950 | mode train | loss 2.0799 | accuracy 11.5625 | mean_length 64
09-09-21 16:45:32 - epoch 2 | global step 6960 | mode train | loss 2.0795 | accuracy 12.8125 | mean_length 64
09-09-21 16:47:19 - epoch 2 | global step 6970 | mode train | loss 2.0783 | accuracy 14.6875 | mean_length 64
09-09-21 16:49:06 - epoch 2 | global step 6980 | mode train | loss 2.08 | accuracy 9.375 | mean_length 64
09-09-21 16:50:54 - epoch 2 | global step 6990 | mode train | loss 2.0802 | accuracy 13.125 | mean_length 64
09-09-21 16:52:41 - epoch 2 | global step 7000 | mode train | loss 2.0793 | accuracy 11.875 | mean_length 64
09-09-21 16:54:28 - epoch 2 | global step 7010 | mode train | loss 2.079 | accuracy 12.8125 | mean_length 64
09-09-21 16:56:16 - epoch 2 | global step 7020 | mode train | loss 2.0804 | accuracy 7.8125 | mean_length 64
09-09-21 16:58:03 - epoch 2 | global step 7030 | mode train | loss 2.0787 | accuracy 12.1875 | mean_length 64
09-09-21 16:59:50 - epoch 2 | global step 7040 | mode train | loss 2.0792 | accuracy 13.75 | mean_length 64
09-09-21 17:01:37 - epoch 2 | global step 7050 | mode train | loss 2.0801 | accuracy 10.9375 | mean_length 64
09-09-21 17:03:25 - epoch 2 | global step 7060 | mode train | loss 2.0795 | accuracy 12.8125 | mean_length 64
09-09-21 17:05:12 - epoch 2 | global step 7070 | mode train | loss 2.0792 | accuracy 10.3125 | mean_length 64
09-09-21 17:06:59 - epoch 2 | global step 7080 | mode train | loss 2.0793 | accuracy 12.8125 | mean_length 64
09-09-21 17:08:46 - epoch 2 | global step 7090 | mode train | loss 2.0793 | accuracy 14.375 | mean_length 64
09-09-21 17:10:34 - epoch 2 | global step 7100 | mode train | loss 2.0804 | accuracy 12.5 | mean_length 64
09-09-21 17:12:21 - epoch 2 | global step 7110 | mode train | loss 2.0792 | accuracy 14.6875 | mean_length 64
09-09-21 17:14:08 - epoch 2 | global step 7120 | mode train | loss 2.0794 | accuracy 13.4375 | mean_length 64
09-09-21 17:15:55 - epoch 2 | global step 7130 | mode train | loss 2.08 | accuracy 13.75 | mean_length 64
09-09-21 17:17:43 - epoch 2 | global step 7140 | mode train | loss 2.0796 | accuracy 10.0 | mean_length 64
09-09-21 17:19:34 - epoch 2 | global step 7150 | mode train | loss 2.0799 | accuracy 10.3125 | mean_length 64
09-09-21 17:21:21 - epoch 2 | global step 7160 | mode train | loss 2.08 | accuracy 10.625 | mean_length 64
09-09-21 17:32:22 - epoch 2 | global step 7168 | mode validation | loss 2.0794 | accuracy 11.94 | mean_length 64
09-09-21 17:32:22 - Saving model to Output/accGrad4_mbart_noBT_lr1.75e-5_7distractors_maxstep8192_seed42
Epoch: 2, Prediction Accuracy: 11.94, Saved to Path: Output/accGrad4_mbart_noBT_lr1.75e-5_7distractors_maxstep8192_seed42
09-09-21 17:32:54 - epoch 2 | global step 7170 | mode train | loss 2.0792 | accuracy 12.1875 | mean_length 64
09-09-21 17:34:42 - epoch 2 | global step 7180 | mode train | loss 2.0793 | accuracy 11.25 | mean_length 64
09-09-21 17:36:29 - epoch 2 | global step 7190 | mode train | loss 2.0794 | accuracy 12.5 | mean_length 64
09-09-21 17:38:17 - epoch 2 | global step 7200 | mode train | loss 2.0801 | accuracy 11.5625 | mean_length 64
09-09-21 17:40:04 - epoch 2 | global step 7210 | mode train | loss 2.0803 | accuracy 9.375 | mean_length 64
09-09-21 17:41:53 - epoch 2 | global step 7220 | mode train | loss 2.0793 | accuracy 11.25 | mean_length 64
09-09-21 17:43:41 - epoch 2 | global step 7230 | mode train | loss 2.0797 | accuracy 12.8125 | mean_length 64
09-09-21 17:45:29 - epoch 2 | global step 7240 | mode train | loss 2.0794 | accuracy 13.75 | mean_length 64
09-09-21 17:47:16 - epoch 2 | global step 7250 | mode train | loss 2.0793 | accuracy 13.125 | mean_length 64
09-09-21 17:49:04 - epoch 2 | global step 7260 | mode train | loss 2.0791 | accuracy 11.875 | mean_length 64
09-09-21 17:50:52 - epoch 2 | global step 7270 | mode train | loss 2.0789 | accuracy 13.125 | mean_length 64
09-09-21 17:52:40 - epoch 2 | global step 7280 | mode train | loss 2.0792 | accuracy 12.8125 | mean_length 64
09-09-21 17:54:28 - epoch 2 | global step 7290 | mode train | loss 2.0788 | accuracy 14.375 | mean_length 64
09-09-21 17:56:16 - epoch 2 | global step 7300 | mode train | loss 2.079 | accuracy 16.875 | mean_length 64
09-09-21 17:58:04 - epoch 2 | global step 7310 | mode train | loss 2.0792 | accuracy 14.0625 | mean_length 64
09-09-21 17:59:52 - epoch 2 | global step 7320 | mode train | loss 2.0795 | accuracy 11.5625 | mean_length 64
09-09-21 18:01:41 - epoch 2 | global step 7330 | mode train | loss 2.0787 | accuracy 13.75 | mean_length 64
09-09-21 18:03:29 - epoch 2 | global step 7340 | mode train | loss 2.0787 | accuracy 11.5625 | mean_length 64
09-09-21 18:05:17 - epoch 2 | global step 7350 | mode train | loss 2.0798 | accuracy 12.1875 | mean_length 64
09-09-21 18:07:05 - epoch 2 | global step 7360 | mode train | loss 2.0794 | accuracy 11.5625 | mean_length 64
09-09-21 18:08:53 - epoch 2 | global step 7370 | mode train | loss 2.0801 | accuracy 11.5625 | mean_length 64
09-09-21 18:10:41 - epoch 2 | global step 7380 | mode train | loss 2.0792 | accuracy 11.875 | mean_length 64
09-09-21 18:12:29 - epoch 2 | global step 7390 | mode train | loss 2.0798 | accuracy 10.9375 | mean_length 64
09-09-21 18:14:17 - epoch 2 | global step 7400 | mode train | loss 2.0802 | accuracy 15.9375 | mean_length 64
09-09-21 18:16:05 - epoch 2 | global step 7410 | mode train | loss 2.0792 | accuracy 11.875 | mean_length 64
09-09-21 18:17:53 - epoch 2 | global step 7420 | mode train | loss 2.0801 | accuracy 9.0625 | mean_length 64
09-09-21 18:19:41 - epoch 2 | global step 7430 | mode train | loss 2.0808 | accuracy 10.625 | mean_length 64
09-09-21 18:21:29 - epoch 2 | global step 7440 | mode train | loss 2.0793 | accuracy 12.1875 | mean_length 64
09-09-21 18:23:17 - epoch 2 | global step 7450 | mode train | loss 2.0784 | accuracy 16.875 | mean_length 64
09-09-21 18:25:05 - epoch 2 | global step 7460 | mode train | loss 2.079 | accuracy 14.375 | mean_length 64
09-09-21 18:26:53 - epoch 2 | global step 7470 | mode train | loss 2.0789 | accuracy 12.8125 | mean_length 64
09-09-21 18:28:42 - epoch 2 | global step 7480 | mode train | loss 2.0808 | accuracy 10.3125 | mean_length 64
09-09-21 18:30:29 - epoch 2 | global step 7490 | mode train | loss 2.0796 | accuracy 12.5 | mean_length 64
09-09-21 18:32:17 - epoch 2 | global step 7500 | mode train | loss 2.0802 | accuracy 10.9375 | mean_length 64
09-09-21 18:34:05 - epoch 2 | global step 7510 | mode train | loss 2.0792 | accuracy 11.5625 | mean_length 64
09-09-21 18:35:53 - epoch 2 | global step 7520 | mode train | loss 2.0792 | accuracy 15.3125 | mean_length 64
09-09-21 18:37:41 - epoch 2 | global step 7530 | mode train | loss 2.0801 | accuracy 11.875 | mean_length 64
09-09-21 18:39:29 - epoch 2 | global step 7540 | mode train | loss 2.0795 | accuracy 12.1875 | mean_length 64
09-09-21 18:41:16 - epoch 2 | global step 7550 | mode train | loss 2.0796 | accuracy 12.1875 | mean_length 64
09-09-21 18:43:04 - epoch 2 | global step 7560 | mode train | loss 2.0795 | accuracy 13.125 | mean_length 64
09-09-21 18:44:51 - epoch 2 | global step 7570 | mode train | loss 2.0799 | accuracy 13.125 | mean_length 64
09-09-21 18:46:38 - epoch 2 | global step 7580 | mode train | loss 2.0804 | accuracy 10.0 | mean_length 64
09-09-21 18:48:25 - epoch 2 | global step 7590 | mode train | loss 2.079 | accuracy 12.1875 | mean_length 64
09-09-21 18:50:13 - epoch 2 | global step 7600 | mode train | loss 2.0795 | accuracy 14.0625 | mean_length 64
09-09-21 18:52:00 - epoch 2 | global step 7610 | mode train | loss 2.0795 | accuracy 10.9375 | mean_length 64
09-09-21 18:53:47 - epoch 2 | global step 7620 | mode train | loss 2.0791 | accuracy 15.9375 | mean_length 64
09-09-21 18:55:36 - epoch 2 | global step 7630 | mode train | loss 2.08 | accuracy 10.625 | mean_length 64
09-09-21 18:57:24 - epoch 2 | global step 7640 | mode train | loss 2.0795 | accuracy 10.3125 | mean_length 64
09-09-21 18:59:11 - epoch 2 | global step 7650 | mode train | loss 2.0793 | accuracy 12.5 | mean_length 64
09-09-21 19:01:00 - epoch 2 | global step 7660 | mode train | loss 2.0788 | accuracy 14.0625 | mean_length 64
09-09-21 19:02:49 - epoch 2 | global step 7670 | mode train | loss 2.0795 | accuracy 13.4375 | mean_length 64
09-09-21 19:04:36 - epoch 2 | global step 7680 | mode train | loss 2.0792 | accuracy 14.0625 | mean_length 64
09-09-21 19:14:12 - epoch 2 | global step 7680 | mode validation | loss 2.0794 | accuracy 12.38 | mean_length 64
09-09-21 19:15:59 - epoch 2 | global step 7690 | mode train | loss 2.0793 | accuracy 11.5625 | mean_length 64
09-09-21 19:17:47 - epoch 2 | global step 7700 | mode train | loss 2.0801 | accuracy 10.0 | mean_length 64
09-09-21 19:19:35 - epoch 2 | global step 7710 | mode train | loss 2.08 | accuracy 11.25 | mean_length 64
09-09-21 19:21:22 - epoch 2 | global step 7720 | mode train | loss 2.0793 | accuracy 15.0 | mean_length 64
09-09-21 19:23:09 - epoch 2 | global step 7730 | mode train | loss 2.0793 | accuracy 11.875 | mean_length 64
09-09-21 19:24:56 - epoch 2 | global step 7740 | mode train | loss 2.0789 | accuracy 14.6875 | mean_length 64
09-09-21 19:26:44 - epoch 2 | global step 7750 | mode train | loss 2.0793 | accuracy 12.5 | mean_length 64
09-09-21 19:28:31 - epoch 2 | global step 7760 | mode train | loss 2.0794 | accuracy 11.5625 | mean_length 64
09-09-21 19:30:18 - epoch 2 | global step 7770 | mode train | loss 2.0798 | accuracy 13.4375 | mean_length 64
09-09-21 19:32:05 - epoch 2 | global step 7780 | mode train | loss 2.0798 | accuracy 9.6875 | mean_length 64
09-09-21 19:33:53 - epoch 2 | global step 7790 | mode train | loss 2.0798 | accuracy 13.125 | mean_length 64
09-09-21 19:35:40 - epoch 2 | global step 7800 | mode train | loss 2.0799 | accuracy 13.4375 | mean_length 64
09-09-21 19:37:27 - epoch 2 | global step 7810 | mode train | loss 2.0804 | accuracy 8.4375 | mean_length 64
09-09-21 19:39:15 - epoch 2 | global step 7820 | mode train | loss 2.0792 | accuracy 11.5625 | mean_length 64
09-09-21 19:41:02 - epoch 2 | global step 7830 | mode train | loss 2.0791 | accuracy 16.875 | mean_length 64
09-09-21 19:42:49 - epoch 2 | global step 7840 | mode train | loss 2.0795 | accuracy 11.875 | mean_length 64
09-09-21 19:44:37 - epoch 2 | global step 7850 | mode train | loss 2.079 | accuracy 14.0625 | mean_length 64
09-09-21 19:46:24 - epoch 2 | global step 7860 | mode train | loss 2.0791 | accuracy 13.125 | mean_length 64
09-09-21 19:48:11 - epoch 2 | global step 7870 | mode train | loss 2.08 | accuracy 13.125 | mean_length 64
09-09-21 19:49:58 - epoch 2 | global step 7880 | mode train | loss 2.0794 | accuracy 10.3125 | mean_length 64
09-09-21 19:51:46 - epoch 2 | global step 7890 | mode train | loss 2.0799 | accuracy 12.1875 | mean_length 64
09-09-21 19:53:33 - epoch 2 | global step 7900 | mode train | loss 2.0795 | accuracy 13.75 | mean_length 64
09-09-21 19:55:20 - epoch 2 | global step 7910 | mode train | loss 2.0798 | accuracy 11.25 | mean_length 64
09-09-21 19:57:08 - epoch 2 | global step 7920 | mode train | loss 2.0797 | accuracy 12.1875 | mean_length 64
09-09-21 19:58:55 - epoch 2 | global step 7930 | mode train | loss 2.0796 | accuracy 15.0 | mean_length 64
09-09-21 20:00:42 - epoch 2 | global step 7940 | mode train | loss 2.0795 | accuracy 13.4375 | mean_length 64
09-09-21 20:02:29 - epoch 2 | global step 7950 | mode train | loss 2.08 | accuracy 11.875 | mean_length 64
09-09-21 20:04:17 - epoch 2 | global step 7960 | mode train | loss 2.0798 | accuracy 13.4375 | mean_length 64
09-09-21 20:06:04 - epoch 2 | global step 7970 | mode train | loss 2.0791 | accuracy 12.8125 | mean_length 64
09-09-21 20:07:51 - epoch 2 | global step 7980 | mode train | loss 2.0794 | accuracy 13.75 | mean_length 64
09-09-21 20:09:39 - epoch 2 | global step 7990 | mode train | loss 2.0804 | accuracy 10.3125 | mean_length 64
09-09-21 20:11:26 - epoch 2 | global step 8000 | mode train | loss 2.0798 | accuracy 10.9375 | mean_length 64
09-09-21 20:13:13 - epoch 2 | global step 8010 | mode train | loss 2.0803 | accuracy 11.5625 | mean_length 64
09-09-21 20:15:00 - epoch 2 | global step 8020 | mode train | loss 2.0797 | accuracy 11.25 | mean_length 64
09-09-21 20:16:48 - epoch 2 | global step 8030 | mode train | loss 2.0796 | accuracy 12.5 | mean_length 64
09-09-21 20:18:36 - epoch 2 | global step 8040 | mode train | loss 2.0791 | accuracy 14.6875 | mean_length 64
09-09-21 20:20:23 - epoch 2 | global step 8050 | mode train | loss 2.0802 | accuracy 12.5 | mean_length 64
09-09-21 20:22:10 - epoch 2 | global step 8060 | mode train | loss 2.08 | accuracy 11.875 | mean_length 64
09-09-21 20:23:57 - epoch 2 | global step 8070 | mode train | loss 2.0795 | accuracy 15.9375 | mean_length 64
09-09-21 20:25:45 - epoch 2 | global step 8080 | mode train | loss 2.0794 | accuracy 12.8125 | mean_length 64
09-09-21 20:27:32 - epoch 2 | global step 8090 | mode train | loss 2.0795 | accuracy 13.125 | mean_length 64
09-09-21 20:29:19 - epoch 2 | global step 8100 | mode train | loss 2.0794 | accuracy 11.5625 | mean_length 64
09-09-21 20:31:06 - epoch 2 | global step 8110 | mode train | loss 2.08 | accuracy 12.5 | mean_length 64
09-09-21 20:32:54 - epoch 2 | global step 8120 | mode train | loss 2.0801 | accuracy 10.3125 | mean_length 64
09-09-21 20:34:41 - epoch 2 | global step 8130 | mode train | loss 2.08 | accuracy 12.5 | mean_length 64
09-09-21 20:36:28 - epoch 2 | global step 8140 | mode train | loss 2.0803 | accuracy 10.625 | mean_length 64
09-09-21 20:38:16 - epoch 2 | global step 8150 | mode train | loss 2.0793 | accuracy 11.875 | mean_length 64
09-09-21 20:40:03 - epoch 2 | global step 8160 | mode train | loss 2.0796 | accuracy 9.375 | mean_length 64
09-09-21 20:41:50 - epoch 2 | global step 8170 | mode train | loss 2.0798 | accuracy 10.9375 | mean_length 64
09-09-21 20:43:37 - epoch 2 | global step 8180 | mode train | loss 2.0799 | accuracy 10.9375 | mean_length 64
09-09-21 20:45:25 - epoch 2 | global step 8190 | mode train | loss 2.0802 | accuracy 12.8125 | mean_length 64
09-09-21 20:45:46 - Evaluate the following checkpoint: Output/accGrad4_mbart_noBT_lr1.75e-5_7distractors_maxstep8192_seed42/model.pt
09-09-21 20:57:24 - Best model stats: 
09-09-21 20:57:24 - epoch 0 | global step 0 | mode validation | loss 2.0795 | accuracy 12.64 | mean_length 64
