==========================================
SLURM_JOB_ID = 5808294
SLURM_JOB_NODELIST = d13-08
TMPDIR = /tmp/SLURM_5808294
==========================================
/home1/zliu9986/communication-translation
09-08-21 17:46:15 - Dataset Loaded
09-08-21 17:46:15 - Configuration:
Namespace(TransferH=False, alpha=1.0, batch_size=8, beam_width=5, bidirectional=False, config='Configs/mbart_ec_en+zh.yml', cpu=False, decode_how='beam', device=device(type='cuda'), do_eval=True, do_train=True, dropout=0.1, fix_bhd=False, fix_spk=False, grad_clip=1.0, gradient_accumulation_steps=4, hard=False, has_vocab_constraint=False, hidden_dim=512, image_dim=2048, lr=2e-05, max_global_step=8192, max_seq_length=64, mode='emergent_communication', model_name='Models/mbart_bt_en+zh_lr25e-6', n_gpu=1, no_share_bhd=False, no_terminal=False, no_write=False, num_distractors_train=7, num_distractors_valid=7, num_games=30, num_layers=1, output_dir='Output/accGrad4_mbart_BTen+zh_lr2.0e-5_7distractors_maxstep8192_seed42', print_every=10, save_output_txt=True, save_pretrain_seperately=True, seed=42, source_lang='en_XX', source_lang_vocab_constrain_file='/projects/unmt/communication-translation/en_cc_tokenID2count_dict.cc25.json', stats_to_print=['loss', 'accuracy', 'caption generation loss', 'image selection loss', 'mean_length'], target_acc=85.0, target_lang='zh_CN', target_lang_vocab_constrain_file='/projects/unmt/communication-translation/zh-Hans_cc_tokenID2count_dict.cc25.json', temp=1.0, temperature=1.0, train_images='./Data/ec_finetuning/images_train', two_ffwd=False, unit_norm=False, valid_every=512, valid_images='./Data/ec_finetuning/images_val', vocab_size=4035)
Sharing visual system for each agent.
09-08-21 17:56:14 - epoch 0 | global step 0 | mode validation | loss 2.7472 | accuracy 12.48 | mean_length 48.111
09-08-21 17:56:14 - Saving model to Output/accGrad4_mbart_BTen+zh_lr2.0e-5_7distractors_maxstep8192_seed42
Epoch: 0, Prediction Accuracy: 12.48, Saved to Path: Output/accGrad4_mbart_BTen+zh_lr2.0e-5_7distractors_maxstep8192_seed42
09-08-21 17:57:58 - epoch 0 | global step 10 | mode train | loss 2.4015 | accuracy 11.5625 | mean_length 34.3531
09-08-21 17:58:55 - epoch 0 | global step 20 | mode train | loss 2.1307 | accuracy 12.1875 | mean_length 15.4156
09-08-21 17:59:54 - epoch 0 | global step 30 | mode train | loss 2.099 | accuracy 12.1875 | mean_length 15.6625
09-08-21 18:01:03 - epoch 0 | global step 40 | mode train | loss 2.0777 | accuracy 13.75 | mean_length 18.0281
09-08-21 18:02:24 - epoch 0 | global step 50 | mode train | loss 2.0807 | accuracy 16.25 | mean_length 18.7906
09-08-21 18:03:43 - epoch 0 | global step 60 | mode train | loss 2.0783 | accuracy 12.1875 | mean_length 18.9219
09-08-21 18:05:12 - epoch 0 | global step 70 | mode train | loss 2.0886 | accuracy 12.1875 | mean_length 34.3312
09-08-21 18:06:59 - epoch 0 | global step 80 | mode train | loss 2.0829 | accuracy 11.25 | mean_length 63.7281
09-08-21 18:08:47 - epoch 0 | global step 90 | mode train | loss 2.0935 | accuracy 13.4375 | mean_length 64
09-08-21 18:10:34 - epoch 0 | global step 100 | mode train | loss 2.0924 | accuracy 11.25 | mean_length 64
09-08-21 18:12:21 - epoch 0 | global step 110 | mode train | loss 2.0931 | accuracy 11.5625 | mean_length 64
09-08-21 18:14:08 - epoch 0 | global step 120 | mode train | loss 2.0837 | accuracy 11.875 | mean_length 64
09-08-21 18:15:55 - epoch 0 | global step 130 | mode train | loss 2.0789 | accuracy 10.3125 | mean_length 64
09-08-21 18:17:42 - epoch 0 | global step 140 | mode train | loss 2.087 | accuracy 13.4375 | mean_length 64
09-08-21 18:19:29 - epoch 0 | global step 150 | mode train | loss 2.0827 | accuracy 10.625 | mean_length 64
09-08-21 18:21:16 - epoch 0 | global step 160 | mode train | loss 2.0816 | accuracy 13.75 | mean_length 64
09-08-21 18:23:03 - epoch 0 | global step 170 | mode train | loss 2.0643 | accuracy 14.6875 | mean_length 64
09-08-21 18:24:51 - epoch 0 | global step 180 | mode train | loss 2.0268 | accuracy 13.4375 | mean_length 64
09-08-21 18:26:39 - epoch 0 | global step 190 | mode train | loss 2.0834 | accuracy 10.9375 | mean_length 64
09-08-21 18:28:26 - epoch 0 | global step 200 | mode train | loss 2.0769 | accuracy 16.25 | mean_length 64
09-08-21 18:30:13 - epoch 0 | global step 210 | mode train | loss 2.0843 | accuracy 16.875 | mean_length 64
09-08-21 18:32:01 - epoch 0 | global step 220 | mode train | loss 2.0876 | accuracy 15.9375 | mean_length 64
09-08-21 18:33:48 - epoch 0 | global step 230 | mode train | loss 2.0874 | accuracy 10.9375 | mean_length 64
09-08-21 18:35:36 - epoch 0 | global step 240 | mode train | loss 2.0867 | accuracy 9.375 | mean_length 64
09-08-21 18:37:23 - epoch 0 | global step 250 | mode train | loss 2.0865 | accuracy 11.25 | mean_length 64
09-08-21 18:39:11 - epoch 0 | global step 260 | mode train | loss 2.0808 | accuracy 15.3125 | mean_length 64
09-08-21 18:40:58 - epoch 0 | global step 270 | mode train | loss 2.0817 | accuracy 14.0625 | mean_length 64
09-08-21 18:42:45 - epoch 0 | global step 280 | mode train | loss 2.0805 | accuracy 12.8125 | mean_length 64
09-08-21 18:44:33 - epoch 0 | global step 290 | mode train | loss 2.0801 | accuracy 10.0 | mean_length 64
09-08-21 18:46:20 - epoch 0 | global step 300 | mode train | loss 2.0811 | accuracy 13.75 | mean_length 64
09-08-21 18:48:07 - epoch 0 | global step 310 | mode train | loss 2.0836 | accuracy 11.25 | mean_length 64
09-08-21 18:49:55 - epoch 0 | global step 320 | mode train | loss 2.0815 | accuracy 12.1875 | mean_length 64
09-08-21 18:51:42 - epoch 0 | global step 330 | mode train | loss 2.0828 | accuracy 11.875 | mean_length 64
09-08-21 18:53:30 - epoch 0 | global step 340 | mode train | loss 2.0799 | accuracy 14.375 | mean_length 64
09-08-21 18:55:17 - epoch 0 | global step 350 | mode train | loss 2.0829 | accuracy 11.875 | mean_length 64
09-08-21 18:57:04 - epoch 0 | global step 360 | mode train | loss 2.081 | accuracy 11.25 | mean_length 64
09-08-21 18:58:51 - epoch 0 | global step 370 | mode train | loss 2.0804 | accuracy 14.6875 | mean_length 64
09-08-21 19:00:38 - epoch 0 | global step 380 | mode train | loss 2.0828 | accuracy 10.9375 | mean_length 64
09-08-21 19:02:26 - epoch 0 | global step 390 | mode train | loss 2.0861 | accuracy 11.25 | mean_length 64
09-08-21 19:04:13 - epoch 0 | global step 400 | mode train | loss 2.082 | accuracy 12.1875 | mean_length 64
09-08-21 19:06:00 - epoch 0 | global step 410 | mode train | loss 2.0785 | accuracy 15.0 | mean_length 64
09-08-21 19:07:47 - epoch 0 | global step 420 | mode train | loss 2.0806 | accuracy 11.25 | mean_length 64
09-08-21 19:09:34 - epoch 0 | global step 430 | mode train | loss 2.0779 | accuracy 15.625 | mean_length 64
09-08-21 19:11:21 - epoch 0 | global step 440 | mode train | loss 2.0842 | accuracy 9.6875 | mean_length 64
09-08-21 19:13:08 - epoch 0 | global step 450 | mode train | loss 2.0799 | accuracy 13.75 | mean_length 64
09-08-21 19:14:55 - epoch 0 | global step 460 | mode train | loss 2.0803 | accuracy 13.4375 | mean_length 64
09-08-21 19:16:43 - epoch 0 | global step 470 | mode train | loss 2.0821 | accuracy 10.9375 | mean_length 64
09-08-21 19:18:30 - epoch 0 | global step 480 | mode train | loss 2.0783 | accuracy 11.875 | mean_length 64
09-08-21 19:20:17 - epoch 0 | global step 490 | mode train | loss 2.077 | accuracy 12.1875 | mean_length 64
09-08-21 19:22:04 - epoch 0 | global step 500 | mode train | loss 2.0818 | accuracy 9.375 | mean_length 64
09-08-21 19:23:52 - epoch 0 | global step 510 | mode train | loss 2.0766 | accuracy 13.4375 | mean_length 64
09-08-21 19:33:51 - epoch 0 | global step 512 | mode validation | loss 2.08 | accuracy 12.74 | mean_length 64
09-08-21 19:33:51 - Saving model to Output/accGrad4_mbart_BTen+zh_lr2.0e-5_7distractors_maxstep8192_seed42
Epoch: 0, Prediction Accuracy: 12.74, Saved to Path: Output/accGrad4_mbart_BTen+zh_lr2.0e-5_7distractors_maxstep8192_seed42
09-08-21 19:35:27 - epoch 0 | global step 520 | mode train | loss 2.0787 | accuracy 11.875 | mean_length 64
09-08-21 19:37:14 - epoch 0 | global step 530 | mode train | loss 2.0767 | accuracy 15.0 | mean_length 64
09-08-21 19:39:01 - epoch 0 | global step 540 | mode train | loss 2.0802 | accuracy 14.375 | mean_length 64
09-08-21 19:40:48 - epoch 0 | global step 550 | mode train | loss 2.0854 | accuracy 10.625 | mean_length 64
09-08-21 19:42:35 - epoch 0 | global step 560 | mode train | loss 2.0743 | accuracy 13.4375 | mean_length 64
09-08-21 19:44:23 - epoch 0 | global step 570 | mode train | loss 2.08 | accuracy 10.9375 | mean_length 64
09-08-21 19:46:10 - epoch 0 | global step 580 | mode train | loss 2.0859 | accuracy 9.375 | mean_length 64
09-08-21 19:47:57 - epoch 0 | global step 590 | mode train | loss 2.0808 | accuracy 9.6875 | mean_length 64
09-08-21 19:49:44 - epoch 0 | global step 600 | mode train | loss 2.081 | accuracy 11.875 | mean_length 64
09-08-21 19:51:31 - epoch 0 | global step 610 | mode train | loss 2.0789 | accuracy 13.75 | mean_length 64
09-08-21 19:53:19 - epoch 0 | global step 620 | mode train | loss 2.0786 | accuracy 14.6875 | mean_length 64
09-08-21 19:55:06 - epoch 0 | global step 630 | mode train | loss 2.0786 | accuracy 10.9375 | mean_length 64
09-08-21 19:56:53 - epoch 0 | global step 640 | mode train | loss 2.0812 | accuracy 11.25 | mean_length 64
09-08-21 19:58:40 - epoch 0 | global step 650 | mode train | loss 2.075 | accuracy 16.875 | mean_length 64
09-08-21 20:00:27 - epoch 0 | global step 660 | mode train | loss 2.0815 | accuracy 9.0625 | mean_length 64
09-08-21 20:02:14 - epoch 0 | global step 670 | mode train | loss 2.1012 | accuracy 12.5 | mean_length 63.975
09-08-21 20:04:01 - epoch 0 | global step 680 | mode train | loss 2.0517 | accuracy 12.5 | mean_length 63.9562
09-08-21 20:05:48 - epoch 0 | global step 690 | mode train | loss 2.0213 | accuracy 11.25 | mean_length 63.9281
09-08-21 20:07:34 - epoch 0 | global step 700 | mode train | loss 1.9992 | accuracy 10.9375 | mean_length 62.9125
09-08-21 20:09:21 - epoch 0 | global step 710 | mode train | loss 2.0607 | accuracy 14.375 | mean_length 63.8813
09-08-21 20:11:08 - epoch 0 | global step 720 | mode train | loss 2.0823 | accuracy 13.125 | mean_length 64
09-08-21 20:12:56 - epoch 0 | global step 730 | mode train | loss 2.0773 | accuracy 11.25 | mean_length 63.9937
09-08-21 20:14:43 - epoch 0 | global step 740 | mode train | loss 2.081 | accuracy 12.8125 | mean_length 64
09-08-21 20:16:30 - epoch 0 | global step 750 | mode train | loss 2.0791 | accuracy 11.5625 | mean_length 64
09-08-21 20:18:17 - epoch 0 | global step 760 | mode train | loss 2.0759 | accuracy 13.75 | mean_length 63.9906
09-08-21 20:20:04 - epoch 0 | global step 770 | mode train | loss 2.0737 | accuracy 14.375 | mean_length 64
09-08-21 20:21:52 - epoch 0 | global step 780 | mode train | loss 2.072 | accuracy 12.1875 | mean_length 64
09-08-21 20:23:39 - epoch 0 | global step 790 | mode train | loss 2.0711 | accuracy 14.0625 | mean_length 64
09-08-21 20:25:26 - epoch 0 | global step 800 | mode train | loss 2.0255 | accuracy 14.0625 | mean_length 63.4844
09-08-21 20:27:15 - epoch 0 | global step 810 | mode train | loss 2.0181 | accuracy 11.5625 | mean_length 63.8531
09-08-21 20:29:04 - epoch 0 | global step 820 | mode train | loss 1.9947 | accuracy 12.5 | mean_length 63.8406
09-08-21 20:30:52 - epoch 0 | global step 830 | mode train | loss 2.0485 | accuracy 13.75 | mean_length 64
09-08-21 20:32:43 - epoch 0 | global step 840 | mode train | loss 2.0808 | accuracy 10.625 | mean_length 64
09-08-21 20:34:30 - epoch 0 | global step 850 | mode train | loss 2.0802 | accuracy 12.8125 | mean_length 64
09-08-21 20:36:17 - epoch 0 | global step 860 | mode train | loss 2.0794 | accuracy 11.5625 | mean_length 64
09-08-21 20:38:04 - epoch 0 | global step 870 | mode train | loss 2.081 | accuracy 11.875 | mean_length 64
09-08-21 20:39:51 - epoch 0 | global step 880 | mode train | loss 2.0802 | accuracy 12.1875 | mean_length 64
09-08-21 20:41:39 - epoch 0 | global step 890 | mode train | loss 2.0775 | accuracy 15.0 | mean_length 64
09-08-21 20:43:28 - epoch 0 | global step 900 | mode train | loss 2.0836 | accuracy 12.5 | mean_length 64
09-08-21 20:45:15 - epoch 0 | global step 910 | mode train | loss 2.0789 | accuracy 12.5 | mean_length 64
09-08-21 20:47:03 - epoch 0 | global step 920 | mode train | loss 2.0829 | accuracy 11.875 | mean_length 64
09-08-21 20:48:50 - epoch 0 | global step 930 | mode train | loss 2.078 | accuracy 13.4375 | mean_length 64
09-08-21 20:50:38 - epoch 0 | global step 940 | mode train | loss 2.0769 | accuracy 12.8125 | mean_length 64
09-08-21 20:52:25 - epoch 0 | global step 950 | mode train | loss 2.0808 | accuracy 10.3125 | mean_length 64
09-08-21 20:54:12 - epoch 0 | global step 960 | mode train | loss 2.0771 | accuracy 15.3125 | mean_length 64
09-08-21 20:55:59 - epoch 0 | global step 970 | mode train | loss 2.0794 | accuracy 13.125 | mean_length 64
09-08-21 20:57:46 - epoch 0 | global step 980 | mode train | loss 2.0804 | accuracy 15.3125 | mean_length 64
09-08-21 20:59:34 - epoch 0 | global step 990 | mode train | loss 2.0845 | accuracy 11.5625 | mean_length 64
09-08-21 21:01:21 - epoch 0 | global step 1000 | mode train | loss 2.0814 | accuracy 11.25 | mean_length 64
09-08-21 21:03:08 - epoch 0 | global step 1010 | mode train | loss 2.0806 | accuracy 12.8125 | mean_length 64
09-08-21 21:04:55 - epoch 0 | global step 1020 | mode train | loss 2.0814 | accuracy 11.875 | mean_length 64
09-08-21 21:15:16 - epoch 0 | global step 1024 | mode validation | loss 2.0798 | accuracy 12.76 | mean_length 64
09-08-21 21:15:16 - Saving model to Output/accGrad4_mbart_BTen+zh_lr2.0e-5_7distractors_maxstep8192_seed42
Epoch: 0, Prediction Accuracy: 12.76, Saved to Path: Output/accGrad4_mbart_BTen+zh_lr2.0e-5_7distractors_maxstep8192_seed42
09-08-21 21:16:30 - epoch 0 | global step 1030 | mode train | loss 2.0801 | accuracy 14.6875 | mean_length 64
09-08-21 21:18:18 - epoch 0 | global step 1040 | mode train | loss 2.0789 | accuracy 13.4375 | mean_length 64
09-08-21 21:20:05 - epoch 0 | global step 1050 | mode train | loss 2.0792 | accuracy 13.125 | mean_length 64
09-08-21 21:21:52 - epoch 0 | global step 1060 | mode train | loss 2.0799 | accuracy 12.1875 | mean_length 64
09-08-21 21:23:40 - epoch 0 | global step 1070 | mode train | loss 2.0797 | accuracy 10.9375 | mean_length 64
09-08-21 21:25:27 - epoch 0 | global step 1080 | mode train | loss 2.0782 | accuracy 12.1875 | mean_length 64
09-08-21 21:27:14 - epoch 0 | global step 1090 | mode train | loss 2.0792 | accuracy 10.625 | mean_length 64
09-08-21 21:29:02 - epoch 0 | global step 1100 | mode train | loss 2.0815 | accuracy 10.625 | mean_length 64
09-08-21 21:30:49 - epoch 0 | global step 1110 | mode train | loss 2.0795 | accuracy 8.75 | mean_length 64
09-08-21 21:32:36 - epoch 0 | global step 1120 | mode train | loss 2.0763 | accuracy 15.0 | mean_length 64
09-08-21 21:34:23 - epoch 0 | global step 1130 | mode train | loss 2.0803 | accuracy 13.125 | mean_length 64
09-08-21 21:36:11 - epoch 0 | global step 1140 | mode train | loss 2.0774 | accuracy 15.625 | mean_length 64
09-08-21 21:37:58 - epoch 0 | global step 1150 | mode train | loss 2.0765 | accuracy 11.875 | mean_length 64
09-08-21 21:39:45 - epoch 0 | global step 1160 | mode train | loss 2.08 | accuracy 12.1875 | mean_length 64
09-08-21 21:41:32 - epoch 0 | global step 1170 | mode train | loss 2.0787 | accuracy 10.9375 | mean_length 64
09-08-21 21:43:21 - epoch 0 | global step 1180 | mode train | loss 2.0791 | accuracy 10.9375 | mean_length 64
09-08-21 21:45:08 - epoch 0 | global step 1190 | mode train | loss 2.0798 | accuracy 12.5 | mean_length 64
09-08-21 21:46:56 - epoch 0 | global step 1200 | mode train | loss 2.0807 | accuracy 10.9375 | mean_length 64
09-08-21 21:48:43 - epoch 0 | global step 1210 | mode train | loss 2.0808 | accuracy 11.5625 | mean_length 64
09-08-21 21:50:30 - epoch 0 | global step 1220 | mode train | loss 2.0789 | accuracy 12.5 | mean_length 64
09-08-21 21:52:17 - epoch 0 | global step 1230 | mode train | loss 2.0794 | accuracy 11.875 | mean_length 64
09-08-21 21:54:04 - epoch 0 | global step 1240 | mode train | loss 2.0801 | accuracy 12.1875 | mean_length 64
09-08-21 21:55:52 - epoch 0 | global step 1250 | mode train | loss 2.0778 | accuracy 14.0625 | mean_length 64
09-08-21 21:57:39 - epoch 0 | global step 1260 | mode train | loss 2.0798 | accuracy 12.1875 | mean_length 64
09-08-21 21:59:26 - epoch 0 | global step 1270 | mode train | loss 2.0799 | accuracy 12.1875 | mean_length 64
09-08-21 22:01:13 - epoch 0 | global step 1280 | mode train | loss 2.0798 | accuracy 15.9375 | mean_length 64
09-08-21 22:03:01 - epoch 0 | global step 1290 | mode train | loss 2.0797 | accuracy 11.875 | mean_length 64
09-08-21 22:04:48 - epoch 0 | global step 1300 | mode train | loss 2.079 | accuracy 11.875 | mean_length 64
09-08-21 22:06:35 - epoch 0 | global step 1310 | mode train | loss 2.08 | accuracy 14.375 | mean_length 64
09-08-21 22:08:22 - epoch 0 | global step 1320 | mode train | loss 2.0788 | accuracy 17.1875 | mean_length 64
09-08-21 22:10:11 - epoch 0 | global step 1330 | mode train | loss 2.0787 | accuracy 12.1875 | mean_length 64
09-08-21 22:11:58 - epoch 0 | global step 1340 | mode train | loss 2.0782 | accuracy 13.125 | mean_length 64
09-08-21 22:13:45 - epoch 0 | global step 1350 | mode train | loss 2.0789 | accuracy 14.6875 | mean_length 64
09-08-21 22:15:32 - epoch 0 | global step 1360 | mode train | loss 2.0827 | accuracy 11.25 | mean_length 64
09-08-21 22:17:20 - epoch 0 | global step 1370 | mode train | loss 2.0824 | accuracy 11.875 | mean_length 64
09-08-21 22:19:07 - epoch 0 | global step 1380 | mode train | loss 2.0804 | accuracy 11.25 | mean_length 64
09-08-21 22:20:54 - epoch 0 | global step 1390 | mode train | loss 2.08 | accuracy 11.25 | mean_length 64
09-08-21 22:22:42 - epoch 0 | global step 1400 | mode train | loss 2.0793 | accuracy 14.0625 | mean_length 64
09-08-21 22:24:29 - epoch 0 | global step 1410 | mode train | loss 2.0802 | accuracy 13.75 | mean_length 64
09-08-21 22:26:16 - epoch 0 | global step 1420 | mode train | loss 2.0803 | accuracy 12.1875 | mean_length 64
09-08-21 22:28:04 - epoch 0 | global step 1430 | mode train | loss 2.0803 | accuracy 11.5625 | mean_length 64
09-08-21 22:29:51 - epoch 0 | global step 1440 | mode train | loss 2.0789 | accuracy 15.0 | mean_length 64
09-08-21 22:31:38 - epoch 0 | global step 1450 | mode train | loss 2.0802 | accuracy 10.0 | mean_length 64
09-08-21 22:33:25 - epoch 0 | global step 1460 | mode train | loss 2.0803 | accuracy 9.6875 | mean_length 64
09-08-21 22:35:12 - epoch 0 | global step 1470 | mode train | loss 2.0785 | accuracy 11.875 | mean_length 64
09-08-21 22:37:00 - epoch 0 | global step 1480 | mode train | loss 2.0812 | accuracy 10.625 | mean_length 64
09-08-21 22:38:47 - epoch 0 | global step 1490 | mode train | loss 2.0791 | accuracy 10.625 | mean_length 64
09-08-21 22:40:34 - epoch 0 | global step 1500 | mode train | loss 2.0795 | accuracy 12.1875 | mean_length 64
09-08-21 22:42:21 - epoch 0 | global step 1510 | mode train | loss 2.0795 | accuracy 12.5 | mean_length 64
09-08-21 22:44:08 - epoch 0 | global step 1520 | mode train | loss 2.0783 | accuracy 12.5 | mean_length 64
09-08-21 22:45:55 - epoch 0 | global step 1530 | mode train | loss 2.0814 | accuracy 10.3125 | mean_length 64
09-08-21 22:56:37 - epoch 0 | global step 1536 | mode validation | loss 2.0795 | accuracy 12.64 | mean_length 64
09-08-21 22:56:37 - Saving model to Output/accGrad4_mbart_BTen+zh_lr2.0e-5_7distractors_maxstep8192_seed42
Epoch: 0, Prediction Accuracy: 12.64, Saved to Path: Output/accGrad4_mbart_BTen+zh_lr2.0e-5_7distractors_maxstep8192_seed42
09-08-21 22:57:30 - epoch 0 | global step 1540 | mode train | loss 2.0772 | accuracy 13.75 | mean_length 64
09-08-21 22:59:17 - epoch 0 | global step 1550 | mode train | loss 2.079 | accuracy 12.1875 | mean_length 64
09-08-21 23:01:04 - epoch 0 | global step 1560 | mode train | loss 2.0801 | accuracy 11.875 | mean_length 64
09-08-21 23:02:52 - epoch 0 | global step 1570 | mode train | loss 2.0792 | accuracy 14.0625 | mean_length 64
09-08-21 23:04:39 - epoch 0 | global step 1580 | mode train | loss 2.0789 | accuracy 15.625 | mean_length 64
09-08-21 23:06:26 - epoch 0 | global step 1590 | mode train | loss 2.0799 | accuracy 14.0625 | mean_length 64
09-08-21 23:08:14 - epoch 0 | global step 1600 | mode train | loss 2.0816 | accuracy 11.25 | mean_length 64
09-08-21 23:10:01 - epoch 0 | global step 1610 | mode train | loss 2.0802 | accuracy 12.8125 | mean_length 64
09-08-21 23:11:48 - epoch 0 | global step 1620 | mode train | loss 2.0799 | accuracy 13.125 | mean_length 64
09-08-21 23:13:35 - epoch 0 | global step 1630 | mode train | loss 2.0816 | accuracy 11.875 | mean_length 64
09-08-21 23:15:23 - epoch 0 | global step 1640 | mode train | loss 2.0786 | accuracy 17.1875 | mean_length 64
09-08-21 23:17:10 - epoch 0 | global step 1650 | mode train | loss 2.0811 | accuracy 10.9375 | mean_length 64
09-08-21 23:18:57 - epoch 0 | global step 1660 | mode train | loss 2.0822 | accuracy 13.125 | mean_length 64
09-08-21 23:20:44 - epoch 0 | global step 1670 | mode train | loss 2.079 | accuracy 12.5 | mean_length 64
09-08-21 23:22:32 - epoch 0 | global step 1680 | mode train | loss 2.0788 | accuracy 13.4375 | mean_length 64
09-08-21 23:24:19 - epoch 0 | global step 1690 | mode train | loss 2.0789 | accuracy 12.8125 | mean_length 64
09-08-21 23:26:06 - epoch 0 | global step 1700 | mode train | loss 2.0803 | accuracy 11.875 | mean_length 64
09-08-21 23:27:54 - epoch 0 | global step 1710 | mode train | loss 2.0817 | accuracy 12.5 | mean_length 64
09-08-21 23:29:41 - epoch 0 | global step 1720 | mode train | loss 2.0797 | accuracy 11.875 | mean_length 64
09-08-21 23:31:28 - epoch 0 | global step 1730 | mode train | loss 2.0795 | accuracy 11.5625 | mean_length 64
09-08-21 23:33:15 - epoch 0 | global step 1740 | mode train | loss 2.0794 | accuracy 14.0625 | mean_length 64
09-08-21 23:35:03 - epoch 0 | global step 1750 | mode train | loss 2.0784 | accuracy 13.125 | mean_length 64
09-08-21 23:36:50 - epoch 0 | global step 1760 | mode train | loss 2.079 | accuracy 12.5 | mean_length 64
09-08-21 23:38:37 - epoch 0 | global step 1770 | mode train | loss 2.0773 | accuracy 14.6875 | mean_length 64
09-08-21 23:40:24 - epoch 0 | global step 1780 | mode train | loss 2.0359 | accuracy 15.0 | mean_length 64
09-08-21 23:42:11 - epoch 0 | global step 1790 | mode train | loss 2.0805 | accuracy 16.25 | mean_length 64
09-08-21 23:43:59 - epoch 0 | global step 1800 | mode train | loss 2.0805 | accuracy 14.0625 | mean_length 64
09-08-21 23:45:46 - epoch 0 | global step 1810 | mode train | loss 2.0783 | accuracy 14.6875 | mean_length 64
09-08-21 23:47:33 - epoch 0 | global step 1820 | mode train | loss 2.0808 | accuracy 11.25 | mean_length 64
09-08-21 23:49:20 - epoch 0 | global step 1830 | mode train | loss 2.0807 | accuracy 9.6875 | mean_length 64
09-08-21 23:51:07 - epoch 0 | global step 1840 | mode train | loss 2.0807 | accuracy 10.625 | mean_length 64
09-08-21 23:52:54 - epoch 0 | global step 1850 | mode train | loss 2.0814 | accuracy 10.9375 | mean_length 64
09-08-21 23:54:41 - epoch 0 | global step 1860 | mode train | loss 2.0802 | accuracy 10.9375 | mean_length 64
09-08-21 23:56:29 - epoch 0 | global step 1870 | mode train | loss 2.0808 | accuracy 11.25 | mean_length 64
09-08-21 23:58:16 - epoch 0 | global step 1880 | mode train | loss 2.079 | accuracy 11.875 | mean_length 64
09-09-21 00:00:03 - epoch 0 | global step 1890 | mode train | loss 2.0813 | accuracy 12.5 | mean_length 64
09-09-21 00:01:50 - epoch 0 | global step 1900 | mode train | loss 2.0817 | accuracy 13.4375 | mean_length 64
09-09-21 00:03:37 - epoch 0 | global step 1910 | mode train | loss 2.0795 | accuracy 13.4375 | mean_length 64
09-09-21 00:05:24 - epoch 0 | global step 1920 | mode train | loss 2.0779 | accuracy 16.875 | mean_length 64
09-09-21 00:07:12 - epoch 0 | global step 1930 | mode train | loss 2.0794 | accuracy 11.875 | mean_length 64
09-09-21 00:08:59 - epoch 0 | global step 1940 | mode train | loss 2.0777 | accuracy 15.3125 | mean_length 64
09-09-21 00:10:46 - epoch 0 | global step 1950 | mode train | loss 2.0802 | accuracy 15.3125 | mean_length 64
09-09-21 00:12:33 - epoch 0 | global step 1960 | mode train | loss 2.0786 | accuracy 15.9375 | mean_length 64
09-09-21 00:14:20 - epoch 0 | global step 1970 | mode train | loss 2.0816 | accuracy 11.25 | mean_length 64
09-09-21 00:16:07 - epoch 0 | global step 1980 | mode train | loss 2.0822 | accuracy 9.0625 | mean_length 64
09-09-21 00:17:54 - epoch 0 | global step 1990 | mode train | loss 2.0797 | accuracy 11.25 | mean_length 64
09-09-21 00:19:41 - epoch 0 | global step 2000 | mode train | loss 2.0806 | accuracy 8.75 | mean_length 64
09-09-21 00:21:29 - epoch 0 | global step 2010 | mode train | loss 2.0803 | accuracy 12.5 | mean_length 64
09-09-21 00:23:16 - epoch 0 | global step 2020 | mode train | loss 2.0815 | accuracy 9.0625 | mean_length 64
09-09-21 00:25:03 - epoch 0 | global step 2030 | mode train | loss 2.0814 | accuracy 12.8125 | mean_length 64
09-09-21 00:26:51 - epoch 0 | global step 2040 | mode train | loss 2.0815 | accuracy 13.125 | mean_length 64
09-09-21 00:37:54 - epoch 0 | global step 2048 | mode validation | loss 2.0795 | accuracy 12.66 | mean_length 64
09-09-21 00:38:15 - epoch 0 | global step 2050 | mode train | loss 2.0799 | accuracy 13.75 | mean_length 64
09-09-21 00:40:03 - epoch 0 | global step 2060 | mode train | loss 2.0786 | accuracy 12.8125 | mean_length 64
09-09-21 00:41:50 - epoch 0 | global step 2070 | mode train | loss 2.0797 | accuracy 12.1875 | mean_length 64
09-09-21 00:43:37 - epoch 0 | global step 2080 | mode train | loss 2.0789 | accuracy 12.8125 | mean_length 64
09-09-21 00:45:24 - epoch 0 | global step 2090 | mode train | loss 2.079 | accuracy 12.1875 | mean_length 64
09-09-21 00:47:11 - epoch 0 | global step 2100 | mode train | loss 2.0801 | accuracy 11.875 | mean_length 64
09-09-21 00:48:59 - epoch 0 | global step 2110 | mode train | loss 2.08 | accuracy 13.75 | mean_length 64
09-09-21 00:50:46 - epoch 0 | global step 2120 | mode train | loss 2.0805 | accuracy 12.1875 | mean_length 64
09-09-21 00:52:33 - epoch 0 | global step 2130 | mode train | loss 2.0797 | accuracy 14.0625 | mean_length 64
09-09-21 00:54:20 - epoch 0 | global step 2140 | mode train | loss 2.0793 | accuracy 11.5625 | mean_length 64
09-09-21 00:56:07 - epoch 0 | global step 2150 | mode train | loss 2.0792 | accuracy 13.125 | mean_length 64
09-09-21 00:57:54 - epoch 0 | global step 2160 | mode train | loss 2.0802 | accuracy 13.125 | mean_length 64
09-09-21 00:59:41 - epoch 0 | global step 2170 | mode train | loss 2.0787 | accuracy 15.625 | mean_length 64
09-09-21 01:01:29 - epoch 0 | global step 2180 | mode train | loss 2.0792 | accuracy 10.9375 | mean_length 64
09-09-21 01:03:16 - epoch 0 | global step 2190 | mode train | loss 2.0801 | accuracy 11.5625 | mean_length 64
09-09-21 01:05:03 - epoch 0 | global step 2200 | mode train | loss 2.079 | accuracy 13.125 | mean_length 64
09-09-21 01:06:50 - epoch 0 | global step 2210 | mode train | loss 2.0789 | accuracy 15.625 | mean_length 64
09-09-21 01:08:37 - epoch 0 | global step 2220 | mode train | loss 2.0791 | accuracy 14.375 | mean_length 64
09-09-21 01:10:24 - epoch 0 | global step 2230 | mode train | loss 2.0805 | accuracy 9.0625 | mean_length 64
09-09-21 01:12:11 - epoch 0 | global step 2240 | mode train | loss 2.0821 | accuracy 8.125 | mean_length 64
09-09-21 01:13:58 - epoch 0 | global step 2250 | mode train | loss 2.079 | accuracy 11.5625 | mean_length 64
09-09-21 01:15:46 - epoch 0 | global step 2260 | mode train | loss 2.0807 | accuracy 11.875 | mean_length 64
09-09-21 01:17:33 - epoch 0 | global step 2270 | mode train | loss 2.0801 | accuracy 11.25 | mean_length 64
09-09-21 01:19:20 - epoch 0 | global step 2280 | mode train | loss 2.0816 | accuracy 9.375 | mean_length 64
09-09-21 01:21:07 - epoch 0 | global step 2290 | mode train | loss 2.0799 | accuracy 12.1875 | mean_length 64
09-09-21 01:22:54 - epoch 0 | global step 2300 | mode train | loss 2.0793 | accuracy 9.6875 | mean_length 64
09-09-21 01:24:41 - epoch 0 | global step 2310 | mode train | loss 2.0803 | accuracy 13.4375 | mean_length 64
09-09-21 01:26:29 - epoch 0 | global step 2320 | mode train | loss 2.0796 | accuracy 13.125 | mean_length 64
09-09-21 01:28:16 - epoch 0 | global step 2330 | mode train | loss 2.0797 | accuracy 10.0 | mean_length 64
09-09-21 01:30:03 - epoch 0 | global step 2340 | mode train | loss 2.0784 | accuracy 11.875 | mean_length 64
09-09-21 01:31:50 - epoch 0 | global step 2350 | mode train | loss 2.0777 | accuracy 14.6875 | mean_length 64
09-09-21 01:33:37 - epoch 0 | global step 2360 | mode train | loss 2.0791 | accuracy 10.3125 | mean_length 64
09-09-21 01:35:24 - epoch 0 | global step 2370 | mode train | loss 2.0792 | accuracy 14.6875 | mean_length 64
09-09-21 01:37:11 - epoch 0 | global step 2380 | mode train | loss 2.0809 | accuracy 11.875 | mean_length 64
09-09-21 01:38:58 - epoch 0 | global step 2390 | mode train | loss 2.0797 | accuracy 12.5 | mean_length 64
09-09-21 01:40:45 - epoch 0 | global step 2400 | mode train | loss 2.081 | accuracy 12.5 | mean_length 64
09-09-21 01:42:33 - epoch 0 | global step 2410 | mode train | loss 2.0794 | accuracy 13.4375 | mean_length 64
09-09-21 01:44:20 - epoch 0 | global step 2420 | mode train | loss 2.0793 | accuracy 12.8125 | mean_length 64
09-09-21 01:46:07 - epoch 0 | global step 2430 | mode train | loss 2.0794 | accuracy 12.1875 | mean_length 64
09-09-21 01:47:54 - epoch 0 | global step 2440 | mode train | loss 2.0795 | accuracy 12.1875 | mean_length 64
09-09-21 01:49:41 - epoch 0 | global step 2450 | mode train | loss 2.0799 | accuracy 15.625 | mean_length 64
09-09-21 01:51:28 - epoch 0 | global step 2460 | mode train | loss 2.0787 | accuracy 13.4375 | mean_length 64
09-09-21 01:53:16 - epoch 0 | global step 2470 | mode train | loss 2.0797 | accuracy 12.1875 | mean_length 64
09-09-21 01:55:03 - epoch 0 | global step 2480 | mode train | loss 2.0797 | accuracy 12.5 | mean_length 64
09-09-21 01:56:50 - epoch 0 | global step 2490 | mode train | loss 2.081 | accuracy 13.4375 | mean_length 64
09-09-21 01:58:37 - epoch 0 | global step 2500 | mode train | loss 2.0798 | accuracy 10.3125 | mean_length 64
09-09-21 02:00:24 - epoch 0 | global step 2510 | mode train | loss 2.0789 | accuracy 13.75 | mean_length 64
09-09-21 02:02:11 - epoch 0 | global step 2520 | mode train | loss 2.0794 | accuracy 15.0 | mean_length 64
09-09-21 02:03:58 - epoch 0 | global step 2530 | mode train | loss 2.0787 | accuracy 13.75 | mean_length 64
09-09-21 02:05:46 - epoch 0 | global step 2540 | mode train | loss 2.08 | accuracy 14.375 | mean_length 64
09-09-21 02:07:33 - epoch 0 | global step 2550 | mode train | loss 2.0787 | accuracy 11.875 | mean_length 64
09-09-21 02:09:20 - epoch 0 | global step 2560 | mode train | loss 2.0803 | accuracy 12.8125 | mean_length 64
09-09-21 02:18:56 - epoch 0 | global step 2560 | mode validation | loss 2.0797 | accuracy 12.6 | mean_length 64
09-09-21 02:20:43 - epoch 0 | global step 2570 | mode train | loss 2.0806 | accuracy 12.1875 | mean_length 64
09-09-21 02:22:30 - epoch 0 | global step 2580 | mode train | loss 2.0804 | accuracy 10.9375 | mean_length 64
09-09-21 02:24:17 - epoch 0 | global step 2590 | mode train | loss 2.078 | accuracy 15.0 | mean_length 64
09-09-21 02:26:05 - epoch 0 | global step 2600 | mode train | loss 2.08 | accuracy 10.9375 | mean_length 64
09-09-21 02:27:52 - epoch 0 | global step 2610 | mode train | loss 2.0791 | accuracy 15.3125 | mean_length 64
09-09-21 02:29:39 - epoch 0 | global step 2620 | mode train | loss 2.08 | accuracy 13.75 | mean_length 64
09-09-21 02:31:27 - epoch 0 | global step 2630 | mode train | loss 2.0796 | accuracy 15.0 | mean_length 64
09-09-21 02:33:14 - epoch 0 | global step 2640 | mode train | loss 2.0804 | accuracy 11.25 | mean_length 64
09-09-21 02:35:01 - epoch 0 | global step 2650 | mode train | loss 2.0805 | accuracy 10.0 | mean_length 64
09-09-21 02:36:48 - epoch 0 | global step 2660 | mode train | loss 2.0817 | accuracy 13.125 | mean_length 64
09-09-21 02:38:35 - epoch 0 | global step 2670 | mode train | loss 2.0799 | accuracy 15.625 | mean_length 64
09-09-21 02:40:22 - epoch 0 | global step 2680 | mode train | loss 2.0785 | accuracy 11.25 | mean_length 64
09-09-21 02:42:10 - epoch 0 | global step 2690 | mode train | loss 2.0791 | accuracy 14.375 | mean_length 64
09-09-21 02:43:57 - epoch 0 | global step 2700 | mode train | loss 2.0812 | accuracy 10.0 | mean_length 64
09-09-21 02:45:44 - epoch 0 | global step 2710 | mode train | loss 2.0792 | accuracy 11.5625 | mean_length 64
09-09-21 02:47:31 - epoch 0 | global step 2720 | mode train | loss 2.0802 | accuracy 11.875 | mean_length 64
09-09-21 02:49:18 - epoch 0 | global step 2730 | mode train | loss 2.0785 | accuracy 15.0 | mean_length 64
09-09-21 02:51:05 - epoch 0 | global step 2740 | mode train | loss 2.0791 | accuracy 10.3125 | mean_length 64
09-09-21 02:52:52 - epoch 0 | global step 2750 | mode train | loss 2.0803 | accuracy 11.5625 | mean_length 64
09-09-21 02:54:39 - epoch 0 | global step 2760 | mode train | loss 2.079 | accuracy 15.3125 | mean_length 64
09-09-21 02:56:27 - epoch 0 | global step 2770 | mode train | loss 2.0806 | accuracy 12.8125 | mean_length 64
09-09-21 02:58:14 - epoch 0 | global step 2780 | mode train | loss 2.0791 | accuracy 13.4375 | mean_length 64
09-09-21 03:00:01 - epoch 0 | global step 2790 | mode train | loss 2.0777 | accuracy 14.6875 | mean_length 64
09-09-21 03:01:48 - epoch 0 | global step 2800 | mode train | loss 2.0794 | accuracy 13.125 | mean_length 64
09-09-21 03:03:35 - epoch 0 | global step 2810 | mode train | loss 2.0797 | accuracy 12.1875 | mean_length 64
09-09-21 03:05:22 - epoch 0 | global step 2820 | mode train | loss 2.081 | accuracy 9.0625 | mean_length 64
09-09-21 03:07:09 - epoch 0 | global step 2830 | mode train | loss 2.0798 | accuracy 12.1875 | mean_length 64
09-09-21 03:08:56 - epoch 0 | global step 2840 | mode train | loss 2.0807 | accuracy 10.3125 | mean_length 64
09-09-21 03:10:44 - epoch 0 | global step 2850 | mode train | loss 2.0791 | accuracy 9.6875 | mean_length 64
09-09-21 03:12:31 - epoch 0 | global step 2860 | mode train | loss 2.0772 | accuracy 13.75 | mean_length 64
09-09-21 03:14:18 - epoch 0 | global step 2870 | mode train | loss 2.0788 | accuracy 14.375 | mean_length 64
09-09-21 03:16:05 - epoch 0 | global step 2880 | mode train | loss 2.0808 | accuracy 10.0 | mean_length 64
09-09-21 03:17:53 - epoch 0 | global step 2890 | mode train | loss 2.0814 | accuracy 8.75 | mean_length 64
09-09-21 03:19:40 - epoch 0 | global step 2900 | mode train | loss 2.08 | accuracy 10.9375 | mean_length 64
09-09-21 03:21:27 - epoch 0 | global step 2910 | mode train | loss 2.0805 | accuracy 10.3125 | mean_length 64
09-09-21 03:23:14 - epoch 0 | global step 2920 | mode train | loss 2.0794 | accuracy 10.625 | mean_length 64
09-09-21 03:25:01 - epoch 0 | global step 2930 | mode train | loss 2.0784 | accuracy 13.4375 | mean_length 64
09-09-21 03:26:49 - epoch 0 | global step 2940 | mode train | loss 2.08 | accuracy 13.125 | mean_length 64
09-09-21 03:28:36 - epoch 0 | global step 2950 | mode train | loss 2.0798 | accuracy 14.0625 | mean_length 64
09-09-21 03:30:23 - epoch 0 | global step 2960 | mode train | loss 2.0801 | accuracy 10.625 | mean_length 64
09-09-21 03:32:10 - epoch 0 | global step 2970 | mode train | loss 2.0804 | accuracy 10.3125 | mean_length 64
09-09-21 03:33:58 - epoch 0 | global step 2980 | mode train | loss 2.0789 | accuracy 15.9375 | mean_length 64
09-09-21 03:35:45 - epoch 0 | global step 2990 | mode train | loss 2.081 | accuracy 11.875 | mean_length 64
09-09-21 03:37:32 - epoch 0 | global step 3000 | mode train | loss 2.0805 | accuracy 10.625 | mean_length 64
09-09-21 03:39:19 - epoch 0 | global step 3010 | mode train | loss 2.0792 | accuracy 11.875 | mean_length 64
09-09-21 03:41:06 - epoch 0 | global step 3020 | mode train | loss 2.0792 | accuracy 11.25 | mean_length 64
09-09-21 03:42:53 - epoch 0 | global step 3030 | mode train | loss 2.0809 | accuracy 9.375 | mean_length 64
09-09-21 03:44:40 - epoch 0 | global step 3040 | mode train | loss 2.0789 | accuracy 15.3125 | mean_length 64
09-09-21 03:46:28 - epoch 0 | global step 3050 | mode train | loss 2.0802 | accuracy 12.8125 | mean_length 64
09-09-21 03:48:15 - epoch 0 | global step 3060 | mode train | loss 2.0794 | accuracy 11.25 | mean_length 64
09-09-21 03:50:02 - epoch 0 | global step 3070 | mode train | loss 2.081 | accuracy 8.75 | mean_length 64
09-09-21 04:00:01 - epoch 0 | global step 3072 | mode validation | loss 2.0794 | accuracy 12.74 | mean_length 64
09-09-21 04:00:01 - Saving model to Output/accGrad4_mbart_BTen+zh_lr2.0e-5_7distractors_maxstep8192_seed42
Epoch: 0, Prediction Accuracy: 12.74, Saved to Path: Output/accGrad4_mbart_BTen+zh_lr2.0e-5_7distractors_maxstep8192_seed42
09-09-21 04:01:37 - epoch 0 | global step 3080 | mode train | loss 2.0793 | accuracy 13.75 | mean_length 64
09-09-21 04:03:24 - epoch 0 | global step 3090 | mode train | loss 2.0794 | accuracy 13.75 | mean_length 64
09-09-21 04:05:11 - epoch 0 | global step 3100 | mode train | loss 2.0798 | accuracy 11.25 | mean_length 64
09-09-21 04:06:59 - epoch 0 | global step 3110 | mode train | loss 2.0782 | accuracy 15.3125 | mean_length 64
09-09-21 04:08:46 - epoch 0 | global step 3120 | mode train | loss 2.0808 | accuracy 10.625 | mean_length 64
09-09-21 04:10:33 - epoch 0 | global step 3130 | mode train | loss 2.0808 | accuracy 13.125 | mean_length 64
09-09-21 04:12:20 - epoch 0 | global step 3140 | mode train | loss 2.0793 | accuracy 12.8125 | mean_length 64
09-09-21 04:14:07 - epoch 0 | global step 3150 | mode train | loss 2.0794 | accuracy 13.125 | mean_length 64
09-09-21 04:15:54 - epoch 0 | global step 3160 | mode train | loss 2.0788 | accuracy 13.4375 | mean_length 64
09-09-21 04:17:41 - epoch 0 | global step 3170 | mode train | loss 2.0801 | accuracy 11.5625 | mean_length 64
09-09-21 04:19:28 - epoch 0 | global step 3180 | mode train | loss 2.0791 | accuracy 14.375 | mean_length 64
09-09-21 04:21:16 - epoch 0 | global step 3190 | mode train | loss 2.0796 | accuracy 13.75 | mean_length 64
09-09-21 04:23:03 - epoch 0 | global step 3200 | mode train | loss 2.0798 | accuracy 14.6875 | mean_length 64
09-09-21 04:24:50 - epoch 0 | global step 3210 | mode train | loss 2.08 | accuracy 10.3125 | mean_length 64
09-09-21 04:26:37 - epoch 0 | global step 3220 | mode train | loss 2.0802 | accuracy 12.8125 | mean_length 64
09-09-21 04:28:24 - epoch 1 | global step 3230 | mode train | loss 2.0794 | accuracy 13.75 | mean_length 64
09-09-21 04:30:11 - epoch 1 | global step 3240 | mode train | loss 2.0791 | accuracy 12.5 | mean_length 64
09-09-21 04:31:59 - epoch 1 | global step 3250 | mode train | loss 2.0796 | accuracy 11.875 | mean_length 64
09-09-21 04:33:46 - epoch 1 | global step 3260 | mode train | loss 2.0789 | accuracy 15.9375 | mean_length 64
09-09-21 04:35:33 - epoch 1 | global step 3270 | mode train | loss 2.0798 | accuracy 10.625 | mean_length 64
09-09-21 04:37:20 - epoch 1 | global step 3280 | mode train | loss 2.0794 | accuracy 11.875 | mean_length 64
09-09-21 04:39:07 - epoch 1 | global step 3290 | mode train | loss 2.0798 | accuracy 12.8125 | mean_length 64
09-09-21 04:40:54 - epoch 1 | global step 3300 | mode train | loss 2.0799 | accuracy 9.375 | mean_length 64
09-09-21 04:42:42 - epoch 1 | global step 3310 | mode train | loss 2.0796 | accuracy 14.6875 | mean_length 64
09-09-21 04:44:29 - epoch 1 | global step 3320 | mode train | loss 2.0791 | accuracy 11.875 | mean_length 64
09-09-21 04:46:16 - epoch 1 | global step 3330 | mode train | loss 2.0797 | accuracy 12.1875 | mean_length 64
09-09-21 04:48:03 - epoch 1 | global step 3340 | mode train | loss 2.08 | accuracy 12.1875 | mean_length 64
09-09-21 04:49:50 - epoch 1 | global step 3350 | mode train | loss 2.0799 | accuracy 12.1875 | mean_length 64
09-09-21 04:51:38 - epoch 1 | global step 3360 | mode train | loss 2.0795 | accuracy 13.125 | mean_length 64
09-09-21 04:53:25 - epoch 1 | global step 3370 | mode train | loss 2.0789 | accuracy 14.0625 | mean_length 64
09-09-21 04:55:12 - epoch 1 | global step 3380 | mode train | loss 2.0801 | accuracy 13.125 | mean_length 64
09-09-21 04:56:59 - epoch 1 | global step 3390 | mode train | loss 2.078 | accuracy 13.4375 | mean_length 64
09-09-21 04:58:46 - epoch 1 | global step 3400 | mode train | loss 2.0796 | accuracy 11.5625 | mean_length 64
09-09-21 05:00:33 - epoch 1 | global step 3410 | mode train | loss 2.0788 | accuracy 12.8125 | mean_length 64
09-09-21 05:02:20 - epoch 1 | global step 3420 | mode train | loss 2.0786 | accuracy 15.0 | mean_length 64
09-09-21 05:04:08 - epoch 1 | global step 3430 | mode train | loss 2.0801 | accuracy 11.875 | mean_length 64
09-09-21 05:05:55 - epoch 1 | global step 3440 | mode train | loss 2.0806 | accuracy 9.375 | mean_length 64
09-09-21 05:07:42 - epoch 1 | global step 3450 | mode train | loss 2.0806 | accuracy 9.375 | mean_length 64
09-09-21 05:09:29 - epoch 1 | global step 3460 | mode train | loss 2.0791 | accuracy 11.25 | mean_length 64
09-09-21 05:11:16 - epoch 1 | global step 3470 | mode train | loss 2.0791 | accuracy 12.8125 | mean_length 64
09-09-21 05:13:03 - epoch 1 | global step 3480 | mode train | loss 2.0806 | accuracy 11.5625 | mean_length 64
09-09-21 05:14:50 - epoch 1 | global step 3490 | mode train | loss 2.0798 | accuracy 12.1875 | mean_length 64
09-09-21 05:16:37 - epoch 1 | global step 3500 | mode train | loss 2.0793 | accuracy 12.5 | mean_length 64
09-09-21 05:18:25 - epoch 1 | global step 3510 | mode train | loss 2.0788 | accuracy 13.125 | mean_length 64
09-09-21 05:20:12 - epoch 1 | global step 3520 | mode train | loss 2.0799 | accuracy 12.1875 | mean_length 64
09-09-21 05:21:59 - epoch 1 | global step 3530 | mode train | loss 2.0798 | accuracy 9.375 | mean_length 64
09-09-21 05:23:49 - epoch 1 | global step 3540 | mode train | loss 2.0797 | accuracy 9.6875 | mean_length 64
09-09-21 05:25:36 - epoch 1 | global step 3550 | mode train | loss 2.0793 | accuracy 12.1875 | mean_length 64
09-09-21 05:27:24 - epoch 1 | global step 3560 | mode train | loss 2.0796 | accuracy 11.875 | mean_length 64
09-09-21 05:29:11 - epoch 1 | global step 3570 | mode train | loss 2.08 | accuracy 11.5625 | mean_length 64
09-09-21 05:30:58 - epoch 1 | global step 3580 | mode train | loss 2.08 | accuracy 10.625 | mean_length 64
09-09-21 05:41:18 - epoch 1 | global step 3584 | mode validation | loss 2.0794 | accuracy 12.7 | mean_length 64
09-09-21 05:42:22 - epoch 1 | global step 3590 | mode train | loss 2.0786 | accuracy 13.125 | mean_length 64
09-09-21 05:44:10 - epoch 1 | global step 3600 | mode train | loss 2.0786 | accuracy 13.4375 | mean_length 64
09-09-21 05:45:57 - epoch 1 | global step 3610 | mode train | loss 2.0812 | accuracy 8.4375 | mean_length 64
09-09-21 05:47:45 - epoch 1 | global step 3620 | mode train | loss 2.0783 | accuracy 12.5 | mean_length 64
09-09-21 05:49:32 - epoch 1 | global step 3630 | mode train | loss 2.0784 | accuracy 14.6875 | mean_length 64
09-09-21 05:51:19 - epoch 1 | global step 3640 | mode train | loss 2.0781 | accuracy 14.375 | mean_length 64
09-09-21 05:53:06 - epoch 1 | global step 3650 | mode train | loss 2.0759 | accuracy 15.625 | mean_length 64
09-09-21 05:54:54 - epoch 1 | global step 3660 | mode train | loss 2.0812 | accuracy 9.375 | mean_length 64
09-09-21 05:56:41 - epoch 1 | global step 3670 | mode train | loss 2.0823 | accuracy 9.0625 | mean_length 64
09-09-21 05:58:28 - epoch 1 | global step 3680 | mode train | loss 2.08 | accuracy 13.75 | mean_length 64
09-09-21 06:00:15 - epoch 1 | global step 3690 | mode train | loss 2.0808 | accuracy 10.3125 | mean_length 64
09-09-21 06:02:02 - epoch 1 | global step 3700 | mode train | loss 2.0814 | accuracy 8.125 | mean_length 64
09-09-21 06:03:50 - epoch 1 | global step 3710 | mode train | loss 2.0792 | accuracy 12.1875 | mean_length 64
09-09-21 06:05:37 - epoch 1 | global step 3720 | mode train | loss 2.0808 | accuracy 11.25 | mean_length 64
09-09-21 06:07:24 - epoch 1 | global step 3730 | mode train | loss 2.079 | accuracy 13.75 | mean_length 64
09-09-21 06:09:11 - epoch 1 | global step 3740 | mode train | loss 2.0808 | accuracy 11.875 | mean_length 64
09-09-21 06:10:58 - epoch 1 | global step 3750 | mode train | loss 2.0792 | accuracy 13.125 | mean_length 64
09-09-21 06:12:45 - epoch 1 | global step 3760 | mode train | loss 2.0781 | accuracy 14.0625 | mean_length 64
09-09-21 06:14:32 - epoch 1 | global step 3770 | mode train | loss 2.0802 | accuracy 11.5625 | mean_length 64
09-09-21 06:16:19 - epoch 1 | global step 3780 | mode train | loss 2.0804 | accuracy 10.0 | mean_length 64
09-09-21 06:18:07 - epoch 1 | global step 3790 | mode train | loss 2.0804 | accuracy 13.125 | mean_length 64
09-09-21 06:19:54 - epoch 1 | global step 3800 | mode train | loss 2.0787 | accuracy 12.8125 | mean_length 64
09-09-21 06:21:41 - epoch 1 | global step 3810 | mode train | loss 2.0788 | accuracy 12.1875 | mean_length 64
09-09-21 06:23:28 - epoch 1 | global step 3820 | mode train | loss 2.0813 | accuracy 10.3125 | mean_length 64
09-09-21 06:25:15 - epoch 1 | global step 3830 | mode train | loss 2.0799 | accuracy 11.875 | mean_length 64
09-09-21 06:27:02 - epoch 1 | global step 3840 | mode train | loss 2.0823 | accuracy 9.375 | mean_length 64
09-09-21 06:28:49 - epoch 1 | global step 3850 | mode train | loss 2.0803 | accuracy 10.0 | mean_length 64
09-09-21 06:30:36 - epoch 1 | global step 3860 | mode train | loss 2.0782 | accuracy 15.9375 | mean_length 64
09-09-21 06:32:23 - epoch 1 | global step 3870 | mode train | loss 2.08 | accuracy 13.125 | mean_length 64
09-09-21 06:34:11 - epoch 1 | global step 3880 | mode train | loss 2.0803 | accuracy 8.4375 | mean_length 64
09-09-21 06:35:58 - epoch 1 | global step 3890 | mode train | loss 2.0784 | accuracy 15.625 | mean_length 64
09-09-21 06:37:45 - epoch 1 | global step 3900 | mode train | loss 2.0772 | accuracy 15.625 | mean_length 64
09-09-21 06:39:32 - epoch 1 | global step 3910 | mode train | loss 2.081 | accuracy 10.0 | mean_length 64
09-09-21 06:41:19 - epoch 1 | global step 3920 | mode train | loss 2.0814 | accuracy 11.5625 | mean_length 64
09-09-21 06:43:06 - epoch 1 | global step 3930 | mode train | loss 2.0803 | accuracy 12.5 | mean_length 64
09-09-21 06:44:53 - epoch 1 | global step 3940 | mode train | loss 2.0803 | accuracy 10.9375 | mean_length 64
09-09-21 06:46:41 - epoch 1 | global step 3950 | mode train | loss 2.0819 | accuracy 10.0 | mean_length 64
09-09-21 06:48:28 - epoch 1 | global step 3960 | mode train | loss 2.0795 | accuracy 9.0625 | mean_length 64
09-09-21 06:50:15 - epoch 1 | global step 3970 | mode train | loss 2.0797 | accuracy 12.8125 | mean_length 64
09-09-21 06:52:02 - epoch 1 | global step 3980 | mode train | loss 2.0795 | accuracy 12.5 | mean_length 64
09-09-21 06:53:49 - epoch 1 | global step 3990 | mode train | loss 2.0801 | accuracy 10.9375 | mean_length 64
09-09-21 06:55:37 - epoch 1 | global step 4000 | mode train | loss 2.0788 | accuracy 9.6875 | mean_length 64
09-09-21 06:57:24 - epoch 1 | global step 4010 | mode train | loss 2.0791 | accuracy 12.5 | mean_length 64
09-09-21 06:59:11 - epoch 1 | global step 4020 | mode train | loss 2.0804 | accuracy 11.25 | mean_length 64
09-09-21 07:00:58 - epoch 1 | global step 4030 | mode train | loss 2.0786 | accuracy 12.5 | mean_length 64
09-09-21 07:02:45 - epoch 1 | global step 4040 | mode train | loss 2.0807 | accuracy 12.1875 | mean_length 64
09-09-21 07:04:32 - epoch 1 | global step 4050 | mode train | loss 2.0803 | accuracy 11.5625 | mean_length 64
09-09-21 07:06:19 - epoch 1 | global step 4060 | mode train | loss 2.0809 | accuracy 9.6875 | mean_length 64
09-09-21 07:08:09 - epoch 1 | global step 4070 | mode train | loss 2.0797 | accuracy 11.25 | mean_length 64
09-09-21 07:09:56 - epoch 1 | global step 4080 | mode train | loss 2.0797 | accuracy 13.4375 | mean_length 64
09-09-21 07:11:44 - epoch 1 | global step 4090 | mode train | loss 2.0796 | accuracy 13.75 | mean_length 64
09-09-21 07:22:32 - epoch 1 | global step 4096 | mode validation | loss 2.0796 | accuracy 12.7 | mean_length 64
09-09-21 07:23:14 - epoch 1 | global step 4100 | mode train | loss 2.0802 | accuracy 10.625 | mean_length 64
09-09-21 07:25:02 - epoch 1 | global step 4110 | mode train | loss 2.0801 | accuracy 12.8125 | mean_length 64
09-09-21 07:26:49 - epoch 1 | global step 4120 | mode train | loss 2.0801 | accuracy 10.9375 | mean_length 64
09-09-21 07:28:36 - epoch 1 | global step 4130 | mode train | loss 2.0805 | accuracy 10.0 | mean_length 64
09-09-21 07:30:24 - epoch 1 | global step 4140 | mode train | loss 2.08 | accuracy 11.25 | mean_length 64
09-09-21 07:32:11 - epoch 1 | global step 4150 | mode train | loss 2.0795 | accuracy 13.75 | mean_length 64
09-09-21 07:33:58 - epoch 1 | global step 4160 | mode train | loss 2.081 | accuracy 10.9375 | mean_length 64
09-09-21 07:35:45 - epoch 1 | global step 4170 | mode train | loss 2.0785 | accuracy 15.3125 | mean_length 64
09-09-21 07:37:32 - epoch 1 | global step 4180 | mode train | loss 2.0785 | accuracy 13.4375 | mean_length 64
09-09-21 07:39:20 - epoch 1 | global step 4190 | mode train | loss 2.0812 | accuracy 12.1875 | mean_length 64
09-09-21 07:41:07 - epoch 1 | global step 4200 | mode train | loss 2.0803 | accuracy 11.5625 | mean_length 64
09-09-21 07:42:54 - epoch 1 | global step 4210 | mode train | loss 2.0787 | accuracy 13.75 | mean_length 64
09-09-21 07:44:41 - epoch 1 | global step 4220 | mode train | loss 2.0796 | accuracy 12.5 | mean_length 64
09-09-21 07:46:28 - epoch 1 | global step 4230 | mode train | loss 2.0794 | accuracy 14.0625 | mean_length 64
09-09-21 07:48:16 - epoch 1 | global step 4240 | mode train | loss 2.0788 | accuracy 14.375 | mean_length 64
09-09-21 07:50:03 - epoch 1 | global step 4250 | mode train | loss 2.0796 | accuracy 11.25 | mean_length 64
09-09-21 07:51:50 - epoch 1 | global step 4260 | mode train | loss 2.0799 | accuracy 12.1875 | mean_length 64
09-09-21 07:53:37 - epoch 1 | global step 4270 | mode train | loss 2.0789 | accuracy 12.1875 | mean_length 64
09-09-21 07:55:24 - epoch 1 | global step 4280 | mode train | loss 2.0786 | accuracy 14.0625 | mean_length 64
09-09-21 07:57:12 - epoch 1 | global step 4290 | mode train | loss 2.0801 | accuracy 10.0 | mean_length 64
09-09-21 07:58:59 - epoch 1 | global step 4300 | mode train | loss 2.0799 | accuracy 12.1875 | mean_length 64
09-09-21 08:00:46 - epoch 1 | global step 4310 | mode train | loss 2.0787 | accuracy 11.5625 | mean_length 64
09-09-21 08:02:34 - epoch 1 | global step 4320 | mode train | loss 2.08 | accuracy 9.375 | mean_length 64
09-09-21 08:04:21 - epoch 1 | global step 4330 | mode train | loss 2.0803 | accuracy 10.3125 | mean_length 64
09-09-21 08:06:08 - epoch 1 | global step 4340 | mode train | loss 2.0805 | accuracy 11.5625 | mean_length 64
09-09-21 08:07:55 - epoch 1 | global step 4350 | mode train | loss 2.0789 | accuracy 13.75 | mean_length 64
09-09-21 08:09:43 - epoch 1 | global step 4360 | mode train | loss 2.0799 | accuracy 15.3125 | mean_length 64
09-09-21 08:11:30 - epoch 1 | global step 4370 | mode train | loss 2.0796 | accuracy 13.75 | mean_length 64
09-09-21 08:13:17 - epoch 1 | global step 4380 | mode train | loss 2.0805 | accuracy 10.625 | mean_length 64
09-09-21 08:15:05 - epoch 1 | global step 4390 | mode train | loss 2.0801 | accuracy 14.6875 | mean_length 64
09-09-21 08:16:52 - epoch 1 | global step 4400 | mode train | loss 2.0793 | accuracy 9.6875 | mean_length 64
09-09-21 08:18:39 - epoch 1 | global step 4410 | mode train | loss 2.0798 | accuracy 13.75 | mean_length 64
09-09-21 08:20:26 - epoch 1 | global step 4420 | mode train | loss 2.0792 | accuracy 14.375 | mean_length 64
09-09-21 08:22:13 - epoch 1 | global step 4430 | mode train | loss 2.0796 | accuracy 12.8125 | mean_length 64
09-09-21 08:24:01 - epoch 1 | global step 4440 | mode train | loss 2.0796 | accuracy 15.3125 | mean_length 64
09-09-21 08:25:48 - epoch 1 | global step 4450 | mode train | loss 2.0796 | accuracy 12.5 | mean_length 64
09-09-21 08:27:35 - epoch 1 | global step 4460 | mode train | loss 2.0799 | accuracy 13.125 | mean_length 64
09-09-21 08:29:23 - epoch 1 | global step 4470 | mode train | loss 2.08 | accuracy 11.25 | mean_length 64
09-09-21 08:31:10 - epoch 1 | global step 4480 | mode train | loss 2.0792 | accuracy 10.0 | mean_length 64
09-09-21 08:32:57 - epoch 1 | global step 4490 | mode train | loss 2.0792 | accuracy 11.5625 | mean_length 64
09-09-21 08:34:45 - epoch 1 | global step 4500 | mode train | loss 2.0803 | accuracy 10.625 | mean_length 64
09-09-21 08:36:32 - epoch 1 | global step 4510 | mode train | loss 2.0803 | accuracy 9.0625 | mean_length 64
09-09-21 08:38:19 - epoch 1 | global step 4520 | mode train | loss 2.0797 | accuracy 10.0 | mean_length 64
09-09-21 08:40:07 - epoch 1 | global step 4530 | mode train | loss 2.0815 | accuracy 11.5625 | mean_length 64
09-09-21 08:41:54 - epoch 1 | global step 4540 | mode train | loss 2.0812 | accuracy 11.25 | mean_length 64
09-09-21 08:43:41 - epoch 1 | global step 4550 | mode train | loss 2.0783 | accuracy 12.8125 | mean_length 64
09-09-21 08:45:28 - epoch 1 | global step 4560 | mode train | loss 2.0812 | accuracy 9.6875 | mean_length 64
09-09-21 08:47:16 - epoch 1 | global step 4570 | mode train | loss 2.0804 | accuracy 10.3125 | mean_length 64
09-09-21 08:49:03 - epoch 1 | global step 4580 | mode train | loss 2.0804 | accuracy 13.75 | mean_length 64
09-09-21 08:50:50 - epoch 1 | global step 4590 | mode train | loss 2.0806 | accuracy 9.375 | mean_length 64
09-09-21 08:52:38 - epoch 1 | global step 4600 | mode train | loss 2.0784 | accuracy 13.4375 | mean_length 64
09-09-21 09:03:41 - epoch 1 | global step 4608 | mode validation | loss 2.0795 | accuracy 12.9 | mean_length 64
09-09-21 09:04:02 - epoch 1 | global step 4610 | mode train | loss 2.0786 | accuracy 12.8125 | mean_length 64
09-09-21 09:05:50 - epoch 1 | global step 4620 | mode train | loss 2.079 | accuracy 15.3125 | mean_length 64
09-09-21 09:07:37 - epoch 1 | global step 4630 | mode train | loss 2.0785 | accuracy 13.75 | mean_length 64
09-09-21 09:09:24 - epoch 1 | global step 4640 | mode train | loss 2.08 | accuracy 11.25 | mean_length 64
09-09-21 09:11:11 - epoch 1 | global step 4650 | mode train | loss 2.0785 | accuracy 12.5 | mean_length 64
09-09-21 09:12:59 - epoch 1 | global step 4660 | mode train | loss 2.0795 | accuracy 13.125 | mean_length 64
09-09-21 09:14:46 - epoch 1 | global step 4670 | mode train | loss 2.0798 | accuracy 14.0625 | mean_length 64
09-09-21 09:16:33 - epoch 1 | global step 4680 | mode train | loss 2.0803 | accuracy 10.9375 | mean_length 64
09-09-21 09:18:21 - epoch 1 | global step 4690 | mode train | loss 2.0785 | accuracy 14.6875 | mean_length 64
09-09-21 09:20:08 - epoch 1 | global step 4700 | mode train | loss 2.0792 | accuracy 12.8125 | mean_length 64
09-09-21 09:21:55 - epoch 1 | global step 4710 | mode train | loss 2.0804 | accuracy 10.0 | mean_length 64
09-09-21 09:23:42 - epoch 1 | global step 4720 | mode train | loss 2.0803 | accuracy 8.75 | mean_length 64
09-09-21 09:25:30 - epoch 1 | global step 4730 | mode train | loss 2.0786 | accuracy 13.125 | mean_length 64
09-09-21 09:27:17 - epoch 1 | global step 4740 | mode train | loss 2.0783 | accuracy 13.4375 | mean_length 64
09-09-21 09:29:05 - epoch 1 | global step 4750 | mode train | loss 2.0794 | accuracy 12.8125 | mean_length 64
09-09-21 09:30:52 - epoch 1 | global step 4760 | mode train | loss 2.0786 | accuracy 15.9375 | mean_length 64
09-09-21 09:32:39 - epoch 1 | global step 4770 | mode train | loss 2.0804 | accuracy 8.75 | mean_length 64
09-09-21 09:34:27 - epoch 1 | global step 4780 | mode train | loss 2.0796 | accuracy 12.5 | mean_length 64
09-09-21 09:36:14 - epoch 1 | global step 4790 | mode train | loss 2.0805 | accuracy 8.125 | mean_length 64
09-09-21 09:38:01 - epoch 1 | global step 4800 | mode train | loss 2.0788 | accuracy 13.125 | mean_length 64
09-09-21 09:39:48 - epoch 1 | global step 4810 | mode train | loss 2.0794 | accuracy 14.375 | mean_length 64
09-09-21 09:41:35 - epoch 1 | global step 4820 | mode train | loss 2.0797 | accuracy 12.8125 | mean_length 64
09-09-21 09:43:23 - epoch 1 | global step 4830 | mode train | loss 2.0788 | accuracy 13.75 | mean_length 64
09-09-21 09:45:10 - epoch 1 | global step 4840 | mode train | loss 2.0798 | accuracy 12.5 | mean_length 64
09-09-21 09:46:57 - epoch 1 | global step 4850 | mode train | loss 2.0802 | accuracy 8.125 | mean_length 64
09-09-21 09:48:45 - epoch 1 | global step 4860 | mode train | loss 2.0804 | accuracy 12.8125 | mean_length 64
09-09-21 09:50:32 - epoch 1 | global step 4870 | mode train | loss 2.0809 | accuracy 12.1875 | mean_length 64
09-09-21 09:52:19 - epoch 1 | global step 4880 | mode train | loss 2.0784 | accuracy 11.875 | mean_length 64
09-09-21 09:54:06 - epoch 1 | global step 4890 | mode train | loss 2.0793 | accuracy 13.75 | mean_length 64
09-09-21 09:55:53 - epoch 1 | global step 4900 | mode train | loss 2.079 | accuracy 14.375 | mean_length 64
09-09-21 09:57:41 - epoch 1 | global step 4910 | mode train | loss 2.0794 | accuracy 10.625 | mean_length 64
09-09-21 09:59:28 - epoch 1 | global step 4920 | mode train | loss 2.0798 | accuracy 11.5625 | mean_length 64
09-09-21 10:01:15 - epoch 1 | global step 4930 | mode train | loss 2.0793 | accuracy 15.9375 | mean_length 64
09-09-21 10:03:02 - epoch 1 | global step 4940 | mode train | loss 2.081 | accuracy 12.1875 | mean_length 64
09-09-21 10:04:50 - epoch 1 | global step 4950 | mode train | loss 2.0781 | accuracy 14.6875 | mean_length 64
09-09-21 10:06:37 - epoch 1 | global step 4960 | mode train | loss 2.0789 | accuracy 10.3125 | mean_length 64
09-09-21 10:08:24 - epoch 1 | global step 4970 | mode train | loss 2.0811 | accuracy 11.25 | mean_length 64
09-09-21 10:10:12 - epoch 1 | global step 4980 | mode train | loss 2.0803 | accuracy 10.625 | mean_length 64
09-09-21 10:11:59 - epoch 1 | global step 4990 | mode train | loss 2.0786 | accuracy 10.3125 | mean_length 64
09-09-21 10:13:48 - epoch 1 | global step 5000 | mode train | loss 2.0805 | accuracy 13.125 | mean_length 64
09-09-21 10:15:35 - epoch 1 | global step 5010 | mode train | loss 2.0783 | accuracy 11.5625 | mean_length 64
09-09-21 10:17:22 - epoch 1 | global step 5020 | mode train | loss 2.0795 | accuracy 14.6875 | mean_length 64
09-09-21 10:19:10 - epoch 1 | global step 5030 | mode train | loss 2.0789 | accuracy 10.9375 | mean_length 64
09-09-21 10:20:57 - epoch 1 | global step 5040 | mode train | loss 2.0794 | accuracy 14.375 | mean_length 64
09-09-21 10:22:44 - epoch 1 | global step 5050 | mode train | loss 2.0806 | accuracy 9.6875 | mean_length 64
09-09-21 10:24:31 - epoch 1 | global step 5060 | mode train | loss 2.0783 | accuracy 15.625 | mean_length 64
09-09-21 10:26:19 - epoch 1 | global step 5070 | mode train | loss 2.0803 | accuracy 11.5625 | mean_length 64
09-09-21 10:28:06 - epoch 1 | global step 5080 | mode train | loss 2.0798 | accuracy 13.125 | mean_length 64
09-09-21 10:29:54 - epoch 1 | global step 5090 | mode train | loss 2.0801 | accuracy 12.8125 | mean_length 64
09-09-21 10:31:41 - epoch 1 | global step 5100 | mode train | loss 2.0799 | accuracy 12.8125 | mean_length 64
09-09-21 10:33:28 - epoch 1 | global step 5110 | mode train | loss 2.0786 | accuracy 12.1875 | mean_length 64
09-09-21 10:35:15 - epoch 1 | global step 5120 | mode train | loss 2.0806 | accuracy 10.9375 | mean_length 64
09-09-21 10:44:52 - epoch 1 | global step 5120 | mode validation | loss 2.0797 | accuracy 12.66 | mean_length 64
09-09-21 10:46:39 - epoch 1 | global step 5130 | mode train | loss 2.0794 | accuracy 15.3125 | mean_length 64
09-09-21 10:48:26 - epoch 1 | global step 5140 | mode train | loss 2.0787 | accuracy 10.3125 | mean_length 64
09-09-21 10:50:14 - epoch 1 | global step 5150 | mode train | loss 2.0794 | accuracy 10.3125 | mean_length 64
09-09-21 10:52:01 - epoch 1 | global step 5160 | mode train | loss 2.0777 | accuracy 15.625 | mean_length 64
09-09-21 10:53:48 - epoch 1 | global step 5170 | mode train | loss 2.0818 | accuracy 12.5 | mean_length 64
09-09-21 10:55:35 - epoch 1 | global step 5180 | mode train | loss 2.0776 | accuracy 18.125 | mean_length 64
09-09-21 10:57:23 - epoch 1 | global step 5190 | mode train | loss 2.0826 | accuracy 9.375 | mean_length 64
09-09-21 10:59:10 - epoch 1 | global step 5200 | mode train | loss 2.0781 | accuracy 15.0 | mean_length 64
09-09-21 11:00:57 - epoch 1 | global step 5210 | mode train | loss 2.08 | accuracy 12.8125 | mean_length 64
09-09-21 11:02:44 - epoch 1 | global step 5220 | mode train | loss 2.0806 | accuracy 10.0 | mean_length 64
09-09-21 11:04:31 - epoch 1 | global step 5230 | mode train | loss 2.0793 | accuracy 15.3125 | mean_length 64
09-09-21 11:06:19 - epoch 1 | global step 5240 | mode train | loss 2.0793 | accuracy 12.8125 | mean_length 64
09-09-21 11:08:06 - epoch 1 | global step 5250 | mode train | loss 2.079 | accuracy 12.1875 | mean_length 64
09-09-21 11:09:53 - epoch 1 | global step 5260 | mode train | loss 2.0807 | accuracy 10.3125 | mean_length 64
09-09-21 11:11:40 - epoch 1 | global step 5270 | mode train | loss 2.0799 | accuracy 13.75 | mean_length 64
09-09-21 11:13:27 - epoch 1 | global step 5280 | mode train | loss 2.0794 | accuracy 12.5 | mean_length 64
09-09-21 11:15:14 - epoch 1 | global step 5290 | mode train | loss 2.0815 | accuracy 10.625 | mean_length 64
09-09-21 11:17:02 - epoch 1 | global step 5300 | mode train | loss 2.0797 | accuracy 13.75 | mean_length 64
09-09-21 11:18:49 - epoch 1 | global step 5310 | mode train | loss 2.0806 | accuracy 9.6875 | mean_length 64
09-09-21 11:20:36 - epoch 1 | global step 5320 | mode train | loss 2.0805 | accuracy 12.8125 | mean_length 64
09-09-21 11:22:23 - epoch 1 | global step 5330 | mode train | loss 2.0804 | accuracy 9.6875 | mean_length 64
09-09-21 11:24:10 - epoch 1 | global step 5340 | mode train | loss 2.0781 | accuracy 14.6875 | mean_length 64
09-09-21 11:25:57 - epoch 1 | global step 5350 | mode train | loss 2.0805 | accuracy 8.4375 | mean_length 64
09-09-21 11:27:44 - epoch 1 | global step 5360 | mode train | loss 2.0795 | accuracy 13.125 | mean_length 64
09-09-21 11:29:32 - epoch 1 | global step 5370 | mode train | loss 2.0806 | accuracy 9.6875 | mean_length 64
09-09-21 11:31:19 - epoch 1 | global step 5380 | mode train | loss 2.0794 | accuracy 11.875 | mean_length 64
09-09-21 11:33:06 - epoch 1 | global step 5390 | mode train | loss 2.0801 | accuracy 10.9375 | mean_length 64
09-09-21 11:34:53 - epoch 1 | global step 5400 | mode train | loss 2.0796 | accuracy 14.375 | mean_length 64
09-09-21 11:36:40 - epoch 1 | global step 5410 | mode train | loss 2.0785 | accuracy 12.8125 | mean_length 64
09-09-21 11:38:28 - epoch 1 | global step 5420 | mode train | loss 2.0784 | accuracy 15.9375 | mean_length 64
09-09-21 11:40:15 - epoch 1 | global step 5430 | mode train | loss 2.0789 | accuracy 12.5 | mean_length 64
09-09-21 11:42:02 - epoch 1 | global step 5440 | mode train | loss 2.0794 | accuracy 13.125 | mean_length 64
09-09-21 11:43:49 - epoch 1 | global step 5450 | mode train | loss 2.0784 | accuracy 15.9375 | mean_length 64
09-09-21 11:45:36 - epoch 1 | global step 5460 | mode train | loss 2.0806 | accuracy 10.3125 | mean_length 64
09-09-21 11:47:23 - epoch 1 | global step 5470 | mode train | loss 2.0797 | accuracy 14.0625 | mean_length 64
09-09-21 11:49:10 - epoch 1 | global step 5480 | mode train | loss 2.0786 | accuracy 14.0625 | mean_length 64
09-09-21 11:50:57 - epoch 1 | global step 5490 | mode train | loss 2.0803 | accuracy 12.1875 | mean_length 64
09-09-21 11:52:44 - epoch 1 | global step 5500 | mode train | loss 2.0786 | accuracy 11.875 | mean_length 64
09-09-21 11:54:32 - epoch 1 | global step 5510 | mode train | loss 2.0798 | accuracy 10.3125 | mean_length 64
09-09-21 11:56:19 - epoch 1 | global step 5520 | mode train | loss 2.0799 | accuracy 15.625 | mean_length 64
09-09-21 11:58:06 - epoch 1 | global step 5530 | mode train | loss 2.0799 | accuracy 12.5 | mean_length 64
09-09-21 11:59:53 - epoch 1 | global step 5540 | mode train | loss 2.0796 | accuracy 11.5625 | mean_length 64
09-09-21 12:01:40 - epoch 1 | global step 5550 | mode train | loss 2.0799 | accuracy 13.4375 | mean_length 64
09-09-21 12:03:27 - epoch 1 | global step 5560 | mode train | loss 2.0806 | accuracy 12.5 | mean_length 64
09-09-21 12:05:14 - epoch 1 | global step 5570 | mode train | loss 2.0797 | accuracy 11.875 | mean_length 64
09-09-21 12:07:01 - epoch 1 | global step 5580 | mode train | loss 2.0788 | accuracy 11.5625 | mean_length 64
09-09-21 12:08:48 - epoch 1 | global step 5590 | mode train | loss 2.08 | accuracy 13.4375 | mean_length 64
09-09-21 12:10:35 - epoch 1 | global step 5600 | mode train | loss 2.0792 | accuracy 12.8125 | mean_length 64
09-09-21 12:12:23 - epoch 1 | global step 5610 | mode train | loss 2.0793 | accuracy 12.8125 | mean_length 64
09-09-21 12:14:10 - epoch 1 | global step 5620 | mode train | loss 2.0787 | accuracy 11.875 | mean_length 64
09-09-21 12:15:57 - epoch 1 | global step 5630 | mode train | loss 2.0795 | accuracy 10.3125 | mean_length 64
09-09-21 12:25:54 - epoch 1 | global step 5632 | mode validation | loss 2.0795 | accuracy 12.4 | mean_length 64
09-09-21 12:27:20 - epoch 1 | global step 5640 | mode train | loss 2.0798 | accuracy 11.875 | mean_length 64
09-09-21 12:29:07 - epoch 1 | global step 5650 | mode train | loss 2.0799 | accuracy 11.25 | mean_length 64
09-09-21 12:30:55 - epoch 1 | global step 5660 | mode train | loss 2.0794 | accuracy 13.75 | mean_length 64
09-09-21 12:32:42 - epoch 1 | global step 5670 | mode train | loss 2.0804 | accuracy 8.4375 | mean_length 64
09-09-21 12:34:29 - epoch 1 | global step 5680 | mode train | loss 2.0794 | accuracy 10.0 | mean_length 64
09-09-21 12:36:16 - epoch 1 | global step 5690 | mode train | loss 2.0797 | accuracy 13.4375 | mean_length 64
09-09-21 12:38:03 - epoch 1 | global step 5700 | mode train | loss 2.079 | accuracy 10.9375 | mean_length 64
09-09-21 12:39:50 - epoch 1 | global step 5710 | mode train | loss 2.079 | accuracy 16.25 | mean_length 64
09-09-21 12:41:37 - epoch 1 | global step 5720 | mode train | loss 2.0796 | accuracy 12.5 | mean_length 64
09-09-21 12:43:24 - epoch 1 | global step 5730 | mode train | loss 2.0792 | accuracy 11.5625 | mean_length 64
09-09-21 12:45:11 - epoch 1 | global step 5740 | mode train | loss 2.0793 | accuracy 9.0625 | mean_length 64
09-09-21 12:46:58 - epoch 1 | global step 5750 | mode train | loss 2.0784 | accuracy 15.3125 | mean_length 64
09-09-21 12:48:46 - epoch 1 | global step 5760 | mode train | loss 2.079 | accuracy 15.9375 | mean_length 64
09-09-21 12:50:33 - epoch 1 | global step 5770 | mode train | loss 2.0798 | accuracy 10.9375 | mean_length 64
09-09-21 12:52:20 - epoch 1 | global step 5780 | mode train | loss 2.0796 | accuracy 13.125 | mean_length 64
09-09-21 12:54:07 - epoch 1 | global step 5790 | mode train | loss 2.0794 | accuracy 13.125 | mean_length 64
09-09-21 12:55:54 - epoch 1 | global step 5800 | mode train | loss 2.0791 | accuracy 13.75 | mean_length 64
09-09-21 12:57:41 - epoch 1 | global step 5810 | mode train | loss 2.0791 | accuracy 11.5625 | mean_length 64
09-09-21 12:59:28 - epoch 1 | global step 5820 | mode train | loss 2.0797 | accuracy 12.1875 | mean_length 64
09-09-21 13:01:15 - epoch 1 | global step 5830 | mode train | loss 2.0786 | accuracy 12.8125 | mean_length 64
09-09-21 13:03:02 - epoch 1 | global step 5840 | mode train | loss 2.0796 | accuracy 12.1875 | mean_length 64
09-09-21 13:04:50 - epoch 1 | global step 5850 | mode train | loss 2.0801 | accuracy 12.1875 | mean_length 64
09-09-21 13:06:37 - epoch 1 | global step 5860 | mode train | loss 2.079 | accuracy 14.0625 | mean_length 64
09-09-21 13:08:24 - epoch 1 | global step 5870 | mode train | loss 2.0793 | accuracy 14.6875 | mean_length 64
09-09-21 13:10:11 - epoch 1 | global step 5880 | mode train | loss 2.0791 | accuracy 11.25 | mean_length 64
09-09-21 13:11:58 - epoch 1 | global step 5890 | mode train | loss 2.0798 | accuracy 10.9375 | mean_length 64
09-09-21 13:13:45 - epoch 1 | global step 5900 | mode train | loss 2.0803 | accuracy 9.6875 | mean_length 64
09-09-21 13:15:32 - epoch 1 | global step 5910 | mode train | loss 2.0799 | accuracy 13.4375 | mean_length 64
09-09-21 13:17:19 - epoch 1 | global step 5920 | mode train | loss 2.0798 | accuracy 12.5 | mean_length 64
09-09-21 13:19:06 - epoch 1 | global step 5930 | mode train | loss 2.0802 | accuracy 10.3125 | mean_length 64
09-09-21 13:20:53 - epoch 1 | global step 5940 | mode train | loss 2.0792 | accuracy 11.5625 | mean_length 64
09-09-21 13:22:41 - epoch 1 | global step 5950 | mode train | loss 2.0799 | accuracy 11.5625 | mean_length 64
09-09-21 13:24:28 - epoch 1 | global step 5960 | mode train | loss 2.0794 | accuracy 13.4375 | mean_length 64
09-09-21 13:26:15 - epoch 1 | global step 5970 | mode train | loss 2.0787 | accuracy 15.3125 | mean_length 64
09-09-21 13:28:02 - epoch 1 | global step 5980 | mode train | loss 2.0798 | accuracy 10.9375 | mean_length 64
09-09-21 13:29:50 - epoch 1 | global step 5990 | mode train | loss 2.0797 | accuracy 12.5 | mean_length 64
09-09-21 13:31:37 - epoch 1 | global step 6000 | mode train | loss 2.0797 | accuracy 10.3125 | mean_length 64
09-09-21 13:33:24 - epoch 1 | global step 6010 | mode train | loss 2.0806 | accuracy 11.875 | mean_length 64
09-09-21 13:35:11 - epoch 1 | global step 6020 | mode train | loss 2.0791 | accuracy 14.0625 | mean_length 64
09-09-21 13:36:58 - epoch 1 | global step 6030 | mode train | loss 2.0799 | accuracy 9.375 | mean_length 64
09-09-21 13:38:45 - epoch 1 | global step 6040 | mode train | loss 2.0797 | accuracy 7.5 | mean_length 64
09-09-21 13:40:32 - epoch 1 | global step 6050 | mode train | loss 2.0792 | accuracy 11.5625 | mean_length 64
09-09-21 13:42:19 - epoch 1 | global step 6060 | mode train | loss 2.0788 | accuracy 12.1875 | mean_length 64
09-09-21 13:44:06 - epoch 1 | global step 6070 | mode train | loss 2.0798 | accuracy 10.625 | mean_length 64
09-09-21 13:45:53 - epoch 1 | global step 6080 | mode train | loss 2.079 | accuracy 13.4375 | mean_length 64
09-09-21 13:47:41 - epoch 1 | global step 6090 | mode train | loss 2.0795 | accuracy 10.3125 | mean_length 64
09-09-21 13:49:28 - epoch 1 | global step 6100 | mode train | loss 2.0792 | accuracy 10.9375 | mean_length 64
09-09-21 13:51:15 - epoch 1 | global step 6110 | mode train | loss 2.0801 | accuracy 12.5 | mean_length 64
09-09-21 13:53:02 - epoch 1 | global step 6120 | mode train | loss 2.0794 | accuracy 14.375 | mean_length 64
09-09-21 13:54:49 - epoch 1 | global step 6130 | mode train | loss 2.0794 | accuracy 13.125 | mean_length 64
09-09-21 13:56:36 - epoch 1 | global step 6140 | mode train | loss 2.0797 | accuracy 11.25 | mean_length 64
09-09-21 14:06:57 - epoch 1 | global step 6144 | mode validation | loss 2.0796 | accuracy 12.5 | mean_length 64
09-09-21 14:08:01 - epoch 1 | global step 6150 | mode train | loss 2.0796 | accuracy 12.8125 | mean_length 64
09-09-21 14:09:48 - epoch 1 | global step 6160 | mode train | loss 2.0788 | accuracy 15.0 | mean_length 64
09-09-21 14:11:35 - epoch 1 | global step 6170 | mode train | loss 2.0796 | accuracy 10.0 | mean_length 64
09-09-21 14:13:22 - epoch 1 | global step 6180 | mode train | loss 2.0802 | accuracy 12.5 | mean_length 64
09-09-21 14:15:10 - epoch 1 | global step 6190 | mode train | loss 2.081 | accuracy 11.25 | mean_length 64
09-09-21 14:16:57 - epoch 1 | global step 6200 | mode train | loss 2.08 | accuracy 11.5625 | mean_length 64
09-09-21 14:18:44 - epoch 1 | global step 6210 | mode train | loss 2.0797 | accuracy 11.5625 | mean_length 64
09-09-21 14:20:31 - epoch 1 | global step 6220 | mode train | loss 2.0803 | accuracy 10.625 | mean_length 64
09-09-21 14:22:18 - epoch 1 | global step 6230 | mode train | loss 2.0802 | accuracy 8.4375 | mean_length 64
09-09-21 14:24:05 - epoch 1 | global step 6240 | mode train | loss 2.0787 | accuracy 14.0625 | mean_length 64
09-09-21 14:25:52 - epoch 1 | global step 6250 | mode train | loss 2.0786 | accuracy 13.4375 | mean_length 64
09-09-21 14:27:39 - epoch 1 | global step 6260 | mode train | loss 2.0804 | accuracy 9.6875 | mean_length 64
09-09-21 14:29:26 - epoch 1 | global step 6270 | mode train | loss 2.0802 | accuracy 11.25 | mean_length 64
09-09-21 14:31:14 - epoch 1 | global step 6280 | mode train | loss 2.0804 | accuracy 8.75 | mean_length 64
09-09-21 14:33:01 - epoch 1 | global step 6290 | mode train | loss 2.0794 | accuracy 11.5625 | mean_length 64
09-09-21 14:34:48 - epoch 1 | global step 6300 | mode train | loss 2.0791 | accuracy 11.5625 | mean_length 64
09-09-21 14:36:35 - epoch 1 | global step 6310 | mode train | loss 2.0793 | accuracy 12.8125 | mean_length 64
09-09-21 14:38:22 - epoch 1 | global step 6320 | mode train | loss 2.0797 | accuracy 12.1875 | mean_length 64
09-09-21 14:40:10 - epoch 1 | global step 6330 | mode train | loss 2.0796 | accuracy 13.4375 | mean_length 64
09-09-21 14:41:57 - epoch 1 | global step 6340 | mode train | loss 2.0804 | accuracy 12.8125 | mean_length 64
09-09-21 14:43:44 - epoch 1 | global step 6350 | mode train | loss 2.0794 | accuracy 10.0 | mean_length 64
09-09-21 14:45:31 - epoch 1 | global step 6360 | mode train | loss 2.0794 | accuracy 15.0 | mean_length 64
09-09-21 14:47:18 - epoch 1 | global step 6370 | mode train | loss 2.0792 | accuracy 14.0625 | mean_length 64
09-09-21 14:49:05 - epoch 1 | global step 6380 | mode train | loss 2.0792 | accuracy 12.5 | mean_length 64
09-09-21 14:50:52 - epoch 1 | global step 6390 | mode train | loss 2.0798 | accuracy 11.25 | mean_length 64
09-09-21 14:52:39 - epoch 1 | global step 6400 | mode train | loss 2.0797 | accuracy 12.1875 | mean_length 64
09-09-21 14:54:26 - epoch 1 | global step 6410 | mode train | loss 2.0797 | accuracy 12.8125 | mean_length 64
09-09-21 14:56:13 - epoch 1 | global step 6420 | mode train | loss 2.0801 | accuracy 9.375 | mean_length 64
09-09-21 14:58:00 - epoch 1 | global step 6430 | mode train | loss 2.0798 | accuracy 13.4375 | mean_length 64
09-09-21 14:59:47 - epoch 1 | global step 6440 | mode train | loss 2.0807 | accuracy 6.875 | mean_length 64
09-09-21 15:01:34 - epoch 1 | global step 6450 | mode train | loss 2.0795 | accuracy 12.8125 | mean_length 64
09-09-21 15:03:21 - epoch 2 | global step 6460 | mode train | loss 2.0794 | accuracy 9.6875 | mean_length 64
09-09-21 15:05:09 - epoch 2 | global step 6470 | mode train | loss 2.0791 | accuracy 12.8125 | mean_length 64
09-09-21 15:06:56 - epoch 2 | global step 6480 | mode train | loss 2.0797 | accuracy 13.125 | mean_length 64
09-09-21 15:08:43 - epoch 2 | global step 6490 | mode train | loss 2.0801 | accuracy 9.375 | mean_length 64
09-09-21 15:10:30 - epoch 2 | global step 6500 | mode train | loss 2.0794 | accuracy 12.5 | mean_length 64
09-09-21 15:12:17 - epoch 2 | global step 6510 | mode train | loss 2.0792 | accuracy 12.5 | mean_length 64
09-09-21 15:14:04 - epoch 2 | global step 6520 | mode train | loss 2.0798 | accuracy 10.9375 | mean_length 64
09-09-21 15:15:52 - epoch 2 | global step 6530 | mode train | loss 2.0791 | accuracy 13.125 | mean_length 64
09-09-21 15:17:39 - epoch 2 | global step 6540 | mode train | loss 2.0792 | accuracy 14.0625 | mean_length 64
09-09-21 15:19:26 - epoch 2 | global step 6550 | mode train | loss 2.0797 | accuracy 12.8125 | mean_length 64
09-09-21 15:21:13 - epoch 2 | global step 6560 | mode train | loss 2.0789 | accuracy 13.125 | mean_length 64
09-09-21 15:23:00 - epoch 2 | global step 6570 | mode train | loss 2.0795 | accuracy 9.375 | mean_length 64
09-09-21 15:24:48 - epoch 2 | global step 6580 | mode train | loss 2.0797 | accuracy 10.0 | mean_length 64
09-09-21 15:26:35 - epoch 2 | global step 6590 | mode train | loss 2.0801 | accuracy 10.9375 | mean_length 64
09-09-21 15:28:22 - epoch 2 | global step 6600 | mode train | loss 2.0791 | accuracy 15.9375 | mean_length 64
09-09-21 15:30:09 - epoch 2 | global step 6610 | mode train | loss 2.0803 | accuracy 11.875 | mean_length 64
09-09-21 15:31:56 - epoch 2 | global step 6620 | mode train | loss 2.0799 | accuracy 10.0 | mean_length 64
09-09-21 15:33:44 - epoch 2 | global step 6630 | mode train | loss 2.079 | accuracy 12.5 | mean_length 64
09-09-21 15:35:31 - epoch 2 | global step 6640 | mode train | loss 2.0803 | accuracy 11.25 | mean_length 64
09-09-21 15:37:18 - epoch 2 | global step 6650 | mode train | loss 2.0789 | accuracy 13.4375 | mean_length 64
09-09-21 15:47:57 - epoch 2 | global step 6656 | mode validation | loss 2.0795 | accuracy 11.94 | mean_length 64
09-09-21 15:48:40 - epoch 2 | global step 6660 | mode train | loss 2.0796 | accuracy 15.3125 | mean_length 64
09-09-21 15:50:27 - epoch 2 | global step 6670 | mode train | loss 2.0801 | accuracy 10.9375 | mean_length 64
09-09-21 15:52:15 - epoch 2 | global step 6680 | mode train | loss 2.0783 | accuracy 12.5 | mean_length 64
09-09-21 15:54:02 - epoch 2 | global step 6690 | mode train | loss 2.0794 | accuracy 12.5 | mean_length 64
09-09-21 15:55:49 - epoch 2 | global step 6700 | mode train | loss 2.0793 | accuracy 12.5 | mean_length 64
09-09-21 15:57:36 - epoch 2 | global step 6710 | mode train | loss 2.0797 | accuracy 11.5625 | mean_length 64
09-09-21 15:59:23 - epoch 2 | global step 6720 | mode train | loss 2.079 | accuracy 13.125 | mean_length 64
09-09-21 16:01:10 - epoch 2 | global step 6730 | mode train | loss 2.0802 | accuracy 7.8125 | mean_length 64
09-09-21 16:02:58 - epoch 2 | global step 6740 | mode train | loss 2.0796 | accuracy 11.5625 | mean_length 64
09-09-21 16:04:45 - epoch 2 | global step 6750 | mode train | loss 2.0785 | accuracy 19.6875 | mean_length 64
09-09-21 16:06:32 - epoch 2 | global step 6760 | mode train | loss 2.0799 | accuracy 11.875 | mean_length 64
09-09-21 16:08:19 - epoch 2 | global step 6770 | mode train | loss 2.0802 | accuracy 11.5625 | mean_length 64
09-09-21 16:10:06 - epoch 2 | global step 6780 | mode train | loss 2.079 | accuracy 13.75 | mean_length 64
09-09-21 16:11:53 - epoch 2 | global step 6790 | mode train | loss 2.0794 | accuracy 13.4375 | mean_length 64
09-09-21 16:13:41 - epoch 2 | global step 6800 | mode train | loss 2.0788 | accuracy 16.25 | mean_length 64
09-09-21 16:15:28 - epoch 2 | global step 6810 | mode train | loss 2.0796 | accuracy 14.0625 | mean_length 64
09-09-21 16:17:15 - epoch 2 | global step 6820 | mode train | loss 2.0799 | accuracy 13.125 | mean_length 64
09-09-21 16:19:02 - epoch 2 | global step 6830 | mode train | loss 2.079 | accuracy 12.1875 | mean_length 64
09-09-21 16:20:50 - epoch 2 | global step 6840 | mode train | loss 2.0781 | accuracy 12.8125 | mean_length 64
09-09-21 16:22:37 - epoch 2 | global step 6850 | mode train | loss 2.0802 | accuracy 11.875 | mean_length 64
09-09-21 16:24:24 - epoch 2 | global step 6860 | mode train | loss 2.0803 | accuracy 7.8125 | mean_length 64
09-09-21 16:26:11 - epoch 2 | global step 6870 | mode train | loss 2.0792 | accuracy 14.6875 | mean_length 64
09-09-21 16:27:58 - epoch 2 | global step 6880 | mode train | loss 2.0796 | accuracy 12.1875 | mean_length 64
09-09-21 16:29:45 - epoch 2 | global step 6890 | mode train | loss 2.0808 | accuracy 9.375 | mean_length 64
09-09-21 16:31:33 - epoch 2 | global step 6900 | mode train | loss 2.0793 | accuracy 14.375 | mean_length 64
09-09-21 16:33:20 - epoch 2 | global step 6910 | mode train | loss 2.0806 | accuracy 9.0625 | mean_length 64
09-09-21 16:35:08 - epoch 2 | global step 6920 | mode train | loss 2.0798 | accuracy 11.25 | mean_length 64
09-09-21 16:36:55 - epoch 2 | global step 6930 | mode train | loss 2.0796 | accuracy 12.8125 | mean_length 64
09-09-21 16:38:42 - epoch 2 | global step 6940 | mode train | loss 2.0792 | accuracy 11.875 | mean_length 64
09-09-21 16:40:29 - epoch 2 | global step 6950 | mode train | loss 2.0792 | accuracy 12.5 | mean_length 64
09-09-21 16:42:16 - epoch 2 | global step 6960 | mode train | loss 2.0788 | accuracy 17.1875 | mean_length 64
09-09-21 16:44:03 - epoch 2 | global step 6970 | mode train | loss 2.0793 | accuracy 13.4375 | mean_length 64
09-09-21 16:45:50 - epoch 2 | global step 6980 | mode train | loss 2.0806 | accuracy 9.375 | mean_length 64
09-09-21 16:47:38 - epoch 2 | global step 6990 | mode train | loss 2.0797 | accuracy 11.25 | mean_length 64
09-09-21 16:49:25 - epoch 2 | global step 7000 | mode train | loss 2.0795 | accuracy 10.3125 | mean_length 64
09-09-21 16:51:12 - epoch 2 | global step 7010 | mode train | loss 2.0795 | accuracy 12.8125 | mean_length 64
09-09-21 16:52:59 - epoch 2 | global step 7020 | mode train | loss 2.0801 | accuracy 8.4375 | mean_length 64
09-09-21 16:54:46 - epoch 2 | global step 7030 | mode train | loss 2.0789 | accuracy 16.875 | mean_length 64
09-09-21 16:56:34 - epoch 2 | global step 7040 | mode train | loss 2.0792 | accuracy 10.9375 | mean_length 64
09-09-21 16:58:21 - epoch 2 | global step 7050 | mode train | loss 2.0788 | accuracy 14.375 | mean_length 64
09-09-21 17:00:08 - epoch 2 | global step 7060 | mode train | loss 2.0791 | accuracy 13.4375 | mean_length 64
09-09-21 17:01:55 - epoch 2 | global step 7070 | mode train | loss 2.0797 | accuracy 11.875 | mean_length 64
09-09-21 17:03:43 - epoch 2 | global step 7080 | mode train | loss 2.0795 | accuracy 11.25 | mean_length 64
09-09-21 17:05:30 - epoch 2 | global step 7090 | mode train | loss 2.0794 | accuracy 12.8125 | mean_length 64
09-09-21 17:07:17 - epoch 2 | global step 7100 | mode train | loss 2.0793 | accuracy 12.1875 | mean_length 64
09-09-21 17:09:04 - epoch 2 | global step 7110 | mode train | loss 2.079 | accuracy 13.125 | mean_length 64
09-09-21 17:10:51 - epoch 2 | global step 7120 | mode train | loss 2.0797 | accuracy 11.875 | mean_length 64
09-09-21 17:12:39 - epoch 2 | global step 7130 | mode train | loss 2.0802 | accuracy 10.9375 | mean_length 64
09-09-21 17:14:26 - epoch 2 | global step 7140 | mode train | loss 2.0786 | accuracy 15.3125 | mean_length 64
09-09-21 17:16:13 - epoch 2 | global step 7150 | mode train | loss 2.0801 | accuracy 10.9375 | mean_length 64
09-09-21 17:18:00 - epoch 2 | global step 7160 | mode train | loss 2.0804 | accuracy 10.3125 | mean_length 64
09-09-21 17:29:03 - epoch 2 | global step 7168 | mode validation | loss 2.0794 | accuracy 12.12 | mean_length 64
09-09-21 17:29:24 - epoch 2 | global step 7170 | mode train | loss 2.08 | accuracy 12.8125 | mean_length 64
09-09-21 17:31:12 - epoch 2 | global step 7180 | mode train | loss 2.0796 | accuracy 11.25 | mean_length 64
09-09-21 17:33:03 - epoch 2 | global step 7190 | mode train | loss 2.0797 | accuracy 11.5625 | mean_length 64
09-09-21 17:34:52 - epoch 2 | global step 7200 | mode train | loss 2.0797 | accuracy 15.3125 | mean_length 64
09-09-21 17:36:40 - epoch 2 | global step 7210 | mode train | loss 2.0806 | accuracy 11.875 | mean_length 64
09-09-21 17:38:27 - epoch 2 | global step 7220 | mode train | loss 2.0796 | accuracy 15.3125 | mean_length 64
09-09-21 17:40:15 - epoch 2 | global step 7230 | mode train | loss 2.0793 | accuracy 12.1875 | mean_length 64
09-09-21 17:42:03 - epoch 2 | global step 7240 | mode train | loss 2.0795 | accuracy 13.75 | mean_length 64
09-09-21 17:43:52 - epoch 2 | global step 7250 | mode train | loss 2.08 | accuracy 10.9375 | mean_length 64
09-09-21 17:45:39 - epoch 2 | global step 7260 | mode train | loss 2.0788 | accuracy 12.5 | mean_length 64
09-09-21 17:47:27 - epoch 2 | global step 7270 | mode train | loss 2.0793 | accuracy 10.9375 | mean_length 64
09-09-21 17:49:15 - epoch 2 | global step 7280 | mode train | loss 2.0797 | accuracy 13.75 | mean_length 64
09-09-21 17:51:03 - epoch 2 | global step 7290 | mode train | loss 2.0786 | accuracy 15.625 | mean_length 64
09-09-21 17:52:51 - epoch 2 | global step 7300 | mode train | loss 2.0795 | accuracy 14.0625 | mean_length 64
09-09-21 17:54:39 - epoch 2 | global step 7310 | mode train | loss 2.0784 | accuracy 13.75 | mean_length 64
09-09-21 17:56:26 - epoch 2 | global step 7320 | mode train | loss 2.0797 | accuracy 13.4375 | mean_length 64
09-09-21 17:58:14 - epoch 2 | global step 7330 | mode train | loss 2.0779 | accuracy 16.25 | mean_length 64
09-09-21 18:00:02 - epoch 2 | global step 7340 | mode train | loss 2.0793 | accuracy 13.75 | mean_length 64
09-09-21 18:01:50 - epoch 2 | global step 7350 | mode train | loss 2.0796 | accuracy 10.9375 | mean_length 64
09-09-21 18:03:38 - epoch 2 | global step 7360 | mode train | loss 2.0791 | accuracy 14.375 | mean_length 64
09-09-21 18:05:26 - epoch 2 | global step 7370 | mode train | loss 2.0808 | accuracy 8.75 | mean_length 64
09-09-21 18:07:14 - epoch 2 | global step 7380 | mode train | loss 2.0795 | accuracy 12.8125 | mean_length 64
09-09-21 18:09:02 - epoch 2 | global step 7390 | mode train | loss 2.0798 | accuracy 13.125 | mean_length 64
09-09-21 18:10:50 - epoch 2 | global step 7400 | mode train | loss 2.08 | accuracy 14.0625 | mean_length 64
09-09-21 18:12:38 - epoch 2 | global step 7410 | mode train | loss 2.0791 | accuracy 15.0 | mean_length 64
09-09-21 18:14:26 - epoch 2 | global step 7420 | mode train | loss 2.079 | accuracy 14.0625 | mean_length 64
09-09-21 18:16:14 - epoch 2 | global step 7430 | mode train | loss 2.0812 | accuracy 10.9375 | mean_length 64
09-09-21 18:18:02 - epoch 2 | global step 7440 | mode train | loss 2.0797 | accuracy 13.4375 | mean_length 64
09-09-21 18:19:50 - epoch 2 | global step 7450 | mode train | loss 2.0791 | accuracy 14.0625 | mean_length 64
09-09-21 18:21:38 - epoch 2 | global step 7460 | mode train | loss 2.0787 | accuracy 15.625 | mean_length 64
09-09-21 18:23:25 - epoch 2 | global step 7470 | mode train | loss 2.0791 | accuracy 12.5 | mean_length 64
09-09-21 18:25:13 - epoch 2 | global step 7480 | mode train | loss 2.0801 | accuracy 10.3125 | mean_length 64
09-09-21 18:27:01 - epoch 2 | global step 7490 | mode train | loss 2.0795 | accuracy 11.5625 | mean_length 64
09-09-21 18:28:49 - epoch 2 | global step 7500 | mode train | loss 2.0805 | accuracy 11.25 | mean_length 64
09-09-21 18:30:37 - epoch 2 | global step 7510 | mode train | loss 2.0789 | accuracy 11.5625 | mean_length 64
09-09-21 18:32:25 - epoch 2 | global step 7520 | mode train | loss 2.0791 | accuracy 15.3125 | mean_length 64
09-09-21 18:34:13 - epoch 2 | global step 7530 | mode train | loss 2.0802 | accuracy 10.9375 | mean_length 64
09-09-21 18:36:01 - epoch 2 | global step 7540 | mode train | loss 2.0798 | accuracy 12.8125 | mean_length 64
09-09-21 18:37:49 - epoch 2 | global step 7550 | mode train | loss 2.0801 | accuracy 12.5 | mean_length 64
09-09-21 18:39:37 - epoch 2 | global step 7560 | mode train | loss 2.0792 | accuracy 10.9375 | mean_length 64
09-09-21 18:41:24 - epoch 2 | global step 7570 | mode train | loss 2.0789 | accuracy 13.125 | mean_length 64
09-09-21 18:43:11 - epoch 2 | global step 7580 | mode train | loss 2.0798 | accuracy 11.5625 | mean_length 64
09-09-21 18:44:58 - epoch 2 | global step 7590 | mode train | loss 2.0794 | accuracy 14.0625 | mean_length 64
09-09-21 18:46:45 - epoch 2 | global step 7600 | mode train | loss 2.0796 | accuracy 11.875 | mean_length 64
09-09-21 18:48:33 - epoch 2 | global step 7610 | mode train | loss 2.0794 | accuracy 12.5 | mean_length 64
09-09-21 18:50:20 - epoch 2 | global step 7620 | mode train | loss 2.0796 | accuracy 10.625 | mean_length 64
09-09-21 18:52:07 - epoch 2 | global step 7630 | mode train | loss 2.0802 | accuracy 9.6875 | mean_length 64
09-09-21 18:53:54 - epoch 2 | global step 7640 | mode train | loss 2.0807 | accuracy 10.625 | mean_length 64
09-09-21 18:55:41 - epoch 2 | global step 7650 | mode train | loss 2.08 | accuracy 10.625 | mean_length 64
09-09-21 18:57:29 - epoch 2 | global step 7660 | mode train | loss 2.0792 | accuracy 13.125 | mean_length 64
09-09-21 18:59:17 - epoch 2 | global step 7670 | mode train | loss 2.0801 | accuracy 8.75 | mean_length 64
09-09-21 19:01:04 - epoch 2 | global step 7680 | mode train | loss 2.0794 | accuracy 15.0 | mean_length 64
09-09-21 19:10:41 - epoch 2 | global step 7680 | mode validation | loss 2.0794 | accuracy 13.18 | mean_length 64
09-09-21 19:12:28 - epoch 2 | global step 7690 | mode train | loss 2.0795 | accuracy 11.25 | mean_length 64
09-09-21 19:14:15 - epoch 2 | global step 7700 | mode train | loss 2.0795 | accuracy 10.3125 | mean_length 64
09-09-21 19:16:02 - epoch 2 | global step 7710 | mode train | loss 2.0795 | accuracy 9.375 | mean_length 64
09-09-21 19:17:50 - epoch 2 | global step 7720 | mode train | loss 2.0789 | accuracy 14.375 | mean_length 64
09-09-21 19:19:37 - epoch 2 | global step 7730 | mode train | loss 2.0793 | accuracy 10.625 | mean_length 64
09-09-21 19:21:24 - epoch 2 | global step 7740 | mode train | loss 2.0788 | accuracy 11.875 | mean_length 64
09-09-21 19:23:12 - epoch 2 | global step 7750 | mode train | loss 2.0793 | accuracy 10.9375 | mean_length 64
09-09-21 19:24:59 - epoch 2 | global step 7760 | mode train | loss 2.0791 | accuracy 13.75 | mean_length 64
09-09-21 19:26:46 - epoch 2 | global step 7770 | mode train | loss 2.0795 | accuracy 13.125 | mean_length 64
09-09-21 19:28:33 - epoch 2 | global step 7780 | mode train | loss 2.0796 | accuracy 11.25 | mean_length 64
09-09-21 19:30:20 - epoch 2 | global step 7790 | mode train | loss 2.0795 | accuracy 12.8125 | mean_length 64
09-09-21 19:32:08 - epoch 2 | global step 7800 | mode train | loss 2.0793 | accuracy 15.625 | mean_length 64
09-09-21 19:33:55 - epoch 2 | global step 7810 | mode train | loss 2.0807 | accuracy 11.5625 | mean_length 64
09-09-21 19:35:42 - epoch 2 | global step 7820 | mode train | loss 2.0796 | accuracy 11.875 | mean_length 64
09-09-21 19:37:29 - epoch 2 | global step 7830 | mode train | loss 2.0793 | accuracy 13.4375 | mean_length 64
09-09-21 19:39:17 - epoch 2 | global step 7840 | mode train | loss 2.0791 | accuracy 13.4375 | mean_length 64
09-09-21 19:41:04 - epoch 2 | global step 7850 | mode train | loss 2.0795 | accuracy 11.25 | mean_length 64
09-09-21 19:42:51 - epoch 2 | global step 7860 | mode train | loss 2.0796 | accuracy 13.4375 | mean_length 64
09-09-21 19:44:38 - epoch 2 | global step 7870 | mode train | loss 2.0799 | accuracy 11.5625 | mean_length 64
09-09-21 19:46:25 - epoch 2 | global step 7880 | mode train | loss 2.0794 | accuracy 13.75 | mean_length 64
09-09-21 19:48:12 - epoch 2 | global step 7890 | mode train | loss 2.0801 | accuracy 10.625 | mean_length 64
09-09-21 19:49:59 - epoch 2 | global step 7900 | mode train | loss 2.0791 | accuracy 12.5 | mean_length 64
09-09-21 19:51:47 - epoch 2 | global step 7910 | mode train | loss 2.0805 | accuracy 9.0625 | mean_length 64
09-09-21 19:53:34 - epoch 2 | global step 7920 | mode train | loss 2.0791 | accuracy 10.625 | mean_length 64
09-09-21 19:55:21 - epoch 2 | global step 7930 | mode train | loss 2.0795 | accuracy 12.1875 | mean_length 64
09-09-21 19:57:08 - epoch 2 | global step 7940 | mode train | loss 2.0793 | accuracy 12.5 | mean_length 64
09-09-21 19:58:55 - epoch 2 | global step 7950 | mode train | loss 2.0794 | accuracy 12.8125 | mean_length 64
09-09-21 20:00:42 - epoch 2 | global step 7960 | mode train | loss 2.0797 | accuracy 10.625 | mean_length 64
09-09-21 20:02:30 - epoch 2 | global step 7970 | mode train | loss 2.0798 | accuracy 11.5625 | mean_length 64
09-09-21 20:04:17 - epoch 2 | global step 7980 | mode train | loss 2.0776 | accuracy 12.8125 | mean_length 63.9781
09-09-21 20:06:04 - epoch 2 | global step 7990 | mode train | loss 2.0802 | accuracy 7.5 | mean_length 64
09-09-21 20:07:51 - epoch 2 | global step 8000 | mode train | loss 2.0797 | accuracy 11.25 | mean_length 64
09-09-21 20:09:38 - epoch 2 | global step 8010 | mode train | loss 2.0799 | accuracy 12.5 | mean_length 64
09-09-21 20:11:25 - epoch 2 | global step 8020 | mode train | loss 2.0799 | accuracy 11.25 | mean_length 64
09-09-21 20:13:13 - epoch 2 | global step 8030 | mode train | loss 2.0797 | accuracy 11.25 | mean_length 64
09-09-21 20:15:00 - epoch 2 | global step 8040 | mode train | loss 2.0789 | accuracy 14.6875 | mean_length 64
09-09-21 20:16:47 - epoch 2 | global step 8050 | mode train | loss 2.0792 | accuracy 12.1875 | mean_length 64
09-09-21 20:18:34 - epoch 2 | global step 8060 | mode train | loss 2.0795 | accuracy 11.25 | mean_length 64
09-09-21 20:20:21 - epoch 2 | global step 8070 | mode train | loss 2.0792 | accuracy 15.0 | mean_length 64
09-09-21 20:22:08 - epoch 2 | global step 8080 | mode train | loss 2.0792 | accuracy 13.75 | mean_length 64
09-09-21 20:23:56 - epoch 2 | global step 8090 | mode train | loss 2.0795 | accuracy 13.125 | mean_length 64
09-09-21 20:25:43 - epoch 2 | global step 8100 | mode train | loss 2.079 | accuracy 14.0625 | mean_length 64
09-09-21 20:27:30 - epoch 2 | global step 8110 | mode train | loss 2.0801 | accuracy 11.25 | mean_length 64
09-09-21 20:29:17 - epoch 2 | global step 8120 | mode train | loss 2.0799 | accuracy 13.4375 | mean_length 64
09-09-21 20:31:04 - epoch 2 | global step 8130 | mode train | loss 2.0794 | accuracy 14.6875 | mean_length 64
09-09-21 20:32:52 - epoch 2 | global step 8140 | mode train | loss 2.08 | accuracy 11.875 | mean_length 64
09-09-21 20:34:39 - epoch 2 | global step 8150 | mode train | loss 2.0797 | accuracy 15.9375 | mean_length 64
09-09-21 20:36:26 - epoch 2 | global step 8160 | mode train | loss 2.0797 | accuracy 11.875 | mean_length 64
09-09-21 20:38:13 - epoch 2 | global step 8170 | mode train | loss 2.0797 | accuracy 10.9375 | mean_length 64
09-09-21 20:40:00 - epoch 2 | global step 8180 | mode train | loss 2.08 | accuracy 10.625 | mean_length 64
09-09-21 20:41:48 - epoch 2 | global step 8190 | mode train | loss 2.08 | accuracy 11.5625 | mean_length 64
09-09-21 20:42:09 - Evaluate the following checkpoint: Output/accGrad4_mbart_BTen+zh_lr2.0e-5_7distractors_maxstep8192_seed42/model.pt
09-09-21 20:53:43 - Best model stats: 
09-09-21 20:53:43 - epoch 0 | global step 0 | mode validation | loss 2.0795 | accuracy 12.42 | mean_length 64
