==========================================
SLURM_JOB_ID = 6120677
SLURM_JOB_NODELIST = d11-03
TMPDIR = /tmp/SLURM_6120677
==========================================
/home1/zliu9986/communication-translation
10-05-21 23:25:57 - Dataset Loaded
10-05-21 23:25:57 - Configuration:
Namespace(TransferH=False, alpha=1.0, batch_size=8, beam_width=1, config='Configs/en-zh_ec.yml', cpu=False, csv_headers=['mode', 'epoch', 'global step', 'loss', 'accuracy', 'mean_length'], decode_how='beam', device=device(type='cuda'), do_eval=True, do_train=True, dropout=0.1, fix_bhd=False, fix_spk=False, grad_clip=1.0, gradient_accumulation_steps=4, hard=False, has_vocab_constraint=False, hidden_dim=512, image_dim=2048, load_entire_agent=False, lr=2e-06, max_global_step=8192, max_seq_length=64, mode='emergent_communication', model_name='Models/bt_en-zh_baseline/best/', n_gpu=1, no_share_bhd=True, no_terminal=False, no_write=False, num_distractors_train=7, num_distractors_valid=7, num_games=30, num_warmup_steps=0, output_dir='Output/accGrad4_mbart_BTen+zh_lr2.0e-6_7distractors_maxstep8192_seed43', print_every=32, recurrent_hidden_aggregation=False, recurrent_image_unroll=False, repetition_penalty=1.0, save_output_txt=True, save_pretrain_seperately=True, schedule='constant_w_warmup', seed=43, source_lang='en_XX', source_lang_vocab_constrain_file='/projects/unmt/communication-translation/en_cc_tokenID2count_dict.cc25.json', stats_to_print=['loss', 'accuracy', 'mean_length'], target_acc=85.0, target_lang='zh_CN', target_lang_vocab_constrain_file='/projects/unmt/communication-translation/zh-Hans_cc_tokenID2count_dict.cc25.json', temp=1.0, temperature=1.0, train_images='./Data/ec_finetuning/images_train', two_ffwd=False, unit_norm=False, valid_every=512, valid_images='./Data/ec_finetuning/images_val')
Not sharing visual system for each agent.
10-05-21 23:35:56 - epoch 0 | global step 0 | mode validation | loss 2.428 | accuracy 12.52 | mean_length 61.3902
10-05-21 23:35:56 - Saving model to Output/accGrad4_mbart_BTen+zh_lr2.0e-6_7distractors_maxstep8192_seed43
Epoch: 0, Prediction Accuracy: 12.52, Saved to Path: Output/accGrad4_mbart_BTen+zh_lr2.0e-6_7distractors_maxstep8192_seed43
10-05-21 23:41:50 - epoch 0 | global step 32 | mode train | loss 2.2571 | accuracy 13.3789 | mean_length 62.7695
10-05-21 23:47:31 - epoch 0 | global step 64 | mode train | loss 2.149 | accuracy 13.0859 | mean_length 63.9492
10-05-21 23:53:12 - epoch 0 | global step 96 | mode train | loss 2.118 | accuracy 13.5742 | mean_length 63.8564
10-05-21 23:58:54 - epoch 0 | global step 128 | mode train | loss 2.1122 | accuracy 12.8906 | mean_length 63.96
10-06-21 00:04:35 - epoch 0 | global step 160 | mode train | loss 2.113 | accuracy 12.6953 | mean_length 64
10-06-21 00:10:17 - epoch 0 | global step 192 | mode train | loss 2.0959 | accuracy 13.4766 | mean_length 63.9551
10-06-21 00:15:58 - epoch 0 | global step 224 | mode train | loss 2.1032 | accuracy 12.6953 | mean_length 64
10-06-21 00:21:39 - epoch 0 | global step 256 | mode train | loss 2.0834 | accuracy 13.4766 | mean_length 64
10-06-21 00:27:20 - epoch 0 | global step 288 | mode train | loss 2.0892 | accuracy 14.8438 | mean_length 63.9854
10-06-21 00:33:01 - epoch 0 | global step 320 | mode train | loss 2.0891 | accuracy 11.4258 | mean_length 63.9463
10-06-21 00:39:37 - epoch 0 | global step 352 | mode train | loss 2.0696 | accuracy 14.5508 | mean_length 63.9531
10-06-21 00:45:19 - epoch 0 | global step 384 | mode train | loss 2.0771 | accuracy 12.4023 | mean_length 64
10-06-21 00:50:59 - epoch 0 | global step 416 | mode train | loss 2.0601 | accuracy 11.9141 | mean_length 63.9697
10-06-21 00:56:39 - epoch 0 | global step 448 | mode train | loss 2.034 | accuracy 13.5742 | mean_length 63.8955
10-06-21 01:02:20 - epoch 0 | global step 480 | mode train | loss 2.0375 | accuracy 13.6719 | mean_length 63.8721
10-06-21 01:08:00 - epoch 0 | global step 512 | mode train | loss 2.0527 | accuracy 13.1836 | mean_length 63.9248
10-06-21 01:17:30 - epoch 0 | global step 512 | mode validation | loss 2.0413 | accuracy 13.06 | mean_length 63.9848
10-06-21 01:17:30 - Saving model to Output/accGrad4_mbart_BTen+zh_lr2.0e-6_7distractors_maxstep8192_seed43
Epoch: 0, Prediction Accuracy: 13.06, Saved to Path: Output/accGrad4_mbart_BTen+zh_lr2.0e-6_7distractors_maxstep8192_seed43
10-06-21 01:23:25 - epoch 0 | global step 544 | mode train | loss 2.0201 | accuracy 13.2812 | mean_length 63.8184
10-06-21 01:29:06 - epoch 0 | global step 576 | mode train | loss 2.0155 | accuracy 12.9883 | mean_length 61.7168
10-06-21 01:34:46 - epoch 0 | global step 608 | mode train | loss 2.0258 | accuracy 12.4023 | mean_length 63.9727
10-06-21 01:40:27 - epoch 0 | global step 640 | mode train | loss 1.9631 | accuracy 16.3086 | mean_length 63.957
10-06-21 01:46:08 - epoch 0 | global step 672 | mode train | loss 1.9893 | accuracy 14.1602 | mean_length 63.9287
10-06-21 01:51:48 - epoch 0 | global step 704 | mode train | loss 2.0174 | accuracy 13.3789 | mean_length 63.9658
10-06-21 01:57:29 - epoch 0 | global step 736 | mode train | loss 1.9586 | accuracy 14.0625 | mean_length 63.9541
10-06-21 02:03:10 - epoch 0 | global step 768 | mode train | loss 1.9887 | accuracy 14.0625 | mean_length 63.9658
10-06-21 02:08:59 - epoch 0 | global step 800 | mode train | loss 1.9787 | accuracy 13.2812 | mean_length 63.998
10-06-21 02:14:48 - epoch 0 | global step 832 | mode train | loss 1.9402 | accuracy 13.7695 | mean_length 63.9785
10-06-21 02:20:36 - epoch 0 | global step 864 | mode train | loss 1.9925 | accuracy 13.5742 | mean_length 63.9521
10-06-21 02:26:23 - epoch 0 | global step 896 | mode train | loss 1.9726 | accuracy 12.1094 | mean_length 63.9873
10-06-21 02:32:12 - epoch 0 | global step 928 | mode train | loss 1.9473 | accuracy 14.8438 | mean_length 63.8154
10-06-21 02:38:00 - epoch 0 | global step 960 | mode train | loss 1.9476 | accuracy 14.4531 | mean_length 63.9883
10-06-21 02:43:50 - epoch 0 | global step 992 | mode train | loss 1.9361 | accuracy 14.5508 | mean_length 63.8818
10-06-21 02:49:38 - epoch 0 | global step 1024 | mode train | loss 1.9268 | accuracy 15.2344 | mean_length 63.7129
10-06-21 02:59:45 - epoch 0 | global step 1024 | mode validation | loss 2.005 | accuracy 13.3 | mean_length 63.7444
10-06-21 02:59:45 - Saving model to Output/accGrad4_mbart_BTen+zh_lr2.0e-6_7distractors_maxstep8192_seed43
Epoch: 0, Prediction Accuracy: 13.3, Saved to Path: Output/accGrad4_mbart_BTen+zh_lr2.0e-6_7distractors_maxstep8192_seed43
10-06-21 03:05:49 - epoch 0 | global step 1056 | mode train | loss 1.9159 | accuracy 15.8203 | mean_length 63.4697
10-06-21 03:11:38 - epoch 0 | global step 1088 | mode train | loss 1.9338 | accuracy 15.2344 | mean_length 63.4541
10-06-21 03:17:26 - epoch 0 | global step 1120 | mode train | loss 1.9214 | accuracy 16.2109 | mean_length 63.7217
10-06-21 03:23:16 - epoch 0 | global step 1152 | mode train | loss 1.909 | accuracy 16.9922 | mean_length 63.9023
10-06-21 03:29:05 - epoch 0 | global step 1184 | mode train | loss 1.9243 | accuracy 14.4531 | mean_length 63.9902
10-06-21 03:34:54 - epoch 0 | global step 1216 | mode train | loss 1.8685 | accuracy 17.7734 | mean_length 63.9229
10-06-21 03:40:42 - epoch 0 | global step 1248 | mode train | loss 1.9009 | accuracy 15.2344 | mean_length 63.9961
10-06-21 03:46:29 - epoch 0 | global step 1280 | mode train | loss 1.9079 | accuracy 17.4805 | mean_length 63.9639
10-06-21 03:52:16 - epoch 0 | global step 1312 | mode train | loss 1.9082 | accuracy 17.2852 | mean_length 63.9141
10-06-21 03:58:03 - epoch 0 | global step 1344 | mode train | loss 1.8975 | accuracy 15.8203 | mean_length 63.8408
10-06-21 04:03:51 - epoch 0 | global step 1376 | mode train | loss 1.9068 | accuracy 17.6758 | mean_length 63.9893
10-06-21 04:09:39 - epoch 0 | global step 1408 | mode train | loss 1.9038 | accuracy 18.8477 | mean_length 63.9893
10-06-21 04:15:26 - epoch 0 | global step 1440 | mode train | loss 1.8686 | accuracy 19.8242 | mean_length 63.9824
10-06-21 04:21:14 - epoch 0 | global step 1472 | mode train | loss 1.883 | accuracy 19.043 | mean_length 63.998
10-06-21 04:27:01 - epoch 0 | global step 1504 | mode train | loss 1.8749 | accuracy 19.7266 | mean_length 63.9297
10-06-21 04:32:49 - epoch 0 | global step 1536 | mode train | loss 1.8372 | accuracy 21.0938 | mean_length 63.917
10-06-21 04:42:52 - epoch 0 | global step 1536 | mode validation | loss 1.919 | accuracy 20.46 | mean_length 63.8874
10-06-21 04:42:52 - Saving model to Output/accGrad4_mbart_BTen+zh_lr2.0e-6_7distractors_maxstep8192_seed43
Epoch: 0, Prediction Accuracy: 20.46, Saved to Path: Output/accGrad4_mbart_BTen+zh_lr2.0e-6_7distractors_maxstep8192_seed43
10-06-21 04:48:58 - epoch 0 | global step 1568 | mode train | loss 1.8309 | accuracy 23.9258 | mean_length 63.7588
10-06-21 04:54:46 - epoch 0 | global step 1600 | mode train | loss 1.8114 | accuracy 23.7305 | mean_length 63.6797
10-06-21 05:00:35 - epoch 0 | global step 1632 | mode train | loss 1.8522 | accuracy 24.9023 | mean_length 63.418
10-06-21 05:06:23 - epoch 0 | global step 1664 | mode train | loss 1.8126 | accuracy 25.4883 | mean_length 62.6699
10-06-21 05:12:12 - epoch 0 | global step 1696 | mode train | loss 1.7785 | accuracy 29.1016 | mean_length 60.8516
10-06-21 05:18:10 - epoch 0 | global step 1728 | mode train | loss 1.7645 | accuracy 28.2227 | mean_length 62.5488
10-06-21 05:23:59 - epoch 0 | global step 1760 | mode train | loss 1.7196 | accuracy 33.7891 | mean_length 63.9482
10-06-21 05:29:46 - epoch 0 | global step 1792 | mode train | loss 1.6763 | accuracy 33.3008 | mean_length 63.9492
10-06-21 05:35:33 - epoch 0 | global step 1824 | mode train | loss 1.678 | accuracy 35.6445 | mean_length 63.875
10-06-21 05:41:20 - epoch 0 | global step 1856 | mode train | loss 1.595 | accuracy 40.4297 | mean_length 63.9639
10-06-21 05:47:07 - epoch 0 | global step 1888 | mode train | loss 1.5226 | accuracy 41.8945 | mean_length 63.9912
10-06-21 05:52:54 - epoch 0 | global step 1920 | mode train | loss 1.5401 | accuracy 41.3086 | mean_length 63.9863
10-06-21 05:58:40 - epoch 0 | global step 1952 | mode train | loss 1.4678 | accuracy 45.7031 | mean_length 63.9414
10-06-21 06:04:28 - epoch 0 | global step 1984 | mode train | loss 1.4404 | accuracy 46.6797 | mean_length 63.9238
10-06-21 06:10:16 - epoch 0 | global step 2016 | mode train | loss 1.4024 | accuracy 45.4102 | mean_length 63.9473
10-06-21 06:16:02 - epoch 0 | global step 2048 | mode train | loss 1.3654 | accuracy 49.3164 | mean_length 63.9492
10-06-21 06:26:00 - epoch 0 | global step 2048 | mode validation | loss 1.2116 | accuracy 54.28 | mean_length 63.9638
10-06-21 06:26:00 - Saving model to Output/accGrad4_mbart_BTen+zh_lr2.0e-6_7distractors_maxstep8192_seed43
Epoch: 0, Prediction Accuracy: 54.28, Saved to Path: Output/accGrad4_mbart_BTen+zh_lr2.0e-6_7distractors_maxstep8192_seed43
10-06-21 06:32:08 - epoch 0 | global step 2080 | mode train | loss 1.2932 | accuracy 51.0742 | mean_length 63.9102
10-06-21 06:37:55 - epoch 0 | global step 2112 | mode train | loss 1.2681 | accuracy 52.3438 | mean_length 63.6201
10-06-21 06:43:41 - epoch 0 | global step 2144 | mode train | loss 1.4346 | accuracy 44.4336 | mean_length 63.0
10-06-21 06:49:28 - epoch 0 | global step 2176 | mode train | loss 1.2454 | accuracy 56.1523 | mean_length 60.208
10-06-21 06:55:14 - epoch 0 | global step 2208 | mode train | loss 1.2262 | accuracy 52.2461 | mean_length 63.2773
10-06-21 07:01:01 - epoch 0 | global step 2240 | mode train | loss 1.2385 | accuracy 54.0039 | mean_length 63.9775
10-06-21 07:06:49 - epoch 0 | global step 2272 | mode train | loss 1.1944 | accuracy 54.6875 | mean_length 63.9297
10-06-21 07:12:34 - epoch 0 | global step 2304 | mode train | loss 1.1578 | accuracy 56.8359 | mean_length 63.9873
10-06-21 07:18:20 - epoch 0 | global step 2336 | mode train | loss 1.1209 | accuracy 57.7148 | mean_length 63.916
10-06-21 07:24:06 - epoch 0 | global step 2368 | mode train | loss 1.09 | accuracy 58.6914 | mean_length 63.9512
10-06-21 07:29:53 - epoch 0 | global step 2400 | mode train | loss 1.0768 | accuracy 57.6172 | mean_length 63.958
10-06-21 07:35:40 - epoch 0 | global step 2432 | mode train | loss 0.9987 | accuracy 63.4766 | mean_length 63.9844
10-06-21 07:41:26 - epoch 0 | global step 2464 | mode train | loss 1.0584 | accuracy 59.9609 | mean_length 63.9688
10-06-21 07:47:12 - epoch 0 | global step 2496 | mode train | loss 1.0283 | accuracy 62.3047 | mean_length 63.9883
10-06-21 07:52:58 - epoch 0 | global step 2528 | mode train | loss 1.0411 | accuracy 62.0117 | mean_length 63.9766
10-06-21 07:58:48 - epoch 0 | global step 2560 | mode train | loss 0.9754 | accuracy 62.793 | mean_length 63.957
10-06-21 08:08:40 - epoch 0 | global step 2560 | mode validation | loss 0.8786 | accuracy 68.6 | mean_length 63.9898
10-06-21 08:08:40 - Saving model to Output/accGrad4_mbart_BTen+zh_lr2.0e-6_7distractors_maxstep8192_seed43
Epoch: 0, Prediction Accuracy: 68.6, Saved to Path: Output/accGrad4_mbart_BTen+zh_lr2.0e-6_7distractors_maxstep8192_seed43
10-06-21 08:14:41 - epoch 0 | global step 2592 | mode train | loss 0.9747 | accuracy 62.5 | mean_length 63.9814
10-06-21 08:20:27 - epoch 0 | global step 2624 | mode train | loss 0.9992 | accuracy 63.6719 | mean_length 63.9014
10-06-21 08:26:13 - epoch 0 | global step 2656 | mode train | loss 0.9605 | accuracy 64.3555 | mean_length 63.9902
10-06-21 08:31:59 - epoch 0 | global step 2688 | mode train | loss 0.9969 | accuracy 61.9141 | mean_length 63.9492
10-06-21 08:37:45 - epoch 0 | global step 2720 | mode train | loss 0.9163 | accuracy 65.918 | mean_length 63.877
10-06-21 08:43:30 - epoch 0 | global step 2752 | mode train | loss 0.8546 | accuracy 68.5547 | mean_length 63.7178
10-06-21 08:49:09 - epoch 0 | global step 2784 | mode train | loss 0.9168 | accuracy 66.2109 | mean_length 63.9141
10-06-21 08:54:49 - epoch 0 | global step 2816 | mode train | loss 0.8624 | accuracy 68.3594 | mean_length 63.8672
10-06-21 09:00:28 - epoch 0 | global step 2848 | mode train | loss 0.9156 | accuracy 67.7734 | mean_length 63.8896
10-06-21 09:06:07 - epoch 0 | global step 2880 | mode train | loss 0.8677 | accuracy 67.7734 | mean_length 63.7881
10-06-21 09:11:46 - epoch 0 | global step 2912 | mode train | loss 0.8681 | accuracy 67.7734 | mean_length 63.8408
10-06-21 09:17:25 - epoch 0 | global step 2944 | mode train | loss 0.8435 | accuracy 69.043 | mean_length 63.8516
10-06-21 09:23:04 - epoch 0 | global step 2976 | mode train | loss 0.7952 | accuracy 71.7773 | mean_length 63.8086
10-06-21 09:28:43 - epoch 0 | global step 3008 | mode train | loss 0.8122 | accuracy 70.8008 | mean_length 63.8408
10-06-21 09:34:22 - epoch 0 | global step 3040 | mode train | loss 0.8238 | accuracy 69.9219 | mean_length 63.8379
10-06-21 09:40:01 - epoch 0 | global step 3072 | mode train | loss 0.8066 | accuracy 70.3125 | mean_length 63.8066
10-06-21 09:49:23 - epoch 0 | global step 3072 | mode validation | loss 0.6901 | accuracy 75.2 | mean_length 63.9626
10-06-21 09:49:23 - Saving model to Output/accGrad4_mbart_BTen+zh_lr2.0e-6_7distractors_maxstep8192_seed43
Epoch: 0, Prediction Accuracy: 75.2, Saved to Path: Output/accGrad4_mbart_BTen+zh_lr2.0e-6_7distractors_maxstep8192_seed43
10-06-21 09:55:11 - epoch 0 | global step 3104 | mode train | loss 0.8452 | accuracy 67.3828 | mean_length 63.8652
10-06-21 10:00:50 - epoch 0 | global step 3136 | mode train | loss 0.7722 | accuracy 72.4609 | mean_length 63.8184
10-06-21 10:06:29 - epoch 0 | global step 3168 | mode train | loss 0.7559 | accuracy 72.8516 | mean_length 63.8223
10-06-21 10:12:09 - epoch 0 | global step 3200 | mode train | loss 0.7898 | accuracy 70.7031 | mean_length 63.7969
10-06-21 10:17:49 - epoch 1 | global step 3232 | mode train | loss 0.7395 | accuracy 73.0469 | mean_length 63.709
10-06-21 10:23:28 - epoch 1 | global step 3264 | mode train | loss 0.7321 | accuracy 72.6562 | mean_length 63.8389
10-06-21 10:29:07 - epoch 1 | global step 3296 | mode train | loss 0.7427 | accuracy 71.7773 | mean_length 63.8047
10-06-21 10:34:46 - epoch 1 | global step 3328 | mode train | loss 0.7276 | accuracy 72.6562 | mean_length 63.7607
10-06-21 10:40:25 - epoch 1 | global step 3360 | mode train | loss 0.7319 | accuracy 73.9258 | mean_length 63.5947
10-06-21 10:46:04 - epoch 1 | global step 3392 | mode train | loss 0.7125 | accuracy 74.0234 | mean_length 63.4893
10-06-21 10:51:42 - epoch 1 | global step 3424 | mode train | loss 0.6476 | accuracy 75.8789 | mean_length 63.4121
10-06-21 10:57:21 - epoch 1 | global step 3456 | mode train | loss 0.7138 | accuracy 75.4883 | mean_length 63.5928
10-06-21 11:03:00 - epoch 1 | global step 3488 | mode train | loss 0.735 | accuracy 72.7539 | mean_length 63.5186
10-06-21 11:08:38 - epoch 1 | global step 3520 | mode train | loss 0.7154 | accuracy 74.1211 | mean_length 63.6973
10-06-21 11:14:17 - epoch 1 | global step 3552 | mode train | loss 0.7004 | accuracy 74.4141 | mean_length 63.3711
10-06-21 11:19:55 - epoch 1 | global step 3584 | mode train | loss 0.696 | accuracy 75.8789 | mean_length 63.3682
10-06-21 11:29:17 - epoch 1 | global step 3584 | mode validation | loss 0.5712 | accuracy 79.96 | mean_length 63.679
10-06-21 11:29:17 - Saving model to Output/accGrad4_mbart_BTen+zh_lr2.0e-6_7distractors_maxstep8192_seed43
Epoch: 1, Prediction Accuracy: 79.96, Saved to Path: Output/accGrad4_mbart_BTen+zh_lr2.0e-6_7distractors_maxstep8192_seed43
10-06-21 11:35:07 - epoch 1 | global step 3616 | mode train | loss 0.6683 | accuracy 76.0742 | mean_length 62.9746
10-06-21 11:40:46 - epoch 1 | global step 3648 | mode train | loss 0.6434 | accuracy 77.3438 | mean_length 62.9805
10-06-21 11:46:25 - epoch 1 | global step 3680 | mode train | loss 0.6663 | accuracy 76.4648 | mean_length 62.96
10-06-21 11:52:04 - epoch 1 | global step 3712 | mode train | loss 0.5849 | accuracy 79.7852 | mean_length 62.5039
10-06-21 11:57:44 - epoch 1 | global step 3744 | mode train | loss 0.6663 | accuracy 75.6836 | mean_length 62.5879
10-06-21 12:03:26 - epoch 1 | global step 3776 | mode train | loss 0.6081 | accuracy 79.0039 | mean_length 62.4707
10-06-21 12:09:13 - epoch 1 | global step 3808 | mode train | loss 0.6251 | accuracy 78.0273 | mean_length 62.8369
10-06-21 12:15:00 - epoch 1 | global step 3840 | mode train | loss 0.6417 | accuracy 77.0508 | mean_length 62.7637
10-06-21 12:20:48 - epoch 1 | global step 3872 | mode train | loss 0.6684 | accuracy 76.4648 | mean_length 63.1592
10-06-21 12:26:35 - epoch 1 | global step 3904 | mode train | loss 0.5891 | accuracy 80.0781 | mean_length 63.4248
10-06-21 12:32:20 - epoch 1 | global step 3936 | mode train | loss 0.6189 | accuracy 77.2461 | mean_length 63.4395
10-06-21 12:38:06 - epoch 1 | global step 3968 | mode train | loss 0.6003 | accuracy 79.1992 | mean_length 63.75
10-06-21 12:43:52 - epoch 1 | global step 4000 | mode train | loss 0.6096 | accuracy 77.2461 | mean_length 63.6758
10-06-21 12:49:39 - epoch 1 | global step 4032 | mode train | loss 0.579 | accuracy 80.0781 | mean_length 63.5654
10-06-21 12:55:25 - epoch 1 | global step 4064 | mode train | loss 0.5716 | accuracy 79.3945 | mean_length 63.4482
10-06-21 13:01:11 - epoch 1 | global step 4096 | mode train | loss 0.5773 | accuracy 80.4688 | mean_length 63.6016
10-06-21 13:11:05 - epoch 1 | global step 4096 | mode validation | loss 0.5138 | accuracy 81.44 | mean_length 63.9468
10-06-21 13:11:05 - Saving model to Output/accGrad4_mbart_BTen+zh_lr2.0e-6_7distractors_maxstep8192_seed43
Epoch: 1, Prediction Accuracy: 81.44, Saved to Path: Output/accGrad4_mbart_BTen+zh_lr2.0e-6_7distractors_maxstep8192_seed43
10-06-21 13:17:06 - epoch 1 | global step 4128 | mode train | loss 0.6051 | accuracy 78.418 | mean_length 63.8389
10-06-21 13:22:51 - epoch 1 | global step 4160 | mode train | loss 0.5866 | accuracy 78.6133 | mean_length 63.8721
10-06-21 13:28:37 - epoch 1 | global step 4192 | mode train | loss 0.5599 | accuracy 80.4688 | mean_length 63.5371
10-06-21 13:34:23 - epoch 1 | global step 4224 | mode train | loss 0.5762 | accuracy 80.3711 | mean_length 63.6611
10-06-21 13:40:08 - epoch 1 | global step 4256 | mode train | loss 0.6134 | accuracy 77.2461 | mean_length 63.7432
10-06-21 13:45:54 - epoch 1 | global step 4288 | mode train | loss 0.5678 | accuracy 80.5664 | mean_length 63.7744
10-06-21 13:51:40 - epoch 1 | global step 4320 | mode train | loss 0.5119 | accuracy 82.7148 | mean_length 63.8135
10-06-21 13:57:25 - epoch 1 | global step 4352 | mode train | loss 0.5637 | accuracy 79.1016 | mean_length 63.5986
10-06-21 14:03:11 - epoch 1 | global step 4384 | mode train | loss 0.5267 | accuracy 81.9336 | mean_length 63.7256
10-06-21 14:08:57 - epoch 1 | global step 4416 | mode train | loss 0.5693 | accuracy 80.4688 | mean_length 63.6807
10-06-21 14:14:44 - epoch 1 | global step 4448 | mode train | loss 0.5199 | accuracy 82.8125 | mean_length 63.6084
10-06-21 14:20:29 - epoch 1 | global step 4480 | mode train | loss 0.5633 | accuracy 79.5898 | mean_length 63.5264
10-06-21 14:26:15 - epoch 1 | global step 4512 | mode train | loss 0.4957 | accuracy 82.5195 | mean_length 63.6855
10-06-21 14:32:01 - epoch 1 | global step 4544 | mode train | loss 0.5051 | accuracy 82.3242 | mean_length 63.7246
10-06-21 14:37:47 - epoch 1 | global step 4576 | mode train | loss 0.5439 | accuracy 80.8594 | mean_length 63.8184
10-06-21 14:43:32 - epoch 1 | global step 4608 | mode train | loss 0.5629 | accuracy 80.1758 | mean_length 63.8926
10-06-21 14:53:22 - epoch 1 | global step 4608 | mode validation | loss 0.4439 | accuracy 84.84 | mean_length 63.9858
10-06-21 14:53:22 - Saving model to Output/accGrad4_mbart_BTen+zh_lr2.0e-6_7distractors_maxstep8192_seed43
Epoch: 1, Prediction Accuracy: 84.84, Saved to Path: Output/accGrad4_mbart_BTen+zh_lr2.0e-6_7distractors_maxstep8192_seed43
10-06-21 14:59:22 - epoch 1 | global step 4640 | mode train | loss 0.524 | accuracy 80.3711 | mean_length 63.9189
10-06-21 15:05:08 - epoch 1 | global step 4672 | mode train | loss 0.5156 | accuracy 81.7383 | mean_length 63.8379
10-06-21 15:10:56 - epoch 1 | global step 4704 | mode train | loss 0.5107 | accuracy 81.9336 | mean_length 63.9297
10-06-21 15:16:42 - epoch 1 | global step 4736 | mode train | loss 0.5077 | accuracy 81.543 | mean_length 63.8398
10-06-21 15:22:27 - epoch 1 | global step 4768 | mode train | loss 0.525 | accuracy 82.1289 | mean_length 63.8389
10-06-21 15:28:13 - epoch 1 | global step 4800 | mode train | loss 0.4976 | accuracy 83.9844 | mean_length 63.8555
10-06-21 15:33:59 - epoch 1 | global step 4832 | mode train | loss 0.499 | accuracy 83.4961 | mean_length 63.7412
10-06-21 15:39:45 - epoch 1 | global step 4864 | mode train | loss 0.4799 | accuracy 83.5938 | mean_length 63.8604
10-06-21 15:45:30 - epoch 1 | global step 4896 | mode train | loss 0.4987 | accuracy 81.7383 | mean_length 63.8809
10-06-21 15:51:16 - epoch 1 | global step 4928 | mode train | loss 0.4802 | accuracy 83.0078 | mean_length 63.7061
10-06-21 15:57:02 - epoch 1 | global step 4960 | mode train | loss 0.453 | accuracy 84.5703 | mean_length 63.6104
10-06-21 16:02:48 - epoch 1 | global step 4992 | mode train | loss 0.4582 | accuracy 83.9844 | mean_length 63.7998
10-06-21 16:08:35 - epoch 1 | global step 5024 | mode train | loss 0.4677 | accuracy 83.6914 | mean_length 63.7402
10-06-21 16:14:21 - epoch 1 | global step 5056 | mode train | loss 0.5175 | accuracy 81.6406 | mean_length 63.3721
10-06-21 16:20:07 - epoch 1 | global step 5088 | mode train | loss 0.5693 | accuracy 79.4922 | mean_length 63.8525
10-06-21 16:25:53 - epoch 1 | global step 5120 | mode train | loss 0.5057 | accuracy 83.1055 | mean_length 63.9795
10-06-21 16:35:47 - epoch 1 | global step 5120 | mode validation | loss 0.4171 | accuracy 85.88 | mean_length 63.9784
10-06-21 16:35:47 - Saving model to Output/accGrad4_mbart_BTen+zh_lr2.0e-6_7distractors_maxstep8192_seed43
Epoch: 1, Prediction Accuracy: 85.88, Saved to Path: Output/accGrad4_mbart_BTen+zh_lr2.0e-6_7distractors_maxstep8192_seed43
10-06-21 16:41:49 - epoch 1 | global step 5152 | mode train | loss 0.4578 | accuracy 84.082 | mean_length 63.9062
10-06-21 16:47:37 - epoch 1 | global step 5184 | mode train | loss 0.4419 | accuracy 83.2031 | mean_length 63.9834
10-06-21 16:53:22 - epoch 1 | global step 5216 | mode train | loss 0.4564 | accuracy 85.2539 | mean_length 63.9102
10-06-21 16:59:08 - epoch 1 | global step 5248 | mode train | loss 0.4396 | accuracy 84.9609 | mean_length 63.9727
10-06-21 17:04:54 - epoch 1 | global step 5280 | mode train | loss 0.4305 | accuracy 85.7422 | mean_length 63.8984
10-06-21 17:10:39 - epoch 1 | global step 5312 | mode train | loss 0.4358 | accuracy 84.7656 | mean_length 63.9629
10-06-21 17:16:26 - epoch 1 | global step 5344 | mode train | loss 0.4131 | accuracy 85.8398 | mean_length 63.9443
10-06-21 17:22:14 - epoch 1 | global step 5376 | mode train | loss 0.397 | accuracy 87.1094 | mean_length 63.873
10-06-21 17:27:59 - epoch 1 | global step 5408 | mode train | loss 0.4137 | accuracy 85.3516 | mean_length 63.7686
10-06-21 17:33:48 - epoch 1 | global step 5440 | mode train | loss 0.3767 | accuracy 87.793 | mean_length 63.9209
10-06-21 17:39:32 - epoch 1 | global step 5472 | mode train | loss 0.3995 | accuracy 85.1562 | mean_length 63.8311
10-06-21 17:45:17 - epoch 1 | global step 5504 | mode train | loss 0.4034 | accuracy 86.3281 | mean_length 63.9199
10-06-21 17:51:02 - epoch 1 | global step 5536 | mode train | loss 0.3979 | accuracy 85.7422 | mean_length 63.8936
10-06-21 17:56:48 - epoch 1 | global step 5568 | mode train | loss 0.4806 | accuracy 82.9102 | mean_length 63.8525
10-06-21 18:02:33 - epoch 1 | global step 5600 | mode train | loss 0.4044 | accuracy 85.1562 | mean_length 63.9268
10-06-21 18:08:18 - epoch 1 | global step 5632 | mode train | loss 0.429 | accuracy 84.7656 | mean_length 63.9258
10-06-21 18:18:09 - epoch 1 | global step 5632 | mode validation | loss 0.337 | accuracy 88.56 | mean_length 63.9634
10-06-21 18:18:09 - Saving model to Output/accGrad4_mbart_BTen+zh_lr2.0e-6_7distractors_maxstep8192_seed43
Epoch: 1, Prediction Accuracy: 88.56, Saved to Path: Output/accGrad4_mbart_BTen+zh_lr2.0e-6_7distractors_maxstep8192_seed43
10-06-21 18:24:09 - epoch 1 | global step 5664 | mode train | loss 0.3948 | accuracy 84.8633 | mean_length 63.8125
10-06-21 18:29:54 - epoch 1 | global step 5696 | mode train | loss 0.3825 | accuracy 86.3281 | mean_length 63.7803
10-06-21 18:35:40 - epoch 1 | global step 5728 | mode train | loss 0.3838 | accuracy 85.8398 | mean_length 63.9053
10-06-21 18:41:26 - epoch 1 | global step 5760 | mode train | loss 0.4248 | accuracy 85.6445 | mean_length 63.8184
10-06-21 18:47:11 - epoch 1 | global step 5792 | mode train | loss 0.4112 | accuracy 85.0586 | mean_length 63.6924
10-06-21 18:52:57 - epoch 1 | global step 5824 | mode train | loss 0.3527 | accuracy 88.3789 | mean_length 63.5381
10-06-21 18:58:43 - epoch 1 | global step 5856 | mode train | loss 0.3761 | accuracy 88.0859 | mean_length 63.6191
10-06-21 19:04:28 - epoch 1 | global step 5888 | mode train | loss 0.3979 | accuracy 86.8164 | mean_length 63.6016
10-06-21 19:10:14 - epoch 1 | global step 5920 | mode train | loss 0.4061 | accuracy 86.0352 | mean_length 63.7305
10-06-21 19:15:57 - epoch 1 | global step 5952 | mode train | loss 0.3666 | accuracy 87.9883 | mean_length 63.6445
10-06-21 19:21:37 - epoch 1 | global step 5984 | mode train | loss 0.376 | accuracy 87.4023 | mean_length 63.5811
10-06-21 19:27:15 - epoch 1 | global step 6016 | mode train | loss 0.3702 | accuracy 86.6211 | mean_length 63.4365
10-06-21 19:32:53 - epoch 1 | global step 6048 | mode train | loss 0.3718 | accuracy 87.207 | mean_length 63.3711
10-06-21 19:38:31 - epoch 1 | global step 6080 | mode train | loss 0.3339 | accuracy 88.6719 | mean_length 63.416
10-06-21 19:44:13 - epoch 1 | global step 6112 | mode train | loss 0.3643 | accuracy 87.9883 | mean_length 63.7891
10-06-21 19:49:55 - epoch 1 | global step 6144 | mode train | loss 0.3641 | accuracy 87.5977 | mean_length 63.7676
10-06-21 19:59:40 - epoch 1 | global step 6144 | mode validation | loss 0.2805 | accuracy 91.7 | mean_length 63.9642
10-06-21 19:59:40 - Saving model to Output/accGrad4_mbart_BTen+zh_lr2.0e-6_7distractors_maxstep8192_seed43
Epoch: 1, Prediction Accuracy: 91.7, Saved to Path: Output/accGrad4_mbart_BTen+zh_lr2.0e-6_7distractors_maxstep8192_seed43
10-06-21 20:05:45 - epoch 1 | global step 6176 | mode train | loss 0.3604 | accuracy 86.9141 | mean_length 63.7832
10-06-21 20:11:33 - epoch 1 | global step 6208 | mode train | loss 0.3509 | accuracy 89.0625 | mean_length 63.8037
10-06-21 20:17:21 - epoch 1 | global step 6240 | mode train | loss 0.347 | accuracy 87.793 | mean_length 63.834
10-06-21 20:23:09 - epoch 1 | global step 6272 | mode train | loss 0.3185 | accuracy 90.332 | mean_length 63.8672
10-06-21 20:28:56 - epoch 1 | global step 6304 | mode train | loss 0.3225 | accuracy 90.1367 | mean_length 63.7461
10-06-21 20:34:42 - epoch 1 | global step 6336 | mode train | loss 0.317 | accuracy 89.8438 | mean_length 63.9199
10-06-21 20:40:29 - epoch 1 | global step 6368 | mode train | loss 0.3215 | accuracy 89.2578 | mean_length 63.6924
10-06-21 20:46:15 - epoch 1 | global step 6400 | mode train | loss 0.3159 | accuracy 88.9648 | mean_length 63.8281
10-06-21 20:52:02 - epoch 1 | global step 6432 | mode train | loss 0.3411 | accuracy 88.9648 | mean_length 63.7002
10-06-21 20:57:49 - epoch 2 | global step 6464 | mode train | loss 0.3328 | accuracy 88.4766 | mean_length 63.6709
10-06-21 21:03:36 - epoch 2 | global step 6496 | mode train | loss 0.3358 | accuracy 88.7695 | mean_length 63.6787
10-06-21 21:09:22 - epoch 2 | global step 6528 | mode train | loss 0.3156 | accuracy 88.8672 | mean_length 63.7109
10-06-21 21:15:09 - epoch 2 | global step 6560 | mode train | loss 0.3198 | accuracy 88.5742 | mean_length 63.8447
10-06-21 21:20:56 - epoch 2 | global step 6592 | mode train | loss 0.35 | accuracy 87.6953 | mean_length 63.7998
10-06-21 21:26:43 - epoch 2 | global step 6624 | mode train | loss 0.3262 | accuracy 89.6484 | mean_length 63.8301
10-06-21 21:32:29 - epoch 2 | global step 6656 | mode train | loss 0.3119 | accuracy 89.1602 | mean_length 63.873
10-06-21 21:42:24 - epoch 2 | global step 6656 | mode validation | loss 0.2655 | accuracy 91.96 | mean_length 63.9708
10-06-21 21:42:24 - Saving model to Output/accGrad4_mbart_BTen+zh_lr2.0e-6_7distractors_maxstep8192_seed43
Epoch: 2, Prediction Accuracy: 91.96, Saved to Path: Output/accGrad4_mbart_BTen+zh_lr2.0e-6_7distractors_maxstep8192_seed43
10-06-21 21:48:27 - epoch 2 | global step 6688 | mode train | loss 0.2905 | accuracy 91.2109 | mean_length 63.7969
10-06-21 21:54:16 - epoch 2 | global step 6720 | mode train | loss 0.3011 | accuracy 90.8203 | mean_length 63.8076
10-06-21 22:00:02 - epoch 2 | global step 6752 | mode train | loss 0.2897 | accuracy 89.9414 | mean_length 63.832
10-06-21 22:05:48 - epoch 2 | global step 6784 | mode train | loss 0.3118 | accuracy 89.6484 | mean_length 63.7432
10-06-21 22:11:35 - epoch 2 | global step 6816 | mode train | loss 0.3196 | accuracy 89.1602 | mean_length 63.7266
10-06-21 22:17:22 - epoch 2 | global step 6848 | mode train | loss 0.2989 | accuracy 91.0156 | mean_length 63.7217
10-06-21 22:23:08 - epoch 2 | global step 6880 | mode train | loss 0.309 | accuracy 89.6484 | mean_length 63.9043
10-06-21 22:28:55 - epoch 2 | global step 6912 | mode train | loss 0.2853 | accuracy 89.7461 | mean_length 63.832
10-06-21 22:34:42 - epoch 2 | global step 6944 | mode train | loss 0.3023 | accuracy 89.7461 | mean_length 63.8291
10-06-21 22:40:29 - epoch 2 | global step 6976 | mode train | loss 0.2774 | accuracy 90.8203 | mean_length 63.8418
10-06-21 22:46:15 - epoch 2 | global step 7008 | mode train | loss 0.2961 | accuracy 90.4297 | mean_length 63.8857
10-06-21 22:52:02 - epoch 2 | global step 7040 | mode train | loss 0.2885 | accuracy 90.8203 | mean_length 63.7773
10-06-21 22:57:48 - epoch 2 | global step 7072 | mode train | loss 0.2846 | accuracy 90.7227 | mean_length 63.791
10-06-21 23:03:35 - epoch 2 | global step 7104 | mode train | loss 0.2831 | accuracy 90.7227 | mean_length 63.9072
10-06-21 23:09:22 - epoch 2 | global step 7136 | mode train | loss 0.308 | accuracy 89.3555 | mean_length 63.9199
10-06-21 23:15:09 - epoch 2 | global step 7168 | mode train | loss 0.3188 | accuracy 88.4766 | mean_length 63.835
10-06-21 23:25:06 - epoch 2 | global step 7168 | mode validation | loss 0.2313 | accuracy 92.4 | mean_length 63.9888
10-06-21 23:25:06 - Saving model to Output/accGrad4_mbart_BTen+zh_lr2.0e-6_7distractors_maxstep8192_seed43
Epoch: 2, Prediction Accuracy: 92.4, Saved to Path: Output/accGrad4_mbart_BTen+zh_lr2.0e-6_7distractors_maxstep8192_seed43
10-06-21 23:31:09 - epoch 2 | global step 7200 | mode train | loss 0.292 | accuracy 90.8203 | mean_length 63.8232
10-06-21 23:36:56 - epoch 2 | global step 7232 | mode train | loss 0.2662 | accuracy 91.6992 | mean_length 63.9854
10-06-21 23:42:42 - epoch 2 | global step 7264 | mode train | loss 0.2994 | accuracy 89.1602 | mean_length 63.8584
10-06-21 23:48:29 - epoch 2 | global step 7296 | mode train | loss 0.302 | accuracy 90.2344 | mean_length 63.6504
10-06-21 23:54:15 - epoch 2 | global step 7328 | mode train | loss 0.2631 | accuracy 91.3086 | mean_length 63.8174
10-07-21 00:00:02 - epoch 2 | global step 7360 | mode train | loss 0.2968 | accuracy 89.3555 | mean_length 63.9023
10-07-21 00:05:48 - epoch 2 | global step 7392 | mode train | loss 0.2714 | accuracy 91.2109 | mean_length 63.9775
10-07-21 00:11:35 - epoch 2 | global step 7424 | mode train | loss 0.2846 | accuracy 90.332 | mean_length 63.9678
10-07-21 00:17:22 - epoch 2 | global step 7456 | mode train | loss 0.2677 | accuracy 90.625 | mean_length 63.9609
10-07-21 00:23:08 - epoch 2 | global step 7488 | mode train | loss 0.2759 | accuracy 91.6016 | mean_length 63.8809
10-07-21 00:28:55 - epoch 2 | global step 7520 | mode train | loss 0.262 | accuracy 91.9922 | mean_length 63.9727
10-07-21 00:34:41 - epoch 2 | global step 7552 | mode train | loss 0.2767 | accuracy 91.1133 | mean_length 63.7363
10-07-21 00:40:27 - epoch 2 | global step 7584 | mode train | loss 0.2845 | accuracy 90.4297 | mean_length 63.8105
10-07-21 00:46:13 - epoch 2 | global step 7616 | mode train | loss 0.2867 | accuracy 90.8203 | mean_length 63.8672
10-07-21 00:52:00 - epoch 2 | global step 7648 | mode train | loss 0.2692 | accuracy 91.3086 | mean_length 63.9492
10-07-21 00:57:47 - epoch 2 | global step 7680 | mode train | loss 0.2759 | accuracy 90.2344 | mean_length 63.8691
10-07-21 01:07:40 - epoch 2 | global step 7680 | mode validation | loss 0.2203 | accuracy 92.7 | mean_length 63.99
10-07-21 01:07:40 - Saving model to Output/accGrad4_mbart_BTen+zh_lr2.0e-6_7distractors_maxstep8192_seed43
Epoch: 2, Prediction Accuracy: 92.7, Saved to Path: Output/accGrad4_mbart_BTen+zh_lr2.0e-6_7distractors_maxstep8192_seed43
10-07-21 01:13:42 - epoch 2 | global step 7712 | mode train | loss 0.2834 | accuracy 89.9414 | mean_length 63.8232
10-07-21 01:19:28 - epoch 2 | global step 7744 | mode train | loss 0.2413 | accuracy 92.5781 | mean_length 63.8564
10-07-21 01:25:14 - epoch 2 | global step 7776 | mode train | loss 0.2504 | accuracy 91.5039 | mean_length 63.7891
10-07-21 01:31:01 - epoch 2 | global step 7808 | mode train | loss 0.2337 | accuracy 93.1641 | mean_length 63.8105
10-07-21 01:36:48 - epoch 2 | global step 7840 | mode train | loss 0.2309 | accuracy 92.1875 | mean_length 63.8486
10-07-21 01:42:35 - epoch 2 | global step 7872 | mode train | loss 0.2493 | accuracy 92.2852 | mean_length 63.7363
10-07-21 01:48:21 - epoch 2 | global step 7904 | mode train | loss 0.2617 | accuracy 90.2344 | mean_length 63.7764
10-07-21 01:54:08 - epoch 2 | global step 7936 | mode train | loss 0.2607 | accuracy 91.4062 | mean_length 63.9014
10-07-21 01:59:54 - epoch 2 | global step 7968 | mode train | loss 0.2351 | accuracy 91.8945 | mean_length 63.7578
10-07-21 02:05:41 - epoch 2 | global step 8000 | mode train | loss 0.2809 | accuracy 90.5273 | mean_length 63.7031
10-07-21 02:11:27 - epoch 2 | global step 8032 | mode train | loss 0.2748 | accuracy 91.6016 | mean_length 63.624
10-07-21 02:17:14 - epoch 2 | global step 8064 | mode train | loss 0.2535 | accuracy 91.8945 | mean_length 63.4541
10-07-21 02:23:00 - epoch 2 | global step 8096 | mode train | loss 0.2778 | accuracy 91.4062 | mean_length 63.2275
10-07-21 02:28:47 - epoch 2 | global step 8128 | mode train | loss 0.2365 | accuracy 92.5781 | mean_length 63.4463
10-07-21 02:34:34 - epoch 2 | global step 8160 | mode train | loss 0.2528 | accuracy 91.5039 | mean_length 63.5615
10-07-21 02:40:22 - epoch 2 | global step 8192 | mode train | loss 0.2259 | accuracy 91.6016 | mean_length 63.4961
10-07-21 02:40:22 - Evaluate the following checkpoint: Output/accGrad4_mbart_BTen+zh_lr2.0e-6_7distractors_maxstep8192_seed43/model.pt
10-07-21 02:52:24 - Best model stats: 
10-07-21 02:52:24 - epoch 0 | global step 0 | mode validation | loss 0.2335 | accuracy 92.4 | mean_length 63.9898
