==========================================
SLURM_JOB_ID = 5878889
SLURM_JOB_NODELIST = d13-07
TMPDIR = /tmp/SLURM_5878889
==========================================
/home1/zliu9986/communication-translation
09-13-21 22:21:12 - Dataset Loaded
09-13-21 22:21:12 - Configuration:
Namespace(TransferH=False, alpha=1.0, batch_size=8, beam_width=5, bidirectional=False, config='Configs/mbart_ec_en+zh.yml', cpu=False, decode_how='beam', device=device(type='cuda'), do_eval=True, do_train=True, dropout=0.1, fix_bhd=False, fix_spk=False, grad_clip=1.0, gradient_accumulation_steps=4, hard=False, has_vocab_constraint=False, hidden_dim=512, image_dim=2048, lr=7.5e-06, max_global_step=8192, max_seq_length=64, mode='emergent_communication', model_name='Models/mbart_bt_en+zh_lr25e-6', n_gpu=1, no_share_bhd=False, no_terminal=False, no_write=False, num_distractors_train=7, num_distractors_valid=7, num_games=30, num_layers=1, output_dir='Output/accGrad4_mbart_BTen+zh_lr7.5e-6_7distractors_maxstep8192_seed43', print_every=10, save_output_txt=True, save_pretrain_seperately=True, seed=43, source_lang='en_XX', source_lang_vocab_constrain_file='/projects/unmt/communication-translation/en_cc_tokenID2count_dict.cc25.json', stats_to_print=['loss', 'accuracy', 'caption generation loss', 'image selection loss', 'mean_length'], target_acc=85.0, target_lang='zh_CN', target_lang_vocab_constrain_file='/projects/unmt/communication-translation/zh-Hans_cc_tokenID2count_dict.cc25.json', temp=1.0, temperature=1.0, train_images='./Data/ec_finetuning/images_train', two_ffwd=False, unit_norm=False, valid_every=512, valid_images='./Data/ec_finetuning/images_val', vocab_size=4035)
Sharing visual system for each agent.
09-13-21 22:31:14 - epoch 0 | global step 0 | mode validation | loss 2.5007 | accuracy 12.38 | mean_length 53.3506
09-13-21 22:31:14 - Saving model to Output/accGrad4_mbart_BTen+zh_lr7.5e-6_7distractors_maxstep8192_seed43
Epoch: 0, Prediction Accuracy: 12.38, Saved to Path: Output/accGrad4_mbart_BTen+zh_lr7.5e-6_7distractors_maxstep8192_seed43
09-13-21 22:32:47 - epoch 0 | global step 10 | mode train | loss 2.3553 | accuracy 16.5625 | mean_length 29.8687
09-13-21 22:34:12 - epoch 0 | global step 20 | mode train | loss 2.1493 | accuracy 15.625 | mean_length 24.2344
09-13-21 22:35:53 - epoch 0 | global step 30 | mode train | loss 2.117 | accuracy 11.5625 | mean_length 36.2188
09-13-21 22:37:40 - epoch 0 | global step 40 | mode train | loss 2.1301 | accuracy 10.9375 | mean_length 51.2594
09-13-21 22:39:28 - epoch 0 | global step 50 | mode train | loss 2.0813 | accuracy 14.375 | mean_length 56.4062
09-13-21 22:41:16 - epoch 0 | global step 60 | mode train | loss 2.08 | accuracy 12.8125 | mean_length 59.7313
09-13-21 22:43:03 - epoch 0 | global step 70 | mode train | loss 2.0708 | accuracy 12.8125 | mean_length 60.7531
09-13-21 22:44:51 - epoch 0 | global step 80 | mode train | loss 2.0697 | accuracy 14.6875 | mean_length 60.4719
09-13-21 22:46:38 - epoch 0 | global step 90 | mode train | loss 2.0979 | accuracy 10.0 | mean_length 59.5594
09-13-21 22:48:26 - epoch 0 | global step 100 | mode train | loss 2.07 | accuracy 11.5625 | mean_length 59.8906
09-13-21 22:50:14 - epoch 0 | global step 110 | mode train | loss 2.0345 | accuracy 13.75 | mean_length 58.9937
09-13-21 22:52:01 - epoch 0 | global step 120 | mode train | loss 2.0704 | accuracy 12.1875 | mean_length 58.8937
09-13-21 22:53:49 - epoch 0 | global step 130 | mode train | loss 2.0395 | accuracy 14.375 | mean_length 54.5469
09-13-21 22:55:37 - epoch 0 | global step 140 | mode train | loss 2.0571 | accuracy 9.375 | mean_length 57.5063
09-13-21 22:57:24 - epoch 0 | global step 150 | mode train | loss 2.1055 | accuracy 12.1875 | mean_length 51.4094
09-13-21 22:59:12 - epoch 0 | global step 160 | mode train | loss 2.2593 | accuracy 14.6875 | mean_length 47.2625
09-13-21 23:00:59 - epoch 0 | global step 170 | mode train | loss 2.1836 | accuracy 13.125 | mean_length 58.1812
09-13-21 23:02:47 - epoch 0 | global step 180 | mode train | loss 2.092 | accuracy 14.6875 | mean_length 58.6406
09-13-21 23:04:35 - epoch 0 | global step 190 | mode train | loss 2.097 | accuracy 12.5 | mean_length 57.6531
09-13-21 23:06:22 - epoch 0 | global step 200 | mode train | loss 2.0924 | accuracy 13.125 | mean_length 54.0781
09-13-21 23:08:10 - epoch 0 | global step 210 | mode train | loss 2.0765 | accuracy 11.25 | mean_length 51.025
09-13-21 23:09:57 - epoch 0 | global step 220 | mode train | loss 2.0866 | accuracy 12.1875 | mean_length 50.3531
09-13-21 23:11:45 - epoch 0 | global step 230 | mode train | loss 2.1099 | accuracy 9.375 | mean_length 49.2906
09-13-21 23:13:33 - epoch 0 | global step 240 | mode train | loss 2.0919 | accuracy 14.6875 | mean_length 53.0656
09-13-21 23:15:20 - epoch 0 | global step 250 | mode train | loss 2.0928 | accuracy 11.25 | mean_length 52.9406
09-13-21 23:17:08 - epoch 0 | global step 260 | mode train | loss 2.0873 | accuracy 14.375 | mean_length 48.0812
09-13-21 23:18:55 - epoch 0 | global step 270 | mode train | loss 2.0813 | accuracy 12.5 | mean_length 44.0875
09-13-21 23:20:43 - epoch 0 | global step 280 | mode train | loss 2.0805 | accuracy 12.5 | mean_length 41.2969
09-13-21 23:22:30 - epoch 0 | global step 290 | mode train | loss 2.0714 | accuracy 13.4375 | mean_length 38.9781
09-13-21 23:24:18 - epoch 0 | global step 300 | mode train | loss 2.106 | accuracy 8.4375 | mean_length 37.5625
09-13-21 23:26:04 - epoch 0 | global step 310 | mode train | loss 2.0596 | accuracy 12.5 | mean_length 38.4312
09-13-21 23:27:51 - epoch 0 | global step 320 | mode train | loss 2.0502 | accuracy 18.125 | mean_length 50.8937
09-13-21 23:29:39 - epoch 0 | global step 330 | mode train | loss 2.0545 | accuracy 16.5625 | mean_length 53.2344
09-13-21 23:31:26 - epoch 0 | global step 340 | mode train | loss 2.0267 | accuracy 19.0625 | mean_length 53.925
09-13-21 23:33:13 - epoch 0 | global step 350 | mode train | loss 2.037 | accuracy 10.0 | mean_length 56.3469
09-13-21 23:35:00 - epoch 0 | global step 360 | mode train | loss 2.0091 | accuracy 15.0 | mean_length 54.9688
09-13-21 23:36:47 - epoch 0 | global step 370 | mode train | loss 2.078 | accuracy 11.875 | mean_length 59.95
09-13-21 23:38:35 - epoch 0 | global step 380 | mode train | loss 2.0996 | accuracy 13.4375 | mean_length 63.8625
09-13-21 23:40:22 - epoch 0 | global step 390 | mode train | loss 2.0852 | accuracy 14.6875 | mean_length 64
09-13-21 23:42:09 - epoch 0 | global step 400 | mode train | loss 2.0935 | accuracy 10.625 | mean_length 64
09-13-21 23:43:56 - epoch 0 | global step 410 | mode train | loss 2.0856 | accuracy 12.1875 | mean_length 64
09-13-21 23:45:43 - epoch 0 | global step 420 | mode train | loss 2.0903 | accuracy 12.1875 | mean_length 64
09-13-21 23:47:31 - epoch 0 | global step 430 | mode train | loss 2.069 | accuracy 14.6875 | mean_length 64
09-13-21 23:49:18 - epoch 0 | global step 440 | mode train | loss 2.082 | accuracy 17.5 | mean_length 64
09-13-21 23:51:05 - epoch 0 | global step 450 | mode train | loss 2.091 | accuracy 12.1875 | mean_length 64
09-13-21 23:52:52 - epoch 0 | global step 460 | mode train | loss 2.0723 | accuracy 15.3125 | mean_length 64
09-13-21 23:54:40 - epoch 0 | global step 470 | mode train | loss 2.0804 | accuracy 13.4375 | mean_length 64
09-13-21 23:56:27 - epoch 0 | global step 480 | mode train | loss 2.0844 | accuracy 10.9375 | mean_length 64
09-13-21 23:58:14 - epoch 0 | global step 490 | mode train | loss 2.0788 | accuracy 15.3125 | mean_length 64
09-14-21 00:00:01 - epoch 0 | global step 500 | mode train | loss 2.0619 | accuracy 15.625 | mean_length 64
09-14-21 00:01:48 - epoch 0 | global step 510 | mode train | loss 2.0743 | accuracy 13.125 | mean_length 64
09-14-21 00:11:45 - epoch 0 | global step 512 | mode validation | loss 2.0875 | accuracy 17.84 | mean_length 64
09-14-21 00:11:45 - Saving model to Output/accGrad4_mbart_BTen+zh_lr7.5e-6_7distractors_maxstep8192_seed43
Epoch: 0, Prediction Accuracy: 17.84, Saved to Path: Output/accGrad4_mbart_BTen+zh_lr7.5e-6_7distractors_maxstep8192_seed43
09-14-21 00:13:21 - epoch 0 | global step 520 | mode train | loss 2.0778 | accuracy 10.9375 | mean_length 64
09-14-21 00:15:08 - epoch 0 | global step 530 | mode train | loss 2.0804 | accuracy 11.25 | mean_length 64
09-14-21 00:16:55 - epoch 0 | global step 540 | mode train | loss 2.0889 | accuracy 12.5 | mean_length 64
09-14-21 00:18:43 - epoch 0 | global step 550 | mode train | loss 2.0502 | accuracy 15.0 | mean_length 64
09-14-21 00:20:30 - epoch 0 | global step 560 | mode train | loss 2.0739 | accuracy 15.9375 | mean_length 64
09-14-21 00:22:17 - epoch 0 | global step 570 | mode train | loss 2.0669 | accuracy 13.125 | mean_length 64
09-14-21 00:24:04 - epoch 0 | global step 580 | mode train | loss 2.0507 | accuracy 14.6875 | mean_length 64
09-14-21 00:25:51 - epoch 0 | global step 590 | mode train | loss 2.0603 | accuracy 13.4375 | mean_length 64
09-14-21 00:27:38 - epoch 0 | global step 600 | mode train | loss 2.053 | accuracy 16.5625 | mean_length 64
09-14-21 00:29:26 - epoch 0 | global step 610 | mode train | loss 2.0797 | accuracy 13.125 | mean_length 64
09-14-21 00:31:13 - epoch 0 | global step 620 | mode train | loss 2.0533 | accuracy 12.8125 | mean_length 64
09-14-21 00:33:00 - epoch 0 | global step 630 | mode train | loss 2.0594 | accuracy 15.9375 | mean_length 64
09-14-21 00:34:47 - epoch 0 | global step 640 | mode train | loss 2.0344 | accuracy 16.875 | mean_length 64
09-14-21 00:36:34 - epoch 0 | global step 650 | mode train | loss 2.0593 | accuracy 14.375 | mean_length 64
09-14-21 00:38:21 - epoch 0 | global step 660 | mode train | loss 2.0417 | accuracy 16.5625 | mean_length 64
09-14-21 00:40:09 - epoch 0 | global step 670 | mode train | loss 2.0434 | accuracy 18.125 | mean_length 64
09-14-21 00:41:56 - epoch 0 | global step 680 | mode train | loss 2.0166 | accuracy 20.0 | mean_length 64
09-14-21 00:43:43 - epoch 0 | global step 690 | mode train | loss 2.0471 | accuracy 17.1875 | mean_length 64
09-14-21 00:45:30 - epoch 0 | global step 700 | mode train | loss 2.0486 | accuracy 15.625 | mean_length 64
09-14-21 00:47:17 - epoch 0 | global step 710 | mode train | loss 2.0359 | accuracy 17.5 | mean_length 64
09-14-21 00:49:04 - epoch 0 | global step 720 | mode train | loss 2.003 | accuracy 20.3125 | mean_length 64
09-14-21 00:50:51 - epoch 0 | global step 730 | mode train | loss 2.031 | accuracy 18.75 | mean_length 64
09-14-21 00:52:39 - epoch 0 | global step 740 | mode train | loss 2.0025 | accuracy 20.0 | mean_length 64
09-14-21 00:54:26 - epoch 0 | global step 750 | mode train | loss 2.017 | accuracy 17.1875 | mean_length 64
09-14-21 00:56:13 - epoch 0 | global step 760 | mode train | loss 2.0284 | accuracy 16.875 | mean_length 64
09-14-21 00:58:01 - epoch 0 | global step 770 | mode train | loss 2.0318 | accuracy 18.75 | mean_length 64
09-14-21 00:59:48 - epoch 0 | global step 780 | mode train | loss 2.0172 | accuracy 19.0625 | mean_length 64
09-14-21 01:01:35 - epoch 0 | global step 790 | mode train | loss 1.9896 | accuracy 20.625 | mean_length 64
09-14-21 01:03:22 - epoch 0 | global step 800 | mode train | loss 2.0472 | accuracy 16.875 | mean_length 64
09-14-21 01:05:09 - epoch 0 | global step 810 | mode train | loss 2.0243 | accuracy 17.5 | mean_length 64
09-14-21 01:06:56 - epoch 0 | global step 820 | mode train | loss 2.0258 | accuracy 15.9375 | mean_length 64
09-14-21 01:08:43 - epoch 0 | global step 830 | mode train | loss 1.9751 | accuracy 20.625 | mean_length 64
09-14-21 01:10:31 - epoch 0 | global step 840 | mode train | loss 2.0316 | accuracy 16.875 | mean_length 64
09-14-21 01:12:18 - epoch 0 | global step 850 | mode train | loss 2.003 | accuracy 17.5 | mean_length 64
09-14-21 01:14:05 - epoch 0 | global step 860 | mode train | loss 2.0243 | accuracy 13.125 | mean_length 64
09-14-21 01:15:52 - epoch 0 | global step 870 | mode train | loss 2.0059 | accuracy 18.4375 | mean_length 64
09-14-21 01:17:39 - epoch 0 | global step 880 | mode train | loss 2.0005 | accuracy 18.4375 | mean_length 64
09-14-21 01:19:26 - epoch 0 | global step 890 | mode train | loss 2.0538 | accuracy 13.75 | mean_length 64
09-14-21 01:21:13 - epoch 0 | global step 900 | mode train | loss 2.0369 | accuracy 16.875 | mean_length 64
09-14-21 01:23:01 - epoch 0 | global step 910 | mode train | loss 2.0347 | accuracy 15.9375 | mean_length 64
09-14-21 01:24:48 - epoch 0 | global step 920 | mode train | loss 2.0495 | accuracy 16.25 | mean_length 64
09-14-21 01:26:35 - epoch 0 | global step 930 | mode train | loss 2.0309 | accuracy 19.6875 | mean_length 64
09-14-21 01:28:22 - epoch 0 | global step 940 | mode train | loss 2.0209 | accuracy 20.625 | mean_length 64
09-14-21 01:30:09 - epoch 0 | global step 950 | mode train | loss 2.0337 | accuracy 18.4375 | mean_length 64
09-14-21 01:31:56 - epoch 0 | global step 960 | mode train | loss 2.0299 | accuracy 19.375 | mean_length 64
09-14-21 01:33:44 - epoch 0 | global step 970 | mode train | loss 2.0508 | accuracy 14.6875 | mean_length 64
09-14-21 01:35:31 - epoch 0 | global step 980 | mode train | loss 2.0124 | accuracy 20.3125 | mean_length 64
09-14-21 01:37:18 - epoch 0 | global step 990 | mode train | loss 2.0281 | accuracy 16.875 | mean_length 64
09-14-21 01:39:05 - epoch 0 | global step 1000 | mode train | loss 1.997 | accuracy 20.0 | mean_length 64
09-14-21 01:40:52 - epoch 0 | global step 1010 | mode train | loss 1.96 | accuracy 25.625 | mean_length 64
09-14-21 01:42:39 - epoch 0 | global step 1020 | mode train | loss 2.054 | accuracy 15.625 | mean_length 64
09-14-21 01:52:58 - epoch 0 | global step 1024 | mode validation | loss 1.9781 | accuracy 21.5 | mean_length 64
09-14-21 01:52:58 - Saving model to Output/accGrad4_mbart_BTen+zh_lr7.5e-6_7distractors_maxstep8192_seed43
Epoch: 0, Prediction Accuracy: 21.5, Saved to Path: Output/accGrad4_mbart_BTen+zh_lr7.5e-6_7distractors_maxstep8192_seed43
09-14-21 01:54:12 - epoch 0 | global step 1030 | mode train | loss 1.9794 | accuracy 20.3125 | mean_length 64
09-14-21 01:56:00 - epoch 0 | global step 1040 | mode train | loss 1.9767 | accuracy 18.125 | mean_length 64
09-14-21 01:57:47 - epoch 0 | global step 1050 | mode train | loss 1.9598 | accuracy 17.1875 | mean_length 64
09-14-21 01:59:35 - epoch 0 | global step 1060 | mode train | loss 1.967 | accuracy 20.625 | mean_length 64
09-14-21 02:01:22 - epoch 0 | global step 1070 | mode train | loss 1.9477 | accuracy 20.9375 | mean_length 64
09-14-21 02:03:09 - epoch 0 | global step 1080 | mode train | loss 1.9107 | accuracy 23.125 | mean_length 64
09-14-21 02:04:56 - epoch 0 | global step 1090 | mode train | loss 1.9196 | accuracy 22.5 | mean_length 64
09-14-21 02:06:43 - epoch 0 | global step 1100 | mode train | loss 1.9162 | accuracy 20.9375 | mean_length 64
09-14-21 02:08:31 - epoch 0 | global step 1110 | mode train | loss 1.8939 | accuracy 24.0625 | mean_length 64
09-14-21 02:10:18 - epoch 0 | global step 1120 | mode train | loss 1.8993 | accuracy 22.8125 | mean_length 64
09-14-21 02:12:05 - epoch 0 | global step 1130 | mode train | loss 1.833 | accuracy 28.125 | mean_length 64
09-14-21 02:13:52 - epoch 0 | global step 1140 | mode train | loss 1.8354 | accuracy 27.5 | mean_length 64
09-14-21 02:15:39 - epoch 0 | global step 1150 | mode train | loss 1.8309 | accuracy 25.3125 | mean_length 64
09-14-21 02:17:27 - epoch 0 | global step 1160 | mode train | loss 1.7919 | accuracy 28.125 | mean_length 64
09-14-21 02:19:14 - epoch 0 | global step 1170 | mode train | loss 1.8063 | accuracy 26.5625 | mean_length 64
09-14-21 02:21:01 - epoch 0 | global step 1180 | mode train | loss 1.7563 | accuracy 28.75 | mean_length 64
09-14-21 02:22:48 - epoch 0 | global step 1190 | mode train | loss 1.7463 | accuracy 32.1875 | mean_length 64
09-14-21 02:24:35 - epoch 0 | global step 1200 | mode train | loss 1.7184 | accuracy 30.9375 | mean_length 64
09-14-21 02:26:23 - epoch 0 | global step 1210 | mode train | loss 1.7999 | accuracy 25.3125 | mean_length 64
09-14-21 02:28:10 - epoch 0 | global step 1220 | mode train | loss 1.7705 | accuracy 29.0625 | mean_length 64
09-14-21 02:29:57 - epoch 0 | global step 1230 | mode train | loss 1.7933 | accuracy 25.9375 | mean_length 64
09-14-21 02:31:44 - epoch 0 | global step 1240 | mode train | loss 1.7253 | accuracy 27.5 | mean_length 64
09-14-21 02:33:31 - epoch 0 | global step 1250 | mode train | loss 1.7029 | accuracy 30.625 | mean_length 64
09-14-21 02:35:19 - epoch 0 | global step 1260 | mode train | loss 1.6639 | accuracy 33.75 | mean_length 64
09-14-21 02:37:06 - epoch 0 | global step 1270 | mode train | loss 1.694 | accuracy 31.25 | mean_length 64
09-14-21 02:38:53 - epoch 0 | global step 1280 | mode train | loss 1.6515 | accuracy 32.8125 | mean_length 64
09-14-21 02:40:40 - epoch 0 | global step 1290 | mode train | loss 1.7254 | accuracy 30.9375 | mean_length 64
09-14-21 02:42:27 - epoch 0 | global step 1300 | mode train | loss 1.7072 | accuracy 33.125 | mean_length 64
09-14-21 02:44:15 - epoch 0 | global step 1310 | mode train | loss 1.5986 | accuracy 35.9375 | mean_length 64
09-14-21 02:46:02 - epoch 0 | global step 1320 | mode train | loss 1.6856 | accuracy 34.375 | mean_length 64
09-14-21 02:47:49 - epoch 0 | global step 1330 | mode train | loss 1.7565 | accuracy 30.3125 | mean_length 64
09-14-21 02:49:36 - epoch 0 | global step 1340 | mode train | loss 1.7232 | accuracy 28.75 | mean_length 64
09-14-21 02:51:23 - epoch 0 | global step 1350 | mode train | loss 1.6533 | accuracy 36.25 | mean_length 64
09-14-21 02:53:11 - epoch 0 | global step 1360 | mode train | loss 1.6293 | accuracy 34.6875 | mean_length 64
09-14-21 02:54:58 - epoch 0 | global step 1370 | mode train | loss 1.56 | accuracy 37.1875 | mean_length 64
09-14-21 02:56:46 - epoch 0 | global step 1380 | mode train | loss 1.6229 | accuracy 35.9375 | mean_length 64
09-14-21 02:58:33 - epoch 0 | global step 1390 | mode train | loss 1.6269 | accuracy 31.25 | mean_length 64
09-14-21 03:00:20 - epoch 0 | global step 1400 | mode train | loss 1.5995 | accuracy 37.5 | mean_length 64
09-14-21 03:02:07 - epoch 0 | global step 1410 | mode train | loss 1.5238 | accuracy 37.8125 | mean_length 64
09-14-21 03:03:54 - epoch 0 | global step 1420 | mode train | loss 1.578 | accuracy 34.375 | mean_length 64
09-14-21 03:05:42 - epoch 0 | global step 1430 | mode train | loss 1.5953 | accuracy 35.625 | mean_length 64
09-14-21 03:07:29 - epoch 0 | global step 1440 | mode train | loss 1.7005 | accuracy 28.125 | mean_length 64
09-14-21 03:09:16 - epoch 0 | global step 1450 | mode train | loss 1.6466 | accuracy 33.125 | mean_length 64
09-14-21 03:11:03 - epoch 0 | global step 1460 | mode train | loss 1.6126 | accuracy 34.375 | mean_length 64
09-14-21 03:12:50 - epoch 0 | global step 1470 | mode train | loss 1.5289 | accuracy 39.375 | mean_length 64
09-14-21 03:14:37 - epoch 0 | global step 1480 | mode train | loss 1.5952 | accuracy 34.6875 | mean_length 64
09-14-21 03:16:25 - epoch 0 | global step 1490 | mode train | loss 1.6126 | accuracy 33.75 | mean_length 64
09-14-21 03:18:12 - epoch 0 | global step 1500 | mode train | loss 1.5479 | accuracy 37.8125 | mean_length 64
09-14-21 03:19:59 - epoch 0 | global step 1510 | mode train | loss 1.5893 | accuracy 33.4375 | mean_length 64
09-14-21 03:21:46 - epoch 0 | global step 1520 | mode train | loss 1.5324 | accuracy 40.9375 | mean_length 64
09-14-21 03:23:33 - epoch 0 | global step 1530 | mode train | loss 1.516 | accuracy 38.4375 | mean_length 64
09-14-21 03:34:13 - epoch 0 | global step 1536 | mode validation | loss 1.669 | accuracy 35.5 | mean_length 64
09-14-21 03:34:13 - Saving model to Output/accGrad4_mbart_BTen+zh_lr7.5e-6_7distractors_maxstep8192_seed43
Epoch: 0, Prediction Accuracy: 35.5, Saved to Path: Output/accGrad4_mbart_BTen+zh_lr7.5e-6_7distractors_maxstep8192_seed43
09-14-21 03:35:05 - epoch 0 | global step 1540 | mode train | loss 1.6126 | accuracy 33.4375 | mean_length 64
09-14-21 03:36:53 - epoch 0 | global step 1550 | mode train | loss 1.5153 | accuracy 37.1875 | mean_length 64
09-14-21 03:38:40 - epoch 0 | global step 1560 | mode train | loss 1.5057 | accuracy 40.3125 | mean_length 64
09-14-21 03:40:27 - epoch 0 | global step 1570 | mode train | loss 1.4432 | accuracy 43.4375 | mean_length 64
09-14-21 03:42:14 - epoch 0 | global step 1580 | mode train | loss 1.4344 | accuracy 44.375 | mean_length 64
09-14-21 03:44:02 - epoch 0 | global step 1590 | mode train | loss 1.5048 | accuracy 40.3125 | mean_length 64
09-14-21 03:45:49 - epoch 0 | global step 1600 | mode train | loss 1.4694 | accuracy 40.9375 | mean_length 64
09-14-21 03:47:36 - epoch 0 | global step 1610 | mode train | loss 1.3505 | accuracy 50.3125 | mean_length 64
09-14-21 03:49:23 - epoch 0 | global step 1620 | mode train | loss 1.3985 | accuracy 47.1875 | mean_length 64
09-14-21 03:51:10 - epoch 0 | global step 1630 | mode train | loss 1.6125 | accuracy 31.5625 | mean_length 64
09-14-21 03:52:58 - epoch 0 | global step 1640 | mode train | loss 1.4585 | accuracy 39.6875 | mean_length 64
09-14-21 03:54:45 - epoch 0 | global step 1650 | mode train | loss 1.5315 | accuracy 36.875 | mean_length 64
09-14-21 03:56:32 - epoch 0 | global step 1660 | mode train | loss 1.5553 | accuracy 35.3125 | mean_length 64
09-14-21 03:58:20 - epoch 0 | global step 1670 | mode train | loss 1.4935 | accuracy 42.1875 | mean_length 64
09-14-21 04:00:07 - epoch 0 | global step 1680 | mode train | loss 1.4224 | accuracy 44.0625 | mean_length 64
09-14-21 04:01:54 - epoch 0 | global step 1690 | mode train | loss 1.4289 | accuracy 39.375 | mean_length 64
09-14-21 04:03:41 - epoch 0 | global step 1700 | mode train | loss 1.421 | accuracy 43.125 | mean_length 64
09-14-21 04:05:29 - epoch 0 | global step 1710 | mode train | loss 1.4062 | accuracy 45.3125 | mean_length 64
09-14-21 04:07:16 - epoch 0 | global step 1720 | mode train | loss 1.3159 | accuracy 52.5 | mean_length 64
09-14-21 04:09:03 - epoch 0 | global step 1730 | mode train | loss 1.426 | accuracy 40.3125 | mean_length 64
09-14-21 04:10:50 - epoch 0 | global step 1740 | mode train | loss 1.3707 | accuracy 45.0 | mean_length 64
09-14-21 04:12:37 - epoch 0 | global step 1750 | mode train | loss 1.3864 | accuracy 46.5625 | mean_length 64
09-14-21 04:14:25 - epoch 0 | global step 1760 | mode train | loss 1.4692 | accuracy 42.5 | mean_length 64
09-14-21 04:16:12 - epoch 0 | global step 1770 | mode train | loss 1.3957 | accuracy 43.75 | mean_length 64
09-14-21 04:17:59 - epoch 0 | global step 1780 | mode train | loss 1.4372 | accuracy 42.1875 | mean_length 64
09-14-21 04:19:46 - epoch 0 | global step 1790 | mode train | loss 1.3643 | accuracy 47.1875 | mean_length 64
09-14-21 04:21:34 - epoch 0 | global step 1800 | mode train | loss 1.5556 | accuracy 35.9375 | mean_length 64
09-14-21 04:23:21 - epoch 0 | global step 1810 | mode train | loss 1.4799 | accuracy 39.6875 | mean_length 64
09-14-21 04:25:08 - epoch 0 | global step 1820 | mode train | loss 1.3503 | accuracy 49.375 | mean_length 64
09-14-21 04:26:55 - epoch 0 | global step 1830 | mode train | loss 1.3597 | accuracy 47.8125 | mean_length 64
09-14-21 04:28:42 - epoch 0 | global step 1840 | mode train | loss 1.3215 | accuracy 45.9375 | mean_length 64
09-14-21 04:30:30 - epoch 0 | global step 1850 | mode train | loss 1.3663 | accuracy 42.8125 | mean_length 64
09-14-21 04:32:17 - epoch 0 | global step 1860 | mode train | loss 1.4546 | accuracy 40.0 | mean_length 64
09-14-21 04:34:04 - epoch 0 | global step 1870 | mode train | loss 1.4101 | accuracy 45.625 | mean_length 64
09-14-21 04:35:51 - epoch 0 | global step 1880 | mode train | loss 1.3536 | accuracy 49.0625 | mean_length 64
09-14-21 04:37:38 - epoch 0 | global step 1890 | mode train | loss 1.286 | accuracy 45.3125 | mean_length 64
09-14-21 04:39:26 - epoch 0 | global step 1900 | mode train | loss 1.4883 | accuracy 38.75 | mean_length 64
09-14-21 04:41:13 - epoch 0 | global step 1910 | mode train | loss 1.5491 | accuracy 36.5625 | mean_length 64
09-14-21 04:43:00 - epoch 0 | global step 1920 | mode train | loss 1.552 | accuracy 32.8125 | mean_length 64
09-14-21 04:44:47 - epoch 0 | global step 1930 | mode train | loss 1.4711 | accuracy 37.8125 | mean_length 64
09-14-21 04:46:34 - epoch 0 | global step 1940 | mode train | loss 1.5228 | accuracy 35.0 | mean_length 64
09-14-21 04:48:22 - epoch 0 | global step 1950 | mode train | loss 1.4943 | accuracy 36.25 | mean_length 64
09-14-21 04:50:09 - epoch 0 | global step 1960 | mode train | loss 1.4274 | accuracy 41.5625 | mean_length 64
09-14-21 04:51:56 - epoch 0 | global step 1970 | mode train | loss 1.3304 | accuracy 46.875 | mean_length 64
09-14-21 04:53:43 - epoch 0 | global step 1980 | mode train | loss 1.3886 | accuracy 42.5 | mean_length 64
09-14-21 04:55:31 - epoch 0 | global step 1990 | mode train | loss 1.383 | accuracy 44.0625 | mean_length 64
09-14-21 04:57:18 - epoch 0 | global step 2000 | mode train | loss 1.4487 | accuracy 40.625 | mean_length 64
09-14-21 04:59:05 - epoch 0 | global step 2010 | mode train | loss 1.3233 | accuracy 43.4375 | mean_length 64
09-14-21 05:00:53 - epoch 0 | global step 2020 | mode train | loss 1.4102 | accuracy 42.8125 | mean_length 64
09-14-21 05:02:40 - epoch 0 | global step 2030 | mode train | loss 1.355 | accuracy 40.3125 | mean_length 64
09-14-21 05:04:27 - epoch 0 | global step 2040 | mode train | loss 1.3583 | accuracy 43.4375 | mean_length 64
09-14-21 05:15:30 - epoch 0 | global step 2048 | mode validation | loss 1.2843 | accuracy 47.08 | mean_length 63.9928
09-14-21 05:15:30 - Saving model to Output/accGrad4_mbart_BTen+zh_lr7.5e-6_7distractors_maxstep8192_seed43
Epoch: 0, Prediction Accuracy: 47.08, Saved to Path: Output/accGrad4_mbart_BTen+zh_lr7.5e-6_7distractors_maxstep8192_seed43
09-14-21 05:16:02 - epoch 0 | global step 2050 | mode train | loss 1.2973 | accuracy 46.5625 | mean_length 64
09-14-21 05:17:49 - epoch 0 | global step 2060 | mode train | loss 1.2753 | accuracy 49.6875 | mean_length 64
09-14-21 05:19:36 - epoch 0 | global step 2070 | mode train | loss 1.325 | accuracy 47.1875 | mean_length 63.9
09-14-21 05:21:23 - epoch 0 | global step 2080 | mode train | loss 1.3566 | accuracy 44.6875 | mean_length 64
09-14-21 05:23:11 - epoch 0 | global step 2090 | mode train | loss 1.2908 | accuracy 50.9375 | mean_length 64
09-14-21 05:24:58 - epoch 0 | global step 2100 | mode train | loss 1.3595 | accuracy 41.875 | mean_length 64
09-14-21 05:26:45 - epoch 0 | global step 2110 | mode train | loss 1.3241 | accuracy 44.0625 | mean_length 64
09-14-21 05:28:32 - epoch 0 | global step 2120 | mode train | loss 1.3853 | accuracy 44.375 | mean_length 64
09-14-21 05:30:20 - epoch 0 | global step 2130 | mode train | loss 1.2931 | accuracy 49.6875 | mean_length 64
09-14-21 05:32:07 - epoch 0 | global step 2140 | mode train | loss 1.4018 | accuracy 47.1875 | mean_length 64
09-14-21 05:33:54 - epoch 0 | global step 2150 | mode train | loss 1.2696 | accuracy 47.5 | mean_length 64
09-14-21 05:35:41 - epoch 0 | global step 2160 | mode train | loss 1.2371 | accuracy 50.625 | mean_length 64
09-14-21 05:37:28 - epoch 0 | global step 2170 | mode train | loss 1.3002 | accuracy 48.4375 | mean_length 64
09-14-21 05:39:16 - epoch 0 | global step 2180 | mode train | loss 1.1574 | accuracy 55.0 | mean_length 64
09-14-21 05:41:03 - epoch 0 | global step 2190 | mode train | loss 1.2477 | accuracy 53.75 | mean_length 64
09-14-21 05:42:50 - epoch 0 | global step 2200 | mode train | loss 1.2386 | accuracy 49.0625 | mean_length 64
09-14-21 05:44:37 - epoch 0 | global step 2210 | mode train | loss 1.1524 | accuracy 56.875 | mean_length 64
09-14-21 05:46:24 - epoch 0 | global step 2220 | mode train | loss 1.2846 | accuracy 50.0 | mean_length 64
09-14-21 05:48:12 - epoch 0 | global step 2230 | mode train | loss 1.307 | accuracy 48.125 | mean_length 64
09-14-21 05:49:59 - epoch 0 | global step 2240 | mode train | loss 1.2737 | accuracy 46.5625 | mean_length 64
09-14-21 05:51:46 - epoch 0 | global step 2250 | mode train | loss 1.2528 | accuracy 51.5625 | mean_length 64
09-14-21 05:53:33 - epoch 0 | global step 2260 | mode train | loss 1.2111 | accuracy 52.5 | mean_length 64
09-14-21 05:55:20 - epoch 0 | global step 2270 | mode train | loss 1.1863 | accuracy 55.0 | mean_length 64
09-14-21 05:57:08 - epoch 0 | global step 2280 | mode train | loss 1.2326 | accuracy 51.875 | mean_length 64
09-14-21 05:58:55 - epoch 0 | global step 2290 | mode train | loss 1.2307 | accuracy 51.25 | mean_length 64
09-14-21 06:00:42 - epoch 0 | global step 2300 | mode train | loss 1.1406 | accuracy 55.9375 | mean_length 64
09-14-21 06:02:30 - epoch 0 | global step 2310 | mode train | loss 1.3046 | accuracy 50.9375 | mean_length 64
09-14-21 06:04:17 - epoch 0 | global step 2320 | mode train | loss 1.1541 | accuracy 52.8125 | mean_length 64
09-14-21 06:06:04 - epoch 0 | global step 2330 | mode train | loss 1.1145 | accuracy 52.8125 | mean_length 64
09-14-21 06:07:51 - epoch 0 | global step 2340 | mode train | loss 1.1539 | accuracy 53.75 | mean_length 64
09-14-21 06:09:39 - epoch 0 | global step 2350 | mode train | loss 1.2008 | accuracy 51.25 | mean_length 64
09-14-21 06:11:26 - epoch 0 | global step 2360 | mode train | loss 1.2195 | accuracy 52.8125 | mean_length 64
09-14-21 06:13:13 - epoch 0 | global step 2370 | mode train | loss 1.185 | accuracy 54.0625 | mean_length 64
09-14-21 06:15:00 - epoch 0 | global step 2380 | mode train | loss 1.0984 | accuracy 58.125 | mean_length 64
09-14-21 06:16:47 - epoch 0 | global step 2390 | mode train | loss 1.1404 | accuracy 57.1875 | mean_length 64
09-14-21 06:18:34 - epoch 0 | global step 2400 | mode train | loss 1.0711 | accuracy 59.6875 | mean_length 64
09-14-21 06:20:22 - epoch 0 | global step 2410 | mode train | loss 1.0955 | accuracy 57.5 | mean_length 64
09-14-21 06:22:09 - epoch 0 | global step 2420 | mode train | loss 1.1637 | accuracy 54.6875 | mean_length 64
09-14-21 06:23:56 - epoch 0 | global step 2430 | mode train | loss 1.0484 | accuracy 58.4375 | mean_length 64
09-14-21 06:25:43 - epoch 0 | global step 2440 | mode train | loss 1.1014 | accuracy 59.0625 | mean_length 64
09-14-21 06:27:31 - epoch 0 | global step 2450 | mode train | loss 1.0459 | accuracy 63.4375 | mean_length 64
09-14-21 06:29:18 - epoch 0 | global step 2460 | mode train | loss 1.0121 | accuracy 63.75 | mean_length 64
09-14-21 06:31:05 - epoch 0 | global step 2470 | mode train | loss 1.0677 | accuracy 63.4375 | mean_length 64
09-14-21 06:32:52 - epoch 0 | global step 2480 | mode train | loss 1.0653 | accuracy 58.125 | mean_length 64
09-14-21 06:34:39 - epoch 0 | global step 2490 | mode train | loss 1.0636 | accuracy 60.3125 | mean_length 64
09-14-21 06:36:27 - epoch 0 | global step 2500 | mode train | loss 1.0662 | accuracy 58.125 | mean_length 64
09-14-21 06:38:14 - epoch 0 | global step 2510 | mode train | loss 1.0154 | accuracy 61.875 | mean_length 64
09-14-21 06:40:01 - epoch 0 | global step 2520 | mode train | loss 1.058 | accuracy 59.6875 | mean_length 64
09-14-21 06:41:48 - epoch 0 | global step 2530 | mode train | loss 1.0145 | accuracy 66.5625 | mean_length 64
09-14-21 06:43:35 - epoch 0 | global step 2540 | mode train | loss 1.0288 | accuracy 59.6875 | mean_length 64
09-14-21 06:45:23 - epoch 0 | global step 2550 | mode train | loss 1.063 | accuracy 56.5625 | mean_length 64
09-14-21 06:47:10 - epoch 0 | global step 2560 | mode train | loss 1.0169 | accuracy 60.625 | mean_length 64
09-14-21 06:56:46 - epoch 0 | global step 2560 | mode validation | loss 0.963 | accuracy 63.36 | mean_length 64
09-14-21 06:56:46 - Saving model to Output/accGrad4_mbart_BTen+zh_lr7.5e-6_7distractors_maxstep8192_seed43
Epoch: 0, Prediction Accuracy: 63.36, Saved to Path: Output/accGrad4_mbart_BTen+zh_lr7.5e-6_7distractors_maxstep8192_seed43
09-14-21 06:58:43 - epoch 0 | global step 2570 | mode train | loss 0.9649 | accuracy 64.6875 | mean_length 64
09-14-21 07:00:31 - epoch 0 | global step 2580 | mode train | loss 1.0141 | accuracy 62.1875 | mean_length 64
09-14-21 07:02:18 - epoch 0 | global step 2590 | mode train | loss 1.0348 | accuracy 64.6875 | mean_length 64
09-14-21 07:04:05 - epoch 0 | global step 2600 | mode train | loss 1.0086 | accuracy 60.625 | mean_length 64
09-14-21 07:05:52 - epoch 0 | global step 2610 | mode train | loss 0.9196 | accuracy 64.6875 | mean_length 64
09-14-21 07:07:39 - epoch 0 | global step 2620 | mode train | loss 0.8893 | accuracy 65.3125 | mean_length 64
09-14-21 07:09:27 - epoch 0 | global step 2630 | mode train | loss 0.9499 | accuracy 61.875 | mean_length 64
09-14-21 07:11:14 - epoch 0 | global step 2640 | mode train | loss 1.0018 | accuracy 61.5625 | mean_length 64
09-14-21 07:13:01 - epoch 0 | global step 2650 | mode train | loss 0.926 | accuracy 64.0625 | mean_length 64
09-14-21 07:14:48 - epoch 0 | global step 2660 | mode train | loss 0.931 | accuracy 63.4375 | mean_length 64
09-14-21 07:16:35 - epoch 0 | global step 2670 | mode train | loss 0.9188 | accuracy 64.6875 | mean_length 64
09-14-21 07:18:22 - epoch 0 | global step 2680 | mode train | loss 0.8791 | accuracy 67.5 | mean_length 64
09-14-21 07:20:10 - epoch 0 | global step 2690 | mode train | loss 0.9568 | accuracy 64.375 | mean_length 64
09-14-21 07:21:57 - epoch 0 | global step 2700 | mode train | loss 1.0519 | accuracy 58.75 | mean_length 64
09-14-21 07:23:44 - epoch 0 | global step 2710 | mode train | loss 1.0014 | accuracy 59.0625 | mean_length 64
09-14-21 07:25:31 - epoch 0 | global step 2720 | mode train | loss 0.895 | accuracy 65.3125 | mean_length 64
09-14-21 07:27:18 - epoch 0 | global step 2730 | mode train | loss 1.0125 | accuracy 59.6875 | mean_length 64
09-14-21 07:29:05 - epoch 0 | global step 2740 | mode train | loss 0.9526 | accuracy 65.0 | mean_length 64
09-14-21 07:30:52 - epoch 0 | global step 2750 | mode train | loss 0.9042 | accuracy 66.25 | mean_length 64
09-14-21 07:32:40 - epoch 0 | global step 2760 | mode train | loss 0.9985 | accuracy 62.1875 | mean_length 64
09-14-21 07:34:27 - epoch 0 | global step 2770 | mode train | loss 0.916 | accuracy 64.6875 | mean_length 64
09-14-21 07:36:14 - epoch 0 | global step 2780 | mode train | loss 1.0398 | accuracy 58.75 | mean_length 64
09-14-21 07:38:01 - epoch 0 | global step 2790 | mode train | loss 1.0531 | accuracy 59.0625 | mean_length 64
09-14-21 07:39:49 - epoch 0 | global step 2800 | mode train | loss 0.9363 | accuracy 65.9375 | mean_length 64
09-14-21 07:41:36 - epoch 0 | global step 2810 | mode train | loss 0.8999 | accuracy 68.75 | mean_length 64
09-14-21 07:43:23 - epoch 0 | global step 2820 | mode train | loss 0.8966 | accuracy 68.4375 | mean_length 64
09-14-21 07:45:10 - epoch 0 | global step 2830 | mode train | loss 0.9229 | accuracy 66.25 | mean_length 64
09-14-21 07:46:57 - epoch 0 | global step 2840 | mode train | loss 0.923 | accuracy 66.5625 | mean_length 64
09-14-21 07:48:45 - epoch 0 | global step 2850 | mode train | loss 0.8852 | accuracy 69.0625 | mean_length 64
09-14-21 07:50:32 - epoch 0 | global step 2860 | mode train | loss 0.9411 | accuracy 61.875 | mean_length 64
09-14-21 07:52:19 - epoch 0 | global step 2870 | mode train | loss 0.9285 | accuracy 62.8125 | mean_length 64
09-14-21 07:54:06 - epoch 0 | global step 2880 | mode train | loss 0.9146 | accuracy 66.875 | mean_length 64
09-14-21 07:55:53 - epoch 0 | global step 2890 | mode train | loss 0.9496 | accuracy 64.6875 | mean_length 64
09-14-21 07:57:41 - epoch 0 | global step 2900 | mode train | loss 0.8841 | accuracy 66.25 | mean_length 64
09-14-21 07:59:28 - epoch 0 | global step 2910 | mode train | loss 0.9764 | accuracy 62.1875 | mean_length 64
09-14-21 08:01:16 - epoch 0 | global step 2920 | mode train | loss 0.9535 | accuracy 65.3125 | mean_length 64
09-14-21 08:03:03 - epoch 0 | global step 2930 | mode train | loss 0.8975 | accuracy 65.3125 | mean_length 64
09-14-21 08:04:50 - epoch 0 | global step 2940 | mode train | loss 0.8926 | accuracy 68.75 | mean_length 64
09-14-21 08:06:37 - epoch 0 | global step 2950 | mode train | loss 0.9522 | accuracy 63.125 | mean_length 64
09-14-21 08:08:24 - epoch 0 | global step 2960 | mode train | loss 0.9082 | accuracy 66.25 | mean_length 64
09-14-21 08:10:12 - epoch 0 | global step 2970 | mode train | loss 0.8155 | accuracy 71.875 | mean_length 64
09-14-21 08:11:59 - epoch 0 | global step 2980 | mode train | loss 0.9089 | accuracy 63.4375 | mean_length 64
09-14-21 08:13:46 - epoch 0 | global step 2990 | mode train | loss 0.781 | accuracy 70.9375 | mean_length 64
09-14-21 08:15:33 - epoch 0 | global step 3000 | mode train | loss 0.8608 | accuracy 68.4375 | mean_length 64
09-14-21 08:17:20 - epoch 0 | global step 3010 | mode train | loss 0.8132 | accuracy 70.3125 | mean_length 64
09-14-21 08:19:07 - epoch 0 | global step 3020 | mode train | loss 0.8981 | accuracy 65.0 | mean_length 64
09-14-21 08:20:55 - epoch 0 | global step 3030 | mode train | loss 0.8568 | accuracy 70.0 | mean_length 64
09-14-21 08:22:42 - epoch 0 | global step 3040 | mode train | loss 0.845 | accuracy 69.0625 | mean_length 64
09-14-21 08:24:29 - epoch 0 | global step 3050 | mode train | loss 0.783 | accuracy 71.875 | mean_length 64
09-14-21 08:26:16 - epoch 0 | global step 3060 | mode train | loss 0.9026 | accuracy 68.125 | mean_length 64
09-14-21 08:28:03 - epoch 0 | global step 3070 | mode train | loss 0.7827 | accuracy 70.625 | mean_length 64
09-14-21 08:38:00 - epoch 0 | global step 3072 | mode validation | loss 0.9027 | accuracy 65.82 | mean_length 64
09-14-21 08:38:00 - Saving model to Output/accGrad4_mbart_BTen+zh_lr7.5e-6_7distractors_maxstep8192_seed43
Epoch: 0, Prediction Accuracy: 65.82, Saved to Path: Output/accGrad4_mbart_BTen+zh_lr7.5e-6_7distractors_maxstep8192_seed43
09-14-21 08:39:36 - epoch 0 | global step 3080 | mode train | loss 0.8814 | accuracy 68.4375 | mean_length 64
09-14-21 08:41:23 - epoch 0 | global step 3090 | mode train | loss 0.8284 | accuracy 69.6875 | mean_length 64
09-14-21 08:43:10 - epoch 0 | global step 3100 | mode train | loss 0.8646 | accuracy 64.6875 | mean_length 64
09-14-21 08:44:57 - epoch 0 | global step 3110 | mode train | loss 0.7566 | accuracy 69.375 | mean_length 64
09-14-21 08:46:45 - epoch 0 | global step 3120 | mode train | loss 0.8463 | accuracy 69.375 | mean_length 64
09-14-21 08:48:32 - epoch 0 | global step 3130 | mode train | loss 0.7705 | accuracy 70.3125 | mean_length 64
09-14-21 08:50:19 - epoch 0 | global step 3140 | mode train | loss 0.8143 | accuracy 69.0625 | mean_length 64
09-14-21 08:52:06 - epoch 0 | global step 3150 | mode train | loss 0.785 | accuracy 70.9375 | mean_length 64
09-14-21 08:53:54 - epoch 0 | global step 3160 | mode train | loss 0.774 | accuracy 71.5625 | mean_length 64
09-14-21 08:55:41 - epoch 0 | global step 3170 | mode train | loss 0.8246 | accuracy 68.75 | mean_length 64
09-14-21 08:57:28 - epoch 0 | global step 3180 | mode train | loss 0.8532 | accuracy 66.5625 | mean_length 64
09-14-21 08:59:16 - epoch 0 | global step 3190 | mode train | loss 0.8306 | accuracy 70.3125 | mean_length 64
09-14-21 09:01:03 - epoch 0 | global step 3200 | mode train | loss 0.9267 | accuracy 64.375 | mean_length 64
09-14-21 09:02:50 - epoch 0 | global step 3210 | mode train | loss 0.7834 | accuracy 74.0625 | mean_length 64
09-14-21 09:04:37 - epoch 0 | global step 3220 | mode train | loss 0.7831 | accuracy 70.0 | mean_length 64
09-14-21 09:06:24 - epoch 1 | global step 3230 | mode train | loss 0.6957 | accuracy 76.875 | mean_length 64
09-14-21 09:08:12 - epoch 1 | global step 3240 | mode train | loss 0.8752 | accuracy 66.5625 | mean_length 64
09-14-21 09:09:59 - epoch 1 | global step 3250 | mode train | loss 0.8046 | accuracy 68.4375 | mean_length 64
09-14-21 09:11:46 - epoch 1 | global step 3260 | mode train | loss 0.8151 | accuracy 70.0 | mean_length 64
09-14-21 09:13:33 - epoch 1 | global step 3270 | mode train | loss 0.7587 | accuracy 73.125 | mean_length 64
09-14-21 09:15:21 - epoch 1 | global step 3280 | mode train | loss 0.8067 | accuracy 70.625 | mean_length 64
09-14-21 09:17:08 - epoch 1 | global step 3290 | mode train | loss 0.7756 | accuracy 71.875 | mean_length 64
09-14-21 09:18:55 - epoch 1 | global step 3300 | mode train | loss 0.7938 | accuracy 71.5625 | mean_length 64
09-14-21 09:20:42 - epoch 1 | global step 3310 | mode train | loss 0.7539 | accuracy 71.875 | mean_length 64
09-14-21 09:22:29 - epoch 1 | global step 3320 | mode train | loss 0.7494 | accuracy 72.8125 | mean_length 64
09-14-21 09:24:17 - epoch 1 | global step 3330 | mode train | loss 0.7892 | accuracy 70.9375 | mean_length 64
09-14-21 09:26:04 - epoch 1 | global step 3340 | mode train | loss 0.7181 | accuracy 75.625 | mean_length 64
09-14-21 09:27:51 - epoch 1 | global step 3350 | mode train | loss 0.7847 | accuracy 72.8125 | mean_length 64
09-14-21 09:29:38 - epoch 1 | global step 3360 | mode train | loss 0.7835 | accuracy 71.25 | mean_length 64
09-14-21 09:31:26 - epoch 1 | global step 3370 | mode train | loss 0.6603 | accuracy 76.25 | mean_length 64
09-14-21 09:33:13 - epoch 1 | global step 3380 | mode train | loss 0.7366 | accuracy 70.0 | mean_length 64
09-14-21 09:35:00 - epoch 1 | global step 3390 | mode train | loss 0.7688 | accuracy 67.1875 | mean_length 64
09-14-21 09:36:47 - epoch 1 | global step 3400 | mode train | loss 0.8061 | accuracy 70.0 | mean_length 64
09-14-21 09:38:35 - epoch 1 | global step 3410 | mode train | loss 0.7233 | accuracy 74.375 | mean_length 64
09-14-21 09:40:22 - epoch 1 | global step 3420 | mode train | loss 0.6957 | accuracy 72.1875 | mean_length 64
09-14-21 09:42:09 - epoch 1 | global step 3430 | mode train | loss 0.7845 | accuracy 71.875 | mean_length 64
09-14-21 09:43:56 - epoch 1 | global step 3440 | mode train | loss 0.701 | accuracy 74.0625 | mean_length 64
09-14-21 09:45:44 - epoch 1 | global step 3450 | mode train | loss 0.7496 | accuracy 71.5625 | mean_length 64
09-14-21 09:47:31 - epoch 1 | global step 3460 | mode train | loss 0.7002 | accuracy 76.25 | mean_length 64
09-14-21 09:49:18 - epoch 1 | global step 3470 | mode train | loss 0.6812 | accuracy 73.75 | mean_length 64
09-14-21 09:51:05 - epoch 1 | global step 3480 | mode train | loss 0.7447 | accuracy 68.125 | mean_length 64
09-14-21 09:52:52 - epoch 1 | global step 3490 | mode train | loss 0.7074 | accuracy 75.3125 | mean_length 64
09-14-21 09:54:40 - epoch 1 | global step 3500 | mode train | loss 0.7708 | accuracy 70.9375 | mean_length 64
09-14-21 09:56:27 - epoch 1 | global step 3510 | mode train | loss 0.8323 | accuracy 65.625 | mean_length 64
09-14-21 09:58:15 - epoch 1 | global step 3520 | mode train | loss 0.6921 | accuracy 73.125 | mean_length 64
09-14-21 10:00:02 - epoch 1 | global step 3530 | mode train | loss 0.7093 | accuracy 73.75 | mean_length 64
09-14-21 10:01:49 - epoch 1 | global step 3540 | mode train | loss 0.6795 | accuracy 74.6875 | mean_length 64
09-14-21 10:03:36 - epoch 1 | global step 3550 | mode train | loss 0.684 | accuracy 74.0625 | mean_length 64
09-14-21 10:05:23 - epoch 1 | global step 3560 | mode train | loss 0.7857 | accuracy 70.0 | mean_length 64
09-14-21 10:07:11 - epoch 1 | global step 3570 | mode train | loss 0.7402 | accuracy 72.1875 | mean_length 64
09-14-21 10:08:58 - epoch 1 | global step 3580 | mode train | loss 0.7033 | accuracy 74.375 | mean_length 64
09-14-21 10:19:18 - epoch 1 | global step 3584 | mode validation | loss 0.7392 | accuracy 71.48 | mean_length 64
09-14-21 10:19:18 - Saving model to Output/accGrad4_mbart_BTen+zh_lr7.5e-6_7distractors_maxstep8192_seed43
Epoch: 1, Prediction Accuracy: 71.48, Saved to Path: Output/accGrad4_mbart_BTen+zh_lr7.5e-6_7distractors_maxstep8192_seed43
09-14-21 10:20:33 - epoch 1 | global step 3590 | mode train | loss 0.6763 | accuracy 75.9375 | mean_length 64
09-14-21 10:22:20 - epoch 1 | global step 3600 | mode train | loss 0.6765 | accuracy 73.4375 | mean_length 64
09-14-21 10:24:07 - epoch 1 | global step 3610 | mode train | loss 0.8168 | accuracy 67.8125 | mean_length 64
09-14-21 10:25:54 - epoch 1 | global step 3620 | mode train | loss 0.7603 | accuracy 71.5625 | mean_length 64
09-14-21 10:27:42 - epoch 1 | global step 3630 | mode train | loss 0.8528 | accuracy 66.875 | mean_length 64
09-14-21 10:29:29 - epoch 1 | global step 3640 | mode train | loss 0.7725 | accuracy 71.5625 | mean_length 64
09-14-21 10:31:16 - epoch 1 | global step 3650 | mode train | loss 0.6927 | accuracy 77.5 | mean_length 64
09-14-21 10:33:03 - epoch 1 | global step 3660 | mode train | loss 0.6634 | accuracy 77.8125 | mean_length 64
09-14-21 10:34:51 - epoch 1 | global step 3670 | mode train | loss 0.7381 | accuracy 70.0 | mean_length 64
09-14-21 10:36:38 - epoch 1 | global step 3680 | mode train | loss 0.6468 | accuracy 75.0 | mean_length 64
09-14-21 10:38:25 - epoch 1 | global step 3690 | mode train | loss 0.6816 | accuracy 75.9375 | mean_length 64
09-14-21 10:40:12 - epoch 1 | global step 3700 | mode train | loss 0.6773 | accuracy 75.9375 | mean_length 64
09-14-21 10:41:59 - epoch 1 | global step 3710 | mode train | loss 0.6468 | accuracy 75.9375 | mean_length 64
09-14-21 10:43:47 - epoch 1 | global step 3720 | mode train | loss 0.6581 | accuracy 75.0 | mean_length 64
09-14-21 10:45:34 - epoch 1 | global step 3730 | mode train | loss 0.7168 | accuracy 72.8125 | mean_length 64
09-14-21 10:47:21 - epoch 1 | global step 3740 | mode train | loss 0.6955 | accuracy 72.1875 | mean_length 64
09-14-21 10:49:08 - epoch 1 | global step 3750 | mode train | loss 0.6449 | accuracy 76.5625 | mean_length 64
09-14-21 10:50:56 - epoch 1 | global step 3760 | mode train | loss 0.7478 | accuracy 72.1875 | mean_length 64
09-14-21 10:52:43 - epoch 1 | global step 3770 | mode train | loss 0.9231 | accuracy 65.0 | mean_length 64
09-14-21 10:54:30 - epoch 1 | global step 3780 | mode train | loss 1.0958 | accuracy 58.125 | mean_length 64
09-14-21 10:56:17 - epoch 1 | global step 3790 | mode train | loss 0.8076 | accuracy 70.0 | mean_length 64
09-14-21 10:58:05 - epoch 1 | global step 3800 | mode train | loss 0.8172 | accuracy 68.4375 | mean_length 64
09-14-21 10:59:52 - epoch 1 | global step 3810 | mode train | loss 0.7304 | accuracy 73.125 | mean_length 64
09-14-21 11:01:39 - epoch 1 | global step 3820 | mode train | loss 0.7602 | accuracy 71.25 | mean_length 64
09-14-21 11:03:27 - epoch 1 | global step 3830 | mode train | loss 0.7095 | accuracy 74.375 | mean_length 64
09-14-21 11:05:14 - epoch 1 | global step 3840 | mode train | loss 0.7174 | accuracy 72.8125 | mean_length 64
09-14-21 11:07:01 - epoch 1 | global step 3850 | mode train | loss 0.6791 | accuracy 73.75 | mean_length 64
09-14-21 11:08:48 - epoch 1 | global step 3860 | mode train | loss 0.6558 | accuracy 76.875 | mean_length 64
09-14-21 11:10:35 - epoch 1 | global step 3870 | mode train | loss 0.6973 | accuracy 75.3125 | mean_length 64
09-14-21 11:12:23 - epoch 1 | global step 3880 | mode train | loss 0.6913 | accuracy 75.3125 | mean_length 64
09-14-21 11:14:10 - epoch 1 | global step 3890 | mode train | loss 0.6723 | accuracy 74.6875 | mean_length 64
09-14-21 11:15:57 - epoch 1 | global step 3900 | mode train | loss 0.7112 | accuracy 73.125 | mean_length 64
09-14-21 11:17:44 - epoch 1 | global step 3910 | mode train | loss 0.6839 | accuracy 75.3125 | mean_length 64
09-14-21 11:19:32 - epoch 1 | global step 3920 | mode train | loss 0.623 | accuracy 79.6875 | mean_length 64
09-14-21 11:21:19 - epoch 1 | global step 3930 | mode train | loss 0.626 | accuracy 76.25 | mean_length 64
09-14-21 11:23:06 - epoch 1 | global step 3940 | mode train | loss 0.6531 | accuracy 76.25 | mean_length 64
09-14-21 11:24:53 - epoch 1 | global step 3950 | mode train | loss 0.6466 | accuracy 76.5625 | mean_length 64
09-14-21 11:26:41 - epoch 1 | global step 3960 | mode train | loss 0.6359 | accuracy 75.9375 | mean_length 64
09-14-21 11:28:28 - epoch 1 | global step 3970 | mode train | loss 0.6763 | accuracy 72.8125 | mean_length 64
09-14-21 11:30:15 - epoch 1 | global step 3980 | mode train | loss 0.6836 | accuracy 75.0 | mean_length 64
09-14-21 11:32:02 - epoch 1 | global step 3990 | mode train | loss 0.7732 | accuracy 71.875 | mean_length 64
09-14-21 11:33:50 - epoch 1 | global step 4000 | mode train | loss 0.6944 | accuracy 72.5 | mean_length 64
09-14-21 11:35:37 - epoch 1 | global step 4010 | mode train | loss 0.632 | accuracy 77.1875 | mean_length 64
09-14-21 11:37:24 - epoch 1 | global step 4020 | mode train | loss 0.6475 | accuracy 75.9375 | mean_length 64
09-14-21 11:39:11 - epoch 1 | global step 4030 | mode train | loss 0.5978 | accuracy 80.0 | mean_length 64
09-14-21 11:40:59 - epoch 1 | global step 4040 | mode train | loss 0.5966 | accuracy 77.1875 | mean_length 64
09-14-21 11:42:46 - epoch 1 | global step 4050 | mode train | loss 0.5282 | accuracy 80.625 | mean_length 64
09-14-21 11:44:33 - epoch 1 | global step 4060 | mode train | loss 0.6433 | accuracy 72.5 | mean_length 64
09-14-21 11:46:20 - epoch 1 | global step 4070 | mode train | loss 0.6268 | accuracy 76.875 | mean_length 64
09-14-21 11:48:08 - epoch 1 | global step 4080 | mode train | loss 0.6318 | accuracy 79.0625 | mean_length 64
09-14-21 11:49:55 - epoch 1 | global step 4090 | mode train | loss 0.7335 | accuracy 71.5625 | mean_length 64
09-14-21 12:00:37 - epoch 1 | global step 4096 | mode validation | loss 0.6237 | accuracy 76.32 | mean_length 64
09-14-21 12:00:37 - Saving model to Output/accGrad4_mbart_BTen+zh_lr7.5e-6_7distractors_maxstep8192_seed43
Epoch: 1, Prediction Accuracy: 76.32, Saved to Path: Output/accGrad4_mbart_BTen+zh_lr7.5e-6_7distractors_maxstep8192_seed43
09-14-21 12:01:30 - epoch 1 | global step 4100 | mode train | loss 0.591 | accuracy 78.75 | mean_length 64
09-14-21 12:03:17 - epoch 1 | global step 4110 | mode train | loss 0.558 | accuracy 82.8125 | mean_length 64
09-14-21 12:05:05 - epoch 1 | global step 4120 | mode train | loss 0.611 | accuracy 78.4375 | mean_length 64
09-14-21 12:06:52 - epoch 1 | global step 4130 | mode train | loss 0.6146 | accuracy 75.3125 | mean_length 64
09-14-21 12:08:39 - epoch 1 | global step 4140 | mode train | loss 0.6461 | accuracy 75.9375 | mean_length 64
09-14-21 12:10:26 - epoch 1 | global step 4150 | mode train | loss 0.5497 | accuracy 79.6875 | mean_length 64
09-14-21 12:12:13 - epoch 1 | global step 4160 | mode train | loss 0.621 | accuracy 77.1875 | mean_length 64
09-14-21 12:14:01 - epoch 1 | global step 4170 | mode train | loss 0.6186 | accuracy 74.6875 | mean_length 64
09-14-21 12:15:48 - epoch 1 | global step 4180 | mode train | loss 0.6231 | accuracy 76.5625 | mean_length 64
09-14-21 12:17:35 - epoch 1 | global step 4190 | mode train | loss 0.6262 | accuracy 75.3125 | mean_length 64
09-14-21 12:19:22 - epoch 1 | global step 4200 | mode train | loss 0.6177 | accuracy 77.5 | mean_length 64
09-14-21 12:21:10 - epoch 1 | global step 4210 | mode train | loss 0.5556 | accuracy 82.5 | mean_length 64
09-14-21 12:22:57 - epoch 1 | global step 4220 | mode train | loss 0.5963 | accuracy 78.4375 | mean_length 64
09-14-21 12:24:44 - epoch 1 | global step 4230 | mode train | loss 0.657 | accuracy 77.8125 | mean_length 64
09-14-21 12:26:31 - epoch 1 | global step 4240 | mode train | loss 0.6164 | accuracy 77.5 | mean_length 64
09-14-21 12:28:19 - epoch 1 | global step 4250 | mode train | loss 0.564 | accuracy 80.3125 | mean_length 64
09-14-21 12:30:06 - epoch 1 | global step 4260 | mode train | loss 0.56 | accuracy 79.6875 | mean_length 64
09-14-21 12:31:53 - epoch 1 | global step 4270 | mode train | loss 0.6196 | accuracy 79.0625 | mean_length 64
09-14-21 12:33:40 - epoch 1 | global step 4280 | mode train | loss 0.5982 | accuracy 78.125 | mean_length 64
09-14-21 12:35:28 - epoch 1 | global step 4290 | mode train | loss 0.6217 | accuracy 76.25 | mean_length 64
09-14-21 12:37:15 - epoch 1 | global step 4300 | mode train | loss 0.6118 | accuracy 80.9375 | mean_length 64
09-14-21 12:39:02 - epoch 1 | global step 4310 | mode train | loss 0.644 | accuracy 74.0625 | mean_length 64
09-14-21 12:40:49 - epoch 1 | global step 4320 | mode train | loss 0.7217 | accuracy 70.9375 | mean_length 64
09-14-21 12:42:37 - epoch 1 | global step 4330 | mode train | loss 0.6344 | accuracy 77.8125 | mean_length 64
09-14-21 12:44:24 - epoch 1 | global step 4340 | mode train | loss 0.6727 | accuracy 72.1875 | mean_length 64
09-14-21 12:46:11 - epoch 1 | global step 4350 | mode train | loss 0.5809 | accuracy 77.8125 | mean_length 64
09-14-21 12:47:58 - epoch 1 | global step 4360 | mode train | loss 0.6453 | accuracy 74.375 | mean_length 64
09-14-21 12:49:46 - epoch 1 | global step 4370 | mode train | loss 0.6443 | accuracy 76.5625 | mean_length 64
09-14-21 12:51:33 - epoch 1 | global step 4380 | mode train | loss 0.5393 | accuracy 82.8125 | mean_length 64
09-14-21 12:53:20 - epoch 1 | global step 4390 | mode train | loss 0.5424 | accuracy 81.25 | mean_length 64
09-14-21 12:55:07 - epoch 1 | global step 4400 | mode train | loss 0.5202 | accuracy 80.9375 | mean_length 64
09-14-21 12:56:54 - epoch 1 | global step 4410 | mode train | loss 0.6161 | accuracy 77.1875 | mean_length 64
09-14-21 12:58:42 - epoch 1 | global step 4420 | mode train | loss 0.5233 | accuracy 79.0625 | mean_length 64
09-14-21 13:00:29 - epoch 1 | global step 4430 | mode train | loss 0.5541 | accuracy 79.6875 | mean_length 64
09-14-21 13:02:17 - epoch 1 | global step 4440 | mode train | loss 0.5768 | accuracy 77.1875 | mean_length 64
09-14-21 13:04:04 - epoch 1 | global step 4450 | mode train | loss 0.6441 | accuracy 75.625 | mean_length 64
09-14-21 13:05:51 - epoch 1 | global step 4460 | mode train | loss 0.6049 | accuracy 79.375 | mean_length 64
09-14-21 13:07:38 - epoch 1 | global step 4470 | mode train | loss 0.5327 | accuracy 80.0 | mean_length 64
09-14-21 13:09:26 - epoch 1 | global step 4480 | mode train | loss 0.6339 | accuracy 76.25 | mean_length 64
09-14-21 13:11:13 - epoch 1 | global step 4490 | mode train | loss 0.6116 | accuracy 76.5625 | mean_length 64
09-14-21 13:13:00 - epoch 1 | global step 4500 | mode train | loss 0.5334 | accuracy 82.5 | mean_length 64
09-14-21 13:14:47 - epoch 1 | global step 4510 | mode train | loss 0.579 | accuracy 80.0 | mean_length 64
09-14-21 13:16:34 - epoch 1 | global step 4520 | mode train | loss 0.5629 | accuracy 80.0 | mean_length 64
09-14-21 13:18:22 - epoch 1 | global step 4530 | mode train | loss 0.6917 | accuracy 73.125 | mean_length 64
09-14-21 13:20:09 - epoch 1 | global step 4540 | mode train | loss 0.7867 | accuracy 67.8125 | mean_length 64
09-14-21 13:21:56 - epoch 1 | global step 4550 | mode train | loss 0.7363 | accuracy 69.375 | mean_length 64
09-14-21 13:23:44 - epoch 1 | global step 4560 | mode train | loss 0.7012 | accuracy 72.1875 | mean_length 64
09-14-21 13:25:31 - epoch 1 | global step 4570 | mode train | loss 0.6216 | accuracy 76.25 | mean_length 64
09-14-21 13:27:18 - epoch 1 | global step 4580 | mode train | loss 0.5917 | accuracy 79.375 | mean_length 64
09-14-21 13:29:05 - epoch 1 | global step 4590 | mode train | loss 0.6074 | accuracy 76.5625 | mean_length 64
09-14-21 13:30:53 - epoch 1 | global step 4600 | mode train | loss 0.6003 | accuracy 78.4375 | mean_length 64
09-14-21 13:41:55 - epoch 1 | global step 4608 | mode validation | loss 0.573 | accuracy 78.48 | mean_length 64
09-14-21 13:41:55 - Saving model to Output/accGrad4_mbart_BTen+zh_lr7.5e-6_7distractors_maxstep8192_seed43
Epoch: 1, Prediction Accuracy: 78.48, Saved to Path: Output/accGrad4_mbart_BTen+zh_lr7.5e-6_7distractors_maxstep8192_seed43
09-14-21 13:42:25 - epoch 1 | global step 4610 | mode train | loss 0.5603 | accuracy 77.5 | mean_length 64
09-14-21 13:44:12 - epoch 1 | global step 4620 | mode train | loss 0.5618 | accuracy 80.625 | mean_length 64
09-14-21 13:46:00 - epoch 1 | global step 4630 | mode train | loss 0.6701 | accuracy 75.625 | mean_length 64
09-14-21 13:47:47 - epoch 1 | global step 4640 | mode train | loss 0.5884 | accuracy 77.5 | mean_length 64
09-14-21 13:49:34 - epoch 1 | global step 4650 | mode train | loss 0.6014 | accuracy 76.875 | mean_length 64
09-14-21 13:51:22 - epoch 1 | global step 4660 | mode train | loss 0.6039 | accuracy 78.75 | mean_length 64
09-14-21 13:53:09 - epoch 1 | global step 4670 | mode train | loss 0.5777 | accuracy 77.1875 | mean_length 64
09-14-21 13:54:56 - epoch 1 | global step 4680 | mode train | loss 0.5554 | accuracy 80.9375 | mean_length 64
09-14-21 13:56:43 - epoch 1 | global step 4690 | mode train | loss 0.5386 | accuracy 80.9375 | mean_length 64
09-14-21 13:58:31 - epoch 1 | global step 4700 | mode train | loss 0.519 | accuracy 79.0625 | mean_length 64
09-14-21 14:00:19 - epoch 1 | global step 4710 | mode train | loss 0.5349 | accuracy 80.9375 | mean_length 64
09-14-21 14:02:06 - epoch 1 | global step 4720 | mode train | loss 0.5832 | accuracy 79.375 | mean_length 64
09-14-21 14:03:53 - epoch 1 | global step 4730 | mode train | loss 0.5307 | accuracy 78.4375 | mean_length 64
09-14-21 14:05:40 - epoch 1 | global step 4740 | mode train | loss 0.5143 | accuracy 82.5 | mean_length 64
09-14-21 14:07:28 - epoch 1 | global step 4750 | mode train | loss 0.4793 | accuracy 81.5625 | mean_length 64
09-14-21 14:09:15 - epoch 1 | global step 4760 | mode train | loss 0.5044 | accuracy 82.5 | mean_length 64
09-14-21 14:11:02 - epoch 1 | global step 4770 | mode train | loss 0.6091 | accuracy 77.8125 | mean_length 64
09-14-21 14:12:49 - epoch 1 | global step 4780 | mode train | loss 0.6534 | accuracy 75.625 | mean_length 64
09-14-21 14:14:37 - epoch 1 | global step 4790 | mode train | loss 0.6368 | accuracy 77.1875 | mean_length 64
09-14-21 14:16:24 - epoch 1 | global step 4800 | mode train | loss 0.5321 | accuracy 82.5 | mean_length 64
09-14-21 14:18:11 - epoch 1 | global step 4810 | mode train | loss 0.5721 | accuracy 78.75 | mean_length 64
09-14-21 14:19:59 - epoch 1 | global step 4820 | mode train | loss 0.5947 | accuracy 75.625 | mean_length 64
09-14-21 14:21:46 - epoch 1 | global step 4830 | mode train | loss 0.5879 | accuracy 79.375 | mean_length 64
09-14-21 14:23:33 - epoch 1 | global step 4840 | mode train | loss 0.6003 | accuracy 80.3125 | mean_length 64
09-14-21 14:25:20 - epoch 1 | global step 4850 | mode train | loss 0.5848 | accuracy 79.375 | mean_length 64
09-14-21 14:27:08 - epoch 1 | global step 4860 | mode train | loss 0.5792 | accuracy 77.8125 | mean_length 64
09-14-21 14:28:55 - epoch 1 | global step 4870 | mode train | loss 0.5452 | accuracy 79.0625 | mean_length 64
09-14-21 14:30:42 - epoch 1 | global step 4880 | mode train | loss 0.5437 | accuracy 79.6875 | mean_length 64
09-14-21 14:32:29 - epoch 1 | global step 4890 | mode train | loss 0.5691 | accuracy 80.3125 | mean_length 64
09-14-21 14:34:16 - epoch 1 | global step 4900 | mode train | loss 0.4876 | accuracy 84.375 | mean_length 64
09-14-21 14:36:04 - epoch 1 | global step 4910 | mode train | loss 0.5124 | accuracy 80.9375 | mean_length 64
09-14-21 14:37:51 - epoch 1 | global step 4920 | mode train | loss 0.6012 | accuracy 76.875 | mean_length 64
09-14-21 14:39:38 - epoch 1 | global step 4930 | mode train | loss 0.5229 | accuracy 79.6875 | mean_length 64
09-14-21 14:41:26 - epoch 1 | global step 4940 | mode train | loss 0.4975 | accuracy 80.625 | mean_length 64
09-14-21 14:43:13 - epoch 1 | global step 4950 | mode train | loss 0.5316 | accuracy 80.3125 | mean_length 64
09-14-21 14:45:00 - epoch 1 | global step 4960 | mode train | loss 0.5619 | accuracy 79.375 | mean_length 64
09-14-21 14:46:47 - epoch 1 | global step 4970 | mode train | loss 0.553 | accuracy 80.625 | mean_length 64
09-14-21 14:48:34 - epoch 1 | global step 4980 | mode train | loss 0.6238 | accuracy 75.0 | mean_length 64
09-14-21 14:50:22 - epoch 1 | global step 4990 | mode train | loss 0.5259 | accuracy 83.125 | mean_length 64
09-14-21 14:52:09 - epoch 1 | global step 5000 | mode train | loss 0.621 | accuracy 77.5 | mean_length 64
09-14-21 14:53:56 - epoch 1 | global step 5010 | mode train | loss 0.5379 | accuracy 79.0625 | mean_length 64
09-14-21 14:55:43 - epoch 1 | global step 5020 | mode train | loss 0.5639 | accuracy 80.3125 | mean_length 64
09-14-21 14:57:31 - epoch 1 | global step 5030 | mode train | loss 0.4553 | accuracy 85.625 | mean_length 64
09-14-21 14:59:18 - epoch 1 | global step 5040 | mode train | loss 0.5548 | accuracy 79.6875 | mean_length 64
09-14-21 15:01:06 - epoch 1 | global step 5050 | mode train | loss 0.5154 | accuracy 79.6875 | mean_length 64
09-14-21 15:02:53 - epoch 1 | global step 5060 | mode train | loss 0.5056 | accuracy 84.375 | mean_length 64
09-14-21 15:04:40 - epoch 1 | global step 5070 | mode train | loss 0.4716 | accuracy 81.25 | mean_length 64
09-14-21 15:06:27 - epoch 1 | global step 5080 | mode train | loss 0.5755 | accuracy 75.9375 | mean_length 64
09-14-21 15:08:15 - epoch 1 | global step 5090 | mode train | loss 0.6523 | accuracy 73.4375 | mean_length 64
09-14-21 15:10:02 - epoch 1 | global step 5100 | mode train | loss 0.5608 | accuracy 79.375 | mean_length 64
09-14-21 15:11:49 - epoch 1 | global step 5110 | mode train | loss 0.5499 | accuracy 81.5625 | mean_length 64
09-14-21 15:13:36 - epoch 1 | global step 5120 | mode train | loss 0.5599 | accuracy 79.0625 | mean_length 64
09-14-21 15:23:13 - epoch 1 | global step 5120 | mode validation | loss 0.5263 | accuracy 79.86 | mean_length 64
09-14-21 15:23:13 - Saving model to Output/accGrad4_mbart_BTen+zh_lr7.5e-6_7distractors_maxstep8192_seed43
Epoch: 1, Prediction Accuracy: 79.86, Saved to Path: Output/accGrad4_mbart_BTen+zh_lr7.5e-6_7distractors_maxstep8192_seed43
09-14-21 15:25:09 - epoch 1 | global step 5130 | mode train | loss 0.5591 | accuracy 80.0 | mean_length 64
09-14-21 15:26:56 - epoch 1 | global step 5140 | mode train | loss 0.5234 | accuracy 80.625 | mean_length 64
09-14-21 15:28:44 - epoch 1 | global step 5150 | mode train | loss 0.461 | accuracy 85.0 | mean_length 64
09-14-21 15:30:31 - epoch 1 | global step 5160 | mode train | loss 0.5386 | accuracy 80.0 | mean_length 64
09-14-21 15:32:18 - epoch 1 | global step 5170 | mode train | loss 0.4958 | accuracy 80.9375 | mean_length 64
09-14-21 15:34:05 - epoch 1 | global step 5180 | mode train | loss 0.4676 | accuracy 80.9375 | mean_length 64
09-14-21 15:35:52 - epoch 1 | global step 5190 | mode train | loss 0.4642 | accuracy 83.75 | mean_length 64
09-14-21 15:37:40 - epoch 1 | global step 5200 | mode train | loss 0.4856 | accuracy 80.0 | mean_length 64
09-14-21 15:39:27 - epoch 1 | global step 5210 | mode train | loss 0.4741 | accuracy 84.6875 | mean_length 64
09-14-21 15:41:14 - epoch 1 | global step 5220 | mode train | loss 0.4426 | accuracy 86.875 | mean_length 64
09-14-21 15:43:01 - epoch 1 | global step 5230 | mode train | loss 0.5398 | accuracy 79.375 | mean_length 64
09-14-21 15:44:49 - epoch 1 | global step 5240 | mode train | loss 0.4616 | accuracy 83.125 | mean_length 64
09-14-21 15:46:36 - epoch 1 | global step 5250 | mode train | loss 0.4786 | accuracy 82.5 | mean_length 64
09-14-21 15:48:23 - epoch 1 | global step 5260 | mode train | loss 0.5621 | accuracy 78.125 | mean_length 64
09-14-21 15:50:10 - epoch 1 | global step 5270 | mode train | loss 0.5026 | accuracy 81.25 | mean_length 64
09-14-21 15:51:57 - epoch 1 | global step 5280 | mode train | loss 0.5454 | accuracy 82.1875 | mean_length 64
09-14-21 15:53:45 - epoch 1 | global step 5290 | mode train | loss 0.518 | accuracy 80.0 | mean_length 64
09-14-21 15:55:32 - epoch 1 | global step 5300 | mode train | loss 0.4475 | accuracy 82.5 | mean_length 64
09-14-21 15:57:19 - epoch 1 | global step 5310 | mode train | loss 0.497 | accuracy 78.75 | mean_length 64
09-14-21 15:59:06 - epoch 1 | global step 5320 | mode train | loss 0.5327 | accuracy 80.3125 | mean_length 64
09-14-21 16:00:54 - epoch 1 | global step 5330 | mode train | loss 0.4919 | accuracy 82.8125 | mean_length 64
09-14-21 16:02:41 - epoch 1 | global step 5340 | mode train | loss 0.4692 | accuracy 83.125 | mean_length 64
09-14-21 16:04:29 - epoch 1 | global step 5350 | mode train | loss 0.4718 | accuracy 81.5625 | mean_length 64
09-14-21 16:06:16 - epoch 1 | global step 5360 | mode train | loss 0.4831 | accuracy 81.875 | mean_length 64
09-14-21 16:08:03 - epoch 1 | global step 5370 | mode train | loss 0.4463 | accuracy 81.25 | mean_length 64
09-14-21 16:09:50 - epoch 1 | global step 5380 | mode train | loss 0.4465 | accuracy 84.375 | mean_length 64
09-14-21 16:11:38 - epoch 1 | global step 5390 | mode train | loss 0.5017 | accuracy 80.625 | mean_length 64
09-14-21 16:13:25 - epoch 1 | global step 5400 | mode train | loss 0.5043 | accuracy 82.1875 | mean_length 64
09-14-21 16:15:12 - epoch 1 | global step 5410 | mode train | loss 0.4216 | accuracy 85.0 | mean_length 64
09-14-21 16:16:59 - epoch 1 | global step 5420 | mode train | loss 0.4886 | accuracy 83.4375 | mean_length 64
09-14-21 16:18:47 - epoch 1 | global step 5430 | mode train | loss 0.4904 | accuracy 82.5 | mean_length 64
09-14-21 16:20:34 - epoch 1 | global step 5440 | mode train | loss 0.4825 | accuracy 82.1875 | mean_length 64
09-14-21 16:22:21 - epoch 1 | global step 5450 | mode train | loss 0.5471 | accuracy 82.5 | mean_length 64
09-14-21 16:24:08 - epoch 1 | global step 5460 | mode train | loss 0.4685 | accuracy 84.0625 | mean_length 64
09-14-21 16:25:56 - epoch 1 | global step 5470 | mode train | loss 0.5376 | accuracy 80.0 | mean_length 64
09-14-21 16:27:43 - epoch 1 | global step 5480 | mode train | loss 0.5221 | accuracy 78.4375 | mean_length 64
09-14-21 16:29:30 - epoch 1 | global step 5490 | mode train | loss 0.5401 | accuracy 81.5625 | mean_length 64
09-14-21 16:31:17 - epoch 1 | global step 5500 | mode train | loss 0.4848 | accuracy 82.5 | mean_length 64
09-14-21 16:33:05 - epoch 1 | global step 5510 | mode train | loss 0.4871 | accuracy 81.25 | mean_length 64
09-14-21 16:34:52 - epoch 1 | global step 5520 | mode train | loss 0.4669 | accuracy 83.125 | mean_length 64
09-14-21 16:36:39 - epoch 1 | global step 5530 | mode train | loss 0.4166 | accuracy 85.3125 | mean_length 64
09-14-21 16:38:27 - epoch 1 | global step 5540 | mode train | loss 0.4475 | accuracy 82.8125 | mean_length 64
09-14-21 16:40:14 - epoch 1 | global step 5550 | mode train | loss 0.3865 | accuracy 86.25 | mean_length 64
09-14-21 16:42:01 - epoch 1 | global step 5560 | mode train | loss 0.5437 | accuracy 79.375 | mean_length 64
09-14-21 16:43:48 - epoch 1 | global step 5570 | mode train | loss 0.4486 | accuracy 85.0 | mean_length 64
09-14-21 16:45:36 - epoch 1 | global step 5580 | mode train | loss 0.4369 | accuracy 83.4375 | mean_length 64
09-14-21 16:47:23 - epoch 1 | global step 5590 | mode train | loss 0.4066 | accuracy 86.5625 | mean_length 64
09-14-21 16:49:10 - epoch 1 | global step 5600 | mode train | loss 0.4522 | accuracy 82.5 | mean_length 64
09-14-21 16:50:57 - epoch 1 | global step 5610 | mode train | loss 0.4872 | accuracy 83.125 | mean_length 64
09-14-21 16:52:45 - epoch 1 | global step 5620 | mode train | loss 0.5736 | accuracy 79.6875 | mean_length 64
09-14-21 16:54:32 - epoch 1 | global step 5630 | mode train | loss 0.4651 | accuracy 80.0 | mean_length 64
09-14-21 17:04:30 - epoch 1 | global step 5632 | mode validation | loss 0.5627 | accuracy 78.4 | mean_length 64
09-14-21 17:05:55 - epoch 1 | global step 5640 | mode train | loss 0.5097 | accuracy 80.0 | mean_length 64
09-14-21 17:07:43 - epoch 1 | global step 5650 | mode train | loss 0.5057 | accuracy 79.6875 | mean_length 64
09-14-21 17:09:30 - epoch 1 | global step 5660 | mode train | loss 0.5037 | accuracy 81.5625 | mean_length 64
09-14-21 17:11:17 - epoch 1 | global step 5670 | mode train | loss 0.5104 | accuracy 80.0 | mean_length 64
09-14-21 17:13:04 - epoch 1 | global step 5680 | mode train | loss 0.5748 | accuracy 79.0625 | mean_length 64
09-14-21 17:14:52 - epoch 1 | global step 5690 | mode train | loss 0.4488 | accuracy 83.4375 | mean_length 64
09-14-21 17:16:39 - epoch 1 | global step 5700 | mode train | loss 0.4702 | accuracy 83.4375 | mean_length 64
09-14-21 17:18:26 - epoch 1 | global step 5710 | mode train | loss 0.4894 | accuracy 80.9375 | mean_length 64
09-14-21 17:20:14 - epoch 1 | global step 5720 | mode train | loss 0.503 | accuracy 82.8125 | mean_length 64
09-14-21 17:22:01 - epoch 1 | global step 5730 | mode train | loss 0.3844 | accuracy 88.4375 | mean_length 64
09-14-21 17:23:48 - epoch 1 | global step 5740 | mode train | loss 0.5258 | accuracy 79.6875 | mean_length 64
09-14-21 17:25:35 - epoch 1 | global step 5750 | mode train | loss 0.4822 | accuracy 78.75 | mean_length 64
09-14-21 17:27:23 - epoch 1 | global step 5760 | mode train | loss 0.4695 | accuracy 83.125 | mean_length 64
09-14-21 17:29:10 - epoch 1 | global step 5770 | mode train | loss 0.5081 | accuracy 80.625 | mean_length 64
09-14-21 17:30:57 - epoch 1 | global step 5780 | mode train | loss 0.462 | accuracy 81.5625 | mean_length 64
09-14-21 17:32:45 - epoch 1 | global step 5790 | mode train | loss 0.4572 | accuracy 83.125 | mean_length 64
09-14-21 17:34:32 - epoch 1 | global step 5800 | mode train | loss 0.465 | accuracy 81.5625 | mean_length 64
09-14-21 17:36:19 - epoch 1 | global step 5810 | mode train | loss 0.3909 | accuracy 86.875 | mean_length 64
09-14-21 17:38:06 - epoch 1 | global step 5820 | mode train | loss 0.407 | accuracy 86.25 | mean_length 64
09-14-21 17:39:54 - epoch 1 | global step 5830 | mode train | loss 0.484 | accuracy 82.8125 | mean_length 64
09-14-21 17:41:41 - epoch 1 | global step 5840 | mode train | loss 0.5164 | accuracy 81.25 | mean_length 64
09-14-21 17:43:28 - epoch 1 | global step 5850 | mode train | loss 0.548 | accuracy 77.8125 | mean_length 64
09-14-21 17:45:15 - epoch 1 | global step 5860 | mode train | loss 0.4584 | accuracy 85.0 | mean_length 64
09-14-21 17:47:03 - epoch 1 | global step 5870 | mode train | loss 0.538 | accuracy 79.6875 | mean_length 64
09-14-21 17:48:50 - epoch 1 | global step 5880 | mode train | loss 0.4585 | accuracy 84.375 | mean_length 64
09-14-21 17:50:37 - epoch 1 | global step 5890 | mode train | loss 0.4675 | accuracy 83.75 | mean_length 64
09-14-21 17:52:24 - epoch 1 | global step 5900 | mode train | loss 0.502 | accuracy 84.0625 | mean_length 64
09-14-21 17:54:12 - epoch 1 | global step 5910 | mode train | loss 0.4681 | accuracy 82.8125 | mean_length 64
09-14-21 17:55:59 - epoch 1 | global step 5920 | mode train | loss 0.4505 | accuracy 84.375 | mean_length 64
09-14-21 17:57:46 - epoch 1 | global step 5930 | mode train | loss 0.4999 | accuracy 80.9375 | mean_length 64
09-14-21 17:59:33 - epoch 1 | global step 5940 | mode train | loss 0.4576 | accuracy 81.25 | mean_length 64
09-14-21 18:01:21 - epoch 1 | global step 5950 | mode train | loss 0.4653 | accuracy 82.5 | mean_length 64
09-14-21 18:03:09 - epoch 1 | global step 5960 | mode train | loss 0.454 | accuracy 84.6875 | mean_length 64
09-14-21 18:04:56 - epoch 1 | global step 5970 | mode train | loss 0.4041 | accuracy 88.125 | mean_length 64
09-14-21 18:06:43 - epoch 1 | global step 5980 | mode train | loss 0.469 | accuracy 82.5 | mean_length 64
09-14-21 18:08:30 - epoch 1 | global step 5990 | mode train | loss 0.4835 | accuracy 79.0625 | mean_length 64
09-14-21 18:10:18 - epoch 1 | global step 6000 | mode train | loss 0.4511 | accuracy 85.0 | mean_length 64
09-14-21 18:12:05 - epoch 1 | global step 6010 | mode train | loss 0.4501 | accuracy 83.4375 | mean_length 64
09-14-21 18:13:52 - epoch 1 | global step 6020 | mode train | loss 0.4544 | accuracy 83.75 | mean_length 64
09-14-21 18:15:39 - epoch 1 | global step 6030 | mode train | loss 0.4278 | accuracy 83.4375 | mean_length 64
09-14-21 18:17:27 - epoch 1 | global step 6040 | mode train | loss 0.3762 | accuracy 85.9375 | mean_length 64
09-14-21 18:19:14 - epoch 1 | global step 6050 | mode train | loss 0.4215 | accuracy 83.75 | mean_length 64
09-14-21 18:21:01 - epoch 1 | global step 6060 | mode train | loss 0.4456 | accuracy 82.8125 | mean_length 64
09-14-21 18:22:48 - epoch 1 | global step 6070 | mode train | loss 0.4531 | accuracy 82.5 | mean_length 64
09-14-21 18:24:36 - epoch 1 | global step 6080 | mode train | loss 0.3396 | accuracy 89.6875 | mean_length 64
09-14-21 18:26:23 - epoch 1 | global step 6090 | mode train | loss 0.4507 | accuracy 81.875 | mean_length 64
09-14-21 18:28:10 - epoch 1 | global step 6100 | mode train | loss 0.4358 | accuracy 81.5625 | mean_length 64
09-14-21 18:29:57 - epoch 1 | global step 6110 | mode train | loss 0.5052 | accuracy 81.25 | mean_length 64
09-14-21 18:31:45 - epoch 1 | global step 6120 | mode train | loss 0.4493 | accuracy 82.1875 | mean_length 64
09-14-21 18:33:32 - epoch 1 | global step 6130 | mode train | loss 0.5088 | accuracy 78.75 | mean_length 64
09-14-21 18:35:19 - epoch 1 | global step 6140 | mode train | loss 0.427 | accuracy 85.3125 | mean_length 64
09-14-21 18:45:39 - epoch 1 | global step 6144 | mode validation | loss 0.5224 | accuracy 80.5 | mean_length 64
09-14-21 18:45:39 - Saving model to Output/accGrad4_mbart_BTen+zh_lr7.5e-6_7distractors_maxstep8192_seed43
Epoch: 1, Prediction Accuracy: 80.5, Saved to Path: Output/accGrad4_mbart_BTen+zh_lr7.5e-6_7distractors_maxstep8192_seed43
09-14-21 18:46:52 - epoch 1 | global step 6150 | mode train | loss 0.5453 | accuracy 78.75 | mean_length 64
09-14-21 18:48:39 - epoch 1 | global step 6160 | mode train | loss 0.4212 | accuracy 85.0 | mean_length 64
09-14-21 18:50:26 - epoch 1 | global step 6170 | mode train | loss 0.4526 | accuracy 83.125 | mean_length 64
09-14-21 18:52:13 - epoch 1 | global step 6180 | mode train | loss 0.4627 | accuracy 82.1875 | mean_length 64
09-14-21 18:54:01 - epoch 1 | global step 6190 | mode train | loss 0.4271 | accuracy 85.3125 | mean_length 64
09-14-21 18:55:48 - epoch 1 | global step 6200 | mode train | loss 0.5084 | accuracy 80.625 | mean_length 64
09-14-21 18:57:35 - epoch 1 | global step 6210 | mode train | loss 0.4627 | accuracy 82.5 | mean_length 64
09-14-21 18:59:22 - epoch 1 | global step 6220 | mode train | loss 0.4233 | accuracy 87.1875 | mean_length 64
09-14-21 19:01:10 - epoch 1 | global step 6230 | mode train | loss 0.4963 | accuracy 82.1875 | mean_length 64
09-14-21 19:02:57 - epoch 1 | global step 6240 | mode train | loss 0.414 | accuracy 85.0 | mean_length 64
09-14-21 19:04:44 - epoch 1 | global step 6250 | mode train | loss 0.4812 | accuracy 80.0 | mean_length 64
09-14-21 19:06:32 - epoch 1 | global step 6260 | mode train | loss 0.517 | accuracy 83.75 | mean_length 64
09-14-21 19:08:19 - epoch 1 | global step 6270 | mode train | loss 0.474 | accuracy 85.0 | mean_length 64
09-14-21 19:10:06 - epoch 1 | global step 6280 | mode train | loss 0.4772 | accuracy 82.8125 | mean_length 64
09-14-21 19:11:53 - epoch 1 | global step 6290 | mode train | loss 0.5028 | accuracy 83.4375 | mean_length 64
09-14-21 19:13:41 - epoch 1 | global step 6300 | mode train | loss 0.4473 | accuracy 83.125 | mean_length 64
09-14-21 19:15:28 - epoch 1 | global step 6310 | mode train | loss 0.4094 | accuracy 85.625 | mean_length 64
09-14-21 19:17:15 - epoch 1 | global step 6320 | mode train | loss 0.4573 | accuracy 84.0625 | mean_length 64
09-14-21 19:19:02 - epoch 1 | global step 6330 | mode train | loss 0.4037 | accuracy 85.9375 | mean_length 64
09-14-21 19:20:50 - epoch 1 | global step 6340 | mode train | loss 0.4604 | accuracy 84.6875 | mean_length 64
09-14-21 19:22:37 - epoch 1 | global step 6350 | mode train | loss 0.4465 | accuracy 83.75 | mean_length 64
09-14-21 19:24:24 - epoch 1 | global step 6360 | mode train | loss 0.5235 | accuracy 80.0 | mean_length 64
09-14-21 19:26:11 - epoch 1 | global step 6370 | mode train | loss 0.4675 | accuracy 82.5 | mean_length 64
09-14-21 19:27:58 - epoch 1 | global step 6380 | mode train | loss 0.4889 | accuracy 81.875 | mean_length 64
09-14-21 19:29:46 - epoch 1 | global step 6390 | mode train | loss 0.4237 | accuracy 84.375 | mean_length 64
09-14-21 19:31:33 - epoch 1 | global step 6400 | mode train | loss 0.4361 | accuracy 84.6875 | mean_length 64
09-14-21 19:33:20 - epoch 1 | global step 6410 | mode train | loss 0.4052 | accuracy 84.6875 | mean_length 64
09-14-21 19:35:07 - epoch 1 | global step 6420 | mode train | loss 0.4386 | accuracy 83.75 | mean_length 64
09-14-21 19:36:55 - epoch 1 | global step 6430 | mode train | loss 0.3629 | accuracy 86.875 | mean_length 64
09-14-21 19:38:42 - epoch 1 | global step 6440 | mode train | loss 0.3439 | accuracy 87.1875 | mean_length 64
09-14-21 19:40:29 - epoch 1 | global step 6450 | mode train | loss 0.455 | accuracy 83.125 | mean_length 64
09-14-21 19:42:16 - epoch 2 | global step 6460 | mode train | loss 0.5034 | accuracy 80.9375 | mean_length 64
09-14-21 19:44:03 - epoch 2 | global step 6470 | mode train | loss 0.4512 | accuracy 83.4375 | mean_length 64
09-14-21 19:45:51 - epoch 2 | global step 6480 | mode train | loss 0.4047 | accuracy 85.3125 | mean_length 64
09-14-21 19:47:38 - epoch 2 | global step 6490 | mode train | loss 0.3827 | accuracy 85.3125 | mean_length 64
09-14-21 19:49:25 - epoch 2 | global step 6500 | mode train | loss 0.4066 | accuracy 82.8125 | mean_length 64
09-14-21 19:51:12 - epoch 2 | global step 6510 | mode train | loss 0.4321 | accuracy 84.375 | mean_length 64
09-14-21 19:53:00 - epoch 2 | global step 6520 | mode train | loss 0.4003 | accuracy 85.9375 | mean_length 64
09-14-21 19:54:47 - epoch 2 | global step 6530 | mode train | loss 0.445 | accuracy 81.5625 | mean_length 64
09-14-21 19:56:34 - epoch 2 | global step 6540 | mode train | loss 0.3901 | accuracy 86.5625 | mean_length 64
09-14-21 19:58:21 - epoch 2 | global step 6550 | mode train | loss 0.4064 | accuracy 85.0 | mean_length 64
09-14-21 20:00:09 - epoch 2 | global step 6560 | mode train | loss 0.3727 | accuracy 85.3125 | mean_length 64
09-14-21 20:01:56 - epoch 2 | global step 6570 | mode train | loss 0.4449 | accuracy 84.6875 | mean_length 64
09-14-21 20:03:44 - epoch 2 | global step 6580 | mode train | loss 0.5759 | accuracy 77.8125 | mean_length 64
09-14-21 20:05:31 - epoch 2 | global step 6590 | mode train | loss 0.5103 | accuracy 81.875 | mean_length 64
09-14-21 20:07:18 - epoch 2 | global step 6600 | mode train | loss 0.4308 | accuracy 84.375 | mean_length 64
09-14-21 20:09:05 - epoch 2 | global step 6610 | mode train | loss 0.4576 | accuracy 85.0 | mean_length 64
09-14-21 20:10:53 - epoch 2 | global step 6620 | mode train | loss 0.3993 | accuracy 84.6875 | mean_length 64
09-14-21 20:12:40 - epoch 2 | global step 6630 | mode train | loss 0.4409 | accuracy 81.875 | mean_length 64
09-14-21 20:14:27 - epoch 2 | global step 6640 | mode train | loss 0.391 | accuracy 85.9375 | mean_length 64
09-14-21 20:16:14 - epoch 2 | global step 6650 | mode train | loss 0.5067 | accuracy 79.0625 | mean_length 64
09-14-21 20:26:56 - epoch 2 | global step 6656 | mode validation | loss 0.5137 | accuracy 80.56 | mean_length 64
09-14-21 20:26:56 - Saving model to Output/accGrad4_mbart_BTen+zh_lr7.5e-6_7distractors_maxstep8192_seed43
Epoch: 2, Prediction Accuracy: 80.56, Saved to Path: Output/accGrad4_mbart_BTen+zh_lr7.5e-6_7distractors_maxstep8192_seed43
09-14-21 20:27:47 - epoch 2 | global step 6660 | mode train | loss 0.4489 | accuracy 85.0 | mean_length 64
09-14-21 20:29:35 - epoch 2 | global step 6670 | mode train | loss 0.4227 | accuracy 84.0625 | mean_length 64
09-14-21 20:31:22 - epoch 2 | global step 6680 | mode train | loss 0.5117 | accuracy 81.25 | mean_length 64
09-14-21 20:33:09 - epoch 2 | global step 6690 | mode train | loss 0.4727 | accuracy 81.25 | mean_length 64
09-14-21 20:34:56 - epoch 2 | global step 6700 | mode train | loss 0.3798 | accuracy 87.5 | mean_length 64
09-14-21 20:36:43 - epoch 2 | global step 6710 | mode train | loss 0.3882 | accuracy 85.0 | mean_length 64
09-14-21 20:38:31 - epoch 2 | global step 6720 | mode train | loss 0.3935 | accuracy 84.0625 | mean_length 64
09-14-21 20:40:18 - epoch 2 | global step 6730 | mode train | loss 0.3633 | accuracy 85.625 | mean_length 64
09-14-21 20:42:05 - epoch 2 | global step 6740 | mode train | loss 0.4533 | accuracy 83.4375 | mean_length 64
09-14-21 20:43:52 - epoch 2 | global step 6750 | mode train | loss 0.433 | accuracy 84.0625 | mean_length 64
09-14-21 20:45:40 - epoch 2 | global step 6760 | mode train | loss 0.4497 | accuracy 85.0 | mean_length 64
09-14-21 20:47:27 - epoch 2 | global step 6770 | mode train | loss 0.4206 | accuracy 84.0625 | mean_length 64
09-14-21 20:49:14 - epoch 2 | global step 6780 | mode train | loss 0.4683 | accuracy 81.875 | mean_length 64
09-14-21 20:51:01 - epoch 2 | global step 6790 | mode train | loss 0.3842 | accuracy 87.8125 | mean_length 64
09-14-21 20:52:48 - epoch 2 | global step 6800 | mode train | loss 0.4281 | accuracy 84.6875 | mean_length 64
09-14-21 20:54:36 - epoch 2 | global step 6810 | mode train | loss 0.366 | accuracy 84.375 | mean_length 64
09-14-21 20:56:23 - epoch 2 | global step 6820 | mode train | loss 0.4475 | accuracy 82.1875 | mean_length 64
09-14-21 20:58:10 - epoch 2 | global step 6830 | mode train | loss 0.3782 | accuracy 85.0 | mean_length 64
09-14-21 20:59:57 - epoch 2 | global step 6840 | mode train | loss 0.4206 | accuracy 84.0625 | mean_length 64
09-14-21 21:01:45 - epoch 2 | global step 6850 | mode train | loss 0.4195 | accuracy 84.375 | mean_length 64
09-14-21 21:03:33 - epoch 2 | global step 6860 | mode train | loss 0.4927 | accuracy 81.5625 | mean_length 64
09-14-21 21:05:20 - epoch 2 | global step 6870 | mode train | loss 0.446 | accuracy 84.6875 | mean_length 64
09-14-21 21:07:07 - epoch 2 | global step 6880 | mode train | loss 0.4808 | accuracy 80.0 | mean_length 64
09-14-21 21:08:54 - epoch 2 | global step 6890 | mode train | loss 0.4318 | accuracy 82.5 | mean_length 64
09-14-21 21:10:41 - epoch 2 | global step 6900 | mode train | loss 0.3852 | accuracy 84.6875 | mean_length 64
09-14-21 21:12:29 - epoch 2 | global step 6910 | mode train | loss 0.3956 | accuracy 83.75 | mean_length 64
09-14-21 21:14:16 - epoch 2 | global step 6920 | mode train | loss 0.3959 | accuracy 86.25 | mean_length 64
09-14-21 21:16:03 - epoch 2 | global step 6930 | mode train | loss 0.4347 | accuracy 84.0625 | mean_length 64
09-14-21 21:17:50 - epoch 2 | global step 6940 | mode train | loss 0.444 | accuracy 81.875 | mean_length 64
09-14-21 21:19:37 - epoch 2 | global step 6950 | mode train | loss 0.4273 | accuracy 81.875 | mean_length 64
09-14-21 21:21:24 - epoch 2 | global step 6960 | mode train | loss 0.3742 | accuracy 85.9375 | mean_length 64
09-14-21 21:23:12 - epoch 2 | global step 6970 | mode train | loss 0.4747 | accuracy 80.625 | mean_length 64
09-14-21 21:24:59 - epoch 2 | global step 6980 | mode train | loss 0.4609 | accuracy 81.25 | mean_length 64
09-14-21 21:26:46 - epoch 2 | global step 6990 | mode train | loss 0.3557 | accuracy 88.125 | mean_length 64
09-14-21 21:28:33 - epoch 2 | global step 7000 | mode train | loss 0.4807 | accuracy 80.9375 | mean_length 64
09-14-21 21:30:20 - epoch 2 | global step 7010 | mode train | loss 0.3776 | accuracy 87.1875 | mean_length 64
09-14-21 21:32:07 - epoch 2 | global step 7020 | mode train | loss 0.3982 | accuracy 85.3125 | mean_length 64
09-14-21 21:33:54 - epoch 2 | global step 7030 | mode train | loss 0.3529 | accuracy 89.0625 | mean_length 64
09-14-21 21:35:42 - epoch 2 | global step 7040 | mode train | loss 0.4511 | accuracy 82.5 | mean_length 64
09-14-21 21:37:29 - epoch 2 | global step 7050 | mode train | loss 0.4345 | accuracy 85.0 | mean_length 64
09-14-21 21:39:16 - epoch 2 | global step 7060 | mode train | loss 0.3871 | accuracy 84.375 | mean_length 64
09-14-21 21:41:03 - epoch 2 | global step 7070 | mode train | loss 0.4571 | accuracy 81.5625 | mean_length 64
09-14-21 21:42:50 - epoch 2 | global step 7080 | mode train | loss 0.4047 | accuracy 87.1875 | mean_length 64
09-14-21 21:44:38 - epoch 2 | global step 7090 | mode train | loss 0.3822 | accuracy 85.0 | mean_length 64
09-14-21 21:46:25 - epoch 2 | global step 7100 | mode train | loss 0.3717 | accuracy 88.125 | mean_length 64
09-14-21 21:48:12 - epoch 2 | global step 7110 | mode train | loss 0.3245 | accuracy 89.0625 | mean_length 64
09-14-21 21:49:59 - epoch 2 | global step 7120 | mode train | loss 0.4323 | accuracy 83.4375 | mean_length 64
09-14-21 21:51:46 - epoch 2 | global step 7130 | mode train | loss 0.381 | accuracy 85.625 | mean_length 64
09-14-21 21:53:33 - epoch 2 | global step 7140 | mode train | loss 0.4379 | accuracy 83.4375 | mean_length 64
09-14-21 21:55:21 - epoch 2 | global step 7150 | mode train | loss 0.4037 | accuracy 86.25 | mean_length 64
09-14-21 21:57:08 - epoch 2 | global step 7160 | mode train | loss 0.3894 | accuracy 85.0 | mean_length 64
09-14-21 22:08:11 - epoch 2 | global step 7168 | mode validation | loss 0.3788 | accuracy 85.76 | mean_length 64
09-14-21 22:08:11 - Saving model to Output/accGrad4_mbart_BTen+zh_lr7.5e-6_7distractors_maxstep8192_seed43
Epoch: 2, Prediction Accuracy: 85.76, Saved to Path: Output/accGrad4_mbart_BTen+zh_lr7.5e-6_7distractors_maxstep8192_seed43
09-14-21 22:08:41 - epoch 2 | global step 7170 | mode train | loss 0.431 | accuracy 84.375 | mean_length 64
09-14-21 22:10:29 - epoch 2 | global step 7180 | mode train | loss 0.4253 | accuracy 84.6875 | mean_length 64
09-14-21 22:12:16 - epoch 2 | global step 7190 | mode train | loss 0.4036 | accuracy 85.625 | mean_length 64
09-14-21 22:14:03 - epoch 2 | global step 7200 | mode train | loss 0.3716 | accuracy 87.8125 | mean_length 64
09-14-21 22:15:50 - epoch 2 | global step 7210 | mode train | loss 0.4194 | accuracy 85.625 | mean_length 64
09-14-21 22:17:37 - epoch 2 | global step 7220 | mode train | loss 0.3944 | accuracy 86.5625 | mean_length 64
09-14-21 22:19:25 - epoch 2 | global step 7230 | mode train | loss 0.3796 | accuracy 88.125 | mean_length 64
09-14-21 22:21:12 - epoch 2 | global step 7240 | mode train | loss 0.37 | accuracy 85.625 | mean_length 64
09-14-21 22:22:59 - epoch 2 | global step 7250 | mode train | loss 0.3753 | accuracy 85.0 | mean_length 64
09-14-21 22:24:46 - epoch 2 | global step 7260 | mode train | loss 0.3418 | accuracy 87.5 | mean_length 64
09-14-21 22:26:33 - epoch 2 | global step 7270 | mode train | loss 0.3859 | accuracy 87.1875 | mean_length 64
09-14-21 22:28:20 - epoch 2 | global step 7280 | mode train | loss 0.4125 | accuracy 84.6875 | mean_length 64
09-14-21 22:30:08 - epoch 2 | global step 7290 | mode train | loss 0.4447 | accuracy 84.6875 | mean_length 64
09-14-21 22:31:55 - epoch 2 | global step 7300 | mode train | loss 0.413 | accuracy 84.0625 | mean_length 64
09-14-21 22:33:42 - epoch 2 | global step 7310 | mode train | loss 0.3898 | accuracy 84.0625 | mean_length 64
09-14-21 22:35:29 - epoch 2 | global step 7320 | mode train | loss 0.3627 | accuracy 86.875 | mean_length 64
09-14-21 22:37:16 - epoch 2 | global step 7330 | mode train | loss 0.4619 | accuracy 82.1875 | mean_length 64
09-14-21 22:39:04 - epoch 2 | global step 7340 | mode train | loss 0.4041 | accuracy 85.9375 | mean_length 64
09-14-21 22:40:50 - epoch 2 | global step 7350 | mode train | loss 0.3926 | accuracy 84.6875 | mean_length 64
09-14-21 22:42:38 - epoch 2 | global step 7360 | mode train | loss 0.4065 | accuracy 87.1875 | mean_length 64
09-14-21 22:44:25 - epoch 2 | global step 7370 | mode train | loss 0.3918 | accuracy 86.25 | mean_length 64
09-14-21 22:46:12 - epoch 2 | global step 7380 | mode train | loss 0.3338 | accuracy 89.0625 | mean_length 64
09-14-21 22:47:59 - epoch 2 | global step 7390 | mode train | loss 0.3719 | accuracy 86.875 | mean_length 64
09-14-21 22:49:46 - epoch 2 | global step 7400 | mode train | loss 0.3697 | accuracy 86.875 | mean_length 64
09-14-21 22:51:34 - epoch 2 | global step 7410 | mode train | loss 0.3846 | accuracy 86.875 | mean_length 64
09-14-21 22:53:21 - epoch 2 | global step 7420 | mode train | loss 0.4529 | accuracy 81.5625 | mean_length 64
09-14-21 22:55:08 - epoch 2 | global step 7430 | mode train | loss 0.3765 | accuracy 88.4375 | mean_length 64
09-14-21 22:56:55 - epoch 2 | global step 7440 | mode train | loss 0.3661 | accuracy 85.9375 | mean_length 64
09-14-21 22:58:43 - epoch 2 | global step 7450 | mode train | loss 0.3554 | accuracy 87.5 | mean_length 64
09-14-21 23:00:30 - epoch 2 | global step 7460 | mode train | loss 0.3992 | accuracy 86.5625 | mean_length 64
09-14-21 23:02:17 - epoch 2 | global step 7470 | mode train | loss 0.4746 | accuracy 80.3125 | mean_length 64
09-14-21 23:04:05 - epoch 2 | global step 7480 | mode train | loss 0.3665 | accuracy 86.25 | mean_length 64
09-14-21 23:05:52 - epoch 2 | global step 7490 | mode train | loss 0.4455 | accuracy 81.875 | mean_length 64
09-14-21 23:07:39 - epoch 2 | global step 7500 | mode train | loss 0.3441 | accuracy 90.0 | mean_length 64
09-14-21 23:09:27 - epoch 2 | global step 7510 | mode train | loss 0.3502 | accuracy 87.1875 | mean_length 64
09-14-21 23:11:14 - epoch 2 | global step 7520 | mode train | loss 0.3279 | accuracy 87.8125 | mean_length 64
09-14-21 23:13:01 - epoch 2 | global step 7530 | mode train | loss 0.3497 | accuracy 86.875 | mean_length 64
09-14-21 23:14:48 - epoch 2 | global step 7540 | mode train | loss 0.3022 | accuracy 90.625 | mean_length 64
09-14-21 23:16:35 - epoch 2 | global step 7550 | mode train | loss 0.3844 | accuracy 84.0625 | mean_length 64
09-14-21 23:18:23 - epoch 2 | global step 7560 | mode train | loss 0.3224 | accuracy 90.0 | mean_length 64
09-14-21 23:20:10 - epoch 2 | global step 7570 | mode train | loss 0.3168 | accuracy 88.75 | mean_length 64
09-14-21 23:21:57 - epoch 2 | global step 7580 | mode train | loss 0.3488 | accuracy 85.9375 | mean_length 64
09-14-21 23:23:44 - epoch 2 | global step 7590 | mode train | loss 0.3976 | accuracy 85.9375 | mean_length 64
09-14-21 23:25:31 - epoch 2 | global step 7600 | mode train | loss 0.3506 | accuracy 87.5 | mean_length 64
09-14-21 23:27:19 - epoch 2 | global step 7610 | mode train | loss 0.3553 | accuracy 85.9375 | mean_length 64
09-14-21 23:29:06 - epoch 2 | global step 7620 | mode train | loss 0.372 | accuracy 86.25 | mean_length 64
09-14-21 23:30:53 - epoch 2 | global step 7630 | mode train | loss 0.311 | accuracy 90.0 | mean_length 64
09-14-21 23:32:40 - epoch 2 | global step 7640 | mode train | loss 0.302 | accuracy 89.0625 | mean_length 64
09-14-21 23:34:27 - epoch 2 | global step 7650 | mode train | loss 0.3103 | accuracy 88.75 | mean_length 64
09-14-21 23:36:15 - epoch 2 | global step 7660 | mode train | loss 0.3748 | accuracy 85.9375 | mean_length 64
09-14-21 23:38:02 - epoch 2 | global step 7670 | mode train | loss 0.3572 | accuracy 85.9375 | mean_length 64
09-14-21 23:39:49 - epoch 2 | global step 7680 | mode train | loss 0.3488 | accuracy 86.25 | mean_length 64
09-14-21 23:49:26 - epoch 2 | global step 7680 | mode validation | loss 0.3626 | accuracy 86.0 | mean_length 64
09-14-21 23:49:26 - Saving model to Output/accGrad4_mbart_BTen+zh_lr7.5e-6_7distractors_maxstep8192_seed43
Epoch: 2, Prediction Accuracy: 86.0, Saved to Path: Output/accGrad4_mbart_BTen+zh_lr7.5e-6_7distractors_maxstep8192_seed43
09-14-21 23:51:22 - epoch 2 | global step 7690 | mode train | loss 0.3359 | accuracy 87.5 | mean_length 64
09-14-21 23:53:09 - epoch 2 | global step 7700 | mode train | loss 0.3291 | accuracy 86.5625 | mean_length 64
09-14-21 23:54:56 - epoch 2 | global step 7710 | mode train | loss 0.3796 | accuracy 85.3125 | mean_length 64
09-14-21 23:56:43 - epoch 2 | global step 7720 | mode train | loss 0.3517 | accuracy 89.375 | mean_length 64
09-14-21 23:58:30 - epoch 2 | global step 7730 | mode train | loss 0.3751 | accuracy 86.25 | mean_length 64
09-15-21 00:00:17 - epoch 2 | global step 7740 | mode train | loss 0.3201 | accuracy 88.75 | mean_length 64
09-15-21 00:02:04 - epoch 2 | global step 7750 | mode train | loss 0.344 | accuracy 87.1875 | mean_length 64
09-15-21 00:03:52 - epoch 2 | global step 7760 | mode train | loss 0.305 | accuracy 89.6875 | mean_length 64
09-15-21 00:05:39 - epoch 2 | global step 7770 | mode train | loss 0.3753 | accuracy 86.25 | mean_length 64
09-15-21 00:07:26 - epoch 2 | global step 7780 | mode train | loss 0.3442 | accuracy 86.875 | mean_length 64
09-15-21 00:09:14 - epoch 2 | global step 7790 | mode train | loss 0.3558 | accuracy 89.375 | mean_length 64
09-15-21 00:11:01 - epoch 2 | global step 7800 | mode train | loss 0.3162 | accuracy 86.25 | mean_length 64
09-15-21 00:12:48 - epoch 2 | global step 7810 | mode train | loss 0.3678 | accuracy 84.0625 | mean_length 64
09-15-21 00:14:35 - epoch 2 | global step 7820 | mode train | loss 0.3164 | accuracy 90.0 | mean_length 64
09-15-21 00:16:22 - epoch 2 | global step 7830 | mode train | loss 0.3771 | accuracy 85.3125 | mean_length 64
09-15-21 00:18:09 - epoch 2 | global step 7840 | mode train | loss 0.4292 | accuracy 84.6875 | mean_length 64
09-15-21 00:19:56 - epoch 2 | global step 7850 | mode train | loss 0.3831 | accuracy 86.5625 | mean_length 64
09-15-21 00:21:44 - epoch 2 | global step 7860 | mode train | loss 0.3386 | accuracy 87.5 | mean_length 64
09-15-21 00:23:31 - epoch 2 | global step 7870 | mode train | loss 0.4229 | accuracy 83.75 | mean_length 64
09-15-21 00:25:18 - epoch 2 | global step 7880 | mode train | loss 0.4003 | accuracy 84.375 | mean_length 64
09-15-21 00:27:05 - epoch 2 | global step 7890 | mode train | loss 0.3799 | accuracy 86.875 | mean_length 64
09-15-21 00:28:52 - epoch 2 | global step 7900 | mode train | loss 0.4078 | accuracy 83.4375 | mean_length 64
09-15-21 00:30:39 - epoch 2 | global step 7910 | mode train | loss 0.4383 | accuracy 80.625 | mean_length 64
09-15-21 00:32:27 - epoch 2 | global step 7920 | mode train | loss 0.3392 | accuracy 86.5625 | mean_length 64
09-15-21 00:34:14 - epoch 2 | global step 7930 | mode train | loss 0.3787 | accuracy 83.75 | mean_length 64
09-15-21 00:36:01 - epoch 2 | global step 7940 | mode train | loss 0.3723 | accuracy 86.875 | mean_length 64
09-15-21 00:37:48 - epoch 2 | global step 7950 | mode train | loss 0.3067 | accuracy 88.125 | mean_length 64
09-15-21 00:39:35 - epoch 2 | global step 7960 | mode train | loss 0.3357 | accuracy 88.4375 | mean_length 64
09-15-21 00:41:22 - epoch 2 | global step 7970 | mode train | loss 0.3376 | accuracy 87.5 | mean_length 64
09-15-21 00:43:10 - epoch 2 | global step 7980 | mode train | loss 0.3289 | accuracy 87.1875 | mean_length 64
09-15-21 00:44:57 - epoch 2 | global step 7990 | mode train | loss 0.3055 | accuracy 87.1875 | mean_length 64
09-15-21 00:46:44 - epoch 2 | global step 8000 | mode train | loss 0.3889 | accuracy 84.0625 | mean_length 64
09-15-21 00:48:31 - epoch 2 | global step 8010 | mode train | loss 0.3778 | accuracy 87.5 | mean_length 64
09-15-21 00:50:18 - epoch 2 | global step 8020 | mode train | loss 0.3316 | accuracy 87.8125 | mean_length 64
09-15-21 00:52:05 - epoch 2 | global step 8030 | mode train | loss 0.2954 | accuracy 90.9375 | mean_length 64
09-15-21 00:53:52 - epoch 2 | global step 8040 | mode train | loss 0.3621 | accuracy 85.9375 | mean_length 64
09-15-21 00:55:40 - epoch 2 | global step 8050 | mode train | loss 0.3712 | accuracy 87.5 | mean_length 64
09-15-21 00:57:27 - epoch 2 | global step 8060 | mode train | loss 0.3684 | accuracy 88.125 | mean_length 64
09-15-21 00:59:14 - epoch 2 | global step 8070 | mode train | loss 0.3744 | accuracy 87.8125 | mean_length 64
09-15-21 01:01:01 - epoch 2 | global step 8080 | mode train | loss 0.3735 | accuracy 86.25 | mean_length 64
09-15-21 01:02:48 - epoch 2 | global step 8090 | mode train | loss 0.3472 | accuracy 86.5625 | mean_length 64
09-15-21 01:04:36 - epoch 2 | global step 8100 | mode train | loss 0.3767 | accuracy 85.3125 | mean_length 64
09-15-21 01:06:23 - epoch 2 | global step 8110 | mode train | loss 0.4451 | accuracy 82.8125 | mean_length 64
09-15-21 01:08:10 - epoch 2 | global step 8120 | mode train | loss 0.4017 | accuracy 83.4375 | mean_length 64
09-15-21 01:09:57 - epoch 2 | global step 8130 | mode train | loss 0.3951 | accuracy 85.3125 | mean_length 64
09-15-21 01:11:45 - epoch 2 | global step 8140 | mode train | loss 0.4281 | accuracy 84.6875 | mean_length 64
09-15-21 01:13:32 - epoch 2 | global step 8150 | mode train | loss 0.3553 | accuracy 85.9375 | mean_length 64
09-15-21 01:15:19 - epoch 2 | global step 8160 | mode train | loss 0.3637 | accuracy 86.875 | mean_length 64
09-15-21 01:17:06 - epoch 2 | global step 8170 | mode train | loss 0.3042 | accuracy 89.6875 | mean_length 64
09-15-21 01:18:53 - epoch 2 | global step 8180 | mode train | loss 0.3397 | accuracy 89.375 | mean_length 64
09-15-21 01:20:41 - epoch 2 | global step 8190 | mode train | loss 0.312 | accuracy 88.4375 | mean_length 64
09-15-21 01:21:02 - Evaluate the following checkpoint: Output/accGrad4_mbart_BTen+zh_lr7.5e-6_7distractors_maxstep8192_seed43/model.pt
09-15-21 01:32:31 - Best model stats: 
09-15-21 01:32:31 - epoch 0 | global step 0 | mode validation | loss 0.3555 | accuracy 86.6 | mean_length 64
