==========================================
SLURM_JOB_ID = 5965031
SLURM_JOB_NODELIST = d13-05
TMPDIR = /tmp/SLURM_5965031
==========================================
/home1/zliu9986/communication-translation
09-20-21 00:22:23 - Dataset Loaded
09-20-21 00:22:23 - Configuration:
Namespace(TransferH=False, alpha=1.0, batch_size=8, beam_width=5, bidirectional=False, config='Configs/en-zh_ec_captions.yml', cpu=False, decode_how='beam', device=device(type='cuda'), do_eval=True, do_train=True, dropout=0.1, fix_bhd=False, fix_spk=False, grad_clip=1.0, gradient_accumulation_steps=4, hard=False, has_vocab_constraint=False, hidden_dim=512, image_dim=2048, lr=1e-05, max_global_step=8192, max_seq_length=64, mode='emergent_communication', model_name='Models/bt_en-zh_captions', n_gpu=1, no_share_bhd=False, no_terminal=False, no_write=False, num_distractors_train=7, num_distractors_valid=7, num_games=30, num_layers=1, output_dir='Output/accGrad4_mbart_BTen+zh-captions_lr1.0e-5_7distractors_maxstep8192_seed43', print_every=10, save_output_txt=True, save_pretrain_seperately=True, seed=43, source_lang='en_XX', source_lang_vocab_constrain_file='/projects/unmt/communication-translation/en_cc_tokenID2count_dict.cc25.json', stats_to_print=['loss', 'accuracy', 'caption generation loss', 'image selection loss', 'mean_length'], target_acc=85.0, target_lang='zh_CN', target_lang_vocab_constrain_file='/projects/unmt/communication-translation/zh-Hans_cc_tokenID2count_dict.cc25.json', temp=1.0, temperature=1.0, train_images='./Data/ec_finetuning/images_train', two_ffwd=False, unit_norm=False, valid_every=512, valid_images='./Data/ec_finetuning/images_val', vocab_size=4035)
Sharing visual system for each agent.
09-20-21 00:32:06 - epoch 0 | global step 0 | mode validation | loss 2.3707 | accuracy 12.74 | mean_length 33.7326
09-20-21 00:32:06 - Saving model to Output/accGrad4_mbart_BTen+zh-captions_lr1.0e-5_7distractors_maxstep8192_seed43
Epoch: 0, Prediction Accuracy: 12.74, Saved to Path: Output/accGrad4_mbart_BTen+zh-captions_lr1.0e-5_7distractors_maxstep8192_seed43
09-20-21 00:34:04 - epoch 0 | global step 10 | mode train | loss 2.1682 | accuracy 15.0 | mean_length 46.6938
09-20-21 00:35:51 - epoch 0 | global step 20 | mode train | loss 2.076 | accuracy 14.6875 | mean_length 58.9594
09-20-21 00:37:38 - epoch 0 | global step 30 | mode train | loss 2.1062 | accuracy 12.1875 | mean_length 61.2687
09-20-21 00:39:26 - epoch 0 | global step 40 | mode train | loss 2.0943 | accuracy 12.8125 | mean_length 60.8625
09-20-21 00:41:13 - epoch 0 | global step 50 | mode train | loss 2.0408 | accuracy 14.0625 | mean_length 56.7219
09-20-21 00:43:00 - epoch 0 | global step 60 | mode train | loss 2.0669 | accuracy 12.5 | mean_length 60.9719
09-20-21 00:44:48 - epoch 0 | global step 70 | mode train | loss 2.0725 | accuracy 13.125 | mean_length 63.2531
09-20-21 00:46:36 - epoch 0 | global step 80 | mode train | loss 2.0608 | accuracy 14.6875 | mean_length 63.6938
09-20-21 00:48:23 - epoch 0 | global step 90 | mode train | loss 2.0864 | accuracy 12.1875 | mean_length 63.5625
09-20-21 00:50:11 - epoch 0 | global step 100 | mode train | loss 2.0785 | accuracy 12.8125 | mean_length 63.4
09-20-21 00:51:59 - epoch 0 | global step 110 | mode train | loss 2.0348 | accuracy 14.0625 | mean_length 58.4656
09-20-21 00:53:46 - epoch 0 | global step 120 | mode train | loss 2.0479 | accuracy 13.125 | mean_length 54.3281
09-20-21 00:55:34 - epoch 0 | global step 130 | mode train | loss 2.0231 | accuracy 12.8125 | mean_length 51.4438
09-20-21 00:57:21 - epoch 0 | global step 140 | mode train | loss 1.9981 | accuracy 16.875 | mean_length 54.8687
09-20-21 00:59:09 - epoch 0 | global step 150 | mode train | loss 2.0189 | accuracy 14.0625 | mean_length 59.6688
09-20-21 01:00:56 - epoch 0 | global step 160 | mode train | loss 1.9632 | accuracy 20.0 | mean_length 58.9844
09-20-21 01:02:44 - epoch 0 | global step 170 | mode train | loss 2.0018 | accuracy 17.1875 | mean_length 60.6688
09-20-21 01:04:31 - epoch 0 | global step 180 | mode train | loss 2.0792 | accuracy 14.375 | mean_length 64
09-20-21 01:06:19 - epoch 0 | global step 190 | mode train | loss 2.0916 | accuracy 9.6875 | mean_length 64
09-20-21 01:08:07 - epoch 0 | global step 200 | mode train | loss 2.0849 | accuracy 12.1875 | mean_length 64
09-20-21 01:09:54 - epoch 0 | global step 210 | mode train | loss 2.0851 | accuracy 14.6875 | mean_length 64
09-20-21 01:11:42 - epoch 0 | global step 220 | mode train | loss 2.082 | accuracy 13.75 | mean_length 64
09-20-21 01:13:30 - epoch 0 | global step 230 | mode train | loss 2.0929 | accuracy 10.3125 | mean_length 64
09-20-21 01:15:17 - epoch 0 | global step 240 | mode train | loss 2.0854 | accuracy 10.625 | mean_length 64
09-20-21 01:17:05 - epoch 0 | global step 250 | mode train | loss 2.088 | accuracy 10.3125 | mean_length 64
09-20-21 01:18:52 - epoch 0 | global step 260 | mode train | loss 2.0923 | accuracy 10.625 | mean_length 64
09-20-21 01:20:40 - epoch 0 | global step 270 | mode train | loss 2.0855 | accuracy 13.75 | mean_length 64
09-20-21 01:22:27 - epoch 0 | global step 280 | mode train | loss 2.0862 | accuracy 8.75 | mean_length 64
09-20-21 01:24:15 - epoch 0 | global step 290 | mode train | loss 2.0836 | accuracy 10.625 | mean_length 64
09-20-21 01:26:02 - epoch 0 | global step 300 | mode train | loss 2.0969 | accuracy 9.6875 | mean_length 64
09-20-21 01:27:49 - epoch 0 | global step 310 | mode train | loss 2.0844 | accuracy 13.125 | mean_length 64
09-20-21 01:29:37 - epoch 0 | global step 320 | mode train | loss 2.0768 | accuracy 15.3125 | mean_length 64
09-20-21 01:31:24 - epoch 0 | global step 330 | mode train | loss 2.0827 | accuracy 12.1875 | mean_length 64
09-20-21 01:33:11 - epoch 0 | global step 340 | mode train | loss 2.0853 | accuracy 10.9375 | mean_length 64
09-20-21 01:34:58 - epoch 0 | global step 350 | mode train | loss 2.0806 | accuracy 11.875 | mean_length 64
09-20-21 01:36:46 - epoch 0 | global step 360 | mode train | loss 2.08 | accuracy 11.25 | mean_length 64
09-20-21 01:38:33 - epoch 0 | global step 370 | mode train | loss 2.0797 | accuracy 11.875 | mean_length 64
09-20-21 01:40:20 - epoch 0 | global step 380 | mode train | loss 2.0805 | accuracy 11.5625 | mean_length 64
09-20-21 01:42:07 - epoch 0 | global step 390 | mode train | loss 2.0784 | accuracy 15.9375 | mean_length 64
09-20-21 01:43:55 - epoch 0 | global step 400 | mode train | loss 2.0884 | accuracy 11.875 | mean_length 64
09-20-21 01:45:42 - epoch 0 | global step 410 | mode train | loss 2.0812 | accuracy 12.5 | mean_length 64
09-20-21 01:47:29 - epoch 0 | global step 420 | mode train | loss 2.0851 | accuracy 10.3125 | mean_length 64
09-20-21 01:49:16 - epoch 0 | global step 430 | mode train | loss 2.0746 | accuracy 15.9375 | mean_length 64
09-20-21 01:51:04 - epoch 0 | global step 440 | mode train | loss 2.0865 | accuracy 11.875 | mean_length 64
09-20-21 01:52:51 - epoch 0 | global step 450 | mode train | loss 2.0861 | accuracy 11.5625 | mean_length 64
09-20-21 01:54:38 - epoch 0 | global step 460 | mode train | loss 2.0826 | accuracy 15.0 | mean_length 64
09-20-21 01:56:25 - epoch 0 | global step 470 | mode train | loss 2.0827 | accuracy 11.25 | mean_length 64
09-20-21 01:58:13 - epoch 0 | global step 480 | mode train | loss 2.0837 | accuracy 11.875 | mean_length 64
09-20-21 02:00:00 - epoch 0 | global step 490 | mode train | loss 2.0808 | accuracy 11.5625 | mean_length 64
09-20-21 02:01:47 - epoch 0 | global step 500 | mode train | loss 2.0747 | accuracy 15.3125 | mean_length 64
09-20-21 02:03:34 - epoch 0 | global step 510 | mode train | loss 2.0804 | accuracy 12.8125 | mean_length 64
09-20-21 02:13:30 - epoch 0 | global step 512 | mode validation | loss 2.0803 | accuracy 12.54 | mean_length 64
09-20-21 02:13:30 - Saving model to Output/accGrad4_mbart_BTen+zh-captions_lr1.0e-5_7distractors_maxstep8192_seed43
Epoch: 0, Prediction Accuracy: 12.54, Saved to Path: Output/accGrad4_mbart_BTen+zh-captions_lr1.0e-5_7distractors_maxstep8192_seed43
09-20-21 02:15:06 - epoch 0 | global step 520 | mode train | loss 2.0847 | accuracy 8.75 | mean_length 64
09-20-21 02:16:53 - epoch 0 | global step 530 | mode train | loss 2.0856 | accuracy 10.0 | mean_length 64
09-20-21 02:18:40 - epoch 0 | global step 540 | mode train | loss 2.0794 | accuracy 13.4375 | mean_length 64
09-20-21 02:20:27 - epoch 0 | global step 550 | mode train | loss 2.0797 | accuracy 11.875 | mean_length 64
09-20-21 02:22:15 - epoch 0 | global step 560 | mode train | loss 2.0814 | accuracy 12.5 | mean_length 64
09-20-21 02:24:02 - epoch 0 | global step 570 | mode train | loss 2.0827 | accuracy 10.9375 | mean_length 64
09-20-21 02:25:49 - epoch 0 | global step 580 | mode train | loss 2.0834 | accuracy 12.1875 | mean_length 64
09-20-21 02:27:37 - epoch 0 | global step 590 | mode train | loss 2.0795 | accuracy 12.8125 | mean_length 64
09-20-21 02:29:24 - epoch 0 | global step 600 | mode train | loss 2.0856 | accuracy 12.8125 | mean_length 64
09-20-21 02:31:11 - epoch 0 | global step 610 | mode train | loss 2.0865 | accuracy 10.3125 | mean_length 64
09-20-21 02:32:58 - epoch 0 | global step 620 | mode train | loss 2.0796 | accuracy 10.0 | mean_length 64
09-20-21 02:34:46 - epoch 0 | global step 630 | mode train | loss 2.0753 | accuracy 12.1875 | mean_length 64
09-20-21 02:36:33 - epoch 0 | global step 640 | mode train | loss 2.0824 | accuracy 12.5 | mean_length 64
09-20-21 02:38:20 - epoch 0 | global step 650 | mode train | loss 2.0764 | accuracy 12.1875 | mean_length 64
09-20-21 02:40:07 - epoch 0 | global step 660 | mode train | loss 2.0842 | accuracy 10.9375 | mean_length 64
09-20-21 02:41:55 - epoch 0 | global step 670 | mode train | loss 2.0748 | accuracy 18.4375 | mean_length 64
09-20-21 02:43:42 - epoch 0 | global step 680 | mode train | loss 2.0724 | accuracy 14.0625 | mean_length 64
09-20-21 02:45:29 - epoch 0 | global step 690 | mode train | loss 2.0836 | accuracy 11.25 | mean_length 64
09-20-21 02:47:16 - epoch 0 | global step 700 | mode train | loss 2.0771 | accuracy 14.6875 | mean_length 64
09-20-21 02:49:04 - epoch 0 | global step 710 | mode train | loss 2.0841 | accuracy 10.3125 | mean_length 64
09-20-21 02:50:51 - epoch 0 | global step 720 | mode train | loss 2.0766 | accuracy 11.875 | mean_length 64
09-20-21 02:52:38 - epoch 0 | global step 730 | mode train | loss 2.0847 | accuracy 12.5 | mean_length 64
09-20-21 02:54:25 - epoch 0 | global step 740 | mode train | loss 2.0837 | accuracy 12.5 | mean_length 64
09-20-21 02:56:13 - epoch 0 | global step 750 | mode train | loss 2.0815 | accuracy 12.5 | mean_length 64
09-20-21 02:58:00 - epoch 0 | global step 760 | mode train | loss 2.079 | accuracy 10.0 | mean_length 64
09-20-21 02:59:47 - epoch 0 | global step 770 | mode train | loss 2.0833 | accuracy 15.9375 | mean_length 64
09-20-21 03:01:34 - epoch 0 | global step 780 | mode train | loss 2.079 | accuracy 12.8125 | mean_length 64
09-20-21 03:03:22 - epoch 0 | global step 790 | mode train | loss 2.0797 | accuracy 13.4375 | mean_length 64
09-20-21 03:05:09 - epoch 0 | global step 800 | mode train | loss 2.0812 | accuracy 12.1875 | mean_length 64
09-20-21 03:06:56 - epoch 0 | global step 810 | mode train | loss 2.0781 | accuracy 12.8125 | mean_length 64
09-20-21 03:08:44 - epoch 0 | global step 820 | mode train | loss 2.0832 | accuracy 13.125 | mean_length 64
09-20-21 03:10:31 - epoch 0 | global step 830 | mode train | loss 2.0802 | accuracy 11.875 | mean_length 64
09-20-21 03:12:18 - epoch 0 | global step 840 | mode train | loss 2.0789 | accuracy 12.1875 | mean_length 64
09-20-21 03:14:06 - epoch 0 | global step 850 | mode train | loss 2.0765 | accuracy 14.6875 | mean_length 64
09-20-21 03:15:53 - epoch 0 | global step 860 | mode train | loss 2.088 | accuracy 9.6875 | mean_length 64
09-20-21 03:17:40 - epoch 0 | global step 870 | mode train | loss 2.0763 | accuracy 13.75 | mean_length 64
09-20-21 03:19:27 - epoch 0 | global step 880 | mode train | loss 2.0802 | accuracy 10.625 | mean_length 64
09-20-21 03:21:15 - epoch 0 | global step 890 | mode train | loss 2.0818 | accuracy 11.875 | mean_length 64
09-20-21 03:23:02 - epoch 0 | global step 900 | mode train | loss 2.0769 | accuracy 15.3125 | mean_length 64
09-20-21 03:24:49 - epoch 0 | global step 910 | mode train | loss 2.0816 | accuracy 13.4375 | mean_length 64
09-20-21 03:26:36 - epoch 0 | global step 920 | mode train | loss 2.0849 | accuracy 10.625 | mean_length 64
09-20-21 03:28:24 - epoch 0 | global step 930 | mode train | loss 2.0833 | accuracy 13.75 | mean_length 64
09-20-21 03:30:11 - epoch 0 | global step 940 | mode train | loss 2.0787 | accuracy 14.6875 | mean_length 64
09-20-21 03:31:58 - epoch 0 | global step 950 | mode train | loss 2.0829 | accuracy 12.1875 | mean_length 64
09-20-21 03:33:45 - epoch 0 | global step 960 | mode train | loss 2.0773 | accuracy 12.1875 | mean_length 64
09-20-21 03:35:32 - epoch 0 | global step 970 | mode train | loss 2.0882 | accuracy 10.3125 | mean_length 64
09-20-21 03:37:20 - epoch 0 | global step 980 | mode train | loss 2.0829 | accuracy 11.875 | mean_length 64
09-20-21 03:39:07 - epoch 0 | global step 990 | mode train | loss 2.0768 | accuracy 13.75 | mean_length 64
09-20-21 03:40:54 - epoch 0 | global step 1000 | mode train | loss 2.0807 | accuracy 15.625 | mean_length 64
09-20-21 03:42:42 - epoch 0 | global step 1010 | mode train | loss 2.0807 | accuracy 14.6875 | mean_length 64
09-20-21 03:44:29 - epoch 0 | global step 1020 | mode train | loss 2.0846 | accuracy 14.375 | mean_length 64
09-20-21 03:54:44 - epoch 0 | global step 1024 | mode validation | loss 2.0801 | accuracy 12.28 | mean_length 64
09-20-21 03:54:44 - Saving model to Output/accGrad4_mbart_BTen+zh-captions_lr1.0e-5_7distractors_maxstep8192_seed43
Epoch: 0, Prediction Accuracy: 12.28, Saved to Path: Output/accGrad4_mbart_BTen+zh-captions_lr1.0e-5_7distractors_maxstep8192_seed43
09-20-21 03:55:59 - epoch 0 | global step 1030 | mode train | loss 2.08 | accuracy 11.5625 | mean_length 64
09-20-21 03:57:47 - epoch 0 | global step 1040 | mode train | loss 2.0826 | accuracy 11.5625 | mean_length 64
09-20-21 03:59:34 - epoch 0 | global step 1050 | mode train | loss 2.0788 | accuracy 13.125 | mean_length 64
09-20-21 04:01:21 - epoch 0 | global step 1060 | mode train | loss 2.0844 | accuracy 10.0 | mean_length 64
09-20-21 04:03:08 - epoch 0 | global step 1070 | mode train | loss 2.0825 | accuracy 12.8125 | mean_length 64
09-20-21 04:04:56 - epoch 0 | global step 1080 | mode train | loss 2.0841 | accuracy 11.25 | mean_length 64
09-20-21 04:06:43 - epoch 0 | global step 1090 | mode train | loss 2.0819 | accuracy 13.4375 | mean_length 64
09-20-21 04:08:30 - epoch 0 | global step 1100 | mode train | loss 2.0814 | accuracy 13.4375 | mean_length 64
09-20-21 04:10:18 - epoch 0 | global step 1110 | mode train | loss 2.0798 | accuracy 14.0625 | mean_length 64
09-20-21 04:12:05 - epoch 0 | global step 1120 | mode train | loss 2.0833 | accuracy 9.0625 | mean_length 64
09-20-21 04:13:52 - epoch 0 | global step 1130 | mode train | loss 2.0822 | accuracy 12.8125 | mean_length 64
09-20-21 04:15:39 - epoch 0 | global step 1140 | mode train | loss 2.0839 | accuracy 13.4375 | mean_length 64
09-20-21 04:17:26 - epoch 0 | global step 1150 | mode train | loss 2.0824 | accuracy 11.25 | mean_length 64
09-20-21 04:19:14 - epoch 0 | global step 1160 | mode train | loss 2.0821 | accuracy 12.1875 | mean_length 64
09-20-21 04:21:01 - epoch 0 | global step 1170 | mode train | loss 2.0768 | accuracy 14.6875 | mean_length 64
09-20-21 04:22:48 - epoch 0 | global step 1180 | mode train | loss 2.0824 | accuracy 13.4375 | mean_length 64
09-20-21 04:24:35 - epoch 0 | global step 1190 | mode train | loss 2.0837 | accuracy 12.1875 | mean_length 64
09-20-21 04:26:22 - epoch 0 | global step 1200 | mode train | loss 2.0724 | accuracy 11.875 | mean_length 63.8438
09-20-21 04:28:10 - epoch 0 | global step 1210 | mode train | loss 2.0809 | accuracy 12.1875 | mean_length 64
09-20-21 04:29:57 - epoch 0 | global step 1220 | mode train | loss 2.0834 | accuracy 10.3125 | mean_length 64
09-20-21 04:31:44 - epoch 0 | global step 1230 | mode train | loss 2.0804 | accuracy 10.9375 | mean_length 64
09-20-21 04:33:32 - epoch 0 | global step 1240 | mode train | loss 2.0726 | accuracy 10.0 | mean_length 64
09-20-21 04:35:19 - epoch 0 | global step 1250 | mode train | loss 2.0545 | accuracy 11.875 | mean_length 64
09-20-21 04:37:06 - epoch 0 | global step 1260 | mode train | loss 2.0674 | accuracy 12.1875 | mean_length 64
09-20-21 04:38:53 - epoch 0 | global step 1270 | mode train | loss 2.0659 | accuracy 15.625 | mean_length 64
09-20-21 04:40:41 - epoch 0 | global step 1280 | mode train | loss 2.0467 | accuracy 14.375 | mean_length 64
09-20-21 04:42:28 - epoch 0 | global step 1290 | mode train | loss 2.0718 | accuracy 12.1875 | mean_length 64
09-20-21 04:44:15 - epoch 0 | global step 1300 | mode train | loss 2.4571 | accuracy 14.375 | mean_length 64
09-20-21 04:46:02 - epoch 0 | global step 1310 | mode train | loss 2.4119 | accuracy 15.9375 | mean_length 64
09-20-21 04:47:50 - epoch 0 | global step 1320 | mode train | loss 2.0758 | accuracy 13.125 | mean_length 64
09-20-21 04:49:37 - epoch 0 | global step 1330 | mode train | loss 2.082 | accuracy 14.0625 | mean_length 64
09-20-21 04:51:24 - epoch 0 | global step 1340 | mode train | loss 2.0876 | accuracy 11.25 | mean_length 64
09-20-21 04:53:12 - epoch 0 | global step 1350 | mode train | loss 2.0783 | accuracy 14.6875 | mean_length 64
09-20-21 04:54:59 - epoch 0 | global step 1360 | mode train | loss 2.0868 | accuracy 10.3125 | mean_length 64
09-20-21 04:56:46 - epoch 0 | global step 1370 | mode train | loss 2.0843 | accuracy 10.3125 | mean_length 64
09-20-21 04:58:34 - epoch 0 | global step 1380 | mode train | loss 2.0806 | accuracy 13.4375 | mean_length 64
09-20-21 05:00:21 - epoch 0 | global step 1390 | mode train | loss 2.0829 | accuracy 11.25 | mean_length 64
09-20-21 05:02:08 - epoch 0 | global step 1400 | mode train | loss 2.0827 | accuracy 10.0 | mean_length 64
09-20-21 05:03:56 - epoch 0 | global step 1410 | mode train | loss 2.0832 | accuracy 13.125 | mean_length 64
09-20-21 05:05:43 - epoch 0 | global step 1420 | mode train | loss 2.0759 | accuracy 10.3125 | mean_length 64
09-20-21 05:07:30 - epoch 0 | global step 1430 | mode train | loss 2.0808 | accuracy 14.375 | mean_length 64
09-20-21 05:09:18 - epoch 0 | global step 1440 | mode train | loss 2.0816 | accuracy 11.875 | mean_length 64
09-20-21 05:11:05 - epoch 0 | global step 1450 | mode train | loss 2.0845 | accuracy 13.125 | mean_length 64
09-20-21 05:12:53 - epoch 0 | global step 1460 | mode train | loss 2.0918 | accuracy 9.0625 | mean_length 64
09-20-21 05:14:40 - epoch 0 | global step 1470 | mode train | loss 2.0773 | accuracy 13.75 | mean_length 64
09-20-21 05:16:27 - epoch 0 | global step 1480 | mode train | loss 2.0829 | accuracy 11.25 | mean_length 64
09-20-21 05:18:14 - epoch 0 | global step 1490 | mode train | loss 2.086 | accuracy 10.3125 | mean_length 64
09-20-21 05:20:02 - epoch 0 | global step 1500 | mode train | loss 2.082 | accuracy 11.875 | mean_length 64
09-20-21 05:21:49 - epoch 0 | global step 1510 | mode train | loss 2.0794 | accuracy 13.4375 | mean_length 64
09-20-21 05:23:36 - epoch 0 | global step 1520 | mode train | loss 2.0845 | accuracy 11.875 | mean_length 64
09-20-21 05:25:23 - epoch 0 | global step 1530 | mode train | loss 2.0772 | accuracy 11.5625 | mean_length 64
09-20-21 05:36:03 - epoch 0 | global step 1536 | mode validation | loss 2.0805 | accuracy 12.14 | mean_length 64
09-20-21 05:36:45 - epoch 0 | global step 1540 | mode train | loss 2.0835 | accuracy 11.25 | mean_length 64
09-20-21 05:38:33 - epoch 0 | global step 1550 | mode train | loss 2.0782 | accuracy 15.9375 | mean_length 64
09-20-21 05:40:20 - epoch 0 | global step 1560 | mode train | loss 2.0812 | accuracy 10.625 | mean_length 64
09-20-21 05:42:07 - epoch 0 | global step 1570 | mode train | loss 2.0784 | accuracy 11.5625 | mean_length 64
09-20-21 05:43:54 - epoch 0 | global step 1580 | mode train | loss 2.0797 | accuracy 11.875 | mean_length 64
09-20-21 05:45:42 - epoch 0 | global step 1590 | mode train | loss 2.0811 | accuracy 10.0 | mean_length 64
09-20-21 05:47:29 - epoch 0 | global step 1600 | mode train | loss 2.0834 | accuracy 12.1875 | mean_length 64
09-20-21 05:49:16 - epoch 0 | global step 1610 | mode train | loss 2.0794 | accuracy 15.3125 | mean_length 64
09-20-21 05:51:03 - epoch 0 | global step 1620 | mode train | loss 2.0784 | accuracy 13.75 | mean_length 64
09-20-21 05:52:51 - epoch 0 | global step 1630 | mode train | loss 2.0801 | accuracy 14.6875 | mean_length 64
09-20-21 05:54:38 - epoch 0 | global step 1640 | mode train | loss 2.0798 | accuracy 12.8125 | mean_length 64
09-20-21 05:56:25 - epoch 0 | global step 1650 | mode train | loss 2.0805 | accuracy 15.0 | mean_length 64
09-20-21 05:58:12 - epoch 0 | global step 1660 | mode train | loss 2.0763 | accuracy 13.75 | mean_length 64
09-20-21 06:00:00 - epoch 0 | global step 1670 | mode train | loss 2.0762 | accuracy 13.125 | mean_length 64
09-20-21 06:01:47 - epoch 0 | global step 1680 | mode train | loss 2.0799 | accuracy 15.0 | mean_length 64
09-20-21 06:03:34 - epoch 0 | global step 1690 | mode train | loss 2.0835 | accuracy 10.3125 | mean_length 64
09-20-21 06:05:21 - epoch 0 | global step 1700 | mode train | loss 2.0806 | accuracy 11.875 | mean_length 64
09-20-21 06:07:09 - epoch 0 | global step 1710 | mode train | loss 2.0768 | accuracy 9.375 | mean_length 64
09-20-21 06:08:56 - epoch 0 | global step 1720 | mode train | loss 2.0818 | accuracy 11.25 | mean_length 64
09-20-21 06:10:44 - epoch 0 | global step 1730 | mode train | loss 2.0832 | accuracy 12.8125 | mean_length 64
09-20-21 06:12:31 - epoch 0 | global step 1740 | mode train | loss 2.0795 | accuracy 11.25 | mean_length 64
09-20-21 06:14:18 - epoch 0 | global step 1750 | mode train | loss 2.0778 | accuracy 13.75 | mean_length 64
09-20-21 06:16:06 - epoch 0 | global step 1760 | mode train | loss 2.0778 | accuracy 13.125 | mean_length 64
09-20-21 06:17:53 - epoch 0 | global step 1770 | mode train | loss 2.0812 | accuracy 10.625 | mean_length 64
09-20-21 06:19:40 - epoch 0 | global step 1780 | mode train | loss 2.0828 | accuracy 13.4375 | mean_length 64
09-20-21 06:21:27 - epoch 0 | global step 1790 | mode train | loss 2.0836 | accuracy 8.4375 | mean_length 64
09-20-21 06:23:14 - epoch 0 | global step 1800 | mode train | loss 2.0822 | accuracy 10.0 | mean_length 64
09-20-21 06:25:02 - epoch 0 | global step 1810 | mode train | loss 2.0801 | accuracy 13.4375 | mean_length 64
09-20-21 06:26:49 - epoch 0 | global step 1820 | mode train | loss 2.0844 | accuracy 9.6875 | mean_length 64
09-20-21 06:28:36 - epoch 0 | global step 1830 | mode train | loss 2.0798 | accuracy 12.1875 | mean_length 64
09-20-21 06:30:23 - epoch 0 | global step 1840 | mode train | loss 2.0788 | accuracy 15.0 | mean_length 64
09-20-21 06:32:11 - epoch 0 | global step 1850 | mode train | loss 2.0791 | accuracy 14.6875 | mean_length 64
09-20-21 06:33:58 - epoch 0 | global step 1860 | mode train | loss 2.0871 | accuracy 11.5625 | mean_length 64
09-20-21 06:35:45 - epoch 0 | global step 1870 | mode train | loss 2.0839 | accuracy 10.9375 | mean_length 64
09-20-21 06:37:32 - epoch 0 | global step 1880 | mode train | loss 2.08 | accuracy 12.1875 | mean_length 64
09-20-21 06:39:19 - epoch 0 | global step 1890 | mode train | loss 2.0777 | accuracy 12.8125 | mean_length 64
09-20-21 06:41:07 - epoch 0 | global step 1900 | mode train | loss 2.0834 | accuracy 10.0 | mean_length 64
09-20-21 06:42:54 - epoch 0 | global step 1910 | mode train | loss 2.0775 | accuracy 15.3125 | mean_length 64
09-20-21 06:44:41 - epoch 0 | global step 1920 | mode train | loss 2.086 | accuracy 9.0625 | mean_length 64
09-20-21 06:46:28 - epoch 0 | global step 1930 | mode train | loss 2.0824 | accuracy 10.3125 | mean_length 64
09-20-21 06:48:16 - epoch 0 | global step 1940 | mode train | loss 2.0759 | accuracy 14.0625 | mean_length 64
09-20-21 06:50:03 - epoch 0 | global step 1950 | mode train | loss 2.0841 | accuracy 13.125 | mean_length 64
09-20-21 06:51:50 - epoch 0 | global step 1960 | mode train | loss 2.0806 | accuracy 11.25 | mean_length 64
09-20-21 06:53:37 - epoch 0 | global step 1970 | mode train | loss 2.0784 | accuracy 12.8125 | mean_length 64
09-20-21 06:55:25 - epoch 0 | global step 1980 | mode train | loss 2.0826 | accuracy 11.875 | mean_length 64
09-20-21 06:57:12 - epoch 0 | global step 1990 | mode train | loss 2.0761 | accuracy 15.0 | mean_length 64
09-20-21 06:58:59 - epoch 0 | global step 2000 | mode train | loss 2.0806 | accuracy 12.8125 | mean_length 64
09-20-21 07:00:46 - epoch 0 | global step 2010 | mode train | loss 2.0774 | accuracy 13.75 | mean_length 64
09-20-21 07:02:34 - epoch 0 | global step 2020 | mode train | loss 2.0826 | accuracy 13.4375 | mean_length 64
09-20-21 07:04:21 - epoch 0 | global step 2030 | mode train | loss 2.083 | accuracy 11.875 | mean_length 64
09-20-21 07:06:08 - epoch 0 | global step 2040 | mode train | loss 2.0822 | accuracy 14.0625 | mean_length 64
09-20-21 07:17:09 - epoch 0 | global step 2048 | mode validation | loss 2.0797 | accuracy 12.46 | mean_length 64
09-20-21 07:17:09 - Saving model to Output/accGrad4_mbart_BTen+zh-captions_lr1.0e-5_7distractors_maxstep8192_seed43
Epoch: 0, Prediction Accuracy: 12.46, Saved to Path: Output/accGrad4_mbart_BTen+zh-captions_lr1.0e-5_7distractors_maxstep8192_seed43
09-20-21 07:17:41 - epoch 0 | global step 2050 | mode train | loss 2.0823 | accuracy 10.0 | mean_length 64
09-20-21 07:19:28 - epoch 0 | global step 2060 | mode train | loss 2.0809 | accuracy 11.875 | mean_length 64
09-20-21 07:21:16 - epoch 0 | global step 2070 | mode train | loss 2.0795 | accuracy 14.375 | mean_length 64
09-20-21 07:23:03 - epoch 0 | global step 2080 | mode train | loss 2.0821 | accuracy 11.875 | mean_length 64
09-20-21 07:24:50 - epoch 0 | global step 2090 | mode train | loss 2.0804 | accuracy 13.125 | mean_length 64
09-20-21 07:26:38 - epoch 0 | global step 2100 | mode train | loss 2.0822 | accuracy 10.625 | mean_length 64
09-20-21 07:28:25 - epoch 0 | global step 2110 | mode train | loss 2.0777 | accuracy 13.4375 | mean_length 64
09-20-21 07:30:12 - epoch 0 | global step 2120 | mode train | loss 2.0818 | accuracy 11.25 | mean_length 64
09-20-21 07:32:00 - epoch 0 | global step 2130 | mode train | loss 2.0812 | accuracy 11.25 | mean_length 64
09-20-21 07:33:47 - epoch 0 | global step 2140 | mode train | loss 2.0798 | accuracy 12.1875 | mean_length 64
09-20-21 07:35:34 - epoch 0 | global step 2150 | mode train | loss 2.0834 | accuracy 10.625 | mean_length 64
09-20-21 07:37:21 - epoch 0 | global step 2160 | mode train | loss 2.0857 | accuracy 8.75 | mean_length 64
09-20-21 07:39:09 - epoch 0 | global step 2170 | mode train | loss 2.0796 | accuracy 14.6875 | mean_length 64
09-20-21 07:40:56 - epoch 0 | global step 2180 | mode train | loss 2.0815 | accuracy 12.1875 | mean_length 64
09-20-21 07:42:43 - epoch 0 | global step 2190 | mode train | loss 2.0812 | accuracy 14.0625 | mean_length 64
09-20-21 07:44:31 - epoch 0 | global step 2200 | mode train | loss 2.0824 | accuracy 11.875 | mean_length 64
09-20-21 07:46:18 - epoch 0 | global step 2210 | mode train | loss 2.0829 | accuracy 10.3125 | mean_length 64
09-20-21 07:48:05 - epoch 0 | global step 2220 | mode train | loss 2.0837 | accuracy 9.375 | mean_length 64
09-20-21 07:49:52 - epoch 0 | global step 2230 | mode train | loss 2.0832 | accuracy 10.3125 | mean_length 64
09-20-21 07:51:40 - epoch 0 | global step 2240 | mode train | loss 2.0806 | accuracy 11.5625 | mean_length 64
09-20-21 07:53:27 - epoch 0 | global step 2250 | mode train | loss 2.0795 | accuracy 12.1875 | mean_length 64
09-20-21 07:55:14 - epoch 0 | global step 2260 | mode train | loss 2.0831 | accuracy 10.3125 | mean_length 64
09-20-21 07:57:01 - epoch 0 | global step 2270 | mode train | loss 2.0811 | accuracy 14.0625 | mean_length 64
09-20-21 07:58:49 - epoch 0 | global step 2280 | mode train | loss 2.0795 | accuracy 9.6875 | mean_length 64
09-20-21 08:00:36 - epoch 0 | global step 2290 | mode train | loss 2.0791 | accuracy 11.5625 | mean_length 64
09-20-21 08:02:23 - epoch 0 | global step 2300 | mode train | loss 2.0798 | accuracy 11.25 | mean_length 64
09-20-21 08:04:11 - epoch 0 | global step 2310 | mode train | loss 2.0787 | accuracy 13.75 | mean_length 64
09-20-21 08:05:58 - epoch 0 | global step 2320 | mode train | loss 2.0794 | accuracy 15.9375 | mean_length 64
09-20-21 08:07:45 - epoch 0 | global step 2330 | mode train | loss 2.0816 | accuracy 10.625 | mean_length 64
09-20-21 08:09:33 - epoch 0 | global step 2340 | mode train | loss 2.0815 | accuracy 10.9375 | mean_length 64
09-20-21 08:11:20 - epoch 0 | global step 2350 | mode train | loss 2.0817 | accuracy 11.875 | mean_length 64
09-20-21 08:13:08 - epoch 0 | global step 2360 | mode train | loss 2.0811 | accuracy 12.1875 | mean_length 64
09-20-21 08:14:55 - epoch 0 | global step 2370 | mode train | loss 2.0804 | accuracy 11.5625 | mean_length 64
09-20-21 08:16:42 - epoch 0 | global step 2380 | mode train | loss 2.0805 | accuracy 10.625 | mean_length 64
09-20-21 08:18:29 - epoch 0 | global step 2390 | mode train | loss 2.0822 | accuracy 11.875 | mean_length 64
09-20-21 08:20:16 - epoch 0 | global step 2400 | mode train | loss 2.0762 | accuracy 15.3125 | mean_length 64
09-20-21 08:22:04 - epoch 0 | global step 2410 | mode train | loss 2.0784 | accuracy 11.875 | mean_length 64
09-20-21 08:23:51 - epoch 0 | global step 2420 | mode train | loss 2.0813 | accuracy 14.0625 | mean_length 64
09-20-21 08:25:38 - epoch 0 | global step 2430 | mode train | loss 2.0795 | accuracy 13.75 | mean_length 64
09-20-21 08:27:26 - epoch 0 | global step 2440 | mode train | loss 2.0769 | accuracy 14.0625 | mean_length 64
09-20-21 08:29:13 - epoch 0 | global step 2450 | mode train | loss 2.0779 | accuracy 13.125 | mean_length 64
09-20-21 08:31:00 - epoch 0 | global step 2460 | mode train | loss 2.0824 | accuracy 10.3125 | mean_length 64
09-20-21 08:32:47 - epoch 0 | global step 2470 | mode train | loss 2.0769 | accuracy 15.625 | mean_length 64
09-20-21 08:34:34 - epoch 0 | global step 2480 | mode train | loss 2.0793 | accuracy 11.875 | mean_length 64
09-20-21 08:36:22 - epoch 0 | global step 2490 | mode train | loss 2.0792 | accuracy 15.3125 | mean_length 64
09-20-21 08:38:09 - epoch 0 | global step 2500 | mode train | loss 2.0799 | accuracy 13.4375 | mean_length 64
09-20-21 08:39:56 - epoch 0 | global step 2510 | mode train | loss 2.078 | accuracy 13.4375 | mean_length 64
09-20-21 08:41:43 - epoch 0 | global step 2520 | mode train | loss 2.0808 | accuracy 14.375 | mean_length 64
09-20-21 08:43:31 - epoch 0 | global step 2530 | mode train | loss 2.0813 | accuracy 10.9375 | mean_length 64
09-20-21 08:45:18 - epoch 0 | global step 2540 | mode train | loss 2.0823 | accuracy 12.8125 | mean_length 64
09-20-21 08:47:05 - epoch 0 | global step 2550 | mode train | loss 2.0807 | accuracy 11.25 | mean_length 64
09-20-21 08:48:52 - epoch 0 | global step 2560 | mode train | loss 2.078 | accuracy 14.0625 | mean_length 64
09-20-21 08:58:26 - epoch 0 | global step 2560 | mode validation | loss 2.0798 | accuracy 12.54 | mean_length 64
09-20-21 09:00:14 - epoch 0 | global step 2570 | mode train | loss 2.0798 | accuracy 14.6875 | mean_length 64
09-20-21 09:02:01 - epoch 0 | global step 2580 | mode train | loss 2.0802 | accuracy 10.0 | mean_length 64
09-20-21 09:03:48 - epoch 0 | global step 2590 | mode train | loss 2.0802 | accuracy 14.0625 | mean_length 64
09-20-21 09:05:35 - epoch 0 | global step 2600 | mode train | loss 2.0808 | accuracy 13.75 | mean_length 64
09-20-21 09:07:23 - epoch 0 | global step 2610 | mode train | loss 2.0789 | accuracy 10.625 | mean_length 64
09-20-21 09:09:10 - epoch 0 | global step 2620 | mode train | loss 2.0812 | accuracy 10.9375 | mean_length 64
09-20-21 09:10:58 - epoch 0 | global step 2630 | mode train | loss 2.0814 | accuracy 13.125 | mean_length 64
09-20-21 09:12:45 - epoch 0 | global step 2640 | mode train | loss 2.0848 | accuracy 9.375 | mean_length 64
09-20-21 09:14:32 - epoch 0 | global step 2650 | mode train | loss 2.0824 | accuracy 10.625 | mean_length 64
09-20-21 09:16:19 - epoch 0 | global step 2660 | mode train | loss 2.0826 | accuracy 11.875 | mean_length 64
09-20-21 09:18:07 - epoch 0 | global step 2670 | mode train | loss 2.0827 | accuracy 10.625 | mean_length 64
09-20-21 09:19:54 - epoch 0 | global step 2680 | mode train | loss 2.0781 | accuracy 13.4375 | mean_length 64
09-20-21 09:21:41 - epoch 0 | global step 2690 | mode train | loss 2.08 | accuracy 14.6875 | mean_length 64
09-20-21 09:23:29 - epoch 0 | global step 2700 | mode train | loss 2.0819 | accuracy 12.1875 | mean_length 64
09-20-21 09:25:16 - epoch 0 | global step 2710 | mode train | loss 2.0806 | accuracy 12.5 | mean_length 64
09-20-21 09:27:03 - epoch 0 | global step 2720 | mode train | loss 2.08 | accuracy 12.1875 | mean_length 64
09-20-21 09:28:50 - epoch 0 | global step 2730 | mode train | loss 2.078 | accuracy 14.6875 | mean_length 64
09-20-21 09:30:38 - epoch 0 | global step 2740 | mode train | loss 2.0793 | accuracy 18.125 | mean_length 64
09-20-21 09:32:25 - epoch 0 | global step 2750 | mode train | loss 2.0799 | accuracy 10.625 | mean_length 64
09-20-21 09:34:12 - epoch 0 | global step 2760 | mode train | loss 2.0824 | accuracy 12.1875 | mean_length 64
09-20-21 09:36:00 - epoch 0 | global step 2770 | mode train | loss 2.0786 | accuracy 14.0625 | mean_length 64
09-20-21 09:37:47 - epoch 0 | global step 2780 | mode train | loss 2.0831 | accuracy 11.25 | mean_length 64
09-20-21 09:39:34 - epoch 0 | global step 2790 | mode train | loss 2.0807 | accuracy 9.6875 | mean_length 64
09-20-21 09:41:21 - epoch 0 | global step 2800 | mode train | loss 2.0815 | accuracy 10.625 | mean_length 64
09-20-21 09:43:09 - epoch 0 | global step 2810 | mode train | loss 2.0827 | accuracy 10.9375 | mean_length 64
09-20-21 09:44:56 - epoch 0 | global step 2820 | mode train | loss 2.0778 | accuracy 14.6875 | mean_length 64
09-20-21 09:46:43 - epoch 0 | global step 2830 | mode train | loss 2.0791 | accuracy 14.0625 | mean_length 64
09-20-21 09:48:30 - epoch 0 | global step 2840 | mode train | loss 2.081 | accuracy 15.9375 | mean_length 64
09-20-21 09:50:17 - epoch 0 | global step 2850 | mode train | loss 2.0839 | accuracy 9.0625 | mean_length 64
09-20-21 09:52:04 - epoch 0 | global step 2860 | mode train | loss 2.0761 | accuracy 14.0625 | mean_length 64
09-20-21 09:53:52 - epoch 0 | global step 2870 | mode train | loss 2.0829 | accuracy 11.875 | mean_length 64
09-20-21 09:55:39 - epoch 0 | global step 2880 | mode train | loss 2.0796 | accuracy 12.1875 | mean_length 64
09-20-21 09:57:26 - epoch 0 | global step 2890 | mode train | loss 2.0794 | accuracy 14.6875 | mean_length 64
09-20-21 09:59:14 - epoch 0 | global step 2900 | mode train | loss 2.0796 | accuracy 13.4375 | mean_length 64
09-20-21 10:01:01 - epoch 0 | global step 2910 | mode train | loss 2.0779 | accuracy 14.6875 | mean_length 64
09-20-21 10:02:48 - epoch 0 | global step 2920 | mode train | loss 2.0785 | accuracy 12.8125 | mean_length 64
09-20-21 10:04:35 - epoch 0 | global step 2930 | mode train | loss 2.084 | accuracy 7.8125 | mean_length 64
09-20-21 10:06:23 - epoch 0 | global step 2940 | mode train | loss 2.0772 | accuracy 14.0625 | mean_length 64
09-20-21 10:08:10 - epoch 0 | global step 2950 | mode train | loss 2.0808 | accuracy 10.0 | mean_length 64
09-20-21 10:09:57 - epoch 0 | global step 2960 | mode train | loss 2.0795 | accuracy 10.9375 | mean_length 64
09-20-21 10:11:45 - epoch 0 | global step 2970 | mode train | loss 2.0808 | accuracy 9.6875 | mean_length 64
09-20-21 10:13:32 - epoch 0 | global step 2980 | mode train | loss 2.0766 | accuracy 15.625 | mean_length 64
09-20-21 10:15:20 - epoch 0 | global step 2990 | mode train | loss 2.0774 | accuracy 14.0625 | mean_length 64
09-20-21 10:17:07 - epoch 0 | global step 3000 | mode train | loss 2.0801 | accuracy 11.875 | mean_length 64
09-20-21 10:18:54 - epoch 0 | global step 3010 | mode train | loss 2.0807 | accuracy 14.6875 | mean_length 64
09-20-21 10:20:41 - epoch 0 | global step 3020 | mode train | loss 2.0808 | accuracy 11.25 | mean_length 64
09-20-21 10:22:29 - epoch 0 | global step 3030 | mode train | loss 2.0776 | accuracy 13.4375 | mean_length 64
09-20-21 10:24:16 - epoch 0 | global step 3040 | mode train | loss 2.0827 | accuracy 9.6875 | mean_length 64
09-20-21 10:26:03 - epoch 0 | global step 3050 | mode train | loss 2.0772 | accuracy 16.25 | mean_length 64
09-20-21 10:27:51 - epoch 0 | global step 3060 | mode train | loss 2.0796 | accuracy 12.5 | mean_length 64
09-20-21 10:29:38 - epoch 0 | global step 3070 | mode train | loss 2.0782 | accuracy 14.6875 | mean_length 64
09-20-21 10:39:34 - epoch 0 | global step 3072 | mode validation | loss 2.0796 | accuracy 12.48 | mean_length 64
09-20-21 10:39:34 - Saving model to Output/accGrad4_mbart_BTen+zh-captions_lr1.0e-5_7distractors_maxstep8192_seed43
Epoch: 0, Prediction Accuracy: 12.48, Saved to Path: Output/accGrad4_mbart_BTen+zh-captions_lr1.0e-5_7distractors_maxstep8192_seed43
09-20-21 10:41:10 - epoch 0 | global step 3080 | mode train | loss 2.0796 | accuracy 13.75 | mean_length 64
09-20-21 10:42:57 - epoch 0 | global step 3090 | mode train | loss 2.077 | accuracy 15.9375 | mean_length 64
09-20-21 10:44:45 - epoch 0 | global step 3100 | mode train | loss 2.0801 | accuracy 10.0 | mean_length 64
09-20-21 10:46:32 - epoch 0 | global step 3110 | mode train | loss 2.0779 | accuracy 11.875 | mean_length 64
09-20-21 10:48:20 - epoch 0 | global step 3120 | mode train | loss 2.0789 | accuracy 13.125 | mean_length 64
09-20-21 10:50:24 - epoch 0 | global step 3130 | mode train | loss 2.0811 | accuracy 11.875 | mean_length 64
09-20-21 10:52:12 - epoch 0 | global step 3140 | mode train | loss 2.081 | accuracy 9.0625 | mean_length 64
09-20-21 10:53:59 - epoch 0 | global step 3150 | mode train | loss 2.0794 | accuracy 14.0625 | mean_length 64
09-20-21 10:55:47 - epoch 0 | global step 3160 | mode train | loss 2.0787 | accuracy 10.0 | mean_length 64
09-20-21 10:57:34 - epoch 0 | global step 3170 | mode train | loss 2.0803 | accuracy 11.25 | mean_length 64
09-20-21 10:59:22 - epoch 0 | global step 3180 | mode train | loss 2.0793 | accuracy 14.0625 | mean_length 64
09-20-21 11:01:09 - epoch 0 | global step 3190 | mode train | loss 2.0788 | accuracy 14.375 | mean_length 64
09-20-21 11:02:57 - epoch 0 | global step 3200 | mode train | loss 2.0809 | accuracy 10.9375 | mean_length 64
09-20-21 11:04:44 - epoch 0 | global step 3210 | mode train | loss 2.0791 | accuracy 13.4375 | mean_length 64
09-20-21 11:06:31 - epoch 0 | global step 3220 | mode train | loss 2.0795 | accuracy 10.3125 | mean_length 64
09-20-21 11:08:19 - epoch 1 | global step 3230 | mode train | loss 2.0793 | accuracy 11.25 | mean_length 64
09-20-21 11:10:06 - epoch 1 | global step 3240 | mode train | loss 2.0773 | accuracy 14.375 | mean_length 64
09-20-21 11:11:54 - epoch 1 | global step 3250 | mode train | loss 2.0802 | accuracy 12.8125 | mean_length 64
09-20-21 11:13:41 - epoch 1 | global step 3260 | mode train | loss 2.078 | accuracy 13.4375 | mean_length 64
09-20-21 11:15:29 - epoch 1 | global step 3270 | mode train | loss 2.0793 | accuracy 15.3125 | mean_length 64
09-20-21 11:17:16 - epoch 1 | global step 3280 | mode train | loss 2.0797 | accuracy 13.125 | mean_length 64
09-20-21 11:19:03 - epoch 1 | global step 3290 | mode train | loss 2.0807 | accuracy 12.5 | mean_length 64
09-20-21 11:20:51 - epoch 1 | global step 3300 | mode train | loss 2.0812 | accuracy 10.0 | mean_length 64
09-20-21 11:22:38 - epoch 1 | global step 3310 | mode train | loss 2.0772 | accuracy 15.625 | mean_length 64
09-20-21 11:24:25 - epoch 1 | global step 3320 | mode train | loss 2.0808 | accuracy 11.875 | mean_length 64
09-20-21 11:26:13 - epoch 1 | global step 3330 | mode train | loss 2.0795 | accuracy 16.5625 | mean_length 64
09-20-21 11:28:00 - epoch 1 | global step 3340 | mode train | loss 2.0779 | accuracy 14.0625 | mean_length 64
09-20-21 11:29:47 - epoch 1 | global step 3350 | mode train | loss 2.0794 | accuracy 13.125 | mean_length 64
09-20-21 11:31:35 - epoch 1 | global step 3360 | mode train | loss 2.0785 | accuracy 14.375 | mean_length 64
09-20-21 11:33:22 - epoch 1 | global step 3370 | mode train | loss 2.0787 | accuracy 11.875 | mean_length 64
09-20-21 11:35:09 - epoch 1 | global step 3380 | mode train | loss 2.0803 | accuracy 11.25 | mean_length 64
09-20-21 11:36:57 - epoch 1 | global step 3390 | mode train | loss 2.0831 | accuracy 10.0 | mean_length 64
09-20-21 11:38:44 - epoch 1 | global step 3400 | mode train | loss 2.0807 | accuracy 12.8125 | mean_length 64
09-20-21 11:40:31 - epoch 1 | global step 3410 | mode train | loss 2.0816 | accuracy 12.8125 | mean_length 64
09-20-21 11:42:19 - epoch 1 | global step 3420 | mode train | loss 2.081 | accuracy 12.8125 | mean_length 64
09-20-21 11:44:06 - epoch 1 | global step 3430 | mode train | loss 2.0817 | accuracy 10.3125 | mean_length 64
09-20-21 11:45:53 - epoch 1 | global step 3440 | mode train | loss 2.0783 | accuracy 14.375 | mean_length 64
09-20-21 11:47:41 - epoch 1 | global step 3450 | mode train | loss 2.0778 | accuracy 15.0 | mean_length 64
09-20-21 11:49:28 - epoch 1 | global step 3460 | mode train | loss 2.0807 | accuracy 11.875 | mean_length 64
09-20-21 11:51:15 - epoch 1 | global step 3470 | mode train | loss 2.0818 | accuracy 10.0 | mean_length 64
09-20-21 11:53:03 - epoch 1 | global step 3480 | mode train | loss 2.0798 | accuracy 12.5 | mean_length 64
09-20-21 11:54:50 - epoch 1 | global step 3490 | mode train | loss 2.0797 | accuracy 11.5625 | mean_length 64
09-20-21 11:56:37 - epoch 1 | global step 3500 | mode train | loss 2.082 | accuracy 11.5625 | mean_length 64
09-20-21 11:58:25 - epoch 1 | global step 3510 | mode train | loss 2.0818 | accuracy 10.3125 | mean_length 64
09-20-21 12:00:12 - epoch 1 | global step 3520 | mode train | loss 2.081 | accuracy 11.5625 | mean_length 64
09-20-21 12:01:59 - epoch 1 | global step 3530 | mode train | loss 2.0799 | accuracy 11.25 | mean_length 64
09-20-21 12:03:47 - epoch 1 | global step 3540 | mode train | loss 2.0781 | accuracy 11.875 | mean_length 64
09-20-21 12:05:34 - epoch 1 | global step 3550 | mode train | loss 2.0806 | accuracy 12.1875 | mean_length 64
09-20-21 12:07:21 - epoch 1 | global step 3560 | mode train | loss 2.0811 | accuracy 12.8125 | mean_length 64
09-20-21 12:09:09 - epoch 1 | global step 3570 | mode train | loss 2.0782 | accuracy 14.6875 | mean_length 64
09-20-21 12:10:56 - epoch 1 | global step 3580 | mode train | loss 2.081 | accuracy 12.1875 | mean_length 64
09-20-21 12:21:15 - epoch 1 | global step 3584 | mode validation | loss 2.0796 | accuracy 12.9 | mean_length 64
09-20-21 12:22:20 - epoch 1 | global step 3590 | mode train | loss 2.0809 | accuracy 10.3125 | mean_length 64
09-20-21 12:24:07 - epoch 1 | global step 3600 | mode train | loss 2.0781 | accuracy 14.375 | mean_length 64
09-20-21 12:25:55 - epoch 1 | global step 3610 | mode train | loss 2.0788 | accuracy 13.125 | mean_length 64
09-20-21 12:27:42 - epoch 1 | global step 3620 | mode train | loss 2.0789 | accuracy 11.5625 | mean_length 64
09-20-21 12:29:29 - epoch 1 | global step 3630 | mode train | loss 2.08 | accuracy 12.8125 | mean_length 64
09-20-21 12:31:17 - epoch 1 | global step 3640 | mode train | loss 2.0786 | accuracy 16.875 | mean_length 64
09-20-21 12:33:04 - epoch 1 | global step 3650 | mode train | loss 2.0805 | accuracy 12.1875 | mean_length 64
09-20-21 12:34:51 - epoch 1 | global step 3660 | mode train | loss 2.0813 | accuracy 10.625 | mean_length 64
09-20-21 12:36:39 - epoch 1 | global step 3670 | mode train | loss 2.0807 | accuracy 11.25 | mean_length 64
09-20-21 12:38:26 - epoch 1 | global step 3680 | mode train | loss 2.0787 | accuracy 11.5625 | mean_length 64
09-20-21 12:40:13 - epoch 1 | global step 3690 | mode train | loss 2.0762 | accuracy 16.25 | mean_length 64
09-20-21 12:42:01 - epoch 1 | global step 3700 | mode train | loss 2.0794 | accuracy 14.0625 | mean_length 64
09-20-21 12:43:48 - epoch 1 | global step 3710 | mode train | loss 2.0783 | accuracy 12.8125 | mean_length 64
09-20-21 12:45:36 - epoch 1 | global step 3720 | mode train | loss 2.0791 | accuracy 13.75 | mean_length 64
09-20-21 12:47:23 - epoch 1 | global step 3730 | mode train | loss 2.0798 | accuracy 13.4375 | mean_length 64
09-20-21 12:49:10 - epoch 1 | global step 3740 | mode train | loss 2.0814 | accuracy 10.625 | mean_length 64
09-20-21 12:50:58 - epoch 1 | global step 3750 | mode train | loss 2.0824 | accuracy 10.0 | mean_length 64
09-20-21 12:52:45 - epoch 1 | global step 3760 | mode train | loss 2.0824 | accuracy 14.0625 | mean_length 64
09-20-21 12:54:32 - epoch 1 | global step 3770 | mode train | loss 2.081 | accuracy 9.0625 | mean_length 64
09-20-21 12:56:20 - epoch 1 | global step 3780 | mode train | loss 2.0802 | accuracy 13.125 | mean_length 64
09-20-21 12:58:07 - epoch 1 | global step 3790 | mode train | loss 2.08 | accuracy 13.75 | mean_length 64
09-20-21 12:59:54 - epoch 1 | global step 3800 | mode train | loss 2.0809 | accuracy 11.25 | mean_length 64
09-20-21 13:01:42 - epoch 1 | global step 3810 | mode train | loss 2.0795 | accuracy 11.5625 | mean_length 64
09-20-21 13:03:29 - epoch 1 | global step 3820 | mode train | loss 2.0797 | accuracy 12.5 | mean_length 64
09-20-21 13:05:16 - epoch 1 | global step 3830 | mode train | loss 2.0799 | accuracy 12.5 | mean_length 64
09-20-21 13:07:04 - epoch 1 | global step 3840 | mode train | loss 2.0798 | accuracy 13.75 | mean_length 64
09-20-21 13:08:51 - epoch 1 | global step 3850 | mode train | loss 2.0797 | accuracy 15.625 | mean_length 64
09-20-21 13:10:39 - epoch 1 | global step 3860 | mode train | loss 2.0789 | accuracy 13.4375 | mean_length 64
09-20-21 13:12:26 - epoch 1 | global step 3870 | mode train | loss 2.0781 | accuracy 10.625 | mean_length 64
09-20-21 13:14:14 - epoch 1 | global step 3880 | mode train | loss 2.0801 | accuracy 12.1875 | mean_length 64
09-20-21 13:16:01 - epoch 1 | global step 3890 | mode train | loss 2.0798 | accuracy 11.25 | mean_length 64
09-20-21 13:17:48 - epoch 1 | global step 3900 | mode train | loss 2.0792 | accuracy 11.875 | mean_length 64
09-20-21 13:19:36 - epoch 1 | global step 3910 | mode train | loss 2.0803 | accuracy 10.625 | mean_length 64
09-20-21 13:21:23 - epoch 1 | global step 3920 | mode train | loss 2.077 | accuracy 17.5 | mean_length 64
09-20-21 13:23:10 - epoch 1 | global step 3930 | mode train | loss 2.079 | accuracy 12.8125 | mean_length 64
09-20-21 13:24:58 - epoch 1 | global step 3940 | mode train | loss 2.0813 | accuracy 11.25 | mean_length 64
09-20-21 13:26:45 - epoch 1 | global step 3950 | mode train | loss 2.0792 | accuracy 11.5625 | mean_length 64
09-20-21 13:28:32 - epoch 1 | global step 3960 | mode train | loss 2.0791 | accuracy 14.375 | mean_length 64
09-20-21 13:30:20 - epoch 1 | global step 3970 | mode train | loss 2.0795 | accuracy 11.5625 | mean_length 64
09-20-21 13:32:07 - epoch 1 | global step 3980 | mode train | loss 2.0797 | accuracy 13.75 | mean_length 64
09-20-21 13:33:55 - epoch 1 | global step 3990 | mode train | loss 2.0827 | accuracy 12.5 | mean_length 64
09-20-21 13:35:42 - epoch 1 | global step 4000 | mode train | loss 2.08 | accuracy 11.5625 | mean_length 64
09-20-21 13:37:29 - epoch 1 | global step 4010 | mode train | loss 2.08 | accuracy 12.8125 | mean_length 64
09-20-21 13:39:17 - epoch 1 | global step 4020 | mode train | loss 2.082 | accuracy 11.25 | mean_length 64
09-20-21 13:41:04 - epoch 1 | global step 4030 | mode train | loss 2.0793 | accuracy 15.3125 | mean_length 64
09-20-21 13:42:51 - epoch 1 | global step 4040 | mode train | loss 2.0795 | accuracy 10.625 | mean_length 64
09-20-21 13:44:39 - epoch 1 | global step 4050 | mode train | loss 2.0794 | accuracy 11.25 | mean_length 64
09-20-21 13:46:26 - epoch 1 | global step 4060 | mode train | loss 2.0812 | accuracy 10.0 | mean_length 64
09-20-21 13:48:13 - epoch 1 | global step 4070 | mode train | loss 2.0781 | accuracy 13.4375 | mean_length 64
09-20-21 13:50:01 - epoch 1 | global step 4080 | mode train | loss 2.0791 | accuracy 13.125 | mean_length 64
09-20-21 13:51:48 - epoch 1 | global step 4090 | mode train | loss 2.0802 | accuracy 11.875 | mean_length 64
09-20-21 14:02:25 - epoch 1 | global step 4096 | mode validation | loss 2.0796 | accuracy 12.4 | mean_length 64
09-20-21 14:03:08 - epoch 1 | global step 4100 | mode train | loss 2.0799 | accuracy 14.0625 | mean_length 64
09-20-21 14:04:55 - epoch 1 | global step 4110 | mode train | loss 2.0783 | accuracy 14.375 | mean_length 64
09-20-21 14:06:42 - epoch 1 | global step 4120 | mode train | loss 2.0825 | accuracy 10.9375 | mean_length 64
09-20-21 14:08:30 - epoch 1 | global step 4130 | mode train | loss 2.0788 | accuracy 13.75 | mean_length 64
09-20-21 14:10:17 - epoch 1 | global step 4140 | mode train | loss 2.0803 | accuracy 10.9375 | mean_length 64
09-20-21 14:12:04 - epoch 1 | global step 4150 | mode train | loss 2.0807 | accuracy 13.75 | mean_length 64
09-20-21 14:13:52 - epoch 1 | global step 4160 | mode train | loss 2.0793 | accuracy 14.375 | mean_length 64
09-20-21 14:15:40 - epoch 1 | global step 4170 | mode train | loss 2.079 | accuracy 10.625 | mean_length 64
09-20-21 14:17:27 - epoch 1 | global step 4180 | mode train | loss 2.0819 | accuracy 14.375 | mean_length 64
09-20-21 14:19:14 - epoch 1 | global step 4190 | mode train | loss 2.0794 | accuracy 14.375 | mean_length 64
09-20-21 14:21:02 - epoch 1 | global step 4200 | mode train | loss 2.0786 | accuracy 10.9375 | mean_length 64
09-20-21 14:22:49 - epoch 1 | global step 4210 | mode train | loss 2.0789 | accuracy 12.5 | mean_length 64
09-20-21 14:24:37 - epoch 1 | global step 4220 | mode train | loss 2.0793 | accuracy 13.125 | mean_length 64
09-20-21 14:26:24 - epoch 1 | global step 4230 | mode train | loss 2.0788 | accuracy 12.1875 | mean_length 64
09-20-21 14:28:11 - epoch 1 | global step 4240 | mode train | loss 2.0796 | accuracy 9.0625 | mean_length 64
09-20-21 14:29:59 - epoch 1 | global step 4250 | mode train | loss 2.0801 | accuracy 10.0 | mean_length 64
09-20-21 14:31:45 - epoch 1 | global step 4260 | mode train | loss 2.0798 | accuracy 11.5625 | mean_length 64
09-20-21 14:33:33 - epoch 1 | global step 4270 | mode train | loss 2.0809 | accuracy 10.625 | mean_length 64
09-20-21 14:35:20 - epoch 1 | global step 4280 | mode train | loss 2.0786 | accuracy 11.5625 | mean_length 64
09-20-21 14:37:07 - epoch 1 | global step 4290 | mode train | loss 2.0802 | accuracy 8.75 | mean_length 64
09-20-21 14:38:55 - epoch 1 | global step 4300 | mode train | loss 2.0805 | accuracy 11.5625 | mean_length 64
09-20-21 14:40:42 - epoch 1 | global step 4310 | mode train | loss 2.0793 | accuracy 10.625 | mean_length 64
09-20-21 14:42:29 - epoch 1 | global step 4320 | mode train | loss 2.0783 | accuracy 15.9375 | mean_length 64
09-20-21 14:44:17 - epoch 1 | global step 4330 | mode train | loss 2.0807 | accuracy 10.9375 | mean_length 64
09-20-21 14:46:04 - epoch 1 | global step 4340 | mode train | loss 2.079 | accuracy 11.5625 | mean_length 64
09-20-21 14:47:51 - epoch 1 | global step 4350 | mode train | loss 2.0801 | accuracy 10.9375 | mean_length 64
09-20-21 14:49:39 - epoch 1 | global step 4360 | mode train | loss 2.0809 | accuracy 11.875 | mean_length 64
09-20-21 14:51:26 - epoch 1 | global step 4370 | mode train | loss 2.0805 | accuracy 11.875 | mean_length 64
09-20-21 14:53:13 - epoch 1 | global step 4380 | mode train | loss 2.0795 | accuracy 11.5625 | mean_length 64
09-20-21 14:55:01 - epoch 1 | global step 4390 | mode train | loss 2.0799 | accuracy 11.875 | mean_length 64
09-20-21 14:56:48 - epoch 1 | global step 4400 | mode train | loss 2.0791 | accuracy 11.5625 | mean_length 64
09-20-21 14:58:35 - epoch 1 | global step 4410 | mode train | loss 2.078 | accuracy 15.9375 | mean_length 64
09-20-21 15:00:23 - epoch 1 | global step 4420 | mode train | loss 2.081 | accuracy 10.0 | mean_length 64
09-20-21 15:02:10 - epoch 1 | global step 4430 | mode train | loss 2.079 | accuracy 10.625 | mean_length 64
09-20-21 15:03:57 - epoch 1 | global step 4440 | mode train | loss 2.0774 | accuracy 13.4375 | mean_length 64
09-20-21 15:05:45 - epoch 1 | global step 4450 | mode train | loss 2.0811 | accuracy 10.9375 | mean_length 64
09-20-21 15:07:32 - epoch 1 | global step 4460 | mode train | loss 2.0794 | accuracy 14.6875 | mean_length 64
09-20-21 15:09:19 - epoch 1 | global step 4470 | mode train | loss 2.0791 | accuracy 12.5 | mean_length 64
09-20-21 15:11:07 - epoch 1 | global step 4480 | mode train | loss 2.0813 | accuracy 9.6875 | mean_length 64
09-20-21 15:12:54 - epoch 1 | global step 4490 | mode train | loss 2.0793 | accuracy 12.5 | mean_length 64
09-20-21 15:14:42 - epoch 1 | global step 4500 | mode train | loss 2.079 | accuracy 11.25 | mean_length 64
09-20-21 15:16:29 - epoch 1 | global step 4510 | mode train | loss 2.0809 | accuracy 12.5 | mean_length 64
09-20-21 15:18:16 - epoch 1 | global step 4520 | mode train | loss 2.08 | accuracy 10.0 | mean_length 64
09-20-21 15:20:04 - epoch 1 | global step 4530 | mode train | loss 2.0797 | accuracy 12.8125 | mean_length 64
09-20-21 15:21:51 - epoch 1 | global step 4540 | mode train | loss 2.0807 | accuracy 10.625 | mean_length 64
09-20-21 15:23:38 - epoch 1 | global step 4550 | mode train | loss 2.0802 | accuracy 14.0625 | mean_length 64
09-20-21 15:25:26 - epoch 1 | global step 4560 | mode train | loss 2.079 | accuracy 12.8125 | mean_length 64
09-20-21 15:27:13 - epoch 1 | global step 4570 | mode train | loss 2.08 | accuracy 14.375 | mean_length 64
09-20-21 15:29:00 - epoch 1 | global step 4580 | mode train | loss 2.0801 | accuracy 12.1875 | mean_length 64
09-20-21 15:30:47 - epoch 1 | global step 4590 | mode train | loss 2.0789 | accuracy 13.4375 | mean_length 64
09-20-21 15:32:35 - epoch 1 | global step 4600 | mode train | loss 2.0784 | accuracy 14.0625 | mean_length 64
09-20-21 15:43:36 - epoch 1 | global step 4608 | mode validation | loss 2.0794 | accuracy 12.46 | mean_length 64
09-20-21 15:43:36 - Saving model to Output/accGrad4_mbart_BTen+zh-captions_lr1.0e-5_7distractors_maxstep8192_seed43
Epoch: 1, Prediction Accuracy: 12.46, Saved to Path: Output/accGrad4_mbart_BTen+zh-captions_lr1.0e-5_7distractors_maxstep8192_seed43
09-20-21 15:44:09 - epoch 1 | global step 4610 | mode train | loss 2.0802 | accuracy 12.1875 | mean_length 64
09-20-21 15:45:56 - epoch 1 | global step 4620 | mode train | loss 2.0801 | accuracy 12.8125 | mean_length 64
09-20-21 15:47:44 - epoch 1 | global step 4630 | mode train | loss 2.0779 | accuracy 14.0625 | mean_length 64
09-20-21 15:49:31 - epoch 1 | global step 4640 | mode train | loss 2.0782 | accuracy 13.75 | mean_length 64
09-20-21 15:51:18 - epoch 1 | global step 4650 | mode train | loss 2.0818 | accuracy 13.125 | mean_length 64
09-20-21 15:53:06 - epoch 1 | global step 4660 | mode train | loss 2.0778 | accuracy 13.75 | mean_length 64
09-20-21 15:54:53 - epoch 1 | global step 4670 | mode train | loss 2.0808 | accuracy 9.6875 | mean_length 64
09-20-21 15:56:40 - epoch 1 | global step 4680 | mode train | loss 2.0792 | accuracy 11.5625 | mean_length 64
09-20-21 15:58:27 - epoch 1 | global step 4690 | mode train | loss 2.081 | accuracy 12.1875 | mean_length 64
09-20-21 16:00:15 - epoch 1 | global step 4700 | mode train | loss 2.0784 | accuracy 15.625 | mean_length 64
09-20-21 16:02:02 - epoch 1 | global step 4710 | mode train | loss 2.0807 | accuracy 9.6875 | mean_length 64
09-20-21 16:03:49 - epoch 1 | global step 4720 | mode train | loss 2.082 | accuracy 9.375 | mean_length 64
09-20-21 16:05:37 - epoch 1 | global step 4730 | mode train | loss 2.0798 | accuracy 12.5 | mean_length 64
09-20-21 16:07:24 - epoch 1 | global step 4740 | mode train | loss 2.0775 | accuracy 12.1875 | mean_length 64
09-20-21 16:09:11 - epoch 1 | global step 4750 | mode train | loss 2.079 | accuracy 13.125 | mean_length 64
09-20-21 16:10:59 - epoch 1 | global step 4760 | mode train | loss 2.0762 | accuracy 16.25 | mean_length 64
09-20-21 16:12:46 - epoch 1 | global step 4770 | mode train | loss 2.0801 | accuracy 11.875 | mean_length 64
09-20-21 16:14:34 - epoch 1 | global step 4780 | mode train | loss 2.0811 | accuracy 15.3125 | mean_length 64
09-20-21 16:16:21 - epoch 1 | global step 4790 | mode train | loss 2.0808 | accuracy 13.4375 | mean_length 64
09-20-21 16:18:08 - epoch 1 | global step 4800 | mode train | loss 2.0794 | accuracy 12.1875 | mean_length 64
09-20-21 16:19:56 - epoch 1 | global step 4810 | mode train | loss 2.0786 | accuracy 13.125 | mean_length 64
09-20-21 16:21:43 - epoch 1 | global step 4820 | mode train | loss 2.0818 | accuracy 9.0625 | mean_length 64
09-20-21 16:23:30 - epoch 1 | global step 4830 | mode train | loss 2.0788 | accuracy 13.75 | mean_length 64
09-20-21 16:25:17 - epoch 1 | global step 4840 | mode train | loss 2.0793 | accuracy 13.125 | mean_length 64
09-20-21 16:27:05 - epoch 1 | global step 4850 | mode train | loss 2.0807 | accuracy 14.0625 | mean_length 64
09-20-21 16:28:52 - epoch 1 | global step 4860 | mode train | loss 2.0807 | accuracy 14.0625 | mean_length 64
09-20-21 16:30:39 - epoch 1 | global step 4870 | mode train | loss 2.0808 | accuracy 13.4375 | mean_length 64
09-20-21 16:32:27 - epoch 1 | global step 4880 | mode train | loss 2.0808 | accuracy 11.5625 | mean_length 64
09-20-21 16:34:14 - epoch 1 | global step 4890 | mode train | loss 2.0798 | accuracy 12.5 | mean_length 64
09-20-21 16:36:01 - epoch 1 | global step 4900 | mode train | loss 2.0788 | accuracy 13.125 | mean_length 64
09-20-21 16:37:48 - epoch 1 | global step 4910 | mode train | loss 2.0803 | accuracy 15.0 | mean_length 64
09-20-21 16:39:35 - epoch 1 | global step 4920 | mode train | loss 2.0795 | accuracy 13.75 | mean_length 64
09-20-21 16:41:22 - epoch 1 | global step 4930 | mode train | loss 2.0789 | accuracy 14.0625 | mean_length 64
09-20-21 16:43:10 - epoch 1 | global step 4940 | mode train | loss 2.0812 | accuracy 11.25 | mean_length 64
09-20-21 16:44:57 - epoch 1 | global step 4950 | mode train | loss 2.0799 | accuracy 12.1875 | mean_length 64
09-20-21 16:46:44 - epoch 1 | global step 4960 | mode train | loss 2.0786 | accuracy 13.75 | mean_length 64
09-20-21 16:48:32 - epoch 1 | global step 4970 | mode train | loss 2.0797 | accuracy 11.25 | mean_length 64
09-20-21 16:50:19 - epoch 1 | global step 4980 | mode train | loss 2.0809 | accuracy 12.1875 | mean_length 64
09-20-21 16:52:06 - epoch 1 | global step 4990 | mode train | loss 2.0781 | accuracy 13.4375 | mean_length 64
09-20-21 16:53:53 - epoch 1 | global step 5000 | mode train | loss 2.0811 | accuracy 9.6875 | mean_length 64
09-20-21 16:55:41 - epoch 1 | global step 5010 | mode train | loss 2.0804 | accuracy 10.0 | mean_length 64
09-20-21 16:57:28 - epoch 1 | global step 5020 | mode train | loss 2.0817 | accuracy 11.5625 | mean_length 64
09-20-21 16:59:15 - epoch 1 | global step 5030 | mode train | loss 2.0775 | accuracy 14.0625 | mean_length 64
09-20-21 17:01:02 - epoch 1 | global step 5040 | mode train | loss 2.0811 | accuracy 8.4375 | mean_length 64
09-20-21 17:02:50 - epoch 1 | global step 5050 | mode train | loss 2.0794 | accuracy 12.1875 | mean_length 64
09-20-21 17:04:37 - epoch 1 | global step 5060 | mode train | loss 2.0805 | accuracy 13.125 | mean_length 64
09-20-21 17:06:25 - epoch 1 | global step 5070 | mode train | loss 2.079 | accuracy 11.5625 | mean_length 64
09-20-21 17:08:12 - epoch 1 | global step 5080 | mode train | loss 2.0796 | accuracy 15.0 | mean_length 64
09-20-21 17:09:59 - epoch 1 | global step 5090 | mode train | loss 2.0781 | accuracy 15.625 | mean_length 64
09-20-21 17:11:46 - epoch 1 | global step 5100 | mode train | loss 2.0786 | accuracy 14.375 | mean_length 64
09-20-21 17:13:34 - epoch 1 | global step 5110 | mode train | loss 2.0799 | accuracy 14.0625 | mean_length 64
09-20-21 17:15:22 - epoch 1 | global step 5120 | mode train | loss 2.08 | accuracy 10.9375 | mean_length 64
09-20-21 17:24:56 - epoch 1 | global step 5120 | mode validation | loss 2.0795 | accuracy 12.86 | mean_length 64
09-20-21 17:26:43 - epoch 1 | global step 5130 | mode train | loss 2.0789 | accuracy 11.5625 | mean_length 64
09-20-21 17:28:30 - epoch 1 | global step 5140 | mode train | loss 2.0779 | accuracy 14.375 | mean_length 64
09-20-21 17:30:18 - epoch 1 | global step 5150 | mode train | loss 2.0789 | accuracy 12.5 | mean_length 64
09-20-21 17:32:05 - epoch 1 | global step 5160 | mode train | loss 2.0821 | accuracy 8.4375 | mean_length 64
09-20-21 17:33:52 - epoch 1 | global step 5170 | mode train | loss 2.0785 | accuracy 16.25 | mean_length 64
09-20-21 17:35:40 - epoch 1 | global step 5180 | mode train | loss 2.08 | accuracy 13.125 | mean_length 64
09-20-21 17:37:27 - epoch 1 | global step 5190 | mode train | loss 2.0808 | accuracy 11.25 | mean_length 64
09-20-21 17:39:14 - epoch 1 | global step 5200 | mode train | loss 2.0794 | accuracy 10.9375 | mean_length 64
09-20-21 17:41:01 - epoch 1 | global step 5210 | mode train | loss 2.0795 | accuracy 10.3125 | mean_length 64
09-20-21 17:42:49 - epoch 1 | global step 5220 | mode train | loss 2.0799 | accuracy 13.75 | mean_length 64
09-20-21 17:44:36 - epoch 1 | global step 5230 | mode train | loss 2.0794 | accuracy 12.1875 | mean_length 64
09-20-21 17:46:23 - epoch 1 | global step 5240 | mode train | loss 2.0789 | accuracy 13.125 | mean_length 64
09-20-21 17:48:10 - epoch 1 | global step 5250 | mode train | loss 2.0789 | accuracy 14.375 | mean_length 64
09-20-21 17:49:58 - epoch 1 | global step 5260 | mode train | loss 2.0792 | accuracy 12.8125 | mean_length 64
09-20-21 17:51:45 - epoch 1 | global step 5270 | mode train | loss 2.0803 | accuracy 7.5 | mean_length 64
09-20-21 17:53:32 - epoch 1 | global step 5280 | mode train | loss 2.0809 | accuracy 14.0625 | mean_length 64
09-20-21 17:55:20 - epoch 1 | global step 5290 | mode train | loss 2.0803 | accuracy 14.0625 | mean_length 64
09-20-21 17:57:07 - epoch 1 | global step 5300 | mode train | loss 2.0805 | accuracy 10.9375 | mean_length 64
09-20-21 17:58:54 - epoch 1 | global step 5310 | mode train | loss 2.0783 | accuracy 12.8125 | mean_length 64
09-20-21 18:00:41 - epoch 1 | global step 5320 | mode train | loss 2.0802 | accuracy 11.25 | mean_length 64
09-20-21 18:02:29 - epoch 1 | global step 5330 | mode train | loss 2.0823 | accuracy 11.875 | mean_length 64
09-20-21 18:04:16 - epoch 1 | global step 5340 | mode train | loss 2.0786 | accuracy 12.5 | mean_length 64
09-20-21 18:06:03 - epoch 1 | global step 5350 | mode train | loss 2.0796 | accuracy 11.5625 | mean_length 64
09-20-21 18:07:51 - epoch 1 | global step 5360 | mode train | loss 2.0785 | accuracy 13.4375 | mean_length 64
09-20-21 18:09:38 - epoch 1 | global step 5370 | mode train | loss 2.08 | accuracy 10.0 | mean_length 64
09-20-21 18:11:25 - epoch 1 | global step 5380 | mode train | loss 2.0797 | accuracy 16.25 | mean_length 64
09-20-21 18:13:13 - epoch 1 | global step 5390 | mode train | loss 2.0795 | accuracy 13.75 | mean_length 64
09-20-21 18:15:00 - epoch 1 | global step 5400 | mode train | loss 2.08 | accuracy 11.5625 | mean_length 64
09-20-21 18:16:48 - epoch 1 | global step 5410 | mode train | loss 2.0791 | accuracy 13.125 | mean_length 64
09-20-21 18:18:35 - epoch 1 | global step 5420 | mode train | loss 2.0788 | accuracy 13.125 | mean_length 64
09-20-21 18:20:22 - epoch 1 | global step 5430 | mode train | loss 2.0808 | accuracy 8.75 | mean_length 64
09-20-21 18:22:10 - epoch 1 | global step 5440 | mode train | loss 2.0798 | accuracy 9.6875 | mean_length 64
09-20-21 18:23:57 - epoch 1 | global step 5450 | mode train | loss 2.0781 | accuracy 14.375 | mean_length 64
09-20-21 18:25:44 - epoch 1 | global step 5460 | mode train | loss 2.0812 | accuracy 12.5 | mean_length 64
09-20-21 18:27:31 - epoch 1 | global step 5470 | mode train | loss 2.08 | accuracy 13.4375 | mean_length 64
09-20-21 18:29:19 - epoch 1 | global step 5480 | mode train | loss 2.0812 | accuracy 10.0 | mean_length 64
09-20-21 18:31:06 - epoch 1 | global step 5490 | mode train | loss 2.079 | accuracy 14.6875 | mean_length 64
09-20-21 18:32:53 - epoch 1 | global step 5500 | mode train | loss 2.0791 | accuracy 14.6875 | mean_length 64
09-20-21 18:34:40 - epoch 1 | global step 5510 | mode train | loss 2.0813 | accuracy 11.875 | mean_length 64
09-20-21 18:36:28 - epoch 1 | global step 5520 | mode train | loss 2.0804 | accuracy 10.625 | mean_length 64
09-20-21 18:38:15 - epoch 1 | global step 5530 | mode train | loss 2.0774 | accuracy 16.25 | mean_length 64
09-20-21 18:40:02 - epoch 1 | global step 5540 | mode train | loss 2.0804 | accuracy 11.5625 | mean_length 64
09-20-21 18:41:50 - epoch 1 | global step 5550 | mode train | loss 2.0816 | accuracy 10.0 | mean_length 64
09-20-21 18:43:37 - epoch 1 | global step 5560 | mode train | loss 2.0804 | accuracy 13.4375 | mean_length 64
09-20-21 18:45:24 - epoch 1 | global step 5570 | mode train | loss 2.0791 | accuracy 11.5625 | mean_length 64
09-20-21 18:47:11 - epoch 1 | global step 5580 | mode train | loss 2.0803 | accuracy 11.25 | mean_length 64
09-20-21 18:48:59 - epoch 1 | global step 5590 | mode train | loss 2.0771 | accuracy 14.0625 | mean_length 64
09-20-21 18:50:46 - epoch 1 | global step 5600 | mode train | loss 2.0793 | accuracy 11.875 | mean_length 64
09-20-21 18:52:33 - epoch 1 | global step 5610 | mode train | loss 2.081 | accuracy 10.3125 | mean_length 64
09-20-21 18:54:21 - epoch 1 | global step 5620 | mode train | loss 2.0804 | accuracy 11.25 | mean_length 64
09-20-21 18:56:08 - epoch 1 | global step 5630 | mode train | loss 2.078 | accuracy 13.4375 | mean_length 64
09-20-21 19:06:04 - epoch 1 | global step 5632 | mode validation | loss 2.0795 | accuracy 12.68 | mean_length 64
09-20-21 19:07:30 - epoch 1 | global step 5640 | mode train | loss 2.0796 | accuracy 12.5 | mean_length 64
09-20-21 19:09:17 - epoch 1 | global step 5650 | mode train | loss 2.0799 | accuracy 11.875 | mean_length 64
09-20-21 19:11:04 - epoch 1 | global step 5660 | mode train | loss 2.0793 | accuracy 13.4375 | mean_length 64
09-20-21 19:12:51 - epoch 1 | global step 5670 | mode train | loss 2.0802 | accuracy 12.8125 | mean_length 64
09-20-21 19:14:38 - epoch 1 | global step 5680 | mode train | loss 2.0807 | accuracy 11.5625 | mean_length 64
09-20-21 19:16:26 - epoch 1 | global step 5690 | mode train | loss 2.08 | accuracy 12.5 | mean_length 64
09-20-21 19:18:14 - epoch 1 | global step 5700 | mode train | loss 2.0795 | accuracy 11.875 | mean_length 64
09-20-21 19:20:01 - epoch 1 | global step 5710 | mode train | loss 2.0788 | accuracy 13.75 | mean_length 64
09-20-21 19:21:48 - epoch 1 | global step 5720 | mode train | loss 2.0789 | accuracy 14.6875 | mean_length 64
09-20-21 19:23:36 - epoch 1 | global step 5730 | mode train | loss 2.0793 | accuracy 13.4375 | mean_length 64
09-20-21 19:25:23 - epoch 1 | global step 5740 | mode train | loss 2.0808 | accuracy 9.0625 | mean_length 64
09-20-21 19:27:10 - epoch 1 | global step 5750 | mode train | loss 2.0799 | accuracy 11.5625 | mean_length 64
09-20-21 19:28:57 - epoch 1 | global step 5760 | mode train | loss 2.0796 | accuracy 10.625 | mean_length 64
09-20-21 19:30:45 - epoch 1 | global step 5770 | mode train | loss 2.0785 | accuracy 14.375 | mean_length 64
09-20-21 19:32:32 - epoch 1 | global step 5780 | mode train | loss 2.0775 | accuracy 13.4375 | mean_length 64
09-20-21 19:34:19 - epoch 1 | global step 5790 | mode train | loss 2.08 | accuracy 10.9375 | mean_length 64
09-20-21 19:36:06 - epoch 1 | global step 5800 | mode train | loss 2.0818 | accuracy 12.8125 | mean_length 64
09-20-21 19:37:54 - epoch 1 | global step 5810 | mode train | loss 2.0804 | accuracy 13.75 | mean_length 64
09-20-21 19:39:41 - epoch 1 | global step 5820 | mode train | loss 2.0796 | accuracy 14.375 | mean_length 64
09-20-21 19:41:28 - epoch 1 | global step 5830 | mode train | loss 2.0803 | accuracy 9.0625 | mean_length 64
09-20-21 19:43:16 - epoch 1 | global step 5840 | mode train | loss 2.0788 | accuracy 13.125 | mean_length 64
09-20-21 19:45:03 - epoch 1 | global step 5850 | mode train | loss 2.0805 | accuracy 10.9375 | mean_length 64
09-20-21 19:46:50 - epoch 1 | global step 5860 | mode train | loss 2.0806 | accuracy 13.75 | mean_length 64
09-20-21 19:48:38 - epoch 1 | global step 5870 | mode train | loss 2.0787 | accuracy 13.4375 | mean_length 64
09-20-21 19:50:25 - epoch 1 | global step 5880 | mode train | loss 2.0787 | accuracy 13.75 | mean_length 64
09-20-21 19:52:12 - epoch 1 | global step 5890 | mode train | loss 2.0787 | accuracy 15.3125 | mean_length 64
09-20-21 19:53:59 - epoch 1 | global step 5900 | mode train | loss 2.0785 | accuracy 14.375 | mean_length 64
09-20-21 19:55:47 - epoch 1 | global step 5910 | mode train | loss 2.0814 | accuracy 8.4375 | mean_length 64
09-20-21 19:57:34 - epoch 1 | global step 5920 | mode train | loss 2.0808 | accuracy 12.1875 | mean_length 64
09-20-21 19:59:21 - epoch 1 | global step 5930 | mode train | loss 2.0797 | accuracy 12.1875 | mean_length 64
09-20-21 20:01:08 - epoch 1 | global step 5940 | mode train | loss 2.0811 | accuracy 11.875 | mean_length 64
09-20-21 20:02:56 - epoch 1 | global step 5950 | mode train | loss 2.0826 | accuracy 9.0625 | mean_length 64
09-20-21 20:04:43 - epoch 1 | global step 5960 | mode train | loss 2.0806 | accuracy 10.9375 | mean_length 64
09-20-21 20:06:30 - epoch 1 | global step 5970 | mode train | loss 2.0793 | accuracy 11.5625 | mean_length 64
09-20-21 20:08:18 - epoch 1 | global step 5980 | mode train | loss 2.0798 | accuracy 12.8125 | mean_length 64
09-20-21 20:10:05 - epoch 1 | global step 5990 | mode train | loss 2.0789 | accuracy 10.9375 | mean_length 64
09-20-21 20:11:52 - epoch 1 | global step 6000 | mode train | loss 2.0785 | accuracy 14.375 | mean_length 64
09-20-21 20:13:39 - epoch 1 | global step 6010 | mode train | loss 2.0792 | accuracy 12.1875 | mean_length 64
09-20-21 20:15:27 - epoch 1 | global step 6020 | mode train | loss 2.0783 | accuracy 16.25 | mean_length 64
09-20-21 20:17:14 - epoch 1 | global step 6030 | mode train | loss 2.0805 | accuracy 9.6875 | mean_length 64
09-20-21 20:19:02 - epoch 1 | global step 6040 | mode train | loss 2.0799 | accuracy 11.5625 | mean_length 64
09-20-21 20:20:49 - epoch 1 | global step 6050 | mode train | loss 2.0789 | accuracy 15.3125 | mean_length 64
09-20-21 20:22:36 - epoch 1 | global step 6060 | mode train | loss 2.0789 | accuracy 13.4375 | mean_length 64
09-20-21 20:24:23 - epoch 1 | global step 6070 | mode train | loss 2.0797 | accuracy 10.9375 | mean_length 64
09-20-21 20:26:11 - epoch 1 | global step 6080 | mode train | loss 2.0791 | accuracy 14.6875 | mean_length 64
09-20-21 20:27:58 - epoch 1 | global step 6090 | mode train | loss 2.0795 | accuracy 10.625 | mean_length 64
09-20-21 20:29:45 - epoch 1 | global step 6100 | mode train | loss 2.0791 | accuracy 12.5 | mean_length 64
09-20-21 20:31:33 - epoch 1 | global step 6110 | mode train | loss 2.0807 | accuracy 10.9375 | mean_length 64
09-20-21 20:33:20 - epoch 1 | global step 6120 | mode train | loss 2.0794 | accuracy 12.1875 | mean_length 64
09-20-21 20:35:07 - epoch 1 | global step 6130 | mode train | loss 2.0799 | accuracy 10.9375 | mean_length 64
09-20-21 20:36:54 - epoch 1 | global step 6140 | mode train | loss 2.0798 | accuracy 14.375 | mean_length 64
09-20-21 20:47:11 - epoch 1 | global step 6144 | mode validation | loss 2.0796 | accuracy 12.72 | mean_length 64
09-20-21 20:48:15 - epoch 1 | global step 6150 | mode train | loss 2.0804 | accuracy 12.5 | mean_length 64
09-20-21 20:50:02 - epoch 1 | global step 6160 | mode train | loss 2.0786 | accuracy 12.8125 | mean_length 64
09-20-21 20:51:49 - epoch 1 | global step 6170 | mode train | loss 2.08 | accuracy 9.6875 | mean_length 64
09-20-21 20:53:36 - epoch 1 | global step 6180 | mode train | loss 2.0784 | accuracy 12.5 | mean_length 64
09-20-21 20:55:24 - epoch 1 | global step 6190 | mode train | loss 2.0795 | accuracy 13.75 | mean_length 64
09-20-21 20:57:11 - epoch 1 | global step 6200 | mode train | loss 2.0793 | accuracy 14.6875 | mean_length 64
09-20-21 20:58:58 - epoch 1 | global step 6210 | mode train | loss 2.0796 | accuracy 12.8125 | mean_length 64
09-20-21 21:00:45 - epoch 1 | global step 6220 | mode train | loss 2.0802 | accuracy 13.75 | mean_length 64
09-20-21 21:02:33 - epoch 1 | global step 6230 | mode train | loss 2.0805 | accuracy 12.1875 | mean_length 64
09-20-21 21:04:20 - epoch 1 | global step 6240 | mode train | loss 2.0812 | accuracy 11.25 | mean_length 64
09-20-21 21:06:07 - epoch 1 | global step 6250 | mode train | loss 2.0795 | accuracy 13.75 | mean_length 64
09-20-21 21:07:54 - epoch 1 | global step 6260 | mode train | loss 2.0803 | accuracy 12.5 | mean_length 64
09-20-21 21:09:42 - epoch 1 | global step 6270 | mode train | loss 2.0794 | accuracy 15.3125 | mean_length 64
09-20-21 21:11:29 - epoch 1 | global step 6280 | mode train | loss 2.0799 | accuracy 13.75 | mean_length 64
09-20-21 21:13:16 - epoch 1 | global step 6290 | mode train | loss 2.0799 | accuracy 12.8125 | mean_length 64
09-20-21 21:15:03 - epoch 1 | global step 6300 | mode train | loss 2.0801 | accuracy 10.0 | mean_length 64
09-20-21 21:16:51 - epoch 1 | global step 6310 | mode train | loss 2.0796 | accuracy 12.8125 | mean_length 64
09-20-21 21:18:38 - epoch 1 | global step 6320 | mode train | loss 2.0788 | accuracy 14.0625 | mean_length 64
09-20-21 21:20:25 - epoch 1 | global step 6330 | mode train | loss 2.0794 | accuracy 11.25 | mean_length 64
09-20-21 21:22:13 - epoch 1 | global step 6340 | mode train | loss 2.0807 | accuracy 12.5 | mean_length 64
09-20-21 21:24:00 - epoch 1 | global step 6350 | mode train | loss 2.0808 | accuracy 10.3125 | mean_length 64
09-20-21 21:25:47 - epoch 1 | global step 6360 | mode train | loss 2.0791 | accuracy 11.5625 | mean_length 64
09-20-21 21:27:34 - epoch 1 | global step 6370 | mode train | loss 2.0793 | accuracy 12.1875 | mean_length 64
09-20-21 21:29:22 - epoch 1 | global step 6380 | mode train | loss 2.0792 | accuracy 15.3125 | mean_length 64
09-20-21 21:31:09 - epoch 1 | global step 6390 | mode train | loss 2.0797 | accuracy 8.4375 | mean_length 64
09-20-21 21:32:56 - epoch 1 | global step 6400 | mode train | loss 2.0795 | accuracy 12.5 | mean_length 64
09-20-21 21:34:43 - epoch 1 | global step 6410 | mode train | loss 2.0802 | accuracy 10.3125 | mean_length 64
09-20-21 21:36:31 - epoch 1 | global step 6420 | mode train | loss 2.08 | accuracy 13.75 | mean_length 64
09-20-21 21:38:18 - epoch 1 | global step 6430 | mode train | loss 2.0781 | accuracy 16.25 | mean_length 64
09-20-21 21:40:05 - epoch 1 | global step 6440 | mode train | loss 2.0806 | accuracy 12.5 | mean_length 64
09-20-21 21:41:52 - epoch 1 | global step 6450 | mode train | loss 2.0807 | accuracy 9.375 | mean_length 64
09-20-21 21:43:40 - epoch 2 | global step 6460 | mode train | loss 2.0792 | accuracy 12.8125 | mean_length 64
09-20-21 21:45:27 - epoch 2 | global step 6470 | mode train | loss 2.0794 | accuracy 14.0625 | mean_length 64
09-20-21 21:47:14 - epoch 2 | global step 6480 | mode train | loss 2.0802 | accuracy 13.4375 | mean_length 64
09-20-21 21:49:01 - epoch 2 | global step 6490 | mode train | loss 2.0792 | accuracy 12.5 | mean_length 64
09-20-21 21:50:49 - epoch 2 | global step 6500 | mode train | loss 2.0796 | accuracy 13.125 | mean_length 64
09-20-21 21:52:36 - epoch 2 | global step 6510 | mode train | loss 2.081 | accuracy 11.875 | mean_length 64
09-20-21 21:54:23 - epoch 2 | global step 6520 | mode train | loss 2.0781 | accuracy 11.875 | mean_length 64
09-20-21 21:56:10 - epoch 2 | global step 6530 | mode train | loss 2.0788 | accuracy 13.125 | mean_length 64
09-20-21 21:57:58 - epoch 2 | global step 6540 | mode train | loss 2.0793 | accuracy 12.8125 | mean_length 64
09-20-21 21:59:45 - epoch 2 | global step 6550 | mode train | loss 2.0798 | accuracy 16.25 | mean_length 64
09-20-21 22:01:32 - epoch 2 | global step 6560 | mode train | loss 2.0789 | accuracy 12.8125 | mean_length 64
09-20-21 22:03:20 - epoch 2 | global step 6570 | mode train | loss 2.0798 | accuracy 11.875 | mean_length 64
09-20-21 22:05:07 - epoch 2 | global step 6580 | mode train | loss 2.0806 | accuracy 10.9375 | mean_length 64
09-20-21 22:06:54 - epoch 2 | global step 6590 | mode train | loss 2.079 | accuracy 15.3125 | mean_length 64
09-20-21 22:08:41 - epoch 2 | global step 6600 | mode train | loss 2.0785 | accuracy 15.3125 | mean_length 64
09-20-21 22:10:29 - epoch 2 | global step 6610 | mode train | loss 2.0796 | accuracy 11.5625 | mean_length 64
09-20-21 22:12:16 - epoch 2 | global step 6620 | mode train | loss 2.0787 | accuracy 14.375 | mean_length 64
09-20-21 22:14:03 - epoch 2 | global step 6630 | mode train | loss 2.0809 | accuracy 11.25 | mean_length 64
09-20-21 22:15:50 - epoch 2 | global step 6640 | mode train | loss 2.0784 | accuracy 17.5 | mean_length 64
09-20-21 22:17:38 - epoch 2 | global step 6650 | mode train | loss 2.0796 | accuracy 12.8125 | mean_length 64
09-20-21 22:28:17 - epoch 2 | global step 6656 | mode validation | loss 2.0795 | accuracy 12.38 | mean_length 64
09-20-21 22:29:00 - epoch 2 | global step 6660 | mode train | loss 2.0801 | accuracy 12.5 | mean_length 64
09-20-21 22:30:47 - epoch 2 | global step 6670 | mode train | loss 2.0791 | accuracy 14.375 | mean_length 64
09-20-21 22:32:34 - epoch 2 | global step 6680 | mode train | loss 2.0796 | accuracy 13.4375 | mean_length 64
09-20-21 22:34:21 - epoch 2 | global step 6690 | mode train | loss 2.0797 | accuracy 11.875 | mean_length 64
09-20-21 22:36:09 - epoch 2 | global step 6700 | mode train | loss 2.082 | accuracy 9.375 | mean_length 64
09-20-21 22:37:56 - epoch 2 | global step 6710 | mode train | loss 2.0799 | accuracy 13.4375 | mean_length 64
09-20-21 22:39:43 - epoch 2 | global step 6720 | mode train | loss 2.0784 | accuracy 11.875 | mean_length 64
09-20-21 22:41:30 - epoch 2 | global step 6730 | mode train | loss 2.0796 | accuracy 10.9375 | mean_length 64
09-20-21 22:43:18 - epoch 2 | global step 6740 | mode train | loss 2.0799 | accuracy 12.5 | mean_length 64
09-20-21 22:45:05 - epoch 2 | global step 6750 | mode train | loss 2.08 | accuracy 10.9375 | mean_length 64
09-20-21 22:46:52 - epoch 2 | global step 6760 | mode train | loss 2.0805 | accuracy 11.5625 | mean_length 64
09-20-21 22:48:40 - epoch 2 | global step 6770 | mode train | loss 2.0787 | accuracy 13.4375 | mean_length 64
09-20-21 22:50:26 - epoch 2 | global step 6780 | mode train | loss 2.0773 | accuracy 14.375 | mean_length 64
09-20-21 22:52:14 - epoch 2 | global step 6790 | mode train | loss 2.0785 | accuracy 15.0 | mean_length 64
09-20-21 22:54:01 - epoch 2 | global step 6800 | mode train | loss 2.0806 | accuracy 12.5 | mean_length 64
09-20-21 22:55:48 - epoch 2 | global step 6810 | mode train | loss 2.0798 | accuracy 12.8125 | mean_length 64
09-20-21 22:57:35 - epoch 2 | global step 6820 | mode train | loss 2.0802 | accuracy 10.625 | mean_length 64
09-20-21 22:59:23 - epoch 2 | global step 6830 | mode train | loss 2.0776 | accuracy 14.0625 | mean_length 64
09-20-21 23:01:10 - epoch 2 | global step 6840 | mode train | loss 2.0811 | accuracy 9.375 | mean_length 64
09-20-21 23:02:57 - epoch 2 | global step 6850 | mode train | loss 2.078 | accuracy 14.375 | mean_length 64
09-20-21 23:04:45 - epoch 2 | global step 6860 | mode train | loss 2.08 | accuracy 11.25 | mean_length 64
09-20-21 23:06:32 - epoch 2 | global step 6870 | mode train | loss 2.0801 | accuracy 10.9375 | mean_length 64
09-20-21 23:08:19 - epoch 2 | global step 6880 | mode train | loss 2.0789 | accuracy 12.5 | mean_length 64
09-20-21 23:10:06 - epoch 2 | global step 6890 | mode train | loss 2.0787 | accuracy 12.5 | mean_length 64
09-20-21 23:11:54 - epoch 2 | global step 6900 | mode train | loss 2.0808 | accuracy 11.5625 | mean_length 64
09-20-21 23:13:41 - epoch 2 | global step 6910 | mode train | loss 2.0798 | accuracy 12.5 | mean_length 64
09-20-21 23:15:28 - epoch 2 | global step 6920 | mode train | loss 2.0776 | accuracy 17.5 | mean_length 64
09-20-21 23:17:16 - epoch 2 | global step 6930 | mode train | loss 2.0789 | accuracy 14.0625 | mean_length 64
09-20-21 23:19:03 - epoch 2 | global step 6940 | mode train | loss 2.0786 | accuracy 14.6875 | mean_length 64
09-20-21 23:20:50 - epoch 2 | global step 6950 | mode train | loss 2.08 | accuracy 12.1875 | mean_length 64
09-20-21 23:22:38 - epoch 2 | global step 6960 | mode train | loss 2.0816 | accuracy 9.375 | mean_length 64
09-20-21 23:24:25 - epoch 2 | global step 6970 | mode train | loss 2.0794 | accuracy 10.3125 | mean_length 64
09-20-21 23:26:12 - epoch 2 | global step 6980 | mode train | loss 2.0805 | accuracy 10.9375 | mean_length 64
09-20-21 23:28:00 - epoch 2 | global step 6990 | mode train | loss 2.0792 | accuracy 11.5625 | mean_length 64
09-20-21 23:29:47 - epoch 2 | global step 7000 | mode train | loss 2.0789 | accuracy 13.125 | mean_length 64
09-20-21 23:31:34 - epoch 2 | global step 7010 | mode train | loss 2.0791 | accuracy 15.0 | mean_length 64
09-20-21 23:33:21 - epoch 2 | global step 7020 | mode train | loss 2.0799 | accuracy 11.25 | mean_length 64
09-20-21 23:35:09 - epoch 2 | global step 7030 | mode train | loss 2.079 | accuracy 15.625 | mean_length 64
09-20-21 23:36:56 - epoch 2 | global step 7040 | mode train | loss 2.0818 | accuracy 10.9375 | mean_length 64
09-20-21 23:38:43 - epoch 2 | global step 7050 | mode train | loss 2.0799 | accuracy 10.3125 | mean_length 64
09-20-21 23:40:30 - epoch 2 | global step 7060 | mode train | loss 2.0806 | accuracy 11.25 | mean_length 64
09-20-21 23:42:18 - epoch 2 | global step 7070 | mode train | loss 2.0794 | accuracy 15.0 | mean_length 64
09-20-21 23:44:05 - epoch 2 | global step 7080 | mode train | loss 2.0781 | accuracy 15.0 | mean_length 64
09-20-21 23:45:52 - epoch 2 | global step 7090 | mode train | loss 2.0803 | accuracy 11.875 | mean_length 64
09-20-21 23:47:39 - epoch 2 | global step 7100 | mode train | loss 2.0792 | accuracy 11.875 | mean_length 64
09-20-21 23:49:27 - epoch 2 | global step 7110 | mode train | loss 2.0782 | accuracy 13.4375 | mean_length 64
09-20-21 23:51:14 - epoch 2 | global step 7120 | mode train | loss 2.0789 | accuracy 12.1875 | mean_length 64
09-20-21 23:53:01 - epoch 2 | global step 7130 | mode train | loss 2.0806 | accuracy 10.3125 | mean_length 64
09-20-21 23:54:48 - epoch 2 | global step 7140 | mode train | loss 2.0793 | accuracy 13.75 | mean_length 64
09-20-21 23:56:36 - epoch 2 | global step 7150 | mode train | loss 2.08 | accuracy 13.4375 | mean_length 64
09-20-21 23:58:23 - epoch 2 | global step 7160 | mode train | loss 2.0807 | accuracy 9.375 | mean_length 64
09-21-21 00:09:24 - epoch 2 | global step 7168 | mode validation | loss 2.0796 | accuracy 12.62 | mean_length 64
09-21-21 00:09:45 - epoch 2 | global step 7170 | mode train | loss 2.0801 | accuracy 10.3125 | mean_length 64
09-21-21 00:11:32 - epoch 2 | global step 7180 | mode train | loss 2.0801 | accuracy 9.6875 | mean_length 64
09-21-21 00:13:20 - epoch 2 | global step 7190 | mode train | loss 2.0783 | accuracy 15.0 | mean_length 64
09-21-21 00:15:07 - epoch 2 | global step 7200 | mode train | loss 2.0791 | accuracy 10.3125 | mean_length 64
09-21-21 00:16:54 - epoch 2 | global step 7210 | mode train | loss 2.0801 | accuracy 14.0625 | mean_length 64
09-21-21 00:18:42 - epoch 2 | global step 7220 | mode train | loss 2.0798 | accuracy 12.8125 | mean_length 64
09-21-21 00:20:30 - epoch 2 | global step 7230 | mode train | loss 2.079 | accuracy 16.875 | mean_length 64
09-21-21 00:22:17 - epoch 2 | global step 7240 | mode train | loss 2.0785 | accuracy 14.0625 | mean_length 64
09-21-21 00:24:04 - epoch 2 | global step 7250 | mode train | loss 2.0791 | accuracy 12.5 | mean_length 64
09-21-21 00:25:52 - epoch 2 | global step 7260 | mode train | loss 2.0806 | accuracy 10.625 | mean_length 64
09-21-21 00:27:39 - epoch 2 | global step 7270 | mode train | loss 2.0805 | accuracy 10.9375 | mean_length 64
09-21-21 00:29:26 - epoch 2 | global step 7280 | mode train | loss 2.0783 | accuracy 15.0 | mean_length 64
09-21-21 00:31:14 - epoch 2 | global step 7290 | mode train | loss 2.0806 | accuracy 9.6875 | mean_length 64
09-21-21 00:33:01 - epoch 2 | global step 7300 | mode train | loss 2.0798 | accuracy 14.375 | mean_length 64
09-21-21 00:34:48 - epoch 2 | global step 7310 | mode train | loss 2.08 | accuracy 14.0625 | mean_length 64
09-21-21 00:36:36 - epoch 2 | global step 7320 | mode train | loss 2.0809 | accuracy 12.8125 | mean_length 64
09-21-21 00:38:23 - epoch 2 | global step 7330 | mode train | loss 2.0808 | accuracy 10.3125 | mean_length 64
09-21-21 00:40:10 - epoch 2 | global step 7340 | mode train | loss 2.0794 | accuracy 10.9375 | mean_length 64
09-21-21 00:41:57 - epoch 2 | global step 7350 | mode train | loss 2.0794 | accuracy 12.5 | mean_length 64
09-21-21 00:43:45 - epoch 2 | global step 7360 | mode train | loss 2.0791 | accuracy 14.0625 | mean_length 64
09-21-21 00:45:32 - epoch 2 | global step 7370 | mode train | loss 2.0808 | accuracy 12.5 | mean_length 64
09-21-21 00:47:19 - epoch 2 | global step 7380 | mode train | loss 2.08 | accuracy 10.9375 | mean_length 64
09-21-21 00:49:07 - epoch 2 | global step 7390 | mode train | loss 2.08 | accuracy 9.375 | mean_length 64
09-21-21 00:50:54 - epoch 2 | global step 7400 | mode train | loss 2.0796 | accuracy 11.875 | mean_length 64
09-21-21 00:52:41 - epoch 2 | global step 7410 | mode train | loss 2.0804 | accuracy 13.125 | mean_length 64
09-21-21 00:54:29 - epoch 2 | global step 7420 | mode train | loss 2.0804 | accuracy 11.5625 | mean_length 64
09-21-21 00:56:16 - epoch 2 | global step 7430 | mode train | loss 2.0794 | accuracy 9.375 | mean_length 64
09-21-21 00:58:03 - epoch 2 | global step 7440 | mode train | loss 2.0795 | accuracy 14.375 | mean_length 64
09-21-21 00:59:51 - epoch 2 | global step 7450 | mode train | loss 2.0787 | accuracy 12.5 | mean_length 64
09-21-21 01:01:38 - epoch 2 | global step 7460 | mode train | loss 2.08 | accuracy 9.0625 | mean_length 64
09-21-21 01:03:25 - epoch 2 | global step 7470 | mode train | loss 2.0814 | accuracy 10.3125 | mean_length 64
09-21-21 01:05:13 - epoch 2 | global step 7480 | mode train | loss 2.0785 | accuracy 14.0625 | mean_length 64
09-21-21 01:07:00 - epoch 2 | global step 7490 | mode train | loss 2.0809 | accuracy 11.5625 | mean_length 64
09-21-21 01:08:47 - epoch 2 | global step 7500 | mode train | loss 2.08 | accuracy 11.875 | mean_length 64
09-21-21 01:10:34 - epoch 2 | global step 7510 | mode train | loss 2.0793 | accuracy 12.8125 | mean_length 64
09-21-21 01:12:22 - epoch 2 | global step 7520 | mode train | loss 2.08 | accuracy 15.0 | mean_length 64
09-21-21 01:14:09 - epoch 2 | global step 7530 | mode train | loss 2.0797 | accuracy 9.0625 | mean_length 64
09-21-21 01:15:56 - epoch 2 | global step 7540 | mode train | loss 2.0794 | accuracy 13.4375 | mean_length 64
09-21-21 01:17:44 - epoch 2 | global step 7550 | mode train | loss 2.0793 | accuracy 10.3125 | mean_length 64
09-21-21 01:19:32 - epoch 2 | global step 7560 | mode train | loss 2.0797 | accuracy 13.125 | mean_length 64
09-21-21 01:21:19 - epoch 2 | global step 7570 | mode train | loss 2.0796 | accuracy 12.5 | mean_length 64
09-21-21 01:23:06 - epoch 2 | global step 7580 | mode train | loss 2.0782 | accuracy 13.4375 | mean_length 64
09-21-21 01:24:54 - epoch 2 | global step 7590 | mode train | loss 2.0794 | accuracy 12.5 | mean_length 64
09-21-21 01:26:41 - epoch 2 | global step 7600 | mode train | loss 2.0788 | accuracy 13.4375 | mean_length 64
09-21-21 01:28:28 - epoch 2 | global step 7610 | mode train | loss 2.0799 | accuracy 13.4375 | mean_length 64
09-21-21 01:30:15 - epoch 2 | global step 7620 | mode train | loss 2.0801 | accuracy 12.8125 | mean_length 64
09-21-21 01:32:03 - epoch 2 | global step 7630 | mode train | loss 2.0783 | accuracy 13.75 | mean_length 64
09-21-21 01:33:50 - epoch 2 | global step 7640 | mode train | loss 2.0793 | accuracy 12.1875 | mean_length 64
09-21-21 01:35:37 - epoch 2 | global step 7650 | mode train | loss 2.0796 | accuracy 12.5 | mean_length 64
09-21-21 01:37:25 - epoch 2 | global step 7660 | mode train | loss 2.0783 | accuracy 13.4375 | mean_length 64
09-21-21 01:39:12 - epoch 2 | global step 7670 | mode train | loss 2.0787 | accuracy 14.0625 | mean_length 64
09-21-21 01:40:59 - epoch 2 | global step 7680 | mode train | loss 2.0799 | accuracy 11.5625 | mean_length 64
09-21-21 01:50:31 - epoch 2 | global step 7680 | mode validation | loss 2.0797 | accuracy 12.18 | mean_length 64
09-21-21 01:52:18 - epoch 2 | global step 7690 | mode train | loss 2.0809 | accuracy 9.375 | mean_length 64
09-21-21 01:54:05 - epoch 2 | global step 7700 | mode train | loss 2.0801 | accuracy 10.625 | mean_length 64
09-21-21 01:55:52 - epoch 2 | global step 7710 | mode train | loss 2.0812 | accuracy 11.5625 | mean_length 64
09-21-21 01:57:40 - epoch 2 | global step 7720 | mode train | loss 2.0811 | accuracy 10.3125 | mean_length 64
09-21-21 01:59:27 - epoch 2 | global step 7730 | mode train | loss 2.0812 | accuracy 10.9375 | mean_length 64
09-21-21 02:01:14 - epoch 2 | global step 7740 | mode train | loss 2.0798 | accuracy 13.75 | mean_length 64
09-21-21 02:03:01 - epoch 2 | global step 7750 | mode train | loss 2.0799 | accuracy 10.625 | mean_length 64
09-21-21 02:04:49 - epoch 2 | global step 7760 | mode train | loss 2.0791 | accuracy 11.5625 | mean_length 64
09-21-21 02:06:36 - epoch 2 | global step 7770 | mode train | loss 2.0795 | accuracy 13.75 | mean_length 64
09-21-21 02:08:23 - epoch 2 | global step 7780 | mode train | loss 2.0786 | accuracy 13.4375 | mean_length 64
09-21-21 02:10:11 - epoch 2 | global step 7790 | mode train | loss 2.0806 | accuracy 12.5 | mean_length 64
09-21-21 02:11:58 - epoch 2 | global step 7800 | mode train | loss 2.0792 | accuracy 13.4375 | mean_length 64
09-21-21 02:13:45 - epoch 2 | global step 7810 | mode train | loss 2.0803 | accuracy 10.625 | mean_length 64
09-21-21 02:15:33 - epoch 2 | global step 7820 | mode train | loss 2.0789 | accuracy 12.8125 | mean_length 64
09-21-21 02:17:20 - epoch 2 | global step 7830 | mode train | loss 2.0783 | accuracy 15.625 | mean_length 64
09-21-21 02:19:08 - epoch 2 | global step 7840 | mode train | loss 2.0796 | accuracy 14.0625 | mean_length 64
09-21-21 02:20:55 - epoch 2 | global step 7850 | mode train | loss 2.0793 | accuracy 13.125 | mean_length 64
09-21-21 02:22:43 - epoch 2 | global step 7860 | mode train | loss 2.0798 | accuracy 12.1875 | mean_length 64
09-21-21 02:24:30 - epoch 2 | global step 7870 | mode train | loss 2.0808 | accuracy 11.25 | mean_length 64
09-21-21 02:26:17 - epoch 2 | global step 7880 | mode train | loss 2.0795 | accuracy 11.875 | mean_length 64
09-21-21 02:28:05 - epoch 2 | global step 7890 | mode train | loss 2.0791 | accuracy 11.25 | mean_length 64
09-21-21 02:29:52 - epoch 2 | global step 7900 | mode train | loss 2.0793 | accuracy 12.8125 | mean_length 64
09-21-21 02:31:39 - epoch 2 | global step 7910 | mode train | loss 2.0803 | accuracy 13.125 | mean_length 64
09-21-21 02:33:27 - epoch 2 | global step 7920 | mode train | loss 2.079 | accuracy 14.375 | mean_length 64
09-21-21 02:35:14 - epoch 2 | global step 7930 | mode train | loss 2.0788 | accuracy 11.25 | mean_length 64
09-21-21 02:37:01 - epoch 2 | global step 7940 | mode train | loss 2.0792 | accuracy 14.6875 | mean_length 64
09-21-21 02:38:49 - epoch 2 | global step 7950 | mode train | loss 2.0807 | accuracy 6.875 | mean_length 64
09-21-21 02:40:36 - epoch 2 | global step 7960 | mode train | loss 2.0794 | accuracy 11.25 | mean_length 64
09-21-21 02:42:23 - epoch 2 | global step 7970 | mode train | loss 2.0798 | accuracy 10.625 | mean_length 64
09-21-21 02:44:11 - epoch 2 | global step 7980 | mode train | loss 2.0809 | accuracy 10.9375 | mean_length 64
09-21-21 02:45:58 - epoch 2 | global step 7990 | mode train | loss 2.0794 | accuracy 10.625 | mean_length 64
09-21-21 02:47:45 - epoch 2 | global step 8000 | mode train | loss 2.0802 | accuracy 11.5625 | mean_length 64
09-21-21 02:49:33 - epoch 2 | global step 8010 | mode train | loss 2.0778 | accuracy 17.1875 | mean_length 64
09-21-21 02:51:20 - epoch 2 | global step 8020 | mode train | loss 2.0775 | accuracy 15.9375 | mean_length 64
09-21-21 02:53:07 - epoch 2 | global step 8030 | mode train | loss 2.0783 | accuracy 14.6875 | mean_length 64
09-21-21 02:54:54 - epoch 2 | global step 8040 | mode train | loss 2.0793 | accuracy 11.875 | mean_length 64
09-21-21 02:56:42 - epoch 2 | global step 8050 | mode train | loss 2.0783 | accuracy 14.375 | mean_length 64
09-21-21 02:58:29 - epoch 2 | global step 8060 | mode train | loss 2.0805 | accuracy 10.625 | mean_length 64
09-21-21 03:00:16 - epoch 2 | global step 8070 | mode train | loss 2.0799 | accuracy 14.0625 | mean_length 64
09-21-21 03:02:04 - epoch 2 | global step 8080 | mode train | loss 2.0806 | accuracy 9.375 | mean_length 64
09-21-21 03:03:51 - epoch 2 | global step 8090 | mode train | loss 2.0781 | accuracy 12.8125 | mean_length 64
09-21-21 03:05:38 - epoch 2 | global step 8100 | mode train | loss 2.0788 | accuracy 14.0625 | mean_length 64
09-21-21 03:07:26 - epoch 2 | global step 8110 | mode train | loss 2.0783 | accuracy 13.4375 | mean_length 64
09-21-21 03:09:13 - epoch 2 | global step 8120 | mode train | loss 2.0786 | accuracy 12.1875 | mean_length 64
09-21-21 03:11:00 - epoch 2 | global step 8130 | mode train | loss 2.0804 | accuracy 11.5625 | mean_length 64
09-21-21 03:12:48 - epoch 2 | global step 8140 | mode train | loss 2.0792 | accuracy 12.5 | mean_length 64
09-21-21 03:14:35 - epoch 2 | global step 8150 | mode train | loss 2.0797 | accuracy 13.125 | mean_length 64
09-21-21 03:16:22 - epoch 2 | global step 8160 | mode train | loss 2.0798 | accuracy 11.5625 | mean_length 64
09-21-21 03:18:10 - epoch 2 | global step 8170 | mode train | loss 2.0779 | accuracy 15.3125 | mean_length 64
09-21-21 03:19:57 - epoch 2 | global step 8180 | mode train | loss 2.0797 | accuracy 12.8125 | mean_length 64
09-21-21 03:21:45 - epoch 2 | global step 8190 | mode train | loss 2.0782 | accuracy 15.625 | mean_length 64
09-21-21 03:22:06 - Evaluate the following checkpoint: Output/accGrad4_mbart_BTen+zh-captions_lr1.0e-5_7distractors_maxstep8192_seed43/model.pt
09-21-21 03:33:44 - Best model stats: 
09-21-21 03:33:44 - epoch 0 | global step 0 | mode validation | loss 2.0794 | accuracy 12.36 | mean_length 64
