==========================================
SLURM_JOB_ID = 5878831
SLURM_JOB_NODELIST = d14-17
TMPDIR = /tmp/SLURM_5878831
==========================================
/home1/zliu9986/communication-translation
09-13-21 22:09:40 - Dataset Loaded
09-13-21 22:09:40 - Configuration:
Namespace(TransferH=False, alpha=1.0, batch_size=8, beam_width=5, bidirectional=False, config='Configs/mbart_ec_en+zh.yml', cpu=False, decode_how='beam', device=device(type='cuda'), do_eval=True, do_train=True, dropout=0.1, fix_bhd=False, fix_spk=False, grad_clip=1.0, gradient_accumulation_steps=4, hard=False, has_vocab_constraint=False, hidden_dim=512, image_dim=2048, lr=8e-06, max_global_step=8192, max_seq_length=64, mode='emergent_communication', model_name='Models/mbart_bt_en+zh_lr25e-6', n_gpu=1, no_share_bhd=False, no_terminal=False, no_write=False, num_distractors_train=7, num_distractors_valid=7, num_games=30, num_layers=1, output_dir='Output/accGrad4_mbart_BTen+zh_lr8.0e-6_7distractors_maxstep8192_seed43', print_every=10, save_output_txt=True, save_pretrain_seperately=True, seed=43, source_lang='en_XX', source_lang_vocab_constrain_file='/projects/unmt/communication-translation/en_cc_tokenID2count_dict.cc25.json', stats_to_print=['loss', 'accuracy', 'caption generation loss', 'image selection loss', 'mean_length'], target_acc=85.0, target_lang='zh_CN', target_lang_vocab_constrain_file='/projects/unmt/communication-translation/zh-Hans_cc_tokenID2count_dict.cc25.json', temp=1.0, temperature=1.0, train_images='./Data/ec_finetuning/images_train', two_ffwd=False, unit_norm=False, valid_every=512, valid_images='./Data/ec_finetuning/images_val', vocab_size=4035)
Sharing visual system for each agent.
09-13-21 22:20:52 - epoch 0 | global step 0 | mode validation | loss 2.5007 | accuracy 12.38 | mean_length 53.3506
09-13-21 22:20:52 - Saving model to Output/accGrad4_mbart_BTen+zh_lr8.0e-6_7distractors_maxstep8192_seed43
Epoch: 0, Prediction Accuracy: 12.38, Saved to Path: Output/accGrad4_mbart_BTen+zh_lr8.0e-6_7distractors_maxstep8192_seed43
09-13-21 22:22:57 - epoch 0 | global step 10 | mode train | loss 2.2346 | accuracy 15.625 | mean_length 53.25
09-13-21 22:24:52 - epoch 0 | global step 20 | mode train | loss 2.087 | accuracy 15.0 | mean_length 60.5844
09-13-21 22:26:48 - epoch 0 | global step 30 | mode train | loss 2.1037 | accuracy 11.25 | mean_length 60.1437
09-13-21 22:28:43 - epoch 0 | global step 40 | mode train | loss 2.1113 | accuracy 11.875 | mean_length 63.975
09-13-21 22:30:38 - epoch 0 | global step 50 | mode train | loss 2.0849 | accuracy 13.125 | mean_length 63.95
09-13-21 22:32:31 - epoch 0 | global step 60 | mode train | loss 2.0728 | accuracy 11.25 | mean_length 63.9125
09-13-21 22:34:25 - epoch 0 | global step 70 | mode train | loss 2.0613 | accuracy 13.4375 | mean_length 64
09-13-21 22:36:18 - epoch 0 | global step 80 | mode train | loss 2.0484 | accuracy 13.125 | mean_length 64
09-13-21 22:38:11 - epoch 0 | global step 90 | mode train | loss 2.0737 | accuracy 11.25 | mean_length 64
09-13-21 22:40:04 - epoch 0 | global step 100 | mode train | loss 2.0703 | accuracy 12.1875 | mean_length 64
09-13-21 22:41:57 - epoch 0 | global step 110 | mode train | loss 2.053 | accuracy 13.75 | mean_length 64
09-13-21 22:43:51 - epoch 0 | global step 120 | mode train | loss 2.03 | accuracy 11.875 | mean_length 64
09-13-21 22:45:44 - epoch 0 | global step 130 | mode train | loss 2.0247 | accuracy 12.8125 | mean_length 64
09-13-21 22:47:37 - epoch 0 | global step 140 | mode train | loss 2.0149 | accuracy 12.8125 | mean_length 63.9969
09-13-21 22:49:30 - epoch 0 | global step 150 | mode train | loss 2.0541 | accuracy 11.25 | mean_length 64
09-13-21 22:51:23 - epoch 0 | global step 160 | mode train | loss 1.9819 | accuracy 15.3125 | mean_length 64
09-13-21 22:53:16 - epoch 0 | global step 170 | mode train | loss 1.9554 | accuracy 12.8125 | mean_length 63.8844
09-13-21 22:55:08 - epoch 0 | global step 180 | mode train | loss 1.9103 | accuracy 16.5625 | mean_length 64
09-13-21 22:57:01 - epoch 0 | global step 190 | mode train | loss 1.9697 | accuracy 12.8125 | mean_length 63.8438
09-13-21 22:58:53 - epoch 0 | global step 200 | mode train | loss 2.0175 | accuracy 13.125 | mean_length 64
09-13-21 23:00:46 - epoch 0 | global step 210 | mode train | loss 2.0699 | accuracy 12.1875 | mean_length 64
09-13-21 23:02:38 - epoch 0 | global step 220 | mode train | loss 2.082 | accuracy 9.6875 | mean_length 64
09-13-21 23:04:31 - epoch 0 | global step 230 | mode train | loss 2.0886 | accuracy 10.3125 | mean_length 64
09-13-21 23:06:24 - epoch 0 | global step 240 | mode train | loss 2.0831 | accuracy 15.625 | mean_length 64
09-13-21 23:08:17 - epoch 0 | global step 250 | mode train | loss 2.0846 | accuracy 10.9375 | mean_length 64
09-13-21 23:10:11 - epoch 0 | global step 260 | mode train | loss 2.0849 | accuracy 13.75 | mean_length 64
09-13-21 23:12:05 - epoch 0 | global step 270 | mode train | loss 2.0853 | accuracy 13.4375 | mean_length 64
09-13-21 23:14:00 - epoch 0 | global step 280 | mode train | loss 2.0846 | accuracy 10.625 | mean_length 64
09-13-21 23:15:54 - epoch 0 | global step 290 | mode train | loss 2.0796 | accuracy 12.8125 | mean_length 64
09-13-21 23:17:48 - epoch 0 | global step 300 | mode train | loss 2.0962 | accuracy 7.5 | mean_length 64
09-13-21 23:19:41 - epoch 0 | global step 310 | mode train | loss 2.0849 | accuracy 12.8125 | mean_length 64
09-13-21 23:21:35 - epoch 0 | global step 320 | mode train | loss 2.0737 | accuracy 17.1875 | mean_length 64
09-13-21 23:23:28 - epoch 0 | global step 330 | mode train | loss 2.0824 | accuracy 12.8125 | mean_length 64
09-13-21 23:25:22 - epoch 0 | global step 340 | mode train | loss 2.0779 | accuracy 10.625 | mean_length 64
09-13-21 23:27:15 - epoch 0 | global step 350 | mode train | loss 2.0815 | accuracy 12.1875 | mean_length 64
09-13-21 23:29:08 - epoch 0 | global step 360 | mode train | loss 2.0798 | accuracy 11.25 | mean_length 64
09-13-21 23:31:01 - epoch 0 | global step 370 | mode train | loss 2.0809 | accuracy 12.1875 | mean_length 64
09-13-21 23:32:54 - epoch 0 | global step 380 | mode train | loss 2.0794 | accuracy 13.75 | mean_length 64
09-13-21 23:34:46 - epoch 0 | global step 390 | mode train | loss 2.0789 | accuracy 12.8125 | mean_length 64
09-13-21 23:36:39 - epoch 0 | global step 400 | mode train | loss 2.0906 | accuracy 10.3125 | mean_length 64
09-13-21 23:38:31 - epoch 0 | global step 410 | mode train | loss 2.079 | accuracy 15.625 | mean_length 64
09-13-21 23:40:23 - epoch 0 | global step 420 | mode train | loss 2.085 | accuracy 10.3125 | mean_length 64
09-13-21 23:42:15 - epoch 0 | global step 430 | mode train | loss 2.0759 | accuracy 18.75 | mean_length 64
09-13-21 23:44:08 - epoch 0 | global step 440 | mode train | loss 2.0838 | accuracy 11.5625 | mean_length 64
09-13-21 23:45:57 - epoch 0 | global step 450 | mode train | loss 2.0831 | accuracy 11.875 | mean_length 64
09-13-21 23:47:44 - epoch 0 | global step 460 | mode train | loss 2.0815 | accuracy 12.5 | mean_length 64
09-13-21 23:49:31 - epoch 0 | global step 470 | mode train | loss 2.0832 | accuracy 13.125 | mean_length 64
09-13-21 23:51:17 - epoch 0 | global step 480 | mode train | loss 2.0829 | accuracy 10.625 | mean_length 64
09-13-21 23:53:04 - epoch 0 | global step 490 | mode train | loss 2.0762 | accuracy 11.25 | mean_length 64
09-13-21 23:54:51 - epoch 0 | global step 500 | mode train | loss 2.075 | accuracy 11.5625 | mean_length 64
09-13-21 23:56:38 - epoch 0 | global step 510 | mode train | loss 2.0835 | accuracy 12.1875 | mean_length 64
09-14-21 00:06:29 - epoch 0 | global step 512 | mode validation | loss 2.0803 | accuracy 12.22 | mean_length 64
09-14-21 00:06:29 - Saving model to Output/accGrad4_mbart_BTen+zh_lr8.0e-6_7distractors_maxstep8192_seed43
Epoch: 0, Prediction Accuracy: 12.22, Saved to Path: Output/accGrad4_mbart_BTen+zh_lr8.0e-6_7distractors_maxstep8192_seed43
09-14-21 00:08:04 - epoch 0 | global step 520 | mode train | loss 2.0832 | accuracy 12.1875 | mean_length 64
09-14-21 00:09:51 - epoch 0 | global step 530 | mode train | loss 2.0836 | accuracy 10.3125 | mean_length 64
09-14-21 00:11:37 - epoch 0 | global step 540 | mode train | loss 2.0812 | accuracy 10.9375 | mean_length 64
09-14-21 00:13:24 - epoch 0 | global step 550 | mode train | loss 2.0776 | accuracy 12.5 | mean_length 64
09-14-21 00:15:11 - epoch 0 | global step 560 | mode train | loss 2.0827 | accuracy 12.8125 | mean_length 64
09-14-21 00:16:57 - epoch 0 | global step 570 | mode train | loss 2.0845 | accuracy 11.5625 | mean_length 64
09-14-21 00:18:44 - epoch 0 | global step 580 | mode train | loss 2.0816 | accuracy 9.0625 | mean_length 64
09-14-21 00:20:30 - epoch 0 | global step 590 | mode train | loss 2.0777 | accuracy 14.6875 | mean_length 64
09-14-21 00:22:17 - epoch 0 | global step 600 | mode train | loss 2.0845 | accuracy 10.9375 | mean_length 64
09-14-21 00:24:04 - epoch 0 | global step 610 | mode train | loss 2.0866 | accuracy 9.6875 | mean_length 64
09-14-21 00:25:50 - epoch 0 | global step 620 | mode train | loss 2.0804 | accuracy 10.9375 | mean_length 64
09-14-21 00:27:37 - epoch 0 | global step 630 | mode train | loss 2.0789 | accuracy 12.1875 | mean_length 64
09-14-21 00:29:24 - epoch 0 | global step 640 | mode train | loss 2.0789 | accuracy 11.5625 | mean_length 64
09-14-21 00:31:10 - epoch 0 | global step 650 | mode train | loss 2.0776 | accuracy 8.75 | mean_length 64
09-14-21 00:32:57 - epoch 0 | global step 660 | mode train | loss 2.0864 | accuracy 11.875 | mean_length 64
09-14-21 00:34:43 - epoch 0 | global step 670 | mode train | loss 2.0788 | accuracy 16.25 | mean_length 64
09-14-21 00:36:30 - epoch 0 | global step 680 | mode train | loss 2.0737 | accuracy 13.4375 | mean_length 64
09-14-21 00:38:17 - epoch 0 | global step 690 | mode train | loss 2.0827 | accuracy 13.75 | mean_length 64
09-14-21 00:40:03 - epoch 0 | global step 700 | mode train | loss 2.0778 | accuracy 10.9375 | mean_length 64
09-14-21 00:41:50 - epoch 0 | global step 710 | mode train | loss 2.0823 | accuracy 12.8125 | mean_length 64
09-14-21 00:43:37 - epoch 0 | global step 720 | mode train | loss 2.078 | accuracy 11.25 | mean_length 64
09-14-21 00:45:23 - epoch 0 | global step 730 | mode train | loss 2.0821 | accuracy 10.9375 | mean_length 64
09-14-21 00:47:10 - epoch 0 | global step 740 | mode train | loss 2.0783 | accuracy 13.75 | mean_length 64
09-14-21 00:48:56 - epoch 0 | global step 750 | mode train | loss 2.0785 | accuracy 15.625 | mean_length 64
09-14-21 00:50:43 - epoch 0 | global step 760 | mode train | loss 2.0794 | accuracy 11.25 | mean_length 64
09-14-21 00:52:30 - epoch 0 | global step 770 | mode train | loss 2.1047 | accuracy 11.25 | mean_length 64
09-14-21 00:54:16 - epoch 0 | global step 780 | mode train | loss 2.0858 | accuracy 13.4375 | mean_length 64
09-14-21 00:56:03 - epoch 0 | global step 790 | mode train | loss 2.0844 | accuracy 13.125 | mean_length 64
09-14-21 00:57:49 - epoch 0 | global step 800 | mode train | loss 2.0843 | accuracy 10.3125 | mean_length 64
09-14-21 00:59:36 - epoch 0 | global step 810 | mode train | loss 2.0821 | accuracy 10.9375 | mean_length 64
09-14-21 01:01:23 - epoch 0 | global step 820 | mode train | loss 2.0888 | accuracy 11.875 | mean_length 64
09-14-21 01:03:09 - epoch 0 | global step 830 | mode train | loss 2.0802 | accuracy 11.875 | mean_length 64
09-14-21 01:04:56 - epoch 0 | global step 840 | mode train | loss 2.0794 | accuracy 13.4375 | mean_length 64
09-14-21 01:06:42 - epoch 0 | global step 850 | mode train | loss 2.0765 | accuracy 12.5 | mean_length 64
09-14-21 01:08:29 - epoch 0 | global step 860 | mode train | loss 2.0882 | accuracy 12.1875 | mean_length 64
09-14-21 01:10:16 - epoch 0 | global step 870 | mode train | loss 2.0778 | accuracy 15.9375 | mean_length 64
09-14-21 01:12:03 - epoch 0 | global step 880 | mode train | loss 2.0802 | accuracy 11.25 | mean_length 64
09-14-21 01:13:51 - epoch 0 | global step 890 | mode train | loss 2.0831 | accuracy 8.75 | mean_length 64
09-14-21 01:15:38 - epoch 0 | global step 900 | mode train | loss 2.0774 | accuracy 13.75 | mean_length 64
09-14-21 01:17:25 - epoch 0 | global step 910 | mode train | loss 2.081 | accuracy 11.5625 | mean_length 64
09-14-21 01:19:12 - epoch 0 | global step 920 | mode train | loss 2.0823 | accuracy 10.3125 | mean_length 64
09-14-21 01:20:59 - epoch 0 | global step 930 | mode train | loss 2.0846 | accuracy 13.75 | mean_length 64
09-14-21 01:22:47 - epoch 0 | global step 940 | mode train | loss 2.0782 | accuracy 15.625 | mean_length 64
09-14-21 01:24:34 - epoch 0 | global step 950 | mode train | loss 2.0787 | accuracy 11.25 | mean_length 64
09-14-21 01:26:21 - epoch 0 | global step 960 | mode train | loss 2.0818 | accuracy 11.5625 | mean_length 64
09-14-21 01:28:08 - epoch 0 | global step 970 | mode train | loss 2.0894 | accuracy 13.4375 | mean_length 64
09-14-21 01:29:55 - epoch 0 | global step 980 | mode train | loss 2.0778 | accuracy 11.25 | mean_length 64
09-14-21 01:31:43 - epoch 0 | global step 990 | mode train | loss 2.0789 | accuracy 13.75 | mean_length 64
09-14-21 01:33:30 - epoch 0 | global step 1000 | mode train | loss 2.0794 | accuracy 15.9375 | mean_length 64
09-14-21 01:35:17 - epoch 0 | global step 1010 | mode train | loss 2.0814 | accuracy 12.8125 | mean_length 64
09-14-21 01:37:04 - epoch 0 | global step 1020 | mode train | loss 2.0845 | accuracy 13.4375 | mean_length 64
09-14-21 01:47:23 - epoch 0 | global step 1024 | mode validation | loss 2.0812 | accuracy 12.08 | mean_length 64
09-14-21 01:48:27 - epoch 0 | global step 1030 | mode train | loss 2.0821 | accuracy 11.25 | mean_length 64
09-14-21 01:50:14 - epoch 0 | global step 1040 | mode train | loss 2.0812 | accuracy 14.375 | mean_length 64
09-14-21 01:52:02 - epoch 0 | global step 1050 | mode train | loss 2.0822 | accuracy 13.75 | mean_length 64
09-14-21 01:53:49 - epoch 0 | global step 1060 | mode train | loss 2.0834 | accuracy 10.0 | mean_length 64
09-14-21 01:55:36 - epoch 0 | global step 1070 | mode train | loss 2.0781 | accuracy 14.6875 | mean_length 64
09-14-21 01:57:23 - epoch 0 | global step 1080 | mode train | loss 2.0798 | accuracy 11.5625 | mean_length 64
09-14-21 01:59:10 - epoch 0 | global step 1090 | mode train | loss 2.0801 | accuracy 14.6875 | mean_length 64
09-14-21 02:00:57 - epoch 0 | global step 1100 | mode train | loss 2.0784 | accuracy 10.9375 | mean_length 64
09-14-21 02:02:44 - epoch 0 | global step 1110 | mode train | loss 2.0828 | accuracy 12.5 | mean_length 64
09-14-21 02:04:31 - epoch 0 | global step 1120 | mode train | loss 2.0865 | accuracy 9.375 | mean_length 64
09-14-21 02:06:18 - epoch 0 | global step 1130 | mode train | loss 2.0816 | accuracy 14.375 | mean_length 64
09-14-21 02:08:06 - epoch 0 | global step 1140 | mode train | loss 2.0804 | accuracy 11.5625 | mean_length 64
09-14-21 02:09:54 - epoch 0 | global step 1150 | mode train | loss 2.0783 | accuracy 12.1875 | mean_length 64
09-14-21 02:11:41 - epoch 0 | global step 1160 | mode train | loss 2.0828 | accuracy 11.875 | mean_length 64
09-14-21 02:13:29 - epoch 0 | global step 1170 | mode train | loss 2.0743 | accuracy 12.5 | mean_length 64
09-14-21 02:15:17 - epoch 0 | global step 1180 | mode train | loss 2.0799 | accuracy 16.25 | mean_length 64
09-14-21 02:17:04 - epoch 0 | global step 1190 | mode train | loss 2.0831 | accuracy 11.5625 | mean_length 64
09-14-21 02:18:52 - epoch 0 | global step 1200 | mode train | loss 2.0758 | accuracy 11.25 | mean_length 64
09-14-21 02:20:40 - epoch 0 | global step 1210 | mode train | loss 2.084 | accuracy 12.5 | mean_length 64
09-14-21 02:22:28 - epoch 0 | global step 1220 | mode train | loss 2.088 | accuracy 10.0 | mean_length 64
09-14-21 02:24:15 - epoch 0 | global step 1230 | mode train | loss 2.0764 | accuracy 14.375 | mean_length 64
09-14-21 02:26:03 - epoch 0 | global step 1240 | mode train | loss 2.0834 | accuracy 10.625 | mean_length 64
09-14-21 02:27:51 - epoch 0 | global step 1250 | mode train | loss 2.0809 | accuracy 12.5 | mean_length 64
09-14-21 02:29:38 - epoch 0 | global step 1260 | mode train | loss 2.0795 | accuracy 13.4375 | mean_length 64
09-14-21 02:31:26 - epoch 0 | global step 1270 | mode train | loss 2.075 | accuracy 13.75 | mean_length 64
09-14-21 02:33:14 - epoch 0 | global step 1280 | mode train | loss 2.0751 | accuracy 13.75 | mean_length 64
09-14-21 02:35:01 - epoch 0 | global step 1290 | mode train | loss 2.0848 | accuracy 10.3125 | mean_length 64
09-14-21 02:36:49 - epoch 0 | global step 1300 | mode train | loss 2.0795 | accuracy 13.125 | mean_length 64
09-14-21 02:38:37 - epoch 0 | global step 1310 | mode train | loss 2.0779 | accuracy 14.0625 | mean_length 64
09-14-21 02:40:24 - epoch 0 | global step 1320 | mode train | loss 2.077 | accuracy 14.0625 | mean_length 64
09-14-21 02:42:12 - epoch 0 | global step 1330 | mode train | loss 2.0797 | accuracy 13.75 | mean_length 64
09-14-21 02:44:00 - epoch 0 | global step 1340 | mode train | loss 2.0873 | accuracy 10.9375 | mean_length 64
09-14-21 02:45:48 - epoch 0 | global step 1350 | mode train | loss 2.079 | accuracy 17.5 | mean_length 64
09-14-21 02:47:35 - epoch 0 | global step 1360 | mode train | loss 2.0841 | accuracy 12.5 | mean_length 64
09-14-21 02:49:22 - epoch 0 | global step 1370 | mode train | loss 2.0855 | accuracy 12.1875 | mean_length 64
09-14-21 02:51:10 - epoch 0 | global step 1380 | mode train | loss 2.0797 | accuracy 11.5625 | mean_length 64
09-14-21 02:52:57 - epoch 0 | global step 1390 | mode train | loss 2.0804 | accuracy 10.9375 | mean_length 64
09-14-21 02:54:45 - epoch 0 | global step 1400 | mode train | loss 2.0802 | accuracy 12.1875 | mean_length 64
09-14-21 02:56:32 - epoch 0 | global step 1410 | mode train | loss 2.0848 | accuracy 14.0625 | mean_length 64
09-14-21 02:58:20 - epoch 0 | global step 1420 | mode train | loss 2.0781 | accuracy 16.5625 | mean_length 64
09-14-21 03:00:07 - epoch 0 | global step 1430 | mode train | loss 2.0814 | accuracy 13.125 | mean_length 64
09-14-21 03:01:54 - epoch 0 | global step 1440 | mode train | loss 2.0808 | accuracy 14.375 | mean_length 64
09-14-21 03:03:42 - epoch 0 | global step 1450 | mode train | loss 2.0827 | accuracy 10.9375 | mean_length 64
09-14-21 03:05:29 - epoch 0 | global step 1460 | mode train | loss 2.0888 | accuracy 10.0 | mean_length 64
09-14-21 03:07:16 - epoch 0 | global step 1470 | mode train | loss 2.0777 | accuracy 12.1875 | mean_length 64
09-14-21 03:09:04 - epoch 0 | global step 1480 | mode train | loss 2.082 | accuracy 12.5 | mean_length 64
09-14-21 03:10:51 - epoch 0 | global step 1490 | mode train | loss 2.0841 | accuracy 12.1875 | mean_length 64
09-14-21 03:12:39 - epoch 0 | global step 1500 | mode train | loss 2.0838 | accuracy 8.4375 | mean_length 64
09-14-21 03:14:26 - epoch 0 | global step 1510 | mode train | loss 2.0786 | accuracy 11.5625 | mean_length 64
09-14-21 03:16:13 - epoch 0 | global step 1520 | mode train | loss 2.0836 | accuracy 11.25 | mean_length 64
09-14-21 03:18:00 - epoch 0 | global step 1530 | mode train | loss 2.0769 | accuracy 14.6875 | mean_length 64
09-14-21 03:28:40 - epoch 0 | global step 1536 | mode validation | loss 2.0802 | accuracy 12.68 | mean_length 64
09-14-21 03:28:40 - Saving model to Output/accGrad4_mbart_BTen+zh_lr8.0e-6_7distractors_maxstep8192_seed43
Epoch: 0, Prediction Accuracy: 12.68, Saved to Path: Output/accGrad4_mbart_BTen+zh_lr8.0e-6_7distractors_maxstep8192_seed43
09-14-21 03:29:32 - epoch 0 | global step 1540 | mode train | loss 2.0824 | accuracy 9.375 | mean_length 64
09-14-21 03:31:19 - epoch 0 | global step 1550 | mode train | loss 2.0825 | accuracy 14.375 | mean_length 64
09-14-21 03:33:06 - epoch 0 | global step 1560 | mode train | loss 2.0813 | accuracy 10.625 | mean_length 64
09-14-21 03:34:53 - epoch 0 | global step 1570 | mode train | loss 2.0777 | accuracy 13.125 | mean_length 64
09-14-21 03:36:40 - epoch 0 | global step 1580 | mode train | loss 2.0805 | accuracy 13.75 | mean_length 64
09-14-21 03:38:27 - epoch 0 | global step 1590 | mode train | loss 2.0808 | accuracy 11.5625 | mean_length 64
09-14-21 03:40:14 - epoch 0 | global step 1600 | mode train | loss 2.0819 | accuracy 12.8125 | mean_length 64
09-14-21 03:42:01 - epoch 0 | global step 1610 | mode train | loss 2.079 | accuracy 14.6875 | mean_length 64
09-14-21 03:43:48 - epoch 0 | global step 1620 | mode train | loss 2.079 | accuracy 15.625 | mean_length 64
09-14-21 03:45:35 - epoch 0 | global step 1630 | mode train | loss 2.0814 | accuracy 11.875 | mean_length 64
09-14-21 03:47:22 - epoch 0 | global step 1640 | mode train | loss 2.0776 | accuracy 11.5625 | mean_length 64
09-14-21 03:49:09 - epoch 0 | global step 1650 | mode train | loss 2.0799 | accuracy 13.75 | mean_length 64
09-14-21 03:50:55 - epoch 0 | global step 1660 | mode train | loss 2.0775 | accuracy 13.125 | mean_length 64
09-14-21 03:52:42 - epoch 0 | global step 1670 | mode train | loss 2.0762 | accuracy 14.0625 | mean_length 64
09-14-21 03:54:29 - epoch 0 | global step 1680 | mode train | loss 2.0762 | accuracy 14.375 | mean_length 64
09-14-21 03:56:16 - epoch 0 | global step 1690 | mode train | loss 2.0961 | accuracy 10.0 | mean_length 64
09-14-21 03:58:03 - epoch 0 | global step 1700 | mode train | loss 2.0843 | accuracy 11.875 | mean_length 64
09-14-21 03:59:50 - epoch 0 | global step 1710 | mode train | loss 2.0768 | accuracy 13.125 | mean_length 64
09-14-21 04:01:37 - epoch 0 | global step 1720 | mode train | loss 2.083 | accuracy 9.0625 | mean_length 64
09-14-21 04:03:24 - epoch 0 | global step 1730 | mode train | loss 2.0826 | accuracy 12.1875 | mean_length 64
09-14-21 04:05:11 - epoch 0 | global step 1740 | mode train | loss 2.0798 | accuracy 13.4375 | mean_length 64
09-14-21 04:06:58 - epoch 0 | global step 1750 | mode train | loss 2.0773 | accuracy 15.0 | mean_length 64
09-14-21 04:08:45 - epoch 0 | global step 1760 | mode train | loss 2.0781 | accuracy 12.8125 | mean_length 64
09-14-21 04:10:32 - epoch 0 | global step 1770 | mode train | loss 2.0828 | accuracy 9.0625 | mean_length 64
09-14-21 04:12:19 - epoch 0 | global step 1780 | mode train | loss 2.0786 | accuracy 11.5625 | mean_length 64
09-14-21 04:14:06 - epoch 0 | global step 1790 | mode train | loss 2.0756 | accuracy 10.0 | mean_length 64
09-14-21 04:15:53 - epoch 0 | global step 1800 | mode train | loss 2.0823 | accuracy 10.3125 | mean_length 64
09-14-21 04:17:40 - epoch 0 | global step 1810 | mode train | loss 2.0785 | accuracy 11.875 | mean_length 64
09-14-21 04:19:27 - epoch 0 | global step 1820 | mode train | loss 2.0839 | accuracy 9.375 | mean_length 64
09-14-21 04:21:14 - epoch 0 | global step 1830 | mode train | loss 2.0777 | accuracy 13.125 | mean_length 64
09-14-21 04:23:01 - epoch 0 | global step 1840 | mode train | loss 2.0806 | accuracy 13.125 | mean_length 64
09-14-21 04:24:48 - epoch 0 | global step 1850 | mode train | loss 2.0786 | accuracy 12.5 | mean_length 64
09-14-21 04:26:35 - epoch 0 | global step 1860 | mode train | loss 2.0817 | accuracy 11.875 | mean_length 64
09-14-21 04:28:22 - epoch 0 | global step 1870 | mode train | loss 2.0814 | accuracy 10.3125 | mean_length 64
09-14-21 04:30:09 - epoch 0 | global step 1880 | mode train | loss 2.0802 | accuracy 12.1875 | mean_length 64
09-14-21 04:31:56 - epoch 0 | global step 1890 | mode train | loss 2.0789 | accuracy 12.8125 | mean_length 64
09-14-21 04:33:43 - epoch 0 | global step 1900 | mode train | loss 2.0801 | accuracy 13.125 | mean_length 64
09-14-21 04:35:30 - epoch 0 | global step 1910 | mode train | loss 2.0789 | accuracy 13.75 | mean_length 64
09-14-21 04:37:17 - epoch 0 | global step 1920 | mode train | loss 2.0833 | accuracy 9.375 | mean_length 64
09-14-21 04:39:04 - epoch 0 | global step 1930 | mode train | loss 2.0798 | accuracy 12.1875 | mean_length 64
09-14-21 04:40:50 - epoch 0 | global step 1940 | mode train | loss 2.0775 | accuracy 15.625 | mean_length 64
09-14-21 04:42:37 - epoch 0 | global step 1950 | mode train | loss 2.0827 | accuracy 11.5625 | mean_length 64
09-14-21 04:44:24 - epoch 0 | global step 1960 | mode train | loss 2.0793 | accuracy 9.6875 | mean_length 64
09-14-21 04:46:11 - epoch 0 | global step 1970 | mode train | loss 2.0768 | accuracy 11.875 | mean_length 64
09-14-21 04:47:58 - epoch 0 | global step 1980 | mode train | loss 2.0816 | accuracy 12.1875 | mean_length 64
09-14-21 04:49:45 - epoch 0 | global step 1990 | mode train | loss 2.0753 | accuracy 15.625 | mean_length 64
09-14-21 04:51:32 - epoch 0 | global step 2000 | mode train | loss 2.0819 | accuracy 11.25 | mean_length 64
09-14-21 04:53:19 - epoch 0 | global step 2010 | mode train | loss 2.0781 | accuracy 12.1875 | mean_length 64
09-14-21 04:55:06 - epoch 0 | global step 2020 | mode train | loss 2.0812 | accuracy 12.5 | mean_length 64
09-14-21 04:56:53 - epoch 0 | global step 2030 | mode train | loss 2.082 | accuracy 10.9375 | mean_length 64
09-14-21 04:58:40 - epoch 0 | global step 2040 | mode train | loss 2.0821 | accuracy 13.125 | mean_length 64
09-14-21 05:09:41 - epoch 0 | global step 2048 | mode validation | loss 2.0803 | accuracy 12.24 | mean_length 64
09-14-21 05:10:03 - epoch 0 | global step 2050 | mode train | loss 2.0822 | accuracy 14.375 | mean_length 64
09-14-21 05:11:50 - epoch 0 | global step 2060 | mode train | loss 2.0791 | accuracy 14.375 | mean_length 64
09-14-21 05:13:37 - epoch 0 | global step 2070 | mode train | loss 2.0809 | accuracy 12.8125 | mean_length 64
09-14-21 05:15:24 - epoch 0 | global step 2080 | mode train | loss 2.0803 | accuracy 13.4375 | mean_length 64
09-14-21 05:17:11 - epoch 0 | global step 2090 | mode train | loss 2.0766 | accuracy 11.5625 | mean_length 64
09-14-21 05:18:58 - epoch 0 | global step 2100 | mode train | loss 2.0826 | accuracy 12.8125 | mean_length 64
09-14-21 05:20:46 - epoch 0 | global step 2110 | mode train | loss 2.074 | accuracy 13.75 | mean_length 64
09-14-21 05:22:33 - epoch 0 | global step 2120 | mode train | loss 2.0701 | accuracy 11.5625 | mean_length 64
09-14-21 05:24:20 - epoch 0 | global step 2130 | mode train | loss 2.0251 | accuracy 14.375 | mean_length 64
09-14-21 05:26:07 - epoch 0 | global step 2140 | mode train | loss 1.9859 | accuracy 15.0 | mean_length 64
09-14-21 05:27:54 - epoch 0 | global step 2150 | mode train | loss 2.0777 | accuracy 9.0625 | mean_length 64
09-14-21 05:29:40 - epoch 0 | global step 2160 | mode train | loss 2.0864 | accuracy 10.9375 | mean_length 64
09-14-21 05:31:27 - epoch 0 | global step 2170 | mode train | loss 2.0795 | accuracy 11.5625 | mean_length 64
09-14-21 05:33:14 - epoch 0 | global step 2180 | mode train | loss 2.082 | accuracy 11.875 | mean_length 64
09-14-21 05:35:00 - epoch 0 | global step 2190 | mode train | loss 2.0812 | accuracy 11.5625 | mean_length 64
09-14-21 05:36:47 - epoch 0 | global step 2200 | mode train | loss 2.0801 | accuracy 13.4375 | mean_length 64
09-14-21 05:38:34 - epoch 0 | global step 2210 | mode train | loss 2.0811 | accuracy 10.3125 | mean_length 64
09-14-21 05:40:20 - epoch 0 | global step 2220 | mode train | loss 2.0826 | accuracy 7.1875 | mean_length 64
09-14-21 05:42:07 - epoch 0 | global step 2230 | mode train | loss 2.083 | accuracy 11.25 | mean_length 64
09-14-21 05:43:54 - epoch 0 | global step 2240 | mode train | loss 2.0795 | accuracy 13.125 | mean_length 64
09-14-21 05:45:40 - epoch 0 | global step 2250 | mode train | loss 2.0797 | accuracy 14.6875 | mean_length 64
09-14-21 05:47:27 - epoch 0 | global step 2260 | mode train | loss 2.0822 | accuracy 10.9375 | mean_length 64
09-14-21 05:49:14 - epoch 0 | global step 2270 | mode train | loss 2.0797 | accuracy 15.625 | mean_length 64
09-14-21 05:51:00 - epoch 0 | global step 2280 | mode train | loss 2.0803 | accuracy 12.1875 | mean_length 64
09-14-21 05:52:47 - epoch 0 | global step 2290 | mode train | loss 2.0785 | accuracy 14.0625 | mean_length 64
09-14-21 05:54:33 - epoch 0 | global step 2300 | mode train | loss 2.0768 | accuracy 17.1875 | mean_length 64
09-14-21 05:56:19 - epoch 0 | global step 2310 | mode train | loss 2.0786 | accuracy 13.4375 | mean_length 64
09-14-21 05:58:06 - epoch 0 | global step 2320 | mode train | loss 2.0778 | accuracy 14.375 | mean_length 64
09-14-21 05:59:52 - epoch 0 | global step 2330 | mode train | loss 2.0842 | accuracy 7.8125 | mean_length 64
09-14-21 06:01:39 - epoch 0 | global step 2340 | mode train | loss 2.0825 | accuracy 10.625 | mean_length 64
09-14-21 06:03:25 - epoch 0 | global step 2350 | mode train | loss 2.0843 | accuracy 13.75 | mean_length 64
09-14-21 06:05:12 - epoch 0 | global step 2360 | mode train | loss 2.0812 | accuracy 13.4375 | mean_length 64
09-14-21 06:06:58 - epoch 0 | global step 2370 | mode train | loss 2.0805 | accuracy 11.5625 | mean_length 64
09-14-21 06:08:44 - epoch 0 | global step 2380 | mode train | loss 2.0805 | accuracy 12.8125 | mean_length 64
09-14-21 06:10:31 - epoch 0 | global step 2390 | mode train | loss 2.0833 | accuracy 11.5625 | mean_length 64
09-14-21 06:12:18 - epoch 0 | global step 2400 | mode train | loss 2.0784 | accuracy 11.5625 | mean_length 64
09-14-21 06:14:04 - epoch 0 | global step 2410 | mode train | loss 2.0781 | accuracy 11.5625 | mean_length 64
09-14-21 06:15:51 - epoch 0 | global step 2420 | mode train | loss 2.0803 | accuracy 12.1875 | mean_length 64
09-14-21 06:17:37 - epoch 0 | global step 2430 | mode train | loss 2.079 | accuracy 12.1875 | mean_length 64
09-14-21 06:19:23 - epoch 0 | global step 2440 | mode train | loss 2.0773 | accuracy 15.625 | mean_length 64
09-14-21 06:21:10 - epoch 0 | global step 2450 | mode train | loss 2.0773 | accuracy 15.3125 | mean_length 64
09-14-21 06:22:56 - epoch 0 | global step 2460 | mode train | loss 2.0835 | accuracy 10.3125 | mean_length 64
09-14-21 06:24:43 - epoch 0 | global step 2470 | mode train | loss 2.079 | accuracy 11.875 | mean_length 64
09-14-21 06:26:29 - epoch 0 | global step 2480 | mode train | loss 2.0801 | accuracy 11.25 | mean_length 64
09-14-21 06:28:16 - epoch 0 | global step 2490 | mode train | loss 2.0809 | accuracy 10.9375 | mean_length 64
09-14-21 06:30:02 - epoch 0 | global step 2500 | mode train | loss 2.079 | accuracy 13.125 | mean_length 64
09-14-21 06:31:48 - epoch 0 | global step 2510 | mode train | loss 2.0777 | accuracy 13.75 | mean_length 64
09-14-21 06:33:35 - epoch 0 | global step 2520 | mode train | loss 2.0801 | accuracy 12.5 | mean_length 64
09-14-21 06:35:21 - epoch 0 | global step 2530 | mode train | loss 2.08 | accuracy 14.0625 | mean_length 64
09-14-21 06:37:08 - epoch 0 | global step 2540 | mode train | loss 2.0827 | accuracy 12.8125 | mean_length 64
09-14-21 06:38:54 - epoch 0 | global step 2550 | mode train | loss 2.0796 | accuracy 12.1875 | mean_length 64
09-14-21 06:40:41 - epoch 0 | global step 2560 | mode train | loss 2.0755 | accuracy 12.5 | mean_length 64
09-14-21 06:50:05 - epoch 0 | global step 2560 | mode validation | loss 2.0793 | accuracy 12.52 | mean_length 64
09-14-21 06:50:05 - Saving model to Output/accGrad4_mbart_BTen+zh_lr8.0e-6_7distractors_maxstep8192_seed43
Epoch: 0, Prediction Accuracy: 12.52, Saved to Path: Output/accGrad4_mbart_BTen+zh_lr8.0e-6_7distractors_maxstep8192_seed43
09-14-21 06:52:01 - epoch 0 | global step 2570 | mode train | loss 2.0791 | accuracy 15.3125 | mean_length 64
09-14-21 06:53:48 - epoch 0 | global step 2580 | mode train | loss 2.0776 | accuracy 12.8125 | mean_length 64
09-14-21 06:55:34 - epoch 0 | global step 2590 | mode train | loss 2.0815 | accuracy 9.375 | mean_length 64
09-14-21 06:57:21 - epoch 0 | global step 2600 | mode train | loss 2.0786 | accuracy 10.625 | mean_length 64
09-14-21 06:59:07 - epoch 0 | global step 2610 | mode train | loss 2.0769 | accuracy 13.4375 | mean_length 64
09-14-21 07:00:54 - epoch 0 | global step 2620 | mode train | loss 2.0794 | accuracy 12.5 | mean_length 64
09-14-21 07:02:40 - epoch 0 | global step 2630 | mode train | loss 2.0656 | accuracy 12.1875 | mean_length 64
09-14-21 07:04:26 - epoch 0 | global step 2640 | mode train | loss 2.0925 | accuracy 8.125 | mean_length 64
09-14-21 07:06:13 - epoch 0 | global step 2650 | mode train | loss 2.0803 | accuracy 11.25 | mean_length 64
09-14-21 07:07:59 - epoch 0 | global step 2660 | mode train | loss 2.0824 | accuracy 9.375 | mean_length 64
09-14-21 07:09:46 - epoch 0 | global step 2670 | mode train | loss 2.0836 | accuracy 10.9375 | mean_length 64
09-14-21 07:11:33 - epoch 0 | global step 2680 | mode train | loss 2.077 | accuracy 15.625 | mean_length 64
09-14-21 07:13:20 - epoch 0 | global step 2690 | mode train | loss 2.0811 | accuracy 15.0 | mean_length 64
09-14-21 07:15:07 - epoch 0 | global step 2700 | mode train | loss 2.0845 | accuracy 10.625 | mean_length 64
09-14-21 07:16:53 - epoch 0 | global step 2710 | mode train | loss 2.0798 | accuracy 13.4375 | mean_length 64
09-14-21 07:18:40 - epoch 0 | global step 2720 | mode train | loss 2.0792 | accuracy 14.0625 | mean_length 64
09-14-21 07:20:27 - epoch 0 | global step 2730 | mode train | loss 2.0783 | accuracy 15.0 | mean_length 64
09-14-21 07:22:14 - epoch 0 | global step 2740 | mode train | loss 2.0815 | accuracy 10.9375 | mean_length 64
09-14-21 07:24:01 - epoch 0 | global step 2750 | mode train | loss 2.0783 | accuracy 15.3125 | mean_length 64
09-14-21 07:25:47 - epoch 0 | global step 2760 | mode train | loss 2.0826 | accuracy 10.0 | mean_length 64
09-14-21 07:27:34 - epoch 0 | global step 2770 | mode train | loss 2.0791 | accuracy 11.25 | mean_length 64
09-14-21 07:29:21 - epoch 0 | global step 2780 | mode train | loss 2.0831 | accuracy 9.0625 | mean_length 64
09-14-21 07:31:08 - epoch 0 | global step 2790 | mode train | loss 2.0801 | accuracy 14.6875 | mean_length 64
09-14-21 07:32:54 - epoch 0 | global step 2800 | mode train | loss 2.0812 | accuracy 11.5625 | mean_length 64
09-14-21 07:34:41 - epoch 0 | global step 2810 | mode train | loss 2.0824 | accuracy 12.5 | mean_length 64
09-14-21 07:36:28 - epoch 0 | global step 2820 | mode train | loss 2.0808 | accuracy 10.625 | mean_length 64
09-14-21 07:38:15 - epoch 0 | global step 2830 | mode train | loss 2.078 | accuracy 14.375 | mean_length 64
09-14-21 07:40:01 - epoch 0 | global step 2840 | mode train | loss 2.0823 | accuracy 14.6875 | mean_length 64
09-14-21 07:41:48 - epoch 0 | global step 2850 | mode train | loss 2.0816 | accuracy 8.75 | mean_length 64
09-14-21 07:43:35 - epoch 0 | global step 2860 | mode train | loss 2.0769 | accuracy 13.4375 | mean_length 64
09-14-21 07:45:22 - epoch 0 | global step 2870 | mode train | loss 2.0839 | accuracy 10.625 | mean_length 64
09-14-21 07:47:08 - epoch 0 | global step 2880 | mode train | loss 2.0802 | accuracy 10.625 | mean_length 64
09-14-21 07:48:55 - epoch 0 | global step 2890 | mode train | loss 2.0782 | accuracy 17.1875 | mean_length 64
09-14-21 07:50:42 - epoch 0 | global step 2900 | mode train | loss 2.0802 | accuracy 11.875 | mean_length 64
09-14-21 07:52:29 - epoch 0 | global step 2910 | mode train | loss 2.0778 | accuracy 14.375 | mean_length 64
09-14-21 07:54:16 - epoch 0 | global step 2920 | mode train | loss 2.0775 | accuracy 13.4375 | mean_length 64
09-14-21 07:56:02 - epoch 0 | global step 2930 | mode train | loss 2.0818 | accuracy 11.5625 | mean_length 64
09-14-21 07:57:49 - epoch 0 | global step 2940 | mode train | loss 2.0711 | accuracy 11.875 | mean_length 64
09-14-21 07:59:36 - epoch 0 | global step 2950 | mode train | loss 2.0505 | accuracy 13.125 | mean_length 64
09-14-21 08:01:23 - epoch 0 | global step 2960 | mode train | loss 2.0458 | accuracy 13.4375 | mean_length 64
09-14-21 08:03:09 - epoch 0 | global step 2970 | mode train | loss 2.047 | accuracy 11.5625 | mean_length 64
09-14-21 08:04:56 - epoch 0 | global step 2980 | mode train | loss 2.0097 | accuracy 14.6875 | mean_length 64
09-14-21 08:06:43 - epoch 0 | global step 2990 | mode train | loss 2.0365 | accuracy 13.4375 | mean_length 64
09-14-21 08:08:30 - epoch 0 | global step 3000 | mode train | loss 2.0586 | accuracy 11.25 | mean_length 64
09-14-21 08:10:17 - epoch 0 | global step 3010 | mode train | loss 2.0792 | accuracy 12.1875 | mean_length 64
09-14-21 08:12:04 - epoch 0 | global step 3020 | mode train | loss 2.0796 | accuracy 10.9375 | mean_length 64
09-14-21 08:13:51 - epoch 0 | global step 3030 | mode train | loss 2.0786 | accuracy 16.875 | mean_length 64
09-14-21 08:15:38 - epoch 0 | global step 3040 | mode train | loss 2.084 | accuracy 10.9375 | mean_length 64
09-14-21 08:17:24 - epoch 0 | global step 3050 | mode train | loss 2.0764 | accuracy 17.1875 | mean_length 64
09-14-21 08:19:11 - epoch 0 | global step 3060 | mode train | loss 2.0808 | accuracy 12.8125 | mean_length 64
09-14-21 08:20:58 - epoch 0 | global step 3070 | mode train | loss 2.0788 | accuracy 12.5 | mean_length 64
09-14-21 08:30:47 - epoch 0 | global step 3072 | mode validation | loss 2.0799 | accuracy 12.84 | mean_length 64
09-14-21 08:32:13 - epoch 0 | global step 3080 | mode train | loss 2.0785 | accuracy 13.75 | mean_length 64
09-14-21 08:34:00 - epoch 0 | global step 3090 | mode train | loss 2.0779 | accuracy 14.6875 | mean_length 64
09-14-21 08:35:46 - epoch 0 | global step 3100 | mode train | loss 2.0782 | accuracy 12.5 | mean_length 64
09-14-21 08:37:33 - epoch 0 | global step 3110 | mode train | loss 2.0791 | accuracy 13.75 | mean_length 64
09-14-21 08:39:20 - epoch 0 | global step 3120 | mode train | loss 2.0785 | accuracy 15.625 | mean_length 64
09-14-21 08:41:07 - epoch 0 | global step 3130 | mode train | loss 2.0805 | accuracy 10.9375 | mean_length 64
09-14-21 08:42:53 - epoch 0 | global step 3140 | mode train | loss 2.0808 | accuracy 10.3125 | mean_length 64
09-14-21 08:44:40 - epoch 0 | global step 3150 | mode train | loss 2.0793 | accuracy 15.625 | mean_length 64
09-14-21 08:46:27 - epoch 0 | global step 3160 | mode train | loss 2.0797 | accuracy 10.0 | mean_length 64
09-14-21 08:48:14 - epoch 0 | global step 3170 | mode train | loss 2.0811 | accuracy 10.3125 | mean_length 64
09-14-21 08:50:00 - epoch 0 | global step 3180 | mode train | loss 2.079 | accuracy 18.125 | mean_length 64
09-14-21 08:51:47 - epoch 0 | global step 3190 | mode train | loss 2.0798 | accuracy 12.8125 | mean_length 64
09-14-21 08:53:34 - epoch 0 | global step 3200 | mode train | loss 2.0812 | accuracy 12.5 | mean_length 64
09-14-21 08:55:21 - epoch 0 | global step 3210 | mode train | loss 2.078 | accuracy 14.6875 | mean_length 64
09-14-21 08:57:07 - epoch 0 | global step 3220 | mode train | loss 2.0796 | accuracy 12.1875 | mean_length 64
09-14-21 08:58:54 - epoch 1 | global step 3230 | mode train | loss 2.0798 | accuracy 12.5 | mean_length 64
09-14-21 09:00:41 - epoch 1 | global step 3240 | mode train | loss 2.077 | accuracy 13.75 | mean_length 64
09-14-21 09:02:28 - epoch 1 | global step 3250 | mode train | loss 2.0789 | accuracy 13.4375 | mean_length 64
09-14-21 09:04:14 - epoch 1 | global step 3260 | mode train | loss 2.0767 | accuracy 14.6875 | mean_length 64
09-14-21 09:06:01 - epoch 1 | global step 3270 | mode train | loss 2.0797 | accuracy 13.75 | mean_length 64
09-14-21 09:07:48 - epoch 1 | global step 3280 | mode train | loss 2.0786 | accuracy 12.5 | mean_length 64
09-14-21 09:09:34 - epoch 1 | global step 3290 | mode train | loss 2.0806 | accuracy 10.9375 | mean_length 64
09-14-21 09:11:22 - epoch 1 | global step 3300 | mode train | loss 2.0806 | accuracy 10.3125 | mean_length 64
09-14-21 09:13:08 - epoch 1 | global step 3310 | mode train | loss 2.0768 | accuracy 13.125 | mean_length 64
09-14-21 09:14:55 - epoch 1 | global step 3320 | mode train | loss 2.0797 | accuracy 12.5 | mean_length 64
09-14-21 09:16:42 - epoch 1 | global step 3330 | mode train | loss 2.079 | accuracy 12.1875 | mean_length 64
09-14-21 09:18:28 - epoch 1 | global step 3340 | mode train | loss 2.078 | accuracy 10.3125 | mean_length 64
09-14-21 09:20:15 - epoch 1 | global step 3350 | mode train | loss 2.0786 | accuracy 15.3125 | mean_length 64
09-14-21 09:22:02 - epoch 1 | global step 3360 | mode train | loss 2.078 | accuracy 12.5 | mean_length 64
09-14-21 09:23:48 - epoch 1 | global step 3370 | mode train | loss 2.0807 | accuracy 10.625 | mean_length 64
09-14-21 09:25:35 - epoch 1 | global step 3380 | mode train | loss 2.0818 | accuracy 9.375 | mean_length 64
09-14-21 09:27:21 - epoch 1 | global step 3390 | mode train | loss 2.0811 | accuracy 10.3125 | mean_length 64
09-14-21 09:29:08 - epoch 1 | global step 3400 | mode train | loss 2.0806 | accuracy 13.75 | mean_length 64
09-14-21 09:30:55 - epoch 1 | global step 3410 | mode train | loss 2.0813 | accuracy 15.0 | mean_length 64
09-14-21 09:32:41 - epoch 1 | global step 3420 | mode train | loss 2.0819 | accuracy 11.875 | mean_length 64
09-14-21 09:34:28 - epoch 1 | global step 3430 | mode train | loss 2.0845 | accuracy 7.1875 | mean_length 64
09-14-21 09:36:14 - epoch 1 | global step 3440 | mode train | loss 2.077 | accuracy 12.5 | mean_length 64
09-14-21 09:38:01 - epoch 1 | global step 3450 | mode train | loss 2.0782 | accuracy 12.5 | mean_length 64
09-14-21 09:39:47 - epoch 1 | global step 3460 | mode train | loss 2.0797 | accuracy 13.75 | mean_length 64
09-14-21 09:41:34 - epoch 1 | global step 3470 | mode train | loss 2.0809 | accuracy 12.1875 | mean_length 64
09-14-21 09:43:21 - epoch 1 | global step 3480 | mode train | loss 2.0791 | accuracy 12.1875 | mean_length 64
09-14-21 09:45:07 - epoch 1 | global step 3490 | mode train | loss 2.0804 | accuracy 10.625 | mean_length 64
09-14-21 09:46:54 - epoch 1 | global step 3500 | mode train | loss 2.0832 | accuracy 11.875 | mean_length 64
09-14-21 09:48:40 - epoch 1 | global step 3510 | mode train | loss 2.0801 | accuracy 10.3125 | mean_length 64
09-14-21 09:50:27 - epoch 1 | global step 3520 | mode train | loss 2.082 | accuracy 10.625 | mean_length 64
09-14-21 09:52:14 - epoch 1 | global step 3530 | mode train | loss 2.0802 | accuracy 12.5 | mean_length 64
09-14-21 09:54:00 - epoch 1 | global step 3540 | mode train | loss 2.0788 | accuracy 13.4375 | mean_length 64
09-14-21 09:55:47 - epoch 1 | global step 3550 | mode train | loss 2.0816 | accuracy 9.375 | mean_length 64
09-14-21 09:57:33 - epoch 1 | global step 3560 | mode train | loss 2.0802 | accuracy 12.5 | mean_length 64
09-14-21 09:59:20 - epoch 1 | global step 3570 | mode train | loss 2.0789 | accuracy 13.125 | mean_length 64
09-14-21 10:01:07 - epoch 1 | global step 3580 | mode train | loss 2.08 | accuracy 14.6875 | mean_length 64
09-14-21 10:11:16 - epoch 1 | global step 3584 | mode validation | loss 2.0799 | accuracy 12.16 | mean_length 64
09-14-21 10:12:20 - epoch 1 | global step 3590 | mode train | loss 2.0786 | accuracy 12.1875 | mean_length 64
09-14-21 10:14:07 - epoch 1 | global step 3600 | mode train | loss 2.0776 | accuracy 16.5625 | mean_length 64
09-14-21 10:15:53 - epoch 1 | global step 3610 | mode train | loss 2.0775 | accuracy 13.125 | mean_length 64
09-14-21 10:17:40 - epoch 1 | global step 3620 | mode train | loss 2.0804 | accuracy 13.125 | mean_length 64
09-14-21 10:19:26 - epoch 1 | global step 3630 | mode train | loss 2.0799 | accuracy 15.3125 | mean_length 64
09-14-21 10:21:13 - epoch 1 | global step 3640 | mode train | loss 2.0788 | accuracy 13.125 | mean_length 64
09-14-21 10:23:00 - epoch 1 | global step 3650 | mode train | loss 2.081 | accuracy 12.5 | mean_length 64
09-14-21 10:24:46 - epoch 1 | global step 3660 | mode train | loss 2.0805 | accuracy 10.625 | mean_length 64
09-14-21 10:26:33 - epoch 1 | global step 3670 | mode train | loss 2.082 | accuracy 11.5625 | mean_length 64
09-14-21 10:28:19 - epoch 1 | global step 3680 | mode train | loss 2.0787 | accuracy 12.5 | mean_length 64
09-14-21 10:30:06 - epoch 1 | global step 3690 | mode train | loss 2.077 | accuracy 16.25 | mean_length 64
09-14-21 10:31:53 - epoch 1 | global step 3700 | mode train | loss 2.0799 | accuracy 10.625 | mean_length 64
09-14-21 10:33:39 - epoch 1 | global step 3710 | mode train | loss 2.0792 | accuracy 14.0625 | mean_length 64
09-14-21 10:35:26 - epoch 1 | global step 3720 | mode train | loss 2.0778 | accuracy 15.9375 | mean_length 64
09-14-21 10:37:12 - epoch 1 | global step 3730 | mode train | loss 2.0796 | accuracy 13.75 | mean_length 64
09-14-21 10:38:59 - epoch 1 | global step 3740 | mode train | loss 2.0792 | accuracy 14.375 | mean_length 64
09-14-21 10:40:46 - epoch 1 | global step 3750 | mode train | loss 2.0801 | accuracy 10.3125 | mean_length 64
09-14-21 10:42:32 - epoch 1 | global step 3760 | mode train | loss 2.0812 | accuracy 10.625 | mean_length 64
09-14-21 10:44:19 - epoch 1 | global step 3770 | mode train | loss 2.0803 | accuracy 13.4375 | mean_length 64
09-14-21 10:46:05 - epoch 1 | global step 3780 | mode train | loss 2.0811 | accuracy 9.0625 | mean_length 64
09-14-21 10:47:52 - epoch 1 | global step 3790 | mode train | loss 2.0798 | accuracy 12.1875 | mean_length 64
09-14-21 10:49:38 - epoch 1 | global step 3800 | mode train | loss 2.0809 | accuracy 12.5 | mean_length 64
09-14-21 10:51:25 - epoch 1 | global step 3810 | mode train | loss 2.0797 | accuracy 9.6875 | mean_length 64
09-14-21 10:53:12 - epoch 1 | global step 3820 | mode train | loss 2.0799 | accuracy 13.125 | mean_length 64
09-14-21 10:54:58 - epoch 1 | global step 3830 | mode train | loss 2.0811 | accuracy 13.4375 | mean_length 64
09-14-21 10:56:45 - epoch 1 | global step 3840 | mode train | loss 2.0801 | accuracy 13.4375 | mean_length 64
09-14-21 10:58:31 - epoch 1 | global step 3850 | mode train | loss 2.0803 | accuracy 9.6875 | mean_length 64
09-14-21 11:00:18 - epoch 1 | global step 3860 | mode train | loss 2.0801 | accuracy 13.75 | mean_length 64
09-14-21 11:02:05 - epoch 1 | global step 3870 | mode train | loss 2.0786 | accuracy 8.75 | mean_length 64
09-14-21 11:03:51 - epoch 1 | global step 3880 | mode train | loss 2.0817 | accuracy 10.3125 | mean_length 64
09-14-21 11:05:38 - epoch 1 | global step 3890 | mode train | loss 2.0798 | accuracy 11.875 | mean_length 64
09-14-21 11:07:24 - epoch 1 | global step 3900 | mode train | loss 2.0787 | accuracy 13.125 | mean_length 64
09-14-21 11:09:11 - epoch 1 | global step 3910 | mode train | loss 2.0811 | accuracy 9.375 | mean_length 64
09-14-21 11:10:58 - epoch 1 | global step 3920 | mode train | loss 2.0779 | accuracy 14.6875 | mean_length 64
09-14-21 11:12:45 - epoch 1 | global step 3930 | mode train | loss 2.0803 | accuracy 13.75 | mean_length 64
09-14-21 11:14:31 - epoch 1 | global step 3940 | mode train | loss 2.0816 | accuracy 10.9375 | mean_length 64
09-14-21 11:16:18 - epoch 1 | global step 3950 | mode train | loss 2.0803 | accuracy 11.5625 | mean_length 64
09-14-21 11:18:04 - epoch 1 | global step 3960 | mode train | loss 2.0789 | accuracy 13.75 | mean_length 64
09-14-21 11:19:51 - epoch 1 | global step 3970 | mode train | loss 2.08 | accuracy 14.375 | mean_length 64
09-14-21 11:21:37 - epoch 1 | global step 3980 | mode train | loss 2.0796 | accuracy 13.4375 | mean_length 64
09-14-21 11:23:24 - epoch 1 | global step 3990 | mode train | loss 2.0814 | accuracy 11.5625 | mean_length 64
09-14-21 11:25:11 - epoch 1 | global step 4000 | mode train | loss 2.0776 | accuracy 13.125 | mean_length 64
09-14-21 11:26:57 - epoch 1 | global step 4010 | mode train | loss 2.0801 | accuracy 13.75 | mean_length 64
09-14-21 11:28:44 - epoch 1 | global step 4020 | mode train | loss 2.0819 | accuracy 12.5 | mean_length 64
09-14-21 11:30:31 - epoch 1 | global step 4030 | mode train | loss 2.0786 | accuracy 10.9375 | mean_length 64
09-14-21 11:32:17 - epoch 1 | global step 4040 | mode train | loss 2.0792 | accuracy 13.125 | mean_length 64
09-14-21 11:34:04 - epoch 1 | global step 4050 | mode train | loss 2.0798 | accuracy 10.625 | mean_length 64
09-14-21 11:35:50 - epoch 1 | global step 4060 | mode train | loss 2.081 | accuracy 14.0625 | mean_length 64
09-14-21 11:37:37 - epoch 1 | global step 4070 | mode train | loss 2.0785 | accuracy 14.0625 | mean_length 64
09-14-21 11:39:23 - epoch 1 | global step 4080 | mode train | loss 2.0786 | accuracy 12.5 | mean_length 64
09-14-21 11:41:09 - epoch 1 | global step 4090 | mode train | loss 2.0791 | accuracy 12.8125 | mean_length 64
09-14-21 11:51:36 - epoch 1 | global step 4096 | mode validation | loss 2.0796 | accuracy 12.06 | mean_length 64
09-14-21 11:52:19 - epoch 1 | global step 4100 | mode train | loss 2.0804 | accuracy 13.4375 | mean_length 64
09-14-21 11:54:05 - epoch 1 | global step 4110 | mode train | loss 2.0797 | accuracy 10.3125 | mean_length 64
09-14-21 11:55:51 - epoch 1 | global step 4120 | mode train | loss 2.0818 | accuracy 12.1875 | mean_length 64
09-14-21 11:57:37 - epoch 1 | global step 4130 | mode train | loss 2.0785 | accuracy 15.0 | mean_length 64
09-14-21 11:59:24 - epoch 1 | global step 4140 | mode train | loss 2.0802 | accuracy 11.5625 | mean_length 64
09-14-21 12:01:10 - epoch 1 | global step 4150 | mode train | loss 2.0805 | accuracy 11.5625 | mean_length 64
09-14-21 12:02:56 - epoch 1 | global step 4160 | mode train | loss 2.0783 | accuracy 15.0 | mean_length 64
09-14-21 12:04:43 - epoch 1 | global step 4170 | mode train | loss 2.0775 | accuracy 12.5 | mean_length 64
09-14-21 12:06:29 - epoch 1 | global step 4180 | mode train | loss 2.0819 | accuracy 13.125 | mean_length 64
09-14-21 12:08:15 - epoch 1 | global step 4190 | mode train | loss 2.0796 | accuracy 14.375 | mean_length 64
09-14-21 12:10:01 - epoch 1 | global step 4200 | mode train | loss 2.0787 | accuracy 11.875 | mean_length 64
09-14-21 12:11:48 - epoch 1 | global step 4210 | mode train | loss 2.0797 | accuracy 12.1875 | mean_length 64
09-14-21 12:13:34 - epoch 1 | global step 4220 | mode train | loss 2.0793 | accuracy 13.125 | mean_length 64
09-14-21 12:15:21 - epoch 1 | global step 4230 | mode train | loss 2.078 | accuracy 13.75 | mean_length 64
09-14-21 12:17:07 - epoch 1 | global step 4240 | mode train | loss 2.0801 | accuracy 11.5625 | mean_length 64
09-14-21 12:18:53 - epoch 1 | global step 4250 | mode train | loss 2.0801 | accuracy 11.5625 | mean_length 64
09-14-21 12:20:39 - epoch 1 | global step 4260 | mode train | loss 2.0785 | accuracy 13.75 | mean_length 64
09-14-21 12:22:26 - epoch 1 | global step 4270 | mode train | loss 2.077 | accuracy 13.4375 | mean_length 64
09-14-21 12:24:12 - epoch 1 | global step 4280 | mode train | loss 2.07 | accuracy 14.0625 | mean_length 64
09-14-21 12:25:58 - epoch 1 | global step 4290 | mode train | loss 2.0422 | accuracy 15.9375 | mean_length 64
09-14-21 12:27:44 - epoch 1 | global step 4300 | mode train | loss 2.0008 | accuracy 15.625 | mean_length 64
09-14-21 12:29:31 - epoch 1 | global step 4310 | mode train | loss 2.0782 | accuracy 12.8125 | mean_length 64
09-14-21 12:31:17 - epoch 1 | global step 4320 | mode train | loss 2.079 | accuracy 14.0625 | mean_length 64
09-14-21 12:33:03 - epoch 1 | global step 4330 | mode train | loss 2.0797 | accuracy 11.875 | mean_length 64
09-14-21 12:34:50 - epoch 1 | global step 4340 | mode train | loss 2.0801 | accuracy 12.8125 | mean_length 64
09-14-21 12:36:36 - epoch 1 | global step 4350 | mode train | loss 2.0798 | accuracy 12.5 | mean_length 64
09-14-21 12:38:22 - epoch 1 | global step 4360 | mode train | loss 2.0838 | accuracy 9.375 | mean_length 64
09-14-21 12:40:09 - epoch 1 | global step 4370 | mode train | loss 2.0813 | accuracy 11.5625 | mean_length 64
09-14-21 12:41:55 - epoch 1 | global step 4380 | mode train | loss 2.0795 | accuracy 12.1875 | mean_length 64
09-14-21 12:43:41 - epoch 1 | global step 4390 | mode train | loss 2.0805 | accuracy 10.9375 | mean_length 64
09-14-21 12:45:27 - epoch 1 | global step 4400 | mode train | loss 2.0781 | accuracy 14.0625 | mean_length 64
09-14-21 12:47:14 - epoch 1 | global step 4410 | mode train | loss 2.0787 | accuracy 11.25 | mean_length 64
09-14-21 12:49:00 - epoch 1 | global step 4420 | mode train | loss 2.0802 | accuracy 13.4375 | mean_length 64
09-14-21 12:50:47 - epoch 1 | global step 4430 | mode train | loss 2.0794 | accuracy 12.5 | mean_length 64
09-14-21 12:52:33 - epoch 1 | global step 4440 | mode train | loss 2.077 | accuracy 13.4375 | mean_length 64
09-14-21 12:54:19 - epoch 1 | global step 4450 | mode train | loss 2.0822 | accuracy 12.8125 | mean_length 64
09-14-21 12:56:05 - epoch 1 | global step 4460 | mode train | loss 2.0791 | accuracy 14.375 | mean_length 64
09-14-21 12:57:52 - epoch 1 | global step 4470 | mode train | loss 2.0771 | accuracy 14.375 | mean_length 64
09-14-21 12:59:38 - epoch 1 | global step 4480 | mode train | loss 2.0821 | accuracy 10.0 | mean_length 64
09-14-21 13:01:25 - epoch 1 | global step 4490 | mode train | loss 2.0799 | accuracy 11.5625 | mean_length 64
09-14-21 13:03:11 - epoch 1 | global step 4500 | mode train | loss 2.0794 | accuracy 10.9375 | mean_length 64
09-14-21 13:04:57 - epoch 1 | global step 4510 | mode train | loss 2.082 | accuracy 14.0625 | mean_length 64
09-14-21 13:06:44 - epoch 1 | global step 4520 | mode train | loss 2.0798 | accuracy 10.625 | mean_length 64
09-14-21 13:08:30 - epoch 1 | global step 4530 | mode train | loss 2.0809 | accuracy 13.125 | mean_length 64
09-14-21 13:10:16 - epoch 1 | global step 4540 | mode train | loss 2.0809 | accuracy 10.0 | mean_length 64
09-14-21 13:12:03 - epoch 1 | global step 4550 | mode train | loss 2.081 | accuracy 10.625 | mean_length 64
09-14-21 13:13:49 - epoch 1 | global step 4560 | mode train | loss 2.0802 | accuracy 14.375 | mean_length 64
09-14-21 13:15:35 - epoch 1 | global step 4570 | mode train | loss 2.081 | accuracy 10.9375 | mean_length 64
09-14-21 13:17:22 - epoch 1 | global step 4580 | mode train | loss 2.0803 | accuracy 13.75 | mean_length 64
09-14-21 13:19:08 - epoch 1 | global step 4590 | mode train | loss 2.0787 | accuracy 14.0625 | mean_length 64
09-14-21 13:20:55 - epoch 1 | global step 4600 | mode train | loss 2.0776 | accuracy 14.375 | mean_length 64
09-14-21 13:31:44 - epoch 1 | global step 4608 | mode validation | loss 2.0796 | accuracy 12.44 | mean_length 64
09-14-21 13:32:06 - epoch 1 | global step 4610 | mode train | loss 2.0798 | accuracy 12.5 | mean_length 64
09-14-21 13:33:52 - epoch 1 | global step 4620 | mode train | loss 2.08 | accuracy 12.5 | mean_length 64
09-14-21 13:35:38 - epoch 1 | global step 4630 | mode train | loss 2.0783 | accuracy 12.5 | mean_length 64
09-14-21 13:37:25 - epoch 1 | global step 4640 | mode train | loss 2.0782 | accuracy 16.875 | mean_length 64
09-14-21 13:39:11 - epoch 1 | global step 4650 | mode train | loss 2.0815 | accuracy 9.0625 | mean_length 64
09-14-21 13:40:57 - epoch 1 | global step 4660 | mode train | loss 2.0794 | accuracy 13.125 | mean_length 64
09-14-21 13:42:44 - epoch 1 | global step 4670 | mode train | loss 2.0815 | accuracy 13.4375 | mean_length 64
09-14-21 13:44:30 - epoch 1 | global step 4680 | mode train | loss 2.0797 | accuracy 11.25 | mean_length 64
09-14-21 13:46:16 - epoch 1 | global step 4690 | mode train | loss 2.0803 | accuracy 12.1875 | mean_length 64
09-14-21 13:48:03 - epoch 1 | global step 4700 | mode train | loss 2.0801 | accuracy 11.5625 | mean_length 64
09-14-21 13:49:49 - epoch 1 | global step 4710 | mode train | loss 2.0805 | accuracy 10.3125 | mean_length 64
09-14-21 13:51:35 - epoch 1 | global step 4720 | mode train | loss 2.0812 | accuracy 11.25 | mean_length 64
09-14-21 13:53:22 - epoch 1 | global step 4730 | mode train | loss 2.0801 | accuracy 11.875 | mean_length 64
09-14-21 13:55:08 - epoch 1 | global step 4740 | mode train | loss 2.0774 | accuracy 15.3125 | mean_length 64
09-14-21 13:56:54 - epoch 1 | global step 4750 | mode train | loss 2.0803 | accuracy 13.125 | mean_length 64
09-14-21 13:58:40 - epoch 1 | global step 4760 | mode train | loss 2.0773 | accuracy 15.625 | mean_length 64
09-14-21 14:00:27 - epoch 1 | global step 4770 | mode train | loss 2.0798 | accuracy 13.75 | mean_length 64
09-14-21 14:02:13 - epoch 1 | global step 4780 | mode train | loss 2.08 | accuracy 11.875 | mean_length 64
09-14-21 14:03:59 - epoch 1 | global step 4790 | mode train | loss 2.0814 | accuracy 10.0 | mean_length 64
09-14-21 14:05:46 - epoch 1 | global step 4800 | mode train | loss 2.0784 | accuracy 17.1875 | mean_length 64
09-14-21 14:07:32 - epoch 1 | global step 4810 | mode train | loss 2.0782 | accuracy 12.8125 | mean_length 64
09-14-21 14:09:18 - epoch 1 | global step 4820 | mode train | loss 2.081 | accuracy 11.875 | mean_length 64
09-14-21 14:11:04 - epoch 1 | global step 4830 | mode train | loss 2.08 | accuracy 15.625 | mean_length 64
09-14-21 14:12:51 - epoch 1 | global step 4840 | mode train | loss 2.0799 | accuracy 13.4375 | mean_length 64
09-14-21 14:14:37 - epoch 1 | global step 4850 | mode train | loss 2.0806 | accuracy 13.4375 | mean_length 64
09-14-21 14:16:24 - epoch 1 | global step 4860 | mode train | loss 2.082 | accuracy 10.0 | mean_length 64
09-14-21 14:18:10 - epoch 1 | global step 4870 | mode train | loss 2.0801 | accuracy 15.0 | mean_length 64
09-14-21 14:19:56 - epoch 1 | global step 4880 | mode train | loss 2.0801 | accuracy 14.0625 | mean_length 64
09-14-21 14:21:43 - epoch 1 | global step 4890 | mode train | loss 2.0787 | accuracy 10.9375 | mean_length 64
09-14-21 14:23:29 - epoch 1 | global step 4900 | mode train | loss 2.0798 | accuracy 12.8125 | mean_length 64
09-14-21 14:25:15 - epoch 1 | global step 4910 | mode train | loss 2.0797 | accuracy 13.4375 | mean_length 64
09-14-21 14:27:02 - epoch 1 | global step 4920 | mode train | loss 2.081 | accuracy 10.9375 | mean_length 64
09-14-21 14:28:48 - epoch 1 | global step 4930 | mode train | loss 2.0787 | accuracy 12.5 | mean_length 64
09-14-21 14:30:34 - epoch 1 | global step 4940 | mode train | loss 2.0806 | accuracy 10.625 | mean_length 64
09-14-21 14:32:21 - epoch 1 | global step 4950 | mode train | loss 2.0799 | accuracy 14.0625 | mean_length 64
09-14-21 14:34:07 - epoch 1 | global step 4960 | mode train | loss 2.0791 | accuracy 11.875 | mean_length 64
09-14-21 14:35:53 - epoch 1 | global step 4970 | mode train | loss 2.0803 | accuracy 12.8125 | mean_length 64
09-14-21 14:37:39 - epoch 1 | global step 4980 | mode train | loss 2.0806 | accuracy 13.4375 | mean_length 64
09-14-21 14:39:26 - epoch 1 | global step 4990 | mode train | loss 2.0787 | accuracy 11.5625 | mean_length 64
09-14-21 14:41:12 - epoch 1 | global step 5000 | mode train | loss 2.0814 | accuracy 10.625 | mean_length 64
09-14-21 14:42:58 - epoch 1 | global step 5010 | mode train | loss 2.0804 | accuracy 12.8125 | mean_length 64
09-14-21 14:44:45 - epoch 1 | global step 5020 | mode train | loss 2.0819 | accuracy 8.125 | mean_length 64
09-14-21 14:46:31 - epoch 1 | global step 5030 | mode train | loss 2.0774 | accuracy 13.75 | mean_length 64
09-14-21 14:48:17 - epoch 1 | global step 5040 | mode train | loss 2.0821 | accuracy 11.25 | mean_length 64
09-14-21 14:50:04 - epoch 1 | global step 5050 | mode train | loss 2.0794 | accuracy 13.125 | mean_length 64
09-14-21 14:51:50 - epoch 1 | global step 5060 | mode train | loss 2.0802 | accuracy 14.0625 | mean_length 64
09-14-21 14:53:36 - epoch 1 | global step 5070 | mode train | loss 2.079 | accuracy 11.875 | mean_length 64
09-14-21 14:55:23 - epoch 1 | global step 5080 | mode train | loss 2.0786 | accuracy 13.75 | mean_length 64
09-14-21 14:57:09 - epoch 1 | global step 5090 | mode train | loss 2.078 | accuracy 15.9375 | mean_length 64
09-14-21 14:58:55 - epoch 1 | global step 5100 | mode train | loss 2.0794 | accuracy 12.5 | mean_length 64
09-14-21 15:00:41 - epoch 1 | global step 5110 | mode train | loss 2.0799 | accuracy 14.375 | mean_length 64
09-14-21 15:02:28 - epoch 1 | global step 5120 | mode train | loss 2.0786 | accuracy 12.5 | mean_length 64
09-14-21 15:12:01 - epoch 1 | global step 5120 | mode validation | loss 2.0795 | accuracy 12.26 | mean_length 64
09-14-21 15:13:48 - epoch 1 | global step 5130 | mode train | loss 2.0767 | accuracy 11.875 | mean_length 64
09-14-21 15:15:34 - epoch 1 | global step 5140 | mode train | loss 2.0775 | accuracy 15.9375 | mean_length 64
09-14-21 15:17:20 - epoch 1 | global step 5150 | mode train | loss 2.0798 | accuracy 13.75 | mean_length 64
09-14-21 15:19:07 - epoch 1 | global step 5160 | mode train | loss 2.0815 | accuracy 8.125 | mean_length 64
09-14-21 15:20:53 - epoch 1 | global step 5170 | mode train | loss 2.0782 | accuracy 15.3125 | mean_length 64
09-14-21 15:22:39 - epoch 1 | global step 5180 | mode train | loss 2.0806 | accuracy 11.25 | mean_length 64
09-14-21 15:24:26 - epoch 1 | global step 5190 | mode train | loss 2.0808 | accuracy 12.1875 | mean_length 64
09-14-21 15:26:12 - epoch 1 | global step 5200 | mode train | loss 2.08 | accuracy 13.75 | mean_length 64
09-14-21 15:27:58 - epoch 1 | global step 5210 | mode train | loss 2.0808 | accuracy 8.75 | mean_length 64
09-14-21 15:29:44 - epoch 1 | global step 5220 | mode train | loss 2.0792 | accuracy 13.4375 | mean_length 64
09-14-21 15:31:31 - epoch 1 | global step 5230 | mode train | loss 2.0794 | accuracy 13.125 | mean_length 64
09-14-21 15:33:17 - epoch 1 | global step 5240 | mode train | loss 2.0789 | accuracy 16.875 | mean_length 64
09-14-21 15:35:04 - epoch 1 | global step 5250 | mode train | loss 2.0795 | accuracy 15.3125 | mean_length 64
09-14-21 15:36:51 - epoch 1 | global step 5260 | mode train | loss 2.079 | accuracy 12.8125 | mean_length 64
09-14-21 15:38:37 - epoch 1 | global step 5270 | mode train | loss 2.0803 | accuracy 12.5 | mean_length 64
09-14-21 15:40:24 - epoch 1 | global step 5280 | mode train | loss 2.0797 | accuracy 15.3125 | mean_length 64
09-14-21 15:42:11 - epoch 1 | global step 5290 | mode train | loss 2.0804 | accuracy 12.5 | mean_length 64
09-14-21 15:43:58 - epoch 1 | global step 5300 | mode train | loss 2.0791 | accuracy 12.8125 | mean_length 64
09-14-21 15:45:45 - epoch 1 | global step 5310 | mode train | loss 2.0792 | accuracy 12.5 | mean_length 64
09-14-21 15:47:31 - epoch 1 | global step 5320 | mode train | loss 2.0804 | accuracy 10.625 | mean_length 64
09-14-21 15:49:18 - epoch 1 | global step 5330 | mode train | loss 2.0822 | accuracy 11.25 | mean_length 64
09-14-21 15:51:05 - epoch 1 | global step 5340 | mode train | loss 2.0785 | accuracy 15.0 | mean_length 64
09-14-21 15:52:52 - epoch 1 | global step 5350 | mode train | loss 2.0789 | accuracy 14.6875 | mean_length 64
09-14-21 15:54:38 - epoch 1 | global step 5360 | mode train | loss 2.0786 | accuracy 13.75 | mean_length 64
09-14-21 15:56:25 - epoch 1 | global step 5370 | mode train | loss 2.0802 | accuracy 14.0625 | mean_length 64
09-14-21 15:58:12 - epoch 1 | global step 5380 | mode train | loss 2.0804 | accuracy 13.125 | mean_length 64
09-14-21 15:59:59 - epoch 1 | global step 5390 | mode train | loss 2.0799 | accuracy 11.875 | mean_length 64
09-14-21 16:01:45 - epoch 1 | global step 5400 | mode train | loss 2.0797 | accuracy 10.3125 | mean_length 64
09-14-21 16:03:32 - epoch 1 | global step 5410 | mode train | loss 2.078 | accuracy 13.4375 | mean_length 64
09-14-21 16:05:19 - epoch 1 | global step 5420 | mode train | loss 2.0789 | accuracy 15.9375 | mean_length 64
09-14-21 16:07:06 - epoch 1 | global step 5430 | mode train | loss 2.0802 | accuracy 9.0625 | mean_length 64
09-14-21 16:08:52 - epoch 1 | global step 5440 | mode train | loss 2.0797 | accuracy 12.1875 | mean_length 64
09-14-21 16:10:39 - epoch 1 | global step 5450 | mode train | loss 2.0784 | accuracy 13.125 | mean_length 64
09-14-21 16:12:26 - epoch 1 | global step 5460 | mode train | loss 2.0809 | accuracy 10.0 | mean_length 64
09-14-21 16:14:13 - epoch 1 | global step 5470 | mode train | loss 2.0805 | accuracy 10.625 | mean_length 64
09-14-21 16:16:00 - epoch 1 | global step 5480 | mode train | loss 2.0811 | accuracy 10.0 | mean_length 64
09-14-21 16:17:46 - epoch 1 | global step 5490 | mode train | loss 2.0775 | accuracy 14.375 | mean_length 64
09-14-21 16:19:33 - epoch 1 | global step 5500 | mode train | loss 2.0798 | accuracy 13.125 | mean_length 64
09-14-21 16:21:20 - epoch 1 | global step 5510 | mode train | loss 2.0813 | accuracy 9.0625 | mean_length 64
09-14-21 16:23:07 - epoch 1 | global step 5520 | mode train | loss 2.0804 | accuracy 13.125 | mean_length 64
09-14-21 16:24:53 - epoch 1 | global step 5530 | mode train | loss 2.077 | accuracy 14.6875 | mean_length 64
09-14-21 16:26:40 - epoch 1 | global step 5540 | mode train | loss 2.0812 | accuracy 8.4375 | mean_length 64
09-14-21 16:28:27 - epoch 1 | global step 5550 | mode train | loss 2.0818 | accuracy 10.3125 | mean_length 64
09-14-21 16:30:14 - epoch 1 | global step 5560 | mode train | loss 2.0803 | accuracy 11.5625 | mean_length 64
09-14-21 16:32:00 - epoch 1 | global step 5570 | mode train | loss 2.0784 | accuracy 11.875 | mean_length 64
09-14-21 16:33:47 - epoch 1 | global step 5580 | mode train | loss 2.08 | accuracy 11.25 | mean_length 64
09-14-21 16:35:34 - epoch 1 | global step 5590 | mode train | loss 2.078 | accuracy 13.4375 | mean_length 64
09-14-21 16:37:21 - epoch 1 | global step 5600 | mode train | loss 2.08 | accuracy 10.3125 | mean_length 64
09-14-21 16:39:07 - epoch 1 | global step 5610 | mode train | loss 2.0804 | accuracy 9.375 | mean_length 64
09-14-21 16:40:54 - epoch 1 | global step 5620 | mode train | loss 2.0816 | accuracy 12.5 | mean_length 64
09-14-21 16:42:41 - epoch 1 | global step 5630 | mode train | loss 2.0789 | accuracy 14.0625 | mean_length 64
09-14-21 16:52:31 - epoch 1 | global step 5632 | mode validation | loss 2.0796 | accuracy 12.28 | mean_length 64
09-14-21 16:53:57 - epoch 1 | global step 5640 | mode train | loss 2.0799 | accuracy 12.1875 | mean_length 64
09-14-21 16:55:44 - epoch 1 | global step 5650 | mode train | loss 2.0792 | accuracy 13.4375 | mean_length 64
09-14-21 16:57:30 - epoch 1 | global step 5660 | mode train | loss 2.0797 | accuracy 12.5 | mean_length 64
09-14-21 16:59:17 - epoch 1 | global step 5670 | mode train | loss 2.08 | accuracy 15.0 | mean_length 64
09-14-21 17:01:04 - epoch 1 | global step 5680 | mode train | loss 2.0808 | accuracy 10.0 | mean_length 64
09-14-21 17:02:51 - epoch 1 | global step 5690 | mode train | loss 2.0801 | accuracy 11.25 | mean_length 64
09-14-21 17:04:37 - epoch 1 | global step 5700 | mode train | loss 2.0801 | accuracy 10.3125 | mean_length 64
09-14-21 17:06:24 - epoch 1 | global step 5710 | mode train | loss 2.0788 | accuracy 11.25 | mean_length 64
09-14-21 17:08:11 - epoch 1 | global step 5720 | mode train | loss 2.078 | accuracy 11.875 | mean_length 64
09-14-21 17:09:57 - epoch 1 | global step 5730 | mode train | loss 2.0789 | accuracy 13.4375 | mean_length 64
09-14-21 17:11:44 - epoch 1 | global step 5740 | mode train | loss 2.0803 | accuracy 10.3125 | mean_length 64
09-14-21 17:13:31 - epoch 1 | global step 5750 | mode train | loss 2.0807 | accuracy 10.9375 | mean_length 64
09-14-21 17:15:18 - epoch 1 | global step 5760 | mode train | loss 2.0785 | accuracy 15.0 | mean_length 64
09-14-21 17:17:04 - epoch 1 | global step 5770 | mode train | loss 2.0787 | accuracy 14.375 | mean_length 64
09-14-21 17:18:51 - epoch 1 | global step 5780 | mode train | loss 2.0778 | accuracy 13.4375 | mean_length 64
09-14-21 17:20:37 - epoch 1 | global step 5790 | mode train | loss 2.0789 | accuracy 12.5 | mean_length 64
09-14-21 17:22:24 - epoch 1 | global step 5800 | mode train | loss 2.0814 | accuracy 13.125 | mean_length 64
09-14-21 17:24:10 - epoch 1 | global step 5810 | mode train | loss 2.0811 | accuracy 12.1875 | mean_length 64
09-14-21 17:25:57 - epoch 1 | global step 5820 | mode train | loss 2.08 | accuracy 11.875 | mean_length 64
09-14-21 17:27:44 - epoch 1 | global step 5830 | mode train | loss 2.0798 | accuracy 10.3125 | mean_length 64
09-14-21 17:29:30 - epoch 1 | global step 5840 | mode train | loss 2.0791 | accuracy 10.9375 | mean_length 64
09-14-21 17:31:17 - epoch 1 | global step 5850 | mode train | loss 2.081 | accuracy 11.875 | mean_length 64
09-14-21 17:33:03 - epoch 1 | global step 5860 | mode train | loss 2.0801 | accuracy 10.3125 | mean_length 64
09-14-21 17:34:50 - epoch 1 | global step 5870 | mode train | loss 2.0786 | accuracy 14.375 | mean_length 64
09-14-21 17:36:36 - epoch 1 | global step 5880 | mode train | loss 2.0803 | accuracy 10.0 | mean_length 64
09-14-21 17:38:23 - epoch 1 | global step 5890 | mode train | loss 2.0784 | accuracy 11.875 | mean_length 64
09-14-21 17:40:10 - epoch 1 | global step 5900 | mode train | loss 2.0776 | accuracy 14.375 | mean_length 64
09-14-21 17:41:56 - epoch 1 | global step 5910 | mode train | loss 2.0797 | accuracy 11.5625 | mean_length 64
09-14-21 17:43:43 - epoch 1 | global step 5920 | mode train | loss 2.0796 | accuracy 11.25 | mean_length 64
09-14-21 17:45:29 - epoch 1 | global step 5930 | mode train | loss 2.0799 | accuracy 13.4375 | mean_length 64
09-14-21 17:47:16 - epoch 1 | global step 5940 | mode train | loss 2.0809 | accuracy 10.625 | mean_length 64
09-14-21 17:49:02 - epoch 1 | global step 5950 | mode train | loss 2.0814 | accuracy 12.5 | mean_length 64
09-14-21 17:50:49 - epoch 1 | global step 5960 | mode train | loss 2.0805 | accuracy 11.875 | mean_length 64
09-14-21 17:52:36 - epoch 1 | global step 5970 | mode train | loss 2.0792 | accuracy 10.625 | mean_length 64
09-14-21 17:54:22 - epoch 1 | global step 5980 | mode train | loss 2.079 | accuracy 13.75 | mean_length 64
09-14-21 17:56:09 - epoch 1 | global step 5990 | mode train | loss 2.0797 | accuracy 12.5 | mean_length 64
09-14-21 17:57:55 - epoch 1 | global step 6000 | mode train | loss 2.079 | accuracy 15.3125 | mean_length 64
09-14-21 17:59:42 - epoch 1 | global step 6010 | mode train | loss 2.0789 | accuracy 12.5 | mean_length 64
09-14-21 18:01:28 - epoch 1 | global step 6020 | mode train | loss 2.0783 | accuracy 13.4375 | mean_length 64
09-14-21 18:03:15 - epoch 1 | global step 6030 | mode train | loss 2.0811 | accuracy 11.25 | mean_length 64
09-14-21 18:05:02 - epoch 1 | global step 6040 | mode train | loss 2.0798 | accuracy 14.375 | mean_length 64
09-14-21 18:06:48 - epoch 1 | global step 6050 | mode train | loss 2.0781 | accuracy 15.0 | mean_length 64
09-14-21 18:08:35 - epoch 1 | global step 6060 | mode train | loss 2.0795 | accuracy 12.5 | mean_length 64
09-14-21 18:10:21 - epoch 1 | global step 6070 | mode train | loss 2.0785 | accuracy 11.25 | mean_length 64
09-14-21 18:12:08 - epoch 1 | global step 6080 | mode train | loss 2.0788 | accuracy 14.6875 | mean_length 64
09-14-21 18:13:55 - epoch 1 | global step 6090 | mode train | loss 2.0794 | accuracy 11.875 | mean_length 64
09-14-21 18:15:42 - epoch 1 | global step 6100 | mode train | loss 2.0792 | accuracy 10.9375 | mean_length 64
09-14-21 18:17:28 - epoch 1 | global step 6110 | mode train | loss 2.0817 | accuracy 10.0 | mean_length 64
09-14-21 18:19:15 - epoch 1 | global step 6120 | mode train | loss 2.0798 | accuracy 12.1875 | mean_length 64
09-14-21 18:21:01 - epoch 1 | global step 6130 | mode train | loss 2.0808 | accuracy 11.5625 | mean_length 64
09-14-21 18:22:48 - epoch 1 | global step 6140 | mode train | loss 2.0797 | accuracy 13.4375 | mean_length 64
09-14-21 18:32:57 - epoch 1 | global step 6144 | mode validation | loss 2.0795 | accuracy 12.68 | mean_length 64
09-14-21 18:34:01 - epoch 1 | global step 6150 | mode train | loss 2.0797 | accuracy 12.8125 | mean_length 64
09-14-21 18:35:48 - epoch 1 | global step 6160 | mode train | loss 2.0792 | accuracy 13.75 | mean_length 64
09-14-21 18:37:35 - epoch 1 | global step 6170 | mode train | loss 2.0798 | accuracy 13.4375 | mean_length 64
09-14-21 18:39:21 - epoch 1 | global step 6180 | mode train | loss 2.0786 | accuracy 12.1875 | mean_length 64
09-14-21 18:41:08 - epoch 1 | global step 6190 | mode train | loss 2.0797 | accuracy 12.5 | mean_length 64
09-14-21 18:42:54 - epoch 1 | global step 6200 | mode train | loss 2.0801 | accuracy 10.625 | mean_length 64
09-14-21 18:44:41 - epoch 1 | global step 6210 | mode train | loss 2.0809 | accuracy 8.125 | mean_length 64
09-14-21 18:46:27 - epoch 1 | global step 6220 | mode train | loss 2.0804 | accuracy 15.3125 | mean_length 64
09-14-21 18:48:14 - epoch 1 | global step 6230 | mode train | loss 2.0792 | accuracy 13.4375 | mean_length 64
09-14-21 18:50:01 - epoch 1 | global step 6240 | mode train | loss 2.082 | accuracy 7.8125 | mean_length 64
09-14-21 18:51:47 - epoch 1 | global step 6250 | mode train | loss 2.079 | accuracy 16.25 | mean_length 64
09-14-21 18:53:34 - epoch 1 | global step 6260 | mode train | loss 2.0796 | accuracy 14.375 | mean_length 64
09-14-21 18:55:20 - epoch 1 | global step 6270 | mode train | loss 2.0776 | accuracy 15.625 | mean_length 64
09-14-21 18:57:06 - epoch 1 | global step 6280 | mode train | loss 2.0803 | accuracy 13.75 | mean_length 64
09-14-21 18:58:53 - epoch 1 | global step 6290 | mode train | loss 2.0794 | accuracy 12.1875 | mean_length 64
09-14-21 19:00:39 - epoch 1 | global step 6300 | mode train | loss 2.0793 | accuracy 11.875 | mean_length 64
09-14-21 19:02:25 - epoch 1 | global step 6310 | mode train | loss 2.0794 | accuracy 12.1875 | mean_length 64
09-14-21 19:04:12 - epoch 1 | global step 6320 | mode train | loss 2.0795 | accuracy 12.1875 | mean_length 64
09-14-21 19:05:58 - epoch 1 | global step 6330 | mode train | loss 2.0796 | accuracy 10.625 | mean_length 64
09-14-21 19:07:44 - epoch 1 | global step 6340 | mode train | loss 2.0816 | accuracy 10.3125 | mean_length 64
09-14-21 19:09:31 - epoch 1 | global step 6350 | mode train | loss 2.081 | accuracy 8.75 | mean_length 64
09-14-21 19:11:17 - epoch 1 | global step 6360 | mode train | loss 2.0804 | accuracy 12.1875 | mean_length 64
09-14-21 19:13:03 - epoch 1 | global step 6370 | mode train | loss 2.0805 | accuracy 11.875 | mean_length 64
09-14-21 19:14:50 - epoch 1 | global step 6380 | mode train | loss 2.0781 | accuracy 13.125 | mean_length 64
09-14-21 19:16:36 - epoch 1 | global step 6390 | mode train | loss 2.0796 | accuracy 11.875 | mean_length 64
09-14-21 19:18:23 - epoch 1 | global step 6400 | mode train | loss 2.0783 | accuracy 14.0625 | mean_length 64
09-14-21 19:20:09 - epoch 1 | global step 6410 | mode train | loss 2.0791 | accuracy 12.1875 | mean_length 64
09-14-21 19:21:55 - epoch 1 | global step 6420 | mode train | loss 2.0803 | accuracy 12.5 | mean_length 64
09-14-21 19:23:42 - epoch 1 | global step 6430 | mode train | loss 2.0769 | accuracy 15.0 | mean_length 64
09-14-21 19:25:28 - epoch 1 | global step 6440 | mode train | loss 2.0809 | accuracy 13.4375 | mean_length 64
09-14-21 19:27:14 - epoch 1 | global step 6450 | mode train | loss 2.0819 | accuracy 10.9375 | mean_length 64
09-14-21 19:29:01 - epoch 2 | global step 6460 | mode train | loss 2.0803 | accuracy 13.75 | mean_length 64
09-14-21 19:30:47 - epoch 2 | global step 6470 | mode train | loss 2.0794 | accuracy 12.1875 | mean_length 64
09-14-21 19:32:33 - epoch 2 | global step 6480 | mode train | loss 2.0794 | accuracy 15.3125 | mean_length 64
09-14-21 19:34:19 - epoch 2 | global step 6490 | mode train | loss 2.08 | accuracy 14.6875 | mean_length 64
09-14-21 19:36:06 - epoch 2 | global step 6500 | mode train | loss 2.0793 | accuracy 12.5 | mean_length 64
09-14-21 19:37:52 - epoch 2 | global step 6510 | mode train | loss 2.0822 | accuracy 9.375 | mean_length 64
09-14-21 19:39:38 - epoch 2 | global step 6520 | mode train | loss 2.0776 | accuracy 12.5 | mean_length 64
09-14-21 19:41:25 - epoch 2 | global step 6530 | mode train | loss 2.0798 | accuracy 12.8125 | mean_length 64
09-14-21 19:43:11 - epoch 2 | global step 6540 | mode train | loss 2.0797 | accuracy 13.4375 | mean_length 64
09-14-21 19:44:57 - epoch 2 | global step 6550 | mode train | loss 2.0796 | accuracy 12.1875 | mean_length 64
09-14-21 19:46:44 - epoch 2 | global step 6560 | mode train | loss 2.0794 | accuracy 13.4375 | mean_length 64
09-14-21 19:48:30 - epoch 2 | global step 6570 | mode train | loss 2.081 | accuracy 12.8125 | mean_length 64
09-14-21 19:50:17 - epoch 2 | global step 6580 | mode train | loss 2.0794 | accuracy 12.5 | mean_length 64
09-14-21 19:52:03 - epoch 2 | global step 6590 | mode train | loss 2.0792 | accuracy 13.75 | mean_length 64
09-14-21 19:53:49 - epoch 2 | global step 6600 | mode train | loss 2.0786 | accuracy 14.6875 | mean_length 64
09-14-21 19:55:35 - epoch 2 | global step 6610 | mode train | loss 2.079 | accuracy 13.125 | mean_length 64
09-14-21 19:57:22 - epoch 2 | global step 6620 | mode train | loss 2.0781 | accuracy 13.75 | mean_length 64
09-14-21 19:59:08 - epoch 2 | global step 6630 | mode train | loss 2.0808 | accuracy 9.0625 | mean_length 64
09-14-21 20:00:54 - epoch 2 | global step 6640 | mode train | loss 2.0797 | accuracy 13.4375 | mean_length 64
09-14-21 20:02:41 - epoch 2 | global step 6650 | mode train | loss 2.0795 | accuracy 15.3125 | mean_length 64
09-14-21 20:13:09 - epoch 2 | global step 6656 | mode validation | loss 2.0795 | accuracy 13.02 | mean_length 64
09-14-21 20:13:52 - epoch 2 | global step 6660 | mode train | loss 2.0797 | accuracy 14.375 | mean_length 64
09-14-21 20:15:38 - epoch 2 | global step 6670 | mode train | loss 2.0782 | accuracy 13.75 | mean_length 64
09-14-21 20:17:24 - epoch 2 | global step 6680 | mode train | loss 2.0795 | accuracy 12.8125 | mean_length 64
09-14-21 20:19:11 - epoch 2 | global step 6690 | mode train | loss 2.0806 | accuracy 13.75 | mean_length 64
09-14-21 20:20:57 - epoch 2 | global step 6700 | mode train | loss 2.0829 | accuracy 11.25 | mean_length 64
09-14-21 20:22:43 - epoch 2 | global step 6710 | mode train | loss 2.0806 | accuracy 13.75 | mean_length 64
09-14-21 20:24:29 - epoch 2 | global step 6720 | mode train | loss 2.0778 | accuracy 13.4375 | mean_length 64
09-14-21 20:26:16 - epoch 2 | global step 6730 | mode train | loss 2.0801 | accuracy 9.0625 | mean_length 64
09-14-21 20:28:02 - epoch 2 | global step 6740 | mode train | loss 2.0798 | accuracy 10.625 | mean_length 64
09-14-21 20:29:48 - epoch 2 | global step 6750 | mode train | loss 2.0789 | accuracy 11.25 | mean_length 64
09-14-21 20:31:35 - epoch 2 | global step 6760 | mode train | loss 2.0795 | accuracy 11.5625 | mean_length 64
09-14-21 20:33:21 - epoch 2 | global step 6770 | mode train | loss 2.0791 | accuracy 15.0 | mean_length 64
09-14-21 20:35:07 - epoch 2 | global step 6780 | mode train | loss 2.0778 | accuracy 16.5625 | mean_length 64
09-14-21 20:36:53 - epoch 2 | global step 6790 | mode train | loss 2.0804 | accuracy 10.625 | mean_length 64
09-14-21 20:38:40 - epoch 2 | global step 6800 | mode train | loss 2.0804 | accuracy 9.6875 | mean_length 64
09-14-21 20:40:26 - epoch 2 | global step 6810 | mode train | loss 2.0795 | accuracy 12.8125 | mean_length 64
09-14-21 20:42:12 - epoch 2 | global step 6820 | mode train | loss 2.0801 | accuracy 11.25 | mean_length 64
09-14-21 20:43:59 - epoch 2 | global step 6830 | mode train | loss 2.0786 | accuracy 13.4375 | mean_length 64
09-14-21 20:45:45 - epoch 2 | global step 6840 | mode train | loss 2.0803 | accuracy 13.75 | mean_length 64
09-14-21 20:47:31 - epoch 2 | global step 6850 | mode train | loss 2.0779 | accuracy 14.0625 | mean_length 64
09-14-21 20:49:17 - epoch 2 | global step 6860 | mode train | loss 2.0809 | accuracy 13.4375 | mean_length 64
09-14-21 20:51:04 - epoch 2 | global step 6870 | mode train | loss 2.0807 | accuracy 11.5625 | mean_length 64
09-14-21 20:52:50 - epoch 2 | global step 6880 | mode train | loss 2.0793 | accuracy 15.9375 | mean_length 64
09-14-21 20:54:36 - epoch 2 | global step 6890 | mode train | loss 2.0795 | accuracy 10.625 | mean_length 64
09-14-21 20:56:23 - epoch 2 | global step 6900 | mode train | loss 2.0814 | accuracy 12.1875 | mean_length 64
09-14-21 20:58:09 - epoch 2 | global step 6910 | mode train | loss 2.0792 | accuracy 15.3125 | mean_length 64
09-14-21 20:59:55 - epoch 2 | global step 6920 | mode train | loss 2.0788 | accuracy 12.8125 | mean_length 64
09-14-21 21:01:41 - epoch 2 | global step 6930 | mode train | loss 2.0794 | accuracy 13.75 | mean_length 64
09-14-21 21:03:28 - epoch 2 | global step 6940 | mode train | loss 2.0787 | accuracy 14.375 | mean_length 64
09-14-21 21:05:14 - epoch 2 | global step 6950 | mode train | loss 2.0804 | accuracy 12.5 | mean_length 64
09-14-21 21:07:00 - epoch 2 | global step 6960 | mode train | loss 2.0829 | accuracy 7.5 | mean_length 64
09-14-21 21:08:47 - epoch 2 | global step 6970 | mode train | loss 2.0786 | accuracy 13.4375 | mean_length 64
09-14-21 21:10:33 - epoch 2 | global step 6980 | mode train | loss 2.0791 | accuracy 11.5625 | mean_length 64
09-14-21 21:12:19 - epoch 2 | global step 6990 | mode train | loss 2.0789 | accuracy 15.9375 | mean_length 64
09-14-21 21:14:06 - epoch 2 | global step 7000 | mode train | loss 2.0784 | accuracy 14.0625 | mean_length 64
09-14-21 21:15:52 - epoch 2 | global step 7010 | mode train | loss 2.0793 | accuracy 15.0 | mean_length 64
09-14-21 21:17:39 - epoch 2 | global step 7020 | mode train | loss 2.0812 | accuracy 9.6875 | mean_length 64
09-14-21 21:19:25 - epoch 2 | global step 7030 | mode train | loss 2.079 | accuracy 13.125 | mean_length 64
09-14-21 21:21:11 - epoch 2 | global step 7040 | mode train | loss 2.0802 | accuracy 11.875 | mean_length 64
09-14-21 21:22:58 - epoch 2 | global step 7050 | mode train | loss 2.0804 | accuracy 10.9375 | mean_length 64
09-14-21 21:24:44 - epoch 2 | global step 7060 | mode train | loss 2.0807 | accuracy 10.9375 | mean_length 64
09-14-21 21:26:30 - epoch 2 | global step 7070 | mode train | loss 2.0779 | accuracy 15.9375 | mean_length 64
09-14-21 21:28:16 - epoch 2 | global step 7080 | mode train | loss 2.0793 | accuracy 13.125 | mean_length 64
09-14-21 21:30:03 - epoch 2 | global step 7090 | mode train | loss 2.0804 | accuracy 12.8125 | mean_length 64
09-14-21 21:31:49 - epoch 2 | global step 7100 | mode train | loss 2.0794 | accuracy 12.5 | mean_length 64
09-14-21 21:33:35 - epoch 2 | global step 7110 | mode train | loss 2.0796 | accuracy 8.75 | mean_length 64
09-14-21 21:35:22 - epoch 2 | global step 7120 | mode train | loss 2.0802 | accuracy 8.125 | mean_length 64
09-14-21 21:37:08 - epoch 2 | global step 7130 | mode train | loss 2.0801 | accuracy 14.6875 | mean_length 64
09-14-21 21:38:54 - epoch 2 | global step 7140 | mode train | loss 2.0791 | accuracy 12.5 | mean_length 64
09-14-21 21:40:41 - epoch 2 | global step 7150 | mode train | loss 2.0806 | accuracy 10.625 | mean_length 64
09-14-21 21:42:27 - epoch 2 | global step 7160 | mode train | loss 2.079 | accuracy 14.6875 | mean_length 64
09-14-21 21:53:16 - epoch 2 | global step 7168 | mode validation | loss 2.0796 | accuracy 12.88 | mean_length 64
09-14-21 21:53:38 - epoch 2 | global step 7170 | mode train | loss 2.0799 | accuracy 12.1875 | mean_length 64
09-14-21 21:55:24 - epoch 2 | global step 7180 | mode train | loss 2.0807 | accuracy 12.1875 | mean_length 64
09-14-21 21:57:10 - epoch 2 | global step 7190 | mode train | loss 2.0792 | accuracy 12.8125 | mean_length 64
09-14-21 21:58:57 - epoch 2 | global step 7200 | mode train | loss 2.0787 | accuracy 12.5 | mean_length 64
09-14-21 22:00:43 - epoch 2 | global step 7210 | mode train | loss 2.0813 | accuracy 10.3125 | mean_length 64
09-14-21 22:02:29 - epoch 2 | global step 7220 | mode train | loss 2.0794 | accuracy 11.5625 | mean_length 64
09-14-21 22:04:16 - epoch 2 | global step 7230 | mode train | loss 2.0772 | accuracy 16.875 | mean_length 64
09-14-21 22:06:02 - epoch 2 | global step 7240 | mode train | loss 2.0788 | accuracy 14.6875 | mean_length 64
09-14-21 22:07:48 - epoch 2 | global step 7250 | mode train | loss 2.0795 | accuracy 14.375 | mean_length 64
09-14-21 22:09:34 - epoch 2 | global step 7260 | mode train | loss 2.0815 | accuracy 10.3125 | mean_length 64
09-14-21 22:11:21 - epoch 2 | global step 7270 | mode train | loss 2.0795 | accuracy 9.0625 | mean_length 64
09-14-21 22:13:07 - epoch 2 | global step 7280 | mode train | loss 2.0783 | accuracy 13.4375 | mean_length 64
09-14-21 22:14:54 - epoch 2 | global step 7290 | mode train | loss 2.0797 | accuracy 15.3125 | mean_length 64
09-14-21 22:16:40 - epoch 2 | global step 7300 | mode train | loss 2.0797 | accuracy 12.5 | mean_length 64
09-14-21 22:18:27 - epoch 2 | global step 7310 | mode train | loss 2.0799 | accuracy 10.625 | mean_length 64
09-14-21 22:20:13 - epoch 2 | global step 7320 | mode train | loss 2.0807 | accuracy 14.0625 | mean_length 64
09-14-21 22:21:59 - epoch 2 | global step 7330 | mode train | loss 2.0803 | accuracy 10.9375 | mean_length 64
09-14-21 22:23:45 - epoch 2 | global step 7340 | mode train | loss 2.0777 | accuracy 16.5625 | mean_length 64
09-14-21 22:25:32 - epoch 2 | global step 7350 | mode train | loss 2.0791 | accuracy 13.75 | mean_length 64
09-14-21 22:27:18 - epoch 2 | global step 7360 | mode train | loss 2.0795 | accuracy 12.8125 | mean_length 64
09-14-21 22:29:04 - epoch 2 | global step 7370 | mode train | loss 2.0805 | accuracy 10.0 | mean_length 64
09-14-21 22:30:51 - epoch 2 | global step 7380 | mode train | loss 2.0797 | accuracy 13.75 | mean_length 64
09-14-21 22:32:37 - epoch 2 | global step 7390 | mode train | loss 2.0807 | accuracy 11.875 | mean_length 64
09-14-21 22:34:23 - epoch 2 | global step 7400 | mode train | loss 2.08 | accuracy 12.1875 | mean_length 64
09-14-21 22:36:10 - epoch 2 | global step 7410 | mode train | loss 2.0799 | accuracy 11.875 | mean_length 64
09-14-21 22:37:56 - epoch 2 | global step 7420 | mode train | loss 2.0808 | accuracy 12.8125 | mean_length 64
09-14-21 22:39:42 - epoch 2 | global step 7430 | mode train | loss 2.0795 | accuracy 12.1875 | mean_length 64
09-14-21 22:41:28 - epoch 2 | global step 7440 | mode train | loss 2.0787 | accuracy 11.5625 | mean_length 64
09-14-21 22:43:15 - epoch 2 | global step 7450 | mode train | loss 2.0779 | accuracy 13.75 | mean_length 64
09-14-21 22:45:01 - epoch 2 | global step 7460 | mode train | loss 2.0794 | accuracy 12.1875 | mean_length 64
09-14-21 22:46:47 - epoch 2 | global step 7470 | mode train | loss 2.0801 | accuracy 11.875 | mean_length 64
09-14-21 22:48:34 - epoch 2 | global step 7480 | mode train | loss 2.0801 | accuracy 12.5 | mean_length 64
09-14-21 22:50:20 - epoch 2 | global step 7490 | mode train | loss 2.0807 | accuracy 16.5625 | mean_length 64
09-14-21 22:52:06 - epoch 2 | global step 7500 | mode train | loss 2.0775 | accuracy 12.8125 | mean_length 64
09-14-21 22:53:52 - epoch 2 | global step 7510 | mode train | loss 2.0795 | accuracy 9.375 | mean_length 64
09-14-21 22:55:39 - epoch 2 | global step 7520 | mode train | loss 2.0789 | accuracy 13.75 | mean_length 64
09-14-21 22:57:25 - epoch 2 | global step 7530 | mode train | loss 2.0792 | accuracy 11.5625 | mean_length 64
09-14-21 22:59:11 - epoch 2 | global step 7540 | mode train | loss 2.0794 | accuracy 11.25 | mean_length 64
09-14-21 23:00:58 - epoch 2 | global step 7550 | mode train | loss 2.0795 | accuracy 11.5625 | mean_length 64
09-14-21 23:02:44 - epoch 2 | global step 7560 | mode train | loss 2.0794 | accuracy 15.625 | mean_length 64
09-14-21 23:04:30 - epoch 2 | global step 7570 | mode train | loss 2.0797 | accuracy 13.75 | mean_length 64
09-14-21 23:06:17 - epoch 2 | global step 7580 | mode train | loss 2.0779 | accuracy 13.75 | mean_length 64
09-14-21 23:08:03 - epoch 2 | global step 7590 | mode train | loss 2.0797 | accuracy 10.9375 | mean_length 64
09-14-21 23:09:49 - epoch 2 | global step 7600 | mode train | loss 2.08 | accuracy 13.75 | mean_length 64
09-14-21 23:11:35 - epoch 2 | global step 7610 | mode train | loss 2.0812 | accuracy 11.25 | mean_length 64
09-14-21 23:13:22 - epoch 2 | global step 7620 | mode train | loss 2.0799 | accuracy 10.9375 | mean_length 64
09-14-21 23:15:08 - epoch 2 | global step 7630 | mode train | loss 2.0792 | accuracy 15.9375 | mean_length 64
09-14-21 23:16:55 - epoch 2 | global step 7640 | mode train | loss 2.0803 | accuracy 11.25 | mean_length 64
09-14-21 23:18:41 - epoch 2 | global step 7650 | mode train | loss 2.0801 | accuracy 12.8125 | mean_length 64
09-14-21 23:20:27 - epoch 2 | global step 7660 | mode train | loss 2.078 | accuracy 13.4375 | mean_length 64
09-14-21 23:22:14 - epoch 2 | global step 7670 | mode train | loss 2.0787 | accuracy 14.375 | mean_length 64
09-14-21 23:24:00 - epoch 2 | global step 7680 | mode train | loss 2.0798 | accuracy 14.0625 | mean_length 64
09-14-21 23:33:25 - epoch 2 | global step 7680 | mode validation | loss 2.0796 | accuracy 12.44 | mean_length 64
09-14-21 23:35:11 - epoch 2 | global step 7690 | mode train | loss 2.0801 | accuracy 9.375 | mean_length 64
09-14-21 23:36:57 - epoch 2 | global step 7700 | mode train | loss 2.0798 | accuracy 10.3125 | mean_length 64
09-14-21 23:38:43 - epoch 2 | global step 7710 | mode train | loss 2.0803 | accuracy 12.5 | mean_length 64
09-14-21 23:40:30 - epoch 2 | global step 7720 | mode train | loss 2.081 | accuracy 11.875 | mean_length 64
09-14-21 23:42:16 - epoch 2 | global step 7730 | mode train | loss 2.0817 | accuracy 9.375 | mean_length 64
09-14-21 23:44:02 - epoch 2 | global step 7740 | mode train | loss 2.0802 | accuracy 12.1875 | mean_length 64
09-14-21 23:45:49 - epoch 2 | global step 7750 | mode train | loss 2.08 | accuracy 12.1875 | mean_length 64
09-14-21 23:47:35 - epoch 2 | global step 7760 | mode train | loss 2.0789 | accuracy 12.1875 | mean_length 64
09-14-21 23:49:21 - epoch 2 | global step 7770 | mode train | loss 2.0783 | accuracy 15.625 | mean_length 64
09-14-21 23:51:08 - epoch 2 | global step 7780 | mode train | loss 2.078 | accuracy 12.1875 | mean_length 64
09-14-21 23:52:54 - epoch 2 | global step 7790 | mode train | loss 2.0804 | accuracy 10.625 | mean_length 64
09-14-21 23:54:40 - epoch 2 | global step 7800 | mode train | loss 2.0803 | accuracy 11.25 | mean_length 64
09-14-21 23:56:26 - epoch 2 | global step 7810 | mode train | loss 2.0805 | accuracy 11.5625 | mean_length 64
09-14-21 23:58:13 - epoch 2 | global step 7820 | mode train | loss 2.0786 | accuracy 12.8125 | mean_length 64
09-14-21 23:59:59 - epoch 2 | global step 7830 | mode train | loss 2.0779 | accuracy 15.625 | mean_length 64
09-15-21 00:01:45 - epoch 2 | global step 7840 | mode train | loss 2.0796 | accuracy 12.8125 | mean_length 64
09-15-21 00:03:32 - epoch 2 | global step 7850 | mode train | loss 2.0792 | accuracy 12.1875 | mean_length 64
09-15-21 00:05:18 - epoch 2 | global step 7860 | mode train | loss 2.0811 | accuracy 10.3125 | mean_length 64
09-15-21 00:07:04 - epoch 2 | global step 7870 | mode train | loss 2.0794 | accuracy 13.125 | mean_length 64
09-15-21 00:08:51 - epoch 2 | global step 7880 | mode train | loss 2.0806 | accuracy 9.375 | mean_length 64
09-15-21 00:10:37 - epoch 2 | global step 7890 | mode train | loss 2.0784 | accuracy 14.6875 | mean_length 64
09-15-21 00:12:23 - epoch 2 | global step 7900 | mode train | loss 2.0799 | accuracy 10.9375 | mean_length 64
09-15-21 00:14:09 - epoch 2 | global step 7910 | mode train | loss 2.0799 | accuracy 13.4375 | mean_length 64
09-15-21 00:15:57 - epoch 2 | global step 7920 | mode train | loss 2.0785 | accuracy 16.25 | mean_length 64
09-15-21 00:17:43 - epoch 2 | global step 7930 | mode train | loss 2.0793 | accuracy 13.75 | mean_length 64
09-15-21 00:19:30 - epoch 2 | global step 7940 | mode train | loss 2.0796 | accuracy 12.5 | mean_length 64
09-15-21 00:21:16 - epoch 2 | global step 7950 | mode train | loss 2.0805 | accuracy 8.125 | mean_length 64
09-15-21 00:23:03 - epoch 2 | global step 7960 | mode train | loss 2.0806 | accuracy 13.4375 | mean_length 64
09-15-21 00:24:50 - epoch 2 | global step 7970 | mode train | loss 2.0797 | accuracy 10.0 | mean_length 64
09-15-21 00:26:36 - epoch 2 | global step 7980 | mode train | loss 2.0802 | accuracy 10.625 | mean_length 64
09-15-21 00:28:23 - epoch 2 | global step 7990 | mode train | loss 2.079 | accuracy 10.0 | mean_length 64
09-15-21 00:30:10 - epoch 2 | global step 8000 | mode train | loss 2.0802 | accuracy 8.75 | mean_length 64
09-15-21 00:31:56 - epoch 2 | global step 8010 | mode train | loss 2.0781 | accuracy 14.375 | mean_length 64
09-15-21 00:33:43 - epoch 2 | global step 8020 | mode train | loss 2.0773 | accuracy 15.625 | mean_length 64
09-15-21 00:35:30 - epoch 2 | global step 8030 | mode train | loss 2.0791 | accuracy 13.4375 | mean_length 64
09-15-21 00:37:16 - epoch 2 | global step 8040 | mode train | loss 2.0796 | accuracy 11.25 | mean_length 64
09-15-21 00:39:03 - epoch 2 | global step 8050 | mode train | loss 2.0789 | accuracy 12.1875 | mean_length 64
09-15-21 00:40:50 - epoch 2 | global step 8060 | mode train | loss 2.0814 | accuracy 9.6875 | mean_length 64
09-15-21 00:42:37 - epoch 2 | global step 8070 | mode train | loss 2.0793 | accuracy 14.0625 | mean_length 64
09-15-21 00:44:24 - epoch 2 | global step 8080 | mode train | loss 2.0809 | accuracy 12.5 | mean_length 64
09-15-21 00:46:10 - epoch 2 | global step 8090 | mode train | loss 2.0777 | accuracy 15.3125 | mean_length 64
09-15-21 00:47:57 - epoch 2 | global step 8100 | mode train | loss 2.0792 | accuracy 12.5 | mean_length 64
09-15-21 00:49:44 - epoch 2 | global step 8110 | mode train | loss 2.0784 | accuracy 15.625 | mean_length 64
09-15-21 00:51:30 - epoch 2 | global step 8120 | mode train | loss 2.0795 | accuracy 10.3125 | mean_length 64
09-15-21 00:53:17 - epoch 2 | global step 8130 | mode train | loss 2.0798 | accuracy 14.375 | mean_length 64
09-15-21 00:55:04 - epoch 2 | global step 8140 | mode train | loss 2.0797 | accuracy 10.625 | mean_length 64
09-15-21 00:56:50 - epoch 2 | global step 8150 | mode train | loss 2.0805 | accuracy 12.5 | mean_length 64
09-15-21 00:58:37 - epoch 2 | global step 8160 | mode train | loss 2.0798 | accuracy 14.0625 | mean_length 64
09-15-21 01:00:24 - epoch 2 | global step 8170 | mode train | loss 2.0779 | accuracy 16.875 | mean_length 64
09-15-21 01:02:10 - epoch 2 | global step 8180 | mode train | loss 2.0798 | accuracy 13.4375 | mean_length 64
09-15-21 01:03:57 - epoch 2 | global step 8190 | mode train | loss 2.0786 | accuracy 13.125 | mean_length 64
09-15-21 01:04:18 - Evaluate the following checkpoint: Output/accGrad4_mbart_BTen+zh_lr8.0e-6_7distractors_maxstep8192_seed43/model.pt
09-15-21 01:15:43 - Best model stats: 
09-15-21 01:15:43 - epoch 0 | global step 0 | mode validation | loss 2.0791 | accuracy 12.56 | mean_length 64
