==========================================
SLURM_JOB_ID = 5860774
SLURM_JOB_NODELIST = d11-02
TMPDIR = /tmp/SLURM_5860774
==========================================
/home1/zliu9986/communication-translation
09-12-21 22:31:07 - Dataset Loaded
09-12-21 22:31:07 - Configuration:
Namespace(TransferH=False, alpha=1.0, batch_size=8, beam_width=5, bidirectional=False, config='Configs/mbart_ec_noBT.yml', cpu=False, decode_how='beam', device=device(type='cuda'), do_eval=True, do_train=True, dropout=0.1, fix_bhd=False, fix_spk=False, grad_clip=1.0, gradient_accumulation_steps=4, hard=False, has_vocab_constraint=False, hidden_dim=512, image_dim=2048, lr=1.25e-05, max_global_step=8192, max_seq_length=64, mode='emergent_communication', model_name='Models/mbart-large-cc25', n_gpu=1, no_share_bhd=False, no_terminal=False, no_write=False, num_distractors_train=7, num_distractors_valid=7, num_games=30, num_layers=1, output_dir='Output/accGrad4_mbart_noBT_lr1.25e-5_7distractors_maxstep8192_seed43', print_every=10, save_output_txt=True, save_pretrain_seperately=True, seed=43, source_lang='en_XX', source_lang_vocab_constrain_file='/projects/unmt/communication-translation/en_cc_tokenID2count_dict.cc25.json', stats_to_print=['loss', 'accuracy', 'caption generation loss', 'image selection loss', 'mean_length'], target_acc=85.0, target_lang='zh_CN', target_lang_vocab_constrain_file='/projects/unmt/communication-translation/zh-Hans_cc_tokenID2count_dict.cc25.json', temp=1.0, temperature=1.0, train_images='./Data/ec_finetuning/images_train', two_ffwd=False, unit_norm=False, valid_every=512, valid_images='./Data/ec_finetuning/images_val', vocab_size=4035)
Sharing visual system for each agent.
09-12-21 22:41:13 - epoch 0 | global step 0 | mode validation | loss 3.1148 | accuracy 12.42 | mean_length 63.6134
09-12-21 22:41:13 - Saving model to Output/accGrad4_mbart_noBT_lr1.25e-5_7distractors_maxstep8192_seed43
Epoch: 0, Prediction Accuracy: 12.42, Saved to Path: Output/accGrad4_mbart_noBT_lr1.25e-5_7distractors_maxstep8192_seed43
09-12-21 22:43:10 - epoch 0 | global step 10 | mode train | loss 2.2537 | accuracy 18.125 | mean_length 58.4844
09-12-21 22:44:58 - epoch 0 | global step 20 | mode train | loss 2.3236 | accuracy 12.1875 | mean_length 62.1469
09-12-21 22:46:45 - epoch 0 | global step 30 | mode train | loss 2.457 | accuracy 12.8125 | mean_length 60.85
09-12-21 22:48:33 - epoch 0 | global step 40 | mode train | loss 2.5386 | accuracy 10.625 | mean_length 58.0
09-12-21 22:50:20 - epoch 0 | global step 50 | mode train | loss 2.4173 | accuracy 15.625 | mean_length 59.3281
09-12-21 22:52:08 - epoch 0 | global step 60 | mode train | loss 2.3332 | accuracy 10.625 | mean_length 61.3625
09-12-21 22:53:55 - epoch 0 | global step 70 | mode train | loss 2.2834 | accuracy 15.9375 | mean_length 62.4937
09-12-21 22:55:43 - epoch 0 | global step 80 | mode train | loss 2.198 | accuracy 13.125 | mean_length 63.2531
09-12-21 22:57:30 - epoch 0 | global step 90 | mode train | loss 2.2933 | accuracy 9.6875 | mean_length 63.3031
09-12-21 22:59:18 - epoch 0 | global step 100 | mode train | loss 2.2243 | accuracy 12.8125 | mean_length 63.3125
09-12-21 23:01:05 - epoch 0 | global step 110 | mode train | loss 2.1451 | accuracy 12.8125 | mean_length 63.7062
09-12-21 23:02:53 - epoch 0 | global step 120 | mode train | loss 2.1721 | accuracy 11.5625 | mean_length 63.7094
09-12-21 23:04:46 - epoch 0 | global step 130 | mode train | loss 2.0937 | accuracy 11.5625 | mean_length 63.6625
09-12-21 23:06:41 - epoch 0 | global step 140 | mode train | loss 2.0845 | accuracy 10.625 | mean_length 63.8594
09-12-21 23:08:28 - epoch 0 | global step 150 | mode train | loss 2.0903 | accuracy 11.25 | mean_length 63.9219
09-12-21 23:10:15 - epoch 0 | global step 160 | mode train | loss 2.0892 | accuracy 14.0625 | mean_length 63.9594
09-12-21 23:12:03 - epoch 0 | global step 170 | mode train | loss 2.0932 | accuracy 13.125 | mean_length 64
09-12-21 23:13:50 - epoch 0 | global step 180 | mode train | loss 2.0797 | accuracy 14.0625 | mean_length 63.6562
09-12-21 23:15:38 - epoch 0 | global step 190 | mode train | loss 2.0944 | accuracy 9.6875 | mean_length 61.6562
09-12-21 23:17:25 - epoch 0 | global step 200 | mode train | loss 2.098 | accuracy 13.125 | mean_length 60.0094
09-12-21 23:19:13 - epoch 0 | global step 210 | mode train | loss 2.0845 | accuracy 12.1875 | mean_length 58.0344
09-12-21 23:21:00 - epoch 0 | global step 220 | mode train | loss 2.0906 | accuracy 9.0625 | mean_length 56.8188
09-12-21 23:22:48 - epoch 0 | global step 230 | mode train | loss 2.0885 | accuracy 9.6875 | mean_length 52.3781
09-12-21 23:24:35 - epoch 0 | global step 240 | mode train | loss 2.085 | accuracy 11.875 | mean_length 51.9031
09-12-21 23:26:22 - epoch 0 | global step 250 | mode train | loss 2.094 | accuracy 10.625 | mean_length 51.4344
09-12-21 23:28:10 - epoch 0 | global step 260 | mode train | loss 2.0817 | accuracy 14.6875 | mean_length 50.8125
09-12-21 23:29:57 - epoch 0 | global step 270 | mode train | loss 2.09 | accuracy 11.5625 | mean_length 49.3625
09-12-21 23:31:44 - epoch 0 | global step 280 | mode train | loss 2.0865 | accuracy 10.625 | mean_length 48.4531
09-12-21 23:33:32 - epoch 0 | global step 290 | mode train | loss 2.0918 | accuracy 12.8125 | mean_length 58.15
09-12-21 23:35:19 - epoch 0 | global step 300 | mode train | loss 2.1067 | accuracy 9.0625 | mean_length 59.425
09-12-21 23:37:06 - epoch 0 | global step 310 | mode train | loss 2.0857 | accuracy 13.125 | mean_length 60.8781
09-12-21 23:38:54 - epoch 0 | global step 320 | mode train | loss 2.0746 | accuracy 15.625 | mean_length 62.1469
09-12-21 23:40:41 - epoch 0 | global step 330 | mode train | loss 2.0851 | accuracy 13.75 | mean_length 61.7156
09-12-21 23:42:28 - epoch 0 | global step 340 | mode train | loss 2.0777 | accuracy 12.1875 | mean_length 62.1219
09-12-21 23:44:15 - epoch 0 | global step 350 | mode train | loss 2.0849 | accuracy 11.875 | mean_length 63.3656
09-12-21 23:46:03 - epoch 0 | global step 360 | mode train | loss 2.0833 | accuracy 9.6875 | mean_length 63.7188
09-12-21 23:47:50 - epoch 0 | global step 370 | mode train | loss 2.0817 | accuracy 11.25 | mean_length 63.5625
09-12-21 23:49:38 - epoch 0 | global step 380 | mode train | loss 2.08 | accuracy 13.75 | mean_length 63.7
09-12-21 23:51:27 - epoch 0 | global step 390 | mode train | loss 2.08 | accuracy 12.5 | mean_length 63.6781
09-12-21 23:53:14 - epoch 0 | global step 400 | mode train | loss 2.0919 | accuracy 10.3125 | mean_length 63.3281
09-12-21 23:55:01 - epoch 0 | global step 410 | mode train | loss 2.0788 | accuracy 13.4375 | mean_length 63.7469
09-12-21 23:56:48 - epoch 0 | global step 420 | mode train | loss 2.0859 | accuracy 11.5625 | mean_length 63.7812
09-12-21 23:58:36 - epoch 0 | global step 430 | mode train | loss 2.078 | accuracy 16.5625 | mean_length 63.8031
09-13-21 00:00:23 - epoch 0 | global step 440 | mode train | loss 2.0827 | accuracy 13.4375 | mean_length 63.8344
09-13-21 00:02:11 - epoch 0 | global step 450 | mode train | loss 2.0835 | accuracy 11.875 | mean_length 64
09-13-21 00:03:58 - epoch 0 | global step 460 | mode train | loss 2.0828 | accuracy 11.5625 | mean_length 63.9656
09-13-21 00:05:45 - epoch 0 | global step 470 | mode train | loss 2.081 | accuracy 10.3125 | mean_length 63.7687
09-13-21 00:07:33 - epoch 0 | global step 480 | mode train | loss 2.0817 | accuracy 11.25 | mean_length 63.6344
09-13-21 00:09:20 - epoch 0 | global step 490 | mode train | loss 2.0782 | accuracy 13.75 | mean_length 63.8813
09-13-21 00:11:07 - epoch 0 | global step 500 | mode train | loss 2.0753 | accuracy 12.8125 | mean_length 64
09-13-21 00:12:54 - epoch 0 | global step 510 | mode train | loss 2.0834 | accuracy 9.0625 | mean_length 64
09-13-21 00:22:51 - epoch 0 | global step 512 | mode validation | loss 2.0804 | accuracy 12.58 | mean_length 64
09-13-21 00:22:51 - Saving model to Output/accGrad4_mbart_noBT_lr1.25e-5_7distractors_maxstep8192_seed43
Epoch: 0, Prediction Accuracy: 12.58, Saved to Path: Output/accGrad4_mbart_noBT_lr1.25e-5_7distractors_maxstep8192_seed43
09-13-21 00:24:27 - epoch 0 | global step 520 | mode train | loss 2.0844 | accuracy 13.4375 | mean_length 64
09-13-21 00:26:14 - epoch 0 | global step 530 | mode train | loss 2.0844 | accuracy 10.0 | mean_length 64
09-13-21 00:28:05 - epoch 0 | global step 540 | mode train | loss 2.0805 | accuracy 10.625 | mean_length 64
09-13-21 00:29:59 - epoch 0 | global step 550 | mode train | loss 2.08 | accuracy 12.5 | mean_length 64
09-13-21 00:31:52 - epoch 0 | global step 560 | mode train | loss 2.0792 | accuracy 14.375 | mean_length 64
09-13-21 00:33:45 - epoch 0 | global step 570 | mode train | loss 2.085 | accuracy 12.5 | mean_length 64
09-13-21 00:35:38 - epoch 0 | global step 580 | mode train | loss 2.0796 | accuracy 10.9375 | mean_length 64
09-13-21 00:37:31 - epoch 0 | global step 590 | mode train | loss 2.0771 | accuracy 13.125 | mean_length 64
09-13-21 00:39:24 - epoch 0 | global step 600 | mode train | loss 2.0834 | accuracy 12.1875 | mean_length 64
09-13-21 00:41:17 - epoch 0 | global step 610 | mode train | loss 2.0835 | accuracy 9.375 | mean_length 64
09-13-21 00:43:10 - epoch 0 | global step 620 | mode train | loss 2.0791 | accuracy 12.5 | mean_length 64
09-13-21 00:45:03 - epoch 0 | global step 630 | mode train | loss 2.0778 | accuracy 17.8125 | mean_length 64
09-13-21 00:46:56 - epoch 0 | global step 640 | mode train | loss 2.0776 | accuracy 11.875 | mean_length 64
09-13-21 00:48:48 - epoch 0 | global step 650 | mode train | loss 2.0771 | accuracy 11.25 | mean_length 64
09-13-21 00:50:41 - epoch 0 | global step 660 | mode train | loss 2.085 | accuracy 13.4375 | mean_length 64
09-13-21 00:52:34 - epoch 0 | global step 670 | mode train | loss 2.0789 | accuracy 15.625 | mean_length 64
09-13-21 00:54:27 - epoch 0 | global step 680 | mode train | loss 2.0729 | accuracy 10.625 | mean_length 64
09-13-21 00:56:20 - epoch 0 | global step 690 | mode train | loss 2.0841 | accuracy 11.875 | mean_length 64
09-13-21 00:58:13 - epoch 0 | global step 700 | mode train | loss 2.0785 | accuracy 11.875 | mean_length 64
09-13-21 01:00:03 - epoch 0 | global step 710 | mode train | loss 2.0823 | accuracy 12.5 | mean_length 64
09-13-21 01:01:56 - epoch 0 | global step 720 | mode train | loss 2.0772 | accuracy 10.9375 | mean_length 64
09-13-21 01:03:50 - epoch 0 | global step 730 | mode train | loss 2.082 | accuracy 14.6875 | mean_length 64
09-13-21 01:05:43 - epoch 0 | global step 740 | mode train | loss 2.0788 | accuracy 14.375 | mean_length 64
09-13-21 01:07:36 - epoch 0 | global step 750 | mode train | loss 2.0804 | accuracy 12.1875 | mean_length 63.9031
09-13-21 01:09:29 - epoch 0 | global step 760 | mode train | loss 2.0763 | accuracy 14.0625 | mean_length 64
09-13-21 01:11:22 - epoch 0 | global step 770 | mode train | loss 2.082 | accuracy 11.5625 | mean_length 64
09-13-21 01:13:15 - epoch 0 | global step 780 | mode train | loss 2.0798 | accuracy 14.6875 | mean_length 64
09-13-21 01:15:08 - epoch 0 | global step 790 | mode train | loss 2.0829 | accuracy 11.5625 | mean_length 64
09-13-21 01:17:02 - epoch 0 | global step 800 | mode train | loss 2.0782 | accuracy 11.5625 | mean_length 64
09-13-21 01:18:55 - epoch 0 | global step 810 | mode train | loss 2.0796 | accuracy 10.625 | mean_length 64
09-13-21 01:20:48 - epoch 0 | global step 820 | mode train | loss 2.0845 | accuracy 10.625 | mean_length 64
09-13-21 01:22:41 - epoch 0 | global step 830 | mode train | loss 2.0839 | accuracy 13.4375 | mean_length 64
09-13-21 01:24:34 - epoch 0 | global step 840 | mode train | loss 2.075 | accuracy 13.125 | mean_length 64
09-13-21 01:26:28 - epoch 0 | global step 850 | mode train | loss 2.0735 | accuracy 14.375 | mean_length 64
09-13-21 01:28:21 - epoch 0 | global step 860 | mode train | loss 2.0835 | accuracy 12.5 | mean_length 64
09-13-21 01:30:14 - epoch 0 | global step 870 | mode train | loss 2.0813 | accuracy 13.75 | mean_length 64
09-13-21 01:32:07 - epoch 0 | global step 880 | mode train | loss 2.0764 | accuracy 10.9375 | mean_length 64
09-13-21 01:34:00 - epoch 0 | global step 890 | mode train | loss 2.0806 | accuracy 12.1875 | mean_length 64
09-13-21 01:35:53 - epoch 0 | global step 900 | mode train | loss 2.0749 | accuracy 14.375 | mean_length 64
09-13-21 01:37:46 - epoch 0 | global step 910 | mode train | loss 2.0769 | accuracy 14.6875 | mean_length 64
09-13-21 01:39:39 - epoch 0 | global step 920 | mode train | loss 2.0786 | accuracy 12.5 | mean_length 64
09-13-21 01:41:32 - epoch 0 | global step 930 | mode train | loss 2.0781 | accuracy 13.4375 | mean_length 64
09-13-21 01:43:25 - epoch 0 | global step 940 | mode train | loss 2.0722 | accuracy 13.4375 | mean_length 64
09-13-21 01:45:18 - epoch 0 | global step 950 | mode train | loss 2.0786 | accuracy 13.4375 | mean_length 64
09-13-21 01:47:11 - epoch 0 | global step 960 | mode train | loss 2.0779 | accuracy 12.8125 | mean_length 64
09-13-21 01:49:04 - epoch 0 | global step 970 | mode train | loss 2.0881 | accuracy 11.875 | mean_length 64
09-13-21 01:50:57 - epoch 0 | global step 980 | mode train | loss 2.078 | accuracy 11.5625 | mean_length 64
09-13-21 01:52:50 - epoch 0 | global step 990 | mode train | loss 2.0804 | accuracy 14.6875 | mean_length 64
09-13-21 01:54:43 - epoch 0 | global step 1000 | mode train | loss 2.0784 | accuracy 14.0625 | mean_length 64
09-13-21 01:56:36 - epoch 0 | global step 1010 | mode train | loss 2.0812 | accuracy 14.0625 | mean_length 64
09-13-21 01:58:29 - epoch 0 | global step 1020 | mode train | loss 2.0807 | accuracy 14.6875 | mean_length 64
09-13-21 02:09:58 - epoch 0 | global step 1024 | mode validation | loss 2.0808 | accuracy 12.0 | mean_length 64
09-13-21 02:11:05 - epoch 0 | global step 1030 | mode train | loss 2.0839 | accuracy 11.875 | mean_length 64
09-13-21 02:12:58 - epoch 0 | global step 1040 | mode train | loss 2.0793 | accuracy 15.0 | mean_length 64
09-13-21 02:14:51 - epoch 0 | global step 1050 | mode train | loss 2.0803 | accuracy 14.375 | mean_length 64
09-13-21 02:16:44 - epoch 0 | global step 1060 | mode train | loss 2.0819 | accuracy 10.0 | mean_length 64
09-13-21 02:18:37 - epoch 0 | global step 1070 | mode train | loss 2.0784 | accuracy 14.6875 | mean_length 64
09-13-21 02:20:29 - epoch 0 | global step 1080 | mode train | loss 2.0821 | accuracy 8.4375 | mean_length 64
09-13-21 02:22:22 - epoch 0 | global step 1090 | mode train | loss 2.0814 | accuracy 11.25 | mean_length 64
09-13-21 02:24:15 - epoch 0 | global step 1100 | mode train | loss 2.0789 | accuracy 10.3125 | mean_length 64
09-13-21 02:26:07 - epoch 0 | global step 1110 | mode train | loss 2.0812 | accuracy 12.1875 | mean_length 64
09-13-21 02:28:00 - epoch 0 | global step 1120 | mode train | loss 2.0842 | accuracy 11.5625 | mean_length 64
09-13-21 02:29:53 - epoch 0 | global step 1130 | mode train | loss 2.0797 | accuracy 11.875 | mean_length 64
09-13-21 02:31:46 - epoch 0 | global step 1140 | mode train | loss 2.08 | accuracy 15.0 | mean_length 64
09-13-21 02:33:38 - epoch 0 | global step 1150 | mode train | loss 2.0812 | accuracy 11.875 | mean_length 64
09-13-21 02:35:31 - epoch 0 | global step 1160 | mode train | loss 2.0816 | accuracy 10.0 | mean_length 64
09-13-21 02:37:24 - epoch 0 | global step 1170 | mode train | loss 2.0768 | accuracy 14.0625 | mean_length 64
09-13-21 02:39:17 - epoch 0 | global step 1180 | mode train | loss 2.0809 | accuracy 15.3125 | mean_length 64
09-13-21 02:41:09 - epoch 0 | global step 1190 | mode train | loss 2.0826 | accuracy 11.875 | mean_length 64
09-13-21 02:43:02 - epoch 0 | global step 1200 | mode train | loss 2.0774 | accuracy 12.8125 | mean_length 64
09-13-21 02:44:55 - epoch 0 | global step 1210 | mode train | loss 2.0837 | accuracy 12.5 | mean_length 64
09-13-21 02:46:48 - epoch 0 | global step 1220 | mode train | loss 2.0848 | accuracy 12.1875 | mean_length 64
09-13-21 02:48:41 - epoch 0 | global step 1230 | mode train | loss 2.0772 | accuracy 14.375 | mean_length 64
09-13-21 02:50:34 - epoch 0 | global step 1240 | mode train | loss 2.0826 | accuracy 12.1875 | mean_length 64
09-13-21 02:52:27 - epoch 0 | global step 1250 | mode train | loss 2.0824 | accuracy 8.125 | mean_length 64
09-13-21 02:54:20 - epoch 0 | global step 1260 | mode train | loss 2.0784 | accuracy 13.4375 | mean_length 64
09-13-21 02:56:13 - epoch 0 | global step 1270 | mode train | loss 2.0767 | accuracy 13.75 | mean_length 64
09-13-21 02:58:05 - epoch 0 | global step 1280 | mode train | loss 2.0755 | accuracy 14.0625 | mean_length 64
09-13-21 02:59:58 - epoch 0 | global step 1290 | mode train | loss 2.0818 | accuracy 10.9375 | mean_length 64
09-13-21 03:01:51 - epoch 0 | global step 1300 | mode train | loss 2.0774 | accuracy 13.4375 | mean_length 64
09-13-21 03:03:44 - epoch 0 | global step 1310 | mode train | loss 2.0786 | accuracy 13.4375 | mean_length 64
09-13-21 03:05:37 - epoch 0 | global step 1320 | mode train | loss 2.0775 | accuracy 14.0625 | mean_length 64
09-13-21 03:07:31 - epoch 0 | global step 1330 | mode train | loss 2.0815 | accuracy 12.5 | mean_length 64
09-13-21 03:09:24 - epoch 0 | global step 1340 | mode train | loss 2.0865 | accuracy 11.25 | mean_length 64
09-13-21 03:11:18 - epoch 0 | global step 1350 | mode train | loss 2.079 | accuracy 16.25 | mean_length 64
09-13-21 03:13:12 - epoch 0 | global step 1360 | mode train | loss 2.0809 | accuracy 12.1875 | mean_length 64
09-13-21 03:15:05 - epoch 0 | global step 1370 | mode train | loss 2.0849 | accuracy 12.1875 | mean_length 64
09-13-21 03:16:58 - epoch 0 | global step 1380 | mode train | loss 2.0804 | accuracy 12.5 | mean_length 64
09-13-21 03:18:52 - epoch 0 | global step 1390 | mode train | loss 2.0799 | accuracy 13.4375 | mean_length 64
09-13-21 03:20:45 - epoch 0 | global step 1400 | mode train | loss 2.0812 | accuracy 12.8125 | mean_length 64
09-13-21 03:22:38 - epoch 0 | global step 1410 | mode train | loss 2.0845 | accuracy 12.1875 | mean_length 64
09-13-21 03:24:31 - epoch 0 | global step 1420 | mode train | loss 2.0754 | accuracy 15.9375 | mean_length 64
09-13-21 03:26:24 - epoch 0 | global step 1430 | mode train | loss 2.0806 | accuracy 12.5 | mean_length 64
09-13-21 03:28:17 - epoch 0 | global step 1440 | mode train | loss 2.0802 | accuracy 12.1875 | mean_length 64
09-13-21 03:30:10 - epoch 0 | global step 1450 | mode train | loss 2.0831 | accuracy 11.5625 | mean_length 64
09-13-21 03:32:03 - epoch 0 | global step 1460 | mode train | loss 2.0872 | accuracy 10.3125 | mean_length 64
09-13-21 03:33:56 - epoch 0 | global step 1470 | mode train | loss 2.0778 | accuracy 14.0625 | mean_length 64
09-13-21 03:35:48 - epoch 0 | global step 1480 | mode train | loss 2.0803 | accuracy 12.1875 | mean_length 64
09-13-21 03:37:41 - epoch 0 | global step 1490 | mode train | loss 2.0838 | accuracy 10.9375 | mean_length 64
09-13-21 03:39:34 - epoch 0 | global step 1500 | mode train | loss 2.0827 | accuracy 9.6875 | mean_length 64
09-13-21 03:41:26 - epoch 0 | global step 1510 | mode train | loss 2.0792 | accuracy 11.875 | mean_length 64
09-13-21 03:43:19 - epoch 0 | global step 1520 | mode train | loss 2.0821 | accuracy 9.6875 | mean_length 64
09-13-21 03:45:11 - epoch 0 | global step 1530 | mode train | loss 2.0752 | accuracy 16.875 | mean_length 64
09-13-21 03:57:01 - epoch 0 | global step 1536 | mode validation | loss 2.0801 | accuracy 12.34 | mean_length 64
09-13-21 03:57:01 - Saving model to Output/accGrad4_mbart_noBT_lr1.25e-5_7distractors_maxstep8192_seed43
Epoch: 0, Prediction Accuracy: 12.34, Saved to Path: Output/accGrad4_mbart_noBT_lr1.25e-5_7distractors_maxstep8192_seed43
09-13-21 03:57:56 - epoch 0 | global step 1540 | mode train | loss 2.0822 | accuracy 11.25 | mean_length 64
09-13-21 03:59:49 - epoch 0 | global step 1550 | mode train | loss 2.0811 | accuracy 12.5 | mean_length 64
09-13-21 04:01:41 - epoch 0 | global step 1560 | mode train | loss 2.0816 | accuracy 10.625 | mean_length 64
09-13-21 04:03:33 - epoch 0 | global step 1570 | mode train | loss 2.08 | accuracy 15.0 | mean_length 64
09-13-21 04:05:26 - epoch 0 | global step 1580 | mode train | loss 2.0804 | accuracy 13.125 | mean_length 64
09-13-21 04:07:19 - epoch 0 | global step 1590 | mode train | loss 2.0785 | accuracy 14.375 | mean_length 64
09-13-21 04:09:11 - epoch 0 | global step 1600 | mode train | loss 2.0811 | accuracy 10.625 | mean_length 64
09-13-21 04:11:04 - epoch 0 | global step 1610 | mode train | loss 2.0802 | accuracy 13.125 | mean_length 64
09-13-21 04:12:57 - epoch 0 | global step 1620 | mode train | loss 2.0786 | accuracy 15.0 | mean_length 64
09-13-21 04:14:49 - epoch 0 | global step 1630 | mode train | loss 2.0807 | accuracy 10.625 | mean_length 64
09-13-21 04:16:42 - epoch 0 | global step 1640 | mode train | loss 2.0774 | accuracy 11.25 | mean_length 64
09-13-21 04:18:35 - epoch 0 | global step 1650 | mode train | loss 2.0787 | accuracy 17.1875 | mean_length 64
09-13-21 04:20:27 - epoch 0 | global step 1660 | mode train | loss 2.0778 | accuracy 11.25 | mean_length 64
09-13-21 04:22:19 - epoch 0 | global step 1670 | mode train | loss 2.0775 | accuracy 12.8125 | mean_length 64
09-13-21 04:24:12 - epoch 0 | global step 1680 | mode train | loss 2.0806 | accuracy 13.75 | mean_length 64
09-13-21 04:26:05 - epoch 0 | global step 1690 | mode train | loss 2.0822 | accuracy 8.125 | mean_length 64
09-13-21 04:27:58 - epoch 0 | global step 1700 | mode train | loss 2.0826 | accuracy 13.125 | mean_length 64
09-13-21 04:29:51 - epoch 0 | global step 1710 | mode train | loss 2.0769 | accuracy 10.625 | mean_length 64
09-13-21 04:31:44 - epoch 0 | global step 1720 | mode train | loss 2.0823 | accuracy 10.9375 | mean_length 64
09-13-21 04:33:37 - epoch 0 | global step 1730 | mode train | loss 2.0816 | accuracy 10.9375 | mean_length 64
09-13-21 04:35:29 - epoch 0 | global step 1740 | mode train | loss 2.0807 | accuracy 12.1875 | mean_length 64
09-13-21 04:37:22 - epoch 0 | global step 1750 | mode train | loss 2.0776 | accuracy 12.5 | mean_length 64
09-13-21 04:39:15 - epoch 0 | global step 1760 | mode train | loss 2.0777 | accuracy 13.75 | mean_length 64
09-13-21 04:41:07 - epoch 0 | global step 1770 | mode train | loss 2.0813 | accuracy 10.625 | mean_length 64
09-13-21 04:43:00 - epoch 0 | global step 1780 | mode train | loss 2.0826 | accuracy 12.8125 | mean_length 64
09-13-21 04:44:52 - epoch 0 | global step 1790 | mode train | loss 2.0817 | accuracy 10.3125 | mean_length 64
09-13-21 04:46:45 - epoch 0 | global step 1800 | mode train | loss 2.0821 | accuracy 10.625 | mean_length 64
09-13-21 04:48:37 - epoch 0 | global step 1810 | mode train | loss 2.0781 | accuracy 14.0625 | mean_length 64
09-13-21 04:50:29 - epoch 0 | global step 1820 | mode train | loss 2.084 | accuracy 9.375 | mean_length 64
09-13-21 04:52:22 - epoch 0 | global step 1830 | mode train | loss 2.079 | accuracy 11.875 | mean_length 64
09-13-21 04:54:14 - epoch 0 | global step 1840 | mode train | loss 2.0799 | accuracy 13.125 | mean_length 64
09-13-21 04:56:07 - epoch 0 | global step 1850 | mode train | loss 2.0798 | accuracy 12.1875 | mean_length 64
09-13-21 04:57:59 - epoch 0 | global step 1860 | mode train | loss 2.0823 | accuracy 12.8125 | mean_length 64
09-13-21 04:59:52 - epoch 0 | global step 1870 | mode train | loss 2.0802 | accuracy 10.0 | mean_length 64
09-13-21 05:01:44 - epoch 0 | global step 1880 | mode train | loss 2.0807 | accuracy 12.5 | mean_length 64
09-13-21 05:03:36 - epoch 0 | global step 1890 | mode train | loss 2.0786 | accuracy 11.5625 | mean_length 64
09-13-21 05:05:29 - epoch 0 | global step 1900 | mode train | loss 2.0808 | accuracy 11.875 | mean_length 64
09-13-21 05:07:21 - epoch 0 | global step 1910 | mode train | loss 2.0789 | accuracy 12.8125 | mean_length 64
09-13-21 05:09:14 - epoch 0 | global step 1920 | mode train | loss 2.0821 | accuracy 11.25 | mean_length 64
09-13-21 05:11:07 - epoch 0 | global step 1930 | mode train | loss 2.0789 | accuracy 12.8125 | mean_length 64
09-13-21 05:13:00 - epoch 0 | global step 1940 | mode train | loss 2.0778 | accuracy 12.8125 | mean_length 64
09-13-21 05:14:52 - epoch 0 | global step 1950 | mode train | loss 2.0827 | accuracy 11.25 | mean_length 64
09-13-21 05:16:44 - epoch 0 | global step 1960 | mode train | loss 2.079 | accuracy 13.125 | mean_length 64
09-13-21 05:18:32 - epoch 0 | global step 1970 | mode train | loss 2.0785 | accuracy 13.4375 | mean_length 64
09-13-21 05:20:19 - epoch 0 | global step 1980 | mode train | loss 2.0827 | accuracy 12.5 | mean_length 64
09-13-21 05:22:06 - epoch 0 | global step 1990 | mode train | loss 2.076 | accuracy 14.375 | mean_length 64
09-13-21 05:23:53 - epoch 0 | global step 2000 | mode train | loss 2.0816 | accuracy 12.5 | mean_length 64
09-13-21 05:25:40 - epoch 0 | global step 2010 | mode train | loss 2.0778 | accuracy 15.3125 | mean_length 64
09-13-21 05:27:27 - epoch 0 | global step 2020 | mode train | loss 2.0819 | accuracy 12.5 | mean_length 64
09-13-21 05:29:15 - epoch 0 | global step 2030 | mode train | loss 2.0815 | accuracy 13.4375 | mean_length 64
09-13-21 05:31:02 - epoch 0 | global step 2040 | mode train | loss 2.0814 | accuracy 12.8125 | mean_length 64
09-13-21 05:42:01 - epoch 0 | global step 2048 | mode validation | loss 2.0802 | accuracy 11.74 | mean_length 64
09-13-21 05:42:23 - epoch 0 | global step 2050 | mode train | loss 2.0816 | accuracy 12.8125 | mean_length 64
09-13-21 05:44:10 - epoch 0 | global step 2060 | mode train | loss 2.0802 | accuracy 13.75 | mean_length 64
09-13-21 05:45:57 - epoch 0 | global step 2070 | mode train | loss 2.08 | accuracy 12.1875 | mean_length 64
09-13-21 05:47:44 - epoch 0 | global step 2080 | mode train | loss 2.08 | accuracy 15.625 | mean_length 64
09-13-21 05:49:31 - epoch 0 | global step 2090 | mode train | loss 2.0776 | accuracy 14.0625 | mean_length 64
09-13-21 05:51:18 - epoch 0 | global step 2100 | mode train | loss 2.0822 | accuracy 13.4375 | mean_length 64
09-13-21 05:53:05 - epoch 0 | global step 2110 | mode train | loss 2.077 | accuracy 14.0625 | mean_length 64
09-13-21 05:54:52 - epoch 0 | global step 2120 | mode train | loss 2.0796 | accuracy 13.4375 | mean_length 64
09-13-21 05:56:39 - epoch 0 | global step 2130 | mode train | loss 2.0803 | accuracy 10.0 | mean_length 64
09-13-21 05:58:26 - epoch 0 | global step 2140 | mode train | loss 2.0804 | accuracy 14.375 | mean_length 64
09-13-21 06:00:14 - epoch 0 | global step 2150 | mode train | loss 2.0813 | accuracy 10.9375 | mean_length 64
09-13-21 06:02:01 - epoch 0 | global step 2160 | mode train | loss 2.0833 | accuracy 10.9375 | mean_length 64
09-13-21 06:03:48 - epoch 0 | global step 2170 | mode train | loss 2.0799 | accuracy 10.9375 | mean_length 64
09-13-21 06:05:35 - epoch 0 | global step 2180 | mode train | loss 2.0814 | accuracy 10.0 | mean_length 64
09-13-21 06:07:22 - epoch 0 | global step 2190 | mode train | loss 2.0815 | accuracy 9.6875 | mean_length 64
09-13-21 06:09:09 - epoch 0 | global step 2200 | mode train | loss 2.0807 | accuracy 13.4375 | mean_length 64
09-13-21 06:10:56 - epoch 0 | global step 2210 | mode train | loss 2.0825 | accuracy 10.625 | mean_length 64
09-13-21 06:12:43 - epoch 0 | global step 2220 | mode train | loss 2.0815 | accuracy 10.3125 | mean_length 64
09-13-21 06:14:30 - epoch 0 | global step 2230 | mode train | loss 2.0817 | accuracy 12.8125 | mean_length 64
09-13-21 06:16:17 - epoch 0 | global step 2240 | mode train | loss 2.0793 | accuracy 12.8125 | mean_length 64
09-13-21 06:18:04 - epoch 0 | global step 2250 | mode train | loss 2.0791 | accuracy 14.6875 | mean_length 64
09-13-21 06:19:52 - epoch 0 | global step 2260 | mode train | loss 2.0815 | accuracy 11.875 | mean_length 64
09-13-21 06:21:39 - epoch 0 | global step 2270 | mode train | loss 2.0799 | accuracy 15.0 | mean_length 64
09-13-21 06:23:26 - epoch 0 | global step 2280 | mode train | loss 2.08 | accuracy 10.3125 | mean_length 64
09-13-21 06:25:13 - epoch 0 | global step 2290 | mode train | loss 2.0788 | accuracy 14.6875 | mean_length 64
09-13-21 06:27:00 - epoch 0 | global step 2300 | mode train | loss 2.0785 | accuracy 15.9375 | mean_length 64
09-13-21 06:28:47 - epoch 0 | global step 2310 | mode train | loss 2.0781 | accuracy 14.6875 | mean_length 64
09-13-21 06:30:34 - epoch 0 | global step 2320 | mode train | loss 2.0783 | accuracy 13.4375 | mean_length 64
09-13-21 06:32:22 - epoch 0 | global step 2330 | mode train | loss 2.0824 | accuracy 9.0625 | mean_length 64
09-13-21 06:34:09 - epoch 0 | global step 2340 | mode train | loss 2.0819 | accuracy 11.5625 | mean_length 64
09-13-21 06:35:56 - epoch 0 | global step 2350 | mode train | loss 2.0828 | accuracy 12.5 | mean_length 64
09-13-21 06:37:43 - epoch 0 | global step 2360 | mode train | loss 2.0819 | accuracy 10.625 | mean_length 64
09-13-21 06:39:30 - epoch 0 | global step 2370 | mode train | loss 2.0801 | accuracy 10.625 | mean_length 64
09-13-21 06:41:17 - epoch 0 | global step 2380 | mode train | loss 2.0803 | accuracy 11.5625 | mean_length 64
09-13-21 06:43:04 - epoch 0 | global step 2390 | mode train | loss 2.0825 | accuracy 13.125 | mean_length 64
09-13-21 06:44:51 - epoch 0 | global step 2400 | mode train | loss 2.0785 | accuracy 9.6875 | mean_length 64
09-13-21 06:46:38 - epoch 0 | global step 2410 | mode train | loss 2.0784 | accuracy 12.5 | mean_length 64
09-13-21 06:48:25 - epoch 0 | global step 2420 | mode train | loss 2.0801 | accuracy 12.1875 | mean_length 64
09-13-21 06:50:12 - epoch 0 | global step 2430 | mode train | loss 2.0784 | accuracy 11.875 | mean_length 64
09-13-21 06:51:59 - epoch 0 | global step 2440 | mode train | loss 2.0774 | accuracy 13.75 | mean_length 64
09-13-21 06:53:46 - epoch 0 | global step 2450 | mode train | loss 2.0778 | accuracy 13.75 | mean_length 64
09-13-21 06:55:33 - epoch 0 | global step 2460 | mode train | loss 2.0821 | accuracy 12.8125 | mean_length 64
09-13-21 06:57:21 - epoch 0 | global step 2470 | mode train | loss 2.0792 | accuracy 12.5 | mean_length 64
09-13-21 06:59:08 - epoch 0 | global step 2480 | mode train | loss 2.08 | accuracy 11.25 | mean_length 64
09-13-21 07:00:55 - epoch 0 | global step 2490 | mode train | loss 2.08 | accuracy 11.5625 | mean_length 64
09-13-21 07:02:42 - epoch 0 | global step 2500 | mode train | loss 2.0795 | accuracy 15.3125 | mean_length 64
09-13-21 07:04:29 - epoch 0 | global step 2510 | mode train | loss 2.0784 | accuracy 12.8125 | mean_length 64
09-13-21 07:06:16 - epoch 0 | global step 2520 | mode train | loss 2.0797 | accuracy 12.5 | mean_length 64
09-13-21 07:08:03 - epoch 0 | global step 2530 | mode train | loss 2.0811 | accuracy 12.5 | mean_length 64
09-13-21 07:09:50 - epoch 0 | global step 2540 | mode train | loss 2.0818 | accuracy 12.1875 | mean_length 64
09-13-21 07:11:37 - epoch 0 | global step 2550 | mode train | loss 2.079 | accuracy 16.5625 | mean_length 64
09-13-21 07:13:24 - epoch 0 | global step 2560 | mode train | loss 2.0784 | accuracy 12.5 | mean_length 64
09-13-21 07:23:00 - epoch 0 | global step 2560 | mode validation | loss 2.0798 | accuracy 12.26 | mean_length 64
09-13-21 07:23:00 - Saving model to Output/accGrad4_mbart_noBT_lr1.25e-5_7distractors_maxstep8192_seed43
Epoch: 0, Prediction Accuracy: 12.26, Saved to Path: Output/accGrad4_mbart_noBT_lr1.25e-5_7distractors_maxstep8192_seed43
09-13-21 07:24:57 - epoch 0 | global step 2570 | mode train | loss 2.079 | accuracy 12.8125 | mean_length 64
09-13-21 07:26:44 - epoch 0 | global step 2580 | mode train | loss 2.0787 | accuracy 11.875 | mean_length 64
09-13-21 07:28:31 - epoch 0 | global step 2590 | mode train | loss 2.0797 | accuracy 15.0 | mean_length 64
09-13-21 07:30:18 - epoch 0 | global step 2600 | mode train | loss 2.0793 | accuracy 11.25 | mean_length 64
09-13-21 07:32:05 - epoch 0 | global step 2610 | mode train | loss 2.0794 | accuracy 12.8125 | mean_length 64
09-13-21 07:33:52 - epoch 0 | global step 2620 | mode train | loss 2.0805 | accuracy 10.3125 | mean_length 64
09-13-21 07:35:39 - epoch 0 | global step 2630 | mode train | loss 2.0795 | accuracy 15.0 | mean_length 64
09-13-21 07:37:26 - epoch 0 | global step 2640 | mode train | loss 2.0842 | accuracy 9.375 | mean_length 64
09-13-21 07:39:13 - epoch 0 | global step 2650 | mode train | loss 2.0808 | accuracy 10.3125 | mean_length 64
09-13-21 07:41:01 - epoch 0 | global step 2660 | mode train | loss 2.082 | accuracy 10.0 | mean_length 64
09-13-21 07:42:48 - epoch 0 | global step 2670 | mode train | loss 2.0823 | accuracy 9.375 | mean_length 64
09-13-21 07:44:35 - epoch 0 | global step 2680 | mode train | loss 2.0767 | accuracy 16.5625 | mean_length 64
09-13-21 07:46:22 - epoch 0 | global step 2690 | mode train | loss 2.0802 | accuracy 16.875 | mean_length 64
09-13-21 07:48:09 - epoch 0 | global step 2700 | mode train | loss 2.0836 | accuracy 10.0 | mean_length 64
09-13-21 07:49:56 - epoch 0 | global step 2710 | mode train | loss 2.0786 | accuracy 14.0625 | mean_length 64
09-13-21 07:51:43 - epoch 0 | global step 2720 | mode train | loss 2.0793 | accuracy 13.125 | mean_length 64
09-13-21 07:53:30 - epoch 0 | global step 2730 | mode train | loss 2.0781 | accuracy 13.75 | mean_length 64
09-13-21 07:55:17 - epoch 0 | global step 2740 | mode train | loss 2.0794 | accuracy 10.625 | mean_length 64
09-13-21 07:57:05 - epoch 0 | global step 2750 | mode train | loss 2.0793 | accuracy 15.0 | mean_length 64
09-13-21 07:58:52 - epoch 0 | global step 2760 | mode train | loss 2.0821 | accuracy 13.4375 | mean_length 64
09-13-21 08:00:39 - epoch 0 | global step 2770 | mode train | loss 2.0792 | accuracy 13.125 | mean_length 64
09-13-21 08:02:26 - epoch 0 | global step 2780 | mode train | loss 2.0823 | accuracy 10.3125 | mean_length 64
09-13-21 08:04:13 - epoch 0 | global step 2790 | mode train | loss 2.0807 | accuracy 11.25 | mean_length 64
09-13-21 08:06:00 - epoch 0 | global step 2800 | mode train | loss 2.0807 | accuracy 11.5625 | mean_length 64
09-13-21 08:07:47 - epoch 0 | global step 2810 | mode train | loss 2.0815 | accuracy 12.5 | mean_length 64
09-13-21 08:09:34 - epoch 0 | global step 2820 | mode train | loss 2.0789 | accuracy 9.6875 | mean_length 64
09-13-21 08:11:21 - epoch 0 | global step 2830 | mode train | loss 2.0787 | accuracy 14.0625 | mean_length 64
09-13-21 08:13:08 - epoch 0 | global step 2840 | mode train | loss 2.08 | accuracy 16.25 | mean_length 64
09-13-21 08:14:55 - epoch 0 | global step 2850 | mode train | loss 2.0817 | accuracy 10.3125 | mean_length 64
09-13-21 08:16:42 - epoch 0 | global step 2860 | mode train | loss 2.0768 | accuracy 16.5625 | mean_length 64
09-13-21 08:18:29 - epoch 0 | global step 2870 | mode train | loss 2.0815 | accuracy 11.875 | mean_length 64
09-13-21 08:20:16 - epoch 0 | global step 2880 | mode train | loss 2.08 | accuracy 12.5 | mean_length 64
09-13-21 08:22:04 - epoch 0 | global step 2890 | mode train | loss 2.0792 | accuracy 10.9375 | mean_length 64
09-13-21 08:23:51 - epoch 0 | global step 2900 | mode train | loss 2.0789 | accuracy 12.8125 | mean_length 64
09-13-21 08:25:38 - epoch 0 | global step 2910 | mode train | loss 2.078 | accuracy 15.0 | mean_length 64
09-13-21 08:27:25 - epoch 0 | global step 2920 | mode train | loss 2.0794 | accuracy 11.5625 | mean_length 64
09-13-21 08:29:12 - epoch 0 | global step 2930 | mode train | loss 2.0823 | accuracy 11.25 | mean_length 64
09-13-21 08:30:59 - epoch 0 | global step 2940 | mode train | loss 2.0789 | accuracy 12.5 | mean_length 64
09-13-21 08:32:46 - epoch 0 | global step 2950 | mode train | loss 2.0812 | accuracy 10.9375 | mean_length 64
09-13-21 08:34:33 - epoch 0 | global step 2960 | mode train | loss 2.0792 | accuracy 12.5 | mean_length 64
09-13-21 08:36:21 - epoch 0 | global step 2970 | mode train | loss 2.0806 | accuracy 9.0625 | mean_length 64
09-13-21 08:38:08 - epoch 0 | global step 2980 | mode train | loss 2.0756 | accuracy 15.9375 | mean_length 64
09-13-21 08:39:55 - epoch 0 | global step 2990 | mode train | loss 2.0785 | accuracy 12.8125 | mean_length 64
09-13-21 08:41:42 - epoch 0 | global step 3000 | mode train | loss 2.0797 | accuracy 10.9375 | mean_length 64
09-13-21 08:43:29 - epoch 0 | global step 3010 | mode train | loss 2.0798 | accuracy 13.125 | mean_length 64
09-13-21 08:45:16 - epoch 0 | global step 3020 | mode train | loss 2.0801 | accuracy 11.875 | mean_length 64
09-13-21 08:47:03 - epoch 0 | global step 3030 | mode train | loss 2.0783 | accuracy 14.6875 | mean_length 64
09-13-21 08:48:50 - epoch 0 | global step 3040 | mode train | loss 2.0827 | accuracy 11.25 | mean_length 64
09-13-21 08:50:37 - epoch 0 | global step 3050 | mode train | loss 2.0772 | accuracy 15.0 | mean_length 64
09-13-21 08:52:24 - epoch 0 | global step 3060 | mode train | loss 2.08 | accuracy 10.3125 | mean_length 64
09-13-21 08:54:11 - epoch 0 | global step 3070 | mode train | loss 2.0789 | accuracy 14.375 | mean_length 64
09-13-21 09:04:07 - epoch 0 | global step 3072 | mode validation | loss 2.0797 | accuracy 12.38 | mean_length 64
09-13-21 09:04:07 - Saving model to Output/accGrad4_mbart_noBT_lr1.25e-5_7distractors_maxstep8192_seed43
Epoch: 0, Prediction Accuracy: 12.38, Saved to Path: Output/accGrad4_mbart_noBT_lr1.25e-5_7distractors_maxstep8192_seed43
09-13-21 09:05:43 - epoch 0 | global step 3080 | mode train | loss 2.0799 | accuracy 15.9375 | mean_length 64
09-13-21 09:07:30 - epoch 0 | global step 3090 | mode train | loss 2.0774 | accuracy 15.625 | mean_length 64
09-13-21 09:09:17 - epoch 0 | global step 3100 | mode train | loss 2.0787 | accuracy 11.875 | mean_length 64
09-13-21 09:11:04 - epoch 0 | global step 3110 | mode train | loss 2.08 | accuracy 11.875 | mean_length 64
09-13-21 09:12:51 - epoch 0 | global step 3120 | mode train | loss 2.078 | accuracy 16.5625 | mean_length 64
09-13-21 09:14:38 - epoch 0 | global step 3130 | mode train | loss 2.0802 | accuracy 12.5 | mean_length 64
09-13-21 09:16:25 - epoch 0 | global step 3140 | mode train | loss 2.081 | accuracy 11.25 | mean_length 64
09-13-21 09:18:12 - epoch 0 | global step 3150 | mode train | loss 2.0789 | accuracy 14.0625 | mean_length 64
09-13-21 09:19:59 - epoch 0 | global step 3160 | mode train | loss 2.0802 | accuracy 10.9375 | mean_length 64
09-13-21 09:21:47 - epoch 0 | global step 3170 | mode train | loss 2.079 | accuracy 14.0625 | mean_length 64
09-13-21 09:23:34 - epoch 0 | global step 3180 | mode train | loss 2.0789 | accuracy 14.375 | mean_length 64
09-13-21 09:25:21 - epoch 0 | global step 3190 | mode train | loss 2.0796 | accuracy 14.375 | mean_length 64
09-13-21 09:27:09 - epoch 0 | global step 3200 | mode train | loss 2.0808 | accuracy 12.1875 | mean_length 64
09-13-21 09:28:55 - epoch 0 | global step 3210 | mode train | loss 2.078 | accuracy 13.125 | mean_length 64
09-13-21 09:30:43 - epoch 0 | global step 3220 | mode train | loss 2.0795 | accuracy 9.0625 | mean_length 64
09-13-21 09:32:30 - epoch 1 | global step 3230 | mode train | loss 2.0792 | accuracy 11.5625 | mean_length 64
09-13-21 09:34:17 - epoch 1 | global step 3240 | mode train | loss 2.0772 | accuracy 15.3125 | mean_length 64
09-13-21 09:36:04 - epoch 1 | global step 3250 | mode train | loss 2.0806 | accuracy 12.8125 | mean_length 64
09-13-21 09:37:51 - epoch 1 | global step 3260 | mode train | loss 2.0772 | accuracy 15.9375 | mean_length 64
09-13-21 09:39:38 - epoch 1 | global step 3270 | mode train | loss 2.0791 | accuracy 15.0 | mean_length 64
09-13-21 09:41:25 - epoch 1 | global step 3280 | mode train | loss 2.0791 | accuracy 12.1875 | mean_length 64
09-13-21 09:43:12 - epoch 1 | global step 3290 | mode train | loss 2.0798 | accuracy 12.8125 | mean_length 64
09-13-21 09:44:59 - epoch 1 | global step 3300 | mode train | loss 2.081 | accuracy 9.375 | mean_length 64
09-13-21 09:46:46 - epoch 1 | global step 3310 | mode train | loss 2.0779 | accuracy 14.0625 | mean_length 64
09-13-21 09:48:34 - epoch 1 | global step 3320 | mode train | loss 2.0804 | accuracy 11.875 | mean_length 64
09-13-21 09:50:21 - epoch 1 | global step 3330 | mode train | loss 2.0786 | accuracy 14.0625 | mean_length 64
09-13-21 09:52:08 - epoch 1 | global step 3340 | mode train | loss 2.0783 | accuracy 14.375 | mean_length 64
09-13-21 09:53:55 - epoch 1 | global step 3350 | mode train | loss 2.0781 | accuracy 15.625 | mean_length 64
09-13-21 09:55:42 - epoch 1 | global step 3360 | mode train | loss 2.0785 | accuracy 12.8125 | mean_length 64
09-13-21 09:57:29 - epoch 1 | global step 3370 | mode train | loss 2.0803 | accuracy 12.1875 | mean_length 64
09-13-21 09:59:16 - epoch 1 | global step 3380 | mode train | loss 2.0822 | accuracy 10.3125 | mean_length 64
09-13-21 10:01:03 - epoch 1 | global step 3390 | mode train | loss 2.0806 | accuracy 11.25 | mean_length 64
09-13-21 10:02:51 - epoch 1 | global step 3400 | mode train | loss 2.0802 | accuracy 13.125 | mean_length 64
09-13-21 10:04:38 - epoch 1 | global step 3410 | mode train | loss 2.0813 | accuracy 14.375 | mean_length 64
09-13-21 10:06:24 - epoch 1 | global step 3420 | mode train | loss 2.0812 | accuracy 12.1875 | mean_length 64
09-13-21 10:08:12 - epoch 1 | global step 3430 | mode train | loss 2.0829 | accuracy 7.1875 | mean_length 64
09-13-21 10:09:59 - epoch 1 | global step 3440 | mode train | loss 2.0782 | accuracy 13.75 | mean_length 64
09-13-21 10:11:46 - epoch 1 | global step 3450 | mode train | loss 2.0788 | accuracy 12.8125 | mean_length 64
09-13-21 10:13:33 - epoch 1 | global step 3460 | mode train | loss 2.0807 | accuracy 13.75 | mean_length 64
09-13-21 10:15:20 - epoch 1 | global step 3470 | mode train | loss 2.0804 | accuracy 11.25 | mean_length 64
09-13-21 10:17:07 - epoch 1 | global step 3480 | mode train | loss 2.0794 | accuracy 11.875 | mean_length 64
09-13-21 10:18:54 - epoch 1 | global step 3490 | mode train | loss 2.0802 | accuracy 9.375 | mean_length 64
09-13-21 10:20:41 - epoch 1 | global step 3500 | mode train | loss 2.0815 | accuracy 10.9375 | mean_length 64
09-13-21 10:22:29 - epoch 1 | global step 3510 | mode train | loss 2.0807 | accuracy 10.3125 | mean_length 64
09-13-21 10:24:16 - epoch 1 | global step 3520 | mode train | loss 2.0808 | accuracy 10.9375 | mean_length 64
09-13-21 10:26:03 - epoch 1 | global step 3530 | mode train | loss 2.0792 | accuracy 12.8125 | mean_length 64
09-13-21 10:27:50 - epoch 1 | global step 3540 | mode train | loss 2.0783 | accuracy 14.0625 | mean_length 64
09-13-21 10:29:37 - epoch 1 | global step 3550 | mode train | loss 2.0811 | accuracy 9.6875 | mean_length 64
09-13-21 10:31:24 - epoch 1 | global step 3560 | mode train | loss 2.0795 | accuracy 11.875 | mean_length 64
09-13-21 10:33:11 - epoch 1 | global step 3570 | mode train | loss 2.0782 | accuracy 13.75 | mean_length 64
09-13-21 10:34:58 - epoch 1 | global step 3580 | mode train | loss 2.0796 | accuracy 9.6875 | mean_length 64
09-13-21 10:45:16 - epoch 1 | global step 3584 | mode validation | loss 2.0797 | accuracy 12.8 | mean_length 64
09-13-21 10:46:20 - epoch 1 | global step 3590 | mode train | loss 2.0785 | accuracy 12.1875 | mean_length 64
09-13-21 10:48:07 - epoch 1 | global step 3600 | mode train | loss 2.0777 | accuracy 13.4375 | mean_length 64
09-13-21 10:49:54 - epoch 1 | global step 3610 | mode train | loss 2.0776 | accuracy 12.5 | mean_length 64
09-13-21 10:51:41 - epoch 1 | global step 3620 | mode train | loss 2.0803 | accuracy 14.0625 | mean_length 64
09-13-21 10:53:29 - epoch 1 | global step 3630 | mode train | loss 2.0792 | accuracy 13.4375 | mean_length 64
09-13-21 10:55:16 - epoch 1 | global step 3640 | mode train | loss 2.0799 | accuracy 11.5625 | mean_length 64
09-13-21 10:57:03 - epoch 1 | global step 3650 | mode train | loss 2.0812 | accuracy 12.8125 | mean_length 64
09-13-21 10:58:50 - epoch 1 | global step 3660 | mode train | loss 2.0808 | accuracy 11.875 | mean_length 64
09-13-21 11:00:37 - epoch 1 | global step 3670 | mode train | loss 2.081 | accuracy 13.125 | mean_length 64
09-13-21 11:02:24 - epoch 1 | global step 3680 | mode train | loss 2.0778 | accuracy 14.375 | mean_length 64
09-13-21 11:04:12 - epoch 1 | global step 3690 | mode train | loss 2.0786 | accuracy 15.0 | mean_length 64
09-13-21 11:05:59 - epoch 1 | global step 3700 | mode train | loss 2.0796 | accuracy 12.5 | mean_length 64
09-13-21 11:07:46 - epoch 1 | global step 3710 | mode train | loss 2.0788 | accuracy 14.0625 | mean_length 64
09-13-21 11:09:33 - epoch 1 | global step 3720 | mode train | loss 2.0785 | accuracy 13.4375 | mean_length 64
09-13-21 11:11:20 - epoch 1 | global step 3730 | mode train | loss 2.0806 | accuracy 12.5 | mean_length 64
09-13-21 11:13:07 - epoch 1 | global step 3740 | mode train | loss 2.0794 | accuracy 13.4375 | mean_length 64
09-13-21 11:14:54 - epoch 1 | global step 3750 | mode train | loss 2.0806 | accuracy 10.3125 | mean_length 64
09-13-21 11:16:41 - epoch 1 | global step 3760 | mode train | loss 2.0809 | accuracy 10.9375 | mean_length 64
09-13-21 11:18:28 - epoch 1 | global step 3770 | mode train | loss 2.0805 | accuracy 13.125 | mean_length 64
09-13-21 11:20:16 - epoch 1 | global step 3780 | mode train | loss 2.0805 | accuracy 9.6875 | mean_length 64
09-13-21 11:22:03 - epoch 1 | global step 3790 | mode train | loss 2.079 | accuracy 13.75 | mean_length 64
09-13-21 11:23:51 - epoch 1 | global step 3800 | mode train | loss 2.0804 | accuracy 13.125 | mean_length 64
09-13-21 11:25:38 - epoch 1 | global step 3810 | mode train | loss 2.0794 | accuracy 11.25 | mean_length 64
09-13-21 11:27:25 - epoch 1 | global step 3820 | mode train | loss 2.0796 | accuracy 13.125 | mean_length 64
09-13-21 11:29:12 - epoch 1 | global step 3830 | mode train | loss 2.08 | accuracy 12.1875 | mean_length 64
09-13-21 11:30:59 - epoch 1 | global step 3840 | mode train | loss 2.0794 | accuracy 15.3125 | mean_length 64
09-13-21 11:32:46 - epoch 1 | global step 3850 | mode train | loss 2.0801 | accuracy 11.875 | mean_length 64
09-13-21 11:34:33 - epoch 1 | global step 3860 | mode train | loss 2.0806 | accuracy 12.5 | mean_length 64
09-13-21 11:36:20 - epoch 1 | global step 3870 | mode train | loss 2.0786 | accuracy 13.4375 | mean_length 64
09-13-21 11:38:07 - epoch 1 | global step 3880 | mode train | loss 2.0812 | accuracy 8.75 | mean_length 64
09-13-21 11:39:54 - epoch 1 | global step 3890 | mode train | loss 2.0793 | accuracy 14.375 | mean_length 64
09-13-21 11:41:42 - epoch 1 | global step 3900 | mode train | loss 2.0788 | accuracy 14.6875 | mean_length 64
09-13-21 11:43:29 - epoch 1 | global step 3910 | mode train | loss 2.0807 | accuracy 10.0 | mean_length 64
09-13-21 11:45:16 - epoch 1 | global step 3920 | mode train | loss 2.0775 | accuracy 14.0625 | mean_length 64
09-13-21 11:47:03 - epoch 1 | global step 3930 | mode train | loss 2.0794 | accuracy 9.6875 | mean_length 64
09-13-21 11:48:50 - epoch 1 | global step 3940 | mode train | loss 2.081 | accuracy 11.25 | mean_length 64
09-13-21 11:50:37 - epoch 1 | global step 3950 | mode train | loss 2.0797 | accuracy 13.4375 | mean_length 64
09-13-21 11:52:24 - epoch 1 | global step 3960 | mode train | loss 2.0797 | accuracy 10.0 | mean_length 64
09-13-21 11:54:11 - epoch 1 | global step 3970 | mode train | loss 2.0794 | accuracy 14.375 | mean_length 64
09-13-21 11:55:58 - epoch 1 | global step 3980 | mode train | loss 2.0798 | accuracy 11.875 | mean_length 64
09-13-21 11:57:45 - epoch 1 | global step 3990 | mode train | loss 2.0818 | accuracy 9.0625 | mean_length 64
09-13-21 11:59:33 - epoch 1 | global step 4000 | mode train | loss 2.0788 | accuracy 11.25 | mean_length 64
09-13-21 12:01:20 - epoch 1 | global step 4010 | mode train | loss 2.0797 | accuracy 14.6875 | mean_length 64
09-13-21 12:03:07 - epoch 1 | global step 4020 | mode train | loss 2.0815 | accuracy 10.625 | mean_length 64
09-13-21 12:04:54 - epoch 1 | global step 4030 | mode train | loss 2.0795 | accuracy 12.5 | mean_length 64
09-13-21 12:06:41 - epoch 1 | global step 4040 | mode train | loss 2.0797 | accuracy 11.875 | mean_length 64
09-13-21 12:08:28 - epoch 1 | global step 4050 | mode train | loss 2.079 | accuracy 11.875 | mean_length 64
09-13-21 12:10:15 - epoch 1 | global step 4060 | mode train | loss 2.0803 | accuracy 15.9375 | mean_length 64
09-13-21 12:12:02 - epoch 1 | global step 4070 | mode train | loss 2.0787 | accuracy 14.375 | mean_length 64
09-13-21 12:13:49 - epoch 1 | global step 4080 | mode train | loss 2.0788 | accuracy 14.6875 | mean_length 64
09-13-21 12:15:36 - epoch 1 | global step 4090 | mode train | loss 2.0792 | accuracy 13.4375 | mean_length 64
09-13-21 12:26:16 - epoch 1 | global step 4096 | mode validation | loss 2.0796 | accuracy 12.28 | mean_length 64
09-13-21 12:26:16 - Saving model to Output/accGrad4_mbart_noBT_lr1.25e-5_7distractors_maxstep8192_seed43
Epoch: 1, Prediction Accuracy: 12.28, Saved to Path: Output/accGrad4_mbart_noBT_lr1.25e-5_7distractors_maxstep8192_seed43
09-13-21 12:27:09 - epoch 1 | global step 4100 | mode train | loss 2.0799 | accuracy 13.125 | mean_length 64
09-13-21 12:28:56 - epoch 1 | global step 4110 | mode train | loss 2.0788 | accuracy 11.5625 | mean_length 64
09-13-21 12:30:43 - epoch 1 | global step 4120 | mode train | loss 2.0808 | accuracy 15.0 | mean_length 64
09-13-21 12:32:30 - epoch 1 | global step 4130 | mode train | loss 2.079 | accuracy 12.5 | mean_length 64
09-13-21 12:34:17 - epoch 1 | global step 4140 | mode train | loss 2.0799 | accuracy 11.875 | mean_length 64
09-13-21 12:36:04 - epoch 1 | global step 4150 | mode train | loss 2.0801 | accuracy 11.25 | mean_length 64
09-13-21 12:37:51 - epoch 1 | global step 4160 | mode train | loss 2.0791 | accuracy 16.875 | mean_length 64
09-13-21 12:39:38 - epoch 1 | global step 4170 | mode train | loss 2.0779 | accuracy 14.375 | mean_length 64
09-13-21 12:41:25 - epoch 1 | global step 4180 | mode train | loss 2.0811 | accuracy 11.5625 | mean_length 64
09-13-21 12:43:13 - epoch 1 | global step 4190 | mode train | loss 2.08 | accuracy 12.8125 | mean_length 64
09-13-21 12:45:00 - epoch 1 | global step 4200 | mode train | loss 2.0793 | accuracy 15.0 | mean_length 64
09-13-21 12:46:47 - epoch 1 | global step 4210 | mode train | loss 2.0792 | accuracy 13.4375 | mean_length 64
09-13-21 12:48:33 - epoch 1 | global step 4220 | mode train | loss 2.0799 | accuracy 9.6875 | mean_length 64
09-13-21 12:50:20 - epoch 1 | global step 4230 | mode train | loss 2.079 | accuracy 13.125 | mean_length 64
09-13-21 12:52:07 - epoch 1 | global step 4240 | mode train | loss 2.0803 | accuracy 11.25 | mean_length 64
09-13-21 12:53:55 - epoch 1 | global step 4250 | mode train | loss 2.079 | accuracy 12.1875 | mean_length 64
09-13-21 12:55:42 - epoch 1 | global step 4260 | mode train | loss 2.0802 | accuracy 10.625 | mean_length 64
09-13-21 12:57:29 - epoch 1 | global step 4270 | mode train | loss 2.0797 | accuracy 12.5 | mean_length 64
09-13-21 12:59:16 - epoch 1 | global step 4280 | mode train | loss 2.0796 | accuracy 12.8125 | mean_length 64
09-13-21 13:01:03 - epoch 1 | global step 4290 | mode train | loss 2.0792 | accuracy 14.6875 | mean_length 64
09-13-21 13:02:50 - epoch 1 | global step 4300 | mode train | loss 2.0802 | accuracy 12.8125 | mean_length 64
09-13-21 13:04:37 - epoch 1 | global step 4310 | mode train | loss 2.0791 | accuracy 12.5 | mean_length 64
09-13-21 13:06:24 - epoch 1 | global step 4320 | mode train | loss 2.0788 | accuracy 15.0 | mean_length 64
09-13-21 13:08:11 - epoch 1 | global step 4330 | mode train | loss 2.0795 | accuracy 11.875 | mean_length 64
09-13-21 13:09:58 - epoch 1 | global step 4340 | mode train | loss 2.0803 | accuracy 11.5625 | mean_length 64
09-13-21 13:11:45 - epoch 1 | global step 4350 | mode train | loss 2.0793 | accuracy 11.875 | mean_length 64
09-13-21 13:13:32 - epoch 1 | global step 4360 | mode train | loss 2.0814 | accuracy 9.6875 | mean_length 64
09-13-21 13:15:19 - epoch 1 | global step 4370 | mode train | loss 2.0798 | accuracy 11.5625 | mean_length 64
09-13-21 13:17:07 - epoch 1 | global step 4380 | mode train | loss 2.0797 | accuracy 12.8125 | mean_length 64
09-13-21 13:18:54 - epoch 1 | global step 4390 | mode train | loss 2.0798 | accuracy 12.1875 | mean_length 64
09-13-21 13:20:41 - epoch 1 | global step 4400 | mode train | loss 2.0781 | accuracy 14.375 | mean_length 64
09-13-21 13:22:28 - epoch 1 | global step 4410 | mode train | loss 2.0789 | accuracy 11.875 | mean_length 64
09-13-21 13:24:15 - epoch 1 | global step 4420 | mode train | loss 2.0795 | accuracy 11.875 | mean_length 64
09-13-21 13:26:03 - epoch 1 | global step 4430 | mode train | loss 2.0796 | accuracy 12.1875 | mean_length 64
09-13-21 13:27:50 - epoch 1 | global step 4440 | mode train | loss 2.0774 | accuracy 15.0 | mean_length 64
09-13-21 13:29:37 - epoch 1 | global step 4450 | mode train | loss 2.0807 | accuracy 16.5625 | mean_length 64
09-13-21 13:31:24 - epoch 1 | global step 4460 | mode train | loss 2.0791 | accuracy 14.375 | mean_length 64
09-13-21 13:33:11 - epoch 1 | global step 4470 | mode train | loss 2.0782 | accuracy 11.875 | mean_length 64
09-13-21 13:34:57 - epoch 1 | global step 4480 | mode train | loss 2.0808 | accuracy 11.25 | mean_length 64
09-13-21 13:36:45 - epoch 1 | global step 4490 | mode train | loss 2.0796 | accuracy 10.9375 | mean_length 64
09-13-21 13:38:32 - epoch 1 | global step 4500 | mode train | loss 2.0785 | accuracy 11.875 | mean_length 64
09-13-21 13:40:19 - epoch 1 | global step 4510 | mode train | loss 2.0818 | accuracy 12.5 | mean_length 64
09-13-21 13:42:06 - epoch 1 | global step 4520 | mode train | loss 2.08 | accuracy 11.875 | mean_length 64
09-13-21 13:43:53 - epoch 1 | global step 4530 | mode train | loss 2.0793 | accuracy 14.375 | mean_length 64
09-13-21 13:45:40 - epoch 1 | global step 4540 | mode train | loss 2.0808 | accuracy 10.0 | mean_length 64
09-13-21 13:47:27 - epoch 1 | global step 4550 | mode train | loss 2.0795 | accuracy 14.0625 | mean_length 64
09-13-21 13:49:14 - epoch 1 | global step 4560 | mode train | loss 2.0802 | accuracy 11.875 | mean_length 64
09-13-21 13:51:01 - epoch 1 | global step 4570 | mode train | loss 2.0797 | accuracy 10.625 | mean_length 64
09-13-21 13:52:48 - epoch 1 | global step 4580 | mode train | loss 2.0797 | accuracy 15.3125 | mean_length 64
09-13-21 13:54:35 - epoch 1 | global step 4590 | mode train | loss 2.0792 | accuracy 13.4375 | mean_length 64
09-13-21 13:56:22 - epoch 1 | global step 4600 | mode train | loss 2.0781 | accuracy 13.4375 | mean_length 64
09-13-21 14:07:21 - epoch 1 | global step 4608 | mode validation | loss 2.0795 | accuracy 12.82 | mean_length 64
09-13-21 14:07:21 - Saving model to Output/accGrad4_mbart_noBT_lr1.25e-5_7distractors_maxstep8192_seed43
Epoch: 1, Prediction Accuracy: 12.82, Saved to Path: Output/accGrad4_mbart_noBT_lr1.25e-5_7distractors_maxstep8192_seed43
09-13-21 14:07:53 - epoch 1 | global step 4610 | mode train | loss 2.0805 | accuracy 10.625 | mean_length 64
09-13-21 14:09:40 - epoch 1 | global step 4620 | mode train | loss 2.0799 | accuracy 12.1875 | mean_length 64
09-13-21 14:11:27 - epoch 1 | global step 4630 | mode train | loss 2.0783 | accuracy 11.875 | mean_length 64
09-13-21 14:13:14 - epoch 1 | global step 4640 | mode train | loss 2.0784 | accuracy 14.375 | mean_length 64
09-13-21 14:15:01 - epoch 1 | global step 4650 | mode train | loss 2.0817 | accuracy 9.375 | mean_length 64
09-13-21 14:16:48 - epoch 1 | global step 4660 | mode train | loss 2.0783 | accuracy 15.0 | mean_length 64
09-13-21 14:18:35 - epoch 1 | global step 4670 | mode train | loss 2.0802 | accuracy 11.5625 | mean_length 64
09-13-21 14:20:22 - epoch 1 | global step 4680 | mode train | loss 2.0793 | accuracy 13.75 | mean_length 64
09-13-21 14:22:09 - epoch 1 | global step 4690 | mode train | loss 2.0803 | accuracy 11.5625 | mean_length 64
09-13-21 14:23:57 - epoch 1 | global step 4700 | mode train | loss 2.0799 | accuracy 14.375 | mean_length 64
09-13-21 14:25:44 - epoch 1 | global step 4710 | mode train | loss 2.0797 | accuracy 12.1875 | mean_length 64
09-13-21 14:27:31 - epoch 1 | global step 4720 | mode train | loss 2.081 | accuracy 11.25 | mean_length 64
09-13-21 14:29:18 - epoch 1 | global step 4730 | mode train | loss 2.0803 | accuracy 12.5 | mean_length 64
09-13-21 14:31:05 - epoch 1 | global step 4740 | mode train | loss 2.0775 | accuracy 14.0625 | mean_length 64
09-13-21 14:32:52 - epoch 1 | global step 4750 | mode train | loss 2.0794 | accuracy 11.875 | mean_length 64
09-13-21 14:34:39 - epoch 1 | global step 4760 | mode train | loss 2.0772 | accuracy 15.3125 | mean_length 64
09-13-21 14:36:26 - epoch 1 | global step 4770 | mode train | loss 2.0795 | accuracy 14.0625 | mean_length 64
09-13-21 14:38:13 - epoch 1 | global step 4780 | mode train | loss 2.0804 | accuracy 14.375 | mean_length 64
09-13-21 14:40:00 - epoch 1 | global step 4790 | mode train | loss 2.0809 | accuracy 10.625 | mean_length 64
09-13-21 14:41:47 - epoch 1 | global step 4800 | mode train | loss 2.0786 | accuracy 16.875 | mean_length 64
09-13-21 14:43:34 - epoch 1 | global step 4810 | mode train | loss 2.078 | accuracy 12.8125 | mean_length 64
09-13-21 14:45:22 - epoch 1 | global step 4820 | mode train | loss 2.0807 | accuracy 10.9375 | mean_length 64
09-13-21 14:47:09 - epoch 1 | global step 4830 | mode train | loss 2.0796 | accuracy 14.6875 | mean_length 64
09-13-21 14:48:56 - epoch 1 | global step 4840 | mode train | loss 2.0794 | accuracy 11.875 | mean_length 64
09-13-21 14:50:43 - epoch 1 | global step 4850 | mode train | loss 2.0809 | accuracy 9.0625 | mean_length 64
09-13-21 14:52:30 - epoch 1 | global step 4860 | mode train | loss 2.0808 | accuracy 10.9375 | mean_length 64
09-13-21 14:54:17 - epoch 1 | global step 4870 | mode train | loss 2.0801 | accuracy 11.25 | mean_length 64
09-13-21 14:56:04 - epoch 1 | global step 4880 | mode train | loss 2.0801 | accuracy 12.1875 | mean_length 64
09-13-21 14:57:51 - epoch 1 | global step 4890 | mode train | loss 2.0796 | accuracy 9.6875 | mean_length 64
09-13-21 14:59:38 - epoch 1 | global step 4900 | mode train | loss 2.0796 | accuracy 11.875 | mean_length 64
09-13-21 15:01:25 - epoch 1 | global step 4910 | mode train | loss 2.0796 | accuracy 11.875 | mean_length 64
09-13-21 15:03:12 - epoch 1 | global step 4920 | mode train | loss 2.08 | accuracy 10.9375 | mean_length 64
09-13-21 15:05:00 - epoch 1 | global step 4930 | mode train | loss 2.0789 | accuracy 10.3125 | mean_length 64
09-13-21 15:06:47 - epoch 1 | global step 4940 | mode train | loss 2.0804 | accuracy 13.75 | mean_length 64
09-13-21 15:08:34 - epoch 1 | global step 4950 | mode train | loss 2.0802 | accuracy 14.0625 | mean_length 64
09-13-21 15:10:21 - epoch 1 | global step 4960 | mode train | loss 2.0789 | accuracy 10.625 | mean_length 64
09-13-21 15:12:08 - epoch 1 | global step 4970 | mode train | loss 2.08 | accuracy 13.75 | mean_length 64
09-13-21 15:13:55 - epoch 1 | global step 4980 | mode train | loss 2.0802 | accuracy 12.1875 | mean_length 64
09-13-21 15:15:41 - epoch 1 | global step 4990 | mode train | loss 2.0789 | accuracy 12.8125 | mean_length 64
09-13-21 15:17:28 - epoch 1 | global step 5000 | mode train | loss 2.0804 | accuracy 9.375 | mean_length 64
09-13-21 15:19:15 - epoch 1 | global step 5010 | mode train | loss 2.0797 | accuracy 13.4375 | mean_length 64
09-13-21 15:21:03 - epoch 1 | global step 5020 | mode train | loss 2.0808 | accuracy 11.5625 | mean_length 64
09-13-21 15:22:50 - epoch 1 | global step 5030 | mode train | loss 2.0778 | accuracy 12.8125 | mean_length 64
09-13-21 15:24:37 - epoch 1 | global step 5040 | mode train | loss 2.0814 | accuracy 9.0625 | mean_length 64
09-13-21 15:26:25 - epoch 1 | global step 5050 | mode train | loss 2.0798 | accuracy 11.5625 | mean_length 64
09-13-21 15:28:12 - epoch 1 | global step 5060 | mode train | loss 2.0801 | accuracy 12.1875 | mean_length 64
09-13-21 15:29:59 - epoch 1 | global step 5070 | mode train | loss 2.0787 | accuracy 14.0625 | mean_length 64
09-13-21 15:31:46 - epoch 1 | global step 5080 | mode train | loss 2.0797 | accuracy 13.4375 | mean_length 64
09-13-21 15:33:33 - epoch 1 | global step 5090 | mode train | loss 2.0785 | accuracy 15.3125 | mean_length 64
09-13-21 15:35:20 - epoch 1 | global step 5100 | mode train | loss 2.0788 | accuracy 10.9375 | mean_length 64
09-13-21 15:37:07 - epoch 1 | global step 5110 | mode train | loss 2.0798 | accuracy 12.5 | mean_length 64
09-13-21 15:38:54 - epoch 1 | global step 5120 | mode train | loss 2.079 | accuracy 13.75 | mean_length 64
09-13-21 15:48:28 - epoch 1 | global step 5120 | mode validation | loss 2.0794 | accuracy 12.8 | mean_length 64
09-13-21 15:48:28 - Saving model to Output/accGrad4_mbart_noBT_lr1.25e-5_7distractors_maxstep8192_seed43
Epoch: 1, Prediction Accuracy: 12.8, Saved to Path: Output/accGrad4_mbart_noBT_lr1.25e-5_7distractors_maxstep8192_seed43
09-13-21 15:50:25 - epoch 1 | global step 5130 | mode train | loss 2.0784 | accuracy 11.875 | mean_length 64
09-13-21 15:52:12 - epoch 1 | global step 5140 | mode train | loss 2.0782 | accuracy 14.0625 | mean_length 64
09-13-21 15:53:59 - epoch 1 | global step 5150 | mode train | loss 2.0791 | accuracy 14.6875 | mean_length 64
09-13-21 15:55:46 - epoch 1 | global step 5160 | mode train | loss 2.0813 | accuracy 5.9375 | mean_length 64
09-13-21 15:57:33 - epoch 1 | global step 5170 | mode train | loss 2.0784 | accuracy 16.875 | mean_length 64
09-13-21 15:59:20 - epoch 1 | global step 5180 | mode train | loss 2.0799 | accuracy 14.375 | mean_length 64
09-13-21 16:01:07 - epoch 1 | global step 5190 | mode train | loss 2.0809 | accuracy 11.5625 | mean_length 64
09-13-21 16:02:54 - epoch 1 | global step 5200 | mode train | loss 2.0799 | accuracy 12.5 | mean_length 64
09-13-21 16:04:42 - epoch 1 | global step 5210 | mode train | loss 2.0802 | accuracy 12.1875 | mean_length 64
09-13-21 16:06:29 - epoch 1 | global step 5220 | mode train | loss 2.079 | accuracy 14.6875 | mean_length 64
09-13-21 16:08:16 - epoch 1 | global step 5230 | mode train | loss 2.0788 | accuracy 15.3125 | mean_length 64
09-13-21 16:10:03 - epoch 1 | global step 5240 | mode train | loss 2.0796 | accuracy 13.125 | mean_length 64
09-13-21 16:11:50 - epoch 1 | global step 5250 | mode train | loss 2.0794 | accuracy 15.3125 | mean_length 64
09-13-21 16:13:37 - epoch 1 | global step 5260 | mode train | loss 2.0788 | accuracy 15.625 | mean_length 64
09-13-21 16:15:24 - epoch 1 | global step 5270 | mode train | loss 2.0799 | accuracy 12.1875 | mean_length 64
09-13-21 16:17:11 - epoch 1 | global step 5280 | mode train | loss 2.0802 | accuracy 12.5 | mean_length 64
09-13-21 16:18:58 - epoch 1 | global step 5290 | mode train | loss 2.0802 | accuracy 10.625 | mean_length 64
09-13-21 16:20:45 - epoch 1 | global step 5300 | mode train | loss 2.0794 | accuracy 11.875 | mean_length 64
09-13-21 16:22:32 - epoch 1 | global step 5310 | mode train | loss 2.0789 | accuracy 13.4375 | mean_length 64
09-13-21 16:24:20 - epoch 1 | global step 5320 | mode train | loss 2.0807 | accuracy 7.8125 | mean_length 64
09-13-21 16:26:07 - epoch 1 | global step 5330 | mode train | loss 2.0809 | accuracy 10.3125 | mean_length 64
09-13-21 16:27:54 - epoch 1 | global step 5340 | mode train | loss 2.0785 | accuracy 15.0 | mean_length 64
09-13-21 16:29:42 - epoch 1 | global step 5350 | mode train | loss 2.0794 | accuracy 10.3125 | mean_length 64
09-13-21 16:31:29 - epoch 1 | global step 5360 | mode train | loss 2.0786 | accuracy 14.6875 | mean_length 64
09-13-21 16:33:16 - epoch 1 | global step 5370 | mode train | loss 2.0804 | accuracy 12.1875 | mean_length 64
09-13-21 16:35:03 - epoch 1 | global step 5380 | mode train | loss 2.0799 | accuracy 14.0625 | mean_length 64
09-13-21 16:36:50 - epoch 1 | global step 5390 | mode train | loss 2.0795 | accuracy 10.625 | mean_length 64
09-13-21 16:38:37 - epoch 1 | global step 5400 | mode train | loss 2.0791 | accuracy 13.75 | mean_length 64
09-13-21 16:40:24 - epoch 1 | global step 5410 | mode train | loss 2.0788 | accuracy 11.5625 | mean_length 64
09-13-21 16:42:11 - epoch 1 | global step 5420 | mode train | loss 2.0793 | accuracy 12.5 | mean_length 64
09-13-21 16:43:58 - epoch 1 | global step 5430 | mode train | loss 2.0801 | accuracy 10.625 | mean_length 64
09-13-21 16:45:45 - epoch 1 | global step 5440 | mode train | loss 2.0795 | accuracy 12.8125 | mean_length 64
09-13-21 16:47:33 - epoch 1 | global step 5450 | mode train | loss 2.0787 | accuracy 16.875 | mean_length 64
09-13-21 16:49:20 - epoch 1 | global step 5460 | mode train | loss 2.08 | accuracy 10.9375 | mean_length 64
09-13-21 16:51:07 - epoch 1 | global step 5470 | mode train | loss 2.0801 | accuracy 11.25 | mean_length 64
09-13-21 16:52:54 - epoch 1 | global step 5480 | mode train | loss 2.0806 | accuracy 12.5 | mean_length 64
09-13-21 16:54:41 - epoch 1 | global step 5490 | mode train | loss 2.078 | accuracy 15.625 | mean_length 64
09-13-21 16:56:28 - epoch 1 | global step 5500 | mode train | loss 2.08 | accuracy 11.875 | mean_length 64
09-13-21 16:58:15 - epoch 1 | global step 5510 | mode train | loss 2.0809 | accuracy 10.3125 | mean_length 64
09-13-21 17:00:02 - epoch 1 | global step 5520 | mode train | loss 2.0799 | accuracy 15.3125 | mean_length 64
09-13-21 17:01:49 - epoch 1 | global step 5530 | mode train | loss 2.0774 | accuracy 14.0625 | mean_length 64
09-13-21 17:03:36 - epoch 1 | global step 5540 | mode train | loss 2.0804 | accuracy 9.375 | mean_length 64
09-13-21 17:05:23 - epoch 1 | global step 5550 | mode train | loss 2.0807 | accuracy 10.625 | mean_length 64
09-13-21 17:07:10 - epoch 1 | global step 5560 | mode train | loss 2.0797 | accuracy 12.1875 | mean_length 64
09-13-21 17:08:58 - epoch 1 | global step 5570 | mode train | loss 2.0784 | accuracy 15.0 | mean_length 64
09-13-21 17:10:45 - epoch 1 | global step 5580 | mode train | loss 2.0799 | accuracy 11.25 | mean_length 64
09-13-21 17:12:32 - epoch 1 | global step 5590 | mode train | loss 2.0779 | accuracy 15.0 | mean_length 64
09-13-21 17:14:19 - epoch 1 | global step 5600 | mode train | loss 2.0797 | accuracy 14.0625 | mean_length 64
09-13-21 17:16:06 - epoch 1 | global step 5610 | mode train | loss 2.0803 | accuracy 9.6875 | mean_length 64
09-13-21 17:17:53 - epoch 1 | global step 5620 | mode train | loss 2.0811 | accuracy 13.125 | mean_length 64
09-13-21 17:19:40 - epoch 1 | global step 5630 | mode train | loss 2.0793 | accuracy 13.75 | mean_length 64
09-13-21 17:29:36 - epoch 1 | global step 5632 | mode validation | loss 2.0796 | accuracy 12.1 | mean_length 64
09-13-21 17:31:02 - epoch 1 | global step 5640 | mode train | loss 2.0795 | accuracy 14.375 | mean_length 64
09-13-21 17:32:49 - epoch 1 | global step 5650 | mode train | loss 2.0794 | accuracy 14.0625 | mean_length 64
09-13-21 17:34:36 - epoch 1 | global step 5660 | mode train | loss 2.0799 | accuracy 13.4375 | mean_length 64
09-13-21 17:36:23 - epoch 1 | global step 5670 | mode train | loss 2.0797 | accuracy 14.0625 | mean_length 64
09-13-21 17:38:10 - epoch 1 | global step 5680 | mode train | loss 2.0809 | accuracy 9.375 | mean_length 64
09-13-21 17:39:57 - epoch 1 | global step 5690 | mode train | loss 2.0802 | accuracy 10.3125 | mean_length 64
09-13-21 17:41:44 - epoch 1 | global step 5700 | mode train | loss 2.0799 | accuracy 9.6875 | mean_length 64
09-13-21 17:43:31 - epoch 1 | global step 5710 | mode train | loss 2.0789 | accuracy 14.0625 | mean_length 64
09-13-21 17:45:18 - epoch 1 | global step 5720 | mode train | loss 2.0783 | accuracy 13.75 | mean_length 64
09-13-21 17:47:06 - epoch 1 | global step 5730 | mode train | loss 2.0799 | accuracy 10.625 | mean_length 64
09-13-21 17:48:53 - epoch 1 | global step 5740 | mode train | loss 2.0807 | accuracy 9.375 | mean_length 64
09-13-21 17:50:40 - epoch 1 | global step 5750 | mode train | loss 2.0805 | accuracy 10.9375 | mean_length 64
09-13-21 17:52:28 - epoch 1 | global step 5760 | mode train | loss 2.0793 | accuracy 14.0625 | mean_length 64
09-13-21 17:54:15 - epoch 1 | global step 5770 | mode train | loss 2.0792 | accuracy 14.6875 | mean_length 64
09-13-21 17:56:03 - epoch 1 | global step 5780 | mode train | loss 2.0779 | accuracy 13.4375 | mean_length 64
09-13-21 17:57:51 - epoch 1 | global step 5790 | mode train | loss 2.0806 | accuracy 11.25 | mean_length 64
09-13-21 17:59:39 - epoch 1 | global step 5800 | mode train | loss 2.0911 | accuracy 13.125 | mean_length 64
09-13-21 18:01:26 - epoch 1 | global step 5810 | mode train | loss 2.0807 | accuracy 12.8125 | mean_length 64
09-13-21 18:03:14 - epoch 1 | global step 5820 | mode train | loss 2.0799 | accuracy 12.8125 | mean_length 64
09-13-21 18:05:01 - epoch 1 | global step 5830 | mode train | loss 2.0802 | accuracy 10.9375 | mean_length 64
09-13-21 18:06:48 - epoch 1 | global step 5840 | mode train | loss 2.0789 | accuracy 12.1875 | mean_length 64
09-13-21 18:08:35 - epoch 1 | global step 5850 | mode train | loss 2.0804 | accuracy 10.9375 | mean_length 64
09-13-21 18:10:23 - epoch 1 | global step 5860 | mode train | loss 2.0796 | accuracy 12.5 | mean_length 64
09-13-21 18:12:11 - epoch 1 | global step 5870 | mode train | loss 2.079 | accuracy 13.125 | mean_length 64
09-13-21 18:13:58 - epoch 1 | global step 5880 | mode train | loss 2.0796 | accuracy 10.3125 | mean_length 64
09-13-21 18:15:46 - epoch 1 | global step 5890 | mode train | loss 2.0795 | accuracy 12.5 | mean_length 64
09-13-21 18:17:34 - epoch 1 | global step 5900 | mode train | loss 2.0778 | accuracy 16.5625 | mean_length 64
09-13-21 18:19:22 - epoch 1 | global step 5910 | mode train | loss 2.0803 | accuracy 9.6875 | mean_length 64
09-13-21 18:21:09 - epoch 1 | global step 5920 | mode train | loss 2.0802 | accuracy 11.25 | mean_length 64
09-13-21 18:22:57 - epoch 1 | global step 5930 | mode train | loss 2.0794 | accuracy 11.5625 | mean_length 64
09-13-21 18:24:44 - epoch 1 | global step 5940 | mode train | loss 2.0801 | accuracy 14.375 | mean_length 64
09-13-21 18:26:32 - epoch 1 | global step 5950 | mode train | loss 2.0815 | accuracy 12.8125 | mean_length 64
09-13-21 18:28:20 - epoch 1 | global step 5960 | mode train | loss 2.0809 | accuracy 10.9375 | mean_length 64
09-13-21 18:30:08 - epoch 1 | global step 5970 | mode train | loss 2.08 | accuracy 11.5625 | mean_length 64
09-13-21 18:31:55 - epoch 1 | global step 5980 | mode train | loss 2.0797 | accuracy 11.5625 | mean_length 64
09-13-21 18:33:43 - epoch 1 | global step 5990 | mode train | loss 2.0791 | accuracy 15.625 | mean_length 64
09-13-21 18:35:30 - epoch 1 | global step 6000 | mode train | loss 2.0794 | accuracy 12.8125 | mean_length 64
09-13-21 18:37:17 - epoch 1 | global step 6010 | mode train | loss 2.0787 | accuracy 14.6875 | mean_length 64
09-13-21 18:39:04 - epoch 1 | global step 6020 | mode train | loss 2.0787 | accuracy 13.4375 | mean_length 64
09-13-21 18:40:51 - epoch 1 | global step 6030 | mode train | loss 2.0806 | accuracy 10.9375 | mean_length 64
09-13-21 18:42:38 - epoch 1 | global step 6040 | mode train | loss 2.0795 | accuracy 12.5 | mean_length 64
09-13-21 18:44:26 - epoch 1 | global step 6050 | mode train | loss 2.0783 | accuracy 12.1875 | mean_length 64
09-13-21 18:46:14 - epoch 1 | global step 6060 | mode train | loss 2.0786 | accuracy 13.4375 | mean_length 64
09-13-21 18:48:02 - epoch 1 | global step 6070 | mode train | loss 2.0789 | accuracy 11.875 | mean_length 64
09-13-21 18:49:49 - epoch 1 | global step 6080 | mode train | loss 2.0788 | accuracy 15.3125 | mean_length 64
09-13-21 18:51:37 - epoch 1 | global step 6090 | mode train | loss 2.0799 | accuracy 13.125 | mean_length 64
09-13-21 18:53:25 - epoch 1 | global step 6100 | mode train | loss 2.0796 | accuracy 10.625 | mean_length 64
09-13-21 18:55:13 - epoch 1 | global step 6110 | mode train | loss 2.0814 | accuracy 11.5625 | mean_length 64
09-13-21 18:57:00 - epoch 1 | global step 6120 | mode train | loss 2.0796 | accuracy 11.25 | mean_length 64
09-13-21 18:58:48 - epoch 1 | global step 6130 | mode train | loss 2.0797 | accuracy 8.4375 | mean_length 64
09-13-21 19:00:36 - epoch 1 | global step 6140 | mode train | loss 2.0801 | accuracy 9.6875 | mean_length 64
09-13-21 19:10:59 - epoch 1 | global step 6144 | mode validation | loss 2.0795 | accuracy 13.26 | mean_length 64
09-13-21 19:12:03 - epoch 1 | global step 6150 | mode train | loss 2.0796 | accuracy 15.3125 | mean_length 64
09-13-21 19:13:51 - epoch 1 | global step 6160 | mode train | loss 2.0792 | accuracy 12.8125 | mean_length 64
09-13-21 19:15:39 - epoch 1 | global step 6170 | mode train | loss 2.0796 | accuracy 12.1875 | mean_length 64
09-13-21 19:17:27 - epoch 1 | global step 6180 | mode train | loss 2.078 | accuracy 13.4375 | mean_length 64
09-13-21 19:19:14 - epoch 1 | global step 6190 | mode train | loss 2.079 | accuracy 13.4375 | mean_length 64
09-13-21 19:21:02 - epoch 1 | global step 6200 | mode train | loss 2.0796 | accuracy 12.1875 | mean_length 64
09-13-21 19:22:50 - epoch 1 | global step 6210 | mode train | loss 2.0803 | accuracy 10.0 | mean_length 64
09-13-21 19:24:38 - epoch 1 | global step 6220 | mode train | loss 2.0797 | accuracy 13.4375 | mean_length 64
09-13-21 19:26:25 - epoch 1 | global step 6230 | mode train | loss 2.0791 | accuracy 13.125 | mean_length 64
09-13-21 19:28:14 - epoch 1 | global step 6240 | mode train | loss 2.0813 | accuracy 7.1875 | mean_length 64
09-13-21 19:30:01 - epoch 1 | global step 6250 | mode train | loss 2.0789 | accuracy 16.5625 | mean_length 64
09-13-21 19:31:49 - epoch 1 | global step 6260 | mode train | loss 2.0795 | accuracy 14.0625 | mean_length 64
09-13-21 19:33:37 - epoch 1 | global step 6270 | mode train | loss 2.0782 | accuracy 17.5 | mean_length 64
09-13-21 19:35:24 - epoch 1 | global step 6280 | mode train | loss 2.0797 | accuracy 12.8125 | mean_length 64
09-13-21 19:37:12 - epoch 1 | global step 6290 | mode train | loss 2.0798 | accuracy 11.25 | mean_length 64
09-13-21 19:39:00 - epoch 1 | global step 6300 | mode train | loss 2.0798 | accuracy 10.3125 | mean_length 64
09-13-21 19:40:49 - epoch 1 | global step 6310 | mode train | loss 2.0789 | accuracy 13.75 | mean_length 64
09-13-21 19:42:37 - epoch 1 | global step 6320 | mode train | loss 2.0795 | accuracy 11.875 | mean_length 64
09-13-21 19:44:25 - epoch 1 | global step 6330 | mode train | loss 2.08 | accuracy 11.875 | mean_length 64
09-13-21 19:46:13 - epoch 1 | global step 6340 | mode train | loss 2.0811 | accuracy 11.25 | mean_length 64
09-13-21 19:48:01 - epoch 1 | global step 6350 | mode train | loss 2.081 | accuracy 9.375 | mean_length 64
09-13-21 19:49:48 - epoch 1 | global step 6360 | mode train | loss 2.0797 | accuracy 13.75 | mean_length 64
09-13-21 19:51:36 - epoch 1 | global step 6370 | mode train | loss 2.0793 | accuracy 12.1875 | mean_length 64
09-13-21 19:53:24 - epoch 1 | global step 6380 | mode train | loss 2.0783 | accuracy 15.625 | mean_length 64
09-13-21 19:55:11 - epoch 1 | global step 6390 | mode train | loss 2.0798 | accuracy 9.0625 | mean_length 64
09-13-21 19:56:59 - epoch 1 | global step 6400 | mode train | loss 2.0792 | accuracy 12.8125 | mean_length 64
09-13-21 19:58:47 - epoch 1 | global step 6410 | mode train | loss 2.0794 | accuracy 12.1875 | mean_length 64
09-13-21 20:00:35 - epoch 1 | global step 6420 | mode train | loss 2.0808 | accuracy 11.875 | mean_length 64
09-13-21 20:02:22 - epoch 1 | global step 6430 | mode train | loss 2.0782 | accuracy 11.25 | mean_length 64
09-13-21 20:04:10 - epoch 1 | global step 6440 | mode train | loss 2.0801 | accuracy 14.6875 | mean_length 64
09-13-21 20:05:58 - epoch 1 | global step 6450 | mode train | loss 2.0806 | accuracy 10.3125 | mean_length 64
09-13-21 20:07:45 - epoch 2 | global step 6460 | mode train | loss 2.08 | accuracy 13.75 | mean_length 64
09-13-21 20:09:33 - epoch 2 | global step 6470 | mode train | loss 2.0789 | accuracy 14.6875 | mean_length 64
09-13-21 20:11:21 - epoch 2 | global step 6480 | mode train | loss 2.0799 | accuracy 10.625 | mean_length 64
09-13-21 20:13:09 - epoch 2 | global step 6490 | mode train | loss 2.0801 | accuracy 11.5625 | mean_length 64
09-13-21 20:14:56 - epoch 2 | global step 6500 | mode train | loss 2.0793 | accuracy 11.5625 | mean_length 64
09-13-21 20:16:44 - epoch 2 | global step 6510 | mode train | loss 2.0815 | accuracy 8.75 | mean_length 64
09-13-21 20:18:32 - epoch 2 | global step 6520 | mode train | loss 2.0788 | accuracy 14.6875 | mean_length 64
09-13-21 20:20:19 - epoch 2 | global step 6530 | mode train | loss 2.0788 | accuracy 13.4375 | mean_length 64
09-13-21 20:22:07 - epoch 2 | global step 6540 | mode train | loss 2.0796 | accuracy 12.5 | mean_length 64
09-13-21 20:23:55 - epoch 2 | global step 6550 | mode train | loss 2.0799 | accuracy 12.8125 | mean_length 64
09-13-21 20:25:42 - epoch 2 | global step 6560 | mode train | loss 2.0791 | accuracy 13.75 | mean_length 64
09-13-21 20:27:30 - epoch 2 | global step 6570 | mode train | loss 2.0806 | accuracy 13.4375 | mean_length 64
09-13-21 20:29:17 - epoch 2 | global step 6580 | mode train | loss 2.0798 | accuracy 10.0 | mean_length 64
09-13-21 20:31:04 - epoch 2 | global step 6590 | mode train | loss 2.0792 | accuracy 11.5625 | mean_length 64
09-13-21 20:32:51 - epoch 2 | global step 6600 | mode train | loss 2.0782 | accuracy 14.6875 | mean_length 64
09-13-21 20:34:38 - epoch 2 | global step 6610 | mode train | loss 2.0798 | accuracy 12.1875 | mean_length 64
09-13-21 20:36:25 - epoch 2 | global step 6620 | mode train | loss 2.0787 | accuracy 12.1875 | mean_length 64
09-13-21 20:38:12 - epoch 2 | global step 6630 | mode train | loss 2.0807 | accuracy 10.9375 | mean_length 64
09-13-21 20:40:00 - epoch 2 | global step 6640 | mode train | loss 2.0791 | accuracy 14.375 | mean_length 64
09-13-21 20:41:46 - epoch 2 | global step 6650 | mode train | loss 2.0794 | accuracy 14.375 | mean_length 64
09-13-21 20:52:25 - epoch 2 | global step 6656 | mode validation | loss 2.0795 | accuracy 13.22 | mean_length 64
09-13-21 20:53:07 - epoch 2 | global step 6660 | mode train | loss 2.0799 | accuracy 14.6875 | mean_length 64
09-13-21 20:54:54 - epoch 2 | global step 6670 | mode train | loss 2.0785 | accuracy 15.0 | mean_length 64
09-13-21 20:56:42 - epoch 2 | global step 6680 | mode train | loss 2.0796 | accuracy 12.8125 | mean_length 64
09-13-21 20:58:29 - epoch 2 | global step 6690 | mode train | loss 2.081 | accuracy 11.875 | mean_length 64
09-13-21 21:00:16 - epoch 2 | global step 6700 | mode train | loss 2.0818 | accuracy 10.625 | mean_length 64
09-13-21 21:02:03 - epoch 2 | global step 6710 | mode train | loss 2.0806 | accuracy 10.9375 | mean_length 64
09-13-21 21:03:50 - epoch 2 | global step 6720 | mode train | loss 2.0778 | accuracy 16.5625 | mean_length 64
09-13-21 21:05:37 - epoch 2 | global step 6730 | mode train | loss 2.08 | accuracy 9.6875 | mean_length 64
09-13-21 21:07:24 - epoch 2 | global step 6740 | mode train | loss 2.0796 | accuracy 14.0625 | mean_length 64
09-13-21 21:09:11 - epoch 2 | global step 6750 | mode train | loss 2.079 | accuracy 12.8125 | mean_length 64
09-13-21 21:10:59 - epoch 2 | global step 6760 | mode train | loss 2.0795 | accuracy 9.375 | mean_length 64
09-13-21 21:12:46 - epoch 2 | global step 6770 | mode train | loss 2.0791 | accuracy 14.375 | mean_length 64
09-13-21 21:14:33 - epoch 2 | global step 6780 | mode train | loss 2.0781 | accuracy 15.0 | mean_length 64
09-13-21 21:16:20 - epoch 2 | global step 6790 | mode train | loss 2.0793 | accuracy 12.8125 | mean_length 64
09-13-21 21:18:07 - epoch 2 | global step 6800 | mode train | loss 2.0801 | accuracy 13.125 | mean_length 64
09-13-21 21:19:54 - epoch 2 | global step 6810 | mode train | loss 2.0798 | accuracy 12.8125 | mean_length 64
09-13-21 21:21:41 - epoch 2 | global step 6820 | mode train | loss 2.0797 | accuracy 13.75 | mean_length 64
09-13-21 21:23:29 - epoch 2 | global step 6830 | mode train | loss 2.0785 | accuracy 11.25 | mean_length 64
09-13-21 21:25:16 - epoch 2 | global step 6840 | mode train | loss 2.0807 | accuracy 9.375 | mean_length 64
09-13-21 21:27:03 - epoch 2 | global step 6850 | mode train | loss 2.0775 | accuracy 16.5625 | mean_length 64
09-13-21 21:28:51 - epoch 2 | global step 6860 | mode train | loss 2.0807 | accuracy 11.5625 | mean_length 64
09-13-21 21:30:38 - epoch 2 | global step 6870 | mode train | loss 2.08 | accuracy 11.5625 | mean_length 64
09-13-21 21:32:25 - epoch 2 | global step 6880 | mode train | loss 2.0794 | accuracy 13.125 | mean_length 64
09-13-21 21:34:12 - epoch 2 | global step 6890 | mode train | loss 2.079 | accuracy 12.1875 | mean_length 64
09-13-21 21:35:59 - epoch 2 | global step 6900 | mode train | loss 2.0803 | accuracy 13.125 | mean_length 64
09-13-21 21:37:46 - epoch 2 | global step 6910 | mode train | loss 2.0787 | accuracy 15.0 | mean_length 64
09-13-21 21:39:33 - epoch 2 | global step 6920 | mode train | loss 2.0783 | accuracy 16.25 | mean_length 64
09-13-21 21:41:21 - epoch 2 | global step 6930 | mode train | loss 2.0789 | accuracy 14.6875 | mean_length 64
09-13-21 21:43:08 - epoch 2 | global step 6940 | mode train | loss 2.0791 | accuracy 15.3125 | mean_length 64
09-13-21 21:44:55 - epoch 2 | global step 6950 | mode train | loss 2.0805 | accuracy 10.625 | mean_length 64
09-13-21 21:46:42 - epoch 2 | global step 6960 | mode train | loss 2.0819 | accuracy 8.125 | mean_length 64
09-13-21 21:48:29 - epoch 2 | global step 6970 | mode train | loss 2.0795 | accuracy 11.875 | mean_length 64
09-13-21 21:50:16 - epoch 2 | global step 6980 | mode train | loss 2.0789 | accuracy 12.5 | mean_length 64
09-13-21 21:52:03 - epoch 2 | global step 6990 | mode train | loss 2.079 | accuracy 13.75 | mean_length 64
09-13-21 21:53:50 - epoch 2 | global step 7000 | mode train | loss 2.0791 | accuracy 15.3125 | mean_length 64
09-13-21 21:55:38 - epoch 2 | global step 7010 | mode train | loss 2.0798 | accuracy 11.5625 | mean_length 64
09-13-21 21:57:25 - epoch 2 | global step 7020 | mode train | loss 2.0799 | accuracy 10.9375 | mean_length 64
09-13-21 21:59:12 - epoch 2 | global step 7030 | mode train | loss 2.0788 | accuracy 15.3125 | mean_length 64
09-13-21 22:00:59 - epoch 2 | global step 7040 | mode train | loss 2.0803 | accuracy 9.6875 | mean_length 64
09-13-21 22:02:46 - epoch 2 | global step 7050 | mode train | loss 2.0801 | accuracy 11.5625 | mean_length 64
09-13-21 22:04:33 - epoch 2 | global step 7060 | mode train | loss 2.0811 | accuracy 10.9375 | mean_length 64
09-13-21 22:06:20 - epoch 2 | global step 7070 | mode train | loss 2.0783 | accuracy 16.5625 | mean_length 64
09-13-21 22:08:07 - epoch 2 | global step 7080 | mode train | loss 2.0788 | accuracy 12.5 | mean_length 64
09-13-21 22:09:55 - epoch 2 | global step 7090 | mode train | loss 2.08 | accuracy 11.25 | mean_length 64
09-13-21 22:11:42 - epoch 2 | global step 7100 | mode train | loss 2.0792 | accuracy 10.3125 | mean_length 64
09-13-21 22:13:29 - epoch 2 | global step 7110 | mode train | loss 2.0789 | accuracy 11.5625 | mean_length 64
09-13-21 22:15:16 - epoch 2 | global step 7120 | mode train | loss 2.08 | accuracy 6.875 | mean_length 64
09-13-21 22:17:03 - epoch 2 | global step 7130 | mode train | loss 2.0803 | accuracy 13.75 | mean_length 64
09-13-21 22:18:50 - epoch 2 | global step 7140 | mode train | loss 2.0797 | accuracy 13.4375 | mean_length 64
09-13-21 22:20:37 - epoch 2 | global step 7150 | mode train | loss 2.0801 | accuracy 10.625 | mean_length 64
09-13-21 22:22:24 - epoch 2 | global step 7160 | mode train | loss 2.0799 | accuracy 14.0625 | mean_length 64
09-13-21 22:33:25 - epoch 2 | global step 7168 | mode validation | loss 2.0796 | accuracy 12.26 | mean_length 64
09-13-21 22:33:46 - epoch 2 | global step 7170 | mode train | loss 2.0805 | accuracy 11.25 | mean_length 64
09-13-21 22:35:33 - epoch 2 | global step 7180 | mode train | loss 2.0803 | accuracy 12.8125 | mean_length 64
09-13-21 22:37:20 - epoch 2 | global step 7190 | mode train | loss 2.0785 | accuracy 16.5625 | mean_length 64
09-13-21 22:39:07 - epoch 2 | global step 7200 | mode train | loss 2.079 | accuracy 13.75 | mean_length 64
09-13-21 22:40:54 - epoch 2 | global step 7210 | mode train | loss 2.0805 | accuracy 10.9375 | mean_length 64
09-13-21 22:42:41 - epoch 2 | global step 7220 | mode train | loss 2.0798 | accuracy 10.9375 | mean_length 64
09-13-21 22:44:28 - epoch 2 | global step 7230 | mode train | loss 2.0775 | accuracy 20.3125 | mean_length 64
09-13-21 22:46:15 - epoch 2 | global step 7240 | mode train | loss 2.0791 | accuracy 12.1875 | mean_length 64
09-13-21 22:48:02 - epoch 2 | global step 7250 | mode train | loss 2.0795 | accuracy 14.6875 | mean_length 64
09-13-21 22:49:49 - epoch 2 | global step 7260 | mode train | loss 2.0808 | accuracy 12.1875 | mean_length 64
09-13-21 22:51:36 - epoch 2 | global step 7270 | mode train | loss 2.0794 | accuracy 12.5 | mean_length 64
09-13-21 22:53:23 - epoch 2 | global step 7280 | mode train | loss 2.0785 | accuracy 15.3125 | mean_length 64
09-13-21 22:55:10 - epoch 2 | global step 7290 | mode train | loss 2.0797 | accuracy 13.4375 | mean_length 64
09-13-21 22:56:57 - epoch 2 | global step 7300 | mode train | loss 2.0787 | accuracy 15.0 | mean_length 64
09-13-21 22:58:44 - epoch 2 | global step 7310 | mode train | loss 2.0796 | accuracy 14.0625 | mean_length 64
09-13-21 23:00:31 - epoch 2 | global step 7320 | mode train | loss 2.0802 | accuracy 10.625 | mean_length 64
09-13-21 23:02:18 - epoch 2 | global step 7330 | mode train | loss 2.0801 | accuracy 11.25 | mean_length 64
09-13-21 23:04:06 - epoch 2 | global step 7340 | mode train | loss 2.0788 | accuracy 12.5 | mean_length 64
09-13-21 23:05:53 - epoch 2 | global step 7350 | mode train | loss 2.079 | accuracy 13.4375 | mean_length 64
09-13-21 23:07:40 - epoch 2 | global step 7360 | mode train | loss 2.0788 | accuracy 14.375 | mean_length 64
09-13-21 23:09:27 - epoch 2 | global step 7370 | mode train | loss 2.0801 | accuracy 11.25 | mean_length 64
09-13-21 23:11:14 - epoch 2 | global step 7380 | mode train | loss 2.0798 | accuracy 11.875 | mean_length 64
09-13-21 23:13:01 - epoch 2 | global step 7390 | mode train | loss 2.0807 | accuracy 11.25 | mean_length 64
09-13-21 23:14:48 - epoch 2 | global step 7400 | mode train | loss 2.0799 | accuracy 10.3125 | mean_length 64
09-13-21 23:16:35 - epoch 2 | global step 7410 | mode train | loss 2.0799 | accuracy 11.5625 | mean_length 64
09-13-21 23:18:22 - epoch 2 | global step 7420 | mode train | loss 2.08 | accuracy 12.8125 | mean_length 64
09-13-21 23:20:09 - epoch 2 | global step 7430 | mode train | loss 2.0796 | accuracy 12.1875 | mean_length 64
09-13-21 23:21:56 - epoch 2 | global step 7440 | mode train | loss 2.079 | accuracy 12.8125 | mean_length 64
09-13-21 23:23:43 - epoch 2 | global step 7450 | mode train | loss 2.0784 | accuracy 14.6875 | mean_length 64
09-13-21 23:25:30 - epoch 2 | global step 7460 | mode train | loss 2.0797 | accuracy 12.1875 | mean_length 64
09-13-21 23:27:17 - epoch 2 | global step 7470 | mode train | loss 2.08 | accuracy 11.875 | mean_length 64
09-13-21 23:29:05 - epoch 2 | global step 7480 | mode train | loss 2.0801 | accuracy 13.125 | mean_length 64
09-13-21 23:30:52 - epoch 2 | global step 7490 | mode train | loss 2.0799 | accuracy 13.4375 | mean_length 64
09-13-21 23:32:39 - epoch 2 | global step 7500 | mode train | loss 2.0789 | accuracy 13.125 | mean_length 64
09-13-21 23:34:26 - epoch 2 | global step 7510 | mode train | loss 2.0795 | accuracy 10.9375 | mean_length 64
09-13-21 23:36:13 - epoch 2 | global step 7520 | mode train | loss 2.0792 | accuracy 12.1875 | mean_length 64
09-13-21 23:38:00 - epoch 2 | global step 7530 | mode train | loss 2.0794 | accuracy 11.875 | mean_length 64
09-13-21 23:39:47 - epoch 2 | global step 7540 | mode train | loss 2.0792 | accuracy 12.1875 | mean_length 64
09-13-21 23:41:34 - epoch 2 | global step 7550 | mode train | loss 2.0798 | accuracy 10.0 | mean_length 64
09-13-21 23:43:21 - epoch 2 | global step 7560 | mode train | loss 2.0795 | accuracy 14.375 | mean_length 64
09-13-21 23:45:08 - epoch 2 | global step 7570 | mode train | loss 2.0798 | accuracy 15.3125 | mean_length 64
09-13-21 23:46:57 - epoch 2 | global step 7580 | mode train | loss 2.0785 | accuracy 12.5 | mean_length 64
09-13-21 23:48:53 - epoch 2 | global step 7590 | mode train | loss 2.0792 | accuracy 14.6875 | mean_length 64
09-13-21 23:50:46 - epoch 2 | global step 7600 | mode train | loss 2.0797 | accuracy 14.375 | mean_length 64
09-13-21 23:52:40 - epoch 2 | global step 7610 | mode train | loss 2.0799 | accuracy 12.5 | mean_length 64
09-13-21 23:54:34 - epoch 2 | global step 7620 | mode train | loss 2.08 | accuracy 8.4375 | mean_length 64
09-13-21 23:56:27 - epoch 2 | global step 7630 | mode train | loss 2.0787 | accuracy 13.4375 | mean_length 64
09-13-21 23:58:20 - epoch 2 | global step 7640 | mode train | loss 2.0799 | accuracy 12.1875 | mean_length 64
09-14-21 00:00:14 - epoch 2 | global step 7650 | mode train | loss 2.0799 | accuracy 12.8125 | mean_length 64
09-14-21 00:02:07 - epoch 2 | global step 7660 | mode train | loss 2.0786 | accuracy 12.8125 | mean_length 64
09-14-21 00:04:01 - epoch 2 | global step 7670 | mode train | loss 2.0786 | accuracy 14.0625 | mean_length 64
09-14-21 00:05:54 - epoch 2 | global step 7680 | mode train | loss 2.0797 | accuracy 12.1875 | mean_length 64
09-14-21 00:16:48 - epoch 2 | global step 7680 | mode validation | loss 2.0795 | accuracy 12.58 | mean_length 64
09-14-21 00:18:42 - epoch 2 | global step 7690 | mode train | loss 2.0796 | accuracy 9.375 | mean_length 64
09-14-21 00:20:35 - epoch 2 | global step 7700 | mode train | loss 2.0798 | accuracy 12.1875 | mean_length 64
09-14-21 00:22:28 - epoch 2 | global step 7710 | mode train | loss 2.0796 | accuracy 13.125 | mean_length 64
09-14-21 00:24:22 - epoch 2 | global step 7720 | mode train | loss 2.0805 | accuracy 10.625 | mean_length 64
09-14-21 00:26:15 - epoch 2 | global step 7730 | mode train | loss 2.0803 | accuracy 10.0 | mean_length 64
09-14-21 00:28:09 - epoch 2 | global step 7740 | mode train | loss 2.0798 | accuracy 10.3125 | mean_length 64
09-14-21 00:30:03 - epoch 2 | global step 7750 | mode train | loss 2.0796 | accuracy 11.875 | mean_length 64
09-14-21 00:31:57 - epoch 2 | global step 7760 | mode train | loss 2.0789 | accuracy 12.8125 | mean_length 64
09-14-21 00:33:50 - epoch 2 | global step 7770 | mode train | loss 2.0784 | accuracy 15.3125 | mean_length 64
09-14-21 00:35:44 - epoch 2 | global step 7780 | mode train | loss 2.0776 | accuracy 13.125 | mean_length 64
09-14-21 00:37:37 - epoch 2 | global step 7790 | mode train | loss 2.08 | accuracy 11.5625 | mean_length 64
09-14-21 00:39:31 - epoch 2 | global step 7800 | mode train | loss 2.0799 | accuracy 12.1875 | mean_length 64
09-14-21 00:41:24 - epoch 2 | global step 7810 | mode train | loss 2.0805 | accuracy 9.375 | mean_length 64
09-14-21 00:43:18 - epoch 2 | global step 7820 | mode train | loss 2.0788 | accuracy 13.75 | mean_length 64
09-14-21 00:45:11 - epoch 2 | global step 7830 | mode train | loss 2.0784 | accuracy 14.6875 | mean_length 64
09-14-21 00:47:05 - epoch 2 | global step 7840 | mode train | loss 2.079 | accuracy 14.6875 | mean_length 64
09-14-21 00:48:59 - epoch 2 | global step 7850 | mode train | loss 2.0792 | accuracy 12.8125 | mean_length 64
09-14-21 00:50:53 - epoch 2 | global step 7860 | mode train | loss 2.0804 | accuracy 9.6875 | mean_length 64
09-14-21 00:52:47 - epoch 2 | global step 7870 | mode train | loss 2.0796 | accuracy 13.4375 | mean_length 64
09-14-21 00:54:42 - epoch 2 | global step 7880 | mode train | loss 2.0795 | accuracy 12.1875 | mean_length 64
09-14-21 00:56:36 - epoch 2 | global step 7890 | mode train | loss 2.0787 | accuracy 15.9375 | mean_length 64
09-14-21 00:58:31 - epoch 2 | global step 7900 | mode train | loss 2.0791 | accuracy 13.125 | mean_length 64
09-14-21 01:00:25 - epoch 2 | global step 7910 | mode train | loss 2.0799 | accuracy 12.1875 | mean_length 64
09-14-21 01:02:20 - epoch 2 | global step 7920 | mode train | loss 2.0786 | accuracy 17.5 | mean_length 64
09-14-21 01:04:14 - epoch 2 | global step 7930 | mode train | loss 2.0787 | accuracy 14.375 | mean_length 64
09-14-21 01:06:09 - epoch 2 | global step 7940 | mode train | loss 2.0796 | accuracy 14.0625 | mean_length 64
09-14-21 01:08:04 - epoch 2 | global step 7950 | mode train | loss 2.0797 | accuracy 10.0 | mean_length 64
09-14-21 01:09:58 - epoch 2 | global step 7960 | mode train | loss 2.0801 | accuracy 12.8125 | mean_length 64
09-14-21 01:11:52 - epoch 2 | global step 7970 | mode train | loss 2.0795 | accuracy 12.1875 | mean_length 64
09-14-21 01:13:47 - epoch 2 | global step 7980 | mode train | loss 2.0793 | accuracy 10.0 | mean_length 64
09-14-21 01:15:42 - epoch 2 | global step 7990 | mode train | loss 2.0792 | accuracy 12.8125 | mean_length 64
09-14-21 01:17:36 - epoch 2 | global step 8000 | mode train | loss 2.0799 | accuracy 9.6875 | mean_length 64
09-14-21 01:19:31 - epoch 2 | global step 8010 | mode train | loss 2.0786 | accuracy 15.9375 | mean_length 64
09-14-21 01:21:26 - epoch 2 | global step 8020 | mode train | loss 2.0778 | accuracy 15.0 | mean_length 64
09-14-21 01:23:20 - epoch 2 | global step 8030 | mode train | loss 2.079 | accuracy 11.25 | mean_length 64
09-14-21 01:25:15 - epoch 2 | global step 8040 | mode train | loss 2.0795 | accuracy 10.9375 | mean_length 64
09-14-21 01:27:09 - epoch 2 | global step 8050 | mode train | loss 2.079 | accuracy 12.5 | mean_length 64
09-14-21 01:29:04 - epoch 2 | global step 8060 | mode train | loss 2.081 | accuracy 8.75 | mean_length 64
09-14-21 01:31:00 - epoch 2 | global step 8070 | mode train | loss 2.0795 | accuracy 15.3125 | mean_length 64
09-14-21 01:32:55 - epoch 2 | global step 8080 | mode train | loss 2.0808 | accuracy 13.125 | mean_length 64
09-14-21 01:34:49 - epoch 2 | global step 8090 | mode train | loss 2.0784 | accuracy 14.0625 | mean_length 64
09-14-21 01:36:38 - epoch 2 | global step 8100 | mode train | loss 2.0793 | accuracy 12.5 | mean_length 64
09-14-21 01:38:25 - epoch 2 | global step 8110 | mode train | loss 2.0786 | accuracy 15.3125 | mean_length 64
09-14-21 01:40:12 - epoch 2 | global step 8120 | mode train | loss 2.0793 | accuracy 11.5625 | mean_length 64
09-14-21 01:41:59 - epoch 2 | global step 8130 | mode train | loss 2.0797 | accuracy 12.5 | mean_length 64
09-14-21 01:43:46 - epoch 2 | global step 8140 | mode train | loss 2.0798 | accuracy 9.0625 | mean_length 64
09-14-21 01:45:33 - epoch 2 | global step 8150 | mode train | loss 2.0804 | accuracy 12.5 | mean_length 64
09-14-21 01:47:20 - epoch 2 | global step 8160 | mode train | loss 2.0794 | accuracy 10.625 | mean_length 64
09-14-21 01:49:08 - epoch 2 | global step 8170 | mode train | loss 2.0783 | accuracy 17.1875 | mean_length 64
09-14-21 01:50:55 - epoch 2 | global step 8180 | mode train | loss 2.0793 | accuracy 14.0625 | mean_length 64
09-14-21 01:52:42 - epoch 2 | global step 8190 | mode train | loss 2.0788 | accuracy 12.8125 | mean_length 64
09-14-21 01:53:03 - Evaluate the following checkpoint: Output/accGrad4_mbart_noBT_lr1.25e-5_7distractors_maxstep8192_seed43/model.pt
09-14-21 02:04:41 - Best model stats: 
09-14-21 02:04:41 - epoch 0 | global step 0 | mode validation | loss 2.0794 | accuracy 12.78 | mean_length 64
