==========================================
SLURM_JOB_ID = 5965044
SLURM_JOB_NODELIST = d13-08
TMPDIR = /tmp/SLURM_5965044
==========================================
/home1/zliu9986/communication-translation
09-20-21 00:23:44 - Dataset Loaded
09-20-21 00:23:44 - Configuration:
Namespace(TransferH=False, alpha=1.0, batch_size=8, beam_width=5, bidirectional=False, config='Configs/en-zh_ec_captions.yml', cpu=False, decode_how='beam', device=device(type='cuda'), do_eval=True, do_train=True, dropout=0.1, fix_bhd=False, fix_spk=False, grad_clip=1.0, gradient_accumulation_steps=4, hard=False, has_vocab_constraint=False, hidden_dim=512, image_dim=2048, lr=9e-06, max_global_step=8192, max_seq_length=64, mode='emergent_communication', model_name='Models/bt_en-zh_captions', n_gpu=1, no_share_bhd=False, no_terminal=False, no_write=False, num_distractors_train=7, num_distractors_valid=7, num_games=30, num_layers=1, output_dir='Output/accGrad4_mbart_BTen+zh-captions_lr9.0e-6_7distractors_maxstep8192_seed43', print_every=10, save_output_txt=True, save_pretrain_seperately=True, seed=43, source_lang='en_XX', source_lang_vocab_constrain_file='/projects/unmt/communication-translation/en_cc_tokenID2count_dict.cc25.json', stats_to_print=['loss', 'accuracy', 'caption generation loss', 'image selection loss', 'mean_length'], target_acc=85.0, target_lang='zh_CN', target_lang_vocab_constrain_file='/projects/unmt/communication-translation/zh-Hans_cc_tokenID2count_dict.cc25.json', temp=1.0, temperature=1.0, train_images='./Data/ec_finetuning/images_train', two_ffwd=False, unit_norm=False, valid_every=512, valid_images='./Data/ec_finetuning/images_val', vocab_size=4035)
Sharing visual system for each agent.
09-20-21 00:33:25 - epoch 0 | global step 0 | mode validation | loss 2.3707 | accuracy 12.74 | mean_length 33.7326
09-20-21 00:33:25 - Saving model to Output/accGrad4_mbart_BTen+zh-captions_lr9.0e-6_7distractors_maxstep8192_seed43
Epoch: 0, Prediction Accuracy: 12.74, Saved to Path: Output/accGrad4_mbart_BTen+zh-captions_lr9.0e-6_7distractors_maxstep8192_seed43
09-20-21 00:35:22 - epoch 0 | global step 10 | mode train | loss 2.1776 | accuracy 15.0 | mean_length 43.9719
09-20-21 00:37:09 - epoch 0 | global step 20 | mode train | loss 2.095 | accuracy 15.625 | mean_length 47.0312
09-20-21 00:38:57 - epoch 0 | global step 30 | mode train | loss 2.1038 | accuracy 12.1875 | mean_length 44.9312
09-20-21 00:40:44 - epoch 0 | global step 40 | mode train | loss 2.0922 | accuracy 12.5 | mean_length 50.2781
09-20-21 00:42:31 - epoch 0 | global step 50 | mode train | loss 2.0529 | accuracy 12.1875 | mean_length 50.9969
09-20-21 00:44:18 - epoch 0 | global step 60 | mode train | loss 2.0767 | accuracy 13.125 | mean_length 52.6094
09-20-21 00:46:06 - epoch 0 | global step 70 | mode train | loss 2.0501 | accuracy 13.4375 | mean_length 55.5344
09-20-21 00:47:53 - epoch 0 | global step 80 | mode train | loss 2.0298 | accuracy 16.5625 | mean_length 56.4281
09-20-21 00:49:41 - epoch 0 | global step 90 | mode train | loss 2.0663 | accuracy 11.25 | mean_length 56.3656
09-20-21 00:51:28 - epoch 0 | global step 100 | mode train | loss 2.0388 | accuracy 14.0625 | mean_length 50.8844
09-20-21 00:53:15 - epoch 0 | global step 110 | mode train | loss 2.0453 | accuracy 14.6875 | mean_length 48.2563
09-20-21 00:55:02 - epoch 0 | global step 120 | mode train | loss 2.0656 | accuracy 10.9375 | mean_length 51.6031
09-20-21 00:56:50 - epoch 0 | global step 130 | mode train | loss 2.0117 | accuracy 15.9375 | mean_length 48.425
09-20-21 00:58:37 - epoch 0 | global step 140 | mode train | loss 2.0536 | accuracy 14.6875 | mean_length 43.7031
09-20-21 01:00:25 - epoch 0 | global step 150 | mode train | loss 2.0509 | accuracy 13.125 | mean_length 60.2125
09-20-21 01:02:12 - epoch 0 | global step 160 | mode train | loss 2.0715 | accuracy 13.75 | mean_length 61.5094
09-20-21 01:03:59 - epoch 0 | global step 170 | mode train | loss 2.0643 | accuracy 16.5625 | mean_length 61.6594
09-20-21 01:05:47 - epoch 0 | global step 180 | mode train | loss 2.0595 | accuracy 14.6875 | mean_length 61.225
09-20-21 01:07:34 - epoch 0 | global step 190 | mode train | loss 2.0674 | accuracy 10.9375 | mean_length 60.7812
09-20-21 01:09:21 - epoch 0 | global step 200 | mode train | loss 2.0481 | accuracy 14.6875 | mean_length 59.875
09-20-21 01:11:08 - epoch 0 | global step 210 | mode train | loss 2.0316 | accuracy 17.5 | mean_length 57.7906
09-20-21 01:12:56 - epoch 0 | global step 220 | mode train | loss 2.0446 | accuracy 14.6875 | mean_length 55.7938
09-20-21 01:14:43 - epoch 0 | global step 230 | mode train | loss 2.0366 | accuracy 16.5625 | mean_length 51.5969
09-20-21 01:16:30 - epoch 0 | global step 240 | mode train | loss 2.0131 | accuracy 14.375 | mean_length 54.4781
09-20-21 01:18:17 - epoch 0 | global step 250 | mode train | loss 1.9818 | accuracy 15.3125 | mean_length 50.8937
09-20-21 01:20:04 - epoch 0 | global step 260 | mode train | loss 1.9944 | accuracy 18.4375 | mean_length 50.6906
09-20-21 01:21:52 - epoch 0 | global step 270 | mode train | loss 1.9848 | accuracy 19.0625 | mean_length 50.7531
09-20-21 01:23:39 - epoch 0 | global step 280 | mode train | loss 2.0459 | accuracy 10.3125 | mean_length 61.9031
09-20-21 01:25:26 - epoch 0 | global step 290 | mode train | loss 2.0287 | accuracy 14.375 | mean_length 61.1094
09-20-21 01:27:13 - epoch 0 | global step 300 | mode train | loss 2.0058 | accuracy 13.75 | mean_length 60.1281
09-20-21 01:29:00 - epoch 0 | global step 310 | mode train | loss 2.0102 | accuracy 15.625 | mean_length 56.6313
09-20-21 01:30:46 - epoch 0 | global step 320 | mode train | loss 1.9986 | accuracy 19.0625 | mean_length 39.95
09-20-21 01:32:33 - epoch 0 | global step 330 | mode train | loss 1.9975 | accuracy 13.4375 | mean_length 47.0375
09-20-21 01:34:20 - epoch 0 | global step 340 | mode train | loss 1.9889 | accuracy 18.75 | mean_length 48.5812
09-20-21 01:36:07 - epoch 0 | global step 350 | mode train | loss 1.9931 | accuracy 19.0625 | mean_length 52.9375
09-20-21 01:37:53 - epoch 0 | global step 360 | mode train | loss 1.9539 | accuracy 23.75 | mean_length 47.8219
09-20-21 01:39:40 - epoch 0 | global step 370 | mode train | loss 1.9898 | accuracy 19.6875 | mean_length 43.7625
09-20-21 01:41:27 - epoch 0 | global step 380 | mode train | loss 1.9307 | accuracy 24.375 | mean_length 42.7437
09-20-21 01:43:14 - epoch 0 | global step 390 | mode train | loss 1.9156 | accuracy 23.75 | mean_length 43.275
09-20-21 01:45:01 - epoch 0 | global step 400 | mode train | loss 1.9555 | accuracy 18.75 | mean_length 43.8563
09-20-21 01:46:48 - epoch 0 | global step 410 | mode train | loss 1.9147 | accuracy 24.375 | mean_length 42.1313
09-20-21 01:48:35 - epoch 0 | global step 420 | mode train | loss 1.9483 | accuracy 22.5 | mean_length 51.8781
09-20-21 01:50:22 - epoch 0 | global step 430 | mode train | loss 1.967 | accuracy 22.8125 | mean_length 51.4125
09-20-21 01:52:09 - epoch 0 | global step 440 | mode train | loss 1.9532 | accuracy 21.5625 | mean_length 46.7188
09-20-21 01:53:52 - epoch 0 | global step 450 | mode train | loss 1.9204 | accuracy 22.5 | mean_length 34.925
09-20-21 01:55:38 - epoch 0 | global step 460 | mode train | loss 1.9098 | accuracy 22.5 | mean_length 34.35
09-20-21 01:57:00 - epoch 0 | global step 470 | mode train | loss 1.9549 | accuracy 22.5 | mean_length 23.8562
09-20-21 01:57:56 - epoch 0 | global step 480 | mode train | loss 1.924 | accuracy 23.125 | mean_length 18.1031
09-20-21 01:59:01 - epoch 0 | global step 490 | mode train | loss 1.9104 | accuracy 23.125 | mean_length 19.4875
09-20-21 02:00:18 - epoch 0 | global step 500 | mode train | loss 1.8381 | accuracy 29.0625 | mean_length 22.1156
09-20-21 02:01:35 - epoch 0 | global step 510 | mode train | loss 1.8427 | accuracy 28.125 | mean_length 22.3781
09-20-21 02:10:57 - epoch 0 | global step 512 | mode validation | loss 1.7951 | accuracy 31.18 | mean_length 33.2654
09-20-21 02:10:57 - Saving model to Output/accGrad4_mbart_BTen+zh-captions_lr9.0e-6_7distractors_maxstep8192_seed43
Epoch: 0, Prediction Accuracy: 31.18, Saved to Path: Output/accGrad4_mbart_BTen+zh-captions_lr9.0e-6_7distractors_maxstep8192_seed43
09-20-21 02:12:05 - epoch 0 | global step 520 | mode train | loss 1.8518 | accuracy 25.0 | mean_length 21.1219
09-20-21 02:13:19 - epoch 0 | global step 530 | mode train | loss 1.8635 | accuracy 23.4375 | mean_length 18.9875
09-20-21 02:14:15 - epoch 0 | global step 540 | mode train | loss 1.8055 | accuracy 28.4375 | mean_length 14.8969
09-20-21 02:15:27 - epoch 0 | global step 550 | mode train | loss 1.7652 | accuracy 29.375 | mean_length 17.3969
09-20-21 02:16:44 - epoch 0 | global step 560 | mode train | loss 1.7707 | accuracy 32.8125 | mean_length 19.825
09-20-21 02:17:53 - epoch 0 | global step 570 | mode train | loss 1.7591 | accuracy 32.5 | mean_length 18.6562
09-20-21 02:19:09 - epoch 0 | global step 580 | mode train | loss 1.6241 | accuracy 37.1875 | mean_length 18.375
09-20-21 02:20:33 - epoch 0 | global step 590 | mode train | loss 1.6286 | accuracy 35.3125 | mean_length 20.9
09-20-21 02:22:18 - epoch 0 | global step 600 | mode train | loss 1.6396 | accuracy 39.6875 | mean_length 33.2781
09-20-21 02:23:57 - epoch 0 | global step 610 | mode train | loss 1.6214 | accuracy 37.1875 | mean_length 29.3313
09-20-21 02:25:24 - epoch 0 | global step 620 | mode train | loss 1.5721 | accuracy 37.1875 | mean_length 22.3031
09-20-21 02:26:43 - epoch 0 | global step 630 | mode train | loss 1.6145 | accuracy 36.5625 | mean_length 21.1562
09-20-21 02:28:02 - epoch 0 | global step 640 | mode train | loss 1.5255 | accuracy 41.5625 | mean_length 17.9187
09-20-21 02:29:28 - epoch 0 | global step 650 | mode train | loss 1.5223 | accuracy 43.125 | mean_length 18.9312
09-20-21 02:31:15 - epoch 0 | global step 660 | mode train | loss 1.5336 | accuracy 42.8125 | mean_length 35.8344
09-20-21 02:33:02 - epoch 0 | global step 670 | mode train | loss 1.5266 | accuracy 42.8125 | mean_length 44.8031
09-20-21 02:34:49 - epoch 0 | global step 680 | mode train | loss 1.4141 | accuracy 46.875 | mean_length 49.4
09-20-21 02:36:36 - epoch 0 | global step 690 | mode train | loss 1.5336 | accuracy 42.5 | mean_length 48.2656
09-20-21 02:38:23 - epoch 0 | global step 700 | mode train | loss 1.4929 | accuracy 41.875 | mean_length 56.2563
09-20-21 02:40:10 - epoch 0 | global step 710 | mode train | loss 1.4553 | accuracy 44.6875 | mean_length 59.6469
09-20-21 02:41:57 - epoch 0 | global step 720 | mode train | loss 1.3433 | accuracy 49.6875 | mean_length 53.7969
09-20-21 02:43:44 - epoch 0 | global step 730 | mode train | loss 1.3944 | accuracy 46.5625 | mean_length 42.8719
09-20-21 02:45:31 - epoch 0 | global step 740 | mode train | loss 1.3707 | accuracy 49.375 | mean_length 36.5531
09-20-21 02:47:18 - epoch 0 | global step 750 | mode train | loss 1.3654 | accuracy 45.3125 | mean_length 37.15
09-20-21 02:49:05 - epoch 0 | global step 760 | mode train | loss 1.2639 | accuracy 55.9375 | mean_length 38.6781
09-20-21 02:50:52 - epoch 0 | global step 770 | mode train | loss 2.0632 | accuracy 18.125 | mean_length 59.95
09-20-21 02:52:39 - epoch 0 | global step 780 | mode train | loss 2.1704 | accuracy 13.4375 | mean_length 64
09-20-21 02:54:26 - epoch 0 | global step 790 | mode train | loss 2.1209 | accuracy 14.375 | mean_length 64
09-20-21 02:56:13 - epoch 0 | global step 800 | mode train | loss 2.108 | accuracy 13.125 | mean_length 64
09-20-21 02:57:59 - epoch 0 | global step 810 | mode train | loss 2.089 | accuracy 12.8125 | mean_length 64
09-20-21 02:59:46 - epoch 0 | global step 820 | mode train | loss 2.1011 | accuracy 14.375 | mean_length 64
09-20-21 03:01:33 - epoch 0 | global step 830 | mode train | loss 2.0844 | accuracy 10.625 | mean_length 64
09-20-21 03:03:20 - epoch 0 | global step 840 | mode train | loss 2.0957 | accuracy 11.25 | mean_length 64
09-20-21 03:05:07 - epoch 0 | global step 850 | mode train | loss 2.0769 | accuracy 15.3125 | mean_length 64
09-20-21 03:06:54 - epoch 0 | global step 860 | mode train | loss 2.101 | accuracy 11.875 | mean_length 64
09-20-21 03:08:41 - epoch 0 | global step 870 | mode train | loss 2.0651 | accuracy 13.75 | mean_length 64
09-20-21 03:10:28 - epoch 0 | global step 880 | mode train | loss 2.0583 | accuracy 13.4375 | mean_length 64
09-20-21 03:12:15 - epoch 0 | global step 890 | mode train | loss 2.0656 | accuracy 14.0625 | mean_length 64
09-20-21 03:14:02 - epoch 0 | global step 900 | mode train | loss 2.0566 | accuracy 15.3125 | mean_length 64
09-20-21 03:15:49 - epoch 0 | global step 910 | mode train | loss 2.0533 | accuracy 16.5625 | mean_length 64
09-20-21 03:17:36 - epoch 0 | global step 920 | mode train | loss 2.1099 | accuracy 14.0625 | mean_length 64
09-20-21 03:19:22 - epoch 0 | global step 930 | mode train | loss 2.0804 | accuracy 14.6875 | mean_length 64
09-20-21 03:21:09 - epoch 0 | global step 940 | mode train | loss 2.0853 | accuracy 13.125 | mean_length 64
09-20-21 03:22:56 - epoch 0 | global step 950 | mode train | loss 2.0912 | accuracy 11.5625 | mean_length 64
09-20-21 03:24:43 - epoch 0 | global step 960 | mode train | loss 2.0883 | accuracy 11.5625 | mean_length 64
09-20-21 03:26:30 - epoch 0 | global step 970 | mode train | loss 2.0857 | accuracy 13.75 | mean_length 64
09-20-21 03:28:17 - epoch 0 | global step 980 | mode train | loss 2.0644 | accuracy 14.0625 | mean_length 64
09-20-21 03:30:04 - epoch 0 | global step 990 | mode train | loss 2.0528 | accuracy 14.375 | mean_length 64
09-20-21 03:31:50 - epoch 0 | global step 1000 | mode train | loss 2.0575 | accuracy 14.0625 | mean_length 64
09-20-21 03:33:37 - epoch 0 | global step 1010 | mode train | loss 2.0425 | accuracy 16.875 | mean_length 64
09-20-21 03:35:24 - epoch 0 | global step 1020 | mode train | loss 2.0377 | accuracy 15.3125 | mean_length 64
09-20-21 03:45:31 - epoch 0 | global step 1024 | mode validation | loss 1.9704 | accuracy 22.62 | mean_length 64
09-20-21 03:46:35 - epoch 0 | global step 1030 | mode train | loss 1.9686 | accuracy 20.0 | mean_length 64
09-20-21 03:48:22 - epoch 0 | global step 1040 | mode train | loss 1.9627 | accuracy 22.1875 | mean_length 64
09-20-21 03:50:09 - epoch 0 | global step 1050 | mode train | loss 1.9654 | accuracy 20.625 | mean_length 64
09-20-21 03:51:56 - epoch 0 | global step 1060 | mode train | loss 2.0272 | accuracy 20.0 | mean_length 64
09-20-21 03:53:43 - epoch 0 | global step 1070 | mode train | loss 1.9418 | accuracy 20.9375 | mean_length 64
09-20-21 03:55:30 - epoch 0 | global step 1080 | mode train | loss 1.8988 | accuracy 21.5625 | mean_length 64
09-20-21 03:57:17 - epoch 0 | global step 1090 | mode train | loss 1.8237 | accuracy 21.875 | mean_length 64
09-20-21 03:59:04 - epoch 0 | global step 1100 | mode train | loss 1.7921 | accuracy 27.8125 | mean_length 64
09-20-21 04:00:51 - epoch 0 | global step 1110 | mode train | loss 1.7847 | accuracy 25.3125 | mean_length 64
09-20-21 04:02:38 - epoch 0 | global step 1120 | mode train | loss 1.8172 | accuracy 27.1875 | mean_length 64
09-20-21 04:04:25 - epoch 0 | global step 1130 | mode train | loss 1.7337 | accuracy 30.625 | mean_length 64
09-20-21 04:06:12 - epoch 0 | global step 1140 | mode train | loss 1.7381 | accuracy 27.1875 | mean_length 64
09-20-21 04:07:59 - epoch 0 | global step 1150 | mode train | loss 1.774 | accuracy 25.0 | mean_length 64
09-20-21 04:09:46 - epoch 0 | global step 1160 | mode train | loss 1.7705 | accuracy 25.9375 | mean_length 64
09-20-21 04:11:33 - epoch 0 | global step 1170 | mode train | loss 1.6923 | accuracy 29.375 | mean_length 64
09-20-21 04:13:20 - epoch 0 | global step 1180 | mode train | loss 1.7112 | accuracy 23.75 | mean_length 64
09-20-21 04:15:07 - epoch 0 | global step 1190 | mode train | loss 1.6767 | accuracy 30.625 | mean_length 64
09-20-21 04:16:54 - epoch 0 | global step 1200 | mode train | loss 1.6788 | accuracy 28.75 | mean_length 64
09-20-21 04:18:41 - epoch 0 | global step 1210 | mode train | loss 1.6266 | accuracy 40.0 | mean_length 64
09-20-21 04:20:28 - epoch 0 | global step 1220 | mode train | loss 1.68 | accuracy 31.25 | mean_length 64
09-20-21 04:22:16 - epoch 0 | global step 1230 | mode train | loss 1.6209 | accuracy 34.6875 | mean_length 64
09-20-21 04:24:03 - epoch 0 | global step 1240 | mode train | loss 1.6183 | accuracy 32.1875 | mean_length 64
09-20-21 04:25:50 - epoch 0 | global step 1250 | mode train | loss 1.6041 | accuracy 33.4375 | mean_length 64
09-20-21 04:27:37 - epoch 0 | global step 1260 | mode train | loss 1.6258 | accuracy 28.75 | mean_length 64
09-20-21 04:29:24 - epoch 0 | global step 1270 | mode train | loss 1.579 | accuracy 31.25 | mean_length 64
09-20-21 04:31:11 - epoch 0 | global step 1280 | mode train | loss 1.6155 | accuracy 32.5 | mean_length 64
09-20-21 04:32:57 - epoch 0 | global step 1290 | mode train | loss 1.59 | accuracy 34.6875 | mean_length 64
09-20-21 04:34:44 - epoch 0 | global step 1300 | mode train | loss 1.6228 | accuracy 30.3125 | mean_length 64
09-20-21 04:36:32 - epoch 0 | global step 1310 | mode train | loss 1.5398 | accuracy 38.75 | mean_length 64
09-20-21 04:38:18 - epoch 0 | global step 1320 | mode train | loss 1.5405 | accuracy 36.875 | mean_length 64
09-20-21 04:40:05 - epoch 0 | global step 1330 | mode train | loss 1.6095 | accuracy 30.0 | mean_length 64
09-20-21 04:41:52 - epoch 0 | global step 1340 | mode train | loss 1.5963 | accuracy 33.4375 | mean_length 64
09-20-21 04:43:40 - epoch 0 | global step 1350 | mode train | loss 1.535 | accuracy 36.5625 | mean_length 64
09-20-21 04:45:27 - epoch 0 | global step 1360 | mode train | loss 1.5468 | accuracy 35.0 | mean_length 64
09-20-21 04:47:14 - epoch 0 | global step 1370 | mode train | loss 1.4974 | accuracy 40.0 | mean_length 64
09-20-21 04:49:01 - epoch 0 | global step 1380 | mode train | loss 1.4804 | accuracy 39.375 | mean_length 64
09-20-21 04:50:48 - epoch 0 | global step 1390 | mode train | loss 1.4561 | accuracy 44.375 | mean_length 64
09-20-21 04:52:35 - epoch 0 | global step 1400 | mode train | loss 1.5524 | accuracy 38.75 | mean_length 64
09-20-21 04:54:22 - epoch 0 | global step 1410 | mode train | loss 1.5861 | accuracy 35.625 | mean_length 64
09-20-21 04:56:09 - epoch 0 | global step 1420 | mode train | loss 1.4749 | accuracy 41.875 | mean_length 64
09-20-21 04:57:56 - epoch 0 | global step 1430 | mode train | loss 1.4347 | accuracy 40.9375 | mean_length 64
09-20-21 04:59:43 - epoch 0 | global step 1440 | mode train | loss 1.4785 | accuracy 39.0625 | mean_length 64
09-20-21 05:01:31 - epoch 0 | global step 1450 | mode train | loss 1.4805 | accuracy 36.875 | mean_length 64
09-20-21 05:03:18 - epoch 0 | global step 1460 | mode train | loss 1.6134 | accuracy 36.875 | mean_length 64
09-20-21 05:05:05 - epoch 0 | global step 1470 | mode train | loss 1.8556 | accuracy 27.1875 | mean_length 64
09-20-21 05:06:52 - epoch 0 | global step 1480 | mode train | loss 2.2484 | accuracy 11.25 | mean_length 64
09-20-21 05:08:39 - epoch 0 | global step 1490 | mode train | loss 2.1534 | accuracy 9.6875 | mean_length 64
09-20-21 05:10:26 - epoch 0 | global step 1500 | mode train | loss 2.1057 | accuracy 10.9375 | mean_length 64
09-20-21 05:12:13 - epoch 0 | global step 1510 | mode train | loss 2.1121 | accuracy 12.1875 | mean_length 64
09-20-21 05:14:00 - epoch 0 | global step 1520 | mode train | loss 2.0797 | accuracy 14.6875 | mean_length 64
09-20-21 05:15:47 - epoch 0 | global step 1530 | mode train | loss 2.078 | accuracy 14.0625 | mean_length 64
09-20-21 05:26:15 - epoch 0 | global step 1536 | mode validation | loss 2.0857 | accuracy 12.48 | mean_length 64
09-20-21 05:26:58 - epoch 0 | global step 1540 | mode train | loss 2.0925 | accuracy 12.1875 | mean_length 64
09-20-21 05:28:45 - epoch 0 | global step 1550 | mode train | loss 2.0905 | accuracy 13.125 | mean_length 64
09-20-21 05:30:32 - epoch 0 | global step 1560 | mode train | loss 2.0781 | accuracy 11.25 | mean_length 64
09-20-21 05:32:19 - epoch 0 | global step 1570 | mode train | loss 2.0669 | accuracy 12.8125 | mean_length 64
09-20-21 05:34:06 - epoch 0 | global step 1580 | mode train | loss 2.0829 | accuracy 13.4375 | mean_length 63.8125
09-20-21 05:35:53 - epoch 0 | global step 1590 | mode train | loss 2.0783 | accuracy 12.5 | mean_length 64
09-20-21 05:37:40 - epoch 0 | global step 1600 | mode train | loss 2.0919 | accuracy 12.8125 | mean_length 64
09-20-21 05:39:27 - epoch 0 | global step 1610 | mode train | loss 2.0851 | accuracy 10.625 | mean_length 64
09-20-21 05:41:14 - epoch 0 | global step 1620 | mode train | loss 2.0775 | accuracy 11.5625 | mean_length 64
09-20-21 05:43:01 - epoch 0 | global step 1630 | mode train | loss 2.078 | accuracy 15.0 | mean_length 64
09-20-21 05:44:48 - epoch 0 | global step 1640 | mode train | loss 2.0786 | accuracy 12.8125 | mean_length 64
09-20-21 05:46:35 - epoch 0 | global step 1650 | mode train | loss 2.0804 | accuracy 13.4375 | mean_length 64
09-20-21 05:48:22 - epoch 0 | global step 1660 | mode train | loss 2.0843 | accuracy 12.8125 | mean_length 64
09-20-21 05:50:09 - epoch 0 | global step 1670 | mode train | loss 2.0874 | accuracy 12.5 | mean_length 64
09-20-21 05:51:56 - epoch 0 | global step 1680 | mode train | loss 2.0933 | accuracy 12.5 | mean_length 64
09-20-21 05:53:43 - epoch 0 | global step 1690 | mode train | loss 2.0834 | accuracy 11.875 | mean_length 64
09-20-21 05:55:31 - epoch 0 | global step 1700 | mode train | loss 2.0851 | accuracy 14.375 | mean_length 64
09-20-21 05:57:18 - epoch 0 | global step 1710 | mode train | loss 2.0801 | accuracy 12.1875 | mean_length 64
09-20-21 05:59:05 - epoch 0 | global step 1720 | mode train | loss 2.0863 | accuracy 11.25 | mean_length 64
09-20-21 06:00:52 - epoch 0 | global step 1730 | mode train | loss 2.0863 | accuracy 10.625 | mean_length 64
09-20-21 06:02:39 - epoch 0 | global step 1740 | mode train | loss 2.0808 | accuracy 12.5 | mean_length 64
09-20-21 06:04:25 - epoch 0 | global step 1750 | mode train | loss 2.0723 | accuracy 11.5625 | mean_length 64
09-20-21 06:06:12 - epoch 0 | global step 1760 | mode train | loss 2.076 | accuracy 12.5 | mean_length 64
09-20-21 06:08:00 - epoch 0 | global step 1770 | mode train | loss 2.0832 | accuracy 11.5625 | mean_length 64
09-20-21 06:09:47 - epoch 0 | global step 1780 | mode train | loss 2.08 | accuracy 10.9375 | mean_length 64
09-20-21 06:11:33 - epoch 0 | global step 1790 | mode train | loss 2.0809 | accuracy 11.5625 | mean_length 63.8875
09-20-21 06:13:20 - epoch 0 | global step 1800 | mode train | loss 2.0632 | accuracy 13.75 | mean_length 63.825
09-20-21 06:15:07 - epoch 0 | global step 1810 | mode train | loss 2.0506 | accuracy 15.9375 | mean_length 64
09-20-21 06:16:54 - epoch 0 | global step 1820 | mode train | loss 2.0232 | accuracy 13.75 | mean_length 64
09-20-21 06:18:41 - epoch 0 | global step 1830 | mode train | loss 1.9785 | accuracy 23.125 | mean_length 63.6531
09-20-21 06:20:28 - epoch 0 | global step 1840 | mode train | loss 1.8858 | accuracy 22.8125 | mean_length 64
09-20-21 06:22:15 - epoch 0 | global step 1850 | mode train | loss 1.8038 | accuracy 31.875 | mean_length 63.8188
09-20-21 06:24:01 - epoch 0 | global step 1860 | mode train | loss 1.7826 | accuracy 29.0625 | mean_length 64
09-20-21 06:25:48 - epoch 0 | global step 1870 | mode train | loss 1.6358 | accuracy 33.125 | mean_length 64
09-20-21 06:27:35 - epoch 0 | global step 1880 | mode train | loss 1.5332 | accuracy 37.1875 | mean_length 64
09-20-21 06:29:22 - epoch 0 | global step 1890 | mode train | loss 1.5253 | accuracy 39.375 | mean_length 64
09-20-21 06:31:09 - epoch 0 | global step 1900 | mode train | loss 1.5929 | accuracy 33.125 | mean_length 64
09-20-21 06:32:56 - epoch 0 | global step 1910 | mode train | loss 1.5369 | accuracy 39.0625 | mean_length 63.8125
09-20-21 06:34:43 - epoch 0 | global step 1920 | mode train | loss 1.4953 | accuracy 40.9375 | mean_length 63.6281
09-20-21 06:36:30 - epoch 0 | global step 1930 | mode train | loss 1.4654 | accuracy 38.4375 | mean_length 63.5875
09-20-21 06:38:17 - epoch 0 | global step 1940 | mode train | loss 1.4597 | accuracy 37.1875 | mean_length 63.6437
09-20-21 06:40:04 - epoch 0 | global step 1950 | mode train | loss 1.5171 | accuracy 38.75 | mean_length 63.1156
09-20-21 06:41:52 - epoch 0 | global step 1960 | mode train | loss 1.4334 | accuracy 41.875 | mean_length 61.3531
09-20-21 06:43:39 - epoch 0 | global step 1970 | mode train | loss 1.3546 | accuracy 46.875 | mean_length 63.3031
09-20-21 06:45:26 - epoch 0 | global step 1980 | mode train | loss 1.4007 | accuracy 41.875 | mean_length 64
09-20-21 06:47:13 - epoch 0 | global step 1990 | mode train | loss 1.4016 | accuracy 42.8125 | mean_length 63.625
09-20-21 06:49:00 - epoch 0 | global step 2000 | mode train | loss 1.5206 | accuracy 37.1875 | mean_length 64
09-20-21 06:50:47 - epoch 0 | global step 2010 | mode train | loss 1.3837 | accuracy 45.625 | mean_length 64
09-20-21 06:52:34 - epoch 0 | global step 2020 | mode train | loss 1.4328 | accuracy 39.375 | mean_length 64
09-20-21 06:54:21 - epoch 0 | global step 2030 | mode train | loss 1.4452 | accuracy 39.0625 | mean_length 64
09-20-21 06:56:08 - epoch 0 | global step 2040 | mode train | loss 1.4504 | accuracy 39.6875 | mean_length 64
09-20-21 07:06:59 - epoch 0 | global step 2048 | mode validation | loss 1.4349 | accuracy 41.08 | mean_length 64
09-20-21 07:06:59 - Saving model to Output/accGrad4_mbart_BTen+zh-captions_lr9.0e-6_7distractors_maxstep8192_seed43
Epoch: 0, Prediction Accuracy: 41.08, Saved to Path: Output/accGrad4_mbart_BTen+zh-captions_lr9.0e-6_7distractors_maxstep8192_seed43
09-20-21 07:07:31 - epoch 0 | global step 2050 | mode train | loss 1.4958 | accuracy 37.8125 | mean_length 64
09-20-21 07:09:18 - epoch 0 | global step 2060 | mode train | loss 1.4665 | accuracy 40.0 | mean_length 64
09-20-21 07:11:05 - epoch 0 | global step 2070 | mode train | loss 1.4426 | accuracy 37.5 | mean_length 64
09-20-21 07:12:52 - epoch 0 | global step 2080 | mode train | loss 1.4484 | accuracy 41.5625 | mean_length 64
09-20-21 07:14:39 - epoch 0 | global step 2090 | mode train | loss 1.3351 | accuracy 44.0625 | mean_length 64
09-20-21 07:16:26 - epoch 0 | global step 2100 | mode train | loss 1.3395 | accuracy 48.125 | mean_length 64
09-20-21 07:18:13 - epoch 0 | global step 2110 | mode train | loss 1.4253 | accuracy 43.4375 | mean_length 64
09-20-21 07:20:00 - epoch 0 | global step 2120 | mode train | loss 1.3665 | accuracy 45.625 | mean_length 64
09-20-21 07:21:47 - epoch 0 | global step 2130 | mode train | loss 1.4448 | accuracy 44.0625 | mean_length 64
09-20-21 07:23:34 - epoch 0 | global step 2140 | mode train | loss 1.3365 | accuracy 49.375 | mean_length 64
09-20-21 07:25:21 - epoch 0 | global step 2150 | mode train | loss 1.3201 | accuracy 43.125 | mean_length 64
09-20-21 07:27:08 - epoch 0 | global step 2160 | mode train | loss 1.3519 | accuracy 45.0 | mean_length 64
09-20-21 07:28:55 - epoch 0 | global step 2170 | mode train | loss 1.3231 | accuracy 45.625 | mean_length 64
09-20-21 07:30:42 - epoch 0 | global step 2180 | mode train | loss 1.338 | accuracy 45.9375 | mean_length 64
09-20-21 07:32:29 - epoch 0 | global step 2190 | mode train | loss 1.4098 | accuracy 41.5625 | mean_length 64
09-20-21 07:34:16 - epoch 0 | global step 2200 | mode train | loss 1.3542 | accuracy 41.875 | mean_length 64
09-20-21 07:36:03 - epoch 0 | global step 2210 | mode train | loss 1.2919 | accuracy 45.0 | mean_length 64
09-20-21 07:37:50 - epoch 0 | global step 2220 | mode train | loss 1.4036 | accuracy 40.3125 | mean_length 64
09-20-21 07:39:37 - epoch 0 | global step 2230 | mode train | loss 1.3482 | accuracy 44.6875 | mean_length 64
09-20-21 07:41:24 - epoch 0 | global step 2240 | mode train | loss 1.3535 | accuracy 43.4375 | mean_length 64
09-20-21 07:43:11 - epoch 0 | global step 2250 | mode train | loss 1.2135 | accuracy 51.25 | mean_length 64
09-20-21 07:44:58 - epoch 0 | global step 2260 | mode train | loss 1.3068 | accuracy 43.125 | mean_length 64
09-20-21 07:46:45 - epoch 0 | global step 2270 | mode train | loss 1.3399 | accuracy 45.3125 | mean_length 64
09-20-21 07:48:32 - epoch 0 | global step 2280 | mode train | loss 1.2963 | accuracy 46.5625 | mean_length 64
09-20-21 07:50:19 - epoch 0 | global step 2290 | mode train | loss 1.3336 | accuracy 43.75 | mean_length 64
09-20-21 07:52:06 - epoch 0 | global step 2300 | mode train | loss 1.3015 | accuracy 44.6875 | mean_length 64
09-20-21 07:53:53 - epoch 0 | global step 2310 | mode train | loss 1.2308 | accuracy 51.5625 | mean_length 64
09-20-21 07:55:40 - epoch 0 | global step 2320 | mode train | loss 1.2801 | accuracy 50.3125 | mean_length 64
09-20-21 07:57:27 - epoch 0 | global step 2330 | mode train | loss 1.3004 | accuracy 47.5 | mean_length 64
09-20-21 07:59:14 - epoch 0 | global step 2340 | mode train | loss 1.227 | accuracy 48.4375 | mean_length 64
09-20-21 08:01:01 - epoch 0 | global step 2350 | mode train | loss 1.3436 | accuracy 42.5 | mean_length 64
09-20-21 08:02:48 - epoch 0 | global step 2360 | mode train | loss 1.2881 | accuracy 42.5 | mean_length 64
09-20-21 08:04:35 - epoch 0 | global step 2370 | mode train | loss 1.2662 | accuracy 46.5625 | mean_length 64
09-20-21 08:06:22 - epoch 0 | global step 2380 | mode train | loss 1.3011 | accuracy 46.875 | mean_length 64
09-20-21 08:08:09 - epoch 0 | global step 2390 | mode train | loss 1.2552 | accuracy 51.25 | mean_length 64
09-20-21 08:09:56 - epoch 0 | global step 2400 | mode train | loss 1.2041 | accuracy 52.1875 | mean_length 64
09-20-21 08:11:44 - epoch 0 | global step 2410 | mode train | loss 1.2312 | accuracy 48.4375 | mean_length 64
09-20-21 08:13:31 - epoch 0 | global step 2420 | mode train | loss 1.2493 | accuracy 47.1875 | mean_length 64
09-20-21 08:15:17 - epoch 0 | global step 2430 | mode train | loss 1.2289 | accuracy 47.8125 | mean_length 64
09-20-21 08:17:05 - epoch 0 | global step 2440 | mode train | loss 1.2686 | accuracy 45.625 | mean_length 64
09-20-21 08:18:52 - epoch 0 | global step 2450 | mode train | loss 1.2597 | accuracy 50.0 | mean_length 64
09-20-21 08:20:39 - epoch 0 | global step 2460 | mode train | loss 1.1962 | accuracy 55.0 | mean_length 64
09-20-21 08:22:26 - epoch 0 | global step 2470 | mode train | loss 1.297 | accuracy 41.875 | mean_length 64
09-20-21 08:24:13 - epoch 0 | global step 2480 | mode train | loss 1.1953 | accuracy 50.3125 | mean_length 64
09-20-21 08:26:00 - epoch 0 | global step 2490 | mode train | loss 1.3208 | accuracy 42.1875 | mean_length 64
09-20-21 08:27:47 - epoch 0 | global step 2500 | mode train | loss 1.2933 | accuracy 47.5 | mean_length 64
09-20-21 08:29:34 - epoch 0 | global step 2510 | mode train | loss 1.2423 | accuracy 47.8125 | mean_length 64
09-20-21 08:31:21 - epoch 0 | global step 2520 | mode train | loss 1.2968 | accuracy 46.5625 | mean_length 64
09-20-21 08:33:08 - epoch 0 | global step 2530 | mode train | loss 1.189 | accuracy 48.75 | mean_length 64
09-20-21 08:34:55 - epoch 0 | global step 2540 | mode train | loss 1.2046 | accuracy 49.6875 | mean_length 64
09-20-21 08:36:42 - epoch 0 | global step 2550 | mode train | loss 1.3077 | accuracy 44.375 | mean_length 64
09-20-21 08:38:29 - epoch 0 | global step 2560 | mode train | loss 1.2927 | accuracy 45.625 | mean_length 64
09-20-21 08:47:56 - epoch 0 | global step 2560 | mode validation | loss 1.2143 | accuracy 49.0 | mean_length 64
09-20-21 08:47:56 - Saving model to Output/accGrad4_mbart_BTen+zh-captions_lr9.0e-6_7distractors_maxstep8192_seed43
Epoch: 0, Prediction Accuracy: 49.0, Saved to Path: Output/accGrad4_mbart_BTen+zh-captions_lr9.0e-6_7distractors_maxstep8192_seed43
09-20-21 08:49:53 - epoch 0 | global step 2570 | mode train | loss 1.271 | accuracy 45.9375 | mean_length 64
09-20-21 08:51:40 - epoch 0 | global step 2580 | mode train | loss 1.2501 | accuracy 48.4375 | mean_length 64
09-20-21 08:53:27 - epoch 0 | global step 2590 | mode train | loss 1.2576 | accuracy 47.8125 | mean_length 64
09-20-21 08:55:14 - epoch 0 | global step 2600 | mode train | loss 1.2018 | accuracy 49.375 | mean_length 64
09-20-21 08:57:01 - epoch 0 | global step 2610 | mode train | loss 1.1921 | accuracy 49.375 | mean_length 64
09-20-21 08:58:49 - epoch 0 | global step 2620 | mode train | loss 1.2002 | accuracy 48.4375 | mean_length 64
09-20-21 09:00:36 - epoch 0 | global step 2630 | mode train | loss 1.2542 | accuracy 45.3125 | mean_length 64
09-20-21 09:02:23 - epoch 0 | global step 2640 | mode train | loss 1.2501 | accuracy 46.5625 | mean_length 64
09-20-21 09:04:10 - epoch 0 | global step 2650 | mode train | loss 1.2987 | accuracy 44.6875 | mean_length 64
09-20-21 09:05:57 - epoch 0 | global step 2660 | mode train | loss 1.182 | accuracy 53.4375 | mean_length 64
09-20-21 09:07:44 - epoch 0 | global step 2670 | mode train | loss 1.1637 | accuracy 48.125 | mean_length 64
09-20-21 09:09:31 - epoch 0 | global step 2680 | mode train | loss 1.2645 | accuracy 49.6875 | mean_length 64
09-20-21 09:11:19 - epoch 0 | global step 2690 | mode train | loss 1.1915 | accuracy 51.25 | mean_length 64
09-20-21 09:13:06 - epoch 0 | global step 2700 | mode train | loss 1.273 | accuracy 46.875 | mean_length 64
09-20-21 09:14:53 - epoch 0 | global step 2710 | mode train | loss 1.1858 | accuracy 51.5625 | mean_length 64
09-20-21 09:16:40 - epoch 0 | global step 2720 | mode train | loss 1.1937 | accuracy 51.25 | mean_length 64
09-20-21 09:18:27 - epoch 0 | global step 2730 | mode train | loss 1.3048 | accuracy 42.8125 | mean_length 64
09-20-21 09:20:14 - epoch 0 | global step 2740 | mode train | loss 1.2252 | accuracy 45.625 | mean_length 64
09-20-21 09:22:01 - epoch 0 | global step 2750 | mode train | loss 1.1854 | accuracy 54.375 | mean_length 64
09-20-21 09:23:48 - epoch 0 | global step 2760 | mode train | loss 1.2279 | accuracy 47.1875 | mean_length 64
09-20-21 09:25:35 - epoch 0 | global step 2770 | mode train | loss 1.163 | accuracy 53.75 | mean_length 64
09-20-21 09:27:22 - epoch 0 | global step 2780 | mode train | loss 1.2784 | accuracy 45.9375 | mean_length 64
09-20-21 09:29:09 - epoch 0 | global step 2790 | mode train | loss 1.1839 | accuracy 48.125 | mean_length 64
09-20-21 09:30:56 - epoch 0 | global step 2800 | mode train | loss 1.0714 | accuracy 56.5625 | mean_length 64
09-20-21 09:32:43 - epoch 0 | global step 2810 | mode train | loss 1.1738 | accuracy 51.5625 | mean_length 64
09-20-21 09:34:30 - epoch 0 | global step 2820 | mode train | loss 1.1764 | accuracy 52.5 | mean_length 64
09-20-21 09:36:17 - epoch 0 | global step 2830 | mode train | loss 1.159 | accuracy 51.875 | mean_length 64
09-20-21 09:38:04 - epoch 0 | global step 2840 | mode train | loss 1.1691 | accuracy 50.9375 | mean_length 64
09-20-21 09:39:51 - epoch 0 | global step 2850 | mode train | loss 1.1702 | accuracy 50.0 | mean_length 64
09-20-21 09:41:39 - epoch 0 | global step 2860 | mode train | loss 1.2053 | accuracy 50.0 | mean_length 64
09-20-21 09:43:26 - epoch 0 | global step 2870 | mode train | loss 1.1572 | accuracy 50.625 | mean_length 64
09-20-21 09:45:13 - epoch 0 | global step 2880 | mode train | loss 1.1891 | accuracy 50.0 | mean_length 64
09-20-21 09:47:00 - epoch 0 | global step 2890 | mode train | loss 1.2371 | accuracy 49.0625 | mean_length 64
09-20-21 09:48:47 - epoch 0 | global step 2900 | mode train | loss 1.1602 | accuracy 53.4375 | mean_length 64
09-20-21 09:50:34 - epoch 0 | global step 2910 | mode train | loss 1.1254 | accuracy 50.625 | mean_length 64
09-20-21 09:52:21 - epoch 0 | global step 2920 | mode train | loss 1.0858 | accuracy 56.25 | mean_length 64
09-20-21 09:54:08 - epoch 0 | global step 2930 | mode train | loss 1.104 | accuracy 52.8125 | mean_length 64
09-20-21 09:55:55 - epoch 0 | global step 2940 | mode train | loss 1.063 | accuracy 55.0 | mean_length 64
09-20-21 09:57:42 - epoch 0 | global step 2950 | mode train | loss 1.0799 | accuracy 52.5 | mean_length 64
09-20-21 09:59:29 - epoch 0 | global step 2960 | mode train | loss 1.1359 | accuracy 52.8125 | mean_length 64
09-20-21 10:01:16 - epoch 0 | global step 2970 | mode train | loss 1.0929 | accuracy 58.75 | mean_length 64
09-20-21 10:03:03 - epoch 0 | global step 2980 | mode train | loss 1.1379 | accuracy 55.625 | mean_length 64
09-20-21 10:04:50 - epoch 0 | global step 2990 | mode train | loss 1.0574 | accuracy 55.3125 | mean_length 64
09-20-21 10:06:38 - epoch 0 | global step 3000 | mode train | loss 1.1699 | accuracy 50.3125 | mean_length 64
09-20-21 10:08:25 - epoch 0 | global step 3010 | mode train | loss 1.141 | accuracy 51.25 | mean_length 64
09-20-21 10:10:12 - epoch 0 | global step 3020 | mode train | loss 1.0826 | accuracy 59.375 | mean_length 64
09-20-21 10:11:59 - epoch 0 | global step 3030 | mode train | loss 1.0466 | accuracy 53.75 | mean_length 64
09-20-21 10:13:46 - epoch 0 | global step 3040 | mode train | loss 1.0494 | accuracy 60.0 | mean_length 64
09-20-21 10:15:33 - epoch 0 | global step 3050 | mode train | loss 0.9713 | accuracy 58.4375 | mean_length 64
09-20-21 10:17:20 - epoch 0 | global step 3060 | mode train | loss 1.0247 | accuracy 59.0625 | mean_length 64
09-20-21 10:19:08 - epoch 0 | global step 3070 | mode train | loss 1.0595 | accuracy 57.8125 | mean_length 64
09-20-21 10:28:55 - epoch 0 | global step 3072 | mode validation | loss 1.1851 | accuracy 50.5 | mean_length 64
09-20-21 10:28:55 - Saving model to Output/accGrad4_mbart_BTen+zh-captions_lr9.0e-6_7distractors_maxstep8192_seed43
Epoch: 0, Prediction Accuracy: 50.5, Saved to Path: Output/accGrad4_mbart_BTen+zh-captions_lr9.0e-6_7distractors_maxstep8192_seed43
09-20-21 10:30:31 - epoch 0 | global step 3080 | mode train | loss 1.0341 | accuracy 55.9375 | mean_length 64
09-20-21 10:32:18 - epoch 0 | global step 3090 | mode train | loss 0.9903 | accuracy 64.375 | mean_length 64
09-20-21 10:34:05 - epoch 0 | global step 3100 | mode train | loss 1.0215 | accuracy 57.8125 | mean_length 64
09-20-21 10:35:52 - epoch 0 | global step 3110 | mode train | loss 1.0191 | accuracy 58.4375 | mean_length 64
09-20-21 10:37:39 - epoch 0 | global step 3120 | mode train | loss 1.0116 | accuracy 58.125 | mean_length 64
09-20-21 10:39:26 - epoch 0 | global step 3130 | mode train | loss 0.9261 | accuracy 61.25 | mean_length 64
09-20-21 10:41:14 - epoch 0 | global step 3140 | mode train | loss 1.0825 | accuracy 55.3125 | mean_length 64
09-20-21 10:43:01 - epoch 0 | global step 3150 | mode train | loss 1.0472 | accuracy 56.25 | mean_length 64
09-20-21 10:44:48 - epoch 0 | global step 3160 | mode train | loss 1.0315 | accuracy 56.5625 | mean_length 64
09-20-21 10:46:35 - epoch 0 | global step 3170 | mode train | loss 0.9408 | accuracy 62.8125 | mean_length 64
09-20-21 10:48:22 - epoch 0 | global step 3180 | mode train | loss 0.9834 | accuracy 58.75 | mean_length 64
09-20-21 10:50:09 - epoch 0 | global step 3190 | mode train | loss 0.9348 | accuracy 62.1875 | mean_length 64
09-20-21 10:51:56 - epoch 0 | global step 3200 | mode train | loss 1.0069 | accuracy 60.3125 | mean_length 64
09-20-21 10:53:43 - epoch 0 | global step 3210 | mode train | loss 0.924 | accuracy 60.3125 | mean_length 64
09-20-21 10:55:30 - epoch 0 | global step 3220 | mode train | loss 0.9769 | accuracy 59.0625 | mean_length 64
09-20-21 10:57:17 - epoch 1 | global step 3230 | mode train | loss 1.0081 | accuracy 60.9375 | mean_length 64
09-20-21 10:59:04 - epoch 1 | global step 3240 | mode train | loss 0.9593 | accuracy 58.75 | mean_length 64
09-20-21 11:00:51 - epoch 1 | global step 3250 | mode train | loss 1.0131 | accuracy 56.25 | mean_length 64
09-20-21 11:02:39 - epoch 1 | global step 3260 | mode train | loss 0.9589 | accuracy 60.0 | mean_length 64
09-20-21 11:04:26 - epoch 1 | global step 3270 | mode train | loss 0.9081 | accuracy 62.8125 | mean_length 64
09-20-21 11:06:13 - epoch 1 | global step 3280 | mode train | loss 1.0335 | accuracy 56.5625 | mean_length 64
09-20-21 11:08:00 - epoch 1 | global step 3290 | mode train | loss 0.9927 | accuracy 57.1875 | mean_length 64
09-20-21 11:09:47 - epoch 1 | global step 3300 | mode train | loss 0.9977 | accuracy 60.3125 | mean_length 64
09-20-21 11:11:35 - epoch 1 | global step 3310 | mode train | loss 0.8895 | accuracy 61.25 | mean_length 64
09-20-21 11:13:22 - epoch 1 | global step 3320 | mode train | loss 0.877 | accuracy 63.125 | mean_length 64
09-20-21 11:15:09 - epoch 1 | global step 3330 | mode train | loss 0.9198 | accuracy 61.875 | mean_length 64
09-20-21 11:16:56 - epoch 1 | global step 3340 | mode train | loss 0.9275 | accuracy 60.0 | mean_length 64
09-20-21 11:18:43 - epoch 1 | global step 3350 | mode train | loss 0.9704 | accuracy 60.9375 | mean_length 64
09-20-21 11:20:30 - epoch 1 | global step 3360 | mode train | loss 0.9069 | accuracy 63.75 | mean_length 64
09-20-21 11:22:18 - epoch 1 | global step 3370 | mode train | loss 0.7865 | accuracy 70.0 | mean_length 64
09-20-21 11:24:05 - epoch 1 | global step 3380 | mode train | loss 0.8962 | accuracy 63.75 | mean_length 64
09-20-21 11:25:52 - epoch 1 | global step 3390 | mode train | loss 0.9191 | accuracy 60.9375 | mean_length 64
09-20-21 11:27:39 - epoch 1 | global step 3400 | mode train | loss 0.925 | accuracy 65.3125 | mean_length 64
09-20-21 11:29:26 - epoch 1 | global step 3410 | mode train | loss 0.9392 | accuracy 63.125 | mean_length 64
09-20-21 11:31:13 - epoch 1 | global step 3420 | mode train | loss 0.9176 | accuracy 62.1875 | mean_length 64
09-20-21 11:33:00 - epoch 1 | global step 3430 | mode train | loss 0.9382 | accuracy 61.875 | mean_length 64
09-20-21 11:34:48 - epoch 1 | global step 3440 | mode train | loss 0.8524 | accuracy 64.375 | mean_length 64
09-20-21 11:36:35 - epoch 1 | global step 3450 | mode train | loss 0.8319 | accuracy 64.0625 | mean_length 64
09-20-21 11:38:22 - epoch 1 | global step 3460 | mode train | loss 0.8385 | accuracy 65.625 | mean_length 64
09-20-21 11:40:09 - epoch 1 | global step 3470 | mode train | loss 0.8345 | accuracy 65.0 | mean_length 64
09-20-21 11:41:56 - epoch 1 | global step 3480 | mode train | loss 0.8355 | accuracy 67.8125 | mean_length 64
09-20-21 11:43:43 - epoch 1 | global step 3490 | mode train | loss 0.8761 | accuracy 63.4375 | mean_length 64
09-20-21 11:45:31 - epoch 1 | global step 3500 | mode train | loss 0.9355 | accuracy 61.25 | mean_length 64
09-20-21 11:47:18 - epoch 1 | global step 3510 | mode train | loss 0.8246 | accuracy 65.9375 | mean_length 64
09-20-21 11:49:05 - epoch 1 | global step 3520 | mode train | loss 0.9226 | accuracy 61.5625 | mean_length 64
09-20-21 11:50:52 - epoch 1 | global step 3530 | mode train | loss 0.8721 | accuracy 64.0625 | mean_length 64
09-20-21 11:52:39 - epoch 1 | global step 3540 | mode train | loss 0.7633 | accuracy 68.75 | mean_length 64
09-20-21 11:54:26 - epoch 1 | global step 3550 | mode train | loss 0.7714 | accuracy 70.625 | mean_length 64
09-20-21 11:56:14 - epoch 1 | global step 3560 | mode train | loss 0.8985 | accuracy 62.1875 | mean_length 64
09-20-21 11:58:01 - epoch 1 | global step 3570 | mode train | loss 0.8011 | accuracy 66.25 | mean_length 64
09-20-21 11:59:48 - epoch 1 | global step 3580 | mode train | loss 0.8184 | accuracy 70.0 | mean_length 64
09-20-21 12:10:00 - epoch 1 | global step 3584 | mode validation | loss 0.7929 | accuracy 68.22 | mean_length 64
09-20-21 12:10:00 - Saving model to Output/accGrad4_mbart_BTen+zh-captions_lr9.0e-6_7distractors_maxstep8192_seed43
Epoch: 1, Prediction Accuracy: 68.22, Saved to Path: Output/accGrad4_mbart_BTen+zh-captions_lr9.0e-6_7distractors_maxstep8192_seed43
09-20-21 12:11:14 - epoch 1 | global step 3590 | mode train | loss 0.774 | accuracy 69.6875 | mean_length 64
09-20-21 12:13:01 - epoch 1 | global step 3600 | mode train | loss 0.7849 | accuracy 67.5 | mean_length 64
09-20-21 12:14:48 - epoch 1 | global step 3610 | mode train | loss 0.8755 | accuracy 65.0 | mean_length 64
09-20-21 12:16:35 - epoch 1 | global step 3620 | mode train | loss 0.7776 | accuracy 66.5625 | mean_length 64
09-20-21 12:18:23 - epoch 1 | global step 3630 | mode train | loss 0.8622 | accuracy 63.4375 | mean_length 64
09-20-21 12:20:10 - epoch 1 | global step 3640 | mode train | loss 0.8821 | accuracy 64.6875 | mean_length 64
09-20-21 12:21:57 - epoch 1 | global step 3650 | mode train | loss 0.8356 | accuracy 65.3125 | mean_length 64
09-20-21 12:23:44 - epoch 1 | global step 3660 | mode train | loss 0.7954 | accuracy 68.75 | mean_length 64
09-20-21 12:25:31 - epoch 1 | global step 3670 | mode train | loss 0.8267 | accuracy 67.5 | mean_length 64
09-20-21 12:27:19 - epoch 1 | global step 3680 | mode train | loss 0.7742 | accuracy 67.1875 | mean_length 64
09-20-21 12:29:06 - epoch 1 | global step 3690 | mode train | loss 0.7956 | accuracy 67.5 | mean_length 64
09-20-21 12:30:53 - epoch 1 | global step 3700 | mode train | loss 0.6996 | accuracy 74.375 | mean_length 64
09-20-21 12:32:40 - epoch 1 | global step 3710 | mode train | loss 0.7467 | accuracy 71.25 | mean_length 64
09-20-21 12:34:27 - epoch 1 | global step 3720 | mode train | loss 0.6652 | accuracy 75.3125 | mean_length 64
09-20-21 12:36:14 - epoch 1 | global step 3730 | mode train | loss 0.7383 | accuracy 70.0 | mean_length 64
09-20-21 12:38:02 - epoch 1 | global step 3740 | mode train | loss 0.7359 | accuracy 68.4375 | mean_length 64
09-20-21 12:39:49 - epoch 1 | global step 3750 | mode train | loss 0.7298 | accuracy 70.3125 | mean_length 64
09-20-21 12:41:36 - epoch 1 | global step 3760 | mode train | loss 0.6686 | accuracy 75.625 | mean_length 64
09-20-21 12:43:23 - epoch 1 | global step 3770 | mode train | loss 0.68 | accuracy 73.4375 | mean_length 64
09-20-21 12:45:10 - epoch 1 | global step 3780 | mode train | loss 0.7583 | accuracy 71.25 | mean_length 64
09-20-21 12:46:57 - epoch 1 | global step 3790 | mode train | loss 0.7415 | accuracy 69.375 | mean_length 64
09-20-21 12:48:44 - epoch 1 | global step 3800 | mode train | loss 0.711 | accuracy 71.5625 | mean_length 64
09-20-21 12:50:32 - epoch 1 | global step 3810 | mode train | loss 0.6353 | accuracy 78.75 | mean_length 64
09-20-21 12:52:19 - epoch 1 | global step 3820 | mode train | loss 0.6904 | accuracy 72.1875 | mean_length 64
09-20-21 12:54:06 - epoch 1 | global step 3830 | mode train | loss 0.7358 | accuracy 70.0 | mean_length 64
09-20-21 12:55:53 - epoch 1 | global step 3840 | mode train | loss 0.6925 | accuracy 70.3125 | mean_length 64
09-20-21 12:57:40 - epoch 1 | global step 3850 | mode train | loss 0.6647 | accuracy 76.875 | mean_length 64
09-20-21 12:59:28 - epoch 1 | global step 3860 | mode train | loss 0.658 | accuracy 75.9375 | mean_length 64
09-20-21 13:01:15 - epoch 1 | global step 3870 | mode train | loss 0.6787 | accuracy 76.5625 | mean_length 64
09-20-21 13:03:02 - epoch 1 | global step 3880 | mode train | loss 0.6718 | accuracy 75.3125 | mean_length 64
09-20-21 13:04:49 - epoch 1 | global step 3890 | mode train | loss 0.6586 | accuracy 73.125 | mean_length 64
09-20-21 13:06:36 - epoch 1 | global step 3900 | mode train | loss 0.7272 | accuracy 70.0 | mean_length 64
09-20-21 13:08:24 - epoch 1 | global step 3910 | mode train | loss 0.6953 | accuracy 75.625 | mean_length 64
09-20-21 13:10:11 - epoch 1 | global step 3920 | mode train | loss 0.6573 | accuracy 73.75 | mean_length 64
09-20-21 13:11:58 - epoch 1 | global step 3930 | mode train | loss 0.5957 | accuracy 77.1875 | mean_length 64
09-20-21 13:13:45 - epoch 1 | global step 3940 | mode train | loss 0.7338 | accuracy 73.4375 | mean_length 64
09-20-21 13:15:33 - epoch 1 | global step 3950 | mode train | loss 0.6934 | accuracy 72.5 | mean_length 64
09-20-21 13:17:20 - epoch 1 | global step 3960 | mode train | loss 0.6373 | accuracy 73.125 | mean_length 64
09-20-21 13:19:07 - epoch 1 | global step 3970 | mode train | loss 0.7641 | accuracy 68.125 | mean_length 64
09-20-21 13:20:54 - epoch 1 | global step 3980 | mode train | loss 0.6572 | accuracy 74.0625 | mean_length 64
09-20-21 13:22:41 - epoch 1 | global step 3990 | mode train | loss 0.7254 | accuracy 69.375 | mean_length 64
09-20-21 13:24:28 - epoch 1 | global step 4000 | mode train | loss 0.7384 | accuracy 71.25 | mean_length 64
09-20-21 13:26:16 - epoch 1 | global step 4010 | mode train | loss 0.624 | accuracy 74.6875 | mean_length 64
09-20-21 13:28:03 - epoch 1 | global step 4020 | mode train | loss 0.6965 | accuracy 71.875 | mean_length 64
09-20-21 13:29:50 - epoch 1 | global step 4030 | mode train | loss 0.6997 | accuracy 75.0 | mean_length 64
09-20-21 13:31:37 - epoch 1 | global step 4040 | mode train | loss 0.6947 | accuracy 73.125 | mean_length 64
09-20-21 13:33:24 - epoch 1 | global step 4050 | mode train | loss 0.6605 | accuracy 75.625 | mean_length 64
09-20-21 13:35:11 - epoch 1 | global step 4060 | mode train | loss 0.6862 | accuracy 71.25 | mean_length 64
09-20-21 13:36:59 - epoch 1 | global step 4070 | mode train | loss 0.6172 | accuracy 77.5 | mean_length 64
09-20-21 13:38:46 - epoch 1 | global step 4080 | mode train | loss 0.6506 | accuracy 76.25 | mean_length 64
09-20-21 13:40:33 - epoch 1 | global step 4090 | mode train | loss 0.7767 | accuracy 66.875 | mean_length 64
09-20-21 13:51:04 - epoch 1 | global step 4096 | mode validation | loss 0.6812 | accuracy 73.48 | mean_length 64
09-20-21 13:51:04 - Saving model to Output/accGrad4_mbart_BTen+zh-captions_lr9.0e-6_7distractors_maxstep8192_seed43
Epoch: 1, Prediction Accuracy: 73.48, Saved to Path: Output/accGrad4_mbart_BTen+zh-captions_lr9.0e-6_7distractors_maxstep8192_seed43
09-20-21 13:51:57 - epoch 1 | global step 4100 | mode train | loss 0.698 | accuracy 71.875 | mean_length 64
09-20-21 13:53:44 - epoch 1 | global step 4110 | mode train | loss 0.5787 | accuracy 79.0625 | mean_length 64
09-20-21 13:55:32 - epoch 1 | global step 4120 | mode train | loss 0.6002 | accuracy 75.9375 | mean_length 64
09-20-21 13:57:19 - epoch 1 | global step 4130 | mode train | loss 0.5922 | accuracy 78.125 | mean_length 64
09-20-21 13:59:06 - epoch 1 | global step 4140 | mode train | loss 0.6112 | accuracy 74.0625 | mean_length 64
09-20-21 14:00:53 - epoch 1 | global step 4150 | mode train | loss 0.5597 | accuracy 76.875 | mean_length 64
09-20-21 14:02:40 - epoch 1 | global step 4160 | mode train | loss 0.6257 | accuracy 73.4375 | mean_length 64
09-20-21 14:04:27 - epoch 1 | global step 4170 | mode train | loss 0.5741 | accuracy 75.625 | mean_length 64
09-20-21 14:06:14 - epoch 1 | global step 4180 | mode train | loss 0.6434 | accuracy 75.625 | mean_length 64
09-20-21 14:08:01 - epoch 1 | global step 4190 | mode train | loss 0.584 | accuracy 78.125 | mean_length 64
09-20-21 14:09:49 - epoch 1 | global step 4200 | mode train | loss 0.5528 | accuracy 78.75 | mean_length 64
09-20-21 14:11:36 - epoch 1 | global step 4210 | mode train | loss 0.589 | accuracy 78.125 | mean_length 64
09-20-21 14:13:23 - epoch 1 | global step 4220 | mode train | loss 0.5958 | accuracy 75.625 | mean_length 64
09-20-21 14:15:10 - epoch 1 | global step 4230 | mode train | loss 0.5665 | accuracy 77.8125 | mean_length 64
09-20-21 14:16:58 - epoch 1 | global step 4240 | mode train | loss 0.5455 | accuracy 80.3125 | mean_length 64
09-20-21 14:18:45 - epoch 1 | global step 4250 | mode train | loss 0.5343 | accuracy 77.8125 | mean_length 64
09-20-21 14:20:32 - epoch 1 | global step 4260 | mode train | loss 0.5006 | accuracy 82.5 | mean_length 64
09-20-21 14:22:19 - epoch 1 | global step 4270 | mode train | loss 0.5188 | accuracy 79.6875 | mean_length 64
09-20-21 14:24:06 - epoch 1 | global step 4280 | mode train | loss 0.6383 | accuracy 75.625 | mean_length 64
09-20-21 14:25:53 - epoch 1 | global step 4290 | mode train | loss 0.5882 | accuracy 74.375 | mean_length 64
09-20-21 14:27:40 - epoch 1 | global step 4300 | mode train | loss 0.609 | accuracy 76.875 | mean_length 64
09-20-21 14:29:27 - epoch 1 | global step 4310 | mode train | loss 0.5786 | accuracy 77.8125 | mean_length 64
09-20-21 14:31:15 - epoch 1 | global step 4320 | mode train | loss 0.5697 | accuracy 78.4375 | mean_length 64
09-20-21 14:33:02 - epoch 1 | global step 4330 | mode train | loss 0.5559 | accuracy 78.75 | mean_length 64
09-20-21 14:34:49 - epoch 1 | global step 4340 | mode train | loss 0.5957 | accuracy 75.9375 | mean_length 64
09-20-21 14:36:36 - epoch 1 | global step 4350 | mode train | loss 0.6027 | accuracy 75.9375 | mean_length 64
09-20-21 14:38:23 - epoch 1 | global step 4360 | mode train | loss 0.5521 | accuracy 77.8125 | mean_length 64
09-20-21 14:40:10 - epoch 1 | global step 4370 | mode train | loss 0.5751 | accuracy 78.4375 | mean_length 64
09-20-21 14:41:57 - epoch 1 | global step 4380 | mode train | loss 0.5514 | accuracy 80.0 | mean_length 64
09-20-21 14:43:44 - epoch 1 | global step 4390 | mode train | loss 0.5899 | accuracy 75.9375 | mean_length 64
09-20-21 14:45:31 - epoch 1 | global step 4400 | mode train | loss 0.5345 | accuracy 80.3125 | mean_length 64
09-20-21 14:47:19 - epoch 1 | global step 4410 | mode train | loss 0.5999 | accuracy 75.3125 | mean_length 64
09-20-21 14:49:06 - epoch 1 | global step 4420 | mode train | loss 0.6177 | accuracy 74.375 | mean_length 64
09-20-21 14:50:53 - epoch 1 | global step 4430 | mode train | loss 0.5567 | accuracy 79.375 | mean_length 64
09-20-21 14:52:40 - epoch 1 | global step 4440 | mode train | loss 0.6094 | accuracy 75.9375 | mean_length 64
09-20-21 14:54:27 - epoch 1 | global step 4450 | mode train | loss 0.5744 | accuracy 74.0625 | mean_length 64
09-20-21 14:56:14 - epoch 1 | global step 4460 | mode train | loss 0.6064 | accuracy 75.0 | mean_length 64
09-20-21 14:58:01 - epoch 1 | global step 4470 | mode train | loss 0.5673 | accuracy 79.6875 | mean_length 64
09-20-21 14:59:49 - epoch 1 | global step 4480 | mode train | loss 0.6013 | accuracy 72.1875 | mean_length 64
09-20-21 15:01:36 - epoch 1 | global step 4490 | mode train | loss 0.6967 | accuracy 71.5625 | mean_length 63.3406
09-20-21 15:03:23 - epoch 1 | global step 4500 | mode train | loss 0.8028 | accuracy 69.375 | mean_length 60.5906
09-20-21 15:05:10 - epoch 1 | global step 4510 | mode train | loss 0.7975 | accuracy 65.625 | mean_length 58.0406
09-20-21 15:06:58 - epoch 1 | global step 4520 | mode train | loss 0.7192 | accuracy 72.8125 | mean_length 62.2156
09-20-21 15:08:45 - epoch 1 | global step 4530 | mode train | loss 0.8343 | accuracy 67.1875 | mean_length 61.6594
09-20-21 15:10:33 - epoch 1 | global step 4540 | mode train | loss 0.7615 | accuracy 68.125 | mean_length 62.7812
09-20-21 15:12:20 - epoch 1 | global step 4550 | mode train | loss 0.6131 | accuracy 76.875 | mean_length 63.6031
09-20-21 15:14:07 - epoch 1 | global step 4560 | mode train | loss 0.5601 | accuracy 81.875 | mean_length 63.5219
09-20-21 15:15:54 - epoch 1 | global step 4570 | mode train | loss 0.5384 | accuracy 78.125 | mean_length 63.8375
09-20-21 15:17:41 - epoch 1 | global step 4580 | mode train | loss 0.5929 | accuracy 74.375 | mean_length 63.6063
09-20-21 15:19:28 - epoch 1 | global step 4590 | mode train | loss 0.5621 | accuracy 78.75 | mean_length 63.3969
09-20-21 15:21:15 - epoch 1 | global step 4600 | mode train | loss 0.6641 | accuracy 72.8125 | mean_length 62.9406
09-20-21 15:32:08 - epoch 1 | global step 4608 | mode validation | loss 0.5787 | accuracy 77.68 | mean_length 63.8438
09-20-21 15:32:08 - Saving model to Output/accGrad4_mbart_BTen+zh-captions_lr9.0e-6_7distractors_maxstep8192_seed43
Epoch: 1, Prediction Accuracy: 77.68, Saved to Path: Output/accGrad4_mbart_BTen+zh-captions_lr9.0e-6_7distractors_maxstep8192_seed43
09-20-21 15:32:40 - epoch 1 | global step 4610 | mode train | loss 0.5265 | accuracy 80.625 | mean_length 63.5375
09-20-21 15:34:27 - epoch 1 | global step 4620 | mode train | loss 0.5498 | accuracy 77.8125 | mean_length 63.8219
09-20-21 15:36:14 - epoch 1 | global step 4630 | mode train | loss 0.6373 | accuracy 74.6875 | mean_length 64
09-20-21 15:38:02 - epoch 1 | global step 4640 | mode train | loss 0.6159 | accuracy 75.9375 | mean_length 64
09-20-21 15:39:49 - epoch 1 | global step 4650 | mode train | loss 0.5089 | accuracy 80.0 | mean_length 64
09-20-21 15:41:36 - epoch 1 | global step 4660 | mode train | loss 0.5307 | accuracy 79.0625 | mean_length 63.95
09-20-21 15:43:23 - epoch 1 | global step 4670 | mode train | loss 0.6824 | accuracy 73.125 | mean_length 63.7125
09-20-21 15:45:10 - epoch 1 | global step 4680 | mode train | loss 0.6317 | accuracy 74.0625 | mean_length 64
09-20-21 15:46:57 - epoch 1 | global step 4690 | mode train | loss 0.6448 | accuracy 74.375 | mean_length 63.6562
09-20-21 15:48:44 - epoch 1 | global step 4700 | mode train | loss 0.4916 | accuracy 79.6875 | mean_length 63.8906
09-20-21 15:50:32 - epoch 1 | global step 4710 | mode train | loss 0.7126 | accuracy 68.125 | mean_length 62.6344
09-20-21 15:52:19 - epoch 1 | global step 4720 | mode train | loss 0.8973 | accuracy 61.875 | mean_length 62.225
09-20-21 15:54:06 - epoch 1 | global step 4730 | mode train | loss 0.7699 | accuracy 71.25 | mean_length 62.4375
09-20-21 15:55:53 - epoch 1 | global step 4740 | mode train | loss 0.5973 | accuracy 78.125 | mean_length 62.2062
09-20-21 15:57:40 - epoch 1 | global step 4750 | mode train | loss 0.581 | accuracy 78.4375 | mean_length 62.0781
09-20-21 15:59:27 - epoch 1 | global step 4760 | mode train | loss 0.5799 | accuracy 77.5 | mean_length 62.2031
09-20-21 16:01:15 - epoch 1 | global step 4770 | mode train | loss 0.5296 | accuracy 80.0 | mean_length 62.3219
09-20-21 16:03:02 - epoch 1 | global step 4780 | mode train | loss 0.7559 | accuracy 67.8125 | mean_length 63.2687
09-20-21 16:04:49 - epoch 1 | global step 4790 | mode train | loss 1.1059 | accuracy 55.0 | mean_length 63.4969
09-20-21 16:06:37 - epoch 1 | global step 4800 | mode train | loss 1.2274 | accuracy 52.8125 | mean_length 63.3469
09-20-21 16:08:24 - epoch 1 | global step 4810 | mode train | loss 1.1241 | accuracy 56.875 | mean_length 62.1187
09-20-21 16:10:12 - epoch 1 | global step 4820 | mode train | loss 1.0976 | accuracy 58.75 | mean_length 62.0406
09-20-21 16:12:00 - epoch 1 | global step 4830 | mode train | loss 0.9179 | accuracy 62.8125 | mean_length 64
09-20-21 16:13:47 - epoch 1 | global step 4840 | mode train | loss 0.8745 | accuracy 63.4375 | mean_length 64
09-20-21 16:15:35 - epoch 1 | global step 4850 | mode train | loss 0.9528 | accuracy 60.625 | mean_length 64
09-20-21 16:17:22 - epoch 1 | global step 4860 | mode train | loss 0.9534 | accuracy 58.125 | mean_length 64
09-20-21 16:19:10 - epoch 1 | global step 4870 | mode train | loss 0.9379 | accuracy 62.1875 | mean_length 64
09-20-21 16:20:57 - epoch 1 | global step 4880 | mode train | loss 0.9266 | accuracy 65.625 | mean_length 64
09-20-21 16:22:45 - epoch 1 | global step 4890 | mode train | loss 0.9748 | accuracy 56.875 | mean_length 64
09-20-21 16:24:32 - epoch 1 | global step 4900 | mode train | loss 0.8255 | accuracy 66.25 | mean_length 64
09-20-21 16:26:20 - epoch 1 | global step 4910 | mode train | loss 0.9523 | accuracy 60.3125 | mean_length 64
09-20-21 16:28:07 - epoch 1 | global step 4920 | mode train | loss 1.0602 | accuracy 55.3125 | mean_length 63.8156
09-20-21 16:29:55 - epoch 1 | global step 4930 | mode train | loss 1.0788 | accuracy 58.75 | mean_length 64
09-20-21 16:31:42 - epoch 1 | global step 4940 | mode train | loss 1.2185 | accuracy 55.3125 | mean_length 63.8219
09-20-21 16:33:30 - epoch 1 | global step 4950 | mode train | loss 1.0783 | accuracy 54.375 | mean_length 64
09-20-21 16:35:17 - epoch 1 | global step 4960 | mode train | loss 1.0399 | accuracy 58.125 | mean_length 63.275
09-20-21 16:37:05 - epoch 1 | global step 4970 | mode train | loss 0.9946 | accuracy 57.5 | mean_length 63.35
09-20-21 16:38:52 - epoch 1 | global step 4980 | mode train | loss 0.9553 | accuracy 60.9375 | mean_length 63.3031
09-20-21 16:40:40 - epoch 1 | global step 4990 | mode train | loss 0.7427 | accuracy 69.0625 | mean_length 63.1562
09-20-21 16:42:27 - epoch 1 | global step 5000 | mode train | loss 0.8968 | accuracy 62.1875 | mean_length 63.2031
09-20-21 16:44:15 - epoch 1 | global step 5010 | mode train | loss 0.801 | accuracy 65.9375 | mean_length 61.7375
09-20-21 16:46:02 - epoch 1 | global step 5020 | mode train | loss 0.8196 | accuracy 67.1875 | mean_length 62.9469
09-20-21 16:47:50 - epoch 1 | global step 5030 | mode train | loss 0.8328 | accuracy 65.9375 | mean_length 63.6562
09-20-21 16:49:37 - epoch 1 | global step 5040 | mode train | loss 0.9408 | accuracy 60.9375 | mean_length 63.625
09-20-21 16:51:25 - epoch 1 | global step 5050 | mode train | loss 0.8816 | accuracy 65.3125 | mean_length 63.8219
09-20-21 16:53:13 - epoch 1 | global step 5060 | mode train | loss 0.8073 | accuracy 65.9375 | mean_length 63.6688
09-20-21 16:55:00 - epoch 1 | global step 5070 | mode train | loss 0.796 | accuracy 68.4375 | mean_length 63.1063
09-20-21 16:56:48 - epoch 1 | global step 5080 | mode train | loss 0.7536 | accuracy 68.75 | mean_length 63.275
09-20-21 16:58:35 - epoch 1 | global step 5090 | mode train | loss 0.7475 | accuracy 69.0625 | mean_length 63.2719
09-20-21 17:00:23 - epoch 1 | global step 5100 | mode train | loss 0.8761 | accuracy 63.75 | mean_length 62.9344
09-20-21 17:02:10 - epoch 1 | global step 5110 | mode train | loss 1.0013 | accuracy 56.5625 | mean_length 63.6531
09-20-21 17:03:58 - epoch 1 | global step 5120 | mode train | loss 0.8544 | accuracy 65.3125 | mean_length 63.15
09-20-21 17:13:34 - epoch 1 | global step 5120 | mode validation | loss 0.7685 | accuracy 68.74 | mean_length 63.469
09-20-21 17:15:21 - epoch 1 | global step 5130 | mode train | loss 0.7124 | accuracy 71.875 | mean_length 62.7969
09-20-21 17:17:09 - epoch 1 | global step 5140 | mode train | loss 0.7988 | accuracy 62.5 | mean_length 63.8125
09-20-21 17:18:56 - epoch 1 | global step 5150 | mode train | loss 0.8253 | accuracy 62.1875 | mean_length 63.8219
09-20-21 17:20:44 - epoch 1 | global step 5160 | mode train | loss 0.7203 | accuracy 72.5 | mean_length 63.6688
09-20-21 17:22:32 - epoch 1 | global step 5170 | mode train | loss 0.5963 | accuracy 74.375 | mean_length 64
09-20-21 17:24:19 - epoch 1 | global step 5180 | mode train | loss 0.6463 | accuracy 75.9375 | mean_length 64
09-20-21 17:26:07 - epoch 1 | global step 5190 | mode train | loss 0.7101 | accuracy 71.5625 | mean_length 63.8344
09-20-21 17:27:55 - epoch 1 | global step 5200 | mode train | loss 0.6555 | accuracy 73.125 | mean_length 63.7188
09-20-21 17:29:42 - epoch 1 | global step 5210 | mode train | loss 0.6262 | accuracy 74.6875 | mean_length 64
09-20-21 17:31:30 - epoch 1 | global step 5220 | mode train | loss 0.6637 | accuracy 71.5625 | mean_length 64
09-20-21 17:33:17 - epoch 1 | global step 5230 | mode train | loss 0.6613 | accuracy 74.0625 | mean_length 63.6594
09-20-21 17:35:05 - epoch 1 | global step 5240 | mode train | loss 0.7503 | accuracy 69.375 | mean_length 64
09-20-21 17:36:53 - epoch 1 | global step 5250 | mode train | loss 0.6714 | accuracy 72.1875 | mean_length 64
09-20-21 17:38:40 - epoch 1 | global step 5260 | mode train | loss 0.7267 | accuracy 68.125 | mean_length 64
09-20-21 17:40:28 - epoch 1 | global step 5270 | mode train | loss 0.6571 | accuracy 72.8125 | mean_length 63.8188
09-20-21 17:42:15 - epoch 1 | global step 5280 | mode train | loss 0.7115 | accuracy 70.3125 | mean_length 64
09-20-21 17:44:03 - epoch 1 | global step 5290 | mode train | loss 0.7349 | accuracy 70.3125 | mean_length 64
09-20-21 17:45:50 - epoch 1 | global step 5300 | mode train | loss 0.6396 | accuracy 75.0 | mean_length 63.6469
09-20-21 17:47:38 - epoch 1 | global step 5310 | mode train | loss 0.6031 | accuracy 75.0 | mean_length 64
09-20-21 17:49:26 - epoch 1 | global step 5320 | mode train | loss 0.6903 | accuracy 72.8125 | mean_length 64
09-20-21 17:51:13 - epoch 1 | global step 5330 | mode train | loss 0.7833 | accuracy 71.25 | mean_length 64
09-20-21 17:53:01 - epoch 1 | global step 5340 | mode train | loss 0.6582 | accuracy 72.5 | mean_length 64
09-20-21 17:54:49 - epoch 1 | global step 5350 | mode train | loss 0.6285 | accuracy 77.1875 | mean_length 63.6812
09-20-21 17:56:36 - epoch 1 | global step 5360 | mode train | loss 0.6429 | accuracy 73.125 | mean_length 63.8875
09-20-21 17:58:24 - epoch 1 | global step 5370 | mode train | loss 0.6512 | accuracy 76.25 | mean_length 63.6562
09-20-21 18:00:11 - epoch 1 | global step 5380 | mode train | loss 0.6043 | accuracy 75.3125 | mean_length 63.5
09-20-21 18:01:59 - epoch 1 | global step 5390 | mode train | loss 0.6396 | accuracy 74.375 | mean_length 63.6562
09-20-21 18:03:46 - epoch 1 | global step 5400 | mode train | loss 0.5759 | accuracy 79.0625 | mean_length 63.3906
09-20-21 18:05:34 - epoch 1 | global step 5410 | mode train | loss 0.5894 | accuracy 76.25 | mean_length 63.5187
09-20-21 18:07:22 - epoch 1 | global step 5420 | mode train | loss 0.5648 | accuracy 75.9375 | mean_length 63.1594
09-20-21 18:09:09 - epoch 1 | global step 5430 | mode train | loss 0.5496 | accuracy 78.75 | mean_length 63.8281
09-20-21 18:10:57 - epoch 1 | global step 5440 | mode train | loss 0.6528 | accuracy 74.0625 | mean_length 63.4875
09-20-21 18:12:45 - epoch 1 | global step 5450 | mode train | loss 0.6675 | accuracy 73.75 | mean_length 62.6063
09-20-21 18:14:32 - epoch 1 | global step 5460 | mode train | loss 0.8413 | accuracy 65.9375 | mean_length 63.2125
09-20-21 18:16:20 - epoch 1 | global step 5470 | mode train | loss 0.788 | accuracy 69.0625 | mean_length 62.3781
09-20-21 18:18:08 - epoch 1 | global step 5480 | mode train | loss 0.8068 | accuracy 67.1875 | mean_length 63.3312
09-20-21 18:19:55 - epoch 1 | global step 5490 | mode train | loss 0.765 | accuracy 70.625 | mean_length 62.5844
09-20-21 18:21:43 - epoch 1 | global step 5500 | mode train | loss 0.7526 | accuracy 70.0 | mean_length 62.6
09-20-21 18:23:30 - epoch 1 | global step 5510 | mode train | loss 0.9827 | accuracy 60.0 | mean_length 63.5063
09-20-21 18:25:18 - epoch 1 | global step 5520 | mode train | loss 0.9443 | accuracy 62.5 | mean_length 63.5375
09-20-21 18:27:06 - epoch 1 | global step 5530 | mode train | loss 0.9226 | accuracy 63.4375 | mean_length 63.8312
09-20-21 18:28:53 - epoch 1 | global step 5540 | mode train | loss 0.9225 | accuracy 62.1875 | mean_length 63.6219
09-20-21 18:30:41 - epoch 1 | global step 5550 | mode train | loss 0.8885 | accuracy 63.75 | mean_length 63.525
09-20-21 18:32:28 - epoch 1 | global step 5560 | mode train | loss 0.9577 | accuracy 64.0625 | mean_length 63.6906
09-20-21 18:34:16 - epoch 1 | global step 5570 | mode train | loss 0.8636 | accuracy 65.0 | mean_length 63.6594
09-20-21 18:36:04 - epoch 1 | global step 5580 | mode train | loss 0.8751 | accuracy 66.875 | mean_length 63.7313
09-20-21 18:37:51 - epoch 1 | global step 5590 | mode train | loss 0.7839 | accuracy 68.75 | mean_length 63.5438
09-20-21 18:39:39 - epoch 1 | global step 5600 | mode train | loss 0.8092 | accuracy 65.3125 | mean_length 63.5063
09-20-21 18:41:26 - epoch 1 | global step 5610 | mode train | loss 0.8065 | accuracy 66.5625 | mean_length 63.8344
09-20-21 18:43:14 - epoch 1 | global step 5620 | mode train | loss 0.8211 | accuracy 65.3125 | mean_length 63.8469
09-20-21 18:45:01 - epoch 1 | global step 5630 | mode train | loss 0.8257 | accuracy 67.5 | mean_length 63.825
09-20-21 18:54:58 - epoch 1 | global step 5632 | mode validation | loss 0.8864 | accuracy 64.28 | mean_length 63.6496
09-20-21 18:56:24 - epoch 1 | global step 5640 | mode train | loss 0.8784 | accuracy 65.9375 | mean_length 63.6719
09-20-21 18:58:11 - epoch 1 | global step 5650 | mode train | loss 0.8358 | accuracy 66.25 | mean_length 63.5187
09-20-21 18:59:59 - epoch 1 | global step 5660 | mode train | loss 0.8227 | accuracy 68.75 | mean_length 63.875
09-20-21 19:01:47 - epoch 1 | global step 5670 | mode train | loss 0.8352 | accuracy 65.9375 | mean_length 63.1031
09-20-21 19:03:34 - epoch 1 | global step 5680 | mode train | loss 0.843 | accuracy 64.375 | mean_length 63.5156
09-20-21 19:05:22 - epoch 1 | global step 5690 | mode train | loss 0.8571 | accuracy 65.3125 | mean_length 63.2219
09-20-21 19:07:09 - epoch 1 | global step 5700 | mode train | loss 0.7458 | accuracy 72.5 | mean_length 63.7
09-20-21 19:08:57 - epoch 1 | global step 5710 | mode train | loss 0.7672 | accuracy 68.4375 | mean_length 64
09-20-21 19:10:45 - epoch 1 | global step 5720 | mode train | loss 0.751 | accuracy 69.375 | mean_length 62.9688
09-20-21 19:12:33 - epoch 1 | global step 5730 | mode train | loss 0.8018 | accuracy 66.25 | mean_length 62.825
09-20-21 19:14:20 - epoch 1 | global step 5740 | mode train | loss 0.7837 | accuracy 67.1875 | mean_length 63.3563
09-20-21 19:16:08 - epoch 1 | global step 5750 | mode train | loss 0.7729 | accuracy 70.0 | mean_length 62.2938
09-20-21 19:17:55 - epoch 1 | global step 5760 | mode train | loss 0.7343 | accuracy 72.5 | mean_length 62.5688
09-20-21 19:19:43 - epoch 1 | global step 5770 | mode train | loss 0.8046 | accuracy 66.875 | mean_length 63.825
09-20-21 19:21:30 - epoch 1 | global step 5780 | mode train | loss 0.7871 | accuracy 67.5 | mean_length 63.2188
09-20-21 19:23:18 - epoch 1 | global step 5790 | mode train | loss 0.7844 | accuracy 67.1875 | mean_length 63.1094
09-20-21 19:25:06 - epoch 1 | global step 5800 | mode train | loss 0.7307 | accuracy 72.1875 | mean_length 63.7469
09-20-21 19:26:53 - epoch 1 | global step 5810 | mode train | loss 0.7018 | accuracy 70.0 | mean_length 63.1781
09-20-21 19:28:41 - epoch 1 | global step 5820 | mode train | loss 0.728 | accuracy 71.875 | mean_length 62.9156
09-20-21 19:30:28 - epoch 1 | global step 5830 | mode train | loss 0.6645 | accuracy 76.5625 | mean_length 63.1625
09-20-21 19:32:16 - epoch 1 | global step 5840 | mode train | loss 0.752 | accuracy 70.0 | mean_length 63.7437
09-20-21 19:34:03 - epoch 1 | global step 5850 | mode train | loss 0.6392 | accuracy 74.0625 | mean_length 63.475
09-20-21 19:35:51 - epoch 1 | global step 5860 | mode train | loss 0.6481 | accuracy 74.6875 | mean_length 63.8969
09-20-21 19:37:38 - epoch 1 | global step 5870 | mode train | loss 0.7722 | accuracy 66.875 | mean_length 62.9156
09-20-21 19:39:26 - epoch 1 | global step 5880 | mode train | loss 0.6924 | accuracy 69.6875 | mean_length 63.025
09-20-21 19:41:13 - epoch 1 | global step 5890 | mode train | loss 0.6607 | accuracy 71.5625 | mean_length 61.8781
09-20-21 19:43:01 - epoch 1 | global step 5900 | mode train | loss 0.6176 | accuracy 75.0 | mean_length 61.825
09-20-21 19:44:48 - epoch 1 | global step 5910 | mode train | loss 0.7222 | accuracy 70.9375 | mean_length 62.8188
09-20-21 19:46:36 - epoch 1 | global step 5920 | mode train | loss 0.6174 | accuracy 76.25 | mean_length 62.3188
09-20-21 19:48:24 - epoch 1 | global step 5930 | mode train | loss 0.6716 | accuracy 75.3125 | mean_length 62.1219
09-20-21 19:50:11 - epoch 1 | global step 5940 | mode train | loss 0.6333 | accuracy 73.125 | mean_length 62.6281
09-20-21 19:51:59 - epoch 1 | global step 5950 | mode train | loss 0.657 | accuracy 73.125 | mean_length 62.2313
09-20-21 19:53:46 - epoch 1 | global step 5960 | mode train | loss 0.6513 | accuracy 73.75 | mean_length 61.2094
09-20-21 19:55:34 - epoch 1 | global step 5970 | mode train | loss 0.5751 | accuracy 76.5625 | mean_length 63.2281
09-20-21 19:57:21 - epoch 1 | global step 5980 | mode train | loss 0.6272 | accuracy 73.4375 | mean_length 63.3531
09-20-21 19:59:09 - epoch 1 | global step 5990 | mode train | loss 0.6529 | accuracy 74.375 | mean_length 63.5625
09-20-21 20:00:56 - epoch 1 | global step 6000 | mode train | loss 0.5543 | accuracy 77.8125 | mean_length 63.5594
09-20-21 20:02:44 - epoch 1 | global step 6010 | mode train | loss 0.5568 | accuracy 79.6875 | mean_length 63.7687
09-20-21 20:04:31 - epoch 1 | global step 6020 | mode train | loss 0.5282 | accuracy 81.25 | mean_length 63.5469
09-20-21 20:06:19 - epoch 1 | global step 6030 | mode train | loss 0.5588 | accuracy 75.9375 | mean_length 63.7656
09-20-21 20:08:06 - epoch 1 | global step 6040 | mode train | loss 0.491 | accuracy 79.375 | mean_length 62.8156
09-20-21 20:09:54 - epoch 1 | global step 6050 | mode train | loss 0.614 | accuracy 76.875 | mean_length 62.6
09-20-21 20:11:41 - epoch 1 | global step 6060 | mode train | loss 0.6008 | accuracy 76.875 | mean_length 63.1844
09-20-21 20:13:30 - epoch 1 | global step 6070 | mode train | loss 0.5054 | accuracy 78.125 | mean_length 63.5219
09-20-21 20:15:17 - epoch 1 | global step 6080 | mode train | loss 0.5577 | accuracy 77.5 | mean_length 63.1063
09-20-21 20:17:05 - epoch 1 | global step 6090 | mode train | loss 0.505 | accuracy 81.875 | mean_length 62.6812
09-20-21 20:18:52 - epoch 1 | global step 6100 | mode train | loss 0.4885 | accuracy 80.625 | mean_length 62.1594
09-20-21 20:20:40 - epoch 1 | global step 6110 | mode train | loss 0.5514 | accuracy 75.9375 | mean_length 63.05
09-20-21 20:22:27 - epoch 1 | global step 6120 | mode train | loss 0.5225 | accuracy 81.25 | mean_length 63.0594
09-20-21 20:24:15 - epoch 1 | global step 6130 | mode train | loss 0.4877 | accuracy 82.5 | mean_length 62.6344
09-20-21 20:26:02 - epoch 1 | global step 6140 | mode train | loss 0.4821 | accuracy 79.0625 | mean_length 62.95
09-20-21 20:36:19 - epoch 1 | global step 6144 | mode validation | loss 0.5741 | accuracy 77.44 | mean_length 62.7176
09-20-21 20:36:19 - Saving model to Output/accGrad4_mbart_BTen+zh-captions_lr9.0e-6_7distractors_maxstep8192_seed43
Epoch: 1, Prediction Accuracy: 77.44, Saved to Path: Output/accGrad4_mbart_BTen+zh-captions_lr9.0e-6_7distractors_maxstep8192_seed43
09-20-21 20:37:34 - epoch 1 | global step 6150 | mode train | loss 0.5226 | accuracy 80.0 | mean_length 62.7906
09-20-21 20:39:21 - epoch 1 | global step 6160 | mode train | loss 0.4745 | accuracy 85.0 | mean_length 62.6938
09-20-21 20:41:09 - epoch 1 | global step 6170 | mode train | loss 0.4217 | accuracy 84.0625 | mean_length 63.0281
09-20-21 20:42:56 - epoch 1 | global step 6180 | mode train | loss 0.5075 | accuracy 80.3125 | mean_length 61.3375
09-20-21 20:44:44 - epoch 1 | global step 6190 | mode train | loss 0.5357 | accuracy 79.0625 | mean_length 62.9781
09-20-21 20:46:31 - epoch 1 | global step 6200 | mode train | loss 0.6149 | accuracy 78.125 | mean_length 61.8969
09-20-21 20:48:19 - epoch 1 | global step 6210 | mode train | loss 0.5018 | accuracy 79.0625 | mean_length 61.2625
09-20-21 20:50:06 - epoch 1 | global step 6220 | mode train | loss 0.5527 | accuracy 77.8125 | mean_length 60.1063
09-20-21 20:51:54 - epoch 1 | global step 6230 | mode train | loss 0.4985 | accuracy 82.5 | mean_length 61.5562
09-20-21 20:53:42 - epoch 1 | global step 6240 | mode train | loss 0.505 | accuracy 81.25 | mean_length 61.175
09-20-21 20:55:29 - epoch 1 | global step 6250 | mode train | loss 0.4697 | accuracy 81.875 | mean_length 60.6906
09-20-21 20:57:17 - epoch 1 | global step 6260 | mode train | loss 0.5182 | accuracy 80.625 | mean_length 59.3531
09-20-21 20:59:04 - epoch 1 | global step 6270 | mode train | loss 0.5006 | accuracy 80.9375 | mean_length 60.0688
09-20-21 21:00:52 - epoch 1 | global step 6280 | mode train | loss 0.4429 | accuracy 82.8125 | mean_length 59.4188
09-20-21 21:02:39 - epoch 1 | global step 6290 | mode train | loss 0.4295 | accuracy 84.375 | mean_length 58.85
09-20-21 21:04:27 - epoch 1 | global step 6300 | mode train | loss 0.5395 | accuracy 80.0 | mean_length 55.2969
09-20-21 21:06:14 - epoch 1 | global step 6310 | mode train | loss 0.5162 | accuracy 79.0625 | mean_length 56.4969
09-20-21 21:08:02 - epoch 1 | global step 6320 | mode train | loss 0.504 | accuracy 79.375 | mean_length 57.2656
09-20-21 21:09:49 - epoch 1 | global step 6330 | mode train | loss 0.3869 | accuracy 86.5625 | mean_length 58.4906
09-20-21 21:11:37 - epoch 1 | global step 6340 | mode train | loss 0.4754 | accuracy 81.5625 | mean_length 56.8125
09-20-21 21:13:25 - epoch 1 | global step 6350 | mode train | loss 0.5342 | accuracy 78.4375 | mean_length 54.8875
09-20-21 21:15:13 - epoch 1 | global step 6360 | mode train | loss 0.5368 | accuracy 79.6875 | mean_length 56.3281
09-20-21 21:17:00 - epoch 1 | global step 6370 | mode train | loss 0.5592 | accuracy 77.8125 | mean_length 59.2563
09-20-21 21:18:48 - epoch 1 | global step 6380 | mode train | loss 0.4346 | accuracy 82.5 | mean_length 57.9719
09-20-21 21:20:35 - epoch 1 | global step 6390 | mode train | loss 0.4629 | accuracy 81.5625 | mean_length 60.5219
09-20-21 21:22:23 - epoch 1 | global step 6400 | mode train | loss 0.461 | accuracy 84.6875 | mean_length 59.9594
09-20-21 21:24:10 - epoch 1 | global step 6410 | mode train | loss 0.4553 | accuracy 83.75 | mean_length 59.9656
09-20-21 21:25:57 - epoch 1 | global step 6420 | mode train | loss 0.4168 | accuracy 84.6875 | mean_length 58.25
09-20-21 21:27:45 - epoch 1 | global step 6430 | mode train | loss 0.4435 | accuracy 84.0625 | mean_length 61.0375
09-20-21 21:29:32 - epoch 1 | global step 6440 | mode train | loss 0.4599 | accuracy 81.25 | mean_length 61.8469
09-20-21 21:31:20 - epoch 1 | global step 6450 | mode train | loss 0.5353 | accuracy 79.375 | mean_length 61.5031
09-20-21 21:33:07 - epoch 2 | global step 6460 | mode train | loss 0.4641 | accuracy 82.5 | mean_length 60.3375
09-20-21 21:34:55 - epoch 2 | global step 6470 | mode train | loss 0.5222 | accuracy 77.8125 | mean_length 61.4438
09-20-21 21:36:42 - epoch 2 | global step 6480 | mode train | loss 0.5014 | accuracy 79.375 | mean_length 62.5719
09-20-21 21:38:30 - epoch 2 | global step 6490 | mode train | loss 0.3911 | accuracy 85.9375 | mean_length 63.3062
09-20-21 21:40:17 - epoch 2 | global step 6500 | mode train | loss 0.4305 | accuracy 84.375 | mean_length 63.8531
09-20-21 21:42:05 - epoch 2 | global step 6510 | mode train | loss 0.5054 | accuracy 81.875 | mean_length 63.4937
09-20-21 21:43:52 - epoch 2 | global step 6520 | mode train | loss 0.4972 | accuracy 83.75 | mean_length 63.6375
09-20-21 21:45:40 - epoch 2 | global step 6530 | mode train | loss 0.4723 | accuracy 80.9375 | mean_length 63.4844
09-20-21 21:47:27 - epoch 2 | global step 6540 | mode train | loss 0.5682 | accuracy 79.375 | mean_length 63.8156
09-20-21 21:49:15 - epoch 2 | global step 6550 | mode train | loss 0.555 | accuracy 79.375 | mean_length 63.6437
09-20-21 21:51:03 - epoch 2 | global step 6560 | mode train | loss 0.4799 | accuracy 81.5625 | mean_length 62.9438
09-20-21 21:52:50 - epoch 2 | global step 6570 | mode train | loss 0.506 | accuracy 80.625 | mean_length 63.5219
09-20-21 21:54:38 - epoch 2 | global step 6580 | mode train | loss 0.4876 | accuracy 83.125 | mean_length 63.425
09-20-21 21:56:25 - epoch 2 | global step 6590 | mode train | loss 0.4787 | accuracy 83.125 | mean_length 63.4781
09-20-21 21:58:13 - epoch 2 | global step 6600 | mode train | loss 0.4969 | accuracy 81.5625 | mean_length 63.0906
09-20-21 22:00:00 - epoch 2 | global step 6610 | mode train | loss 0.467 | accuracy 80.3125 | mean_length 62.9781
09-20-21 22:01:48 - epoch 2 | global step 6620 | mode train | loss 0.422 | accuracy 83.125 | mean_length 63.8438
09-20-21 22:03:36 - epoch 2 | global step 6630 | mode train | loss 0.4612 | accuracy 83.125 | mean_length 63.525
09-20-21 22:05:23 - epoch 2 | global step 6640 | mode train | loss 0.5218 | accuracy 80.3125 | mean_length 63.6437
09-20-21 22:07:11 - epoch 2 | global step 6650 | mode train | loss 0.5069 | accuracy 79.6875 | mean_length 62.8531
09-20-21 22:17:51 - epoch 2 | global step 6656 | mode validation | loss 0.4099 | accuracy 84.3 | mean_length 63.5116
09-20-21 22:17:51 - Saving model to Output/accGrad4_mbart_BTen+zh-captions_lr9.0e-6_7distractors_maxstep8192_seed43
Epoch: 2, Prediction Accuracy: 84.3, Saved to Path: Output/accGrad4_mbart_BTen+zh-captions_lr9.0e-6_7distractors_maxstep8192_seed43
09-20-21 22:18:42 - epoch 2 | global step 6660 | mode train | loss 0.4747 | accuracy 84.375 | mean_length 63.4469
09-20-21 22:20:30 - epoch 2 | global step 6670 | mode train | loss 0.4126 | accuracy 83.125 | mean_length 63.7031
09-20-21 22:22:17 - epoch 2 | global step 6680 | mode train | loss 0.4284 | accuracy 82.8125 | mean_length 63.4031
09-20-21 22:24:05 - epoch 2 | global step 6690 | mode train | loss 0.4103 | accuracy 85.0 | mean_length 63.65
09-20-21 22:25:52 - epoch 2 | global step 6700 | mode train | loss 0.4236 | accuracy 83.125 | mean_length 63.675
09-20-21 22:27:40 - epoch 2 | global step 6710 | mode train | loss 0.4315 | accuracy 85.625 | mean_length 62.9438
09-20-21 22:29:27 - epoch 2 | global step 6720 | mode train | loss 0.3993 | accuracy 85.9375 | mean_length 63.2281
09-20-21 22:31:15 - epoch 2 | global step 6730 | mode train | loss 0.371 | accuracy 85.625 | mean_length 62.7938
09-20-21 22:33:03 - epoch 2 | global step 6740 | mode train | loss 0.3892 | accuracy 85.3125 | mean_length 63.3156
09-20-21 22:34:50 - epoch 2 | global step 6750 | mode train | loss 0.4664 | accuracy 79.375 | mean_length 63.5125
09-20-21 22:36:38 - epoch 2 | global step 6760 | mode train | loss 0.4698 | accuracy 81.25 | mean_length 63.15
09-20-21 22:38:25 - epoch 2 | global step 6770 | mode train | loss 0.4016 | accuracy 84.6875 | mean_length 63.6625
09-20-21 22:40:13 - epoch 2 | global step 6780 | mode train | loss 0.41 | accuracy 85.625 | mean_length 63.6531
09-20-21 22:42:00 - epoch 2 | global step 6790 | mode train | loss 0.3883 | accuracy 85.9375 | mean_length 63.3094
09-20-21 22:43:48 - epoch 2 | global step 6800 | mode train | loss 0.3859 | accuracy 85.0 | mean_length 63.6562
09-20-21 22:45:35 - epoch 2 | global step 6810 | mode train | loss 0.4199 | accuracy 83.4375 | mean_length 63.4844
09-20-21 22:47:23 - epoch 2 | global step 6820 | mode train | loss 0.4085 | accuracy 85.0 | mean_length 63.4844
09-20-21 22:49:10 - epoch 2 | global step 6830 | mode train | loss 0.4308 | accuracy 82.8125 | mean_length 63.8188
09-20-21 22:50:57 - epoch 2 | global step 6840 | mode train | loss 0.3556 | accuracy 86.875 | mean_length 63.6625
09-20-21 22:52:45 - epoch 2 | global step 6850 | mode train | loss 0.3617 | accuracy 85.0 | mean_length 63.3
09-20-21 22:54:32 - epoch 2 | global step 6860 | mode train | loss 0.4746 | accuracy 81.875 | mean_length 63.2875
09-20-21 22:56:20 - epoch 2 | global step 6870 | mode train | loss 0.3692 | accuracy 85.3125 | mean_length 63.4594
09-20-21 22:58:07 - epoch 2 | global step 6880 | mode train | loss 0.3895 | accuracy 86.25 | mean_length 63.0969
09-20-21 22:59:55 - epoch 2 | global step 6890 | mode train | loss 0.3145 | accuracy 88.75 | mean_length 63.8406
09-20-21 23:01:42 - epoch 2 | global step 6900 | mode train | loss 0.4036 | accuracy 84.375 | mean_length 63.5094
09-20-21 23:03:30 - epoch 2 | global step 6910 | mode train | loss 0.3772 | accuracy 85.3125 | mean_length 63.4656
09-20-21 23:05:17 - epoch 2 | global step 6920 | mode train | loss 0.4297 | accuracy 83.125 | mean_length 64
09-20-21 23:07:05 - epoch 2 | global step 6930 | mode train | loss 0.4497 | accuracy 82.5 | mean_length 64
09-20-21 23:08:52 - epoch 2 | global step 6940 | mode train | loss 0.4166 | accuracy 82.8125 | mean_length 64
09-20-21 23:10:40 - epoch 2 | global step 6950 | mode train | loss 0.3193 | accuracy 89.375 | mean_length 64
09-20-21 23:12:28 - epoch 2 | global step 6960 | mode train | loss 0.3671 | accuracy 85.9375 | mean_length 64
09-20-21 23:14:15 - epoch 2 | global step 6970 | mode train | loss 0.3671 | accuracy 86.5625 | mean_length 64
09-20-21 23:16:03 - epoch 2 | global step 6980 | mode train | loss 0.4025 | accuracy 84.6875 | mean_length 64
09-20-21 23:17:51 - epoch 2 | global step 6990 | mode train | loss 0.4091 | accuracy 85.0 | mean_length 64
09-20-21 23:19:38 - epoch 2 | global step 7000 | mode train | loss 0.4963 | accuracy 79.6875 | mean_length 64
09-20-21 23:21:26 - epoch 2 | global step 7010 | mode train | loss 0.3773 | accuracy 85.9375 | mean_length 63.65
09-20-21 23:23:13 - epoch 2 | global step 7020 | mode train | loss 0.4426 | accuracy 83.4375 | mean_length 64
09-20-21 23:25:00 - epoch 2 | global step 7030 | mode train | loss 0.4237 | accuracy 85.0 | mean_length 63.8406
09-20-21 23:26:48 - epoch 2 | global step 7040 | mode train | loss 0.4121 | accuracy 84.375 | mean_length 64
09-20-21 23:28:35 - epoch 2 | global step 7050 | mode train | loss 0.4427 | accuracy 83.125 | mean_length 64
09-20-21 23:30:23 - epoch 2 | global step 7060 | mode train | loss 0.3862 | accuracy 84.375 | mean_length 63.8219
09-20-21 23:32:10 - epoch 2 | global step 7070 | mode train | loss 0.427 | accuracy 84.0625 | mean_length 64
09-20-21 23:33:58 - epoch 2 | global step 7080 | mode train | loss 0.3959 | accuracy 85.3125 | mean_length 64
09-20-21 23:35:45 - epoch 2 | global step 7090 | mode train | loss 0.4111 | accuracy 82.8125 | mean_length 63.6531
09-20-21 23:37:33 - epoch 2 | global step 7100 | mode train | loss 0.3257 | accuracy 88.4375 | mean_length 64
09-20-21 23:39:20 - epoch 2 | global step 7110 | mode train | loss 0.4359 | accuracy 82.5 | mean_length 64
09-20-21 23:41:08 - epoch 2 | global step 7120 | mode train | loss 0.4086 | accuracy 85.3125 | mean_length 64
09-20-21 23:42:55 - epoch 2 | global step 7130 | mode train | loss 0.3826 | accuracy 86.5625 | mean_length 63.8188
09-20-21 23:44:43 - epoch 2 | global step 7140 | mode train | loss 0.3518 | accuracy 87.5 | mean_length 64
09-20-21 23:46:30 - epoch 2 | global step 7150 | mode train | loss 0.4761 | accuracy 81.875 | mean_length 63.8312
09-20-21 23:48:18 - epoch 2 | global step 7160 | mode train | loss 0.4165 | accuracy 83.4375 | mean_length 64
09-20-21 23:59:17 - epoch 2 | global step 7168 | mode validation | loss 0.3849 | accuracy 84.74 | mean_length 63.9018
09-20-21 23:59:17 - Saving model to Output/accGrad4_mbart_BTen+zh-captions_lr9.0e-6_7distractors_maxstep8192_seed43
Epoch: 2, Prediction Accuracy: 84.74, Saved to Path: Output/accGrad4_mbart_BTen+zh-captions_lr9.0e-6_7distractors_maxstep8192_seed43
09-20-21 23:59:48 - epoch 2 | global step 7170 | mode train | loss 0.35 | accuracy 85.9375 | mean_length 63.6437
09-21-21 00:01:35 - epoch 2 | global step 7180 | mode train | loss 0.4202 | accuracy 82.5 | mean_length 63.8219
09-21-21 00:03:22 - epoch 2 | global step 7190 | mode train | loss 0.3804 | accuracy 83.125 | mean_length 64
09-21-21 00:05:10 - epoch 2 | global step 7200 | mode train | loss 0.3561 | accuracy 86.875 | mean_length 64
09-21-21 00:06:57 - epoch 2 | global step 7210 | mode train | loss 0.4838 | accuracy 82.1875 | mean_length 64
09-21-21 00:08:45 - epoch 2 | global step 7220 | mode train | loss 0.3643 | accuracy 86.875 | mean_length 64
09-21-21 00:10:32 - epoch 2 | global step 7230 | mode train | loss 0.4457 | accuracy 81.875 | mean_length 63.65
09-21-21 00:12:20 - epoch 2 | global step 7240 | mode train | loss 0.3541 | accuracy 84.6875 | mean_length 63.8344
09-21-21 00:14:08 - epoch 2 | global step 7250 | mode train | loss 0.3333 | accuracy 85.625 | mean_length 63.4688
09-21-21 00:15:55 - epoch 2 | global step 7260 | mode train | loss 0.3377 | accuracy 87.1875 | mean_length 63.8563
09-21-21 00:17:43 - epoch 2 | global step 7270 | mode train | loss 0.4445 | accuracy 85.3125 | mean_length 64
09-21-21 00:19:30 - epoch 2 | global step 7280 | mode train | loss 0.4222 | accuracy 84.375 | mean_length 63.6406
09-21-21 00:21:18 - epoch 2 | global step 7290 | mode train | loss 0.3953 | accuracy 86.5625 | mean_length 63.7
09-21-21 00:23:05 - epoch 2 | global step 7300 | mode train | loss 0.3976 | accuracy 84.0625 | mean_length 63.8188
09-21-21 00:24:53 - epoch 2 | global step 7310 | mode train | loss 0.3841 | accuracy 83.4375 | mean_length 63.8188
09-21-21 00:26:40 - epoch 2 | global step 7320 | mode train | loss 0.3968 | accuracy 86.875 | mean_length 63.8344
09-21-21 00:28:28 - epoch 2 | global step 7330 | mode train | loss 0.378 | accuracy 86.5625 | mean_length 63.825
09-21-21 00:30:15 - epoch 2 | global step 7340 | mode train | loss 0.3701 | accuracy 85.3125 | mean_length 63.4594
09-21-21 00:32:03 - epoch 2 | global step 7350 | mode train | loss 0.2878 | accuracy 91.875 | mean_length 63.6406
09-21-21 00:33:50 - epoch 2 | global step 7360 | mode train | loss 0.3692 | accuracy 85.0 | mean_length 63.3469
09-21-21 00:35:38 - epoch 2 | global step 7370 | mode train | loss 0.348 | accuracy 87.5 | mean_length 63.3281
09-21-21 00:37:25 - epoch 2 | global step 7380 | mode train | loss 0.3534 | accuracy 87.8125 | mean_length 63.6875
09-21-21 00:39:13 - epoch 2 | global step 7390 | mode train | loss 0.3581 | accuracy 84.6875 | mean_length 63.5656
09-21-21 00:41:00 - epoch 2 | global step 7400 | mode train | loss 0.3173 | accuracy 88.4375 | mean_length 63.6406
09-21-21 00:42:48 - epoch 2 | global step 7410 | mode train | loss 0.4161 | accuracy 81.875 | mean_length 63.6281
09-21-21 00:44:35 - epoch 2 | global step 7420 | mode train | loss 0.3939 | accuracy 84.375 | mean_length 63.8469
09-21-21 00:46:23 - epoch 2 | global step 7430 | mode train | loss 0.3438 | accuracy 86.875 | mean_length 63.1906
09-21-21 00:48:10 - epoch 2 | global step 7440 | mode train | loss 0.3695 | accuracy 87.1875 | mean_length 63.6219
09-21-21 00:49:58 - epoch 2 | global step 7450 | mode train | loss 0.3565 | accuracy 86.875 | mean_length 63.5094
09-21-21 00:51:45 - epoch 2 | global step 7460 | mode train | loss 0.4288 | accuracy 83.4375 | mean_length 63.3188
09-21-21 00:53:33 - epoch 2 | global step 7470 | mode train | loss 0.4282 | accuracy 83.125 | mean_length 63.8312
09-21-21 00:55:20 - epoch 2 | global step 7480 | mode train | loss 0.3747 | accuracy 84.0625 | mean_length 63.6469
09-21-21 00:57:08 - epoch 2 | global step 7490 | mode train | loss 0.3458 | accuracy 87.8125 | mean_length 63.6469
09-21-21 00:58:55 - epoch 2 | global step 7500 | mode train | loss 0.3432 | accuracy 87.5 | mean_length 63.6594
09-21-21 01:00:42 - epoch 2 | global step 7510 | mode train | loss 0.3188 | accuracy 88.4375 | mean_length 64
09-21-21 01:02:30 - epoch 2 | global step 7520 | mode train | loss 0.2945 | accuracy 89.375 | mean_length 63.6625
09-21-21 01:04:17 - epoch 2 | global step 7530 | mode train | loss 0.3578 | accuracy 87.8125 | mean_length 63.8188
09-21-21 01:06:05 - epoch 2 | global step 7540 | mode train | loss 0.3419 | accuracy 85.3125 | mean_length 63.6812
09-21-21 01:07:52 - epoch 2 | global step 7550 | mode train | loss 0.2884 | accuracy 87.1875 | mean_length 63.4719
09-21-21 01:09:40 - epoch 2 | global step 7560 | mode train | loss 0.3338 | accuracy 88.125 | mean_length 63.85
09-21-21 01:11:27 - epoch 2 | global step 7570 | mode train | loss 0.3704 | accuracy 85.3125 | mean_length 64
09-21-21 01:13:15 - epoch 2 | global step 7580 | mode train | loss 0.348 | accuracy 86.875 | mean_length 63.825
09-21-21 01:15:03 - epoch 2 | global step 7590 | mode train | loss 0.3809 | accuracy 84.0625 | mean_length 63.1156
09-21-21 01:16:50 - epoch 2 | global step 7600 | mode train | loss 0.2939 | accuracy 87.8125 | mean_length 62.8375
09-21-21 01:18:38 - epoch 2 | global step 7610 | mode train | loss 0.3896 | accuracy 85.0 | mean_length 62.9156
09-21-21 01:20:25 - epoch 2 | global step 7620 | mode train | loss 0.3519 | accuracy 86.25 | mean_length 62.9375
09-21-21 01:22:13 - epoch 2 | global step 7630 | mode train | loss 0.3423 | accuracy 87.8125 | mean_length 62.2594
09-21-21 01:24:00 - epoch 2 | global step 7640 | mode train | loss 0.4317 | accuracy 84.375 | mean_length 61.925
09-21-21 01:25:48 - epoch 2 | global step 7650 | mode train | loss 0.3893 | accuracy 85.9375 | mean_length 62.8687
09-21-21 01:27:35 - epoch 2 | global step 7660 | mode train | loss 0.4119 | accuracy 84.0625 | mean_length 61.7906
09-21-21 01:29:23 - epoch 2 | global step 7670 | mode train | loss 0.3607 | accuracy 86.5625 | mean_length 61.8438
09-21-21 01:31:10 - epoch 2 | global step 7680 | mode train | loss 0.3489 | accuracy 86.5625 | mean_length 63.075
09-21-21 01:40:43 - epoch 2 | global step 7680 | mode validation | loss 0.3774 | accuracy 85.74 | mean_length 63.1276
09-21-21 01:40:43 - Saving model to Output/accGrad4_mbart_BTen+zh-captions_lr9.0e-6_7distractors_maxstep8192_seed43
Epoch: 2, Prediction Accuracy: 85.74, Saved to Path: Output/accGrad4_mbart_BTen+zh-captions_lr9.0e-6_7distractors_maxstep8192_seed43
09-21-21 01:42:39 - epoch 2 | global step 7690 | mode train | loss 0.3749 | accuracy 87.5 | mean_length 62.1844
09-21-21 01:44:26 - epoch 2 | global step 7700 | mode train | loss 0.3625 | accuracy 84.375 | mean_length 62.625
09-21-21 01:46:14 - epoch 2 | global step 7710 | mode train | loss 0.3646 | accuracy 86.5625 | mean_length 62.7219
09-21-21 01:48:01 - epoch 2 | global step 7720 | mode train | loss 0.3502 | accuracy 85.9375 | mean_length 62.5406
09-21-21 01:49:49 - epoch 2 | global step 7730 | mode train | loss 0.2985 | accuracy 89.375 | mean_length 62.5969
09-21-21 01:51:36 - epoch 2 | global step 7740 | mode train | loss 0.3342 | accuracy 88.4375 | mean_length 62.35
09-21-21 01:53:24 - epoch 2 | global step 7750 | mode train | loss 0.3325 | accuracy 87.5 | mean_length 62.275
09-21-21 01:55:11 - epoch 2 | global step 7760 | mode train | loss 0.3866 | accuracy 84.0625 | mean_length 61.6281
09-21-21 01:56:58 - epoch 2 | global step 7770 | mode train | loss 0.36 | accuracy 87.5 | mean_length 62.5031
09-21-21 01:58:46 - epoch 2 | global step 7780 | mode train | loss 0.3253 | accuracy 88.75 | mean_length 62.6906
09-21-21 02:00:33 - epoch 2 | global step 7790 | mode train | loss 0.3447 | accuracy 88.75 | mean_length 62.7687
09-21-21 02:02:21 - epoch 2 | global step 7800 | mode train | loss 0.2913 | accuracy 88.75 | mean_length 62.6938
09-21-21 02:04:09 - epoch 2 | global step 7810 | mode train | loss 0.3104 | accuracy 86.875 | mean_length 62.5094
09-21-21 02:05:56 - epoch 2 | global step 7820 | mode train | loss 0.378 | accuracy 84.375 | mean_length 63.1031
09-21-21 02:07:44 - epoch 2 | global step 7830 | mode train | loss 0.3455 | accuracy 88.125 | mean_length 61.7875
09-21-21 02:09:31 - epoch 2 | global step 7840 | mode train | loss 0.3199 | accuracy 85.0 | mean_length 63.0906
09-21-21 02:11:19 - epoch 2 | global step 7850 | mode train | loss 0.4226 | accuracy 83.4375 | mean_length 62.1906
09-21-21 02:13:06 - epoch 2 | global step 7860 | mode train | loss 0.3299 | accuracy 87.5 | mean_length 61.5688
09-21-21 02:14:54 - epoch 2 | global step 7870 | mode train | loss 0.3705 | accuracy 87.8125 | mean_length 62.6875
09-21-21 02:16:42 - epoch 2 | global step 7880 | mode train | loss 0.3416 | accuracy 84.6875 | mean_length 62.8312
09-21-21 02:18:29 - epoch 2 | global step 7890 | mode train | loss 0.3413 | accuracy 85.625 | mean_length 62.3
09-21-21 02:20:17 - epoch 2 | global step 7900 | mode train | loss 0.277 | accuracy 90.9375 | mean_length 63.1969
09-21-21 02:22:04 - epoch 2 | global step 7910 | mode train | loss 0.3237 | accuracy 88.4375 | mean_length 61.8813
09-21-21 02:23:52 - epoch 2 | global step 7920 | mode train | loss 0.3517 | accuracy 86.5625 | mean_length 62.1625
09-21-21 02:25:39 - epoch 2 | global step 7930 | mode train | loss 0.347 | accuracy 85.0 | mean_length 62.45
09-21-21 02:27:27 - epoch 2 | global step 7940 | mode train | loss 0.2857 | accuracy 89.375 | mean_length 62.8469
09-21-21 02:29:14 - epoch 2 | global step 7950 | mode train | loss 0.3377 | accuracy 85.9375 | mean_length 62.2375
09-21-21 02:31:02 - epoch 2 | global step 7960 | mode train | loss 0.367 | accuracy 85.3125 | mean_length 62.3438
09-21-21 02:32:50 - epoch 2 | global step 7970 | mode train | loss 0.3884 | accuracy 84.6875 | mean_length 62.3844
09-21-21 02:34:37 - epoch 2 | global step 7980 | mode train | loss 0.3559 | accuracy 89.0625 | mean_length 62.8125
09-21-21 02:36:25 - epoch 2 | global step 7990 | mode train | loss 0.3686 | accuracy 87.8125 | mean_length 62.15
09-21-21 02:38:12 - epoch 2 | global step 8000 | mode train | loss 0.3719 | accuracy 88.75 | mean_length 62.1313
09-21-21 02:40:00 - epoch 2 | global step 8010 | mode train | loss 0.384 | accuracy 85.9375 | mean_length 63.1938
09-21-21 02:41:47 - epoch 2 | global step 8020 | mode train | loss 0.4856 | accuracy 81.25 | mean_length 63.7062
09-21-21 02:43:35 - epoch 2 | global step 8030 | mode train | loss 0.3864 | accuracy 86.5625 | mean_length 63.8656
09-21-21 02:45:22 - epoch 2 | global step 8040 | mode train | loss 0.3736 | accuracy 87.1875 | mean_length 63.9031
09-21-21 02:47:10 - epoch 2 | global step 8050 | mode train | loss 0.3602 | accuracy 86.5625 | mean_length 63.7625
09-21-21 02:48:57 - epoch 2 | global step 8060 | mode train | loss 0.4364 | accuracy 83.125 | mean_length 63.8719
09-21-21 02:50:45 - epoch 2 | global step 8070 | mode train | loss 0.4126 | accuracy 83.75 | mean_length 63.6531
09-21-21 02:52:32 - epoch 2 | global step 8080 | mode train | loss 0.3832 | accuracy 83.125 | mean_length 63.7125
09-21-21 02:54:20 - epoch 2 | global step 8090 | mode train | loss 0.3717 | accuracy 85.3125 | mean_length 64
09-21-21 02:56:07 - epoch 2 | global step 8100 | mode train | loss 0.3392 | accuracy 86.875 | mean_length 63.6844
09-21-21 02:57:55 - epoch 2 | global step 8110 | mode train | loss 0.35 | accuracy 86.5625 | mean_length 64
09-21-21 02:59:43 - epoch 2 | global step 8120 | mode train | loss 0.3631 | accuracy 86.875 | mean_length 63.9094
09-21-21 03:01:30 - epoch 2 | global step 8130 | mode train | loss 0.3766 | accuracy 84.375 | mean_length 63.9875
09-21-21 03:03:18 - epoch 2 | global step 8140 | mode train | loss 0.4105 | accuracy 84.6875 | mean_length 64
09-21-21 03:05:05 - epoch 2 | global step 8150 | mode train | loss 0.3376 | accuracy 88.4375 | mean_length 64
09-21-21 03:06:53 - epoch 2 | global step 8160 | mode train | loss 0.3341 | accuracy 87.5 | mean_length 64
09-21-21 03:08:40 - epoch 2 | global step 8170 | mode train | loss 0.3248 | accuracy 88.75 | mean_length 63.9406
09-21-21 03:10:28 - epoch 2 | global step 8180 | mode train | loss 0.4241 | accuracy 83.4375 | mean_length 63.8656
09-21-21 03:12:16 - epoch 2 | global step 8190 | mode train | loss 0.3631 | accuracy 86.25 | mean_length 63.8375
09-21-21 03:12:37 - Evaluate the following checkpoint: Output/accGrad4_mbart_BTen+zh-captions_lr9.0e-6_7distractors_maxstep8192_seed43/model.pt
09-21-21 03:24:09 - Best model stats: 
09-21-21 03:24:09 - epoch 0 | global step 0 | mode validation | loss 0.3793 | accuracy 85.68 | mean_length 63.1718
