==========================================
SLURM_JOB_ID = 5765094
SLURM_JOB_NODELIST = d13-03
TMPDIR = /tmp/SLURM_5765094
==========================================
/home1/zliu9986/communication-translation
09-03-21 17:20:55 - Dataset Loaded
09-03-21 17:20:55 - Configuration:
Namespace(TransferH=False, alpha=1.0, batch_size=8, beam_width=5, bidirectional=False, config='Configs/mbart_ec_noBT.yml', cpu=False, decode_how='beam', device=device(type='cuda'), do_eval=True, do_train=True, dropout=0.1, fix_bhd=False, fix_spk=False, grad_clip=1.0, gradient_accumulation_steps=4, hard=False, has_vocab_constraint=False, hidden_dim=512, image_dim=2048, lr=7.5e-06, max_global_step=8192, max_seq_length=64, mode='emergent_communication', model_name='Models/mbart-large-cc25', n_gpu=1, no_share_bhd=False, no_terminal=False, no_write=False, num_distractors_train=7, num_distractors_valid=7, num_games=30, num_layers=1, output_dir='Output/accGrad4_mbart_noBT_lr7.5e-6_7distractors_maxstep8192_seed42', print_every=10, save_output_txt=True, save_pretrain_seperately=True, seed=42, source_lang='en_XX', source_lang_vocab_constrain_file='/projects/unmt/communication-translation/en_cc_tokenID2count_dict.cc25.json', stats_to_print=['loss', 'accuracy', 'caption generation loss', 'image selection loss', 'mean_length'], target_acc=85.0, target_lang='zh_CN', target_lang_vocab_constrain_file='/projects/unmt/communication-translation/zh-Hans_cc_tokenID2count_dict.cc25.json', temp=1.0, temperature=1.0, train_images='./Data/ec_finetuning/images_train', two_ffwd=False, unit_norm=False, valid_every=512, valid_images='./Data/ec_finetuning/images_val', vocab_size=4035)
Sharing visual system for each agent.
09-03-21 17:31:05 - epoch 0 | global step 0 | mode validation | loss 3.3249 | accuracy 12.64 | mean_length 63.292
09-03-21 17:31:05 - Saving model to Output/accGrad4_mbart_noBT_lr7.5e-6_7distractors_maxstep8192_seed42
Epoch: 0, Prediction Accuracy: 12.64, Saved to Path: Output/accGrad4_mbart_noBT_lr7.5e-6_7distractors_maxstep8192_seed42
09-03-21 17:33:07 - epoch 0 | global step 10 | mode train | loss 2.7395 | accuracy 12.1875 | mean_length 56.2344
09-03-21 17:34:56 - epoch 0 | global step 20 | mode train | loss 2.3803 | accuracy 12.8125 | mean_length 60.8312
09-03-21 17:36:46 - epoch 0 | global step 30 | mode train | loss 2.3459 | accuracy 12.1875 | mean_length 62.1781
09-03-21 17:38:37 - epoch 0 | global step 40 | mode train | loss 2.2881 | accuracy 15.9375 | mean_length 62.8625
09-03-21 17:40:25 - epoch 0 | global step 50 | mode train | loss 2.3154 | accuracy 11.25 | mean_length 63.1469
09-03-21 17:42:13 - epoch 0 | global step 60 | mode train | loss 2.496 | accuracy 12.5 | mean_length 63.5812
09-03-21 17:44:02 - epoch 0 | global step 70 | mode train | loss 2.5627 | accuracy 13.4375 | mean_length 63.9094
09-03-21 17:45:53 - epoch 0 | global step 80 | mode train | loss 2.521 | accuracy 15.0 | mean_length 63.875
09-03-21 17:47:41 - epoch 0 | global step 90 | mode train | loss 2.5529 | accuracy 12.5 | mean_length 64
09-03-21 17:49:30 - epoch 0 | global step 100 | mode train | loss 2.5002 | accuracy 10.3125 | mean_length 63.9344
09-03-21 17:51:21 - epoch 0 | global step 110 | mode train | loss 2.4602 | accuracy 12.5 | mean_length 64
09-03-21 17:53:12 - epoch 0 | global step 120 | mode train | loss 2.3998 | accuracy 14.375 | mean_length 63.9875
09-03-21 17:55:03 - epoch 0 | global step 130 | mode train | loss 2.341 | accuracy 14.6875 | mean_length 64
09-03-21 17:56:55 - epoch 0 | global step 140 | mode train | loss 2.3881 | accuracy 10.3125 | mean_length 64
09-03-21 17:58:44 - epoch 0 | global step 150 | mode train | loss 2.319 | accuracy 11.875 | mean_length 64
09-03-21 18:00:34 - epoch 0 | global step 160 | mode train | loss 2.3753 | accuracy 14.0625 | mean_length 64
09-03-21 18:02:24 - epoch 0 | global step 170 | mode train | loss 2.242 | accuracy 14.375 | mean_length 64
09-03-21 18:04:12 - epoch 0 | global step 180 | mode train | loss 2.1806 | accuracy 15.0 | mean_length 64
09-03-21 18:06:09 - epoch 0 | global step 190 | mode train | loss 2.1675 | accuracy 12.8125 | mean_length 64
09-03-21 18:08:05 - epoch 0 | global step 200 | mode train | loss 2.1094 | accuracy 13.125 | mean_length 64
09-03-21 18:09:54 - epoch 0 | global step 210 | mode train | loss 2.116 | accuracy 13.125 | mean_length 64
09-03-21 18:11:50 - epoch 0 | global step 220 | mode train | loss 2.1057 | accuracy 13.125 | mean_length 64
09-03-21 18:13:47 - epoch 0 | global step 230 | mode train | loss 2.1026 | accuracy 12.5 | mean_length 63.9688
09-03-21 18:15:43 - epoch 0 | global step 240 | mode train | loss 2.1151 | accuracy 7.8125 | mean_length 64
09-03-21 18:17:32 - epoch 0 | global step 250 | mode train | loss 2.1049 | accuracy 13.4375 | mean_length 64
09-03-21 18:19:20 - epoch 0 | global step 260 | mode train | loss 2.0857 | accuracy 15.0 | mean_length 64
09-03-21 18:21:16 - epoch 0 | global step 270 | mode train | loss 2.0931 | accuracy 12.8125 | mean_length 64
09-03-21 18:23:13 - epoch 0 | global step 280 | mode train | loss 2.0941 | accuracy 11.25 | mean_length 64
09-03-21 18:25:10 - epoch 0 | global step 290 | mode train | loss 2.0784 | accuracy 14.6875 | mean_length 64
09-03-21 18:27:06 - epoch 0 | global step 300 | mode train | loss 2.08 | accuracy 12.8125 | mean_length 64
09-03-21 18:28:54 - epoch 0 | global step 310 | mode train | loss 2.0903 | accuracy 10.3125 | mean_length 64
09-03-21 18:30:50 - epoch 0 | global step 320 | mode train | loss 2.087 | accuracy 12.1875 | mean_length 64
09-03-21 18:32:47 - epoch 0 | global step 330 | mode train | loss 2.0803 | accuracy 14.6875 | mean_length 64
09-03-21 18:34:35 - epoch 0 | global step 340 | mode train | loss 2.0861 | accuracy 11.25 | mean_length 63.9875
09-03-21 18:36:23 - epoch 0 | global step 350 | mode train | loss 2.0907 | accuracy 11.25 | mean_length 64
09-03-21 18:38:19 - epoch 0 | global step 360 | mode train | loss 2.0819 | accuracy 13.125 | mean_length 64
09-03-21 18:40:16 - epoch 0 | global step 370 | mode train | loss 2.0864 | accuracy 13.4375 | mean_length 64
09-03-21 18:42:12 - epoch 0 | global step 380 | mode train | loss 2.0857 | accuracy 12.1875 | mean_length 64
09-03-21 18:44:00 - epoch 0 | global step 390 | mode train | loss 2.0924 | accuracy 11.5625 | mean_length 64
09-03-21 18:45:56 - epoch 0 | global step 400 | mode train | loss 2.0913 | accuracy 8.75 | mean_length 64
09-03-21 18:47:53 - epoch 0 | global step 410 | mode train | loss 2.0826 | accuracy 9.0625 | mean_length 64
09-03-21 18:49:41 - epoch 0 | global step 420 | mode train | loss 2.0814 | accuracy 11.25 | mean_length 64
09-03-21 18:51:37 - epoch 0 | global step 430 | mode train | loss 2.0826 | accuracy 13.125 | mean_length 64
09-03-21 18:53:34 - epoch 0 | global step 440 | mode train | loss 2.0899 | accuracy 10.625 | mean_length 64
09-03-21 18:55:23 - epoch 0 | global step 450 | mode train | loss 2.0797 | accuracy 13.4375 | mean_length 63.9125
09-03-21 18:57:11 - epoch 0 | global step 460 | mode train | loss 2.0838 | accuracy 13.125 | mean_length 64
09-03-21 18:58:59 - epoch 0 | global step 470 | mode train | loss 2.0845 | accuracy 12.5 | mean_length 64
09-03-21 19:00:46 - epoch 0 | global step 480 | mode train | loss 2.0741 | accuracy 15.625 | mean_length 64
09-03-21 19:02:43 - epoch 0 | global step 490 | mode train | loss 2.0729 | accuracy 14.6875 | mean_length 64
09-03-21 19:04:31 - epoch 0 | global step 500 | mode train | loss 2.0831 | accuracy 10.625 | mean_length 63.9281
09-03-21 19:06:28 - epoch 0 | global step 510 | mode train | loss 2.0731 | accuracy 15.3125 | mean_length 64
09-03-21 19:18:11 - epoch 0 | global step 512 | mode validation | loss 2.081 | accuracy 12.8 | mean_length 64
09-03-21 19:18:11 - Saving model to Output/accGrad4_mbart_noBT_lr7.5e-6_7distractors_maxstep8192_seed42
Epoch: 0, Prediction Accuracy: 12.8, Saved to Path: Output/accGrad4_mbart_noBT_lr7.5e-6_7distractors_maxstep8192_seed42
09-03-21 19:19:50 - epoch 0 | global step 520 | mode train | loss 2.0812 | accuracy 13.4375 | mean_length 64
09-03-21 19:21:41 - epoch 0 | global step 530 | mode train | loss 2.0734 | accuracy 13.75 | mean_length 64
09-03-21 19:23:40 - epoch 0 | global step 540 | mode train | loss 2.0792 | accuracy 14.375 | mean_length 63.9469
09-03-21 19:25:35 - epoch 0 | global step 550 | mode train | loss 2.0865 | accuracy 11.875 | mean_length 63.9594
09-03-21 19:27:25 - epoch 0 | global step 560 | mode train | loss 2.0743 | accuracy 16.875 | mean_length 64
09-03-21 19:29:13 - epoch 0 | global step 570 | mode train | loss 2.0813 | accuracy 10.625 | mean_length 64
09-03-21 19:31:02 - epoch 0 | global step 580 | mode train | loss 2.0929 | accuracy 9.0625 | mean_length 64
09-03-21 19:32:50 - epoch 0 | global step 590 | mode train | loss 2.0751 | accuracy 12.5 | mean_length 64
09-03-21 19:34:38 - epoch 0 | global step 600 | mode train | loss 2.0832 | accuracy 12.1875 | mean_length 64
09-03-21 19:36:27 - epoch 0 | global step 610 | mode train | loss 2.0773 | accuracy 12.1875 | mean_length 64
09-03-21 19:38:16 - epoch 0 | global step 620 | mode train | loss 2.0813 | accuracy 10.625 | mean_length 64
09-03-21 19:40:04 - epoch 0 | global step 630 | mode train | loss 2.0762 | accuracy 13.125 | mean_length 64
09-03-21 19:41:53 - epoch 0 | global step 640 | mode train | loss 2.0785 | accuracy 11.875 | mean_length 64
09-03-21 19:43:41 - epoch 0 | global step 650 | mode train | loss 2.0799 | accuracy 14.6875 | mean_length 64
09-03-21 19:45:29 - epoch 0 | global step 660 | mode train | loss 2.0959 | accuracy 8.75 | mean_length 64
09-03-21 19:47:17 - epoch 0 | global step 670 | mode train | loss 2.0774 | accuracy 14.375 | mean_length 64
09-03-21 19:49:05 - epoch 0 | global step 680 | mode train | loss 2.0797 | accuracy 13.125 | mean_length 64
09-03-21 19:50:54 - epoch 0 | global step 690 | mode train | loss 2.0786 | accuracy 11.875 | mean_length 64
09-03-21 19:52:44 - epoch 0 | global step 700 | mode train | loss 2.0838 | accuracy 9.375 | mean_length 64
09-03-21 19:54:34 - epoch 0 | global step 710 | mode train | loss 2.0873 | accuracy 8.4375 | mean_length 64
09-03-21 19:56:24 - epoch 0 | global step 720 | mode train | loss 2.0846 | accuracy 13.125 | mean_length 64
09-03-21 19:58:15 - epoch 0 | global step 730 | mode train | loss 2.083 | accuracy 12.1875 | mean_length 64
09-03-21 20:00:05 - epoch 0 | global step 740 | mode train | loss 2.0801 | accuracy 13.125 | mean_length 64
09-03-21 20:01:53 - epoch 0 | global step 750 | mode train | loss 2.0828 | accuracy 10.0 | mean_length 64
09-03-21 20:03:41 - epoch 0 | global step 760 | mode train | loss 2.077 | accuracy 13.125 | mean_length 64
09-03-21 20:05:29 - epoch 0 | global step 770 | mode train | loss 2.082 | accuracy 14.375 | mean_length 64
09-03-21 20:07:17 - epoch 0 | global step 780 | mode train | loss 2.0804 | accuracy 11.5625 | mean_length 64
09-03-21 20:09:06 - epoch 0 | global step 790 | mode train | loss 2.0745 | accuracy 13.4375 | mean_length 64
09-03-21 20:10:54 - epoch 0 | global step 800 | mode train | loss 2.0751 | accuracy 12.8125 | mean_length 64
09-03-21 20:12:42 - epoch 0 | global step 810 | mode train | loss 2.0897 | accuracy 8.4375 | mean_length 64
09-03-21 20:14:30 - epoch 0 | global step 820 | mode train | loss 2.0814 | accuracy 11.25 | mean_length 64
09-03-21 20:16:18 - epoch 0 | global step 830 | mode train | loss 2.0732 | accuracy 14.0625 | mean_length 64
09-03-21 20:18:05 - epoch 0 | global step 840 | mode train | loss 2.0791 | accuracy 10.625 | mean_length 64
09-03-21 20:19:52 - epoch 0 | global step 850 | mode train | loss 2.0795 | accuracy 13.4375 | mean_length 64
09-03-21 20:21:40 - epoch 0 | global step 860 | mode train | loss 2.0697 | accuracy 15.625 | mean_length 64
09-03-21 20:23:32 - epoch 0 | global step 870 | mode train | loss 2.0801 | accuracy 12.1875 | mean_length 64
09-03-21 20:25:29 - epoch 0 | global step 880 | mode train | loss 2.0815 | accuracy 16.25 | mean_length 64
09-03-21 20:27:23 - epoch 0 | global step 890 | mode train | loss 2.0716 | accuracy 10.3125 | mean_length 64
09-03-21 20:29:11 - epoch 0 | global step 900 | mode train | loss 2.0815 | accuracy 13.4375 | mean_length 64
09-03-21 20:30:58 - epoch 0 | global step 910 | mode train | loss 2.0704 | accuracy 12.1875 | mean_length 64
09-03-21 20:32:54 - epoch 0 | global step 920 | mode train | loss 2.0735 | accuracy 11.5625 | mean_length 64
09-03-21 20:34:41 - epoch 0 | global step 930 | mode train | loss 2.0641 | accuracy 13.125 | mean_length 64
09-03-21 20:36:29 - epoch 0 | global step 940 | mode train | loss 2.0638 | accuracy 13.125 | mean_length 64
09-03-21 20:38:25 - epoch 0 | global step 950 | mode train | loss 2.0599 | accuracy 12.8125 | mean_length 64
09-03-21 20:40:22 - epoch 0 | global step 960 | mode train | loss 2.0505 | accuracy 15.3125 | mean_length 64
09-03-21 20:42:09 - epoch 0 | global step 970 | mode train | loss 2.0688 | accuracy 12.1875 | mean_length 64
09-03-21 20:44:02 - epoch 0 | global step 980 | mode train | loss 2.0828 | accuracy 10.9375 | mean_length 64
09-03-21 20:45:58 - epoch 0 | global step 990 | mode train | loss 2.0801 | accuracy 11.875 | mean_length 64
09-03-21 20:47:46 - epoch 0 | global step 1000 | mode train | loss 2.0756 | accuracy 13.125 | mean_length 64
09-03-21 20:49:43 - epoch 0 | global step 1010 | mode train | loss 2.077 | accuracy 14.0625 | mean_length 64
09-03-21 20:51:39 - epoch 0 | global step 1020 | mode train | loss 2.0869 | accuracy 9.0625 | mean_length 64
09-03-21 21:02:01 - epoch 0 | global step 1024 | mode validation | loss 2.0803 | accuracy 12.34 | mean_length 64
09-03-21 21:02:01 - Saving model to Output/accGrad4_mbart_noBT_lr7.5e-6_7distractors_maxstep8192_seed42
Epoch: 0, Prediction Accuracy: 12.34, Saved to Path: Output/accGrad4_mbart_noBT_lr7.5e-6_7distractors_maxstep8192_seed42
09-03-21 21:03:16 - epoch 0 | global step 1030 | mode train | loss 2.0821 | accuracy 12.8125 | mean_length 64
09-03-21 21:05:12 - epoch 0 | global step 1040 | mode train | loss 2.081 | accuracy 11.875 | mean_length 64
09-03-21 21:06:59 - epoch 0 | global step 1050 | mode train | loss 2.0795 | accuracy 14.375 | mean_length 64
09-03-21 21:08:56 - epoch 0 | global step 1060 | mode train | loss 2.0814 | accuracy 14.375 | mean_length 64
09-03-21 21:10:52 - epoch 0 | global step 1070 | mode train | loss 2.084 | accuracy 10.625 | mean_length 64
09-03-21 21:12:40 - epoch 0 | global step 1080 | mode train | loss 2.0747 | accuracy 13.4375 | mean_length 64
09-03-21 21:14:27 - epoch 0 | global step 1090 | mode train | loss 2.0797 | accuracy 11.5625 | mean_length 64
09-03-21 21:16:17 - epoch 0 | global step 1100 | mode train | loss 2.0829 | accuracy 10.3125 | mean_length 64
09-03-21 21:18:13 - epoch 0 | global step 1110 | mode train | loss 2.077 | accuracy 13.4375 | mean_length 64
09-03-21 21:20:01 - epoch 0 | global step 1120 | mode train | loss 2.0755 | accuracy 15.0 | mean_length 64
09-03-21 21:21:53 - epoch 0 | global step 1130 | mode train | loss 2.085 | accuracy 9.0625 | mean_length 64
09-03-21 21:23:41 - epoch 0 | global step 1140 | mode train | loss 2.0772 | accuracy 11.5625 | mean_length 64
09-03-21 21:25:37 - epoch 0 | global step 1150 | mode train | loss 2.0755 | accuracy 14.0625 | mean_length 64
09-03-21 21:27:25 - epoch 0 | global step 1160 | mode train | loss 2.0742 | accuracy 13.125 | mean_length 64
09-03-21 21:29:16 - epoch 0 | global step 1170 | mode train | loss 2.0755 | accuracy 10.0 | mean_length 64
09-03-21 21:31:06 - epoch 0 | global step 1180 | mode train | loss 2.0747 | accuracy 15.9375 | mean_length 64
09-03-21 21:32:56 - epoch 0 | global step 1190 | mode train | loss 2.0795 | accuracy 14.0625 | mean_length 64
09-03-21 21:34:46 - epoch 0 | global step 1200 | mode train | loss 2.0768 | accuracy 13.4375 | mean_length 64
09-03-21 21:36:37 - epoch 0 | global step 1210 | mode train | loss 2.0835 | accuracy 13.4375 | mean_length 64
09-03-21 21:38:27 - epoch 0 | global step 1220 | mode train | loss 2.086 | accuracy 12.1875 | mean_length 64
09-03-21 21:40:16 - epoch 0 | global step 1230 | mode train | loss 2.0768 | accuracy 11.25 | mean_length 64
09-03-21 21:42:04 - epoch 0 | global step 1240 | mode train | loss 2.0783 | accuracy 11.875 | mean_length 64
09-03-21 21:43:53 - epoch 0 | global step 1250 | mode train | loss 2.0735 | accuracy 13.125 | mean_length 64
09-03-21 21:45:41 - epoch 0 | global step 1260 | mode train | loss 2.0726 | accuracy 14.375 | mean_length 64
09-03-21 21:47:30 - epoch 0 | global step 1270 | mode train | loss 2.0793 | accuracy 10.625 | mean_length 64
09-03-21 21:49:20 - epoch 0 | global step 1280 | mode train | loss 2.0742 | accuracy 13.4375 | mean_length 64
09-03-21 21:51:09 - epoch 0 | global step 1290 | mode train | loss 2.0762 | accuracy 10.3125 | mean_length 64
09-03-21 21:52:58 - epoch 0 | global step 1300 | mode train | loss 2.0812 | accuracy 10.625 | mean_length 64
09-03-21 21:54:48 - epoch 0 | global step 1310 | mode train | loss 2.0788 | accuracy 13.125 | mean_length 64
09-03-21 21:56:36 - epoch 0 | global step 1320 | mode train | loss 2.0749 | accuracy 11.5625 | mean_length 64
09-03-21 21:58:24 - epoch 0 | global step 1330 | mode train | loss 2.0761 | accuracy 13.4375 | mean_length 64
09-03-21 22:00:12 - epoch 0 | global step 1340 | mode train | loss 2.075 | accuracy 13.75 | mean_length 64
09-03-21 22:02:00 - epoch 0 | global step 1350 | mode train | loss 2.0759 | accuracy 14.375 | mean_length 64
09-03-21 22:03:48 - epoch 0 | global step 1360 | mode train | loss 2.0788 | accuracy 11.25 | mean_length 64
09-03-21 22:05:35 - epoch 0 | global step 1370 | mode train | loss 2.086 | accuracy 9.375 | mean_length 64
09-03-21 22:07:22 - epoch 0 | global step 1380 | mode train | loss 2.0881 | accuracy 13.75 | mean_length 64
09-03-21 22:09:09 - epoch 0 | global step 1390 | mode train | loss 2.0684 | accuracy 11.25 | mean_length 64
09-03-21 22:10:59 - epoch 0 | global step 1400 | mode train | loss 2.0762 | accuracy 10.3125 | mean_length 64
09-03-21 22:12:49 - epoch 0 | global step 1410 | mode train | loss 2.0792 | accuracy 15.0 | mean_length 64
09-03-21 22:14:39 - epoch 0 | global step 1420 | mode train | loss 2.0816 | accuracy 13.75 | mean_length 64
09-03-21 22:16:27 - epoch 0 | global step 1430 | mode train | loss 2.0805 | accuracy 11.5625 | mean_length 64
09-03-21 22:18:17 - epoch 0 | global step 1440 | mode train | loss 2.0767 | accuracy 16.875 | mean_length 64
09-03-21 22:20:08 - epoch 0 | global step 1450 | mode train | loss 2.0817 | accuracy 10.0 | mean_length 64
09-03-21 22:21:58 - epoch 0 | global step 1460 | mode train | loss 2.0817 | accuracy 11.25 | mean_length 64
09-03-21 22:23:47 - epoch 0 | global step 1470 | mode train | loss 2.0789 | accuracy 13.4375 | mean_length 64
09-03-21 22:25:35 - epoch 0 | global step 1480 | mode train | loss 2.083 | accuracy 10.3125 | mean_length 64
09-03-21 22:27:24 - epoch 0 | global step 1490 | mode train | loss 2.0797 | accuracy 13.4375 | mean_length 64
09-03-21 22:29:12 - epoch 0 | global step 1500 | mode train | loss 2.0807 | accuracy 12.1875 | mean_length 64
09-03-21 22:31:01 - epoch 0 | global step 1510 | mode train | loss 2.0806 | accuracy 11.875 | mean_length 64
09-03-21 22:32:52 - epoch 0 | global step 1520 | mode train | loss 2.0774 | accuracy 14.0625 | mean_length 64
09-03-21 22:34:42 - epoch 0 | global step 1530 | mode train | loss 2.0818 | accuracy 11.5625 | mean_length 64
09-03-21 22:45:22 - epoch 0 | global step 1536 | mode validation | loss 2.0798 | accuracy 12.4 | mean_length 64
09-03-21 22:45:22 - Saving model to Output/accGrad4_mbart_noBT_lr7.5e-6_7distractors_maxstep8192_seed42
Epoch: 0, Prediction Accuracy: 12.4, Saved to Path: Output/accGrad4_mbart_noBT_lr7.5e-6_7distractors_maxstep8192_seed42
09-03-21 22:46:15 - epoch 0 | global step 1540 | mode train | loss 2.0786 | accuracy 11.25 | mean_length 64
09-03-21 22:48:04 - epoch 0 | global step 1550 | mode train | loss 2.079 | accuracy 15.625 | mean_length 64
09-03-21 22:49:54 - epoch 0 | global step 1560 | mode train | loss 2.0794 | accuracy 11.25 | mean_length 64
09-03-21 22:51:45 - epoch 0 | global step 1570 | mode train | loss 2.0758 | accuracy 15.625 | mean_length 64
09-03-21 22:53:35 - epoch 0 | global step 1580 | mode train | loss 2.0778 | accuracy 13.4375 | mean_length 64
09-03-21 22:55:25 - epoch 0 | global step 1590 | mode train | loss 2.0828 | accuracy 12.8125 | mean_length 64
09-03-21 22:57:16 - epoch 0 | global step 1600 | mode train | loss 2.0816 | accuracy 9.375 | mean_length 64
09-03-21 22:59:04 - epoch 0 | global step 1610 | mode train | loss 2.0812 | accuracy 11.875 | mean_length 64
09-03-21 23:00:54 - epoch 0 | global step 1620 | mode train | loss 2.0762 | accuracy 15.0 | mean_length 64
09-03-21 23:02:45 - epoch 0 | global step 1630 | mode train | loss 2.0843 | accuracy 12.8125 | mean_length 64
09-03-21 23:04:35 - epoch 0 | global step 1640 | mode train | loss 2.0773 | accuracy 15.3125 | mean_length 64
09-03-21 23:06:25 - epoch 0 | global step 1650 | mode train | loss 2.0803 | accuracy 12.5 | mean_length 64
09-03-21 23:08:16 - epoch 0 | global step 1660 | mode train | loss 2.0869 | accuracy 10.3125 | mean_length 64
09-03-21 23:10:06 - epoch 0 | global step 1670 | mode train | loss 2.0781 | accuracy 15.3125 | mean_length 64
09-03-21 23:11:56 - epoch 0 | global step 1680 | mode train | loss 2.081 | accuracy 10.9375 | mean_length 64
09-03-21 23:13:47 - epoch 0 | global step 1690 | mode train | loss 2.0789 | accuracy 13.4375 | mean_length 64
09-03-21 23:15:35 - epoch 0 | global step 1700 | mode train | loss 2.0787 | accuracy 9.0625 | mean_length 64
09-03-21 23:17:24 - epoch 0 | global step 1710 | mode train | loss 2.0842 | accuracy 10.9375 | mean_length 64
09-03-21 23:19:12 - epoch 0 | global step 1720 | mode train | loss 2.0817 | accuracy 13.125 | mean_length 64
09-03-21 23:21:00 - epoch 0 | global step 1730 | mode train | loss 2.0798 | accuracy 12.8125 | mean_length 64
09-03-21 23:22:48 - epoch 0 | global step 1740 | mode train | loss 2.0817 | accuracy 9.375 | mean_length 64
09-03-21 23:24:39 - epoch 0 | global step 1750 | mode train | loss 2.0788 | accuracy 12.8125 | mean_length 64
09-03-21 23:26:29 - epoch 0 | global step 1760 | mode train | loss 2.0813 | accuracy 11.25 | mean_length 64
09-03-21 23:28:16 - epoch 0 | global step 1770 | mode train | loss 2.079 | accuracy 16.5625 | mean_length 64
09-03-21 23:30:05 - epoch 0 | global step 1780 | mode train | loss 2.0779 | accuracy 11.5625 | mean_length 64
09-03-21 23:31:56 - epoch 0 | global step 1790 | mode train | loss 2.0838 | accuracy 13.125 | mean_length 64
09-03-21 23:33:46 - epoch 0 | global step 1800 | mode train | loss 2.0804 | accuracy 14.375 | mean_length 64
09-03-21 23:35:36 - epoch 0 | global step 1810 | mode train | loss 2.0773 | accuracy 15.0 | mean_length 64
09-03-21 23:37:26 - epoch 0 | global step 1820 | mode train | loss 2.0834 | accuracy 13.125 | mean_length 64
09-03-21 23:39:16 - epoch 0 | global step 1830 | mode train | loss 2.0799 | accuracy 12.8125 | mean_length 64
09-03-21 23:41:05 - epoch 0 | global step 1840 | mode train | loss 2.0769 | accuracy 12.5 | mean_length 64
09-03-21 23:42:53 - epoch 0 | global step 1850 | mode train | loss 2.0806 | accuracy 10.9375 | mean_length 64
09-03-21 23:44:47 - epoch 0 | global step 1860 | mode train | loss 2.0806 | accuracy 12.5 | mean_length 64
09-03-21 23:46:35 - epoch 0 | global step 1870 | mode train | loss 2.0819 | accuracy 11.875 | mean_length 64
09-03-21 23:48:22 - epoch 0 | global step 1880 | mode train | loss 2.0801 | accuracy 11.25 | mean_length 64
09-03-21 23:50:10 - epoch 0 | global step 1890 | mode train | loss 2.0791 | accuracy 12.8125 | mean_length 64
09-03-21 23:51:57 - epoch 0 | global step 1900 | mode train | loss 2.082 | accuracy 12.5 | mean_length 64
09-03-21 23:53:45 - epoch 0 | global step 1910 | mode train | loss 2.0795 | accuracy 13.4375 | mean_length 64
09-03-21 23:55:32 - epoch 0 | global step 1920 | mode train | loss 2.0772 | accuracy 11.5625 | mean_length 64
09-03-21 23:57:19 - epoch 0 | global step 1930 | mode train | loss 2.0793 | accuracy 12.5 | mean_length 64
09-03-21 23:59:06 - epoch 0 | global step 1940 | mode train | loss 2.0778 | accuracy 14.6875 | mean_length 64
09-04-21 00:00:53 - epoch 0 | global step 1950 | mode train | loss 2.083 | accuracy 11.875 | mean_length 64
09-04-21 00:02:41 - epoch 0 | global step 1960 | mode train | loss 2.0794 | accuracy 12.8125 | mean_length 64
09-04-21 00:04:30 - epoch 0 | global step 1970 | mode train | loss 2.0817 | accuracy 13.4375 | mean_length 64
09-04-21 00:06:19 - epoch 0 | global step 1980 | mode train | loss 2.085 | accuracy 10.0 | mean_length 64
09-04-21 00:08:09 - epoch 0 | global step 1990 | mode train | loss 2.0818 | accuracy 11.875 | mean_length 64
09-04-21 00:10:00 - epoch 0 | global step 2000 | mode train | loss 2.0813 | accuracy 11.25 | mean_length 64
09-04-21 00:11:48 - epoch 0 | global step 2010 | mode train | loss 2.0772 | accuracy 16.25 | mean_length 64
09-04-21 00:13:39 - epoch 0 | global step 2020 | mode train | loss 2.0836 | accuracy 8.4375 | mean_length 64
09-04-21 00:15:29 - epoch 0 | global step 2030 | mode train | loss 2.0816 | accuracy 10.9375 | mean_length 64
09-04-21 00:17:17 - epoch 0 | global step 2040 | mode train | loss 2.0839 | accuracy 10.0 | mean_length 64
09-04-21 00:28:22 - epoch 0 | global step 2048 | mode validation | loss 2.0799 | accuracy 12.44 | mean_length 64
09-04-21 00:28:44 - epoch 0 | global step 2050 | mode train | loss 2.0775 | accuracy 13.75 | mean_length 64
09-04-21 00:30:35 - epoch 0 | global step 2060 | mode train | loss 2.0766 | accuracy 16.875 | mean_length 64
09-04-21 00:32:22 - epoch 0 | global step 2070 | mode train | loss 2.0787 | accuracy 12.5 | mean_length 64
09-04-21 00:34:09 - epoch 0 | global step 2080 | mode train | loss 2.0769 | accuracy 13.125 | mean_length 64
09-04-21 00:35:57 - epoch 0 | global step 2090 | mode train | loss 2.0805 | accuracy 11.5625 | mean_length 64
09-04-21 00:37:44 - epoch 0 | global step 2100 | mode train | loss 2.0809 | accuracy 10.625 | mean_length 64
09-04-21 00:39:31 - epoch 0 | global step 2110 | mode train | loss 2.0808 | accuracy 13.4375 | mean_length 64
09-04-21 00:41:19 - epoch 0 | global step 2120 | mode train | loss 2.082 | accuracy 10.9375 | mean_length 64
09-04-21 00:43:07 - epoch 0 | global step 2130 | mode train | loss 2.0792 | accuracy 15.3125 | mean_length 64
09-04-21 00:44:57 - epoch 0 | global step 2140 | mode train | loss 2.0785 | accuracy 10.9375 | mean_length 64
09-04-21 00:46:48 - epoch 0 | global step 2150 | mode train | loss 2.0794 | accuracy 14.0625 | mean_length 64
09-04-21 00:48:38 - epoch 0 | global step 2160 | mode train | loss 2.0788 | accuracy 15.3125 | mean_length 64
09-04-21 00:50:29 - epoch 0 | global step 2170 | mode train | loss 2.0777 | accuracy 12.1875 | mean_length 64
09-04-21 00:52:18 - epoch 0 | global step 2180 | mode train | loss 2.0793 | accuracy 12.1875 | mean_length 64
09-04-21 00:54:05 - epoch 0 | global step 2190 | mode train | loss 2.0808 | accuracy 10.625 | mean_length 64
09-04-21 00:55:52 - epoch 0 | global step 2200 | mode train | loss 2.0788 | accuracy 15.625 | mean_length 64
09-04-21 00:57:39 - epoch 0 | global step 2210 | mode train | loss 2.0783 | accuracy 14.6875 | mean_length 64
09-04-21 00:59:26 - epoch 0 | global step 2220 | mode train | loss 2.0782 | accuracy 14.375 | mean_length 64
09-04-21 01:01:14 - epoch 0 | global step 2230 | mode train | loss 2.0811 | accuracy 12.5 | mean_length 64
09-04-21 01:03:01 - epoch 0 | global step 2240 | mode train | loss 2.0824 | accuracy 10.0 | mean_length 64
09-04-21 01:04:48 - epoch 0 | global step 2250 | mode train | loss 2.0774 | accuracy 14.375 | mean_length 64
09-04-21 01:06:35 - epoch 0 | global step 2260 | mode train | loss 2.0775 | accuracy 14.0625 | mean_length 64
09-04-21 01:08:22 - epoch 0 | global step 2270 | mode train | loss 2.0803 | accuracy 12.1875 | mean_length 64
09-04-21 01:10:10 - epoch 0 | global step 2280 | mode train | loss 2.0822 | accuracy 11.5625 | mean_length 64
09-04-21 01:11:59 - epoch 0 | global step 2290 | mode train | loss 2.0799 | accuracy 13.4375 | mean_length 64
09-04-21 01:13:48 - epoch 0 | global step 2300 | mode train | loss 2.0792 | accuracy 12.5 | mean_length 64
09-04-21 01:15:37 - epoch 0 | global step 2310 | mode train | loss 2.0829 | accuracy 12.5 | mean_length 64
09-04-21 01:17:26 - epoch 0 | global step 2320 | mode train | loss 2.0779 | accuracy 15.0 | mean_length 64
09-04-21 01:19:14 - epoch 0 | global step 2330 | mode train | loss 2.0807 | accuracy 13.4375 | mean_length 64
09-04-21 01:21:01 - epoch 0 | global step 2340 | mode train | loss 2.0765 | accuracy 14.6875 | mean_length 64
09-04-21 01:22:48 - epoch 0 | global step 2350 | mode train | loss 2.0779 | accuracy 14.6875 | mean_length 64
09-04-21 01:24:35 - epoch 0 | global step 2360 | mode train | loss 2.0783 | accuracy 11.875 | mean_length 64
09-04-21 01:26:23 - epoch 0 | global step 2370 | mode train | loss 2.0782 | accuracy 13.75 | mean_length 64
09-04-21 01:28:10 - epoch 0 | global step 2380 | mode train | loss 2.08 | accuracy 15.0 | mean_length 64
09-04-21 01:29:57 - epoch 0 | global step 2390 | mode train | loss 2.0819 | accuracy 9.375 | mean_length 64
09-04-21 01:31:44 - epoch 0 | global step 2400 | mode train | loss 2.081 | accuracy 8.75 | mean_length 64
09-04-21 01:33:33 - epoch 0 | global step 2410 | mode train | loss 2.0779 | accuracy 16.5625 | mean_length 64
09-04-21 01:35:24 - epoch 0 | global step 2420 | mode train | loss 2.079 | accuracy 12.5 | mean_length 64
09-04-21 01:37:14 - epoch 0 | global step 2430 | mode train | loss 2.0793 | accuracy 11.875 | mean_length 64
09-04-21 01:39:05 - epoch 0 | global step 2440 | mode train | loss 2.0807 | accuracy 12.8125 | mean_length 64
09-04-21 01:40:54 - epoch 0 | global step 2450 | mode train | loss 2.0791 | accuracy 12.8125 | mean_length 64
09-04-21 01:42:44 - epoch 0 | global step 2460 | mode train | loss 2.079 | accuracy 15.0 | mean_length 64
09-04-21 01:44:35 - epoch 0 | global step 2470 | mode train | loss 2.0806 | accuracy 9.6875 | mean_length 64
09-04-21 01:46:26 - epoch 0 | global step 2480 | mode train | loss 2.0807 | accuracy 14.375 | mean_length 64
09-04-21 01:48:16 - epoch 0 | global step 2490 | mode train | loss 2.0817 | accuracy 11.25 | mean_length 64
09-04-21 01:50:13 - epoch 0 | global step 2500 | mode train | loss 2.0802 | accuracy 11.875 | mean_length 64
09-04-21 01:52:09 - epoch 0 | global step 2510 | mode train | loss 2.0791 | accuracy 11.25 | mean_length 64
09-04-21 01:53:57 - epoch 0 | global step 2520 | mode train | loss 2.0796 | accuracy 12.8125 | mean_length 64
09-04-21 01:55:54 - epoch 0 | global step 2530 | mode train | loss 2.0784 | accuracy 13.75 | mean_length 64
09-04-21 01:57:45 - epoch 0 | global step 2540 | mode train | loss 2.0808 | accuracy 10.3125 | mean_length 64
09-04-21 01:59:33 - epoch 0 | global step 2550 | mode train | loss 2.0789 | accuracy 12.1875 | mean_length 64
09-04-21 02:01:29 - epoch 0 | global step 2560 | mode train | loss 2.081 | accuracy 10.3125 | mean_length 64
09-04-21 02:12:49 - epoch 0 | global step 2560 | mode validation | loss 2.08 | accuracy 11.64 | mean_length 64
09-04-21 02:14:45 - epoch 0 | global step 2570 | mode train | loss 2.0818 | accuracy 12.1875 | mean_length 64
09-04-21 02:16:37 - epoch 0 | global step 2580 | mode train | loss 2.0833 | accuracy 9.375 | mean_length 64
09-04-21 02:18:30 - epoch 0 | global step 2590 | mode train | loss 2.0788 | accuracy 13.125 | mean_length 64
09-04-21 02:20:26 - epoch 0 | global step 2600 | mode train | loss 2.0804 | accuracy 10.0 | mean_length 64
09-04-21 02:22:23 - epoch 0 | global step 2610 | mode train | loss 2.0783 | accuracy 14.0625 | mean_length 64
09-04-21 02:24:20 - epoch 0 | global step 2620 | mode train | loss 2.0799 | accuracy 11.5625 | mean_length 64
09-04-21 02:26:16 - epoch 0 | global step 2630 | mode train | loss 2.0807 | accuracy 14.6875 | mean_length 64
09-04-21 02:28:13 - epoch 0 | global step 2640 | mode train | loss 2.0823 | accuracy 11.5625 | mean_length 64
09-04-21 02:30:01 - epoch 0 | global step 2650 | mode train | loss 2.0807 | accuracy 10.625 | mean_length 64
09-04-21 02:31:57 - epoch 0 | global step 2660 | mode train | loss 2.0841 | accuracy 12.1875 | mean_length 64
09-04-21 02:33:54 - epoch 0 | global step 2670 | mode train | loss 2.0781 | accuracy 15.625 | mean_length 64
09-04-21 02:35:50 - epoch 0 | global step 2680 | mode train | loss 2.0789 | accuracy 10.0 | mean_length 64
09-04-21 02:37:47 - epoch 0 | global step 2690 | mode train | loss 2.0799 | accuracy 13.75 | mean_length 64
09-04-21 02:39:43 - epoch 0 | global step 2700 | mode train | loss 2.0828 | accuracy 10.625 | mean_length 64
09-04-21 02:41:31 - epoch 0 | global step 2710 | mode train | loss 2.0794 | accuracy 10.3125 | mean_length 64
09-04-21 02:43:18 - epoch 0 | global step 2720 | mode train | loss 2.0795 | accuracy 12.1875 | mean_length 64
09-04-21 02:45:11 - epoch 0 | global step 2730 | mode train | loss 2.0775 | accuracy 12.8125 | mean_length 64
09-04-21 02:47:08 - epoch 0 | global step 2740 | mode train | loss 2.0783 | accuracy 12.8125 | mean_length 64
09-04-21 02:49:04 - epoch 0 | global step 2750 | mode train | loss 2.0812 | accuracy 10.9375 | mean_length 64
09-04-21 02:51:01 - epoch 0 | global step 2760 | mode train | loss 2.0775 | accuracy 15.625 | mean_length 64
09-04-21 02:52:58 - epoch 0 | global step 2770 | mode train | loss 2.0785 | accuracy 15.625 | mean_length 64
09-04-21 02:54:55 - epoch 0 | global step 2780 | mode train | loss 2.0776 | accuracy 14.6875 | mean_length 64
09-04-21 02:56:45 - epoch 0 | global step 2790 | mode train | loss 2.0754 | accuracy 14.6875 | mean_length 64
09-04-21 02:58:35 - epoch 0 | global step 2800 | mode train | loss 2.0801 | accuracy 13.125 | mean_length 64
09-04-21 03:00:22 - epoch 0 | global step 2810 | mode train | loss 2.0809 | accuracy 11.5625 | mean_length 64
09-04-21 03:02:10 - epoch 0 | global step 2820 | mode train | loss 2.0823 | accuracy 10.0 | mean_length 64
09-04-21 03:04:00 - epoch 0 | global step 2830 | mode train | loss 2.0798 | accuracy 13.125 | mean_length 64
09-04-21 03:05:50 - epoch 0 | global step 2840 | mode train | loss 2.0803 | accuracy 10.625 | mean_length 64
09-04-21 03:07:40 - epoch 0 | global step 2850 | mode train | loss 2.0777 | accuracy 14.375 | mean_length 64
09-04-21 03:09:28 - epoch 0 | global step 2860 | mode train | loss 2.0768 | accuracy 14.6875 | mean_length 64
09-04-21 03:11:16 - epoch 0 | global step 2870 | mode train | loss 2.0795 | accuracy 13.4375 | mean_length 64
09-04-21 03:13:05 - epoch 0 | global step 2880 | mode train | loss 2.0815 | accuracy 10.0 | mean_length 64
09-04-21 03:14:54 - epoch 0 | global step 2890 | mode train | loss 2.0803 | accuracy 12.5 | mean_length 64
09-04-21 03:16:45 - epoch 0 | global step 2900 | mode train | loss 2.079 | accuracy 10.0 | mean_length 64
09-04-21 03:18:33 - epoch 0 | global step 2910 | mode train | loss 2.0822 | accuracy 9.0625 | mean_length 64
09-04-21 03:20:22 - epoch 0 | global step 2920 | mode train | loss 2.0782 | accuracy 11.875 | mean_length 64
09-04-21 03:22:10 - epoch 0 | global step 2930 | mode train | loss 2.078 | accuracy 13.4375 | mean_length 64
09-04-21 03:24:00 - epoch 0 | global step 2940 | mode train | loss 2.0814 | accuracy 11.25 | mean_length 64
09-04-21 03:25:51 - epoch 0 | global step 2950 | mode train | loss 2.0804 | accuracy 10.3125 | mean_length 64
09-04-21 03:27:40 - epoch 0 | global step 2960 | mode train | loss 2.079 | accuracy 15.0 | mean_length 64
09-04-21 03:29:29 - epoch 0 | global step 2970 | mode train | loss 2.082 | accuracy 10.0 | mean_length 64
09-04-21 03:31:19 - epoch 0 | global step 2980 | mode train | loss 2.0811 | accuracy 10.3125 | mean_length 64
09-04-21 03:33:09 - epoch 0 | global step 2990 | mode train | loss 2.0804 | accuracy 11.875 | mean_length 64
09-04-21 03:35:00 - epoch 0 | global step 3000 | mode train | loss 2.0816 | accuracy 10.625 | mean_length 64
09-04-21 03:36:50 - epoch 0 | global step 3010 | mode train | loss 2.0783 | accuracy 13.4375 | mean_length 64
09-04-21 03:38:40 - epoch 0 | global step 3020 | mode train | loss 2.0787 | accuracy 13.4375 | mean_length 64
09-04-21 03:40:29 - epoch 0 | global step 3030 | mode train | loss 2.0818 | accuracy 12.8125 | mean_length 64
09-04-21 03:42:18 - epoch 0 | global step 3040 | mode train | loss 2.0776 | accuracy 16.5625 | mean_length 64
09-04-21 03:44:08 - epoch 0 | global step 3050 | mode train | loss 2.079 | accuracy 12.5 | mean_length 64
09-04-21 03:45:59 - epoch 0 | global step 3060 | mode train | loss 2.0785 | accuracy 12.8125 | mean_length 64
09-04-21 03:47:48 - epoch 0 | global step 3070 | mode train | loss 2.0826 | accuracy 9.6875 | mean_length 64
09-04-21 03:57:43 - epoch 0 | global step 3072 | mode validation | loss 2.0796 | accuracy 12.48 | mean_length 64
09-04-21 03:57:43 - Saving model to Output/accGrad4_mbart_noBT_lr7.5e-6_7distractors_maxstep8192_seed42
Epoch: 0, Prediction Accuracy: 12.48, Saved to Path: Output/accGrad4_mbart_noBT_lr7.5e-6_7distractors_maxstep8192_seed42
09-04-21 03:59:21 - epoch 0 | global step 3080 | mode train | loss 2.0807 | accuracy 10.9375 | mean_length 64
09-04-21 04:01:11 - epoch 0 | global step 3090 | mode train | loss 2.0803 | accuracy 10.9375 | mean_length 64
09-04-21 04:03:01 - epoch 0 | global step 3100 | mode train | loss 2.0799 | accuracy 12.5 | mean_length 64
09-04-21 04:04:49 - epoch 0 | global step 3110 | mode train | loss 2.0791 | accuracy 12.8125 | mean_length 64
09-04-21 04:06:38 - epoch 0 | global step 3120 | mode train | loss 2.0796 | accuracy 13.125 | mean_length 64
09-04-21 04:08:27 - epoch 0 | global step 3130 | mode train | loss 2.083 | accuracy 9.6875 | mean_length 64
09-04-21 04:10:15 - epoch 0 | global step 3140 | mode train | loss 2.0788 | accuracy 11.25 | mean_length 64
09-04-21 04:12:04 - epoch 0 | global step 3150 | mode train | loss 2.0806 | accuracy 12.1875 | mean_length 64
09-04-21 04:13:52 - epoch 0 | global step 3160 | mode train | loss 2.079 | accuracy 13.125 | mean_length 64
09-04-21 04:15:48 - epoch 0 | global step 3170 | mode train | loss 2.0807 | accuracy 10.0 | mean_length 64
09-04-21 04:17:45 - epoch 0 | global step 3180 | mode train | loss 2.0793 | accuracy 13.125 | mean_length 64
09-04-21 04:19:33 - epoch 0 | global step 3190 | mode train | loss 2.0794 | accuracy 14.0625 | mean_length 64
09-04-21 04:21:22 - epoch 0 | global step 3200 | mode train | loss 2.0797 | accuracy 11.25 | mean_length 64
09-04-21 04:23:09 - epoch 0 | global step 3210 | mode train | loss 2.0806 | accuracy 11.5625 | mean_length 64
09-04-21 04:24:59 - epoch 0 | global step 3220 | mode train | loss 2.0828 | accuracy 12.8125 | mean_length 64
09-04-21 04:26:47 - epoch 1 | global step 3230 | mode train | loss 2.0788 | accuracy 13.4375 | mean_length 64
09-04-21 04:28:35 - epoch 1 | global step 3240 | mode train | loss 2.078 | accuracy 13.4375 | mean_length 64
09-04-21 04:30:23 - epoch 1 | global step 3250 | mode train | loss 2.0818 | accuracy 13.4375 | mean_length 64
09-04-21 04:32:13 - epoch 1 | global step 3260 | mode train | loss 2.0785 | accuracy 13.4375 | mean_length 64
09-04-21 04:34:04 - epoch 1 | global step 3270 | mode train | loss 2.0792 | accuracy 12.5 | mean_length 64
09-04-21 04:35:53 - epoch 1 | global step 3280 | mode train | loss 2.0799 | accuracy 12.8125 | mean_length 64
09-04-21 04:37:43 - epoch 1 | global step 3290 | mode train | loss 2.0793 | accuracy 10.3125 | mean_length 64
09-04-21 04:39:31 - epoch 1 | global step 3300 | mode train | loss 2.0781 | accuracy 12.8125 | mean_length 64
09-04-21 04:41:20 - epoch 1 | global step 3310 | mode train | loss 2.0814 | accuracy 13.125 | mean_length 64
09-04-21 04:43:08 - epoch 1 | global step 3320 | mode train | loss 2.0785 | accuracy 12.8125 | mean_length 64
09-04-21 04:44:59 - epoch 1 | global step 3330 | mode train | loss 2.0792 | accuracy 12.5 | mean_length 64
09-04-21 04:46:50 - epoch 1 | global step 3340 | mode train | loss 2.0822 | accuracy 10.9375 | mean_length 64
09-04-21 04:48:39 - epoch 1 | global step 3350 | mode train | loss 2.0807 | accuracy 12.8125 | mean_length 64
09-04-21 04:50:29 - epoch 1 | global step 3360 | mode train | loss 2.0791 | accuracy 13.4375 | mean_length 64
09-04-21 04:52:18 - epoch 1 | global step 3370 | mode train | loss 2.0799 | accuracy 12.1875 | mean_length 64
09-04-21 04:54:07 - epoch 1 | global step 3380 | mode train | loss 2.081 | accuracy 9.375 | mean_length 64
09-04-21 04:56:05 - epoch 1 | global step 3390 | mode train | loss 2.0782 | accuracy 15.625 | mean_length 64
09-04-21 04:57:53 - epoch 1 | global step 3400 | mode train | loss 2.0795 | accuracy 12.1875 | mean_length 64
09-04-21 04:59:43 - epoch 1 | global step 3410 | mode train | loss 2.0794 | accuracy 12.5 | mean_length 64
09-04-21 05:01:34 - epoch 1 | global step 3420 | mode train | loss 2.0798 | accuracy 13.75 | mean_length 64
09-04-21 05:03:25 - epoch 1 | global step 3430 | mode train | loss 2.0782 | accuracy 12.8125 | mean_length 64
09-04-21 05:05:13 - epoch 1 | global step 3440 | mode train | loss 2.0802 | accuracy 12.5 | mean_length 64
09-04-21 05:07:01 - epoch 1 | global step 3450 | mode train | loss 2.0794 | accuracy 14.0625 | mean_length 64
09-04-21 05:08:50 - epoch 1 | global step 3460 | mode train | loss 2.0803 | accuracy 11.25 | mean_length 64
09-04-21 05:10:40 - epoch 1 | global step 3470 | mode train | loss 2.0792 | accuracy 14.6875 | mean_length 64
09-04-21 05:12:28 - epoch 1 | global step 3480 | mode train | loss 2.0801 | accuracy 11.5625 | mean_length 64
09-04-21 05:14:16 - epoch 1 | global step 3490 | mode train | loss 2.0805 | accuracy 8.75 | mean_length 64
09-04-21 05:16:06 - epoch 1 | global step 3500 | mode train | loss 2.0795 | accuracy 8.4375 | mean_length 64
09-04-21 05:17:56 - epoch 1 | global step 3510 | mode train | loss 2.0772 | accuracy 13.75 | mean_length 64
09-04-21 05:19:45 - epoch 1 | global step 3520 | mode train | loss 2.0787 | accuracy 13.4375 | mean_length 64
09-04-21 05:21:33 - epoch 1 | global step 3530 | mode train | loss 2.0804 | accuracy 13.125 | mean_length 64
09-04-21 05:23:20 - epoch 1 | global step 3540 | mode train | loss 2.0798 | accuracy 14.0625 | mean_length 64
09-04-21 05:25:08 - epoch 1 | global step 3550 | mode train | loss 2.0797 | accuracy 12.1875 | mean_length 64
09-04-21 05:26:56 - epoch 1 | global step 3560 | mode train | loss 2.0778 | accuracy 13.4375 | mean_length 64
09-04-21 05:28:43 - epoch 1 | global step 3570 | mode train | loss 2.0798 | accuracy 13.125 | mean_length 64
09-04-21 05:30:30 - epoch 1 | global step 3580 | mode train | loss 2.0802 | accuracy 11.25 | mean_length 64
09-04-21 05:40:46 - epoch 1 | global step 3584 | mode validation | loss 2.0797 | accuracy 12.46 | mean_length 64
09-04-21 05:41:50 - epoch 1 | global step 3590 | mode train | loss 2.0801 | accuracy 12.1875 | mean_length 64
09-04-21 05:43:38 - epoch 1 | global step 3600 | mode train | loss 2.0787 | accuracy 10.625 | mean_length 64
09-04-21 05:45:26 - epoch 1 | global step 3610 | mode train | loss 2.0808 | accuracy 12.5 | mean_length 64
09-04-21 05:47:15 - epoch 1 | global step 3620 | mode train | loss 2.0803 | accuracy 12.1875 | mean_length 64
09-04-21 05:49:06 - epoch 1 | global step 3630 | mode train | loss 2.0783 | accuracy 14.375 | mean_length 64
09-04-21 05:50:57 - epoch 1 | global step 3640 | mode train | loss 2.0777 | accuracy 20.0 | mean_length 64
09-04-21 05:52:45 - epoch 1 | global step 3650 | mode train | loss 2.0787 | accuracy 13.4375 | mean_length 64
09-04-21 05:54:34 - epoch 1 | global step 3660 | mode train | loss 2.082 | accuracy 11.875 | mean_length 64
09-04-21 05:56:22 - epoch 1 | global step 3670 | mode train | loss 2.0813 | accuracy 9.6875 | mean_length 64
09-04-21 05:58:10 - epoch 1 | global step 3680 | mode train | loss 2.0781 | accuracy 14.375 | mean_length 64
09-04-21 05:59:59 - epoch 1 | global step 3690 | mode train | loss 2.0804 | accuracy 9.6875 | mean_length 64
09-04-21 06:01:49 - epoch 1 | global step 3700 | mode train | loss 2.0795 | accuracy 13.75 | mean_length 64
09-04-21 06:03:40 - epoch 1 | global step 3710 | mode train | loss 2.0794 | accuracy 15.0 | mean_length 64
09-04-21 06:05:29 - epoch 1 | global step 3720 | mode train | loss 2.0804 | accuracy 14.6875 | mean_length 64
09-04-21 06:07:17 - epoch 1 | global step 3730 | mode train | loss 2.0795 | accuracy 13.125 | mean_length 64
09-04-21 06:09:06 - epoch 1 | global step 3740 | mode train | loss 2.0803 | accuracy 12.5 | mean_length 64
09-04-21 06:10:57 - epoch 1 | global step 3750 | mode train | loss 2.0792 | accuracy 14.0625 | mean_length 64
09-04-21 06:12:45 - epoch 1 | global step 3760 | mode train | loss 2.081 | accuracy 11.25 | mean_length 64
09-04-21 06:14:34 - epoch 1 | global step 3770 | mode train | loss 2.081 | accuracy 11.5625 | mean_length 64
09-04-21 06:16:24 - epoch 1 | global step 3780 | mode train | loss 2.0804 | accuracy 11.875 | mean_length 64
09-04-21 06:18:15 - epoch 1 | global step 3790 | mode train | loss 2.0775 | accuracy 14.375 | mean_length 64
09-04-21 06:20:05 - epoch 1 | global step 3800 | mode train | loss 2.0792 | accuracy 13.125 | mean_length 64
09-04-21 06:21:55 - epoch 1 | global step 3810 | mode train | loss 2.078 | accuracy 17.8125 | mean_length 64
09-04-21 06:23:46 - epoch 1 | global step 3820 | mode train | loss 2.081 | accuracy 10.625 | mean_length 64
09-04-21 06:25:36 - epoch 1 | global step 3830 | mode train | loss 2.0802 | accuracy 11.25 | mean_length 64
09-04-21 06:27:27 - epoch 1 | global step 3840 | mode train | loss 2.08 | accuracy 14.375 | mean_length 64
09-04-21 06:29:18 - epoch 1 | global step 3850 | mode train | loss 2.0796 | accuracy 9.6875 | mean_length 64
09-04-21 06:31:06 - epoch 1 | global step 3860 | mode train | loss 2.0783 | accuracy 15.0 | mean_length 64
09-04-21 06:32:55 - epoch 1 | global step 3870 | mode train | loss 2.0814 | accuracy 12.1875 | mean_length 64
09-04-21 06:34:46 - epoch 1 | global step 3880 | mode train | loss 2.0798 | accuracy 13.125 | mean_length 64
09-04-21 06:36:36 - epoch 1 | global step 3890 | mode train | loss 2.0794 | accuracy 14.6875 | mean_length 64
09-04-21 06:38:26 - epoch 1 | global step 3900 | mode train | loss 2.0796 | accuracy 12.5 | mean_length 64
09-04-21 06:40:14 - epoch 1 | global step 3910 | mode train | loss 2.0792 | accuracy 13.75 | mean_length 64
09-04-21 06:42:03 - epoch 1 | global step 3920 | mode train | loss 2.0787 | accuracy 14.0625 | mean_length 64
09-04-21 06:43:50 - epoch 1 | global step 3930 | mode train | loss 2.0802 | accuracy 13.4375 | mean_length 64
09-04-21 06:45:39 - epoch 1 | global step 3940 | mode train | loss 2.0809 | accuracy 11.25 | mean_length 64
09-04-21 06:47:30 - epoch 1 | global step 3950 | mode train | loss 2.0818 | accuracy 10.9375 | mean_length 64
09-04-21 06:49:21 - epoch 1 | global step 3960 | mode train | loss 2.0791 | accuracy 11.25 | mean_length 64
09-04-21 06:51:12 - epoch 1 | global step 3970 | mode train | loss 2.0795 | accuracy 13.125 | mean_length 64
09-04-21 06:53:02 - epoch 1 | global step 3980 | mode train | loss 2.079 | accuracy 15.3125 | mean_length 64
09-04-21 06:54:53 - epoch 1 | global step 3990 | mode train | loss 2.0821 | accuracy 8.75 | mean_length 64
09-04-21 06:56:43 - epoch 1 | global step 4000 | mode train | loss 2.0817 | accuracy 11.875 | mean_length 64
09-04-21 06:58:34 - epoch 1 | global step 4010 | mode train | loss 2.0799 | accuracy 12.8125 | mean_length 64
09-04-21 07:00:24 - epoch 1 | global step 4020 | mode train | loss 2.0802 | accuracy 11.875 | mean_length 64
09-04-21 07:02:15 - epoch 1 | global step 4030 | mode train | loss 2.079 | accuracy 11.25 | mean_length 64
09-04-21 07:04:05 - epoch 1 | global step 4040 | mode train | loss 2.0792 | accuracy 9.6875 | mean_length 64
09-04-21 07:05:56 - epoch 1 | global step 4050 | mode train | loss 2.0786 | accuracy 16.25 | mean_length 64
09-04-21 07:07:45 - epoch 1 | global step 4060 | mode train | loss 2.0803 | accuracy 10.3125 | mean_length 64
09-04-21 07:09:34 - epoch 1 | global step 4070 | mode train | loss 2.0813 | accuracy 9.6875 | mean_length 64
09-04-21 07:11:24 - epoch 1 | global step 4080 | mode train | loss 2.0797 | accuracy 13.75 | mean_length 64
09-04-21 07:13:15 - epoch 1 | global step 4090 | mode train | loss 2.0799 | accuracy 12.8125 | mean_length 64
09-04-21 07:23:53 - epoch 1 | global step 4096 | mode validation | loss 2.0796 | accuracy 12.2 | mean_length 64
09-04-21 07:24:37 - epoch 1 | global step 4100 | mode train | loss 2.0806 | accuracy 10.9375 | mean_length 64
09-04-21 07:26:26 - epoch 1 | global step 4110 | mode train | loss 2.078 | accuracy 14.6875 | mean_length 64
09-04-21 07:28:16 - epoch 1 | global step 4120 | mode train | loss 2.0787 | accuracy 13.75 | mean_length 64
09-04-21 07:30:05 - epoch 1 | global step 4130 | mode train | loss 2.0796 | accuracy 12.5 | mean_length 64
09-04-21 07:31:53 - epoch 1 | global step 4140 | mode train | loss 2.0794 | accuracy 14.0625 | mean_length 64
09-04-21 07:33:42 - epoch 1 | global step 4150 | mode train | loss 2.0809 | accuracy 11.5625 | mean_length 64
09-04-21 07:35:30 - epoch 1 | global step 4160 | mode train | loss 2.0808 | accuracy 12.5 | mean_length 64
09-04-21 07:37:20 - epoch 1 | global step 4170 | mode train | loss 2.0796 | accuracy 11.5625 | mean_length 64
09-04-21 07:39:11 - epoch 1 | global step 4180 | mode train | loss 2.0804 | accuracy 13.4375 | mean_length 64
09-04-21 07:41:02 - epoch 1 | global step 4190 | mode train | loss 2.0793 | accuracy 12.5 | mean_length 64
09-04-21 07:42:52 - epoch 1 | global step 4200 | mode train | loss 2.0808 | accuracy 12.8125 | mean_length 64
09-04-21 07:44:43 - epoch 1 | global step 4210 | mode train | loss 2.0798 | accuracy 8.75 | mean_length 64
09-04-21 07:46:33 - epoch 1 | global step 4220 | mode train | loss 2.0789 | accuracy 13.4375 | mean_length 64
09-04-21 07:48:24 - epoch 1 | global step 4230 | mode train | loss 2.0801 | accuracy 12.1875 | mean_length 64
09-04-21 07:50:15 - epoch 1 | global step 4240 | mode train | loss 2.0817 | accuracy 12.1875 | mean_length 64
09-04-21 07:52:05 - epoch 1 | global step 4250 | mode train | loss 2.0772 | accuracy 13.4375 | mean_length 64
09-04-21 07:53:54 - epoch 1 | global step 4260 | mode train | loss 2.0789 | accuracy 15.3125 | mean_length 64
09-04-21 07:55:42 - epoch 1 | global step 4270 | mode train | loss 2.0797 | accuracy 9.6875 | mean_length 64
09-04-21 07:57:31 - epoch 1 | global step 4280 | mode train | loss 2.0805 | accuracy 11.25 | mean_length 64
09-04-21 07:59:19 - epoch 1 | global step 4290 | mode train | loss 2.081 | accuracy 12.1875 | mean_length 64
09-04-21 08:01:07 - epoch 1 | global step 4300 | mode train | loss 2.0782 | accuracy 14.0625 | mean_length 64
09-04-21 08:02:56 - epoch 1 | global step 4310 | mode train | loss 2.0796 | accuracy 9.6875 | mean_length 64
09-04-21 08:04:46 - epoch 1 | global step 4320 | mode train | loss 2.0784 | accuracy 13.125 | mean_length 64
09-04-21 08:06:37 - epoch 1 | global step 4330 | mode train | loss 2.0787 | accuracy 13.125 | mean_length 64
09-04-21 08:08:28 - epoch 1 | global step 4340 | mode train | loss 2.0802 | accuracy 12.1875 | mean_length 64
09-04-21 08:10:17 - epoch 1 | global step 4350 | mode train | loss 2.0802 | accuracy 10.9375 | mean_length 64
09-04-21 08:12:06 - epoch 1 | global step 4360 | mode train | loss 2.0807 | accuracy 12.5 | mean_length 64
09-04-21 08:13:54 - epoch 1 | global step 4370 | mode train | loss 2.0794 | accuracy 11.5625 | mean_length 64
09-04-21 08:15:42 - epoch 1 | global step 4380 | mode train | loss 2.08 | accuracy 14.375 | mean_length 64
09-04-21 08:17:29 - epoch 1 | global step 4390 | mode train | loss 2.0799 | accuracy 12.8125 | mean_length 64
09-04-21 08:19:17 - epoch 1 | global step 4400 | mode train | loss 2.0806 | accuracy 10.9375 | mean_length 64
09-04-21 08:21:04 - epoch 1 | global step 4410 | mode train | loss 2.0794 | accuracy 12.5 | mean_length 64
09-04-21 08:22:52 - epoch 1 | global step 4420 | mode train | loss 2.0801 | accuracy 10.9375 | mean_length 64
09-04-21 08:24:42 - epoch 1 | global step 4430 | mode train | loss 2.0805 | accuracy 15.9375 | mean_length 64
09-04-21 08:26:29 - epoch 1 | global step 4440 | mode train | loss 2.0785 | accuracy 11.875 | mean_length 64
09-04-21 08:28:16 - epoch 1 | global step 4450 | mode train | loss 2.08 | accuracy 13.75 | mean_length 64
09-04-21 08:30:04 - epoch 1 | global step 4460 | mode train | loss 2.08 | accuracy 11.5625 | mean_length 64
09-04-21 08:31:51 - epoch 1 | global step 4470 | mode train | loss 2.0813 | accuracy 10.3125 | mean_length 64
09-04-21 08:33:38 - epoch 1 | global step 4480 | mode train | loss 2.0792 | accuracy 11.5625 | mean_length 64
09-04-21 08:35:25 - epoch 1 | global step 4490 | mode train | loss 2.079 | accuracy 15.3125 | mean_length 64
09-04-21 08:37:12 - epoch 1 | global step 4500 | mode train | loss 2.0796 | accuracy 13.4375 | mean_length 64
09-04-21 08:39:00 - epoch 1 | global step 4510 | mode train | loss 2.0794 | accuracy 12.1875 | mean_length 64
09-04-21 08:40:47 - epoch 1 | global step 4520 | mode train | loss 2.0793 | accuracy 15.625 | mean_length 64
09-04-21 08:42:34 - epoch 1 | global step 4530 | mode train | loss 2.0819 | accuracy 10.3125 | mean_length 64
09-04-21 08:44:21 - epoch 1 | global step 4540 | mode train | loss 2.0816 | accuracy 8.4375 | mean_length 64
09-04-21 08:46:08 - epoch 1 | global step 4550 | mode train | loss 2.0779 | accuracy 12.8125 | mean_length 64
09-04-21 08:47:56 - epoch 1 | global step 4560 | mode train | loss 2.0815 | accuracy 10.0 | mean_length 64
09-04-21 08:49:44 - epoch 1 | global step 4570 | mode train | loss 2.0796 | accuracy 13.125 | mean_length 64
09-04-21 08:51:33 - epoch 1 | global step 4580 | mode train | loss 2.0785 | accuracy 16.5625 | mean_length 64
09-04-21 08:53:22 - epoch 1 | global step 4590 | mode train | loss 2.08 | accuracy 12.5 | mean_length 64
09-04-21 08:55:20 - epoch 1 | global step 4600 | mode train | loss 2.0792 | accuracy 10.9375 | mean_length 64
09-04-21 09:06:27 - epoch 1 | global step 4608 | mode validation | loss 2.0796 | accuracy 12.08 | mean_length 64
09-04-21 09:06:50 - epoch 1 | global step 4610 | mode train | loss 2.0787 | accuracy 13.75 | mean_length 64
09-04-21 09:08:46 - epoch 1 | global step 4620 | mode train | loss 2.0799 | accuracy 11.5625 | mean_length 64
09-04-21 09:10:43 - epoch 1 | global step 4630 | mode train | loss 2.0784 | accuracy 15.0 | mean_length 64
09-04-21 09:12:39 - epoch 1 | global step 4640 | mode train | loss 2.0799 | accuracy 13.75 | mean_length 64
09-04-21 09:14:35 - epoch 1 | global step 4650 | mode train | loss 2.0777 | accuracy 15.3125 | mean_length 64
09-04-21 09:16:32 - epoch 1 | global step 4660 | mode train | loss 2.0786 | accuracy 11.5625 | mean_length 64
09-04-21 09:18:28 - epoch 1 | global step 4670 | mode train | loss 2.0812 | accuracy 9.6875 | mean_length 64
09-04-21 09:20:24 - epoch 1 | global step 4680 | mode train | loss 2.0792 | accuracy 11.5625 | mean_length 64
09-04-21 09:22:21 - epoch 1 | global step 4690 | mode train | loss 2.0768 | accuracy 13.4375 | mean_length 64
09-04-21 09:24:17 - epoch 1 | global step 4700 | mode train | loss 2.0801 | accuracy 14.6875 | mean_length 64
09-04-21 09:26:05 - epoch 1 | global step 4710 | mode train | loss 2.0772 | accuracy 13.125 | mean_length 64
09-04-21 09:28:01 - epoch 1 | global step 4720 | mode train | loss 2.0798 | accuracy 12.8125 | mean_length 64
09-04-21 09:29:49 - epoch 1 | global step 4730 | mode train | loss 2.0795 | accuracy 11.5625 | mean_length 64
09-04-21 09:31:46 - epoch 1 | global step 4740 | mode train | loss 2.0806 | accuracy 11.25 | mean_length 64
09-04-21 09:33:34 - epoch 1 | global step 4750 | mode train | loss 2.0805 | accuracy 10.0 | mean_length 64
09-04-21 09:35:30 - epoch 1 | global step 4760 | mode train | loss 2.0803 | accuracy 12.5 | mean_length 64
09-04-21 09:37:26 - epoch 1 | global step 4770 | mode train | loss 2.0788 | accuracy 12.1875 | mean_length 64
09-04-21 09:39:23 - epoch 1 | global step 4780 | mode train | loss 2.0796 | accuracy 9.6875 | mean_length 64
09-04-21 09:41:19 - epoch 1 | global step 4790 | mode train | loss 2.0805 | accuracy 10.3125 | mean_length 64
09-04-21 09:43:16 - epoch 1 | global step 4800 | mode train | loss 2.0777 | accuracy 15.0 | mean_length 64
09-04-21 09:45:04 - epoch 1 | global step 4810 | mode train | loss 2.0783 | accuracy 13.125 | mean_length 64
09-04-21 09:47:00 - epoch 1 | global step 4820 | mode train | loss 2.0789 | accuracy 14.0625 | mean_length 64
09-04-21 09:48:56 - epoch 1 | global step 4830 | mode train | loss 2.0797 | accuracy 11.5625 | mean_length 64
09-04-21 09:50:53 - epoch 1 | global step 4840 | mode train | loss 2.0788 | accuracy 14.6875 | mean_length 64
09-04-21 09:52:41 - epoch 1 | global step 4850 | mode train | loss 2.0787 | accuracy 10.9375 | mean_length 64
09-04-21 09:54:28 - epoch 1 | global step 4860 | mode train | loss 2.0783 | accuracy 13.75 | mean_length 64
09-04-21 09:56:16 - epoch 1 | global step 4870 | mode train | loss 2.0791 | accuracy 13.125 | mean_length 64
09-04-21 09:58:03 - epoch 1 | global step 4880 | mode train | loss 2.0782 | accuracy 11.875 | mean_length 64
09-04-21 09:59:51 - epoch 1 | global step 4890 | mode train | loss 2.079 | accuracy 10.9375 | mean_length 64
09-04-21 10:01:39 - epoch 1 | global step 4900 | mode train | loss 2.0806 | accuracy 11.25 | mean_length 64
09-04-21 10:03:34 - epoch 1 | global step 4910 | mode train | loss 2.0809 | accuracy 12.5 | mean_length 64
09-04-21 10:05:23 - epoch 1 | global step 4920 | mode train | loss 2.0805 | accuracy 11.25 | mean_length 64
09-04-21 10:07:13 - epoch 1 | global step 4930 | mode train | loss 2.0786 | accuracy 14.6875 | mean_length 64
09-04-21 10:09:04 - epoch 1 | global step 4940 | mode train | loss 2.0814 | accuracy 11.25 | mean_length 64
09-04-21 10:10:53 - epoch 1 | global step 4950 | mode train | loss 2.0779 | accuracy 15.3125 | mean_length 64
09-04-21 10:12:43 - epoch 1 | global step 4960 | mode train | loss 2.0793 | accuracy 12.8125 | mean_length 64
09-04-21 10:14:34 - epoch 1 | global step 4970 | mode train | loss 2.078 | accuracy 12.1875 | mean_length 64
09-04-21 10:16:23 - epoch 1 | global step 4980 | mode train | loss 2.0797 | accuracy 13.4375 | mean_length 64
09-04-21 10:18:11 - epoch 1 | global step 4990 | mode train | loss 2.0812 | accuracy 11.25 | mean_length 64
09-04-21 10:19:59 - epoch 1 | global step 5000 | mode train | loss 2.0782 | accuracy 14.6875 | mean_length 64
09-04-21 10:21:49 - epoch 1 | global step 5010 | mode train | loss 2.0784 | accuracy 10.9375 | mean_length 64
09-04-21 10:23:39 - epoch 1 | global step 5020 | mode train | loss 2.0802 | accuracy 13.125 | mean_length 64
09-04-21 10:25:29 - epoch 1 | global step 5030 | mode train | loss 2.0805 | accuracy 12.1875 | mean_length 64
09-04-21 10:27:20 - epoch 1 | global step 5040 | mode train | loss 2.0817 | accuracy 9.6875 | mean_length 64
09-04-21 10:29:10 - epoch 1 | global step 5050 | mode train | loss 2.0814 | accuracy 10.625 | mean_length 64
09-04-21 10:31:00 - epoch 1 | global step 5060 | mode train | loss 2.0795 | accuracy 9.6875 | mean_length 64
09-04-21 10:32:49 - epoch 1 | global step 5070 | mode train | loss 2.0808 | accuracy 11.25 | mean_length 64
09-04-21 10:34:37 - epoch 1 | global step 5080 | mode train | loss 2.0791 | accuracy 15.0 | mean_length 64
09-04-21 10:36:26 - epoch 1 | global step 5090 | mode train | loss 2.078 | accuracy 13.125 | mean_length 64
09-04-21 10:38:15 - epoch 1 | global step 5100 | mode train | loss 2.0785 | accuracy 10.625 | mean_length 64
09-04-21 10:40:04 - epoch 1 | global step 5110 | mode train | loss 2.0794 | accuracy 12.5 | mean_length 64
09-04-21 10:41:53 - epoch 1 | global step 5120 | mode train | loss 2.0819 | accuracy 9.0625 | mean_length 64
09-04-21 10:51:29 - epoch 1 | global step 5120 | mode validation | loss 2.0796 | accuracy 11.92 | mean_length 64
09-04-21 10:53:18 - epoch 1 | global step 5130 | mode train | loss 2.0808 | accuracy 10.9375 | mean_length 64
09-04-21 10:55:07 - epoch 1 | global step 5140 | mode train | loss 2.0805 | accuracy 9.0625 | mean_length 64
09-04-21 10:56:57 - epoch 1 | global step 5150 | mode train | loss 2.0776 | accuracy 14.375 | mean_length 64
09-04-21 10:58:47 - epoch 1 | global step 5160 | mode train | loss 2.0779 | accuracy 9.6875 | mean_length 64
09-04-21 11:00:37 - epoch 1 | global step 5170 | mode train | loss 2.0797 | accuracy 10.625 | mean_length 64
09-04-21 11:02:28 - epoch 1 | global step 5180 | mode train | loss 2.0801 | accuracy 10.9375 | mean_length 64
09-04-21 11:04:18 - epoch 1 | global step 5190 | mode train | loss 2.0805 | accuracy 13.125 | mean_length 64
09-04-21 11:06:09 - epoch 1 | global step 5200 | mode train | loss 2.08 | accuracy 11.5625 | mean_length 64
09-04-21 11:07:59 - epoch 1 | global step 5210 | mode train | loss 2.0791 | accuracy 15.3125 | mean_length 64
09-04-21 11:09:47 - epoch 1 | global step 5220 | mode train | loss 2.0801 | accuracy 11.875 | mean_length 64
09-04-21 11:11:36 - epoch 1 | global step 5230 | mode train | loss 2.08 | accuracy 10.3125 | mean_length 64
09-04-21 11:13:24 - epoch 1 | global step 5240 | mode train | loss 2.0796 | accuracy 14.0625 | mean_length 64
09-04-21 11:15:12 - epoch 1 | global step 5250 | mode train | loss 2.0803 | accuracy 8.4375 | mean_length 64
09-04-21 11:17:00 - epoch 1 | global step 5260 | mode train | loss 2.0818 | accuracy 10.9375 | mean_length 64
09-04-21 11:18:48 - epoch 1 | global step 5270 | mode train | loss 2.0799 | accuracy 12.5 | mean_length 64
09-04-21 11:20:36 - epoch 1 | global step 5280 | mode train | loss 2.0788 | accuracy 11.25 | mean_length 64
09-04-21 11:22:25 - epoch 1 | global step 5290 | mode train | loss 2.0811 | accuracy 10.3125 | mean_length 64
09-04-21 11:24:15 - epoch 1 | global step 5300 | mode train | loss 2.0812 | accuracy 10.0 | mean_length 64
09-04-21 11:26:05 - epoch 1 | global step 5310 | mode train | loss 2.0792 | accuracy 14.6875 | mean_length 64
09-04-21 11:27:53 - epoch 1 | global step 5320 | mode train | loss 2.0803 | accuracy 10.9375 | mean_length 64
09-04-21 11:29:41 - epoch 1 | global step 5330 | mode train | loss 2.08 | accuracy 10.0 | mean_length 64
09-04-21 11:31:29 - epoch 1 | global step 5340 | mode train | loss 2.0779 | accuracy 15.0 | mean_length 64
09-04-21 11:33:19 - epoch 1 | global step 5350 | mode train | loss 2.0787 | accuracy 13.4375 | mean_length 64
09-04-21 11:35:10 - epoch 1 | global step 5360 | mode train | loss 2.0802 | accuracy 11.875 | mean_length 64
09-04-21 11:37:00 - epoch 1 | global step 5370 | mode train | loss 2.0833 | accuracy 14.6875 | mean_length 64
09-04-21 11:38:50 - epoch 1 | global step 5380 | mode train | loss 2.0793 | accuracy 13.125 | mean_length 64
09-04-21 11:40:41 - epoch 1 | global step 5390 | mode train | loss 2.0793 | accuracy 13.75 | mean_length 64
09-04-21 11:42:31 - epoch 1 | global step 5400 | mode train | loss 2.0795 | accuracy 11.5625 | mean_length 64
09-04-21 11:44:21 - epoch 1 | global step 5410 | mode train | loss 2.0796 | accuracy 13.4375 | mean_length 64
09-04-21 11:46:12 - epoch 1 | global step 5420 | mode train | loss 2.0771 | accuracy 16.5625 | mean_length 64
09-04-21 11:48:02 - epoch 1 | global step 5430 | mode train | loss 2.0785 | accuracy 14.375 | mean_length 64
09-04-21 11:49:52 - epoch 1 | global step 5440 | mode train | loss 2.0807 | accuracy 11.25 | mean_length 64
09-04-21 11:51:43 - epoch 1 | global step 5450 | mode train | loss 2.0795 | accuracy 13.4375 | mean_length 64
09-04-21 11:53:34 - epoch 1 | global step 5460 | mode train | loss 2.0788 | accuracy 13.125 | mean_length 64
09-04-21 11:55:23 - epoch 1 | global step 5470 | mode train | loss 2.0801 | accuracy 9.6875 | mean_length 64
09-04-21 11:57:11 - epoch 1 | global step 5480 | mode train | loss 2.0785 | accuracy 14.375 | mean_length 64
09-04-21 11:58:59 - epoch 1 | global step 5490 | mode train | loss 2.0813 | accuracy 9.0625 | mean_length 64
09-04-21 12:00:47 - epoch 1 | global step 5500 | mode train | loss 2.077 | accuracy 12.1875 | mean_length 64
09-04-21 12:02:37 - epoch 1 | global step 5510 | mode train | loss 2.0823 | accuracy 9.6875 | mean_length 64
09-04-21 12:04:28 - epoch 1 | global step 5520 | mode train | loss 2.0791 | accuracy 12.5 | mean_length 64
09-04-21 12:06:18 - epoch 1 | global step 5530 | mode train | loss 2.079 | accuracy 16.5625 | mean_length 64
09-04-21 12:08:06 - epoch 1 | global step 5540 | mode train | loss 2.0813 | accuracy 9.6875 | mean_length 64
09-04-21 12:09:55 - epoch 1 | global step 5550 | mode train | loss 2.0806 | accuracy 11.875 | mean_length 64
09-04-21 12:11:45 - epoch 1 | global step 5560 | mode train | loss 2.08 | accuracy 14.375 | mean_length 64
09-04-21 12:13:36 - epoch 1 | global step 5570 | mode train | loss 2.0794 | accuracy 12.1875 | mean_length 64
09-04-21 12:15:26 - epoch 1 | global step 5580 | mode train | loss 2.0781 | accuracy 14.375 | mean_length 64
09-04-21 12:17:14 - epoch 1 | global step 5590 | mode train | loss 2.0797 | accuracy 13.125 | mean_length 64
09-04-21 12:19:02 - epoch 1 | global step 5600 | mode train | loss 2.0806 | accuracy 10.3125 | mean_length 64
09-04-21 12:20:50 - epoch 1 | global step 5610 | mode train | loss 2.0809 | accuracy 10.625 | mean_length 64
09-04-21 12:22:39 - epoch 1 | global step 5620 | mode train | loss 2.0781 | accuracy 12.8125 | mean_length 64
09-04-21 12:24:27 - epoch 1 | global step 5630 | mode train | loss 2.0791 | accuracy 12.5 | mean_length 64
09-04-21 12:34:22 - epoch 1 | global step 5632 | mode validation | loss 2.0796 | accuracy 12.22 | mean_length 64
09-04-21 12:35:48 - epoch 1 | global step 5640 | mode train | loss 2.079 | accuracy 15.3125 | mean_length 64
09-04-21 12:37:37 - epoch 1 | global step 5650 | mode train | loss 2.0794 | accuracy 11.5625 | mean_length 64
09-04-21 12:39:26 - epoch 1 | global step 5660 | mode train | loss 2.0771 | accuracy 16.25 | mean_length 64
09-04-21 12:41:15 - epoch 1 | global step 5670 | mode train | loss 2.081 | accuracy 10.3125 | mean_length 64
09-04-21 12:43:05 - epoch 1 | global step 5680 | mode train | loss 2.0776 | accuracy 14.375 | mean_length 64
09-04-21 12:44:56 - epoch 1 | global step 5690 | mode train | loss 2.0805 | accuracy 8.75 | mean_length 64
09-04-21 12:46:44 - epoch 1 | global step 5700 | mode train | loss 2.0773 | accuracy 16.5625 | mean_length 64
09-04-21 12:48:33 - epoch 1 | global step 5710 | mode train | loss 2.0799 | accuracy 12.8125 | mean_length 64
09-04-21 12:50:24 - epoch 1 | global step 5720 | mode train | loss 2.0799 | accuracy 13.4375 | mean_length 64
09-04-21 12:52:14 - epoch 1 | global step 5730 | mode train | loss 2.0797 | accuracy 9.375 | mean_length 64
09-04-21 12:54:02 - epoch 1 | global step 5740 | mode train | loss 2.08 | accuracy 13.4375 | mean_length 64
09-04-21 12:55:50 - epoch 1 | global step 5750 | mode train | loss 2.0796 | accuracy 12.5 | mean_length 64
09-04-21 12:57:38 - epoch 1 | global step 5760 | mode train | loss 2.079 | accuracy 12.5 | mean_length 64
09-04-21 12:59:27 - epoch 1 | global step 5770 | mode train | loss 2.0794 | accuracy 11.875 | mean_length 64
09-04-21 13:01:17 - epoch 1 | global step 5780 | mode train | loss 2.079 | accuracy 14.375 | mean_length 64
09-04-21 13:03:07 - epoch 1 | global step 5790 | mode train | loss 2.0787 | accuracy 17.8125 | mean_length 64
09-04-21 13:04:57 - epoch 1 | global step 5800 | mode train | loss 2.0771 | accuracy 13.125 | mean_length 64
09-04-21 13:06:45 - epoch 1 | global step 5810 | mode train | loss 2.0791 | accuracy 14.0625 | mean_length 64
09-04-21 13:08:33 - epoch 1 | global step 5820 | mode train | loss 2.0798 | accuracy 12.1875 | mean_length 64
09-04-21 13:10:21 - epoch 1 | global step 5830 | mode train | loss 2.0801 | accuracy 10.0 | mean_length 64
09-04-21 13:12:09 - epoch 1 | global step 5840 | mode train | loss 2.08 | accuracy 12.8125 | mean_length 64
09-04-21 13:13:59 - epoch 1 | global step 5850 | mode train | loss 2.0795 | accuracy 11.5625 | mean_length 64
09-04-21 13:15:48 - epoch 1 | global step 5860 | mode train | loss 2.079 | accuracy 12.8125 | mean_length 64
09-04-21 13:17:37 - epoch 1 | global step 5870 | mode train | loss 2.0783 | accuracy 16.5625 | mean_length 64
09-04-21 13:19:25 - epoch 1 | global step 5880 | mode train | loss 2.0793 | accuracy 15.3125 | mean_length 64
09-04-21 13:21:13 - epoch 1 | global step 5890 | mode train | loss 2.0801 | accuracy 11.5625 | mean_length 64
09-04-21 13:23:01 - epoch 1 | global step 5900 | mode train | loss 2.0813 | accuracy 10.9375 | mean_length 64
09-04-21 13:24:49 - epoch 1 | global step 5910 | mode train | loss 2.0804 | accuracy 15.3125 | mean_length 64
09-04-21 13:26:37 - epoch 1 | global step 5920 | mode train | loss 2.0799 | accuracy 12.8125 | mean_length 64
09-04-21 13:28:25 - epoch 1 | global step 5930 | mode train | loss 2.0799 | accuracy 13.125 | mean_length 64
09-04-21 13:30:13 - epoch 1 | global step 5940 | mode train | loss 2.0794 | accuracy 12.1875 | mean_length 64
09-04-21 13:32:01 - epoch 1 | global step 5950 | mode train | loss 2.0793 | accuracy 10.9375 | mean_length 64
09-04-21 13:33:49 - epoch 1 | global step 5960 | mode train | loss 2.0794 | accuracy 11.25 | mean_length 64
09-04-21 13:35:37 - epoch 1 | global step 5970 | mode train | loss 2.0789 | accuracy 15.9375 | mean_length 64
09-04-21 13:37:25 - epoch 1 | global step 5980 | mode train | loss 2.079 | accuracy 12.8125 | mean_length 64
09-04-21 13:39:15 - epoch 1 | global step 5990 | mode train | loss 2.079 | accuracy 14.0625 | mean_length 64
09-04-21 13:41:05 - epoch 1 | global step 6000 | mode train | loss 2.08 | accuracy 11.875 | mean_length 64
09-04-21 13:42:55 - epoch 1 | global step 6010 | mode train | loss 2.0809 | accuracy 13.75 | mean_length 64
09-04-21 13:44:45 - epoch 1 | global step 6020 | mode train | loss 2.0797 | accuracy 12.8125 | mean_length 64
09-04-21 13:46:35 - epoch 1 | global step 6030 | mode train | loss 2.0793 | accuracy 13.125 | mean_length 64
09-04-21 13:48:25 - epoch 1 | global step 6040 | mode train | loss 2.0791 | accuracy 10.9375 | mean_length 64
09-04-21 13:50:13 - epoch 1 | global step 6050 | mode train | loss 2.0793 | accuracy 12.8125 | mean_length 64
09-04-21 13:52:02 - epoch 1 | global step 6060 | mode train | loss 2.0788 | accuracy 12.1875 | mean_length 64
09-04-21 13:54:01 - epoch 1 | global step 6070 | mode train | loss 2.0803 | accuracy 11.25 | mean_length 64
09-04-21 13:55:52 - epoch 1 | global step 6080 | mode train | loss 2.0803 | accuracy 12.8125 | mean_length 64
09-04-21 13:57:48 - epoch 1 | global step 6090 | mode train | loss 2.0804 | accuracy 14.6875 | mean_length 64
09-04-21 13:59:42 - epoch 1 | global step 6100 | mode train | loss 2.0785 | accuracy 11.25 | mean_length 64
09-04-21 14:01:29 - epoch 1 | global step 6110 | mode train | loss 2.0809 | accuracy 9.0625 | mean_length 64
09-04-21 14:03:16 - epoch 1 | global step 6120 | mode train | loss 2.0787 | accuracy 12.5 | mean_length 64
09-04-21 14:05:03 - epoch 1 | global step 6130 | mode train | loss 2.0792 | accuracy 12.1875 | mean_length 64
09-04-21 14:06:50 - epoch 1 | global step 6140 | mode train | loss 2.0793 | accuracy 12.1875 | mean_length 64
09-04-21 14:17:04 - epoch 1 | global step 6144 | mode validation | loss 2.0795 | accuracy 12.68 | mean_length 64
09-04-21 14:17:04 - Saving model to Output/accGrad4_mbart_noBT_lr7.5e-6_7distractors_maxstep8192_seed42
Epoch: 1, Prediction Accuracy: 12.68, Saved to Path: Output/accGrad4_mbart_noBT_lr7.5e-6_7distractors_maxstep8192_seed42
09-04-21 14:18:18 - epoch 1 | global step 6150 | mode train | loss 2.0783 | accuracy 12.8125 | mean_length 64
09-04-21 14:20:05 - epoch 1 | global step 6160 | mode train | loss 2.078 | accuracy 14.375 | mean_length 64
09-04-21 14:21:52 - epoch 1 | global step 6170 | mode train | loss 2.0807 | accuracy 11.5625 | mean_length 64
09-04-21 14:23:42 - epoch 1 | global step 6180 | mode train | loss 2.0801 | accuracy 12.8125 | mean_length 64
09-04-21 14:25:33 - epoch 1 | global step 6190 | mode train | loss 2.0819 | accuracy 10.3125 | mean_length 64
09-04-21 14:27:21 - epoch 1 | global step 6200 | mode train | loss 2.0797 | accuracy 12.1875 | mean_length 64
09-04-21 14:29:10 - epoch 1 | global step 6210 | mode train | loss 2.0782 | accuracy 15.9375 | mean_length 64
09-04-21 14:30:58 - epoch 1 | global step 6220 | mode train | loss 2.0809 | accuracy 9.6875 | mean_length 64
09-04-21 14:32:46 - epoch 1 | global step 6230 | mode train | loss 2.08 | accuracy 11.875 | mean_length 64
09-04-21 14:34:34 - epoch 1 | global step 6240 | mode train | loss 2.0779 | accuracy 13.125 | mean_length 64
09-04-21 14:36:22 - epoch 1 | global step 6250 | mode train | loss 2.0795 | accuracy 12.1875 | mean_length 64
09-04-21 14:38:11 - epoch 1 | global step 6260 | mode train | loss 2.0819 | accuracy 10.625 | mean_length 64
09-04-21 14:39:59 - epoch 1 | global step 6270 | mode train | loss 2.0804 | accuracy 13.125 | mean_length 64
09-04-21 14:41:47 - epoch 1 | global step 6280 | mode train | loss 2.0805 | accuracy 12.5 | mean_length 64
09-04-21 14:43:35 - epoch 1 | global step 6290 | mode train | loss 2.0785 | accuracy 17.5 | mean_length 64
09-04-21 14:45:24 - epoch 1 | global step 6300 | mode train | loss 2.0796 | accuracy 9.0625 | mean_length 64
09-04-21 14:47:13 - epoch 1 | global step 6310 | mode train | loss 2.0821 | accuracy 8.75 | mean_length 64
09-04-21 14:49:03 - epoch 1 | global step 6320 | mode train | loss 2.0799 | accuracy 12.1875 | mean_length 64
09-04-21 14:50:54 - epoch 1 | global step 6330 | mode train | loss 2.079 | accuracy 10.625 | mean_length 64
09-04-21 14:52:45 - epoch 1 | global step 6340 | mode train | loss 2.0812 | accuracy 10.3125 | mean_length 64
09-04-21 14:54:35 - epoch 1 | global step 6350 | mode train | loss 2.0794 | accuracy 12.5 | mean_length 64
09-04-21 14:56:26 - epoch 1 | global step 6360 | mode train | loss 2.0807 | accuracy 12.1875 | mean_length 64
09-04-21 14:58:16 - epoch 1 | global step 6370 | mode train | loss 2.0813 | accuracy 12.5 | mean_length 64
09-04-21 15:00:06 - epoch 1 | global step 6380 | mode train | loss 2.0788 | accuracy 15.9375 | mean_length 64
09-04-21 15:01:55 - epoch 1 | global step 6390 | mode train | loss 2.0799 | accuracy 15.625 | mean_length 64
09-04-21 15:03:43 - epoch 1 | global step 6400 | mode train | loss 2.0799 | accuracy 11.25 | mean_length 64
09-04-21 15:05:31 - epoch 1 | global step 6410 | mode train | loss 2.0791 | accuracy 13.125 | mean_length 64
09-04-21 15:07:20 - epoch 1 | global step 6420 | mode train | loss 2.0801 | accuracy 11.25 | mean_length 64
09-04-21 15:09:10 - epoch 1 | global step 6430 | mode train | loss 2.0805 | accuracy 10.9375 | mean_length 64
09-04-21 15:11:00 - epoch 1 | global step 6440 | mode train | loss 2.0805 | accuracy 11.5625 | mean_length 64
09-04-21 15:12:50 - epoch 1 | global step 6450 | mode train | loss 2.0807 | accuracy 8.4375 | mean_length 64
09-04-21 15:14:38 - epoch 2 | global step 6460 | mode train | loss 2.0801 | accuracy 10.9375 | mean_length 64
09-04-21 15:16:26 - epoch 2 | global step 6470 | mode train | loss 2.0803 | accuracy 10.625 | mean_length 64
09-04-21 15:18:15 - epoch 2 | global step 6480 | mode train | loss 2.0794 | accuracy 12.8125 | mean_length 64
09-04-21 15:20:05 - epoch 2 | global step 6490 | mode train | loss 2.079 | accuracy 15.0 | mean_length 64
09-04-21 15:21:55 - epoch 2 | global step 6500 | mode train | loss 2.0788 | accuracy 10.3125 | mean_length 64
09-04-21 15:23:45 - epoch 2 | global step 6510 | mode train | loss 2.078 | accuracy 12.8125 | mean_length 64
09-04-21 15:25:36 - epoch 2 | global step 6520 | mode train | loss 2.0782 | accuracy 13.75 | mean_length 64
09-04-21 15:27:25 - epoch 2 | global step 6530 | mode train | loss 2.0791 | accuracy 10.9375 | mean_length 64
09-04-21 15:29:13 - epoch 2 | global step 6540 | mode train | loss 2.0786 | accuracy 12.8125 | mean_length 64
09-04-21 15:31:01 - epoch 2 | global step 6550 | mode train | loss 2.081 | accuracy 10.625 | mean_length 64
09-04-21 15:32:49 - epoch 2 | global step 6560 | mode train | loss 2.0791 | accuracy 10.9375 | mean_length 64
09-04-21 15:34:37 - epoch 2 | global step 6570 | mode train | loss 2.0807 | accuracy 10.625 | mean_length 64
09-04-21 15:36:25 - epoch 2 | global step 6580 | mode train | loss 2.0787 | accuracy 10.3125 | mean_length 64
09-04-21 15:38:13 - epoch 2 | global step 6590 | mode train | loss 2.0799 | accuracy 11.25 | mean_length 64
09-04-21 15:40:03 - epoch 2 | global step 6600 | mode train | loss 2.0789 | accuracy 10.9375 | mean_length 64
09-04-21 15:41:52 - epoch 2 | global step 6610 | mode train | loss 2.0807 | accuracy 10.9375 | mean_length 64
09-04-21 15:43:40 - epoch 2 | global step 6620 | mode train | loss 2.0805 | accuracy 11.25 | mean_length 64
09-04-21 15:45:28 - epoch 2 | global step 6630 | mode train | loss 2.079 | accuracy 13.75 | mean_length 64
09-04-21 15:47:16 - epoch 2 | global step 6640 | mode train | loss 2.0806 | accuracy 9.0625 | mean_length 64
09-04-21 15:49:04 - epoch 2 | global step 6650 | mode train | loss 2.0809 | accuracy 10.625 | mean_length 64
09-04-21 16:00:45 - epoch 2 | global step 6656 | mode validation | loss 2.0796 | accuracy 12.54 | mean_length 64
09-04-21 16:01:28 - epoch 2 | global step 6660 | mode train | loss 2.0792 | accuracy 13.4375 | mean_length 64
09-04-21 16:03:25 - epoch 2 | global step 6670 | mode train | loss 2.0807 | accuracy 12.1875 | mean_length 64
09-04-21 16:05:21 - epoch 2 | global step 6680 | mode train | loss 2.0783 | accuracy 13.4375 | mean_length 64
09-04-21 16:07:17 - epoch 2 | global step 6690 | mode train | loss 2.0802 | accuracy 12.8125 | mean_length 64
09-04-21 16:09:06 - epoch 2 | global step 6700 | mode train | loss 2.0806 | accuracy 13.4375 | mean_length 64
09-04-21 16:11:02 - epoch 2 | global step 6710 | mode train | loss 2.0794 | accuracy 12.8125 | mean_length 64
09-04-21 16:12:59 - epoch 2 | global step 6720 | mode train | loss 2.0789 | accuracy 14.0625 | mean_length 64
09-04-21 16:14:55 - epoch 2 | global step 6730 | mode train | loss 2.0797 | accuracy 11.25 | mean_length 64
09-04-21 16:16:51 - epoch 2 | global step 6740 | mode train | loss 2.0814 | accuracy 10.9375 | mean_length 64
09-04-21 16:18:39 - epoch 2 | global step 6750 | mode train | loss 2.0785 | accuracy 12.8125 | mean_length 64
09-04-21 16:20:36 - epoch 2 | global step 6760 | mode train | loss 2.0783 | accuracy 12.1875 | mean_length 64
09-04-21 16:22:32 - epoch 2 | global step 6770 | mode train | loss 2.0803 | accuracy 11.5625 | mean_length 64
09-04-21 16:24:28 - epoch 2 | global step 6780 | mode train | loss 2.0793 | accuracy 12.1875 | mean_length 64
09-04-21 16:26:24 - epoch 2 | global step 6790 | mode train | loss 2.0785 | accuracy 14.375 | mean_length 64
09-04-21 16:28:21 - epoch 2 | global step 6800 | mode train | loss 2.0797 | accuracy 10.3125 | mean_length 64
09-04-21 16:30:17 - epoch 2 | global step 6810 | mode train | loss 2.0795 | accuracy 14.0625 | mean_length 64
09-04-21 16:32:13 - epoch 2 | global step 6820 | mode train | loss 2.0792 | accuracy 12.1875 | mean_length 64
09-04-21 16:34:09 - epoch 2 | global step 6830 | mode train | loss 2.0776 | accuracy 14.0625 | mean_length 64
09-04-21 16:36:06 - epoch 2 | global step 6840 | mode train | loss 2.0785 | accuracy 13.125 | mean_length 64
09-04-21 16:38:02 - epoch 2 | global step 6850 | mode train | loss 2.0801 | accuracy 11.875 | mean_length 64
09-04-21 16:39:58 - epoch 2 | global step 6860 | mode train | loss 2.0794 | accuracy 11.5625 | mean_length 64
09-04-21 16:41:46 - epoch 2 | global step 6870 | mode train | loss 2.0789 | accuracy 12.5 | mean_length 64
09-04-21 16:43:33 - epoch 2 | global step 6880 | mode train | loss 2.0803 | accuracy 10.3125 | mean_length 64
09-04-21 16:45:30 - epoch 2 | global step 6890 | mode train | loss 2.0792 | accuracy 13.4375 | mean_length 64
09-04-21 16:47:26 - epoch 2 | global step 6900 | mode train | loss 2.0799 | accuracy 11.875 | mean_length 64
09-04-21 16:49:22 - epoch 2 | global step 6910 | mode train | loss 2.0808 | accuracy 12.5 | mean_length 64
09-04-21 16:51:18 - epoch 2 | global step 6920 | mode train | loss 2.0803 | accuracy 11.5625 | mean_length 64
09-04-21 16:53:15 - epoch 2 | global step 6930 | mode train | loss 2.0778 | accuracy 14.0625 | mean_length 64
09-04-21 16:55:03 - epoch 2 | global step 6940 | mode train | loss 2.0789 | accuracy 13.75 | mean_length 64
09-04-21 16:56:59 - epoch 2 | global step 6950 | mode train | loss 2.0801 | accuracy 11.25 | mean_length 64
09-04-21 16:58:49 - epoch 2 | global step 6960 | mode train | loss 2.0792 | accuracy 15.9375 | mean_length 64
09-04-21 17:00:40 - epoch 2 | global step 6970 | mode train | loss 2.0775 | accuracy 15.3125 | mean_length 64
09-04-21 17:02:29 - epoch 2 | global step 6980 | mode train | loss 2.0799 | accuracy 10.625 | mean_length 64
09-04-21 17:04:25 - epoch 2 | global step 6990 | mode train | loss 2.0808 | accuracy 11.875 | mean_length 64
09-04-21 17:06:15 - epoch 2 | global step 7000 | mode train | loss 2.08 | accuracy 11.875 | mean_length 64
09-04-21 17:08:05 - epoch 2 | global step 7010 | mode train | loss 2.0791 | accuracy 11.5625 | mean_length 64
09-04-21 17:09:54 - epoch 2 | global step 7020 | mode train | loss 2.0807 | accuracy 8.4375 | mean_length 64
09-04-21 17:11:42 - epoch 2 | global step 7030 | mode train | loss 2.0783 | accuracy 12.5 | mean_length 64
09-04-21 17:13:31 - epoch 2 | global step 7040 | mode train | loss 2.0785 | accuracy 13.125 | mean_length 64
09-04-21 17:15:19 - epoch 2 | global step 7050 | mode train | loss 2.0802 | accuracy 12.1875 | mean_length 64
09-04-21 17:17:07 - epoch 2 | global step 7060 | mode train | loss 2.0794 | accuracy 12.5 | mean_length 64
09-04-21 17:18:57 - epoch 2 | global step 7070 | mode train | loss 2.0787 | accuracy 12.5 | mean_length 64
09-04-21 17:20:47 - epoch 2 | global step 7080 | mode train | loss 2.0795 | accuracy 10.625 | mean_length 64
09-04-21 17:22:37 - epoch 2 | global step 7090 | mode train | loss 2.0796 | accuracy 13.125 | mean_length 64
09-04-21 17:24:27 - epoch 2 | global step 7100 | mode train | loss 2.0817 | accuracy 11.875 | mean_length 64
09-04-21 17:26:17 - epoch 2 | global step 7110 | mode train | loss 2.079 | accuracy 12.8125 | mean_length 64
09-04-21 17:28:08 - epoch 2 | global step 7120 | mode train | loss 2.0795 | accuracy 11.875 | mean_length 64
09-04-21 17:29:58 - epoch 2 | global step 7130 | mode train | loss 2.0806 | accuracy 13.75 | mean_length 64
09-04-21 17:31:46 - epoch 2 | global step 7140 | mode train | loss 2.0801 | accuracy 10.3125 | mean_length 64
09-04-21 17:33:35 - epoch 2 | global step 7150 | mode train | loss 2.0801 | accuracy 12.8125 | mean_length 64
09-04-21 17:35:26 - epoch 2 | global step 7160 | mode train | loss 2.0804 | accuracy 11.25 | mean_length 64
09-04-21 17:46:25 - epoch 2 | global step 7168 | mode validation | loss 2.0794 | accuracy 12.0 | mean_length 64
09-04-21 17:46:25 - Saving model to Output/accGrad4_mbart_noBT_lr7.5e-6_7distractors_maxstep8192_seed42
Epoch: 2, Prediction Accuracy: 12.0, Saved to Path: Output/accGrad4_mbart_noBT_lr7.5e-6_7distractors_maxstep8192_seed42
09-04-21 17:46:57 - epoch 2 | global step 7170 | mode train | loss 2.079 | accuracy 11.5625 | mean_length 64
09-04-21 17:48:45 - epoch 2 | global step 7180 | mode train | loss 2.0789 | accuracy 13.4375 | mean_length 64
09-04-21 17:50:35 - epoch 2 | global step 7190 | mode train | loss 2.0796 | accuracy 12.5 | mean_length 64
09-04-21 17:52:25 - epoch 2 | global step 7200 | mode train | loss 2.0811 | accuracy 10.3125 | mean_length 64
09-04-21 17:54:15 - epoch 2 | global step 7210 | mode train | loss 2.0808 | accuracy 8.75 | mean_length 64
09-04-21 17:56:06 - epoch 2 | global step 7220 | mode train | loss 2.0793 | accuracy 10.3125 | mean_length 64
09-04-21 17:57:54 - epoch 2 | global step 7230 | mode train | loss 2.0801 | accuracy 14.6875 | mean_length 64
09-04-21 17:59:42 - epoch 2 | global step 7240 | mode train | loss 2.0799 | accuracy 12.5 | mean_length 64
09-04-21 18:01:29 - epoch 2 | global step 7250 | mode train | loss 2.0796 | accuracy 11.25 | mean_length 64
09-04-21 18:03:17 - epoch 2 | global step 7260 | mode train | loss 2.079 | accuracy 11.5625 | mean_length 64
09-04-21 18:05:05 - epoch 2 | global step 7270 | mode train | loss 2.0788 | accuracy 13.125 | mean_length 64
09-04-21 18:06:53 - epoch 2 | global step 7280 | mode train | loss 2.079 | accuracy 15.0 | mean_length 64
09-04-21 18:08:41 - epoch 2 | global step 7290 | mode train | loss 2.0784 | accuracy 16.25 | mean_length 64
09-04-21 18:10:28 - epoch 2 | global step 7300 | mode train | loss 2.0785 | accuracy 13.75 | mean_length 64
09-04-21 18:12:15 - epoch 2 | global step 7310 | mode train | loss 2.079 | accuracy 14.375 | mean_length 64
09-04-21 18:14:04 - epoch 2 | global step 7320 | mode train | loss 2.0794 | accuracy 13.75 | mean_length 64
09-04-21 18:15:54 - epoch 2 | global step 7330 | mode train | loss 2.0791 | accuracy 11.5625 | mean_length 64
09-04-21 18:17:44 - epoch 2 | global step 7340 | mode train | loss 2.0787 | accuracy 11.875 | mean_length 64
09-04-21 18:19:32 - epoch 2 | global step 7350 | mode train | loss 2.0801 | accuracy 13.125 | mean_length 64
09-04-21 18:21:20 - epoch 2 | global step 7360 | mode train | loss 2.0801 | accuracy 13.125 | mean_length 64
09-04-21 18:23:07 - epoch 2 | global step 7370 | mode train | loss 2.0803 | accuracy 8.75 | mean_length 64
09-04-21 18:24:54 - epoch 2 | global step 7380 | mode train | loss 2.0788 | accuracy 12.5 | mean_length 64
09-04-21 18:26:41 - epoch 2 | global step 7390 | mode train | loss 2.08 | accuracy 10.625 | mean_length 64
09-04-21 18:28:28 - epoch 2 | global step 7400 | mode train | loss 2.0806 | accuracy 11.5625 | mean_length 64
09-04-21 18:30:15 - epoch 2 | global step 7410 | mode train | loss 2.0791 | accuracy 11.875 | mean_length 64
09-04-21 18:32:02 - epoch 2 | global step 7420 | mode train | loss 2.0803 | accuracy 10.0 | mean_length 64
09-04-21 18:33:49 - epoch 2 | global step 7430 | mode train | loss 2.0809 | accuracy 12.1875 | mean_length 64
09-04-21 18:35:36 - epoch 2 | global step 7440 | mode train | loss 2.0792 | accuracy 11.5625 | mean_length 64
09-04-21 18:37:23 - epoch 2 | global step 7450 | mode train | loss 2.0783 | accuracy 19.0625 | mean_length 64
09-04-21 18:39:13 - epoch 2 | global step 7460 | mode train | loss 2.0798 | accuracy 15.625 | mean_length 64
09-04-21 18:41:06 - epoch 2 | global step 7470 | mode train | loss 2.0789 | accuracy 10.3125 | mean_length 64
09-04-21 18:42:54 - epoch 2 | global step 7480 | mode train | loss 2.0815 | accuracy 9.375 | mean_length 64
09-04-21 18:44:42 - epoch 2 | global step 7490 | mode train | loss 2.0799 | accuracy 12.8125 | mean_length 64
09-04-21 18:46:38 - epoch 2 | global step 7500 | mode train | loss 2.0813 | accuracy 9.6875 | mean_length 64
09-04-21 18:48:31 - epoch 2 | global step 7510 | mode train | loss 2.0793 | accuracy 10.3125 | mean_length 64
09-04-21 18:50:28 - epoch 2 | global step 7520 | mode train | loss 2.0795 | accuracy 13.75 | mean_length 64
09-04-21 18:52:24 - epoch 2 | global step 7530 | mode train | loss 2.0804 | accuracy 12.1875 | mean_length 64
09-04-21 18:54:21 - epoch 2 | global step 7540 | mode train | loss 2.0792 | accuracy 12.1875 | mean_length 64
09-04-21 18:56:18 - epoch 2 | global step 7550 | mode train | loss 2.0798 | accuracy 10.625 | mean_length 64
09-04-21 18:58:14 - epoch 2 | global step 7560 | mode train | loss 2.0793 | accuracy 12.8125 | mean_length 64
09-04-21 19:00:06 - epoch 2 | global step 7570 | mode train | loss 2.081 | accuracy 10.625 | mean_length 64
09-04-21 19:01:53 - epoch 2 | global step 7580 | mode train | loss 2.0852 | accuracy 8.4375 | mean_length 64
09-04-21 19:03:44 - epoch 2 | global step 7590 | mode train | loss 2.0802 | accuracy 10.625 | mean_length 64
09-04-21 19:05:36 - epoch 2 | global step 7600 | mode train | loss 2.0793 | accuracy 12.8125 | mean_length 64
09-04-21 19:07:33 - epoch 2 | global step 7610 | mode train | loss 2.0795 | accuracy 10.0 | mean_length 64
09-04-21 19:09:29 - epoch 2 | global step 7620 | mode train | loss 2.0791 | accuracy 13.125 | mean_length 64
09-04-21 19:11:26 - epoch 2 | global step 7630 | mode train | loss 2.0803 | accuracy 10.0 | mean_length 64
09-04-21 19:13:22 - epoch 2 | global step 7640 | mode train | loss 2.0791 | accuracy 9.375 | mean_length 64
09-04-21 19:15:11 - epoch 2 | global step 7650 | mode train | loss 2.079 | accuracy 10.3125 | mean_length 64
09-04-21 19:17:07 - epoch 2 | global step 7660 | mode train | loss 2.0784 | accuracy 15.625 | mean_length 64
09-04-21 19:18:57 - epoch 2 | global step 7670 | mode train | loss 2.0797 | accuracy 13.125 | mean_length 64
09-04-21 19:20:53 - epoch 2 | global step 7680 | mode train | loss 2.0788 | accuracy 13.4375 | mean_length 64
09-04-21 19:32:14 - epoch 2 | global step 7680 | mode validation | loss 2.0794 | accuracy 12.68 | mean_length 64
09-04-21 19:34:03 - epoch 2 | global step 7690 | mode train | loss 2.0793 | accuracy 10.625 | mean_length 64
09-04-21 19:35:59 - epoch 2 | global step 7700 | mode train | loss 2.0805 | accuracy 9.0625 | mean_length 64
09-04-21 19:37:56 - epoch 2 | global step 7710 | mode train | loss 2.0802 | accuracy 11.25 | mean_length 64
09-04-21 19:39:44 - epoch 2 | global step 7720 | mode train | loss 2.0793 | accuracy 13.125 | mean_length 64
09-04-21 19:41:31 - epoch 2 | global step 7730 | mode train | loss 2.079 | accuracy 12.1875 | mean_length 64
09-04-21 19:43:21 - epoch 2 | global step 7740 | mode train | loss 2.0787 | accuracy 15.625 | mean_length 64
09-04-21 19:45:10 - epoch 2 | global step 7750 | mode train | loss 2.0793 | accuracy 13.75 | mean_length 64
09-04-21 19:46:58 - epoch 2 | global step 7760 | mode train | loss 2.0793 | accuracy 15.9375 | mean_length 64
09-04-21 19:48:48 - epoch 2 | global step 7770 | mode train | loss 2.0798 | accuracy 10.9375 | mean_length 64
09-04-21 19:50:40 - epoch 2 | global step 7780 | mode train | loss 2.0804 | accuracy 7.1875 | mean_length 64
09-04-21 19:52:29 - epoch 2 | global step 7790 | mode train | loss 2.0799 | accuracy 14.0625 | mean_length 64
09-04-21 19:54:19 - epoch 2 | global step 7800 | mode train | loss 2.0803 | accuracy 11.25 | mean_length 64
09-04-21 19:56:10 - epoch 2 | global step 7810 | mode train | loss 2.0803 | accuracy 10.0 | mean_length 64
09-04-21 19:57:59 - epoch 2 | global step 7820 | mode train | loss 2.0786 | accuracy 14.0625 | mean_length 64
09-04-21 19:59:56 - epoch 2 | global step 7830 | mode train | loss 2.0784 | accuracy 15.3125 | mean_length 64
09-04-21 20:01:44 - epoch 2 | global step 7840 | mode train | loss 2.0796 | accuracy 11.5625 | mean_length 64
09-04-21 20:03:34 - epoch 2 | global step 7850 | mode train | loss 2.0787 | accuracy 14.6875 | mean_length 64
09-04-21 20:05:29 - epoch 2 | global step 7860 | mode train | loss 2.0788 | accuracy 12.8125 | mean_length 64
09-04-21 20:07:17 - epoch 2 | global step 7870 | mode train | loss 2.0803 | accuracy 10.9375 | mean_length 64
09-04-21 20:09:07 - epoch 2 | global step 7880 | mode train | loss 2.0795 | accuracy 13.4375 | mean_length 64
09-04-21 20:10:56 - epoch 2 | global step 7890 | mode train | loss 2.0799 | accuracy 11.875 | mean_length 64
09-04-21 20:12:44 - epoch 2 | global step 7900 | mode train | loss 2.0798 | accuracy 13.125 | mean_length 64
09-04-21 20:14:32 - epoch 2 | global step 7910 | mode train | loss 2.0797 | accuracy 11.25 | mean_length 64
09-04-21 20:16:22 - epoch 2 | global step 7920 | mode train | loss 2.0798 | accuracy 11.25 | mean_length 64
09-04-21 20:18:12 - epoch 2 | global step 7930 | mode train | loss 2.0803 | accuracy 12.1875 | mean_length 64
09-04-21 20:19:59 - epoch 2 | global step 7940 | mode train | loss 2.0796 | accuracy 13.4375 | mean_length 64
09-04-21 20:21:46 - epoch 2 | global step 7950 | mode train | loss 2.0807 | accuracy 11.875 | mean_length 64
09-04-21 20:23:34 - epoch 2 | global step 7960 | mode train | loss 2.0796 | accuracy 13.125 | mean_length 64
09-04-21 20:25:24 - epoch 2 | global step 7970 | mode train | loss 2.0787 | accuracy 14.375 | mean_length 64
09-04-21 20:27:14 - epoch 2 | global step 7980 | mode train | loss 2.0791 | accuracy 14.0625 | mean_length 64
09-04-21 20:29:02 - epoch 2 | global step 7990 | mode train | loss 2.0809 | accuracy 9.375 | mean_length 64
09-04-21 20:30:51 - epoch 2 | global step 8000 | mode train | loss 2.0799 | accuracy 12.1875 | mean_length 64
09-04-21 20:32:40 - epoch 2 | global step 8010 | mode train | loss 2.0803 | accuracy 12.5 | mean_length 64
09-04-21 20:34:29 - epoch 2 | global step 8020 | mode train | loss 2.0802 | accuracy 11.875 | mean_length 64
09-04-21 20:36:19 - epoch 2 | global step 8030 | mode train | loss 2.0799 | accuracy 13.75 | mean_length 64
09-04-21 20:38:07 - epoch 2 | global step 8040 | mode train | loss 2.0789 | accuracy 12.8125 | mean_length 64
09-04-21 20:39:55 - epoch 2 | global step 8050 | mode train | loss 2.0804 | accuracy 12.8125 | mean_length 64
09-04-21 20:41:44 - epoch 2 | global step 8060 | mode train | loss 2.0802 | accuracy 11.5625 | mean_length 64
09-04-21 20:43:32 - epoch 2 | global step 8070 | mode train | loss 2.0797 | accuracy 15.9375 | mean_length 64
09-04-21 20:45:20 - epoch 2 | global step 8080 | mode train | loss 2.0796 | accuracy 12.8125 | mean_length 64
09-04-21 20:47:08 - epoch 2 | global step 8090 | mode train | loss 2.0799 | accuracy 14.0625 | mean_length 64
09-04-21 20:48:56 - epoch 2 | global step 8100 | mode train | loss 2.0793 | accuracy 10.9375 | mean_length 64
09-04-21 20:50:44 - epoch 2 | global step 8110 | mode train | loss 2.0806 | accuracy 12.1875 | mean_length 64
09-04-21 20:52:33 - epoch 2 | global step 8120 | mode train | loss 2.0798 | accuracy 11.25 | mean_length 64
09-04-21 20:54:21 - epoch 2 | global step 8130 | mode train | loss 2.0798 | accuracy 14.375 | mean_length 64
09-04-21 20:56:09 - epoch 2 | global step 8140 | mode train | loss 2.0807 | accuracy 10.9375 | mean_length 64
09-04-21 20:57:56 - epoch 2 | global step 8150 | mode train | loss 2.0794 | accuracy 12.8125 | mean_length 64
09-04-21 20:59:43 - epoch 2 | global step 8160 | mode train | loss 2.0797 | accuracy 12.8125 | mean_length 64
09-04-21 21:01:30 - epoch 2 | global step 8170 | mode train | loss 2.079 | accuracy 13.75 | mean_length 64
09-04-21 21:03:20 - epoch 2 | global step 8180 | mode train | loss 2.0802 | accuracy 11.25 | mean_length 64
09-04-21 21:05:15 - epoch 2 | global step 8190 | mode train | loss 2.0814 | accuracy 12.1875 | mean_length 64
09-04-21 21:05:37 - Evaluate the following checkpoint: Output/accGrad4_mbart_noBT_lr7.5e-6_7distractors_maxstep8192_seed42/model.pt
09-04-21 21:18:44 - Best model stats: 
09-04-21 21:18:44 - epoch 0 | global step 0 | mode validation | loss 2.0795 | accuracy 12.48 | mean_length 64
