==========================================
SLURM_JOB_ID = 5860837
SLURM_JOB_NODELIST = d14-06
TMPDIR = /tmp/SLURM_5860837
==========================================
/home1/zliu9986/communication-translation
09-12-21 22:33:55 - Dataset Loaded
09-12-21 22:33:55 - Configuration:
Namespace(TransferH=False, alpha=1.0, batch_size=8, beam_width=5, bidirectional=False, config='Configs/mbart_ec_noBT.yml', cpu=False, decode_how='beam', device=device(type='cuda'), do_eval=True, do_train=True, dropout=0.1, fix_bhd=False, fix_spk=False, grad_clip=1.0, gradient_accumulation_steps=4, hard=False, has_vocab_constraint=False, hidden_dim=512, image_dim=2048, lr=1.5e-05, max_global_step=8192, max_seq_length=64, mode='emergent_communication', model_name='Models/mbart-large-cc25', n_gpu=1, no_share_bhd=False, no_terminal=False, no_write=False, num_distractors_train=7, num_distractors_valid=7, num_games=30, num_layers=1, output_dir='Output/accGrad4_mbart_noBT_lr1.5e-5_7distractors_maxstep8192_seed43', print_every=10, save_output_txt=True, save_pretrain_seperately=True, seed=43, source_lang='en_XX', source_lang_vocab_constrain_file='/projects/unmt/communication-translation/en_cc_tokenID2count_dict.cc25.json', stats_to_print=['loss', 'accuracy', 'caption generation loss', 'image selection loss', 'mean_length'], target_acc=85.0, target_lang='zh_CN', target_lang_vocab_constrain_file='/projects/unmt/communication-translation/zh-Hans_cc_tokenID2count_dict.cc25.json', temp=1.0, temperature=1.0, train_images='./Data/ec_finetuning/images_train', two_ffwd=False, unit_norm=False, valid_every=512, valid_images='./Data/ec_finetuning/images_val', vocab_size=4035)
Sharing visual system for each agent.
09-12-21 22:44:03 - epoch 0 | global step 0 | mode validation | loss 3.1148 | accuracy 12.42 | mean_length 63.6134
09-12-21 22:44:03 - Saving model to Output/accGrad4_mbart_noBT_lr1.5e-5_7distractors_maxstep8192_seed43
Epoch: 0, Prediction Accuracy: 12.42, Saved to Path: Output/accGrad4_mbart_noBT_lr1.5e-5_7distractors_maxstep8192_seed43
09-12-21 22:46:01 - epoch 0 | global step 10 | mode train | loss 2.2442 | accuracy 18.75 | mean_length 59.8281
09-12-21 22:47:49 - epoch 0 | global step 20 | mode train | loss 2.1268 | accuracy 13.4375 | mean_length 64
09-12-21 22:49:36 - epoch 0 | global step 30 | mode train | loss 2.1011 | accuracy 13.125 | mean_length 64
09-12-21 22:51:24 - epoch 0 | global step 40 | mode train | loss 2.1115 | accuracy 9.6875 | mean_length 64
09-12-21 22:53:11 - epoch 0 | global step 50 | mode train | loss 2.0852 | accuracy 15.9375 | mean_length 64
09-12-21 22:54:59 - epoch 0 | global step 60 | mode train | loss 2.0854 | accuracy 10.9375 | mean_length 64
09-12-21 22:56:46 - epoch 0 | global step 70 | mode train | loss 2.0842 | accuracy 14.6875 | mean_length 64
09-12-21 22:58:34 - epoch 0 | global step 80 | mode train | loss 2.0777 | accuracy 13.4375 | mean_length 64
09-12-21 23:00:21 - epoch 0 | global step 90 | mode train | loss 2.1007 | accuracy 10.625 | mean_length 64
09-12-21 23:02:09 - epoch 0 | global step 100 | mode train | loss 2.0843 | accuracy 11.5625 | mean_length 64
09-12-21 23:03:56 - epoch 0 | global step 110 | mode train | loss 2.0763 | accuracy 13.4375 | mean_length 64
09-12-21 23:05:44 - epoch 0 | global step 120 | mode train | loss 2.0917 | accuracy 12.5 | mean_length 64
09-12-21 23:07:31 - epoch 0 | global step 130 | mode train | loss 2.0835 | accuracy 10.625 | mean_length 64
09-12-21 23:09:19 - epoch 0 | global step 140 | mode train | loss 2.0756 | accuracy 15.3125 | mean_length 64
09-12-21 23:11:06 - epoch 0 | global step 150 | mode train | loss 2.0836 | accuracy 10.9375 | mean_length 64
09-12-21 23:12:54 - epoch 0 | global step 160 | mode train | loss 2.0769 | accuracy 12.8125 | mean_length 64
09-12-21 23:14:41 - epoch 0 | global step 170 | mode train | loss 2.0678 | accuracy 15.3125 | mean_length 64
09-12-21 23:16:29 - epoch 0 | global step 180 | mode train | loss 2.058 | accuracy 18.4375 | mean_length 64
09-12-21 23:18:16 - epoch 0 | global step 190 | mode train | loss 2.2654 | accuracy 13.4375 | mean_length 64
09-12-21 23:20:03 - epoch 0 | global step 200 | mode train | loss 2.2686 | accuracy 14.6875 | mean_length 64
09-12-21 23:21:51 - epoch 0 | global step 210 | mode train | loss 2.1479 | accuracy 15.0 | mean_length 64
09-12-21 23:23:38 - epoch 0 | global step 220 | mode train | loss 2.0976 | accuracy 10.9375 | mean_length 64
09-12-21 23:25:26 - epoch 0 | global step 230 | mode train | loss 2.1379 | accuracy 13.125 | mean_length 64
09-12-21 23:27:13 - epoch 0 | global step 240 | mode train | loss 2.0673 | accuracy 17.5 | mean_length 64
09-12-21 23:29:01 - epoch 0 | global step 250 | mode train | loss 2.0719 | accuracy 19.375 | mean_length 64
09-12-21 23:30:48 - epoch 0 | global step 260 | mode train | loss 2.0095 | accuracy 18.125 | mean_length 64
09-12-21 23:32:36 - epoch 0 | global step 270 | mode train | loss 1.9825 | accuracy 18.75 | mean_length 64
09-12-21 23:34:23 - epoch 0 | global step 280 | mode train | loss 1.9826 | accuracy 21.875 | mean_length 64
09-12-21 23:36:10 - epoch 0 | global step 290 | mode train | loss 1.9704 | accuracy 22.8125 | mean_length 64
09-12-21 23:37:58 - epoch 0 | global step 300 | mode train | loss 2.0049 | accuracy 20.3125 | mean_length 64
09-12-21 23:39:46 - epoch 0 | global step 310 | mode train | loss 1.8995 | accuracy 25.625 | mean_length 64
09-12-21 23:41:33 - epoch 0 | global step 320 | mode train | loss 1.8879 | accuracy 25.625 | mean_length 64
09-12-21 23:43:20 - epoch 0 | global step 330 | mode train | loss 1.9524 | accuracy 25.0 | mean_length 64
09-12-21 23:45:07 - epoch 0 | global step 340 | mode train | loss 1.8623 | accuracy 23.75 | mean_length 64
09-12-21 23:46:54 - epoch 0 | global step 350 | mode train | loss 1.8172 | accuracy 27.8125 | mean_length 64
09-12-21 23:48:42 - epoch 0 | global step 360 | mode train | loss 1.8656 | accuracy 22.1875 | mean_length 64
09-12-21 23:50:29 - epoch 0 | global step 370 | mode train | loss 1.7634 | accuracy 28.4375 | mean_length 64
09-12-21 23:52:16 - epoch 0 | global step 380 | mode train | loss 1.7668 | accuracy 25.3125 | mean_length 64
09-12-21 23:54:03 - epoch 0 | global step 390 | mode train | loss 1.7108 | accuracy 34.0625 | mean_length 64
09-12-21 23:55:50 - epoch 0 | global step 400 | mode train | loss 1.7494 | accuracy 25.625 | mean_length 64
09-12-21 23:57:37 - epoch 0 | global step 410 | mode train | loss 1.6834 | accuracy 27.8125 | mean_length 64
09-12-21 23:59:25 - epoch 0 | global step 420 | mode train | loss 1.6801 | accuracy 28.75 | mean_length 63.8875
09-13-21 00:01:12 - epoch 0 | global step 430 | mode train | loss 1.6115 | accuracy 35.625 | mean_length 63.8969
09-13-21 00:02:59 - epoch 0 | global step 440 | mode train | loss 1.5475 | accuracy 39.6875 | mean_length 64
09-13-21 00:04:46 - epoch 0 | global step 450 | mode train | loss 1.598 | accuracy 31.875 | mean_length 64
09-13-21 00:06:33 - epoch 0 | global step 460 | mode train | loss 1.6024 | accuracy 33.4375 | mean_length 63.7625
09-13-21 00:08:20 - epoch 0 | global step 470 | mode train | loss 1.5633 | accuracy 36.5625 | mean_length 63.7594
09-13-21 00:10:08 - epoch 0 | global step 480 | mode train | loss 1.5464 | accuracy 38.4375 | mean_length 63.7437
09-13-21 00:11:55 - epoch 0 | global step 490 | mode train | loss 1.8076 | accuracy 30.625 | mean_length 63.0656
09-13-21 00:13:42 - epoch 0 | global step 500 | mode train | loss 1.9642 | accuracy 21.25 | mean_length 62.7719
09-13-21 00:15:29 - epoch 0 | global step 510 | mode train | loss 1.8443 | accuracy 28.125 | mean_length 62.4438
09-13-21 00:25:24 - epoch 0 | global step 512 | mode validation | loss 2.1644 | accuracy 12.88 | mean_length 64
09-13-21 00:25:24 - Saving model to Output/accGrad4_mbart_noBT_lr1.5e-5_7distractors_maxstep8192_seed43
Epoch: 0, Prediction Accuracy: 12.88, Saved to Path: Output/accGrad4_mbart_noBT_lr1.5e-5_7distractors_maxstep8192_seed43
09-13-21 00:27:00 - epoch 0 | global step 520 | mode train | loss 1.8359 | accuracy 26.5625 | mean_length 63.3969
09-13-21 00:28:47 - epoch 0 | global step 530 | mode train | loss 1.7761 | accuracy 29.0625 | mean_length 63.3344
09-13-21 00:30:34 - epoch 0 | global step 540 | mode train | loss 1.7744 | accuracy 32.1875 | mean_length 62.4188
09-13-21 00:32:21 - epoch 0 | global step 550 | mode train | loss 1.7388 | accuracy 33.125 | mean_length 63.025
09-13-21 00:34:08 - epoch 0 | global step 560 | mode train | loss 1.74 | accuracy 35.9375 | mean_length 63.5938
09-13-21 00:35:55 - epoch 0 | global step 570 | mode train | loss 2.0993 | accuracy 26.875 | mean_length 63.9062
09-13-21 00:37:43 - epoch 0 | global step 580 | mode train | loss 2.1009 | accuracy 22.5 | mean_length 64
09-13-21 00:39:30 - epoch 0 | global step 590 | mode train | loss 1.9802 | accuracy 25.3125 | mean_length 63.8656
09-13-21 00:41:18 - epoch 0 | global step 600 | mode train | loss 2.0888 | accuracy 22.8125 | mean_length 63.8563
09-13-21 00:43:05 - epoch 0 | global step 610 | mode train | loss 2.1539 | accuracy 19.0625 | mean_length 63.9875
09-13-21 00:44:52 - epoch 0 | global step 620 | mode train | loss 2.2023 | accuracy 20.0 | mean_length 64
09-13-21 00:46:39 - epoch 0 | global step 630 | mode train | loss 2.1779 | accuracy 15.9375 | mean_length 64
09-13-21 00:48:26 - epoch 0 | global step 640 | mode train | loss 2.0965 | accuracy 20.9375 | mean_length 64
09-13-21 00:50:13 - epoch 0 | global step 650 | mode train | loss 1.9422 | accuracy 22.8125 | mean_length 64
09-13-21 00:52:00 - epoch 0 | global step 660 | mode train | loss 2.005 | accuracy 26.5625 | mean_length 64
09-13-21 00:53:47 - epoch 0 | global step 670 | mode train | loss 2.0222 | accuracy 22.1875 | mean_length 64
09-13-21 00:55:34 - epoch 0 | global step 680 | mode train | loss 1.9274 | accuracy 27.8125 | mean_length 64
09-13-21 00:57:21 - epoch 0 | global step 690 | mode train | loss 1.8819 | accuracy 27.8125 | mean_length 64
09-13-21 00:59:08 - epoch 0 | global step 700 | mode train | loss 1.8793 | accuracy 26.25 | mean_length 64
09-13-21 01:00:56 - epoch 0 | global step 710 | mode train | loss 2.0505 | accuracy 18.75 | mean_length 64
09-13-21 01:02:43 - epoch 0 | global step 720 | mode train | loss 1.9405 | accuracy 20.9375 | mean_length 64
09-13-21 01:04:30 - epoch 0 | global step 730 | mode train | loss 1.9472 | accuracy 20.3125 | mean_length 64
09-13-21 01:06:17 - epoch 0 | global step 740 | mode train | loss 1.9831 | accuracy 22.8125 | mean_length 64
09-13-21 01:08:04 - epoch 0 | global step 750 | mode train | loss 2.0695 | accuracy 18.4375 | mean_length 64
09-13-21 01:09:51 - epoch 0 | global step 760 | mode train | loss 2.0191 | accuracy 21.25 | mean_length 64
09-13-21 01:11:38 - epoch 0 | global step 770 | mode train | loss 2.0378 | accuracy 18.125 | mean_length 64
09-13-21 01:13:25 - epoch 0 | global step 780 | mode train | loss 2.0444 | accuracy 18.125 | mean_length 64
09-13-21 01:15:12 - epoch 0 | global step 790 | mode train | loss 2.0094 | accuracy 21.5625 | mean_length 64
09-13-21 01:16:59 - epoch 0 | global step 800 | mode train | loss 1.9883 | accuracy 20.625 | mean_length 64
09-13-21 01:18:46 - epoch 0 | global step 810 | mode train | loss 2.0184 | accuracy 19.375 | mean_length 64
09-13-21 01:20:33 - epoch 0 | global step 820 | mode train | loss 2.0716 | accuracy 17.1875 | mean_length 64
09-13-21 01:22:21 - epoch 0 | global step 830 | mode train | loss 2.0836 | accuracy 17.1875 | mean_length 64
09-13-21 01:24:08 - epoch 0 | global step 840 | mode train | loss 2.0121 | accuracy 19.375 | mean_length 64
09-13-21 01:25:55 - epoch 0 | global step 850 | mode train | loss 2.0052 | accuracy 20.625 | mean_length 64
09-13-21 01:27:42 - epoch 0 | global step 860 | mode train | loss 2.0777 | accuracy 16.5625 | mean_length 64
09-13-21 01:29:29 - epoch 0 | global step 870 | mode train | loss 1.9742 | accuracy 19.0625 | mean_length 64
09-13-21 01:31:16 - epoch 0 | global step 880 | mode train | loss 1.985 | accuracy 20.0 | mean_length 64
09-13-21 01:33:03 - epoch 0 | global step 890 | mode train | loss 1.9913 | accuracy 20.0 | mean_length 64
09-13-21 01:34:50 - epoch 0 | global step 900 | mode train | loss 1.8605 | accuracy 23.4375 | mean_length 64
09-13-21 01:36:37 - epoch 0 | global step 910 | mode train | loss 1.7677 | accuracy 25.625 | mean_length 64
09-13-21 01:38:25 - epoch 0 | global step 920 | mode train | loss 1.6135 | accuracy 36.5625 | mean_length 64
09-13-21 01:40:12 - epoch 0 | global step 930 | mode train | loss 1.5528 | accuracy 35.3125 | mean_length 64
09-13-21 01:41:59 - epoch 0 | global step 940 | mode train | loss 1.5239 | accuracy 35.3125 | mean_length 64
09-13-21 01:43:47 - epoch 0 | global step 950 | mode train | loss 1.6113 | accuracy 34.6875 | mean_length 64
09-13-21 01:45:34 - epoch 0 | global step 960 | mode train | loss 1.7408 | accuracy 31.25 | mean_length 64
09-13-21 01:47:22 - epoch 0 | global step 970 | mode train | loss 1.8371 | accuracy 30.0 | mean_length 64
09-13-21 01:49:09 - epoch 0 | global step 980 | mode train | loss 1.7714 | accuracy 27.8125 | mean_length 64
09-13-21 01:50:56 - epoch 0 | global step 990 | mode train | loss 2.0537 | accuracy 17.5 | mean_length 64
09-13-21 01:52:43 - epoch 0 | global step 1000 | mode train | loss 2.1445 | accuracy 14.6875 | mean_length 64
09-13-21 01:54:30 - epoch 0 | global step 1010 | mode train | loss 2.1749 | accuracy 14.375 | mean_length 64
09-13-21 01:56:17 - epoch 0 | global step 1020 | mode train | loss 2.1728 | accuracy 12.1875 | mean_length 64
09-13-21 02:06:32 - epoch 0 | global step 1024 | mode validation | loss 2.2048 | accuracy 12.02 | mean_length 64
09-13-21 02:07:36 - epoch 0 | global step 1030 | mode train | loss 2.1743 | accuracy 11.25 | mean_length 64
09-13-21 02:09:23 - epoch 0 | global step 1040 | mode train | loss 2.1369 | accuracy 15.0 | mean_length 64
09-13-21 02:11:11 - epoch 0 | global step 1050 | mode train | loss 2.1524 | accuracy 12.1875 | mean_length 64
09-13-21 02:12:58 - epoch 0 | global step 1060 | mode train | loss 2.1411 | accuracy 9.375 | mean_length 64
09-13-21 02:14:45 - epoch 0 | global step 1070 | mode train | loss 2.1267 | accuracy 12.5 | mean_length 64
09-13-21 02:16:32 - epoch 0 | global step 1080 | mode train | loss 2.1339 | accuracy 10.3125 | mean_length 64
09-13-21 02:18:19 - epoch 0 | global step 1090 | mode train | loss 2.1212 | accuracy 14.375 | mean_length 64
09-13-21 02:20:06 - epoch 0 | global step 1100 | mode train | loss 2.0974 | accuracy 9.6875 | mean_length 64
09-13-21 02:21:53 - epoch 0 | global step 1110 | mode train | loss 2.0953 | accuracy 14.6875 | mean_length 64
09-13-21 02:23:40 - epoch 0 | global step 1120 | mode train | loss 2.1175 | accuracy 11.875 | mean_length 64
09-13-21 02:25:27 - epoch 0 | global step 1130 | mode train | loss 2.0805 | accuracy 12.8125 | mean_length 64
09-13-21 02:27:14 - epoch 0 | global step 1140 | mode train | loss 2.0814 | accuracy 15.3125 | mean_length 64
09-13-21 02:29:02 - epoch 0 | global step 1150 | mode train | loss 2.1006 | accuracy 13.75 | mean_length 64
09-13-21 02:30:49 - epoch 0 | global step 1160 | mode train | loss 2.0834 | accuracy 13.4375 | mean_length 64
09-13-21 02:32:36 - epoch 0 | global step 1170 | mode train | loss 2.0359 | accuracy 19.0625 | mean_length 64
09-13-21 02:34:23 - epoch 0 | global step 1180 | mode train | loss 2.075 | accuracy 17.8125 | mean_length 64
09-13-21 02:36:10 - epoch 0 | global step 1190 | mode train | loss 2.0659 | accuracy 17.5 | mean_length 64
09-13-21 02:37:57 - epoch 0 | global step 1200 | mode train | loss 2.0314 | accuracy 18.4375 | mean_length 64
09-13-21 02:39:45 - epoch 0 | global step 1210 | mode train | loss 2.0738 | accuracy 16.875 | mean_length 64
09-13-21 02:41:32 - epoch 0 | global step 1220 | mode train | loss 2.0026 | accuracy 19.375 | mean_length 64
09-13-21 02:43:19 - epoch 0 | global step 1230 | mode train | loss 1.8851 | accuracy 23.4375 | mean_length 64
09-13-21 02:45:06 - epoch 0 | global step 1240 | mode train | loss 1.8177 | accuracy 25.9375 | mean_length 64
09-13-21 02:46:53 - epoch 0 | global step 1250 | mode train | loss 1.7237 | accuracy 28.75 | mean_length 64
09-13-21 02:48:40 - epoch 0 | global step 1260 | mode train | loss 1.698 | accuracy 25.3125 | mean_length 64
09-13-21 02:50:27 - epoch 0 | global step 1270 | mode train | loss 1.6931 | accuracy 30.0 | mean_length 64
09-13-21 02:52:14 - epoch 0 | global step 1280 | mode train | loss 1.6059 | accuracy 33.75 | mean_length 64
09-13-21 02:54:01 - epoch 0 | global step 1290 | mode train | loss 1.585 | accuracy 33.125 | mean_length 64
09-13-21 02:55:49 - epoch 0 | global step 1300 | mode train | loss 1.5086 | accuracy 38.125 | mean_length 64
09-13-21 02:57:36 - epoch 0 | global step 1310 | mode train | loss 1.5926 | accuracy 31.875 | mean_length 64
09-13-21 02:59:23 - epoch 0 | global step 1320 | mode train | loss 1.5504 | accuracy 36.875 | mean_length 64
09-13-21 03:01:10 - epoch 0 | global step 1330 | mode train | loss 1.6273 | accuracy 30.9375 | mean_length 64
09-13-21 03:02:57 - epoch 0 | global step 1340 | mode train | loss 1.7507 | accuracy 24.375 | mean_length 64
09-13-21 03:04:44 - epoch 0 | global step 1350 | mode train | loss 1.7142 | accuracy 30.3125 | mean_length 64
09-13-21 03:06:31 - epoch 0 | global step 1360 | mode train | loss 1.6048 | accuracy 30.625 | mean_length 64
09-13-21 03:08:18 - epoch 0 | global step 1370 | mode train | loss 1.4872 | accuracy 36.25 | mean_length 64
09-13-21 03:10:06 - epoch 0 | global step 1380 | mode train | loss 1.4504 | accuracy 39.6875 | mean_length 64
09-13-21 03:11:53 - epoch 0 | global step 1390 | mode train | loss 1.3775 | accuracy 44.375 | mean_length 64
09-13-21 03:13:40 - epoch 0 | global step 1400 | mode train | loss 1.5397 | accuracy 36.25 | mean_length 64
09-13-21 03:15:27 - epoch 0 | global step 1410 | mode train | loss 1.6002 | accuracy 38.4375 | mean_length 64
09-13-21 03:17:14 - epoch 0 | global step 1420 | mode train | loss 1.6154 | accuracy 32.1875 | mean_length 64
09-13-21 03:19:01 - epoch 0 | global step 1430 | mode train | loss 1.4807 | accuracy 37.5 | mean_length 64
09-13-21 03:20:48 - epoch 0 | global step 1440 | mode train | loss 1.4578 | accuracy 39.6875 | mean_length 64
09-13-21 03:22:35 - epoch 0 | global step 1450 | mode train | loss 1.4317 | accuracy 43.75 | mean_length 64
09-13-21 03:24:23 - epoch 0 | global step 1460 | mode train | loss 1.4515 | accuracy 39.375 | mean_length 64
09-13-21 03:26:10 - epoch 0 | global step 1470 | mode train | loss 1.3969 | accuracy 43.4375 | mean_length 64
09-13-21 03:27:57 - epoch 0 | global step 1480 | mode train | loss 1.3311 | accuracy 44.6875 | mean_length 64
09-13-21 03:29:44 - epoch 0 | global step 1490 | mode train | loss 1.4274 | accuracy 40.9375 | mean_length 64
09-13-21 03:31:31 - epoch 0 | global step 1500 | mode train | loss 1.5421 | accuracy 40.3125 | mean_length 64
09-13-21 03:33:18 - epoch 0 | global step 1510 | mode train | loss 1.5201 | accuracy 33.75 | mean_length 64
09-13-21 03:35:06 - epoch 0 | global step 1520 | mode train | loss 1.571 | accuracy 35.9375 | mean_length 64
09-13-21 03:36:53 - epoch 0 | global step 1530 | mode train | loss 1.4527 | accuracy 41.5625 | mean_length 64
09-13-21 03:47:32 - epoch 0 | global step 1536 | mode validation | loss 1.4124 | accuracy 39.32 | mean_length 64
09-13-21 03:47:32 - Saving model to Output/accGrad4_mbart_noBT_lr1.5e-5_7distractors_maxstep8192_seed43
Epoch: 0, Prediction Accuracy: 39.32, Saved to Path: Output/accGrad4_mbart_noBT_lr1.5e-5_7distractors_maxstep8192_seed43
09-13-21 03:48:25 - epoch 0 | global step 1540 | mode train | loss 1.4424 | accuracy 38.4375 | mean_length 64
09-13-21 03:50:13 - epoch 0 | global step 1550 | mode train | loss 1.4663 | accuracy 35.3125 | mean_length 64
09-13-21 03:52:00 - epoch 0 | global step 1560 | mode train | loss 1.4798 | accuracy 39.6875 | mean_length 64
09-13-21 03:53:47 - epoch 0 | global step 1570 | mode train | loss 1.4123 | accuracy 42.1875 | mean_length 64
09-13-21 03:55:34 - epoch 0 | global step 1580 | mode train | loss 1.4063 | accuracy 41.25 | mean_length 64
09-13-21 03:57:21 - epoch 0 | global step 1590 | mode train | loss 1.3466 | accuracy 47.5 | mean_length 64
09-13-21 03:59:08 - epoch 0 | global step 1600 | mode train | loss 1.3923 | accuracy 38.4375 | mean_length 64
09-13-21 04:00:55 - epoch 0 | global step 1610 | mode train | loss 1.3507 | accuracy 41.875 | mean_length 64
09-13-21 04:02:42 - epoch 0 | global step 1620 | mode train | loss 1.2954 | accuracy 43.75 | mean_length 64
09-13-21 04:04:29 - epoch 0 | global step 1630 | mode train | loss 1.2893 | accuracy 44.375 | mean_length 64
09-13-21 04:06:17 - epoch 0 | global step 1640 | mode train | loss 1.2746 | accuracy 43.75 | mean_length 64
09-13-21 04:08:04 - epoch 0 | global step 1650 | mode train | loss 1.3891 | accuracy 40.625 | mean_length 64
09-13-21 04:09:51 - epoch 0 | global step 1660 | mode train | loss 1.3385 | accuracy 44.0625 | mean_length 64
09-13-21 04:11:38 - epoch 0 | global step 1670 | mode train | loss 1.3463 | accuracy 44.6875 | mean_length 64
09-13-21 04:13:25 - epoch 0 | global step 1680 | mode train | loss 1.3096 | accuracy 45.0 | mean_length 64
09-13-21 04:15:12 - epoch 0 | global step 1690 | mode train | loss 1.2397 | accuracy 50.3125 | mean_length 64
09-13-21 04:16:59 - epoch 0 | global step 1700 | mode train | loss 1.265 | accuracy 48.125 | mean_length 64
09-13-21 04:18:46 - epoch 0 | global step 1710 | mode train | loss 1.3168 | accuracy 41.5625 | mean_length 64
09-13-21 04:20:33 - epoch 0 | global step 1720 | mode train | loss 1.3217 | accuracy 46.25 | mean_length 64
09-13-21 04:22:20 - epoch 0 | global step 1730 | mode train | loss 1.3366 | accuracy 48.125 | mean_length 64
09-13-21 04:24:08 - epoch 0 | global step 1740 | mode train | loss 1.2836 | accuracy 45.0 | mean_length 64
09-13-21 04:25:55 - epoch 0 | global step 1750 | mode train | loss 1.2182 | accuracy 48.125 | mean_length 64
09-13-21 04:27:42 - epoch 0 | global step 1760 | mode train | loss 1.2672 | accuracy 46.5625 | mean_length 64
09-13-21 04:29:29 - epoch 0 | global step 1770 | mode train | loss 1.2383 | accuracy 49.6875 | mean_length 64
09-13-21 04:31:16 - epoch 0 | global step 1780 | mode train | loss 1.3524 | accuracy 45.0 | mean_length 64
09-13-21 04:33:03 - epoch 0 | global step 1790 | mode train | loss 1.3288 | accuracy 44.375 | mean_length 64
09-13-21 04:34:50 - epoch 0 | global step 1800 | mode train | loss 1.3276 | accuracy 46.875 | mean_length 64
09-13-21 04:36:37 - epoch 0 | global step 1810 | mode train | loss 1.3464 | accuracy 44.375 | mean_length 64
09-13-21 04:38:24 - epoch 0 | global step 1820 | mode train | loss 1.2617 | accuracy 47.1875 | mean_length 64
09-13-21 04:40:12 - epoch 0 | global step 1830 | mode train | loss 1.1981 | accuracy 53.125 | mean_length 64
09-13-21 04:41:59 - epoch 0 | global step 1840 | mode train | loss 1.2238 | accuracy 53.75 | mean_length 64
09-13-21 04:43:46 - epoch 0 | global step 1850 | mode train | loss 1.1964 | accuracy 50.9375 | mean_length 64
09-13-21 04:45:33 - epoch 0 | global step 1860 | mode train | loss 1.2577 | accuracy 47.1875 | mean_length 64
09-13-21 04:47:20 - epoch 0 | global step 1870 | mode train | loss 1.2475 | accuracy 49.0625 | mean_length 64
09-13-21 04:49:07 - epoch 0 | global step 1880 | mode train | loss 1.1815 | accuracy 53.75 | mean_length 64
09-13-21 04:50:55 - epoch 0 | global step 1890 | mode train | loss 1.1708 | accuracy 54.6875 | mean_length 64
09-13-21 04:52:42 - epoch 0 | global step 1900 | mode train | loss 1.2225 | accuracy 48.125 | mean_length 64
09-13-21 04:54:29 - epoch 0 | global step 1910 | mode train | loss 1.2015 | accuracy 51.25 | mean_length 64
09-13-21 04:56:16 - epoch 0 | global step 1920 | mode train | loss 1.169 | accuracy 50.0 | mean_length 64
09-13-21 04:58:03 - epoch 0 | global step 1930 | mode train | loss 1.1381 | accuracy 52.1875 | mean_length 64
09-13-21 04:59:50 - epoch 0 | global step 1940 | mode train | loss 1.1277 | accuracy 55.0 | mean_length 64
09-13-21 05:01:37 - epoch 0 | global step 1950 | mode train | loss 1.1528 | accuracy 51.875 | mean_length 64
09-13-21 05:03:24 - epoch 0 | global step 1960 | mode train | loss 1.1437 | accuracy 55.0 | mean_length 64
09-13-21 05:05:11 - epoch 0 | global step 1970 | mode train | loss 1.1126 | accuracy 54.375 | mean_length 64
09-13-21 05:06:58 - epoch 0 | global step 1980 | mode train | loss 1.2076 | accuracy 49.6875 | mean_length 64
09-13-21 05:08:45 - epoch 0 | global step 1990 | mode train | loss 1.2184 | accuracy 51.875 | mean_length 64
09-13-21 05:10:32 - epoch 0 | global step 2000 | mode train | loss 1.207 | accuracy 56.5625 | mean_length 64
09-13-21 05:12:20 - epoch 0 | global step 2010 | mode train | loss 1.0986 | accuracy 52.8125 | mean_length 64
09-13-21 05:14:07 - epoch 0 | global step 2020 | mode train | loss 1.2736 | accuracy 48.75 | mean_length 64
09-13-21 05:15:54 - epoch 0 | global step 2030 | mode train | loss 1.1435 | accuracy 50.3125 | mean_length 64
09-13-21 05:17:41 - epoch 0 | global step 2040 | mode train | loss 1.1649 | accuracy 52.5 | mean_length 64
09-13-21 05:28:40 - epoch 0 | global step 2048 | mode validation | loss 1.2361 | accuracy 49.64 | mean_length 64
09-13-21 05:28:40 - Saving model to Output/accGrad4_mbart_noBT_lr1.5e-5_7distractors_maxstep8192_seed43
Epoch: 0, Prediction Accuracy: 49.64, Saved to Path: Output/accGrad4_mbart_noBT_lr1.5e-5_7distractors_maxstep8192_seed43
09-13-21 05:29:12 - epoch 0 | global step 2050 | mode train | loss 1.2746 | accuracy 45.625 | mean_length 64
09-13-21 05:30:59 - epoch 0 | global step 2060 | mode train | loss 1.195 | accuracy 47.5 | mean_length 64
09-13-21 05:32:46 - epoch 0 | global step 2070 | mode train | loss 1.1298 | accuracy 52.5 | mean_length 64
09-13-21 05:34:33 - epoch 0 | global step 2080 | mode train | loss 1.082 | accuracy 58.125 | mean_length 64
09-13-21 05:36:20 - epoch 0 | global step 2090 | mode train | loss 0.9861 | accuracy 63.125 | mean_length 64
09-13-21 05:38:07 - epoch 0 | global step 2100 | mode train | loss 1.0553 | accuracy 57.1875 | mean_length 64
09-13-21 05:39:54 - epoch 0 | global step 2110 | mode train | loss 0.911 | accuracy 61.5625 | mean_length 64
09-13-21 05:41:42 - epoch 0 | global step 2120 | mode train | loss 1.1254 | accuracy 53.4375 | mean_length 64
09-13-21 05:43:29 - epoch 0 | global step 2130 | mode train | loss 0.991 | accuracy 58.125 | mean_length 64
09-13-21 05:45:16 - epoch 0 | global step 2140 | mode train | loss 0.9328 | accuracy 64.375 | mean_length 64
09-13-21 05:47:03 - epoch 0 | global step 2150 | mode train | loss 0.9736 | accuracy 58.75 | mean_length 64
09-13-21 05:48:50 - epoch 0 | global step 2160 | mode train | loss 0.9713 | accuracy 59.6875 | mean_length 64
09-13-21 05:50:37 - epoch 0 | global step 2170 | mode train | loss 0.9483 | accuracy 61.875 | mean_length 64
09-13-21 05:52:24 - epoch 0 | global step 2180 | mode train | loss 0.9143 | accuracy 60.9375 | mean_length 64
09-13-21 05:54:11 - epoch 0 | global step 2190 | mode train | loss 1.0695 | accuracy 54.375 | mean_length 64
09-13-21 05:55:59 - epoch 0 | global step 2200 | mode train | loss 1.0363 | accuracy 60.3125 | mean_length 64
09-13-21 05:57:46 - epoch 0 | global step 2210 | mode train | loss 1.0752 | accuracy 56.25 | mean_length 64
09-13-21 05:59:33 - epoch 0 | global step 2220 | mode train | loss 1.1646 | accuracy 54.0625 | mean_length 64
09-13-21 06:01:20 - epoch 0 | global step 2230 | mode train | loss 1.0592 | accuracy 59.375 | mean_length 64
09-13-21 06:03:07 - epoch 0 | global step 2240 | mode train | loss 0.9998 | accuracy 59.0625 | mean_length 64
09-13-21 06:04:54 - epoch 0 | global step 2250 | mode train | loss 0.9576 | accuracy 60.0 | mean_length 64
09-13-21 06:06:41 - epoch 0 | global step 2260 | mode train | loss 0.8969 | accuracy 65.625 | mean_length 64
09-13-21 06:08:28 - epoch 0 | global step 2270 | mode train | loss 0.9632 | accuracy 60.625 | mean_length 64
09-13-21 06:10:15 - epoch 0 | global step 2280 | mode train | loss 1.0831 | accuracy 54.6875 | mean_length 64
09-13-21 06:12:02 - epoch 0 | global step 2290 | mode train | loss 0.9934 | accuracy 63.75 | mean_length 64
09-13-21 06:13:49 - epoch 0 | global step 2300 | mode train | loss 0.9809 | accuracy 59.6875 | mean_length 64
09-13-21 06:15:37 - epoch 0 | global step 2310 | mode train | loss 0.8546 | accuracy 67.8125 | mean_length 64
09-13-21 06:17:24 - epoch 0 | global step 2320 | mode train | loss 0.7741 | accuracy 71.5625 | mean_length 64
09-13-21 06:19:11 - epoch 0 | global step 2330 | mode train | loss 0.8742 | accuracy 63.4375 | mean_length 64
09-13-21 06:20:58 - epoch 0 | global step 2340 | mode train | loss 0.8463 | accuracy 65.3125 | mean_length 64
09-13-21 06:22:45 - epoch 0 | global step 2350 | mode train | loss 0.7987 | accuracy 69.6875 | mean_length 64
09-13-21 06:24:32 - epoch 0 | global step 2360 | mode train | loss 0.8962 | accuracy 65.3125 | mean_length 64
09-13-21 06:26:19 - epoch 0 | global step 2370 | mode train | loss 0.8934 | accuracy 63.4375 | mean_length 64
09-13-21 06:28:06 - epoch 0 | global step 2380 | mode train | loss 0.7764 | accuracy 70.0 | mean_length 64
09-13-21 06:29:53 - epoch 0 | global step 2390 | mode train | loss 0.8373 | accuracy 65.625 | mean_length 64
09-13-21 06:31:41 - epoch 0 | global step 2400 | mode train | loss 0.7797 | accuracy 68.4375 | mean_length 64
09-13-21 06:33:28 - epoch 0 | global step 2410 | mode train | loss 0.8118 | accuracy 67.5 | mean_length 64
09-13-21 06:35:15 - epoch 0 | global step 2420 | mode train | loss 0.8053 | accuracy 69.6875 | mean_length 64
09-13-21 06:37:02 - epoch 0 | global step 2430 | mode train | loss 0.81 | accuracy 65.625 | mean_length 64
09-13-21 06:38:49 - epoch 0 | global step 2440 | mode train | loss 0.871 | accuracy 62.5 | mean_length 64
09-13-21 06:40:37 - epoch 0 | global step 2450 | mode train | loss 0.8649 | accuracy 66.25 | mean_length 64
09-13-21 06:42:24 - epoch 0 | global step 2460 | mode train | loss 0.8013 | accuracy 65.9375 | mean_length 64
09-13-21 06:44:11 - epoch 0 | global step 2470 | mode train | loss 0.7229 | accuracy 74.0625 | mean_length 64
09-13-21 06:45:58 - epoch 0 | global step 2480 | mode train | loss 0.7718 | accuracy 68.75 | mean_length 64
09-13-21 06:47:45 - epoch 0 | global step 2490 | mode train | loss 0.8144 | accuracy 67.1875 | mean_length 64
09-13-21 06:49:32 - epoch 0 | global step 2500 | mode train | loss 0.7957 | accuracy 70.0 | mean_length 64
09-13-21 06:51:19 - epoch 0 | global step 2510 | mode train | loss 0.7367 | accuracy 69.375 | mean_length 64
09-13-21 06:53:06 - epoch 0 | global step 2520 | mode train | loss 0.7897 | accuracy 71.5625 | mean_length 64
09-13-21 06:54:53 - epoch 0 | global step 2530 | mode train | loss 0.6718 | accuracy 75.3125 | mean_length 64
09-13-21 06:56:41 - epoch 0 | global step 2540 | mode train | loss 0.7634 | accuracy 67.5 | mean_length 64
09-13-21 06:58:28 - epoch 0 | global step 2550 | mode train | loss 0.7596 | accuracy 69.0625 | mean_length 64
09-13-21 07:00:15 - epoch 0 | global step 2560 | mode train | loss 0.6808 | accuracy 74.375 | mean_length 64
09-13-21 07:09:48 - epoch 0 | global step 2560 | mode validation | loss 0.6512 | accuracy 73.9 | mean_length 64
09-13-21 07:09:48 - Saving model to Output/accGrad4_mbart_noBT_lr1.5e-5_7distractors_maxstep8192_seed43
Epoch: 0, Prediction Accuracy: 73.9, Saved to Path: Output/accGrad4_mbart_noBT_lr1.5e-5_7distractors_maxstep8192_seed43
09-13-21 07:11:45 - epoch 0 | global step 2570 | mode train | loss 0.6973 | accuracy 74.6875 | mean_length 64
09-13-21 07:13:32 - epoch 0 | global step 2580 | mode train | loss 0.7559 | accuracy 71.25 | mean_length 64
09-13-21 07:15:19 - epoch 0 | global step 2590 | mode train | loss 0.8027 | accuracy 67.1875 | mean_length 64
09-13-21 07:17:06 - epoch 0 | global step 2600 | mode train | loss 0.6814 | accuracy 75.3125 | mean_length 64
09-13-21 07:18:53 - epoch 0 | global step 2610 | mode train | loss 0.6413 | accuracy 71.5625 | mean_length 64
09-13-21 07:20:40 - epoch 0 | global step 2620 | mode train | loss 0.7396 | accuracy 71.25 | mean_length 64
09-13-21 07:22:27 - epoch 0 | global step 2630 | mode train | loss 0.7614 | accuracy 68.75 | mean_length 64
09-13-21 07:24:14 - epoch 0 | global step 2640 | mode train | loss 0.7024 | accuracy 72.1875 | mean_length 64
09-13-21 07:26:02 - epoch 0 | global step 2650 | mode train | loss 0.7474 | accuracy 67.8125 | mean_length 64
09-13-21 07:27:49 - epoch 0 | global step 2660 | mode train | loss 0.6362 | accuracy 76.25 | mean_length 64
09-13-21 07:29:36 - epoch 0 | global step 2670 | mode train | loss 0.6589 | accuracy 72.8125 | mean_length 64
09-13-21 07:31:23 - epoch 0 | global step 2680 | mode train | loss 0.7112 | accuracy 72.5 | mean_length 64
09-13-21 07:33:10 - epoch 0 | global step 2690 | mode train | loss 0.701 | accuracy 71.875 | mean_length 64
09-13-21 07:34:57 - epoch 0 | global step 2700 | mode train | loss 0.7554 | accuracy 68.75 | mean_length 64
09-13-21 07:36:44 - epoch 0 | global step 2710 | mode train | loss 0.6951 | accuracy 72.8125 | mean_length 64
09-13-21 07:38:31 - epoch 0 | global step 2720 | mode train | loss 0.6908 | accuracy 74.6875 | mean_length 64
09-13-21 07:40:18 - epoch 0 | global step 2730 | mode train | loss 0.9268 | accuracy 61.5625 | mean_length 64
09-13-21 07:42:06 - epoch 0 | global step 2740 | mode train | loss 0.7973 | accuracy 67.1875 | mean_length 64
09-13-21 07:43:53 - epoch 0 | global step 2750 | mode train | loss 0.6952 | accuracy 74.0625 | mean_length 64
09-13-21 07:45:40 - epoch 0 | global step 2760 | mode train | loss 0.8232 | accuracy 66.5625 | mean_length 64
09-13-21 07:47:27 - epoch 0 | global step 2770 | mode train | loss 0.6868 | accuracy 73.4375 | mean_length 64
09-13-21 07:49:14 - epoch 0 | global step 2780 | mode train | loss 0.6787 | accuracy 72.8125 | mean_length 64
09-13-21 07:51:01 - epoch 0 | global step 2790 | mode train | loss 0.6115 | accuracy 74.375 | mean_length 64
09-13-21 07:52:48 - epoch 0 | global step 2800 | mode train | loss 0.6532 | accuracy 74.375 | mean_length 64
09-13-21 07:54:36 - epoch 0 | global step 2810 | mode train | loss 0.6478 | accuracy 75.625 | mean_length 64
09-13-21 07:56:23 - epoch 0 | global step 2820 | mode train | loss 0.7354 | accuracy 72.5 | mean_length 64
09-13-21 07:58:10 - epoch 0 | global step 2830 | mode train | loss 0.6588 | accuracy 76.5625 | mean_length 64
09-13-21 07:59:57 - epoch 0 | global step 2840 | mode train | loss 0.7416 | accuracy 73.125 | mean_length 64
09-13-21 08:01:44 - epoch 0 | global step 2850 | mode train | loss 0.6955 | accuracy 70.625 | mean_length 64
09-13-21 08:03:31 - epoch 0 | global step 2860 | mode train | loss 0.6075 | accuracy 77.1875 | mean_length 64
09-13-21 08:05:18 - epoch 0 | global step 2870 | mode train | loss 0.6098 | accuracy 79.0625 | mean_length 64
09-13-21 08:07:05 - epoch 0 | global step 2880 | mode train | loss 0.5971 | accuracy 79.0625 | mean_length 64
09-13-21 08:08:52 - epoch 0 | global step 2890 | mode train | loss 0.6078 | accuracy 76.25 | mean_length 64
09-13-21 08:10:40 - epoch 0 | global step 2900 | mode train | loss 0.5977 | accuracy 76.25 | mean_length 64
09-13-21 08:12:27 - epoch 0 | global step 2910 | mode train | loss 0.6134 | accuracy 77.8125 | mean_length 64
09-13-21 08:14:14 - epoch 0 | global step 2920 | mode train | loss 0.6513 | accuracy 73.4375 | mean_length 64
09-13-21 08:16:01 - epoch 0 | global step 2930 | mode train | loss 0.7203 | accuracy 71.25 | mean_length 64
09-13-21 08:17:48 - epoch 0 | global step 2940 | mode train | loss 0.7778 | accuracy 69.6875 | mean_length 64
09-13-21 08:19:35 - epoch 0 | global step 2950 | mode train | loss 0.6819 | accuracy 72.5 | mean_length 64
09-13-21 08:21:22 - epoch 0 | global step 2960 | mode train | loss 0.559 | accuracy 81.875 | mean_length 64
09-13-21 08:23:10 - epoch 0 | global step 2970 | mode train | loss 0.5674 | accuracy 78.125 | mean_length 64
09-13-21 08:24:57 - epoch 0 | global step 2980 | mode train | loss 0.5326 | accuracy 79.0625 | mean_length 64
09-13-21 08:26:44 - epoch 0 | global step 2990 | mode train | loss 0.5331 | accuracy 81.25 | mean_length 64
09-13-21 08:28:31 - epoch 0 | global step 3000 | mode train | loss 0.5853 | accuracy 74.375 | mean_length 64
09-13-21 08:30:18 - epoch 0 | global step 3010 | mode train | loss 0.5669 | accuracy 78.75 | mean_length 64
09-13-21 08:32:05 - epoch 0 | global step 3020 | mode train | loss 0.515 | accuracy 80.9375 | mean_length 64
09-13-21 08:33:52 - epoch 0 | global step 3030 | mode train | loss 0.5858 | accuracy 75.3125 | mean_length 64
09-13-21 08:35:39 - epoch 0 | global step 3040 | mode train | loss 0.5525 | accuracy 79.6875 | mean_length 64
09-13-21 08:37:26 - epoch 0 | global step 3050 | mode train | loss 0.538 | accuracy 81.25 | mean_length 64
09-13-21 08:39:14 - epoch 0 | global step 3060 | mode train | loss 0.5134 | accuracy 80.9375 | mean_length 64
09-13-21 08:41:01 - epoch 0 | global step 3070 | mode train | loss 0.6165 | accuracy 76.25 | mean_length 64
09-13-21 08:50:56 - epoch 0 | global step 3072 | mode validation | loss 0.6284 | accuracy 76.02 | mean_length 64
09-13-21 08:50:56 - Saving model to Output/accGrad4_mbart_noBT_lr1.5e-5_7distractors_maxstep8192_seed43
Epoch: 0, Prediction Accuracy: 76.02, Saved to Path: Output/accGrad4_mbart_noBT_lr1.5e-5_7distractors_maxstep8192_seed43
09-13-21 08:52:32 - epoch 0 | global step 3080 | mode train | loss 0.5514 | accuracy 78.75 | mean_length 64
09-13-21 08:54:19 - epoch 0 | global step 3090 | mode train | loss 0.5925 | accuracy 79.0625 | mean_length 64
09-13-21 08:56:06 - epoch 0 | global step 3100 | mode train | loss 0.7339 | accuracy 72.8125 | mean_length 64
09-13-21 08:57:53 - epoch 0 | global step 3110 | mode train | loss 0.5529 | accuracy 80.3125 | mean_length 64
09-13-21 08:59:41 - epoch 0 | global step 3120 | mode train | loss 0.5285 | accuracy 80.3125 | mean_length 64
09-13-21 09:01:28 - epoch 0 | global step 3130 | mode train | loss 0.5781 | accuracy 77.5 | mean_length 64
09-13-21 09:03:15 - epoch 0 | global step 3140 | mode train | loss 0.5681 | accuracy 79.375 | mean_length 64
09-13-21 09:05:02 - epoch 0 | global step 3150 | mode train | loss 0.6175 | accuracy 76.25 | mean_length 64
09-13-21 09:06:49 - epoch 0 | global step 3160 | mode train | loss 0.5786 | accuracy 78.75 | mean_length 64
09-13-21 09:08:36 - epoch 0 | global step 3170 | mode train | loss 0.614 | accuracy 78.125 | mean_length 64
09-13-21 09:10:23 - epoch 0 | global step 3180 | mode train | loss 0.7089 | accuracy 73.75 | mean_length 64
09-13-21 09:12:10 - epoch 0 | global step 3190 | mode train | loss 0.8668 | accuracy 66.25 | mean_length 64
09-13-21 09:13:58 - epoch 0 | global step 3200 | mode train | loss 0.7459 | accuracy 73.4375 | mean_length 64
09-13-21 09:15:45 - epoch 0 | global step 3210 | mode train | loss 0.7465 | accuracy 70.625 | mean_length 64
09-13-21 09:17:32 - epoch 0 | global step 3220 | mode train | loss 0.6775 | accuracy 74.375 | mean_length 64
09-13-21 09:19:19 - epoch 1 | global step 3230 | mode train | loss 0.6054 | accuracy 79.375 | mean_length 64
09-13-21 09:21:06 - epoch 1 | global step 3240 | mode train | loss 0.6041 | accuracy 79.375 | mean_length 64
09-13-21 09:22:53 - epoch 1 | global step 3250 | mode train | loss 0.6131 | accuracy 73.4375 | mean_length 64
09-13-21 09:24:40 - epoch 1 | global step 3260 | mode train | loss 0.5376 | accuracy 80.0 | mean_length 64
09-13-21 09:26:28 - epoch 1 | global step 3270 | mode train | loss 0.4462 | accuracy 85.625 | mean_length 64
09-13-21 09:28:15 - epoch 1 | global step 3280 | mode train | loss 0.542 | accuracy 81.25 | mean_length 64
09-13-21 09:30:02 - epoch 1 | global step 3290 | mode train | loss 0.5846 | accuracy 76.5625 | mean_length 64
09-13-21 09:31:49 - epoch 1 | global step 3300 | mode train | loss 0.6114 | accuracy 75.625 | mean_length 64
09-13-21 09:33:36 - epoch 1 | global step 3310 | mode train | loss 0.4954 | accuracy 83.125 | mean_length 64
09-13-21 09:35:23 - epoch 1 | global step 3320 | mode train | loss 0.5281 | accuracy 81.25 | mean_length 64
09-13-21 09:37:10 - epoch 1 | global step 3330 | mode train | loss 0.6044 | accuracy 76.5625 | mean_length 64
09-13-21 09:38:57 - epoch 1 | global step 3340 | mode train | loss 0.5663 | accuracy 77.1875 | mean_length 64
09-13-21 09:40:45 - epoch 1 | global step 3350 | mode train | loss 0.6875 | accuracy 73.75 | mean_length 64
09-13-21 09:42:32 - epoch 1 | global step 3360 | mode train | loss 0.7203 | accuracy 70.9375 | mean_length 64
09-13-21 09:44:20 - epoch 1 | global step 3370 | mode train | loss 0.6868 | accuracy 75.9375 | mean_length 64
09-13-21 09:46:07 - epoch 1 | global step 3380 | mode train | loss 0.6067 | accuracy 74.375 | mean_length 64
09-13-21 09:47:54 - epoch 1 | global step 3390 | mode train | loss 0.651 | accuracy 75.3125 | mean_length 64
09-13-21 09:49:41 - epoch 1 | global step 3400 | mode train | loss 0.5928 | accuracy 77.5 | mean_length 64
09-13-21 09:51:28 - epoch 1 | global step 3410 | mode train | loss 0.6276 | accuracy 76.5625 | mean_length 64
09-13-21 09:53:15 - epoch 1 | global step 3420 | mode train | loss 0.5759 | accuracy 76.875 | mean_length 64
09-13-21 09:55:02 - epoch 1 | global step 3430 | mode train | loss 0.5939 | accuracy 79.6875 | mean_length 64
09-13-21 09:56:50 - epoch 1 | global step 3440 | mode train | loss 0.5496 | accuracy 79.375 | mean_length 64
09-13-21 09:58:37 - epoch 1 | global step 3450 | mode train | loss 0.5139 | accuracy 81.25 | mean_length 64
09-13-21 10:00:24 - epoch 1 | global step 3460 | mode train | loss 0.4758 | accuracy 82.1875 | mean_length 64
09-13-21 10:02:11 - epoch 1 | global step 3470 | mode train | loss 0.6148 | accuracy 76.25 | mean_length 64
09-13-21 10:03:58 - epoch 1 | global step 3480 | mode train | loss 0.5192 | accuracy 80.625 | mean_length 64
09-13-21 10:05:45 - epoch 1 | global step 3490 | mode train | loss 0.5097 | accuracy 82.1875 | mean_length 64
09-13-21 10:07:32 - epoch 1 | global step 3500 | mode train | loss 0.4666 | accuracy 81.25 | mean_length 64
09-13-21 10:09:20 - epoch 1 | global step 3510 | mode train | loss 0.5124 | accuracy 80.625 | mean_length 64
09-13-21 10:11:07 - epoch 1 | global step 3520 | mode train | loss 0.5767 | accuracy 77.5 | mean_length 64
09-13-21 10:12:54 - epoch 1 | global step 3530 | mode train | loss 0.4975 | accuracy 81.5625 | mean_length 64
09-13-21 10:14:41 - epoch 1 | global step 3540 | mode train | loss 0.4312 | accuracy 85.3125 | mean_length 64
09-13-21 10:16:28 - epoch 1 | global step 3550 | mode train | loss 0.4611 | accuracy 85.3125 | mean_length 64
09-13-21 10:18:15 - epoch 1 | global step 3560 | mode train | loss 0.4873 | accuracy 82.5 | mean_length 64
09-13-21 10:20:02 - epoch 1 | global step 3570 | mode train | loss 0.4685 | accuracy 82.1875 | mean_length 64
09-13-21 10:21:50 - epoch 1 | global step 3580 | mode train | loss 0.4874 | accuracy 81.875 | mean_length 64
09-13-21 10:32:07 - epoch 1 | global step 3584 | mode validation | loss 0.4568 | accuracy 82.48 | mean_length 64
09-13-21 10:32:07 - Saving model to Output/accGrad4_mbart_noBT_lr1.5e-5_7distractors_maxstep8192_seed43
Epoch: 1, Prediction Accuracy: 82.48, Saved to Path: Output/accGrad4_mbart_noBT_lr1.5e-5_7distractors_maxstep8192_seed43
09-13-21 10:33:26 - epoch 1 | global step 3590 | mode train | loss 0.441 | accuracy 86.5625 | mean_length 64
09-13-21 10:35:13 - epoch 1 | global step 3600 | mode train | loss 0.4944 | accuracy 81.25 | mean_length 64
09-13-21 10:37:00 - epoch 1 | global step 3610 | mode train | loss 0.551 | accuracy 80.9375 | mean_length 64
09-13-21 10:38:47 - epoch 1 | global step 3620 | mode train | loss 0.4369 | accuracy 82.8125 | mean_length 64
09-13-21 10:40:34 - epoch 1 | global step 3630 | mode train | loss 0.4729 | accuracy 82.1875 | mean_length 64
09-13-21 10:42:22 - epoch 1 | global step 3640 | mode train | loss 0.4451 | accuracy 81.5625 | mean_length 64
09-13-21 10:44:09 - epoch 1 | global step 3650 | mode train | loss 0.4809 | accuracy 81.5625 | mean_length 64
09-13-21 10:45:56 - epoch 1 | global step 3660 | mode train | loss 0.4881 | accuracy 81.875 | mean_length 64
09-13-21 10:47:44 - epoch 1 | global step 3670 | mode train | loss 0.4958 | accuracy 81.5625 | mean_length 64
09-13-21 10:49:31 - epoch 1 | global step 3680 | mode train | loss 0.3994 | accuracy 83.4375 | mean_length 64
09-13-21 10:51:18 - epoch 1 | global step 3690 | mode train | loss 0.5325 | accuracy 81.25 | mean_length 64
09-13-21 10:53:05 - epoch 1 | global step 3700 | mode train | loss 0.4662 | accuracy 82.1875 | mean_length 64
09-13-21 10:54:52 - epoch 1 | global step 3710 | mode train | loss 0.5056 | accuracy 81.5625 | mean_length 64
09-13-21 10:56:39 - epoch 1 | global step 3720 | mode train | loss 0.4434 | accuracy 81.5625 | mean_length 64
09-13-21 10:58:26 - epoch 1 | global step 3730 | mode train | loss 0.4747 | accuracy 83.75 | mean_length 64
09-13-21 11:00:13 - epoch 1 | global step 3740 | mode train | loss 0.511 | accuracy 79.6875 | mean_length 64
09-13-21 11:02:00 - epoch 1 | global step 3750 | mode train | loss 0.5675 | accuracy 77.5 | mean_length 64
09-13-21 11:03:48 - epoch 1 | global step 3760 | mode train | loss 0.4675 | accuracy 81.875 | mean_length 64
09-13-21 11:05:35 - epoch 1 | global step 3770 | mode train | loss 0.4414 | accuracy 83.125 | mean_length 64
09-13-21 11:07:22 - epoch 1 | global step 3780 | mode train | loss 0.5421 | accuracy 79.375 | mean_length 64
09-13-21 11:09:09 - epoch 1 | global step 3790 | mode train | loss 0.4701 | accuracy 82.8125 | mean_length 64
09-13-21 11:10:56 - epoch 1 | global step 3800 | mode train | loss 0.4319 | accuracy 83.125 | mean_length 64
09-13-21 11:12:43 - epoch 1 | global step 3810 | mode train | loss 0.4697 | accuracy 80.625 | mean_length 64
09-13-21 11:14:30 - epoch 1 | global step 3820 | mode train | loss 0.4619 | accuracy 85.3125 | mean_length 64
09-13-21 11:16:17 - epoch 1 | global step 3830 | mode train | loss 0.4896 | accuracy 79.375 | mean_length 64
09-13-21 11:18:04 - epoch 1 | global step 3840 | mode train | loss 0.4247 | accuracy 83.125 | mean_length 64
09-13-21 11:19:51 - epoch 1 | global step 3850 | mode train | loss 0.5306 | accuracy 80.3125 | mean_length 64
09-13-21 11:21:39 - epoch 1 | global step 3860 | mode train | loss 0.4846 | accuracy 80.3125 | mean_length 64
09-13-21 11:23:26 - epoch 1 | global step 3870 | mode train | loss 0.4996 | accuracy 81.875 | mean_length 64
09-13-21 11:25:13 - epoch 1 | global step 3880 | mode train | loss 0.4759 | accuracy 83.4375 | mean_length 64
09-13-21 11:27:00 - epoch 1 | global step 3890 | mode train | loss 0.538 | accuracy 78.125 | mean_length 64
09-13-21 11:28:47 - epoch 1 | global step 3900 | mode train | loss 0.457 | accuracy 86.25 | mean_length 64
09-13-21 11:30:34 - epoch 1 | global step 3910 | mode train | loss 0.4516 | accuracy 83.125 | mean_length 64
09-13-21 11:32:21 - epoch 1 | global step 3920 | mode train | loss 0.4585 | accuracy 83.75 | mean_length 64
09-13-21 11:34:08 - epoch 1 | global step 3930 | mode train | loss 0.4541 | accuracy 84.0625 | mean_length 64
09-13-21 11:35:55 - epoch 1 | global step 3940 | mode train | loss 0.4622 | accuracy 84.0625 | mean_length 64
09-13-21 11:37:43 - epoch 1 | global step 3950 | mode train | loss 0.545 | accuracy 79.6875 | mean_length 64
09-13-21 11:39:30 - epoch 1 | global step 3960 | mode train | loss 0.5199 | accuracy 80.625 | mean_length 64
09-13-21 11:41:17 - epoch 1 | global step 3970 | mode train | loss 0.5984 | accuracy 75.3125 | mean_length 64
09-13-21 11:43:04 - epoch 1 | global step 3980 | mode train | loss 0.4763 | accuracy 83.125 | mean_length 64
09-13-21 11:44:52 - epoch 1 | global step 3990 | mode train | loss 0.5456 | accuracy 81.5625 | mean_length 64
09-13-21 11:46:39 - epoch 1 | global step 4000 | mode train | loss 0.525 | accuracy 78.125 | mean_length 64
09-13-21 11:48:26 - epoch 1 | global step 4010 | mode train | loss 0.4498 | accuracy 82.1875 | mean_length 64
09-13-21 11:50:13 - epoch 1 | global step 4020 | mode train | loss 0.4463 | accuracy 81.5625 | mean_length 64
09-13-21 11:52:00 - epoch 1 | global step 4030 | mode train | loss 0.4923 | accuracy 80.3125 | mean_length 64
09-13-21 11:53:47 - epoch 1 | global step 4040 | mode train | loss 0.4085 | accuracy 84.375 | mean_length 64
09-13-21 11:55:34 - epoch 1 | global step 4050 | mode train | loss 0.3927 | accuracy 83.4375 | mean_length 64
09-13-21 11:57:21 - epoch 1 | global step 4060 | mode train | loss 0.4048 | accuracy 85.9375 | mean_length 64
09-13-21 11:59:08 - epoch 1 | global step 4070 | mode train | loss 0.4168 | accuracy 83.75 | mean_length 64
09-13-21 12:00:55 - epoch 1 | global step 4080 | mode train | loss 0.3877 | accuracy 87.5 | mean_length 64
09-13-21 12:02:43 - epoch 1 | global step 4090 | mode train | loss 0.4294 | accuracy 84.375 | mean_length 64
09-13-21 12:13:21 - epoch 1 | global step 4096 | mode validation | loss 0.4179 | accuracy 83.84 | mean_length 64
09-13-21 12:13:21 - Saving model to Output/accGrad4_mbart_noBT_lr1.5e-5_7distractors_maxstep8192_seed43
Epoch: 1, Prediction Accuracy: 83.84, Saved to Path: Output/accGrad4_mbart_noBT_lr1.5e-5_7distractors_maxstep8192_seed43
09-13-21 12:14:14 - epoch 1 | global step 4100 | mode train | loss 0.3649 | accuracy 86.5625 | mean_length 64
09-13-21 12:16:01 - epoch 1 | global step 4110 | mode train | loss 0.4973 | accuracy 80.3125 | mean_length 64
09-13-21 12:17:48 - epoch 1 | global step 4120 | mode train | loss 0.4025 | accuracy 84.375 | mean_length 64
09-13-21 12:19:35 - epoch 1 | global step 4130 | mode train | loss 0.4001 | accuracy 85.3125 | mean_length 64
09-13-21 12:21:22 - epoch 1 | global step 4140 | mode train | loss 0.41 | accuracy 83.125 | mean_length 64
09-13-21 12:23:09 - epoch 1 | global step 4150 | mode train | loss 0.3855 | accuracy 85.0 | mean_length 64
09-13-21 12:24:56 - epoch 1 | global step 4160 | mode train | loss 0.4036 | accuracy 85.9375 | mean_length 64
09-13-21 12:26:43 - epoch 1 | global step 4170 | mode train | loss 0.414 | accuracy 83.4375 | mean_length 64
09-13-21 12:28:30 - epoch 1 | global step 4180 | mode train | loss 0.3831 | accuracy 85.9375 | mean_length 64
09-13-21 12:30:17 - epoch 1 | global step 4190 | mode train | loss 0.3944 | accuracy 85.9375 | mean_length 64
09-13-21 12:32:04 - epoch 1 | global step 4200 | mode train | loss 0.3787 | accuracy 87.1875 | mean_length 64
09-13-21 12:33:52 - epoch 1 | global step 4210 | mode train | loss 0.4967 | accuracy 79.375 | mean_length 64
09-13-21 12:35:39 - epoch 1 | global step 4220 | mode train | loss 0.6748 | accuracy 74.6875 | mean_length 64
09-13-21 12:37:26 - epoch 1 | global step 4230 | mode train | loss 0.6419 | accuracy 73.75 | mean_length 64
09-13-21 12:39:13 - epoch 1 | global step 4240 | mode train | loss 0.5112 | accuracy 82.5 | mean_length 64
09-13-21 12:41:00 - epoch 1 | global step 4250 | mode train | loss 0.7 | accuracy 72.8125 | mean_length 64
09-13-21 12:42:47 - epoch 1 | global step 4260 | mode train | loss 0.6156 | accuracy 77.8125 | mean_length 64
09-13-21 12:44:35 - epoch 1 | global step 4270 | mode train | loss 0.7669 | accuracy 71.875 | mean_length 64
09-13-21 12:46:22 - epoch 1 | global step 4280 | mode train | loss 0.6871 | accuracy 70.9375 | mean_length 64
09-13-21 12:48:09 - epoch 1 | global step 4290 | mode train | loss 0.6518 | accuracy 74.6875 | mean_length 64
09-13-21 12:49:56 - epoch 1 | global step 4300 | mode train | loss 0.566 | accuracy 80.0 | mean_length 64
09-13-21 12:51:43 - epoch 1 | global step 4310 | mode train | loss 0.5586 | accuracy 79.0625 | mean_length 64
09-13-21 12:53:30 - epoch 1 | global step 4320 | mode train | loss 0.5316 | accuracy 79.375 | mean_length 64
09-13-21 12:55:17 - epoch 1 | global step 4330 | mode train | loss 0.5167 | accuracy 81.25 | mean_length 64
09-13-21 12:57:05 - epoch 1 | global step 4340 | mode train | loss 0.4726 | accuracy 81.875 | mean_length 64
09-13-21 12:58:52 - epoch 1 | global step 4350 | mode train | loss 0.4094 | accuracy 85.625 | mean_length 64
09-13-21 13:00:39 - epoch 1 | global step 4360 | mode train | loss 0.4446 | accuracy 83.75 | mean_length 64
09-13-21 13:02:26 - epoch 1 | global step 4370 | mode train | loss 0.3938 | accuracy 86.5625 | mean_length 64
09-13-21 13:04:13 - epoch 1 | global step 4380 | mode train | loss 0.4454 | accuracy 85.0 | mean_length 64
09-13-21 13:06:00 - epoch 1 | global step 4390 | mode train | loss 0.4534 | accuracy 85.625 | mean_length 64
09-13-21 13:07:47 - epoch 1 | global step 4400 | mode train | loss 0.3498 | accuracy 89.0625 | mean_length 64
09-13-21 13:09:34 - epoch 1 | global step 4410 | mode train | loss 0.4056 | accuracy 85.625 | mean_length 64
09-13-21 13:11:21 - epoch 1 | global step 4420 | mode train | loss 0.3925 | accuracy 86.5625 | mean_length 64
09-13-21 13:13:08 - epoch 1 | global step 4430 | mode train | loss 0.3938 | accuracy 85.9375 | mean_length 64
09-13-21 13:14:55 - epoch 1 | global step 4440 | mode train | loss 0.4017 | accuracy 84.6875 | mean_length 64
09-13-21 13:16:43 - epoch 1 | global step 4450 | mode train | loss 0.3944 | accuracy 85.625 | mean_length 64
09-13-21 13:18:30 - epoch 1 | global step 4460 | mode train | loss 0.413 | accuracy 84.375 | mean_length 64
09-13-21 13:20:17 - epoch 1 | global step 4470 | mode train | loss 0.3771 | accuracy 86.25 | mean_length 64
09-13-21 13:22:04 - epoch 1 | global step 4480 | mode train | loss 0.3734 | accuracy 85.3125 | mean_length 64
09-13-21 13:23:51 - epoch 1 | global step 4490 | mode train | loss 0.4447 | accuracy 81.5625 | mean_length 64
09-13-21 13:25:38 - epoch 1 | global step 4500 | mode train | loss 0.4501 | accuracy 82.5 | mean_length 64
09-13-21 13:27:25 - epoch 1 | global step 4510 | mode train | loss 0.5523 | accuracy 81.5625 | mean_length 64
09-13-21 13:29:12 - epoch 1 | global step 4520 | mode train | loss 0.4219 | accuracy 83.75 | mean_length 64
09-13-21 13:30:59 - epoch 1 | global step 4530 | mode train | loss 0.4258 | accuracy 84.6875 | mean_length 64
09-13-21 13:32:46 - epoch 1 | global step 4540 | mode train | loss 0.4834 | accuracy 83.4375 | mean_length 64
09-13-21 13:34:33 - epoch 1 | global step 4550 | mode train | loss 0.4234 | accuracy 85.0 | mean_length 64
09-13-21 13:36:20 - epoch 1 | global step 4560 | mode train | loss 0.3875 | accuracy 86.875 | mean_length 64
09-13-21 13:38:07 - epoch 1 | global step 4570 | mode train | loss 0.4117 | accuracy 83.75 | mean_length 64
09-13-21 13:39:54 - epoch 1 | global step 4580 | mode train | loss 0.4536 | accuracy 82.1875 | mean_length 64
09-13-21 13:41:42 - epoch 1 | global step 4590 | mode train | loss 0.4233 | accuracy 84.0625 | mean_length 64
09-13-21 13:43:29 - epoch 1 | global step 4600 | mode train | loss 0.3962 | accuracy 84.375 | mean_length 64
09-13-21 13:54:29 - epoch 1 | global step 4608 | mode validation | loss 0.4732 | accuracy 81.94 | mean_length 64
09-13-21 13:54:51 - epoch 1 | global step 4610 | mode train | loss 0.374 | accuracy 86.25 | mean_length 64
09-13-21 13:56:38 - epoch 1 | global step 4620 | mode train | loss 0.3959 | accuracy 84.6875 | mean_length 64
09-13-21 13:58:25 - epoch 1 | global step 4630 | mode train | loss 0.4156 | accuracy 83.125 | mean_length 64
09-13-21 14:00:12 - epoch 1 | global step 4640 | mode train | loss 0.4116 | accuracy 84.375 | mean_length 64
09-13-21 14:01:59 - epoch 1 | global step 4650 | mode train | loss 0.4256 | accuracy 85.3125 | mean_length 64
09-13-21 14:03:46 - epoch 1 | global step 4660 | mode train | loss 0.3924 | accuracy 84.375 | mean_length 64
09-13-21 14:05:33 - epoch 1 | global step 4670 | mode train | loss 0.3773 | accuracy 85.9375 | mean_length 64
09-13-21 14:07:20 - epoch 1 | global step 4680 | mode train | loss 0.4079 | accuracy 83.4375 | mean_length 64
09-13-21 14:09:07 - epoch 1 | global step 4690 | mode train | loss 0.4091 | accuracy 85.625 | mean_length 64
09-13-21 14:10:54 - epoch 1 | global step 4700 | mode train | loss 0.3606 | accuracy 85.9375 | mean_length 64
09-13-21 14:12:42 - epoch 1 | global step 4710 | mode train | loss 0.3606 | accuracy 85.3125 | mean_length 64
09-13-21 14:14:28 - epoch 1 | global step 4720 | mode train | loss 0.3892 | accuracy 84.6875 | mean_length 64
09-13-21 14:16:15 - epoch 1 | global step 4730 | mode train | loss 0.3724 | accuracy 84.375 | mean_length 64
09-13-21 14:18:03 - epoch 1 | global step 4740 | mode train | loss 0.3382 | accuracy 89.375 | mean_length 64
09-13-21 14:19:50 - epoch 1 | global step 4750 | mode train | loss 0.3175 | accuracy 88.125 | mean_length 64
09-13-21 14:21:37 - epoch 1 | global step 4760 | mode train | loss 0.3689 | accuracy 85.9375 | mean_length 64
09-13-21 14:23:24 - epoch 1 | global step 4770 | mode train | loss 0.3714 | accuracy 86.875 | mean_length 64
09-13-21 14:25:11 - epoch 1 | global step 4780 | mode train | loss 0.4092 | accuracy 85.0 | mean_length 64
09-13-21 14:26:58 - epoch 1 | global step 4790 | mode train | loss 0.4387 | accuracy 81.25 | mean_length 64
09-13-21 14:28:45 - epoch 1 | global step 4800 | mode train | loss 0.3596 | accuracy 86.5625 | mean_length 64
09-13-21 14:30:32 - epoch 1 | global step 4810 | mode train | loss 0.3345 | accuracy 87.8125 | mean_length 64
09-13-21 14:32:20 - epoch 1 | global step 4820 | mode train | loss 0.4429 | accuracy 83.125 | mean_length 64
09-13-21 14:34:07 - epoch 1 | global step 4830 | mode train | loss 0.2906 | accuracy 89.375 | mean_length 64
09-13-21 14:35:54 - epoch 1 | global step 4840 | mode train | loss 0.3629 | accuracy 89.0625 | mean_length 64
09-13-21 14:37:41 - epoch 1 | global step 4850 | mode train | loss 0.3405 | accuracy 87.8125 | mean_length 64
09-13-21 14:39:28 - epoch 1 | global step 4860 | mode train | loss 0.3416 | accuracy 88.4375 | mean_length 64
09-13-21 14:41:15 - epoch 1 | global step 4870 | mode train | loss 0.3457 | accuracy 86.25 | mean_length 64
09-13-21 14:43:02 - epoch 1 | global step 4880 | mode train | loss 0.3974 | accuracy 85.625 | mean_length 64
09-13-21 14:44:50 - epoch 1 | global step 4890 | mode train | loss 0.3755 | accuracy 85.0 | mean_length 64
09-13-21 14:46:37 - epoch 1 | global step 4900 | mode train | loss 0.3845 | accuracy 86.25 | mean_length 64
09-13-21 14:48:24 - epoch 1 | global step 4910 | mode train | loss 0.3374 | accuracy 86.875 | mean_length 64
09-13-21 14:50:11 - epoch 1 | global step 4920 | mode train | loss 0.3576 | accuracy 86.5625 | mean_length 64
09-13-21 14:51:58 - epoch 1 | global step 4930 | mode train | loss 0.3188 | accuracy 88.125 | mean_length 64
09-13-21 14:53:45 - epoch 1 | global step 4940 | mode train | loss 0.3369 | accuracy 87.5 | mean_length 64
09-13-21 14:55:33 - epoch 1 | global step 4950 | mode train | loss 0.4031 | accuracy 84.6875 | mean_length 64
09-13-21 14:57:20 - epoch 1 | global step 4960 | mode train | loss 0.4061 | accuracy 83.125 | mean_length 64
09-13-21 14:59:07 - epoch 1 | global step 4970 | mode train | loss 0.4352 | accuracy 83.125 | mean_length 64
09-13-21 15:00:54 - epoch 1 | global step 4980 | mode train | loss 0.4656 | accuracy 81.875 | mean_length 64
09-13-21 15:02:41 - epoch 1 | global step 4990 | mode train | loss 0.4522 | accuracy 82.1875 | mean_length 64
09-13-21 15:04:28 - epoch 1 | global step 5000 | mode train | loss 0.4443 | accuracy 81.5625 | mean_length 64
09-13-21 15:06:15 - epoch 1 | global step 5010 | mode train | loss 0.381 | accuracy 87.1875 | mean_length 64
09-13-21 15:08:02 - epoch 1 | global step 5020 | mode train | loss 0.4279 | accuracy 82.5 | mean_length 64
09-13-21 15:09:49 - epoch 1 | global step 5030 | mode train | loss 0.6912 | accuracy 74.375 | mean_length 64
09-13-21 15:11:36 - epoch 1 | global step 5040 | mode train | loss 0.7686 | accuracy 69.6875 | mean_length 64
09-13-21 15:13:24 - epoch 1 | global step 5050 | mode train | loss 0.8484 | accuracy 67.5 | mean_length 64
09-13-21 15:15:11 - epoch 1 | global step 5060 | mode train | loss 0.7781 | accuracy 65.625 | mean_length 64
09-13-21 15:16:58 - epoch 1 | global step 5070 | mode train | loss 0.7007 | accuracy 74.0625 | mean_length 64
09-13-21 15:18:45 - epoch 1 | global step 5080 | mode train | loss 0.5854 | accuracy 78.125 | mean_length 64
09-13-21 15:20:32 - epoch 1 | global step 5090 | mode train | loss 0.6826 | accuracy 70.3125 | mean_length 64
09-13-21 15:22:19 - epoch 1 | global step 5100 | mode train | loss 0.7362 | accuracy 71.875 | mean_length 64
09-13-21 15:24:06 - epoch 1 | global step 5110 | mode train | loss 0.6278 | accuracy 76.5625 | mean_length 64
09-13-21 15:25:53 - epoch 1 | global step 5120 | mode train | loss 0.7501 | accuracy 70.3125 | mean_length 64
09-13-21 15:35:27 - epoch 1 | global step 5120 | mode validation | loss 0.9007 | accuracy 64.66 | mean_length 64
09-13-21 15:37:14 - epoch 1 | global step 5130 | mode train | loss 0.8288 | accuracy 66.875 | mean_length 64
09-13-21 15:39:01 - epoch 1 | global step 5140 | mode train | loss 0.8713 | accuracy 64.0625 | mean_length 64
09-13-21 15:40:48 - epoch 1 | global step 5150 | mode train | loss 0.7462 | accuracy 69.6875 | mean_length 64
09-13-21 15:42:35 - epoch 1 | global step 5160 | mode train | loss 0.7182 | accuracy 70.9375 | mean_length 64
09-13-21 15:44:22 - epoch 1 | global step 5170 | mode train | loss 0.5903 | accuracy 79.375 | mean_length 64
09-13-21 15:46:10 - epoch 1 | global step 5180 | mode train | loss 0.604 | accuracy 75.9375 | mean_length 64
09-13-21 15:47:57 - epoch 1 | global step 5190 | mode train | loss 0.6793 | accuracy 74.0625 | mean_length 64
09-13-21 15:49:44 - epoch 1 | global step 5200 | mode train | loss 0.5508 | accuracy 80.0 | mean_length 64
09-13-21 15:51:31 - epoch 1 | global step 5210 | mode train | loss 0.5376 | accuracy 80.0 | mean_length 64
09-13-21 15:53:18 - epoch 1 | global step 5220 | mode train | loss 0.5519 | accuracy 78.125 | mean_length 64
09-13-21 15:55:05 - epoch 1 | global step 5230 | mode train | loss 0.7427 | accuracy 70.9375 | mean_length 64
09-13-21 15:56:52 - epoch 1 | global step 5240 | mode train | loss 0.8105 | accuracy 70.3125 | mean_length 64
09-13-21 15:58:39 - epoch 1 | global step 5250 | mode train | loss 0.7891 | accuracy 70.3125 | mean_length 64
09-13-21 16:00:26 - epoch 1 | global step 5260 | mode train | loss 0.7389 | accuracy 74.0625 | mean_length 64
09-13-21 16:02:13 - epoch 1 | global step 5270 | mode train | loss 0.6646 | accuracy 76.25 | mean_length 64
09-13-21 16:04:00 - epoch 1 | global step 5280 | mode train | loss 0.6845 | accuracy 75.3125 | mean_length 64
09-13-21 16:05:48 - epoch 1 | global step 5290 | mode train | loss 0.6005 | accuracy 79.375 | mean_length 64
09-13-21 16:07:35 - epoch 1 | global step 5300 | mode train | loss 0.565 | accuracy 80.3125 | mean_length 64
09-13-21 16:09:22 - epoch 1 | global step 5310 | mode train | loss 0.4945 | accuracy 83.125 | mean_length 64
09-13-21 16:11:09 - epoch 1 | global step 5320 | mode train | loss 0.4641 | accuracy 80.0 | mean_length 64
09-13-21 16:12:56 - epoch 1 | global step 5330 | mode train | loss 0.3991 | accuracy 84.6875 | mean_length 64
09-13-21 16:14:43 - epoch 1 | global step 5340 | mode train | loss 0.4366 | accuracy 83.4375 | mean_length 64
09-13-21 16:16:30 - epoch 1 | global step 5350 | mode train | loss 0.3242 | accuracy 88.4375 | mean_length 64
09-13-21 16:18:17 - epoch 1 | global step 5360 | mode train | loss 0.3552 | accuracy 88.75 | mean_length 64
09-13-21 16:20:04 - epoch 1 | global step 5370 | mode train | loss 0.3926 | accuracy 85.3125 | mean_length 64
09-13-21 16:21:51 - epoch 1 | global step 5380 | mode train | loss 0.4315 | accuracy 84.375 | mean_length 64
09-13-21 16:23:38 - epoch 1 | global step 5390 | mode train | loss 0.3641 | accuracy 86.875 | mean_length 64
09-13-21 16:25:25 - epoch 1 | global step 5400 | mode train | loss 0.3756 | accuracy 85.3125 | mean_length 64
09-13-21 16:27:12 - epoch 1 | global step 5410 | mode train | loss 0.4018 | accuracy 84.375 | mean_length 64
09-13-21 16:28:59 - epoch 1 | global step 5420 | mode train | loss 0.4218 | accuracy 85.3125 | mean_length 64
09-13-21 16:30:47 - epoch 1 | global step 5430 | mode train | loss 0.3384 | accuracy 88.75 | mean_length 64
09-13-21 16:32:34 - epoch 1 | global step 5440 | mode train | loss 0.3957 | accuracy 84.0625 | mean_length 64
09-13-21 16:34:21 - epoch 1 | global step 5450 | mode train | loss 0.3447 | accuracy 87.8125 | mean_length 64
09-13-21 16:36:08 - epoch 1 | global step 5460 | mode train | loss 0.39 | accuracy 85.9375 | mean_length 64
09-13-21 16:37:55 - epoch 1 | global step 5470 | mode train | loss 0.3084 | accuracy 89.0625 | mean_length 64
09-13-21 16:39:42 - epoch 1 | global step 5480 | mode train | loss 0.32 | accuracy 89.0625 | mean_length 64
09-13-21 16:41:29 - epoch 1 | global step 5490 | mode train | loss 0.3089 | accuracy 88.75 | mean_length 64
09-13-21 16:43:16 - epoch 1 | global step 5500 | mode train | loss 0.4396 | accuracy 82.1875 | mean_length 64
09-13-21 16:45:03 - epoch 1 | global step 5510 | mode train | loss 0.3606 | accuracy 86.25 | mean_length 64
09-13-21 16:46:51 - epoch 1 | global step 5520 | mode train | loss 0.3396 | accuracy 87.8125 | mean_length 64
09-13-21 16:48:38 - epoch 1 | global step 5530 | mode train | loss 0.3318 | accuracy 85.625 | mean_length 64
09-13-21 16:50:25 - epoch 1 | global step 5540 | mode train | loss 0.3358 | accuracy 87.5 | mean_length 64
09-13-21 16:52:12 - epoch 1 | global step 5550 | mode train | loss 0.3586 | accuracy 88.4375 | mean_length 64
09-13-21 16:53:59 - epoch 1 | global step 5560 | mode train | loss 0.3816 | accuracy 85.9375 | mean_length 64
09-13-21 16:55:46 - epoch 1 | global step 5570 | mode train | loss 0.3784 | accuracy 85.9375 | mean_length 64
09-13-21 16:57:33 - epoch 1 | global step 5580 | mode train | loss 0.3056 | accuracy 90.625 | mean_length 64
09-13-21 16:59:21 - epoch 1 | global step 5590 | mode train | loss 0.3498 | accuracy 88.4375 | mean_length 64
09-13-21 17:01:08 - epoch 1 | global step 5600 | mode train | loss 0.3235 | accuracy 88.4375 | mean_length 64
09-13-21 17:02:55 - epoch 1 | global step 5610 | mode train | loss 0.2961 | accuracy 88.125 | mean_length 64
09-13-21 17:04:42 - epoch 1 | global step 5620 | mode train | loss 0.3386 | accuracy 88.125 | mean_length 64
09-13-21 17:06:29 - epoch 1 | global step 5630 | mode train | loss 0.3123 | accuracy 88.4375 | mean_length 64
09-13-21 17:16:23 - epoch 1 | global step 5632 | mode validation | loss 0.5284 | accuracy 81.36 | mean_length 64
09-13-21 17:17:49 - epoch 1 | global step 5640 | mode train | loss 0.3412 | accuracy 87.1875 | mean_length 64
09-13-21 17:19:36 - epoch 1 | global step 5650 | mode train | loss 0.3256 | accuracy 87.5 | mean_length 64
09-13-21 17:21:23 - epoch 1 | global step 5660 | mode train | loss 0.3212 | accuracy 87.8125 | mean_length 64
09-13-21 17:23:10 - epoch 1 | global step 5670 | mode train | loss 0.2893 | accuracy 90.3125 | mean_length 64
09-13-21 17:24:57 - epoch 1 | global step 5680 | mode train | loss 0.3398 | accuracy 87.8125 | mean_length 64
09-13-21 17:26:44 - epoch 1 | global step 5690 | mode train | loss 0.3715 | accuracy 86.5625 | mean_length 64
09-13-21 17:28:31 - epoch 1 | global step 5700 | mode train | loss 0.3198 | accuracy 87.8125 | mean_length 64
09-13-21 17:30:18 - epoch 1 | global step 5710 | mode train | loss 0.3462 | accuracy 89.375 | mean_length 64
09-13-21 17:32:05 - epoch 1 | global step 5720 | mode train | loss 0.286 | accuracy 90.625 | mean_length 64
09-13-21 17:33:52 - epoch 1 | global step 5730 | mode train | loss 0.3243 | accuracy 85.9375 | mean_length 64
09-13-21 17:35:39 - epoch 1 | global step 5740 | mode train | loss 0.2838 | accuracy 91.5625 | mean_length 64
09-13-21 17:37:26 - epoch 1 | global step 5750 | mode train | loss 0.3278 | accuracy 88.125 | mean_length 64
09-13-21 17:39:13 - epoch 1 | global step 5760 | mode train | loss 0.3295 | accuracy 88.75 | mean_length 64
09-13-21 17:41:01 - epoch 1 | global step 5770 | mode train | loss 0.2807 | accuracy 90.0 | mean_length 64
09-13-21 17:42:48 - epoch 1 | global step 5780 | mode train | loss 0.3204 | accuracy 85.9375 | mean_length 64
09-13-21 17:44:35 - epoch 1 | global step 5790 | mode train | loss 0.3193 | accuracy 88.125 | mean_length 64
09-13-21 17:46:22 - epoch 1 | global step 5800 | mode train | loss 0.3075 | accuracy 88.125 | mean_length 64
09-13-21 17:48:09 - epoch 1 | global step 5810 | mode train | loss 0.3792 | accuracy 86.5625 | mean_length 64
09-13-21 17:49:56 - epoch 1 | global step 5820 | mode train | loss 0.4071 | accuracy 83.4375 | mean_length 64
09-13-21 17:51:43 - epoch 1 | global step 5830 | mode train | loss 0.3772 | accuracy 85.9375 | mean_length 64
09-13-21 17:53:30 - epoch 1 | global step 5840 | mode train | loss 0.3257 | accuracy 89.375 | mean_length 64
09-13-21 17:55:18 - epoch 1 | global step 5850 | mode train | loss 0.3433 | accuracy 86.875 | mean_length 64
09-13-21 17:57:05 - epoch 1 | global step 5860 | mode train | loss 0.3292 | accuracy 87.8125 | mean_length 64
09-13-21 17:58:52 - epoch 1 | global step 5870 | mode train | loss 0.3643 | accuracy 87.1875 | mean_length 64
09-13-21 18:00:39 - epoch 1 | global step 5880 | mode train | loss 0.3685 | accuracy 85.9375 | mean_length 64
09-13-21 18:02:26 - epoch 1 | global step 5890 | mode train | loss 0.3952 | accuracy 85.3125 | mean_length 64
09-13-21 18:04:13 - epoch 1 | global step 5900 | mode train | loss 0.3877 | accuracy 83.75 | mean_length 64
09-13-21 18:06:00 - epoch 1 | global step 5910 | mode train | loss 0.3313 | accuracy 86.875 | mean_length 64
09-13-21 18:07:47 - epoch 1 | global step 5920 | mode train | loss 0.3341 | accuracy 86.875 | mean_length 64
09-13-21 18:09:34 - epoch 1 | global step 5930 | mode train | loss 0.4138 | accuracy 82.5 | mean_length 64
09-13-21 18:11:21 - epoch 1 | global step 5940 | mode train | loss 0.3182 | accuracy 87.1875 | mean_length 64
09-13-21 18:13:08 - epoch 1 | global step 5950 | mode train | loss 0.4386 | accuracy 82.1875 | mean_length 64
09-13-21 18:14:55 - epoch 1 | global step 5960 | mode train | loss 0.4842 | accuracy 80.3125 | mean_length 64
09-13-21 18:16:42 - epoch 1 | global step 5970 | mode train | loss 0.4449 | accuracy 83.4375 | mean_length 64
09-13-21 18:18:29 - epoch 1 | global step 5980 | mode train | loss 0.347 | accuracy 87.5 | mean_length 64
09-13-21 18:20:17 - epoch 1 | global step 5990 | mode train | loss 0.3483 | accuracy 86.25 | mean_length 64
09-13-21 18:22:04 - epoch 1 | global step 6000 | mode train | loss 0.2928 | accuracy 87.8125 | mean_length 64
09-13-21 18:23:51 - epoch 1 | global step 6010 | mode train | loss 0.3702 | accuracy 86.875 | mean_length 64
09-13-21 18:25:38 - epoch 1 | global step 6020 | mode train | loss 0.3736 | accuracy 83.125 | mean_length 64
09-13-21 18:27:25 - epoch 1 | global step 6030 | mode train | loss 0.4341 | accuracy 84.6875 | mean_length 64
09-13-21 18:29:12 - epoch 1 | global step 6040 | mode train | loss 0.3578 | accuracy 85.9375 | mean_length 64
09-13-21 18:30:59 - epoch 1 | global step 6050 | mode train | loss 0.311 | accuracy 89.6875 | mean_length 64
09-13-21 18:32:46 - epoch 1 | global step 6060 | mode train | loss 0.3425 | accuracy 87.8125 | mean_length 64
09-13-21 18:34:33 - epoch 1 | global step 6070 | mode train | loss 0.3113 | accuracy 88.125 | mean_length 64
09-13-21 18:36:20 - epoch 1 | global step 6080 | mode train | loss 0.2873 | accuracy 89.375 | mean_length 64
09-13-21 18:38:07 - epoch 1 | global step 6090 | mode train | loss 0.3993 | accuracy 85.0 | mean_length 64
09-13-21 18:39:54 - epoch 1 | global step 6100 | mode train | loss 0.3333 | accuracy 88.75 | mean_length 64
09-13-21 18:41:41 - epoch 1 | global step 6110 | mode train | loss 0.3667 | accuracy 87.1875 | mean_length 64
09-13-21 18:43:28 - epoch 1 | global step 6120 | mode train | loss 0.3311 | accuracy 89.6875 | mean_length 64
09-13-21 18:45:15 - epoch 1 | global step 6130 | mode train | loss 0.3116 | accuracy 87.8125 | mean_length 64
09-13-21 18:47:03 - epoch 1 | global step 6140 | mode train | loss 0.3756 | accuracy 85.3125 | mean_length 64
09-13-21 18:57:19 - epoch 1 | global step 6144 | mode validation | loss 0.3266 | accuracy 87.44 | mean_length 64
09-13-21 18:57:19 - Saving model to Output/accGrad4_mbart_noBT_lr1.5e-5_7distractors_maxstep8192_seed43
Epoch: 1, Prediction Accuracy: 87.44, Saved to Path: Output/accGrad4_mbart_noBT_lr1.5e-5_7distractors_maxstep8192_seed43
09-13-21 18:58:32 - epoch 1 | global step 6150 | mode train | loss 0.3567 | accuracy 85.0 | mean_length 64
09-13-21 19:00:19 - epoch 1 | global step 6160 | mode train | loss 0.3459 | accuracy 86.875 | mean_length 64
09-13-21 19:02:06 - epoch 1 | global step 6170 | mode train | loss 0.3267 | accuracy 88.4375 | mean_length 64
09-13-21 19:03:53 - epoch 1 | global step 6180 | mode train | loss 0.2906 | accuracy 89.6875 | mean_length 64
09-13-21 19:05:40 - epoch 1 | global step 6190 | mode train | loss 0.3143 | accuracy 88.125 | mean_length 64
09-13-21 19:07:28 - epoch 1 | global step 6200 | mode train | loss 0.2659 | accuracy 90.0 | mean_length 64
09-13-21 19:09:15 - epoch 1 | global step 6210 | mode train | loss 0.3243 | accuracy 86.5625 | mean_length 64
09-13-21 19:11:02 - epoch 1 | global step 6220 | mode train | loss 0.3309 | accuracy 88.125 | mean_length 64
09-13-21 19:12:49 - epoch 1 | global step 6230 | mode train | loss 0.2476 | accuracy 89.375 | mean_length 64
09-13-21 19:14:36 - epoch 1 | global step 6240 | mode train | loss 0.2767 | accuracy 89.375 | mean_length 64
09-13-21 19:16:23 - epoch 1 | global step 6250 | mode train | loss 0.3846 | accuracy 86.25 | mean_length 64
09-13-21 19:18:10 - epoch 1 | global step 6260 | mode train | loss 0.3344 | accuracy 88.125 | mean_length 64
09-13-21 19:19:57 - epoch 1 | global step 6270 | mode train | loss 0.3013 | accuracy 87.1875 | mean_length 64
09-13-21 19:21:45 - epoch 1 | global step 6280 | mode train | loss 0.2829 | accuracy 90.0 | mean_length 64
09-13-21 19:23:32 - epoch 1 | global step 6290 | mode train | loss 0.3095 | accuracy 88.75 | mean_length 64
09-13-21 19:25:19 - epoch 1 | global step 6300 | mode train | loss 0.2877 | accuracy 88.4375 | mean_length 64
09-13-21 19:27:06 - epoch 1 | global step 6310 | mode train | loss 0.3107 | accuracy 88.4375 | mean_length 64
09-13-21 19:28:53 - epoch 1 | global step 6320 | mode train | loss 0.3325 | accuracy 88.125 | mean_length 64
09-13-21 19:30:40 - epoch 1 | global step 6330 | mode train | loss 0.3351 | accuracy 86.5625 | mean_length 64
09-13-21 19:32:27 - epoch 1 | global step 6340 | mode train | loss 0.312 | accuracy 89.0625 | mean_length 64
09-13-21 19:34:14 - epoch 1 | global step 6350 | mode train | loss 0.4581 | accuracy 80.0 | mean_length 64
09-13-21 19:36:01 - epoch 1 | global step 6360 | mode train | loss 0.3145 | accuracy 89.375 | mean_length 64
09-13-21 19:37:48 - epoch 1 | global step 6370 | mode train | loss 0.313 | accuracy 89.6875 | mean_length 64
09-13-21 19:39:36 - epoch 1 | global step 6380 | mode train | loss 0.2702 | accuracy 92.1875 | mean_length 64
09-13-21 19:41:23 - epoch 1 | global step 6390 | mode train | loss 0.3181 | accuracy 90.625 | mean_length 64
09-13-21 19:43:10 - epoch 1 | global step 6400 | mode train | loss 0.3938 | accuracy 85.0 | mean_length 64
09-13-21 19:44:57 - epoch 1 | global step 6410 | mode train | loss 0.4096 | accuracy 82.5 | mean_length 64
09-13-21 19:46:44 - epoch 1 | global step 6420 | mode train | loss 0.3632 | accuracy 88.75 | mean_length 64
09-13-21 19:48:32 - epoch 1 | global step 6430 | mode train | loss 0.3758 | accuracy 86.25 | mean_length 64
09-13-21 19:50:19 - epoch 1 | global step 6440 | mode train | loss 0.3526 | accuracy 87.8125 | mean_length 64
09-13-21 19:52:06 - epoch 1 | global step 6450 | mode train | loss 0.409 | accuracy 85.0 | mean_length 64
09-13-21 19:53:53 - epoch 2 | global step 6460 | mode train | loss 0.375 | accuracy 85.625 | mean_length 64
09-13-21 19:55:40 - epoch 2 | global step 6470 | mode train | loss 0.2976 | accuracy 87.1875 | mean_length 64
09-13-21 19:57:27 - epoch 2 | global step 6480 | mode train | loss 0.2784 | accuracy 90.0 | mean_length 64
09-13-21 19:59:14 - epoch 2 | global step 6490 | mode train | loss 0.3531 | accuracy 84.6875 | mean_length 64
09-13-21 20:01:01 - epoch 2 | global step 6500 | mode train | loss 0.3546 | accuracy 88.125 | mean_length 64
09-13-21 20:02:48 - epoch 2 | global step 6510 | mode train | loss 0.3092 | accuracy 87.8125 | mean_length 64
09-13-21 20:04:36 - epoch 2 | global step 6520 | mode train | loss 0.3809 | accuracy 86.5625 | mean_length 64
09-13-21 20:06:23 - epoch 2 | global step 6530 | mode train | loss 0.315 | accuracy 85.625 | mean_length 64
09-13-21 20:08:10 - epoch 2 | global step 6540 | mode train | loss 0.3279 | accuracy 87.1875 | mean_length 64
09-13-21 20:09:57 - epoch 2 | global step 6550 | mode train | loss 0.3392 | accuracy 86.875 | mean_length 64
09-13-21 20:11:44 - epoch 2 | global step 6560 | mode train | loss 0.5192 | accuracy 80.9375 | mean_length 64
09-13-21 20:13:31 - epoch 2 | global step 6570 | mode train | loss 0.475 | accuracy 83.75 | mean_length 64
09-13-21 20:15:18 - epoch 2 | global step 6580 | mode train | loss 0.4133 | accuracy 86.25 | mean_length 64
09-13-21 20:17:05 - epoch 2 | global step 6590 | mode train | loss 0.41 | accuracy 86.875 | mean_length 64
09-13-21 20:18:52 - epoch 2 | global step 6600 | mode train | loss 0.4011 | accuracy 87.8125 | mean_length 64
09-13-21 20:20:39 - epoch 2 | global step 6610 | mode train | loss 0.4221 | accuracy 85.9375 | mean_length 64
09-13-21 20:22:26 - epoch 2 | global step 6620 | mode train | loss 0.4142 | accuracy 85.9375 | mean_length 64
09-13-21 20:24:13 - epoch 2 | global step 6630 | mode train | loss 0.4378 | accuracy 85.0 | mean_length 64
09-13-21 20:26:00 - epoch 2 | global step 6640 | mode train | loss 0.3214 | accuracy 88.4375 | mean_length 64
09-13-21 20:27:47 - epoch 2 | global step 6650 | mode train | loss 0.3351 | accuracy 89.6875 | mean_length 64
09-13-21 20:38:25 - epoch 2 | global step 6656 | mode validation | loss 0.4572 | accuracy 83.68 | mean_length 64
09-13-21 20:39:08 - epoch 2 | global step 6660 | mode train | loss 0.3839 | accuracy 85.0 | mean_length 64
09-13-21 20:40:55 - epoch 2 | global step 6670 | mode train | loss 0.2956 | accuracy 91.5625 | mean_length 64
09-13-21 20:42:42 - epoch 2 | global step 6680 | mode train | loss 0.3314 | accuracy 86.25 | mean_length 64
09-13-21 20:44:29 - epoch 2 | global step 6690 | mode train | loss 0.3539 | accuracy 86.5625 | mean_length 64
09-13-21 20:46:16 - epoch 2 | global step 6700 | mode train | loss 0.4388 | accuracy 83.75 | mean_length 64
09-13-21 20:48:04 - epoch 2 | global step 6710 | mode train | loss 0.4824 | accuracy 81.5625 | mean_length 64
09-13-21 20:49:51 - epoch 2 | global step 6720 | mode train | loss 0.415 | accuracy 84.0625 | mean_length 64
09-13-21 20:51:38 - epoch 2 | global step 6730 | mode train | loss 0.386 | accuracy 85.3125 | mean_length 64
09-13-21 20:53:25 - epoch 2 | global step 6740 | mode train | loss 0.5522 | accuracy 78.4375 | mean_length 64
09-13-21 20:55:12 - epoch 2 | global step 6750 | mode train | loss 0.8032 | accuracy 69.6875 | mean_length 64
09-13-21 20:56:59 - epoch 2 | global step 6760 | mode train | loss 0.8674 | accuracy 69.6875 | mean_length 64
09-13-21 20:58:46 - epoch 2 | global step 6770 | mode train | loss 0.965 | accuracy 62.8125 | mean_length 64
09-13-21 21:00:33 - epoch 2 | global step 6780 | mode train | loss 1.012 | accuracy 62.1875 | mean_length 64
09-13-21 21:02:21 - epoch 2 | global step 6790 | mode train | loss 1.0691 | accuracy 55.3125 | mean_length 64
09-13-21 21:04:08 - epoch 2 | global step 6800 | mode train | loss 1.0393 | accuracy 58.4375 | mean_length 64
09-13-21 21:05:55 - epoch 2 | global step 6810 | mode train | loss 1.04 | accuracy 60.3125 | mean_length 64
09-13-21 21:07:42 - epoch 2 | global step 6820 | mode train | loss 1.0476 | accuracy 58.75 | mean_length 64
09-13-21 21:09:29 - epoch 2 | global step 6830 | mode train | loss 1.0704 | accuracy 59.375 | mean_length 64
09-13-21 21:11:16 - epoch 2 | global step 6840 | mode train | loss 1.2304 | accuracy 55.0 | mean_length 64
09-13-21 21:13:03 - epoch 2 | global step 6850 | mode train | loss 1.0985 | accuracy 55.9375 | mean_length 64
09-13-21 21:14:50 - epoch 2 | global step 6860 | mode train | loss 1.1824 | accuracy 51.875 | mean_length 64
09-13-21 21:16:37 - epoch 2 | global step 6870 | mode train | loss 1.0826 | accuracy 58.75 | mean_length 64
09-13-21 21:18:24 - epoch 2 | global step 6880 | mode train | loss 1.0509 | accuracy 57.8125 | mean_length 64
09-13-21 21:20:11 - epoch 2 | global step 6890 | mode train | loss 1.0883 | accuracy 57.8125 | mean_length 64
09-13-21 21:21:58 - epoch 2 | global step 6900 | mode train | loss 1.0355 | accuracy 57.5 | mean_length 64
09-13-21 21:23:46 - epoch 2 | global step 6910 | mode train | loss 1.0581 | accuracy 57.5 | mean_length 64
09-13-21 21:25:33 - epoch 2 | global step 6920 | mode train | loss 1.0668 | accuracy 58.125 | mean_length 64
09-13-21 21:27:20 - epoch 2 | global step 6930 | mode train | loss 1.1061 | accuracy 54.6875 | mean_length 64
09-13-21 21:29:07 - epoch 2 | global step 6940 | mode train | loss 0.7817 | accuracy 72.5 | mean_length 64
09-13-21 21:30:54 - epoch 2 | global step 6950 | mode train | loss 0.8223 | accuracy 67.1875 | mean_length 64
09-13-21 21:32:41 - epoch 2 | global step 6960 | mode train | loss 0.7456 | accuracy 69.375 | mean_length 64
09-13-21 21:34:28 - epoch 2 | global step 6970 | mode train | loss 0.6327 | accuracy 78.125 | mean_length 64
09-13-21 21:36:15 - epoch 2 | global step 6980 | mode train | loss 0.6482 | accuracy 74.0625 | mean_length 64
09-13-21 21:38:02 - epoch 2 | global step 6990 | mode train | loss 0.6464 | accuracy 72.5 | mean_length 64
09-13-21 21:39:49 - epoch 2 | global step 7000 | mode train | loss 0.9153 | accuracy 64.375 | mean_length 64
09-13-21 21:41:36 - epoch 2 | global step 7010 | mode train | loss 1.4866 | accuracy 45.3125 | mean_length 64
09-13-21 21:43:23 - epoch 2 | global step 7020 | mode train | loss 1.2242 | accuracy 54.6875 | mean_length 64
09-13-21 21:45:11 - epoch 2 | global step 7030 | mode train | loss 1.2245 | accuracy 50.9375 | mean_length 64
09-13-21 21:46:58 - epoch 2 | global step 7040 | mode train | loss 0.9461 | accuracy 62.8125 | mean_length 64
09-13-21 21:48:45 - epoch 2 | global step 7050 | mode train | loss 1.0656 | accuracy 55.9375 | mean_length 64
09-13-21 21:50:33 - epoch 2 | global step 7060 | mode train | loss 1.082 | accuracy 56.25 | mean_length 64
09-13-21 21:52:20 - epoch 2 | global step 7070 | mode train | loss 1.0189 | accuracy 61.875 | mean_length 64
09-13-21 21:54:07 - epoch 2 | global step 7080 | mode train | loss 1.0464 | accuracy 57.1875 | mean_length 64
09-13-21 21:55:54 - epoch 2 | global step 7090 | mode train | loss 1.3303 | accuracy 48.75 | mean_length 64
09-13-21 21:57:41 - epoch 2 | global step 7100 | mode train | loss 1.3622 | accuracy 45.625 | mean_length 64
09-13-21 21:59:28 - epoch 2 | global step 7110 | mode train | loss 1.2533 | accuracy 50.625 | mean_length 64
09-13-21 22:01:15 - epoch 2 | global step 7120 | mode train | loss 1.2505 | accuracy 50.0 | mean_length 64
09-13-21 22:03:02 - epoch 2 | global step 7130 | mode train | loss 1.3045 | accuracy 50.3125 | mean_length 64
09-13-21 22:04:49 - epoch 2 | global step 7140 | mode train | loss 1.2467 | accuracy 51.5625 | mean_length 64
09-13-21 22:06:36 - epoch 2 | global step 7150 | mode train | loss 1.06 | accuracy 55.3125 | mean_length 64
09-13-21 22:08:23 - epoch 2 | global step 7160 | mode train | loss 0.9677 | accuracy 58.125 | mean_length 64
09-13-21 22:19:22 - epoch 2 | global step 7168 | mode validation | loss 1.8096 | accuracy 33.96 | mean_length 64
09-13-21 22:19:44 - epoch 2 | global step 7170 | mode train | loss 0.8843 | accuracy 63.75 | mean_length 64
09-13-21 22:21:31 - epoch 2 | global step 7180 | mode train | loss 0.8765 | accuracy 63.75 | mean_length 64
09-13-21 22:23:18 - epoch 2 | global step 7190 | mode train | loss 0.8545 | accuracy 63.4375 | mean_length 64
09-13-21 22:25:05 - epoch 2 | global step 7200 | mode train | loss 0.8529 | accuracy 67.1875 | mean_length 64
09-13-21 22:26:52 - epoch 2 | global step 7210 | mode train | loss 0.9136 | accuracy 62.8125 | mean_length 64
09-13-21 22:28:39 - epoch 2 | global step 7220 | mode train | loss 0.8963 | accuracy 61.875 | mean_length 64
09-13-21 22:30:26 - epoch 2 | global step 7230 | mode train | loss 0.8704 | accuracy 63.75 | mean_length 64
09-13-21 22:32:13 - epoch 2 | global step 7240 | mode train | loss 0.7783 | accuracy 66.5625 | mean_length 64
09-13-21 22:34:00 - epoch 2 | global step 7250 | mode train | loss 0.9221 | accuracy 60.9375 | mean_length 64
09-13-21 22:35:47 - epoch 2 | global step 7260 | mode train | loss 0.8749 | accuracy 64.375 | mean_length 64
09-13-21 22:37:35 - epoch 2 | global step 7270 | mode train | loss 0.8135 | accuracy 66.875 | mean_length 64
09-13-21 22:39:22 - epoch 2 | global step 7280 | mode train | loss 0.8525 | accuracy 65.625 | mean_length 64
09-13-21 22:41:09 - epoch 2 | global step 7290 | mode train | loss 0.9465 | accuracy 62.5 | mean_length 64
09-13-21 22:42:56 - epoch 2 | global step 7300 | mode train | loss 0.9018 | accuracy 65.3125 | mean_length 64
09-13-21 22:44:43 - epoch 2 | global step 7310 | mode train | loss 0.9073 | accuracy 63.125 | mean_length 64
09-13-21 22:46:30 - epoch 2 | global step 7320 | mode train | loss 0.9012 | accuracy 63.75 | mean_length 64
09-13-21 22:48:17 - epoch 2 | global step 7330 | mode train | loss 0.9372 | accuracy 58.75 | mean_length 64
09-13-21 22:50:05 - epoch 2 | global step 7340 | mode train | loss 0.9039 | accuracy 61.25 | mean_length 64
09-13-21 22:51:52 - epoch 2 | global step 7350 | mode train | loss 0.8515 | accuracy 65.9375 | mean_length 64
09-13-21 22:53:39 - epoch 2 | global step 7360 | mode train | loss 0.8187 | accuracy 65.9375 | mean_length 64
09-13-21 22:55:26 - epoch 2 | global step 7370 | mode train | loss 0.7544 | accuracy 69.375 | mean_length 64
09-13-21 22:57:13 - epoch 2 | global step 7380 | mode train | loss 0.8119 | accuracy 65.0 | mean_length 64
09-13-21 22:59:00 - epoch 2 | global step 7390 | mode train | loss 0.8112 | accuracy 65.625 | mean_length 64
09-13-21 23:00:47 - epoch 2 | global step 7400 | mode train | loss 0.7777 | accuracy 64.375 | mean_length 64
09-13-21 23:02:34 - epoch 2 | global step 7410 | mode train | loss 0.8686 | accuracy 62.5 | mean_length 64
09-13-21 23:04:21 - epoch 2 | global step 7420 | mode train | loss 1.0536 | accuracy 58.125 | mean_length 64
09-13-21 23:06:08 - epoch 2 | global step 7430 | mode train | loss 0.9633 | accuracy 57.8125 | mean_length 64
09-13-21 23:07:55 - epoch 2 | global step 7440 | mode train | loss 0.7868 | accuracy 66.25 | mean_length 64
09-13-21 23:09:43 - epoch 2 | global step 7450 | mode train | loss 0.8354 | accuracy 65.625 | mean_length 64
09-13-21 23:11:30 - epoch 2 | global step 7460 | mode train | loss 0.8457 | accuracy 63.4375 | mean_length 64
09-13-21 23:13:17 - epoch 2 | global step 7470 | mode train | loss 1.8148 | accuracy 32.1875 | mean_length 64
09-13-21 23:15:04 - epoch 2 | global step 7480 | mode train | loss 2.3483 | accuracy 13.125 | mean_length 64
09-13-21 23:16:51 - epoch 2 | global step 7490 | mode train | loss 2.3848 | accuracy 9.375 | mean_length 64
09-13-21 23:18:38 - epoch 2 | global step 7500 | mode train | loss 2.2939 | accuracy 12.5 | mean_length 64
09-13-21 23:20:25 - epoch 2 | global step 7510 | mode train | loss 2.256 | accuracy 10.625 | mean_length 64
09-13-21 23:22:12 - epoch 2 | global step 7520 | mode train | loss 2.158 | accuracy 10.625 | mean_length 64
09-13-21 23:23:59 - epoch 2 | global step 7530 | mode train | loss 2.0823 | accuracy 9.375 | mean_length 64
09-13-21 23:25:46 - epoch 2 | global step 7540 | mode train | loss 1.9478 | accuracy 20.9375 | mean_length 64
09-13-21 23:27:33 - epoch 2 | global step 7550 | mode train | loss 1.7204 | accuracy 31.25 | mean_length 64
09-13-21 23:29:20 - epoch 2 | global step 7560 | mode train | loss 1.6543 | accuracy 35.3125 | mean_length 64
09-13-21 23:31:07 - epoch 2 | global step 7570 | mode train | loss 1.6703 | accuracy 35.3125 | mean_length 64
09-13-21 23:32:54 - epoch 2 | global step 7580 | mode train | loss 1.6021 | accuracy 35.625 | mean_length 64
09-13-21 23:34:41 - epoch 2 | global step 7590 | mode train | loss 1.6049 | accuracy 38.4375 | mean_length 64
09-13-21 23:36:28 - epoch 2 | global step 7600 | mode train | loss 1.6159 | accuracy 35.9375 | mean_length 64
09-13-21 23:38:15 - epoch 2 | global step 7610 | mode train | loss 1.6121 | accuracy 35.625 | mean_length 64
09-13-21 23:40:02 - epoch 2 | global step 7620 | mode train | loss 1.6105 | accuracy 36.25 | mean_length 64
09-13-21 23:41:50 - epoch 2 | global step 7630 | mode train | loss 1.4987 | accuracy 43.4375 | mean_length 64
09-13-21 23:43:37 - epoch 2 | global step 7640 | mode train | loss 1.497 | accuracy 36.5625 | mean_length 64
09-13-21 23:45:24 - epoch 2 | global step 7650 | mode train | loss 1.4926 | accuracy 40.625 | mean_length 64
09-13-21 23:47:11 - epoch 2 | global step 7660 | mode train | loss 1.5411 | accuracy 38.4375 | mean_length 64
09-13-21 23:48:58 - epoch 2 | global step 7670 | mode train | loss 1.385 | accuracy 45.0 | mean_length 64
09-13-21 23:50:45 - epoch 2 | global step 7680 | mode train | loss 1.4501 | accuracy 42.8125 | mean_length 64
09-14-21 00:00:19 - epoch 2 | global step 7680 | mode validation | loss 1.9108 | accuracy 30.74 | mean_length 64
09-14-21 00:02:06 - epoch 2 | global step 7690 | mode train | loss 1.4771 | accuracy 40.625 | mean_length 64
09-14-21 00:03:53 - epoch 2 | global step 7700 | mode train | loss 1.6022 | accuracy 35.9375 | mean_length 64
09-14-21 00:05:40 - epoch 2 | global step 7710 | mode train | loss 1.2755 | accuracy 48.75 | mean_length 64
09-14-21 00:07:27 - epoch 2 | global step 7720 | mode train | loss 1.2462 | accuracy 49.6875 | mean_length 64
09-14-21 00:09:14 - epoch 2 | global step 7730 | mode train | loss 1.4851 | accuracy 43.75 | mean_length 64
09-14-21 00:11:01 - epoch 2 | global step 7740 | mode train | loss 1.0007 | accuracy 62.5 | mean_length 64
09-14-21 00:12:48 - epoch 2 | global step 7750 | mode train | loss 0.936 | accuracy 66.5625 | mean_length 64
09-14-21 00:14:35 - epoch 2 | global step 7760 | mode train | loss 0.937 | accuracy 62.5 | mean_length 64
09-14-21 00:16:22 - epoch 2 | global step 7770 | mode train | loss 0.8977 | accuracy 63.75 | mean_length 64
09-14-21 00:18:09 - epoch 2 | global step 7780 | mode train | loss 0.8084 | accuracy 70.0 | mean_length 64
09-14-21 00:19:56 - epoch 2 | global step 7790 | mode train | loss 0.8325 | accuracy 67.5 | mean_length 64
09-14-21 00:21:44 - epoch 2 | global step 7800 | mode train | loss 0.6526 | accuracy 72.8125 | mean_length 64
09-14-21 00:23:31 - epoch 2 | global step 7810 | mode train | loss 0.8279 | accuracy 65.625 | mean_length 64
09-14-21 00:25:18 - epoch 2 | global step 7820 | mode train | loss 0.8646 | accuracy 67.1875 | mean_length 64
09-14-21 00:27:05 - epoch 2 | global step 7830 | mode train | loss 0.7818 | accuracy 68.75 | mean_length 64
09-14-21 00:28:52 - epoch 2 | global step 7840 | mode train | loss 1.0304 | accuracy 55.9375 | mean_length 64
09-14-21 00:30:39 - epoch 2 | global step 7850 | mode train | loss 1.0915 | accuracy 53.75 | mean_length 64
09-14-21 00:32:26 - epoch 2 | global step 7860 | mode train | loss 0.975 | accuracy 64.6875 | mean_length 64
09-14-21 00:34:13 - epoch 2 | global step 7870 | mode train | loss 0.9381 | accuracy 62.8125 | mean_length 64
09-14-21 00:36:00 - epoch 2 | global step 7880 | mode train | loss 0.9015 | accuracy 62.8125 | mean_length 64
09-14-21 00:37:47 - epoch 2 | global step 7890 | mode train | loss 1.012 | accuracy 60.3125 | mean_length 64
09-14-21 00:39:34 - epoch 2 | global step 7900 | mode train | loss 1.2946 | accuracy 44.375 | mean_length 64
09-14-21 00:41:21 - epoch 2 | global step 7910 | mode train | loss 1.5458 | accuracy 35.9375 | mean_length 64
09-14-21 00:43:08 - epoch 2 | global step 7920 | mode train | loss 1.8405 | accuracy 24.6875 | mean_length 64
09-14-21 00:44:55 - epoch 2 | global step 7930 | mode train | loss 1.7396 | accuracy 29.0625 | mean_length 64
09-14-21 00:46:43 - epoch 2 | global step 7940 | mode train | loss 1.5664 | accuracy 35.3125 | mean_length 64
09-14-21 00:48:30 - epoch 2 | global step 7950 | mode train | loss 1.4868 | accuracy 40.0 | mean_length 64
09-14-21 00:50:17 - epoch 2 | global step 7960 | mode train | loss 1.4035 | accuracy 43.4375 | mean_length 64
09-14-21 00:52:04 - epoch 2 | global step 7970 | mode train | loss 1.2768 | accuracy 50.625 | mean_length 64
09-14-21 00:53:52 - epoch 2 | global step 7980 | mode train | loss 1.2722 | accuracy 46.25 | mean_length 64
09-14-21 00:55:39 - epoch 2 | global step 7990 | mode train | loss 1.1027 | accuracy 57.5 | mean_length 64
09-14-21 00:57:26 - epoch 2 | global step 8000 | mode train | loss 1.0216 | accuracy 60.9375 | mean_length 64
09-14-21 00:59:13 - epoch 2 | global step 8010 | mode train | loss 1.0186 | accuracy 58.75 | mean_length 64
09-14-21 01:01:00 - epoch 2 | global step 8020 | mode train | loss 0.9361 | accuracy 60.3125 | mean_length 64
09-14-21 01:02:47 - epoch 2 | global step 8030 | mode train | loss 0.8771 | accuracy 63.125 | mean_length 64
09-14-21 01:04:34 - epoch 2 | global step 8040 | mode train | loss 0.8146 | accuracy 65.3125 | mean_length 64
09-14-21 01:06:21 - epoch 2 | global step 8050 | mode train | loss 0.8324 | accuracy 62.5 | mean_length 64
09-14-21 01:08:08 - epoch 2 | global step 8060 | mode train | loss 0.8459 | accuracy 64.375 | mean_length 64
09-14-21 01:09:55 - epoch 2 | global step 8070 | mode train | loss 0.8809 | accuracy 63.4375 | mean_length 64
09-14-21 01:11:42 - epoch 2 | global step 8080 | mode train | loss 0.8149 | accuracy 68.125 | mean_length 64
09-14-21 01:13:29 - epoch 2 | global step 8090 | mode train | loss 0.7078 | accuracy 70.625 | mean_length 64
09-14-21 01:15:16 - epoch 2 | global step 8100 | mode train | loss 0.6599 | accuracy 70.3125 | mean_length 64
09-14-21 01:17:04 - epoch 2 | global step 8110 | mode train | loss 0.7618 | accuracy 67.5 | mean_length 64
09-14-21 01:18:51 - epoch 2 | global step 8120 | mode train | loss 0.6899 | accuracy 71.5625 | mean_length 64
09-14-21 01:20:38 - epoch 2 | global step 8130 | mode train | loss 0.793 | accuracy 67.1875 | mean_length 64
09-14-21 01:22:25 - epoch 2 | global step 8140 | mode train | loss 0.7181 | accuracy 71.5625 | mean_length 64
09-14-21 01:24:13 - epoch 2 | global step 8150 | mode train | loss 0.8233 | accuracy 68.75 | mean_length 64
09-14-21 01:26:00 - epoch 2 | global step 8160 | mode train | loss 0.5815 | accuracy 75.9375 | mean_length 64
09-14-21 01:27:47 - epoch 2 | global step 8170 | mode train | loss 0.5846 | accuracy 77.5 | mean_length 64
09-14-21 01:29:34 - epoch 2 | global step 8180 | mode train | loss 0.4666 | accuracy 80.9375 | mean_length 64
09-14-21 01:31:21 - epoch 2 | global step 8190 | mode train | loss 0.523 | accuracy 79.375 | mean_length 64
09-14-21 01:31:43 - Evaluate the following checkpoint: Output/accGrad4_mbart_noBT_lr1.5e-5_7distractors_maxstep8192_seed43/model.pt
09-14-21 01:43:18 - Best model stats: 
09-14-21 01:43:18 - epoch 0 | global step 0 | mode validation | loss 0.3275 | accuracy 86.9 | mean_length 64
