==========================================
SLURM_JOB_ID = 5959016
SLURM_JOB_NODELIST = d14-17
TMPDIR = /tmp/SLURM_5959016
==========================================
/home1/zliu9986/communication-translation
09-19-21 15:53:07 - Dataset Loaded
09-19-21 15:53:07 - Configuration:
Namespace(TransferH=False, alpha=1.0, batch_size=8, beam_width=5, bidirectional=False, config='Configs/en-zh_ec_captions.yml', cpu=False, decode_how='beam', device=device(type='cuda'), do_eval=True, do_train=True, dropout=0.1, fix_bhd=False, fix_spk=False, grad_clip=1.0, gradient_accumulation_steps=4, hard=False, has_vocab_constraint=False, hidden_dim=512, image_dim=2048, lr=2e-05, max_global_step=8192, max_seq_length=64, mode='emergent_communication', model_name='Models/bt_en-zh_captions', n_gpu=1, no_share_bhd=False, no_terminal=False, no_write=False, num_distractors_train=7, num_distractors_valid=7, num_games=30, num_layers=1, output_dir='Output/accGrad4_mbart_BTen+zh-captions_lr2.0e-5_7distractors_maxstep8192_seed43', print_every=10, save_output_txt=True, save_pretrain_seperately=True, seed=43, source_lang='en_XX', source_lang_vocab_constrain_file='/projects/unmt/communication-translation/en_cc_tokenID2count_dict.cc25.json', stats_to_print=['loss', 'accuracy', 'caption generation loss', 'image selection loss', 'mean_length'], target_acc=85.0, target_lang='zh_CN', target_lang_vocab_constrain_file='/projects/unmt/communication-translation/zh-Hans_cc_tokenID2count_dict.cc25.json', temp=1.0, temperature=1.0, train_images='./Data/ec_finetuning/images_train', two_ffwd=False, unit_norm=False, valid_every=512, valid_images='./Data/ec_finetuning/images_val', vocab_size=4035)
Sharing visual system for each agent.
09-19-21 16:02:56 - epoch 0 | global step 0 | mode validation | loss 2.3707 | accuracy 12.74 | mean_length 33.7326
09-19-21 16:02:56 - Saving model to Output/accGrad4_mbart_BTen+zh-captions_lr2.0e-5_7distractors_maxstep8192_seed43
Epoch: 0, Prediction Accuracy: 12.74, Saved to Path: Output/accGrad4_mbart_BTen+zh-captions_lr2.0e-5_7distractors_maxstep8192_seed43
09-19-21 16:04:54 - epoch 0 | global step 10 | mode train | loss 2.1282 | accuracy 14.375 | mean_length 56.225
09-19-21 16:06:42 - epoch 0 | global step 20 | mode train | loss 2.0761 | accuracy 15.3125 | mean_length 64
09-19-21 16:08:30 - epoch 0 | global step 30 | mode train | loss 2.1036 | accuracy 12.1875 | mean_length 64
09-19-21 16:10:18 - epoch 0 | global step 40 | mode train | loss 2.0922 | accuracy 12.5 | mean_length 64
09-19-21 16:12:06 - epoch 0 | global step 50 | mode train | loss 2.0677 | accuracy 13.75 | mean_length 64
09-19-21 16:13:53 - epoch 0 | global step 60 | mode train | loss 2.0586 | accuracy 13.75 | mean_length 64
09-19-21 16:15:41 - epoch 0 | global step 70 | mode train | loss 2.1461 | accuracy 12.1875 | mean_length 64
09-19-21 16:17:29 - epoch 0 | global step 80 | mode train | loss 2.0734 | accuracy 14.6875 | mean_length 64
09-19-21 16:19:18 - epoch 0 | global step 90 | mode train | loss 2.0926 | accuracy 11.875 | mean_length 64
09-19-21 16:21:06 - epoch 0 | global step 100 | mode train | loss 2.0835 | accuracy 11.25 | mean_length 64
09-19-21 16:22:54 - epoch 0 | global step 110 | mode train | loss 2.0855 | accuracy 11.25 | mean_length 64
09-19-21 16:24:42 - epoch 0 | global step 120 | mode train | loss 2.0897 | accuracy 11.25 | mean_length 64
09-19-21 16:26:30 - epoch 0 | global step 130 | mode train | loss 2.082 | accuracy 11.875 | mean_length 64
09-19-21 16:28:18 - epoch 0 | global step 140 | mode train | loss 2.0773 | accuracy 13.4375 | mean_length 64
09-19-21 16:30:06 - epoch 0 | global step 150 | mode train | loss 2.0827 | accuracy 12.5 | mean_length 64
09-19-21 16:31:54 - epoch 0 | global step 160 | mode train | loss 2.0796 | accuracy 14.0625 | mean_length 64
09-19-21 16:33:42 - epoch 0 | global step 170 | mode train | loss 2.0839 | accuracy 13.75 | mean_length 64
09-19-21 16:35:30 - epoch 0 | global step 180 | mode train | loss 2.0797 | accuracy 12.8125 | mean_length 64
09-19-21 16:37:18 - epoch 0 | global step 190 | mode train | loss 2.0849 | accuracy 11.25 | mean_length 64
09-19-21 16:39:06 - epoch 0 | global step 200 | mode train | loss 2.079 | accuracy 11.875 | mean_length 64
09-19-21 16:40:54 - epoch 0 | global step 210 | mode train | loss 2.0811 | accuracy 11.875 | mean_length 64
09-19-21 16:42:42 - epoch 0 | global step 220 | mode train | loss 2.0787 | accuracy 13.125 | mean_length 64
09-19-21 16:44:30 - epoch 0 | global step 230 | mode train | loss 2.0878 | accuracy 10.0 | mean_length 64
09-19-21 16:46:18 - epoch 0 | global step 240 | mode train | loss 2.0835 | accuracy 10.9375 | mean_length 64
09-19-21 16:48:06 - epoch 0 | global step 250 | mode train | loss 2.0801 | accuracy 12.8125 | mean_length 64
09-19-21 16:49:54 - epoch 0 | global step 260 | mode train | loss 2.0791 | accuracy 12.1875 | mean_length 64
09-19-21 16:51:42 - epoch 0 | global step 270 | mode train | loss 2.0659 | accuracy 17.5 | mean_length 64
09-19-21 16:53:30 - epoch 0 | global step 280 | mode train | loss 2.0555 | accuracy 11.5625 | mean_length 64
09-19-21 16:55:18 - epoch 0 | global step 290 | mode train | loss 2.02 | accuracy 14.0625 | mean_length 64
09-19-21 16:57:06 - epoch 0 | global step 300 | mode train | loss 2.0492 | accuracy 9.375 | mean_length 64
09-19-21 16:58:53 - epoch 0 | global step 310 | mode train | loss 2.0285 | accuracy 13.4375 | mean_length 64
09-19-21 17:00:41 - epoch 0 | global step 320 | mode train | loss 2.0386 | accuracy 17.1875 | mean_length 64
09-19-21 17:02:29 - epoch 0 | global step 330 | mode train | loss 2.057 | accuracy 15.625 | mean_length 63.8781
09-19-21 17:04:17 - epoch 0 | global step 340 | mode train | loss 2.0825 | accuracy 10.9375 | mean_length 64
09-19-21 17:06:05 - epoch 0 | global step 350 | mode train | loss 2.0811 | accuracy 11.5625 | mean_length 64
09-19-21 17:07:53 - epoch 0 | global step 360 | mode train | loss 2.0801 | accuracy 12.5 | mean_length 64
09-19-21 17:09:41 - epoch 0 | global step 370 | mode train | loss 2.0794 | accuracy 11.875 | mean_length 64
09-19-21 17:11:28 - epoch 0 | global step 380 | mode train | loss 2.0772 | accuracy 11.875 | mean_length 64
09-19-21 17:13:16 - epoch 0 | global step 390 | mode train | loss 2.0717 | accuracy 17.5 | mean_length 64
09-19-21 17:15:04 - epoch 0 | global step 400 | mode train | loss 2.0648 | accuracy 12.8125 | mean_length 64
09-19-21 17:16:51 - epoch 0 | global step 410 | mode train | loss 2.0689 | accuracy 12.5 | mean_length 64
09-19-21 17:18:39 - epoch 0 | global step 420 | mode train | loss 2.0852 | accuracy 10.0 | mean_length 64
09-19-21 17:20:27 - epoch 0 | global step 430 | mode train | loss 2.0758 | accuracy 16.5625 | mean_length 64
09-19-21 17:22:14 - epoch 0 | global step 440 | mode train | loss 2.0851 | accuracy 11.25 | mean_length 64
09-19-21 17:24:02 - epoch 0 | global step 450 | mode train | loss 2.084 | accuracy 11.5625 | mean_length 64
09-19-21 17:25:50 - epoch 0 | global step 460 | mode train | loss 2.0818 | accuracy 12.8125 | mean_length 64
09-19-21 17:27:37 - epoch 0 | global step 470 | mode train | loss 2.0807 | accuracy 10.0 | mean_length 64
09-19-21 17:29:25 - epoch 0 | global step 480 | mode train | loss 2.0808 | accuracy 11.875 | mean_length 64
09-19-21 17:31:13 - epoch 0 | global step 490 | mode train | loss 2.0798 | accuracy 13.125 | mean_length 64
09-19-21 17:33:00 - epoch 0 | global step 500 | mode train | loss 2.0717 | accuracy 15.0 | mean_length 64
09-19-21 17:34:48 - epoch 0 | global step 510 | mode train | loss 2.0712 | accuracy 12.8125 | mean_length 64
09-19-21 17:44:50 - epoch 0 | global step 512 | mode validation | loss 2.0499 | accuracy 15.18 | mean_length 64
09-19-21 17:44:50 - Saving model to Output/accGrad4_mbart_BTen+zh-captions_lr2.0e-5_7distractors_maxstep8192_seed43
Epoch: 0, Prediction Accuracy: 15.18, Saved to Path: Output/accGrad4_mbart_BTen+zh-captions_lr2.0e-5_7distractors_maxstep8192_seed43
09-19-21 17:46:27 - epoch 0 | global step 520 | mode train | loss 2.0689 | accuracy 11.875 | mean_length 64
09-19-21 17:48:15 - epoch 0 | global step 530 | mode train | loss 2.0851 | accuracy 10.3125 | mean_length 64
09-19-21 17:50:02 - epoch 0 | global step 540 | mode train | loss 2.0769 | accuracy 14.0625 | mean_length 64
09-19-21 17:51:50 - epoch 0 | global step 550 | mode train | loss 2.0798 | accuracy 12.8125 | mean_length 64
09-19-21 17:53:38 - epoch 0 | global step 560 | mode train | loss 2.08 | accuracy 16.25 | mean_length 64
09-19-21 17:55:25 - epoch 0 | global step 570 | mode train | loss 2.0834 | accuracy 10.625 | mean_length 64
09-19-21 17:57:13 - epoch 0 | global step 580 | mode train | loss 2.0832 | accuracy 11.5625 | mean_length 64
09-19-21 17:59:01 - epoch 0 | global step 590 | mode train | loss 2.0796 | accuracy 11.5625 | mean_length 64
09-19-21 18:00:48 - epoch 0 | global step 600 | mode train | loss 2.085 | accuracy 12.5 | mean_length 64
09-19-21 18:02:37 - epoch 0 | global step 610 | mode train | loss 2.0844 | accuracy 10.0 | mean_length 64
09-19-21 18:04:25 - epoch 0 | global step 620 | mode train | loss 2.0802 | accuracy 10.0 | mean_length 64
09-19-21 18:06:12 - epoch 0 | global step 630 | mode train | loss 2.0758 | accuracy 11.875 | mean_length 64
09-19-21 18:08:00 - epoch 0 | global step 640 | mode train | loss 2.0809 | accuracy 10.625 | mean_length 64
09-19-21 18:09:48 - epoch 0 | global step 650 | mode train | loss 2.0765 | accuracy 13.4375 | mean_length 64
09-19-21 18:11:36 - epoch 0 | global step 660 | mode train | loss 2.0823 | accuracy 10.0 | mean_length 64
09-19-21 18:13:23 - epoch 0 | global step 670 | mode train | loss 2.0761 | accuracy 13.75 | mean_length 64
09-19-21 18:15:11 - epoch 0 | global step 680 | mode train | loss 2.0735 | accuracy 13.75 | mean_length 64
09-19-21 18:16:59 - epoch 0 | global step 690 | mode train | loss 2.0809 | accuracy 12.5 | mean_length 64
09-19-21 18:18:47 - epoch 0 | global step 700 | mode train | loss 2.0775 | accuracy 15.0 | mean_length 64
09-19-21 18:20:34 - epoch 0 | global step 710 | mode train | loss 2.0832 | accuracy 8.75 | mean_length 64
09-19-21 18:22:22 - epoch 0 | global step 720 | mode train | loss 2.0756 | accuracy 15.625 | mean_length 64
09-19-21 18:24:10 - epoch 0 | global step 730 | mode train | loss 2.0828 | accuracy 13.4375 | mean_length 64
09-19-21 18:25:58 - epoch 0 | global step 740 | mode train | loss 2.0827 | accuracy 10.3125 | mean_length 64
09-19-21 18:27:46 - epoch 0 | global step 750 | mode train | loss 2.0803 | accuracy 13.125 | mean_length 64
09-19-21 18:29:33 - epoch 0 | global step 760 | mode train | loss 2.0789 | accuracy 10.9375 | mean_length 64
09-19-21 18:31:21 - epoch 0 | global step 770 | mode train | loss 2.0821 | accuracy 13.125 | mean_length 64
09-19-21 18:33:09 - epoch 0 | global step 780 | mode train | loss 2.0782 | accuracy 12.8125 | mean_length 64
09-19-21 18:34:56 - epoch 0 | global step 790 | mode train | loss 2.0802 | accuracy 11.875 | mean_length 64
09-19-21 18:36:44 - epoch 0 | global step 800 | mode train | loss 2.0811 | accuracy 11.875 | mean_length 64
09-19-21 18:38:32 - epoch 0 | global step 810 | mode train | loss 2.0787 | accuracy 13.4375 | mean_length 64
09-19-21 18:40:19 - epoch 0 | global step 820 | mode train | loss 2.0837 | accuracy 10.625 | mean_length 64
09-19-21 18:42:07 - epoch 0 | global step 830 | mode train | loss 2.0796 | accuracy 11.25 | mean_length 64
09-19-21 18:43:55 - epoch 0 | global step 840 | mode train | loss 2.0783 | accuracy 11.25 | mean_length 64
09-19-21 18:45:42 - epoch 0 | global step 850 | mode train | loss 2.0765 | accuracy 13.75 | mean_length 64
09-19-21 18:47:30 - epoch 0 | global step 860 | mode train | loss 2.0849 | accuracy 9.6875 | mean_length 64
09-19-21 18:49:17 - epoch 0 | global step 870 | mode train | loss 2.0767 | accuracy 14.375 | mean_length 64
09-19-21 18:51:05 - epoch 0 | global step 880 | mode train | loss 2.081 | accuracy 10.3125 | mean_length 64
09-19-21 18:52:53 - epoch 0 | global step 890 | mode train | loss 2.0799 | accuracy 12.1875 | mean_length 64
09-19-21 18:54:40 - epoch 0 | global step 900 | mode train | loss 2.0781 | accuracy 12.1875 | mean_length 64
09-19-21 18:56:28 - epoch 0 | global step 910 | mode train | loss 2.0817 | accuracy 14.0625 | mean_length 64
09-19-21 18:58:16 - epoch 0 | global step 920 | mode train | loss 2.0855 | accuracy 11.5625 | mean_length 64
09-19-21 19:00:03 - epoch 0 | global step 930 | mode train | loss 2.0831 | accuracy 12.8125 | mean_length 64
09-19-21 19:01:51 - epoch 0 | global step 940 | mode train | loss 2.0786 | accuracy 13.125 | mean_length 64
09-19-21 19:03:39 - epoch 0 | global step 950 | mode train | loss 2.0823 | accuracy 11.5625 | mean_length 64
09-19-21 19:05:27 - epoch 0 | global step 960 | mode train | loss 2.0782 | accuracy 11.5625 | mean_length 64
09-19-21 19:07:15 - epoch 0 | global step 970 | mode train | loss 2.0867 | accuracy 9.0625 | mean_length 64
09-19-21 19:09:03 - epoch 0 | global step 980 | mode train | loss 2.0808 | accuracy 12.1875 | mean_length 64
09-19-21 19:10:50 - epoch 0 | global step 990 | mode train | loss 2.0776 | accuracy 12.8125 | mean_length 64
09-19-21 19:12:38 - epoch 0 | global step 1000 | mode train | loss 2.0814 | accuracy 12.8125 | mean_length 64
09-19-21 19:14:26 - epoch 0 | global step 1010 | mode train | loss 2.0809 | accuracy 14.375 | mean_length 64
09-19-21 19:16:14 - epoch 0 | global step 1020 | mode train | loss 2.0833 | accuracy 12.8125 | mean_length 64
09-19-21 19:26:38 - epoch 0 | global step 1024 | mode validation | loss 2.0801 | accuracy 12.58 | mean_length 64
09-19-21 19:27:43 - epoch 0 | global step 1030 | mode train | loss 2.0797 | accuracy 12.5 | mean_length 64
09-19-21 19:29:31 - epoch 0 | global step 1040 | mode train | loss 2.082 | accuracy 12.1875 | mean_length 64
09-19-21 19:31:18 - epoch 0 | global step 1050 | mode train | loss 2.0786 | accuracy 15.0 | mean_length 64
09-19-21 19:33:06 - epoch 0 | global step 1060 | mode train | loss 2.0831 | accuracy 7.1875 | mean_length 64
09-19-21 19:34:54 - epoch 0 | global step 1070 | mode train | loss 2.0814 | accuracy 14.0625 | mean_length 64
09-19-21 19:36:42 - epoch 0 | global step 1080 | mode train | loss 2.083 | accuracy 10.9375 | mean_length 64
09-19-21 19:38:29 - epoch 0 | global step 1090 | mode train | loss 2.0809 | accuracy 15.0 | mean_length 64
09-19-21 19:40:17 - epoch 0 | global step 1100 | mode train | loss 2.0807 | accuracy 11.5625 | mean_length 64
09-19-21 19:42:05 - epoch 0 | global step 1110 | mode train | loss 2.0799 | accuracy 13.125 | mean_length 64
09-19-21 19:43:53 - epoch 0 | global step 1120 | mode train | loss 2.0829 | accuracy 10.625 | mean_length 64
09-19-21 19:45:40 - epoch 0 | global step 1130 | mode train | loss 2.0823 | accuracy 11.5625 | mean_length 64
09-19-21 19:47:28 - epoch 0 | global step 1140 | mode train | loss 2.0828 | accuracy 11.875 | mean_length 64
09-19-21 19:49:16 - epoch 0 | global step 1150 | mode train | loss 2.0807 | accuracy 11.5625 | mean_length 64
09-19-21 19:51:03 - epoch 0 | global step 1160 | mode train | loss 2.0814 | accuracy 11.875 | mean_length 64
09-19-21 19:52:51 - epoch 0 | global step 1170 | mode train | loss 2.0773 | accuracy 13.4375 | mean_length 64
09-19-21 19:54:39 - epoch 0 | global step 1180 | mode train | loss 2.0817 | accuracy 13.75 | mean_length 64
09-19-21 19:56:26 - epoch 0 | global step 1190 | mode train | loss 2.0823 | accuracy 11.25 | mean_length 64
09-19-21 19:58:14 - epoch 0 | global step 1200 | mode train | loss 2.0788 | accuracy 13.125 | mean_length 64
09-19-21 20:00:02 - epoch 0 | global step 1210 | mode train | loss 2.0802 | accuracy 11.5625 | mean_length 64
09-19-21 20:01:49 - epoch 0 | global step 1220 | mode train | loss 2.0831 | accuracy 10.0 | mean_length 64
09-19-21 20:03:38 - epoch 0 | global step 1230 | mode train | loss 2.08 | accuracy 10.625 | mean_length 64
09-19-21 20:05:26 - epoch 0 | global step 1240 | mode train | loss 2.082 | accuracy 8.4375 | mean_length 64
09-19-21 20:07:13 - epoch 0 | global step 1250 | mode train | loss 2.0821 | accuracy 11.25 | mean_length 64
09-19-21 20:09:01 - epoch 0 | global step 1260 | mode train | loss 2.0789 | accuracy 11.875 | mean_length 64
09-19-21 20:10:49 - epoch 0 | global step 1270 | mode train | loss 2.0793 | accuracy 13.75 | mean_length 64
09-19-21 20:12:37 - epoch 0 | global step 1280 | mode train | loss 2.0768 | accuracy 14.375 | mean_length 64
09-19-21 20:14:25 - epoch 0 | global step 1290 | mode train | loss 2.0822 | accuracy 11.5625 | mean_length 64
09-19-21 20:16:12 - epoch 0 | global step 1300 | mode train | loss 2.077 | accuracy 12.5 | mean_length 64
09-19-21 20:18:00 - epoch 0 | global step 1310 | mode train | loss 2.0794 | accuracy 13.75 | mean_length 64
09-19-21 20:19:48 - epoch 0 | global step 1320 | mode train | loss 2.0779 | accuracy 14.0625 | mean_length 64
09-19-21 20:21:36 - epoch 0 | global step 1330 | mode train | loss 2.0815 | accuracy 11.875 | mean_length 64
09-19-21 20:23:23 - epoch 0 | global step 1340 | mode train | loss 2.0842 | accuracy 9.0625 | mean_length 64
09-19-21 20:25:11 - epoch 0 | global step 1350 | mode train | loss 2.0807 | accuracy 15.9375 | mean_length 64
09-19-21 20:26:59 - epoch 0 | global step 1360 | mode train | loss 2.0839 | accuracy 12.5 | mean_length 64
09-19-21 20:28:47 - epoch 0 | global step 1370 | mode train | loss 2.0824 | accuracy 10.625 | mean_length 64
09-19-21 20:30:34 - epoch 0 | global step 1380 | mode train | loss 2.0792 | accuracy 12.8125 | mean_length 64
09-19-21 20:32:22 - epoch 0 | global step 1390 | mode train | loss 2.0811 | accuracy 11.5625 | mean_length 64
09-19-21 20:34:10 - epoch 0 | global step 1400 | mode train | loss 2.0796 | accuracy 10.625 | mean_length 64
09-19-21 20:35:57 - epoch 0 | global step 1410 | mode train | loss 2.0831 | accuracy 10.3125 | mean_length 64
09-19-21 20:37:45 - epoch 0 | global step 1420 | mode train | loss 2.0794 | accuracy 12.1875 | mean_length 64
09-19-21 20:39:33 - epoch 0 | global step 1430 | mode train | loss 2.0792 | accuracy 14.375 | mean_length 64
09-19-21 20:41:20 - epoch 0 | global step 1440 | mode train | loss 2.081 | accuracy 11.25 | mean_length 64
09-19-21 20:43:08 - epoch 0 | global step 1450 | mode train | loss 2.0807 | accuracy 12.5 | mean_length 64
09-19-21 20:44:56 - epoch 0 | global step 1460 | mode train | loss 2.089 | accuracy 9.375 | mean_length 64
09-19-21 20:46:43 - epoch 0 | global step 1470 | mode train | loss 2.0777 | accuracy 12.5 | mean_length 64
09-19-21 20:48:31 - epoch 0 | global step 1480 | mode train | loss 2.0831 | accuracy 9.6875 | mean_length 64
09-19-21 20:50:19 - epoch 0 | global step 1490 | mode train | loss 2.0816 | accuracy 10.625 | mean_length 64
09-19-21 20:52:07 - epoch 0 | global step 1500 | mode train | loss 2.0801 | accuracy 11.25 | mean_length 64
09-19-21 20:53:54 - epoch 0 | global step 1510 | mode train | loss 2.0776 | accuracy 13.125 | mean_length 64
09-19-21 20:55:42 - epoch 0 | global step 1520 | mode train | loss 2.0817 | accuracy 10.9375 | mean_length 64
09-19-21 20:57:30 - epoch 0 | global step 1530 | mode train | loss 2.0784 | accuracy 13.4375 | mean_length 64
09-19-21 21:08:16 - epoch 0 | global step 1536 | mode validation | loss 2.0799 | accuracy 12.44 | mean_length 64
09-19-21 21:08:59 - epoch 0 | global step 1540 | mode train | loss 2.081 | accuracy 9.0625 | mean_length 64
09-19-21 21:10:47 - epoch 0 | global step 1550 | mode train | loss 2.079 | accuracy 10.3125 | mean_length 64
09-19-21 21:12:35 - epoch 0 | global step 1560 | mode train | loss 2.0794 | accuracy 12.5 | mean_length 64
09-19-21 21:14:22 - epoch 0 | global step 1570 | mode train | loss 2.0787 | accuracy 15.0 | mean_length 64
09-19-21 21:16:10 - epoch 0 | global step 1580 | mode train | loss 2.0815 | accuracy 13.4375 | mean_length 64
09-19-21 21:17:58 - epoch 0 | global step 1590 | mode train | loss 2.0813 | accuracy 6.875 | mean_length 64
09-19-21 21:19:45 - epoch 0 | global step 1600 | mode train | loss 2.0808 | accuracy 14.6875 | mean_length 64
09-19-21 21:21:33 - epoch 0 | global step 1610 | mode train | loss 2.0784 | accuracy 14.0625 | mean_length 64
09-19-21 21:23:21 - epoch 0 | global step 1620 | mode train | loss 2.0785 | accuracy 14.0625 | mean_length 64
09-19-21 21:25:09 - epoch 0 | global step 1630 | mode train | loss 2.0812 | accuracy 14.6875 | mean_length 64
09-19-21 21:26:56 - epoch 0 | global step 1640 | mode train | loss 2.0798 | accuracy 14.375 | mean_length 64
09-19-21 21:28:44 - epoch 0 | global step 1650 | mode train | loss 2.079 | accuracy 15.0 | mean_length 64
09-19-21 21:30:32 - epoch 0 | global step 1660 | mode train | loss 2.0781 | accuracy 12.5 | mean_length 64
09-19-21 21:32:20 - epoch 0 | global step 1670 | mode train | loss 2.0779 | accuracy 11.875 | mean_length 64
09-19-21 21:34:08 - epoch 0 | global step 1680 | mode train | loss 2.0805 | accuracy 13.4375 | mean_length 64
09-19-21 21:35:55 - epoch 0 | global step 1690 | mode train | loss 2.0809 | accuracy 10.3125 | mean_length 64
09-19-21 21:37:43 - epoch 0 | global step 1700 | mode train | loss 2.0804 | accuracy 16.25 | mean_length 64
09-19-21 21:39:31 - epoch 0 | global step 1710 | mode train | loss 2.0783 | accuracy 13.125 | mean_length 64
09-19-21 21:41:19 - epoch 0 | global step 1720 | mode train | loss 2.0812 | accuracy 12.5 | mean_length 64
09-19-21 21:43:06 - epoch 0 | global step 1730 | mode train | loss 2.0821 | accuracy 11.875 | mean_length 64
09-19-21 21:44:54 - epoch 0 | global step 1740 | mode train | loss 2.079 | accuracy 10.9375 | mean_length 64
09-19-21 21:46:42 - epoch 0 | global step 1750 | mode train | loss 2.0785 | accuracy 14.375 | mean_length 64
09-19-21 21:48:29 - epoch 0 | global step 1760 | mode train | loss 2.079 | accuracy 12.1875 | mean_length 64
09-19-21 21:50:17 - epoch 0 | global step 1770 | mode train | loss 2.0795 | accuracy 11.875 | mean_length 64
09-19-21 21:52:05 - epoch 0 | global step 1780 | mode train | loss 2.0811 | accuracy 14.0625 | mean_length 64
09-19-21 21:53:53 - epoch 0 | global step 1790 | mode train | loss 2.083 | accuracy 10.0 | mean_length 64
09-19-21 21:55:40 - epoch 0 | global step 1800 | mode train | loss 2.081 | accuracy 11.25 | mean_length 64
09-19-21 21:57:28 - epoch 0 | global step 1810 | mode train | loss 2.0805 | accuracy 10.9375 | mean_length 64
09-19-21 21:59:16 - epoch 0 | global step 1820 | mode train | loss 2.0814 | accuracy 10.3125 | mean_length 64
09-19-21 22:01:04 - epoch 0 | global step 1830 | mode train | loss 2.0781 | accuracy 11.25 | mean_length 64
09-19-21 22:02:51 - epoch 0 | global step 1840 | mode train | loss 2.0799 | accuracy 11.875 | mean_length 64
09-19-21 22:04:39 - epoch 0 | global step 1850 | mode train | loss 2.0781 | accuracy 15.3125 | mean_length 64
09-19-21 22:06:27 - epoch 0 | global step 1860 | mode train | loss 2.0833 | accuracy 10.9375 | mean_length 64
09-19-21 22:08:15 - epoch 0 | global step 1870 | mode train | loss 2.0809 | accuracy 13.4375 | mean_length 64
09-19-21 22:10:03 - epoch 0 | global step 1880 | mode train | loss 2.0796 | accuracy 14.375 | mean_length 64
09-19-21 22:11:50 - epoch 0 | global step 1890 | mode train | loss 2.0786 | accuracy 13.4375 | mean_length 64
09-19-21 22:13:38 - epoch 0 | global step 1900 | mode train | loss 2.0818 | accuracy 11.875 | mean_length 64
09-19-21 22:15:26 - epoch 0 | global step 1910 | mode train | loss 2.0782 | accuracy 13.75 | mean_length 64
09-19-21 22:17:13 - epoch 0 | global step 1920 | mode train | loss 2.0818 | accuracy 10.9375 | mean_length 64
09-19-21 22:19:01 - epoch 0 | global step 1930 | mode train | loss 2.0805 | accuracy 11.875 | mean_length 64
09-19-21 22:20:49 - epoch 0 | global step 1940 | mode train | loss 2.0767 | accuracy 14.0625 | mean_length 64
09-19-21 22:22:37 - epoch 0 | global step 1950 | mode train | loss 2.0817 | accuracy 9.375 | mean_length 64
09-19-21 22:24:24 - epoch 0 | global step 1960 | mode train | loss 2.0804 | accuracy 8.75 | mean_length 64
09-19-21 22:26:12 - epoch 0 | global step 1970 | mode train | loss 2.0776 | accuracy 14.375 | mean_length 64
09-19-21 22:28:00 - epoch 0 | global step 1980 | mode train | loss 2.0811 | accuracy 12.5 | mean_length 64
09-19-21 22:29:47 - epoch 0 | global step 1990 | mode train | loss 2.0766 | accuracy 14.6875 | mean_length 64
09-19-21 22:31:35 - epoch 0 | global step 2000 | mode train | loss 2.0794 | accuracy 11.875 | mean_length 64
09-19-21 22:33:23 - epoch 0 | global step 2010 | mode train | loss 2.0798 | accuracy 13.75 | mean_length 64
09-19-21 22:35:10 - epoch 0 | global step 2020 | mode train | loss 2.0804 | accuracy 12.5 | mean_length 64
09-19-21 22:36:58 - epoch 0 | global step 2030 | mode train | loss 2.0818 | accuracy 8.125 | mean_length 64
09-19-21 22:38:46 - epoch 0 | global step 2040 | mode train | loss 2.0814 | accuracy 14.6875 | mean_length 64
09-19-21 22:49:52 - epoch 0 | global step 2048 | mode validation | loss 2.0796 | accuracy 12.44 | mean_length 64
09-19-21 22:50:14 - epoch 0 | global step 2050 | mode train | loss 2.0798 | accuracy 11.5625 | mean_length 64
09-19-21 22:52:01 - epoch 0 | global step 2060 | mode train | loss 2.0789 | accuracy 13.125 | mean_length 64
09-19-21 22:53:49 - epoch 0 | global step 2070 | mode train | loss 2.0809 | accuracy 10.3125 | mean_length 64
09-19-21 22:55:37 - epoch 0 | global step 2080 | mode train | loss 2.0798 | accuracy 12.5 | mean_length 64
09-19-21 22:57:24 - epoch 0 | global step 2090 | mode train | loss 2.0803 | accuracy 13.75 | mean_length 64
09-19-21 22:59:12 - epoch 0 | global step 2100 | mode train | loss 2.081 | accuracy 13.4375 | mean_length 64
09-19-21 23:01:00 - epoch 0 | global step 2110 | mode train | loss 2.0788 | accuracy 13.4375 | mean_length 64
09-19-21 23:02:47 - epoch 0 | global step 2120 | mode train | loss 2.0802 | accuracy 10.0 | mean_length 64
09-19-21 23:04:36 - epoch 0 | global step 2130 | mode train | loss 2.0803 | accuracy 12.5 | mean_length 64
09-19-21 23:06:23 - epoch 0 | global step 2140 | mode train | loss 2.0788 | accuracy 13.125 | mean_length 64
09-19-21 23:08:11 - epoch 0 | global step 2150 | mode train | loss 2.0822 | accuracy 9.0625 | mean_length 64
09-19-21 23:09:59 - epoch 0 | global step 2160 | mode train | loss 2.0826 | accuracy 9.375 | mean_length 64
09-19-21 23:11:47 - epoch 0 | global step 2170 | mode train | loss 2.0802 | accuracy 13.125 | mean_length 64
09-19-21 23:13:34 - epoch 0 | global step 2180 | mode train | loss 2.0804 | accuracy 10.9375 | mean_length 64
09-19-21 23:15:22 - epoch 0 | global step 2190 | mode train | loss 2.0811 | accuracy 10.0 | mean_length 64
09-19-21 23:17:10 - epoch 0 | global step 2200 | mode train | loss 2.0797 | accuracy 14.375 | mean_length 64
09-19-21 23:18:58 - epoch 0 | global step 2210 | mode train | loss 2.0814 | accuracy 8.75 | mean_length 64
09-19-21 23:20:45 - epoch 0 | global step 2220 | mode train | loss 2.0811 | accuracy 11.875 | mean_length 64
09-19-21 23:22:33 - epoch 0 | global step 2230 | mode train | loss 2.0815 | accuracy 10.3125 | mean_length 64
09-19-21 23:24:21 - epoch 0 | global step 2240 | mode train | loss 2.0801 | accuracy 10.3125 | mean_length 64
09-19-21 23:26:08 - epoch 0 | global step 2250 | mode train | loss 2.0802 | accuracy 14.6875 | mean_length 64
09-19-21 23:27:56 - epoch 0 | global step 2260 | mode train | loss 2.081 | accuracy 12.1875 | mean_length 64
09-19-21 23:29:44 - epoch 0 | global step 2270 | mode train | loss 2.0799 | accuracy 13.125 | mean_length 64
09-19-21 23:31:31 - epoch 0 | global step 2280 | mode train | loss 2.0803 | accuracy 9.6875 | mean_length 64
09-19-21 23:33:19 - epoch 0 | global step 2290 | mode train | loss 2.0792 | accuracy 14.0625 | mean_length 64
09-19-21 23:35:07 - epoch 0 | global step 2300 | mode train | loss 2.0793 | accuracy 10.0 | mean_length 64
09-19-21 23:36:54 - epoch 0 | global step 2310 | mode train | loss 2.0799 | accuracy 13.4375 | mean_length 64
09-19-21 23:38:42 - epoch 0 | global step 2320 | mode train | loss 2.079 | accuracy 14.0625 | mean_length 64
09-19-21 23:40:30 - epoch 0 | global step 2330 | mode train | loss 2.0811 | accuracy 11.5625 | mean_length 64
09-19-21 23:42:17 - epoch 0 | global step 2340 | mode train | loss 2.0808 | accuracy 10.9375 | mean_length 64
09-19-21 23:44:05 - epoch 0 | global step 2350 | mode train | loss 2.0808 | accuracy 12.5 | mean_length 64
09-19-21 23:45:53 - epoch 0 | global step 2360 | mode train | loss 2.0803 | accuracy 11.5625 | mean_length 64
09-19-21 23:47:40 - epoch 0 | global step 2370 | mode train | loss 2.08 | accuracy 11.875 | mean_length 64
09-19-21 23:49:28 - epoch 0 | global step 2380 | mode train | loss 2.0811 | accuracy 10.3125 | mean_length 64
09-19-21 23:51:16 - epoch 0 | global step 2390 | mode train | loss 2.081 | accuracy 10.9375 | mean_length 64
09-19-21 23:53:04 - epoch 0 | global step 2400 | mode train | loss 2.0779 | accuracy 13.75 | mean_length 64
09-19-21 23:54:51 - epoch 0 | global step 2410 | mode train | loss 2.0787 | accuracy 10.9375 | mean_length 64
09-19-21 23:56:39 - epoch 0 | global step 2420 | mode train | loss 2.0791 | accuracy 14.0625 | mean_length 64
09-19-21 23:58:27 - epoch 0 | global step 2430 | mode train | loss 2.08 | accuracy 13.4375 | mean_length 64
09-20-21 00:00:14 - epoch 0 | global step 2440 | mode train | loss 2.0782 | accuracy 15.3125 | mean_length 64
09-20-21 00:02:02 - epoch 0 | global step 2450 | mode train | loss 2.0779 | accuracy 14.375 | mean_length 64
09-20-21 00:03:50 - epoch 0 | global step 2460 | mode train | loss 2.0813 | accuracy 12.1875 | mean_length 64
09-20-21 00:05:38 - epoch 0 | global step 2470 | mode train | loss 2.0779 | accuracy 12.1875 | mean_length 64
09-20-21 00:07:25 - epoch 0 | global step 2480 | mode train | loss 2.0794 | accuracy 13.4375 | mean_length 64
09-20-21 00:09:13 - epoch 0 | global step 2490 | mode train | loss 2.0796 | accuracy 15.625 | mean_length 64
09-20-21 00:11:01 - epoch 0 | global step 2500 | mode train | loss 2.0784 | accuracy 9.375 | mean_length 64
09-20-21 00:12:48 - epoch 0 | global step 2510 | mode train | loss 2.0788 | accuracy 12.8125 | mean_length 64
09-20-21 00:14:36 - epoch 0 | global step 2520 | mode train | loss 2.0804 | accuracy 15.0 | mean_length 64
09-20-21 00:16:24 - epoch 0 | global step 2530 | mode train | loss 2.0805 | accuracy 10.3125 | mean_length 64
09-20-21 00:18:11 - epoch 0 | global step 2540 | mode train | loss 2.0808 | accuracy 10.625 | mean_length 64
09-20-21 00:19:59 - epoch 0 | global step 2550 | mode train | loss 2.0803 | accuracy 10.3125 | mean_length 64
09-20-21 00:21:47 - epoch 0 | global step 2560 | mode train | loss 2.0784 | accuracy 13.4375 | mean_length 64
09-20-21 00:31:27 - epoch 0 | global step 2560 | mode validation | loss 2.0795 | accuracy 12.24 | mean_length 64
09-20-21 00:33:15 - epoch 0 | global step 2570 | mode train | loss 2.0794 | accuracy 13.125 | mean_length 64
09-20-21 00:35:03 - epoch 0 | global step 2580 | mode train | loss 2.0794 | accuracy 13.4375 | mean_length 64
09-20-21 00:36:51 - epoch 0 | global step 2590 | mode train | loss 2.0805 | accuracy 12.1875 | mean_length 64
09-20-21 00:38:38 - epoch 0 | global step 2600 | mode train | loss 2.0797 | accuracy 11.5625 | mean_length 64
09-20-21 00:40:26 - epoch 0 | global step 2610 | mode train | loss 2.0786 | accuracy 12.5 | mean_length 64
09-20-21 00:42:13 - epoch 0 | global step 2620 | mode train | loss 2.0812 | accuracy 9.0625 | mean_length 64
09-20-21 00:44:01 - epoch 0 | global step 2630 | mode train | loss 2.0802 | accuracy 10.625 | mean_length 64
09-20-21 00:45:49 - epoch 0 | global step 2640 | mode train | loss 2.0821 | accuracy 10.0 | mean_length 64
09-20-21 00:47:37 - epoch 0 | global step 2650 | mode train | loss 2.0814 | accuracy 9.6875 | mean_length 64
09-20-21 00:49:24 - epoch 0 | global step 2660 | mode train | loss 2.0822 | accuracy 8.75 | mean_length 64
09-20-21 00:51:12 - epoch 0 | global step 2670 | mode train | loss 2.0809 | accuracy 10.9375 | mean_length 64
09-20-21 00:53:00 - epoch 0 | global step 2680 | mode train | loss 2.0792 | accuracy 14.375 | mean_length 64
09-20-21 00:54:47 - epoch 0 | global step 2690 | mode train | loss 2.0791 | accuracy 17.1875 | mean_length 64
09-20-21 00:56:35 - epoch 0 | global step 2700 | mode train | loss 2.0803 | accuracy 8.125 | mean_length 64
09-20-21 00:58:23 - epoch 0 | global step 2710 | mode train | loss 2.0804 | accuracy 11.5625 | mean_length 64
09-20-21 01:00:10 - epoch 0 | global step 2720 | mode train | loss 2.0792 | accuracy 13.75 | mean_length 64
09-20-21 01:01:58 - epoch 0 | global step 2730 | mode train | loss 2.0778 | accuracy 15.625 | mean_length 64
09-20-21 01:03:46 - epoch 0 | global step 2740 | mode train | loss 2.0803 | accuracy 15.625 | mean_length 64
09-20-21 01:05:34 - epoch 0 | global step 2750 | mode train | loss 2.0793 | accuracy 11.875 | mean_length 64
09-20-21 01:07:22 - epoch 0 | global step 2760 | mode train | loss 2.0816 | accuracy 10.0 | mean_length 64
09-20-21 01:09:09 - epoch 0 | global step 2770 | mode train | loss 2.0799 | accuracy 12.1875 | mean_length 64
09-20-21 01:10:57 - epoch 0 | global step 2780 | mode train | loss 2.0814 | accuracy 8.125 | mean_length 64
09-20-21 01:12:45 - epoch 0 | global step 2790 | mode train | loss 2.0804 | accuracy 10.625 | mean_length 64
09-20-21 01:14:33 - epoch 0 | global step 2800 | mode train | loss 2.0793 | accuracy 10.625 | mean_length 64
09-20-21 01:16:20 - epoch 0 | global step 2810 | mode train | loss 2.0814 | accuracy 10.3125 | mean_length 64
09-20-21 01:18:08 - epoch 0 | global step 2820 | mode train | loss 2.0792 | accuracy 13.75 | mean_length 64
09-20-21 01:19:56 - epoch 0 | global step 2830 | mode train | loss 2.0798 | accuracy 13.125 | mean_length 64
09-20-21 01:21:43 - epoch 0 | global step 2840 | mode train | loss 2.0808 | accuracy 13.4375 | mean_length 64
09-20-21 01:23:31 - epoch 0 | global step 2850 | mode train | loss 2.0822 | accuracy 9.6875 | mean_length 64
09-20-21 01:25:19 - epoch 0 | global step 2860 | mode train | loss 2.0774 | accuracy 14.6875 | mean_length 64
09-20-21 01:27:06 - epoch 0 | global step 2870 | mode train | loss 2.0815 | accuracy 11.875 | mean_length 64
09-20-21 01:28:54 - epoch 0 | global step 2880 | mode train | loss 2.0792 | accuracy 11.875 | mean_length 64
09-20-21 01:30:42 - epoch 0 | global step 2890 | mode train | loss 2.079 | accuracy 15.0 | mean_length 64
09-20-21 01:32:29 - epoch 0 | global step 2900 | mode train | loss 2.0803 | accuracy 13.125 | mean_length 64
09-20-21 01:34:17 - epoch 0 | global step 2910 | mode train | loss 2.0791 | accuracy 10.3125 | mean_length 64
09-20-21 01:36:05 - epoch 0 | global step 2920 | mode train | loss 2.0797 | accuracy 14.375 | mean_length 64
09-20-21 01:37:52 - epoch 0 | global step 2930 | mode train | loss 2.082 | accuracy 9.375 | mean_length 64
09-20-21 01:39:40 - epoch 0 | global step 2940 | mode train | loss 2.0778 | accuracy 15.3125 | mean_length 64
09-20-21 01:41:28 - epoch 0 | global step 2950 | mode train | loss 2.0797 | accuracy 10.9375 | mean_length 64
09-20-21 01:43:15 - epoch 0 | global step 2960 | mode train | loss 2.079 | accuracy 14.6875 | mean_length 64
09-20-21 01:45:03 - epoch 0 | global step 2970 | mode train | loss 2.0799 | accuracy 11.25 | mean_length 64
09-20-21 01:46:51 - epoch 0 | global step 2980 | mode train | loss 2.0778 | accuracy 15.0 | mean_length 64
09-20-21 01:48:38 - epoch 0 | global step 2990 | mode train | loss 2.0788 | accuracy 13.125 | mean_length 64
09-20-21 01:50:26 - epoch 0 | global step 3000 | mode train | loss 2.0801 | accuracy 12.5 | mean_length 64
09-20-21 01:52:14 - epoch 0 | global step 3010 | mode train | loss 2.081 | accuracy 10.3125 | mean_length 64
09-20-21 01:54:01 - epoch 0 | global step 3020 | mode train | loss 2.0799 | accuracy 9.0625 | mean_length 64
09-20-21 01:55:49 - epoch 0 | global step 3030 | mode train | loss 2.0793 | accuracy 11.25 | mean_length 64
09-20-21 01:57:37 - epoch 0 | global step 3040 | mode train | loss 2.0818 | accuracy 10.3125 | mean_length 64
09-20-21 01:59:25 - epoch 0 | global step 3050 | mode train | loss 2.0792 | accuracy 15.0 | mean_length 64
09-20-21 02:01:12 - epoch 0 | global step 3060 | mode train | loss 2.0793 | accuracy 11.25 | mean_length 64
09-20-21 02:03:00 - epoch 0 | global step 3070 | mode train | loss 2.0792 | accuracy 15.0 | mean_length 64
09-20-21 02:13:02 - epoch 0 | global step 3072 | mode validation | loss 2.0794 | accuracy 12.96 | mean_length 64
09-20-21 02:14:28 - epoch 0 | global step 3080 | mode train | loss 2.0796 | accuracy 11.875 | mean_length 64
09-20-21 02:16:16 - epoch 0 | global step 3090 | mode train | loss 2.0785 | accuracy 14.6875 | mean_length 64
09-20-21 02:18:04 - epoch 0 | global step 3100 | mode train | loss 2.0796 | accuracy 10.625 | mean_length 64
09-20-21 02:19:51 - epoch 0 | global step 3110 | mode train | loss 2.079 | accuracy 12.1875 | mean_length 64
09-20-21 02:21:39 - epoch 0 | global step 3120 | mode train | loss 2.0785 | accuracy 12.1875 | mean_length 64
09-20-21 02:23:27 - epoch 0 | global step 3130 | mode train | loss 2.0806 | accuracy 9.0625 | mean_length 64
09-20-21 02:25:15 - epoch 0 | global step 3140 | mode train | loss 2.0797 | accuracy 9.0625 | mean_length 64
09-20-21 02:27:02 - epoch 0 | global step 3150 | mode train | loss 2.0798 | accuracy 11.25 | mean_length 64
09-20-21 02:28:50 - epoch 0 | global step 3160 | mode train | loss 2.0788 | accuracy 12.1875 | mean_length 64
09-20-21 02:30:38 - epoch 0 | global step 3170 | mode train | loss 2.0804 | accuracy 11.5625 | mean_length 64
09-20-21 02:32:25 - epoch 0 | global step 3180 | mode train | loss 2.0791 | accuracy 13.75 | mean_length 64
09-20-21 02:34:13 - epoch 0 | global step 3190 | mode train | loss 2.0794 | accuracy 12.5 | mean_length 64
09-20-21 02:36:01 - epoch 0 | global step 3200 | mode train | loss 2.081 | accuracy 10.9375 | mean_length 64
09-20-21 02:37:48 - epoch 0 | global step 3210 | mode train | loss 2.0796 | accuracy 11.875 | mean_length 64
09-20-21 02:39:36 - epoch 0 | global step 3220 | mode train | loss 2.0791 | accuracy 10.625 | mean_length 64
09-20-21 02:41:24 - epoch 1 | global step 3230 | mode train | loss 2.0793 | accuracy 12.1875 | mean_length 64
09-20-21 02:43:11 - epoch 1 | global step 3240 | mode train | loss 2.0777 | accuracy 14.0625 | mean_length 64
09-20-21 02:44:59 - epoch 1 | global step 3250 | mode train | loss 2.0793 | accuracy 15.0 | mean_length 64
09-20-21 02:46:47 - epoch 1 | global step 3260 | mode train | loss 2.0786 | accuracy 11.875 | mean_length 64
09-20-21 02:48:34 - epoch 1 | global step 3270 | mode train | loss 2.0795 | accuracy 15.625 | mean_length 64
09-20-21 02:50:22 - epoch 1 | global step 3280 | mode train | loss 2.0797 | accuracy 13.125 | mean_length 64
09-20-21 02:52:10 - epoch 1 | global step 3290 | mode train | loss 2.0797 | accuracy 11.5625 | mean_length 64
09-20-21 02:53:57 - epoch 1 | global step 3300 | mode train | loss 2.0807 | accuracy 11.25 | mean_length 64
09-20-21 02:55:45 - epoch 1 | global step 3310 | mode train | loss 2.077 | accuracy 15.9375 | mean_length 64
09-20-21 02:57:32 - epoch 1 | global step 3320 | mode train | loss 2.0799 | accuracy 10.625 | mean_length 64
09-20-21 02:59:20 - epoch 1 | global step 3330 | mode train | loss 2.0803 | accuracy 13.75 | mean_length 64
09-20-21 03:01:08 - epoch 1 | global step 3340 | mode train | loss 2.0788 | accuracy 11.875 | mean_length 64
09-20-21 03:02:55 - epoch 1 | global step 3350 | mode train | loss 2.0798 | accuracy 11.25 | mean_length 64
09-20-21 03:04:43 - epoch 1 | global step 3360 | mode train | loss 2.0791 | accuracy 12.8125 | mean_length 64
09-20-21 03:06:31 - epoch 1 | global step 3370 | mode train | loss 2.0792 | accuracy 12.1875 | mean_length 64
09-20-21 03:08:19 - epoch 1 | global step 3380 | mode train | loss 2.0793 | accuracy 9.6875 | mean_length 64
09-20-21 03:10:06 - epoch 1 | global step 3390 | mode train | loss 2.0812 | accuracy 12.5 | mean_length 64
09-20-21 03:11:54 - epoch 1 | global step 3400 | mode train | loss 2.0799 | accuracy 10.0 | mean_length 64
09-20-21 03:13:42 - epoch 1 | global step 3410 | mode train | loss 2.0808 | accuracy 13.75 | mean_length 64
09-20-21 03:15:29 - epoch 1 | global step 3420 | mode train | loss 2.0807 | accuracy 14.6875 | mean_length 64
09-20-21 03:17:17 - epoch 1 | global step 3430 | mode train | loss 2.0809 | accuracy 12.5 | mean_length 64
09-20-21 03:19:05 - epoch 1 | global step 3440 | mode train | loss 2.0791 | accuracy 12.5 | mean_length 64
09-20-21 03:20:52 - epoch 1 | global step 3450 | mode train | loss 2.0784 | accuracy 16.25 | mean_length 64
09-20-21 03:22:40 - epoch 1 | global step 3460 | mode train | loss 2.0801 | accuracy 10.3125 | mean_length 64
09-20-21 03:24:28 - epoch 1 | global step 3470 | mode train | loss 2.0802 | accuracy 11.875 | mean_length 64
09-20-21 03:26:15 - epoch 1 | global step 3480 | mode train | loss 2.079 | accuracy 11.875 | mean_length 64
09-20-21 03:28:03 - epoch 1 | global step 3490 | mode train | loss 2.0796 | accuracy 13.125 | mean_length 64
09-20-21 03:29:50 - epoch 1 | global step 3500 | mode train | loss 2.0814 | accuracy 9.0625 | mean_length 64
09-20-21 03:31:38 - epoch 1 | global step 3510 | mode train | loss 2.0803 | accuracy 11.25 | mean_length 64
09-20-21 03:33:26 - epoch 1 | global step 3520 | mode train | loss 2.0804 | accuracy 11.5625 | mean_length 64
09-20-21 03:35:13 - epoch 1 | global step 3530 | mode train | loss 2.0799 | accuracy 10.9375 | mean_length 64
09-20-21 03:37:01 - epoch 1 | global step 3540 | mode train | loss 2.0784 | accuracy 13.125 | mean_length 64
09-20-21 03:38:48 - epoch 1 | global step 3550 | mode train | loss 2.0801 | accuracy 10.0 | mean_length 64
09-20-21 03:40:36 - epoch 1 | global step 3560 | mode train | loss 2.0803 | accuracy 11.25 | mean_length 64
09-20-21 03:42:24 - epoch 1 | global step 3570 | mode train | loss 2.079 | accuracy 12.8125 | mean_length 64
09-20-21 03:44:11 - epoch 1 | global step 3580 | mode train | loss 2.0796 | accuracy 11.25 | mean_length 64
09-20-21 03:54:35 - epoch 1 | global step 3584 | mode validation | loss 2.0795 | accuracy 12.84 | mean_length 64
09-20-21 03:55:39 - epoch 1 | global step 3590 | mode train | loss 2.0802 | accuracy 11.25 | mean_length 64
09-20-21 03:57:27 - epoch 1 | global step 3600 | mode train | loss 2.0783 | accuracy 17.5 | mean_length 64
09-20-21 03:59:15 - epoch 1 | global step 3610 | mode train | loss 2.0794 | accuracy 10.9375 | mean_length 64
09-20-21 04:01:03 - epoch 1 | global step 3620 | mode train | loss 2.0793 | accuracy 12.8125 | mean_length 64
09-20-21 04:02:50 - epoch 1 | global step 3630 | mode train | loss 2.0793 | accuracy 11.25 | mean_length 64
09-20-21 04:04:38 - epoch 1 | global step 3640 | mode train | loss 2.0784 | accuracy 15.3125 | mean_length 64
09-20-21 04:06:26 - epoch 1 | global step 3650 | mode train | loss 2.0803 | accuracy 14.0625 | mean_length 64
09-20-21 04:08:14 - epoch 1 | global step 3660 | mode train | loss 2.0811 | accuracy 10.625 | mean_length 64
09-20-21 04:10:02 - epoch 1 | global step 3670 | mode train | loss 2.0802 | accuracy 10.9375 | mean_length 64
09-20-21 04:11:49 - epoch 1 | global step 3680 | mode train | loss 2.0794 | accuracy 8.125 | mean_length 64
09-20-21 04:13:37 - epoch 1 | global step 3690 | mode train | loss 2.0773 | accuracy 17.5 | mean_length 64
09-20-21 04:15:25 - epoch 1 | global step 3700 | mode train | loss 2.0793 | accuracy 13.75 | mean_length 64
09-20-21 04:17:12 - epoch 1 | global step 3710 | mode train | loss 2.0792 | accuracy 11.25 | mean_length 64
09-20-21 04:19:00 - epoch 1 | global step 3720 | mode train | loss 2.0794 | accuracy 13.4375 | mean_length 64
09-20-21 04:20:48 - epoch 1 | global step 3730 | mode train | loss 2.0797 | accuracy 13.125 | mean_length 64
09-20-21 04:22:35 - epoch 1 | global step 3740 | mode train | loss 2.0803 | accuracy 10.625 | mean_length 64
09-20-21 04:24:23 - epoch 1 | global step 3750 | mode train | loss 2.0815 | accuracy 9.6875 | mean_length 64
09-20-21 04:26:10 - epoch 1 | global step 3760 | mode train | loss 2.0813 | accuracy 11.5625 | mean_length 64
09-20-21 04:27:58 - epoch 1 | global step 3770 | mode train | loss 2.0804 | accuracy 10.625 | mean_length 64
09-20-21 04:29:46 - epoch 1 | global step 3780 | mode train | loss 2.0794 | accuracy 10.9375 | mean_length 64
09-20-21 04:31:33 - epoch 1 | global step 3790 | mode train | loss 2.08 | accuracy 11.25 | mean_length 64
09-20-21 04:33:21 - epoch 1 | global step 3800 | mode train | loss 2.0805 | accuracy 11.5625 | mean_length 64
09-20-21 04:35:09 - epoch 1 | global step 3810 | mode train | loss 2.0798 | accuracy 11.5625 | mean_length 64
09-20-21 04:36:56 - epoch 1 | global step 3820 | mode train | loss 2.0801 | accuracy 10.9375 | mean_length 64
09-20-21 04:38:44 - epoch 1 | global step 3830 | mode train | loss 2.0807 | accuracy 13.4375 | mean_length 64
09-20-21 04:40:32 - epoch 1 | global step 3840 | mode train | loss 2.0799 | accuracy 13.4375 | mean_length 64
09-20-21 04:42:19 - epoch 1 | global step 3850 | mode train | loss 2.0786 | accuracy 14.0625 | mean_length 64
09-20-21 04:44:07 - epoch 1 | global step 3860 | mode train | loss 2.0788 | accuracy 11.875 | mean_length 64
09-20-21 04:45:55 - epoch 1 | global step 3870 | mode train | loss 2.0779 | accuracy 13.4375 | mean_length 64
09-20-21 04:47:43 - epoch 1 | global step 3880 | mode train | loss 2.0795 | accuracy 14.6875 | mean_length 64
09-20-21 04:49:30 - epoch 1 | global step 3890 | mode train | loss 2.0795 | accuracy 10.625 | mean_length 64
09-20-21 04:51:18 - epoch 1 | global step 3900 | mode train | loss 2.0791 | accuracy 13.125 | mean_length 64
09-20-21 04:53:06 - epoch 1 | global step 3910 | mode train | loss 2.0812 | accuracy 10.3125 | mean_length 64
09-20-21 04:54:53 - epoch 1 | global step 3920 | mode train | loss 2.0787 | accuracy 14.6875 | mean_length 64
09-20-21 04:56:41 - epoch 1 | global step 3930 | mode train | loss 2.0795 | accuracy 13.4375 | mean_length 64
09-20-21 04:58:29 - epoch 1 | global step 3940 | mode train | loss 2.0806 | accuracy 10.9375 | mean_length 64
09-20-21 05:00:16 - epoch 1 | global step 3950 | mode train | loss 2.0789 | accuracy 11.875 | mean_length 64
09-20-21 05:02:04 - epoch 1 | global step 3960 | mode train | loss 2.0787 | accuracy 11.875 | mean_length 64
09-20-21 05:03:52 - epoch 1 | global step 3970 | mode train | loss 2.0796 | accuracy 9.0625 | mean_length 64
09-20-21 05:05:39 - epoch 1 | global step 3980 | mode train | loss 2.0795 | accuracy 12.1875 | mean_length 64
09-20-21 05:07:28 - epoch 1 | global step 3990 | mode train | loss 2.0808 | accuracy 11.875 | mean_length 64
09-20-21 05:09:15 - epoch 1 | global step 4000 | mode train | loss 2.0791 | accuracy 13.125 | mean_length 64
09-20-21 05:11:03 - epoch 1 | global step 4010 | mode train | loss 2.0805 | accuracy 13.4375 | mean_length 64
09-20-21 05:12:51 - epoch 1 | global step 4020 | mode train | loss 2.0805 | accuracy 10.625 | mean_length 64
09-20-21 05:14:38 - epoch 1 | global step 4030 | mode train | loss 2.0788 | accuracy 13.75 | mean_length 64
09-20-21 05:16:26 - epoch 1 | global step 4040 | mode train | loss 2.0792 | accuracy 10.625 | mean_length 64
09-20-21 05:18:13 - epoch 1 | global step 4050 | mode train | loss 2.0796 | accuracy 9.6875 | mean_length 64
09-20-21 05:20:01 - epoch 1 | global step 4060 | mode train | loss 2.081 | accuracy 10.0 | mean_length 64
09-20-21 05:21:49 - epoch 1 | global step 4070 | mode train | loss 2.0783 | accuracy 16.5625 | mean_length 64
09-20-21 05:23:36 - epoch 1 | global step 4080 | mode train | loss 2.0793 | accuracy 12.1875 | mean_length 64
09-20-21 05:25:24 - epoch 1 | global step 4090 | mode train | loss 2.0801 | accuracy 10.625 | mean_length 64
09-20-21 05:36:11 - epoch 1 | global step 4096 | mode validation | loss 2.0795 | accuracy 12.74 | mean_length 64
09-20-21 05:36:54 - epoch 1 | global step 4100 | mode train | loss 2.0794 | accuracy 14.375 | mean_length 64
09-20-21 05:38:42 - epoch 1 | global step 4110 | mode train | loss 2.0786 | accuracy 13.75 | mean_length 64
09-20-21 05:40:30 - epoch 1 | global step 4120 | mode train | loss 2.0819 | accuracy 11.875 | mean_length 64
09-20-21 05:42:18 - epoch 1 | global step 4130 | mode train | loss 2.0787 | accuracy 12.1875 | mean_length 64
09-20-21 05:44:05 - epoch 1 | global step 4140 | mode train | loss 2.0797 | accuracy 12.1875 | mean_length 64
09-20-21 05:45:53 - epoch 1 | global step 4150 | mode train | loss 2.0808 | accuracy 12.8125 | mean_length 64
09-20-21 05:47:41 - epoch 1 | global step 4160 | mode train | loss 2.081 | accuracy 11.25 | mean_length 64
09-20-21 05:49:28 - epoch 1 | global step 4170 | mode train | loss 2.0803 | accuracy 10.9375 | mean_length 64
09-20-21 05:51:16 - epoch 1 | global step 4180 | mode train | loss 2.0819 | accuracy 7.8125 | mean_length 64
09-20-21 05:53:03 - epoch 1 | global step 4190 | mode train | loss 2.0792 | accuracy 12.8125 | mean_length 64
09-20-21 05:54:51 - epoch 1 | global step 4200 | mode train | loss 2.0795 | accuracy 10.625 | mean_length 64
09-20-21 05:56:39 - epoch 1 | global step 4210 | mode train | loss 2.0794 | accuracy 11.875 | mean_length 64
09-20-21 05:58:26 - epoch 1 | global step 4220 | mode train | loss 2.0794 | accuracy 13.4375 | mean_length 64
09-20-21 06:00:14 - epoch 1 | global step 4230 | mode train | loss 2.0805 | accuracy 11.5625 | mean_length 64
09-20-21 06:02:02 - epoch 1 | global step 4240 | mode train | loss 2.0793 | accuracy 12.5 | mean_length 64
09-20-21 06:03:49 - epoch 1 | global step 4250 | mode train | loss 2.0795 | accuracy 8.125 | mean_length 64
09-20-21 06:05:37 - epoch 1 | global step 4260 | mode train | loss 2.0792 | accuracy 11.875 | mean_length 64
09-20-21 06:07:25 - epoch 1 | global step 4270 | mode train | loss 2.081 | accuracy 13.125 | mean_length 64
09-20-21 06:09:13 - epoch 1 | global step 4280 | mode train | loss 2.0792 | accuracy 15.3125 | mean_length 64
09-20-21 06:11:00 - epoch 1 | global step 4290 | mode train | loss 2.0811 | accuracy 10.625 | mean_length 64
09-20-21 06:12:48 - epoch 1 | global step 4300 | mode train | loss 2.0809 | accuracy 14.6875 | mean_length 64
09-20-21 06:14:36 - epoch 1 | global step 4310 | mode train | loss 2.0792 | accuracy 13.125 | mean_length 64
09-20-21 06:16:23 - epoch 1 | global step 4320 | mode train | loss 2.0791 | accuracy 14.6875 | mean_length 64
09-20-21 06:18:11 - epoch 1 | global step 4330 | mode train | loss 2.0815 | accuracy 10.0 | mean_length 64
09-20-21 06:19:59 - epoch 1 | global step 4340 | mode train | loss 2.0796 | accuracy 12.8125 | mean_length 64
09-20-21 06:21:46 - epoch 1 | global step 4350 | mode train | loss 2.079 | accuracy 12.1875 | mean_length 64
09-20-21 06:23:34 - epoch 1 | global step 4360 | mode train | loss 2.0804 | accuracy 10.0 | mean_length 64
09-20-21 06:25:21 - epoch 1 | global step 4370 | mode train | loss 2.08 | accuracy 13.4375 | mean_length 64
09-20-21 06:27:09 - epoch 1 | global step 4380 | mode train | loss 2.0797 | accuracy 12.5 | mean_length 64
09-20-21 06:28:57 - epoch 1 | global step 4390 | mode train | loss 2.0797 | accuracy 11.875 | mean_length 64
09-20-21 06:30:44 - epoch 1 | global step 4400 | mode train | loss 2.0788 | accuracy 17.5 | mean_length 64
09-20-21 06:32:32 - epoch 1 | global step 4410 | mode train | loss 2.0786 | accuracy 16.5625 | mean_length 64
09-20-21 06:34:20 - epoch 1 | global step 4420 | mode train | loss 2.0802 | accuracy 14.6875 | mean_length 64
09-20-21 06:36:07 - epoch 1 | global step 4430 | mode train | loss 2.0778 | accuracy 15.625 | mean_length 64
09-20-21 06:37:55 - epoch 1 | global step 4440 | mode train | loss 2.08 | accuracy 13.4375 | mean_length 64
09-20-21 06:39:43 - epoch 1 | global step 4450 | mode train | loss 2.0808 | accuracy 12.8125 | mean_length 64
09-20-21 06:41:30 - epoch 1 | global step 4460 | mode train | loss 2.0792 | accuracy 15.0 | mean_length 64
09-20-21 06:43:18 - epoch 1 | global step 4470 | mode train | loss 2.0792 | accuracy 12.5 | mean_length 64
09-20-21 06:45:05 - epoch 1 | global step 4480 | mode train | loss 2.0811 | accuracy 9.375 | mean_length 64
09-20-21 06:46:53 - epoch 1 | global step 4490 | mode train | loss 2.0796 | accuracy 12.8125 | mean_length 64
09-20-21 06:48:41 - epoch 1 | global step 4500 | mode train | loss 2.0783 | accuracy 14.375 | mean_length 64
09-20-21 06:50:28 - epoch 1 | global step 4510 | mode train | loss 2.0807 | accuracy 11.25 | mean_length 64
09-20-21 06:52:16 - epoch 1 | global step 4520 | mode train | loss 2.0802 | accuracy 11.25 | mean_length 64
09-20-21 06:54:04 - epoch 1 | global step 4530 | mode train | loss 2.0796 | accuracy 12.5 | mean_length 64
09-20-21 06:55:52 - epoch 1 | global step 4540 | mode train | loss 2.0808 | accuracy 10.625 | mean_length 64
09-20-21 06:57:39 - epoch 1 | global step 4550 | mode train | loss 2.0797 | accuracy 14.375 | mean_length 64
09-20-21 06:59:27 - epoch 1 | global step 4560 | mode train | loss 2.0799 | accuracy 12.8125 | mean_length 64
09-20-21 07:01:15 - epoch 1 | global step 4570 | mode train | loss 2.0803 | accuracy 10.3125 | mean_length 64
09-20-21 07:03:02 - epoch 1 | global step 4580 | mode train | loss 2.0794 | accuracy 15.9375 | mean_length 64
09-20-21 07:04:50 - epoch 1 | global step 4590 | mode train | loss 2.0793 | accuracy 12.5 | mean_length 64
09-20-21 07:06:38 - epoch 1 | global step 4600 | mode train | loss 2.0797 | accuracy 14.375 | mean_length 64
09-20-21 07:17:46 - epoch 1 | global step 4608 | mode validation | loss 2.0794 | accuracy 12.82 | mean_length 64
09-20-21 07:18:08 - epoch 1 | global step 4610 | mode train | loss 2.0799 | accuracy 10.3125 | mean_length 64
09-20-21 07:19:56 - epoch 1 | global step 4620 | mode train | loss 2.0786 | accuracy 12.1875 | mean_length 64
09-20-21 07:21:43 - epoch 1 | global step 4630 | mode train | loss 2.0779 | accuracy 16.5625 | mean_length 64
09-20-21 07:23:31 - epoch 1 | global step 4640 | mode train | loss 2.0788 | accuracy 11.5625 | mean_length 64
09-20-21 07:25:19 - epoch 1 | global step 4650 | mode train | loss 2.0806 | accuracy 10.625 | mean_length 64
09-20-21 07:27:07 - epoch 1 | global step 4660 | mode train | loss 2.0779 | accuracy 15.9375 | mean_length 64
09-20-21 07:28:54 - epoch 1 | global step 4670 | mode train | loss 2.0803 | accuracy 11.5625 | mean_length 64
09-20-21 07:30:42 - epoch 1 | global step 4680 | mode train | loss 2.0789 | accuracy 14.0625 | mean_length 64
09-20-21 07:32:30 - epoch 1 | global step 4690 | mode train | loss 2.0805 | accuracy 11.875 | mean_length 64
09-20-21 07:34:17 - epoch 1 | global step 4700 | mode train | loss 2.0792 | accuracy 12.8125 | mean_length 64
09-20-21 07:36:05 - epoch 1 | global step 4710 | mode train | loss 2.081 | accuracy 8.125 | mean_length 64
09-20-21 07:37:53 - epoch 1 | global step 4720 | mode train | loss 2.0805 | accuracy 9.375 | mean_length 64
09-20-21 07:39:41 - epoch 1 | global step 4730 | mode train | loss 2.081 | accuracy 12.5 | mean_length 64
09-20-21 07:41:28 - epoch 1 | global step 4740 | mode train | loss 2.0791 | accuracy 10.3125 | mean_length 64
09-20-21 07:43:16 - epoch 1 | global step 4750 | mode train | loss 2.0789 | accuracy 12.8125 | mean_length 64
09-20-21 07:45:04 - epoch 1 | global step 4760 | mode train | loss 2.0773 | accuracy 14.6875 | mean_length 64
09-20-21 07:46:51 - epoch 1 | global step 4770 | mode train | loss 2.0791 | accuracy 12.1875 | mean_length 64
09-20-21 07:48:39 - epoch 1 | global step 4780 | mode train | loss 2.0806 | accuracy 14.375 | mean_length 64
09-20-21 07:50:27 - epoch 1 | global step 4790 | mode train | loss 2.08 | accuracy 15.0 | mean_length 64
09-20-21 07:52:15 - epoch 1 | global step 4800 | mode train | loss 2.0797 | accuracy 10.0 | mean_length 64
09-20-21 07:54:02 - epoch 1 | global step 4810 | mode train | loss 2.0794 | accuracy 15.0 | mean_length 64
09-20-21 07:55:50 - epoch 1 | global step 4820 | mode train | loss 2.0802 | accuracy 9.375 | mean_length 64
09-20-21 07:57:38 - epoch 1 | global step 4830 | mode train | loss 2.0791 | accuracy 12.8125 | mean_length 64
09-20-21 07:59:26 - epoch 1 | global step 4840 | mode train | loss 2.0791 | accuracy 11.875 | mean_length 64
09-20-21 08:01:13 - epoch 1 | global step 4850 | mode train | loss 2.0801 | accuracy 14.375 | mean_length 64
09-20-21 08:03:01 - epoch 1 | global step 4860 | mode train | loss 2.0807 | accuracy 11.25 | mean_length 64
09-20-21 08:04:49 - epoch 1 | global step 4870 | mode train | loss 2.0806 | accuracy 10.9375 | mean_length 64
09-20-21 08:06:36 - epoch 1 | global step 4880 | mode train | loss 2.0806 | accuracy 14.0625 | mean_length 64
09-20-21 08:08:25 - epoch 1 | global step 4890 | mode train | loss 2.0797 | accuracy 10.625 | mean_length 64
09-20-21 08:10:12 - epoch 1 | global step 4900 | mode train | loss 2.0792 | accuracy 11.25 | mean_length 64
09-20-21 08:12:00 - epoch 1 | global step 4910 | mode train | loss 2.0797 | accuracy 13.75 | mean_length 64
09-20-21 08:13:48 - epoch 1 | global step 4920 | mode train | loss 2.0792 | accuracy 12.5 | mean_length 64
09-20-21 08:15:36 - epoch 1 | global step 4930 | mode train | loss 2.0787 | accuracy 12.5 | mean_length 64
09-20-21 08:17:23 - epoch 1 | global step 4940 | mode train | loss 2.0809 | accuracy 9.375 | mean_length 64
09-20-21 08:19:11 - epoch 1 | global step 4950 | mode train | loss 2.0796 | accuracy 11.25 | mean_length 64
09-20-21 08:20:59 - epoch 1 | global step 4960 | mode train | loss 2.0781 | accuracy 15.9375 | mean_length 64
09-20-21 08:22:46 - epoch 1 | global step 4970 | mode train | loss 2.0799 | accuracy 12.8125 | mean_length 64
09-20-21 08:24:34 - epoch 1 | global step 4980 | mode train | loss 2.0813 | accuracy 9.375 | mean_length 64
09-20-21 08:26:22 - epoch 1 | global step 4990 | mode train | loss 2.0785 | accuracy 11.5625 | mean_length 64
09-20-21 08:28:09 - epoch 1 | global step 5000 | mode train | loss 2.0798 | accuracy 10.0 | mean_length 64
09-20-21 08:29:57 - epoch 1 | global step 5010 | mode train | loss 2.0801 | accuracy 10.625 | mean_length 64
09-20-21 08:31:45 - epoch 1 | global step 5020 | mode train | loss 2.081 | accuracy 12.8125 | mean_length 64
09-20-21 08:33:32 - epoch 1 | global step 5030 | mode train | loss 2.0786 | accuracy 14.375 | mean_length 64
09-20-21 08:35:20 - epoch 1 | global step 5040 | mode train | loss 2.0809 | accuracy 8.75 | mean_length 64
09-20-21 08:37:08 - epoch 1 | global step 5050 | mode train | loss 2.0798 | accuracy 10.0 | mean_length 64
09-20-21 08:38:55 - epoch 1 | global step 5060 | mode train | loss 2.0797 | accuracy 14.0625 | mean_length 64
09-20-21 08:40:43 - epoch 1 | global step 5070 | mode train | loss 2.0788 | accuracy 10.9375 | mean_length 64
09-20-21 08:42:31 - epoch 1 | global step 5080 | mode train | loss 2.0793 | accuracy 12.8125 | mean_length 64
09-20-21 08:44:19 - epoch 1 | global step 5090 | mode train | loss 2.0785 | accuracy 15.9375 | mean_length 64
09-20-21 08:46:06 - epoch 1 | global step 5100 | mode train | loss 2.0786 | accuracy 13.75 | mean_length 64
09-20-21 08:47:54 - epoch 1 | global step 5110 | mode train | loss 2.0796 | accuracy 14.375 | mean_length 64
09-20-21 08:49:42 - epoch 1 | global step 5120 | mode train | loss 2.0799 | accuracy 9.0625 | mean_length 64
09-20-21 08:59:22 - epoch 1 | global step 5120 | mode validation | loss 2.0795 | accuracy 12.4 | mean_length 64
09-20-21 09:01:10 - epoch 1 | global step 5130 | mode train | loss 2.0789 | accuracy 11.25 | mean_length 64
09-20-21 09:02:57 - epoch 1 | global step 5140 | mode train | loss 2.0786 | accuracy 15.3125 | mean_length 64
09-20-21 09:04:45 - epoch 1 | global step 5150 | mode train | loss 2.0793 | accuracy 11.875 | mean_length 64
09-20-21 09:06:33 - epoch 1 | global step 5160 | mode train | loss 2.0814 | accuracy 9.375 | mean_length 64
09-20-21 09:08:20 - epoch 1 | global step 5170 | mode train | loss 2.0793 | accuracy 11.5625 | mean_length 64
09-20-21 09:10:09 - epoch 1 | global step 5180 | mode train | loss 2.0798 | accuracy 14.0625 | mean_length 64
09-20-21 09:11:57 - epoch 1 | global step 5190 | mode train | loss 2.0807 | accuracy 12.1875 | mean_length 64
09-20-21 09:13:44 - epoch 1 | global step 5200 | mode train | loss 2.0797 | accuracy 10.9375 | mean_length 64
09-20-21 09:15:32 - epoch 1 | global step 5210 | mode train | loss 2.0794 | accuracy 13.75 | mean_length 64
09-20-21 09:17:20 - epoch 1 | global step 5220 | mode train | loss 2.0795 | accuracy 14.0625 | mean_length 64
09-20-21 09:19:07 - epoch 1 | global step 5230 | mode train | loss 2.0795 | accuracy 12.5 | mean_length 64
09-20-21 09:20:55 - epoch 1 | global step 5240 | mode train | loss 2.0791 | accuracy 11.875 | mean_length 64
09-20-21 09:22:43 - epoch 1 | global step 5250 | mode train | loss 2.079 | accuracy 16.5625 | mean_length 64
09-20-21 09:24:30 - epoch 1 | global step 5260 | mode train | loss 2.079 | accuracy 13.4375 | mean_length 64
09-20-21 09:26:18 - epoch 1 | global step 5270 | mode train | loss 2.0797 | accuracy 9.375 | mean_length 64
09-20-21 09:28:06 - epoch 1 | global step 5280 | mode train | loss 2.0798 | accuracy 15.3125 | mean_length 64
09-20-21 09:29:53 - epoch 1 | global step 5290 | mode train | loss 2.0799 | accuracy 14.0625 | mean_length 64
09-20-21 09:31:41 - epoch 1 | global step 5300 | mode train | loss 2.0798 | accuracy 11.5625 | mean_length 64
09-20-21 09:33:29 - epoch 1 | global step 5310 | mode train | loss 2.0791 | accuracy 13.75 | mean_length 64
09-20-21 09:35:16 - epoch 1 | global step 5320 | mode train | loss 2.0797 | accuracy 12.1875 | mean_length 64
09-20-21 09:37:04 - epoch 1 | global step 5330 | mode train | loss 2.0814 | accuracy 10.0 | mean_length 64
09-20-21 09:38:52 - epoch 1 | global step 5340 | mode train | loss 2.0788 | accuracy 13.75 | mean_length 64
09-20-21 09:40:39 - epoch 1 | global step 5350 | mode train | loss 2.0797 | accuracy 11.5625 | mean_length 64
09-20-21 09:42:27 - epoch 1 | global step 5360 | mode train | loss 2.079 | accuracy 15.625 | mean_length 64
09-20-21 09:44:15 - epoch 1 | global step 5370 | mode train | loss 2.0793 | accuracy 10.9375 | mean_length 64
09-20-21 09:46:02 - epoch 1 | global step 5380 | mode train | loss 2.0794 | accuracy 14.0625 | mean_length 64
09-20-21 09:47:50 - epoch 1 | global step 5390 | mode train | loss 2.0795 | accuracy 12.5 | mean_length 64
09-20-21 09:49:38 - epoch 1 | global step 5400 | mode train | loss 2.0796 | accuracy 12.5 | mean_length 64
09-20-21 09:51:25 - epoch 1 | global step 5410 | mode train | loss 2.0794 | accuracy 10.9375 | mean_length 64
09-20-21 09:53:13 - epoch 1 | global step 5420 | mode train | loss 2.0797 | accuracy 11.5625 | mean_length 64
09-20-21 09:55:00 - epoch 1 | global step 5430 | mode train | loss 2.0799 | accuracy 10.625 | mean_length 64
09-20-21 09:56:48 - epoch 1 | global step 5440 | mode train | loss 2.0792 | accuracy 9.375 | mean_length 64
09-20-21 09:58:36 - epoch 1 | global step 5450 | mode train | loss 2.0787 | accuracy 10.3125 | mean_length 64
09-20-21 10:00:23 - epoch 1 | global step 5460 | mode train | loss 2.0802 | accuracy 12.8125 | mean_length 64
09-20-21 10:02:11 - epoch 1 | global step 5470 | mode train | loss 2.0798 | accuracy 10.9375 | mean_length 64
09-20-21 10:03:59 - epoch 1 | global step 5480 | mode train | loss 2.0805 | accuracy 11.5625 | mean_length 64
09-20-21 10:05:46 - epoch 1 | global step 5490 | mode train | loss 2.0796 | accuracy 10.9375 | mean_length 64
09-20-21 10:07:34 - epoch 1 | global step 5500 | mode train | loss 2.0792 | accuracy 16.25 | mean_length 64
09-20-21 10:09:22 - epoch 1 | global step 5510 | mode train | loss 2.0805 | accuracy 9.375 | mean_length 64
09-20-21 10:11:10 - epoch 1 | global step 5520 | mode train | loss 2.0798 | accuracy 10.0 | mean_length 64
09-20-21 10:12:57 - epoch 1 | global step 5530 | mode train | loss 2.0786 | accuracy 15.3125 | mean_length 64
09-20-21 10:14:45 - epoch 1 | global step 5540 | mode train | loss 2.0801 | accuracy 10.9375 | mean_length 64
09-20-21 10:16:33 - epoch 1 | global step 5550 | mode train | loss 2.0812 | accuracy 10.3125 | mean_length 64
09-20-21 10:18:20 - epoch 1 | global step 5560 | mode train | loss 2.0799 | accuracy 13.75 | mean_length 64
09-20-21 10:20:08 - epoch 1 | global step 5570 | mode train | loss 2.0791 | accuracy 12.1875 | mean_length 64
09-20-21 10:21:56 - epoch 1 | global step 5580 | mode train | loss 2.0799 | accuracy 12.5 | mean_length 64
09-20-21 10:23:43 - epoch 1 | global step 5590 | mode train | loss 2.0778 | accuracy 16.5625 | mean_length 64
09-20-21 10:25:31 - epoch 1 | global step 5600 | mode train | loss 2.0799 | accuracy 12.8125 | mean_length 64
09-20-21 10:27:19 - epoch 1 | global step 5610 | mode train | loss 2.0806 | accuracy 11.25 | mean_length 64
09-20-21 10:29:06 - epoch 1 | global step 5620 | mode train | loss 2.08 | accuracy 13.4375 | mean_length 64
09-20-21 10:30:54 - epoch 1 | global step 5630 | mode train | loss 2.0786 | accuracy 11.875 | mean_length 64
09-20-21 10:40:57 - epoch 1 | global step 5632 | mode validation | loss 2.0795 | accuracy 12.6 | mean_length 64
09-20-21 10:42:23 - epoch 1 | global step 5640 | mode train | loss 2.0792 | accuracy 16.875 | mean_length 64
09-20-21 10:44:11 - epoch 1 | global step 5650 | mode train | loss 2.0795 | accuracy 11.875 | mean_length 64
09-20-21 10:45:59 - epoch 1 | global step 5660 | mode train | loss 2.0793 | accuracy 14.6875 | mean_length 64
09-20-21 10:47:47 - epoch 1 | global step 5670 | mode train | loss 2.0803 | accuracy 10.625 | mean_length 64
09-20-21 10:49:52 - epoch 1 | global step 5680 | mode train | loss 2.0801 | accuracy 11.875 | mean_length 64
09-20-21 10:51:40 - epoch 1 | global step 5690 | mode train | loss 2.08 | accuracy 11.5625 | mean_length 64
09-20-21 10:53:28 - epoch 1 | global step 5700 | mode train | loss 2.0796 | accuracy 15.9375 | mean_length 64
09-20-21 10:55:16 - epoch 1 | global step 5710 | mode train | loss 2.0787 | accuracy 12.1875 | mean_length 64
09-20-21 10:57:04 - epoch 1 | global step 5720 | mode train | loss 2.0793 | accuracy 13.75 | mean_length 64
09-20-21 10:58:52 - epoch 1 | global step 5730 | mode train | loss 2.0795 | accuracy 11.5625 | mean_length 64
09-20-21 11:00:40 - epoch 1 | global step 5740 | mode train | loss 2.0797 | accuracy 9.0625 | mean_length 64
09-20-21 11:02:27 - epoch 1 | global step 5750 | mode train | loss 2.0802 | accuracy 12.8125 | mean_length 64
09-20-21 11:04:15 - epoch 1 | global step 5760 | mode train | loss 2.0794 | accuracy 10.9375 | mean_length 64
09-20-21 11:06:03 - epoch 1 | global step 5770 | mode train | loss 2.0784 | accuracy 16.875 | mean_length 64
09-20-21 11:07:51 - epoch 1 | global step 5780 | mode train | loss 2.0788 | accuracy 13.125 | mean_length 64
09-20-21 11:09:39 - epoch 1 | global step 5790 | mode train | loss 2.0793 | accuracy 12.1875 | mean_length 64
09-20-21 11:11:27 - epoch 1 | global step 5800 | mode train | loss 2.0798 | accuracy 13.125 | mean_length 64
09-20-21 11:13:15 - epoch 1 | global step 5810 | mode train | loss 2.0803 | accuracy 11.5625 | mean_length 64
09-20-21 11:15:02 - epoch 1 | global step 5820 | mode train | loss 2.0798 | accuracy 12.8125 | mean_length 64
09-20-21 11:16:50 - epoch 1 | global step 5830 | mode train | loss 2.0805 | accuracy 8.75 | mean_length 64
09-20-21 11:18:38 - epoch 1 | global step 5840 | mode train | loss 2.079 | accuracy 15.9375 | mean_length 64
09-20-21 11:20:26 - epoch 1 | global step 5850 | mode train | loss 2.0799 | accuracy 12.5 | mean_length 64
09-20-21 11:22:13 - epoch 1 | global step 5860 | mode train | loss 2.0802 | accuracy 13.75 | mean_length 64
09-20-21 11:24:01 - epoch 1 | global step 5870 | mode train | loss 2.079 | accuracy 11.5625 | mean_length 64
09-20-21 11:25:49 - epoch 1 | global step 5880 | mode train | loss 2.0786 | accuracy 14.375 | mean_length 64
09-20-21 11:27:37 - epoch 1 | global step 5890 | mode train | loss 2.079 | accuracy 15.3125 | mean_length 64
09-20-21 11:29:25 - epoch 1 | global step 5900 | mode train | loss 2.0792 | accuracy 14.0625 | mean_length 64
09-20-21 11:31:12 - epoch 1 | global step 5910 | mode train | loss 2.0804 | accuracy 9.6875 | mean_length 64
09-20-21 11:33:00 - epoch 1 | global step 5920 | mode train | loss 2.0803 | accuracy 10.9375 | mean_length 64
09-20-21 11:34:48 - epoch 1 | global step 5930 | mode train | loss 2.0796 | accuracy 14.0625 | mean_length 64
09-20-21 11:36:35 - epoch 1 | global step 5940 | mode train | loss 2.0803 | accuracy 12.1875 | mean_length 64
09-20-21 11:38:23 - epoch 1 | global step 5950 | mode train | loss 2.0815 | accuracy 8.75 | mean_length 64
09-20-21 11:40:11 - epoch 1 | global step 5960 | mode train | loss 2.0798 | accuracy 10.625 | mean_length 64
09-20-21 11:41:58 - epoch 1 | global step 5970 | mode train | loss 2.0797 | accuracy 9.375 | mean_length 64
09-20-21 11:43:46 - epoch 1 | global step 5980 | mode train | loss 2.0798 | accuracy 11.875 | mean_length 64
09-20-21 11:45:34 - epoch 1 | global step 5990 | mode train | loss 2.0792 | accuracy 14.6875 | mean_length 64
09-20-21 11:47:22 - epoch 1 | global step 6000 | mode train | loss 2.0787 | accuracy 13.4375 | mean_length 64
09-20-21 11:49:09 - epoch 1 | global step 6010 | mode train | loss 2.0798 | accuracy 14.6875 | mean_length 64
09-20-21 11:50:57 - epoch 1 | global step 6020 | mode train | loss 2.0793 | accuracy 15.625 | mean_length 64
09-20-21 11:52:45 - epoch 1 | global step 6030 | mode train | loss 2.08 | accuracy 12.5 | mean_length 64
09-20-21 11:54:32 - epoch 1 | global step 6040 | mode train | loss 2.0799 | accuracy 10.625 | mean_length 64
09-20-21 11:56:20 - epoch 1 | global step 6050 | mode train | loss 2.0795 | accuracy 12.1875 | mean_length 64
09-20-21 11:58:08 - epoch 1 | global step 6060 | mode train | loss 2.0794 | accuracy 10.0 | mean_length 64
09-20-21 11:59:55 - epoch 1 | global step 6070 | mode train | loss 2.0795 | accuracy 12.5 | mean_length 64
09-20-21 12:01:43 - epoch 1 | global step 6080 | mode train | loss 2.0795 | accuracy 12.1875 | mean_length 64
09-20-21 12:03:31 - epoch 1 | global step 6090 | mode train | loss 2.0791 | accuracy 11.875 | mean_length 64
09-20-21 12:05:18 - epoch 1 | global step 6100 | mode train | loss 2.0793 | accuracy 12.1875 | mean_length 64
09-20-21 12:07:06 - epoch 1 | global step 6110 | mode train | loss 2.08 | accuracy 10.0 | mean_length 64
09-20-21 12:08:54 - epoch 1 | global step 6120 | mode train | loss 2.0793 | accuracy 16.5625 | mean_length 64
09-20-21 12:10:42 - epoch 1 | global step 6130 | mode train | loss 2.0798 | accuracy 11.25 | mean_length 64
09-20-21 12:12:30 - epoch 1 | global step 6140 | mode train | loss 2.0797 | accuracy 12.5 | mean_length 64
09-20-21 12:22:54 - epoch 1 | global step 6144 | mode validation | loss 2.0795 | accuracy 12.1 | mean_length 64
09-20-21 12:23:59 - epoch 1 | global step 6150 | mode train | loss 2.08 | accuracy 10.625 | mean_length 64
09-20-21 12:25:47 - epoch 1 | global step 6160 | mode train | loss 2.0786 | accuracy 17.5 | mean_length 64
09-20-21 12:27:35 - epoch 1 | global step 6170 | mode train | loss 2.0797 | accuracy 11.875 | mean_length 64
09-20-21 12:29:22 - epoch 1 | global step 6180 | mode train | loss 2.0792 | accuracy 13.4375 | mean_length 64
09-20-21 12:31:10 - epoch 1 | global step 6190 | mode train | loss 2.0798 | accuracy 14.6875 | mean_length 64
09-20-21 12:32:58 - epoch 1 | global step 6200 | mode train | loss 2.0792 | accuracy 14.0625 | mean_length 64
09-20-21 12:34:46 - epoch 1 | global step 6210 | mode train | loss 2.0795 | accuracy 11.875 | mean_length 64
09-20-21 12:36:34 - epoch 1 | global step 6220 | mode train | loss 2.0802 | accuracy 12.8125 | mean_length 64
09-20-21 12:38:22 - epoch 1 | global step 6230 | mode train | loss 2.0801 | accuracy 13.125 | mean_length 64
09-20-21 12:40:09 - epoch 1 | global step 6240 | mode train | loss 2.0803 | accuracy 11.25 | mean_length 64
09-20-21 12:41:57 - epoch 1 | global step 6250 | mode train | loss 2.0796 | accuracy 12.5 | mean_length 64
09-20-21 12:43:45 - epoch 1 | global step 6260 | mode train | loss 2.0797 | accuracy 13.75 | mean_length 64
09-20-21 12:45:33 - epoch 1 | global step 6270 | mode train | loss 2.0792 | accuracy 14.6875 | mean_length 64
09-20-21 12:47:21 - epoch 1 | global step 6280 | mode train | loss 2.08 | accuracy 10.625 | mean_length 64
09-20-21 12:49:09 - epoch 1 | global step 6290 | mode train | loss 2.0797 | accuracy 11.875 | mean_length 64
09-20-21 12:50:56 - epoch 1 | global step 6300 | mode train | loss 2.0799 | accuracy 12.1875 | mean_length 64
09-20-21 12:52:44 - epoch 1 | global step 6310 | mode train | loss 2.0797 | accuracy 12.1875 | mean_length 64
09-20-21 12:54:32 - epoch 1 | global step 6320 | mode train | loss 2.0789 | accuracy 15.625 | mean_length 64
09-20-21 12:56:20 - epoch 1 | global step 6330 | mode train | loss 2.0792 | accuracy 11.5625 | mean_length 64
09-20-21 12:58:07 - epoch 1 | global step 6340 | mode train | loss 2.0803 | accuracy 10.3125 | mean_length 64
09-20-21 12:59:55 - epoch 1 | global step 6350 | mode train | loss 2.0804 | accuracy 9.0625 | mean_length 64
09-20-21 13:01:43 - epoch 1 | global step 6360 | mode train | loss 2.0792 | accuracy 11.875 | mean_length 64
09-20-21 13:03:31 - epoch 1 | global step 6370 | mode train | loss 2.0789 | accuracy 13.125 | mean_length 64
09-20-21 13:05:18 - epoch 1 | global step 6380 | mode train | loss 2.0797 | accuracy 14.0625 | mean_length 64
09-20-21 13:07:06 - epoch 1 | global step 6390 | mode train | loss 2.0799 | accuracy 10.0 | mean_length 64
09-20-21 13:08:54 - epoch 1 | global step 6400 | mode train | loss 2.0796 | accuracy 14.375 | mean_length 64
09-20-21 13:10:41 - epoch 1 | global step 6410 | mode train | loss 2.08 | accuracy 11.5625 | mean_length 64
09-20-21 13:12:29 - epoch 1 | global step 6420 | mode train | loss 2.0799 | accuracy 12.8125 | mean_length 64
09-20-21 13:14:17 - epoch 1 | global step 6430 | mode train | loss 2.0787 | accuracy 14.375 | mean_length 64
09-20-21 13:16:05 - epoch 1 | global step 6440 | mode train | loss 2.0804 | accuracy 9.375 | mean_length 64
09-20-21 13:17:52 - epoch 1 | global step 6450 | mode train | loss 2.0802 | accuracy 10.0 | mean_length 64
09-20-21 13:19:40 - epoch 2 | global step 6460 | mode train | loss 2.0791 | accuracy 14.0625 | mean_length 64
09-20-21 13:21:28 - epoch 2 | global step 6470 | mode train | loss 2.0793 | accuracy 14.375 | mean_length 64
09-20-21 13:23:16 - epoch 2 | global step 6480 | mode train | loss 2.0791 | accuracy 12.8125 | mean_length 64
09-20-21 13:25:03 - epoch 2 | global step 6490 | mode train | loss 2.0793 | accuracy 10.9375 | mean_length 64
09-20-21 13:26:51 - epoch 2 | global step 6500 | mode train | loss 2.0795 | accuracy 15.625 | mean_length 64
09-20-21 13:28:39 - epoch 2 | global step 6510 | mode train | loss 2.0802 | accuracy 11.25 | mean_length 64
09-20-21 13:30:26 - epoch 2 | global step 6520 | mode train | loss 2.0786 | accuracy 10.3125 | mean_length 64
09-20-21 13:32:14 - epoch 2 | global step 6530 | mode train | loss 2.0792 | accuracy 13.4375 | mean_length 64
09-20-21 13:34:02 - epoch 2 | global step 6540 | mode train | loss 2.0794 | accuracy 13.4375 | mean_length 64
09-20-21 13:35:50 - epoch 2 | global step 6550 | mode train | loss 2.079 | accuracy 14.0625 | mean_length 64
09-20-21 13:37:37 - epoch 2 | global step 6560 | mode train | loss 2.0791 | accuracy 13.75 | mean_length 64
09-20-21 13:39:25 - epoch 2 | global step 6570 | mode train | loss 2.0801 | accuracy 11.5625 | mean_length 64
09-20-21 13:41:13 - epoch 2 | global step 6580 | mode train | loss 2.0797 | accuracy 11.5625 | mean_length 64
09-20-21 13:43:01 - epoch 2 | global step 6590 | mode train | loss 2.079 | accuracy 13.75 | mean_length 64
09-20-21 13:44:48 - epoch 2 | global step 6600 | mode train | loss 2.0787 | accuracy 15.625 | mean_length 64
09-20-21 13:46:36 - epoch 2 | global step 6610 | mode train | loss 2.0793 | accuracy 12.8125 | mean_length 64
09-20-21 13:48:24 - epoch 2 | global step 6620 | mode train | loss 2.0789 | accuracy 13.75 | mean_length 64
09-20-21 13:50:11 - epoch 2 | global step 6630 | mode train | loss 2.0806 | accuracy 11.875 | mean_length 64
09-20-21 13:51:59 - epoch 2 | global step 6640 | mode train | loss 2.0789 | accuracy 15.3125 | mean_length 64
09-20-21 13:53:47 - epoch 2 | global step 6650 | mode train | loss 2.0794 | accuracy 12.5 | mean_length 64
09-20-21 14:04:34 - epoch 2 | global step 6656 | mode validation | loss 2.0794 | accuracy 12.86 | mean_length 64
09-20-21 14:05:17 - epoch 2 | global step 6660 | mode train | loss 2.0797 | accuracy 12.8125 | mean_length 64
09-20-21 14:07:05 - epoch 2 | global step 6670 | mode train | loss 2.0791 | accuracy 13.125 | mean_length 64
09-20-21 14:08:53 - epoch 2 | global step 6680 | mode train | loss 2.0794 | accuracy 12.8125 | mean_length 64
09-20-21 14:10:41 - epoch 2 | global step 6690 | mode train | loss 2.0796 | accuracy 10.9375 | mean_length 64
09-20-21 14:12:29 - epoch 2 | global step 6700 | mode train | loss 2.0808 | accuracy 11.25 | mean_length 64
09-20-21 14:14:17 - epoch 2 | global step 6710 | mode train | loss 2.0798 | accuracy 13.75 | mean_length 64
09-20-21 14:16:05 - epoch 2 | global step 6720 | mode train | loss 2.0788 | accuracy 14.375 | mean_length 64
09-20-21 14:17:53 - epoch 2 | global step 6730 | mode train | loss 2.0794 | accuracy 11.875 | mean_length 64
09-20-21 14:19:41 - epoch 2 | global step 6740 | mode train | loss 2.0794 | accuracy 15.9375 | mean_length 64
09-20-21 14:21:29 - epoch 2 | global step 6750 | mode train | loss 2.0802 | accuracy 10.9375 | mean_length 64
09-20-21 14:23:17 - epoch 2 | global step 6760 | mode train | loss 2.0803 | accuracy 12.1875 | mean_length 64
09-20-21 14:25:05 - epoch 2 | global step 6770 | mode train | loss 2.079 | accuracy 10.9375 | mean_length 64
09-20-21 14:26:52 - epoch 2 | global step 6780 | mode train | loss 2.0779 | accuracy 14.0625 | mean_length 64
09-20-21 14:28:40 - epoch 2 | global step 6790 | mode train | loss 2.079 | accuracy 14.6875 | mean_length 64
09-20-21 14:30:28 - epoch 2 | global step 6800 | mode train | loss 2.0804 | accuracy 13.4375 | mean_length 64
09-20-21 14:32:16 - epoch 2 | global step 6810 | mode train | loss 2.0795 | accuracy 11.875 | mean_length 64
09-20-21 14:34:04 - epoch 2 | global step 6820 | mode train | loss 2.0798 | accuracy 12.5 | mean_length 64
09-20-21 14:35:51 - epoch 2 | global step 6830 | mode train | loss 2.0783 | accuracy 14.375 | mean_length 64
09-20-21 14:37:39 - epoch 2 | global step 6840 | mode train | loss 2.0805 | accuracy 9.6875 | mean_length 64
09-20-21 14:39:27 - epoch 2 | global step 6850 | mode train | loss 2.0789 | accuracy 13.4375 | mean_length 64
09-20-21 14:41:15 - epoch 2 | global step 6860 | mode train | loss 2.0799 | accuracy 10.9375 | mean_length 64
09-20-21 14:43:03 - epoch 2 | global step 6870 | mode train | loss 2.0799 | accuracy 12.5 | mean_length 64
09-20-21 14:44:51 - epoch 2 | global step 6880 | mode train | loss 2.0793 | accuracy 15.0 | mean_length 64
09-20-21 14:46:39 - epoch 2 | global step 6890 | mode train | loss 2.0793 | accuracy 12.1875 | mean_length 64
09-20-21 14:48:27 - epoch 2 | global step 6900 | mode train | loss 2.0805 | accuracy 9.375 | mean_length 64
09-20-21 14:50:14 - epoch 2 | global step 6910 | mode train | loss 2.0795 | accuracy 12.8125 | mean_length 64
09-20-21 14:52:02 - epoch 2 | global step 6920 | mode train | loss 2.0781 | accuracy 16.25 | mean_length 64
09-20-21 14:53:50 - epoch 2 | global step 6930 | mode train | loss 2.0784 | accuracy 14.6875 | mean_length 64
09-20-21 14:55:38 - epoch 2 | global step 6940 | mode train | loss 2.0791 | accuracy 15.3125 | mean_length 64
09-20-21 14:57:26 - epoch 2 | global step 6950 | mode train | loss 2.0802 | accuracy 9.375 | mean_length 64
09-20-21 14:59:14 - epoch 2 | global step 6960 | mode train | loss 2.081 | accuracy 7.8125 | mean_length 64
09-20-21 15:01:02 - epoch 2 | global step 6970 | mode train | loss 2.0793 | accuracy 10.625 | mean_length 64
09-20-21 15:02:50 - epoch 2 | global step 6980 | mode train | loss 2.0804 | accuracy 10.9375 | mean_length 64
09-20-21 15:04:37 - epoch 2 | global step 6990 | mode train | loss 2.0792 | accuracy 13.125 | mean_length 64
09-20-21 15:06:25 - epoch 2 | global step 7000 | mode train | loss 2.0793 | accuracy 13.75 | mean_length 64
09-20-21 15:08:13 - epoch 2 | global step 7010 | mode train | loss 2.0791 | accuracy 13.125 | mean_length 64
09-20-21 15:10:01 - epoch 2 | global step 7020 | mode train | loss 2.08 | accuracy 10.3125 | mean_length 64
09-20-21 15:11:49 - epoch 2 | global step 7030 | mode train | loss 2.0788 | accuracy 14.375 | mean_length 64
09-20-21 15:13:37 - epoch 2 | global step 7040 | mode train | loss 2.081 | accuracy 10.3125 | mean_length 64
09-20-21 15:15:25 - epoch 2 | global step 7050 | mode train | loss 2.0797 | accuracy 13.4375 | mean_length 64
09-20-21 15:17:13 - epoch 2 | global step 7060 | mode train | loss 2.0801 | accuracy 10.625 | mean_length 64
09-20-21 15:19:01 - epoch 2 | global step 7070 | mode train | loss 2.0795 | accuracy 14.6875 | mean_length 64
09-20-21 15:20:49 - epoch 2 | global step 7080 | mode train | loss 2.0787 | accuracy 12.5 | mean_length 64
09-20-21 15:22:37 - epoch 2 | global step 7090 | mode train | loss 2.0802 | accuracy 13.125 | mean_length 64
09-20-21 15:24:24 - epoch 2 | global step 7100 | mode train | loss 2.0793 | accuracy 12.8125 | mean_length 64
09-20-21 15:26:12 - epoch 2 | global step 7110 | mode train | loss 2.0788 | accuracy 13.125 | mean_length 64
09-20-21 15:28:00 - epoch 2 | global step 7120 | mode train | loss 2.079 | accuracy 15.0 | mean_length 64
09-20-21 15:29:48 - epoch 2 | global step 7130 | mode train | loss 2.0801 | accuracy 10.0 | mean_length 64
09-20-21 15:31:36 - epoch 2 | global step 7140 | mode train | loss 2.079 | accuracy 13.125 | mean_length 64
09-20-21 15:33:24 - epoch 2 | global step 7150 | mode train | loss 2.0801 | accuracy 10.0 | mean_length 64
09-20-21 15:35:12 - epoch 2 | global step 7160 | mode train | loss 2.0802 | accuracy 7.8125 | mean_length 64
09-20-21 15:46:21 - epoch 2 | global step 7168 | mode validation | loss 2.0795 | accuracy 12.7 | mean_length 64
09-20-21 15:46:43 - epoch 2 | global step 7170 | mode train | loss 2.0798 | accuracy 11.5625 | mean_length 64
09-20-21 15:48:30 - epoch 2 | global step 7180 | mode train | loss 2.0802 | accuracy 10.3125 | mean_length 64
09-20-21 15:50:18 - epoch 2 | global step 7190 | mode train | loss 2.0789 | accuracy 14.6875 | mean_length 64
09-20-21 15:52:06 - epoch 2 | global step 7200 | mode train | loss 2.079 | accuracy 12.8125 | mean_length 64
09-20-21 15:53:54 - epoch 2 | global step 7210 | mode train | loss 2.0795 | accuracy 13.125 | mean_length 64
09-20-21 15:55:41 - epoch 2 | global step 7220 | mode train | loss 2.0793 | accuracy 11.25 | mean_length 64
09-20-21 15:57:29 - epoch 2 | global step 7230 | mode train | loss 2.0789 | accuracy 14.375 | mean_length 64
09-20-21 15:59:17 - epoch 2 | global step 7240 | mode train | loss 2.079 | accuracy 12.8125 | mean_length 64
09-20-21 16:01:04 - epoch 2 | global step 7250 | mode train | loss 2.0795 | accuracy 12.8125 | mean_length 64
09-20-21 16:02:52 - epoch 2 | global step 7260 | mode train | loss 2.0802 | accuracy 11.875 | mean_length 64
09-20-21 16:04:40 - epoch 2 | global step 7270 | mode train | loss 2.0798 | accuracy 12.5 | mean_length 64
09-20-21 16:06:27 - epoch 2 | global step 7280 | mode train | loss 2.0786 | accuracy 15.625 | mean_length 64
09-20-21 16:08:15 - epoch 2 | global step 7290 | mode train | loss 2.0803 | accuracy 7.8125 | mean_length 64
09-20-21 16:10:03 - epoch 2 | global step 7300 | mode train | loss 2.0795 | accuracy 13.75 | mean_length 64
09-20-21 16:11:51 - epoch 2 | global step 7310 | mode train | loss 2.0799 | accuracy 15.9375 | mean_length 64
09-20-21 16:13:39 - epoch 2 | global step 7320 | mode train | loss 2.0803 | accuracy 12.5 | mean_length 64
09-20-21 16:15:27 - epoch 2 | global step 7330 | mode train | loss 2.0804 | accuracy 12.5 | mean_length 64
09-20-21 16:17:15 - epoch 2 | global step 7340 | mode train | loss 2.0793 | accuracy 10.9375 | mean_length 64
09-20-21 16:19:03 - epoch 2 | global step 7350 | mode train | loss 2.0796 | accuracy 12.8125 | mean_length 64
09-20-21 16:20:51 - epoch 2 | global step 7360 | mode train | loss 2.079 | accuracy 14.0625 | mean_length 64
09-20-21 16:22:39 - epoch 2 | global step 7370 | mode train | loss 2.0806 | accuracy 10.625 | mean_length 64
09-20-21 16:24:27 - epoch 2 | global step 7380 | mode train | loss 2.0798 | accuracy 10.625 | mean_length 64
09-20-21 16:26:15 - epoch 2 | global step 7390 | mode train | loss 2.0797 | accuracy 12.1875 | mean_length 64
09-20-21 16:28:02 - epoch 2 | global step 7400 | mode train | loss 2.0796 | accuracy 12.5 | mean_length 64
09-20-21 16:29:50 - epoch 2 | global step 7410 | mode train | loss 2.0801 | accuracy 12.5 | mean_length 64
09-20-21 16:31:38 - epoch 2 | global step 7420 | mode train | loss 2.0802 | accuracy 11.25 | mean_length 64
09-20-21 16:33:26 - epoch 2 | global step 7430 | mode train | loss 2.0793 | accuracy 10.3125 | mean_length 64
09-20-21 16:35:14 - epoch 2 | global step 7440 | mode train | loss 2.0794 | accuracy 12.8125 | mean_length 64
09-20-21 16:37:02 - epoch 2 | global step 7450 | mode train | loss 2.0792 | accuracy 12.1875 | mean_length 64
09-20-21 16:38:49 - epoch 2 | global step 7460 | mode train | loss 2.0796 | accuracy 9.0625 | mean_length 64
09-20-21 16:40:37 - epoch 2 | global step 7470 | mode train | loss 2.0808 | accuracy 10.0 | mean_length 64
09-20-21 16:42:25 - epoch 2 | global step 7480 | mode train | loss 2.0789 | accuracy 14.375 | mean_length 64
09-20-21 16:44:13 - epoch 2 | global step 7490 | mode train | loss 2.0805 | accuracy 9.0625 | mean_length 64
09-20-21 16:46:00 - epoch 2 | global step 7500 | mode train | loss 2.0798 | accuracy 10.3125 | mean_length 64
09-20-21 16:47:48 - epoch 2 | global step 7510 | mode train | loss 2.0797 | accuracy 10.9375 | mean_length 64
09-20-21 16:49:36 - epoch 2 | global step 7520 | mode train | loss 2.0796 | accuracy 12.8125 | mean_length 64
09-20-21 16:51:23 - epoch 2 | global step 7530 | mode train | loss 2.0795 | accuracy 10.0 | mean_length 64
09-20-21 16:53:11 - epoch 2 | global step 7540 | mode train | loss 2.0794 | accuracy 13.125 | mean_length 64
09-20-21 16:54:59 - epoch 2 | global step 7550 | mode train | loss 2.0796 | accuracy 10.3125 | mean_length 64
09-20-21 16:56:46 - epoch 2 | global step 7560 | mode train | loss 2.0799 | accuracy 12.8125 | mean_length 64
09-20-21 16:58:34 - epoch 2 | global step 7570 | mode train | loss 2.0795 | accuracy 12.1875 | mean_length 64
09-20-21 17:00:22 - epoch 2 | global step 7580 | mode train | loss 2.0786 | accuracy 12.8125 | mean_length 64
09-20-21 17:02:10 - epoch 2 | global step 7590 | mode train | loss 2.0797 | accuracy 11.25 | mean_length 64
09-20-21 17:03:58 - epoch 2 | global step 7600 | mode train | loss 2.0791 | accuracy 13.125 | mean_length 64
09-20-21 17:05:46 - epoch 2 | global step 7610 | mode train | loss 2.0796 | accuracy 15.3125 | mean_length 64
09-20-21 17:07:34 - epoch 2 | global step 7620 | mode train | loss 2.0798 | accuracy 11.875 | mean_length 64
09-20-21 17:09:22 - epoch 2 | global step 7630 | mode train | loss 2.0787 | accuracy 17.1875 | mean_length 64
09-20-21 17:11:09 - epoch 2 | global step 7640 | mode train | loss 2.0793 | accuracy 12.1875 | mean_length 64
09-20-21 17:12:57 - epoch 2 | global step 7650 | mode train | loss 2.0795 | accuracy 13.125 | mean_length 64
09-20-21 17:14:46 - epoch 2 | global step 7660 | mode train | loss 2.0787 | accuracy 12.8125 | mean_length 64
09-20-21 17:16:34 - epoch 2 | global step 7670 | mode train | loss 2.0791 | accuracy 12.8125 | mean_length 64
09-20-21 17:18:22 - epoch 2 | global step 7680 | mode train | loss 2.0793 | accuracy 12.8125 | mean_length 64
09-20-21 17:28:04 - epoch 2 | global step 7680 | mode validation | loss 2.0795 | accuracy 12.54 | mean_length 64
09-20-21 17:29:52 - epoch 2 | global step 7690 | mode train | loss 2.08 | accuracy 13.125 | mean_length 64
09-20-21 17:31:40 - epoch 2 | global step 7700 | mode train | loss 2.0794 | accuracy 10.9375 | mean_length 64
09-20-21 17:33:27 - epoch 2 | global step 7710 | mode train | loss 2.0802 | accuracy 11.875 | mean_length 64
09-20-21 17:35:15 - epoch 2 | global step 7720 | mode train | loss 2.0803 | accuracy 10.3125 | mean_length 64
09-20-21 17:37:03 - epoch 2 | global step 7730 | mode train | loss 2.0805 | accuracy 12.1875 | mean_length 64
09-20-21 17:38:51 - epoch 2 | global step 7740 | mode train | loss 2.0801 | accuracy 10.3125 | mean_length 64
09-20-21 17:40:39 - epoch 2 | global step 7750 | mode train | loss 2.0798 | accuracy 11.875 | mean_length 64
09-20-21 17:42:27 - epoch 2 | global step 7760 | mode train | loss 2.0792 | accuracy 13.75 | mean_length 64
09-20-21 17:44:14 - epoch 2 | global step 7770 | mode train | loss 2.0794 | accuracy 12.5 | mean_length 64
09-20-21 17:46:02 - epoch 2 | global step 7780 | mode train | loss 2.0793 | accuracy 9.375 | mean_length 64
09-20-21 17:47:50 - epoch 2 | global step 7790 | mode train | loss 2.0802 | accuracy 12.1875 | mean_length 64
09-20-21 17:49:38 - epoch 2 | global step 7800 | mode train | loss 2.0795 | accuracy 12.1875 | mean_length 64
09-20-21 17:51:26 - epoch 2 | global step 7810 | mode train | loss 2.0799 | accuracy 11.5625 | mean_length 64
09-20-21 17:53:13 - epoch 2 | global step 7820 | mode train | loss 2.0793 | accuracy 12.1875 | mean_length 64
09-20-21 17:55:01 - epoch 2 | global step 7830 | mode train | loss 2.0788 | accuracy 12.5 | mean_length 64
09-20-21 17:56:49 - epoch 2 | global step 7840 | mode train | loss 2.0797 | accuracy 12.8125 | mean_length 64
09-20-21 17:58:37 - epoch 2 | global step 7850 | mode train | loss 2.0795 | accuracy 11.875 | mean_length 64
09-20-21 18:00:25 - epoch 2 | global step 7860 | mode train | loss 2.0795 | accuracy 12.1875 | mean_length 64
09-20-21 18:02:13 - epoch 2 | global step 7870 | mode train | loss 2.0802 | accuracy 10.3125 | mean_length 64
09-20-21 18:04:00 - epoch 2 | global step 7880 | mode train | loss 2.0794 | accuracy 12.1875 | mean_length 64
09-20-21 18:05:48 - epoch 2 | global step 7890 | mode train | loss 2.0792 | accuracy 11.5625 | mean_length 64
09-20-21 18:07:36 - epoch 2 | global step 7900 | mode train | loss 2.0797 | accuracy 13.125 | mean_length 64
09-20-21 18:09:24 - epoch 2 | global step 7910 | mode train | loss 2.0797 | accuracy 12.5 | mean_length 64
09-20-21 18:11:12 - epoch 2 | global step 7920 | mode train | loss 2.0794 | accuracy 14.0625 | mean_length 64
09-20-21 18:12:59 - epoch 2 | global step 7930 | mode train | loss 2.0791 | accuracy 13.75 | mean_length 64
09-20-21 18:14:48 - epoch 2 | global step 7940 | mode train | loss 2.0793 | accuracy 11.875 | mean_length 64
09-20-21 18:16:35 - epoch 2 | global step 7950 | mode train | loss 2.0806 | accuracy 7.5 | mean_length 64
09-20-21 18:18:23 - epoch 2 | global step 7960 | mode train | loss 2.0794 | accuracy 11.875 | mean_length 64
09-20-21 18:20:11 - epoch 2 | global step 7970 | mode train | loss 2.0799 | accuracy 8.4375 | mean_length 64
09-20-21 18:21:58 - epoch 2 | global step 7980 | mode train | loss 2.0803 | accuracy 10.3125 | mean_length 64
09-20-21 18:23:46 - epoch 2 | global step 7990 | mode train | loss 2.0794 | accuracy 11.25 | mean_length 64
09-20-21 18:25:34 - epoch 2 | global step 8000 | mode train | loss 2.0797 | accuracy 10.625 | mean_length 64
09-20-21 18:27:21 - epoch 2 | global step 8010 | mode train | loss 2.0785 | accuracy 14.6875 | mean_length 64
09-20-21 18:29:09 - epoch 2 | global step 8020 | mode train | loss 2.0782 | accuracy 17.5 | mean_length 64
09-20-21 18:30:57 - epoch 2 | global step 8030 | mode train | loss 2.0789 | accuracy 13.125 | mean_length 64
09-20-21 18:32:44 - epoch 2 | global step 8040 | mode train | loss 2.0793 | accuracy 11.875 | mean_length 64
09-20-21 18:34:32 - epoch 2 | global step 8050 | mode train | loss 2.079 | accuracy 12.5 | mean_length 64
09-20-21 18:36:20 - epoch 2 | global step 8060 | mode train | loss 2.0802 | accuracy 11.5625 | mean_length 64
09-20-21 18:38:08 - epoch 2 | global step 8070 | mode train | loss 2.0797 | accuracy 13.4375 | mean_length 64
09-20-21 18:39:55 - epoch 2 | global step 8080 | mode train | loss 2.08 | accuracy 10.0 | mean_length 64
09-20-21 18:41:43 - epoch 2 | global step 8090 | mode train | loss 2.0787 | accuracy 13.125 | mean_length 64
09-20-21 18:43:31 - epoch 2 | global step 8100 | mode train | loss 2.0789 | accuracy 15.3125 | mean_length 64
09-20-21 18:45:18 - epoch 2 | global step 8110 | mode train | loss 2.0786 | accuracy 14.0625 | mean_length 64
09-20-21 18:47:06 - epoch 2 | global step 8120 | mode train | loss 2.079 | accuracy 13.125 | mean_length 64
09-20-21 18:48:54 - epoch 2 | global step 8130 | mode train | loss 2.0799 | accuracy 11.875 | mean_length 64
09-20-21 18:50:41 - epoch 2 | global step 8140 | mode train | loss 2.0793 | accuracy 12.1875 | mean_length 64
09-20-21 18:52:29 - epoch 2 | global step 8150 | mode train | loss 2.0795 | accuracy 12.8125 | mean_length 64
09-20-21 18:54:17 - epoch 2 | global step 8160 | mode train | loss 2.0796 | accuracy 10.625 | mean_length 64
09-20-21 18:56:04 - epoch 2 | global step 8170 | mode train | loss 2.0785 | accuracy 15.3125 | mean_length 64
09-20-21 18:57:52 - epoch 2 | global step 8180 | mode train | loss 2.0794 | accuracy 11.25 | mean_length 64
09-20-21 18:59:40 - epoch 2 | global step 8190 | mode train | loss 2.0786 | accuracy 17.5 | mean_length 64
09-20-21 19:00:01 - Evaluate the following checkpoint: Output/accGrad4_mbart_BTen+zh-captions_lr2.0e-5_7distractors_maxstep8192_seed43/model.pt
09-20-21 19:11:42 - Best model stats: 
09-20-21 19:11:42 - epoch 0 | global step 0 | mode validation | loss 2.0503 | accuracy 14.6 | mean_length 64
