==========================================
SLURM_JOB_ID = 5860642
SLURM_JOB_NODELIST = d13-02
TMPDIR = /tmp/SLURM_5860642
==========================================
/home1/zliu9986/communication-translation
09-12-21 22:26:39 - Dataset Loaded
09-12-21 22:26:39 - Configuration:
Namespace(TransferH=False, alpha=1.0, batch_size=8, beam_width=5, bidirectional=False, config='Configs/mbart_ec_en+zh.yml', cpu=False, decode_how='beam', device=device(type='cuda'), do_eval=True, do_train=True, dropout=0.1, fix_bhd=False, fix_spk=False, grad_clip=1.0, gradient_accumulation_steps=4, hard=False, has_vocab_constraint=False, hidden_dim=512, image_dim=2048, lr=1e-05, max_global_step=8192, max_seq_length=64, mode='emergent_communication', model_name='Models/mbart_bt_en+zh_lr25e-6', n_gpu=1, no_share_bhd=False, no_terminal=False, no_write=False, num_distractors_train=7, num_distractors_valid=7, num_games=30, num_layers=1, output_dir='Output/accGrad4_mbart_BTen+zh_lr1.0e-5_7distractors_maxstep8192_seed43', print_every=10, save_output_txt=True, save_pretrain_seperately=True, seed=43, source_lang='en_XX', source_lang_vocab_constrain_file='/projects/unmt/communication-translation/en_cc_tokenID2count_dict.cc25.json', stats_to_print=['loss', 'accuracy', 'caption generation loss', 'image selection loss', 'mean_length'], target_acc=85.0, target_lang='zh_CN', target_lang_vocab_constrain_file='/projects/unmt/communication-translation/zh-Hans_cc_tokenID2count_dict.cc25.json', temp=1.0, temperature=1.0, train_images='./Data/ec_finetuning/images_train', two_ffwd=False, unit_norm=False, valid_every=512, valid_images='./Data/ec_finetuning/images_val', vocab_size=4035)
Sharing visual system for each agent.
09-12-21 22:36:59 - epoch 0 | global step 0 | mode validation | loss 2.5007 | accuracy 12.38 | mean_length 53.3506
09-12-21 22:36:59 - Saving model to Output/accGrad4_mbart_BTen+zh_lr1.0e-5_7distractors_maxstep8192_seed43
Epoch: 0, Prediction Accuracy: 12.38, Saved to Path: Output/accGrad4_mbart_BTen+zh_lr1.0e-5_7distractors_maxstep8192_seed43
09-12-21 22:38:59 - epoch 0 | global step 10 | mode train | loss 2.1587 | accuracy 15.3125 | mean_length 58.1
09-12-21 22:40:50 - epoch 0 | global step 20 | mode train | loss 2.0948 | accuracy 14.6875 | mean_length 64
09-12-21 22:42:40 - epoch 0 | global step 30 | mode train | loss 2.0956 | accuracy 11.5625 | mean_length 64
09-12-21 22:44:30 - epoch 0 | global step 40 | mode train | loss 2.1141 | accuracy 10.9375 | mean_length 64
09-12-21 22:46:21 - epoch 0 | global step 50 | mode train | loss 2.0816 | accuracy 15.0 | mean_length 64
09-12-21 22:48:11 - epoch 0 | global step 60 | mode train | loss 2.083 | accuracy 12.5 | mean_length 64
09-12-21 22:50:01 - epoch 0 | global step 70 | mode train | loss 2.0757 | accuracy 15.625 | mean_length 64
09-12-21 22:51:51 - epoch 0 | global step 80 | mode train | loss 2.0542 | accuracy 14.375 | mean_length 64
09-12-21 22:53:41 - epoch 0 | global step 90 | mode train | loss 2.0789 | accuracy 10.3125 | mean_length 64
09-12-21 22:55:32 - epoch 0 | global step 100 | mode train | loss 2.0749 | accuracy 12.5 | mean_length 64
09-12-21 22:57:22 - epoch 0 | global step 110 | mode train | loss 2.0707 | accuracy 14.6875 | mean_length 64
09-12-21 22:59:12 - epoch 0 | global step 120 | mode train | loss 2.0675 | accuracy 14.0625 | mean_length 64
09-12-21 23:01:02 - epoch 0 | global step 130 | mode train | loss 2.0495 | accuracy 12.8125 | mean_length 64
09-12-21 23:02:53 - epoch 0 | global step 140 | mode train | loss 2.039 | accuracy 13.4375 | mean_length 64
09-12-21 23:04:43 - epoch 0 | global step 150 | mode train | loss 2.0526 | accuracy 13.125 | mean_length 64
09-12-21 23:06:33 - epoch 0 | global step 160 | mode train | loss 2.0393 | accuracy 15.0 | mean_length 64
09-12-21 23:08:23 - epoch 0 | global step 170 | mode train | loss 2.058 | accuracy 13.75 | mean_length 64
09-12-21 23:10:14 - epoch 0 | global step 180 | mode train | loss 2.0188 | accuracy 16.5625 | mean_length 64
09-12-21 23:12:04 - epoch 0 | global step 190 | mode train | loss 2.0365 | accuracy 12.5 | mean_length 64
09-12-21 23:13:54 - epoch 0 | global step 200 | mode train | loss 2.0722 | accuracy 15.625 | mean_length 64
09-12-21 23:15:44 - epoch 0 | global step 210 | mode train | loss 2.0519 | accuracy 10.9375 | mean_length 64
09-12-21 23:17:34 - epoch 0 | global step 220 | mode train | loss 2.0599 | accuracy 11.5625 | mean_length 64
09-12-21 23:19:25 - epoch 0 | global step 230 | mode train | loss 2.0342 | accuracy 12.1875 | mean_length 64
09-12-21 23:21:15 - epoch 0 | global step 240 | mode train | loss 1.9881 | accuracy 14.375 | mean_length 64
09-12-21 23:23:06 - epoch 0 | global step 250 | mode train | loss 1.9898 | accuracy 15.0 | mean_length 64
09-12-21 23:24:57 - epoch 0 | global step 260 | mode train | loss 1.9911 | accuracy 16.25 | mean_length 63.9062
09-12-21 23:26:47 - epoch 0 | global step 270 | mode train | loss 1.9854 | accuracy 19.6875 | mean_length 64
09-12-21 23:28:38 - epoch 0 | global step 280 | mode train | loss 1.9692 | accuracy 16.875 | mean_length 64
09-12-21 23:30:27 - epoch 0 | global step 290 | mode train | loss 1.9166 | accuracy 20.9375 | mean_length 64
09-12-21 23:32:17 - epoch 0 | global step 300 | mode train | loss 2.0056 | accuracy 12.5 | mean_length 64
09-12-21 23:34:07 - epoch 0 | global step 310 | mode train | loss 1.9527 | accuracy 18.4375 | mean_length 64
09-12-21 23:35:56 - epoch 0 | global step 320 | mode train | loss 1.959 | accuracy 20.9375 | mean_length 64
09-12-21 23:37:46 - epoch 0 | global step 330 | mode train | loss 1.9397 | accuracy 16.5625 | mean_length 64
09-12-21 23:39:36 - epoch 0 | global step 340 | mode train | loss 1.9046 | accuracy 26.25 | mean_length 63.9469
09-12-21 23:41:26 - epoch 0 | global step 350 | mode train | loss 1.9086 | accuracy 24.6875 | mean_length 64
09-12-21 23:43:16 - epoch 0 | global step 360 | mode train | loss 1.9487 | accuracy 23.125 | mean_length 63.9625
09-12-21 23:45:05 - epoch 0 | global step 370 | mode train | loss 1.8649 | accuracy 22.5 | mean_length 63.9094
09-12-21 23:46:55 - epoch 0 | global step 380 | mode train | loss 1.884 | accuracy 25.625 | mean_length 64
09-12-21 23:48:44 - epoch 0 | global step 390 | mode train | loss 1.9817 | accuracy 16.875 | mean_length 64
09-12-21 23:50:34 - epoch 0 | global step 400 | mode train | loss 2.1935 | accuracy 7.8125 | mean_length 64
09-12-21 23:52:23 - epoch 0 | global step 410 | mode train | loss 2.0881 | accuracy 14.6875 | mean_length 64
09-12-21 23:54:12 - epoch 0 | global step 420 | mode train | loss 2.094 | accuracy 11.25 | mean_length 64
09-12-21 23:56:02 - epoch 0 | global step 430 | mode train | loss 2.0756 | accuracy 16.5625 | mean_length 64
09-12-21 23:57:51 - epoch 0 | global step 440 | mode train | loss 2.0957 | accuracy 12.1875 | mean_length 64
09-12-21 23:59:41 - epoch 0 | global step 450 | mode train | loss 2.0877 | accuracy 11.5625 | mean_length 64
09-13-21 00:01:30 - epoch 0 | global step 460 | mode train | loss 2.0853 | accuracy 10.9375 | mean_length 64
09-13-21 00:03:20 - epoch 0 | global step 470 | mode train | loss 2.0839 | accuracy 12.5 | mean_length 64
09-13-21 00:05:09 - epoch 0 | global step 480 | mode train | loss 2.0859 | accuracy 12.5 | mean_length 64
09-13-21 00:07:00 - epoch 0 | global step 490 | mode train | loss 2.0811 | accuracy 10.3125 | mean_length 64
09-13-21 00:08:49 - epoch 0 | global step 500 | mode train | loss 2.0747 | accuracy 13.125 | mean_length 64
09-13-21 00:10:39 - epoch 0 | global step 510 | mode train | loss 2.0806 | accuracy 12.8125 | mean_length 64
09-13-21 00:20:51 - epoch 0 | global step 512 | mode validation | loss 2.0811 | accuracy 12.16 | mean_length 64
09-13-21 00:20:51 - Saving model to Output/accGrad4_mbart_BTen+zh_lr1.0e-5_7distractors_maxstep8192_seed43
Epoch: 0, Prediction Accuracy: 12.16, Saved to Path: Output/accGrad4_mbart_BTen+zh_lr1.0e-5_7distractors_maxstep8192_seed43
09-13-21 00:22:28 - epoch 0 | global step 520 | mode train | loss 2.0868 | accuracy 11.25 | mean_length 64
09-13-21 00:24:19 - epoch 0 | global step 530 | mode train | loss 2.0823 | accuracy 10.625 | mean_length 64
09-13-21 00:26:09 - epoch 0 | global step 540 | mode train | loss 2.0791 | accuracy 10.9375 | mean_length 64
09-13-21 00:27:59 - epoch 0 | global step 550 | mode train | loss 2.0789 | accuracy 11.875 | mean_length 64
09-13-21 00:29:48 - epoch 0 | global step 560 | mode train | loss 2.0804 | accuracy 10.9375 | mean_length 64
09-13-21 00:31:38 - epoch 0 | global step 570 | mode train | loss 2.0874 | accuracy 10.625 | mean_length 64
09-13-21 00:33:27 - epoch 0 | global step 580 | mode train | loss 2.0856 | accuracy 8.4375 | mean_length 64
09-13-21 00:35:17 - epoch 0 | global step 590 | mode train | loss 2.082 | accuracy 13.4375 | mean_length 64
09-13-21 00:37:06 - epoch 0 | global step 600 | mode train | loss 2.0862 | accuracy 11.5625 | mean_length 64
09-13-21 00:38:56 - epoch 0 | global step 610 | mode train | loss 2.0892 | accuracy 10.0 | mean_length 64
09-13-21 00:40:45 - epoch 0 | global step 620 | mode train | loss 2.0824 | accuracy 11.5625 | mean_length 64
09-13-21 00:42:35 - epoch 0 | global step 630 | mode train | loss 2.0792 | accuracy 11.875 | mean_length 64
09-13-21 00:44:24 - epoch 0 | global step 640 | mode train | loss 2.0804 | accuracy 10.625 | mean_length 64
09-13-21 00:46:14 - epoch 0 | global step 650 | mode train | loss 2.0767 | accuracy 11.25 | mean_length 64
09-13-21 00:48:03 - epoch 0 | global step 660 | mode train | loss 2.0892 | accuracy 11.875 | mean_length 64
09-13-21 00:49:53 - epoch 0 | global step 670 | mode train | loss 2.0813 | accuracy 11.25 | mean_length 64
09-13-21 00:51:42 - epoch 0 | global step 680 | mode train | loss 2.0733 | accuracy 15.3125 | mean_length 64
09-13-21 00:53:32 - epoch 0 | global step 690 | mode train | loss 2.0846 | accuracy 13.125 | mean_length 64
09-13-21 00:55:21 - epoch 0 | global step 700 | mode train | loss 2.0815 | accuracy 11.25 | mean_length 64
09-13-21 00:57:11 - epoch 0 | global step 710 | mode train | loss 2.0886 | accuracy 9.375 | mean_length 64
09-13-21 00:59:00 - epoch 0 | global step 720 | mode train | loss 2.0758 | accuracy 14.6875 | mean_length 64
09-13-21 01:00:50 - epoch 0 | global step 730 | mode train | loss 2.0811 | accuracy 13.4375 | mean_length 64
09-13-21 01:02:40 - epoch 0 | global step 740 | mode train | loss 2.0827 | accuracy 12.8125 | mean_length 64
09-13-21 01:04:29 - epoch 0 | global step 750 | mode train | loss 2.0855 | accuracy 13.4375 | mean_length 64
09-13-21 01:06:19 - epoch 0 | global step 760 | mode train | loss 2.081 | accuracy 12.1875 | mean_length 64
09-13-21 01:08:08 - epoch 0 | global step 770 | mode train | loss 2.0883 | accuracy 12.1875 | mean_length 64
09-13-21 01:09:57 - epoch 0 | global step 780 | mode train | loss 2.082 | accuracy 13.125 | mean_length 64
09-13-21 01:11:47 - epoch 0 | global step 790 | mode train | loss 2.0842 | accuracy 13.125 | mean_length 64
09-13-21 01:13:36 - epoch 0 | global step 800 | mode train | loss 2.0838 | accuracy 9.6875 | mean_length 64
09-13-21 01:15:26 - epoch 0 | global step 810 | mode train | loss 2.081 | accuracy 11.5625 | mean_length 64
09-13-21 01:17:15 - epoch 0 | global step 820 | mode train | loss 2.0897 | accuracy 9.375 | mean_length 64
09-13-21 01:19:05 - epoch 0 | global step 830 | mode train | loss 2.0816 | accuracy 10.0 | mean_length 64
09-13-21 01:20:54 - epoch 0 | global step 840 | mode train | loss 2.0759 | accuracy 15.9375 | mean_length 64
09-13-21 01:22:43 - epoch 0 | global step 850 | mode train | loss 2.0777 | accuracy 13.125 | mean_length 64
09-13-21 01:24:33 - epoch 0 | global step 860 | mode train | loss 2.0843 | accuracy 13.125 | mean_length 64
09-13-21 01:26:22 - epoch 0 | global step 870 | mode train | loss 2.0767 | accuracy 15.625 | mean_length 64
09-13-21 01:28:12 - epoch 0 | global step 880 | mode train | loss 2.0777 | accuracy 13.125 | mean_length 64
09-13-21 01:30:02 - epoch 0 | global step 890 | mode train | loss 2.0837 | accuracy 11.5625 | mean_length 64
09-13-21 01:31:51 - epoch 0 | global step 900 | mode train | loss 2.0794 | accuracy 15.625 | mean_length 64
09-13-21 01:33:41 - epoch 0 | global step 910 | mode train | loss 2.0817 | accuracy 13.4375 | mean_length 64
09-13-21 01:35:31 - epoch 0 | global step 920 | mode train | loss 2.0815 | accuracy 12.5 | mean_length 64
09-13-21 01:37:20 - epoch 0 | global step 930 | mode train | loss 2.0804 | accuracy 11.875 | mean_length 64
09-13-21 01:39:10 - epoch 0 | global step 940 | mode train | loss 2.077 | accuracy 14.0625 | mean_length 64
09-13-21 01:41:00 - epoch 0 | global step 950 | mode train | loss 2.0806 | accuracy 11.875 | mean_length 64
09-13-21 01:42:49 - epoch 0 | global step 960 | mode train | loss 2.0798 | accuracy 12.8125 | mean_length 64
09-13-21 01:44:39 - epoch 0 | global step 970 | mode train | loss 2.09 | accuracy 10.9375 | mean_length 64
09-13-21 01:46:28 - epoch 0 | global step 980 | mode train | loss 2.0797 | accuracy 10.3125 | mean_length 64
09-13-21 01:48:17 - epoch 0 | global step 990 | mode train | loss 2.0782 | accuracy 12.8125 | mean_length 64
09-13-21 01:50:07 - epoch 0 | global step 1000 | mode train | loss 2.0804 | accuracy 14.0625 | mean_length 64
09-13-21 01:51:56 - epoch 0 | global step 1010 | mode train | loss 2.0825 | accuracy 14.6875 | mean_length 64
09-13-21 01:53:46 - epoch 0 | global step 1020 | mode train | loss 2.0885 | accuracy 15.0 | mean_length 64
09-13-21 02:04:13 - epoch 0 | global step 1024 | mode validation | loss 2.0813 | accuracy 11.48 | mean_length 64
09-13-21 02:05:18 - epoch 0 | global step 1030 | mode train | loss 2.0826 | accuracy 11.25 | mean_length 64
09-13-21 02:07:08 - epoch 0 | global step 1040 | mode train | loss 2.081 | accuracy 12.5 | mean_length 64
09-13-21 02:08:57 - epoch 0 | global step 1050 | mode train | loss 2.0825 | accuracy 13.125 | mean_length 64
09-13-21 02:10:47 - epoch 0 | global step 1060 | mode train | loss 2.0829 | accuracy 10.625 | mean_length 64
09-13-21 02:12:36 - epoch 0 | global step 1070 | mode train | loss 2.0783 | accuracy 14.0625 | mean_length 64
09-13-21 02:14:26 - epoch 0 | global step 1080 | mode train | loss 2.0816 | accuracy 10.3125 | mean_length 64
09-13-21 02:16:16 - epoch 0 | global step 1090 | mode train | loss 2.0806 | accuracy 12.1875 | mean_length 64
09-13-21 02:18:05 - epoch 0 | global step 1100 | mode train | loss 2.0783 | accuracy 11.25 | mean_length 64
09-13-21 02:19:55 - epoch 0 | global step 1110 | mode train | loss 2.0818 | accuracy 10.9375 | mean_length 64
09-13-21 02:21:44 - epoch 0 | global step 1120 | mode train | loss 2.0872 | accuracy 11.875 | mean_length 64
09-13-21 02:23:33 - epoch 0 | global step 1130 | mode train | loss 2.0822 | accuracy 13.4375 | mean_length 64
09-13-21 02:25:23 - epoch 0 | global step 1140 | mode train | loss 2.0812 | accuracy 11.5625 | mean_length 64
09-13-21 02:27:12 - epoch 0 | global step 1150 | mode train | loss 2.0805 | accuracy 13.4375 | mean_length 64
09-13-21 02:29:02 - epoch 0 | global step 1160 | mode train | loss 2.0825 | accuracy 10.9375 | mean_length 64
09-13-21 02:30:51 - epoch 0 | global step 1170 | mode train | loss 2.0719 | accuracy 15.9375 | mean_length 64
09-13-21 02:32:40 - epoch 0 | global step 1180 | mode train | loss 2.0814 | accuracy 10.3125 | mean_length 64
09-13-21 02:34:30 - epoch 0 | global step 1190 | mode train | loss 2.0816 | accuracy 13.4375 | mean_length 64
09-13-21 02:36:19 - epoch 0 | global step 1200 | mode train | loss 2.0794 | accuracy 12.1875 | mean_length 64
09-13-21 02:38:09 - epoch 0 | global step 1210 | mode train | loss 2.083 | accuracy 11.875 | mean_length 64
09-13-21 02:39:59 - epoch 0 | global step 1220 | mode train | loss 2.0891 | accuracy 9.6875 | mean_length 64
09-13-21 02:41:48 - epoch 0 | global step 1230 | mode train | loss 2.0767 | accuracy 12.5 | mean_length 64
09-13-21 02:43:37 - epoch 0 | global step 1240 | mode train | loss 2.0838 | accuracy 10.9375 | mean_length 64
09-13-21 02:45:27 - epoch 0 | global step 1250 | mode train | loss 2.0825 | accuracy 11.5625 | mean_length 64
09-13-21 02:47:16 - epoch 0 | global step 1260 | mode train | loss 2.0797 | accuracy 13.75 | mean_length 64
09-13-21 02:49:06 - epoch 0 | global step 1270 | mode train | loss 2.0748 | accuracy 15.3125 | mean_length 64
09-13-21 02:50:55 - epoch 0 | global step 1280 | mode train | loss 2.0743 | accuracy 11.875 | mean_length 64
09-13-21 02:52:45 - epoch 0 | global step 1290 | mode train | loss 2.0854 | accuracy 12.5 | mean_length 64
09-13-21 02:54:34 - epoch 0 | global step 1300 | mode train | loss 2.08 | accuracy 13.4375 | mean_length 64
09-13-21 02:56:23 - epoch 0 | global step 1310 | mode train | loss 2.0775 | accuracy 15.0 | mean_length 64
09-13-21 02:58:13 - epoch 0 | global step 1320 | mode train | loss 2.0776 | accuracy 14.0625 | mean_length 64
09-13-21 03:00:02 - epoch 0 | global step 1330 | mode train | loss 2.0807 | accuracy 13.125 | mean_length 64
09-13-21 03:01:52 - epoch 0 | global step 1340 | mode train | loss 2.0868 | accuracy 8.75 | mean_length 64
09-13-21 03:03:41 - epoch 0 | global step 1350 | mode train | loss 2.0793 | accuracy 15.9375 | mean_length 64
09-13-21 03:05:31 - epoch 0 | global step 1360 | mode train | loss 2.0858 | accuracy 11.25 | mean_length 64
09-13-21 03:07:21 - epoch 0 | global step 1370 | mode train | loss 2.0847 | accuracy 12.1875 | mean_length 64
09-13-21 03:09:10 - epoch 0 | global step 1380 | mode train | loss 2.0796 | accuracy 12.8125 | mean_length 64
09-13-21 03:10:59 - epoch 0 | global step 1390 | mode train | loss 2.0808 | accuracy 10.9375 | mean_length 64
09-13-21 03:12:49 - epoch 0 | global step 1400 | mode train | loss 2.0796 | accuracy 13.125 | mean_length 64
09-13-21 03:14:38 - epoch 0 | global step 1410 | mode train | loss 2.0861 | accuracy 12.8125 | mean_length 64
09-13-21 03:16:28 - epoch 0 | global step 1420 | mode train | loss 2.0798 | accuracy 13.125 | mean_length 64
09-13-21 03:18:17 - epoch 0 | global step 1430 | mode train | loss 2.0815 | accuracy 14.0625 | mean_length 64
09-13-21 03:20:06 - epoch 0 | global step 1440 | mode train | loss 2.0794 | accuracy 12.1875 | mean_length 64
09-13-21 03:21:56 - epoch 0 | global step 1450 | mode train | loss 2.0823 | accuracy 9.0625 | mean_length 64
09-13-21 03:23:46 - epoch 0 | global step 1460 | mode train | loss 2.0889 | accuracy 10.0 | mean_length 64
09-13-21 03:25:35 - epoch 0 | global step 1470 | mode train | loss 2.0773 | accuracy 13.125 | mean_length 64
09-13-21 03:27:25 - epoch 0 | global step 1480 | mode train | loss 2.0832 | accuracy 12.8125 | mean_length 64
09-13-21 03:29:14 - epoch 0 | global step 1490 | mode train | loss 2.0843 | accuracy 10.625 | mean_length 64
09-13-21 03:31:03 - epoch 0 | global step 1500 | mode train | loss 2.0822 | accuracy 9.6875 | mean_length 64
09-13-21 03:32:53 - epoch 0 | global step 1510 | mode train | loss 2.0767 | accuracy 12.8125 | mean_length 64
09-13-21 03:34:42 - epoch 0 | global step 1520 | mode train | loss 2.0836 | accuracy 11.875 | mean_length 64
09-13-21 03:36:32 - epoch 0 | global step 1530 | mode train | loss 2.0779 | accuracy 12.8125 | mean_length 64
09-13-21 03:47:23 - epoch 0 | global step 1536 | mode validation | loss 2.0802 | accuracy 11.98 | mean_length 64
09-13-21 03:47:23 - Saving model to Output/accGrad4_mbart_BTen+zh_lr1.0e-5_7distractors_maxstep8192_seed43
Epoch: 0, Prediction Accuracy: 11.98, Saved to Path: Output/accGrad4_mbart_BTen+zh_lr1.0e-5_7distractors_maxstep8192_seed43
09-13-21 03:48:17 - epoch 0 | global step 1540 | mode train | loss 2.083 | accuracy 12.8125 | mean_length 64
09-13-21 03:50:06 - epoch 0 | global step 1550 | mode train | loss 2.0835 | accuracy 11.875 | mean_length 64
09-13-21 03:51:56 - epoch 0 | global step 1560 | mode train | loss 2.0826 | accuracy 10.3125 | mean_length 64
09-13-21 03:53:45 - epoch 0 | global step 1570 | mode train | loss 2.0789 | accuracy 13.4375 | mean_length 64
09-13-21 03:55:34 - epoch 0 | global step 1580 | mode train | loss 2.081 | accuracy 11.25 | mean_length 64
09-13-21 03:57:24 - epoch 0 | global step 1590 | mode train | loss 2.0815 | accuracy 12.1875 | mean_length 64
09-13-21 03:59:13 - epoch 0 | global step 1600 | mode train | loss 2.0806 | accuracy 13.75 | mean_length 64
09-13-21 04:01:03 - epoch 0 | global step 1610 | mode train | loss 2.0796 | accuracy 13.4375 | mean_length 64
09-13-21 04:02:52 - epoch 0 | global step 1620 | mode train | loss 2.0786 | accuracy 15.3125 | mean_length 64
09-13-21 04:04:42 - epoch 0 | global step 1630 | mode train | loss 2.08 | accuracy 13.125 | mean_length 64
09-13-21 04:06:31 - epoch 0 | global step 1640 | mode train | loss 2.0788 | accuracy 12.5 | mean_length 64
09-13-21 04:08:20 - epoch 0 | global step 1650 | mode train | loss 2.0782 | accuracy 14.375 | mean_length 64
09-13-21 04:10:10 - epoch 0 | global step 1660 | mode train | loss 2.0802 | accuracy 10.9375 | mean_length 64
09-13-21 04:12:00 - epoch 0 | global step 1670 | mode train | loss 2.0784 | accuracy 11.5625 | mean_length 64
09-13-21 04:13:49 - epoch 0 | global step 1680 | mode train | loss 2.0826 | accuracy 12.1875 | mean_length 64
09-13-21 04:15:39 - epoch 0 | global step 1690 | mode train | loss 2.0821 | accuracy 9.375 | mean_length 64
09-13-21 04:17:28 - epoch 0 | global step 1700 | mode train | loss 2.0822 | accuracy 13.75 | mean_length 64
09-13-21 04:19:17 - epoch 0 | global step 1710 | mode train | loss 2.0789 | accuracy 11.25 | mean_length 64
09-13-21 04:21:07 - epoch 0 | global step 1720 | mode train | loss 2.0821 | accuracy 13.125 | mean_length 64
09-13-21 04:22:56 - epoch 0 | global step 1730 | mode train | loss 2.0821 | accuracy 9.6875 | mean_length 64
09-13-21 04:24:45 - epoch 0 | global step 1740 | mode train | loss 2.079 | accuracy 14.0625 | mean_length 64
09-13-21 04:26:34 - epoch 0 | global step 1750 | mode train | loss 2.0782 | accuracy 12.8125 | mean_length 64
09-13-21 04:28:23 - epoch 0 | global step 1760 | mode train | loss 2.0784 | accuracy 12.5 | mean_length 64
09-13-21 04:30:12 - epoch 0 | global step 1770 | mode train | loss 2.0809 | accuracy 8.75 | mean_length 64
09-13-21 04:32:01 - epoch 0 | global step 1780 | mode train | loss 2.0867 | accuracy 8.4375 | mean_length 64
09-13-21 04:33:51 - epoch 0 | global step 1790 | mode train | loss 2.0821 | accuracy 11.25 | mean_length 64
09-13-21 04:35:40 - epoch 0 | global step 1800 | mode train | loss 2.0815 | accuracy 14.0625 | mean_length 64
09-13-21 04:37:29 - epoch 0 | global step 1810 | mode train | loss 2.0819 | accuracy 10.625 | mean_length 64
09-13-21 04:39:18 - epoch 0 | global step 1820 | mode train | loss 2.0808 | accuracy 15.3125 | mean_length 64
09-13-21 04:41:08 - epoch 0 | global step 1830 | mode train | loss 2.0766 | accuracy 14.0625 | mean_length 64
09-13-21 04:42:57 - epoch 0 | global step 1840 | mode train | loss 2.0794 | accuracy 16.25 | mean_length 64
09-13-21 04:44:46 - epoch 0 | global step 1850 | mode train | loss 2.0795 | accuracy 10.625 | mean_length 64
09-13-21 04:46:35 - epoch 0 | global step 1860 | mode train | loss 2.0839 | accuracy 11.25 | mean_length 64
09-13-21 04:48:24 - epoch 0 | global step 1870 | mode train | loss 2.0832 | accuracy 10.3125 | mean_length 64
09-13-21 04:50:14 - epoch 0 | global step 1880 | mode train | loss 2.0791 | accuracy 12.1875 | mean_length 64
09-13-21 04:52:03 - epoch 0 | global step 1890 | mode train | loss 2.0795 | accuracy 11.25 | mean_length 64
09-13-21 04:53:53 - epoch 0 | global step 1900 | mode train | loss 2.0809 | accuracy 17.1875 | mean_length 64
09-13-21 04:55:42 - epoch 0 | global step 1910 | mode train | loss 2.0801 | accuracy 13.75 | mean_length 64
09-13-21 04:57:32 - epoch 0 | global step 1920 | mode train | loss 2.0819 | accuracy 13.75 | mean_length 64
09-13-21 04:59:21 - epoch 0 | global step 1930 | mode train | loss 2.08 | accuracy 13.125 | mean_length 64
09-13-21 05:01:10 - epoch 0 | global step 1940 | mode train | loss 2.0769 | accuracy 12.1875 | mean_length 64
09-13-21 05:02:59 - epoch 0 | global step 1950 | mode train | loss 2.0832 | accuracy 9.375 | mean_length 64
09-13-21 05:04:48 - epoch 0 | global step 1960 | mode train | loss 2.0809 | accuracy 11.5625 | mean_length 64
09-13-21 05:06:37 - epoch 0 | global step 1970 | mode train | loss 2.0774 | accuracy 13.75 | mean_length 64
09-13-21 05:08:27 - epoch 0 | global step 1980 | mode train | loss 2.0815 | accuracy 15.0 | mean_length 64
09-13-21 05:10:16 - epoch 0 | global step 1990 | mode train | loss 2.0756 | accuracy 15.3125 | mean_length 64
09-13-21 05:12:05 - epoch 0 | global step 2000 | mode train | loss 2.0804 | accuracy 10.9375 | mean_length 64
09-13-21 05:13:54 - epoch 0 | global step 2010 | mode train | loss 2.0785 | accuracy 11.25 | mean_length 64
09-13-21 05:15:44 - epoch 0 | global step 2020 | mode train | loss 2.082 | accuracy 12.8125 | mean_length 64
09-13-21 05:17:33 - epoch 0 | global step 2030 | mode train | loss 2.0831 | accuracy 11.5625 | mean_length 64
09-13-21 05:19:22 - epoch 0 | global step 2040 | mode train | loss 2.0818 | accuracy 11.875 | mean_length 64
09-13-21 05:30:33 - epoch 0 | global step 2048 | mode validation | loss 2.0801 | accuracy 12.42 | mean_length 64
09-13-21 05:30:33 - Saving model to Output/accGrad4_mbart_BTen+zh_lr1.0e-5_7distractors_maxstep8192_seed43
Epoch: 0, Prediction Accuracy: 12.42, Saved to Path: Output/accGrad4_mbart_BTen+zh_lr1.0e-5_7distractors_maxstep8192_seed43
09-13-21 05:31:05 - epoch 0 | global step 2050 | mode train | loss 2.0807 | accuracy 13.125 | mean_length 64
09-13-21 05:32:54 - epoch 0 | global step 2060 | mode train | loss 2.0781 | accuracy 14.375 | mean_length 64
09-13-21 05:34:44 - epoch 0 | global step 2070 | mode train | loss 2.0816 | accuracy 9.6875 | mean_length 64
09-13-21 05:36:33 - epoch 0 | global step 2080 | mode train | loss 2.082 | accuracy 12.5 | mean_length 64
09-13-21 05:38:22 - epoch 0 | global step 2090 | mode train | loss 2.0771 | accuracy 13.4375 | mean_length 64
09-13-21 05:40:12 - epoch 0 | global step 2100 | mode train | loss 2.0824 | accuracy 13.75 | mean_length 64
09-13-21 05:42:01 - epoch 0 | global step 2110 | mode train | loss 2.0789 | accuracy 11.5625 | mean_length 64
09-13-21 05:43:51 - epoch 0 | global step 2120 | mode train | loss 2.0799 | accuracy 10.0 | mean_length 64
09-13-21 05:45:40 - epoch 0 | global step 2130 | mode train | loss 2.0804 | accuracy 12.8125 | mean_length 64
09-13-21 05:47:29 - epoch 0 | global step 2140 | mode train | loss 2.081 | accuracy 12.5 | mean_length 64
09-13-21 05:49:18 - epoch 0 | global step 2150 | mode train | loss 2.0822 | accuracy 11.5625 | mean_length 64
09-13-21 05:51:07 - epoch 0 | global step 2160 | mode train | loss 2.0826 | accuracy 12.8125 | mean_length 64
09-13-21 05:52:57 - epoch 0 | global step 2170 | mode train | loss 2.0789 | accuracy 12.1875 | mean_length 64
09-13-21 05:54:46 - epoch 0 | global step 2180 | mode train | loss 2.0815 | accuracy 10.625 | mean_length 64
09-13-21 05:56:35 - epoch 0 | global step 2190 | mode train | loss 2.0818 | accuracy 10.3125 | mean_length 64
09-13-21 05:58:24 - epoch 0 | global step 2200 | mode train | loss 2.0811 | accuracy 10.0 | mean_length 64
09-13-21 06:00:13 - epoch 0 | global step 2210 | mode train | loss 2.0838 | accuracy 10.9375 | mean_length 64
09-13-21 06:02:03 - epoch 0 | global step 2220 | mode train | loss 2.0825 | accuracy 8.125 | mean_length 64
09-13-21 06:03:52 - epoch 0 | global step 2230 | mode train | loss 2.0817 | accuracy 12.1875 | mean_length 64
09-13-21 06:05:42 - epoch 0 | global step 2240 | mode train | loss 2.0803 | accuracy 10.625 | mean_length 64
09-13-21 06:07:31 - epoch 0 | global step 2250 | mode train | loss 2.0798 | accuracy 15.0 | mean_length 64
09-13-21 06:09:21 - epoch 0 | global step 2260 | mode train | loss 2.0813 | accuracy 10.9375 | mean_length 64
09-13-21 06:11:10 - epoch 0 | global step 2270 | mode train | loss 2.0805 | accuracy 11.25 | mean_length 64
09-13-21 06:13:00 - epoch 0 | global step 2280 | mode train | loss 2.0801 | accuracy 8.4375 | mean_length 64
09-13-21 06:14:49 - epoch 0 | global step 2290 | mode train | loss 2.0804 | accuracy 13.75 | mean_length 64
09-13-21 06:16:39 - epoch 0 | global step 2300 | mode train | loss 2.0769 | accuracy 14.375 | mean_length 64
09-13-21 06:18:28 - epoch 0 | global step 2310 | mode train | loss 2.0791 | accuracy 13.125 | mean_length 64
09-13-21 06:20:17 - epoch 0 | global step 2320 | mode train | loss 2.0782 | accuracy 15.9375 | mean_length 64
09-13-21 06:22:07 - epoch 0 | global step 2330 | mode train | loss 2.0837 | accuracy 10.625 | mean_length 64
09-13-21 06:23:56 - epoch 0 | global step 2340 | mode train | loss 2.0816 | accuracy 11.25 | mean_length 64
09-13-21 06:25:46 - epoch 0 | global step 2350 | mode train | loss 2.082 | accuracy 13.125 | mean_length 64
09-13-21 06:27:35 - epoch 0 | global step 2360 | mode train | loss 2.0815 | accuracy 11.5625 | mean_length 64
09-13-21 06:29:25 - epoch 0 | global step 2370 | mode train | loss 2.0813 | accuracy 11.25 | mean_length 64
09-13-21 06:31:14 - epoch 0 | global step 2380 | mode train | loss 2.0811 | accuracy 13.4375 | mean_length 64
09-13-21 06:33:03 - epoch 0 | global step 2390 | mode train | loss 2.0821 | accuracy 12.5 | mean_length 64
09-13-21 06:34:52 - epoch 0 | global step 2400 | mode train | loss 2.0778 | accuracy 13.4375 | mean_length 64
09-13-21 06:36:41 - epoch 0 | global step 2410 | mode train | loss 2.077 | accuracy 11.875 | mean_length 64
09-13-21 06:38:30 - epoch 0 | global step 2420 | mode train | loss 2.0796 | accuracy 11.25 | mean_length 64
09-13-21 06:40:20 - epoch 0 | global step 2430 | mode train | loss 2.0792 | accuracy 10.3125 | mean_length 64
09-13-21 06:42:10 - epoch 0 | global step 2440 | mode train | loss 2.077 | accuracy 12.8125 | mean_length 64
09-13-21 06:43:59 - epoch 0 | global step 2450 | mode train | loss 2.0785 | accuracy 12.5 | mean_length 64
09-13-21 06:45:48 - epoch 0 | global step 2460 | mode train | loss 2.0819 | accuracy 10.9375 | mean_length 64
09-13-21 06:47:37 - epoch 0 | global step 2470 | mode train | loss 2.0796 | accuracy 14.0625 | mean_length 64
09-13-21 06:49:26 - epoch 0 | global step 2480 | mode train | loss 2.0801 | accuracy 11.5625 | mean_length 64
09-13-21 06:51:15 - epoch 0 | global step 2490 | mode train | loss 2.08 | accuracy 11.5625 | mean_length 64
09-13-21 06:53:04 - epoch 0 | global step 2500 | mode train | loss 2.0785 | accuracy 13.125 | mean_length 64
09-13-21 06:54:54 - epoch 0 | global step 2510 | mode train | loss 2.0782 | accuracy 12.1875 | mean_length 64
09-13-21 06:56:43 - epoch 0 | global step 2520 | mode train | loss 2.0811 | accuracy 13.75 | mean_length 64
09-13-21 06:58:32 - epoch 0 | global step 2530 | mode train | loss 2.0816 | accuracy 10.9375 | mean_length 64
09-13-21 07:00:21 - epoch 0 | global step 2540 | mode train | loss 2.0826 | accuracy 12.8125 | mean_length 64
09-13-21 07:02:10 - epoch 0 | global step 2550 | mode train | loss 2.0785 | accuracy 14.375 | mean_length 64
09-13-21 07:03:59 - epoch 0 | global step 2560 | mode train | loss 2.077 | accuracy 13.75 | mean_length 64
09-13-21 07:13:44 - epoch 0 | global step 2560 | mode validation | loss 2.0798 | accuracy 12.44 | mean_length 64
09-13-21 07:13:44 - Saving model to Output/accGrad4_mbart_BTen+zh_lr1.0e-5_7distractors_maxstep8192_seed43
Epoch: 0, Prediction Accuracy: 12.44, Saved to Path: Output/accGrad4_mbart_BTen+zh_lr1.0e-5_7distractors_maxstep8192_seed43
09-13-21 07:15:43 - epoch 0 | global step 2570 | mode train | loss 2.0804 | accuracy 15.0 | mean_length 64
09-13-21 07:17:32 - epoch 0 | global step 2580 | mode train | loss 2.0791 | accuracy 13.125 | mean_length 64
09-13-21 07:19:22 - epoch 0 | global step 2590 | mode train | loss 2.0817 | accuracy 9.0625 | mean_length 64
09-13-21 07:21:11 - epoch 0 | global step 2600 | mode train | loss 2.0804 | accuracy 10.9375 | mean_length 64
09-13-21 07:23:01 - epoch 0 | global step 2610 | mode train | loss 2.0768 | accuracy 14.375 | mean_length 64
09-13-21 07:24:50 - epoch 0 | global step 2620 | mode train | loss 2.0821 | accuracy 11.5625 | mean_length 64
09-13-21 07:26:40 - epoch 0 | global step 2630 | mode train | loss 2.0794 | accuracy 10.3125 | mean_length 64
09-13-21 07:28:29 - epoch 0 | global step 2640 | mode train | loss 2.0839 | accuracy 10.0 | mean_length 64
09-13-21 07:30:18 - epoch 0 | global step 2650 | mode train | loss 2.0813 | accuracy 9.6875 | mean_length 64
09-13-21 07:32:07 - epoch 0 | global step 2660 | mode train | loss 2.0827 | accuracy 11.5625 | mean_length 64
09-13-21 07:33:57 - epoch 0 | global step 2670 | mode train | loss 2.0822 | accuracy 10.9375 | mean_length 64
09-13-21 07:35:46 - epoch 0 | global step 2680 | mode train | loss 2.0772 | accuracy 15.3125 | mean_length 64
09-13-21 07:37:36 - epoch 0 | global step 2690 | mode train | loss 2.0795 | accuracy 14.375 | mean_length 64
09-13-21 07:39:25 - epoch 0 | global step 2700 | mode train | loss 2.0835 | accuracy 10.3125 | mean_length 64
09-13-21 07:41:14 - epoch 0 | global step 2710 | mode train | loss 2.0795 | accuracy 15.625 | mean_length 64
09-13-21 07:43:04 - epoch 0 | global step 2720 | mode train | loss 2.079 | accuracy 12.5 | mean_length 64
09-13-21 07:44:53 - epoch 0 | global step 2730 | mode train | loss 2.0776 | accuracy 14.375 | mean_length 64
09-13-21 07:46:43 - epoch 0 | global step 2740 | mode train | loss 2.082 | accuracy 11.875 | mean_length 64
09-13-21 07:48:32 - epoch 0 | global step 2750 | mode train | loss 2.0796 | accuracy 11.875 | mean_length 64
09-13-21 07:50:21 - epoch 0 | global step 2760 | mode train | loss 2.0822 | accuracy 9.6875 | mean_length 64
09-13-21 07:52:11 - epoch 0 | global step 2770 | mode train | loss 2.0799 | accuracy 9.375 | mean_length 64
09-13-21 07:54:00 - epoch 0 | global step 2780 | mode train | loss 2.0818 | accuracy 10.3125 | mean_length 64
09-13-21 07:55:50 - epoch 0 | global step 2790 | mode train | loss 2.0801 | accuracy 13.4375 | mean_length 64
09-13-21 07:57:39 - epoch 0 | global step 2800 | mode train | loss 2.0809 | accuracy 11.875 | mean_length 64
09-13-21 07:59:28 - epoch 0 | global step 2810 | mode train | loss 2.0822 | accuracy 10.9375 | mean_length 64
09-13-21 08:01:18 - epoch 0 | global step 2820 | mode train | loss 2.0797 | accuracy 11.5625 | mean_length 64
09-13-21 08:03:07 - epoch 0 | global step 2830 | mode train | loss 2.0802 | accuracy 14.375 | mean_length 64
09-13-21 08:04:56 - epoch 0 | global step 2840 | mode train | loss 2.0836 | accuracy 12.8125 | mean_length 64
09-13-21 08:06:46 - epoch 0 | global step 2850 | mode train | loss 2.0808 | accuracy 12.5 | mean_length 64
09-13-21 08:08:35 - epoch 0 | global step 2860 | mode train | loss 2.0781 | accuracy 12.8125 | mean_length 64
09-13-21 08:10:24 - epoch 0 | global step 2870 | mode train | loss 2.0828 | accuracy 8.75 | mean_length 64
09-13-21 08:12:14 - epoch 0 | global step 2880 | mode train | loss 2.079 | accuracy 10.9375 | mean_length 64
09-13-21 08:14:03 - epoch 0 | global step 2890 | mode train | loss 2.0789 | accuracy 17.5 | mean_length 64
09-13-21 08:15:52 - epoch 0 | global step 2900 | mode train | loss 2.0808 | accuracy 11.5625 | mean_length 64
09-13-21 08:17:42 - epoch 0 | global step 2910 | mode train | loss 2.0784 | accuracy 10.625 | mean_length 64
09-13-21 08:19:31 - epoch 0 | global step 2920 | mode train | loss 2.0807 | accuracy 13.4375 | mean_length 64
09-13-21 08:21:20 - epoch 0 | global step 2930 | mode train | loss 2.0817 | accuracy 10.625 | mean_length 64
09-13-21 08:23:10 - epoch 0 | global step 2940 | mode train | loss 2.0791 | accuracy 12.1875 | mean_length 64
09-13-21 08:24:59 - epoch 0 | global step 2950 | mode train | loss 2.0798 | accuracy 10.625 | mean_length 64
09-13-21 08:26:48 - epoch 0 | global step 2960 | mode train | loss 2.079 | accuracy 12.1875 | mean_length 64
09-13-21 08:28:37 - epoch 0 | global step 2970 | mode train | loss 2.0804 | accuracy 11.875 | mean_length 64
09-13-21 08:30:27 - epoch 0 | global step 2980 | mode train | loss 2.0772 | accuracy 15.0 | mean_length 64
09-13-21 08:32:16 - epoch 0 | global step 2990 | mode train | loss 2.0796 | accuracy 11.5625 | mean_length 64
09-13-21 08:34:06 - epoch 0 | global step 3000 | mode train | loss 2.0809 | accuracy 10.9375 | mean_length 64
09-13-21 08:35:56 - epoch 0 | global step 3010 | mode train | loss 2.08 | accuracy 8.75 | mean_length 64
09-13-21 08:37:46 - epoch 0 | global step 3020 | mode train | loss 2.0789 | accuracy 9.375 | mean_length 64
09-13-21 08:39:35 - epoch 0 | global step 3030 | mode train | loss 2.0783 | accuracy 12.1875 | mean_length 64
09-13-21 08:41:25 - epoch 0 | global step 3040 | mode train | loss 2.0829 | accuracy 11.5625 | mean_length 64
09-13-21 08:43:15 - epoch 0 | global step 3050 | mode train | loss 2.0791 | accuracy 13.75 | mean_length 64
09-13-21 08:45:04 - epoch 0 | global step 3060 | mode train | loss 2.0784 | accuracy 15.0 | mean_length 64
09-13-21 08:46:53 - epoch 0 | global step 3070 | mode train | loss 2.0804 | accuracy 10.3125 | mean_length 64
09-13-21 08:57:03 - epoch 0 | global step 3072 | mode validation | loss 2.0797 | accuracy 12.52 | mean_length 64
09-13-21 08:57:03 - Saving model to Output/accGrad4_mbart_BTen+zh_lr1.0e-5_7distractors_maxstep8192_seed43
Epoch: 0, Prediction Accuracy: 12.52, Saved to Path: Output/accGrad4_mbart_BTen+zh_lr1.0e-5_7distractors_maxstep8192_seed43
09-13-21 08:58:40 - epoch 0 | global step 3080 | mode train | loss 2.081 | accuracy 13.125 | mean_length 64
09-13-21 09:00:29 - epoch 0 | global step 3090 | mode train | loss 2.0792 | accuracy 12.8125 | mean_length 64
09-13-21 09:02:19 - epoch 0 | global step 3100 | mode train | loss 2.0798 | accuracy 11.875 | mean_length 64
09-13-21 09:04:09 - epoch 0 | global step 3110 | mode train | loss 2.0803 | accuracy 11.5625 | mean_length 64
09-13-21 09:05:58 - epoch 0 | global step 3120 | mode train | loss 2.0784 | accuracy 15.625 | mean_length 64
09-13-21 09:07:48 - epoch 0 | global step 3130 | mode train | loss 2.081 | accuracy 12.8125 | mean_length 64
09-13-21 09:09:37 - epoch 0 | global step 3140 | mode train | loss 2.0806 | accuracy 11.875 | mean_length 64
09-13-21 09:11:27 - epoch 0 | global step 3150 | mode train | loss 2.0785 | accuracy 13.4375 | mean_length 64
09-13-21 09:13:16 - epoch 0 | global step 3160 | mode train | loss 2.0814 | accuracy 11.5625 | mean_length 64
09-13-21 09:15:06 - epoch 0 | global step 3170 | mode train | loss 2.0811 | accuracy 9.375 | mean_length 64
09-13-21 09:16:56 - epoch 0 | global step 3180 | mode train | loss 2.0786 | accuracy 14.0625 | mean_length 64
09-13-21 09:18:46 - epoch 0 | global step 3190 | mode train | loss 2.0784 | accuracy 13.125 | mean_length 64
09-13-21 09:20:35 - epoch 0 | global step 3200 | mode train | loss 2.0818 | accuracy 10.0 | mean_length 64
09-13-21 09:22:25 - epoch 0 | global step 3210 | mode train | loss 2.0792 | accuracy 13.125 | mean_length 64
09-13-21 09:24:15 - epoch 0 | global step 3220 | mode train | loss 2.0804 | accuracy 8.75 | mean_length 64
09-13-21 09:26:05 - epoch 1 | global step 3230 | mode train | loss 2.0795 | accuracy 12.1875 | mean_length 64
09-13-21 09:27:54 - epoch 1 | global step 3240 | mode train | loss 2.0783 | accuracy 14.6875 | mean_length 64
09-13-21 09:29:44 - epoch 1 | global step 3250 | mode train | loss 2.0793 | accuracy 11.875 | mean_length 64
09-13-21 09:31:34 - epoch 1 | global step 3260 | mode train | loss 2.0777 | accuracy 13.75 | mean_length 64
09-13-21 09:33:23 - epoch 1 | global step 3270 | mode train | loss 2.0785 | accuracy 15.3125 | mean_length 64
09-13-21 09:35:13 - epoch 1 | global step 3280 | mode train | loss 2.079 | accuracy 11.875 | mean_length 64
09-13-21 09:37:02 - epoch 1 | global step 3290 | mode train | loss 2.0799 | accuracy 12.8125 | mean_length 64
09-13-21 09:38:52 - epoch 1 | global step 3300 | mode train | loss 2.0817 | accuracy 9.6875 | mean_length 64
09-13-21 09:40:41 - epoch 1 | global step 3310 | mode train | loss 2.0776 | accuracy 13.75 | mean_length 64
09-13-21 09:42:30 - epoch 1 | global step 3320 | mode train | loss 2.0794 | accuracy 11.25 | mean_length 64
09-13-21 09:44:20 - epoch 1 | global step 3330 | mode train | loss 2.0799 | accuracy 13.75 | mean_length 64
09-13-21 09:46:10 - epoch 1 | global step 3340 | mode train | loss 2.0789 | accuracy 11.875 | mean_length 64
09-13-21 09:47:59 - epoch 1 | global step 3350 | mode train | loss 2.0787 | accuracy 12.1875 | mean_length 64
09-13-21 09:49:48 - epoch 1 | global step 3360 | mode train | loss 2.0774 | accuracy 14.6875 | mean_length 64
09-13-21 09:51:38 - epoch 1 | global step 3370 | mode train | loss 2.0815 | accuracy 11.25 | mean_length 64
09-13-21 09:53:27 - epoch 1 | global step 3380 | mode train | loss 2.0814 | accuracy 10.625 | mean_length 64
09-13-21 09:55:17 - epoch 1 | global step 3390 | mode train | loss 2.0813 | accuracy 8.75 | mean_length 64
09-13-21 09:57:06 - epoch 1 | global step 3400 | mode train | loss 2.0807 | accuracy 13.4375 | mean_length 64
09-13-21 09:58:55 - epoch 1 | global step 3410 | mode train | loss 2.0821 | accuracy 13.125 | mean_length 64
09-13-21 10:00:45 - epoch 1 | global step 3420 | mode train | loss 2.0813 | accuracy 10.3125 | mean_length 64
09-13-21 10:02:34 - epoch 1 | global step 3430 | mode train | loss 2.0847 | accuracy 8.75 | mean_length 64
09-13-21 10:04:23 - epoch 1 | global step 3440 | mode train | loss 2.0771 | accuracy 13.125 | mean_length 64
09-13-21 10:06:13 - epoch 1 | global step 3450 | mode train | loss 2.079 | accuracy 11.875 | mean_length 64
09-13-21 10:08:02 - epoch 1 | global step 3460 | mode train | loss 2.0792 | accuracy 12.8125 | mean_length 64
09-13-21 10:09:52 - epoch 1 | global step 3470 | mode train | loss 2.08 | accuracy 11.25 | mean_length 64
09-13-21 10:11:42 - epoch 1 | global step 3480 | mode train | loss 2.0796 | accuracy 13.4375 | mean_length 64
09-13-21 10:13:31 - epoch 1 | global step 3490 | mode train | loss 2.0789 | accuracy 11.875 | mean_length 64
09-13-21 10:15:21 - epoch 1 | global step 3500 | mode train | loss 2.0829 | accuracy 10.3125 | mean_length 64
09-13-21 10:17:10 - epoch 1 | global step 3510 | mode train | loss 2.0803 | accuracy 11.875 | mean_length 64
09-13-21 10:18:59 - epoch 1 | global step 3520 | mode train | loss 2.0811 | accuracy 10.9375 | mean_length 64
09-13-21 10:20:49 - epoch 1 | global step 3530 | mode train | loss 2.0799 | accuracy 12.1875 | mean_length 64
09-13-21 10:22:38 - epoch 1 | global step 3540 | mode train | loss 2.0785 | accuracy 12.8125 | mean_length 64
09-13-21 10:24:27 - epoch 1 | global step 3550 | mode train | loss 2.0815 | accuracy 9.0625 | mean_length 64
09-13-21 10:26:16 - epoch 1 | global step 3560 | mode train | loss 2.0801 | accuracy 14.375 | mean_length 64
09-13-21 10:28:05 - epoch 1 | global step 3570 | mode train | loss 2.0804 | accuracy 11.5625 | mean_length 64
09-13-21 10:29:55 - epoch 1 | global step 3580 | mode train | loss 2.0796 | accuracy 11.5625 | mean_length 64
09-13-21 10:40:23 - epoch 1 | global step 3584 | mode validation | loss 2.0798 | accuracy 12.52 | mean_length 64
09-13-21 10:41:29 - epoch 1 | global step 3590 | mode train | loss 2.0783 | accuracy 14.375 | mean_length 64
09-13-21 10:43:18 - epoch 1 | global step 3600 | mode train | loss 2.0777 | accuracy 14.375 | mean_length 64
09-13-21 10:45:08 - epoch 1 | global step 3610 | mode train | loss 2.0791 | accuracy 10.625 | mean_length 64
09-13-21 10:46:57 - epoch 1 | global step 3620 | mode train | loss 2.0805 | accuracy 9.6875 | mean_length 64
09-13-21 10:48:46 - epoch 1 | global step 3630 | mode train | loss 2.0792 | accuracy 14.0625 | mean_length 64
09-13-21 10:50:36 - epoch 1 | global step 3640 | mode train | loss 2.0792 | accuracy 10.3125 | mean_length 64
09-13-21 10:52:25 - epoch 1 | global step 3650 | mode train | loss 2.0822 | accuracy 10.9375 | mean_length 64
09-13-21 10:54:14 - epoch 1 | global step 3660 | mode train | loss 2.0822 | accuracy 10.0 | mean_length 64
09-13-21 10:56:03 - epoch 1 | global step 3670 | mode train | loss 2.0812 | accuracy 11.25 | mean_length 64
09-13-21 10:57:53 - epoch 1 | global step 3680 | mode train | loss 2.0788 | accuracy 13.4375 | mean_length 64
09-13-21 10:59:42 - epoch 1 | global step 3690 | mode train | loss 2.0783 | accuracy 16.5625 | mean_length 64
09-13-21 11:01:32 - epoch 1 | global step 3700 | mode train | loss 2.0801 | accuracy 10.9375 | mean_length 64
09-13-21 11:03:21 - epoch 1 | global step 3710 | mode train | loss 2.0795 | accuracy 12.1875 | mean_length 64
09-13-21 11:05:11 - epoch 1 | global step 3720 | mode train | loss 2.0776 | accuracy 15.3125 | mean_length 64
09-13-21 11:07:01 - epoch 1 | global step 3730 | mode train | loss 2.0801 | accuracy 11.5625 | mean_length 64
09-13-21 11:08:51 - epoch 1 | global step 3740 | mode train | loss 2.0797 | accuracy 13.125 | mean_length 64
09-13-21 11:10:41 - epoch 1 | global step 3750 | mode train | loss 2.0808 | accuracy 11.25 | mean_length 64
09-13-21 11:12:30 - epoch 1 | global step 3760 | mode train | loss 2.0809 | accuracy 13.4375 | mean_length 64
09-13-21 11:14:20 - epoch 1 | global step 3770 | mode train | loss 2.0801 | accuracy 15.0 | mean_length 64
09-13-21 11:16:09 - epoch 1 | global step 3780 | mode train | loss 2.0805 | accuracy 10.9375 | mean_length 64
09-13-21 11:17:59 - epoch 1 | global step 3790 | mode train | loss 2.0793 | accuracy 13.75 | mean_length 64
09-13-21 11:19:49 - epoch 1 | global step 3800 | mode train | loss 2.0816 | accuracy 12.8125 | mean_length 64
09-13-21 11:21:38 - epoch 1 | global step 3810 | mode train | loss 2.0794 | accuracy 12.5 | mean_length 64
09-13-21 11:23:28 - epoch 1 | global step 3820 | mode train | loss 2.0806 | accuracy 11.5625 | mean_length 64
09-13-21 11:25:18 - epoch 1 | global step 3830 | mode train | loss 2.0813 | accuracy 12.8125 | mean_length 64
09-13-21 11:27:07 - epoch 1 | global step 3840 | mode train | loss 2.0806 | accuracy 10.3125 | mean_length 64
09-13-21 11:28:57 - epoch 1 | global step 3850 | mode train | loss 2.0802 | accuracy 11.25 | mean_length 64
09-13-21 11:30:47 - epoch 1 | global step 3860 | mode train | loss 2.0792 | accuracy 14.0625 | mean_length 64
09-13-21 11:32:37 - epoch 1 | global step 3870 | mode train | loss 2.0783 | accuracy 14.0625 | mean_length 64
09-13-21 11:34:26 - epoch 1 | global step 3880 | mode train | loss 2.081 | accuracy 9.0625 | mean_length 64
09-13-21 11:36:16 - epoch 1 | global step 3890 | mode train | loss 2.0797 | accuracy 12.8125 | mean_length 64
09-13-21 11:38:06 - epoch 1 | global step 3900 | mode train | loss 2.0806 | accuracy 11.5625 | mean_length 64
09-13-21 11:39:55 - epoch 1 | global step 3910 | mode train | loss 2.0811 | accuracy 10.9375 | mean_length 64
09-13-21 11:41:45 - epoch 1 | global step 3920 | mode train | loss 2.0782 | accuracy 15.0 | mean_length 64
09-13-21 11:43:35 - epoch 1 | global step 3930 | mode train | loss 2.08 | accuracy 14.0625 | mean_length 64
09-13-21 11:45:25 - epoch 1 | global step 3940 | mode train | loss 2.0815 | accuracy 10.3125 | mean_length 64
09-13-21 11:47:15 - epoch 1 | global step 3950 | mode train | loss 2.08 | accuracy 9.6875 | mean_length 64
09-13-21 11:49:05 - epoch 1 | global step 3960 | mode train | loss 2.0792 | accuracy 10.3125 | mean_length 64
09-13-21 11:50:54 - epoch 1 | global step 3970 | mode train | loss 2.0808 | accuracy 12.5 | mean_length 64
09-13-21 11:52:43 - epoch 1 | global step 3980 | mode train | loss 2.0808 | accuracy 12.5 | mean_length 64
09-13-21 11:54:33 - epoch 1 | global step 3990 | mode train | loss 2.0798 | accuracy 14.0625 | mean_length 64
09-13-21 11:56:22 - epoch 1 | global step 4000 | mode train | loss 2.0777 | accuracy 12.1875 | mean_length 64
09-13-21 11:58:11 - epoch 1 | global step 4010 | mode train | loss 2.0804 | accuracy 15.0 | mean_length 64
09-13-21 12:00:00 - epoch 1 | global step 4020 | mode train | loss 2.0804 | accuracy 9.0625 | mean_length 64
09-13-21 12:01:50 - epoch 1 | global step 4030 | mode train | loss 2.0795 | accuracy 14.0625 | mean_length 64
09-13-21 12:03:39 - epoch 1 | global step 4040 | mode train | loss 2.0782 | accuracy 11.875 | mean_length 64
09-13-21 12:05:29 - epoch 1 | global step 4050 | mode train | loss 2.0797 | accuracy 10.3125 | mean_length 64
09-13-21 12:07:18 - epoch 1 | global step 4060 | mode train | loss 2.0818 | accuracy 12.5 | mean_length 64
09-13-21 12:09:08 - epoch 1 | global step 4070 | mode train | loss 2.0782 | accuracy 12.1875 | mean_length 64
09-13-21 12:10:58 - epoch 1 | global step 4080 | mode train | loss 2.0801 | accuracy 8.125 | mean_length 64
09-13-21 12:12:48 - epoch 1 | global step 4090 | mode train | loss 2.0785 | accuracy 12.5 | mean_length 64
09-13-21 12:23:38 - epoch 1 | global step 4096 | mode validation | loss 2.0796 | accuracy 12.4 | mean_length 64
09-13-21 12:23:38 - Saving model to Output/accGrad4_mbart_BTen+zh_lr1.0e-5_7distractors_maxstep8192_seed43
Epoch: 1, Prediction Accuracy: 12.4, Saved to Path: Output/accGrad4_mbart_BTen+zh_lr1.0e-5_7distractors_maxstep8192_seed43
09-13-21 12:24:32 - epoch 1 | global step 4100 | mode train | loss 2.0816 | accuracy 8.75 | mean_length 64
09-13-21 12:26:21 - epoch 1 | global step 4110 | mode train | loss 2.0791 | accuracy 10.9375 | mean_length 64
09-13-21 12:28:10 - epoch 1 | global step 4120 | mode train | loss 2.0819 | accuracy 9.6875 | mean_length 64
09-13-21 12:29:59 - epoch 1 | global step 4130 | mode train | loss 2.0791 | accuracy 13.75 | mean_length 64
09-13-21 12:31:49 - epoch 1 | global step 4140 | mode train | loss 2.0799 | accuracy 10.0 | mean_length 64
09-13-21 12:33:38 - epoch 1 | global step 4150 | mode train | loss 2.0797 | accuracy 13.125 | mean_length 64
09-13-21 12:35:27 - epoch 1 | global step 4160 | mode train | loss 2.0802 | accuracy 10.625 | mean_length 64
09-13-21 12:37:16 - epoch 1 | global step 4170 | mode train | loss 2.0781 | accuracy 12.5 | mean_length 64
09-13-21 12:39:06 - epoch 1 | global step 4180 | mode train | loss 2.0811 | accuracy 13.75 | mean_length 64
09-13-21 12:40:55 - epoch 1 | global step 4190 | mode train | loss 2.0797 | accuracy 12.1875 | mean_length 64
09-13-21 12:42:44 - epoch 1 | global step 4200 | mode train | loss 2.0791 | accuracy 13.75 | mean_length 64
09-13-21 12:44:33 - epoch 1 | global step 4210 | mode train | loss 2.0803 | accuracy 12.1875 | mean_length 64
09-13-21 12:46:23 - epoch 1 | global step 4220 | mode train | loss 2.0786 | accuracy 17.5 | mean_length 64
09-13-21 12:48:12 - epoch 1 | global step 4230 | mode train | loss 2.0806 | accuracy 11.25 | mean_length 64
09-13-21 12:50:02 - epoch 1 | global step 4240 | mode train | loss 2.0796 | accuracy 12.5 | mean_length 64
09-13-21 12:51:51 - epoch 1 | global step 4250 | mode train | loss 2.0796 | accuracy 10.9375 | mean_length 64
09-13-21 12:53:40 - epoch 1 | global step 4260 | mode train | loss 2.079 | accuracy 12.8125 | mean_length 64
09-13-21 12:55:29 - epoch 1 | global step 4270 | mode train | loss 2.0794 | accuracy 12.8125 | mean_length 64
09-13-21 12:57:18 - epoch 1 | global step 4280 | mode train | loss 2.0803 | accuracy 11.5625 | mean_length 64
09-13-21 12:59:08 - epoch 1 | global step 4290 | mode train | loss 2.08 | accuracy 13.125 | mean_length 64
09-13-21 13:00:57 - epoch 1 | global step 4300 | mode train | loss 2.0806 | accuracy 11.875 | mean_length 64
09-13-21 13:02:47 - epoch 1 | global step 4310 | mode train | loss 2.0795 | accuracy 10.625 | mean_length 64
09-13-21 13:04:36 - epoch 1 | global step 4320 | mode train | loss 2.0793 | accuracy 12.8125 | mean_length 64
09-13-21 13:06:26 - epoch 1 | global step 4330 | mode train | loss 2.0797 | accuracy 12.1875 | mean_length 64
09-13-21 13:08:15 - epoch 1 | global step 4340 | mode train | loss 2.0796 | accuracy 15.625 | mean_length 64
09-13-21 13:10:05 - epoch 1 | global step 4350 | mode train | loss 2.079 | accuracy 13.4375 | mean_length 64
09-13-21 13:11:55 - epoch 1 | global step 4360 | mode train | loss 2.0811 | accuracy 10.9375 | mean_length 64
09-13-21 13:13:44 - epoch 1 | global step 4370 | mode train | loss 2.0798 | accuracy 10.625 | mean_length 64
09-13-21 13:15:34 - epoch 1 | global step 4380 | mode train | loss 2.0788 | accuracy 15.625 | mean_length 64
09-13-21 13:17:23 - epoch 1 | global step 4390 | mode train | loss 2.0796 | accuracy 11.5625 | mean_length 64
09-13-21 13:19:12 - epoch 1 | global step 4400 | mode train | loss 2.0787 | accuracy 15.3125 | mean_length 64
09-13-21 13:21:01 - epoch 1 | global step 4410 | mode train | loss 2.0792 | accuracy 13.75 | mean_length 64
09-13-21 13:22:50 - epoch 1 | global step 4420 | mode train | loss 2.0799 | accuracy 9.0625 | mean_length 64
09-13-21 13:24:39 - epoch 1 | global step 4430 | mode train | loss 2.079 | accuracy 14.6875 | mean_length 64
09-13-21 13:26:29 - epoch 1 | global step 4440 | mode train | loss 2.0781 | accuracy 12.1875 | mean_length 64
09-13-21 13:28:18 - epoch 1 | global step 4450 | mode train | loss 2.0817 | accuracy 12.1875 | mean_length 64
09-13-21 13:30:07 - epoch 1 | global step 4460 | mode train | loss 2.0795 | accuracy 12.1875 | mean_length 64
09-13-21 13:31:56 - epoch 1 | global step 4470 | mode train | loss 2.0784 | accuracy 13.125 | mean_length 64
09-13-21 13:33:45 - epoch 1 | global step 4480 | mode train | loss 2.0819 | accuracy 11.5625 | mean_length 64
09-13-21 13:35:35 - epoch 1 | global step 4490 | mode train | loss 2.0797 | accuracy 10.0 | mean_length 64
09-13-21 13:37:24 - epoch 1 | global step 4500 | mode train | loss 2.0789 | accuracy 11.25 | mean_length 64
09-13-21 13:39:13 - epoch 1 | global step 4510 | mode train | loss 2.081 | accuracy 12.5 | mean_length 64
09-13-21 13:41:02 - epoch 1 | global step 4520 | mode train | loss 2.079 | accuracy 14.6875 | mean_length 64
09-13-21 13:42:52 - epoch 1 | global step 4530 | mode train | loss 2.0801 | accuracy 13.4375 | mean_length 64
09-13-21 13:44:41 - epoch 1 | global step 4540 | mode train | loss 2.0813 | accuracy 10.0 | mean_length 64
09-13-21 13:46:31 - epoch 1 | global step 4550 | mode train | loss 2.0804 | accuracy 12.8125 | mean_length 64
09-13-21 13:48:20 - epoch 1 | global step 4560 | mode train | loss 2.0806 | accuracy 11.875 | mean_length 64
09-13-21 13:50:09 - epoch 1 | global step 4570 | mode train | loss 2.0794 | accuracy 12.1875 | mean_length 64
09-13-21 13:51:58 - epoch 1 | global step 4580 | mode train | loss 2.0798 | accuracy 15.625 | mean_length 64
09-13-21 13:53:47 - epoch 1 | global step 4590 | mode train | loss 2.0785 | accuracy 12.5 | mean_length 64
09-13-21 13:55:37 - epoch 1 | global step 4600 | mode train | loss 2.0786 | accuracy 16.5625 | mean_length 64
09-13-21 14:06:48 - epoch 1 | global step 4608 | mode validation | loss 2.0796 | accuracy 12.72 | mean_length 64
09-13-21 14:07:10 - epoch 1 | global step 4610 | mode train | loss 2.0802 | accuracy 11.5625 | mean_length 64
09-13-21 14:08:59 - epoch 1 | global step 4620 | mode train | loss 2.0781 | accuracy 14.0625 | mean_length 64
09-13-21 14:10:49 - epoch 1 | global step 4630 | mode train | loss 2.0792 | accuracy 10.0 | mean_length 64
09-13-21 14:12:38 - epoch 1 | global step 4640 | mode train | loss 2.0784 | accuracy 13.4375 | mean_length 64
09-13-21 14:14:27 - epoch 1 | global step 4650 | mode train | loss 2.0815 | accuracy 8.4375 | mean_length 64
09-13-21 14:16:16 - epoch 1 | global step 4660 | mode train | loss 2.0788 | accuracy 14.0625 | mean_length 64
09-13-21 14:18:05 - epoch 1 | global step 4670 | mode train | loss 2.0811 | accuracy 10.3125 | mean_length 64
09-13-21 14:19:55 - epoch 1 | global step 4680 | mode train | loss 2.0799 | accuracy 14.0625 | mean_length 64
09-13-21 14:21:44 - epoch 1 | global step 4690 | mode train | loss 2.0802 | accuracy 10.625 | mean_length 64
09-13-21 14:23:33 - epoch 1 | global step 4700 | mode train | loss 2.0806 | accuracy 10.3125 | mean_length 64
09-13-21 14:25:22 - epoch 1 | global step 4710 | mode train | loss 2.081 | accuracy 12.1875 | mean_length 64
09-13-21 14:27:11 - epoch 1 | global step 4720 | mode train | loss 2.0797 | accuracy 11.875 | mean_length 64
09-13-21 14:29:01 - epoch 1 | global step 4730 | mode train | loss 2.0813 | accuracy 12.1875 | mean_length 64
09-13-21 14:30:50 - epoch 1 | global step 4740 | mode train | loss 2.0785 | accuracy 13.4375 | mean_length 64
09-13-21 14:32:39 - epoch 1 | global step 4750 | mode train | loss 2.0791 | accuracy 10.625 | mean_length 64
09-13-21 14:34:28 - epoch 1 | global step 4760 | mode train | loss 2.0778 | accuracy 15.625 | mean_length 64
09-13-21 14:36:17 - epoch 1 | global step 4770 | mode train | loss 2.0796 | accuracy 11.25 | mean_length 64
09-13-21 14:38:06 - epoch 1 | global step 4780 | mode train | loss 2.0812 | accuracy 12.1875 | mean_length 64
09-13-21 14:39:56 - epoch 1 | global step 4790 | mode train | loss 2.0797 | accuracy 13.125 | mean_length 64
09-13-21 14:41:45 - epoch 1 | global step 4800 | mode train | loss 2.0791 | accuracy 14.6875 | mean_length 64
09-13-21 14:43:34 - epoch 1 | global step 4810 | mode train | loss 2.0787 | accuracy 11.875 | mean_length 64
09-13-21 14:45:23 - epoch 1 | global step 4820 | mode train | loss 2.0812 | accuracy 10.3125 | mean_length 64
09-13-21 14:47:13 - epoch 1 | global step 4830 | mode train | loss 2.0795 | accuracy 14.6875 | mean_length 64
09-13-21 14:49:03 - epoch 1 | global step 4840 | mode train | loss 2.08 | accuracy 11.875 | mean_length 64
09-13-21 14:50:53 - epoch 1 | global step 4850 | mode train | loss 2.0797 | accuracy 13.75 | mean_length 64
09-13-21 14:52:42 - epoch 1 | global step 4860 | mode train | loss 2.0819 | accuracy 9.6875 | mean_length 64
09-13-21 14:54:32 - epoch 1 | global step 4870 | mode train | loss 2.0809 | accuracy 11.875 | mean_length 64
09-13-21 14:56:22 - epoch 1 | global step 4880 | mode train | loss 2.0808 | accuracy 12.5 | mean_length 64
09-13-21 14:58:11 - epoch 1 | global step 4890 | mode train | loss 2.0798 | accuracy 10.0 | mean_length 64
09-13-21 15:00:01 - epoch 1 | global step 4900 | mode train | loss 2.0796 | accuracy 12.5 | mean_length 64
09-13-21 15:01:50 - epoch 1 | global step 4910 | mode train | loss 2.0788 | accuracy 12.8125 | mean_length 64
09-13-21 15:03:40 - epoch 1 | global step 4920 | mode train | loss 2.0799 | accuracy 11.5625 | mean_length 64
09-13-21 15:05:29 - epoch 1 | global step 4930 | mode train | loss 2.0789 | accuracy 14.0625 | mean_length 64
09-13-21 15:07:18 - epoch 1 | global step 4940 | mode train | loss 2.0814 | accuracy 9.0625 | mean_length 64
09-13-21 15:09:07 - epoch 1 | global step 4950 | mode train | loss 2.0798 | accuracy 11.875 | mean_length 64
09-13-21 15:10:56 - epoch 1 | global step 4960 | mode train | loss 2.0786 | accuracy 15.0 | mean_length 64
09-13-21 15:12:46 - epoch 1 | global step 4970 | mode train | loss 2.0803 | accuracy 10.625 | mean_length 64
09-13-21 15:14:35 - epoch 1 | global step 4980 | mode train | loss 2.0812 | accuracy 10.9375 | mean_length 64
09-13-21 15:16:24 - epoch 1 | global step 4990 | mode train | loss 2.0796 | accuracy 11.875 | mean_length 64
09-13-21 15:18:13 - epoch 1 | global step 5000 | mode train | loss 2.0802 | accuracy 12.5 | mean_length 64
09-13-21 15:20:03 - epoch 1 | global step 5010 | mode train | loss 2.0806 | accuracy 12.5 | mean_length 64
09-13-21 15:21:52 - epoch 1 | global step 5020 | mode train | loss 2.0808 | accuracy 12.5 | mean_length 64
09-13-21 15:23:41 - epoch 1 | global step 5030 | mode train | loss 2.0778 | accuracy 13.4375 | mean_length 64
09-13-21 15:25:30 - epoch 1 | global step 5040 | mode train | loss 2.0814 | accuracy 11.5625 | mean_length 64
09-13-21 15:27:19 - epoch 1 | global step 5050 | mode train | loss 2.08 | accuracy 12.1875 | mean_length 64
09-13-21 15:29:09 - epoch 1 | global step 5060 | mode train | loss 2.0801 | accuracy 12.8125 | mean_length 64
09-13-21 15:30:58 - epoch 1 | global step 5070 | mode train | loss 2.0792 | accuracy 13.4375 | mean_length 64
09-13-21 15:32:47 - epoch 1 | global step 5080 | mode train | loss 2.0789 | accuracy 11.875 | mean_length 64
09-13-21 15:34:36 - epoch 1 | global step 5090 | mode train | loss 2.0787 | accuracy 15.3125 | mean_length 64
09-13-21 15:36:25 - epoch 1 | global step 5100 | mode train | loss 2.0781 | accuracy 13.125 | mean_length 64
09-13-21 15:38:14 - epoch 1 | global step 5110 | mode train | loss 2.0799 | accuracy 11.875 | mean_length 64
09-13-21 15:40:04 - epoch 1 | global step 5120 | mode train | loss 2.0789 | accuracy 11.5625 | mean_length 64
09-13-21 15:49:49 - epoch 1 | global step 5120 | mode validation | loss 2.0794 | accuracy 12.16 | mean_length 64
09-13-21 15:49:49 - Saving model to Output/accGrad4_mbart_BTen+zh_lr1.0e-5_7distractors_maxstep8192_seed43
Epoch: 1, Prediction Accuracy: 12.16, Saved to Path: Output/accGrad4_mbart_BTen+zh_lr1.0e-5_7distractors_maxstep8192_seed43
09-13-21 15:51:48 - epoch 1 | global step 5130 | mode train | loss 2.077 | accuracy 14.6875 | mean_length 64
09-13-21 15:53:37 - epoch 1 | global step 5140 | mode train | loss 2.0774 | accuracy 13.75 | mean_length 64
09-13-21 15:55:27 - epoch 1 | global step 5150 | mode train | loss 2.08 | accuracy 12.5 | mean_length 64
09-13-21 15:57:16 - epoch 1 | global step 5160 | mode train | loss 2.0813 | accuracy 8.4375 | mean_length 64
09-13-21 15:59:05 - epoch 1 | global step 5170 | mode train | loss 2.0788 | accuracy 15.9375 | mean_length 64
09-13-21 16:00:54 - epoch 1 | global step 5180 | mode train | loss 2.0803 | accuracy 14.375 | mean_length 64
09-13-21 16:02:43 - epoch 1 | global step 5190 | mode train | loss 2.0802 | accuracy 12.1875 | mean_length 64
09-13-21 16:04:33 - epoch 1 | global step 5200 | mode train | loss 2.0803 | accuracy 10.625 | mean_length 64
09-13-21 16:06:22 - epoch 1 | global step 5210 | mode train | loss 2.0812 | accuracy 8.75 | mean_length 64
09-13-21 16:08:11 - epoch 1 | global step 5220 | mode train | loss 2.0796 | accuracy 13.75 | mean_length 64
09-13-21 16:10:01 - epoch 1 | global step 5230 | mode train | loss 2.079 | accuracy 14.375 | mean_length 64
09-13-21 16:11:50 - epoch 1 | global step 5240 | mode train | loss 2.0794 | accuracy 12.5 | mean_length 64
09-13-21 16:13:40 - epoch 1 | global step 5250 | mode train | loss 2.0796 | accuracy 11.5625 | mean_length 64
09-13-21 16:15:29 - epoch 1 | global step 5260 | mode train | loss 2.0794 | accuracy 13.75 | mean_length 64
09-13-21 16:17:18 - epoch 1 | global step 5270 | mode train | loss 2.08 | accuracy 13.125 | mean_length 64
09-13-21 16:19:08 - epoch 1 | global step 5280 | mode train | loss 2.0796 | accuracy 13.75 | mean_length 64
09-13-21 16:20:57 - epoch 1 | global step 5290 | mode train | loss 2.0797 | accuracy 12.5 | mean_length 64
09-13-21 16:22:46 - epoch 1 | global step 5300 | mode train | loss 2.0796 | accuracy 13.4375 | mean_length 64
09-13-21 16:24:36 - epoch 1 | global step 5310 | mode train | loss 2.08 | accuracy 11.875 | mean_length 64
09-13-21 16:26:25 - epoch 1 | global step 5320 | mode train | loss 2.0801 | accuracy 10.625 | mean_length 64
09-13-21 16:28:14 - epoch 1 | global step 5330 | mode train | loss 2.0814 | accuracy 13.4375 | mean_length 64
09-13-21 16:30:04 - epoch 1 | global step 5340 | mode train | loss 2.0786 | accuracy 12.1875 | mean_length 64
09-13-21 16:31:53 - epoch 1 | global step 5350 | mode train | loss 2.0795 | accuracy 9.375 | mean_length 64
09-13-21 16:33:43 - epoch 1 | global step 5360 | mode train | loss 2.0793 | accuracy 13.125 | mean_length 64
09-13-21 16:35:32 - epoch 1 | global step 5370 | mode train | loss 2.0805 | accuracy 12.1875 | mean_length 64
09-13-21 16:37:22 - epoch 1 | global step 5380 | mode train | loss 2.0804 | accuracy 10.0 | mean_length 64
09-13-21 16:39:11 - epoch 1 | global step 5390 | mode train | loss 2.0791 | accuracy 11.25 | mean_length 64
09-13-21 16:41:00 - epoch 1 | global step 5400 | mode train | loss 2.079 | accuracy 13.75 | mean_length 64
09-13-21 16:42:50 - epoch 1 | global step 5410 | mode train | loss 2.0788 | accuracy 13.125 | mean_length 64
09-13-21 16:44:39 - epoch 1 | global step 5420 | mode train | loss 2.0797 | accuracy 12.8125 | mean_length 64
09-13-21 16:46:29 - epoch 1 | global step 5430 | mode train | loss 2.0799 | accuracy 11.875 | mean_length 64
09-13-21 16:48:18 - epoch 1 | global step 5440 | mode train | loss 2.0786 | accuracy 12.8125 | mean_length 64
09-13-21 16:50:08 - epoch 1 | global step 5450 | mode train | loss 2.0782 | accuracy 12.8125 | mean_length 64
09-13-21 16:51:58 - epoch 1 | global step 5460 | mode train | loss 2.0812 | accuracy 10.0 | mean_length 64
09-13-21 16:53:47 - epoch 1 | global step 5470 | mode train | loss 2.0802 | accuracy 13.125 | mean_length 64
09-13-21 16:55:37 - epoch 1 | global step 5480 | mode train | loss 2.0807 | accuracy 11.25 | mean_length 64
09-13-21 16:57:26 - epoch 1 | global step 5490 | mode train | loss 2.078 | accuracy 14.6875 | mean_length 64
09-13-21 16:59:16 - epoch 1 | global step 5500 | mode train | loss 2.0799 | accuracy 11.25 | mean_length 64
09-13-21 17:01:05 - epoch 1 | global step 5510 | mode train | loss 2.0809 | accuracy 10.625 | mean_length 64
09-13-21 17:02:55 - epoch 1 | global step 5520 | mode train | loss 2.0797 | accuracy 13.125 | mean_length 64
09-13-21 17:04:44 - epoch 1 | global step 5530 | mode train | loss 2.0779 | accuracy 11.5625 | mean_length 64
09-13-21 17:06:34 - epoch 1 | global step 5540 | mode train | loss 2.0809 | accuracy 10.625 | mean_length 64
09-13-21 17:08:23 - epoch 1 | global step 5550 | mode train | loss 2.0816 | accuracy 11.875 | mean_length 64
09-13-21 17:10:13 - epoch 1 | global step 5560 | mode train | loss 2.0805 | accuracy 11.5625 | mean_length 64
09-13-21 17:12:03 - epoch 1 | global step 5570 | mode train | loss 2.0782 | accuracy 14.0625 | mean_length 64
09-13-21 17:13:53 - epoch 1 | global step 5580 | mode train | loss 2.0794 | accuracy 9.6875 | mean_length 64
09-13-21 17:15:42 - epoch 1 | global step 5590 | mode train | loss 2.0775 | accuracy 12.8125 | mean_length 64
09-13-21 17:17:32 - epoch 1 | global step 5600 | mode train | loss 2.0792 | accuracy 12.5 | mean_length 64
09-13-21 17:19:21 - epoch 1 | global step 5610 | mode train | loss 2.0804 | accuracy 7.8125 | mean_length 64
09-13-21 17:21:11 - epoch 1 | global step 5620 | mode train | loss 2.0808 | accuracy 10.3125 | mean_length 64
09-13-21 17:23:00 - epoch 1 | global step 5630 | mode train | loss 2.0789 | accuracy 11.875 | mean_length 64
09-13-21 17:33:06 - epoch 1 | global step 5632 | mode validation | loss 2.0796 | accuracy 12.86 | mean_length 64
09-13-21 17:34:34 - epoch 1 | global step 5640 | mode train | loss 2.0797 | accuracy 15.0 | mean_length 64
09-13-21 17:36:24 - epoch 1 | global step 5650 | mode train | loss 2.0798 | accuracy 10.9375 | mean_length 64
09-13-21 17:38:13 - epoch 1 | global step 5660 | mode train | loss 2.0798 | accuracy 10.3125 | mean_length 64
09-13-21 17:40:02 - epoch 1 | global step 5670 | mode train | loss 2.0795 | accuracy 14.6875 | mean_length 64
09-13-21 17:41:51 - epoch 1 | global step 5680 | mode train | loss 2.0805 | accuracy 11.875 | mean_length 64
09-13-21 17:43:41 - epoch 1 | global step 5690 | mode train | loss 2.0807 | accuracy 10.625 | mean_length 64
09-13-21 17:45:30 - epoch 1 | global step 5700 | mode train | loss 2.0797 | accuracy 13.125 | mean_length 64
09-13-21 17:47:20 - epoch 1 | global step 5710 | mode train | loss 2.0788 | accuracy 14.375 | mean_length 64
09-13-21 17:49:09 - epoch 1 | global step 5720 | mode train | loss 2.0786 | accuracy 12.5 | mean_length 64
09-13-21 17:50:59 - epoch 1 | global step 5730 | mode train | loss 2.0796 | accuracy 13.75 | mean_length 64
09-13-21 17:52:48 - epoch 1 | global step 5740 | mode train | loss 2.0802 | accuracy 12.5 | mean_length 64
09-13-21 17:54:38 - epoch 1 | global step 5750 | mode train | loss 2.0808 | accuracy 10.625 | mean_length 64
09-13-21 17:56:27 - epoch 1 | global step 5760 | mode train | loss 2.0786 | accuracy 12.1875 | mean_length 64
09-13-21 17:58:16 - epoch 1 | global step 5770 | mode train | loss 2.0785 | accuracy 11.5625 | mean_length 64
09-13-21 18:00:06 - epoch 1 | global step 5780 | mode train | loss 2.0791 | accuracy 11.5625 | mean_length 64
09-13-21 18:01:57 - epoch 1 | global step 5790 | mode train | loss 2.0784 | accuracy 12.5 | mean_length 64
09-13-21 18:03:48 - epoch 1 | global step 5800 | mode train | loss 2.0813 | accuracy 12.8125 | mean_length 64
09-13-21 18:05:38 - epoch 1 | global step 5810 | mode train | loss 2.081 | accuracy 9.375 | mean_length 64
09-13-21 18:07:28 - epoch 1 | global step 5820 | mode train | loss 2.0794 | accuracy 12.8125 | mean_length 64
09-13-21 18:09:18 - epoch 1 | global step 5830 | mode train | loss 2.0809 | accuracy 11.5625 | mean_length 64
09-13-21 18:11:08 - epoch 1 | global step 5840 | mode train | loss 2.0793 | accuracy 13.4375 | mean_length 64
09-13-21 18:12:59 - epoch 1 | global step 5850 | mode train | loss 2.0808 | accuracy 12.8125 | mean_length 64
09-13-21 18:14:50 - epoch 1 | global step 5860 | mode train | loss 2.0796 | accuracy 13.75 | mean_length 64
09-13-21 18:16:40 - epoch 1 | global step 5870 | mode train | loss 2.0787 | accuracy 13.4375 | mean_length 64
09-13-21 18:18:30 - epoch 1 | global step 5880 | mode train | loss 2.0798 | accuracy 12.1875 | mean_length 64
09-13-21 18:20:21 - epoch 1 | global step 5890 | mode train | loss 2.0789 | accuracy 14.375 | mean_length 64
09-13-21 18:22:11 - epoch 1 | global step 5900 | mode train | loss 2.0785 | accuracy 10.9375 | mean_length 64
09-13-21 18:24:02 - epoch 1 | global step 5910 | mode train | loss 2.08 | accuracy 12.1875 | mean_length 64
09-13-21 18:25:52 - epoch 1 | global step 5920 | mode train | loss 2.0801 | accuracy 9.6875 | mean_length 64
09-13-21 18:27:42 - epoch 1 | global step 5930 | mode train | loss 2.0794 | accuracy 14.375 | mean_length 64
09-13-21 18:29:33 - epoch 1 | global step 5940 | mode train | loss 2.0803 | accuracy 12.5 | mean_length 64
09-13-21 18:31:24 - epoch 1 | global step 5950 | mode train | loss 2.0811 | accuracy 12.1875 | mean_length 64
09-13-21 18:33:14 - epoch 1 | global step 5960 | mode train | loss 2.0803 | accuracy 9.0625 | mean_length 64
09-13-21 18:35:04 - epoch 1 | global step 5970 | mode train | loss 2.0802 | accuracy 8.75 | mean_length 64
09-13-21 18:36:54 - epoch 1 | global step 5980 | mode train | loss 2.0791 | accuracy 13.125 | mean_length 64
09-13-21 18:38:43 - epoch 1 | global step 5990 | mode train | loss 2.0797 | accuracy 12.5 | mean_length 64
09-13-21 18:40:33 - epoch 1 | global step 6000 | mode train | loss 2.0793 | accuracy 14.6875 | mean_length 64
09-13-21 18:42:22 - epoch 1 | global step 6010 | mode train | loss 2.0794 | accuracy 13.4375 | mean_length 64
09-13-21 18:44:12 - epoch 1 | global step 6020 | mode train | loss 2.0781 | accuracy 16.25 | mean_length 64
09-13-21 18:46:03 - epoch 1 | global step 6030 | mode train | loss 2.0809 | accuracy 10.3125 | mean_length 64
09-13-21 18:47:54 - epoch 1 | global step 6040 | mode train | loss 2.0801 | accuracy 12.8125 | mean_length 64
09-13-21 18:49:45 - epoch 1 | global step 6050 | mode train | loss 2.0788 | accuracy 12.8125 | mean_length 64
09-13-21 18:51:35 - epoch 1 | global step 6060 | mode train | loss 2.0796 | accuracy 13.125 | mean_length 64
09-13-21 18:53:26 - epoch 1 | global step 6070 | mode train | loss 2.0781 | accuracy 13.125 | mean_length 64
09-13-21 18:55:17 - epoch 1 | global step 6080 | mode train | loss 2.0785 | accuracy 15.0 | mean_length 64
09-13-21 18:57:09 - epoch 1 | global step 6090 | mode train | loss 2.0795 | accuracy 14.375 | mean_length 64
09-13-21 18:59:00 - epoch 1 | global step 6100 | mode train | loss 2.0804 | accuracy 10.625 | mean_length 64
09-13-21 19:00:51 - epoch 1 | global step 6110 | mode train | loss 2.0811 | accuracy 11.5625 | mean_length 64
09-13-21 19:02:42 - epoch 1 | global step 6120 | mode train | loss 2.0792 | accuracy 12.1875 | mean_length 64
09-13-21 19:04:33 - epoch 1 | global step 6130 | mode train | loss 2.0806 | accuracy 11.25 | mean_length 64
09-13-21 19:06:24 - epoch 1 | global step 6140 | mode train | loss 2.0792 | accuracy 13.75 | mean_length 64
09-13-21 19:17:00 - epoch 1 | global step 6144 | mode validation | loss 2.0795 | accuracy 12.92 | mean_length 64
09-13-21 19:18:07 - epoch 1 | global step 6150 | mode train | loss 2.0793 | accuracy 10.625 | mean_length 64
09-13-21 19:19:57 - epoch 1 | global step 6160 | mode train | loss 2.0793 | accuracy 14.6875 | mean_length 64
09-13-21 19:21:48 - epoch 1 | global step 6170 | mode train | loss 2.0796 | accuracy 12.8125 | mean_length 64
09-13-21 19:23:39 - epoch 1 | global step 6180 | mode train | loss 2.0781 | accuracy 13.4375 | mean_length 64
09-13-21 19:25:29 - epoch 1 | global step 6190 | mode train | loss 2.0788 | accuracy 13.125 | mean_length 64
09-13-21 19:27:20 - epoch 1 | global step 6200 | mode train | loss 2.0802 | accuracy 12.8125 | mean_length 64
09-13-21 19:29:10 - epoch 1 | global step 6210 | mode train | loss 2.0804 | accuracy 10.3125 | mean_length 64
09-13-21 19:31:01 - epoch 1 | global step 6220 | mode train | loss 2.079 | accuracy 12.5 | mean_length 64
09-13-21 19:32:52 - epoch 1 | global step 6230 | mode train | loss 2.0786 | accuracy 15.625 | mean_length 64
09-13-21 19:34:42 - epoch 1 | global step 6240 | mode train | loss 2.0817 | accuracy 9.375 | mean_length 64
09-13-21 19:36:33 - epoch 1 | global step 6250 | mode train | loss 2.0796 | accuracy 15.3125 | mean_length 64
09-13-21 19:38:24 - epoch 1 | global step 6260 | mode train | loss 2.0788 | accuracy 14.0625 | mean_length 64
09-13-21 19:40:14 - epoch 1 | global step 6270 | mode train | loss 2.078 | accuracy 16.875 | mean_length 64
09-13-21 19:42:05 - epoch 1 | global step 6280 | mode train | loss 2.0804 | accuracy 11.25 | mean_length 64
09-13-21 19:43:55 - epoch 1 | global step 6290 | mode train | loss 2.0797 | accuracy 13.75 | mean_length 64
09-13-21 19:45:46 - epoch 1 | global step 6300 | mode train | loss 2.0792 | accuracy 14.0625 | mean_length 64
09-13-21 19:47:36 - epoch 1 | global step 6310 | mode train | loss 2.0792 | accuracy 13.125 | mean_length 64
09-13-21 19:49:28 - epoch 1 | global step 6320 | mode train | loss 2.0801 | accuracy 11.5625 | mean_length 64
09-13-21 19:51:18 - epoch 1 | global step 6330 | mode train | loss 2.0798 | accuracy 10.9375 | mean_length 64
09-13-21 19:53:09 - epoch 1 | global step 6340 | mode train | loss 2.0807 | accuracy 10.625 | mean_length 64
09-13-21 19:55:00 - epoch 1 | global step 6350 | mode train | loss 2.0817 | accuracy 8.125 | mean_length 64
09-13-21 19:56:50 - epoch 1 | global step 6360 | mode train | loss 2.0811 | accuracy 11.5625 | mean_length 64
09-13-21 19:58:41 - epoch 1 | global step 6370 | mode train | loss 2.0812 | accuracy 10.9375 | mean_length 64
09-13-21 20:00:31 - epoch 1 | global step 6380 | mode train | loss 2.0778 | accuracy 14.0625 | mean_length 64
09-13-21 20:02:22 - epoch 1 | global step 6390 | mode train | loss 2.0796 | accuracy 10.625 | mean_length 64
09-13-21 20:04:12 - epoch 1 | global step 6400 | mode train | loss 2.0791 | accuracy 12.5 | mean_length 64
09-13-21 20:06:02 - epoch 1 | global step 6410 | mode train | loss 2.0797 | accuracy 10.625 | mean_length 64
09-13-21 20:07:52 - epoch 1 | global step 6420 | mode train | loss 2.08 | accuracy 13.125 | mean_length 64
09-13-21 20:09:42 - epoch 1 | global step 6430 | mode train | loss 2.0769 | accuracy 13.75 | mean_length 64
09-13-21 20:11:33 - epoch 1 | global step 6440 | mode train | loss 2.0807 | accuracy 10.9375 | mean_length 64
09-13-21 20:13:23 - epoch 1 | global step 6450 | mode train | loss 2.0811 | accuracy 10.0 | mean_length 64
09-13-21 20:15:13 - epoch 2 | global step 6460 | mode train | loss 2.0793 | accuracy 11.875 | mean_length 64
09-13-21 20:17:02 - epoch 2 | global step 6470 | mode train | loss 2.0791 | accuracy 11.5625 | mean_length 64
09-13-21 20:18:52 - epoch 2 | global step 6480 | mode train | loss 2.0791 | accuracy 12.8125 | mean_length 64
09-13-21 20:20:42 - epoch 2 | global step 6490 | mode train | loss 2.0802 | accuracy 10.3125 | mean_length 64
09-13-21 20:22:32 - epoch 2 | global step 6500 | mode train | loss 2.0786 | accuracy 13.4375 | mean_length 64
09-13-21 20:24:21 - epoch 2 | global step 6510 | mode train | loss 2.0817 | accuracy 10.9375 | mean_length 64
09-13-21 20:26:10 - epoch 2 | global step 6520 | mode train | loss 2.078 | accuracy 13.4375 | mean_length 64
09-13-21 20:27:59 - epoch 2 | global step 6530 | mode train | loss 2.0794 | accuracy 13.75 | mean_length 64
09-13-21 20:29:49 - epoch 2 | global step 6540 | mode train | loss 2.0797 | accuracy 10.9375 | mean_length 64
09-13-21 20:31:38 - epoch 2 | global step 6550 | mode train | loss 2.0795 | accuracy 13.4375 | mean_length 64
09-13-21 20:33:27 - epoch 2 | global step 6560 | mode train | loss 2.0796 | accuracy 16.25 | mean_length 64
09-13-21 20:35:17 - epoch 2 | global step 6570 | mode train | loss 2.081 | accuracy 13.4375 | mean_length 64
09-13-21 20:37:06 - epoch 2 | global step 6580 | mode train | loss 2.0795 | accuracy 12.5 | mean_length 64
09-13-21 20:38:56 - epoch 2 | global step 6590 | mode train | loss 2.0789 | accuracy 13.75 | mean_length 64
09-13-21 20:40:45 - epoch 2 | global step 6600 | mode train | loss 2.0778 | accuracy 15.9375 | mean_length 64
09-13-21 20:42:34 - epoch 2 | global step 6610 | mode train | loss 2.0791 | accuracy 10.9375 | mean_length 64
09-13-21 20:44:23 - epoch 2 | global step 6620 | mode train | loss 2.0774 | accuracy 11.875 | mean_length 64
09-13-21 20:46:13 - epoch 2 | global step 6630 | mode train | loss 2.0804 | accuracy 12.1875 | mean_length 64
09-13-21 20:48:02 - epoch 2 | global step 6640 | mode train | loss 2.0793 | accuracy 14.375 | mean_length 64
09-13-21 20:49:52 - epoch 2 | global step 6650 | mode train | loss 2.0793 | accuracy 13.4375 | mean_length 64
09-13-21 21:00:44 - epoch 2 | global step 6656 | mode validation | loss 2.0795 | accuracy 13.4 | mean_length 64
09-13-21 21:01:28 - epoch 2 | global step 6660 | mode train | loss 2.0797 | accuracy 14.6875 | mean_length 64
09-13-21 21:03:17 - epoch 2 | global step 6670 | mode train | loss 2.0785 | accuracy 13.125 | mean_length 64
09-13-21 21:05:07 - epoch 2 | global step 6680 | mode train | loss 2.0793 | accuracy 14.6875 | mean_length 64
09-13-21 21:06:56 - epoch 2 | global step 6690 | mode train | loss 2.0806 | accuracy 11.875 | mean_length 64
09-13-21 21:08:46 - epoch 2 | global step 6700 | mode train | loss 2.0825 | accuracy 12.1875 | mean_length 64
09-13-21 21:10:35 - epoch 2 | global step 6710 | mode train | loss 2.0813 | accuracy 10.9375 | mean_length 64
09-13-21 21:12:25 - epoch 2 | global step 6720 | mode train | loss 2.0777 | accuracy 17.1875 | mean_length 64
09-13-21 21:14:14 - epoch 2 | global step 6730 | mode train | loss 2.0803 | accuracy 11.25 | mean_length 64
09-13-21 21:16:03 - epoch 2 | global step 6740 | mode train | loss 2.0788 | accuracy 13.125 | mean_length 64
09-13-21 21:17:53 - epoch 2 | global step 6750 | mode train | loss 2.0797 | accuracy 10.9375 | mean_length 64
09-13-21 21:19:42 - epoch 2 | global step 6760 | mode train | loss 2.08 | accuracy 12.1875 | mean_length 64
09-13-21 21:21:32 - epoch 2 | global step 6770 | mode train | loss 2.0782 | accuracy 15.3125 | mean_length 64
09-13-21 21:23:21 - epoch 2 | global step 6780 | mode train | loss 2.0774 | accuracy 14.6875 | mean_length 64
09-13-21 21:25:10 - epoch 2 | global step 6790 | mode train | loss 2.0799 | accuracy 12.8125 | mean_length 64
09-13-21 21:27:00 - epoch 2 | global step 6800 | mode train | loss 2.0807 | accuracy 9.6875 | mean_length 64
09-13-21 21:28:49 - epoch 2 | global step 6810 | mode train | loss 2.0805 | accuracy 10.3125 | mean_length 64
09-13-21 21:30:38 - epoch 2 | global step 6820 | mode train | loss 2.0804 | accuracy 13.4375 | mean_length 64
09-13-21 21:32:28 - epoch 2 | global step 6830 | mode train | loss 2.0782 | accuracy 13.4375 | mean_length 64
09-13-21 21:34:17 - epoch 2 | global step 6840 | mode train | loss 2.0807 | accuracy 13.125 | mean_length 64
09-13-21 21:36:06 - epoch 2 | global step 6850 | mode train | loss 2.0777 | accuracy 12.8125 | mean_length 64
09-13-21 21:37:56 - epoch 2 | global step 6860 | mode train | loss 2.0803 | accuracy 12.1875 | mean_length 64
09-13-21 21:39:45 - epoch 2 | global step 6870 | mode train | loss 2.0818 | accuracy 10.0 | mean_length 64
09-13-21 21:41:35 - epoch 2 | global step 6880 | mode train | loss 2.0797 | accuracy 14.375 | mean_length 64
09-13-21 21:43:24 - epoch 2 | global step 6890 | mode train | loss 2.0796 | accuracy 13.125 | mean_length 64
09-13-21 21:45:13 - epoch 2 | global step 6900 | mode train | loss 2.0809 | accuracy 11.5625 | mean_length 64
09-13-21 21:47:03 - epoch 2 | global step 6910 | mode train | loss 2.0787 | accuracy 15.0 | mean_length 64
09-13-21 21:48:52 - epoch 2 | global step 6920 | mode train | loss 2.078 | accuracy 16.875 | mean_length 64
09-13-21 21:50:42 - epoch 2 | global step 6930 | mode train | loss 2.0785 | accuracy 13.75 | mean_length 64
09-13-21 21:52:32 - epoch 2 | global step 6940 | mode train | loss 2.0781 | accuracy 14.6875 | mean_length 64
09-13-21 21:54:21 - epoch 2 | global step 6950 | mode train | loss 2.0811 | accuracy 11.5625 | mean_length 64
09-13-21 21:56:10 - epoch 2 | global step 6960 | mode train | loss 2.0833 | accuracy 8.125 | mean_length 64
09-13-21 21:58:00 - epoch 2 | global step 6970 | mode train | loss 2.0789 | accuracy 11.25 | mean_length 64
09-13-21 21:59:49 - epoch 2 | global step 6980 | mode train | loss 2.0794 | accuracy 11.5625 | mean_length 64
09-13-21 22:01:38 - epoch 2 | global step 6990 | mode train | loss 2.0785 | accuracy 17.1875 | mean_length 64
09-13-21 22:03:28 - epoch 2 | global step 7000 | mode train | loss 2.0791 | accuracy 12.5 | mean_length 64
09-13-21 22:05:17 - epoch 2 | global step 7010 | mode train | loss 2.0797 | accuracy 12.5 | mean_length 64
09-13-21 22:07:06 - epoch 2 | global step 7020 | mode train | loss 2.0811 | accuracy 11.875 | mean_length 64
09-13-21 22:08:56 - epoch 2 | global step 7030 | mode train | loss 2.0789 | accuracy 13.125 | mean_length 64
09-13-21 22:10:45 - epoch 2 | global step 7040 | mode train | loss 2.0803 | accuracy 12.5 | mean_length 64
09-13-21 22:12:35 - epoch 2 | global step 7050 | mode train | loss 2.0809 | accuracy 12.8125 | mean_length 64
09-13-21 22:14:24 - epoch 2 | global step 7060 | mode train | loss 2.0802 | accuracy 11.5625 | mean_length 64
09-13-21 22:16:14 - epoch 2 | global step 7070 | mode train | loss 2.078 | accuracy 15.0 | mean_length 64
09-13-21 22:18:03 - epoch 2 | global step 7080 | mode train | loss 2.0792 | accuracy 15.3125 | mean_length 64
09-13-21 22:19:52 - epoch 2 | global step 7090 | mode train | loss 2.0806 | accuracy 11.5625 | mean_length 64
09-13-21 22:21:42 - epoch 2 | global step 7100 | mode train | loss 2.0792 | accuracy 12.1875 | mean_length 64
09-13-21 22:23:31 - epoch 2 | global step 7110 | mode train | loss 2.0789 | accuracy 13.4375 | mean_length 64
09-13-21 22:25:21 - epoch 2 | global step 7120 | mode train | loss 2.0802 | accuracy 10.625 | mean_length 64
09-13-21 22:27:10 - epoch 2 | global step 7130 | mode train | loss 2.0802 | accuracy 11.875 | mean_length 64
09-13-21 22:28:59 - epoch 2 | global step 7140 | mode train | loss 2.0789 | accuracy 15.0 | mean_length 64
09-13-21 22:30:49 - epoch 2 | global step 7150 | mode train | loss 2.0804 | accuracy 13.75 | mean_length 64
09-13-21 22:32:38 - epoch 2 | global step 7160 | mode train | loss 2.0786 | accuracy 14.0625 | mean_length 64
09-13-21 22:43:53 - epoch 2 | global step 7168 | mode validation | loss 2.0794 | accuracy 12.92 | mean_length 64
09-13-21 22:44:14 - epoch 2 | global step 7170 | mode train | loss 2.0799 | accuracy 11.5625 | mean_length 64
09-13-21 22:46:04 - epoch 2 | global step 7180 | mode train | loss 2.0807 | accuracy 12.5 | mean_length 64
09-13-21 22:47:53 - epoch 2 | global step 7190 | mode train | loss 2.0778 | accuracy 14.375 | mean_length 64
09-13-21 22:49:43 - epoch 2 | global step 7200 | mode train | loss 2.0764 | accuracy 14.375 | mean_length 64
09-13-21 22:51:33 - epoch 2 | global step 7210 | mode train | loss 2.0705 | accuracy 13.4375 | mean_length 64
09-13-21 22:53:22 - epoch 2 | global step 7220 | mode train | loss 2.0752 | accuracy 13.4375 | mean_length 64
09-13-21 22:55:12 - epoch 2 | global step 7230 | mode train | loss 2.0752 | accuracy 16.5625 | mean_length 64
09-13-21 22:57:01 - epoch 2 | global step 7240 | mode train | loss 2.0776 | accuracy 11.875 | mean_length 64
09-13-21 22:58:51 - epoch 2 | global step 7250 | mode train | loss 2.0756 | accuracy 15.3125 | mean_length 64
09-13-21 23:00:40 - epoch 2 | global step 7260 | mode train | loss 2.0824 | accuracy 11.25 | mean_length 64
09-13-21 23:02:30 - epoch 2 | global step 7270 | mode train | loss 2.0753 | accuracy 14.375 | mean_length 64
09-13-21 23:04:19 - epoch 2 | global step 7280 | mode train | loss 2.0675 | accuracy 16.25 | mean_length 64
09-13-21 23:06:09 - epoch 2 | global step 7290 | mode train | loss 2.0643 | accuracy 10.9375 | mean_length 64
09-13-21 23:07:58 - epoch 2 | global step 7300 | mode train | loss 2.0598 | accuracy 13.75 | mean_length 64
09-13-21 23:09:48 - epoch 2 | global step 7310 | mode train | loss 2.0646 | accuracy 9.6875 | mean_length 64
09-13-21 23:11:37 - epoch 2 | global step 7320 | mode train | loss 2.0629 | accuracy 14.375 | mean_length 64
09-13-21 23:13:27 - epoch 2 | global step 7330 | mode train | loss 2.0467 | accuracy 16.25 | mean_length 64
09-13-21 23:15:16 - epoch 2 | global step 7340 | mode train | loss 2.0528 | accuracy 15.0 | mean_length 64
09-13-21 23:17:06 - epoch 2 | global step 7350 | mode train | loss 2.0502 | accuracy 11.25 | mean_length 64
09-13-21 23:18:55 - epoch 2 | global step 7360 | mode train | loss 2.0379 | accuracy 12.1875 | mean_length 64
09-13-21 23:20:45 - epoch 2 | global step 7370 | mode train | loss 2.0432 | accuracy 16.875 | mean_length 64
09-13-21 23:22:34 - epoch 2 | global step 7380 | mode train | loss 2.0374 | accuracy 18.75 | mean_length 64
09-13-21 23:24:24 - epoch 2 | global step 7390 | mode train | loss 1.9816 | accuracy 23.125 | mean_length 64
09-13-21 23:26:13 - epoch 2 | global step 7400 | mode train | loss 1.9363 | accuracy 23.125 | mean_length 64
09-13-21 23:28:03 - epoch 2 | global step 7410 | mode train | loss 2.124 | accuracy 14.0625 | mean_length 64
09-13-21 23:29:52 - epoch 2 | global step 7420 | mode train | loss 2.0772 | accuracy 13.4375 | mean_length 64
09-13-21 23:31:42 - epoch 2 | global step 7430 | mode train | loss 2.0842 | accuracy 14.0625 | mean_length 64
09-13-21 23:33:31 - epoch 2 | global step 7440 | mode train | loss 2.0722 | accuracy 15.9375 | mean_length 64
09-13-21 23:35:20 - epoch 2 | global step 7450 | mode train | loss 2.0749 | accuracy 15.0 | mean_length 64
09-13-21 23:37:09 - epoch 2 | global step 7460 | mode train | loss 2.087 | accuracy 10.9375 | mean_length 64
09-13-21 23:38:59 - epoch 2 | global step 7470 | mode train | loss 2.0758 | accuracy 14.6875 | mean_length 64
09-13-21 23:40:48 - epoch 2 | global step 7480 | mode train | loss 2.0815 | accuracy 12.5 | mean_length 64
09-13-21 23:42:37 - epoch 2 | global step 7490 | mode train | loss 2.0821 | accuracy 12.5 | mean_length 64
09-13-21 23:44:27 - epoch 2 | global step 7500 | mode train | loss 2.0763 | accuracy 11.25 | mean_length 64
09-13-21 23:46:16 - epoch 2 | global step 7510 | mode train | loss 2.079 | accuracy 12.5 | mean_length 64
09-13-21 23:48:05 - epoch 2 | global step 7520 | mode train | loss 2.085 | accuracy 10.625 | mean_length 64
09-13-21 23:50:03 - epoch 2 | global step 7530 | mode train | loss 2.0871 | accuracy 11.5625 | mean_length 64
09-13-21 23:51:59 - epoch 2 | global step 7540 | mode train | loss 2.0804 | accuracy 11.875 | mean_length 64
09-13-21 23:53:55 - epoch 2 | global step 7550 | mode train | loss 2.0811 | accuracy 14.0625 | mean_length 64
09-13-21 23:55:52 - epoch 2 | global step 7560 | mode train | loss 2.0819 | accuracy 14.375 | mean_length 64
09-13-21 23:57:48 - epoch 2 | global step 7570 | mode train | loss 2.0816 | accuracy 12.8125 | mean_length 64
09-13-21 23:59:44 - epoch 2 | global step 7580 | mode train | loss 2.0836 | accuracy 10.9375 | mean_length 64
09-14-21 00:01:40 - epoch 2 | global step 7590 | mode train | loss 2.0795 | accuracy 12.1875 | mean_length 64
09-14-21 00:03:36 - epoch 2 | global step 7600 | mode train | loss 2.074 | accuracy 15.9375 | mean_length 64
09-14-21 00:05:33 - epoch 2 | global step 7610 | mode train | loss 2.0811 | accuracy 12.5 | mean_length 64
09-14-21 00:07:29 - epoch 2 | global step 7620 | mode train | loss 2.0807 | accuracy 12.5 | mean_length 64
09-14-21 00:09:25 - epoch 2 | global step 7630 | mode train | loss 2.0825 | accuracy 12.5 | mean_length 64
09-14-21 00:11:21 - epoch 2 | global step 7640 | mode train | loss 2.0852 | accuracy 10.9375 | mean_length 64
09-14-21 00:13:17 - epoch 2 | global step 7650 | mode train | loss 2.0812 | accuracy 15.625 | mean_length 64
09-14-21 00:15:13 - epoch 2 | global step 7660 | mode train | loss 2.078 | accuracy 12.8125 | mean_length 64
09-14-21 00:17:10 - epoch 2 | global step 7670 | mode train | loss 2.0795 | accuracy 12.1875 | mean_length 64
09-14-21 00:19:06 - epoch 2 | global step 7680 | mode train | loss 2.0784 | accuracy 10.9375 | mean_length 64
09-14-21 00:30:13 - epoch 2 | global step 7680 | mode validation | loss 2.0806 | accuracy 11.7 | mean_length 64
09-14-21 00:32:09 - epoch 2 | global step 7690 | mode train | loss 2.0824 | accuracy 10.9375 | mean_length 64
09-14-21 00:34:04 - epoch 2 | global step 7700 | mode train | loss 2.0813 | accuracy 12.8125 | mean_length 64
09-14-21 00:36:00 - epoch 2 | global step 7710 | mode train | loss 2.0787 | accuracy 13.4375 | mean_length 64
09-14-21 00:37:57 - epoch 2 | global step 7720 | mode train | loss 2.0847 | accuracy 11.25 | mean_length 64
09-14-21 00:39:53 - epoch 2 | global step 7730 | mode train | loss 2.081 | accuracy 11.5625 | mean_length 64
09-14-21 00:41:49 - epoch 2 | global step 7740 | mode train | loss 2.0803 | accuracy 11.5625 | mean_length 64
09-14-21 00:43:45 - epoch 2 | global step 7750 | mode train | loss 2.0797 | accuracy 13.125 | mean_length 64
09-14-21 00:45:41 - epoch 2 | global step 7760 | mode train | loss 2.079 | accuracy 10.9375 | mean_length 64
09-14-21 00:47:37 - epoch 2 | global step 7770 | mode train | loss 2.0794 | accuracy 13.4375 | mean_length 64
09-14-21 00:49:33 - epoch 2 | global step 7780 | mode train | loss 2.0764 | accuracy 15.9375 | mean_length 64
09-14-21 00:51:29 - epoch 2 | global step 7790 | mode train | loss 2.0812 | accuracy 10.9375 | mean_length 64
09-14-21 00:53:26 - epoch 2 | global step 7800 | mode train | loss 2.081 | accuracy 12.8125 | mean_length 64
09-14-21 00:55:22 - epoch 2 | global step 7810 | mode train | loss 2.08 | accuracy 12.1875 | mean_length 64
09-14-21 00:57:18 - epoch 2 | global step 7820 | mode train | loss 2.0777 | accuracy 13.125 | mean_length 64
09-14-21 00:59:14 - epoch 2 | global step 7830 | mode train | loss 2.0767 | accuracy 12.5 | mean_length 64
09-14-21 01:01:10 - epoch 2 | global step 7840 | mode train | loss 2.0804 | accuracy 12.5 | mean_length 64
09-14-21 01:03:06 - epoch 2 | global step 7850 | mode train | loss 2.0796 | accuracy 14.0625 | mean_length 64
09-14-21 01:05:02 - epoch 2 | global step 7860 | mode train | loss 2.0818 | accuracy 11.5625 | mean_length 64
09-14-21 01:06:58 - epoch 2 | global step 7870 | mode train | loss 2.0782 | accuracy 12.8125 | mean_length 64
09-14-21 01:08:54 - epoch 2 | global step 7880 | mode train | loss 2.0817 | accuracy 11.875 | mean_length 64
09-14-21 01:10:50 - epoch 2 | global step 7890 | mode train | loss 2.0777 | accuracy 12.8125 | mean_length 64
09-14-21 01:12:46 - epoch 2 | global step 7900 | mode train | loss 2.0787 | accuracy 11.5625 | mean_length 64
09-14-21 01:14:42 - epoch 2 | global step 7910 | mode train | loss 2.0791 | accuracy 14.0625 | mean_length 64
09-14-21 01:16:38 - epoch 2 | global step 7920 | mode train | loss 2.0781 | accuracy 14.6875 | mean_length 64
09-14-21 01:18:34 - epoch 2 | global step 7930 | mode train | loss 2.0773 | accuracy 11.25 | mean_length 64
09-14-21 01:20:30 - epoch 2 | global step 7940 | mode train | loss 2.0814 | accuracy 10.625 | mean_length 64
09-14-21 01:22:26 - epoch 2 | global step 7950 | mode train | loss 2.0785 | accuracy 10.9375 | mean_length 64
09-14-21 01:24:22 - epoch 2 | global step 7960 | mode train | loss 2.0835 | accuracy 11.25 | mean_length 64
09-14-21 01:26:17 - epoch 2 | global step 7970 | mode train | loss 2.0802 | accuracy 11.875 | mean_length 64
09-14-21 01:28:13 - epoch 2 | global step 7980 | mode train | loss 2.0796 | accuracy 14.375 | mean_length 64
09-14-21 01:30:09 - epoch 2 | global step 7990 | mode train | loss 2.079 | accuracy 12.8125 | mean_length 64
09-14-21 01:32:05 - epoch 2 | global step 8000 | mode train | loss 2.0818 | accuracy 10.0 | mean_length 64
09-14-21 01:34:01 - epoch 2 | global step 8010 | mode train | loss 2.0788 | accuracy 13.75 | mean_length 64
09-14-21 01:35:57 - epoch 2 | global step 8020 | mode train | loss 2.08 | accuracy 9.375 | mean_length 64
09-14-21 01:37:53 - epoch 2 | global step 8030 | mode train | loss 2.0751 | accuracy 12.8125 | mean_length 64
09-14-21 01:39:48 - epoch 2 | global step 8040 | mode train | loss 2.0795 | accuracy 12.5 | mean_length 64
09-14-21 01:41:44 - epoch 2 | global step 8050 | mode train | loss 2.0805 | accuracy 11.25 | mean_length 64
09-14-21 01:43:40 - epoch 2 | global step 8060 | mode train | loss 2.0816 | accuracy 10.625 | mean_length 64
09-14-21 01:45:36 - epoch 2 | global step 8070 | mode train | loss 2.0804 | accuracy 13.75 | mean_length 64
09-14-21 01:47:32 - epoch 2 | global step 8080 | mode train | loss 2.0801 | accuracy 14.375 | mean_length 64
09-14-21 01:49:28 - epoch 2 | global step 8090 | mode train | loss 2.0773 | accuracy 14.6875 | mean_length 64
09-14-21 01:51:24 - epoch 2 | global step 8100 | mode train | loss 2.0795 | accuracy 13.125 | mean_length 64
09-14-21 01:53:20 - epoch 2 | global step 8110 | mode train | loss 2.0792 | accuracy 13.125 | mean_length 64
09-14-21 01:55:16 - epoch 2 | global step 8120 | mode train | loss 2.083 | accuracy 10.9375 | mean_length 64
09-14-21 01:57:12 - epoch 2 | global step 8130 | mode train | loss 2.0797 | accuracy 13.4375 | mean_length 64
09-14-21 01:59:08 - epoch 2 | global step 8140 | mode train | loss 2.078 | accuracy 13.4375 | mean_length 64
09-14-21 02:01:04 - epoch 2 | global step 8150 | mode train | loss 2.0821 | accuracy 12.8125 | mean_length 64
09-14-21 02:03:00 - epoch 2 | global step 8160 | mode train | loss 2.0782 | accuracy 12.1875 | mean_length 64
09-14-21 02:04:56 - epoch 2 | global step 8170 | mode train | loss 2.0787 | accuracy 14.375 | mean_length 64
09-14-21 02:06:52 - epoch 2 | global step 8180 | mode train | loss 2.0818 | accuracy 11.875 | mean_length 64
09-14-21 02:08:48 - epoch 2 | global step 8190 | mode train | loss 2.0824 | accuracy 10.9375 | mean_length 64
09-14-21 02:09:11 - Evaluate the following checkpoint: Output/accGrad4_mbart_BTen+zh_lr1.0e-5_7distractors_maxstep8192_seed43/model.pt
09-14-21 02:22:19 - Best model stats: 
09-14-21 02:22:19 - epoch 0 | global step 0 | mode validation | loss 2.0795 | accuracy 13.04 | mean_length 64
