==========================================
SLURM_JOB_ID = 5535009
SLURM_JOB_NODELIST = d13-03
TMPDIR = /tmp/SLURM_5535009
==========================================
/home1/zliu9986/communication-translation
08-17-21 01:00:36 - Dataset Loaded
08-17-21 01:00:36 - Configuration:
Namespace(TransferH=False, alpha=1.0, batch_size=8, beam_width=12, bidirectional=False, config='Configs/mbart_ec.yml', cpu=False, decode_how='beam', device=device(type='cuda'), do_eval=True, do_train=True, dropout=0.1, fix_bhd=False, fix_spk=False, grad_clip=1.0, hard=False, has_vocab_constraint=False, hidden_dim=512, image_dim=2048, lr=2e-05, max_global_step=8192, max_seq_length=64, mode='emergent_communication', model_name='Models/mbart_bt_en+zh_lr25e-6', n_gpu=1, no_share_bhd=False, no_terminal=False, no_write=False, num_distractors_train=7, num_distractors_valid=7, num_games=30, num_layers=1, output_dir='Output/mbart_BTen+zh_lr5e-6_7distractors', print_every=10, save_output_txt=True, save_pretrain_seperately=True, seed=42, source_lang='en_XX', source_lang_vocab_constrain_file='/projects/unmt/communication-translation/en_cc_tokenID2count_dict.cc25.json', stats_to_print=['loss', 'accuracy', 'caption generation loss', 'image selection loss', 'mean_length'], target_acc=85.0, target_lang='zh_CN', target_lang_vocab_constrain_file='/projects/unmt/communication-translation/zh-Hans_cc_tokenID2count_dict.cc25.json', temp=1.0, temperature=1.0, train_images='./Data/ec_finetuning/images_train', two_ffwd=False, unit_norm=False, valid_every=100, valid_images='./Data/ec_finetuning/images_val', vocab_size=4035)
Sharing visual system for each agent.
08-17-21 01:01:35 - epoch 0 | global step 10 | mode train | loss 2.2547 | accuracy 12.5 | mean_length 59.475
08-17-21 01:02:04 - epoch 0 | global step 20 | mode train | loss 2.0827 | accuracy 13.75 | mean_length 64
08-17-21 01:02:32 - epoch 0 | global step 30 | mode train | loss 2.1398 | accuracy 10.0 | mean_length 64
08-17-21 01:03:01 - epoch 0 | global step 40 | mode train | loss 2.1043 | accuracy 10.0 | mean_length 64
08-17-21 01:03:29 - epoch 0 | global step 50 | mode train | loss 2.0669 | accuracy 18.75 | mean_length 64
08-17-21 01:03:57 - epoch 0 | global step 60 | mode train | loss 2.0969 | accuracy 8.75 | mean_length 64
08-17-21 01:04:25 - epoch 0 | global step 70 | mode train | loss 2.085 | accuracy 8.75 | mean_length 64
08-17-21 01:04:53 - epoch 0 | global step 80 | mode train | loss 2.0891 | accuracy 11.25 | mean_length 64
08-17-21 01:05:20 - epoch 0 | global step 90 | mode train | loss 2.0851 | accuracy 11.25 | mean_length 64
08-17-21 01:05:48 - epoch 0 | global step 100 | mode train | loss 2.0905 | accuracy 12.5 | mean_length 64
08-17-21 01:15:29 - epoch 0 | global step 100 | mode validation | loss 2.0822 | accuracy 12.46 | mean_length 64
08-17-21 01:15:29 - Saving model to Output/mbart_BTen+zh_lr5e-6_7distractors
Epoch: 0, Prediction Accuracy: 12.46, Saved to Path: Output/mbart_BTen+zh_lr5e-6_7distractors
08-17-21 01:16:07 - epoch 0 | global step 110 | mode train | loss 2.0652 | accuracy 15.0 | mean_length 64
08-17-21 01:16:34 - epoch 0 | global step 120 | mode train | loss 2.0802 | accuracy 13.75 | mean_length 64
08-17-21 01:17:02 - epoch 0 | global step 130 | mode train | loss 2.072 | accuracy 12.5 | mean_length 64
08-17-21 01:17:29 - epoch 0 | global step 140 | mode train | loss 2.0809 | accuracy 12.5 | mean_length 64
08-17-21 01:17:57 - epoch 0 | global step 150 | mode train | loss 2.0936 | accuracy 11.25 | mean_length 64
08-17-21 01:18:24 - epoch 0 | global step 160 | mode train | loss 2.0757 | accuracy 15.0 | mean_length 64
08-17-21 01:18:52 - epoch 0 | global step 170 | mode train | loss 2.0862 | accuracy 15.0 | mean_length 64
08-17-21 01:19:19 - epoch 0 | global step 180 | mode train | loss 2.0789 | accuracy 12.5 | mean_length 64
08-17-21 01:19:46 - epoch 0 | global step 190 | mode train | loss 2.0378 | accuracy 26.25 | mean_length 64
08-17-21 01:20:14 - epoch 0 | global step 200 | mode train | loss 2.0771 | accuracy 6.25 | mean_length 64
08-17-21 01:29:53 - epoch 0 | global step 200 | mode validation | loss 2.0317 | accuracy 14.2 | mean_length 63.9924
08-17-21 01:29:53 - Saving model to Output/mbart_BTen+zh_lr5e-6_7distractors
Epoch: 0, Prediction Accuracy: 14.2, Saved to Path: Output/mbart_BTen+zh_lr5e-6_7distractors
08-17-21 01:30:32 - epoch 0 | global step 210 | mode train | loss 2.1086 | accuracy 13.75 | mean_length 64
08-17-21 01:31:00 - epoch 0 | global step 220 | mode train | loss 2.0556 | accuracy 17.5 | mean_length 64
08-17-21 01:31:28 - epoch 0 | global step 230 | mode train | loss 2.0495 | accuracy 16.25 | mean_length 64
08-17-21 01:31:55 - epoch 0 | global step 240 | mode train | loss 2.0239 | accuracy 18.75 | mean_length 64
08-17-21 01:32:23 - epoch 0 | global step 250 | mode train | loss 2.0522 | accuracy 18.75 | mean_length 64
08-17-21 01:32:50 - epoch 0 | global step 260 | mode train | loss 2.1064 | accuracy 11.25 | mean_length 64
08-17-21 01:33:18 - epoch 0 | global step 270 | mode train | loss 2.0778 | accuracy 12.5 | mean_length 64
08-17-21 01:33:45 - epoch 0 | global step 280 | mode train | loss 2.0932 | accuracy 12.5 | mean_length 64
08-17-21 01:34:12 - epoch 0 | global step 290 | mode train | loss 2.0997 | accuracy 7.5 | mean_length 64
08-17-21 01:34:40 - epoch 0 | global step 300 | mode train | loss 2.0839 | accuracy 13.75 | mean_length 64
08-17-21 01:44:21 - epoch 0 | global step 300 | mode validation | loss 2.0833 | accuracy 12.66 | mean_length 64
08-17-21 01:44:49 - epoch 0 | global step 310 | mode train | loss 2.0895 | accuracy 13.75 | mean_length 64
08-17-21 01:45:16 - epoch 0 | global step 320 | mode train | loss 2.0685 | accuracy 17.5 | mean_length 64
08-17-21 01:45:43 - epoch 0 | global step 330 | mode train | loss 2.0818 | accuracy 11.25 | mean_length 64
08-17-21 01:46:11 - epoch 0 | global step 340 | mode train | loss 2.0967 | accuracy 8.75 | mean_length 64
08-17-21 01:46:38 - epoch 0 | global step 350 | mode train | loss 2.0913 | accuracy 10.0 | mean_length 64
08-17-21 01:47:06 - epoch 0 | global step 360 | mode train | loss 2.0818 | accuracy 18.75 | mean_length 64
08-17-21 01:47:33 - epoch 0 | global step 370 | mode train | loss 2.091 | accuracy 7.5 | mean_length 64
08-17-21 01:48:00 - epoch 0 | global step 380 | mode train | loss 2.0798 | accuracy 16.25 | mean_length 64
08-17-21 01:48:28 - epoch 0 | global step 390 | mode train | loss 2.0877 | accuracy 5.0 | mean_length 64
08-17-21 01:48:55 - epoch 0 | global step 400 | mode train | loss 2.0766 | accuracy 15.0 | mean_length 64
08-17-21 01:58:37 - epoch 0 | global step 400 | mode validation | loss 2.0807 | accuracy 12.38 | mean_length 64
08-17-21 01:59:04 - epoch 0 | global step 410 | mode train | loss 2.0853 | accuracy 17.5 | mean_length 64
08-17-21 01:59:31 - epoch 0 | global step 420 | mode train | loss 2.089 | accuracy 8.75 | mean_length 64
08-17-21 01:59:59 - epoch 0 | global step 430 | mode train | loss 2.0834 | accuracy 10.0 | mean_length 64
08-17-21 02:00:26 - epoch 0 | global step 440 | mode train | loss 2.0809 | accuracy 12.5 | mean_length 64
08-17-21 02:00:53 - epoch 0 | global step 450 | mode train | loss 2.081 | accuracy 12.5 | mean_length 64
08-17-21 02:01:21 - epoch 0 | global step 460 | mode train | loss 2.078 | accuracy 12.5 | mean_length 64
08-17-21 02:01:48 - epoch 0 | global step 470 | mode train | loss 2.0913 | accuracy 7.5 | mean_length 64
08-17-21 02:02:16 - epoch 0 | global step 480 | mode train | loss 2.0863 | accuracy 5.0 | mean_length 64
08-17-21 02:02:43 - epoch 0 | global step 490 | mode train | loss 2.0771 | accuracy 13.75 | mean_length 64
08-17-21 02:03:10 - epoch 0 | global step 500 | mode train | loss 2.086 | accuracy 11.25 | mean_length 64
08-17-21 02:12:51 - epoch 0 | global step 500 | mode validation | loss 2.0804 | accuracy 12.26 | mean_length 64
08-17-21 02:13:18 - epoch 0 | global step 510 | mode train | loss 2.0744 | accuracy 11.25 | mean_length 64
08-17-21 02:13:46 - epoch 0 | global step 520 | mode train | loss 2.0871 | accuracy 10.0 | mean_length 64
08-17-21 02:14:13 - epoch 0 | global step 530 | mode train | loss 2.0778 | accuracy 15.0 | mean_length 64
08-17-21 02:14:40 - epoch 0 | global step 540 | mode train | loss 2.097 | accuracy 7.5 | mean_length 64
08-17-21 02:15:08 - epoch 0 | global step 550 | mode train | loss 2.0811 | accuracy 12.5 | mean_length 64
08-17-21 02:15:35 - epoch 0 | global step 560 | mode train | loss 2.0859 | accuracy 6.25 | mean_length 64
08-17-21 02:16:02 - epoch 0 | global step 570 | mode train | loss 2.0766 | accuracy 15.0 | mean_length 64
08-17-21 02:16:30 - epoch 0 | global step 580 | mode train | loss 2.0815 | accuracy 11.25 | mean_length 64
08-17-21 02:16:57 - epoch 0 | global step 590 | mode train | loss 2.0853 | accuracy 8.75 | mean_length 64
08-17-21 02:17:24 - epoch 0 | global step 600 | mode train | loss 2.081 | accuracy 8.75 | mean_length 64
08-17-21 02:27:05 - epoch 0 | global step 600 | mode validation | loss 2.0799 | accuracy 12.56 | mean_length 64
08-17-21 02:27:32 - epoch 0 | global step 610 | mode train | loss 2.0809 | accuracy 15.0 | mean_length 64
08-17-21 02:27:59 - epoch 0 | global step 620 | mode train | loss 2.0736 | accuracy 21.25 | mean_length 64
08-17-21 02:28:27 - epoch 0 | global step 630 | mode train | loss 2.0912 | accuracy 6.25 | mean_length 64
08-17-21 02:28:54 - epoch 0 | global step 640 | mode train | loss 2.0786 | accuracy 15.0 | mean_length 64
08-17-21 02:29:21 - epoch 0 | global step 650 | mode train | loss 2.0749 | accuracy 12.5 | mean_length 64
08-17-21 02:29:49 - epoch 0 | global step 660 | mode train | loss 2.0805 | accuracy 13.75 | mean_length 64
08-17-21 02:30:16 - epoch 0 | global step 670 | mode train | loss 2.0778 | accuracy 17.5 | mean_length 64
08-17-21 02:30:43 - epoch 0 | global step 680 | mode train | loss 2.0765 | accuracy 13.75 | mean_length 64
08-17-21 02:31:11 - epoch 0 | global step 690 | mode train | loss 2.0839 | accuracy 10.0 | mean_length 64
08-17-21 02:31:38 - epoch 0 | global step 700 | mode train | loss 2.0844 | accuracy 10.0 | mean_length 64
08-17-21 02:41:18 - epoch 0 | global step 700 | mode validation | loss 2.0801 | accuracy 12.44 | mean_length 64
08-17-21 02:41:45 - epoch 0 | global step 710 | mode train | loss 2.0773 | accuracy 18.75 | mean_length 64
08-17-21 02:42:12 - epoch 0 | global step 720 | mode train | loss 2.0795 | accuracy 17.5 | mean_length 64
08-17-21 02:42:40 - epoch 0 | global step 730 | mode train | loss 2.0875 | accuracy 6.25 | mean_length 64
08-17-21 02:43:07 - epoch 0 | global step 740 | mode train | loss 2.0723 | accuracy 13.75 | mean_length 64
08-17-21 02:43:34 - epoch 0 | global step 750 | mode train | loss 2.0818 | accuracy 15.0 | mean_length 64
08-17-21 02:44:02 - epoch 0 | global step 760 | mode train | loss 2.0836 | accuracy 6.25 | mean_length 64
08-17-21 02:44:29 - epoch 0 | global step 770 | mode train | loss 2.0792 | accuracy 11.25 | mean_length 64
08-17-21 02:44:56 - epoch 0 | global step 780 | mode train | loss 2.0789 | accuracy 13.75 | mean_length 64
08-17-21 02:45:24 - epoch 0 | global step 790 | mode train | loss 2.0764 | accuracy 12.5 | mean_length 64
08-17-21 02:45:51 - epoch 0 | global step 800 | mode train | loss 2.0779 | accuracy 7.5 | mean_length 64
08-17-21 02:55:31 - epoch 0 | global step 800 | mode validation | loss 2.0802 | accuracy 12.46 | mean_length 64
08-17-21 02:55:58 - epoch 0 | global step 810 | mode train | loss 2.08 | accuracy 12.5 | mean_length 64
08-17-21 02:56:25 - epoch 0 | global step 820 | mode train | loss 2.0712 | accuracy 18.75 | mean_length 64
08-17-21 02:56:53 - epoch 0 | global step 830 | mode train | loss 2.081 | accuracy 12.5 | mean_length 64
08-17-21 02:57:20 - epoch 0 | global step 840 | mode train | loss 2.084 | accuracy 15.0 | mean_length 64
08-17-21 02:57:47 - epoch 0 | global step 850 | mode train | loss 2.0774 | accuracy 15.0 | mean_length 64
08-17-21 02:58:15 - epoch 0 | global step 860 | mode train | loss 2.0782 | accuracy 16.25 | mean_length 64
08-17-21 02:58:42 - epoch 0 | global step 870 | mode train | loss 2.0831 | accuracy 13.75 | mean_length 64
08-17-21 02:59:09 - epoch 0 | global step 880 | mode train | loss 2.0823 | accuracy 12.5 | mean_length 64
08-17-21 02:59:37 - epoch 0 | global step 890 | mode train | loss 2.0789 | accuracy 12.5 | mean_length 64
08-17-21 03:00:04 - epoch 0 | global step 900 | mode train | loss 2.0838 | accuracy 11.25 | mean_length 64
08-17-21 03:09:43 - epoch 0 | global step 900 | mode validation | loss 2.0802 | accuracy 12.2 | mean_length 64
08-17-21 03:10:11 - epoch 0 | global step 910 | mode train | loss 2.0831 | accuracy 12.5 | mean_length 64
08-17-21 03:10:38 - epoch 0 | global step 920 | mode train | loss 2.0803 | accuracy 13.75 | mean_length 64
08-17-21 03:11:05 - epoch 0 | global step 930 | mode train | loss 2.0839 | accuracy 6.25 | mean_length 64
08-17-21 03:11:33 - epoch 0 | global step 940 | mode train | loss 2.0836 | accuracy 11.25 | mean_length 64
08-17-21 03:12:00 - epoch 0 | global step 950 | mode train | loss 2.0833 | accuracy 10.0 | mean_length 64
08-17-21 03:12:27 - epoch 0 | global step 960 | mode train | loss 2.0772 | accuracy 13.75 | mean_length 64
08-17-21 03:12:55 - epoch 0 | global step 970 | mode train | loss 2.0769 | accuracy 16.25 | mean_length 64
08-17-21 03:13:22 - epoch 0 | global step 980 | mode train | loss 2.0811 | accuracy 8.75 | mean_length 64
08-17-21 03:13:49 - epoch 0 | global step 990 | mode train | loss 2.089 | accuracy 5.0 | mean_length 64
08-17-21 03:14:17 - epoch 0 | global step 1000 | mode train | loss 2.0811 | accuracy 16.25 | mean_length 64
08-17-21 03:23:56 - epoch 0 | global step 1000 | mode validation | loss 2.0799 | accuracy 12.18 | mean_length 64
08-17-21 03:24:24 - epoch 0 | global step 1010 | mode train | loss 2.0822 | accuracy 12.5 | mean_length 64
08-17-21 03:24:51 - epoch 0 | global step 1020 | mode train | loss 2.083 | accuracy 11.25 | mean_length 64
08-17-21 03:25:18 - epoch 0 | global step 1030 | mode train | loss 2.0756 | accuracy 12.5 | mean_length 64
08-17-21 03:25:46 - epoch 0 | global step 1040 | mode train | loss 2.08 | accuracy 15.0 | mean_length 64
08-17-21 03:26:13 - epoch 0 | global step 1050 | mode train | loss 2.0793 | accuracy 7.5 | mean_length 64
08-17-21 03:26:40 - epoch 0 | global step 1060 | mode train | loss 2.0803 | accuracy 11.25 | mean_length 64
08-17-21 03:27:08 - epoch 0 | global step 1070 | mode train | loss 2.0804 | accuracy 10.0 | mean_length 64
08-17-21 03:27:35 - epoch 0 | global step 1080 | mode train | loss 2.0802 | accuracy 6.25 | mean_length 64
08-17-21 03:28:02 - epoch 0 | global step 1090 | mode train | loss 2.0835 | accuracy 11.25 | mean_length 64
08-17-21 03:28:30 - epoch 0 | global step 1100 | mode train | loss 2.0783 | accuracy 12.5 | mean_length 64
08-17-21 03:38:10 - epoch 0 | global step 1100 | mode validation | loss 2.0797 | accuracy 12.76 | mean_length 64
08-17-21 03:38:37 - epoch 0 | global step 1110 | mode train | loss 2.0793 | accuracy 16.25 | mean_length 64
08-17-21 03:39:05 - epoch 0 | global step 1120 | mode train | loss 2.086 | accuracy 7.5 | mean_length 64
08-17-21 03:39:32 - epoch 0 | global step 1130 | mode train | loss 2.0825 | accuracy 7.5 | mean_length 64
08-17-21 03:39:59 - epoch 0 | global step 1140 | mode train | loss 2.0766 | accuracy 17.5 | mean_length 64
08-17-21 03:40:27 - epoch 0 | global step 1150 | mode train | loss 2.0775 | accuracy 16.25 | mean_length 64
08-17-21 03:40:54 - epoch 0 | global step 1160 | mode train | loss 2.0776 | accuracy 12.5 | mean_length 64
08-17-21 03:41:21 - epoch 0 | global step 1170 | mode train | loss 2.0778 | accuracy 11.25 | mean_length 64
08-17-21 03:41:49 - epoch 0 | global step 1180 | mode train | loss 2.0802 | accuracy 12.5 | mean_length 64
08-17-21 03:42:16 - epoch 0 | global step 1190 | mode train | loss 2.0803 | accuracy 13.75 | mean_length 64
08-17-21 03:42:43 - epoch 0 | global step 1200 | mode train | loss 2.0782 | accuracy 13.75 | mean_length 64
08-17-21 03:52:23 - epoch 0 | global step 1200 | mode validation | loss 2.0798 | accuracy 12.72 | mean_length 64
08-17-21 03:52:50 - epoch 0 | global step 1210 | mode train | loss 2.0768 | accuracy 11.25 | mean_length 64
08-17-21 03:53:18 - epoch 0 | global step 1220 | mode train | loss 2.0818 | accuracy 11.25 | mean_length 64
08-17-21 03:53:45 - epoch 0 | global step 1230 | mode train | loss 2.0851 | accuracy 7.5 | mean_length 64
08-17-21 03:54:12 - epoch 0 | global step 1240 | mode train | loss 2.0813 | accuracy 12.5 | mean_length 64
08-17-21 03:54:40 - epoch 0 | global step 1250 | mode train | loss 2.0837 | accuracy 7.5 | mean_length 64
08-17-21 03:55:07 - epoch 0 | global step 1260 | mode train | loss 2.0758 | accuracy 13.75 | mean_length 64
08-17-21 03:55:34 - epoch 0 | global step 1270 | mode train | loss 2.0792 | accuracy 8.75 | mean_length 64
08-17-21 03:56:02 - epoch 0 | global step 1280 | mode train | loss 2.0801 | accuracy 10.0 | mean_length 64
08-17-21 03:56:29 - epoch 0 | global step 1290 | mode train | loss 2.0811 | accuracy 8.75 | mean_length 64
08-17-21 03:56:56 - epoch 0 | global step 1300 | mode train | loss 2.0787 | accuracy 16.25 | mean_length 64
08-17-21 04:06:36 - epoch 0 | global step 1300 | mode validation | loss 2.0798 | accuracy 12.82 | mean_length 64
08-17-21 04:07:03 - epoch 0 | global step 1310 | mode train | loss 2.0816 | accuracy 12.5 | mean_length 64
08-17-21 04:07:31 - epoch 0 | global step 1320 | mode train | loss 2.0764 | accuracy 17.5 | mean_length 64
08-17-21 04:07:58 - epoch 0 | global step 1330 | mode train | loss 2.0783 | accuracy 8.75 | mean_length 64
08-17-21 04:08:25 - epoch 0 | global step 1340 | mode train | loss 2.0772 | accuracy 18.75 | mean_length 64
08-17-21 04:08:53 - epoch 0 | global step 1350 | mode train | loss 2.0777 | accuracy 15.0 | mean_length 64
08-17-21 04:09:20 - epoch 0 | global step 1360 | mode train | loss 2.0812 | accuracy 13.75 | mean_length 64
08-17-21 04:09:47 - epoch 0 | global step 1370 | mode train | loss 2.0788 | accuracy 12.5 | mean_length 64
08-17-21 04:10:15 - epoch 0 | global step 1380 | mode train | loss 2.083 | accuracy 13.75 | mean_length 64
08-17-21 04:10:42 - epoch 0 | global step 1390 | mode train | loss 2.0815 | accuracy 10.0 | mean_length 64
08-17-21 04:11:09 - epoch 0 | global step 1400 | mode train | loss 2.0835 | accuracy 11.25 | mean_length 64
08-17-21 04:20:49 - epoch 0 | global step 1400 | mode validation | loss 2.0798 | accuracy 12.88 | mean_length 64
08-17-21 04:21:16 - epoch 0 | global step 1410 | mode train | loss 2.0827 | accuracy 15.0 | mean_length 64
08-17-21 04:21:44 - epoch 0 | global step 1420 | mode train | loss 2.0825 | accuracy 8.75 | mean_length 64
08-17-21 04:22:11 - epoch 0 | global step 1430 | mode train | loss 2.0776 | accuracy 12.5 | mean_length 64
08-17-21 04:22:38 - epoch 0 | global step 1440 | mode train | loss 2.0792 | accuracy 12.5 | mean_length 64
08-17-21 04:23:06 - epoch 0 | global step 1450 | mode train | loss 2.0757 | accuracy 12.5 | mean_length 64
08-17-21 04:23:33 - epoch 0 | global step 1460 | mode train | loss 2.083 | accuracy 7.5 | mean_length 64
08-17-21 04:24:00 - epoch 0 | global step 1470 | mode train | loss 2.0832 | accuracy 11.25 | mean_length 64
08-17-21 04:24:28 - epoch 0 | global step 1480 | mode train | loss 2.0846 | accuracy 8.75 | mean_length 64
08-17-21 04:24:55 - epoch 0 | global step 1490 | mode train | loss 2.0816 | accuracy 8.75 | mean_length 64
08-17-21 04:25:22 - epoch 0 | global step 1500 | mode train | loss 2.0765 | accuracy 15.0 | mean_length 64
08-17-21 04:35:02 - epoch 0 | global step 1500 | mode validation | loss 2.0797 | accuracy 12.64 | mean_length 64
08-17-21 04:35:30 - epoch 0 | global step 1510 | mode train | loss 2.0835 | accuracy 13.75 | mean_length 64
08-17-21 04:35:57 - epoch 0 | global step 1520 | mode train | loss 2.0781 | accuracy 12.5 | mean_length 64
08-17-21 04:36:24 - epoch 0 | global step 1530 | mode train | loss 2.086 | accuracy 15.0 | mean_length 64
08-17-21 04:36:52 - epoch 0 | global step 1540 | mode train | loss 2.0794 | accuracy 18.75 | mean_length 64
08-17-21 04:37:19 - epoch 0 | global step 1550 | mode train | loss 2.0884 | accuracy 7.5 | mean_length 64
08-17-21 04:37:46 - epoch 0 | global step 1560 | mode train | loss 2.0804 | accuracy 10.0 | mean_length 64
08-17-21 04:38:14 - epoch 0 | global step 1570 | mode train | loss 2.0852 | accuracy 7.5 | mean_length 64
08-17-21 04:38:41 - epoch 0 | global step 1580 | mode train | loss 2.0808 | accuracy 16.25 | mean_length 64
08-17-21 04:39:08 - epoch 0 | global step 1590 | mode train | loss 2.0776 | accuracy 10.0 | mean_length 64
08-17-21 04:39:36 - epoch 0 | global step 1600 | mode train | loss 2.0749 | accuracy 20.0 | mean_length 64
08-17-21 04:49:15 - epoch 0 | global step 1600 | mode validation | loss 2.0797 | accuracy 12.6 | mean_length 64
08-17-21 04:49:43 - epoch 0 | global step 1610 | mode train | loss 2.0818 | accuracy 8.75 | mean_length 64
08-17-21 04:50:11 - epoch 0 | global step 1620 | mode train | loss 2.0783 | accuracy 13.75 | mean_length 64
08-17-21 04:50:38 - epoch 0 | global step 1630 | mode train | loss 2.0777 | accuracy 8.75 | mean_length 64
08-17-21 04:51:05 - epoch 0 | global step 1640 | mode train | loss 2.0781 | accuracy 10.0 | mean_length 64
08-17-21 04:51:33 - epoch 0 | global step 1650 | mode train | loss 2.0779 | accuracy 15.0 | mean_length 64
08-17-21 04:52:00 - epoch 0 | global step 1660 | mode train | loss 2.0812 | accuracy 13.75 | mean_length 64
08-17-21 04:52:27 - epoch 0 | global step 1670 | mode train | loss 2.0775 | accuracy 13.75 | mean_length 64
08-17-21 04:52:55 - epoch 0 | global step 1680 | mode train | loss 2.0822 | accuracy 10.0 | mean_length 64
08-17-21 04:53:22 - epoch 0 | global step 1690 | mode train | loss 2.0798 | accuracy 12.5 | mean_length 64
08-17-21 04:53:49 - epoch 0 | global step 1700 | mode train | loss 2.0798 | accuracy 13.75 | mean_length 64
08-17-21 05:03:29 - epoch 0 | global step 1700 | mode validation | loss 2.0797 | accuracy 12.46 | mean_length 64
08-17-21 05:03:56 - epoch 0 | global step 1710 | mode train | loss 2.0761 | accuracy 17.5 | mean_length 64
08-17-21 05:04:23 - epoch 0 | global step 1720 | mode train | loss 2.0856 | accuracy 10.0 | mean_length 64
08-17-21 05:04:51 - epoch 0 | global step 1730 | mode train | loss 2.0806 | accuracy 10.0 | mean_length 64
08-17-21 05:05:18 - epoch 0 | global step 1740 | mode train | loss 2.0839 | accuracy 8.75 | mean_length 64
08-17-21 05:05:45 - epoch 0 | global step 1750 | mode train | loss 2.0773 | accuracy 15.0 | mean_length 64
08-17-21 05:06:13 - epoch 0 | global step 1760 | mode train | loss 2.0833 | accuracy 10.0 | mean_length 64
08-17-21 05:06:40 - epoch 0 | global step 1770 | mode train | loss 2.0775 | accuracy 12.5 | mean_length 64
08-17-21 05:07:07 - epoch 0 | global step 1780 | mode train | loss 2.0844 | accuracy 3.75 | mean_length 64
08-17-21 05:07:35 - epoch 0 | global step 1790 | mode train | loss 2.0801 | accuracy 7.5 | mean_length 64
08-17-21 05:08:02 - epoch 0 | global step 1800 | mode train | loss 2.0837 | accuracy 15.0 | mean_length 64
08-17-21 05:17:41 - epoch 0 | global step 1800 | mode validation | loss 2.0796 | accuracy 12.14 | mean_length 64
08-17-21 05:18:08 - epoch 0 | global step 1810 | mode train | loss 2.0792 | accuracy 16.25 | mean_length 64
08-17-21 05:18:35 - epoch 0 | global step 1820 | mode train | loss 2.0772 | accuracy 15.0 | mean_length 64
08-17-21 05:19:03 - epoch 0 | global step 1830 | mode train | loss 2.0823 | accuracy 10.0 | mean_length 64
08-17-21 05:19:30 - epoch 0 | global step 1840 | mode train | loss 2.082 | accuracy 8.75 | mean_length 64
08-17-21 05:19:57 - epoch 0 | global step 1850 | mode train | loss 2.0798 | accuracy 10.0 | mean_length 64
08-17-21 05:20:25 - epoch 0 | global step 1860 | mode train | loss 2.0796 | accuracy 7.5 | mean_length 64
08-17-21 05:20:52 - epoch 0 | global step 1870 | mode train | loss 2.0789 | accuracy 12.5 | mean_length 64
08-17-21 05:21:19 - epoch 0 | global step 1880 | mode train | loss 2.0796 | accuracy 8.75 | mean_length 64
08-17-21 05:21:47 - epoch 0 | global step 1890 | mode train | loss 2.0815 | accuracy 16.25 | mean_length 64
08-17-21 05:22:14 - epoch 0 | global step 1900 | mode train | loss 2.0773 | accuracy 11.25 | mean_length 64
08-17-21 05:31:54 - epoch 0 | global step 1900 | mode validation | loss 2.0798 | accuracy 12.2 | mean_length 64
08-17-21 05:32:21 - epoch 0 | global step 1910 | mode train | loss 2.0787 | accuracy 12.5 | mean_length 64
08-17-21 05:32:48 - epoch 0 | global step 1920 | mode train | loss 2.0792 | accuracy 12.5 | mean_length 64
08-17-21 05:33:16 - epoch 0 | global step 1930 | mode train | loss 2.0756 | accuracy 15.0 | mean_length 64
08-17-21 05:33:43 - epoch 0 | global step 1940 | mode train | loss 2.0787 | accuracy 15.0 | mean_length 64
08-17-21 05:34:10 - epoch 0 | global step 1950 | mode train | loss 2.0783 | accuracy 11.25 | mean_length 64
08-17-21 05:34:38 - epoch 0 | global step 1960 | mode train | loss 2.0831 | accuracy 7.5 | mean_length 64
08-17-21 05:35:05 - epoch 0 | global step 1970 | mode train | loss 2.0831 | accuracy 13.75 | mean_length 64
08-17-21 05:35:32 - epoch 0 | global step 1980 | mode train | loss 2.0793 | accuracy 16.25 | mean_length 64
08-17-21 05:36:00 - epoch 0 | global step 1990 | mode train | loss 2.082 | accuracy 15.0 | mean_length 64
08-17-21 05:36:27 - epoch 0 | global step 2000 | mode train | loss 2.0765 | accuracy 15.0 | mean_length 64
08-17-21 05:46:06 - epoch 0 | global step 2000 | mode validation | loss 2.0796 | accuracy 12.48 | mean_length 64
08-17-21 05:46:34 - epoch 0 | global step 2010 | mode train | loss 2.08 | accuracy 10.0 | mean_length 64
08-17-21 05:47:01 - epoch 0 | global step 2020 | mode train | loss 2.0768 | accuracy 15.0 | mean_length 64
08-17-21 05:47:28 - epoch 0 | global step 2030 | mode train | loss 2.0779 | accuracy 12.5 | mean_length 64
08-17-21 05:47:56 - epoch 0 | global step 2040 | mode train | loss 2.0808 | accuracy 13.75 | mean_length 64
08-17-21 05:48:23 - epoch 0 | global step 2050 | mode train | loss 2.0793 | accuracy 15.0 | mean_length 64
08-17-21 05:48:51 - epoch 0 | global step 2060 | mode train | loss 2.0819 | accuracy 7.5 | mean_length 64
08-17-21 05:49:19 - epoch 0 | global step 2070 | mode train | loss 2.0803 | accuracy 13.75 | mean_length 64
08-17-21 05:49:47 - epoch 0 | global step 2080 | mode train | loss 2.077 | accuracy 16.25 | mean_length 64
08-17-21 05:50:15 - epoch 0 | global step 2090 | mode train | loss 2.0748 | accuracy 11.25 | mean_length 64
08-17-21 05:50:42 - epoch 0 | global step 2100 | mode train | loss 2.0806 | accuracy 15.0 | mean_length 64
08-17-21 06:00:22 - epoch 0 | global step 2100 | mode validation | loss 2.08 | accuracy 12.46 | mean_length 64
08-17-21 06:00:49 - epoch 0 | global step 2110 | mode train | loss 2.0784 | accuracy 15.0 | mean_length 64
08-17-21 06:01:16 - epoch 0 | global step 2120 | mode train | loss 2.0809 | accuracy 16.25 | mean_length 64
08-17-21 06:01:44 - epoch 0 | global step 2130 | mode train | loss 2.0815 | accuracy 12.5 | mean_length 64
08-17-21 06:02:11 - epoch 0 | global step 2140 | mode train | loss 2.0801 | accuracy 17.5 | mean_length 64
08-17-21 06:02:38 - epoch 0 | global step 2150 | mode train | loss 2.0815 | accuracy 13.75 | mean_length 64
08-17-21 06:03:06 - epoch 0 | global step 2160 | mode train | loss 2.0786 | accuracy 15.0 | mean_length 64
08-17-21 06:03:33 - epoch 0 | global step 2170 | mode train | loss 2.0795 | accuracy 8.75 | mean_length 64
08-17-21 06:04:00 - epoch 0 | global step 2180 | mode train | loss 2.0806 | accuracy 10.0 | mean_length 64
08-17-21 06:04:28 - epoch 0 | global step 2190 | mode train | loss 2.0821 | accuracy 8.75 | mean_length 64
08-17-21 06:04:55 - epoch 0 | global step 2200 | mode train | loss 2.0823 | accuracy 12.5 | mean_length 64
08-17-21 06:14:35 - epoch 0 | global step 2200 | mode validation | loss 2.0796 | accuracy 13.56 | mean_length 64
08-17-21 06:15:03 - epoch 0 | global step 2210 | mode train | loss 2.0778 | accuracy 13.75 | mean_length 64
08-17-21 06:15:30 - epoch 0 | global step 2220 | mode train | loss 2.08 | accuracy 17.5 | mean_length 64
08-17-21 06:15:57 - epoch 0 | global step 2230 | mode train | loss 2.077 | accuracy 15.0 | mean_length 64
08-17-21 06:16:25 - epoch 0 | global step 2240 | mode train | loss 2.0797 | accuracy 10.0 | mean_length 64
08-17-21 06:16:52 - epoch 0 | global step 2250 | mode train | loss 2.078 | accuracy 12.5 | mean_length 64
08-17-21 06:17:19 - epoch 0 | global step 2260 | mode train | loss 2.0808 | accuracy 10.0 | mean_length 64
08-17-21 06:17:47 - epoch 0 | global step 2270 | mode train | loss 2.0814 | accuracy 11.25 | mean_length 64
08-17-21 06:18:14 - epoch 0 | global step 2280 | mode train | loss 2.0834 | accuracy 8.75 | mean_length 64
08-17-21 06:18:41 - epoch 0 | global step 2290 | mode train | loss 2.0828 | accuracy 11.25 | mean_length 64
08-17-21 06:19:09 - epoch 0 | global step 2300 | mode train | loss 2.0815 | accuracy 8.75 | mean_length 64
08-17-21 06:28:49 - epoch 0 | global step 2300 | mode validation | loss 2.0796 | accuracy 12.4 | mean_length 64
08-17-21 06:29:16 - epoch 0 | global step 2310 | mode train | loss 2.084 | accuracy 15.0 | mean_length 64
08-17-21 06:29:43 - epoch 0 | global step 2320 | mode train | loss 2.0804 | accuracy 8.75 | mean_length 64
08-17-21 06:30:11 - epoch 0 | global step 2330 | mode train | loss 2.0814 | accuracy 7.5 | mean_length 64
08-17-21 06:30:38 - epoch 0 | global step 2340 | mode train | loss 2.0765 | accuracy 15.0 | mean_length 64
08-17-21 06:31:05 - epoch 0 | global step 2350 | mode train | loss 2.0787 | accuracy 6.25 | mean_length 64
08-17-21 06:31:33 - epoch 0 | global step 2360 | mode train | loss 2.0774 | accuracy 15.0 | mean_length 64
08-17-21 06:32:00 - epoch 0 | global step 2370 | mode train | loss 2.0791 | accuracy 12.5 | mean_length 64
08-17-21 06:32:27 - epoch 0 | global step 2380 | mode train | loss 2.0801 | accuracy 11.25 | mean_length 64
08-17-21 06:32:55 - epoch 0 | global step 2390 | mode train | loss 2.0807 | accuracy 7.5 | mean_length 64
08-17-21 06:33:22 - epoch 0 | global step 2400 | mode train | loss 2.0757 | accuracy 16.25 | mean_length 64
08-17-21 06:43:02 - epoch 0 | global step 2400 | mode validation | loss 2.0795 | accuracy 13.12 | mean_length 64
08-17-21 06:43:29 - epoch 0 | global step 2410 | mode train | loss 2.079 | accuracy 15.0 | mean_length 64
08-17-21 06:43:56 - epoch 0 | global step 2420 | mode train | loss 2.0797 | accuracy 11.25 | mean_length 64
08-17-21 06:44:24 - epoch 0 | global step 2430 | mode train | loss 2.0768 | accuracy 15.0 | mean_length 64
08-17-21 06:44:51 - epoch 0 | global step 2440 | mode train | loss 2.0818 | accuracy 7.5 | mean_length 64
08-17-21 06:45:18 - epoch 0 | global step 2450 | mode train | loss 2.0827 | accuracy 11.25 | mean_length 64
08-17-21 06:45:46 - epoch 0 | global step 2460 | mode train | loss 2.079 | accuracy 16.25 | mean_length 64
08-17-21 06:46:13 - epoch 0 | global step 2470 | mode train | loss 2.076 | accuracy 11.25 | mean_length 64
08-17-21 06:46:40 - epoch 0 | global step 2480 | mode train | loss 2.0818 | accuracy 7.5 | mean_length 64
08-17-21 06:47:08 - epoch 0 | global step 2490 | mode train | loss 2.0779 | accuracy 12.5 | mean_length 64
08-17-21 06:47:35 - epoch 0 | global step 2500 | mode train | loss 2.0794 | accuracy 13.75 | mean_length 64
08-17-21 06:57:15 - epoch 0 | global step 2500 | mode validation | loss 2.0796 | accuracy 12.44 | mean_length 64
08-17-21 06:57:42 - epoch 0 | global step 2510 | mode train | loss 2.0786 | accuracy 13.75 | mean_length 64
08-17-21 06:58:10 - epoch 0 | global step 2520 | mode train | loss 2.0792 | accuracy 13.75 | mean_length 64
08-17-21 06:58:37 - epoch 0 | global step 2530 | mode train | loss 2.0825 | accuracy 6.25 | mean_length 64
08-17-21 06:59:04 - epoch 0 | global step 2540 | mode train | loss 2.077 | accuracy 13.75 | mean_length 64
08-17-21 06:59:31 - epoch 0 | global step 2550 | mode train | loss 2.0819 | accuracy 13.75 | mean_length 64
08-17-21 06:59:59 - epoch 0 | global step 2560 | mode train | loss 2.0828 | accuracy 11.25 | mean_length 64
08-17-21 07:00:26 - epoch 0 | global step 2570 | mode train | loss 2.08 | accuracy 13.75 | mean_length 64
08-17-21 07:00:53 - epoch 0 | global step 2580 | mode train | loss 2.0792 | accuracy 12.5 | mean_length 64
08-17-21 07:01:21 - epoch 0 | global step 2590 | mode train | loss 2.0789 | accuracy 15.0 | mean_length 64
08-17-21 07:01:48 - epoch 0 | global step 2600 | mode train | loss 2.0777 | accuracy 11.25 | mean_length 64
08-17-21 07:11:28 - epoch 0 | global step 2600 | mode validation | loss 2.0795 | accuracy 12.24 | mean_length 64
08-17-21 07:11:55 - epoch 0 | global step 2610 | mode train | loss 2.0813 | accuracy 8.75 | mean_length 64
08-17-21 07:12:23 - epoch 0 | global step 2620 | mode train | loss 2.0862 | accuracy 10.0 | mean_length 64
08-17-21 07:12:50 - epoch 0 | global step 2630 | mode train | loss 2.0757 | accuracy 21.25 | mean_length 64
08-17-21 07:13:17 - epoch 0 | global step 2640 | mode train | loss 2.0797 | accuracy 12.5 | mean_length 64
08-17-21 07:13:45 - epoch 0 | global step 2650 | mode train | loss 2.0802 | accuracy 11.25 | mean_length 64
08-17-21 07:14:12 - epoch 0 | global step 2660 | mode train | loss 2.0835 | accuracy 7.5 | mean_length 64
08-17-21 07:14:39 - epoch 0 | global step 2670 | mode train | loss 2.0787 | accuracy 11.25 | mean_length 64
08-17-21 07:15:07 - epoch 0 | global step 2680 | mode train | loss 2.0787 | accuracy 11.25 | mean_length 64
08-17-21 07:15:34 - epoch 0 | global step 2690 | mode train | loss 2.0797 | accuracy 13.75 | mean_length 64
08-17-21 07:16:01 - epoch 0 | global step 2700 | mode train | loss 2.0782 | accuracy 11.25 | mean_length 64
08-17-21 07:25:41 - epoch 0 | global step 2700 | mode validation | loss 2.0796 | accuracy 12.14 | mean_length 64
08-17-21 07:26:09 - epoch 0 | global step 2710 | mode train | loss 2.0807 | accuracy 11.25 | mean_length 64
08-17-21 07:26:36 - epoch 0 | global step 2720 | mode train | loss 2.0808 | accuracy 15.0 | mean_length 64
08-17-21 07:27:03 - epoch 0 | global step 2730 | mode train | loss 2.0782 | accuracy 13.75 | mean_length 64
08-17-21 07:27:31 - epoch 0 | global step 2740 | mode train | loss 2.0805 | accuracy 11.25 | mean_length 64
08-17-21 07:27:58 - epoch 0 | global step 2750 | mode train | loss 2.0799 | accuracy 10.0 | mean_length 64
08-17-21 07:28:25 - epoch 0 | global step 2760 | mode train | loss 2.078 | accuracy 16.25 | mean_length 64
08-17-21 07:28:53 - epoch 0 | global step 2770 | mode train | loss 2.0832 | accuracy 10.0 | mean_length 64
08-17-21 07:29:20 - epoch 0 | global step 2780 | mode train | loss 2.0798 | accuracy 8.75 | mean_length 64
08-17-21 07:29:47 - epoch 0 | global step 2790 | mode train | loss 2.0784 | accuracy 15.0 | mean_length 64
08-17-21 07:30:15 - epoch 0 | global step 2800 | mode train | loss 2.0825 | accuracy 5.0 | mean_length 64
08-17-21 07:39:54 - epoch 0 | global step 2800 | mode validation | loss 2.0795 | accuracy 12.64 | mean_length 64
08-17-21 07:40:21 - epoch 0 | global step 2810 | mode train | loss 2.0819 | accuracy 6.25 | mean_length 64
08-17-21 07:40:48 - epoch 0 | global step 2820 | mode train | loss 2.0839 | accuracy 8.75 | mean_length 64
08-17-21 07:41:15 - epoch 0 | global step 2830 | mode train | loss 2.0776 | accuracy 13.75 | mean_length 64
08-17-21 07:41:43 - epoch 0 | global step 2840 | mode train | loss 2.0804 | accuracy 11.25 | mean_length 64
08-17-21 07:42:10 - epoch 0 | global step 2850 | mode train | loss 2.0789 | accuracy 10.0 | mean_length 64
08-17-21 07:42:37 - epoch 0 | global step 2860 | mode train | loss 2.0787 | accuracy 11.25 | mean_length 64
08-17-21 07:43:05 - epoch 0 | global step 2870 | mode train | loss 2.0812 | accuracy 12.5 | mean_length 64
08-17-21 07:43:32 - epoch 0 | global step 2880 | mode train | loss 2.0788 | accuracy 15.0 | mean_length 64
08-17-21 07:43:59 - epoch 0 | global step 2890 | mode train | loss 2.0785 | accuracy 16.25 | mean_length 64
08-17-21 07:44:27 - epoch 0 | global step 2900 | mode train | loss 2.0813 | accuracy 10.0 | mean_length 64
08-17-21 07:54:06 - epoch 0 | global step 2900 | mode validation | loss 2.0795 | accuracy 12.8 | mean_length 64
08-17-21 07:54:33 - epoch 0 | global step 2910 | mode train | loss 2.0764 | accuracy 16.25 | mean_length 64
08-17-21 07:55:01 - epoch 0 | global step 2920 | mode train | loss 2.0796 | accuracy 11.25 | mean_length 64
08-17-21 07:55:28 - epoch 0 | global step 2930 | mode train | loss 2.0778 | accuracy 15.0 | mean_length 64
08-17-21 07:55:55 - epoch 0 | global step 2940 | mode train | loss 2.0796 | accuracy 16.25 | mean_length 64
08-17-21 07:56:22 - epoch 0 | global step 2950 | mode train | loss 2.0817 | accuracy 16.25 | mean_length 64
08-17-21 07:56:50 - epoch 0 | global step 2960 | mode train | loss 2.0826 | accuracy 7.5 | mean_length 64
08-17-21 07:57:17 - epoch 0 | global step 2970 | mode train | loss 2.0819 | accuracy 6.25 | mean_length 64
08-17-21 07:57:44 - epoch 0 | global step 2980 | mode train | loss 2.0798 | accuracy 8.75 | mean_length 64
08-17-21 07:58:12 - epoch 0 | global step 2990 | mode train | loss 2.081 | accuracy 13.75 | mean_length 64
08-17-21 07:58:39 - epoch 0 | global step 3000 | mode train | loss 2.0826 | accuracy 8.75 | mean_length 64
08-17-21 08:08:18 - epoch 0 | global step 3000 | mode validation | loss 2.0795 | accuracy 13.04 | mean_length 64
08-17-21 08:08:46 - epoch 0 | global step 3010 | mode train | loss 2.0793 | accuracy 16.25 | mean_length 64
08-17-21 08:09:13 - epoch 0 | global step 3020 | mode train | loss 2.079 | accuracy 13.75 | mean_length 64
08-17-21 08:09:40 - epoch 0 | global step 3030 | mode train | loss 2.078 | accuracy 15.0 | mean_length 64
08-17-21 08:10:08 - epoch 0 | global step 3040 | mode train | loss 2.0801 | accuracy 12.5 | mean_length 64
08-17-21 08:10:35 - epoch 0 | global step 3050 | mode train | loss 2.0847 | accuracy 8.75 | mean_length 64
08-17-21 08:11:02 - epoch 0 | global step 3060 | mode train | loss 2.0788 | accuracy 17.5 | mean_length 64
08-17-21 08:11:30 - epoch 0 | global step 3070 | mode train | loss 2.0772 | accuracy 17.5 | mean_length 64
08-17-21 08:11:57 - epoch 0 | global step 3080 | mode train | loss 2.0776 | accuracy 18.75 | mean_length 64
08-17-21 08:12:24 - epoch 0 | global step 3090 | mode train | loss 2.0799 | accuracy 10.0 | mean_length 64
08-17-21 08:12:52 - epoch 0 | global step 3100 | mode train | loss 2.082 | accuracy 8.75 | mean_length 64
08-17-21 08:22:30 - epoch 0 | global step 3100 | mode validation | loss 2.0793 | accuracy 13.14 | mean_length 64
08-17-21 08:22:58 - epoch 0 | global step 3110 | mode train | loss 2.0765 | accuracy 12.5 | mean_length 64
08-17-21 08:23:25 - epoch 0 | global step 3120 | mode train | loss 2.0783 | accuracy 13.75 | mean_length 64
08-17-21 08:23:52 - epoch 0 | global step 3130 | mode train | loss 2.0801 | accuracy 15.0 | mean_length 64
08-17-21 08:24:20 - epoch 0 | global step 3140 | mode train | loss 2.0794 | accuracy 11.25 | mean_length 64
08-17-21 08:24:47 - epoch 0 | global step 3150 | mode train | loss 2.0838 | accuracy 12.5 | mean_length 64
08-17-21 08:25:14 - epoch 0 | global step 3160 | mode train | loss 2.0785 | accuracy 15.0 | mean_length 64
08-17-21 08:25:42 - epoch 0 | global step 3170 | mode train | loss 2.0795 | accuracy 15.0 | mean_length 64
08-17-21 08:26:09 - epoch 0 | global step 3180 | mode train | loss 2.0785 | accuracy 8.75 | mean_length 64
08-17-21 08:26:36 - epoch 0 | global step 3190 | mode train | loss 2.0793 | accuracy 6.25 | mean_length 64
08-17-21 08:27:04 - epoch 0 | global step 3200 | mode train | loss 2.0793 | accuracy 15.0 | mean_length 64
08-17-21 08:36:43 - epoch 0 | global step 3200 | mode validation | loss 2.0796 | accuracy 12.6 | mean_length 64
08-17-21 08:37:10 - epoch 0 | global step 3210 | mode train | loss 2.0801 | accuracy 15.0 | mean_length 64
08-17-21 08:37:38 - epoch 0 | global step 3220 | mode train | loss 2.0846 | accuracy 3.75 | mean_length 64
08-17-21 08:38:05 - epoch 0 | global step 3230 | mode train | loss 2.082 | accuracy 6.25 | mean_length 64
08-17-21 08:38:32 - epoch 0 | global step 3240 | mode train | loss 2.0832 | accuracy 7.5 | mean_length 64
08-17-21 08:38:59 - epoch 0 | global step 3250 | mode train | loss 2.0799 | accuracy 8.75 | mean_length 64
08-17-21 08:39:27 - epoch 0 | global step 3260 | mode train | loss 2.0795 | accuracy 13.75 | mean_length 64
08-17-21 08:39:54 - epoch 0 | global step 3270 | mode train | loss 2.0798 | accuracy 6.25 | mean_length 64
08-17-21 08:40:21 - epoch 0 | global step 3280 | mode train | loss 2.0788 | accuracy 11.25 | mean_length 64
08-17-21 08:40:49 - epoch 0 | global step 3290 | mode train | loss 2.0778 | accuracy 16.25 | mean_length 64
08-17-21 08:41:16 - epoch 0 | global step 3300 | mode train | loss 2.0779 | accuracy 12.5 | mean_length 64
08-17-21 08:50:55 - epoch 0 | global step 3300 | mode validation | loss 2.0796 | accuracy 12.46 | mean_length 64
08-17-21 08:51:23 - epoch 0 | global step 3310 | mode train | loss 2.0807 | accuracy 12.5 | mean_length 64
08-17-21 08:51:50 - epoch 0 | global step 3320 | mode train | loss 2.0797 | accuracy 7.5 | mean_length 64
08-17-21 08:52:17 - epoch 0 | global step 3330 | mode train | loss 2.0784 | accuracy 13.75 | mean_length 64
08-17-21 08:52:45 - epoch 0 | global step 3340 | mode train | loss 2.0819 | accuracy 6.25 | mean_length 64
08-17-21 08:53:12 - epoch 0 | global step 3350 | mode train | loss 2.0811 | accuracy 10.0 | mean_length 64
08-17-21 08:53:39 - epoch 0 | global step 3360 | mode train | loss 2.0772 | accuracy 16.25 | mean_length 64
08-17-21 08:54:07 - epoch 0 | global step 3370 | mode train | loss 2.0783 | accuracy 18.75 | mean_length 64
08-17-21 08:54:34 - epoch 0 | global step 3380 | mode train | loss 2.0778 | accuracy 15.0 | mean_length 64
08-17-21 08:55:01 - epoch 0 | global step 3390 | mode train | loss 2.078 | accuracy 11.25 | mean_length 64
08-17-21 08:55:28 - epoch 0 | global step 3400 | mode train | loss 2.0804 | accuracy 12.5 | mean_length 64
08-17-21 09:05:07 - epoch 0 | global step 3400 | mode validation | loss 2.0796 | accuracy 12.58 | mean_length 64
08-17-21 09:05:35 - epoch 0 | global step 3410 | mode train | loss 2.0776 | accuracy 20.0 | mean_length 64
08-17-21 09:06:02 - epoch 0 | global step 3420 | mode train | loss 2.081 | accuracy 11.25 | mean_length 64
08-17-21 09:06:29 - epoch 0 | global step 3430 | mode train | loss 2.0796 | accuracy 12.5 | mean_length 64
08-17-21 09:06:57 - epoch 0 | global step 3440 | mode train | loss 2.0766 | accuracy 15.0 | mean_length 64
08-17-21 09:07:24 - epoch 0 | global step 3450 | mode train | loss 2.0797 | accuracy 6.25 | mean_length 64
08-17-21 09:07:51 - epoch 0 | global step 3460 | mode train | loss 2.081 | accuracy 8.75 | mean_length 64
08-17-21 09:08:19 - epoch 0 | global step 3470 | mode train | loss 2.0822 | accuracy 12.5 | mean_length 64
08-17-21 09:08:46 - epoch 0 | global step 3480 | mode train | loss 2.0804 | accuracy 10.0 | mean_length 64
08-17-21 09:09:13 - epoch 0 | global step 3490 | mode train | loss 2.079 | accuracy 10.0 | mean_length 64
08-17-21 09:09:41 - epoch 0 | global step 3500 | mode train | loss 2.0821 | accuracy 8.75 | mean_length 64
08-17-21 09:19:19 - epoch 0 | global step 3500 | mode validation | loss 2.0796 | accuracy 12.26 | mean_length 64
08-17-21 09:19:47 - epoch 0 | global step 3510 | mode train | loss 2.0812 | accuracy 2.5 | mean_length 64
08-17-21 09:20:14 - epoch 0 | global step 3520 | mode train | loss 2.0778 | accuracy 13.75 | mean_length 64
08-17-21 09:20:41 - epoch 0 | global step 3530 | mode train | loss 2.0774 | accuracy 11.25 | mean_length 64
08-17-21 09:21:09 - epoch 0 | global step 3540 | mode train | loss 2.0796 | accuracy 8.75 | mean_length 64
08-17-21 09:21:36 - epoch 0 | global step 3550 | mode train | loss 2.0795 | accuracy 11.25 | mean_length 64
08-17-21 09:22:03 - epoch 0 | global step 3560 | mode train | loss 2.0771 | accuracy 17.5 | mean_length 64
08-17-21 09:22:31 - epoch 0 | global step 3570 | mode train | loss 2.0812 | accuracy 12.5 | mean_length 64
08-17-21 09:22:58 - epoch 0 | global step 3580 | mode train | loss 2.0809 | accuracy 12.5 | mean_length 64
08-17-21 09:23:25 - epoch 0 | global step 3590 | mode train | loss 2.0802 | accuracy 13.75 | mean_length 64
08-17-21 09:23:53 - epoch 0 | global step 3600 | mode train | loss 2.0801 | accuracy 17.5 | mean_length 64
08-17-21 09:33:32 - epoch 0 | global step 3600 | mode validation | loss 2.0795 | accuracy 12.46 | mean_length 64
08-17-21 09:33:59 - epoch 0 | global step 3610 | mode train | loss 2.0823 | accuracy 10.0 | mean_length 64
08-17-21 09:34:27 - epoch 0 | global step 3620 | mode train | loss 2.0819 | accuracy 7.5 | mean_length 64
08-17-21 09:34:54 - epoch 0 | global step 3630 | mode train | loss 2.0798 | accuracy 11.25 | mean_length 64
08-17-21 09:35:21 - epoch 0 | global step 3640 | mode train | loss 2.0778 | accuracy 20.0 | mean_length 64
08-17-21 09:35:49 - epoch 0 | global step 3650 | mode train | loss 2.0777 | accuracy 15.0 | mean_length 64
08-17-21 09:36:16 - epoch 0 | global step 3660 | mode train | loss 2.0783 | accuracy 15.0 | mean_length 64
08-17-21 09:36:43 - epoch 0 | global step 3670 | mode train | loss 2.0813 | accuracy 10.0 | mean_length 64
08-17-21 09:37:10 - epoch 0 | global step 3680 | mode train | loss 2.08 | accuracy 11.25 | mean_length 64
08-17-21 09:37:38 - epoch 0 | global step 3690 | mode train | loss 2.0782 | accuracy 16.25 | mean_length 64
08-17-21 09:38:05 - epoch 0 | global step 3700 | mode train | loss 2.0807 | accuracy 11.25 | mean_length 64
