epoch,global step,mode,loss,accuracy,mean_length
0,0,train,1.74,25.0,27.75
0,0,validation,2.5156,12.4,53.3506
0,10,train,2.2598,21.0526,39.5658
0,10,train,2.4454,12.5,35.375
0,20,train,2.1975,13.1579,47.3947
0,20,train,2.1341,12.5,40.5
0,30,train,2.0905,12.5,50.9934
0,30,train,2.0766,25.0,48.125
0,40,train,2.0913,13.1579,50.9737
0,40,train,2.1047,0.0,51.75
0,50,train,2.1154,11.8421,56.6316
0,50,train,2.1081,25.0,61.375
0,60,train,2.0856,9.8684,58.4803
0,60,train,2.0537,12.5,60.375
0,70,train,2.0976,15.1316,60.1776
0,70,train,2.1083,0.0,62.625
0,80,train,2.1113,8.5526,61.9737
0,80,train,2.1987,0.0,64
0,90,train,2.0734,13.1579,62.6776
0,90,train,2.0506,12.5,62.375
0,100,train,2.0913,13.8158,62.9276
0,100,train,2.0049,12.5,64
0,110,train,2.0753,11.8421,62.3092
0,110,train,2.1388,0.0,63.125
0,120,train,2.0778,17.1053,63.1842
0,120,train,2.0486,12.5,57.625
0,130,train,2.0621,15.1316,63.4276
0,130,train,2.1385,0.0,64
0,140,train,2.0687,11.8421,63.4342
0,140,train,2.0376,0.0,64
0,150,train,2.0493,12.5,63.5066
0,150,train,2.2009,0.0,62.5
0,160,train,2.0456,17.7632,63.2039
0,160,train,2.1212,25.0,63.625
0,170,train,2.0847,7.8947,63.8355
0,170,train,2.096,0.0,62.375
0,180,train,2.0548,10.5263,63.8355
0,180,train,2.0693,12.5,64
0,190,train,2.0627,11.1842,63.6776
0,190,train,1.9478,12.5,64
0,200,train,2.0315,13.8158,63.8553
0,200,train,2.09,12.5,64
0,210,train,2.0324,11.8421,63.4605
0,210,train,2.0728,0.0,64
0,220,train,1.9745,15.7895,63.9408
0,220,train,2.1802,12.5,64
0,230,train,2.0327,11.8421,63.4474
0,230,train,2.029,12.5,64
0,240,train,1.9886,17.1053,63.7105
0,240,train,2.0238,12.5,62.875
0,250,train,2.0357,10.5263,63.7303
0,250,train,1.8399,25.0,62.25
0,260,train,2.0115,14.4737,63.7434
0,260,train,2.1067,0.0,64
0,270,train,2.0454,13.8158,63.6184
0,270,train,2.0681,0.0,64
0,280,train,2.0058,14.4737,63.6645
0,280,train,1.9535,12.5,64
0,290,train,1.9692,15.1316,63.2105
0,290,train,1.9,12.5,64
0,300,train,1.9795,15.1316,63.7434
0,300,train,1.8918,12.5,64
0,310,train,1.9839,13.1579,62.7697
0,310,train,2.195,0.0,64
0,320,train,1.9678,15.1316,62.8355
0,320,train,1.7611,37.5,64
0,330,train,1.945,14.4737,63.4211
0,330,train,1.8341,25.0,60
0,340,train,1.8854,21.7105,62.3487
0,340,train,2.1327,12.5,61.25
0,350,train,1.8904,21.7105,61.7105
0,350,train,2.0666,25.0,63.75
0,360,train,1.8925,22.3684,63.4605
0,360,train,1.6693,37.5,64
0,370,train,1.873,25.6579,62.5592
0,370,train,1.8406,25.0,64
0,380,train,1.8888,21.0526,63.1382
0,380,train,1.7952,25.0,59.5
0,390,train,1.7752,28.9474,63.5592
0,390,train,1.7927,12.5,64
0,400,train,1.7584,23.0263,62.7566
0,400,train,1.3758,37.5,61.75
0,410,train,1.7576,22.3684,63.1776
0,410,train,1.8985,0.0,64
0,420,train,1.7767,28.2895,60.2763
0,420,train,1.928,37.5,60.625
0,430,train,1.8295,21.7105,62.4868
0,430,train,2.0581,12.5,63.125
0,440,train,1.7424,36.1842,62.6513
0,440,train,1.5153,37.5,64
0,450,train,1.7519,27.6316,61.0132
0,450,train,1.5859,37.5,64
0,460,train,1.8238,30.9211,62.9013
0,460,train,2.0084,12.5,64
0,470,train,1.7334,34.2105,63.0987
0,470,train,1.8433,37.5,64
0,480,train,1.8572,26.9737,62.2632
0,480,train,1.9352,25.0,63.875
0,490,train,1.8426,29.6053,60.8487
0,490,train,1.6625,62.5,64
0,500,train,1.7071,36.1842,61.5526
0,500,train,1.7115,25.0,62.875
0,510,train,1.7522,22.3684,60.9605
0,510,train,1.6545,12.5,64
0,512,validation,1.7686,27.14,63.8566
0,512,validation,1.7638,27.1,63.8808
0,520,train,1.8152,28.2895,63.8355
0,520,train,1.6949,37.5,64
0,530,train,1.6703,35.5263,63.9276
0,530,train,1.5481,37.5,64
0,540,train,1.7172,28.9474,63.8026
0,540,train,1.3118,62.5,63.125
0,550,train,1.6788,32.2368,62.3289
0,550,train,1.0628,50.0,64
0,560,train,1.6192,40.1316,63.2895
0,560,train,1.0695,62.5,60.75
0,570,train,1.5587,43.4211,63.1184
0,570,train,1.2562,50.0,64
0,580,train,1.6123,37.5,63.0461
0,580,train,1.4745,50.0,64
0,590,train,1.5686,38.8158,63.2829
0,590,train,1.6547,12.5,64
0,600,train,1.5966,34.8684,63.7039
0,600,train,1.7214,12.5,64
0,610,train,1.5041,43.4211,63.4145
0,610,train,1.4506,37.5,64
0,620,train,1.5694,37.5,62.5855
0,620,train,1.3819,37.5,64
0,630,train,1.3878,44.7368,62.2961
0,630,train,1.4781,37.5,63.375
0,640,train,1.3956,46.7105,62.6184
0,640,train,1.1506,62.5,64
0,650,train,1.4281,40.1316,62.8092
0,650,train,1.7535,25.0,64
0,660,train,1.3557,45.3947,63.7105
0,660,train,1.5985,37.5,64
0,670,train,1.2741,51.3158,63.6316
0,670,train,1.2211,50.0,64
0,680,train,1.4807,36.1842,63.3882
0,680,train,1.7376,12.5,64
0,690,train,1.4101,44.0789,63.6645
0,690,train,1.2627,62.5,59.5
0,700,train,1.2483,52.6316,62.875
0,700,train,1.4132,62.5,64
0,710,train,1.3139,48.6842,63.8026
0,710,train,1.4111,50.0,64
0,720,train,1.1762,57.8947,63.2632
0,720,train,1.7634,50.0,64
0,730,train,1.2654,52.6316,64
0,730,train,1.3577,62.5,64
0,740,train,1.3462,51.3158,64
0,740,train,1.0882,75.0,64
0,750,train,1.3012,50.6579,63.8224
0,750,train,1.7224,25.0,64
0,760,train,1.15,58.5526,63.4539
0,760,train,1.228,62.5,64
0,770,train,1.1895,53.9474,63.9803
0,770,train,1.0781,62.5,61.75
0,780,train,1.1768,59.2105,63.4145
0,780,train,1.368,25.0,64
0,790,train,1.2784,55.9211,63.0658
0,790,train,1.2522,37.5,64
0,800,train,1.3347,53.2895,62.5132
0,800,train,1.1479,62.5,64
0,810,train,1.2429,50.0,63.6711
0,810,train,1.3013,50.0,64
0,820,train,1.23,50.0,63.5
0,820,train,1.143,75.0,64
0,830,train,1.0723,61.8421,62.6974
0,830,train,1.0141,75.0,64
0,840,train,1.1756,56.5789,63.4408
0,840,train,1.0745,62.5,63.25
0,850,train,1.2732,50.6579,63.1579
0,850,train,1.0295,62.5,58.75
0,860,train,0.911,69.0789,59.1842
0,860,train,0.8325,62.5,60
0,870,train,1.2238,53.9474,57.9803
0,870,train,1.0761,50.0,60.125
0,880,train,1.1528,54.6053,60.9539
0,880,train,1.6706,50.0,64
0,890,train,1.0239,63.1579,62.9803
0,890,train,0.9052,75.0,64
0,900,train,1.0483,63.1579,63.5855
0,900,train,1.0444,50.0,64
0,910,train,1.0368,57.8947,63.5658
0,910,train,0.8803,75.0,64
0,920,train,1.0999,51.9737,63.1711
0,920,train,0.8485,62.5,64
0,930,train,1.0512,57.2368,63.4671
0,930,train,1.4654,25.0,61.125
0,940,train,1.0831,65.1316,63.2566
0,940,train,0.8358,75.0,64
0,950,train,1.0104,63.8158,63.1579
0,950,train,0.8533,75.0,64
0,960,train,1.0631,59.2105,63.8882
0,960,train,0.9034,62.5,64
0,970,train,0.9468,65.7895,63.75
0,970,train,0.6862,87.5,64
0,980,train,0.9444,65.7895,61.7697
0,980,train,1.2852,50.0,64
0,990,train,0.9086,63.8158,62.8487
0,990,train,1.1359,75.0,63.625
0,1000,train,0.9136,63.8158,63.75
0,1000,train,0.7293,87.5,64
0,1010,train,0.894,67.1053,62.1513
0,1010,train,1.3781,50.0,64
0,1020,train,0.926,67.7632,62.9803
0,1020,train,1.2395,50.0,64
0,1024,validation,0.897,67.74,63.5444
0,1024,validation,0.9038,67.24,63.5164
0,1030,train,0.9976,58.5526,63.0132
0,1030,train,0.6608,75.0,64
0,1040,train,0.9475,69.7368,63.1711
0,1040,train,1.3337,50.0,64
0,1050,train,0.9741,67.1053,63.2763
0,1050,train,0.7598,75.0,64
0,1060,train,0.9478,59.8684,63.2237
0,1060,train,0.896,75.0,64
0,1070,train,0.862,67.1053,63.9934
0,1070,train,1.7056,50.0,64
0,1080,train,0.9395,68.4211,64
0,1080,train,0.9769,62.5,64
0,1090,train,0.7726,73.0263,63.9408
0,1090,train,0.7056,87.5,64
0,1100,train,0.8113,71.0526,64
0,1100,train,0.9197,75.0,64
0,1110,train,0.7742,73.0263,64
0,1110,train,1.1966,37.5,64
0,1120,train,0.7561,71.7105,64
0,1120,train,1.5124,50.0,64
0,1130,train,0.9165,67.7632,64
0,1130,train,0.9961,75.0,64
0,1140,train,0.8394,67.1053,63.9079
0,1140,train,0.8512,75.0,64
0,1150,train,0.9631,63.8158,63.6974
0,1150,train,0.9073,75.0,64
0,1160,train,0.8994,69.0789,63.625
0,1160,train,0.7982,87.5,64
0,1170,train,0.8938,66.4474,63.9671
0,1170,train,1.0563,62.5,64
0,1180,train,0.9235,66.4474,63.9868
0,1180,train,0.4657,87.5,64
0,1190,train,0.8142,68.4211,64
0,1190,train,0.6077,87.5,64
0,1200,train,0.8312,63.1579,64
0,1200,train,0.8552,75.0,64
0,1210,train,0.8499,69.7368,62.8421
0,1210,train,0.6836,75.0,58.875
0,1220,train,0.9744,62.5,54.1645
0,1220,train,0.9949,62.5,44.5
0,1230,train,0.8669,69.7368,53.0
0,1230,train,0.838,50.0,45.875
0,1240,train,0.7277,72.3684,53.8026
0,1240,train,0.9177,62.5,57.5
0,1250,train,0.865,66.4474,55.1776
0,1250,train,0.8279,75.0,61.25
0,1260,train,0.8657,65.1316,58.5855
0,1260,train,0.5559,87.5,58.125
0,1270,train,0.8826,72.3684,58.1776
0,1270,train,0.5873,75.0,62
0,1280,train,0.686,78.2895,61.1316
0,1280,train,1.2499,37.5,64
0,1290,train,0.7062,73.6842,57.7237
0,1290,train,1.2468,50.0,58.75
0,1300,train,0.7795,71.7105,53.6382
0,1300,train,0.9397,75.0,64
0,1310,train,0.7246,71.7105,56.4671
0,1310,train,1.247,37.5,56.5
0,1320,train,0.7862,69.7368,54.9671
0,1320,train,1.0069,75.0,54.5
0,1330,train,0.8132,67.1053,54.5329
0,1330,train,0.6988,87.5,64
0,1340,train,0.6785,72.3684,53.3289
0,1340,train,1.165,50.0,52.625
0,1350,train,0.7029,72.3684,56.4013
0,1350,train,0.3284,100.0,55.625
0,1360,train,0.7877,67.7632,54.6184
0,1360,train,0.9069,50.0,44.75
0,1370,train,0.7719,68.4211,53.1908
0,1370,train,0.8298,50.0,57.875
0,1380,train,0.8321,70.3947,51.8026
0,1380,train,0.9195,62.5,58.25
0,1390,train,0.6785,75.0,55.2895
0,1390,train,0.4105,87.5,61.25
0,1400,train,0.7486,69.7368,57.1711
0,1400,train,0.7285,62.5,59.875
0,1410,train,0.7429,73.0263,57.5724
0,1410,train,0.8681,62.5,60.75
0,1420,train,0.6766,78.9474,60.5855
0,1420,train,1.0451,62.5,64
0,1430,train,0.64,76.3158,61.0132
0,1430,train,0.3255,87.5,62.75
0,1440,train,0.6901,75.6579,60.7303
0,1440,train,1.204,50.0,52.5
0,1450,train,0.7518,72.3684,60.875
0,1450,train,0.9856,62.5,64
0,1460,train,0.6944,72.3684,60.7763
0,1460,train,0.8201,75.0,64
0,1470,train,0.6406,78.2895,62.0
0,1470,train,1.1457,37.5,60.25
0,1480,train,0.6024,82.8947,61.9539
0,1480,train,0.6287,87.5,64
0,1490,train,0.7025,74.3421,61.8355
0,1490,train,0.7562,62.5,58.5
0,1500,train,0.567,79.6053,61.2303
0,1500,train,0.5433,75.0,63.875
0,1510,train,0.5492,77.6316,60.2961
0,1510,train,0.4257,75.0,64
0,1520,train,0.6131,76.9737,61.4737
0,1520,train,0.9813,62.5,63.875
0,1530,train,0.7312,70.3947,62.3289
0,1530,train,0.873,50.0,60.125
0,1536,validation,0.6415,77.08,63.3144
0,1536,validation,0.6678,74.98,63.3522
0,1540,train,0.7422,75.0,62.5066
0,1540,train,1.0675,62.5,62.75
0,1550,train,0.7341,67.7632,61.9934
0,1550,train,0.4321,87.5,64
0,1560,train,0.626,74.3421,62.1447
0,1560,train,0.9012,62.5,60.5
0,1570,train,0.5573,76.3158,61.8816
0,1570,train,0.4066,87.5,64
0,1580,train,0.6335,79.6053,63.4803
0,1580,train,0.7606,62.5,64
0,1590,train,0.6181,74.3421,62.4934
0,1590,train,0.6465,75.0,64
0,1600,train,0.7577,75.6579,61.8882
0,1600,train,0.6417,62.5,63.625
0,1610,train,0.5613,78.9474,61.3421
0,1610,train,0.6123,87.5,58.875
0,1620,train,0.679,75.0,61.2961
0,1620,train,1.1612,75.0,64
0,1630,train,0.5721,79.6053,61.5658
0,1630,train,0.4575,87.5,64
0,1640,train,0.5978,77.6316,62.5592
0,1640,train,0.4237,75.0,58.875
0,1650,train,0.5281,82.8947,62.6513
0,1650,train,0.5501,87.5,58.375
0,1660,train,0.5702,77.6316,62.0987
0,1660,train,0.6886,75.0,60.5
0,1670,train,0.6231,78.2895,62.0132
0,1670,train,0.2332,100.0,64
0,1680,train,0.6484,75.6579,60.9868
0,1680,train,1.2285,37.5,64
0,1690,train,0.5879,77.6316,61.1711
0,1690,train,1.0203,62.5,58.375
0,1700,train,0.5651,81.5789,59.9342
0,1700,train,0.4489,87.5,58.375
0,1710,train,0.6761,73.6842,59.875
0,1710,train,0.6235,62.5,59.625
0,1720,train,0.5233,78.2895,59.3092
0,1720,train,0.493,87.5,59.75
0,1730,train,0.5202,82.8947,57.2171
0,1730,train,0.906,75.0,58.5
0,1740,train,0.6175,75.0,57.2566
0,1740,train,0.2307,100.0,61.25
0,1750,train,0.5051,85.5263,60.0066
0,1750,train,0.4958,87.5,64
0,1760,train,0.4962,80.9211,60.7368
0,1760,train,0.5342,75.0,63.5
0,1770,train,0.486,90.1316,62.3355
0,1770,train,0.8099,75.0,58.75
0,1780,train,0.4797,83.5526,60.4276
0,1780,train,0.3012,87.5,64
0,1790,train,0.4583,84.2105,61.0789
0,1790,train,1.1298,62.5,54
0,1800,train,0.5405,81.5789,57.75
0,1800,train,0.6275,75.0,64
0,1810,train,0.6083,78.2895,60.0263
0,1810,train,0.2936,87.5,55.375
0,1820,train,0.4507,86.8421,59.8224
0,1820,train,0.4323,87.5,60
0,1830,train,0.489,82.8947,60.2697
0,1830,train,0.7006,62.5,56.125
0,1840,train,0.4956,78.9474,60.0526
0,1840,train,0.5526,75.0,62.5
0,1850,train,0.624,78.9474,60.5395
0,1850,train,0.7399,75.0,54.625
0,1860,train,0.494,82.2368,59.6447
0,1860,train,0.4411,87.5,59.625
0,1870,train,0.4697,84.8684,61.9276
0,1870,train,0.2446,100.0,60.5
0,1880,train,0.5211,80.2632,62.2237
0,1880,train,0.4487,75.0,60.875
0,1890,train,0.5912,76.3158,62.3553
0,1890,train,0.1449,100.0,64
0,1900,train,0.5412,79.6053,61.8355
0,1900,train,0.2302,87.5,64
0,1910,train,0.5133,80.9211,62.5066
0,1910,train,0.425,100.0,64
0,1920,train,0.4783,80.2632,61.3553
0,1920,train,0.3484,87.5,61.375
0,1930,train,0.4945,82.8947,60.3026
0,1930,train,0.381,87.5,62.75
0,1940,train,0.5516,80.9211,62.8882
0,1940,train,0.3447,87.5,64
0,1950,train,0.5555,77.6316,61.6382
0,1950,train,0.9931,50.0,58.875
0,1960,train,0.5289,76.3158,61.1184
0,1960,train,0.386,75.0,63.875
0,1970,train,0.4525,89.4737,59.2566
0,1970,train,0.2014,100.0,64
0,1980,train,0.4526,83.5526,61.875
0,1980,train,0.2466,87.5,63.125
0,1990,train,0.4617,81.5789,61.7039
0,1990,train,0.4235,87.5,60.75
0,2000,train,0.4995,84.2105,61.7368
0,2000,train,0.6221,62.5,60
0,2010,train,0.5077,82.8947,62.5
0,2010,train,0.3021,87.5,64
0,2020,train,0.52,79.6053,61.4671
0,2020,train,0.2294,100.0,64
0,2030,train,0.5109,81.5789,62.6053
0,2030,train,0.6152,87.5,63.625
0,2040,train,0.4326,84.8684,61.8816
0,2040,train,0.2487,100.0,64
0,2048,validation,0.4106,86.18,63.439
0,2048,validation,0.4112,86.16,63.4738
0,2050,train,0.4664,83.5526,62.4539
0,2050,train,0.3323,100.0,63.75
0,2060,train,0.4855,82.2368,62.2039
0,2060,train,0.9832,62.5,64
0,2070,train,0.477,80.9211,63.2566
0,2070,train,0.919,62.5,63.375
0,2080,train,0.5481,81.5789,63.4671
0,2080,train,0.6234,75.0,62.75
0,2090,train,0.5266,78.9474,63.2237
0,2090,train,0.4726,87.5,61.25
0,2100,train,0.4698,83.5526,63.4013
0,2100,train,0.7056,62.5,64
0,2110,train,0.4319,85.5263,63.3224
0,2110,train,0.3728,87.5,64
0,2120,train,0.4413,88.1579,63.6579
0,2120,train,0.1516,100.0,64
0,2130,train,0.4786,83.5526,63.6711
0,2130,train,0.339,100.0,64
0,2140,train,0.3661,88.1579,63.5329
0,2140,train,0.6125,75.0,60.25
0,2150,train,0.4623,84.8684,63.6184
0,2150,train,0.2891,100.0,64
0,2160,train,0.5078,82.2368,63.9408
0,2160,train,0.9,62.5,64
0,2170,train,0.4146,85.5263,63.9276
0,2170,train,0.1379,100.0,64
0,2180,train,0.4139,84.2105,63.8487
0,2180,train,0.3617,100.0,64
0,2190,train,0.438,82.8947,63.4474
0,2190,train,0.2967,87.5,64
0,2200,train,0.4043,87.5,63.9079
0,2200,train,0.35,87.5,64
0,2210,train,0.3819,87.5,64
0,2210,train,0.3002,87.5,64
0,2220,train,0.344,89.4737,63.8947
0,2220,train,0.2736,87.5,64
0,2230,train,0.5027,84.2105,63.7829
0,2230,train,0.15,100.0,64
0,2240,train,0.4596,80.9211,63.6974
0,2240,train,0.2972,87.5,64
0,2250,train,0.4683,83.5526,63.7368
0,2250,train,0.1878,100.0,64
0,2260,train,0.4033,86.1842,63.7566
0,2260,train,0.6932,62.5,64
0,2270,train,0.3634,90.7895,63.7566
0,2270,train,0.4258,87.5,60.125
0,2280,train,0.4234,84.8684,63.6974
0,2280,train,0.7413,62.5,64
0,2290,train,0.4563,81.5789,63.9408
0,2290,train,0.4333,87.5,64
0,2300,train,0.654,77.6316,64
0,2300,train,0.632,75.0,64
0,2310,train,0.6121,79.6053,64
0,2310,train,1.1005,75.0,64
0,2320,train,0.4347,82.8947,63.8092
0,2320,train,0.6112,75.0,64
0,2330,train,0.457,82.8947,63.7105
0,2330,train,0.835,50.0,63.25
0,2340,train,0.4775,83.5526,63.8816
0,2340,train,0.2161,100.0,64
0,2350,train,0.4497,82.2368,63.2566
0,2350,train,0.566,75.0,64
0,2360,train,0.5368,82.2368,63.7303
0,2360,train,0.2722,87.5,64
0,2370,train,0.5159,82.2368,63.2303
0,2370,train,0.458,87.5,63
0,2380,train,0.4703,83.5526,63.1842
0,2380,train,0.5097,75.0,64
0,2390,train,0.4844,84.2105,63.6382
0,2390,train,0.4145,100.0,64
0,2400,train,0.4648,82.2368,63.7566
0,2400,train,0.2128,100.0,64
0,2410,train,0.3965,86.8421,64
0,2410,train,0.377,75.0,64
0,2420,train,0.4997,82.8947,63.9211
0,2420,train,0.6427,62.5,61.75
0,2430,train,0.385,85.5263,64
0,2430,train,0.4981,75.0,64
0,2440,train,0.4899,82.2368,63.9145
0,2440,train,0.2286,87.5,64
0,2450,train,0.4639,86.1842,63.6776
0,2450,train,0.4829,87.5,64
0,2460,train,0.301,90.7895,63.7895
0,2460,train,0.4786,87.5,64
0,2470,train,0.3111,88.8158,63.9868
0,2470,train,0.0915,100.0,64
0,2480,train,0.362,88.1579,63.7961
0,2480,train,0.4538,87.5,64
0,2490,train,0.4874,82.2368,64
0,2490,train,0.3032,100.0,62.75
0,2500,train,0.5019,83.5526,63.8684
0,2500,train,0.5939,87.5,64
0,2510,train,0.9704,63.1579,63.9737
0,2510,train,0.5937,75.0,64
0,2520,train,0.9225,66.4474,63.6382
0,2520,train,0.7122,75.0,64
0,2530,train,0.9777,61.1842,63.8882
0,2530,train,0.2622,100.0,64
0,2540,train,0.8926,64.4737,63.7105
0,2540,train,0.4126,87.5,64
0,2550,train,0.6295,81.5789,63.3224
0,2550,train,0.3744,75.0,64
0,2560,train,0.5534,80.2632,62.9539
0,2560,validation,1.4524,42.38,63.889
0,2560,train,0.5565,75.0,61.375
0,2560,validation,1.4612,42.04,63.8888
0,2570,train,0.4677,84.2105,61.2697
0,2570,train,0.4515,100.0,63.625
0,2580,train,0.5857,78.2895,62.3092
0,2580,train,0.8274,62.5,60.25
0,2590,train,0.3978,87.5,61.6974
0,2590,train,0.5454,87.5,64
0,2600,train,0.4395,84.2105,62.2895
0,2600,train,0.6199,75.0,64
0,2610,train,0.3887,86.8421,62.2697
0,2610,train,0.3518,87.5,63
0,2620,train,0.4441,86.1842,63.2368
0,2620,train,0.5177,87.5,64
0,2630,train,0.4458,83.5526,63.6184
0,2630,train,0.6088,75.0,64
0,2640,train,0.3845,86.1842,63.9013
0,2640,train,0.3034,87.5,64
0,2650,train,0.3544,88.8158,63.6382
0,2650,train,0.2996,87.5,62.625
0,2660,train,0.4525,81.5789,63.8026
0,2660,train,0.3568,87.5,63
0,2670,train,0.3132,88.8158,62.8487
0,2670,train,0.3796,87.5,64
0,2680,train,0.3332,91.4474,62.6184
0,2680,train,0.3129,87.5,63.25
0,2690,train,0.6023,78.2895,63.1776
0,2690,train,0.5243,75.0,64
0,2700,train,0.429,87.5,62.1908
0,2700,train,0.3752,100.0,62.125
0,2710,train,0.34,88.8158,62.8421
0,2710,train,0.5439,75.0,61.375
0,2720,train,0.423,83.5526,63.1579
0,2720,train,0.2152,100.0,64
0,2730,train,0.3821,88.1579,63.7763
0,2730,train,0.1976,100.0,64
0,2740,train,0.4401,86.1842,63.6447
0,2740,train,0.3295,87.5,63.375
0,2750,train,0.4489,84.2105,63.9145
0,2750,train,0.4363,87.5,64
0,2760,train,0.4273,82.8947,63.4276
0,2760,train,0.0745,100.0,64
0,2770,train,0.3564,88.1579,63.6908
0,2770,train,0.428,87.5,64
0,2780,train,0.3493,88.8158,64
0,2780,train,0.4055,100.0,64
0,2790,train,0.3168,90.7895,63.6184
0,2790,train,0.3424,87.5,64
0,2800,train,0.3614,88.8158,63.5263
0,2800,train,0.3665,87.5,64
0,2810,train,0.3519,88.1579,63.9145
0,2810,train,0.1796,100.0,62.875
0,2820,train,0.3117,90.1316,63.125
0,2820,train,0.2308,87.5,64
0,2830,train,0.3109,88.8158,63.0461
0,2830,train,0.2072,100.0,64
0,2840,train,0.3114,89.4737,62.5592
0,2840,train,0.4444,75.0,62.375
0,2850,train,0.3079,88.1579,63.2895
0,2850,train,0.2274,100.0,61.375
0,2860,train,0.2827,89.4737,63.6776
0,2860,train,0.4807,87.5,64
0,2870,train,0.3617,82.8947,63.5132
0,2870,train,0.4878,75.0,64
0,2880,train,0.3691,87.5,63.0658
0,2880,train,0.1008,100.0,64
0,2890,train,0.2861,93.4211,63.6645
0,2890,train,0.1974,100.0,64
0,2900,train,0.2822,88.8158,63.5329
0,2900,train,0.3826,87.5,64
0,2910,train,0.3094,90.7895,63.7895
0,2910,train,0.7045,62.5,64
0,2920,train,0.3187,90.7895,63.9211
0,2920,train,0.2626,100.0,64
0,2930,train,0.3017,91.4474,63.7237
0,2930,train,0.1583,87.5,62.75
0,2940,train,0.3192,89.4737,63.3947
0,2940,train,0.355,87.5,64
0,2950,train,0.2912,88.1579,63.4145
0,2950,train,0.9187,62.5,61.125
0,2960,train,0.2479,92.1053,63.0461
0,2960,train,0.315,87.5,62.625
0,2970,train,0.3634,86.1842,63.2697
0,2970,train,0.2184,100.0,60.875
0,2980,train,0.3321,86.8421,61.25
0,2980,train,0.0609,100.0,60.875
0,2990,train,0.254,90.7895,62.3289
0,2990,train,0.5691,87.5,60
0,3000,train,0.2376,92.1053,59.5066
0,3000,train,0.1689,100.0,60.875
0,3010,train,0.2963,91.4474,59.7434
0,3010,train,0.13,100.0,63
0,3020,train,0.2851,91.4474,57.0329
0,3020,train,0.0682,100.0,58
0,3030,train,0.2295,95.3947,58.4474
0,3030,train,0.4564,87.5,50.375
0,3040,train,0.2104,94.0789,57.7829
0,3040,train,0.3019,87.5,59.875
0,3050,train,0.2336,92.1053,59.5066
0,3050,train,0.1123,100.0,64
0,3060,train,0.2302,90.7895,60.9211
0,3060,train,0.9207,75.0,61.5
0,3070,train,0.3437,86.8421,62.2368
0,3070,train,0.1771,100.0,64
0,3072,validation,0.3193,88.58,63.4162
0,3072,validation,0.302,89.22,63.4254
0,3080,train,0.2704,91.4474,62.75
0,3080,train,0.1661,100.0,64
0,3090,train,0.1919,94.0789,63.1579
0,3090,train,0.344,75.0,64
0,3100,train,0.2515,92.1053,63.4671
0,3100,train,0.1883,100.0,64
0,3110,train,0.2788,88.1579,63.5855
0,3110,train,0.0169,100.0,64
0,3120,train,0.2281,93.4211,63.3158
0,3120,train,0.1056,100.0,64
0,3130,train,0.2335,91.4474,63.4079
0,3130,train,0.207,87.5,64
0,3140,train,0.174,96.7105,63.8026
0,3140,train,0.3818,87.5,64
0,3150,train,0.4061,84.8684,63.4013
0,3150,train,0.4381,75.0,64
0,3160,train,0.3229,87.5,63.1579
0,3160,train,0.4825,75.0,64
0,3170,train,0.2815,90.7895,62.7566
0,3170,train,0.1758,100.0,62.375
0,3180,train,0.2504,92.1053,63.2895
0,3180,train,0.0671,100.0,61.5
0,3190,train,0.2415,92.1053,62.8816
0,3190,train,0.1023,100.0,64
0,3200,train,0.2684,89.4737,62.7303
0,3200,train,0.5435,75.0,64
0,3210,train,0.2941,89.4737,62.1382
0,3210,train,0.8858,75.0,64
0,3220,train,0.287,90.1316,63.1579
0,3220,train,0.1332,100.0,62.125
0,3230,train,0.2616,89.4737,62.8421
0,3230,train,0.2736,87.5,64
0,3240,train,0.2124,92.7632,63.6842
0,3240,train,0.8782,62.5,56.375
0,3250,train,0.2847,90.7895,62.3158
0,3250,train,0.2069,100.0,64
0,3260,train,0.2507,90.1316,62.9539
0,3260,train,0.1204,100.0,64
0,3270,train,0.285,91.4474,63.8289
0,3270,train,0.1197,87.5,64
0,3280,train,0.1862,94.7368,63.75
0,3280,train,0.1006,100.0,64
0,3290,train,0.2672,90.1316,63.5855
0,3290,train,0.2246,87.5,64
0,3300,train,0.3203,89.4737,63.4671
0,3300,train,0.0814,100.0,64
0,3310,train,0.2645,90.1316,63.2237
0,3310,train,0.1214,87.5,63.5
0,3320,train,0.303,89.4737,63.0329
0,3320,train,0.4813,87.5,63.625
0,3330,train,0.2866,92.1053,62.7566
0,3330,train,0.0282,100.0,61.375
0,3340,train,0.2911,88.8158,62.9934
0,3340,train,0.1195,100.0,62.125
0,3350,train,0.3167,88.8158,63.2566
0,3350,train,0.4102,87.5,64
0,3360,train,0.3222,88.8158,63.5
0,3360,train,0.1579,100.0,64
0,3370,train,0.4116,85.5263,63.6053
0,3370,train,0.3087,87.5,64
0,3380,train,0.3594,88.1579,63.1776
0,3380,train,0.1548,100.0,60
0,3390,train,0.3529,91.4474,63.3289
0,3390,train,0.466,87.5,64
0,3400,train,0.2327,92.1053,62.9868
0,3400,train,0.043,100.0,61.875
0,3410,train,0.2235,92.7632,62.7632
0,3410,train,0.282,75.0,61.125
0,3420,train,0.3032,90.1316,61.9737
0,3420,train,0.4058,87.5,62.5
0,3430,train,0.2649,90.1316,62.7961
0,3430,train,0.2032,87.5,64
0,3440,train,0.2892,90.1316,61.9079
0,3440,train,0.1405,100.0,63
0,3450,train,0.2768,92.1053,61.4605
0,3450,train,0.153,100.0,63.25
0,3460,train,0.2763,92.7632,61.4737
0,3460,train,0.4456,87.5,61.375
0,3470,train,0.2577,92.1053,62.6842
0,3470,train,0.5515,75.0,64
0,3480,train,0.3668,86.1842,62.5
0,3480,train,0.0528,100.0,55.875
0,3490,train,0.2697,90.7895,63.1118
0,3490,train,0.2787,87.5,64
0,3500,train,0.2145,92.1053,63.3553
0,3500,train,0.1053,100.0,61.75
0,3510,train,0.2738,90.1316,62.6184
0,3510,train,0.2481,100.0,64
0,3520,train,0.2683,91.4474,63.6316
0,3520,train,0.053,100.0,62
0,3530,train,0.2336,92.1053,63.3882
0,3530,train,0.4052,75.0,64
0,3540,train,0.2935,88.8158,62.6447
0,3540,train,0.6401,87.5,61.375
0,3550,train,0.27,90.1316,62.7566
0,3550,train,0.2457,87.5,64
0,3560,train,0.3385,86.1842,62.4079
0,3560,train,0.0946,100.0,61.75
0,3570,train,0.1634,98.6842,62.1053
0,3570,train,0.1068,100.0,64
0,3580,train,0.1981,91.4474,62.9145
0,3580,train,0.1645,100.0,64
0,3584,validation,0.2316,92.32,63.2114
0,3584,validation,0.232,92.6,63.1864
0,3590,train,0.2578,88.8158,62.5592
0,3590,train,0.1464,87.5,64
0,3600,train,0.226,92.1053,63.1053
0,3600,train,0.0907,100.0,60.25
0,3610,train,0.2659,91.4474,63.2961
0,3610,train,0.3612,75.0,64
0,3620,train,0.3148,88.1579,63.2829
0,3620,train,0.8686,62.5,64
0,3630,train,0.3252,88.8158,63.0
0,3630,train,0.6315,75.0,64
0,3640,train,0.3145,88.8158,63.7763
0,3640,train,0.1301,100.0,64
0,3650,train,0.2814,91.4474,63.1645
0,3650,train,0.4171,87.5,63.25
0,3660,train,0.2745,92.1053,62.5526
0,3660,train,0.2453,87.5,64
0,3670,train,0.2072,93.4211,63.9013
0,3670,train,0.2824,100.0,64
0,3680,train,0.351,86.8421,63.2763
0,3680,train,0.0904,100.0,64
0,3690,train,0.247,90.7895,63.7961
0,3690,train,0.197,100.0,64
0,3700,train,0.2454,92.1053,63.7566
0,3700,train,0.5511,87.5,64
0,3710,train,0.2539,90.7895,63.4803
0,3710,train,0.0662,100.0,64
0,3720,train,0.1992,97.3684,63.75
0,3720,train,0.5263,87.5,64
0,3730,train,0.3028,90.7895,63.9013
0,3730,train,0.4186,87.5,64
0,3740,train,0.6282,77.6316,63.5592
0,3740,train,0.9312,62.5,64
0,3750,train,1.3517,51.9737,64
0,3750,train,1.8013,37.5,64
0,3760,train,1.3035,51.9737,64
0,3760,train,0.633,87.5,64
0,3770,train,1.0603,61.8421,64
0,3770,train,0.9193,62.5,61.625
0,3780,train,0.8663,67.7632,63.8947
0,3780,train,0.4655,75.0,64
0,3790,train,0.712,73.6842,64
0,3790,train,0.6695,75.0,64
0,3800,train,0.4787,84.2105,63.4671
0,3800,train,0.1607,100.0,64
0,3810,train,0.4817,80.9211,63.6711
0,3810,train,0.3864,87.5,62
0,3820,train,0.4736,81.5789,63.4145
0,3820,train,0.3213,100.0,64
0,3830,train,0.4999,82.8947,63.2171
0,3830,train,0.0903,100.0,64
0,3840,train,0.3656,87.5,63.4145
0,3840,train,0.0808,100.0,62.875
0,3850,train,0.3726,82.8947,63.7763
0,3850,train,0.1464,100.0,64
0,3860,train,0.2309,90.1316,63.7171
0,3860,train,0.367,75.0,64
0,3870,train,0.2259,92.7632,63.6776
0,3870,train,0.3731,87.5,64
0,3880,train,0.3571,88.1579,63.9803
0,3880,train,0.1639,100.0,64
0,3890,train,0.512,83.5526,63.5197
0,3890,train,1.4167,50.0,63.375
0,3900,train,0.3961,88.1579,63.6053
0,3900,train,0.4324,75.0,62.875
0,3910,train,1.0598,63.1579,63.8092
0,3910,train,0.6278,100.0,64
0,3920,train,1.3193,49.3421,64
0,3920,train,1.5069,50.0,64
0,3930,train,1.3561,52.6316,64
0,3930,train,1.3446,50.0,64
0,3940,train,1.1871,57.2368,64
0,3940,train,1.6596,25.0,64
0,3950,train,1.1299,59.2105,64
0,3950,train,0.9726,62.5,64
0,3960,train,1.1742,54.6053,64
0,3960,train,0.9741,50.0,64
0,3970,train,0.9301,65.1316,64
0,3970,train,0.6364,75.0,64
0,3980,train,0.978,61.8421,64
0,3980,train,1.0343,62.5,64
0,3990,train,1.1312,56.5789,64
0,3990,train,0.8268,62.5,64
0,4000,train,0.8875,65.7895,64
0,4000,train,0.358,100.0,64
0,4010,train,0.9514,67.7632,64
0,4010,train,1.2987,50.0,64
0,4020,train,0.887,66.4474,64
0,4020,train,0.7554,75.0,64
0,4030,train,0.8633,67.7632,64
0,4030,train,0.6632,87.5,64
0,4040,train,0.8891,68.4211,64
0,4040,train,1.0065,50.0,64
0,4050,train,0.8571,70.3947,64
0,4050,train,0.4125,100.0,64
0,4060,train,0.8158,69.0789,64
0,4060,train,0.5424,87.5,64
0,4070,train,0.7709,67.1053,64
0,4070,train,0.4128,100.0,64
0,4080,train,0.9022,69.0789,64
0,4080,train,0.6094,87.5,64
0,4090,train,0.8624,64.4737,64
0,4090,train,1.0365,50.0,64
0,4096,validation,0.9968,61.86,64
0,4096,validation,1.0112,62.36,64
0,4100,train,0.829,69.7368,64
0,4100,train,0.5325,62.5,64
0,4110,train,0.6433,75.6579,64
0,4110,train,0.2795,87.5,64
0,4120,train,0.6004,73.0263,64
0,4120,train,0.4529,75.0,64
0,4130,train,0.6744,75.0,64
0,4130,train,0.5102,75.0,64
0,4140,train,0.6349,76.9737,64
0,4140,train,0.5275,62.5,64
0,4150,train,0.6557,78.2895,64
0,4150,train,1.1914,62.5,64
0,4160,train,0.6077,74.3421,64
0,4160,train,0.2454,100.0,64
0,4170,train,0.4836,84.2105,63.9013
0,4170,train,0.3715,87.5,64
0,4180,train,0.4264,82.2368,63.9276
0,4180,train,0.5905,75.0,64
0,4190,train,0.5479,82.2368,64
0,4190,train,0.9042,62.5,64
0,4200,train,0.3734,84.8684,64
0,4200,train,0.3058,87.5,64
0,4210,train,0.306,90.7895,64
0,4210,train,0.4632,87.5,64
0,4220,train,0.2681,92.7632,63.5724
0,4220,train,0.2057,100.0,64
0,4230,train,0.2175,94.0789,63.5789
0,4230,train,0.3036,100.0,60.25
0,4240,train,0.2659,92.7632,63.6776
0,4240,train,0.0749,100.0,64
0,4250,train,0.2477,94.0789,63.3158
0,4250,train,0.3139,75.0,64
0,4260,train,0.2539,93.4211,63.9474
0,4260,train,0.2833,75.0,62.5
0,4270,train,0.224,92.1053,63.25
0,4270,train,0.2077,87.5,58.75
0,4280,train,0.2424,92.1053,64
0,4280,train,0.0979,100.0,64
0,4290,train,0.2562,90.7895,64
0,4290,train,0.4,87.5,64
0,4300,train,0.2708,88.8158,63.8421
0,4300,train,0.4064,75.0,64
0,4310,train,0.2239,90.7895,63.6645
0,4310,train,0.3182,87.5,64
0,4320,train,0.2632,90.1316,63.4605
0,4320,train,0.6047,75.0,64
0,4330,train,0.2781,88.8158,63.5263
0,4330,train,0.1438,100.0,64
0,4340,train,0.2165,92.7632,63.5592
0,4340,train,0.0871,100.0,64
0,4350,train,0.181,96.0526,63.6316
0,4350,train,0.2623,75.0,64
0,4360,train,0.2071,94.0789,63.5263
0,4360,train,0.3273,87.5,64
0,4370,train,0.1792,93.4211,63.4276
0,4370,train,0.4337,75.0,64
0,4380,train,0.2389,92.1053,63.2566
0,4380,train,0.2319,100.0,59.25
0,4390,train,0.1726,96.0526,63.6184
0,4390,train,0.2791,87.5,60.625
0,4400,train,0.2587,91.4474,63.3158
0,4400,train,0.8046,62.5,64
0,4410,train,0.1592,95.3947,63.3553
0,4410,train,0.107,100.0,61.875
0,4420,train,0.1863,96.0526,63.5
0,4420,train,0.3275,87.5,64
0,4430,train,0.3335,87.5,63.3684
0,4430,train,0.257,87.5,64
0,4440,train,0.2186,93.4211,62.7039
0,4440,train,0.3016,87.5,64
0,4450,train,0.2105,93.4211,62.5132
0,4450,train,0.0356,100.0,64
0,4460,train,0.2075,98.0263,62.7303
0,4460,train,0.0763,100.0,64
0,4470,train,0.1914,92.7632,63.0921
0,4470,train,0.2599,75.0,59.125
0,4480,train,0.1461,96.7105,63.2632
0,4480,train,0.2908,87.5,64
0,4490,train,0.2007,95.3947,63.8684
0,4490,train,0.3253,87.5,64
0,4500,train,0.2091,92.7632,63.3553
0,4500,train,0.2934,87.5,64
0,4510,train,0.2428,91.4474,63.7829
0,4510,train,0.9814,75.0,63
0,4520,train,0.1737,94.0789,63.1382
0,4520,train,0.0478,100.0,64
0,4530,train,0.2683,92.1053,63.0263
0,4530,train,0.3631,100.0,63.25
0,4540,train,0.2224,90.7895,63.5987
0,4540,train,0.0937,100.0,64
0,4550,train,0.3335,89.4737,62.7895
0,4550,train,0.2946,87.5,64
0,4560,train,0.3227,88.1579,63.0526
0,4560,train,0.5639,62.5,64
0,4570,train,0.4047,86.1842,63.3816
0,4570,train,0.316,87.5,64
0,4580,train,0.4957,82.2368,64
0,4580,train,0.4425,100.0,64
0,4590,train,0.5812,77.6316,64
0,4590,train,0.1194,100.0,64
0,4600,train,0.6095,80.9211,64
0,4600,train,0.2778,100.0,64
0,4608,validation,0.7249,72.7,64
0,4608,validation,0.7356,72.44,64
0,4610,train,0.5214,82.8947,64
0,4610,train,0.8349,62.5,64
0,4620,train,0.7387,75.6579,64
0,4620,train,0.7069,75.0,64
0,4630,train,0.596,75.6579,64
0,4630,train,0.5094,87.5,64
0,4640,train,0.414,84.8684,63.5197
0,4640,train,0.1138,100.0,64
0,4650,train,0.2672,90.1316,63.5526
0,4650,train,0.1876,100.0,64
0,4660,train,0.2571,92.7632,63.0461
0,4660,train,0.4515,75.0,64
0,4670,train,0.3027,88.8158,63.4013
0,4670,train,0.7566,75.0,61.375
0,4680,train,0.2471,93.4211,63.7171
0,4680,train,0.1978,100.0,64
0,4690,train,0.2756,89.4737,62.5592
0,4690,train,0.2516,87.5,64
0,4700,train,0.1763,94.7368,63.5263
0,4700,train,0.1541,100.0,64
0,4710,train,0.1901,94.7368,63.4276
0,4710,train,0.0792,100.0,64
0,4720,train,0.1858,93.4211,63.6053
0,4720,train,0.2192,87.5,64
0,4730,train,0.1924,95.3947,63.3553
0,4730,train,0.0663,100.0,64
0,4740,train,0.3048,91.4474,62.5066
0,4740,train,0.1437,87.5,64
0,4750,train,0.1849,95.3947,62.1513
0,4750,train,0.2918,87.5,64
0,4760,train,0.2193,92.1053,62.6184
0,4760,train,0.1138,100.0,64
0,4770,train,0.1945,95.3947,62.7303
0,4770,train,0.2151,87.5,64
0,4780,train,0.1755,94.0789,61.5658
0,4780,train,0.0936,100.0,64
0,4790,train,0.1695,96.7105,62.7105
0,4790,train,0.0652,100.0,64
0,4800,train,0.1957,93.4211,63.5
0,4800,train,0.2523,87.5,63
0,4810,train,0.1655,95.3947,62.5921
0,4810,train,0.0336,100.0,64
0,4820,train,0.1223,96.7105,63.4671
0,4820,train,0.1346,100.0,64
0,4830,train,0.1796,92.7632,63.1382
0,4830,train,0.1453,100.0,62.625
0,4840,train,0.161,95.3947,63.7303
0,4840,train,0.1465,87.5,63.75
0,4850,train,0.1542,94.7368,63.5921
0,4850,train,0.2828,87.5,64
0,4860,train,0.1505,97.3684,63.2566
0,4860,train,0.1478,100.0,64
0,4870,train,0.1375,96.7105,62.4868
0,4870,train,0.1237,100.0,64
0,4880,train,0.1673,94.7368,63.3487
0,4880,train,0.1536,87.5,64
0,4890,train,0.1446,94.7368,63.3553
0,4890,train,0.0249,100.0,63.25
0,4900,train,0.1593,94.0789,62.4408
0,4900,train,0.1396,100.0,64
0,4910,train,0.2179,92.7632,63.3816
0,4910,train,0.4765,87.5,64
0,4920,train,0.1543,95.3947,63.5921
0,4920,train,0.2385,87.5,64
0,4930,train,0.1157,97.3684,63.6645
0,4930,train,0.0596,100.0,63.625
0,4940,train,0.1465,95.3947,62.9868
0,4940,train,0.2136,87.5,64
0,4950,train,0.1536,94.7368,63.6053
0,4950,train,0.0085,100.0,64
0,4960,train,0.1317,98.0263,62.6579
0,4960,train,0.0751,100.0,64
0,4970,train,0.1554,94.7368,63.3092
0,4970,train,0.0464,100.0,60.5
0,4980,train,0.1559,94.0789,62.2237
0,4980,train,0.4711,62.5,60.125
0,4990,train,0.1455,96.0526,63.6316
0,4990,train,0.1107,100.0,63.75
0,5000,train,0.1761,92.7632,62.9868
0,5000,train,0.1154,100.0,64
0,5010,train,0.1082,96.7105,63.1711
0,5010,train,0.1931,87.5,64
0,5020,train,0.1565,94.7368,63.1053
0,5020,train,0.0987,100.0,60.5
0,5030,train,0.1788,95.3947,63.2697
0,5030,train,0.2398,87.5,64
0,5040,train,0.1869,93.4211,63.2697
0,5040,train,0.2948,87.5,64
0,5050,train,0.1933,93.4211,63.2566
0,5050,train,0.0954,100.0,62
0,5060,train,0.1911,94.7368,63.2632
0,5060,train,0.0583,100.0,64
0,5070,train,0.1439,94.7368,63.2434
0,5070,train,0.0671,100.0,62.5
0,5080,train,0.1654,95.3947,63.6447
0,5080,train,0.1881,87.5,63
0,5090,train,0.147,96.7105,63.5461
0,5090,train,0.1468,100.0,64
0,5100,train,0.1627,94.0789,63.8026
0,5100,train,0.0782,100.0,64
0,5110,train,0.1834,93.4211,63.1513
0,5110,train,0.1255,87.5,64
0,5120,train,0.1524,95.3947,63.4079
0,5120,validation,0.1765,94.0,63.6604
0,5120,train,0.1277,100.0,63.125
0,5120,validation,0.1652,94.98,63.646
0,5130,train,0.1939,93.4211,63.3684
0,5130,train,0.2252,87.5,64
0,5140,train,0.132,97.3684,63.4276
0,5140,train,0.1874,87.5,64
0,5150,train,0.2334,93.4211,63.6974
0,5150,train,0.5316,75.0,59.25
0,5160,train,0.1736,95.3947,63.5329
0,5160,train,0.1941,100.0,59.625
0,5170,train,0.2193,93.4211,63.0197
0,5170,train,0.0396,100.0,64
0,5180,train,0.1128,98.0263,63.9474
0,5180,train,0.3325,87.5,64
0,5190,train,0.2048,92.7632,63.125
0,5190,train,0.2063,87.5,64
0,5200,train,0.145,98.0263,63.4934
0,5200,train,0.1147,100.0,64
0,5210,train,0.0908,98.6842,63.4145
0,5210,train,0.2869,87.5,64
0,5220,train,0.1399,96.7105,62.8553
0,5220,train,0.0564,100.0,64
0,5230,train,0.1796,94.0789,63.0855
0,5230,train,0.336,87.5,64
0,5240,train,0.1029,98.0263,63.3224
0,5240,train,0.1533,100.0,64
0,5250,train,0.1924,94.7368,63.0263
0,5250,train,0.2699,87.5,64
0,5260,train,0.1687,95.3947,63.4605
0,5260,train,0.1656,100.0,60.125
0,5270,train,0.1927,92.1053,62.9342
0,5270,train,0.0626,100.0,61.5
0,5280,train,0.12,97.3684,63.3224
0,5280,train,0.2361,87.5,57.5
0,5290,train,0.1486,95.3947,63.6513
0,5290,train,0.1441,100.0,62.875
0,5300,train,0.1854,93.4211,61.6579
0,5300,train,0.102,100.0,62.625
0,5310,train,0.0856,98.0263,61.8816
0,5310,train,0.23,87.5,51.625
0,5320,train,0.1341,97.3684,62.2566
0,5320,train,0.1193,100.0,64
0,5330,train,0.1203,96.0526,62.0987
0,5330,train,0.2627,87.5,64
0,5340,train,0.1193,97.3684,61.5526
0,5340,train,0.1625,100.0,61.125
0,5350,train,0.1009,97.3684,61.3553
0,5350,train,0.047,100.0,64
0,5360,train,0.1534,95.3947,62.5855
0,5360,train,0.2043,87.5,58.875
0,5370,train,0.1336,95.3947,61.8224
0,5370,train,0.1475,87.5,64
0,5380,train,0.1555,96.7105,62.4211
0,5380,train,0.1022,100.0,58.5
0,5390,train,0.1374,98.6842,61.9934
0,5390,train,0.1239,100.0,64
0,5400,train,0.1456,94.0789,62.1382
0,5400,train,0.1704,87.5,64
0,5410,train,0.2035,90.7895,62.7632
0,5410,train,0.0375,100.0,63.625
0,5420,train,0.1242,96.0526,62.6382
0,5420,train,0.1349,87.5,64
0,5430,train,0.1142,95.3947,62.1974
0,5430,train,0.0875,100.0,59.125
0,5440,train,0.212,93.4211,62.2303
0,5440,train,0.0146,100.0,64
0,5450,train,0.1587,94.0789,61.8421
0,5450,train,0.1042,100.0,63.375
0,5460,train,0.1159,97.3684,61.1974
0,5460,train,0.0385,100.0,56
0,5470,train,0.1606,96.0526,62.0066
0,5470,train,0.0228,100.0,64
0,5480,train,0.1517,95.3947,61.1776
0,5480,train,0.561,87.5,64
0,5490,train,0.1248,96.0526,62.9211
0,5490,train,0.0436,100.0,64
0,5500,train,0.1135,96.7105,63.4079
0,5500,train,0.019,100.0,64
0,5510,train,0.2312,93.4211,63.4211
0,5510,train,0.2521,87.5,63.375
0,5520,train,0.225,91.4474,63.6316
0,5520,train,0.098,100.0,64
0,5530,train,0.1307,96.0526,62.6974
0,5530,train,0.2207,87.5,60.25
0,5540,train,0.1562,97.3684,62.4145
0,5540,train,0.0586,100.0,64
0,5550,train,0.1182,96.7105,62.6579
0,5550,train,0.506,87.5,64
0,5560,train,0.1685,94.0789,62.3289
0,5560,train,0.3349,87.5,59.25
0,5570,train,0.1902,94.0789,61.8224
0,5570,train,0.0517,100.0,60.25
0,5580,train,0.098,97.3684,62.2895
0,5580,train,0.2466,87.5,64
0,5590,train,0.1427,96.0526,62.8355
0,5590,train,0.1519,100.0,64
0,5600,train,0.1031,96.7105,63.3355
0,5600,train,0.1403,100.0,64
0,5610,train,0.1698,95.3947,63.1711
0,5610,train,0.0344,100.0,64
0,5620,train,0.1162,96.7105,62.8224
0,5620,train,0.5984,75.0,64
0,5630,train,0.1092,96.7105,62.8816
0,5630,train,0.0322,100.0,64
0,5632,validation,0.1246,96.22,63.3844
0,5632,validation,0.1314,96.32,63.3934
0,5640,train,0.1336,96.0526,63.7237
0,5640,train,0.0623,100.0,64
0,5650,train,0.1622,94.7368,62.8158
0,5650,train,0.0774,100.0,64
0,5660,train,0.1486,93.4211,62.9145
0,5660,train,0.9569,75.0,62.375
0,5670,train,0.1751,93.4211,63.0263
0,5670,train,0.0487,100.0,64
0,5680,train,0.1442,92.7632,62.6184
0,5680,train,0.0683,100.0,64
0,5690,train,0.1795,96.0526,62.4868
0,5690,train,0.0826,100.0,62.5
0,5700,train,0.1479,95.3947,63.8421
0,5700,train,0.0636,100.0,62.125
0,5710,train,0.1247,97.3684,62.9079
0,5710,train,0.1211,100.0,63.5
0,5720,train,0.1479,96.0526,63.5197
0,5720,train,0.1457,87.5,63.5
0,5730,train,0.1391,94.7368,63.8026
0,5730,train,0.2705,87.5,64
0,5740,train,0.1183,96.7105,62.4671
0,5740,train,0.0394,100.0,64
0,5750,train,0.1145,98.0263,63.125
0,5750,train,0.0814,100.0,64
0,5760,train,0.1882,92.7632,62.8224
0,5760,train,0.0586,100.0,64
0,5770,train,0.0816,98.6842,62.3882
0,5770,train,0.2433,87.5,62.25
0,5780,train,0.1686,96.0526,62.9408
0,5780,train,0.1831,87.5,64
0,5790,train,0.1513,93.4211,63.6776
0,5790,train,0.0625,100.0,64
0,5800,train,0.1457,95.3947,63.9934
0,5800,train,0.0876,100.0,62.75
0,5810,train,0.1098,97.3684,64
0,5810,train,0.1517,100.0,64
0,5820,train,0.083,98.0263,63.6974
0,5820,train,0.1174,100.0,63.875
0,5830,train,0.2014,94.0789,63.8487
0,5830,train,0.0063,100.0,64
0,5840,train,0.1088,98.0263,63.6316
0,5840,train,0.1778,100.0,64
0,5850,train,0.1588,94.7368,63.9474
0,5850,train,0.1348,100.0,64
0,5860,train,0.1308,97.3684,63.7895
0,5860,train,0.1056,100.0,64
0,5870,train,0.1577,95.3947,63.6513
0,5870,train,0.4274,75.0,64
0,5880,train,0.2138,91.4474,63.5658
0,5880,train,0.3704,87.5,64
0,5890,train,0.1207,96.0526,63.7763
0,5890,train,0.1936,87.5,64
0,5900,train,0.1196,97.3684,63.6645
0,5900,train,0.1139,100.0,64
0,5910,train,0.1382,97.3684,63.3224
0,5910,train,0.143,100.0,61.125
0,5920,train,0.0796,100.0,63.8947
0,5920,train,0.2292,87.5,64
0,5930,train,0.154,94.0789,64
0,5930,train,0.1364,87.5,64
0,5940,train,0.1106,96.7105,63.7763
0,5940,train,0.0155,100.0,64
0,5950,train,0.1456,96.0526,63.8947
0,5950,train,0.0205,100.0,64
0,5960,train,0.1065,97.3684,63.9803
0,5960,train,0.1226,100.0,64
0,5970,train,0.1413,92.7632,64
0,5970,train,0.0173,100.0,64
0,5980,train,0.1196,96.7105,63.6053
0,5980,train,0.1758,87.5,64
0,5990,train,0.0878,98.0263,63.9539
0,5990,train,0.0777,100.0,64
0,6000,train,0.1347,97.3684,63.8421
0,6000,train,0.2704,87.5,64
0,6010,train,0.1016,97.3684,63.9276
0,6010,train,0.0791,100.0,64
0,6020,train,0.1014,96.7105,63.6842
0,6020,train,0.0289,100.0,62.375
0,6030,train,0.0973,97.3684,63.8684
0,6030,train,0.0382,100.0,62.75
0,6040,train,0.1013,96.0526,64
0,6040,train,0.1358,100.0,64
0,6050,train,0.1204,96.0526,64
0,6050,train,0.1376,87.5,64
0,6060,train,0.1179,96.7105,63.8947
0,6060,train,0.1199,100.0,64
0,6070,train,0.1237,98.6842,63.3553
0,6070,train,0.0321,100.0,64
0,6080,train,0.1059,96.7105,63.6579
0,6080,train,0.1103,87.5,60.125
0,6090,train,0.1085,97.3684,63.8092
0,6090,train,0.0521,100.0,64
0,6100,train,0.0679,98.6842,63.7961
0,6100,train,0.1397,100.0,64
0,6110,train,0.1802,92.1053,63.9868
0,6110,train,0.0638,100.0,64
0,6120,train,0.1394,95.3947,63.6447
0,6120,train,0.2402,87.5,64
0,6130,train,0.1456,94.0789,63.375
0,6130,train,0.1406,100.0,64
0,6140,train,0.1454,95.3947,63.8882
0,6140,train,0.1059,100.0,64
0,6144,validation,0.1444,95.44,63.7826
0,6144,validation,0.142,95.8,63.786
0,6150,train,0.1031,96.7105,63.5724
0,6150,train,0.3491,75.0,64
0,6160,train,0.1687,94.0789,63.0855
0,6160,train,0.1088,100.0,64
0,6170,train,0.1295,96.7105,63.2237
0,6170,train,0.0202,100.0,64
0,6180,train,0.0918,97.3684,63.7434
0,6180,train,0.2416,87.5,62
0,6190,train,0.1104,98.0263,63.8092
0,6190,train,0.1276,87.5,64
0,6200,train,0.1243,96.0526,63.9474
0,6200,train,0.2792,87.5,64
0,6210,train,0.1171,95.3947,63.8684
0,6210,train,0.1868,100.0,64
0,6220,train,0.1572,94.7368,63.75
0,6220,train,0.1558,100.0,64
0,6230,train,0.1793,96.7105,63.8092
0,6230,train,0.0486,100.0,64
0,6240,train,0.1221,94.7368,63.9342
0,6240,train,0.4785,75.0,61.875
0,6250,train,0.138,94.7368,63.8289
0,6250,train,0.0125,100.0,64
0,6260,train,0.1479,95.3947,63.8092
0,6260,train,0.0185,100.0,64
0,6270,train,0.0709,99.3421,63.6513
0,6270,train,0.0887,100.0,64
0,6280,train,0.1076,97.3684,63.9145
0,6280,train,0.0174,100.0,62.5
0,6290,train,0.1298,96.7105,63.8816
0,6290,train,0.0151,100.0,64
0,6300,train,0.1005,98.6842,63.7632
0,6300,train,0.0155,100.0,64
0,6310,train,0.1105,97.3684,63.9605
0,6310,train,0.2775,87.5,64
0,6320,train,0.1348,96.0526,63.8947
0,6320,train,0.5155,87.5,64
0,6330,train,0.1837,94.0789,63.9342
0,6330,train,0.0456,100.0,64
0,6340,train,0.1363,95.3947,64
0,6340,train,0.0292,100.0,64
0,6350,train,0.0918,98.6842,63.7171
0,6350,train,0.0856,100.0,64
0,6360,train,0.1322,93.4211,64
0,6360,train,0.4814,87.5,63.875
0,6370,train,0.0822,99.3421,64
0,6370,train,0.068,100.0,64
0,6380,train,0.1262,96.7105,63.8816
0,6380,train,0.3233,87.5,63.25
0,6390,train,0.104,97.3684,63.9737
0,6390,train,0.1249,100.0,64
0,6400,train,0.171,95.3947,63.8684
0,6400,train,0.0145,100.0,64
0,6410,train,0.1084,98.0263,63.7566
0,6410,train,0.0142,100.0,64
0,6420,train,0.1806,93.4211,63.6118
0,6420,train,0.0487,100.0,64
0,6430,train,0.1036,97.3684,63.9342
0,6430,train,0.0654,100.0,64
0,6440,train,0.0802,98.0263,63.8092
0,6440,train,0.1079,100.0,64
0,6450,train,0.069,98.0263,63.6974
0,6450,train,0.0328,100.0,64
1,6460,train,0.0701,98.6842,63.9737
1,6460,train,0.0252,100.0,64
1,6470,train,0.1012,95.3947,63.6118
1,6470,train,0.0793,100.0,61.75
1,6480,train,0.0707,98.0263,63.9803
1,6480,train,0.2301,100.0,64
1,6490,train,0.1169,94.7368,63.8355
1,6490,train,0.0707,100.0,64
1,6500,train,0.0964,97.3684,63.7697
1,6500,train,0.04,100.0,64
1,6510,train,0.0878,98.6842,63.7697
1,6510,train,0.2763,100.0,64
1,6520,train,0.128,96.0526,63.8947
1,6520,train,0.1247,100.0,64
1,6530,train,0.1116,96.0526,64
1,6530,train,0.012,100.0,64
1,6540,train,0.0815,98.0263,63.5658
1,6540,train,0.098,100.0,64
1,6550,train,0.0706,98.0263,63.9079
1,6550,train,0.07,100.0,64
1,6560,train,0.1026,96.7105,63.8026
1,6560,train,0.1151,100.0,64
1,6570,train,0.0746,98.0263,63.8092
1,6570,train,0.152,87.5,64
1,6580,train,0.0808,97.3684,63.0987
1,6580,train,0.1145,100.0,64
1,6590,train,0.1184,98.0263,63.75
1,6590,train,0.0777,100.0,64
1,6600,train,0.1295,96.7105,63.6776
1,6600,train,0.1617,87.5,63.25
1,6610,train,0.1174,95.3947,64
1,6610,train,0.1059,100.0,64
1,6620,train,0.0904,98.0263,63.7961
1,6620,train,0.0696,100.0,62.25
1,6630,train,0.0951,97.3684,63.5263
1,6630,train,0.0359,100.0,64
1,6640,train,0.088,98.0263,63.5724
1,6640,train,0.0634,100.0,64
1,6650,train,0.0717,98.6842,63.7632
1,6650,train,0.0252,100.0,64
1,6656,validation,0.0827,97.66,63.7938
1,6656,validation,0.0805,97.78,63.7854
1,6660,train,0.0634,98.0263,63.3421
1,6660,train,0.0232,100.0,64
1,6670,train,0.127,96.7105,63.75
1,6670,train,0.9671,87.5,64
1,6680,train,0.1108,97.3684,63.5526
1,6680,train,0.0686,100.0,64
1,6690,train,0.1073,96.7105,63.8816
1,6690,train,0.1527,87.5,64
1,6700,train,0.121,97.3684,63.6908
1,6700,train,0.218,87.5,64
1,6710,train,0.116,96.0526,62.9605
1,6710,train,0.0432,100.0,64
1,6720,train,0.1735,93.4211,63.5329
1,6720,train,0.0114,100.0,64
1,6730,train,0.1732,93.4211,63.4934
1,6730,train,0.0096,100.0,64
1,6740,train,0.1717,94.0789,63.2171
1,6740,train,0.027,100.0,64
1,6750,train,0.1115,95.3947,62.6447
1,6750,train,0.1755,100.0,63.125
1,6760,train,0.1314,96.0526,62.9342
1,6760,train,0.0314,100.0,64
1,6770,train,0.1019,98.0263,62.9211
1,6770,train,0.0451,100.0,63.875
1,6780,train,0.1697,94.0789,63.2303
1,6780,train,0.052,100.0,64
1,6790,train,0.1468,96.7105,63.9539
1,6790,train,0.0841,100.0,64
1,6800,train,0.1038,98.6842,63.875
1,6800,train,0.0323,100.0,64
1,6810,train,0.1329,95.3947,63.5066
1,6810,train,0.0583,100.0,64
1,6820,train,0.0845,98.0263,63.5329
1,6820,train,0.3277,87.5,64
1,6830,train,0.1023,98.0263,63.9276
1,6830,train,0.0515,100.0,64
1,6840,train,0.1056,96.0526,63.7434
1,6840,train,0.0273,100.0,61.625
1,6850,train,0.1035,97.3684,63.7961
1,6850,train,0.2005,87.5,62.75
1,6860,train,0.1282,94.7368,63.5
1,6860,train,0.0729,100.0,60.75
1,6870,train,0.0919,98.0263,63.3421
1,6870,train,0.0335,100.0,64
1,6880,train,0.093,96.0526,62.9737
1,6880,train,0.0553,100.0,63.625
1,6890,train,0.086,98.6842,63.3947
1,6890,train,0.1829,87.5,64
1,6900,train,0.0939,97.3684,62.9211
1,6900,train,0.0371,100.0,64
1,6910,train,0.1539,93.4211,63.6118
1,6910,train,0.0151,100.0,64
1,6920,train,0.132,96.7105,63.3618
1,6920,train,0.0122,100.0,64
1,6930,train,0.1068,96.7105,63.0724
1,6930,train,0.0213,100.0,64
1,6940,train,0.1287,95.3947,63.5592
1,6940,train,0.0925,100.0,64
1,6950,train,0.0992,96.0526,63.5461
1,6950,train,0.0306,100.0,63.5
1,6960,train,0.1817,93.4211,63.7697
1,6960,train,0.1055,100.0,64
1,6970,train,0.1155,96.7105,63.7829
1,6970,train,0.1383,87.5,64
1,6980,train,0.1064,96.7105,63.8487
1,6980,train,0.1334,87.5,64
1,6990,train,0.0944,96.7105,63.8816
1,6990,train,0.0412,100.0,64
1,7000,train,0.0998,98.6842,63.1382
1,7000,train,0.0689,100.0,59.875
1,7010,train,0.0767,98.0263,63.3487
1,7010,train,0.1068,100.0,60
1,7020,train,0.0882,98.0263,63.3026
1,7020,train,0.0231,100.0,63.875
1,7030,train,0.1606,95.3947,63.2895
1,7030,train,0.0311,100.0,61.875
1,7040,train,0.1116,97.3684,63.0987
1,7040,train,0.203,100.0,64
1,7050,train,0.1335,96.7105,62.625
1,7050,train,0.1079,100.0,63.875
1,7060,train,0.1373,96.0526,62.7368
1,7060,train,0.2602,87.5,64
1,7070,train,0.0992,98.0263,62.4211
1,7070,train,0.0157,100.0,60.5
1,7080,train,0.0708,97.3684,62.6579
1,7080,train,0.0164,100.0,64
1,7090,train,0.0815,97.3684,62.4342
1,7090,train,0.0363,100.0,59.5
1,7100,train,0.0738,99.3421,62.9539
1,7100,train,0.0163,100.0,57.75
1,7110,train,0.0921,98.0263,61.7237
1,7110,train,0.161,87.5,64
1,7120,train,0.0702,98.6842,63.5
1,7120,train,0.0267,100.0,62.375
1,7130,train,0.1026,96.7105,61.2039
1,7130,train,0.1748,100.0,64
1,7140,train,0.1034,96.7105,62.0197
1,7140,train,0.1218,87.5,61.25
1,7150,train,0.0979,97.3684,63.2566
1,7150,train,0.3221,87.5,64
1,7160,train,0.1084,96.0526,63.0592
1,7160,train,0.0395,100.0,62.75
1,7168,validation,0.0856,97.52,63.1306
1,7168,validation,0.0784,97.86,63.1154
1,7170,train,0.1256,95.3947,62.1579
1,7170,train,0.0062,100.0,59.875
1,7180,train,0.0866,96.7105,62.7632
1,7180,train,0.3839,87.5,64
1,7190,train,0.07,98.0263,63.4013
1,7190,train,0.0246,100.0,62.125
1,7200,train,0.0594,99.3421,63.3882
1,7200,train,0.0359,100.0,64
1,7210,train,0.081,98.0263,62.9605
1,7210,train,0.1385,87.5,64
1,7220,train,0.0872,97.3684,63.2632
1,7220,train,0.0053,100.0,64
1,7230,train,0.0941,97.3684,63.0789
1,7230,train,0.0496,100.0,62.75
1,7240,train,0.097,97.3684,62.8026
1,7240,train,0.0806,100.0,64
1,7250,train,0.0446,99.3421,63.2961
1,7250,train,0.0438,100.0,64
1,7260,train,0.0495,99.3421,62.7697
1,7260,train,0.0332,100.0,64
1,7270,train,0.0893,98.0263,62.8026
1,7270,train,0.0468,100.0,64
1,7280,train,0.0761,98.0263,62.3618
1,7280,train,0.0322,100.0,63.625
1,7290,train,0.0846,96.7105,63.5066
1,7290,train,0.1221,100.0,64
1,7300,train,0.0796,98.0263,62.8092
1,7300,train,0.5313,87.5,62.125
1,7310,train,0.09,97.3684,61.7895
1,7310,train,0.3276,87.5,64
1,7320,train,0.0906,96.7105,62.8618
1,7320,train,0.1328,100.0,60.375
1,7330,train,0.1362,96.0526,62.2632
1,7330,train,0.0296,100.0,63.25
1,7340,train,0.108,96.0526,60.7237
1,7340,train,0.0495,100.0,60.125
1,7350,train,0.1182,96.7105,62.0724
1,7350,train,0.148,87.5,64
1,7360,train,0.091,96.0526,61.9671
1,7360,train,0.0567,100.0,62.375
1,7370,train,0.1511,94.7368,62.0526
1,7370,train,0.0482,100.0,64
1,7380,train,0.1322,95.3947,61.875
1,7380,train,0.0572,100.0,60.625
1,7390,train,0.0729,97.3684,61.7763
1,7390,train,0.0377,100.0,60.75
1,7400,train,0.078,98.6842,62.6316
1,7400,train,0.0435,100.0,64
1,7410,train,0.0658,97.3684,63.1579
1,7410,train,0.0718,100.0,61
1,7420,train,0.1373,94.7368,62.2632
1,7420,train,0.1662,87.5,64
1,7430,train,0.101,96.7105,61.1974
1,7430,train,0.3565,75.0,58.25
1,7440,train,0.1097,98.0263,61.6645
1,7440,train,0.0074,100.0,61.5
1,7450,train,0.0524,98.0263,62.0592
1,7450,train,0.0314,100.0,55.375
1,7460,train,0.0737,98.0263,62.0329
1,7460,train,0.1891,87.5,61
1,7470,train,0.0711,98.6842,61.6711
1,7470,train,0.037,100.0,61.875
1,7480,train,0.0928,96.7105,62.625
1,7480,train,0.1085,87.5,58.875
1,7490,train,0.0752,98.6842,62.2434
1,7490,train,0.0242,100.0,61.625
1,7500,train,0.0524,99.3421,61.5329
1,7500,train,0.0345,100.0,59.125
1,7510,train,0.0565,98.0263,61.6382
1,7510,train,0.2141,87.5,64
1,7520,train,0.1113,96.7105,62.1382
1,7520,train,0.0719,100.0,61.75
1,7530,train,0.0551,99.3421,62.9737
1,7530,train,0.1136,87.5,58.875
1,7540,train,0.0475,100.0,62.2303
1,7540,train,0.1807,87.5,58.75
1,7550,train,0.0717,98.0263,61.8553
1,7550,train,0.0264,100.0,61.875
1,7560,train,0.0763,97.3684,62.1053
1,7560,train,0.1411,100.0,64
1,7570,train,0.1078,96.0526,62.9605
1,7570,train,0.0216,100.0,64
1,7580,train,0.0834,98.0263,62.6513
1,7580,train,0.1143,87.5,64
1,7590,train,0.074,98.0263,63.3289
1,7590,train,0.0417,100.0,64
1,7600,train,0.1398,96.0526,63.125
1,7600,train,0.095,100.0,64
1,7610,train,0.1288,95.3947,62.3421
1,7610,train,0.3887,75.0,61.375
1,7620,train,0.1496,94.0789,61.8158
1,7620,train,0.195,87.5,64
1,7630,train,0.1427,96.0526,62.9276
1,7630,train,0.0519,100.0,64
1,7640,train,0.0791,96.7105,62.8355
1,7640,train,0.0375,100.0,61.375
1,7650,train,0.0835,98.6842,61.8684
1,7650,train,0.0481,100.0,61.25
1,7660,train,0.1218,95.3947,61.6447
1,7660,train,0.067,100.0,64
1,7670,train,0.09,98.0263,62.5066
1,7670,train,0.0381,100.0,60.375
1,7680,train,0.0859,98.0263,63.4934
1,7680,validation,0.0744,97.8,63.1528
1,7680,train,0.0277,100.0,64
1,7680,validation,0.0745,97.9,63.123
1,7690,train,0.0993,96.7105,63.9342
1,7690,train,0.0951,100.0,64
1,7700,train,0.0754,98.6842,63.2566
1,7700,train,0.1149,100.0,64
1,7710,train,0.0965,97.3684,61.4474
1,7710,train,0.0162,100.0,59.625
1,7720,train,0.1019,96.7105,62.9145
1,7720,train,0.2973,75.0,59.625
1,7730,train,0.1199,96.0526,63.0855
1,7730,train,0.305,87.5,64
1,7740,train,0.0801,97.3684,63.0066
1,7740,train,0.2337,87.5,63.125
1,7750,train,0.1221,96.0526,63.2961
1,7750,train,0.0773,100.0,64
1,7760,train,0.1088,96.0526,62.4079
1,7760,train,0.0031,100.0,59.625
1,7770,train,0.086,98.6842,62.6382
1,7770,train,0.0541,100.0,63.75
1,7780,train,0.0697,98.6842,63.6974
1,7780,train,0.0482,100.0,64
1,7790,train,0.0852,96.7105,62.6513
1,7790,train,0.102,100.0,64
1,7800,train,0.0511,98.6842,63.2632
1,7800,train,0.049,100.0,64
1,7810,train,0.0817,99.3421,63.0263
1,7810,train,0.0424,100.0,64
1,7820,train,0.1144,95.3947,63.2895
1,7820,train,0.1187,100.0,64
1,7830,train,0.0944,97.3684,62.3684
1,7830,train,0.2094,87.5,64
1,7840,train,0.0916,98.0263,62.8553
1,7840,train,0.327,87.5,64
1,7850,train,0.0831,97.3684,61.9408
1,7850,train,0.397,75.0,63.375
1,7860,train,0.0614,98.0263,62.4342
1,7860,train,0.1058,100.0,64
1,7870,train,0.0565,98.6842,61.3355
1,7870,train,0.2616,87.5,62.5
1,7880,train,0.0612,98.0263,62.6447
1,7880,train,0.176,100.0,64
1,7890,train,0.0683,98.6842,63.0263
1,7890,train,0.0248,100.0,64
1,7900,train,0.0594,98.6842,63.3618
1,7900,train,0.0443,100.0,56.875
1,7910,train,0.0519,99.3421,61.6053
1,7910,train,0.0678,100.0,64
1,7920,train,0.0743,98.0263,61.6053
1,7920,train,0.0048,100.0,55
1,7930,train,0.0541,98.0263,62.2303
1,7930,train,0.0039,100.0,61.625
1,7940,train,0.0754,96.0526,61.7237
1,7940,train,0.0469,100.0,61.375
1,7950,train,0.0972,95.3947,62.4276
1,7950,train,0.0197,100.0,64
1,7960,train,0.0636,98.6842,61.875
1,7960,train,0.078,100.0,64
1,7970,train,0.0632,98.0263,61.8882
1,7970,train,0.0238,100.0,61.875
1,7980,train,0.1045,95.3947,62.4211
1,7980,train,0.1634,87.5,62.375
1,7990,train,0.0986,98.6842,60.9868
1,7990,train,0.0298,100.0,58.875
1,8000,train,0.152,94.0789,62.3618
1,8000,train,0.0377,100.0,60.625
1,8010,train,0.1029,98.0263,62.9803
1,8010,train,0.0946,100.0,64
1,8020,train,0.0893,97.3684,63.25
1,8020,train,0.153,100.0,64
1,8030,train,0.0734,98.6842,63.5132
1,8030,train,0.0091,100.0,64
1,8040,train,0.1242,94.7368,63.3816
1,8040,train,0.0162,100.0,64
1,8050,train,0.223,92.1053,63.7895
1,8050,train,0.017,100.0,61.25
1,8060,train,0.0891,98.6842,63.5
1,8060,train,0.0427,100.0,64
1,8070,train,0.1034,98.6842,63.3092
1,8070,train,0.0097,100.0,64
1,8080,train,0.0998,97.3684,63.3553
1,8080,train,0.0414,100.0,64
1,8090,train,0.1076,98.6842,63.8947
1,8090,train,0.0223,100.0,64
1,8100,train,0.0932,96.7105,63.0592
1,8100,train,0.1756,87.5,64
1,8110,train,0.0606,98.6842,62.9737
1,8110,train,0.0091,100.0,64
1,8120,train,0.0796,97.3684,63.8618
1,8120,train,0.1305,100.0,63.5
1,8130,train,0.0968,97.3684,63.5263
1,8130,train,0.0853,100.0,63
1,8140,train,0.0795,97.3684,63.2829
1,8140,train,0.087,100.0,64
1,8150,train,0.081,98.0263,62.5461
1,8150,train,0.0322,100.0,56.625
1,8160,train,0.0681,99.3421,63.1053
1,8160,train,0.0162,100.0,64
1,8170,train,0.1095,96.0526,63.3158
1,8170,train,0.0065,100.0,61.5
1,8180,train,0.1056,95.3947,63.3026
1,8180,train,0.0358,100.0,64
1,8190,train,0.1288,94.7368,63.6184
1,8190,train,0.0337,100.0,64
1,8192,validation,0.0821,97.88,63.8262
