epoch,global step,mode,loss,accuracy,mean_length
0,0,train,2.743,12.5,36.25
0,0,validation,2.7588,12.7,48.111
0,10,train,2.4315,14.4737,47.7566
0,10,train,2.1575,25.0,61.25
0,20,train,2.2358,10.5263,60.5329
0,20,train,1.8603,25.0,60.875
0,30,train,2.1118,11.8421,62.2368
0,30,train,2.1264,0.0,64
0,40,train,2.1081,12.5,63.4474
0,40,train,2.0952,12.5,57.625
0,50,train,2.0945,11.1842,63.3289
0,50,train,2.0774,12.5,64
0,60,train,2.086,13.8158,64
0,60,train,2.0967,0.0,64
0,70,train,2.069,13.1579,63.3947
0,70,train,2.1361,12.5,64
0,80,train,2.0694,15.1316,62.3816
0,80,train,2.0516,12.5,64
0,90,train,2.0976,13.1579,63.6184
0,90,train,1.9975,37.5,57.875
0,100,train,2.051,13.1579,62.9671
0,100,train,2.1616,0.0,64
0,110,train,2.0526,17.1053,63.5197
0,110,train,1.9079,37.5,64
0,120,train,2.0646,12.5,63.25
0,120,train,2.028,25.0,54.375
0,130,train,2.0272,11.8421,57.4474
0,130,train,2.0756,12.5,64
0,140,train,2.0224,13.8158,62.5197
0,140,train,2.0427,12.5,64
0,150,train,2.0321,9.8684,63.4408
0,150,train,2.0916,0.0,64
0,160,train,1.9973,15.7895,64
0,160,train,1.9311,12.5,64
0,170,train,2.1055,13.8158,63.6447
0,170,train,1.9495,50.0,64
0,180,train,2.0894,15.1316,64
0,180,train,2.0573,12.5,64
0,190,train,2.0979,11.8421,64
0,190,train,2.0881,0.0,64
0,200,train,2.0915,10.5263,64
0,200,train,2.1913,0.0,64
0,210,train,2.07,15.1316,64
0,210,train,2.0884,0.0,64
0,220,train,2.0613,11.1842,64
0,220,train,2.044,25.0,64
0,230,train,2.1241,13.1579,64
0,230,train,2.2296,12.5,64
0,240,train,2.2229,11.1842,64
0,240,train,2.3403,12.5,64
0,250,train,2.1725,9.2105,64
0,250,train,1.9083,37.5,64
0,260,train,2.1304,12.5,64
0,260,train,2.0479,12.5,64
0,270,train,2.156,7.8947,64
0,270,train,2.3284,0.0,64
0,280,train,2.1429,11.8421,64
0,280,train,2.1652,12.5,64
0,290,train,2.121,15.7895,64
0,290,train,2.2495,12.5,64
0,300,train,2.1346,8.5526,64
0,300,train,2.0015,37.5,64
0,310,train,2.1127,15.1316,64
0,310,train,2.1908,0.0,64
0,320,train,2.1385,13.8158,64
0,320,train,1.984,25.0,64
0,330,train,2.093,13.1579,64
0,330,train,2.0696,25.0,64
0,340,train,2.0938,17.1053,64
0,340,train,2.14,25.0,64
0,350,train,2.0929,11.8421,64
0,350,train,2.1245,0.0,64
0,360,train,2.0742,18.4211,64
0,360,train,2.1783,0.0,64
0,370,train,2.1148,9.8684,64
0,370,train,2.0058,37.5,64
0,380,train,2.1089,12.5,64
0,380,train,2.0715,25.0,64
0,390,train,2.0874,13.1579,64
0,390,train,2.1305,37.5,64
0,400,train,2.0826,11.1842,64
0,400,train,2.0662,37.5,64
0,410,train,2.0785,12.5,64
0,410,train,2.2117,0.0,64
0,420,train,2.1075,11.8421,64
0,420,train,2.0807,12.5,64
0,430,train,2.0721,17.1053,64
0,430,train,2.2142,0.0,64
0,440,train,2.1083,11.1842,64
0,440,train,2.0408,12.5,64
0,450,train,2.0988,13.1579,64
0,450,train,2.1731,0.0,64
0,460,train,2.0923,12.5,64
0,460,train,2.1086,12.5,64
0,470,train,2.1264,10.5263,64
0,470,train,1.9913,37.5,64
0,480,train,2.096,9.8684,64
0,480,train,2.1714,0.0,64
0,490,train,2.0864,13.8158,64
0,490,train,1.9626,25.0,64
0,500,train,2.1005,12.5,64
0,500,train,2.1074,25.0,64
0,510,train,2.0959,13.1579,64
0,510,train,2.0828,25.0,64
0,512,validation,2.0913,12.12,64
0,512,validation,2.0903,12.16,64
0,520,train,2.0911,13.1579,64
0,520,train,2.0257,25.0,64
0,530,train,2.0856,16.4474,64
0,530,train,2.0628,12.5,64
0,540,train,2.095,13.1579,64
0,540,train,2.1265,12.5,64
0,550,train,2.0918,13.8158,64
0,550,train,2.1187,12.5,64
0,560,train,2.0954,9.2105,64
0,560,train,2.1442,25.0,64
0,570,train,2.0912,9.8684,64
0,570,train,2.0031,25.0,64
0,580,train,2.0896,5.9211,64
0,580,train,2.1003,12.5,64
0,590,train,2.0885,15.7895,64
0,590,train,2.1107,25.0,64
0,600,train,2.0884,11.8421,64
0,600,train,2.2067,0.0,64
0,610,train,2.0919,9.2105,64
0,610,train,2.1576,0.0,64
0,620,train,2.1022,10.5263,64
0,620,train,2.1937,0.0,64
0,630,train,2.0795,18.4211,64
0,630,train,2.1105,0.0,64
0,640,train,2.094,9.8684,64
0,640,train,2.1398,0.0,64
0,650,train,2.0895,11.8421,64
0,650,train,2.0505,12.5,64
0,660,train,2.0922,10.5263,64
0,660,train,2.0195,25.0,64
0,670,train,2.0877,12.5,64
0,670,train,2.0548,12.5,64
0,680,train,2.0752,12.5,64
0,680,train,2.072,0.0,64
0,690,train,2.0979,7.2368,64
0,690,train,2.0977,25.0,64
0,700,train,2.1066,6.5789,64
0,700,train,2.1381,12.5,64
0,710,train,2.1054,8.5526,64
0,710,train,2.0225,12.5,64
0,720,train,2.0784,11.8421,64
0,720,train,2.084,0.0,64
0,730,train,2.0779,16.4474,64
0,730,train,2.0438,25.0,64
0,740,train,2.114,8.5526,64
0,740,train,2.1531,0.0,64
0,750,train,2.079,10.5263,64
0,750,train,2.0637,12.5,64
0,760,train,2.087,12.5,64
0,760,train,2.0964,12.5,64
0,770,train,2.093,13.1579,64
0,770,train,2.0888,12.5,64
0,780,train,2.0904,13.8158,64
0,780,train,2.1316,12.5,64
0,790,train,2.1024,9.2105,64
0,790,train,2.1117,0.0,64
0,800,train,2.0787,15.7895,64
0,800,train,2.0737,0.0,64
0,810,train,2.0889,13.8158,64
0,810,train,2.212,12.5,64
0,820,train,2.0827,11.1842,64
0,820,train,1.9653,50.0,64
0,830,train,2.0881,10.5263,64
0,830,train,2.1206,12.5,64
0,840,train,2.0862,10.5263,64
0,840,train,2.0923,25.0,64
0,850,train,2.0895,13.8158,64
0,850,train,2.0828,12.5,64
0,860,train,2.0966,12.5,64
0,860,train,2.0858,25.0,64
0,870,train,2.0927,11.8421,64
0,870,train,2.0953,0.0,64
0,880,train,2.0975,9.2105,64
0,880,train,2.0833,25.0,64
0,890,train,2.0817,13.1579,64
0,890,train,2.1071,0.0,64
0,900,train,2.0873,12.5,64
0,900,train,2.0373,25.0,64
0,910,train,2.0794,7.8947,64
0,910,train,2.1108,12.5,64
0,920,train,2.0887,10.5263,64
0,920,train,2.0737,0.0,64
0,930,train,2.0849,12.5,64
0,930,train,2.09,0.0,64
0,940,train,2.0858,18.4211,64
0,940,train,2.1072,25.0,64
0,950,train,2.072,17.7632,64
0,950,train,2.0844,12.5,64
0,960,train,2.0733,15.1316,64
0,960,train,2.0574,25.0,64
0,970,train,2.0706,15.7895,64
0,970,train,2.1015,0.0,64
0,980,train,2.0809,11.8421,64
0,980,train,2.0884,12.5,64
0,990,train,2.0916,7.8947,64
0,990,train,2.0952,12.5,64
0,1000,train,2.0833,12.5,64
0,1000,train,2.0475,25.0,64
0,1010,train,2.0794,13.1579,64
0,1010,train,2.1241,0.0,64
0,1020,train,2.0671,18.4211,64
0,1020,train,2.0905,0.0,64
0,1024,validation,2.0835,12.62,64
0,1024,validation,2.0836,12.08,64
0,1030,train,2.0876,15.7895,64
0,1030,train,2.0423,37.5,64
0,1040,train,2.0834,13.8158,64
0,1040,train,2.0485,12.5,64
0,1050,train,2.075,16.4474,64
0,1050,train,2.0904,0.0,64
0,1060,train,2.0855,13.1579,64
0,1060,train,2.0374,25.0,64
0,1070,train,2.0905,7.8947,64
0,1070,train,2.0743,0.0,64
0,1080,train,2.0804,12.5,64
0,1080,train,2.1058,12.5,64
0,1090,train,2.088,11.1842,64
0,1090,train,2.0839,0.0,64
0,1100,train,2.0918,13.8158,64
0,1100,train,2.0439,12.5,64
0,1110,train,2.0743,15.7895,64
0,1110,train,2.0264,25.0,64
0,1120,train,2.084,7.8947,64
0,1120,train,2.1101,12.5,64
0,1130,train,2.0829,13.1579,64
0,1130,train,2.0378,0.0,64
0,1140,train,2.0937,13.1579,64
0,1140,train,2.0729,0.0,64
0,1150,train,2.0944,11.1842,64
0,1150,train,2.0827,0.0,64
0,1160,train,2.0957,11.1842,64
0,1160,train,2.0774,0.0,64
0,1170,train,2.0845,13.1579,64
0,1170,train,2.0502,0.0,64
0,1180,train,2.0807,15.1316,64
0,1180,train,2.0292,37.5,64
0,1190,train,2.0906,11.1842,64
0,1190,train,2.0906,12.5,64
0,1200,train,2.0742,13.8158,64
0,1200,train,2.1076,0.0,64
0,1210,train,2.0857,11.1842,64
0,1210,train,2.1012,12.5,64
0,1220,train,2.0728,15.1316,64
0,1220,train,2.0498,37.5,64
0,1230,train,2.0915,11.1842,64
0,1230,train,2.0897,25.0,64
0,1240,train,2.0849,15.7895,64
0,1240,train,2.114,12.5,64
0,1250,train,2.082,9.8684,64
0,1250,train,2.0729,25.0,64
0,1260,train,2.0822,13.8158,64
0,1260,train,2.0444,12.5,64
0,1270,train,2.0804,13.1579,64
0,1270,train,2.0961,0.0,64
0,1280,train,2.0787,15.1316,64
0,1280,train,2.0952,12.5,64
0,1290,train,2.0794,12.5,64
0,1290,train,2.0535,37.5,64
0,1300,train,2.0778,19.7368,64
0,1300,train,2.0921,0.0,64
0,1310,train,2.1136,5.2632,64
0,1310,train,2.1054,0.0,64
0,1320,train,2.0893,13.1579,64
0,1320,train,2.1286,12.5,64
0,1330,train,2.087,11.8421,64
0,1330,train,2.0805,12.5,64
0,1340,train,2.0759,10.5263,64
0,1340,train,2.0471,12.5,64
0,1350,train,2.0823,11.1842,64
0,1350,train,2.1058,12.5,64
0,1360,train,2.0901,9.2105,64
0,1360,train,2.0923,25.0,64
0,1370,train,2.088,13.8158,64
0,1370,train,2.1292,12.5,64
0,1380,train,2.0804,10.5263,64
0,1380,train,2.0664,0.0,64
0,1390,train,2.0938,9.2105,64
0,1390,train,2.153,0.0,64
0,1400,train,2.0785,12.5,64
0,1400,train,2.1373,0.0,64
0,1410,train,2.091,10.5263,64
0,1410,train,2.0717,12.5,64
0,1420,train,2.0863,11.8421,64
0,1420,train,2.0827,12.5,64
0,1430,train,2.0823,16.4474,64
0,1430,train,2.0913,12.5,64
0,1440,train,2.0876,13.8158,64
0,1440,train,2.0989,0.0,64
0,1450,train,2.0879,7.8947,64
0,1450,train,2.0708,12.5,64
0,1460,train,2.0792,14.4737,64
0,1460,train,2.1139,0.0,64
0,1470,train,2.0661,13.8158,64
0,1470,train,2.0585,12.5,64
0,1480,train,2.0922,9.8684,64
0,1480,train,2.0731,25.0,64
0,1490,train,2.0807,9.8684,64
0,1490,train,2.1187,0.0,64
0,1500,train,2.096,11.8421,64
0,1500,train,2.0656,12.5,64
0,1510,train,2.0839,10.5263,64
0,1510,train,2.1084,0.0,64
0,1520,train,2.0732,17.1053,64
0,1520,train,2.081,25.0,64
0,1530,train,2.0926,9.2105,64
0,1530,train,2.0206,62.5,64
0,1536,validation,2.0821,12.42,64
0,1536,validation,2.082,12.46,64
0,1540,train,2.0743,16.4474,64
0,1540,train,2.1021,0.0,64
0,1550,train,2.0865,11.8421,64
0,1550,train,2.1234,12.5,64
0,1560,train,2.0818,12.5,64
0,1560,train,2.0651,12.5,64
0,1570,train,2.0723,14.4737,64
0,1570,train,2.0939,0.0,64
0,1580,train,2.0924,9.8684,64
0,1580,train,2.0194,62.5,64
0,1590,train,2.0764,14.4737,64
0,1590,train,2.0539,12.5,64
0,1600,train,2.0811,15.1316,64
0,1600,train,2.0389,0.0,64
0,1610,train,2.0901,11.8421,64
0,1610,train,2.0826,12.5,64
0,1620,train,2.0931,6.5789,64
0,1620,train,2.1274,12.5,64
0,1630,train,2.0806,8.5526,64
0,1630,train,2.0363,12.5,64
0,1640,train,2.0868,9.8684,64
0,1640,train,2.102,0.0,64
0,1650,train,2.0752,13.1579,64
0,1650,train,2.1047,12.5,64
0,1660,train,2.0756,16.4474,64
0,1660,train,2.0423,12.5,64
0,1670,train,2.0874,10.5263,64
0,1670,train,2.0776,25.0,64
0,1680,train,2.0781,11.1842,64
0,1680,train,2.1158,12.5,64
0,1690,train,2.0803,15.1316,64
0,1690,train,2.0747,0.0,64
0,1700,train,2.0811,12.5,64
0,1700,train,2.0805,25.0,64
0,1710,train,2.0762,16.4474,64
0,1710,train,2.1403,0.0,64
0,1720,train,2.0805,14.4737,64
0,1720,train,2.0764,12.5,64
0,1730,train,2.083,15.7895,64
0,1730,train,2.0754,12.5,64
0,1740,train,2.0868,9.2105,64
0,1740,train,2.0694,25.0,64
0,1750,train,2.0887,10.5263,64
0,1750,train,2.0561,25.0,64
0,1760,train,2.0763,15.1316,64
0,1760,train,2.0921,12.5,64
0,1770,train,2.0752,15.7895,64
0,1770,train,2.0541,12.5,64
0,1780,train,2.0791,13.1579,64
0,1780,train,2.0663,25.0,64
0,1790,train,2.0882,11.8421,64
0,1790,train,2.1035,12.5,64
0,1800,train,2.0846,10.5263,64
0,1800,train,2.1369,0.0,64
0,1810,train,2.0813,9.8684,64
0,1810,train,2.1158,0.0,64
0,1820,train,2.0855,16.4474,64
0,1820,train,2.0857,25.0,64
0,1830,train,2.0783,14.4737,64
0,1830,train,2.0701,12.5,64
0,1840,train,2.0921,10.5263,64
0,1840,train,2.0371,25.0,64
0,1850,train,2.0833,13.1579,64
0,1850,train,2.0627,12.5,64
0,1860,train,2.0808,12.5,64
0,1860,train,2.1112,0.0,64
0,1870,train,2.0726,13.1579,64
0,1870,train,2.0869,0.0,64
0,1880,train,2.0838,13.8158,64
0,1880,train,2.0871,12.5,64
0,1890,train,2.0787,9.8684,64
0,1890,train,2.1,0.0,64
0,1900,train,2.0766,15.1316,64
0,1900,train,2.0835,12.5,64
0,1910,train,2.0837,10.5263,64
0,1910,train,2.0426,25.0,64
0,1920,train,2.0769,18.4211,64
0,1920,train,2.1086,12.5,64
0,1930,train,2.0717,13.1579,64
0,1930,train,2.0849,0.0,64
0,1940,train,2.0892,11.8421,64
0,1940,train,2.0888,12.5,64
0,1950,train,2.0811,15.1316,64
0,1950,train,2.0602,12.5,64
0,1960,train,2.0832,13.8158,64
0,1960,train,2.0637,12.5,64
0,1970,train,2.0868,13.8158,64
0,1970,train,2.122,0.0,64
0,1980,train,2.0936,9.2105,64
0,1980,train,2.0416,12.5,64
0,1990,train,2.0937,9.2105,64
0,1990,train,2.0638,12.5,64
0,2000,train,2.0782,16.4474,64
0,2000,train,2.0423,25.0,64
0,2010,train,2.0854,11.1842,64
0,2010,train,2.1113,12.5,64
0,2020,train,2.0725,15.1316,64
0,2020,train,2.0756,0.0,64
0,2030,train,2.0853,10.5263,64
0,2030,train,2.1051,0.0,64
0,2040,train,2.0847,8.5526,63.5263
0,2040,train,2.0999,0.0,64
0,2048,validation,2.0811,12.34,64
0,2048,validation,2.0811,12.88,64
0,2050,train,2.0886,10.5263,64
0,2050,train,2.0928,12.5,64
0,2060,train,2.0792,14.4737,63.9671
0,2060,train,2.0809,0.0,64
0,2070,train,2.0791,15.1316,64
0,2070,train,2.0997,0.0,64
0,2080,train,2.0814,10.5263,64
0,2080,train,2.0672,0.0,64
0,2090,train,2.0767,11.1842,63.9342
0,2090,train,2.076,12.5,64
0,2100,train,2.085,11.8421,64
0,2100,train,2.0554,25.0,64
0,2110,train,2.0852,10.5263,64
0,2110,train,2.0946,12.5,64
0,2120,train,2.0868,13.8158,64
0,2120,train,2.1165,12.5,64
0,2130,train,2.0854,10.5263,64
0,2130,train,2.0787,0.0,64
0,2140,train,2.0857,10.5263,64
0,2140,train,2.0206,37.5,56.875
0,2150,train,2.0815,13.1579,64
0,2150,train,2.0728,12.5,64
0,2160,train,2.0812,13.1579,63.9605
0,2160,train,2.1098,12.5,64
0,2170,train,2.0753,11.1842,63.2171
0,2170,train,2.0364,25.0,64
0,2180,train,2.0919,7.2368,63.2237
0,2180,train,2.0798,12.5,64
0,2190,train,2.0829,13.1579,64
0,2190,train,2.0843,25.0,64
0,2200,train,2.0843,13.8158,64
0,2200,train,2.0773,12.5,64
0,2210,train,2.0834,8.5526,64
0,2210,train,2.1153,0.0,64
0,2220,train,2.0751,13.1579,63.6053
0,2220,train,2.1008,12.5,64
0,2230,train,2.0754,11.8421,64
0,2230,train,2.0755,12.5,64
0,2240,train,2.0774,17.1053,64
0,2240,train,2.1066,0.0,64
0,2250,train,2.0887,10.5263,64
0,2250,train,2.0943,0.0,64
0,2260,train,2.0816,11.1842,64
0,2260,train,2.0639,25.0,64
0,2270,train,2.0752,15.7895,64
0,2270,train,2.0953,0.0,64
0,2280,train,2.0793,13.1579,64
0,2280,train,2.0827,25.0,64
0,2290,train,2.0686,18.4211,64
0,2290,train,2.0831,25.0,64
0,2300,train,2.0825,10.5263,64
0,2300,train,2.0855,12.5,64
0,2310,train,2.0874,9.2105,64
0,2310,train,2.099,0.0,64
0,2320,train,2.0758,16.4474,64
0,2320,train,2.0605,25.0,64
0,2330,train,2.0805,12.5,64
0,2330,train,2.0985,12.5,64
0,2340,train,2.0819,9.8684,64
0,2340,train,2.0608,25.0,64
0,2350,train,2.0833,13.1579,64
0,2350,train,2.0728,0.0,64
0,2360,train,2.0794,13.1579,64
0,2360,train,2.091,12.5,64
0,2370,train,2.0777,15.1316,63.5
0,2370,train,2.1024,0.0,64
0,2380,train,2.0843,15.7895,64
0,2380,train,2.059,25.0,64
0,2390,train,2.0809,15.1316,64
0,2390,train,2.0738,25.0,64
0,2400,train,2.089,12.5,64
0,2400,train,2.1036,12.5,64
0,2410,train,2.0787,11.8421,64
0,2410,train,2.0831,12.5,64
0,2420,train,2.089,9.8684,63.7763
0,2420,train,2.0738,12.5,64
0,2430,train,2.0746,17.7632,64
0,2430,train,2.1166,12.5,64
0,2440,train,2.0798,15.1316,63.6645
0,2440,train,2.1026,0.0,64
0,2450,train,2.0808,15.7895,64
0,2450,train,2.0995,12.5,64
0,2460,train,2.0829,10.5263,64
0,2460,train,2.108,12.5,64
0,2470,train,2.0838,15.7895,64
0,2470,train,2.0916,12.5,64
0,2480,train,2.0839,9.2105,64
0,2480,train,2.0695,25.0,64
0,2490,train,2.0783,9.8684,64
0,2490,train,2.095,12.5,64
0,2500,train,2.0719,15.7895,64
0,2500,train,2.0783,0.0,64
0,2510,train,2.0851,13.1579,64
0,2510,train,2.0913,12.5,64
0,2520,train,2.0743,12.5,64
0,2520,train,2.0748,0.0,64
0,2530,train,2.0883,9.2105,63.8487
0,2530,train,2.0801,12.5,64
0,2540,train,2.0772,13.1579,64
0,2540,train,2.0732,0.0,64
0,2550,train,2.0804,14.4737,64
0,2550,train,2.0902,12.5,64
0,2560,train,2.0852,11.8421,63.6118
0,2560,validation,2.0805,12.74,63.9878
0,2560,train,2.0908,0.0,64
0,2560,validation,2.0803,12.32,63.979
0,2570,train,2.0787,13.8158,63.3816
0,2570,train,2.0928,12.5,64
0,2580,train,2.0805,13.1579,64
0,2580,train,2.0719,0.0,64
0,2590,train,2.0775,13.1579,63.4868
0,2590,train,2.0722,12.5,64
0,2600,train,2.0834,11.1842,63.5461
0,2600,train,2.0822,0.0,64
0,2610,train,2.0732,16.4474,62.6579
0,2610,train,2.0855,25.0,64
0,2620,train,2.0828,9.8684,61.6118
0,2620,train,2.0568,25.0,64
0,2630,train,2.0773,14.4737,61.2171
0,2630,train,2.096,0.0,59.125
0,2640,train,2.0823,11.1842,59.6645
0,2640,train,2.1038,0.0,63.625
0,2650,train,2.0876,9.8684,58.2961
0,2650,train,2.0477,37.5,61.25
0,2660,train,2.0709,15.7895,62.0526
0,2660,train,2.0497,25.0,64
0,2670,train,2.0762,15.1316,61.5526
0,2670,train,2.0791,25.0,63.375
0,2680,train,2.0761,15.1316,62.8684
0,2680,train,2.0759,12.5,64
0,2690,train,2.0774,12.5,62.1908
0,2690,train,2.0833,12.5,64
0,2700,train,2.0832,8.5526,63.2105
0,2700,train,2.0898,12.5,64
0,2710,train,2.0866,7.2368,63.5066
0,2710,train,2.0855,12.5,64
0,2720,train,2.0823,15.7895,64
0,2720,train,2.0717,25.0,64
0,2730,train,2.0803,12.5,64
0,2730,train,2.1035,0.0,64
0,2740,train,2.0896,12.5,64
0,2740,train,2.0657,0.0,64
0,2750,train,2.0865,7.8947,64
0,2750,train,2.1122,0.0,64
0,2760,train,2.0861,8.5526,64
0,2760,train,2.0395,37.5,64
0,2770,train,2.0892,8.5526,64
0,2770,train,2.0899,0.0,64
0,2780,train,2.0783,14.4737,64
0,2780,train,2.0539,25.0,64
0,2790,train,2.0826,11.8421,64
0,2790,train,2.0686,25.0,64
0,2800,train,2.0811,11.8421,64
0,2800,train,2.0707,25.0,64
0,2810,train,2.0798,13.1579,64
0,2810,train,2.0587,0.0,64
0,2820,train,2.0889,9.2105,64
0,2820,train,2.1149,12.5,64
0,2830,train,2.0862,12.5,64
0,2830,train,2.0949,0.0,64
0,2840,train,2.0793,15.7895,64
0,2840,train,2.0674,0.0,64
0,2850,train,2.0836,9.8684,64
0,2850,train,2.0589,25.0,64
0,2860,train,2.0769,14.4737,64
0,2860,train,2.0407,25.0,64
0,2870,train,2.0804,13.1579,64
0,2870,train,2.0897,25.0,64
0,2880,train,2.0813,15.1316,64
0,2880,train,2.0959,0.0,64
0,2890,train,2.0796,15.7895,64
0,2890,train,2.0748,0.0,64
0,2900,train,2.0894,9.8684,64
0,2900,train,2.0748,0.0,64
0,2910,train,2.0879,11.1842,64
0,2910,train,2.1071,12.5,64
0,2920,train,2.0806,15.1316,64
0,2920,train,2.0893,12.5,64
0,2930,train,2.0794,12.5,64
0,2930,train,2.0657,12.5,64
0,2940,train,2.0816,10.5263,64
0,2940,train,2.0785,12.5,64
0,2950,train,2.0831,13.8158,64
0,2950,train,2.0885,12.5,64
0,2960,train,2.0836,9.8684,64
0,2960,train,2.0744,12.5,64
0,2970,train,2.0756,17.1053,64
0,2970,train,2.0741,0.0,64
0,2980,train,2.0809,14.4737,64
0,2980,train,2.0989,0.0,64
0,2990,train,2.0796,12.5,64
0,2990,train,2.0429,12.5,64
0,3000,train,2.08,14.4737,64
0,3000,train,2.0708,12.5,64
0,3010,train,2.0773,15.1316,64
0,3010,train,2.0926,12.5,64
0,3020,train,2.0825,4.6053,64
0,3020,train,2.0554,12.5,64
0,3030,train,2.0804,9.8684,64
0,3030,train,2.061,25.0,64
0,3040,train,2.0769,15.7895,64
0,3040,train,2.0991,0.0,64
0,3050,train,2.0848,11.1842,64
0,3050,train,2.0846,12.5,64
0,3060,train,2.0831,8.5526,64
0,3060,train,2.0938,12.5,64
0,3070,train,2.0851,10.5263,64
0,3070,train,2.0553,37.5,64
0,3072,validation,2.0803,12.46,64
0,3072,validation,2.08,12.7,64
0,3080,train,2.0774,10.5263,64
0,3080,train,2.076,12.5,64
0,3090,train,2.0776,13.1579,64
0,3090,train,2.0789,25.0,64
0,3100,train,2.0788,14.4737,64
0,3100,train,2.0702,25.0,64
0,3110,train,2.083,9.2105,64
0,3110,train,2.0885,0.0,64
0,3120,train,2.0806,11.8421,64
0,3120,train,2.0716,25.0,64
0,3130,train,2.078,14.4737,64
0,3130,train,2.0636,37.5,64
0,3140,train,2.0749,21.0526,64
0,3140,train,2.0438,25.0,64
0,3150,train,2.0788,18.4211,64
0,3150,train,2.0783,12.5,64
0,3160,train,2.0756,12.5,64
0,3160,train,2.0754,12.5,64
0,3170,train,2.0841,11.1842,64
0,3170,train,2.061,37.5,64
0,3180,train,2.0832,11.1842,64
0,3180,train,2.1167,12.5,64
0,3190,train,2.0817,11.1842,64
0,3190,train,2.0821,0.0,64
0,3200,train,2.0795,15.7895,64
0,3200,train,2.0971,0.0,64
0,3210,train,2.0829,10.5263,64
0,3210,train,2.0805,12.5,64
0,3220,train,2.0817,12.5,64
0,3220,train,2.0545,12.5,64
0,3230,train,2.0798,13.1579,64
0,3230,train,2.0683,25.0,64
0,3240,train,2.0783,14.4737,64
0,3240,train,2.0676,12.5,64
0,3250,train,2.09,10.5263,64
0,3250,train,2.0685,12.5,64
0,3260,train,2.0844,11.1842,64
0,3260,train,2.0798,0.0,64
0,3270,train,2.0841,9.2105,64
0,3270,train,2.0708,12.5,64
0,3280,train,2.0706,16.4474,64
0,3280,train,2.0497,25.0,64
0,3290,train,2.0887,7.8947,64
0,3290,train,2.0994,0.0,64
0,3300,train,2.0769,17.7632,64
0,3300,train,2.0874,0.0,64
0,3310,train,2.0839,11.1842,64
0,3310,train,2.0974,0.0,64
0,3320,train,2.0871,9.2105,64
0,3320,train,2.0717,0.0,64
0,3330,train,2.0753,13.8158,64
0,3330,train,2.0867,0.0,64
0,3340,train,2.0843,11.1842,64
0,3340,train,2.0805,12.5,64
0,3350,train,2.0768,9.8684,64
0,3350,train,2.0642,25.0,64
0,3360,train,2.0873,9.2105,64
0,3360,train,2.078,25.0,64
0,3370,train,2.0734,14.4737,64
0,3370,train,2.0906,12.5,64
0,3380,train,2.0818,11.8421,64
0,3380,train,2.0718,25.0,64
0,3390,train,2.08,11.8421,64
0,3390,train,2.0625,37.5,64
0,3400,train,2.0764,11.1842,64
0,3400,train,2.0834,0.0,64
0,3410,train,2.0833,13.8158,64
0,3410,train,2.0832,12.5,64
0,3420,train,2.0898,9.2105,64
0,3420,train,2.0917,0.0,64
0,3430,train,2.0806,13.1579,64
0,3430,train,2.0509,25.0,64
0,3440,train,2.0836,11.1842,64
0,3440,train,2.1105,12.5,64
0,3450,train,2.0788,11.8421,64
0,3450,train,2.071,12.5,64
0,3460,train,2.0801,10.5263,64
0,3460,train,2.0707,25.0,64
0,3470,train,2.0812,9.8684,64
0,3470,train,2.0553,12.5,64
0,3480,train,2.08,10.5263,64
0,3480,train,2.0556,25.0,64
0,3490,train,2.0822,8.5526,64
0,3490,train,2.0517,25.0,64
0,3500,train,2.0837,7.8947,64
0,3500,train,2.0941,0.0,64
0,3510,train,2.079,13.8158,64
0,3510,train,2.0804,12.5,64
0,3520,train,2.0829,12.5,64
0,3520,train,2.0927,0.0,64
0,3530,train,2.077,12.5,64
0,3530,train,2.0792,12.5,64
0,3540,train,2.0813,11.1842,64
0,3540,train,2.0894,12.5,64
0,3550,train,2.0757,13.1579,64
0,3550,train,2.081,12.5,64
0,3560,train,2.0773,11.1842,64
0,3560,train,2.0754,0.0,64
0,3570,train,2.0802,14.4737,64
0,3570,train,2.1304,0.0,64
0,3580,train,2.0852,9.8684,64
0,3580,train,2.0858,0.0,64
0,3584,validation,2.0801,12.44,64
0,3584,validation,2.0803,12.32,64
0,3590,train,2.0793,10.5263,64
0,3590,train,2.0641,0.0,64
0,3600,train,2.0829,11.8421,64
0,3600,train,2.0674,12.5,64
0,3610,train,2.0755,19.7368,64
0,3610,train,2.0806,12.5,64
0,3620,train,2.0756,13.1579,64
0,3620,train,2.1126,12.5,64
0,3630,train,2.0816,13.1579,64
0,3630,train,2.1099,0.0,64
0,3640,train,2.0838,14.4737,64
0,3640,train,2.0828,12.5,64
0,3650,train,2.0733,15.7895,64
0,3650,train,2.0704,12.5,64
0,3660,train,2.0824,10.5263,64
0,3660,train,2.0806,12.5,64
0,3670,train,2.0793,17.1053,64
0,3670,train,2.0906,0.0,64
0,3680,train,2.0751,12.5,64
0,3680,train,2.0686,0.0,64
0,3690,train,2.0816,11.8421,64
0,3690,train,2.0504,25.0,64
0,3700,train,2.0848,12.5,64
0,3700,train,2.1171,0.0,64
0,3710,train,2.0796,14.4737,64
0,3710,train,2.0785,12.5,64
0,3720,train,2.0806,15.1316,64
0,3720,train,2.0843,0.0,64
0,3730,train,2.0875,7.8947,64
0,3730,train,2.0916,12.5,64
0,3740,train,2.0781,11.8421,64
0,3740,train,2.0818,25.0,64
0,3750,train,2.0778,13.1579,64
0,3750,train,2.0975,12.5,64
0,3760,train,2.0832,6.5789,64
0,3760,train,2.0788,0.0,64
0,3770,train,2.0781,15.1316,64
0,3770,train,2.0656,25.0,64
0,3780,train,2.0825,11.8421,64
0,3780,train,2.1066,0.0,64
0,3790,train,2.0837,8.5526,64
0,3790,train,2.0517,12.5,64
0,3800,train,2.0875,7.2368,64
0,3800,train,2.0735,0.0,64
0,3810,train,2.0785,13.1579,64
0,3810,train,2.0828,12.5,64
0,3820,train,2.0793,11.8421,64
0,3820,train,2.0609,25.0,64
0,3830,train,2.0778,11.8421,64
0,3830,train,2.0781,12.5,64
0,3840,train,2.0773,12.5,64
0,3840,train,2.0821,12.5,64
0,3850,train,2.0774,15.7895,64
0,3850,train,2.0938,25.0,64
0,3860,train,2.0775,13.8158,64
0,3860,train,2.0326,62.5,64
0,3870,train,2.0765,13.1579,64
0,3870,train,2.0837,0.0,64
0,3880,train,2.0816,13.8158,64
0,3880,train,2.0931,0.0,64
0,3890,train,2.0854,13.1579,64
0,3890,train,2.0606,0.0,64
0,3900,train,2.0861,9.8684,64
0,3900,train,2.05,37.5,64
0,3910,train,2.0787,14.4737,64
0,3910,train,2.0564,25.0,64
0,3920,train,2.0837,9.2105,64
0,3920,train,2.0668,25.0,64
0,3930,train,2.079,10.5263,64
0,3930,train,2.0704,25.0,64
0,3940,train,2.0842,9.8684,64
0,3940,train,2.0968,0.0,64
0,3950,train,2.0817,12.5,64
0,3950,train,2.0992,0.0,64
0,3960,train,2.0918,9.2105,64
0,3960,train,2.0841,0.0,64
0,3970,train,2.0803,12.5,64
0,3970,train,2.0949,0.0,64
0,3980,train,2.0821,11.8421,64
0,3980,train,2.0828,25.0,64
0,3990,train,2.0789,11.1842,64
0,3990,train,2.1167,12.5,64
0,4000,train,2.0804,13.8158,64
0,4000,train,2.0655,25.0,64
0,4010,train,2.0841,14.4737,64
0,4010,train,2.0721,12.5,64
0,4020,train,2.0817,12.5,64
0,4020,train,2.0812,12.5,64
0,4030,train,2.0777,11.1842,64
0,4030,train,2.1021,0.0,64
0,4040,train,2.0879,7.8947,64
0,4040,train,2.1009,12.5,64
0,4050,train,2.0823,13.1579,64
0,4050,train,2.0686,12.5,64
0,4060,train,2.0841,9.2105,64
0,4060,train,2.0876,12.5,64
0,4070,train,2.0868,12.5,64
0,4070,train,2.083,0.0,64
0,4080,train,2.0861,10.5263,64
0,4080,train,2.081,0.0,64
0,4090,train,2.0805,11.1842,64
0,4090,train,2.0508,12.5,64
0,4096,validation,2.0798,12.88,64
0,4096,validation,2.0799,12.72,64
0,4100,train,2.0744,16.4474,64
0,4100,train,2.072,12.5,64
0,4110,train,2.0758,13.1579,64
0,4110,train,2.0512,37.5,64
0,4120,train,2.077,7.8947,64
0,4120,train,2.09,12.5,64
0,4130,train,2.0806,10.5263,64
0,4130,train,2.0552,50.0,64
0,4140,train,2.0807,14.4737,64
0,4140,train,2.0922,0.0,64
0,4150,train,2.0795,15.1316,64
0,4150,train,2.0755,25.0,64
0,4160,train,2.0728,16.4474,64
0,4160,train,2.0661,12.5,64
0,4170,train,2.0831,11.1842,64
0,4170,train,2.0708,12.5,64
0,4180,train,2.0793,12.5,64
0,4180,train,2.0855,12.5,64
0,4190,train,2.0855,7.2368,64
0,4190,train,2.0966,0.0,64
0,4200,train,2.0753,14.4737,64
0,4200,train,2.0696,25.0,64
0,4210,train,2.0783,13.8158,64
0,4210,train,2.0723,25.0,64
0,4220,train,2.0846,11.1842,64
0,4220,train,2.0778,25.0,64
0,4230,train,2.0808,11.8421,64
0,4230,train,2.0911,12.5,64
0,4240,train,2.0813,11.1842,64
0,4240,train,2.0617,25.0,64
0,4250,train,2.0817,11.1842,64
0,4250,train,2.062,25.0,64
0,4260,train,2.0764,15.1316,64
0,4260,train,2.0864,12.5,64
0,4270,train,2.0785,12.5,64
0,4270,train,2.0761,37.5,64
0,4280,train,2.0765,11.1842,64
0,4280,train,2.08,0.0,64
0,4290,train,2.079,11.1842,64
0,4290,train,2.0828,12.5,64
0,4300,train,2.0814,14.4737,64
0,4300,train,2.0887,12.5,64
0,4310,train,2.0779,11.8421,64
0,4310,train,2.091,12.5,64
0,4320,train,2.0797,19.0789,64
0,4320,train,2.1012,0.0,64
0,4330,train,2.0758,14.4737,64
0,4330,train,2.0728,0.0,64
0,4340,train,2.0793,13.1579,64
0,4340,train,2.0711,25.0,64
0,4350,train,2.0855,9.2105,64
0,4350,train,2.0747,12.5,64
0,4360,train,2.0763,14.4737,64
0,4360,train,2.0913,0.0,64
0,4370,train,2.0839,9.8684,64
0,4370,train,2.0667,12.5,64
0,4380,train,2.0799,15.1316,64
0,4380,train,2.0708,12.5,64
0,4390,train,2.0802,13.1579,64
0,4390,train,2.0669,12.5,64
0,4400,train,2.0809,13.8158,64
0,4400,train,2.0781,0.0,64
0,4410,train,2.0821,9.8684,64
0,4410,train,2.0749,12.5,64
0,4420,train,2.0806,11.8421,64
0,4420,train,2.0688,12.5,64
0,4430,train,2.0815,8.5526,64
0,4430,train,2.0613,25.0,64
0,4440,train,2.0811,10.5263,64
0,4440,train,2.0794,12.5,64
0,4450,train,2.0803,8.5526,64
0,4450,train,2.0737,25.0,64
0,4460,train,2.0856,11.1842,64
0,4460,train,2.0888,0.0,64
0,4470,train,2.0836,7.8947,64
0,4470,train,2.0905,12.5,64
0,4480,train,2.0782,13.1579,64
0,4480,train,2.0818,12.5,64
0,4490,train,2.0756,18.4211,64
0,4490,train,2.0723,25.0,64
0,4500,train,2.0791,15.7895,64
0,4500,train,2.0911,0.0,64
0,4510,train,2.0793,13.8158,64
0,4510,train,2.0727,12.5,64
0,4520,train,2.0809,16.4474,64
0,4520,train,2.089,0.0,64
0,4530,train,2.0778,13.1579,64
0,4530,train,2.0747,12.5,64
0,4540,train,2.0824,14.4737,64
0,4540,train,2.1,0.0,64
0,4550,train,2.0824,9.8684,64
0,4550,train,2.0702,12.5,64
0,4560,train,2.0831,11.8421,64
0,4560,train,2.0808,0.0,64
0,4570,train,2.0798,13.8158,64
0,4570,train,2.0788,25.0,64
0,4580,train,2.0803,13.8158,64
0,4580,train,2.095,0.0,64
0,4590,train,2.0782,9.2105,64
0,4590,train,2.0782,12.5,64
0,4600,train,2.0793,13.8158,64
0,4600,train,2.0945,0.0,64
0,4608,validation,2.0796,12.62,64
0,4608,validation,2.0799,12.74,64
0,4610,train,2.0807,8.5526,64
0,4610,train,2.0763,0.0,64
0,4620,train,2.0775,9.2105,64
0,4620,train,2.0925,0.0,64
0,4630,train,2.0759,13.1579,64
0,4630,train,2.0711,12.5,64
0,4640,train,2.0787,14.4737,64
0,4640,train,2.0688,12.5,64
0,4650,train,2.0794,10.5263,64
0,4650,train,2.0629,12.5,64
0,4660,train,2.0829,9.2105,64
0,4660,train,2.0786,0.0,64
0,4670,train,2.0778,13.8158,64
0,4670,train,2.1043,0.0,64
0,4680,train,2.0768,11.1842,64
0,4680,train,2.0769,0.0,64
0,4690,train,2.0759,15.7895,64
0,4690,train,2.0834,0.0,64
0,4700,train,2.0795,12.5,64
0,4700,train,2.056,37.5,64
0,4710,train,2.0778,12.5,64
0,4710,train,2.076,25.0,64
0,4720,train,2.0796,11.1842,64
0,4720,train,2.1017,12.5,64
0,4730,train,2.0797,15.1316,64
0,4730,train,2.0981,0.0,64
0,4740,train,2.0753,15.7895,64
0,4740,train,2.0918,12.5,64
0,4750,train,2.0854,9.8684,64
0,4750,train,2.079,25.0,64
0,4760,train,2.0793,13.1579,64
0,4760,train,2.0993,0.0,64
0,4770,train,2.0744,15.7895,64
0,4770,train,2.0775,25.0,64
0,4780,train,2.0816,9.8684,64
0,4780,train,2.074,0.0,64
0,4790,train,2.0785,13.1579,64
0,4790,train,2.0821,25.0,64
0,4800,train,2.0822,13.1579,64
0,4800,train,2.0914,0.0,64
0,4810,train,2.0798,10.5263,64
0,4810,train,2.0847,12.5,64
0,4820,train,2.0768,17.7632,64
0,4820,train,2.0642,25.0,64
0,4830,train,2.0737,17.1053,64
0,4830,train,2.0783,0.0,64
0,4840,train,2.0791,10.5263,64
0,4840,train,2.0672,0.0,64
0,4850,train,2.0794,15.1316,64
0,4850,train,2.0913,12.5,64
0,4860,train,2.0757,10.5263,64
0,4860,train,2.074,25.0,64
0,4870,train,2.082,10.5263,64
0,4870,train,2.0617,25.0,64
0,4880,train,2.0808,13.1579,64
0,4880,train,2.0631,37.5,64
0,4890,train,2.0793,16.4474,64
0,4890,train,2.0873,0.0,64
0,4900,train,2.0834,8.5526,64
0,4900,train,2.0964,0.0,64
0,4910,train,2.0779,17.7632,64
0,4910,train,2.0769,25.0,64
0,4920,train,2.0789,17.7632,64
0,4920,train,2.0665,12.5,64
0,4930,train,2.0808,14.4737,64
0,4930,train,2.0878,12.5,64
0,4940,train,2.0793,10.5263,64
0,4940,train,2.0692,25.0,64
0,4950,train,2.082,13.1579,64
0,4950,train,2.0722,37.5,64
0,4960,train,2.0808,10.5263,64
0,4960,train,2.0932,0.0,64
0,4970,train,2.0803,16.4474,64
0,4970,train,2.0977,0.0,64
0,4980,train,2.0802,11.8421,64
0,4980,train,2.083,12.5,64
0,4990,train,2.0789,11.8421,64
0,4990,train,2.0809,0.0,64
0,5000,train,2.0817,11.1842,64
0,5000,train,2.0724,25.0,64
0,5010,train,2.0732,19.7368,64
0,5010,train,2.0808,0.0,64
0,5020,train,2.0859,7.2368,64
0,5020,train,2.0691,0.0,64
0,5030,train,2.0757,20.3947,64
0,5030,train,2.0615,25.0,64
0,5040,train,2.0822,11.8421,64
0,5040,train,2.0822,12.5,64
0,5050,train,2.0804,13.1579,64
0,5050,train,2.0738,12.5,64
0,5060,train,2.073,15.7895,64
0,5060,train,2.0887,25.0,64
0,5070,train,2.0764,15.1316,64
0,5070,train,2.0916,12.5,64
0,5080,train,2.0825,9.2105,64
0,5080,train,2.0764,12.5,64
0,5090,train,2.0782,13.1579,64
0,5090,train,2.0646,0.0,64
0,5100,train,2.0788,11.8421,64
0,5100,train,2.0814,12.5,64
0,5110,train,2.0838,10.5263,64
0,5110,train,2.0943,12.5,64
0,5120,train,2.0839,10.5263,64
0,5120,validation,2.0797,12.88,64
0,5120,train,2.0718,25.0,64
0,5120,validation,2.0799,12.48,64
0,5130,train,2.0819,9.2105,64
0,5130,train,2.0965,0.0,64
0,5140,train,2.0852,8.5526,64
0,5140,train,2.0777,25.0,64
0,5150,train,2.0845,10.5263,64
0,5150,train,2.0771,12.5,64
0,5160,train,2.0819,9.2105,64
0,5160,train,2.0897,12.5,64
0,5170,train,2.08,11.1842,64
0,5170,train,2.0791,12.5,64
0,5180,train,2.0747,23.6842,64
0,5180,train,2.0781,0.0,64
0,5190,train,2.078,11.1842,64
0,5190,train,2.1037,0.0,64
0,5200,train,2.08,11.8421,64
0,5200,train,2.1017,12.5,64
0,5210,train,2.0808,11.1842,64
0,5210,train,2.0857,0.0,64
0,5220,train,2.0752,15.1316,64
0,5220,train,2.0831,25.0,64
0,5230,train,2.0777,11.8421,64
0,5230,train,2.1014,0.0,64
0,5240,train,2.0802,13.8158,64
0,5240,train,2.0776,12.5,64
0,5250,train,2.0814,13.1579,64
0,5250,train,2.1119,0.0,64
0,5260,train,2.0774,13.8158,64
0,5260,train,2.0897,12.5,64
0,5270,train,2.0829,9.8684,64
0,5270,train,2.0699,12.5,64
0,5280,train,2.0801,14.4737,64
0,5280,train,2.0679,37.5,64
0,5290,train,2.0824,13.8158,64
0,5290,train,2.0605,50.0,64
0,5300,train,2.0778,13.8158,64
0,5300,train,2.0809,25.0,64
0,5310,train,2.0849,12.5,64
0,5310,train,2.0713,25.0,64
0,5320,train,2.0857,9.2105,64
0,5320,train,2.0839,25.0,64
0,5330,train,2.0772,13.8158,64
0,5330,train,2.0581,25.0,64
0,5340,train,2.0786,11.8421,64
0,5340,train,2.0786,25.0,64
0,5350,train,2.0751,13.8158,64
0,5350,train,2.0919,0.0,64
0,5360,train,2.0816,7.8947,64
0,5360,train,2.0686,0.0,64
0,5370,train,2.082,12.5,64
0,5370,train,2.0954,0.0,64
0,5380,train,2.081,7.2368,64
0,5380,train,2.0603,37.5,64
0,5390,train,2.0844,8.5526,64
0,5390,train,2.0693,25.0,64
0,5400,train,2.0834,11.8421,64
0,5400,train,2.0755,0.0,64
0,5410,train,2.081,11.1842,64
0,5410,train,2.0849,12.5,64
0,5420,train,2.0781,9.2105,64
0,5420,train,2.0758,0.0,64
0,5430,train,2.0809,15.1316,64
0,5430,train,2.0681,12.5,64
0,5440,train,2.0782,13.1579,64
0,5440,train,2.0758,37.5,64
0,5450,train,2.0785,12.5,64
0,5450,train,2.0791,25.0,64
0,5460,train,2.0803,13.8158,64
0,5460,train,2.0864,12.5,64
0,5470,train,2.0783,5.9211,64
0,5470,train,2.0586,50.0,64
0,5480,train,2.0753,13.1579,64
0,5480,train,2.0678,12.5,64
0,5490,train,2.0806,7.8947,64
0,5490,train,2.0722,0.0,64
0,5500,train,2.0812,12.5,64
0,5500,train,2.0776,0.0,64
0,5510,train,2.0795,14.4737,64
0,5510,train,2.0729,25.0,64
0,5520,train,2.0785,16.4474,64
0,5520,train,2.0966,12.5,64
0,5530,train,2.0802,11.8421,64
0,5530,train,2.0901,0.0,64
0,5540,train,2.075,15.7895,64
0,5540,train,2.0837,0.0,64
0,5550,train,2.0788,15.1316,64
0,5550,train,2.0703,12.5,64
0,5560,train,2.0797,13.1579,64
0,5560,train,2.0679,37.5,64
0,5570,train,2.0762,11.8421,64
0,5570,train,2.0758,12.5,64
0,5580,train,2.0747,16.4474,64
0,5580,train,2.0831,0.0,64
0,5590,train,2.0781,16.4474,64
0,5590,train,2.0818,0.0,64
0,5600,train,2.0775,13.8158,64
0,5600,train,2.0896,0.0,64
0,5610,train,2.0834,12.5,64
0,5610,train,2.0779,25.0,64
0,5620,train,2.0795,14.4737,64
0,5620,train,2.0689,0.0,64
0,5630,train,2.0784,13.8158,64
0,5630,train,2.0437,50.0,64
0,5632,validation,2.0805,12.8,64
0,5632,validation,2.0806,12.5,64
0,5640,train,2.0839,9.2105,64
0,5640,train,2.0855,12.5,64
0,5650,train,2.0823,11.1842,64
0,5650,train,2.0817,12.5,64
0,5660,train,2.0734,16.4474,64
0,5660,train,2.078,12.5,64
0,5670,train,2.0822,6.5789,64
0,5670,train,2.0809,0.0,64
0,5680,train,2.0773,10.5263,64
0,5680,train,2.0815,12.5,64
0,5690,train,2.0799,16.4474,64
0,5690,train,2.0942,0.0,64
0,5700,train,2.0791,11.8421,64
0,5700,train,2.0794,12.5,64
0,5710,train,2.0797,10.5263,64
0,5710,train,2.0765,25.0,64
0,5720,train,2.0775,11.1842,64
0,5720,train,2.0674,37.5,64
0,5730,train,2.0792,11.8421,64
0,5730,train,2.0754,12.5,64
0,5740,train,2.0791,9.8684,64
0,5740,train,2.0907,0.0,64
0,5750,train,2.0806,15.1316,64
0,5750,train,2.1101,0.0,64
0,5760,train,2.0812,11.8421,64
0,5760,train,2.0974,0.0,64
0,5770,train,2.0837,9.8684,64
0,5770,train,2.071,0.0,64
0,5780,train,2.0808,11.1842,64
0,5780,train,2.0756,0.0,64
0,5790,train,2.0797,11.8421,64
0,5790,train,2.0666,0.0,64
0,5800,train,2.0828,9.2105,64
0,5800,train,2.0816,25.0,64
0,5810,train,2.0806,13.1579,64
0,5810,train,2.0799,12.5,64
0,5820,train,2.0813,9.8684,64
0,5820,train,2.0625,25.0,64
0,5830,train,2.0813,11.8421,64
0,5830,train,2.0729,12.5,64
0,5840,train,2.0793,15.1316,64
0,5840,train,2.0714,12.5,64
0,5850,train,2.0791,12.5,64
0,5850,train,2.0692,37.5,64
0,5860,train,2.078,16.4474,64
0,5860,train,2.0884,0.0,64
0,5870,train,2.0838,7.8947,64
0,5870,train,2.083,0.0,64
0,5880,train,2.0784,17.7632,64
0,5880,train,2.0899,0.0,64
0,5890,train,2.0828,7.2368,64
0,5890,train,2.0803,12.5,64
0,5900,train,2.0816,11.1842,64
0,5900,train,2.0828,12.5,64
0,5910,train,2.0807,11.8421,64
0,5910,train,2.0965,0.0,64
0,5920,train,2.0824,13.8158,64
0,5920,train,2.0839,0.0,64
0,5930,train,2.0848,11.1842,64
0,5930,train,2.0784,25.0,64
0,5940,train,2.0812,11.1842,64
0,5940,train,2.0787,12.5,64
0,5950,train,2.0776,20.3947,64
0,5950,train,2.08,25.0,64
0,5960,train,2.0773,11.1842,64
0,5960,train,2.0847,0.0,64
0,5970,train,2.0795,11.8421,64
0,5970,train,2.0606,37.5,64
0,5980,train,2.0811,10.5263,64
0,5980,train,2.0733,12.5,64
0,5990,train,2.0829,12.5,64
0,5990,train,2.0884,0.0,64
0,6000,train,2.0818,11.8421,64
0,6000,train,2.064,25.0,64
0,6010,train,2.08,15.7895,64
0,6010,train,2.0853,25.0,64
0,6020,train,2.0793,13.1579,64
0,6020,train,2.0966,0.0,64
0,6030,train,2.0834,9.8684,64
0,6030,train,2.0798,37.5,64
0,6040,train,2.0781,13.1579,64
0,6040,train,2.0656,37.5,64
0,6050,train,2.085,8.5526,64
0,6050,train,2.0752,0.0,64
0,6060,train,2.0818,7.2368,64
0,6060,train,2.0786,12.5,64
0,6070,train,2.0776,13.1579,64
0,6070,train,2.0818,25.0,64
0,6080,train,2.0781,10.5263,64
0,6080,train,2.0769,12.5,64
0,6090,train,2.08,8.5526,64
0,6090,train,2.0887,0.0,64
0,6100,train,2.0819,11.1842,64
0,6100,train,2.0782,12.5,64
0,6110,train,2.0803,15.1316,64
0,6110,train,2.0807,12.5,64
0,6120,train,2.0806,8.5526,64
0,6120,train,2.0753,12.5,64
0,6130,train,2.0814,13.1579,64
0,6130,train,2.0798,12.5,64
0,6140,train,2.0787,13.8158,64
0,6140,train,2.0691,37.5,64
0,6144,validation,2.0797,12.42,64
0,6144,validation,2.0799,12.24,64
0,6150,train,2.0805,11.1842,64
0,6150,train,2.0808,12.5,64
0,6160,train,2.0798,15.7895,64
0,6160,train,2.0888,0.0,64
0,6170,train,2.0782,11.1842,64
0,6170,train,2.0827,0.0,64
0,6180,train,2.0796,9.8684,64
0,6180,train,2.0828,12.5,64
0,6190,train,2.0801,13.8158,64
0,6190,train,2.0828,0.0,64
0,6200,train,2.0808,10.5263,64
0,6200,train,2.0816,0.0,64
0,6210,train,2.0788,12.5,64
0,6210,train,2.0683,25.0,64
0,6220,train,2.0781,10.5263,64
0,6220,train,2.0813,12.5,64
0,6230,train,2.0836,8.5526,64
0,6230,train,2.0832,25.0,64
0,6240,train,2.0769,13.1579,64
0,6240,train,2.0881,0.0,64
0,6250,train,2.0836,9.8684,64
0,6250,train,2.0789,12.5,64
0,6260,train,2.0812,11.8421,64
0,6260,train,2.074,0.0,64
0,6270,train,2.0835,6.5789,64
0,6270,train,2.087,0.0,64
0,6280,train,2.0797,12.5,64
0,6280,train,2.0805,12.5,64
0,6290,train,2.0799,15.7895,64
0,6290,train,2.0768,25.0,64
0,6300,train,2.0815,9.2105,64
0,6300,train,2.0792,0.0,64
0,6310,train,2.0797,11.1842,64
0,6310,train,2.0826,0.0,64
0,6320,train,2.0763,13.8158,64
0,6320,train,2.0737,0.0,64
0,6330,train,2.0794,9.8684,64
0,6330,train,2.0803,0.0,64
0,6340,train,2.0823,7.8947,64
0,6340,train,2.0944,0.0,64
0,6350,train,2.0801,11.1842,64
0,6350,train,2.0739,0.0,64
0,6360,train,2.0805,10.5263,64
0,6360,train,2.0662,25.0,64
0,6370,train,2.0803,10.5263,64
0,6370,train,2.0808,12.5,64
0,6380,train,2.0799,7.8947,64
0,6380,train,2.0911,0.0,64
0,6390,train,2.0806,13.8158,64
0,6390,train,2.085,12.5,64
0,6400,train,2.0803,14.4737,64
0,6400,train,2.0687,12.5,64
0,6410,train,2.079,11.8421,64
0,6410,train,2.0855,12.5,64
0,6420,train,2.0824,14.4737,64
0,6420,train,2.0848,12.5,64
0,6430,train,2.0798,11.1842,64
0,6430,train,2.0794,12.5,64
0,6440,train,2.0803,16.4474,64
0,6440,train,2.0747,0.0,64
0,6450,train,2.0803,9.8684,64
0,6450,train,2.0735,37.5,64
1,6460,train,2.0796,14.4737,64
1,6460,train,2.0726,0.0,64
1,6470,train,2.0794,9.2105,64
1,6470,train,2.0989,0.0,64
1,6480,train,2.0766,17.1053,64
1,6480,train,2.0583,50.0,64
1,6490,train,2.0802,10.5263,64
1,6490,train,2.0682,25.0,64
1,6500,train,2.0791,14.4737,64
1,6500,train,2.0869,0.0,64
1,6510,train,2.0805,11.8421,64
1,6510,train,2.0837,12.5,64
1,6520,train,2.081,15.1316,64
1,6520,train,2.0857,0.0,64
1,6530,train,2.0785,15.1316,64
1,6530,train,2.0691,25.0,64
1,6540,train,2.0783,14.4737,64
1,6540,train,2.0714,0.0,64
1,6550,train,2.075,13.8158,64
1,6550,train,2.0833,12.5,64
1,6560,train,2.0811,11.1842,64
1,6560,train,2.0602,50.0,64
1,6570,train,2.0828,10.5263,64
1,6570,train,2.0853,12.5,64
1,6580,train,2.0805,11.1842,64
1,6580,train,2.0868,0.0,64
1,6590,train,2.0835,9.2105,64
1,6590,train,2.0835,0.0,64
1,6600,train,2.0786,10.5263,64
1,6600,train,2.0768,12.5,64
1,6610,train,2.0781,9.8684,64
1,6610,train,2.0937,12.5,64
1,6620,train,2.0752,17.1053,64
1,6620,train,2.0749,25.0,64
1,6630,train,2.0798,15.1316,64
1,6630,train,2.0843,12.5,64
1,6640,train,2.0798,13.8158,64
1,6640,train,2.0747,25.0,64
1,6650,train,2.0825,11.8421,64
1,6650,train,2.0858,0.0,64
1,6656,validation,2.0797,12.24,64
1,6656,validation,2.0796,12.92,64
1,6660,train,2.0801,12.5,64
1,6660,train,2.0699,50.0,64
1,6670,train,2.0788,9.8684,64
1,6670,train,2.0734,0.0,64
1,6680,train,2.0808,11.1842,64
1,6680,train,2.0854,12.5,64
1,6690,train,2.0817,11.1842,64
1,6690,train,2.0748,12.5,64
1,6700,train,2.0796,13.8158,64
1,6700,train,2.092,12.5,64
1,6710,train,2.0782,16.4474,64
1,6710,train,2.0841,0.0,64
1,6720,train,2.0791,11.1842,64
1,6720,train,2.0785,12.5,64
1,6730,train,2.0795,8.5526,64
1,6730,train,2.0899,0.0,64
1,6740,train,2.0767,19.0789,64
1,6740,train,2.0775,25.0,64
1,6750,train,2.0812,10.5263,64
1,6750,train,2.079,25.0,64
1,6760,train,2.0806,13.1579,64
1,6760,train,2.077,12.5,64
1,6770,train,2.0825,9.8684,64
1,6770,train,2.0759,25.0,64
1,6780,train,2.0774,15.7895,64
1,6780,train,2.0913,12.5,64
1,6790,train,2.0791,16.4474,64
1,6790,train,2.0758,0.0,64
1,6800,train,2.0812,12.5,64
1,6800,train,2.0926,0.0,64
1,6810,train,2.0813,15.7895,64
1,6810,train,2.0674,12.5,64
1,6820,train,2.0791,8.5526,64
1,6820,train,2.0875,0.0,64
1,6830,train,2.0754,18.4211,64
1,6830,train,2.0934,0.0,64
1,6840,train,2.0774,11.1842,64
1,6840,train,2.0723,0.0,64
1,6850,train,2.0813,12.5,64
1,6850,train,2.0857,0.0,64
1,6860,train,2.0788,17.7632,64
1,6860,train,2.0828,25.0,64
1,6870,train,2.0794,15.1316,64
1,6870,train,2.0839,12.5,64
1,6880,train,2.0795,15.1316,64
1,6880,train,2.0819,12.5,64
1,6890,train,2.0791,15.7895,64
1,6890,train,2.0772,12.5,64
1,6900,train,2.0796,11.1842,64
1,6900,train,2.0755,12.5,64
1,6910,train,2.0798,13.1579,64
1,6910,train,2.0703,37.5,64
1,6920,train,2.0799,13.8158,64
1,6920,train,2.0799,0.0,64
1,6930,train,2.0797,11.1842,64
1,6930,train,2.0829,12.5,64
1,6940,train,2.081,13.1579,64
1,6940,train,2.0876,12.5,64
1,6950,train,2.0816,12.5,64
1,6950,train,2.0748,37.5,64
1,6960,train,2.0785,17.1053,64
1,6960,train,2.0874,12.5,64
1,6970,train,2.0761,17.7632,64
1,6970,train,2.0741,12.5,64
1,6980,train,2.0778,15.1316,64
1,6980,train,2.0887,0.0,64
1,6990,train,2.0805,8.5526,64
1,6990,train,2.0787,12.5,64
1,7000,train,2.077,15.1316,64
1,7000,train,2.0945,0.0,64
1,7010,train,2.0783,10.5263,64
1,7010,train,2.0856,0.0,64
1,7020,train,2.0784,11.1842,64
1,7020,train,2.0828,12.5,64
1,7030,train,2.0812,11.8421,64
1,7030,train,2.0833,12.5,64
1,7040,train,2.0806,13.8158,64
1,7040,train,2.0842,12.5,64
1,7050,train,2.0778,15.7895,64
1,7050,train,2.0814,12.5,64
1,7060,train,2.0761,15.7895,64
1,7060,train,2.0841,25.0,64
1,7070,train,2.0801,14.4737,64
1,7070,train,2.0883,12.5,64
1,7080,train,2.0788,13.1579,64
1,7080,train,2.0813,0.0,64
1,7090,train,2.0757,13.1579,64
1,7090,train,2.082,0.0,64
1,7100,train,2.0776,13.8158,64
1,7100,train,2.0776,12.5,64
1,7110,train,2.073,19.7368,64
1,7110,train,2.0896,0.0,64
1,7120,train,2.1273,16.4474,64
1,7120,train,2.0898,12.5,64
1,7130,train,2.0865,10.5263,64
1,7130,train,2.0977,0.0,64
1,7140,train,2.0803,10.5263,64
1,7140,train,2.1106,0.0,64
1,7150,train,2.0815,9.8684,64
1,7150,train,2.0727,12.5,64
1,7160,train,2.0848,11.1842,64
1,7160,train,2.0752,25.0,64
1,7168,validation,2.0796,11.7,64
1,7168,validation,2.0795,12.4,64
1,7170,train,2.0791,14.4737,64
1,7170,train,2.0799,12.5,64
1,7180,train,2.0784,18.4211,64
1,7180,train,2.0798,12.5,64
1,7190,train,2.079,11.1842,64
1,7190,train,2.0726,25.0,64
1,7200,train,2.0806,13.1579,64
1,7200,train,2.0745,25.0,64
1,7210,train,2.0799,9.8684,64
1,7210,train,2.0778,25.0,64
1,7220,train,2.0788,11.1842,64
1,7220,train,2.0769,12.5,64
1,7230,train,2.0802,11.8421,64
1,7230,train,2.0768,12.5,64
1,7240,train,2.0794,17.7632,64
1,7240,train,2.0784,25.0,64
1,7250,train,2.0812,11.8421,64
1,7250,train,2.0803,0.0,64
1,7260,train,2.0803,10.5263,64
1,7260,train,2.0772,12.5,64
1,7270,train,2.0776,15.1316,64
1,7270,train,2.0764,25.0,64
1,7280,train,2.0791,12.5,64
1,7280,train,2.0765,25.0,64
1,7290,train,2.0798,10.5263,64
1,7290,train,2.0768,12.5,64
1,7300,train,2.0795,11.1842,64
1,7300,train,2.0815,12.5,64
1,7310,train,2.0794,11.8421,64
1,7310,train,2.0829,0.0,64
1,7320,train,2.0796,8.5526,64
1,7320,train,2.0773,37.5,64
1,7330,train,2.0793,8.5526,64
1,7330,train,2.076,12.5,64
1,7340,train,2.0796,12.5,64
1,7340,train,2.0813,12.5,64
1,7350,train,2.0796,11.8421,64
1,7350,train,2.0765,12.5,64
1,7360,train,2.0801,13.1579,64
1,7360,train,2.0793,12.5,64
1,7370,train,2.0792,9.2105,64
1,7370,train,2.0824,12.5,64
1,7380,train,2.0796,10.5263,64
1,7380,train,2.078,12.5,64
1,7390,train,2.0793,13.1579,64
1,7390,train,2.0769,0.0,64
1,7400,train,2.0805,11.8421,64
1,7400,train,2.0777,25.0,64
1,7410,train,2.0791,11.1842,64
1,7410,train,2.0817,12.5,64
1,7420,train,2.0791,11.8421,64
1,7420,train,2.0792,37.5,64
1,7430,train,2.0798,11.1842,64
1,7430,train,2.0831,12.5,64
1,7440,train,2.0811,6.5789,64
1,7440,train,2.0803,37.5,64
1,7450,train,2.0795,11.8421,64
1,7450,train,2.0778,25.0,64
1,7460,train,2.0806,9.8684,64
1,7460,train,2.077,37.5,64
1,7470,train,2.0803,8.5526,64
1,7470,train,2.0801,37.5,64
1,7480,train,2.0788,13.8158,64
1,7480,train,2.0817,0.0,64
1,7490,train,2.0802,12.5,64
1,7490,train,2.0804,0.0,64
1,7500,train,2.0803,13.1579,64
1,7500,train,2.0821,0.0,64
1,7510,train,2.0799,9.2105,64
1,7510,train,2.0815,0.0,64
1,7520,train,2.0799,14.4737,64
1,7520,train,2.0758,25.0,64
1,7530,train,2.0792,16.4474,64
1,7530,train,2.0753,25.0,64
1,7540,train,2.0788,13.1579,64
1,7540,train,2.0781,12.5,64
1,7550,train,2.0801,11.1842,64
1,7550,train,2.0843,0.0,64
1,7560,train,2.0802,12.5,64
1,7560,train,2.0813,0.0,64
1,7570,train,2.0789,13.1579,64
1,7570,train,2.079,25.0,64
1,7580,train,2.0788,7.2368,64
1,7580,train,2.0797,12.5,64
1,7590,train,2.0798,10.5263,64
1,7590,train,2.0821,12.5,64
1,7600,train,2.0795,12.5,64
1,7600,train,2.0753,37.5,64
1,7610,train,2.0795,12.5,64
1,7610,train,2.0815,0.0,64
1,7620,train,2.0792,9.2105,64
1,7620,train,2.0804,0.0,64
1,7630,train,2.0797,13.1579,64
1,7630,train,2.0763,12.5,64
1,7640,train,2.0805,11.1842,64
1,7640,train,2.0805,12.5,64
1,7650,train,2.0788,17.7632,64
1,7650,train,2.0798,12.5,64
1,7660,train,2.0798,11.8421,64
1,7660,train,2.078,25.0,64
1,7670,train,2.0794,9.8684,64
1,7670,train,2.0763,25.0,64
1,7680,train,2.0798,11.8421,64
1,7680,validation,2.0794,12.44,64
1,7680,train,2.0766,37.5,64
1,7680,validation,2.0795,11.66,64
1,7690,train,2.079,14.4737,64
1,7690,train,2.0831,12.5,64
1,7700,train,2.0802,11.8421,64
1,7700,train,2.0786,12.5,64
1,7710,train,2.0799,10.5263,64
1,7710,train,2.0793,25.0,64
1,7720,train,2.0794,11.1842,64
1,7720,train,2.0798,12.5,64
1,7730,train,2.0794,12.5,64
1,7730,train,2.0754,25.0,64
1,7740,train,2.0787,11.1842,64
1,7740,train,2.078,12.5,64
1,7750,train,2.0799,9.8684,64
1,7750,train,2.0789,25.0,64
1,7760,train,2.0799,9.2105,64
1,7760,train,2.0804,0.0,64
1,7770,train,2.0792,9.8684,64
1,7770,train,2.0798,0.0,64
1,7780,train,2.0797,11.1842,64
1,7780,train,2.0773,37.5,64
1,7790,train,2.0794,15.1316,64
1,7790,train,2.0807,12.5,64
1,7800,train,2.0794,12.5,64
1,7800,train,2.0794,12.5,64
1,7810,train,2.0798,11.8421,64
1,7810,train,2.0806,25.0,64
1,7820,train,2.0796,10.5263,64
1,7820,train,2.0814,0.0,64
1,7830,train,2.079,14.4737,64
1,7830,train,2.0815,0.0,64
1,7840,train,2.0787,13.8158,64
1,7840,train,2.0837,0.0,64
1,7850,train,2.0798,7.2368,64
1,7850,train,2.0829,12.5,64
1,7860,train,2.0801,13.1579,64
1,7860,train,2.0786,12.5,64
1,7870,train,2.079,13.8158,64
1,7870,train,2.0813,12.5,64
1,7880,train,2.0789,13.8158,64
1,7880,train,2.0781,12.5,64
1,7890,train,2.0783,15.1316,64
1,7890,train,2.0798,0.0,64
1,7900,train,2.08,13.1579,64
1,7900,train,2.0802,12.5,64
1,7910,train,2.0795,12.5,64
1,7910,train,2.0755,37.5,64
1,7920,train,2.0796,9.8684,64
1,7920,train,2.0761,25.0,64
1,7930,train,2.0798,11.8421,64
1,7930,train,2.0814,0.0,64
1,7940,train,2.0798,12.5,64
1,7940,train,2.081,12.5,64
1,7950,train,2.08,16.4474,64
1,7950,train,2.0794,0.0,64
1,7960,train,2.0795,11.1842,64
1,7960,train,2.0774,12.5,64
1,7970,train,2.0796,9.2105,64
1,7970,train,2.0853,0.0,64
1,7980,train,2.0794,12.5,64
1,7980,train,2.0773,12.5,64
1,7990,train,2.0795,15.1316,64
1,7990,train,2.0802,0.0,64
1,8000,train,2.0786,13.8158,64
1,8000,train,2.0812,0.0,64
1,8010,train,2.079,19.0789,64
1,8010,train,2.0822,0.0,64
1,8020,train,2.0793,11.1842,64
1,8020,train,2.0796,37.5,64
1,8030,train,2.0795,9.8684,64
1,8030,train,2.0761,50.0,64
1,8040,train,2.0802,13.8158,64
1,8040,train,2.0805,0.0,64
1,8050,train,2.0793,13.8158,64
1,8050,train,2.0807,25.0,64
1,8060,train,2.0796,13.1579,64
1,8060,train,2.0801,25.0,64
1,8070,train,2.0793,11.8421,64
1,8070,train,2.0797,0.0,64
1,8080,train,2.0799,9.8684,64
1,8080,train,2.079,12.5,64
1,8090,train,2.0805,9.8684,64
1,8090,train,2.078,37.5,64
1,8100,train,2.0794,11.1842,64
1,8100,train,2.0783,12.5,64
1,8110,train,2.079,5.9211,64
1,8110,train,2.0804,25.0,64
1,8120,train,2.0804,7.8947,64
1,8120,train,2.0809,12.5,64
1,8130,train,2.0793,15.7895,64
1,8130,train,2.0806,0.0,64
1,8140,train,2.0795,9.8684,64
1,8140,train,2.0804,0.0,64
1,8150,train,2.0791,15.7895,64
1,8150,train,2.0783,25.0,64
1,8160,train,2.0791,15.1316,64
1,8160,train,2.0797,0.0,64
1,8170,train,2.0801,8.5526,64
1,8170,train,2.079,12.5,64
1,8180,train,2.0792,13.1579,64
1,8180,train,2.0804,0.0,64
1,8190,train,2.0801,9.8684,64
1,8190,train,2.076,25.0,64
1,8192,validation,2.0795,12.5,64
